1 0.4426591
2 0.1902837
3 0.06157932
4 0.6066589
5 0.1824858
6 0.05993512
7 0.132387
8 0.03709952
9 0.4171841
10 0.5715792
11 0.04630038
12 0.2057116
13 0.02733105
14 0.4097114
15 0.3834146
16 0.6732141
17 0.2781261
18 0.5795605
19 0.2172637
20 0.4930601
21 0.7280962
22 0.03539016
23 0.3252629
24 0.001868982
25 0.4149464
26 0.3078719
27 0.1726182
28 0.340819
29 0.4764907
30 0.8083272
31 0.003288862
32 0.01353094
33 0.9905272
34 0.313467
35 0.4753901
36 0.7766096
37 0.1519806
38 0.5410516
39 0.03741983
40 0.8629672
41 0.6277232
42 0.4492844
43 0.06024849
44 0.897301
45 0.4306998
46 0.3667151
47 0.4257612
48 0.1236186
49 0.1780728
50 0.7499487
51 0.7974211
52 0.659174
53 0.1677415
54 0.7360466
55 0.4889598
56 0.3101457
57 0.2791141
58 0.6272901
59 0.1109323
60 0.05837378
61 0.7239587
62 0.07756082
63 0.8647798
64 0.3596676
65 0.03361305
66 0.2555164
67 0.9922587
68 0.06027896
69 0.06592448
70 0.3520092
71 0.1499183
72 0.2243071
73 0.338672
74 0.00607506
75 0.01821331
76 0.6298547
77 0.09475337
78 0.2082867
79 0.109438
80 0.7671466
81 0.1732967
82 0.9722637
83 0.3074425
84 0.3993371
85 0.7092232
86 0.0184132
87 0.1286043
88 0.3218537
89 0.7505632
90 0.4455366
91 0.1955691
92 0.02882106
93 0.6081947
94 0.0381664
95 0.1536455
96 0.6469445
97 0.1077129
98 0.5702843
99 0.2537897
100 0.8644305
101 0.1023804
102 0.07978118
103 0.9456844
104 0.5599103
105 0.4894148
106 0.9318662
107 0.04696683
108 0.6813938
109 0.1603664
110 0.2983087
111 0.1642957
112 0.3919649
113 0.08421694
114 0.8880203
115 0.7083674
116 0.08639325
117 0.1195631
118 0.5209339
119 0.09069087
120 0.9086373
121 0.1435262
122 0.009841973
123 0.0915292
124 0.5339994
125 0.2283828
126 0.1615316
127 0.3972301
128 0.1099189
129 0.1909375
130 0.0930853
131 0.481552
132 0.1401549
133 0.8144867
134 0.9058289
135 0.4077681
136 0.1574848
137 0.4867727
138 0.3772746
139 0.05905967
140 0.09790118
141 0.04143237
142 0.2959581
143 0.01200572
144 0.05364825
145 0.0648204
146 0.149052
147 0.06130519
148 0.06526098
149 0.9177291
150 0.1616557
151 0.1050974
152 0.231395
153 0.9499153
154 0.1254128
155 0.01404107
156 0.0003453773
157 0.2543094
158 0.03663191
159 0.002148076
160 0.8274355
161 0.1027368
162 0.09745305
163 0.1540571
164 0.8916746
165 0.8099778
166 0.6335588
167 0.5138529
168 0.01278864
169 0.01844361
170 0.4956011
171 0.6835354
172 0.09594003
173 0.3961801
174 0.8234716
175 0.03406055
176 0.06782711
177 0.1148104
178 0.1185984
179 0.7231021
180 0.9997319
181 0.4485622
182 0.5745741
183 0.01794475
184 0.0450198
185 0.02941062
186 0.7542617
187 0.4001843
188 0.05038172
189 0.6233623
190 0.559189
191 0.01415892
192 0.002053068
193 0.7819315
194 0.7764834
195 0.4705366
196 0.90631
197 0.4097318
198 0.01155088
199 0.3426578
200 0.3395417
201 0.4340306
202 0.001290845
203 0.04109059
204 0.6728274
205 0.01909812
206 0.9450162
207 0.2664348
208 0.7146614
209 0.6271811
210 0.3452682
211 0.403285
212 0.8528749
213 0.04378166
214 0.07744645
215 0.1100311
216 0.7557325
217 0.6215985
218 0.04177665
219 0.8074907
220 0.08545997
221 0.6775489
222 0.07495276
223 0.2167016
224 0.1904244
225 0.3677768
226 0.9443274
227 0.9049401
228 0.04313863
229 0.09664253
230 0.3807676
231 0.6365099
232 0.9661744
233 0.09641365
234 0.332474
235 0.6061954
236 0.1722655
237 0.452893
238 0.03616694
239 0.1402575
240 0.09218989
241 0.3075543
242 0.1745666
243 0.3255149
244 0.07217184
245 0.6389769
246 0.08776824
247 0.1071363
248 0.148647
249 0.00296043
250 0.6252188
251 0.2002047
252 0.04663684
253 0.1581489
254 0.1862087
255 0.2544057
256 0.03995322
257 0.1378641
258 0.1690168
259 0.05849328
260 0.4890128
261 0.347255
262 0.1852708
263 0.8048669
264 0.1577103
265 0.894563
266 0.8294078
267 0.6449534
268 0.3537676
269 0.01754402
270 0.4414908
271 0.09708317
272 0.1766359
273 0.5974318
274 0.8034435
275 0.8645074
276 0.8347888
277 0.6996551
278 0.3500474
279 0.0005502286
280 0.2557682
281 0.3692578
282 0.5732277
283 0.0353635
284 0.09530758
285 0.1230773
286 0.768609
287 0.05486528
288 0.1074482
289 0.4293474
290 0.19826
291 0.154934
292 0.3928854
293 0.1318206
294 0.9206271
295 0.9202773
296 0.01523438
297 0.4408385
298 0.01383645
299 0.1284949
300 0.7836318
301 0.5658621
302 0.04354254
303 0.006769285
304 0.05251654
305 0.7862399
306 0.3005022
307 0.4627501
308 0.8407957
309 0.4173218
310 0.3351623
311 0.05794373
312 0.3801259
313 0.07579924
314 0.1812933
315 0.8234505
316 0.5704661
317 0.1425514
318 0.8763917
319 0.1654592
320 0.1789924
321 0.0901131
322 0.2804073
323 0.1431973
324 0.223746
325 0.04716941
326 0.7615922
327 0.8853431
328 0.9051077
329 0.06012279
330 0.02087507
331 0.21342
332 0.761975
333 0.6970045
334 0.993886
335 0.7735343
336 0.4362902
337 0.1664509
338 0.4281087
339 0.01233841
340 0.4763352
341 0.3390892
342 0.3996259
343 0.485502
344 0.1202935
345 0.9402475
346 0.2535486
347 0.3810206
348 0.7646589
349 0.05074788
350 0.5622429
351 0.2609178
352 0.01125973
353 0.0005331157
354 0.4424406
355 0.2592868
356 0.09909845
357 0.08103831
358 0.06598446
359 0.1809549
360 0.7149218
361 0.6787802
362 0.02512106
363 0.3101343
364 0.6983385
365 0.3237607
366 0.3435627
367 0.06996955
368 0.8603624
369 0.602613
370 0.2153796
371 0.6117941
372 0.03828499
373 0.4126199
374 0.6704035
375 0.1496737
376 0.08164122
377 0.2283275
378 0.03179445
379 0.3623302
380 0.7846627
381 0.5716005
382 0.08111572
383 0.2012316
384 0.07595428
385 0.7812758
386 0.3110319
387 0.02431929
388 0.3421287
389 0.2312808
390 0.01914974
391 0.1312073
392 0.7823954
393 0.04709885
394 0.0009790014
395 0.1342297
396 0.8444291
397 0.05441021
398 0.09991311
399 0.1353498
400 0.6056221
401 0.2211238
402 0.5998552
403 0.01792342
404 0.01233318
405 0.1504585
406 0.1736887
407 0.6570079
408 0.01496862
409 0.2743781
410 0.4356107
411 0.7710547
412 0.2512825
413 0.1309385
414 0.8787294
415 0.1028744
416 0.03176527
417 0.02734567
418 0.2687207
419 0.3004687
420 0.4771395
421 0.7820964
422 0.04286493
423 0.1745404
424 0.2085671
425 0.4723766
426 0.5141089
427 0.1084229
428 0.4874905
429 0.01083446
430 0.7004701
431 0.005188937
432 0.5602606
433 0.05474703
434 0.562581
435 0.3994768
436 0.6943953
437 0.05461638
438 0.01271156
439 0.08768274
440 0.1888112
441 0.7279306
442 0.2226112
443 0.1811586
444 0.00909721
445 0.3969106
446 0.0007197315
447 0.5370103
448 0.4506703
449 0.8997932
450 0.9627429
451 0.02212286
452 0.604244
453 0.5415973
454 0.7081745
455 0.6363425
456 0.4441671
457 0.7453282
458 0.03303704
459 0.01690176
460 0.1990876
461 0.6157128
462 0.110226
463 0.052518
464 0.1017471
465 0.2644858
466 0.2350388
467 0.0004102962
468 0.01537563
469 0.6683399
470 0.002818156
471 0.2853565
472 0.7131665
473 0.1209538
474 0.4266175
475 0.8035886
476 0.762592
477 0.2580817
478 0.2868185
479 0.04032551
480 0.5822299
481 0.0611014
482 0.004606185
483 0.0975908
484 0.1367106
485 0.06947032
486 0.01795108
487 0.1011042
488 0.5895479
489 0.2803337
490 0.7414855
491 0.181255
492 0.05647837
493 0.255446
494 0.8347029
495 0.03982304
496 0.4649116
497 0.2229701
498 0.03834552
499 0.09352254
500 0.2904479
501 0.4518067
502 0.6645921
503 0.5793256
504 0.1986005
505 0.08152389
506 0.6829483
507 0.4269865
508 0.07029282
509 0.01835879
510 0.2207122
511 0.003064451
512 0.3944783
513 0.2871787
514 0.01334491
515 0.5378264
516 0.6123214
517 0.55101
518 0.7670166
519 0.003859873
520 0.004792714
521 0.01776172
522 0.008226927
523 0.7939528
524 0.004401284
525 0.005320631
526 0.14209
527 0.002233082
528 0.1393921
529 0.1598996
530 0.3215336
531 0.2302888
532 0.2987973
533 0.512266
534 0.03898385
535 0.8316427
536 0.04094382
537 0.617901
538 0.01147368
539 0.0125006
540 0.4091085
541 0.02394298
542 0.0177578
543 0.6103692
544 0.07040833
545 0.855224
546 0.009410353
547 0.6933426
548 0.7281322
549 0.9127149
550 0.06516752
551 0.2083979
552 0.005926741
553 0.008149794
554 0.04169178
555 0.05149567
556 0.02807426
557 0.1241418
558 0.3101278
559 0.2231062
560 0.643898
561 0.2280446
562 0.6988148
563 0.001221296
564 0.09868012
565 0.004277208
566 0.7520692
567 0.136001
568 0.07119386
569 0.002727059
570 0.08677294
571 0.7065478
572 0.001091308
573 0.1755981
574 0.03399298
575 0.1188589
576 0.588607
577 0.5122243
578 0.09959609
579 0.5463685
580 0.5739943
581 0.01826142
582 0.6159178
583 0.8337869
584 0.1274359
585 0.1412395
586 0.9785705
587 0.8172429
588 0.4915491
589 0.9312768
590 0.2280223
591 0.03756428
592 0.7245115
593 0.01404757
594 0.6617635
595 0.07319907
596 0.2544134
597 0.979562
598 0.1398493
599 0.7663228
600 0.6209945
601 0.02448513
602 0.2427187
603 0.09392229
604 0.7428512
605 0.1936794
606 0.001320903
607 0.2965439
608 0.5835144
609 0.3481782
610 0.8753414
611 0.8578114
612 0.03991495
613 0.0483517
614 0.6086524
615 0.088114
616 0.5431123
617 0.002768727
618 0.006565303
619 0.8691846
620 0.4994966
621 0.5092481
622 0.6439995
623 0.2198445
624 0.2468095
625 0.4776245
626 0.02070407
627 0.05113505
628 0.2950807
629 0.05400973
630 0.04071303
631 0.9281295
632 0.3615529
633 0.7038437
634 0.6443451
635 0.2730569
636 0.128439
637 0.9571929
638 0.772616
639 0.3652006
640 0.2657553
641 0.4005408
642 0.9732474
643 0.2390145
644 0.3946324
645 0.09822691
646 0.8598469
647 0.001764688
648 0.1276986
649 0.1669555
650 0.259041
651 0.2746063
652 0.3930898
653 0.6581541
654 0.07208228
655 0.004718425
656 0.05581218
657 0.6647891
658 0.6488578
659 0.540996
660 0.0338156
661 0.61297
662 0.2354838
663 0.8305141
664 0.7880723
665 0.7802147
666 0.3770814
667 0.1868918
668 0.986466
669 0.5399762
670 0.3478765
671 0.04686868
672 0.08414956
673 0.7322527
674 0.05852939
675 0.07674687
676 0.01768718
677 0.996932
678 0.4435695
679 0.2573801
680 0.2366864
681 0.3190214
682 0.4213838
683 0.6378762
684 0.530899
685 0.009527287
686 0.09134633
687 0.04789689
688 0.9210035
689 0.5118578
690 0.6734217
691 0.3761812
692 0.001017499
693 0.9086378
694 0.6228297
695 0.1363297
696 0.01353397
697 0.3936216
698 0.7163232
699 0.03099826
700 0.1781537
701 0.03737153
702 0.3827086
703 0.2607154
704 0.5798818
705 0.1997555
706 0.3409361
707 0.8321701
708 0.04496284
709 0.03590639
710 0.2268242
711 0.01311483
712 0.03319352
713 0.3246787
714 0.008735107
715 0.1695092
716 0.4485887
717 0.3017268
718 0.3526903
719 0.4910124
720 0.8539604
721 0.458222
722 0.2875027
723 0.4882144
724 0.9131504
725 0.0576208
726 0.9455976
727 0.04010146
728 0.5908802
729 0.6506554
730 0.5897376
731 0.4286546
732 0.9825304
733 0.5032845
734 0.9936609
735 0.6653738
736 0.4434973
737 0.1113912
738 0.009420122
739 0.1559106
740 0.15546
741 0.08840173
742 0.004312385
743 0.6055134
744 0.7637007
745 0.9571151
746 0.759607
747 0.4539109
748 0.479525
749 0.05826774
750 0.9729348
751 0.04646667
752 0.1786453
753 0.8740047
754 0.7438399
755 0.9850666
756 0.7968594
757 0.0377622
758 0.01042248
759 0.5284092
760 0.8177737
761 0.5528397
762 0.2165537
763 0.4174865
764 0.3744428
765 0.001833315
766 0.07531235
767 0.2109659
768 0.3862911
769 0.3550502
770 0.454687
771 0.2047006
772 0.04931591
773 0.7848245
774 0.02710426
775 0.301487
776 0.2792726
777 0.8999758
778 0.3967301
779 0.9300149
780 0.6477159
781 0.1168331
782 0.7040841
783 0.07322
784 0.03263233
785 0.2737752
786 0.2245047
787 0.7316582
788 0.1462354
789 0.2164485
790 0.07627892
791 0.9162915
792 0.6677565
793 0.1023621
794 0.02172337
795 0.4111642
796 0.004398197
797 0.4513804
798 0.1976599
799 0.3739578
800 0.4436048
801 0.8884138
802 0.1722099
803 0.3574251
804 0.2150806
805 0.548697
806 0.2152598
807 0.1168357
808 0.447443
809 0.4723373
810 0.8215316
811 0.1886512
812 0.4613652
813 0.617731
814 0.1312556
815 0.0525353
816 0.909638
817 0.0324145
818 0.01250094
819 0.8302427
820 0.3922188
821 0.75142
822 0.07891181
823 0.9944208
824 0.7519352
825 0.006666664
826 0.266118
827 0.7786641
828 0.04976493
829 0.5973423
830 0.01504898
831 0.03722346
832 0.2041759
833 0.5395319
834 0.9306831
835 0.8295903
836 0.95233
837 0.427223
838 0.1685384
839 0.08617998
840 0.0188158
841 0.001470778
842 0.3887382
843 0.9997696
844 0.3249269
845 0.9063882
846 0.03581846
847 0.1664094
848 0.01283579
849 0.3794846
850 0.3283319
851 0.1733756
852 0.8050937
853 0.00172659
854 0.7783546
855 0.223737
856 0.1140821
857 0.04334284
858 0.8281754
859 0.09959116
860 0.04667555
861 0.9272435
862 0.5093334
863 0.9153265
864 0.03940607
865 0.1119008
866 0.916646
867 0.0860816
868 0.4050246
869 0.5290716
870 0.3770107
871 0.5489897
872 0.7125032
873 0.7222321
874 0.5630108
875 0.0006954404
876 0.5083856
877 0.114168
878 0.136553
879 0.6847885
880 0.03264451
881 0.05179712
882 0.7289006
883 0.6332948
884 0.03148229
885 0.2717503
886 0.8582877
887 0.02589953
888 0.544601
889 0.2128378
890 0.1497619
891 0.3403219
892 0.9019444
893 0.773045
894 0.5781381
895 0.2236966
896 0.3650868
897 0.6096151
898 0.6417887
899 0.3536251
900 0.1414916
901 0.4452959
902 0.03659058
903 0.5992391
904 0.7412051
905 0.2129977
906 0.003829033
907 0.6454833
908 0.1377974
909 0.3443517
910 0.8145607
911 0.2578476
912 0.5611156
913 0.2631676
914 0.01216832
915 0.7279192
916 0.1501188
917 0.1356641
918 0.4942602
919 0.06999779
920 0.8987576
921 0.2038769
922 0.5812289
923 0.8512762
924 0.4791334
925 0.7008071
926 0.1467718
927 0.6468898
928 0.8169061
929 0.5851069
930 0.214745
931 0.9757021
932 0.380666
933 0.8720209
934 0.7692955
935 0.01318017
936 0.2171802
937 0.2561993
938 0.8506434
939 0.7968691
940 0.2238808
941 0.01272375
942 0.01168065
943 0.2378946
944 0.4166362
945 0.2538652
946 0.3727206
947 0.2945865
948 0.369397
949 0.682693
950 0.6966391
951 0.6905306
952 0.1060066
953 0.9455535
954 0.2375635
955 0.8218765
956 0.5173971
957 0.5770127
958 0.02610438
959 0.1968685
960 0.23454
961 0.04903823
962 0.05002152
963 0.08954084
964 0.3444585
965 0.02649814
966 0.3793855
967 0.3102139
968 0.04789407
969 0.4265039
970 0.03149362
971 0.004361571
972 0.02482623
973 0.8554936
974 0.288393
975 0.5916658
976 0.8759457
977 0.8763398
978 0.8037663
979 0.9283537
980 0.2257994
981 0.4923206
982 0.1272321
983 0.03495415
984 0.07163957
985 0.09654092
986 0.3510666
987 0.330228
988 0.1144608
989 0.7170724
990 0.1918133
991 0.1742219
992 0.2017527
993 0.1382327
994 0.03309086
995 0.09301717
996 0.06247096
997 0.07172707
998 0.921524
999 0.4500452
1000 0.5913232
1001 0.001917051
1002 0.1801133
1003 0.535833
1004 0.4676028
1005 0.8159001
1006 0.1095183
1007 0.600038
1008 0.2384766
1009 0.2138372
1010 0.8032094
1011 0.4244679
1012 0.2322459
1013 0.2856708
1014 0.3211176
1015 0.7110339
1016 0.4655441
1017 0.6919303
1018 0.5818302
1019 0.2087674
1020 0.7077758
1021 0.1878092
1022 0.776568
1023 0.5570285
1024 0.6769284
1025 0.1368002
1026 0.2956231
1027 0.7889098
1028 0.9100776
1029 0.1956842
1030 0.2356703
1031 0.3983132
1032 0.004668329
1033 0.02597753
1034 0.3544419
1035 0.2446209
1036 0.1809155
1037 0.2018405
1038 0.004170851
1039 0.2829484
1040 0.4206555
1041 0.6011746
1042 0.8792347
1043 0.9069306
1044 0.01606733
1045 0.1003672
1046 0.05258774
1047 0.1974691
1048 0.2636898
1049 0.03644776
1050 0.162206
1051 0.1089001
1052 0.8949119
1053 0.0240764
1054 0.3614126
1055 0.05012686
1056 0.9373453
1057 0.0622233
1058 0.01905142
1059 0.1862766
1060 0.5515711
1061 0.7420645
1062 0.9808827
1063 0.5352286
1064 0.4418462
1065 0.4361561
1066 0.1002433
1067 0.003946744
1068 0.063218
1069 0.1475788
1070 0.4488868
1071 0.9031832
1072 0.0279076
1073 0.03985733
1074 0.3667537
1075 0.391825
1076 0.9445735
1077 0.9738569
1078 0.4065363
1079 0.1886468
1080 0.8881258
1081 0.006702407
1082 0.2664327
1083 0.0727623
1084 0.5096881
1085 0.06266121
1086 0.2037923
1087 0.9564387
1088 0.4085584
1089 0.6843157
1090 0.7763334
1091 6.37706e-05
1092 0.001205924
1093 0.3314382
1094 0.5967944
1095 0.7773885
1096 0.6918291
1097 0.05297338
1098 0.4825282
1099 0.06170183
1100 0.06740294
1101 0.6860433
1102 0.001091349
1103 0.9270961
1104 0.5347454
1105 0.5991289
1106 0.5545093
1107 0.2131033
1108 0.1781811
1109 0.002582186
1110 0.2568283
1111 0.8464924
1112 0.4195062
1113 0.004236183
1114 0.06021377
1115 0.03919706
1116 0.01055422
1117 0.0009423223
1118 0.2603002
1119 0.07249828
1120 0.6567234
1121 0.4252984
1122 0.3077985
1123 0.6671556
1124 0.168663
1125 0.7959124
1126 0.8429694
1127 0.006169853
1128 0.002543452
1129 0.06483205
1130 0.0008313645
1131 0.9531525
1132 0.04741356
1133 0.4690952
1134 0.1319959
1135 0.7671796
1136 0.9084965
1137 0.4199873
1138 0.6572495
1139 0.004149335
1140 0.4969009
1141 0.7292146
1142 0.1376897
1143 0.07158714
1144 0.007214158
1145 0.09226143
1146 0.2151273
1147 0.4059612
1148 0.6065255
1149 0.6915546
1150 0.3391065
1151 0.005521555
1152 0.1759858
1153 0.7233261
1154 0.2399907
1155 0.02920901
1156 0.2971659
1157 0.490068
1158 0.003171906
1159 0.1494297
1160 0.138655
1161 0.1533607
1162 0.8911077
1163 0.6250698
1164 0.9766678
1165 0.001833862
1166 0.3590081
1167 0.01103094
1168 0.4437243
1169 0.05388381
1170 0.1589269
1171 0.7260985
1172 0.1209768
1173 0.4540098
1174 0.3076585
1175 0.1154813
1176 0.09729619
1177 0.1895461
1178 0.2961584
1179 0.193901
1180 0.6293928
1181 0.9358674
1182 0.04077906
1183 0.02115614
1184 0.04074102
1185 0.7091945
1186 0.8999603
1187 0.201016
1188 0.6609105
1189 0.521037
1190 0.4665958
1191 0.04449762
1192 0.8659636
1193 0.4551139
1194 0.3810593
1195 0.1486738
1196 0.2268079
1197 0.9251092
1198 0.4812368
1199 0.5486136
1200 0.01980751
1201 0.6012182
1202 0.06333025
1203 0.5552372
1204 0.8643902
1205 0.05294066
1206 0.1437434
1207 0.0003508194
1208 0.5323678
1209 0.200048
1210 0.8214139
1211 0.7121087
1212 0.06248453
1213 0.04995014
1214 0.1219838
1215 0.1473785
1216 0.4827385
1217 1.006556e-05
1218 0.008777713
1219 0.3385726
1220 0.4295999
1221 0.6481447
1222 0.5566892
1223 0.1284369
1224 0.001491657
1225 0.3743655
1226 0.05452005
1227 0.9654599
1228 0.20723
1229 0.5959192
1230 0.05326106
1231 0.1707215
1232 0.6159075
1233 0.2378863
1234 0.9528441
1235 0.6518123
1236 0.7693522
1237 0.9854349
1238 0.9189424
1239 0.6350189
1240 0.4708042
1241 0.2205466
1242 0.6399533
1243 0.9251847
1244 0.1870271
1245 0.1645573
1246 0.9865464
1247 0.03634993
1248 0.01389578
1249 0.7129377
1250 0.215741
1251 0.1297723
1252 0.6667341
1253 0.9718218
1254 0.02348069
1255 0.1752657
1256 0.6818354
1257 0.6371502
1258 0.7213301
1259 0.1554172
1260 0.1132745
1261 0.3612105
1262 0.01666144
1263 0.6219937
1264 0.7402097
1265 0.714391
1266 0.2757493
1267 0.9305273
1268 0.6946304
1269 0.05347923
1270 0.3397336
1271 0.1147414
1272 0.3257342
1273 0.2326884
1274 0.05289447
1275 0.0006179792
1276 0.01165848
1277 0.08363904
1278 0.238239
1279 0.387609
1280 0.002079177
1281 0.08753882
1282 0.8481603
1283 0.05015322
1284 0.4594176
1285 0.05082517
1286 0.1666386
1287 0.1196606
1288 0.5680019
1289 0.3927129
1290 0.04874099
1291 0.473863
1292 0.7799343
1293 0.35372
1294 0.6935196
1295 0.1085304
1296 0.5003823
1297 0.08811342
1298 0.009723041
1299 0.06175819
1300 0.285305
1301 0.9890158
1302 0.1388633
1303 0.06549909
1304 0.1480615
1305 0.8975774
1306 0.04585683
1307 0.9034777
1308 0.007596097
1309 0.455117
1310 0.03974376
1311 0.7425922
1312 0.119446
1313 0.75611
1314 0.8066216
1315 0.9287466
1316 0.1883816
1317 0.8515889
1318 0.585785
1319 0.6153106
1320 0.9555262
1321 0.2815301
1322 0.1971384
1323 0.4778829
1324 0.5954307
1325 0.01949188
1326 0.712781
1327 0.4649451
1328 0.7234816
1329 0.5413989
1330 0.9813413
1331 0.5751026
1332 0.1020948
1333 0.8838602
1334 0.2754722
1335 0.5968216
1336 0.5840992
1337 0.7362442
1338 0.73644
1339 0.116023
1340 0.25932
1341 0.0644593
1342 0.0473542
1343 0.1584294
1344 0.5836167
1345 0.01834129
1346 0.05072065
1347 0.3905438
1348 0.009745305
1349 0.50258
1350 0.01240629
1351 0.9797245
1352 0.04806924
1353 0.203949
1354 0.2636723
1355 0.4371633
1356 0.007704355
1357 0.1121212
1358 0.8997219
1359 0.17795
1360 0.101196
1361 0.5678965
1362 0.01221856
1363 0.8085985
1364 0.06661314
1365 0.009358015
1366 0.6176338
1367 0.6841596
1368 0.8467458
1369 0.3489301
1370 0.4562109
1371 0.4292907
1372 0.4226676
1373 0.47126
1374 0.4303984
1375 0.1029568
1376 0.8968656
1377 0.2174633
1378 0.6370831
1379 0.1158297
1380 0.9279097
1381 0.3189335
1382 0.5786713
1383 0.8563668
1384 0.1087555
1385 0.03092258
1386 0.008032195
1387 0.9301931
1388 0.1845467
1389 0.0379959
1390 0.3352343
1391 0.1219549
1392 0.09382439
1393 0.6116766
1394 0.0379143
1395 0.3831116
1396 0.7364583
1397 0.9371396
1398 0.05539032
1399 0.3976277
1400 0.7498027
1401 0.3455304
1402 0.3324308
1403 0.626273
1404 0.2156851
1405 0.2522782
1406 0.04550406
1407 0.0008073784
1408 0.01176922
1409 0.1402202
1410 0.2272079
1411 0.1657758
1412 0.3388066
1413 0.07884896
1414 0.9800169
1415 0.1896165
1416 0.2337478
1417 0.1142929
1418 0.367298
1419 0.6286482
1420 0.7374704
1421 0.06687906
1422 0.2449644
1423 0.898493
1424 0.5873201
1425 0.6923304
1426 0.5589028
1427 0.5338644
1428 0.003750719
1429 0.3032949
1430 0.08276061
1431 0.004049837
1432 0.01507815
1433 0.2073076
1434 0.2274989
1435 0.7255259
1436 0.03745053
1437 0.001985033
1438 0.0078134
1439 0.8657241
1440 0.1821341
1441 0.6545625
1442 0.8994851
1443 0.7158359
1444 0.6695137
1445 0.852645
1446 0.103615
1447 0.4641265
1448 0.9557049
1449 0.03183037
1450 0.06895919
1451 0.0579386
1452 0.06538982
1453 0.2558644
1454 0.0543759
1455 0.1387432
1456 0.9999095
1457 0.1045003
1458 0.01292017
1459 0.5633757
1460 0.0106423
1461 0.1550445
1462 0.4221411
1463 0.7655444
1464 0.02214462
1465 0.08905755
1466 0.950655
1467 0.3136573
1468 0.08868131
1469 0.3580886
1470 0.01437372
1471 0.2589943
1472 0.06674836
1473 0.1611109
1474 0.0008093715
1475 0.4477471
1476 0.9549152
1477 0.7218149
1478 0.159902
1479 0.05041382
1480 0.5800126
1481 0.08274482
1482 0.03849411
1483 0.1365833
1484 0.01001724
1485 0.4719005
1486 0.4125484
1487 0.8528772
1488 0.2206681
1489 0.02436735
1490 0.7938445
1491 0.2257694
1492 0.6405228
1493 0.2218466
1494 0.9092078
1495 0.9678721
1496 0.1517521
1497 0.3118195
1498 0.0501898
1499 0.06692318
1500 0.01099314
1501 0.2073517
1502 0.194807
1503 0.01130306
1504 0.5997677
1505 0.5852527
1506 0.09136879
1507 0.7524336
1508 0.01840953
1509 0.5047921
1510 0.01933055
1511 0.0004619867
1512 0.2570565
1513 0.9158043
1514 0.2881618
1515 0.2102339
1516 0.3295389
1517 0.02441823
1518 0.9015514
1519 0.09972983
1520 0.0002332298
1521 0.02774112
1522 0.3262937
1523 0.003297168
1524 0.83787
1525 0.9398887
1526 0.04211933
1527 0.04785669
1528 0.1362022
1529 0.006112259
1530 0.1120681
1531 0.9949742
1532 0.1802906
1533 0.1007928
1534 0.3343662
1535 0.2048841
1536 0.0118498
1537 0.5313944
1538 0.1897996
1539 0.6764526
1540 0.01381297
1541 0.3616693
1542 0.6638031
1543 0.2813927
1544 0.5452779
1545 0.4005394
1546 0.2337042
1547 0.0231392
1548 0.4748853
1549 0.5676754
1550 0.07554913
1551 0.5426164
1552 0.1144616
1553 0.08150604
1554 0.5158108
1555 0.5654241
1556 0.8341308
1557 0.0207273
1558 0.60831
1559 0.8875846
1560 0.5589304
1561 0.2006527
1562 0.3411435
1563 0.2309081
1564 0.2902278
1565 0.2259768
1566 0.03973602
1567 0.5932692
1568 0.09871269
1569 0.3515921
1570 0.1099243
1571 0.250695
1572 0.0002607345
1573 0.34585
1574 0.9002858
1575 0.04744432
1576 0.8441975
1577 0.01393964
1578 0.3447852
1579 0.6990242
1580 0.1033086
1581 0.6965012
1582 0.3052844
1583 0.5318105
1584 0.001913184
1585 0.9689889
1586 0.07720686
1587 0.04051946
1588 0.03187991
1589 0.02350904
1590 0.02617472
1591 0.9593033
1592 0.8524129
1593 0.5685817
1594 0.3762377
1595 0.02253385
1596 0.7353627
1597 0.0270153
1598 0.9336465
1599 0.2782575
1600 0.9375214
1601 0.3189161
1602 0.4548148
1603 0.8062636
1604 0.9814428
1605 0.6102616
1606 0.1307872
1607 0.008619295
1608 0.05128825
1609 0.5479484
1610 0.1017159
1611 0.8956243
1612 0.3014466
1613 0.152735
1614 0.1700043
1615 0.8412065
1616 0.02436198
1617 0.394999
1618 0.7025948
1619 0.3160245
1620 0.6961076
1621 0.6844938
1622 0.124262
1623 0.1770185
1624 0.4690402
1625 0.07723614
1626 0.3618003
1627 0.1589934
1628 0.8573781
1629 0.2844895
1630 0.1799733
1631 0.2684846
1632 0.6985971
1633 0.9693027
1634 0.8673353
1635 0.5778902
1636 0.1424087
1637 0.7987206
1638 0.1199735
1639 0.04359337
1640 0.2428084
1641 0.6809812
1642 0.5682983
1643 0.180267
1644 0.1872794
1645 0.09100338
1646 0.6405347
1647 0.2006811
1648 0.2256327
1649 0.9773489
1650 0.02238941
1651 0.07617083
1652 0.06738417
1653 0.3370067
1654 0.07174647
1655 0.8579666
1656 0.01075606
1657 0.1596686
1658 0.09650193
1659 0.01042228
1660 0.005721809
1661 0.001920464
1662 0.08183499
1663 0.9706525
1664 0.8195616
1665 0.1670655
1666 0.2248734
1667 0.2480597
1668 0.5584689
1669 0.02071024
1670 0.8581211
1671 0.7146088
1672 0.4504954
1673 0.4850164
1674 0.005798179
1675 0.3089359
1676 0.08839885
1677 0.5684612
1678 0.05061968
1679 0.8740707
1680 0.211771
1681 0.002344828
1682 0.01131574
1683 0.3324508
1684 0.12814
1685 0.4876702
1686 0.01016634
1687 0.01633132
1688 0.2463626
1689 0.3275726
1690 0.05521044
1691 0.1144723
1692 0.0621012
1693 0.1780976
1694 0.1056131
1695 0.4699785
1696 0.2115256
1697 0.03164484
1698 0.4224189
1699 0.7635531
1700 0.7718637
1701 0.01259311
1702 0.4344048
1703 0.1167806
1704 0.354797
1705 0.9887593
1706 0.09743178
1707 0.004526697
1708 0.01095255
1709 0.5901721
1710 0.09518626
1711 0.8744734
1712 0.500639
1713 0.06610693
1714 0.002970647
1715 0.1725545
1716 0.7542548
1717 0.003051528
1718 0.08546688
1719 0.2803969
1720 0.7788911
1721 0.9054454
1722 0.03033878
1723 0.8643747
1724 0.9660251
1725 0.08932366
1726 0.4810354
1727 0.01617323
1728 0.04649431
1729 0.8289547
1730 0.05635856
1731 0.9764526
1732 0.2074703
1733 0.04231661
1734 0.4943388
1735 0.0317184
1736 0.2426868
1737 0.004872992
1738 0.10021
1739 0.6506708
1740 0.3433091
1741 0.7177072
1742 0.3910266
1743 0.2677059
1744 0.2888441
1745 0.07134745
1746 0.7852868
1747 0.1298096
1748 0.5649076
1749 0.724597
1750 0.2009944
1751 0.4732799
1752 0.8164096
1753 0.05208327
1754 0.01580624
1755 0.3618541
1756 0.5416885
1757 0.01673006
1758 0.6987964
1759 0.5405387
1760 0.7173581
1761 0.03164871
1762 0.7871453
1763 0.08993301
1764 0.9756792
1765 0.02288327
1766 0.9160634
1767 0.1239305
1768 0.9216045
1769 0.5551654
1770 0.8020336
1771 0.0133066
1772 0.05604079
1773 0.6104583
1774 0.8591809
1775 0.1484882
1776 0.08957909
1777 0.007771593
1778 0.8790917
1779 0.01226554
1780 0.4068786
1781 0.6925441
1782 0.7760287
1783 0.1700768
1784 0.07742552
1785 0.7956738
1786 0.03453374
1787 0.1231886
1788 0.07413382
1789 0.2296435
1790 0.09704816
1791 0.2304812
1792 0.03938878
1793 0.001521259
1794 0.1269037
1795 0.02579947
1796 0.2405498
1797 0.5501221
1798 0.865973
1799 0.9918953
1800 0.001523342
1801 0.2808996
1802 0.2524533
1803 0.03320739
1804 0.04045426
1805 0.3041757
1806 0.07830748
1807 0.01118079
1808 0.600209
1809 0.9830992
1810 0.3596994
1811 0.06892775
1812 0.2784802
1813 0.2180548
1814 0.09885264
1815 0.03756381
1816 0.6386779
1817 0.05571812
1818 0.5721429
1819 0.6006217
1820 0.9981478
1821 0.5809037
1822 0.02564553
1823 0.03528511
1824 0.06458254
1825 0.9245154
1826 0.6667134
1827 0.9321017
1828 0.09785785
1829 0.0709014
1830 0.1159319
1831 0.0008653856
1832 0.05643924
1833 0.5090882
1834 0.8839359
1835 0.003350787
1836 0.5902436
1837 0.08224739
1838 0.2413257
1839 0.4942301
1840 0.03616292
1841 0.3869194
1842 0.1280671
1843 0.7009808
1844 0.1401183
1845 0.1328818
1846 0.09133591
1847 0.2780043
1848 0.9056215
1849 0.9686182
1850 0.2412524
1851 0.3100057
1852 0.6835366
1853 0.9936381
1854 0.8872966
1855 0.560569
1856 0.4471009
1857 0.2629321
1858 0.06226515
1859 0.8661009
1860 0.455837
1861 0.7887444
1862 0.08657422
1863 0.2297249
1864 0.05579089
1865 0.3401549
1866 0.003777136
1867 0.1417698
1868 0.9821206
1869 0.3705591
1870 0.7860643
1871 0.8174266
1872 0.3114446
1873 0.9722164
1874 0.01502848
1875 0.4798443
1876 0.3917769
1877 0.2250872
1878 0.007395489
1879 0.01545298
1880 0.2183805
1881 0.1134406
1882 0.2182427
1883 0.9040467
1884 0.6958721
1885 0.1746091
1886 0.8936416
1887 0.5799452
1888 0.3871639
1889 0.09884715
1890 0.307881
1891 0.3121044
1892 0.03777036
1893 0.4827642
1894 0.4487506
1895 0.191571
1896 0.1147915
1897 0.9365386
1898 0.1108623
1899 0.7617558
1900 0.05948417
1901 0.005379363
1902 0.01425955
1903 0.4717229
1904 0.1636952
1905 0.6457432
1906 0.7342719
1907 0.2943862
1908 0.2732044
1909 0.002298966
1910 0.9771488
1911 0.7384297
1912 0.5558771
1913 0.02826595
1914 0.08739776
1915 0.7371015
1916 0.5516739
1917 0.05712229
1918 0.09679672
1919 0.3548589
1920 0.7321049
1921 0.7307409
1922 0.4162041
1923 0.06220477
1924 0.8811479
1925 0.4342466
1926 0.05132944
1927 0.1726416
1928 0.07825233
1929 0.4098472
1930 0.8056657
1931 0.1127695
1932 0.02449102
1933 0.8463818
1934 0.1502085
1935 0.3367349
1936 0.5494756
1937 0.02167918
1938 0.3789325
1939 0.1692998
1940 0.001158824
1941 0.6194896
1942 0.1848686
1943 0.2112958
1944 0.4750231
1945 0.3537751
1946 0.2233823
1947 0.0409962
1948 0.3685024
1949 0.8014889
1950 0.2051423
1951 0.0003852448
1952 0.1637679
1953 0.4858719
1954 0.7805886
1955 0.02619956
1956 0.8824436
1957 0.1867321
1958 0.9465446
1959 0.2878167
1960 0.1596008
1961 0.9118628
1962 0.1737788
1963 0.17211
1964 0.2296549
1965 0.02697319
1966 0.02226959
1967 0.00355176
1968 0.07305398
1969 0.05214639
1970 0.1241442
1971 0.3630023
1972 0.07620151
1973 0.9828125
1974 0.9138357
1975 0.07173737
1976 0.02239501
1977 0.3378758
1978 0.04531745
1979 0.04068427
1980 0.1210318
1981 0.1871927
1982 0.00284558
1983 0.2630103
1984 0.857456
1985 0.72403
1986 0.06310777
1987 0.2542158
1988 0.1100401
1989 0.09811055
1990 0.7793415
1991 0.7356245
1992 0.3832248
1993 0.2617277
1994 0.8167034
1995 0.5560222
1996 0.004708067
1997 0.2846891
1998 0.7181018
1999 0.8471298
2000 0.1215289
2001 0.09847423
2002 0.3511743
2003 0.9426105
2004 0.7710135
2005 0.3903051
2006 0.5319203
2007 0.2112671
2008 0.2420434
2009 0.3723128
2010 0.1577354
2011 0.2335348
2012 0.003496064
2013 0.03107953
2014 0.7644126
2015 0.7528092
2016 0.5601142
2017 0.6343832
2018 0.55706
2019 0.5504281
2020 0.4458775
2021 0.9106961
2022 0.84046
2023 0.2047887
2024 0.07224845
2025 0.6475892
2026 0.4209181
2027 0.08643019
2028 0.1652242
2029 0.3586793
2030 0.7329837
2031 0.3496361
2032 0.1053837
2033 0.69802
2034 0.05045477
2035 0.007470693
2036 0.5234089
2037 0.4330689
2038 0.9693175
2039 0.8559741
2040 0.3305532
2041 0.7143212
2042 0.007835407
2043 0.05056417
2044 0.1518897
2045 0.0971849
2046 0.006092693
2047 0.3553872
2048 0.02635918
2049 0.08678217
2050 0.04575921
2051 0.2790135
2052 0.0568804
2053 0.6655404
2054 0.2764728
2055 0.1917281
2056 0.02514999
2057 0.2325199
2058 0.8179118
2059 0.01411474
2060 0.5498992
2061 0.1106097
2062 0.5073426
2063 0.3523641
2064 0.1586972
2065 0.01890116
2066 0.7449725
2067 0.607469
2068 0.5919876
2069 0.7583143
2070 0.1366271
2071 0.7172962
2072 0.0004396761
2073 0.7944268
2074 0.3035242
2075 0.2609616
2076 0.246115
2077 0.64331
2078 0.3802484
2079 0.2535943
2080 0.3177476
2081 0.09553344
2082 0.02503233
2083 0.07236395
2084 0.3382097
2085 0.3532111
2086 0.5082054
2087 0.005031691
2088 0.05001305
2089 0.116409
2090 0.264209
2091 0.4434172
2092 0.004892093
2093 0.1633171
2094 0.205355
2095 0.2417114
2096 0.7313838
2097 0.5937384
2098 0.2558171
2099 0.002105177
2100 0.1209665
2101 0.3902455
2102 0.6012388
2103 0.8075878
2104 0.4474963
2105 0.02097286
2106 0.5907656
2107 0.1426026
2108 0.01634114
2109 0.01822771
2110 0.03234047
2111 0.5287352
2112 0.2009968
2113 0.1673088
2114 0.4675451
2115 0.4197758
2116 0.1508537
2117 0.5592936
2118 0.8854194
2119 0.4502311
2120 0.05145329
2121 0.3406222
2122 0.1452477
2123 0.5267429
2124 0.3662793
2125 0.01061533
2126 0.353681
2127 0.00139899
2128 0.5109781
2129 0.4071509
2130 0.2625859
2131 0.02871472
2132 0.01551422
2133 0.3915157
2134 0.5755678
2135 0.04445472
2136 0.0297045
2137 0.3757426
2138 0.8807658
2139 0.009481715
2140 0.8442176
2141 0.04234374
2142 0.4517978
2143 0.1987776
2144 0.3269004
2145 0.02697091
2146 0.0004423205
2147 0.9518109
2148 0.7813286
2149 0.3102372
2150 0.3425481
2151 0.2678981
2152 0.6994632
2153 0.514085
2154 0.08713079
2155 0.8805013
2156 0.1510789
2157 0.07361029
2158 0.3290236
2159 0.7236998
2160 0.1494808
2161 0.2420522
2162 0.9386273
2163 0.1114593
2164 0.08910309
2165 0.2959494
2166 0.1932661
2167 0.6463372
2168 0.4458429
2169 0.4104757
2170 0.9750941
2171 0.3067641
2172 0.001692843
2173 0.2223622
2174 0.02613364
2175 0.8617519
2176 0.02844215
2177 0.5521778
2178 0.6439785
2179 0.3403781
2180 0.07350514
2181 0.6213328
2182 0.003644807
2183 0.5470646
2184 0.5572447
2185 0.5267136
2186 0.7838671
2187 0.199507
2188 0.04951065
2189 0.809753
2190 0.01657865
2191 0.09986286
2192 0.1422678
2193 0.002484559
2194 0.2478782
2195 0.4625112
2196 0.08389887
2197 0.3970589
2198 0.1590005
2199 0.5594529
2200 0.6255643
2201 0.6598956
2202 0.0162925
2203 0.02579467
2204 0.0009765237
2205 0.03961547
2206 0.0340522
2207 0.3472778
2208 0.5283784
2209 0.3847776
2210 0.4488885
2211 0.4438508
2212 0.8204817
2213 0.3310677
2214 0.4639659
2215 0.0009994992
2216 0.1120661
2217 0.7931928
2218 0.9581406
2219 0.9387045
2220 0.03125056
2221 0.1760552
2222 0.4899621
2223 0.5909977
2224 0.5109349
2225 0.2292735
2226 0.03838505
2227 0.04781894
2228 0.2490644
2229 0.7388637
2230 0.007149206
2231 0.130052
2232 0.7618045
2233 0.6742461
2234 0.03454283
2235 0.06630569
2236 0.00127868
2237 0.75864
2238 0.03574224
2239 0.2756294
2240 0.01613616
2241 0.02292255
2242 0.741372
2243 0.130867
2244 0.9710493
2245 0.2794896
2246 0.03532277
2247 0.03529562
2248 0.1868653
2249 0.670054
2250 0.08381974
2251 0.01688971
2252 0.2685601
2253 0.08138282
2254 0.9744158
2255 0.7609495
2256 0.1982572
2257 0.1241582
2258 0.000150277
2259 0.3701817
2260 0.09343171
2261 0.2201786
2262 0.3567045
2263 0.4031659
2264 0.101857
2265 0.002095746
2266 0.2588262
2267 0.8859754
2268 0.0241304
2269 0.01004809
2270 0.3547672
2271 0.7201328
2272 0.2573954
2273 0.001942947
2274 0.3620691
2275 0.4603225
2276 0.9355238
2277 0.3952335
2278 0.4473307
2279 0.8365178
2280 0.1686721
2281 0.4159093
2282 0.6028851
2283 0.07567898
2284 0.3600275
2285 0.5409388
2286 0.03426298
2287 0.2076504
2288 0.04523709
2289 0.09360478
2290 0.02286398
2291 0.6253729
2292 0.6794151
2293 0.4684147
2294 0.3132068
2295 0.3788479
2296 0.9800641
2297 0.6761364
2298 0.359732
2299 0.1273403
2300 0.05636494
2301 0.3430859
2302 0.3309764
2303 0.5361069
2304 0.3274874
2305 0.4972573
2306 0.7030368
2307 0.8997206
2308 0.6230969
2309 0.01098361
2310 0.7597049
2311 0.6855199
2312 0.6941647
2313 0.9549401
2314 0.09520588
2315 0.5508829
2316 0.3939176
2317 0.1586538
2318 0.09759795
2319 0.8159396
2320 0.03581267
2321 0.9599979
2322 0.06316142
2323 0.9530704
2324 0.112801
2325 0.03102427
2326 0.5120248
2327 0.08594168
2328 0.2121499
2329 0.01003723
2330 0.001591007
2331 0.9819379
2332 0.6541426
2333 0.7093505
2334 0.3547608
2335 0.07963302
2336 0.4298057
2337 0.6822063
2338 0.5544219
2339 0.2369259
2340 0.09906734
2341 0.2386386
2342 0.2151391
2343 0.1223083
2344 0.2420991
2345 0.2032543
2346 0.7885988
2347 0.6418829
2348 0.1848717
2349 0.5686983
2350 0.001906486
2351 0.8872099
2352 0.5447819
2353 0.1149665
2354 0.1754028
2355 0.4631512
2356 0.03775452
2357 0.9561466
2358 0.01602316
2359 0.008143812
2360 0.7505039
2361 0.9747178
2362 0.1208056
2363 0.08717214
2364 0.5433133
2365 0.8734903
2366 0.5584732
2367 0.08080726
2368 0.08824616
2369 0.0004001418
2370 0.2894296
2371 0.1761341
2372 0.6772527
2373 0.104911
2374 0.9232237
2375 0.5819166
2376 0.002163112
2377 0.4773365
2378 0.4464492
2379 0.1523488
2380 0.6118296
2381 0.5915788
2382 0.6201718
2383 0.1933753
2384 0.06381683
2385 0.5784711
2386 0.4468766
2387 0.5832214
2388 0.01343817
2389 0.5400738
2390 0.4225001
2391 0.03898563
2392 0.01199879
2393 0.3927952
2394 0.9694421
2395 0.01938542
2396 0.7770615
2397 0.005497619
2398 0.6352101
2399 0.1170123
2400 0.2145191
2401 0.1219831
2402 0.5592484
2403 0.01899262
2404 0.7115065
2405 0.7474237
2406 0.4623421
2407 0.008511189
2408 0.467162
2409 0.7317089
2410 0.1145687
2411 0.09107656
2412 0.3011168
2413 0.316225
2414 0.9563226
2415 0.002386517
2416 0.2047964
2417 0.5545905
2418 0.8225561
2419 0.02819264
2420 0.06208901
2421 0.8542491
2422 0.2485741
2423 0.4257949
2424 0.3563989
2425 0.6689302
2426 0.09459562
2427 0.09101833
2428 0.6580289
2429 0.9393564
2430 0.02684236
2431 0.2204166
2432 0.2436332
2433 0.9787489
2434 0.8493608
2435 0.03094438
2436 0.6816403
2437 0.1054921
2438 0.1416887
2439 0.1587945
2440 0.6940397
2441 0.0005228541
2442 0.4816102
2443 0.5942375
2444 0.6157645
2445 0.02017591
2446 0.1006251
2447 0.01522475
2448 0.2806304
2449 0.01988118
2450 0.3796521
2451 0.1440908
2452 0.2935624
2453 0.05246215
2454 0.7589596
2455 0.2205153
2456 0.3720454
2457 0.223054
2458 0.854151
2459 0.02927995
2460 0.4316913
2461 0.2132658
2462 0.5571681
2463 0.3811291
2464 0.5479738
2465 0.9511258
2466 0.6098187
2467 0.03748315
2468 0.6300582
2469 0.01013294
2470 0.3485545
2471 0.4272414
2472 0.8189448
2473 0.2285417
2474 0.3639395
2475 0.6801682
2476 0.3108959
2477 0.1633166
2478 0.05043791
2479 0.8991952
2480 0.8604069
2481 0.6819688
2482 0.1094446
2483 0.2235953
2484 0.02196544
2485 0.06458948
2486 0.08391639
2487 0.4051271
2488 0.9106078
2489 0.8442888
2490 0.19651
2491 0.3250313
2492 0.8298001
2493 0.7634479
2494 0.4177109
2495 0.3633671
2496 0.1437793
2497 0.02134615
2498 0.1438727
2499 0.08863915
2500 0.03090074
2501 0.5849165
2502 0.7741523
2503 0.1855415
2504 0.3509654
2505 0.06996398
2506 0.01723848
2507 0.9697521
2508 0.6782516
2509 0.5337994
2510 0.006775271
2511 0.9240712
2512 0.02115339
2513 0.8581382
2514 0.3481205
2515 0.2770378
2516 0.233544
2517 0.07403701
2518 0.5566283
2519 0.8507772
2520 0.3905165
2521 0.375359
2522 0.6106448
2523 0.04414072
2524 0.0006474088
2525 0.9677637
2526 0.006253783
2527 0.3749574
2528 0.0008810634
2529 0.283803
2530 0.2469109
2531 0.131934
2532 0.007275405
2533 0.338775
2534 0.01993693
2535 0.6598381
2536 0.3439446
2537 0.258902
2538 0.4303221
2539 0.07769595
2540 0.01256817
2541 0.1805357
2542 0.8140419
2543 0.6552051
2544 0.1027205
2545 0.1391553
2546 0.07269667
2547 0.3666875
2548 0.3107451
2549 0.3949936
2550 0.1712932
2551 0.2500912
2552 0.9711955
2553 0.1833083
2554 0.08168341
2555 0.8303027
2556 0.6276329
2557 0.4305467
2558 0.4862565
2559 0.633328
2560 0.5220448
2561 0.5714285
2562 0.1698527
2563 0.5449395
2564 0.1889577
2565 0.05933175
2566 0.4179479
2567 0.08363959
2568 0.1214672
2569 0.0441653
2570 0.1499711
2571 0.6296606
2572 0.8863393
2573 0.1614876
2574 0.7375088
2575 0.1493245
2576 0.3745831
2577 0.8490921
2578 0.004961021
2579 0.3936452
2580 0.0882312
2581 0.2482415
2582 0.05755365
2583 0.5643209
2584 0.5264257
2585 0.9352358
2586 0.05114004
2587 0.2353889
2588 0.6667268
2589 0.957374
2590 0.7373921
2591 0.1534075
2592 0.1411825
2593 0.2661117
2594 0.1298515
2595 0.4925813
2596 0.1136816
2597 0.7231031
2598 0.0251415
2599 0.008744333
2600 0.7362725
2601 0.3901497
2602 0.3836612
2603 0.4583475
2604 0.5435535
2605 0.7781672
2606 0.3079191
2607 0.3010568
2608 0.8748269
2609 0.2930512
2610 0.1538572
2611 0.2944846
2612 0.5239364
2613 0.3588272
2614 0.8358945
2615 0.4597885
2616 0.3189517
2617 0.690165
2618 0.2441355
2619 0.02087586
2620 0.783445
2621 0.7801399
2622 0.2357117
2623 0.08851235
2624 0.5966699
2625 0.05262653
2626 0.001245834
2627 0.0313504
2628 0.440358
2629 0.1115922
2630 0.05361676
2631 0.3310734
2632 0.603388
2633 0.7197656
2634 0.1989154
2635 0.9323062
2636 0.05057002
2637 0.1006127
2638 0.7156179
2639 0.7102788
2640 0.2859242
2641 0.2281926
2642 0.8294373
2643 0.1044653
2644 0.71339
2645 0.7286001
2646 0.1936602
2647 0.3808079
2648 0.986472
2649 0.9056376
2650 0.3419806
2651 0.4806428
2652 0.1564202
2653 0.2183568
2654 0.9551934
2655 0.9845932
2656 0.1806629
2657 0.4123069
2658 0.5093846
2659 0.005996777
2660 0.4125826
2661 0.1553105
2662 0.4335372
2663 0.1196383
2664 0.01731066
2665 0.04427398
2666 0.04784372
2667 0.6175245
2668 0.7335659
2669 0.496539
2670 0.4698556
2671 0.05545147
2672 0.733319
2673 0.3323842
2674 0.1193028
2675 0.003140525
2676 0.6194916
2677 0.2858456
2678 0.4309921
2679 0.3922303
2680 0.01585732
2681 0.7032239
2682 0.7294277
2683 0.6608916
2684 0.6097474
2685 0.05130761
2686 0.0427067
2687 0.4481918
2688 0.5955718
2689 0.1552614
2690 0.3606718
2691 0.04061479
2692 0.7660092
2693 0.08319767
2694 0.005953744
2695 0.8572393
2696 0.2436287
2697 0.5901093
2698 0.312726
2699 0.9521832
2700 0.7498997
2701 0.7590872
2702 0.8970711
2703 0.3248059
2704 0.369851
2705 0.5842911
2706 0.2262478
2707 0.1859689
2708 0.1490709
2709 0.3904259
2710 0.1854516
2711 0.05039823
2712 0.07596444
2713 0.6635418
2714 0.1414999
2715 0.235862
2716 0.957791
2717 0.1012683
2718 0.1443302
2719 0.3533799
2720 0.3887562
2721 0.1112036
2722 0.1655455
2723 0.1106207
2724 0.02982992
2725 0.8883346
2726 0.05366184
2727 0.08730188
2728 0.9561486
2729 0.7074738
2730 0.7999875
2731 0.03700896
2732 0.3959655
2733 0.2896859
2734 0.06094623
2735 0.0223137
2736 0.3067535
2737 0.6359102
2738 0.5463391
2739 0.9324392
2740 0.2786933
2741 0.1802577
2742 0.1144952
2743 0.06513278
2744 0.174721
2745 0.09396075
2746 0.1898044
2747 0.04156836
2748 0.7468653
2749 0.08387064
2750 0.1739371
2751 0.02053144
2752 0.08539544
2753 0.5004664
2754 0.778048
2755 0.8350385
2756 0.01365837
2757 0.01186404
2758 0.3463361
2759 0.2833092
2760 0.08489285
2761 0.01745207
2762 0.6436862
2763 0.8435528
2764 0.5107361
2765 0.05771333
2766 0.2963058
2767 0.3302906
2768 0.3590886
2769 0.2747737
2770 0.4193145
2771 0.003351265
2772 0.1271255
2773 0.2231357
2774 0.6814253
2775 0.5825584
2776 0.2250685
2777 0.113287
2778 0.6063954
2779 0.06077572
2780 0.1856365
2781 0.264143
2782 0.4368113
2783 0.8984237
2784 0.04184969
2785 0.5025821
2786 0.003668344
2787 0.3543224
2788 0.638276
2789 0.28062
2790 0.01676627
2791 0.5191453
2792 0.1317824
2793 0.001658847
2794 0.06436383
2795 0.684923
2796 0.80334
2797 0.409466
2798 0.08213777
2799 0.395426
2800 0.1003044
2801 0.4434544
2802 0.03868944
2803 0.4316302
2804 0.007046536
2805 0.2004744
2806 0.1182141
2807 0.01515837
2808 0.09798001
2809 0.003063736
2810 0.1794186
2811 0.1498498
2812 0.03026458
2813 0.04068533
2814 0.5805003
2815 0.3950797
2816 0.04317017
2817 0.6153327
2818 0.08086733
2819 0.2882225
2820 0.3387292
2821 0.7837148
2822 0.08400695
2823 0.1008522
2824 0.178536
2825 0.2135699
2826 0.51945
2827 0.7147504
2828 0.0215872
2829 0.07069263
2830 0.02991696
2831 0.08601687
2832 0.1246253
2833 0.4737842
2834 0.06131239
2835 0.3748369
2836 0.1975358
2837 0.03491494
2838 0.04877027
2839 0.03967546
2840 0.7127033
2841 0.006468816
2842 0.5304901
2843 0.5217819
2844 0.7512205
2845 0.2502756
2846 0.7596751
2847 0.006957532
2848 0.00189366
2849 0.8329225
2850 0.7070614
2851 0.07718184
2852 0.6622791
2853 0.2526401
2854 0.2589743
2855 0.0886052
2856 0.006061418
2857 0.002876218
2858 0.4379377
2859 0.8814754
2860 0.003864152
2861 0.01621914
2862 0.1899759
2863 0.1634756
2864 0.2070137
2865 0.022871
2866 0.001200203
2867 0.01943635
2868 0.01812156
2869 0.503311
2870 0.02644096
2871 0.08382138
2872 0.481659
2873 0.9571205
2874 0.0954782
2875 0.02942692
2876 0.2288702
2877 0.1091581
2878 0.06391337
2879 0.5605733
2880 0.4289401
2881 0.1967665
2882 0.1089698
2883 0.6935952
2884 0.4548002
2885 0.4247716
2886 0.01124017
2887 0.659959
2888 0.4820674
2889 0.2782316
2890 0.4559936
2891 0.3437249
2892 0.06321229
2893 0.3333134
2894 0.3890392
2895 0.004564457
2896 0.8296403
2897 0.7636994
2898 0.008061736
2899 0.2550757
2900 0.6518044
2901 0.4707317
2902 0.1335967
2903 0.1021467
2904 0.2801755
2905 0.07859416
2906 0.3923471
2907 0.08931681
2908 0.5469201
2909 0.3615919
2910 0.4160531
2911 0.1404008
2912 0.005062883
2913 0.5237149
2914 0.02730855
2915 0.2547307
2916 0.7596379
2917 0.005977126
2918 0.8700221
2919 0.7811871
2920 0.06521757
2921 0.4497133
2922 0.177617
2923 0.1753221
2924 0.03228912
2925 0.1633257
2926 0.2380619
2927 0.02555239
2928 0.1884727
2929 0.4621896
2930 0.2180597
2931 0.6262246
2932 0.3129996
2933 0.2613437
2934 0.06918056
2935 0.5979981
2936 0.5610418
2937 0.656561
2938 0.1624548
2939 0.7626727
2940 0.9654428
2941 0.1193979
2942 0.4948693
2943 0.5305574
2944 0.7420892
2945 0.9072238
2946 0.08461807
2947 0.6513586
2948 0.4284957
2949 0.453343
2950 0.02979982
2951 0.34522
2952 0.04096058
2953 0.009264742
2954 0.09594465
2955 0.004883039
2956 0.7824843
2957 0.4130955
2958 0.003356459
2959 0.9300558
2960 0.007950979
2961 0.8090833
2962 0.1916753
2963 0.1211924
2964 0.8967799
2965 0.01531119
2966 0.05194632
2967 0.2344679
2968 0.0826628
2969 0.01399199
2970 0.928923
2971 0.7301648
2972 0.610834
2973 0.4821944
2974 0.9579005
2975 0.1304416
2976 0.3345531
2977 0.1960443
2978 0.7733941
2979 0.6756281
2980 0.0400761
2981 0.4513857
2982 0.369922
2983 0.7555412
2984 0.6987139
2985 0.1220224
2986 0.02606797
2987 0.9952896
2988 0.4367758
2989 0.001725606
2990 0.50916
2991 0.3055658
2992 0.07320465
2993 0.1232825
2994 0.0672402
2995 0.1327623
2996 0.1755567
2997 0.8450694
2998 0.3324598
2999 0.06488831
3000 0.04298653
3001 0.004508216
3002 0.002719101
3003 0.02695142
3004 0.2500393
3005 0.4581545
3006 0.03776491
3007 0.22946
3008 0.03613026
3009 0.1907457
3010 0.6962381
3011 0.5822239
3012 0.08678818
3013 0.6526489
3014 0.04669794
3015 0.934471
3016 0.2287204
3017 0.05640887
3018 0.4776518
3019 0.4418599
3020 0.2241497
3021 0.3253183
3022 0.02321161
3023 0.6801852
3024 0.05595477
3025 0.3956657
3026 0.1060292
3027 0.08634763
3028 0.1568008
3029 0.4878242
3030 0.2668392
3031 0.03634399
3032 0.934872
3033 0.8399967
3034 0.9813181
3035 0.004344093
3036 0.4254783
3037 0.03628789
3038 0.008515627
3039 0.4069796
3040 0.479311
3041 0.6456226
3042 0.7053022
3043 0.3590781
3044 0.3657596
3045 0.3281962
3046 0.1863399
3047 0.2121273
3048 0.04493349
3049 0.9834935
3050 0.03066723
3051 0.01961741
3052 0.2234406
3053 0.4976429
3054 0.001651769
3055 0.4467246
3056 0.4570247
3057 0.9364274
3058 0.6107521
3059 0.001621405
3060 0.6578073
3061 0.02425726
3062 0.00825207
3063 0.2733075
3064 0.4824789
3065 0.5265135
3066 0.9608489
3067 0.5260438
3068 0.8109536
3069 0.0587186
3070 0.0472027
3071 0.08538031
3072 0.5856087
3073 0.1669603
3074 0.3455208
3075 0.2701094
3076 0.3522813
3077 0.05393405
3078 0.3047906
3079 0.5861119
3080 0.2786117
3081 0.1292988
3082 0.6103927
3083 0.07024264
3084 0.7838313
3085 0.5220267
3086 0.3495084
3087 0.3794708
3088 0.5213074
3089 0.1255359
3090 0.7958263
3091 0.6155384
3092 0.1816371
3093 0.6760107
3094 0.273573
3095 0.06637137
3096 0.4536758
3097 0.2087457
3098 0.2046892
3099 0.235384
3100 0.589572
3101 0.0001321165
3102 0.9234591
3103 0.6895804
3104 0.251271
3105 0.02366794
3106 0.2211922
3107 0.3320334
3108 0.6749678
3109 0.7970696
3110 0.8608905
3111 0.4934075
3112 0.9561994
3113 0.3075362
3114 0.05968555
3115 0.7606735
3116 0.4794407
3117 0.9198207
3118 0.4107771
3119 0.03567285
3120 0.5183705
3121 0.3796658
3122 0.1724578
3123 0.5818744
3124 0.7852864
3125 0.5224029
3126 0.08176682
3127 0.06462191
3128 0.09275375
3129 0.2287102
3130 0.364516
3131 0.2367131
3132 0.1780019
3133 0.1502747
3134 0.02242625
3135 0.2085362
3136 0.4133909
3137 0.08149015
3138 0.2526686
3139 0.2893162
3140 0.4373354
3141 0.02212292
3142 0.05781999
3143 0.4275628
3144 0.2609584
3145 0.6197413
3146 0.2743577
3147 0.4482968
3148 0.6872121
3149 0.0003267127
3150 0.09382241
3151 0.4281039
3152 0.8178405
3153 0.5368369
3154 0.09744798
3155 0.3978374
3156 0.4090296
3157 0.1554892
3158 0.03872515
3159 0.01087621
3160 0.2464553
3161 0.06932846
3162 0.8093682
3163 0.0456008
3164 0.2116516
3165 0.6254093
3166 0.4850616
3167 0.3228694
3168 0.3544189
3169 0.463203
3170 0.7996281
3171 0.3393049
3172 0.06997985
3173 0.6448584
3174 0.1500266
3175 0.0749119
3176 0.3984961
3177 0.4211492
3178 0.9222053
3179 0.01613191
3180 0.2331371
3181 0.1434561
3182 0.4583419
3183 0.899444
3184 0.01723083
3185 0.02848469
3186 0.1212603
3187 0.6998407
3188 0.2576902
3189 0.4725179
3190 0.4978561
3191 0.2412931
3192 0.2117173
3193 0.3265319
3194 0.07008508
3195 0.5579931
3196 0.8095359
3197 0.004684797
3198 0.0002393113
3199 0.2781832
3200 0.07314285
3201 0.5274009
3202 0.7616563
3203 0.5271629
3204 0.001279646
3205 0.1292933
3206 0.558246
3207 0.9261002
3208 0.3972561
3209 0.0849267
3210 0.4474615
3211 0.3494701
3212 0.8325974
3213 0.6670403
3214 0.1779692
3215 0.9092855
3216 0.06836797
3217 0.002969879
3218 0.004958903
3219 0.1043871
3220 0.0003698093
3221 0.03320129
3222 0.6518879
3223 0.730099
3224 0.3310036
3225 0.6222451
3226 0.253366
3227 0.2930593
3228 0.2385892
3229 0.3302343
3230 0.00776128
3231 0.8003515
3232 0.06017035
3233 0.06432733
3234 0.2411662
3235 0.6378745
3236 0.4821863
3237 0.4563093
3238 0.6755388
3239 0.1465293
3240 0.172642
3241 0.1393102
3242 0.6602296
3243 0.06056907
3244 0.06781819
3245 0.5358259
3246 0.4622055
3247 0.2783516
3248 0.09680519
3249 0.5317352
3250 0.7634355
3251 0.2809333
3252 0.1276629
3253 0.5503912
3254 6.704092e-05
3255 0.07655189
3256 0.496602
3257 0.8431158
3258 0.4769021
3259 0.4773806
3260 0.3931178
3261 0.0203724
3262 0.3043157
3263 0.7907067
3264 0.06667415
3265 0.02544246
3266 0.3358981
3267 0.9700867
3268 0.8501752
3269 0.584273
3270 0.3251538
3271 0.427403
3272 0.2194314
3273 0.2284876
3274 0.2044174
3275 0.0887801
3276 0.1302322
3277 0.0211395
3278 0.2184785
3279 0.548346
3280 0.9424687
3281 0.03004394
3282 0.6938756
3283 0.6398496
3284 0.02137488
3285 0.2166111
3286 0.8239622
3287 0.8925108
3288 0.5806352
3289 0.05077547
3290 0.07960744
3291 0.6708965
3292 0.4347263
3293 0.04435153
3294 0.0511342
3295 0.7134014
3296 0.04227312
3297 0.6785925
3298 0.6492463
3299 0.03244142
3300 0.03360307
3301 0.3285203
3302 0.09857987
3303 0.307357
3304 0.2784336
3305 0.007043538
3306 0.05030989
3307 0.480794
3308 0.5566319
3309 0.1314753
3310 0.1812876
3311 0.5742113
3312 0.3921699
3313 0.5978519
3314 0.09161643
3315 0.4368047
3316 0.7448655
3317 0.1278877
3318 0.1728119
3319 0.8360138
3320 0.9644903
3321 0.4060276
3322 0.02693523
3323 0.3162353
3324 0.5284716
3325 0.0297177
3326 0.3763768
3327 0.5824023
3328 0.1003834
3329 0.07414258
3330 0.06094912
3331 0.9424651
3332 0.7408184
3333 0.1287699
3334 0.05145466
3335 0.5427144
3336 0.3202235
3337 0.61453
3338 0.5692981
3339 0.002425282
3340 0.07856726
3341 0.07977007
3342 0.6740373
3343 0.4149183
3344 0.3104182
3345 0.8826869
3346 0.1293531
3347 0.04146749
3348 0.3095045
3349 0.1590838
3350 0.003416162
3351 0.431992
3352 0.1890693
3353 0.349264
3354 0.1222783
3355 0.01837979
3356 0.09980571
3357 0.587178
3358 0.1461906
3359 0.2699565
3360 0.4905458
3361 0.8622223
3362 0.5275988
3363 0.1356604
3364 0.2873947
3365 0.04184767
3366 0.2748598
3367 0.02407029
3368 0.9944636
3369 0.07503
3370 0.245112
3371 0.7003212
3372 0.3230512
3373 0.130996
3374 0.6820559
3375 0.3441305
3376 0.6242591
3377 0.09591587
3378 0.05390299
3379 0.004831809
3380 0.323898
3381 0.08290891
3382 0.0816167
3383 0.3079513
3384 0.3011869
3385 0.04530383
3386 0.0371498
3387 0.007516722
3388 0.4848817
3389 0.7647231
3390 0.3262643
3391 0.2694324
3392 0.2154566
3393 0.454371
3394 0.005323241
3395 0.3008819
3396 0.0002273162
3397 0.09079732
3398 0.2485579
3399 0.3660211
3400 0.7339131
3401 0.06764102
3402 0.06617345
3403 0.8278925
3404 0.687297
3405 0.1978002
3406 0.09570752
3407 0.07456194
3408 0.7348951
3409 0.6746554
3410 0.0635263
3411 0.9132135
3412 0.3266458
3413 0.816503
3414 0.2665856
3415 0.04826115
3416 0.08840919
3417 0.7735714
3418 0.01678298
3419 0.5614102
3420 0.1874387
3421 0.142355
3422 0.8645687
3423 0.09525742
3424 0.9535404
3425 0.002377925
3426 0.514043
3427 0.03614556
3428 0.3196916
3429 0.1646532
3430 0.6019305
3431 0.06579273
3432 0.03103237
3433 0.04403632
3434 0.7752933
3435 0.5982142
3436 0.101248
3437 0.1208367
3438 0.06989302
3439 0.6434151
3440 0.4043033
3441 0.303087
3442 0.9038332
3443 0.131873
3444 0.3501463
3445 0.1642603
3446 0.2599317
3447 0.7866134
3448 0.5089283
3449 0.2292658
3450 0.1500672
3451 0.131507
3452 0.0198337
3453 0.4641363
3454 0.05071952
3455 0.9202233
3456 0.006177414
3457 0.5293109
3458 0.7139822
3459 0.1951645
3460 0.01146942
3461 0.5581633
3462 0.01714106
3463 0.6370898
3464 0.51225
3465 0.7437091
3466 0.05385519
3467 0.2207813
3468 0.8546764
3469 0.03882897
3470 0.001601035
3471 0.09121948
3472 0.889091
3473 0.4431223
3474 0.8420118
3475 0.1684556
3476 0.006937245
3477 0.08324432
3478 0.4899317
3479 0.1590112
3480 0.1769179
3481 0.5887293
3482 0.09403999
3483 0.296608
3484 0.9970817
3485 0.7605934
3486 0.8914709
3487 0.0004175536
3488 0.1651124
3489 0.01114214
3490 0.565176
3491 0.5414793
3492 0.02040333
3493 0.004915028
3494 0.003639251
3495 0.09240569
3496 0.9242619
3497 0.3143283
3498 0.8861575
3499 0.07274952
3500 0.9841798
3501 0.2017368
3502 0.4618949
3503 0.858092
3504 0.1797697
3505 0.100885
3506 0.01285096
3507 0.6382924
3508 0.9769269
3509 0.05044446
3510 0.2029611
3511 0.1264264
3512 0.4071185
3513 0.4681508
3514 0.6958901
3515 0.1030158
3516 0.1325294
3517 0.2258315
3518 0.9027721
3519 0.6994425
3520 0.09444549
3521 0.1137941
3522 0.04615788
3523 0.4841649
3524 0.02314956
3525 0.3353415
3526 0.7565793
3527 0.08506159
3528 0.007013279
3529 0.07601965
3530 0.8838042
3531 0.2072127
3532 0.8594176
3533 0.14082
3534 0.01666456
3535 0.03682182
3536 0.2572499
3537 0.9257578
3538 0.4050814
3539 0.02639577
3540 0.146443
3541 0.1000709
3542 0.001688808
3543 0.7916764
3544 0.02516054
3545 0.6735418
3546 0.0192158
3547 0.8614247
3548 0.5378242
3549 0.04177232
3550 0.5894443
3551 0.07565691
3552 0.0482617
3553 0.3775538
3554 0.8266835
3555 0.2760424
3556 0.1939437
3557 0.07844744
3558 0.2872292
3559 0.1062264
3560 0.6432752
3561 0.6871838
3562 0.01925195
3563 0.7317597
3564 0.8193756
3565 0.6381977
3566 0.5276608
3567 0.1119331
3568 0.6156726
3569 0.5530677
3570 0.4713841
3571 0.6762056
3572 0.09326015
3573 0.9245295
3574 0.7015185
3575 0.395842
3576 0.6821798
3577 0.01094852
3578 0.005774281
3579 0.005320367
3580 0.8929035
3581 0.3675478
3582 0.1819384
3583 0.2441779
3584 0.926463
3585 0.8239005
3586 0.4614774
3587 0.8304801
3588 0.04385708
3589 0.8048251
3590 0.1278276
3591 0.5987495
3592 0.8939664
3593 0.3382527
3594 0.09709725
3595 0.1101708
3596 0.04839125
3597 0.8145712
3598 0.004711532
3599 0.005087702
3600 0.07898917
3601 0.00259127
3602 0.07382635
3603 0.8476672
3604 0.9849953
3605 0.2918288
3606 0.2065802
3607 0.7695011
3608 0.534472
3609 0.1498756
3610 0.8828707
3611 0.7131858
3612 0.2428353
3613 0.6594923
3614 0.4331875
3615 0.9921129
3616 0.4937745
3617 0.1546432
3618 0.007713563
3619 0.7891909
3620 0.426784
3621 0.2621454
3622 0.4817897
3623 0.04930178
3624 0.9262138
3625 0.3428776
3626 0.0008608986
3627 0.1891068
3628 0.06412059
3629 0.001221067
3630 0.7260731
3631 0.161144
3632 0.0009990972
3633 0.3842481
3634 0.02313682
3635 0.1373394
3636 0.9220706
3637 0.2964889
3638 0.0752085
3639 0.05253522
3640 0.6557271
3641 0.3235225
3642 0.2059787
3643 0.01616696
3644 0.08579419
3645 0.279803
3646 0.9658277
3647 0.1545693
3648 0.0003631227
3649 0.08605545
3650 0.019082
3651 0.1799506
3652 0.6728676
3653 0.0002738181
3654 0.5860284
3655 0.3279673
3656 0.07211467
3657 0.05624502
3658 0.0005497829
3659 0.005369797
3660 0.5634422
3661 0.08739193
3662 0.1678293
3663 0.07123376
3664 0.2982794
3665 0.7375371
3666 0.07001261
3667 0.365503
3668 0.7400889
3669 0.2555556
3670 0.2376244
3671 0.3558671
3672 0.9985769
3673 0.1677906
3674 0.2615476
3675 0.9483695
3676 0.9705184
3677 0.03629831
3678 0.3769917
3679 0.5122149
3680 0.5978295
3681 0.003397404
3682 0.01305232
3683 0.7569123
3684 0.6429126
3685 0.03730929
3686 0.7732299
3687 0.9344718
3688 0.0654485
3689 0.4281366
3690 0.7337787
3691 0.2552651
3692 0.02138868
3693 0.6489253
3694 0.4972009
3695 0.6199493
3696 0.1424147
3697 0.5230924
3698 0.008757804
3699 0.0828199
3700 0.5670812
3701 0.4261874
3702 0.4648971
3703 0.5153904
3704 0.1183236
3705 0.001919171
3706 0.3127413
3707 0.9398473
3708 0.9714504
3709 0.07041244
3710 0.1976416
3711 0.1801172
3712 0.9538856
3713 0.1239479
3714 0.5817228
3715 0.246469
3716 0.9843009
3717 0.602489
3718 0.3883258
3719 0.4364487
3720 0.1123149
3721 0.80024
3722 0.6244149
3723 0.8975204
3724 0.3644279
3725 0.6164768
3726 0.5072773
3727 0.9024654
3728 0.8649539
3729 0.5497758
3730 0.02785529
3731 0.3073067
3732 0.1834211
3733 0.1284704
3734 0.6868094
3735 0.05197799
3736 0.2651737
3737 0.537634
3738 0.2680095
3739 0.2851572
3740 0.77529
3741 0.03611136
3742 0.02788284
3743 0.02645047
3744 0.03870096
3745 0.8388325
3746 0.4092696
3747 0.3718899
3748 0.9002755
3749 0.05201024
3750 0.008430311
3751 0.1813238
3752 0.05775083
3753 0.4124099
3754 0.9031021
3755 0.1883537
3756 0.7996691
3757 0.6450774
3758 0.006860548
3759 0.3769342
3760 0.09824807
3761 0.1720586
3762 0.1224553
3763 0.0477923
3764 0.7817471
3765 0.1033945
3766 0.06016645
3767 0.5923858
3768 0.1088458
3769 0.1635648
3770 0.67259
3771 0.05774648
3772 0.1361431
3773 0.3018785
3774 0.7700173
3775 0.3279013
3776 0.445443
3777 0.4681061
3778 0.3803949
3779 0.01393024
3780 0.02528755
3781 0.4927601
3782 0.5858212
3783 0.2328723
3784 0.2773007
3785 0.7331075
3786 0.01595025
3787 0.8364059
3788 0.6739424
3789 0.7024633
3790 0.1826474
3791 0.4679184
3792 0.4597763
3793 0.1819991
3794 0.6105852
3795 0.309937
3796 0.02983478
3797 0.9695975
3798 0.06840017
3799 0.002180357
3800 0.06385741
3801 0.4201284
3802 0.156177
3803 0.1903138
3804 0.8664959
3805 0.05123242
3806 0.05097627
3807 0.4896837
3808 0.2720799
3809 0.7667118
3810 0.2743487
3811 0.7477758
3812 0.9086708
3813 0.9135873
3814 0.7090457
3815 0.131415
3816 0.04709792
3817 0.2962083
3818 0.8226265
3819 0.4888466
3820 0.5039134
3821 0.01691029
3822 0.9712986
3823 0.7845558
3824 0.3723532
3825 0.1285025
3826 0.3090363
3827 0.08707581
3828 0.7248395
3829 0.3283065
3830 0.01265327
3831 0.1034267
3832 0.00485312
3833 0.3892389
3834 0.03982495
3835 0.4123629
3836 0.536205
3837 0.9982938
3838 0.08603103
3839 0.07411794
3840 0.2172259
3841 0.0004459229
3842 0.7024893
3843 0.8175455
3844 0.3689733
3845 0.006946543
3846 0.7330193
3847 0.4074783
3848 0.3771937
3849 0.2140779
3850 0.1765689
3851 0.07592944
3852 0.7651338
3853 0.6686114
3854 0.4342669
3855 0.3573488
3856 0.7858816
3857 0.5024836
3858 0.0878099
3859 0.4881747
3860 0.1149236
3861 0.501825
3862 0.07371021
3863 0.07508245
3864 0.6568334
3865 0.1843822
3866 0.3504785
3867 0.5585551
3868 0.9683436
3869 0.01869341
3870 0.1033272
3871 0.4496635
3872 0.335709
3873 0.7834583
3874 0.7541141
3875 0.06529997
3876 0.5751462
3877 0.02091257
3878 0.4283772
3879 0.5056075
3880 0.5382864
3881 0.02547477
3882 0.04984439
3883 0.4253082
3884 0.1787198
3885 0.1756355
3886 0.4265117
3887 0.3876937
3888 0.2809123
3889 0.3552688
3890 0.02186255
3891 0.2654268
3892 0.0006486227
3893 0.1069306
3894 0.5590659
3895 0.1499212
3896 0.2822256
3897 0.2280067
3898 0.002285207
3899 0.02722716
3900 0.336094
3901 0.02178113
3902 0.9679119
3903 0.2568615
3904 0.07027628
3905 0.03417939
3906 0.2181189
3907 0.002133425
3908 0.3755689
3909 0.1070268
3910 0.123974
3911 0.993345
3912 0.02246834
3913 0.0262707
3914 0.2286477
3915 0.07395725
3916 0.07324017
3917 0.09132883
3918 0.4020329
3919 0.6875204
3920 0.004245309
3921 0.08692603
3922 0.09850752
3923 0.4353396
3924 0.8616172
3925 0.2919873
3926 0.9392951
3927 0.08544095
3928 0.3000271
3929 0.5008811
3930 0.5000788
3931 0.4116631
3932 0.6402696
3933 0.9755929
3934 0.4938991
3935 0.7160289
3936 0.296253
3937 0.559865
3938 0.8277309
3939 0.2891971
3940 0.04323499
3941 0.2786235
3942 0.02727769
3943 0.2558287
3944 0.4675983
3945 0.008149412
3946 0.8945493
3947 0.5042038
3948 0.01100101
3949 0.2172862
3950 0.2110337
3951 0.2539268
3952 0.3341052
3953 0.2428008
3954 0.7447828
3955 0.7565066
3956 0.07784028
3957 0.05465779
3958 0.02569985
3959 0.0004859111
3960 0.01654713
3961 0.1651734
3962 0.04501326
3963 0.2898599
3964 0.6920972
3965 0.02332426
3966 0.2466065
3967 0.07097687
3968 0.0405471
3969 0.05287704
3970 0.8589132
3971 0.1648495
3972 0.6222877
3973 0.7795329
3974 0.07197753
3975 0.03277189
3976 0.007049335
3977 0.02018201
3978 0.707279
3979 0.2087837
3980 0.1215407
3981 0.9012464
3982 0.601882
3983 0.2319283
3984 0.3855895
3985 0.294391
3986 0.238362
3987 0.9189962
3988 0.07171678
3989 0.3210989
3990 0.5836837
3991 0.7589626
3992 0.1823737
3993 0.6852756
3994 0.007006448
3995 0.2763734
3996 0.4951065
3997 0.6088483
3998 0.1336203
3999 0.1167344
4000 0.3198273
4001 0.9277145
4002 0.2494486
4003 0.5489247
4004 0.8557611
4005 0.1581747
4006 0.7340019
4007 0.1815262
4008 0.3074375
4009 0.005287869
4010 0.0633638
4011 0.7803385
4012 0.0737627
4013 0.1556597
4014 0.06555351
4015 0.4628746
4016 0.5971203
4017 0.9688159
4018 0.002015592
4019 0.9359309
4020 0.1786618
4021 0.2840703
4022 0.6632309
4023 0.003722015
4024 0.1881204
4025 0.394312
4026 0.3304031
4027 0.3473121
4028 0.00188638
4029 0.1143107
4030 0.8288045
4031 0.7755707
4032 0.4765581
4033 0.283404
4034 0.8671171
4035 0.4725287
4036 0.3989399
4037 0.7696546
4038 0.8527347
4039 0.04760212
4040 0.1703306
4041 0.0248613
4042 0.5564915
4043 0.0314391
4044 0.2190989
4045 0.7768274
4046 0.9637023
4047 0.6374077
4048 0.0763882
4049 0.7194608
4050 0.1500103
4051 0.8294393
4052 0.1480976
4053 0.7185794
4054 0.977069
4055 0.6816148
4056 0.8436092
4057 0.5897963
4058 0.4878733
4059 0.2784841
4060 0.3963236
4061 0.1845576
4062 0.003063732
4063 0.141119
4064 0.2625186
4065 0.5798711
4066 0.1694756
4067 0.5587938
4068 0.9864961
4069 0.06072999
4070 0.4249203
4071 0.7474321
4072 0.09433033
4073 0.9713174
4074 0.02925902
4075 0.9567036
4076 0.632538
4077 0.6241334
4078 0.4040404
4079 0.9281642
4080 0.5868697
4081 0.4997741
4082 0.09690972
4083 0.5218146
4084 0.02641604
4085 0.1483136
4086 0.4350344
4087 0.2164951
4088 0.3872691
4089 0.6031253
4090 0.002513598
4091 0.6421086
4092 0.05149844
4093 0.06666801
4094 0.1350703
4095 0.3310497
4096 0.5610596
4097 0.5208052
4098 0.03368571
4099 0.1024375
4100 0.0594252
4101 0.4405209
4102 0.04779856
4103 0.5337079
4104 0.005572246
4105 0.1001274
4106 0.01386086
4107 0.6247388
4108 0.009693369
4109 0.1475429
4110 0.707225
4111 0.431472
4112 0.9348744
4113 0.03577894
4114 0.4906397
4115 0.02471538
4116 0.1188145
4117 0.5737814
4118 0.04295501
4119 0.1328582
4120 0.0469007
4121 0.2662791
4122 0.9489137
4123 0.2816622
4124 0.03214651
4125 0.0675941
4126 0.1163731
4127 0.2621527
4128 0.1700572
4129 0.3553011
4130 0.1860616
4131 0.7331196
4132 0.3838774
4133 0.2922042
4134 0.8409996
4135 0.7447762
4136 0.1181561
4137 0.147769
4138 0.004972782
4139 0.7219296
4140 0.3595292
4141 0.8610021
4142 0.3611807
4143 0.1536524
4144 0.7900014
4145 0.3282485
4146 0.1228923
4147 0.03337047
4148 0.7294426
4149 0.006967687
4150 0.1380035
4151 0.6737278
4152 0.5102384
4153 0.04680366
4154 0.3200117
4155 0.1185222
4156 0.3241618
4157 0.1006092
4158 0.7136205
4159 0.07537552
4160 0.4443755
4161 0.6354365
4162 0.01593174
4163 0.4889429
4164 0.1259494
4165 0.3533086
4166 0.8428273
4167 0.3293053
4168 0.01703702
4169 0.05610342
4170 0.04361928
4171 0.2096782
4172 0.2214481
4173 0.3203896
4174 0.5683624
4175 0.9069522
4176 0.1041701
4177 0.6120795
4178 0.03527956
4179 0.9767254
4180 0.6930504
4181 0.1258209
4182 0.5478126
4183 0.8991463
4184 0.7526594
4185 0.8242364
4186 0.6752139
4187 0.156718
4188 0.1733587
4189 0.4587899
4190 0.4086178
4191 0.9503449
4192 0.3069226
4193 0.3796042
4194 0.3338267
4195 0.05023748
4196 0.7808914
4197 0.9785507
4198 0.9268381
4199 0.1417941
4200 0.4157695
4201 0.106479
4202 0.2333941
4203 0.7480634
4204 0.00257256
4205 0.03716264
4206 0.1871221
4207 0.9321999
4208 0.1974606
4209 0.1904407
4210 0.4333935
4211 0.03910248
4212 0.3945481
4213 0.36036
4214 0.1314475
4215 0.6194662
4216 0.002042083
4217 0.0004041339
4218 0.9345155
4219 0.02507265
4220 0.4684723
4221 0.4970419
4222 0.1936143
4223 0.5697417
4224 0.5010692
4225 0.3874934
4226 0.02839811
4227 0.003555812
4228 0.03535167
4229 0.6995694
4230 0.4451944
4231 0.1706962
4232 0.5132447
4233 0.01609232
4234 0.5483148
4235 0.1027161
4236 0.1706567
4237 0.002488485
4238 0.5766419
4239 0.001209884
4240 0.04369251
4241 0.01934665
4242 0.6106416
4243 0.03250672
4244 0.7621432
4245 0.5088892
4246 0.01013413
4247 0.2314929
4248 0.431208
4249 0.4434865
4250 0.003096751
4251 0.3081553
4252 0.9567396
4253 0.05473114
4254 0.4374433
4255 0.04315683
4256 0.05646825
4257 0.3630823
4258 0.1314806
4259 0.7956632
4260 0.344203
4261 0.3429503
4262 0.9509542
4263 0.1517001
4264 0.04997628
4265 0.1282662
4266 0.5942283
4267 0.7971653
4268 0.5027747
4269 0.3791455
4270 0.5789635
4271 0.3931498
4272 0.7328498
4273 0.7034525
4274 0.01781597
4275 0.633972
4276 0.03213159
4277 0.2670368
4278 0.01630185
4279 0.03243317
4280 0.03446166
4281 0.2383399
4282 0.5567258
4283 0.4135938
4284 0.6078018
4285 0.2734756
4286 0.04333699
4287 0.2740636
4288 0.6907345
4289 0.05213127
4290 0.652586
4291 0.209626
4292 0.6458245
4293 0.1175893
4294 0.04253726
4295 0.2241466
4296 0.6044192
4297 0.4243502
4298 0.6614148
4299 0.5767566
4300 0.07933317
4301 0.03702943
4302 0.04118177
4303 0.7153982
4304 0.4275114
4305 0.004331157
4306 0.6529285
4307 0.05868908
4308 0.2907906
4309 0.05957749
4310 0.1113625
4311 0.9087514
4312 0.2601582
4313 0.4953585
4314 0.4260346
4315 0.7272768
4316 0.2651493
4317 0.2082702
4318 0.1482858
4319 0.1127374
4320 0.02842249
4321 0.02827732
4322 0.2267379
4323 0.03904938
4324 0.2152243
4325 0.007307343
4326 0.8831496
4327 0.8054297
4328 0.0556076
4329 0.1595117
4330 0.7927196
4331 0.6060503
4332 0.7525326
4333 0.1547458
4334 0.04338133
4335 0.9238408
4336 0.3959331
4337 0.1104489
4338 0.3547255
4339 0.6521068
4340 0.1178535
4341 0.4330263
4342 0.9927842
4343 0.1678294
4344 0.1995337
4345 0.2449587
4346 0.1889596
4347 0.9096182
4348 0.3559897
4349 0.1444012
4350 0.1673013
4351 0.8177335
4352 0.6553548
4353 0.2710302
4354 0.06467208
4355 0.9288009
4356 0.2075076
4357 0.1477943
4358 0.04735461
4359 0.0034192
4360 0.1883808
4361 0.09319103
4362 0.07747518
4363 0.6804711
4364 0.9900592
4365 0.1813325
4366 0.0513754
4367 0.09233509
4368 0.291172
4369 0.3645995
4370 0.363287
4371 0.5626538
4372 0.2901562
4373 0.0760726
4374 0.1702934
4375 0.3124187
4376 0.8585403
4377 0.873694
4378 0.3073067
4379 0.9312689
4380 0.1619876
4381 0.4739773
4382 0.08772347
4383 0.6117357
4384 0.288087
4385 0.9895298
4386 0.2614095
4387 0.2533285
4388 0.3990301
4389 0.06855485
4390 0.06883385
4391 0.3800432
4392 0.1736766
4393 0.5248475
4394 0.1444501
4395 0.2859855
4396 0.01874209
4397 0.6012692
4398 0.02334603
4399 0.1087362
4400 0.8394116
4401 0.08022858
4402 0.5557684
4403 0.05378825
4404 0.04176204
4405 0.9949304
4406 0.05888269
4407 0.6435138
4408 0.8342173
4409 0.25146
4410 0.0273011
4411 0.03448055
4412 0.1787577
4413 0.02843691
4414 0.02322146
4415 0.2985928
4416 0.0386468
4417 0.3699595
4418 0.4190258
4419 0.08071925
4420 0.2478601
4421 0.03421249
4422 0.00330434
4423 0.3445662
4424 0.9738029
4425 0.7548899
4426 0.3984571
4427 0.1228257
4428 0.3932085
4429 0.6566129
4430 0.1501041
4431 0.007248924
4432 0.5637457
4433 0.01182738
4434 0.9676023
4435 0.1052124
4436 0.02085928
4437 0.1840271
4438 0.008980786
4439 0.7324869
4440 0.00827691
4441 0.2202378
4442 0.9300979
4443 0.3217699
4444 0.05586928
4445 0.8557885
4446 0.08509096
4447 0.7416572
4448 0.5154621
4449 0.1928889
4450 0.7637631
4451 0.6947482
4452 0.8587166
4453 0.3640799
4454 0.06730206
4455 0.8341795
4456 0.9281758
4457 0.6333198
4458 0.3317306
4459 0.1198863
4460 0.5652528
4461 0.06667764
4462 0.685466
4463 0.08995414
4464 0.6869099
4465 0.4563788
4466 0.06209129
4467 0.3826768
4468 0.6405194
4469 0.9231686
4470 0.540599
4471 0.8783769
4472 0.1125291
4473 0.3736528
4474 0.4638363
4475 0.379145
4476 0.02973337
4477 0.8634997
4478 0.336154
4479 0.9775666
4480 0.7362759
4481 0.2948882
4482 0.06626715
4483 0.6709577
4484 0.03180819
4485 0.0543495
4486 0.03007541
4487 0.7896208
4488 0.482627
4489 0.01747037
4490 0.008573383
4491 0.6037718
4492 0.5295222
4493 0.08065178
4494 0.8733386
4495 0.1260501
4496 0.3363555
4497 0.000244786
4498 0.08902673
4499 0.1679218
4500 0.2079819
4501 0.6189963
4502 0.01271634
4503 0.2994846
4504 0.3491948
4505 0.9135273
4506 0.3030561
4507 0.06997986
4508 0.9522919
4509 0.6305378
4510 0.1570936
4511 0.03378282
4512 0.005824748
4513 0.6708683
4514 0.0998736
4515 0.4635946
4516 0.1282161
4517 0.1443036
4518 0.8925702
4519 0.5494441
4520 0.3312389
4521 0.05486679
4522 0.3092185
4523 0.5789935
4524 0.1629222
4525 0.3962095
4526 0.2744071
4527 0.09930702
4528 0.8513305
4529 0.6268902
4530 0.7310536
4531 0.9445302
4532 0.5145633
4533 0.2210204
4534 0.05949137
4535 0.090074
4536 0.1312201
4537 0.05677324
4538 0.2456056
4539 0.0977669
4540 0.4207088
4541 0.1167468
4542 0.2806969
4543 0.4436625
4544 0.01321957
4545 0.2962857
4546 0.1507026
4547 0.4310883
4548 0.4708334
4549 0.4827772
4550 0.1103587
4551 0.1441907
4552 0.3235084
4553 0.4223924
4554 0.1262689
4555 0.1265453
4556 0.7427681
4557 0.2346729
4558 0.03701455
4559 0.4814775
4560 0.2934984
4561 0.06282382
4562 0.2035757
4563 0.5152237
4564 0.07439151
4565 0.0208398
4566 0.07460963
4567 0.01777062
4568 0.3654891
4569 0.08414108
4570 0.7912117
4571 0.5718424
4572 0.6448755
4573 0.8242317
4574 0.02064305
4575 0.1306469
4576 0.0174787
4577 0.8185169
4578 0.6113326
4579 0.4519225
4580 0.00416534
4581 0.02992276
4582 0.771044
4583 0.1235066
4584 0.1436815
4585 0.5078396
4586 0.1338161
4587 0.7646529
4588 0.6969785
4589 0.141308
4590 0.005557978
4591 0.07286038
4592 0.2036849
4593 0.2516962
4594 0.5905306
4595 0.6987935
4596 0.5381213
4597 0.6965848
4598 0.8483459
4599 0.2411366
4600 0.000492436
4601 0.1564564
4602 0.7331284
4603 0.5254557
4604 0.07947267
4605 0.8041608
4606 0.02944355
4607 0.4707412
4608 0.3157416
4609 0.07497506
4610 0.3132791
4611 0.09323183
4612 0.9659354
4613 0.5324081
4614 0.07875818
4615 0.4612706
4616 0.8592078
4617 0.573452
4618 0.3307633
4619 0.3314335
4620 0.1285754
4621 0.04257303
4622 0.5031222
4623 0.2630751
4624 0.08422702
4625 0.1137665
4626 0.4376227
4627 0.2585038
4628 0.1909545
4629 0.3271449
4630 0.2261615
4631 0.2944859
4632 0.6388534
4633 0.4632608
4634 0.1338551
4635 0.101508
4636 0.04259813
4637 0.9733419
4638 0.6004422
4639 0.4238211
4640 0.008490466
4641 0.8749231
4642 0.7803239
4643 0.7441872
4644 0.0127443
4645 0.005901856
4646 0.0526711
4647 0.0005145396
4648 0.02659139
4649 0.008881929
4650 0.7640991
4651 0.4648201
4652 0.3027761
4653 0.7610052
4654 0.2836234
4655 0.0141493
4656 0.5949045
4657 0.6835172
4658 0.5768695
4659 0.5655908
4660 0.005956581
4661 0.379014
4662 0.3221943
4663 0.09869124
4664 0.5664483
4665 0.1609696
4666 0.7558371
4667 0.2807116
4668 0.5141892
4669 0.7569191
4670 0.5282652
4671 0.8977941
4672 0.9711016
4673 0.1693835
4674 0.7887564
4675 0.5134646
4676 0.633315
4677 0.4235258
4678 0.4820342
4679 0.0216771
4680 0.4186416
4681 0.5622839
4682 0.008925304
4683 0.1790356
4684 0.002133731
4685 0.9880453
4686 0.1526031
4687 0.1206097
4688 0.2020133
4689 0.004833772
4690 0.281634
4691 0.9301128
4692 0.1212264
4693 0.3664491
4694 0.006935983
4695 0.1326676
4696 0.03416522
4697 0.008947361
4698 0.08260812
4699 0.01137226
4700 0.8964987
4701 0.1115568
4702 0.1701372
4703 0.2528843
4704 0.2997136
4705 0.03773176
4706 0.3714689
4707 0.9736496
4708 0.1765845
4709 0.2353626
4710 0.7297255
4711 0.8154771
4712 0.5501031
4713 0.8393513
4714 0.2934414
4715 0.5961889
4716 0.08560897
4717 0.9313469
4718 0.7838781
4719 0.7739932
4720 0.06179895
4721 0.4371393
4722 0.09041926
4723 0.05989396
4724 0.6069539
4725 0.07433718
4726 0.0007028018
4727 0.7810335
4728 0.09557277
4729 0.1872205
4730 0.5993214
4731 0.1450907
4732 0.1540558
4733 0.08477235
4734 0.3773043
4735 0.5304327
4736 0.1132763
4737 0.0007107969
4738 0.3834937
4739 0.8029
4740 0.02619723
4741 0.6673795
4742 0.01802288
4743 0.8465992
4744 0.1493204
4745 0.4288544
4746 0.2586537
4747 0.8199634
4748 0.770678
4749 0.30846
4750 0.4365255
4751 0.6842306
4752 0.08659399
4753 0.6311191
4754 0.5434368
4755 0.8295758
4756 0.1932598
4757 0.2440965
4758 0.02591862
4759 0.1153435
4760 0.01174115
4761 0.4649331
4762 0.08976424
4763 0.1443074
4764 0.05222293
4765 0.1004316
4766 0.02166077
4767 0.5432062
4768 0.004454906
4769 0.08556167
4770 0.09580421
4771 0.7787112
4772 0.0457622
4773 0.005917549
4774 0.7223114
4775 0.6817159
4776 0.1600634
4777 0.9940573
4778 0.004319992
4779 0.6805818
4780 0.2498949
4781 0.1787992
4782 0.3298583
4783 0.7700991
4784 0.3002824
4785 0.6650572
4786 0.6204717
4787 0.001082991
4788 0.6301967
4789 0.1811272
4790 0.3653624
4791 0.177455
4792 0.7159843
4793 0.1581844
4794 0.617331
4795 0.4791528
4796 0.4126313
4797 0.04301668
4798 0.7460149
4799 0.23578
4800 0.622451
4801 0.4949781
4802 0.6482301
4803 0.226525
4804 0.7577306
4805 0.1075608
4806 0.4267413
4807 0.0905683
4808 0.06211953
4809 0.2206075
4810 0.1595331
4811 0.6539091
4812 0.00144399
4813 0.9484083
4814 0.002651027
4815 0.8727057
4816 0.2299326
4817 0.9225556
4818 0.08719095
4819 0.4208954
4820 0.2270108
4821 0.9649014
4822 0.2023688
4823 0.3313567
4824 0.07143545
4825 0.5731387
4826 0.0550641
4827 0.1149971
4828 0.1366526
4829 0.08472337
4830 0.0752562
4831 0.660736
4832 0.03511742
4833 0.3300076
4834 0.0855905
4835 0.04121183
4836 0.9574201
4837 0.2666661
4838 0.2514022
4839 0.1930923
4840 0.2177094
4841 0.8489615
4842 0.1439472
4843 0.3400131
4844 0.313763
4845 0.1155345
4846 0.6179574
4847 0.2001714
4848 0.4047299
4849 0.2837969
4850 0.08035037
4851 0.959723
4852 0.301712
4853 0.04379414
4854 0.04237987
4855 0.9952855
4856 0.4377017
4857 0.005742202
4858 0.4824126
4859 0.07099796
4860 0.5499525
4861 0.5497698
4862 0.4512892
4863 0.06407457
4864 0.03478858
4865 0.9189302
4866 0.1050385
4867 0.8947598
4868 0.3688207
4869 0.5655866
4870 0.2892228
4871 0.1290369
4872 0.7918721
4873 0.1700544
4874 0.07956331
4875 0.1518022
4876 0.6622138
4877 0.2006922
4878 0.9141214
4879 0.6203427
4880 0.3058476
4881 0.03940838
4882 0.4356695
4883 0.7249217
4884 0.8175954
4885 0.07628626
4886 0.6582684
4887 0.1205648
4888 0.1411681
4889 0.1188146
4890 0.3247852
4891 0.4915482
4892 0.4453931
4893 0.5454481
4894 0.9319347
4895 0.06259338
4896 0.4682978
4897 0.04454389
4898 0.07519259
4899 0.6890415
4900 0.653352
4901 0.5106786
4902 0.5239054
4903 0.25621
4904 0.3262197
4905 0.1644519
4906 0.378653
4907 0.05423796
4908 0.1049252
4909 0.4713159
4910 0.03793529
4911 0.795827
4912 0.07125553
4913 0.02860012
4914 0.01946519
4915 0.6512306
4916 0.9927741
4917 0.2161975
4918 0.09972005
4919 0.2344967
4920 0.6025613
4921 0.6473497
4922 0.5042156
4923 0.001377155
4924 0.4412101
4925 0.09079227
4926 0.2888769
4927 0.7809607
4928 0.1191664
4929 0.002850084
4930 0.7004117
4931 0.06056556
4932 0.9207641
4933 0.4529586
4934 0.7641113
4935 0.2840124
4936 0.6055499
4937 0.8173425
4938 0.09808971
4939 0.7191955
4940 0.02281324
4941 0.02860146
4942 0.02879669
4943 0.5879306
4944 0.8230705
4945 0.1906075
4946 0.02937682
4947 0.6334467
4948 0.9509469
4949 0.3313334
4950 0.2392009
4951 0.4059656
4952 0.00453654
4953 0.4838237
4954 0.3769959
4955 0.008394111
4956 0.02407782
4957 0.8448417
4958 0.3452753
4959 0.06821063
4960 0.431436
4961 0.7049605
4962 0.001831331
4963 0.1112387
4964 0.08292011
4965 0.5037535
4966 0.003547956
4967 0.4072192
4968 0.02722695
4969 0.09698959
4970 0.09279716
4971 0.1998561
4972 0.005909478
4973 0.1213149
4974 0.7855977
4975 0.1609651
4976 0.4306113
4977 0.02886607
4978 0.1951965
4979 0.0444304
4980 0.1241873
4981 0.2284364
4982 0.6938335
4983 0.6868737
4984 0.2670525
4985 0.6956733
4986 0.7651657
4987 0.1897259
4988 0.9204046
4989 0.007053677
4990 0.3510371
4991 0.2239866
4992 0.2833495
4993 0.9753768
4994 0.3146538
4995 0.9499816
4996 0.2113517
4997 0.9100286
4998 0.3592231
4999 0.5265793
5000 0.001509634
