1 0.5981991
2 0.0170704
3 0.01431291
4 0.05914285
5 0.003837575
6 0.01529217
7 0.6989075
8 0.0160177
9 0.250585
10 0.009657602
11 0.008810366
12 0.02150514
13 0.002820142
14 0.005782424
15 0.04356967
16 0.485045
17 0.02062529
18 0.01066326
19 0.009251571
20 0.008756859
21 0.01519541
22 0.0133493
23 0.1178398
24 0.003163678
25 0.02202866
26 0.0181607
27 0.008016661
28 0.005937135
29 0.05218374
30 0.02249877
31 0.008005726
32 0.003928162
33 0.07308732
34 0.0239377
35 0.7581965
36 0.2622266
37 0.01667478
38 0.3800513
39 0.01378286
40 0.4158263
41 0.2993918
42 0.02787469
43 0.0312462
44 0.02795801
45 0.02292493
46 0.01887718
47 0.1312576
48 0.003597563
49 0.002656981
50 0.04659594
51 0.05832529
52 0.04091394
53 0.01923064
54 0.6642434
55 0.03582088
56 0.01896783
57 0.03414205
58 0.4365547
59 0.4033204
60 0.01730717
61 0.04163495
62 0.00539156
63 0.06083836
64 0.2560941
65 0.00389588
66 0.4367174
67 0.01467671
68 0.015849
69 0.002189188
70 0.6511729
71 0.006102555
72 0.01697889
73 0.3518194
74 0.004417167
75 0.006448096
76 0.6288555
77 0.008371945
78 0.005180808
79 0.01897688
80 0.04973055
81 0.002617711
82 0.01171568
83 0.1080358
84 0.004737177
85 0.02935409
86 0.004325214
87 0.00344509
88 0.07089794
89 0.0147639
90 0.02961714
91 0.007678117
92 0.0132
93 0.04094648
94 0.00103547
95 0.001276367
96 0.8187424
97 0.05135837
98 0.2160097
99 0.01856434
100 0.02446411
101 0.007245858
102 0.006560222
103 0.7449814
104 0.1041859
105 0.01019255
106 0.017168
107 0.003510296
108 0.04229828
109 0.01518371
110 0.110735
111 0.009156954
112 0.03142341
113 0.006579303
114 0.2531938
115 0.2256785
116 0.01564848
117 0.01721083
118 0.02304274
119 0.01968911
120 0.03789335
121 0.782924
122 0.00552614
123 0.01642586
124 0.4678625
125 0.02201689
126 0.02789565
127 0.3632659
128 0.003272417
129 0.5915324
130 0.006103236
131 0.4504346
132 0.008992069
133 0.06617039
134 0.02088679
135 0.780998
136 0.01563216
137 0.03099537
138 0.1789128
139 0.4986757
140 0.005153709
141 0.01447481
142 0.008384834
143 0.005035337
144 0.03770318
145 0.01411217
146 0.01767825
147 0.01398446
148 0.0161887
149 0.1258051
150 0.007270123
151 0.01475464
152 0.008849008
153 0.02834501
154 0.004685378
155 0.002608998
156 0.005769485
157 0.006472188
158 0.002589058
159 0.007200069
160 0.4123533
161 0.02023711
162 0.02003204
163 0.6531382
164 0.08081799
165 0.02867494
166 0.06973396
167 0.1097193
168 0.001500762
169 0.001952219
170 0.01127845
171 0.02190457
172 0.01825839
173 0.01874946
174 0.02842261
175 0.005520087
176 0.005742527
177 0.02637857
178 0.003339325
179 0.9000688
180 0.3791223
181 0.003587288
182 0.03421569
183 0.006499683
184 0.002258056
185 0.01319914
186 0.02559819
187 0.08040717
188 0.008370122
189 0.3728855
190 0.0284827
191 0.008626607
192 0.005822908
193 0.1559344
194 0.03299602
195 0.004230837
196 0.04414928
197 0.006019063
198 0.004394075
199 0.005048981
200 0.02163465
201 0.06897879
202 0.00633888
203 0.007947716
204 0.02986345
205 0.01139095
206 0.8744027
207 0.007533634
208 0.06536899
209 0.06279191
210 0.02587129
211 0.9147039
212 0.02414001
213 0.01519064
214 0.008339393
215 0.0203566
216 0.1499714
217 0.008869591
218 0.00404061
219 0.2487982
220 0.0168295
221 0.0154335
222 0.1324777
223 0.01241658
224 0.5409812
225 0.02039753
226 0.1011758
227 0.01974511
228 0.005387896
229 0.01908864
230 0.003835077
231 0.07199606
232 0.9945022
233 0.006379856
234 0.005695894
235 0.00647761
236 0.005155723
237 0.02880867
238 0.01163764
239 0.01481774
240 0.003893954
241 0.003193951
242 0.01539646
243 0.1034647
244 0.01963465
245 0.03199395
246 0.007883739
247 0.00304956
248 0.01426441
249 0.0067568
250 0.7527447
251 0.02157377
252 0.006880572
253 0.01600326
254 0.02123429
255 0.01121023
256 0.0150078
257 0.003045805
258 0.2150998
259 0.01944087
260 0.0322515
261 0.005284057
262 0.01416376
263 0.1973836
264 0.01508696
265 0.01079962
266 0.02560038
267 0.1046682
268 0.003784389
269 0.006903517
270 0.005182217
271 0.01490618
272 0.004380631
273 0.008631387
274 0.1217141
275 0.06563136
276 0.9142264
277 0.2405804
278 0.248066
279 0.005658713
280 0.00299217
281 0.007864795
282 0.06857218
283 0.01306302
284 0.01668681
285 0.01635837
286 0.04134181
287 0.4703871
288 0.01474659
289 0.02497271
290 0.08328348
291 0.01764224
292 0.01735292
293 0.008149095
294 0.1085434
295 0.1209467
296 0.01040469
297 0.1609207
298 0.001928098
299 0.006042454
300 0.3512844
301 0.1146221
302 0.0009717797
303 0.003791549
304 0.01485392
305 0.1227225
306 0.006477934
307 0.07612448
308 0.01760052
309 0.06646581
310 0.02613566
311 0.01142312
312 0.7470969
313 0.01357964
314 0.4835871
315 0.6023891
316 0.1484069
317 0.05579368
318 0.06643684
319 0.001136526
320 0.02858392
321 0.01442056
322 0.01801571
323 0.02121162
324 0.009317833
325 0.01399187
326 0.02200119
327 0.3381476
328 0.726964
329 0.01079291
330 0.004850731
331 0.006987531
332 0.03771522
333 0.06100972
334 0.0224925
335 0.5061957
336 0.02317037
337 0.01779873
338 0.04038743
339 0.009758062
340 0.7054609
341 0.03674749
342 0.3700698
343 0.2507687
344 0.008190475
345 0.01135293
346 0.01800938
347 0.05545848
348 0.01226582
349 0.006073663
350 0.1956432
351 0.006036604
352 0.006906702
353 0.001221646
354 0.02526261
355 0.006121447
356 0.294971
357 0.0145409
358 0.005232732
359 0.01808465
360 0.006527312
361 0.1770192
362 0.01284556
363 0.2970929
364 0.04667397
365 0.007440786
366 0.002342672
367 0.01503305
368 0.2560776
369 0.0515912
370 0.1417692
371 0.05428922
372 0.004117783
373 0.03191053
374 0.1213605
375 0.007453325
376 0.01714263
377 0.008615856
378 0.002576258
379 0.01666135
380 0.08894028
381 0.1289203
382 0.002826436
383 0.001206406
384 0.006918258
385 0.1450002
386 0.03615779
387 0.003789806
388 0.01948453
389 0.02573359
390 0.01240831
391 0.01626458
392 0.4675957
393 0.007596016
394 0.004206899
395 0.03835174
396 0.04825011
397 0.01391749
398 0.004651081
399 0.01760463
400 0.04608321
401 0.001651415
402 0.7252246
403 0.0042607
404 0.004174726
405 0.005288287
406 0.1762053
407 0.01623068
408 0.006759629
409 0.09736318
410 0.01945398
411 0.02415666
412 0.1709191
413 0.02279535
414 0.8107473
415 0.2388937
416 0.01309858
417 0.006999796
418 0.02812474
419 0.006242993
420 0.004035666
421 0.09166992
422 0.007783169
423 0.008416322
424 0.015913
425 0.6790204
426 0.01082542
427 0.006436505
428 0.08428342
429 0.0058261
430 0.02792728
431 0.00534711
432 0.03025153
433 0.005255076
434 0.1716624
435 0.1024536
436 0.04477615
437 0.01829
438 0.0005507816
439 0.02134274
440 0.02310681
441 0.9066095
442 0.272701
443 0.01644131
444 0.008373074
445 0.04791143
446 0.005788499
447 0.01017053
448 0.008226589
449 0.477454
450 0.4403032
451 0.01242589
452 0.0226679
453 0.9057062
454 0.01086313
455 0.7121364
456 0.006677345
457 0.01393533
458 0.002988375
459 0.004160989
460 0.01606582
461 0.01113548
462 0.0002732269
463 0.008451816
464 0.0141038
465 0.2695514
466 0.02046376
467 0.005230459
468 0.08327075
469 0.1989625
470 0.007041498
471 0.04420133
472 0.1326577
473 0.004289348
474 0.0233968
475 0.1231073
476 0.8181936
477 0.008109471
478 0.002741103
479 0.004122587
480 0.1602565
481 0.001937288
482 0.006671705
483 0.01700345
484 0.08159981
485 0.004209561
486 0.002383577
487 0.01827778
488 0.01680033
489 0.01819996
490 0.6488174
491 0.3822582
492 0.008003572
493 0.0163845
494 0.01276417
495 0.0160764
496 0.006014366
497 0.003145992
498 0.001854852
499 0.02177264
500 0.9586823
501 0.02585751
502 0.2035124
503 0.4546589
504 0.01868678
505 0.8243646
506 0.1209951
507 0.2403422
508 0.0167847
509 0.01143168
510 0.1152022
511 0.005767264
512 0.02088154
513 0.02221107
514 0.0100353
515 0.02936658
516 0.02936052
517 0.06895962
518 0.0119651
519 0.001940605
520 0.005495181
521 0.01847703
522 0.005959289
523 0.01305022
524 0.002408835
525 0.005938665
526 0.0376739
527 0.005364579
528 0.01712296
529 0.4527176
530 0.01697856
531 0.003664375
532 0.03688739
533 0.6007718
534 0.01824958
535 0.06122434
536 0.01585918
537 0.02816137
538 0.007152851
539 0.001298663
540 0.02047727
541 0.01269506
542 0.002007962
543 0.4804839
544 0.01401123
545 0.3452685
546 0.006114977
547 0.3861486
548 0.05401504
549 0.4591974
550 0.01687356
551 0.7249445
552 0.005152386
553 0.286812
554 0.01516143
555 0.2102215
556 0.005418969
557 0.836854
558 0.01700575
559 0.6084594
560 0.01390342
561 0.006116414
562 0.6590695
563 0.006403271
564 0.01521901
565 0.006381865
566 0.660475
567 0.01987109
568 0.01516255
569 0.002113625
570 0.01532113
571 0.6378074
572 0.006437989
573 0.008363012
574 0.01369873
575 0.005214069
576 0.02734097
577 0.0132631
578 0.01107252
579 0.6055155
580 0.04106015
581 0.01185978
582 0.02076269
583 0.02627822
584 0.01980905
585 0.007847684
586 0.1026517
587 0.6584963
588 0.03951668
589 0.4037176
590 0.006922138
591 0.02545061
592 0.4655852
593 0.002424748
594 0.2890811
595 0.01367441
596 0.01987151
597 0.2778718
598 0.01482578
599 0.7166346
600 0.1246019
601 0.007232182
602 0.01825606
603 0.006570348
604 0.005814595
605 0.003903425
606 0.000481877
607 0.5751816
608 0.09599503
609 0.1673317
610 0.06571665
611 0.1819015
612 0.01494545
613 0.5269381
614 0.1643012
615 0.01446559
616 0.6124517
617 0.00585825
618 0.001679152
619 0.01788262
620 0.01891336
621 0.5441212
622 0.01275134
623 0.6372534
624 0.007429569
625 0.3062651
626 0.007041234
627 0.01530632
628 0.03209522
629 0.01447021
630 0.01929609
631 0.1900608
632 0.01933661
633 0.3509218
634 0.1048041
635 0.01836272
636 0.110848
637 0.2135366
638 0.4090695
639 0.1863338
640 0.01875805
641 0.2332674
642 0.2028296
643 0.002872841
644 0.09645181
645 0.003244971
646 0.05701084
647 0.004900233
648 0.03124613
649 0.002441429
650 0.00708056
651 0.02398269
652 0.008326478
653 0.02372681
654 0.01596855
655 0.005868364
656 0.01431078
657 0.7233245
658 0.5642055
659 0.03499765
660 0.00668237
661 0.02910549
662 0.004960992
663 0.7891628
664 0.04373877
665 0.02541019
666 0.06084351
667 0.01939838
668 0.07676422
669 0.01964021
670 0.008183536
671 0.1760137
672 0.01596243
673 0.0426317
674 0.00225112
675 0.0157587
676 0.006552538
677 0.4660278
678 0.1487124
679 0.01749921
680 0.02232134
681 0.0695192
682 0.01488642
683 0.02034366
684 0.01969421
685 0.003037058
686 0.01694181
687 0.04253812
688 0.02396815
689 0.06066721
690 0.03423433
691 0.02404185
692 0.005474601
693 0.05214221
694 0.0302423
695 0.01926732
696 0.005463094
697 0.01168331
698 0.009976399
699 0.01292331
700 0.01795394
701 0.006112868
702 0.006727709
703 0.5626023
704 0.2256305
705 0.009107019
706 0.009749542
707 0.2541491
708 0.01527588
709 0.01638366
710 0.850637
711 0.000919525
712 0.01509472
713 0.009817007
714 0.004248127
715 0.01971363
716 0.07181034
717 0.028367
718 0.08999029
719 0.8612206
720 0.193624
721 0.0876121
722 0.5735733
723 0.04608356
724 0.163582
725 0.005979025
726 0.01480294
727 0.004796556
728 0.0102665
729 0.07483443
730 0.02209654
731 0.02228628
732 0.7217611
733 0.01838752
734 0.2214782
735 0.005791415
736 0.2939691
737 0.01557831
738 0.006429455
739 0.02426332
740 0.08138667
741 0.01603158
742 0.005768429
743 0.2909229
744 0.2232579
745 0.1062669
746 0.03923162
747 0.2432128
748 0.01123661
749 0.01368357
750 0.06485791
751 0.002955567
752 0.005070681
753 0.03495327
754 0.07627058
755 0.151409
756 0.05059691
757 0.01372441
758 0.0008600419
759 0.03985218
760 0.07631438
761 0.03245176
762 0.02389341
763 0.0105708
764 0.02502996
765 0.005468293
766 0.007000518
767 0.02051842
768 0.0205488
769 0.01374609
770 0.02215324
771 0.01759143
772 0.005704463
773 0.6721211
774 0.012281
775 0.03545249
776 0.006434498
777 0.2785911
778 0.05597572
779 0.03944783
780 0.05601524
781 0.001962077
782 0.03496133
783 0.02212949
784 0.100773
785 0.0111556
786 0.0422633
787 0.01750765
788 0.02447409
789 0.004682559
790 0.01235285
791 0.09449941
792 0.01179643
793 0.007255979
794 0.01201705
795 0.1852649
796 0.003456781
797 0.009133765
798 0.02422871
799 0.1013899
800 0.3377614
801 0.1267134
802 0.1701707
803 0.02198462
804 0.02004795
805 0.08579359
806 0.01208211
807 0.004459638
808 0.3172444
809 0.02003666
810 0.0312454
811 0.1348414
812 0.004755246
813 0.02690168
814 0.02188576
815 0.004416811
816 0.6533302
817 0.01473918
818 0.001490033
819 0.05320094
820 0.0182784
821 0.08329852
822 0.01702599
823 0.0411047
824 0.2832831
825 0.001004271
826 0.00447962
827 0.6934848
828 0.003717482
829 0.009576867
830 0.004051751
831 0.01210423
832 0.008141038
833 0.05354604
834 0.1333909
835 0.009095741
836 0.07752134
837 0.02890241
838 0.005899677
839 0.003089071
840 0.002325614
841 0.007281158
842 0.02783807
843 0.8717761
844 0.006849756
845 0.08572542
846 0.01333202
847 0.0196345
848 0.007032195
849 0.01194907
850 0.02070148
851 0.001907989
852 0.0130258
853 0.002831778
854 0.009147595
855 0.004047779
856 0.0190281
857 0.008532684
858 0.008239609
859 0.01825843
860 0.01628042
861 0.9911868
862 0.2959685
863 0.06430484
864 0.006659383
865 0.002895181
866 0.2219855
867 0.004377083
868 0.006904216
869 0.2623272
870 0.02493519
871 0.07473878
872 0.1282419
873 0.04687047
874 0.1549086
875 0.005690046
876 0.3655781
877 0.01661529
878 0.1383118
879 0.9335116
880 0.007841719
881 0.01674924
882 0.08016919
883 0.004975122
884 0.002664821
885 0.02158195
886 0.263808
887 0.005321414
888 0.004507044
889 0.01713016
890 0.01549065
891 0.01862485
892 0.4492256
893 0.0341635
894 0.03844194
895 0.6091605
896 0.09214261
897 0.02013433
898 0.1280332
899 0.008125142
900 0.4341051
901 0.8214893
902 0.003900263
903 0.008728986
904 0.06396353
905 0.01984427
906 0.005204842
907 0.01423095
908 0.005447237
909 0.03672397
910 0.3607601
911 0.02267807
912 0.08383514
913 0.1574873
914 0.000623261
915 0.1957582
916 0.004791215
917 0.02120237
918 0.007132518
919 0.005872665
920 0.1121809
921 0.5908062
922 0.6998915
923 0.07258467
924 0.8819764
925 0.01203007
926 0.02006927
927 0.1491562
928 0.1391546
929 0.03967178
930 0.8086569
931 0.09269819
932 0.02389111
933 0.02737327
934 0.2227185
935 0.01033077
936 0.02144735
937 0.008740166
938 0.02743858
939 0.2611011
940 0.02048348
941 0.003207464
942 0.002250617
943 0.7354903
944 0.008711744
945 0.04156593
946 0.220139
947 0.03166973
948 0.8789346
949 0.07796633
950 0.03137096
951 0.0255189
952 0.01642335
953 0.01948505
954 0.0172014
955 0.01166192
956 0.009819731
957 0.003998079
958 0.00430229
959 0.02564039
960 0.001820001
961 0.002210457
962 0.01390645
963 0.002384077
964 0.5726777
965 0.0112033
966 0.08357493
967 0.0290583
968 0.01383675
969 0.00933658
970 0.01277971
971 0.007111229
972 0.005157711
973 0.4047709
974 0.006202879
975 0.2951679
976 0.09967075
977 0.04160034
978 0.1031201
979 0.4635176
980 0.04940544
981 0.02536296
982 0.01931612
983 0.01213424
984 0.01424685
985 0.02117623
986 0.01786106
987 0.0417346
988 0.001734243
989 0.915611
990 0.00233162
991 0.03644301
992 0.1558347
993 0.01848041
994 0.01302991
995 0.001418758
996 0.01823694
997 0.01605373
998 0.01760194
999 0.1649026
1000 0.02560432
1001 0.001094777
1002 0.01568368
1003 0.3236029
1004 0.9414664
1005 0.1148842
1006 0.01949278
1007 0.01352774
1008 0.0143335
1009 0.01913621
1010 0.09551209
1011 0.7722228
1012 0.01935699
1013 0.03873469
1014 0.02418422
1015 0.01886886
1016 0.3783103
1017 0.1544806
1018 0.05562923
1019 0.04054008
1020 0.1222988
1021 0.01599246
1022 0.9404375
1023 0.0390417
1024 0.01891415
1025 0.2793893
1026 0.5064627
1027 0.01187243
1028 0.02825724
1029 0.04127323
1030 0.004451101
1031 0.5744425
1032 0.006990541
1033 0.002639118
1034 0.3202077
1035 0.01653557
1036 0.01850385
1037 0.009763616
1038 0.007452943
1039 0.008037364
1040 0.01085409
1041 0.01344509
1042 0.2396857
1043 0.05160877
1044 0.007103682
1045 0.0143193
1046 0.0165544
1047 0.002728543
1048 0.01843264
1049 0.003251502
1050 0.00194998
1051 0.01589245
1052 0.05464495
1053 0.007747151
1054 0.304526
1055 0.00262598
1056 0.03920127
1057 0.01526773
1058 0.01157684
1059 0.004964464
1060 0.1543026
1061 0.3623569
1062 0.0546872
1063 0.03576689
1064 0.02380779
1065 0.07902546
1066 0.001439459
1067 0.007822301
1068 0.01459009
1069 0.01611394
1070 0.05820585
1071 0.08930368
1072 0.01292281
1073 0.01349624
1074 0.02766946
1075 0.03036496
1076 0.04085185
1077 0.2096687
1078 0.007939423
1079 0.01634821
1080 0.04413958
1081 0.001700911
1082 0.4176224
1083 0.01433821
1084 0.006902681
1085 0.01432978
1086 0.02149069
1087 0.2422053
1088 0.0468556
1089 0.449582
1090 0.06425281
1091 0.003113476
1092 0.002759195
1093 0.009818288
1094 0.1780648
1095 0.93977
1096 0.0154891
1097 0.001457551
1098 0.01700319
1099 0.01582521
1100 0.5463634
1101 0.02319076
1102 0.005380499
1103 0.0447521
1104 0.8845589
1105 0.5164645
1106 0.3488819
1107 0.01192221
1108 0.007177805
1109 0.006134132
1110 0.02447192
1111 0.02328855
1112 0.01857394
1113 0.003931783
1114 0.001260695
1115 0.01405915
1116 0.005473481
1117 0.0003942212
1118 0.0236367
1119 0.01521776
1120 0.1218764
1121 0.07442599
1122 0.01791437
1123 0.1068299
1124 0.01783762
1125 0.08608377
1126 0.5056938
1127 0.004569552
1128 0.003074693
1129 0.5918282
1130 0.002879107
1131 0.8264371
1132 0.01540771
1133 0.07388497
1134 0.006181655
1135 0.5361006
1136 0.02675845
1137 0.0216405
1138 0.4389521
1139 0.001390806
1140 0.008484184
1141 0.05657521
1142 0.02269343
1143 0.01411025
1144 0.007358398
1145 0.01908633
1146 0.521639
1147 0.123615
1148 0.02659065
1149 0.02807305
1150 0.01996065
1151 0.003531335
1152 0.02173564
1153 0.7461336
1154 0.03809013
1155 0.006773396
1156 0.02100337
1157 0.05473507
1158 0.006129539
1159 0.003584622
1160 0.003095724
1161 0.03808727
1162 0.1687961
1163 0.08051211
1164 0.08845196
1165 0.00723229
1166 0.02259635
1167 0.000711356
1168 0.03460389
1169 0.01736882
1170 0.01565398
1171 0.5070756
1172 0.4487124
1173 0.1275709
1174 0.02151344
1175 0.01705351
1176 0.002783485
1177 0.01561574
1178 0.01984843
1179 0.02352518
1180 0.7908925
1181 0.03494832
1182 0.004923813
1183 0.003914008
1184 0.01345174
1185 0.05163689
1186 0.0133096
1187 0.581807
1188 0.01071119
1189 0.7660752
1190 0.6507631
1191 0.01429452
1192 0.009054289
1193 0.0103201
1194 0.7282503
1195 0.04336434
1196 0.01848803
1197 0.1702488
1198 0.1428082
1199 0.06148505
1200 0.006647094
1201 0.0367676
1202 0.02761004
1203 0.6992421
1204 0.06655747
1205 0.01234865
1206 0.01673949
1207 0.0001648287
1208 0.06037271
1209 0.00765686
1210 0.3369162
1211 0.7368896
1212 0.02059187
1213 0.01165552
1214 0.02446562
1215 0.09933828
1216 0.03397144
1217 0.001098832
1218 0.002730007
1219 0.03152013
1220 0.108043
1221 0.1443368
1222 0.3702911
1223 0.002320153
1224 0.001955761
1225 0.09032747
1226 0.009653732
1227 0.851005
1228 0.00370981
1229 0.03872047
1230 0.007442804
1231 0.02246315
1232 0.6360536
1233 0.04801223
1234 0.01442567
1235 0.02252213
1236 0.1473392
1237 0.03344805
1238 0.04020298
1239 0.007850884
1240 0.009625697
1241 0.07561429
1242 0.2179616
1243 0.09151628
1244 0.1612923
1245 0.01880798
1246 0.932264
1247 0.005701999
1248 0.005173995
1249 0.06176246
1250 0.6680475
1251 0.0215722
1252 0.9967703
1253 0.01277131
1254 0.01263913
1255 0.005055559
1256 0.3325663
1257 0.4321195
1258 0.03593904
1259 0.02315264
1260 0.001456217
1261 0.01439961
1262 0.006943943
1263 0.7807394
1264 0.2926011
1265 0.1475721
1266 0.8436101
1267 0.06617246
1268 0.3059022
1269 0.01454973
1270 0.0264748
1271 0.06054111
1272 0.01088118
1273 0.02235542
1274 0.01501053
1275 0.005897814
1276 0.003787777
1277 0.009355335
1278 0.1085757
1279 0.02329346
1280 0.006531246
1281 0.1562408
1282 0.187784
1283 0.00318188
1284 0.02934077
1285 0.003922618
1286 0.01538744
1287 0.005711744
1288 0.02202079
1289 0.02045833
1290 0.002281752
1291 0.1848229
1292 0.02834368
1293 0.005480652
1294 0.01087102
1295 0.01725272
1296 0.118628
1297 0.00628335
1298 0.001085503
1299 0.005566516
1300 0.3522673
1301 0.06943081
1302 0.9055813
1303 0.01737942
1304 0.01838538
1305 0.07398175
1306 0.01696216
1307 0.1137478
1308 0.006316551
1309 0.7861908
1310 0.01383818
1311 0.01962629
1312 0.02165949
1313 0.0912775
1314 0.8478377
1315 0.6957761
1316 0.00335704
1317 0.1313266
1318 0.0476825
1319 0.08783972
1320 0.05714752
1321 0.006651827
1322 0.006019368
1323 0.00717073
1324 0.03700316
1325 0.004130174
1326 0.2159704
1327 0.504186
1328 0.0181629
1329 0.01423621
1330 0.05307787
1331 0.03837471
1332 0.0218154
1333 0.02791109
1334 0.02062113
1335 0.01753817
1336 0.01847888
1337 0.2338482
1338 0.4066047
1339 0.01900006
1340 0.02080381
1341 0.006137034
1342 0.02027906
1343 0.03915216
1344 0.01146282
1345 0.01171674
1346 0.01334572
1347 0.01125197
1348 0.004452338
1349 0.01763203
1350 0.007193209
1351 0.5192648
1352 0.01517267
1353 0.0290539
1354 0.1001906
1355 0.01242019
1356 0.004542057
1357 0.1487531
1358 0.03733086
1359 0.7346771
1360 0.006205668
1361 0.1655542
1362 0.006977988
1363 0.8341193
1364 0.015499
1365 0.007691757
1366 0.01047832
1367 0.1867663
1368 0.8929223
1369 0.1063501
1370 0.01128355
1371 0.02574241
1372 0.6023494
1373 0.567528
1374 0.07650046
1375 0.0154941
1376 0.1984762
1377 0.02252131
1378 0.7081714
1379 0.008880444
1380 0.1038391
1381 0.006815245
1382 0.03397278
1383 0.07789423
1384 0.02652057
1385 0.01228658
1386 0.005089383
1387 0.3086848
1388 0.006354188
1389 0.01153214
1390 0.02035945
1391 0.01543097
1392 0.003222455
1393 0.02298196
1394 0.01274866
1395 0.1418534
1396 0.2146332
1397 0.01450237
1398 0.0008692729
1399 0.02712957
1400 0.4432391
1401 0.2988293
1402 0.03009569
1403 0.05952863
1404 0.01879922
1405 0.04871087
1406 0.007934496
1407 0.003610262
1408 0.007901068
1409 0.02117838
1410 0.006494935
1411 0.05266039
1412 0.03710823
1413 0.004317119
1414 0.911536
1415 0.02013077
1416 0.02146055
1417 0.4974095
1418 0.8241014
1419 0.07495814
1420 0.3008342
1421 0.01659766
1422 0.006506976
1423 0.07062995
1424 0.3771765
1425 0.1542269
1426 0.004985855
1427 0.1184162
1428 0.008113886
1429 0.02889316
1430 0.005947185
1431 0.6967909
1432 0.005597936
1433 0.01999923
1434 0.01723946
1435 0.03605728
1436 0.006004479
1437 0.003300981
1438 0.00434986
1439 0.3211501
1440 0.01970191
1441 0.01018693
1442 0.3630953
1443 0.7729464
1444 0.02075598
1445 0.2724538
1446 0.005713186
1447 0.017432
1448 0.04800267
1449 0.01137842
1450 0.01508858
1451 0.01873351
1452 0.001958557
1453 0.5049523
1454 0.003856367
1455 0.01917662
1456 0.08722032
1457 0.006884916
1458 0.004709354
1459 0.02365092
1460 0.009849033
1461 0.01447586
1462 0.2859337
1463 0.09640634
1464 0.003634941
1465 0.07949637
1466 0.671259
1467 0.02335663
1468 0.006542943
1469 0.009215519
1470 0.002504977
1471 0.9626756
1472 0.01472765
1473 0.08139459
1474 0.005199774
1475 0.0329212
1476 0.0303376
1477 0.01731421
1478 0.008791529
1479 0.01456722
1480 0.04953317
1481 0.01455402
1482 0.005031887
1483 0.003690025
1484 0.001427348
1485 0.5783817
1486 0.6952474
1487 0.03504234
1488 0.01661146
1489 0.005933748
1490 0.05672158
1491 0.02387206
1492 0.9595422
1493 0.001648106
1494 0.0677384
1495 0.03574816
1496 0.005009072
1497 0.1070702
1498 0.01176845
1499 0.0148406
1500 0.001482798
1501 0.007236334
1502 0.004337356
1503 0.008723391
1504 0.329145
1505 0.03363044
1506 0.01930719
1507 0.04383982
1508 0.01127172
1509 0.01098217
1510 0.0123368
1511 0.004618707
1512 0.166123
1513 0.04617073
1514 0.0198673
1515 0.00849629
1516 0.2067515
1517 0.01351047
1518 0.06651284
1519 0.01975954
1520 0.001456602
1521 0.01227085
1522 0.003701845
1523 0.005457534
1524 0.5292177
1525 0.4927873
1526 0.01535942
1527 0.01363802
1528 0.00557821
1529 0.003541999
1530 0.01595962
1531 0.03005492
1532 0.08393524
1533 0.003829761
1534 0.5264394
1535 0.03860933
1536 0.002262249
1537 0.02685112
1538 0.001445421
1539 0.059688
1540 0.008408185
1541 0.02162008
1542 0.02594312
1543 0.00114837
1544 0.1009128
1545 0.01829288
1546 0.02327062
1547 0.001262864
1548 0.03076684
1549 0.02862799
1550 0.01335765
1551 0.01155681
1552 0.003164228
1553 0.01715974
1554 0.7198514
1555 0.123315
1556 0.0111618
1557 0.01179288
1558 0.07581525
1559 0.05791263
1560 0.178526
1561 0.02145762
1562 0.01554828
1563 0.006580578
1564 0.9743759
1565 0.01886973
1566 0.01390001
1567 0.9098897
1568 0.00499746
1569 0.004820894
1570 0.004665305
1571 0.004979604
1572 0.002863972
1573 0.2009135
1574 0.006520876
1575 0.01262809
1576 0.01454678
1577 0.001916306
1578 0.05298114
1579 0.06405304
1580 0.01660689
1581 0.1601259
1582 0.005728233
1583 0.5129024
1584 0.005586208
1585 0.01433623
1586 0.02013212
1587 0.5745226
1588 0.01279109
1589 0.00723823
1590 0.01259801
1591 0.936905
1592 0.04289682
1593 0.02514174
1594 0.01761993
1595 0.006127776
1596 0.03282502
1597 0.006037244
1598 0.09572141
1599 0.01159089
1600 0.04180284
1601 0.1316298
1602 0.07537611
1603 0.03777393
1604 0.2973476
1605 0.1059134
1606 0.3480606
1607 0.005891389
1608 0.01355416
1609 0.1926264
1610 0.01793246
1611 0.1507868
1612 0.4956074
1613 0.01824899
1614 0.02544139
1615 0.02201158
1616 0.01320955
1617 0.04534243
1618 0.03306815
1619 0.008691193
1620 0.2692813
1621 0.03613732
1622 0.002339154
1623 0.007876724
1624 0.03617315
1625 0.01616628
1626 0.01504906
1627 0.01608751
1628 0.784804
1629 0.03427214
1630 0.009615838
1631 0.04387999
1632 0.01096903
1633 0.02402067
1634 0.1287798
1635 0.06910814
1636 0.01862356
1637 0.9882934
1638 0.01681413
1639 0.0020071
1640 0.326799
1641 0.02500771
1642 0.09310599
1643 0.4014943
1644 0.4500211
1645 0.006395627
1646 0.01158911
1647 0.009722331
1648 0.0165871
1649 0.04095188
1650 0.005414759
1651 0.01894332
1652 0.01525094
1653 0.02708252
1654 0.01690505
1655 0.1693914
1656 0.0004674252
1657 0.01942458
1658 0.0219856
1659 0.007016594
1660 0.002101214
1661 0.001465571
1662 0.001954457
1663 0.1059806
1664 0.3602687
1665 0.02074306
1666 0.06342823
1667 0.007613769
1668 0.03274456
1669 0.01226641
1670 0.7572719
1671 0.1544745
1672 0.01811178
1673 0.5669746
1674 0.003207168
1675 0.02124169
1676 0.01401052
1677 0.2853033
1678 0.01964077
1679 0.01176325
1680 0.005043186
1681 0.00272915
1682 0.004823386
1683 0.02279857
1684 0.003041978
1685 0.4085582
1686 0.005860783
1687 0.006964247
1688 0.01752007
1689 0.02540448
1690 0.008947489
1691 0.263153
1692 0.01419242
1693 0.01920837
1694 0.01350639
1695 0.1158605
1696 0.004616697
1697 0.0136232
1698 0.02259316
1699 0.02257903
1700 0.5056745
1701 0.003098585
1702 0.006588116
1703 0.02174615
1704 0.7661389
1705 0.4854966
1706 0.005938619
1707 0.003700795
1708 0.003482655
1709 0.0196221
1710 0.01601601
1711 0.03081982
1712 0.3681865
1713 0.000917914
1714 0.005956108
1715 0.01683775
1716 0.3072919
1717 0.001787057
1718 0.005696192
1719 0.00453357
1720 0.09086991
1721 0.3206987
1722 0.0136148
1723 0.08302823
1724 0.08120984
1725 0.01542529
1726 0.04779822
1727 0.004745083
1728 0.005082763
1729 0.8910684
1730 0.003230047
1731 0.3267893
1732 0.1339775
1733 0.01467823
1734 0.04017875
1735 0.004776946
1736 0.9263117
1737 0.0005535797
1738 0.01517007
1739 0.07030357
1740 0.4066991
1741 0.01041653
1742 0.04525395
1743 0.05694589
1744 0.005562979
1745 0.002869203
1746 0.01683164
1747 0.01612337
1748 0.01995723
1749 0.4348781
1750 0.005868663
1751 0.1195414
1752 0.02009691
1753 0.01419315
1754 0.01106351
1755 0.1519335
1756 0.04859946
1757 0.01090905
1758 0.3710186
1759 0.03649546
1760 0.4027408
1761 0.004969416
1762 0.1560907
1763 0.01384079
1764 0.3545693
1765 0.006504491
1766 0.534964
1767 0.005743847
1768 0.3353912
1769 0.1303657
1770 0.00441488
1771 0.005956022
1772 0.007526275
1773 0.0378404
1774 0.01784086
1775 0.01852854
1776 0.003853695
1777 0.008540273
1778 0.02706492
1779 0.006251294
1780 0.6627351
1781 0.2052327
1782 0.1694696
1783 0.04865388
1784 0.01486455
1785 0.4111978
1786 0.0140866
1787 0.2949569
1788 0.00523015
1789 0.1841745
1790 0.00518568
1791 0.1483199
1792 0.01424887
1793 0.00639473
1794 0.003401954
1795 0.01224276
1796 0.8311915
1797 0.141562
1798 0.1844052
1799 0.2226698
1800 0.006419402
1801 0.00577206
1802 0.0233996
1803 0.01209745
1804 0.01356722
1805 0.004145244
1806 0.01508638
1807 0.004915206
1808 0.5062341
1809 0.1069214
1810 0.07092394
1811 0.002243857
1812 0.02284369
1813 0.02512899
1814 0.01659467
1815 0.03003507
1816 0.2634779
1817 0.01727663
1818 0.03838618
1819 0.0254246
1820 0.07015632
1821 0.02871374
1822 0.007966149
1823 0.001642158
1824 0.00129264
1825 0.0775907
1826 0.8525148
1827 0.04542933
1828 0.01550495
1829 0.01475039
1830 0.02161332
1831 0.00498802
1832 0.01303086
1833 0.02919325
1834 0.1061736
1835 0.003942203
1836 0.009298646
1837 0.001115464
1838 0.00857585
1839 0.02241855
1840 0.002044838
1841 0.03477746
1842 0.008356516
1843 0.2484887
1844 0.003034856
1845 0.00480647
1846 0.01752861
1847 0.01945812
1848 0.02327507
1849 0.1362114
1850 0.02585763
1851 0.02602456
1852 0.8483261
1853 0.3258138
1854 0.01619442
1855 0.008823379
1856 0.008574895
1857 0.007278
1858 0.003723496
1859 0.1391211
1860 0.8449041
1861 0.4427602
1862 0.008733354
1863 0.9365954
1864 0.01316174
1865 0.07167965
1866 0.005836669
1867 0.02045912
1868 0.1121476
1869 0.008721789
1870 0.04110177
1871 0.04977081
1872 0.003108566
1873 0.4896686
1874 0.000133366
1875 0.01767243
1876 0.004959256
1877 0.01970087
1878 0.006717717
1879 0.007020179
1880 0.1371281
1881 0.006361563
1882 0.008907049
1883 0.06141467
1884 0.03364907
1885 0.003792266
1886 0.03776734
1887 0.0269508
1888 0.01303857
1889 0.01622694
1890 0.2867213
1891 0.04761995
1892 0.01323488
1893 0.006737962
1894 0.02921461
1895 0.02101201
1896 0.05897866
1897 0.06019148
1898 0.8173826
1899 0.009642181
1900 0.01560943
1901 0.005861344
1902 0.01100452
1903 0.5128698
1904 0.004138161
1905 0.03367304
1906 0.03854168
1907 0.001612739
1908 0.02142442
1909 0.003344089
1910 0.5041845
1911 0.07513167
1912 0.1810061
1913 0.00511174
1914 0.02136534
1915 0.2332066
1916 0.6548019
1917 0.007784963
1918 0.01687402
1919 0.05064849
1920 0.4629613
1921 0.1039516
1922 0.1266845
1923 0.0242451
1924 0.07721097
1925 0.02427852
1926 0.01327462
1927 0.07547339
1928 0.02142721
1929 0.01063862
1930 0.1088835
1931 0.01626408
1932 0.01215745
1933 0.047737
1934 0.02170672
1935 0.3819397
1936 0.1370374
1937 0.07689676
1938 0.4634279
1939 0.008225736
1940 0.0046308
1941 0.009919714
1942 0.02473729
1943 0.0858935
1944 0.0424112
1945 0.02398472
1946 0.006198604
1947 0.01357315
1948 0.1075675
1949 0.8181682
1950 0.02166137
1951 0.004643718
1952 0.003185298
1953 0.7200779
1954 0.09323926
1955 0.002020388
1956 0.2639362
1957 0.01946387
1958 0.01611018
1959 0.007155006
1960 0.004361942
1961 0.05485476
1962 0.01922016
1963 0.02077769
1964 0.02308218
1965 0.01404421
1966 0.01167183
1967 0.003122914
1968 0.006399066
1969 0.007878127
1970 0.01707883
1971 0.006708131
1972 0.007972171
1973 0.9068871
1974 0.882117
1975 0.01507941
1976 0.01188405
1977 0.1361172
1978 0.01588362
1979 0.01356526
1980 0.01791503
1981 0.02002869
1982 0.006051529
1983 0.029928
1984 0.4916983
1985 0.1665204
1986 0.01119316
1987 0.002797447
1988 0.01772606
1989 0.0183286
1990 0.08792513
1991 0.09374732
1992 0.0999244
1993 0.8850365
1994 0.1681367
1995 0.1314458
1996 0.007367692
1997 0.1151587
1998 0.6220344
1999 0.02771012
2000 0.01513242
2001 0.0163142
2002 0.005989731
2003 0.01645053
2004 0.01303053
2005 0.07050719
2006 0.04031262
2007 0.7636197
2008 0.007889523
2009 0.9374474
2010 0.00862509
2011 0.01613477
2012 0.003184909
2013 0.01270983
2014 0.1055453
2015 0.1875106
2016 0.3251728
2017 0.2696792
2018 0.42526
2019 0.08535721
2020 0.004976183
2021 0.01974155
2022 0.9717437
2023 0.03170534
2024 0.01714403
2025 0.06933549
2026 0.008068616
2027 0.004393203
2028 0.02059266
2029 0.08464117
2030 0.01596827
2031 0.03083468
2032 0.003027819
2033 0.862308
2034 0.01630461
2035 0.003455049
2036 0.05237247
2037 0.02419255
2038 0.2306661
2039 0.01395574
2040 0.008459345
2041 0.01545683
2042 0.007446568
2043 0.01428933
2044 0.00575114
2045 0.007207374
2046 0.006030735
2047 0.4521675
2048 0.01290653
2049 0.0158728
2050 0.01442039
2051 0.3436424
2052 0.008120089
2053 0.1771185
2054 0.09089931
2055 0.03391963
2056 0.004686861
2057 0.0125974
2058 0.04536903
2059 0.01037196
2060 0.1163584
2061 0.01988101
2062 0.01144077
2063 0.02390289
2064 0.008152884
2065 0.001541943
2066 0.05690907
2067 0.989129
2068 0.5294671
2069 0.05429819
2070 0.06265224
2071 0.04740456
2072 0.005859433
2073 0.0921315
2074 0.3422915
2075 0.02552968
2076 0.007721859
2077 0.8761905
2078 0.02186382
2079 0.003711531
2080 0.00650303
2081 0.01846975
2082 0.00737354
2083 0.003632891
2084 0.007732441
2085 0.1561988
2086 0.07627615
2087 0.00827909
2088 0.01119768
2089 0.003914863
2090 0.01787257
2091 0.09977286
2092 0.005403601
2093 0.144556
2094 0.7880736
2095 0.03467258
2096 0.02392738
2097 0.008107138
2098 0.007185075
2099 0.004895549
2100 0.01823937
2101 0.02263201
2102 0.01253128
2103 0.1722214
2104 0.2445196
2105 0.01193663
2106 0.9961174
2107 0.009295209
2108 0.006305645
2109 0.001251912
2110 0.00791821
2111 0.0441929
2112 0.003924599
2113 0.02112337
2114 0.2060307
2115 0.0273222
2116 0.007568175
2117 0.1696079
2118 0.0291212
2119 0.6787323
2120 0.004450236
2121 0.02247331
2122 0.00538525
2123 0.07998307
2124 0.02813991
2125 0.004664689
2126 0.1752666
2127 0.002445053
2128 0.02111144
2129 0.4542147
2130 0.003274059
2131 0.01321882
2132 0.001820741
2133 0.02531465
2134 0.04042715
2135 0.01617298
2136 0.013874
2137 0.02263951
2138 0.05890608
2139 0.004506482
2140 0.2227451
2141 0.01501358
2142 0.02402339
2143 0.009017763
2144 0.02434522
2145 0.01200675
2146 0.00314492
2147 0.03098256
2148 0.03669288
2149 0.00531385
2150 0.04056343
2151 0.009224189
2152 0.009636577
2153 0.02685857
2154 0.006528647
2155 0.01378784
2156 0.03203037
2157 0.01879507
2158 0.002046543
2159 0.04064886
2160 0.00890753
2161 0.6086567
2162 0.01659024
2163 0.004159552
2164 0.005679283
2165 0.30407
2166 0.02362423
2167 0.2546616
2168 0.1764517
2169 0.02080851
2170 0.08474401
2171 0.01759387
2172 0.006901428
2173 0.008526668
2174 0.0005294302
2175 0.438683
2176 0.004091984
2177 0.2011059
2178 0.03894394
2179 0.710565
2180 0.01657922
2181 0.04264472
2182 0.004014157
2183 0.03760285
2184 0.02399462
2185 0.007317392
2186 0.3823774
2187 0.02808556
2188 0.01363494
2189 0.5866752
2190 0.001773835
2191 0.01689858
2192 0.4291868
2193 0.001993235
2194 0.04233746
2195 0.02463809
2196 0.00741503
2197 0.09875414
2198 0.01754552
2199 0.924852
2200 0.9780323
2201 0.03189794
2202 0.009248037
2203 0.01223615
2204 0.006723898
2205 0.007333635
2206 0.00224573
2207 0.0087873
2208 0.03374583
2209 0.03089716
2210 0.01024778
2211 0.04236112
2212 0.07499902
2213 0.06150687
2214 0.02795938
2215 0.00537522
2216 0.1348789
2217 0.46424
2218 0.3045156
2219 0.02120343
2220 0.01420467
2221 0.02082613
2222 0.01092713
2223 0.7205151
2224 0.04387791
2225 0.03457691
2226 0.01168847
2227 0.003241625
2228 0.001621226
2229 0.3360005
2230 0.003287522
2231 0.003682548
2232 0.01408061
2233 0.2339485
2234 0.01429976
2235 0.01561229
2236 0.001143272
2237 0.05939364
2238 0.001741758
2239 0.01040036
2240 0.006512331
2241 0.006244951
2242 0.01169541
2243 0.002504564
2244 0.9406509
2245 0.008787903
2246 0.002766719
2247 0.01383302
2248 0.003844093
2249 0.03276308
2250 0.01979649
2251 0.004493104
2252 0.04217621
2253 0.01434706
2254 0.03471729
2255 0.1878262
2256 0.01445213
2257 0.00886987
2258 0.001716057
2259 0.02945763
2260 0.0184284
2261 0.01859275
2262 0.02120994
2263 0.01319816
2264 0.01934686
2265 0.005242731
2266 0.0009959587
2267 0.1448106
2268 0.01224062
2269 0.004709267
2270 0.05620637
2271 0.05256085
2272 0.9710074
2273 0.00423856
2274 0.02390347
2275 0.02170923
2276 0.310551
2277 0.004354266
2278 0.02098898
2279 0.02447516
2280 0.01579213
2281 0.4715207
2282 0.08956877
2283 0.02166235
2284 0.8485171
2285 0.03226418
2286 0.006049844
2287 0.2172642
2288 0.002152379
2289 0.006775278
2290 0.00347829
2291 0.3780354
2292 0.04267299
2293 0.06874144
2294 0.00857977
2295 0.7266999
2296 0.0118648
2297 0.02339547
2298 0.008013374
2299 0.01460902
2300 0.0197543
2301 0.9255563
2302 0.02366027
2303 0.0171563
2304 0.7709658
2305 0.00973063
2306 0.03448435
2307 0.0235546
2308 0.530656
2309 0.004987423
2310 0.8161024
2311 0.03110448
2312 0.006684536
2313 0.03777891
2314 0.1169928
2315 0.04232208
2316 0.7892402
2317 0.002844755
2318 0.01777782
2319 0.5607015
2320 0.1746442
2321 0.4349911
2322 0.01766317
2323 0.06113438
2324 0.01581384
2325 0.00239659
2326 0.392857
2327 0.02062675
2328 0.002130037
2329 0.006197464
2330 0.00329276
2331 0.007638268
2332 0.005657432
2333 0.04829011
2334 0.02226052
2335 0.04501846
2336 0.877187
2337 0.7380231
2338 0.1853305
2339 0.01733268
2340 0.01546689
2341 0.1452626
2342 0.0076153
2343 0.01809989
2344 0.02872927
2345 0.311261
2346 0.01268926
2347 0.01183968
2348 0.04366514
2349 0.009394999
2350 0.002765023
2351 0.01941779
2352 0.009525235
2353 0.01750223
2354 0.00532241
2355 0.006391057
2356 0.01485043
2357 0.1863556
2358 0.005157915
2359 0.00488514
2360 0.9551973
2361 0.9387117
2362 0.004885913
2363 0.02398626
2364 0.02467002
2365 0.9901052
2366 0.0321923
2367 0.005219623
2368 0.01721786
2369 0.005322728
2370 0.005441339
2371 0.007348706
2372 0.04095718
2373 0.0008144572
2374 0.07604477
2375 0.02350585
2376 0.00416648
2377 0.0667054
2378 0.02165539
2379 0.001500355
2380 0.05465534
2381 0.1123938
2382 0.3052419
2383 0.02335227
2384 0.8405008
2385 0.06325388
2386 0.05847718
2387 0.1542573
2388 0.004574389
2389 0.03693007
2390 0.004069692
2391 0.01354498
2392 0.0057564
2393 0.03812534
2394 0.1093349
2395 0.01162577
2396 0.07441826
2397 0.001377195
2398 0.03626188
2399 0.01988891
2400 0.01020786
2401 0.014618
2402 0.7429735
2403 0.00161226
2404 0.05719254
2405 0.03624567
2406 0.03164293
2407 0.000692991
2408 0.7010221
2409 0.1880291
2410 0.01872182
2411 0.007560621
2412 0.01932066
2413 0.0211625
2414 0.02653312
2415 0.0038336
2416 0.02226573
2417 0.03399321
2418 0.0412431
2419 0.01344182
2420 0.01477278
2421 0.3810422
2422 0.3250182
2423 0.01135823
2424 0.3918079
2425 0.863848
2426 0.04850207
2427 0.00113074
2428 0.5261621
2429 0.06391544
2430 0.008307298
2431 0.005740525
2432 0.4758589
2433 0.04004866
2434 0.3485214
2435 0.01281223
2436 0.007828403
2437 0.01580715
2438 0.007526709
2439 0.007168226
2440 0.7166934
2441 0.004538972
2442 0.3070074
2443 0.01855749
2444 0.0300607
2445 0.01193601
2446 0.001948845
2447 0.007523654
2448 0.01872513
2449 0.01169364
2450 0.03069402
2451 0.01857421
2452 0.008208513
2453 0.005945317
2454 0.1220135
2455 0.0201594
2456 0.1354761
2457 0.01711996
2458 0.8927646
2459 0.004494406
2460 0.06636049
2461 0.04447404
2462 0.1809231
2463 0.7184011
2464 0.02224887
2465 0.05194523
2466 0.02635282
2467 0.01539945
2468 0.2052383
2469 0.006795714
2470 0.7861437
2471 0.06548679
2472 0.02536198
2473 0.005335071
2474 0.7813617
2475 0.03340245
2476 0.01928184
2477 0.0217117
2478 0.01415095
2479 0.02686426
2480 0.0334538
2481 0.0453839
2482 0.01502405
2483 0.002903686
2484 0.3381125
2485 0.007352733
2486 0.01445042
2487 0.01694826
2488 0.7122856
2489 0.07669165
2490 0.004692388
2491 0.008842506
2492 0.01578947
2493 0.04931194
2494 0.02830574
2495 0.5863751
2496 0.01550282
2497 0.006107411
2498 0.004841249
2499 0.002234824
2500 0.01110142
2501 0.3733669
2502 0.114611
2503 0.02142121
2504 0.005719563
2505 0.01505256
2506 0.004751204
2507 0.2026187
2508 0.07102118
2509 0.514137
2510 0.003315038
2511 0.4204284
2512 0.001264411
2513 0.01625444
2514 0.01719746
2515 0.8693949
2516 0.01915202
2517 0.01727498
2518 0.03057791
2519 0.06928341
2520 0.00893873
2521 0.4033338
2522 0.5806824
2523 0.01541005
2524 0.005309705
2525 0.008796365
2526 0.007344935
2527 0.004323991
2528 0.0006828367
2529 0.4506522
2530 0.008297047
2531 0.005572513
2532 0.00695916
2533 0.003631973
2534 0.0119348
2535 0.07544301
2536 0.008030434
2537 0.008639016
2538 0.395717
2539 0.003634662
2540 0.005559323
2541 0.01019419
2542 0.01381186
2543 0.02351577
2544 0.008070685
2545 0.009718669
2546 0.004028407
2547 0.01114573
2548 0.01575618
2549 0.4684182
2550 0.02582548
2551 0.01575979
2552 0.1580148
2553 0.01605625
2554 0.005026264
2555 0.09212163
2556 0.0208377
2557 0.03509331
2558 0.02118019
2559 0.1319825
2560 0.01652711
2561 0.007017596
2562 0.2531187
2563 0.02878857
2564 0.008668185
2565 0.01664939
2566 0.6168824
2567 0.007275654
2568 0.01847238
2569 0.004604857
2570 0.01785736
2571 0.6520933
2572 0.9602707
2573 0.005123229
2574 0.3323992
2575 0.1523035
2576 0.01806844
2577 0.6507651
2578 0.005095585
2579 0.04766585
2580 0.007646087
2581 0.01738846
2582 0.004493517
2583 0.07825078
2584 0.7508431
2585 0.2382468
2586 0.01581651
2587 0.01886056
2588 0.04133645
2589 0.01705762
2590 0.643904
2591 0.008420203
2592 0.02790306
2593 0.0694253
2594 0.01928298
2595 0.02845951
2596 0.008289944
2597 0.5669697
2598 0.01195382
2599 0.006918962
2600 0.2738941
2601 0.002304104
2602 0.02576899
2603 0.007771805
2604 0.03505447
2605 0.03034782
2606 0.0213476
2607 0.02460967
2608 0.02762225
2609 0.008182473
2610 0.01004857
2611 0.09378029
2612 0.05027819
2613 0.03998956
2614 0.4593754
2615 0.01994042
2616 0.01910155
2617 0.06540298
2618 0.01866212
2619 0.008649919
2620 0.05675483
2621 0.6525649
2622 0.0172607
2623 0.01504561
2624 0.03993613
2625 0.01746386
2626 0.002719251
2627 0.006678308
2628 0.01940082
2629 0.3835498
2630 0.006646934
2631 0.004562101
2632 0.6781825
2633 0.04572403
2634 0.01995152
2635 0.0998104
2636 0.005870087
2637 0.0150801
2638 0.1141596
2639 0.03486878
2640 0.007707995
2641 0.008752793
2642 0.1178464
2643 0.006966376
2644 0.03753218
2645 0.5789433
2646 0.006533576
2647 0.04832434
2648 0.02292258
2649 0.233991
2650 0.5943336
2651 0.01056031
2652 0.03442385
2653 0.01977266
2654 0.04773936
2655 0.01292739
2656 0.02548636
2657 0.4195606
2658 0.02627553
2659 0.00247248
2660 0.0075506
2661 0.09705268
2662 0.2177269
2663 0.003290193
2664 0.006715151
2665 0.005422201
2666 0.002705293
2667 0.2459231
2668 0.01303906
2669 0.02915934
2670 0.02604732
2671 0.006628608
2672 0.01422731
2673 0.103563
2674 0.003810097
2675 0.007231374
2676 0.003567726
2677 0.00980923
2678 0.02047463
2679 0.008701152
2680 0.003793042
2681 0.03934017
2682 0.0347694
2683 0.007688964
2684 0.03133866
2685 0.003649227
2686 0.002165735
2687 0.01620208
2688 0.03565866
2689 0.02092869
2690 0.063803
2691 0.01693476
2692 0.1008435
2693 0.003370781
2694 0.001086431
2695 0.1609556
2696 0.02364543
2697 0.01148658
2698 0.006201692
2699 0.8676
2700 0.03447482
2701 0.02370946
2702 0.2670713
2703 0.01418252
2704 0.1614216
2705 0.1775318
2706 0.01677754
2707 0.01799971
2708 0.01817677
2709 0.4864832
2710 0.02193854
2711 0.01430858
2712 0.0152883
2713 0.008993056
2714 0.5045943
2715 0.11883
2716 0.1331318
2717 0.008020857
2718 0.01512467
2719 0.006382532
2720 0.08636808
2721 0.1059998
2722 0.006166051
2723 0.008049117
2724 0.01211573
2725 0.1289141
2726 0.0101267
2727 0.004325201
2728 0.02840527
2729 0.06028437
2730 0.8935461
2731 0.01448043
2732 0.01557716
2733 0.1885623
2734 0.01582392
2735 0.001963165
2736 0.7380259
2737 0.932958
2738 0.07712448
2739 0.08997203
2740 0.005338724
2741 0.01431002
2742 0.02352514
2743 0.006456563
2744 0.0154629
2745 0.02404881
2746 0.0154198
2747 0.01409886
2748 0.2165455
2749 0.01392677
2750 0.02057433
2751 0.003982146
2752 0.3990405
2753 0.5768108
2754 0.4319164
2755 0.1038222
2756 0.0012731
2757 0.003931909
2758 0.02040043
2759 0.003715643
2760 0.006012036
2761 0.0113675
2762 0.4833162
2763 0.2025569
2764 0.01022559
2765 0.0159746
2766 0.8842917
2767 0.9536099
2768 0.005348425
2769 0.02581005
2770 0.009752826
2771 0.001155393
2772 0.01473666
2773 0.006398879
2774 0.03492082
2775 0.05837236
2776 0.6216779
2777 0.0584827
2778 0.2686454
2779 0.3267925
2780 0.01844003
2781 0.00590675
2782 0.01033478
2783 0.1132904
2784 0.008101805
2785 0.02028515
2786 0.003654315
2787 0.02325064
2788 0.111463
2789 0.008123476
2790 0.001947898
2791 0.1843703
2792 0.01917319
2793 0.004380826
2794 0.01693018
2795 0.03168435
2796 0.02144181
2797 0.09452149
2798 0.01415738
2799 0.009146652
2800 0.00378601
2801 0.05392248
2802 0.00599123
2803 0.03293582
2804 0.006232325
2805 0.4733335
2806 0.002144277
2807 0.004326968
2808 0.01356133
2809 0.004192859
2810 0.01442773
2811 0.00295725
2812 0.01394875
2813 0.003885755
2814 0.2000808
2815 0.6916054
2816 0.01529165
2817 0.1213334
2818 0.003109662
2819 0.6190792
2820 0.04870734
2821 0.02017534
2822 0.01769453
2823 0.01989392
2824 0.2419412
2825 0.04927953
2826 0.03662359
2827 0.03034435
2828 0.0115972
2829 0.009324768
2830 0.004900845
2831 0.03911393
2832 0.0316597
2833 0.02177766
2834 0.00739226
2835 0.2640941
2836 0.004834561
2837 0.01318267
2838 0.007005277
2839 0.01423119
2840 0.02135092
2841 0.005168024
2842 0.008488329
2843 0.01626754
2844 0.2476837
2845 0.00590599
2846 0.03958982
2847 0.0003031839
2848 0.00495564
2849 0.02775725
2850 0.3093836
2851 0.6537541
2852 0.03647346
2853 0.02282701
2854 0.008163384
2855 0.005629797
2856 0.0001197124
2857 0.005927422
2858 0.968332
2859 0.7915965
2860 0.006392952
2861 0.001137353
2862 0.02167004
2863 0.1213602
2864 0.01997323
2865 0.004807972
2866 0.3106111
2867 0.01205989
2868 0.004485077
2869 0.04716351
2870 0.0130333
2871 0.003930936
2872 0.6672933
2873 0.08861233
2874 0.006471731
2875 0.01323646
2876 0.003376379
2877 0.004918633
2878 0.009337571
2879 0.7316813
2880 0.2233713
2881 0.01971737
2882 0.01745642
2883 0.03289231
2884 0.02210768
2885 0.9023139
2886 0.007829351
2887 0.01483285
2888 0.007089602
2889 0.007771821
2890 0.08707315
2891 0.02442361
2892 0.01527843
2893 0.09636666
2894 0.1673996
2895 0.005292091
2896 0.01243723
2897 0.8569957
2898 0.00415256
2899 0.01976272
2900 0.0249641
2901 0.7350679
2902 0.01894799
2903 0.02030595
2904 0.02141429
2905 0.01916149
2906 0.01646648
2907 0.01411436
2908 0.01654989
2909 0.2767433
2910 0.3402174
2911 0.01887336
2912 0.004523114
2913 0.007810863
2914 0.002946166
2915 0.006416788
2916 0.1141079
2917 0.002160444
2918 0.05329998
2919 0.05735095
2920 0.01565989
2921 0.009006667
2922 0.9575714
2923 0.01763672
2924 0.01294423
2925 0.01564853
2926 0.007029019
2927 0.01279755
2928 0.0156204
2929 0.0211491
2930 0.02002607
2931 0.03227293
2932 0.02964056
2933 0.05025738
2934 0.001536397
2935 0.02963234
2936 0.1987579
2937 0.01128342
2938 0.5008429
2939 0.8203694
2940 0.7381501
2941 0.009454447
2942 0.7566283
2943 0.01015745
2944 0.130512
2945 0.7027143
2946 0.001109601
2947 0.0358008
2948 0.02485271
2949 0.01728669
2950 0.00607944
2951 0.1173832
2952 0.006133918
2953 0.001747784
2954 0.01651438
2955 0.00399419
2956 0.01291368
2957 0.04849873
2958 0.0005451464
2959 0.170679
2960 0.006565796
2961 0.02740849
2962 0.3506132
2963 0.005921517
2964 0.6760926
2965 0.01118826
2966 0.01467063
2967 0.2317179
2968 0.10215
2969 0.005103743
2970 0.03492385
2971 0.5701219
2972 0.03360549
2973 0.5661345
2974 0.0228589
2975 0.06868467
2976 0.005991005
2977 0.00525436
2978 0.8050731
2979 0.03531946
2980 0.001309096
2981 0.4564816
2982 0.003579496
2983 0.3952519
2984 0.04528932
2985 0.01523003
2986 0.01340865
2987 0.08614636
2988 0.008932986
2989 0.006979923
2990 0.5792499
2991 0.02453106
2992 0.01479164
2993 0.01922607
2994 0.002364115
2995 0.1071322
2996 0.1495265
2997 0.03338326
2998 0.06054453
2999 0.0145057
3000 0.01900804
3001 0.006158761
3002 0.0006292207
3003 0.01149126
3004 0.01947918
3005 0.5449863
3006 0.0139961
3007 0.01976294
3008 0.005761247
3009 0.4260077
3010 0.7563582
3011 0.01099013
3012 0.01543449
3013 0.01664646
3014 0.01397999
3015 0.2021941
3016 0.004437293
3017 0.0158832
3018 0.2071361
3019 0.01249901
3020 0.04056264
3021 0.4608162
3022 0.01142702
3023 0.0353593
3024 0.01409485
3025 0.103922
3026 0.01588621
3027 0.005145552
3028 0.5163642
3029 0.02651477
3030 0.07092753
3031 0.01388904
3032 0.4513786
3033 0.04349357
3034 0.04062405
3035 0.005618377
3036 0.5855368
3037 0.01413874
3038 0.008696928
3039 0.1122419
3040 0.05986462
3041 0.1886299
3042 0.8915824
3043 0.3070161
3044 0.01331828
3045 0.02212824
3046 0.02204796
3047 0.01727968
3048 0.001858016
3049 0.009284298
3050 0.005017124
3051 0.01234037
3052 0.05845895
3053 0.4187905
3054 0.004749659
3055 0.01965998
3056 0.04901079
3057 0.1261014
3058 0.008252825
3059 0.0003557103
3060 0.04879037
3061 0.01195178
3062 0.008230666
3063 0.005810584
3064 0.008320364
3065 0.1069771
3066 0.4406589
3067 0.2506267
3068 0.4563474
3069 0.01617265
3070 0.494464
3071 0.001921727
3072 0.04483504
3073 0.02055553
3074 0.8959982
3075 0.006817365
3076 0.005776165
3077 0.004853083
3078 0.1273996
3079 0.01840748
3080 0.5878771
3081 0.6345253
3082 0.7852221
3083 0.008931601
3084 0.06854681
3085 0.1707612
3086 0.004904774
3087 0.3191704
3088 0.007642491
3089 0.02926649
3090 0.9546127
3091 0.05765233
3092 0.007935938
3093 0.07053261
3094 0.01750283
3095 0.005017993
3096 0.01293191
3097 0.6625171
3098 0.007678274
3099 0.03273412
3100 0.0250471
3101 0.001220236
3102 0.4861925
3103 0.7327212
3104 0.01841215
3105 0.01282007
3106 0.009034999
3107 0.02662646
3108 0.1455549
3109 0.8696457
3110 0.01741891
3111 0.05805845
3112 0.2118332
3113 0.8455536
3114 0.007566645
3115 0.004156329
3116 0.07041433
3117 0.04640319
3118 0.9933141
3119 0.08185914
3120 0.0221287
3121 0.1397337
3122 0.006082706
3123 0.006814688
3124 0.8623101
3125 0.9128788
3126 0.01436557
3127 0.003351919
3128 0.007585802
3129 0.1451452
3130 0.1139826
3131 0.0197256
3132 0.00831063
3133 0.01785763
3134 0.007967493
3135 0.02755053
3136 0.4976502
3137 0.005015437
3138 0.05299975
3139 0.006092577
3140 0.007438362
3141 0.01255709
3142 0.01474151
3143 0.7875479
3144 0.009703641
3145 0.02045002
3146 0.02096233
3147 0.1134486
3148 0.1973406
3149 0.004323535
3150 0.01941069
3151 0.02030675
3152 0.009939909
3153 0.8678294
3154 0.01616318
3155 0.01928789
3156 0.005421664
3157 0.01637649
3158 0.01424281
3159 0.009248433
3160 0.0321549
3161 0.001671707
3162 0.1589677
3163 0.0002033398
3164 0.02662537
3165 0.07910607
3166 0.00805976
3167 0.02097536
3168 0.03503367
3169 0.0107545
3170 0.7312554
3171 0.007125032
3172 0.005501581
3173 0.01762386
3174 0.4772517
3175 0.01692285
3176 0.004890214
3177 0.006666812
3178 0.03637215
3179 0.00250142
3180 0.05244597
3181 0.006070638
3182 0.02702299
3183 0.01228747
3184 0.003502933
3185 0.003869834
3186 0.007975372
3187 0.01213723
3188 0.01056625
3189 0.4688934
3190 0.009747226
3191 0.003529953
3192 0.02440677
3193 0.007564043
3194 0.02200023
3195 0.0076826
3196 0.01915051
3197 0.008274554
3198 0.005311508
3199 0.009817049
3200 0.01673842
3201 0.3654007
3202 0.02038408
3203 0.1892881
3204 0.003288431
3205 0.7812382
3206 0.02362058
3207 0.5417565
3208 0.01508338
3209 0.01607664
3210 0.06554128
3211 0.04095795
3212 0.2852463
3213 0.3994831
3214 0.02369858
3215 0.818227
3216 0.01709887
3217 0.007077224
3218 0.001959634
3219 0.02763275
3220 0.004371239
3221 0.01487178
3222 0.7496185
3223 0.01209962
3224 0.9185019
3225 0.1638575
3226 0.003578244
3227 0.007528822
3228 0.0009716911
3229 0.009158195
3230 0.002939759
3231 0.4444649
3232 0.01380685
3233 0.01468795
3234 0.005262096
3235 0.8693501
3236 0.1242223
3237 0.8312131
3238 0.02602658
3239 0.01677654
3240 0.008267572
3241 0.01976789
3242 0.2194925
3243 0.01142864
3244 0.002879042
3245 0.02294205
3246 0.007683782
3247 0.4835747
3248 0.01818718
3249 0.01657217
3250 0.1096148
3251 0.00863566
3252 0.01784072
3253 0.01298072
3254 0.002125637
3255 0.006330714
3256 0.01199614
3257 0.2580441
3258 0.005121631
3259 0.03905136
3260 0.03516518
3261 0.006950865
3262 0.01986377
3263 0.1914665
3264 0.01640427
3265 0.005519318
3266 0.01000276
3267 0.07487535
3268 0.03049457
3269 0.8605032
3270 0.2022821
3271 0.01223188
3272 0.1021823
3273 0.02075767
3274 0.0231778
3275 0.00468688
3276 0.02053122
3277 0.01253686
3278 0.006289407
3279 0.02059431
3280 0.6141232
3281 0.01244029
3282 0.3752261
3283 0.02076915
3284 0.005337797
3285 0.01727164
3286 0.03663102
3287 0.1136839
3288 0.06487124
3289 0.01006607
3290 0.005330402
3291 0.554995
3292 0.3293837
3293 0.005930878
3294 0.004836541
3295 0.8450832
3296 0.002393119
3297 0.04096982
3298 0.02514805
3299 0.006955395
3300 0.01410191
3301 0.03007957
3302 0.01533973
3303 0.003041425
3304 0.01857535
3305 0.006667468
3306 0.005507813
3307 0.5237584
3308 0.1545808
3309 0.1099644
3310 0.008323788
3311 0.2696693
3312 0.02954521
3313 0.5163483
3314 0.926166
3315 0.01174223
3316 0.01669638
3317 0.01580943
3318 0.005443009
3319 0.02326085
3320 0.6009822
3321 0.09225771
3322 0.3013981
3323 0.02184148
3324 0.07725264
3325 0.01233039
3326 0.007557035
3327 0.06628128
3328 0.01591426
3329 0.02261412
3330 0.02742584
3331 0.06291557
3332 0.8733512
3333 0.01678424
3334 0.00840487
3335 0.07352389
3336 0.09252307
3337 0.07848482
3338 0.03377093
3339 0.002840983
3340 0.006441935
3341 0.01393926
3342 0.8313401
3343 0.140228
3344 0.02816491
3345 0.02736216
3346 0.004565844
3347 0.003411738
3348 0.006858597
3349 0.007575439
3350 0.006952802
3351 0.4408129
3352 0.02022655
3353 0.03848198
3354 0.003708075
3355 0.005663414
3356 0.02095166
3357 0.09645459
3358 0.1003971
3359 0.004360732
3360 0.007043411
3361 0.03035212
3362 0.007767576
3363 0.006787685
3364 0.7228411
3365 0.01184684
3366 0.08780652
3367 0.01269976
3368 0.1211583
3369 0.007613653
3370 0.1541008
3371 0.4131873
3372 0.008800902
3373 0.004769066
3374 0.2021196
3375 0.1097036
3376 0.9852859
3377 0.002551828
3378 0.01499584
3379 0.006737217
3380 0.03495922
3381 0.004871089
3382 0.01382658
3383 0.001718846
3384 0.1234652
3385 0.014033
3386 0.01412275
3387 0.00741177
3388 0.03667847
3389 0.08175821
3390 0.03900288
3391 0.03561634
3392 0.00815039
3393 0.2857925
3394 0.008214827
3395 0.02817269
3396 0.002761774
3397 0.004176338
3398 0.5728972
3399 0.6933313
3400 0.03053535
3401 0.0160884
3402 0.005943122
3403 0.8341375
3404 0.03472397
3405 0.007860697
3406 0.01985135
3407 0.01367911
3408 0.009194135
3409 0.3422445
3410 0.004553864
3411 0.03704259
3412 0.00800301
3413 0.6571214
3414 0.06675624
3415 0.006864441
3416 0.1060326
3417 0.3646893
3418 0.003500467
3419 0.04012336
3420 0.1016422
3421 0.07579521
3422 0.1152738
3423 0.00546182
3424 0.116336
3425 0.005208797
3426 0.4425991
3427 0.01503286
3428 0.0266865
3429 0.005318541
3430 0.05900234
3431 0.002831187
3432 0.001974556
3433 0.01476441
3434 0.7617593
3435 0.1065127
3436 0.0155
3437 0.01475019
3438 0.008927412
3439 0.1495891
3440 0.1569501
3441 0.1236812
3442 0.0529977
3443 0.02866573
3444 0.02046436
3445 0.03088899
3446 0.06555737
3447 0.02150944
3448 0.09448333
3449 0.01848033
3450 0.00481859
3451 0.005846819
3452 0.002842007
3453 0.005321233
3454 0.0009447279
3455 0.503389
3456 0.007135819
3457 0.1514968
3458 0.02492508
3459 0.1762483
3460 0.00805894
3461 0.04877434
3462 0.01148756
3463 0.1316927
3464 0.1230354
3465 0.6459838
3466 0.008151921
3467 0.008870759
3468 0.007961232
3469 0.006947806
3470 0.004768333
3471 0.004205281
3472 0.3431452
3473 0.0408717
3474 0.01808118
3475 0.02223498
3476 0.007918079
3477 0.0139704
3478 0.04885141
3479 0.005998179
3480 0.005204547
3481 0.1462898
3482 0.01178108
3483 0.2172156
3484 0.4858213
3485 0.6620436
3486 0.06251159
3487 0.002412111
3488 0.00767339
3489 0.008430396
3490 0.5203393
3491 0.6963049
3492 0.004730171
3493 0.007840828
3494 0.008122269
3495 0.01605233
3496 0.4612813
3497 0.008369434
3498 0.02624034
3499 0.08437932
3500 0.0391052
3501 0.004437381
3502 0.02513968
3503 0.04595806
3504 0.1282847
3505 0.006141684
3506 0.003911243
3507 0.4183699
3508 0.5028797
3509 0.006696196
3510 0.01816641
3511 0.003548467
3512 0.9058107
3513 0.03298224
3514 0.9456816
3515 0.3107617
3516 0.01653345
3517 0.005772836
3518 0.02360231
3519 0.03204546
3520 0.1475994
3521 0.01570174
3522 0.01827534
3523 0.02156973
3524 0.01275009
3525 0.006362871
3526 0.3414647
3527 0.0187092
3528 0.006125422
3529 0.01630405
3530 0.006449177
3531 0.0245879
3532 0.01945231
3533 0.01383741
3534 0.005393445
3535 0.002718236
3536 0.02612325
3537 0.7598404
3538 0.5393748
3539 0.008084272
3540 0.01711289
3541 0.0415889
3542 0.003940189
3543 0.5877895
3544 0.01228001
3545 0.0642959
3546 0.006805616
3547 0.8955657
3548 0.4744052
3549 0.01347252
3550 0.2052813
3551 0.01664666
3552 0.0463181
3553 0.320066
3554 0.1369915
3555 0.1643652
3556 0.02597884
3557 0.003944599
3558 0.1494129
3559 0.007097049
3560 0.1949385
3561 0.6307758
3562 0.01172746
3563 0.109391
3564 0.04801094
3565 0.2567594
3566 0.04883237
3567 0.3323564
3568 0.01389429
3569 0.9400755
3570 0.7944426
3571 0.045136
3572 0.4519756
3573 0.1839454
3574 0.04248129
3575 0.04194996
3576 0.1005069
3577 0.006419552
3578 0.0009312929
3579 0.007326328
3580 0.4630999
3581 0.027569
3582 0.01222235
3583 0.002314533
3584 0.1512219
3585 0.7144589
3586 0.0318589
3587 0.02400008
3588 0.008049464
3589 0.02206893
3590 0.01608905
3591 0.02793543
3592 0.02492564
3593 0.6234984
3594 0.02107377
3595 0.01771246
3596 0.01203822
3597 0.06837135
3598 0.004344143
3599 0.00610103
3600 0.01402019
3601 0.0008131359
3602 0.006403967
3603 0.2235226
3604 0.4273019
3605 0.02484361
3606 0.002237233
3607 0.5579656
3608 0.007567044
3609 0.007975396
3610 0.02169779
3611 0.01052812
3612 0.007186236
3613 0.2291928
3614 0.03352338
3615 0.9017657
3616 0.2343354
3617 0.01796846
3618 0.007664187
3619 0.02870299
3620 0.02573731
3621 0.6267297
3622 0.02756262
3623 0.00399855
3624 0.9473195
3625 0.0207079
3626 0.00202443
3627 0.0244993
3628 0.01783467
3629 0.006586496
3630 0.161457
3631 0.004163803
3632 0.006130123
3633 0.2179462
3634 0.001181944
3635 0.02359398
3636 0.1016825
3637 0.7563941
3638 0.06704677
3639 0.005899102
3640 0.01224965
3641 0.04697603
3642 0.005139242
3643 0.001248777
3644 0.0139115
3645 0.001833312
3646 0.5202013
3647 0.008034003
3648 0.004789406
3649 0.000940039
3650 0.0111678
3651 0.00521605
3652 0.05179726
3653 0.004435913
3654 0.05520459
3655 0.1019988
3656 0.008208404
3657 0.01655655
3658 0.004001212
3659 0.007283555
3660 0.05439786
3661 0.009597414
3662 0.3224052
3663 0.01645245
3664 0.03310458
3665 0.03438036
3666 0.002225986
3667 0.09405869
3668 0.9393479
3669 0.4973547
3670 0.005057743
3671 0.1738481
3672 0.08883988
3673 0.01492271
3674 0.0223492
3675 0.03002223
3676 0.02718991
3677 0.01474888
3678 0.006044165
3679 0.008532075
3680 0.06686557
3681 0.001416495
3682 0.004832112
3683 0.1512614
3684 0.2456694
3685 0.01384613
3686 0.01136263
3687 0.1738699
3688 0.001827445
3689 0.008984863
3690 0.359482
3691 0.01857125
3692 0.002893571
3693 0.06946485
3694 0.383736
3695 0.1247425
3696 0.006081181
3697 0.02897379
3698 0.006304357
3699 0.006833806
3700 0.8978498
3701 0.0151311
3702 0.7941651
3703 0.03244749
3704 0.002433562
3705 0.006862805
3706 0.004941424
3707 0.4847777
3708 0.9322933
3709 0.004725687
3710 0.008614747
3711 0.312211
3712 0.01413124
3713 0.01560584
3714 0.01104275
3715 0.03304393
3716 0.04215244
3717 0.1928975
3718 0.02540316
3719 0.0254911
3720 0.0006966736
3721 0.02723319
3722 0.5446692
3723 0.3078745
3724 0.07062252
3725 0.03430494
3726 0.01016486
3727 0.009123454
3728 0.04519265
3729 0.04456855
3730 0.01219893
3731 0.01731836
3732 0.005586081
3733 0.02076865
3734 0.03719533
3735 0.004078184
3736 0.02167966
3737 0.02935776
3738 0.00936013
3739 0.01705079
3740 0.03238314
3741 0.01463077
3742 0.0139295
3743 0.01252616
3744 0.684384
3745 0.4702413
3746 0.03242258
3747 0.009889293
3748 0.0142459
3749 0.001027928
3750 0.001900901
3751 0.02105269
3752 0.01463838
3753 0.03149834
3754 0.08399039
3755 0.006298319
3756 0.5607001
3757 0.091722
3758 0.00360388
3759 0.02729449
3760 0.006504819
3761 0.02521228
3762 0.003969691
3763 0.01215153
3764 0.1891183
3765 0.01750475
3766 0.01483104
3767 0.3200878
3768 0.00436645
3769 0.460256
3770 0.06610765
3771 0.01647958
3772 0.0003949156
3773 0.008542793
3774 0.406114
3775 0.1268541
3776 0.04789305
3777 0.00959036
3778 0.03536526
3779 0.004780577
3780 0.002652422
3781 0.01221879
3782 0.05637205
3783 0.2983873
3784 0.00662187
3785 0.06240707
3786 0.007753723
3787 0.4414284
3788 0.00840019
3789 0.0105608
3790 0.003037798
3791 0.03231352
3792 0.231471
3793 0.01536723
3794 0.03324892
3795 0.05533785
3796 0.0063172
3797 0.4972695
3798 0.01456194
3799 0.005816085
3800 0.004484047
3801 0.02628777
3802 0.00607579
3803 0.005828821
3804 0.01371382
3805 0.005104545
3806 0.01199248
3807 0.04745405
3808 0.03806353
3809 0.1282944
3810 0.02363887
3811 0.08550824
3812 0.3347071
3813 0.07877558
3814 0.1736303
3815 0.01717552
3816 0.003176263
3817 0.009652628
3818 0.05166179
3819 0.4486511
3820 0.01138741
3821 0.005060829
3822 0.7952086
3823 0.09442601
3824 0.02173947
3825 0.01624516
3826 0.2175027
3827 0.01701761
3828 0.490618
3829 0.6423496
3830 0.0006386234
3831 0.01578827
3832 0.0004498326
3833 0.7126758
3834 0.01434799
3835 0.02549015
3836 0.07857983
3837 0.05631198
3838 0.09272748
3839 0.0201318
3840 0.1135271
3841 0.004581939
3842 0.0262435
3843 0.01100186
3844 0.005401164
3845 0.006951526
3846 0.09841123
3847 0.07756842
3848 0.01438526
3849 0.008037698
3850 0.002593178
3851 0.0188967
3852 0.3797707
3853 0.03385908
3854 0.1882002
3855 0.008568685
3856 0.9460515
3857 0.01174074
3858 0.004089405
3859 0.005662899
3860 0.0221679
3861 0.1834328
3862 0.005794616
3863 0.01434484
3864 0.03957681
3865 0.00106689
3866 0.251087
3867 0.08811921
3868 0.02665296
3869 0.00508267
3870 0.00641033
3871 0.3521513
3872 0.04353714
3873 0.739273
3874 0.1233523
3875 0.01519879
3876 0.02645831
3877 0.01182403
3878 0.2786537
3879 0.02973658
3880 0.1696042
3881 0.007523577
3882 0.01358542
3883 0.004593395
3884 0.02019892
3885 0.02227464
3886 0.008092905
3887 0.08196072
3888 0.005848738
3889 0.0164627
3890 0.0125067
3891 0.01852587
3892 0.001019197
3893 0.007680354
3894 0.02414941
3895 0.01687552
3896 0.0330796
3897 0.01852813
3898 0.005777171
3899 0.007202631
3900 0.01861833
3901 0.003346737
3902 0.02340449
3903 0.4910763
3904 0.005744001
3905 0.01408326
3906 0.4191326
3907 0.003036073
3908 0.1714729
3909 0.01628245
3910 0.00260219
3911 0.250958
3912 0.002171625
3913 0.00748345
3914 0.01959761
3915 0.007087612
3916 0.02164968
3917 0.008130472
3918 0.02400939
3919 0.03216191
3920 0.006106893
3921 0.008382538
3922 0.01798484
3923 0.6319405
3924 0.01211753
3925 0.007202071
3926 0.07817266
3927 0.1303753
3928 0.05036866
3929 0.1061213
3930 0.2251125
3931 0.3280541
3932 0.02063799
3933 0.01108284
3934 0.02421825
3935 0.08793567
3936 0.01728889
3937 0.02929634
3938 0.1017942
3939 0.03682611
3940 0.4666864
3941 0.4960128
3942 0.0120712
3943 0.01977317
3944 0.02349688
3945 0.005910623
3946 0.4712998
3947 0.02362092
3948 0.008256758
3949 0.02166147
3950 0.00614339
3951 0.002868554
3952 0.006622792
3953 0.006217544
3954 0.03832566
3955 0.01011939
3956 0.00433888
3957 0.01399217
3958 0.008323051
3959 0.006122446
3960 0.001691022
3961 0.00685115
3962 0.01105589
3963 0.6366827
3964 0.04257514
3965 0.00261836
3966 0.03289284
3967 0.01634146
3968 0.003780534
3969 0.005102499
3970 0.03950399
3971 0.003748471
3972 0.2786024
3973 0.06149878
3974 0.00692005
3975 0.006728385
3976 0.0004979032
3977 0.006630661
3978 0.08571768
3979 0.03091052
3980 0.003910191
3981 0.02702053
3982 0.441596
3983 0.8594896
3984 0.0100305
3985 0.03105051
3986 0.009419281
3987 0.4856351
3988 0.005806537
3989 0.4909892
3990 0.001001807
3991 0.2470224
3992 0.08329727
3993 0.7214802
3994 0.006306202
3995 0.006136996
3996 0.02000151
3997 0.3954447
3998 0.01581247
3999 0.01764359
4000 0.0248477
4001 0.1412778
4002 0.1467315
4003 0.03868161
4004 0.6432121
4005 0.01836217
4006 0.2784932
4007 0.01660669
4008 0.8948576
4009 0.008554635
4010 0.01594512
4011 0.2870463
4012 0.01468244
4013 0.002082921
4014 0.01533232
4015 0.2770154
4016 0.1059485
4017 0.05256288
4018 0.004028214
4019 0.9569255
4020 0.08377783
4021 0.009077087
4022 0.6510413
4023 0.00492848
4024 0.8728671
4025 0.0503323
4026 0.0300576
4027 0.02742131
4028 0.005864774
4029 0.018414
4030 0.5388714
4031 0.01902443
4032 0.5917709
4033 0.00796213
4034 0.2691968
4035 0.07174709
4036 0.01147162
4037 0.02815876
4038 0.3233953
4039 0.01429248
4040 0.006769201
4041 0.01126738
4042 0.02889116
4043 0.01422071
4044 0.0493062
4045 0.04416895
4046 0.07562117
4047 0.02425003
4048 0.01624814
4049 0.02770928
4050 0.03503456
4051 0.02331757
4052 0.002018299
4053 0.02242503
4054 0.1668565
4055 0.3824199
4056 0.9804734
4057 0.3062298
4058 0.711801
4059 0.02391707
4060 0.1405569
4061 0.02646984
4062 0.0008225337
4063 0.008739945
4064 0.001627332
4065 0.1098546
4066 0.01667784
4067 0.02833626
4068 0.9601342
4069 0.01539285
4070 0.7617753
4071 0.006978151
4072 0.9924737
4073 0.04987794
4074 0.007973252
4075 0.02786588
4076 0.03676458
4077 0.6270069
4078 0.02488941
4079 0.6329159
4080 0.1160856
4081 0.007499419
4082 0.015578
4083 0.009229851
4084 0.01239912
4085 0.02012266
4086 0.05212394
4087 0.01843249
4088 0.03107165
4089 0.02989124
4090 0.002606157
4091 0.05038308
4092 0.005754131
4093 0.005559302
4094 0.01856913
4095 0.5159947
4096 0.968999
4097 0.04447209
4098 0.004201214
4099 0.00588466
4100 0.004655117
4101 0.7013054
4102 0.1171465
4103 0.02999234
4104 0.007806145
4105 0.08557205
4106 0.02279626
4107 0.08314621
4108 0.1478599
4109 0.01867681
4110 0.01051042
4111 0.2670457
4112 0.02512552
4113 0.007010296
4114 0.7278463
4115 0.004590671
4116 0.006497963
4117 0.007877303
4118 0.0051713
4119 0.01943924
4120 0.01354126
4121 0.005678692
4122 0.0208319
4123 0.006042316
4124 0.01343203
4125 0.01343867
4126 0.02975932
4127 0.03335374
4128 0.001830357
4129 0.006715221
4130 0.03781324
4131 0.625288
4132 0.03117243
4133 0.007941124
4134 0.1781323
4135 0.1519766
4136 0.003266829
4137 0.006012962
4138 0.002916169
4139 0.01246026
4140 0.0202444
4141 0.437206
4142 0.007464999
4143 0.009174582
4144 0.06327943
4145 0.07855531
4146 0.03260728
4147 0.01588701
4148 0.2926557
4149 0.0059807
4150 0.01642631
4151 0.222003
4152 0.1420976
4153 0.01340365
4154 0.00473145
4155 0.0109408
4156 0.02639295
4157 0.01706072
4158 0.01139518
4159 0.01599064
4160 0.03598084
4161 0.1217907
4162 0.007561917
4163 0.1274877
4164 0.007925302
4165 0.9365035
4166 0.6124866
4167 0.01820431
4168 0.0001676235
4169 0.005205663
4170 0.01558381
4171 0.01318275
4172 0.01644351
4173 0.2617033
4174 0.03657354
4175 0.04494256
4176 0.0025455
4177 0.009044166
4178 0.0132948
4179 0.08348276
4180 0.01769646
4181 0.01987054
4182 0.6928787
4183 0.08015602
4184 0.1624242
4185 0.1860807
4186 0.1463517
4187 0.003132792
4188 0.005448417
4189 0.02406395
4190 0.007168064
4191 0.03634184
4192 0.00301272
4193 0.02148618
4194 0.005942317
4195 0.01453775
4196 0.07060252
4197 0.9601028
4198 0.499192
4199 0.05490944
4200 0.03133518
4201 0.01767222
4202 0.02002134
4203 0.01136373
4204 0.001913154
4205 0.004286388
4206 0.01594185
4207 0.211962
4208 0.02052586
4209 0.004884256
4210 0.04950214
4211 0.00587725
4212 0.3828041
4213 0.003880213
4214 0.002661395
4215 0.4122172
4216 0.007252927
4217 0.005615492
4218 0.1773439
4219 0.007211867
4220 0.01179477
4221 0.0231626
4222 0.003199527
4223 0.554598
4224 0.3979536
4225 0.2221239
4226 0.01278718
4227 0.005244801
4228 0.0139129
4229 0.09459959
4230 0.03316426
4231 0.006901469
4232 0.007654116
4233 0.005091719
4234 0.01006935
4235 0.01906319
4236 0.0169097
4237 0.005740771
4238 0.7140458
4239 0.001829373
4240 0.01506683
4241 0.01137167
4242 0.009996006
4243 0.01303661
4244 0.07252035
4245 0.02404439
4246 0.001106823
4247 0.4880628
4248 0.06327249
4249 0.05323341
4250 0.006190852
4251 0.1358244
4252 0.1209662
4253 0.01600495
4254 0.007303689
4255 0.01409423
4256 0.00830263
4257 0.6854287
4258 0.005811219
4259 0.07637391
4260 0.3465843
4261 0.02494805
4262 0.7198427
4263 0.01732621
4264 0.001125223
4265 0.004116479
4266 0.01312991
4267 0.09672719
4268 0.0320204
4269 0.6127604
4270 0.0542559
4271 0.006562673
4272 0.1358753
4273 0.6152873
4274 0.005616461
4275 0.06904525
4276 0.01367499
4277 0.03098131
4278 0.0103453
4279 0.004672812
4280 0.005107498
4281 0.1381968
4282 0.4598662
4283 0.03258105
4284 0.01080764
4285 0.007230376
4286 0.005255848
4287 0.008822465
4288 0.047869
4289 0.01568167
4290 0.007819429
4291 0.238179
4292 0.5964061
4293 0.01066512
4294 0.00545428
4295 0.02307599
4296 0.1197775
4297 0.005722142
4298 0.06360727
4299 0.03409999
4300 0.01662895
4301 0.005161536
4302 0.01359056
4303 0.02164562
4304 0.01699813
4305 0.006605779
4306 0.06481516
4307 0.007373134
4308 0.009091701
4309 0.005569798
4310 0.5328798
4311 0.05056516
4312 0.04732712
4313 0.6867394
4314 0.155008
4315 0.03850609
4316 0.02296349
4317 0.006395037
4318 0.006090591
4319 0.02950637
4320 0.005900305
4321 0.001534678
4322 0.005750966
4323 0.01446592
4324 0.2249198
4325 0.003649956
4326 0.01597295
4327 0.02511569
4328 0.0155582
4329 0.04346741
4330 0.03249731
4331 0.003268759
4332 0.112913
4333 0.008227056
4334 0.01407574
4335 0.4359473
4336 0.15086
4337 0.01945629
4338 0.02194333
4339 0.1589816
4340 0.01891445
4341 0.415368
4342 0.5748309
4343 0.02046281
4344 0.0163162
4345 0.01050022
4346 0.004860089
4347 0.5273088
4348 0.006305894
4349 0.01617307
4350 0.00653054
4351 0.01138711
4352 0.02329993
4353 0.01740328
4354 0.9601055
4355 0.4670243
4356 0.0172626
4357 0.01887685
4358 0.07765141
4359 0.007728228
4360 0.0196754
4361 0.01865409
4362 0.01674933
4363 0.07724575
4364 0.01830501
4365 0.01946586
4366 0.01537521
4367 0.009757906
4368 0.0630879
4369 0.0136674
4370 0.1501472
4371 0.04591379
4372 0.007913054
4373 0.02035513
4374 0.006286231
4375 0.03986293
4376 0.222638
4377 0.1481938
4378 0.02615936
4379 0.02758698
4380 0.005851978
4381 0.009657376
4382 0.005902262
4383 0.02451364
4384 0.7556309
4385 0.5127661
4386 0.004536245
4387 0.005918268
4388 0.02226698
4389 0.01270769
4390 0.01572026
4391 0.02171647
4392 0.02623722
4393 0.05180569
4394 0.3708053
4395 0.006697746
4396 0.003493283
4397 0.2210277
4398 0.01206426
4399 0.01771209
4400 0.9134973
4401 0.008171392
4402 0.01028006
4403 0.003144177
4404 0.004285869
4405 0.1637243
4406 0.003721868
4407 0.0380812
4408 0.0177106
4409 0.01388062
4410 0.007091008
4411 0.003217647
4412 0.9944825
4413 0.007228113
4414 0.001957076
4415 0.02364463
4416 0.01391391
4417 0.01886864
4418 0.02124221
4419 0.002656266
4420 0.01982968
4421 0.02538293
4422 0.003627851
4423 0.01138999
4424 0.008865311
4425 0.01321683
4426 0.04445898
4427 0.01097439
4428 0.9044677
4429 0.0263935
4430 0.01886329
4431 0.008972382
4432 0.02609955
4433 0.003982601
4434 0.6613217
4435 0.007769027
4436 0.002390691
4437 0.004419091
4438 0.002214437
4439 0.2642743
4440 0.007648
4441 0.02826993
4442 0.0571669
4443 0.1615229
4444 0.6353901
4445 0.008240788
4446 0.01545363
4447 0.1170071
4448 0.4155611
4449 0.006565114
4450 0.08779036
4451 0.02223229
4452 0.8344477
4453 0.003336067
4454 0.02024887
4455 0.01001136
4456 0.3015151
4457 0.5251155
4458 0.01817893
4459 0.02001743
4460 0.007816922
4461 0.007801308
4462 0.06622949
4463 0.003168262
4464 0.3618495
4465 0.6753445
4466 0.01418587
4467 0.01963791
4468 0.8717807
4469 0.1730792
4470 0.463309
4471 0.03475947
4472 0.01286099
4473 0.02788066
4474 0.02341799
4475 0.3118933
4476 0.01288074
4477 0.07528609
4478 0.02746445
4479 0.7800721
4480 0.02326855
4481 0.002075356
4482 0.01461469
4483 0.08581334
4484 0.007473012
4485 0.001947743
4486 0.01383725
4487 0.1081508
4488 0.06268591
4489 0.001925258
4490 0.006985833
4491 0.03559034
4492 0.1104603
4493 0.2330925
4494 0.01046784
4495 0.007405059
4496 0.02994093
4497 0.003710396
4498 0.01360191
4499 0.01608884
4500 0.003107909
4501 0.388218
4502 0.00756926
4503 0.01845642
4504 0.8872005
4505 0.03687763
4506 0.3681192
4507 0.01258378
4508 0.0393978
4509 0.1413085
4510 0.01859784
4511 0.01291355
4512 0.006371981
4513 0.007752394
4514 0.2217084
4515 0.06264485
4516 0.01784724
4517 0.03875228
4518 0.02978151
4519 0.03594093
4520 0.02577827
4521 0.004221987
4522 0.3225673
4523 0.284708
4524 0.01839304
4525 0.1279992
4526 0.01701832
4527 0.01571639
4528 0.176853
4529 0.004488304
4530 0.6154345
4531 0.2418843
4532 0.3612676
4533 0.01665896
4534 0.003828019
4535 0.006716596
4536 0.01708819
4537 0.00672678
4538 0.003291166
4539 0.0168549
4540 0.02839395
4541 0.0179166
4542 0.01964807
4543 0.03130827
4544 0.007764871
4545 0.05041575
4546 0.07475765
4547 0.02174958
4548 0.01027986
4549 0.02058881
4550 0.02330731
4551 0.01625875
4552 0.04144422
4553 0.03352234
4554 0.02221178
4555 0.01719544
4556 0.01281582
4557 0.006436515
4558 0.008365176
4559 0.9669841
4560 0.1186662
4561 0.0154207
4562 0.01844956
4563 0.02216697
4564 0.01528244
4565 0.03913912
4566 0.003167385
4567 0.01152424
4568 0.0183643
4569 0.007646992
4570 0.1018304
4571 0.02254427
4572 0.009084976
4573 0.1910068
4574 0.013138
4575 0.008513418
4576 0.01173835
4577 0.04644525
4578 0.02751536
4579 0.4399057
4580 0.001381247
4581 0.004886128
4582 0.0635995
4583 0.007843736
4584 0.005308329
4585 0.05584473
4586 0.1248637
4587 0.1339195
4588 0.7738815
4589 0.01549922
4590 0.00838406
4591 0.4552613
4592 0.01654744
4593 0.005743858
4594 0.04887704
4595 0.7455774
4596 0.02382517
4597 0.01034144
4598 0.1626886
4599 0.4136415
4600 0.0006637316
4601 0.007371882
4602 0.7838961
4603 0.07880855
4604 0.02155643
4605 0.03456536
4606 0.006741492
4607 0.06813827
4608 0.01609063
4609 0.03796107
4610 0.008949178
4611 0.009372301
4612 0.01486468
4613 0.01105402
4614 0.002190121
4615 0.02986435
4616 0.01608928
4617 0.2261117
4618 0.04726752
4619 0.1797483
4620 0.01690011
4621 0.008701658
4622 0.1283047
4623 0.003984511
4624 0.01973899
4625 0.01770739
4626 0.008332685
4627 0.01593966
4628 0.01006826
4629 0.03431048
4630 0.008765164
4631 0.009556273
4632 0.005425149
4633 0.02317432
4634 0.1894498
4635 0.01540981
4636 0.9360115
4637 0.4229609
4638 0.02352069
4639 0.006147442
4640 0.001621612
4641 0.5401584
4642 0.04560649
4643 0.1151558
4644 0.009402828
4645 0.005437158
4646 0.01468235
4647 0.005599951
4648 0.0135431
4649 0.0007443371
4650 0.005650114
4651 0.01017737
4652 0.007981889
4653 0.02969948
4654 0.3047484
4655 0.02528271
4656 0.1246714
4657 0.2436031
4658 0.02909833
4659 0.2441494
4660 0.006847357
4661 0.256902
4662 0.003631637
4663 0.003172792
4664 0.1153567
4665 0.007025637
4666 0.04681491
4667 0.09066735
4668 0.06039633
4669 0.3814215
4670 0.2699296
4671 0.983943
4672 0.01321817
4673 0.001172965
4674 0.09839884
4675 0.04097713
4676 0.02427741
4677 0.50202
4678 0.02503728
4679 0.006480679
4680 0.06088384
4681 0.02560913
4682 0.005808528
4683 0.002685272
4684 0.001484336
4685 0.4105258
4686 0.005586119
4687 0.005944061
4688 0.01876016
4689 0.005666711
4690 0.03263262
4691 0.06000574
4692 0.004247843
4693 0.3967411
4694 0.00535883
4695 0.01752541
4696 0.004616753
4697 0.005795993
4698 0.01285491
4699 0.002765759
4700 0.07093235
4701 0.01525368
4702 0.0190116
4703 0.01887278
4704 0.1255161
4705 0.3915878
4706 0.1433575
4707 0.1053277
4708 0.01825996
4709 0.002901076
4710 0.05054046
4711 0.09867808
4712 0.07800054
4713 0.2927036
4714 0.02166675
4715 0.2939772
4716 0.004814731
4717 0.434926
4718 0.07281507
4719 0.03952535
4720 0.0454177
4721 0.09736779
4722 0.002366724
4723 0.00414413
4724 0.0298393
4725 0.01324652
4726 0.004202528
4727 0.04622189
4728 0.01727905
4729 0.006073814
4730 0.1115939
4731 0.01406329
4732 0.004022665
4733 0.9727805
4734 0.02272877
4735 0.02443762
4736 0.05021719
4737 0.004952722
4738 0.02344725
4739 0.0539434
4740 0.01289096
4741 0.008722629
4742 0.002440684
4743 0.01442209
4744 0.004713395
4745 0.03860862
4746 0.07808909
4747 0.02391277
4748 0.0259349
4749 0.01689654
4750 0.02736886
4751 0.2854457
4752 0.0205279
4753 0.0579346
4754 0.03867167
4755 0.1567259
4756 0.00544957
4757 0.0008602753
4758 0.00534474
4759 0.01808815
4760 0.006669203
4761 0.02375002
4762 0.02207438
4763 0.01578468
4764 0.01450403
4765 0.09258889
4766 0.004027689
4767 0.03016882
4768 0.0008633426
4769 0.005036195
4770 0.01577462
4771 0.01993389
4772 0.3611227
4773 0.006846135
4774 0.1632757
4775 0.5778536
4776 0.004978504
4777 0.1070097
4778 0.007508173
4779 0.02780467
4780 0.2106471
4781 0.2786408
4782 0.03101412
4783 0.03404951
4784 0.024264
4785 0.05322755
4786 0.00504741
4787 0.006081776
4788 0.02769511
4789 0.008345852
4790 0.02361195
4791 0.01644578
4792 0.07591188
4793 0.02261838
4794 0.2648794
4795 0.0921801
4796 0.02483819
4797 0.01396226
4798 0.8178973
4799 0.02377958
4800 0.5556863
4801 0.5164059
4802 0.03438611
4803 0.006923798
4804 0.7394599
4805 0.01330746
4806 0.001904818
4807 0.003554883
4808 0.001828398
4809 0.008637746
4810 0.005603364
4811 0.04183395
4812 0.003341951
4813 0.02081159
4814 0.005802731
4815 0.11282
4816 0.4521866
4817 0.02725667
4818 0.01601643
4819 0.03990747
4820 0.002664483
4821 0.105899
4822 0.006570492
4823 0.1885692
4824 0.01643678
4825 0.003591205
4826 0.01409724
4827 0.0239353
4828 0.02426303
4829 0.01857099
4830 0.01565911
4831 0.2266932
4832 0.003623929
4833 0.03309304
4834 0.01543552
4835 0.003277113
4836 0.06212857
4837 0.02011425
4838 0.1135108
4839 0.005917615
4840 0.01919817
4841 0.05193889
4842 0.00593848
4843 0.03805499
4844 0.02330079
4845 0.01455063
4846 0.03286894
4847 0.004085141
4848 0.01769954
4849 0.02178893
4850 0.01709755
4851 0.02157828
4852 0.4698762
4853 0.004194304
4854 0.005887681
4855 0.6664797
4856 0.07361815
4857 0.0009509034
4858 0.07617049
4859 0.007653231
4860 0.245472
4861 0.1301226
4862 0.2338151
4863 0.01584627
4864 0.006756499
4865 0.6430482
4866 0.02313439
4867 0.04799616
4868 0.05208595
4869 0.03291798
4870 0.9110265
4871 0.1685579
4872 0.1076269
4873 0.9715214
4874 0.004283671
4875 0.002471378
4876 0.4196025
4877 0.1752028
4878 0.5087262
4879 0.05792327
4880 0.01689711
4881 0.004261333
4882 0.4653423
4883 0.01507637
4884 0.04270343
4885 0.0122093
4886 0.006703162
4887 0.003752609
4888 0.008777793
4889 0.0012803
4890 0.009104429
4891 0.9422355
4892 0.6766347
4893 0.9226136
4894 0.02891019
4895 0.002284881
4896 0.1632994
4897 0.006815511
4898 0.01550288
4899 0.2877474
4900 0.9117152
4901 0.06369983
4902 0.01976523
4903 0.01704132
4904 0.01408407
4905 0.02186491
4906 0.007363281
4907 0.01359611
4908 0.01681394
4909 0.4505226
4910 0.01325883
4911 0.01315111
4912 0.04093912
4913 0.001825417
4914 0.01203178
4915 0.04642902
4916 0.02016588
4917 0.05495524
4918 0.3312553
4919 0.02951848
4920 0.04485217
4921 0.1565172
4922 0.07695454
4923 0.001562754
4924 0.01237943
4925 0.01769593
4926 0.1833795
4927 0.05153981
4928 0.005577728
4929 0.003989272
4930 0.3320767
4931 0.01349296
4932 0.1596573
4933 0.771938
4934 0.02187271
4935 0.02756913
4936 0.9860623
4937 0.05671593
4938 0.0162987
4939 0.04220318
4940 0.004886491
4941 0.006228441
4942 0.002910908
4943 0.0355834
4944 0.04369547
4945 0.009048309
4946 0.002547408
4947 0.05116785
4948 0.03850753
4949 0.9180076
4950 0.007120769
4951 0.360916
4952 0.0007960693
4953 0.02215125
4954 0.669827
4955 0.00446533
4956 0.004740834
4957 0.01898039
4958 0.02057008
4959 0.0148315
4960 0.008663248
4961 0.713539
4962 0.007175493
4963 0.02504425
4964 0.02396914
4965 0.07741673
4966 0.00703235
4967 0.02475939
4968 0.004712929
4969 0.02860689
4970 0.02437381
4971 0.8808518
4972 0.007218457
4973 0.005358656
4974 0.1023783
4975 0.01751689
4976 0.1382905
4977 0.003628177
4978 0.01707453
4979 0.005050884
4980 0.00428647
4981 0.02024145
4982 0.9379966
4983 0.1975185
4984 0.005056669
4985 0.1786828
4986 0.07962011
4987 0.007007148
4988 0.04445837
4989 0.004832837
4990 0.03119768
4991 0.01739054
4992 0.02281348
4993 0.07025377
4994 0.02153204
4995 0.251174
4996 0.008916944
4997 0.3059553
4998 0.02523544
4999 0.01819404
5000 0.006290579
