1 0.96
2 0.754
3 0.664
4 0.821
5 0.384
6 0.746
7 0.333
8 0.709
9 0.42
10 0.349
11 0.192
12 0.382
13 0.755
14 0.676
15 0.174
16 0.435
17 0.395
18 0.57
19 0.315
20 0.711
21 0.315
22 0.904
23 0.832
24 0.12
25 0.885
26 0.224
27 0.484
28 0.835
29 0.44
30 0.701
31 0.721
32 0.453
33 0.09
34 0.794
35 0.874
36 0.51
37 0.062
38 0.555
39 0.537
40 0.327
41 0.495
42 0.501
43 0.159
44 0.772
45 0.11
46 0.143
47 0.907
48 0.865
49 0.59
50 0.733
51 0.128
52 0.798
53 0.25
54 0.121
55 0.422
56 0.428
57 0.535
58 0.766
59 0.51
60 0.117
61 0.403
62 0.545
63 0.381
64 0.279
65 0.704
66 0.483
67 0.567
68 0.782
69 0.286
70 0.638
71 0.915
72 0.35
73 0.439
74 0.544
75 0.11
76 0.593
77 0.186
78 0.75
79 0.16
80 0.764
81 0.863
82 0.273
83 0.954
84 0.398
85 0.903
86 0.113
87 0.761
88 0.46
89 0.646
90 0.894
91 0.182
92 0.446
93 0.283
94 0.283
95 0.233
96 0.647
97 0.601
98 0.337
99 0.418
100 0.752
101 0.148
102 0.298
103 0.609
104 0.079
105 0.598
106 0.645
107 0.535
108 0.831
109 0.737
110 0.071
111 0.144
112 0.06
113 0.495
114 0.139
115 0.105
116 0.572
117 0.86
118 0.124
119 0.673
120 0.646
121 0.716
122 0.183
123 0.528
124 0.691
125 0.848
126 0.746
127 0.795
128 0.78
129 0.5
130 0.502
131 0.277
132 0.113
133 0.643
134 0.66
135 0.472
136 0.684
137 0.122
138 0.648
139 0.12
140 0.112
141 0.794
142 0.118
143 0.469
144 0.981
145 0.22
146 0.342
147 0.466
148 0.202
149 0.776
150 0.482
151 0.752
152 0.091
153 0.219
154 0.207
155 0.223
156 0.12
157 0.48
158 0.163
159 0.844
160 0.315
161 0.198
162 0.385
163 0.38
164 0.498
165 0.467
166 0.762
167 0.161
168 0.945
169 0.34
170 0.376
171 0.294
172 0.387
173 0.881
174 0.469
175 0.861
176 0.091
177 0.846
178 0.74
179 0.214
180 0.568
181 0.626
182 0.424
183 0.312
184 0.432
185 0.579
186 0.68
187 0.245
188 0.721
189 0.475
190 0.917
191 0.561
192 0.829
193 0.792
194 0.332
195 0.527
196 0.156
197 0.89
198 0
199 0.841
200 0.592
201 0.762
202 0.102
203 0.737
204 0.214
205 0.029
206 0.573
207 0.199
208 0.724
209 0.066
210 0.095
211 0.401
212 0.219
213 0.024
214 0.438
215 0.045
216 0.473
217 0.171
218 0.162
219 0.12
220 0.132
221 0.356
222 0.594
223 0.76
224 0.068
225 0.271
226 0.741
227 0.109
228 0.201
229 0.145
230 0.613
231 0.512
232 0.163
233 0.309
234 0.278
235 0.216
236 0.523
237 0.933
238 0.547
239 0.864
240 0.36
241 0.49
242 0.359
243 0.48
244 0.786
245 0.72
246 0.522
247 0.411
248 0.734
249 0.729
250 0.694
251 0.494
252 0.454
253 0.114
254 0.687
255 0.54
256 0.31
257 0.289
258 0.253
259 0.496
260 0.328
261 0.385
262 0.011
263 0.487
264 0.806
265 0.687
266 0.007
267 0.696
268 0.117
269 0.861
270 0.089
271 0.639
272 0.408
273 0.248
274 0.007
275 0.688
276 0.857
277 0.297
278 0.796
279 0.559
280 0.233
281 0.516
282 0.431
283 0.638
284 0.099
285 0.844
286 0.237
287 0.358
288 0.139
289 0.325
290 0.602
291 0.124
292 0.563
293 0.344
294 0.117
295 0.635
296 0.756
297 0.583
298 0.447
299 0.574
300 0.361
301 0.089
302 0.403
303 0.342
304 0.291
305 0.141
306 0.561
307 0.199
308 0.732
309 0.216
310 0.825
311 0.736
312 0.194
313 0.259
314 0.193
315 0.541
316 0.709
317 0.16
318 0.487
319 0.752
320 0.878
321 0.655
322 0.26
323 0.463
324 0.038
325 0.861
326 0.147
327 0.627
328 0.798
329 0.274
330 0.599
331 0.51
332 0.674
333 0.405
334 0.781
335 0.801
336 0.92
337 0.646
338 0.369
339 0.598
340 0.115
341 0.063
342 0.695
343 0.623
344 0.815
345 0.313
346 0.66
347 0.028
348 0.702
349 0.281
350 0.378
351 0.795
352 0.786
353 0.757
354 0.191
355 0.751
356 0.193
357 0.546
358 0.342
359 0.243
360 0.392
361 0.282
362 0.334
363 0.125
364 0.423
365 0.762
366 0.887
367 0.444
368 0.47
369 0.321
370 0.718
371 0.22
372 0.056
373 0.175
374 0.779
375 0.908
376 0.36
377 0.116
378 0.885
379 0.562
380 0.849
381 0.88
382 0.204
383 0.582
384 0.28
385 0.68
386 0.457
387 0.025
388 0.406
389 0.775
390 0.032
391 0.38
392 0.853
393 0.695
394 0.478
395 0.48
396 0.206
397 0.291
398 0.501
399 0.535
400 0.742
401 0.622
402 0.2
403 0.397
404 0.593
405 0.738
406 0.815
407 0.388
408 0.904
409 0.75
410 0.074
411 0.332
412 0.171
413 0.872
414 0.259
415 0.842
416 0.814
417 0.865
418 0.49
419 0.697
420 0.699
421 0.197
422 0.405
423 0.964
424 0.311
425 0.539
426 0.293
427 0.282
428 0.202
429 0.359
430 0.682
431 0.635
432 0.724
433 0.506
434 0.4
435 0.644
436 0.755
437 0.404
438 0.807
439 0.584
440 0.331
441 0.448
442 0.562
443 0.167
444 0.249
445 0.8
446 0.963
447 0.653
448 0.322
449 0.409
450 0.129
451 0.156
452 0.455
453 0.416
454 0.842
455 0.382
456 0.464
457 0.744
458 0.628
459 0.521
460 0.764
461 0.294
462 0.725
463 0.642
464 0.112
465 0.493
466 0.107
467 0.616
468 0.247
469 0.63
470 0.132
471 0.53
472 0.666
473 0.883
474 0.806
475 0.698
476 0.518
477 0.56
478 0.502
479 0.749
480 0.49
481 0.867
482 0.083
483 0.795
484 0.421
485 0.173
486 0.939
487 0.42
488 0.438
489 0.879
490 0.658
491 0.379
492 0.367
493 0.069
494 0.599
495 0.071
496 0.445
497 0.402
498 0.671
499 0.881
500 0.338
501 0.569
502 0.39
503 0.339
504 0.972
505 0.463
506 0.842
507 0.842
508 0.422
509 0.487
510 0.502
511 0.543
512 0.126
513 0.465
514 0.744
515 0.691
516 0.181
517 0.593
518 0.486
519 0.144
520 0.317
521 0.251
522 0.333
523 0.269
524 0.747
525 0.202
526 0.609
527 0.49
528 0.701
529 0.163
530 0.609
531 0.595
532 0.67
533 0.304
534 0.449
535 0.375
536 0.696
537 0.706
538 0.335
539 0.85
540 0.44
541 0.373
542 0.316
543 0.768
544 0.364
545 0.198
546 0.682
547 0.798
548 0.652
549 0.833
550 0.515
551 0.874
552 0.618
553 0.191
554 0.79
555 0.476
556 0.668
557 0.645
558 0.265
559 0.205
560 0.036
561 0.8
562 0.136
563 0.103
564 0.141
565 0.259
566 0.095
567 0.49
568 0.06
569 0.46
570 0.496
571 0.763
572 0.1
573 0.482
574 0.531
575 0.413
576 0.557
577 0.622
578 0.698
579 0.039
580 0.248
581 0.49
582 0.204
583 0.648
584 0.792
585 0.35
586 0.758
587 0.416
588 0.377
589 0.133
590 0.03
591 0.335
592 0.968
593 0.423
594 0.061
595 0.857
596 0.17
597 0.653
598 0.654
599 0.761
600 0.893
601 0.326
602 0.943
603 0.266
604 0.209
605 0.729
606 0.59
607 0.387
608 0.118
609 0.665
610 0.537
611 0.564
612 0.782
613 0.443
614 0.475
615 0.034
616 0.634
617 0.524
618 0.574
619 0.146
620 0.198
621 0.212
622 0.393
623 0.772
624 0.472
625 0.549
626 0.515
627 0.257
628 0.946
629 0.675
630 0.117
631 0.707
632 0.426
633 0.906
634 0.087
635 0.116
636 0.736
637 0.225
638 0.241
639 0.769
640 0.555
641 0.751
642 0.74
643 0.893
644 0.767
645 0.766
646 0.781
647 0.843
648 0.46
649 0.362
650 0.246
651 0.242
652 0.043
653 0.073
654 0.309
655 0.43
656 0.146
657 0.224
658 0.839
659 0.407
660 0.324
661 0.14
662 0.187
663 0.187
664 0.896
665 0.124
666 0.486
667 0.399
668 0.455
669 0.556
670 0.406
671 0.537
672 0.809
673 0.452
674 0.557
675 0.383
676 0.285
677 0.451
678 0.85
679 0.72
680 0.219
681 0.564
682 0.823
683 0.489
684 0.819
685 0.681
686 0.553
687 0.663
688 0.611
689 0.748
690 0.579
691 0.036
692 0.633
693 0.699
694 0.864
695 0.059
696 0.211
697 0.765
698 0.018
699 0.32
700 0.303
701 0.451
702 0.799
703 0.687
704 0.665
705 0.729
706 0.085
707 0.765
708 0.46
709 0.624
710 0.045
711 0.238
712 0.481
713 0.395
714 0.621
715 0.173
716 0.371
717 0.376
718 0.471
719 0.354
720 0.582
721 0.005
722 0.597
723 0.625
724 0.765
725 0.122
726 0.488
727 0.38
728 0.03
729 0.598
730 0.736
731 0.24
732 0.462
733 0.112
734 0.043
735 0.162
736 0.534
737 0.678
738 0.28
739 0.596
740 0.635
741 0.08
742 0.371
743 0.465
744 0.175
745 0.7
746 0.501
747 0.62
748 0.163
749 0.301
750 0.443
751 0.58
752 0.508
753 0.042
754 0.084
755 0.21
756 0.337
757 0.841
758 0.348
759 0.183
760 0.831
761 0.648
762 0.315
763 0.526
764 0.184
765 0.211
766 0.663
767 0.559
768 0.213
769 0.287
770 0.354
771 0.521
772 0.185
773 0.557
774 0.305
775 0.034
776 0.332
777 0.805
778 0.543
779 0.279
780 0.207
781 0.498
782 0.177
783 0.442
784 0.407
785 0.143
786 0.809
787 0.12
788 0.02
789 0.466
790 0.752
791 0.724
792 0.689
793 0.907
794 0.88
795 0.306
796 0.061
797 0.486
798 0.93
799 0.527
800 0.288
801 0.918
802 0.664
803 0.676
804 0.319
805 0.167
806 0.198
807 0.399
808 0.729
809 0.528
810 0.697
811 0.805
812 0.205
813 0.713
814 0.399
815 0.336
816 0.793
817 0.779
818 0.882
819 0.651
820 0.565
821 0.859
822 0.438
823 0.327
824 0.406
825 0.683
826 0.694
827 0.961
828 0.525
829 0.606
830 0.173
831 0.249
832 0.026
833 0.419
834 0.015
835 0.508
836 0.865
837 0.79
838 0.022
839 0.453
840 0.689
841 0.777
842 0.295
843 0.316
844 0.749
845 0.246
846 0.668
847 0.572
848 0.935
849 0.623
850 0.664
851 0.127
852 0.746
853 0.403
854 0.826
855 0.086
856 0.123
857 0.632
858 0.324
859 0.392
860 0.651
861 0.535
862 0.882
863 0.125
864 0.526
865 0.541
866 0.826
867 0.485
868 0.106
869 0.436
870 0.364
871 0.725
872 0.096
873 0.857
874 0.167
875 0.668
876 0.003
877 0.287
878 0.041
879 0.411
880 0.642
881 0.054
882 0.245
883 0.066
884 0.347
885 0.434
886 0.418
887 0.776
888 0.218
889 0.368
890 0.125
891 0.873
892 0.689
893 0.654
894 0.895
895 0.463
896 0.333
897 0.34
898 0.258
899 0.83
900 0.55
901 0.218
902 0.509
903 0.849
904 0.882
905 0.702
906 0.249
907 0.78
908 0.542
909 0.112
910 0.349
911 0.284
912 0.138
913 0.032
914 0.003
915 0.73
916 0.44
917 0.637
918 0.33
919 0.599
920 0.451
921 0.463
922 0.066
923 0.39
924 0.868
925 0.863
926 0.773
927 0.529
928 0.165
929 0.978
930 0.482
931 0.833
932 0.37
933 0.317
934 0.219
935 0.105
936 0.907
937 0.272
938 0.867
939 0.848
940 0.411
941 0.037
942 0.695
943 0.433
944 0.807
945 0.858
946 0.646
947 0.498
948 0.803
949 0.485
950 0.666
951 0.523
952 0.098
953 0.731
954 0.895
955 0.738
956 0.053
957 0.211
958 0.692
959 0.533
960 0.019
961 0.585
962 0.558
963 0.673
964 0.285
965 0.669
966 0.632
967 0.413
968 0.057
969 0.266
970 0.832
971 0.427
972 0.505
973 0.033
974 0.004
975 0.749
976 0.233
977 0.677
978 0.448
979 0.211
980 0.227
981 0.505
982 0.459
983 0.492
984 0.613
985 0.162
986 0.167
987 0.469
988 0.495
989 0.906
990 0.348
991 0.83
992 0.402
993 0.263
994 0.278
995 0.395
996 0.587
997 0.681
998 0.558
999 0.619
1000 0.243
1001 0.696
1002 0.19
1003 0.361
1004 0.614
1005 0.584
1006 0.071
1007 0.357
1008 0.5
1009 0.755
1010 0.168
1011 0.43
1012 0.115
1013 0.79
1014 0.259
1015 0.436
1016 0.383
1017 0.575
1018 0.413
1019 0.672
1020 0.5
1021 0.334
1022 0.724
1023 0.083
1024 0.866
1025 0.772
1026 0.043
1027 0.573
1028 0.776
1029 0.658
1030 0.791
1031 0.665
1032 0.213
1033 0.165
1034 0.787
1035 0.527
1036 0.774
1037 0.353
1038 0.621
1039 0.202
1040 0.714
1041 0.39
1042 0.105
1043 0.29
1044 0.635
1045 0.669
1046 0.642
1047 0.437
1048 0.411
1049 0.5
1050 0.401
1051 0.127
1052 0.363
1053 0.096
1054 0.055
1055 0.725
1056 0.643
1057 0.58
1058 0.481
1059 0.337
1060 0.167
1061 0.076
1062 0.436
1063 0.436
1064 0.306
1065 0.777
1066 0.296
1067 0.653
1068 0.286
1069 0.852
1070 0.163
1071 0.832
1072 0.637
1073 0.011
1074 0.482
1075 0.71
1076 0.275
1077 0.388
1078 0.274
1079 0.413
1080 0.55
1081 0.726
1082 0.057
1083 0.739
1084 0.409
1085 0.702
1086 0.775
1087 0.687
1088 0.586
1089 0.79
1090 0.604
1091 0.66
1092 0.624
1093 0.562
1094 0.624
1095 0.659
1096 0.167
1097 0.327
1098 0.821
1099 0.095
1100 0.709
1101 0.566
1102 0.668
1103 0.885
1104 0.512
1105 0.183
1106 0.133
1107 0.591
1108 0.376
1109 0.474
1110 0.343
1111 0.395
1112 0.652
1113 0.448
1114 0.288
1115 0.26
1116 0.426
1117 0.38
1118 0.179
1119 0.713
1120 0.653
1121 0.499
1122 0.207
1123 0.212
1124 0.327
1125 0.881
1126 0.926
1127 0.615
1128 0.908
1129 0.623
1130 0.958
1131 0.294
1132 0.595
1133 0.722
1134 0.118
1135 0.721
1136 0.629
1137 0.328
1138 0.542
1139 0.324
1140 0.384
1141 0.724
1142 0.491
1143 0.123
1144 0.79
1145 0.785
1146 0.094
1147 0.058
1148 0.049
1149 0.669
1150 0.399
1151 0.572
1152 0.405
1153 0.762
1154 0.389
1155 0.746
1156 0.246
1157 0.629
1158 0.035
1159 0.553
1160 0.199
1161 0.457
1162 0.674
1163 0.416
1164 0.368
1165 0.859
1166 0.068
1167 0.296
1168 0.282
1169 0.152
1170 0.466
1171 0.068
1172 0.102
1173 0.383
1174 0.376
1175 0.645
1176 0.613
1177 0.328
1178 0.274
1179 0.286
1180 0.279
1181 0.323
1182 0.35
1183 0.204
1184 0.491
1185 0.265
1186 0.215
1187 0.602
1188 0.572
1189 0.551
1190 0.452
1191 0.146
1192 0.772
1193 0.567
1194 0.707
1195 0.603
1196 0.569
1197 0.067
1198 0.282
1199 0.371
1200 0.775
1201 0.545
1202 0.221
1203 0.141
1204 0.1
1205 0.763
1206 0.261
1207 0.122
1208 0.227
1209 0.517
1210 0.076
1211 0.366
1212 0.126
1213 0.706
1214 0.496
1215 0.001
1216 0.825
1217 0.108
1218 0.846
1219 0.712
1220 0.279
1221 0.818
1222 0.62
1223 0.512
1224 0.382
1225 0.845
1226 0.041
1227 0.415
1228 0.163
1229 0.42
1230 0.162
1231 0.239
1232 0.125
1233 0.072
1234 0.199
1235 0.506
1236 0.314
1237 0.583
1238 0.455
1239 0.389
1240 0.777
1241 0.321
1242 0.232
1243 0.553
1244 0.106
1245 0.228
1246 0.14
1247 0.799
1248 0.499
1249 0.188
1250 0.395
1251 0.12
1252 0.654
1253 0.315
1254 0.294
1255 0.306
1256 0.137
1257 0.869
1258 0.827
1259 0.267
1260 0.633
1261 0.241
1262 0.085
1263 0.576
1264 0.759
1265 0.073
1266 0.822
1267 0.668
1268 0.566
1269 0.184
1270 0.787
1271 0.348
1272 0.696
1273 0.85
1274 0.748
1275 0.346
1276 0.004
1277 0.438
1278 0.831
1279 0.64
1280 0.801
1281 0.891
1282 0.693
1283 0.736
1284 0.83
1285 0.229
1286 0.223
1287 0.162
1288 0.454
1289 0.555
1290 0.063
1291 0.653
1292 0.734
1293 0.238
1294 0.248
1295 0.728
1296 0.453
1297 0.181
1298 0.177
1299 0.389
1300 0.22
1301 0.007
1302 0.525
1303 0.382
1304 0.905
1305 0.851
1306 0.184
1307 0.057
1308 0.475
1309 0.712
1310 0.705
1311 0.56
1312 0.568
1313 0.532
1314 0.645
1315 0.832
1316 0.894
1317 0.198
1318 0.129
1319 0.084
1320 0.336
1321 0.541
1322 0.171
1323 0.878
1324 0.71
1325 0.587
1326 0.42
1327 0.141
1328 0.723
1329 0.274
1330 0.203
1331 0.136
1332 0.666
1333 0.402
1334 0.76
1335 0.471
1336 0.019
1337 0.346
1338 0.755
1339 0.441
1340 0.276
1341 0.504
1342 0.622
1343 0.801
1344 0.682
1345 0.485
1346 0.285
1347 0.822
1348 0.803
1349 0.61
1350 0.561
1351 0.725
1352 0.548
1353 0.749
1354 0.535
1355 0.925
1356 0.688
1357 0.6
1358 0.709
1359 0.453
1360 0.873
1361 0.859
1362 0.789
1363 0.551
1364 0.777
1365 0.388
1366 0.629
1367 0.322
1368 0.218
1369 0.474
1370 0.382
1371 0.343
1372 0.731
1373 0.548
1374 0.873
1375 0.201
1376 0.347
1377 0.793
1378 0.625
1379 0.81
1380 0.66
1381 0.773
1382 0.91
1383 0.89
1384 0.545
1385 0.194
1386 0.835
1387 0.763
1388 0.26
1389 0.838
1390 0.545
1391 0.735
1392 0.341
1393 0.037
1394 0.384
1395 0.711
1396 0.263
1397 0.026
1398 0.502
1399 0.432
1400 0.56
1401 0.27
1402 0.661
1403 0.589
1404 0.6
1405 0.085
1406 0.71
1407 0.104
1408 0.143
1409 0.848
1410 0.693
1411 0.08
1412 0.47
1413 0.855
1414 0.604
1415 0.716
1416 0.427
1417 0.849
1418 0.329
1419 0.724
1420 0.816
1421 0.402
1422 0.408
1423 0.202
1424 0.701
1425 0.669
1426 0.451
1427 0.841
1428 0.199
1429 0.793
1430 0.37
1431 0.604
1432 0.479
1433 0.341
1434 0.777
1435 0.057
1436 0.595
1437 0.023
1438 0.294
1439 0.038
1440 0.879
1441 0.081
1442 0.844
1443 0.768
1444 0.272
1445 0.239
1446 0.414
1447 0.335
1448 0.075
1449 0.746
1450 0.023
1451 0.733
1452 0.548
1453 0.819
1454 0.649
1455 0.551
1456 0.615
1457 0.25
1458 0.753
1459 0.225
1460 0.16
1461 0.389
1462 0.654
1463 0.262
1464 0.727
1465 0.234
1466 0.873
1467 0.383
1468 0.728
1469 0.647
1470 0.743
1471 0.691
1472 0.597
1473 0.793
1474 0.141
1475 0.118
1476 0.339
1477 0.726
1478 0.5
1479 0.518
1480 0.584
1481 0.12
1482 0.336
1483 0.794
1484 0.384
1485 0.65
1486 0.462
1487 0.325
1488 0.765
1489 0.314
1490 0.445
1491 0.86
1492 0.02
1493 0.349
1494 0.251
1495 0.462
1496 0.017
1497 0.439
1498 0.512
1499 0.338
1500 0.235
1501 0.844
1502 0.815
1503 0.86
1504 0.387
1505 0.766
1506 0.856
1507 0.625
1508 0.293
1509 0.278
1510 0.704
1511 0.331
1512 0.772
1513 0.224
1514 0.417
1515 0.707
1516 0.833
1517 0.462
1518 0.63
1519 0.732
1520 0.028
1521 0.177
1522 0.213
1523 0.626
1524 0.516
1525 0.784
1526 0.758
1527 0.89
1528 0.071
1529 0.8
1530 0.887
1531 0.366
1532 0.954
1533 0.301
1534 0.791
1535 0.438
1536 0.753
1537 0.452
1538 0.938
1539 0.557
1540 0.549
1541 0.346
1542 0.736
1543 0.064
1544 0.915
1545 0.833
1546 0.732
1547 0.36
1548 0.439
1549 0.64
1550 0.612
1551 0.846
1552 0.452
1553 0.912
1554 0.282
1555 0.189
1556 0.304
1557 0.533
1558 0.637
1559 0.171
1560 0.605
1561 0.458
1562 0.771
1563 0.794
1564 0.016
1565 0.265
1566 0.884
1567 0.853
1568 0.501
1569 0.765
1570 0.159
1571 0.151
1572 0.869
1573 0.68
1574 0.621
1575 0.258
1576 0.308
1577 0.349
1578 0.054
1579 0.648
1580 0.697
1581 0.204
1582 0.907
1583 0.86
1584 0.281
1585 0.873
1586 0.248
1587 0.682
1588 0.065
1589 0.167
1590 0.742
1591 0.503
1592 0.271
1593 0.691
1594 0.356
1595 0.817
1596 0.752
1597 0.617
1598 0.884
1599 0.463
1600 0.4
1601 0.182
1602 0.618
1603 0.48
1604 0.706
1605 0.427
1606 0.487
1607 0.634
1608 0.598
1609 0.366
1610 0.396
1611 0.617
1612 0.673
1613 0.25
1614 0.366
1615 0.908
1616 0.731
1617 0.405
1618 0.636
1619 0.426
1620 0.809
1621 0.804
1622 0.538
1623 0.729
1624 0.197
1625 0.25
1626 0.402
1627 0.448
1628 0.707
1629 0.895
1630 0.03
1631 0.783
1632 0.11
1633 0.111
1634 0.365
1635 0.864
1636 0.036
1637 0.05
1638 0.115
1639 0.473
1640 0.494
1641 0.452
1642 0.66
1643 0.772
1644 0.104
1645 0.76
1646 0.145
1647 0.191
1648 0.877
1649 0.87
1650 0.254
1651 0.714
1652 0.764
1653 0.762
1654 0.919
1655 0.645
1656 0.744
1657 0.653
1658 0.793
1659 0.736
1660 0.692
1661 0.722
1662 0.215
1663 0.09
1664 0.376
1665 0.403
1666 0.115
1667 0.104
1668 0.283
1669 0.386
1670 0.329
1671 0.82
1672 0.162
1673 0.277
1674 0.074
1675 0.306
1676 0.051
1677 0.379
1678 0.431
1679 0.712
1680 0.843
1681 0.892
1682 0.264
1683 0.054
1684 0.536
1685 0.652
1686 0.356
1687 0.733
1688 0.726
1689 0.373
1690 0.697
1691 0.269
1692 0.823
1693 0.055
1694 0.017
1695 0.798
1696 0.049
1697 0.507
1698 0.178
1699 0.554
1700 0.507
1701 0.79
1702 0.79
1703 0.873
1704 0.629
1705 0.447
1706 0.348
1707 0.737
1708 0.12
1709 0.087
1710 0.802
1711 0.748
1712 0.42
1713 0.189
1714 0.743
1715 0.645
1716 0.541
1717 0.152
1718 0.164
1719 0.733
1720 0.453
1721 0.782
1722 0.779
1723 0.426
1724 0.26
1725 0.027
1726 0.775
1727 0.806
1728 0.724
1729 0.915
1730 0.678
1731 0.83
1732 0.754
1733 0.31
1734 0.181
1735 0.438
1736 0.176
1737 0.277
1738 0.789
1739 0.513
1740 0.782
1741 0.307
1742 0.111
1743 0.225
1744 0.689
1745 0.145
1746 0.687
1747 0.173
1748 0.293
1749 0.607
1750 0.521
1751 0.694
1752 0.743
1753 0.771
1754 0.034
1755 0.059
1756 0.523
1757 0.498
1758 0.311
1759 0.729
1760 0.795
1761 0.406
1762 0.621
1763 0.034
1764 0.831
1765 0.696
1766 0.666
1767 0.726
1768 0.147
1769 0.429
1770 0.704
1771 0.168
1772 0.272
1773 0.77
1774 0.389
1775 0.32
1776 0.007
1777 0.894
1778 0.646
1779 0.646
1780 0.065
1781 0.428
1782 0.185
1783 0.824
1784 0.299
1785 0.2
1786 0.188
1787 0.454
1788 0.101
1789 0.868
1790 0.812
1791 0.222
1792 0.443
1793 0.049
1794 0.563
1795 0.205
1796 0.098
1797 0.787
1798 0.274
1799 0.845
1800 0.316
1801 0.516
1802 0.072
1803 0.641
1804 0.72
1805 0.978
1806 0.378
1807 0.101
1808 0.458
1809 0.481
1810 0.098
1811 0.28
1812 0.259
1813 0.537
1814 0.308
1815 0.83
1816 0.374
1817 0.447
1818 0.829
1819 0.267
1820 0.811
1821 0.312
1822 0.034
1823 0.815
1824 0.815
1825 0.963
1826 0.502
1827 0.869
1828 0.032
1829 0.268
1830 0.364
1831 0.624
1832 0.002
1833 0.57
1834 0.682
1835 0.681
1836 0.113
1837 0.499
1838 0.506
1839 0.461
1840 0.022
1841 0.846
1842 0.241
1843 0.743
1844 0.582
1845 0.005
1846 0.254
1847 0.662
1848 0.039
1849 0.592
1850 0.349
1851 0.559
1852 0.839
1853 0.709
1854 0.873
1855 0.056
1856 0.307
1857 0.013
1858 0.53
1859 0.891
1860 0.759
1861 0.499
1862 0.771
1863 0.446
1864 0.285
1865 0.336
1866 0.746
1867 0.731
1868 0.6
1869 0.266
1870 0.422
1871 0.449
1872 0.114
1873 0.527
1874 0.806
1875 0.725
1876 0.627
1877 0.724
1878 0.588
1879 0.326
1880 0.5
1881 0.544
1882 0.381
1883 0.372
1884 0.391
1885 0.733
1886 0.752
1887 0.64
1888 0.825
1889 0.014
1890 0.501
1891 0.555
1892 0.229
1893 0.772
1894 0.288
1895 0.263
1896 0.861
1897 0.028
1898 0.622
1899 0.282
1900 0.274
1901 0.222
1902 0.142
1903 0.648
1904 0.689
1905 0.32
1906 0.529
1907 0.876
1908 0.438
1909 0.37
1910 0.073
1911 0.561
1912 0.705
1913 0.523
1914 0.806
1915 0.726
1916 0.495
1917 0.693
1918 0.356
1919 0.424
1920 0.74
1921 0.207
1922 0.631
1923 0.651
1924 0.643
1925 0.449
1926 0.481
1927 0.613
1928 0.329
1929 0.836
1930 0.24
1931 0.3
1932 0.173
1933 0.421
1934 0.595
1935 0.083
1936 0.631
1937 0.246
1938 0.346
1939 0.863
1940 0.736
1941 0.772
1942 0.313
1943 0.425
1944 0.774
1945 0.621
1946 0.557
1947 0.886
1948 0.692
1949 0.581
1950 0.745
1951 0.289
1952 0.023
1953 0.175
1954 0.163
1955 0.391
1956 0.745
1957 0.546
1958 0.371
1959 0.905
1960 0.827
1961 0.591
1962 0.637
1963 0.824
1964 0.137
1965 0.685
1966 0.609
1967 0.657
1968 0.537
1969 0.643
1970 0.5
1971 0.44
1972 0.298
1973 0.541
1974 0.87
1975 0.182
1976 0.008
1977 0.886
1978 0.61
1979 0.021
1980 0.816
1981 0.616
1982 0.105
1983 0.807
1984 0.474
1985 0.197
1986 0.173
1987 0.103
1988 0.799
1989 0.533
1990 0.328
1991 0.553
1992 0.597
1993 0.612
1994 0.85
1995 0.513
1996 0.689
1997 0.879
1998 0.629
1999 0.677
2000 0.512
2001 0.788
2002 0.369
2003 0.282
2004 0.267
2005 0.043
2006 0.251
2007 0.246
2008 0.055
2009 0.377
2010 0.518
2011 0.929
2012 0.846
2013 0.8
2014 0.524
2015 0.813
2016 0.256
2017 0.181
2018 0.646
2019 0.954
2020 0.947
2021 0.359
2022 0.188
2023 0.521
2024 0.016
2025 0.201
2026 0.857
2027 0.374
2028 0.135
2029 0.146
2030 0.387
2031 0.547
2032 0.846
2033 0.566
2034 0.527
2035 0.237
2036 0.766
2037 0.267
2038 0.105
2039 0.437
2040 0.736
2041 0.32
2042 0.55
2043 0.562
2044 0.518
2045 0.437
2046 0.632
2047 0.655
2048 0.842
2049 0.056
2050 0.584
2051 0.831
2052 0.484
2053 0.511
2054 0.427
2055 0.886
2056 0.658
2057 0.298
2058 0.043
2059 0.328
2060 0.62
2061 0.477
2062 0.644
2063 0.651
2064 0.887
2065 0.189
2066 0.121
2067 0.075
2068 0.785
2069 0.302
2070 0.389
2071 0.481
2072 0.468
2073 0.826
2074 0.168
2075 0.195
2076 0.58
2077 0.47
2078 0.737
2079 0.721
2080 0.79
2081 0.546
2082 0.871
2083 0.502
2084 0.392
2085 0.914
2086 0.839
2087 0.313
2088 0.119
2089 0.755
2090 0.182
2091 0.197
2092 0.199
2093 0.602
2094 0.574
2095 0.335
2096 0.129
2097 0.313
2098 0.787
2099 0.593
2100 0.236
2101 0.745
2102 0.791
2103 0.283
2104 0.764
2105 0.961
2106 0.295
2107 0.426
2108 0.429
2109 0.805
2110 0.004
2111 0.594
2112 0.578
2113 0.369
2114 0.78
2115 0.347
2116 0.817
2117 0.343
2118 0.154
2119 0.331
2120 0.401
2121 0.85
2122 0.021
2123 0.163
2124 0.693
2125 0.662
2126 0.435
2127 0.411
2128 0.15
2129 0.644
2130 0.606
2131 0.763
2132 0.667
2133 0.097
2134 0.7
2135 0.847
2136 0.175
2137 0.743
2138 0.617
2139 0.783
2140 0.215
2141 0.359
2142 0.444
2143 0.155
2144 0.458
2145 0.681
2146 0.512
2147 0.325
2148 0.839
2149 0.488
2150 0.735
2151 0.219
2152 0.562
2153 0.454
2154 0.582
2155 0.728
2156 0.602
2157 0.936
2158 0.312
2159 0.076
2160 0.657
2161 0.787
2162 0.394
2163 0.3
2164 0.365
2165 0.476
2166 0.257
2167 0.442
2168 0.715
2169 0.824
2170 0.637
2171 0.652
2172 0.878
2173 0.607
2174 0.752
2175 0.228
2176 0.702
2177 0.82
2178 0.483
2179 0.416
2180 0.672
2181 0.43
2182 0.841
2183 0.74
2184 0.173
2185 0.23
2186 0.748
2187 0.333
2188 0.402
2189 0.126
2190 0.744
2191 0.097
2192 0.027
2193 0.243
2194 0.657
2195 0.675
2196 0.142
2197 0.293
2198 0.282
2199 0.624
2200 0.661
2201 0.39
2202 0.72
2203 0.368
2204 0.185
2205 0.688
2206 0.678
2207 0.581
2208 0.644
2209 0.535
2210 0.283
2211 0.705
2212 0.881
2213 0.767
2214 0.81
2215 0.91
2216 0.459
2217 0.797
2218 0.747
2219 0.567
2220 0.607
2221 0.622
2222 0.52
2223 0.303
2224 0.866
2225 0.665
2226 0.159
2227 0.204
2228 0.636
2229 0.269
2230 0.561
2231 0.325
2232 0.242
2233 0.419
2234 0.381
2235 0.683
2236 0.894
2237 0.035
2238 0.741
2239 0.434
2240 0.761
2241 0.273
2242 0.834
2243 0.662
2244 0.495
2245 0.66
2246 0.39
2247 0.381
2248 0.343
2249 0.457
2250 0.389
2251 0.45
2252 0.056
2253 0.207
2254 0.58
2255 0.298
2256 0.581
2257 0.578
2258 0.039
2259 0.815
2260 0.155
2261 0.334
2262 0.312
2263 0.367
2264 0.631
2265 0.501
2266 0.153
2267 0.698
2268 0.711
2269 0.057
2270 0.466
2271 0.898
2272 0.094
2273 0.905
2274 0.887
2275 0.648
2276 0.792
2277 0.265
2278 0.912
2279 0.066
2280 0.283
2281 0.423
2282 0.574
2283 0.799
2284 0.644
2285 0.39
2286 0.902
2287 0.046
2288 0.334
2289 0.285
2290 0.635
2291 0.351
2292 0.103
2293 0.005
2294 0.407
2295 0.198
2296 0.966
2297 0.397
2298 0.463
2299 0.381
2300 0.879
2301 0.344
2302 0.04
2303 0.069
2304 0.207
2305 0.779
2306 0.293
2307 0.383
2308 0.773
2309 0.875
2310 0.265
2311 0.64
2312 0.408
2313 0.922
2314 0.706
2315 0.613
2316 0.276
2317 0.895
2318 0.164
2319 0.679
2320 0.265
2321 0.7
2322 0.227
2323 0.307
2324 0.027
2325 0.115
2326 0.669
2327 0.32
2328 0.052
2329 0.834
2330 0.002
2331 0.428
2332 0.383
2333 0.363
2334 0.577
2335 0.31
2336 0.259
2337 0.868
2338 0.543
2339 0.528
2340 0.249
2341 0.078
2342 0.051
2343 0.894
2344 0.135
2345 0.6
2346 0.846
2347 0.148
2348 0.697
2349 0.551
2350 0.386
2351 0.413
2352 0.464
2353 0.245
2354 0.154
2355 0.37
2356 0.913
2357 0.697
2358 0.254
2359 0.116
2360 0.084
2361 0.086
2362 0.588
2363 0.117
2364 0.475
2365 0.55
2366 0.125
2367 0.565
2368 0.741
2369 0.854
2370 0.266
2371 0.125
2372 0.859
2373 0.153
2374 0.785
2375 0.776
2376 0.175
2377 0.139
2378 0.198
2379 0.339
2380 0.439
2381 0.506
2382 0.304
2383 0.603
2384 0.212
2385 0.527
2386 0.886
2387 0.652
2388 0.483
2389 0.384
2390 0.471
2391 0.027
2392 0.072
2393 0.68
2394 0.839
2395 0.41
2396 0.356
2397 0.511
2398 0.938
2399 0.866
2400 0.972
2401 0.207
2402 0.853
2403 0.193
2404 0.172
2405 0.183
2406 0.342
2407 0.185
2408 0.727
2409 0.86
2410 0.106
2411 0.015
2412 0.347
2413 0.571
2414 0.66
2415 0.635
2416 0.786
2417 0.419
2418 0.857
2419 0.489
2420 0.359
2421 0.698
2422 0.079
2423 0.364
2424 0.037
2425 0.74
2426 0.39
2427 0.122
2428 0.472
2429 0.727
2430 0.846
2431 0.272
2432 0.016
2433 0.34
2434 0.743
2435 0.564
2436 0.762
2437 0.374
2438 0.571
2439 0.425
2440 0.417
2441 0.187
2442 0.186
2443 0.805
2444 0.089
2445 0.14
2446 0.836
2447 0.839
2448 0.567
2449 0.432
2450 0.732
2451 0.67
2452 0.626
2453 0.37
2454 0.406
2455 0.196
2456 0.682
2457 0.674
2458 0.881
2459 0.186
2460 0.901
2461 0.89
2462 0.854
2463 0.13
2464 0.019
2465 0.789
2466 0.662
2467 0.889
2468 0.657
2469 0.173
2470 0.157
2471 0.605
2472 0.457
2473 0.629
2474 0.842
2475 0.405
2476 0.451
2477 0.613
2478 0.558
2479 0.747
2480 0.217
2481 0.267
2482 0.776
2483 0.912
2484 0.237
2485 0.249
2486 0.921
2487 0.449
2488 0.196
2489 0.188
2490 0.489
2491 0.124
2492 0.366
2493 0.303
2494 0.785
2495 0.136
2496 0.27
2497 0.853
2498 0.454
2499 0.616
2500 0.857
2501 0.857
2502 0.442
2503 0.845
2504 0.533
2505 0.112
2506 0.732
2507 0.508
2508 0.558
2509 0.187
2510 0.975
2511 0.724
2512 0.676
2513 0.841
2514 0.565
2515 0.608
2516 0.401
2517 0.934
2518 0.124
2519 0.704
2520 0.785
2521 0.119
2522 0.667
2523 0.043
2524 0.247
2525 0.112
2526 0.745
2527 0.121
2528 0.665
2529 0.07
2530 0.72
2531 0.767
2532 0.009
2533 0.405
2534 0.46
2535 0.637
2536 0.035
2537 0.715
2538 0.89
2539 0.204
2540 0.419
2541 0.388
2542 0.906
2543 0.813
2544 0.662
2545 0.701
2546 0.206
2547 0.476
2548 0.544
2549 0.032
2550 0.891
2551 0.391
2552 0.787
2553 0.274
2554 0.042
2555 0.596
2556 0.611
2557 0.17
2558 0.447
2559 0.027
2560 0.729
2561 0.028
2562 0.259
2563 0.268
2564 0.78
2565 0.957
2566 0.31
2567 0.239
2568 0.405
2569 0.472
2570 0.763
2571 0.149
2572 0.908
2573 0.506
2574 0.674
2575 0.356
2576 0.723
2577 0.733
2578 0.428
2579 0.819
2580 0.614
2581 0.884
2582 0.608
2583 0.07
2584 0.228
2585 0.304
2586 0.841
2587 0.042
2588 0.489
2589 0.667
2590 0.839
2591 0.129
2592 0.539
2593 0.734
2594 0.631
2595 0.678
2596 0.635
2597 0.423
2598 0.226
2599 0.375
2600 0.126
2601 0.812
2602 0.826
2603 0.602
2604 0.881
2605 0.151
2606 0.81
2607 0.463
2608 0.279
2609 0.87
2610 0.137
2611 0.827
2612 0.179
2613 0.707
2614 0.473
2615 0.578
2616 0.589
2617 0.304
2618 0.213
2619 0.474
2620 0.052
2621 0.519
2622 0.723
2623 0.802
2624 0.262
2625 0.811
2626 0.398
2627 0.37
2628 0.504
2629 0.589
2630 0.763
2631 0.266
2632 0.374
2633 0.803
2634 0.425
2635 0.113
2636 0.594
2637 0.573
2638 0.468
2639 0.147
2640 0.566
2641 0.116
2642 0.153
2643 0.761
2644 0.899
2645 0.857
2646 0.425
2647 0.326
2648 0.345
2649 0.803
2650 0.249
2651 0.704
2652 0.339
2653 0.295
2654 0.423
2655 0.007
2656 0.638
2657 0.78
2658 0.586
2659 0.396
2660 0.607
2661 0.253
2662 0.861
2663 0.714
2664 0.225
2665 0.473
2666 0.734
2667 0.1
2668 0.191
2669 0.634
2670 0.813
2671 0.734
2672 0.276
2673 0.752
2674 0.113
2675 0.395
2676 0.792
2677 0.269
2678 0.141
2679 0.694
2680 0.628
2681 0.511
2682 0.479
2683 0.75
2684 0.366
2685 0.894
2686 0.36
2687 0.399
2688 0.495
2689 0.134
2690 0.466
2691 0.816
2692 0.707
2693 0.739
2694 0.35
2695 0.233
2696 0.196
2697 0.041
2698 0.426
2699 0.198
2700 0.413
2701 0.812
2702 0.683
2703 0.597
2704 0.436
2705 0.647
2706 0.525
2707 0.32
2708 0.648
2709 0.558
2710 0.098
2711 0.111
2712 0.969
2713 0.115
2714 0.143
2715 0.262
2716 0.303
2717 0.156
2718 0.291
2719 0.086
2720 0.673
2721 0.738
2722 0.473
2723 0.271
2724 0.162
2725 0.55
2726 0.493
2727 0.383
2728 0.359
2729 0.37
2730 0.258
2731 0.388
2732 0.225
2733 0.19
2734 0.401
2735 0.885
2736 0.621
2737 0.298
2738 0.438
2739 0.797
2740 0.788
2741 0.686
2742 0.373
2743 0.579
2744 0.699
2745 0.872
2746 0.167
2747 0.727
2748 0.85
2749 0.048
2750 0.814
2751 0.627
2752 0.926
2753 0.301
2754 0.556
2755 0.312
2756 0.172
2757 0.341
2758 0.145
2759 0.969
2760 0.451
2761 0.287
2762 0.826
2763 0.744
2764 0.565
2765 0.762
2766 0.84
2767 0.484
2768 0.144
2769 0.386
2770 0.66
2771 0.325
2772 0.593
2773 0.974
2774 0.124
2775 0.896
2776 0.225
2777 0.445
2778 0.492
2779 0.859
2780 0.769
2781 0.83
2782 0.048
2783 0.951
2784 0.739
2785 0.704
2786 0.875
2787 0.641
2788 0.672
2789 0.575
2790 0.154
2791 0.697
2792 0.954
2793 0.823
2794 0.271
2795 0.613
2796 0.513
2797 0.505
2798 0.529
2799 0.905
2800 0.829
2801 0.537
2802 0.399
2803 0.468
2804 0.092
2805 0.277
2806 0.798
2807 0.257
2808 0.611
2809 0.968
2810 0.002
2811 0.172
2812 0.706
2813 0.703
2814 0.342
2815 0.37
2816 0.522
2817 0.684
2818 0.551
2819 0.593
2820 0.617
2821 0.649
2822 0.268
2823 0.907
2824 0.263
2825 0.702
2826 0.283
2827 0.259
2828 0.847
2829 0.531
2830 0.097
2831 0.209
2832 0.637
2833 0.706
2834 0.655
2835 0.49
2836 0.683
2837 0.828
2838 0.531
2839 0.561
2840 0.538
2841 0.862
2842 0.69
2843 0.447
2844 0.315
2845 0.544
2846 0.726
2847 0.861
2848 0.691
2849 0.336
2850 0.478
2851 0.165
2852 0.284
2853 0.902
2854 0.503
2855 0.603
2856 0.114
2857 0.511
2858 0.695
2859 0.064
2860 0.035
2861 0.152
2862 0.123
2863 0.231
2864 0.067
2865 0.695
2866 0.293
2867 0.575
2868 0.263
2869 0.778
2870 0.559
2871 0.471
2872 0.944
2873 0.665
2874 0.888
2875 0.868
2876 0.322
2877 0.922
2878 0.338
2879 0.076
2880 0.279
2881 0.062
2882 0.864
2883 0.323
2884 0.482
2885 0.778
2886 0.573
2887 0.786
2888 0.271
2889 0.059
2890 0.555
2891 0.442
2892 0.806
2893 0.971
2894 0.765
2895 0.624
2896 0.17
2897 0.665
2898 0.472
2899 0.38
2900 0.673
2901 0.462
2902 0.554
2903 0.734
2904 0.414
2905 0.409
2906 0.506
2907 0.563
2908 0.888
2909 0.48
2910 0.476
2911 0.15
2912 0.388
2913 0.366
2914 0.324
2915 0.164
2916 0.581
2917 0.005
2918 0.437
2919 0.887
2920 0.116
2921 0.648
2922 0.78
2923 0.807
2924 0.85
2925 0.027
2926 0.322
2927 0.347
2928 0.831
2929 0.47
2930 0.805
2931 0.304
2932 0.331
2933 0.469
2934 0.465
2935 0.846
2936 0.051
2937 0.901
2938 0.754
2939 0.357
2940 0.331
2941 0.577
2942 0.761
2943 0.609
2944 0.322
2945 0.604
2946 0.565
2947 0.115
2948 0.901
2949 0.261
2950 0.874
2951 0.193
2952 0.509
2953 0.209
2954 0.543
2955 0.562
2956 0.812
2957 0.651
2958 0.437
2959 0.001
2960 0.387
2961 0.526
2962 0.901
2963 0.339
2964 0.342
2965 0.346
2966 0.773
2967 0.225
2968 0.574
2969 0.628
2970 0.275
2971 0.841
2972 0.707
2973 0.798
2974 0.802
2975 0.056
2976 0.803
2977 0.382
2978 0.899
2979 0.802
2980 0.835
2981 0.375
2982 0.379
2983 0.774
2984 0.088
2985 0.848
2986 0.753
2987 0.099
2988 0.14
2989 0.217
2990 0.731
2991 0.663
2992 0.567
2993 0.725
2994 0.053
2995 0.663
2996 0.23
2997 0.755
2998 0.161
2999 0.753
3000 0.144
3001 0.59
3002 0.296
3003 0.773
3004 0.574
3005 0.559
3006 0.795
3007 0.549
3008 0.418
3009 0.181
3010 0.762
3011 0.637
3012 0.536
3013 0.163
3014 0.496
3015 0.705
3016 0.586
3017 0.687
3018 0.478
3019 0.588
3020 0.543
3021 0.914
3022 0.113
3023 0.5
3024 0.356
3025 0.402
3026 0.739
3027 0.522
3028 0.275
3029 0.504
3030 0.762
3031 0.335
3032 0.237
3033 0.311
3034 0.317
3035 0.552
3036 0.648
3037 0.689
3038 0.656
3039 0.109
3040 0.7
3041 0.813
3042 0.53
3043 0.863
3044 0.684
3045 0.78
3046 0.576
3047 0.544
3048 0.035
3049 0.864
3050 0.683
3051 0.81
3052 0.657
3053 0.831
3054 0.362
3055 0.7
3056 0.04
3057 0.194
3058 0.124
3059 0.759
3060 0.566
3061 0.062
3062 0.178
3063 0.611
3064 0.383
3065 0.802
3066 0.747
3067 0.286
3068 0.729
3069 0.81
3070 0.465
3071 0.783
3072 0.513
3073 0.728
3074 0.241
3075 0.558
3076 0.719
3077 0.952
3078 0.628
3079 0.398
3080 0.825
3081 0.816
3082 0.066
3083 0.509
3084 0.825
3085 0.577
3086 0.241
3087 0.722
3088 0.476
3089 0.467
3090 0.408
3091 0.011
3092 0.685
3093 0.833
3094 0.816
3095 0.879
3096 0.829
3097 0.749
3098 0.614
3099 0.327
3100 0.223
3101 0.581
3102 0.14
3103 0.292
3104 0.284
3105 0.522
3106 0.219
3107 0.311
3108 0.612
3109 0.097
3110 0.331
3111 0.771
3112 0.551
3113 0.543
3114 0.507
3115 0.372
3116 0.849
3117 0.245
3118 0.772
3119 0.107
3120 0.291
3121 0.138
3122 0.636
3123 0.604
3124 0.053
3125 0.971
3126 0.867
3127 0.352
3128 0.139
3129 0.299
3130 0.303
3131 0.685
3132 0.525
3133 0.563
3134 0.563
3135 0.341
3136 0.581
3137 0.395
3138 0.105
3139 0.037
3140 0.859
3141 0.308
3142 0.741
3143 0.941
3144 0.072
3145 0.633
3146 0.338
3147 0.73
3148 0.586
3149 0.283
3150 0.466
3151 0.903
3152 0.282
3153 0.502
3154 0.358
3155 0.638
3156 0.514
3157 0.385
3158 0.956
3159 0.056
3160 0.536
3161 0.573
3162 0.584
3163 0.521
3164 0.287
3165 0.058
3166 0.306
3167 0.568
3168 0.008
3169 0.843
3170 0.428
3171 0.887
3172 0.886
3173 0.884
3174 0.228
3175 0.406
3176 0.849
3177 0.509
3178 0.084
3179 0.819
3180 0.384
3181 0.449
3182 0.796
3183 0.751
3184 0.287
3185 0.7
3186 0.393
3187 0.426
3188 0.798
3189 0.019
3190 0.276
3191 0.228
3192 0.373
3193 0.63
3194 0.918
3195 0.34
3196 0.966
3197 0.093
3198 0.505
3199 0.504
3200 0.048
3201 0.623
3202 0.279
3203 0.473
3204 0.265
3205 0.322
3206 0.739
3207 0.757
3208 0.467
3209 0.316
3210 0.276
3211 0.516
3212 0.204
3213 0.403
3214 0.302
3215 0.909
3216 0.292
3217 0.908
3218 0.658
3219 0.89
3220 0.36
3221 0.646
3222 0.085
3223 0.414
3224 0.535
3225 0.543
3226 0.64
3227 0.541
3228 0.23
3229 0.599
3230 0.432
3231 0.745
3232 0.556
3233 0.905
3234 0.825
3235 0.793
3236 0.725
3237 0.168
3238 0.346
3239 0.621
3240 0.485
3241 0.667
3242 0.821
3243 0.87
3244 0.063
3245 0.656
3246 0.471
3247 0.533
3248 0.545
3249 0.36
3250 0.861
3251 0.42
3252 0.227
3253 0.577
3254 0.352
3255 0.343
3256 0.823
3257 0.008
3258 0.429
3259 0.443
3260 0.128
3261 0.919
3262 0.88
3263 0.439
3264 0.782
3265 0.369
3266 0.159
3267 0.258
3268 0.608
3269 0.868
3270 0.474
3271 0.331
3272 0.556
3273 0.776
3274 0.779
3275 0.226
3276 0.529
3277 0.026
3278 0.44
3279 0.674
3280 0.815
3281 0.457
3282 0.408
3283 0.593
3284 0.174
3285 0.688
3286 0.31
3287 0.807
3288 0.606
3289 0.468
3290 0.251
3291 0.799
3292 0.331
3293 0.392
3294 0.072
3295 0.429
3296 0.307
3297 0.502
3298 0.362
3299 0.227
3300 0.78
3301 0.927
3302 0.541
3303 0.863
3304 0.725
3305 0.701
3306 0.463
3307 0.635
3308 0.892
3309 0.825
3310 0.744
3311 0.037
3312 0.468
3313 0.755
3314 0.839
3315 0.077
3316 0.276
3317 0.756
3318 0.136
3319 0.468
3320 0.847
3321 0.433
3322 0.833
3323 0.486
3324 0.742
3325 0.67
3326 0.188
3327 0.698
3328 0.612
3329 0.508
3330 0.521
3331 0.65
3332 0.164
3333 0.216
3334 0.565
3335 0.324
3336 0.544
3337 0.361
3338 0.569
3339 0.727
3340 0.07
3341 0.128
3342 0.136
3343 0.835
3344 0.367
3345 0.911
3346 0.556
3347 0.899
3348 0.799
3349 0.695
3350 0.814
3351 0.223
3352 0.716
3353 0.886
3354 0.313
3355 0.321
3356 0.662
3357 0.833
3358 0.258
3359 0.165
3360 0.531
3361 0.623
3362 0.649
3363 0.122
3364 0.247
3365 0.073
3366 0.092
3367 0.844
3368 0.745
3369 0.497
3370 0.839
3371 0.476
3372 0.281
3373 0.214
3374 0.408
3375 0.292
3376 0.741
3377 0.224
3378 0.883
3379 0.326
3380 0.151
3381 0.526
3382 0.93
3383 0.541
3384 0.726
3385 0.418
3386 0.881
3387 0.538
3388 0.686
3389 0.402
3390 0.207
3391 0.313
3392 0.818
3393 0.197
3394 0.649
3395 0.477
3396 0.788
3397 0.079
3398 0.88
3399 0.749
3400 0.64
3401 0.447
3402 0.549
3403 0.905
3404 0.372
3405 0.614
3406 0.813
3407 0.698
3408 0.353
3409 0.573
3410 0.88
3411 0.711
3412 0.26
3413 0.158
3414 0.729
3415 0.31
3416 0.955
3417 0.749
3418 0.899
3419 0.693
3420 0.705
3421 0.008
3422 0.859
3423 0.219
3424 0.509
3425 0.857
3426 0.012
3427 0.766
3428 0.567
3429 0.504
3430 0.505
3431 0.786
3432 0.892
3433 0.698
3434 0.654
3435 0.686
3436 0.596
3437 0.646
3438 0.313
3439 0.628
3440 0.501
3441 0.517
3442 0.246
3443 0.128
3444 0.817
3445 0.649
3446 0.376
3447 0.91
3448 0.755
3449 0.062
3450 0.128
3451 0.019
3452 0.407
3453 0.143
3454 0.202
3455 0.343
3456 0.427
3457 0.035
3458 0.555
3459 0.278
3460 0.056
3461 0.268
3462 0.185
3463 0.846
3464 0.183
3465 0.609
3466 0.673
3467 0.876
3468 0.496
3469 0.126
3470 0.828
3471 0.705
3472 0.755
3473 0.563
3474 0.299
3475 0.224
3476 0.226
3477 0.133
3478 0.835
3479 0.881
3480 0.728
3481 0.915
3482 0.269
3483 0.308
3484 0.777
3485 0.41
3486 0.41
3487 0.16
3488 0.224
3489 0.715
3490 0.452
3491 0.605
3492 0.332
3493 0.389
3494 0.057
3495 0.555
3496 0.862
3497 0.687
3498 0.969
3499 0.593
3500 0.163
3501 0.662
3502 0.278
3503 0.847
3504 0.552
3505 0.585
3506 0.425
3507 0.926
3508 0.642
3509 0.65
3510 0.826
3511 0.349
3512 0.816
3513 0.281
3514 0.246
3515 0.185
3516 0.157
3517 0.533
3518 0.466
3519 0.13
3520 0.584
3521 0.778
3522 0.015
3523 0.813
3524 0.279
3525 0.743
3526 0.073
3527 0.359
3528 0.446
3529 0.215
3530 0.072
3531 0.246
3532 0.553
3533 0.508
3534 0.518
3535 0.834
3536 0.255
3537 0.548
3538 0.796
3539 0.016
3540 0.916
3541 0.906
3542 0.608
3543 0.678
3544 0.31
3545 0.652
3546 0.717
3547 0.539
3548 0.602
3549 0.187
3550 0.52
3551 0.461
3552 0.308
3553 0.731
3554 0.949
3555 0.078
3556 0.815
3557 0
3558 0.833
3559 0.571
3560 0.711
3561 0.301
3562 0.313
3563 0.264
3564 0.178
3565 0.559
3566 0.575
3567 0.883
3568 0.621
3569 0.865
3570 0.355
3571 0.563
3572 0.578
3573 0.194
3574 0.235
3575 0.17
3576 0.52
3577 0.529
3578 0.186
3579 0.886
3580 0.045
3581 0.634
3582 0.664
3583 0.301
3584 0.187
3585 0.048
3586 0.845
3587 0.757
3588 0.827
3589 0.47
3590 0.353
3591 0.838
3592 0.336
3593 0.637
3594 0.82
3595 0.757
3596 0.298
3597 0.783
3598 0.721
3599 0.133
3600 0.855
3601 0.349
3602 0.43
3603 0.193
3604 0.603
3605 0.247
3606 0.804
3607 0.083
3608 0.34
3609 0.2
3610 0.35
3611 0.436
3612 0.692
3613 0.515
3614 0.63
3615 0.234
3616 0.66
3617 0.27
3618 0.736
3619 0.589
3620 0.355
3621 0.373
3622 0.002
3623 0.913
3624 0.076
3625 0.243
3626 0.182
3627 0.605
3628 0.446
3629 0.112
3630 0.573
3631 0.887
3632 0.491
3633 0.424
3634 0.65
3635 0.647
3636 0.755
3637 0.218
3638 0.714
3639 0.247
3640 0.777
3641 0.212
3642 0.006
3643 0.877
3644 0.453
3645 0.383
3646 0.621
3647 0.417
3648 0.776
3649 0.264
3650 0.135
3651 0.357
3652 0.719
3653 0.71
3654 0.133
3655 0.549
3656 0.49
3657 0.569
3658 0.7
3659 0.093
3660 0.875
3661 0.152
3662 0.471
3663 0.281
3664 0.379
3665 0.322
3666 0.333
3667 0.922
3668 0.004
3669 0.095
3670 0.196
3671 0.593
3672 0.092
3673 0.15
3674 0.226
3675 0.806
3676 0.163
3677 0.554
3678 0.686
3679 0.6
3680 0.567
3681 0.876
3682 0.777
3683 0.716
3684 0.43
3685 0.92
3686 0.277
3687 0.314
3688 0.714
3689 0.13
3690 0.2
3691 0.915
3692 0.799
3693 0.725
3694 0.329
3695 0.917
3696 0.344
3697 0.462
3698 0.849
3699 0.327
3700 0.717
3701 0.071
3702 0.142
3703 0.528
3704 0.345
3705 0.065
3706 0.323
3707 0.778
3708 0.523
3709 0.15
3710 0.17
3711 0.432
3712 0.1
3713 0.46
3714 0.436
3715 0.624
3716 0.642
3717 0.479
3718 0.34
3719 0.181
3720 0.121
3721 0.46
3722 0.518
3723 0.57
3724 0.855
3725 0.446
3726 0.701
3727 0.814
3728 0.59
3729 0.164
3730 0.532
3731 0.703
3732 0.025
3733 0.7
3734 0.528
3735 0.344
3736 0.405
3737 0.328
3738 0.9
3739 0.296
3740 0.042
3741 0.478
3742 0.686
3743 0.821
3744 0.404
3745 0.823
3746 0.329
3747 0.668
3748 0.284
3749 0.651
3750 0.652
3751 0.232
3752 0.322
3753 0.829
3754 0.309
3755 0.403
3756 0.795
3757 0.224
3758 0.606
3759 0.262
3760 0.414
3761 0.507
3762 0.215
3763 0.608
3764 0.813
3765 0.402
3766 0.261
3767 0.618
3768 0.38
3769 0.748
3770 0.49
3771 0.419
3772 0.133
3773 0.673
3774 0.267
3775 0.457
3776 0.915
3777 0.647
3778 0.483
3779 0.64
3780 0.196
3781 0.892
3782 0.78
3783 0.565
3784 0.082
3785 0.835
3786 0.891
3787 0.797
3788 0.765
3789 0.221
3790 0.59
3791 0.711
3792 0.4
3793 0.589
3794 0.077
3795 0.5
3796 0.31
3797 0.349
3798 0.518
3799 0.523
3800 0.334
3801 0.67
3802 0.04
3803 0.911
3804 0.546
3805 0.821
3806 0.862
3807 0.199
3808 0.257
3809 0.114
3810 0.013
3811 0.321
3812 0.629
3813 0.063
3814 0.56
3815 0.48
3816 0.821
3817 0.108
3818 0.412
3819 0.838
3820 0.758
3821 0.115
3822 0.829
3823 0.854
3824 0.539
3825 0.392
3826 0.048
3827 0.609
3828 0.838
3829 0.841
3830 0.019
3831 0.802
3832 0.884
3833 0.39
3834 0.51
3835 0.598
3836 0.823
3837 0.53
3838 0.88
3839 0.594
3840 0.414
3841 0.645
3842 0.148
3843 0.287
3844 0.45
3845 0.594
3846 0.205
3847 0.225
3848 0.764
3849 0.293
3850 0.659
3851 0.517
3852 0.789
3853 0.744
3854 0.633
3855 0.711
3856 0.3
3857 0.536
3858 0.634
3859 0.243
3860 0.478
3861 0.71
3862 0.373
3863 0.508
3864 0.913
3865 0.344
3866 0.273
3867 0.827
3868 0.146
3869 0.476
3870 0.863
3871 0.87
3872 0.479
3873 0.486
3874 0.533
3875 0.206
3876 0.428
3877 0.43
3878 0.067
3879 0.72
3880 0.829
3881 0.341
3882 0.506
3883 0.277
3884 0.653
3885 0.739
3886 0.328
3887 0.575
3888 0.667
3889 0.837
3890 0.137
3891 0.587
3892 0.148
3893 0.485
3894 0.325
3895 0.162
3896 0.596
3897 0.897
3898 0.868
3899 0.942
3900 0.88
3901 0.564
3902 0.489
3903 0.611
3904 0.503
3905 0.73
3906 0.648
3907 0.496
3908 0.249
3909 0.169
3910 0.587
3911 0.237
3912 0.429
3913 0.309
3914 0.168
3915 0.02
3916 0.821
3917 0.411
3918 0.876
3919 0.486
3920 0.339
3921 0.216
3922 0.464
3923 0.294
3924 0.311
3925 0.174
3926 0.428
3927 0.115
3928 0.325
3929 0.686
3930 0.337
3931 0.782
3932 0.409
3933 0.68
3934 0.851
3935 0.713
3936 0.021
3937 0.054
3938 0.179
3939 0.34
3940 0.556
3941 0.563
3942 0.905
3943 0.084
3944 0.367
3945 0.775
3946 0.083
3947 0.583
3948 0.312
3949 0.114
3950 0.3
3951 0.728
3952 0.438
3953 0.902
3954 0.387
3955 0.942
3956 0.82
3957 0.373
3958 0.487
3959 0.398
3960 0.266
3961 0.243
3962 0.308
3963 0.798
3964 0.779
3965 0.356
3966 0.611
3967 0.887
3968 0.283
3969 0.637
3970 0.635
3971 0.286
3972 0.193
3973 0.2
3974 0.457
3975 0.224
3976 0.601
3977 0.315
3978 0.75
3979 0.124
3980 0.887
3981 0.722
3982 0.227
3983 0.641
3984 0.199
3985 0.635
3986 0.245
3987 0.652
3988 0.601
3989 0.552
3990 0.45
3991 0.129
3992 0.52
3993 0.702
3994 0.741
3995 0.448
3996 0.506
3997 0.873
3998 0.638
3999 0.468
4000 0.402
4001 0.638
4002 0.57
4003 0.767
4004 0.21
4005 0.492
4006 0.165
4007 0.646
4008 0.515
4009 0.756
4010 0.369
4011 0.035
4012 0.153
4013 0.468
4014 0.876
4015 0.317
4016 0.603
4017 0.37
4018 0.633
4019 0.47
4020 0.55
4021 0.75
4022 0.695
4023 0.168
4024 0.164
4025 0.092
4026 0.802
4027 0.675
4028 0.432
4029 0.621
4030 0.301
4031 0.848
4032 0.397
4033 0.708
4034 0.298
4035 0.826
4036 0.513
4037 0.767
4038 0.233
4039 0.174
4040 0.546
4041 0.333
4042 0.277
4043 0.319
4044 0.673
4045 0.598
4046 0.7
4047 0.667
4048 0.724
4049 0.83
4050 0.96
4051 0.299
4052 0.51
4053 0.349
4054 0.546
4055 0.013
4056 0.805
4057 0.491
4058 0.59
4059 0.092
4060 0.588
4061 0.281
4062 0.108
4063 0.321
4064 0.424
4065 0.072
4066 0.164
4067 0.273
4068 0.574
4069 0.205
4070 0.581
4071 0.649
4072 0.822
4073 0.408
4074 0.82
4075 0.304
4076 0.343
4077 0.197
4078 0.068
4079 0.57
4080 0.244
4081 0.146
4082 0.344
4083 0.436
4084 0.376
4085 0.217
4086 0.483
4087 0.328
4088 0.32
4089 0.873
4090 0.216
4091 0.756
4092 0.018
4093 0.316
4094 0.855
4095 0.818
4096 0.451
4097 0.065
4098 0.729
4099 0.851
4100 0.354
4101 0.36
4102 0.565
4103 0.906
4104 0.354
4105 0.673
4106 0.153
4107 0.844
4108 0.884
4109 0.73
4110 0.359
4111 0.028
4112 0.345
4113 0.514
4114 0.584
4115 0.26
4116 0.756
4117 0.073
4118 0.34
4119 0.508
4120 0.536
4121 0.834
4122 0.801
4123 0.133
4124 0.773
4125 0.132
4126 0.261
4127 0.787
4128 0.738
4129 0.711
4130 0.678
4131 0.389
4132 0.558
4133 0.231
4134 0.068
4135 0.603
4136 0.252
4137 0.874
4138 0.565
4139 0.673
4140 0.034
4141 0.764
4142 0.783
4143 0.317
4144 0.433
4145 0.915
4146 0.579
4147 0.637
4148 0.724
4149 0.349
4150 0.672
4151 0.794
4152 0.21
4153 0.237
4154 0.162
4155 0.559
4156 0.704
4157 0.077
4158 0.908
4159 0.244
4160 0.835
4161 0.577
4162 0.02
4163 0.356
4164 0.194
4165 0.613
4166 0.573
4167 0.369
4168 0.356
4169 0.755
4170 0.105
4171 0.27
4172 0.593
4173 0.241
4174 0.81
4175 0.081
4176 0.42
4177 0.308
4178 0.9
4179 0.06
4180 0.674
4181 0.232
4182 0.122
4183 0.37
4184 0.314
4185 0.479
4186 0.131
4187 0.732
4188 0.506
4189 0.474
4190 0.728
4191 0.788
4192 0.454
4193 0.598
4194 0.783
4195 0.487
4196 0.326
4197 0.694
4198 0.505
4199 0.551
4200 0.512
4201 0.387
4202 0.81
4203 0.717
4204 0.791
4205 0.888
4206 0.742
4207 0.404
4208 0.414
4209 0.698
4210 0.795
4211 0.305
4212 0.808
4213 0.589
4214 0.597
4215 0.893
4216 0.153
4217 0.615
4218 0.727
4219 0.764
4220 0.164
4221 0.14
4222 0.014
4223 0.886
4224 0.516
4225 0.898
4226 0.341
4227 0.867
4228 0.535
4229 0.325
4230 0.609
4231 0.015
4232 0.85
4233 0.313
4234 0.227
4235 0.51
4236 0.536
4237 0.517
4238 0.177
4239 0.724
4240 0.399
4241 0.62
4242 0.441
4243 0.2
4244 0.138
4245 0.504
4246 0.33
4247 0.059
4248 0.622
4249 0.346
4250 0.43
4251 0.519
4252 0.516
4253 0.627
4254 0.776
4255 0.243
4256 0.29
4257 0.6
4258 0.131
4259 0.747
4260 0.056
4261 0.395
4262 0.388
4263 0.449
4264 0.86
4265 0.159
4266 0.557
4267 0.786
4268 0.841
4269 0.044
4270 0.067
4271 0.765
4272 0.415
4273 0.807
4274 0.109
4275 0.407
4276 0.954
4277 0.142
4278 0.496
4279 0.168
4280 0.583
4281 0.517
4282 0.261
4283 0.183
4284 0.669
4285 0.016
4286 0.06
4287 0.098
4288 0.507
4289 0.132
4290 0.194
4291 0.333
4292 0.348
4293 0.388
4294 0.665
4295 0.551
4296 0.435
4297 0.236
4298 0.103
4299 0.621
4300 0.802
4301 0.469
4302 0.741
4303 0.21
4304 0.478
4305 0.601
4306 0.569
4307 0.288
4308 0.201
4309 0.804
4310 0.825
4311 0.104
4312 0.167
4313 0.719
4314 0.639
4315 0.46
4316 0.476
4317 0.626
4318 0.43
4319 0.169
4320 0.26
4321 0.46
4322 0.257
4323 0.422
4324 0.705
4325 0.06
4326 0.759
4327 0.499
4328 0.806
4329 0.695
4330 0.491
4331 0.163
4332 0.489
4333 0.893
4334 0.668
4335 0.379
4336 0.83
4337 0.131
4338 0.65
4339 0.64
4340 0.239
4341 0.644
4342 0.914
4343 0.339
4344 0.356
4345 0.196
4346 0.646
4347 0.55
4348 0.798
4349 0.063
4350 0.066
4351 0.933
4352 0.276
4353 0.196
4354 0.463
4355 0.098
4356 0.666
4357 0.845
4358 0.575
4359 0.512
4360 0.891
4361 0.125
4362 0.669
4363 0.192
4364 0.383
4365 0.464
4366 0.048
4367 0.916
4368 0.059
4369 0.42
4370 0.698
4371 0.681
4372 0.291
4373 0.15
4374 0.248
4375 0.08
4376 0.419
4377 0.427
4378 0.271
4379 0.41
4380 0.189
4381 0.935
4382 0.674
4383 0.637
4384 0.739
4385 0.126
4386 0.839
4387 0.018
4388 0.328
4389 0.33
4390 0.631
4391 0.528
4392 0.472
4393 0.863
4394 0.812
4395 0.127
4396 0.311
4397 0.249
4398 0.228
4399 0.578
4400 0.641
4401 0.572
4402 0.643
4403 0.441
4404 0.388
4405 0.271
4406 0.001
4407 0.09
4408 0.742
4409 0.259
4410 0.784
4411 0.136
4412 0.376
4413 0.785
4414 0.718
4415 0.814
4416 0.44
4417 0.376
4418 0.566
4419 0.222
4420 0.029
4421 0.694
4422 0.654
4423 0.35
4424 0.851
4425 0.79
4426 0.59
4427 0.531
4428 0.154
4429 0.153
4430 0.419
4431 0.368
4432 0.865
4433 0.673
4434 0.836
4435 0.022
4436 0.277
4437 0.125
4438 0.686
4439 0.221
4440 0.202
4441 0.827
4442 0.102
4443 0.363
4444 0.144
4445 0.389
4446 0.237
4447 0.37
4448 0.713
4449 0.661
4450 0.327
4451 0.29
4452 0.837
4453 0.581
4454 0.915
4455 0.286
4456 0.093
4457 0.663
4458 0.744
4459 0.014
4460 0.577
4461 0.704
4462 0.659
4463 0.639
4464 0.456
4465 0.613
4466 0.445
4467 0.557
4468 0.017
4469 0.779
4470 0.258
4471 0.612
4472 0.718
4473 0.918
4474 0.182
4475 0.097
4476 0.787
4477 0.87
4478 0.686
4479 0.226
4480 0.729
4481 0.228
4482 0.806
4483 0.839
4484 0.346
4485 0.015
4486 0.308
4487 0.57
4488 0.29
4489 0.504
4490 0.817
4491 0.399
4492 0.528
4493 0.247
4494 0.724
4495 0.494
4496 0.878
4497 0.605
4498 0.513
4499 0.254
4500 0.734
4501 0.575
4502 0.902
4503 0.824
4504 0.764
4505 0.336
4506 0
4507 0.632
4508 0.041
4509 0.847
4510 0.272
4511 0.535
4512 0.413
4513 0.747
4514 0.732
4515 0.113
4516 0.007
4517 0.079
4518 0.622
4519 0.306
4520 0.872
4521 0.654
4522 0.132
4523 0.865
4524 0.154
4525 0.38
4526 0.466
4527 0.713
4528 0.512
4529 0.78
4530 0.508
4531 0.261
4532 0.028
4533 0.581
4534 0.582
4535 0.409
4536 0.487
4537 0.708
4538 0.71
4539 0.826
4540 0.301
4541 0.232
4542 0.463
4543 0.026
4544 0.375
4545 0.831
4546 0.588
4547 0.406
4548 0.853
4549 0.866
4550 0.31
4551 0.009
4552 0.415
4553 0.864
4554 0.493
4555 0.581
4556 0.695
4557 0.208
4558 0.569
4559 0.799
4560 0.16
4561 0.9
4562 0.255
4563 0.634
4564 0.016
4565 0.434
4566 0.798
4567 0.055
4568 0.393
4569 0.32
4570 0.251
4571 0.131
4572 0.396
4573 0.914
4574 0.25
4575 0.22
4576 0.528
4577 0.619
4578 0.768
4579 0.576
4580 0.771
4581 0.524
4582 0.703
4583 0.339
4584 0.304
4585 0.874
4586 0.808
4587 0.227
4588 0.152
4589 0.319
4590 0.046
4591 0.895
4592 0.447
4593 0.77
4594 0.459
4595 0.235
4596 0.786
4597 0.773
4598 0.263
4599 0.169
4600 0.355
4601 0.712
4602 0.414
4603 0.652
4604 0.763
4605 0.855
4606 0.026
4607 0.55
4608 0.365
4609 0.343
4610 0.474
4611 0.826
4612 0.763
4613 0.244
4614 0.377
4615 0.619
4616 0.672
4617 0.737
4618 0.695
4619 0.354
4620 0.352
4621 0.135
4622 0.225
4623 0.482
4624 0.406
4625 0.29
4626 0.627
4627 0.349
4628 0.787
4629 0.734
4630 0.271
4631 0.644
4632 0.132
4633 0.478
4634 0.085
4635 0.57
4636 0.507
4637 0.811
4638 0.389
4639 0.707
4640 0.308
4641 0.582
4642 0.856
4643 0.29
4644 0.369
4645 0.014
4646 0.418
4647 0.787
4648 0.733
4649 0.416
4650 0.451
4651 0.807
4652 0.429
4653 0.333
4654 0.343
4655 0.69
4656 0.847
4657 0.596
4658 0.522
4659 0.31
4660 0.82
4661 0.804
4662 0.122
4663 0.924
4664 0.743
4665 0.68
4666 0.52
4667 0.221
4668 0.233
4669 0.787
4670 0.066
4671 0.359
4672 0.565
4673 0.164
4674 0.276
4675 0.291
4676 0.55
4677 0.313
4678 0.409
4679 0.752
4680 0.297
4681 0.561
4682 0.197
4683 0.819
4684 0.116
4685 0.425
4686 0.203
4687 0.51
4688 0.428
4689 0.507
4690 0.66
4691 0.064
4692 0.331
4693 0.865
4694 0.16
4695 0.84
4696 0.39
4697 0.771
4698 0.852
4699 0.297
4700 0.76
4701 0.448
4702 0.473
4703 0.552
4704 0.855
4705 0.368
4706 0.809
4707 0.757
4708 0.794
4709 0.663
4710 0.717
4711 0.428
4712 0.658
4713 0.225
4714 0.079
4715 0.629
4716 0.493
4717 0.958
4718 0.333
4719 0.766
4720 0.583
4721 0.674
4722 0.581
4723 0.11
4724 0.656
4725 0.303
4726 0.427
4727 0.085
4728 0.418
4729 0.146
4730 0.599
4731 0.658
4732 0.195
4733 0.643
4734 0.331
4735 0.486
4736 0.35
4737 0.454
4738 0.289
4739 0.456
4740 0.825
4741 0.078
4742 0.771
4743 0.53
4744 0.335
4745 0.168
4746 0.373
4747 0.01
4748 0.354
4749 0.156
4750 0.07
4751 0.452
4752 0.171
4753 0.151
4754 0.882
4755 0.901
4756 0.5
4757 0.592
4758 0.466
4759 0.719
4760 0.778
4761 0.836
4762 0.432
4763 0.815
4764 0.384
4765 0.255
4766 0.817
4767 0.347
4768 0.688
4769 0.881
4770 0.594
4771 0.792
4772 0.101
4773 0.366
4774 0.474
4775 0.871
4776 0.855
4777 0.908
4778 0.535
4779 0.849
4780 0.076
4781 0.922
4782 0.248
4783 0.351
4784 0.645
4785 0.253
4786 0.46
4787 0.211
4788 0.75
4789 0.244
4790 0.805
4791 0.111
4792 0.448
4793 0.744
4794 0.777
4795 0.549
4796 0.373
4797 0.045
4798 0.841
4799 0.302
4800 0.485
4801 0.205
4802 0.243
4803 0.731
4804 0.579
4805 0.921
4806 0.41
4807 0.083
4808 0.128
4809 0.377
4810 0.841
4811 0.452
4812 0.181
4813 0.518
4814 0.087
4815 0.45
4816 0.426
4817 0.261
4818 0.767
4819 0.907
4820 0.732
4821 0.483
4822 0.623
4823 0.495
4824 0.148
4825 0.961
4826 0.644
4827 0.248
4828 0.44
4829 0.06
4830 0.33
4831 0.592
4832 0.73
4833 0.564
4834 0.626
4835 0.916
4836 0.418
4837 0.678
4838 0.795
4839 0.075
4840 0.686
4841 0.735
4842 0.822
4843 0.895
4844 0.842
4845 0.276
4846 0.896
4847 0.232
4848 0.441
4849 0.683
4850 0.937
4851 0.521
4852 0.794
4853 0.75
4854 0.431
4855 0.822
4856 0.394
4857 0.301
4858 0.665
4859 0.807
4860 0.328
4861 0.286
4862 0.534
4863 0.134
4864 0.717
4865 0.71
4866 0.224
4867 0.323
4868 0.107
4869 0.433
4870 0.668
4871 0.456
4872 0.548
4873 0.396
4874 0.304
4875 0.743
4876 0.49
4877 0.31
4878 0.931
4879 0.3
4880 0.128
4881 0.733
4882 0.076
4883 0.746
4884 0.202
4885 0.427
4886 0.794
4887 0.195
4888 0.703
4889 0.743
4890 0.017
4891 0.412
4892 0.348
4893 0.327
4894 0.267
4895 0
4896 0.536
4897 0.386
4898 0.483
4899 0.948
4900 0.218
4901 0.858
4902 0.381
4903 0.592
4904 0.552
4905 0.125
4906 0.769
4907 0.415
4908 0.849
4909 0.421
4910 0.237
4911 0.703
4912 0.377
4913 0.233
4914 0.596
4915 0.853
4916 0.092
4917 0.572
4918 0.893
4919 0.562
4920 0.162
4921 0.342
4922 0.532
4923 0.118
4924 0.126
4925 0.667
4926 0.082
4927 0.051
4928 0.171
4929 0.809
4930 0.816
4931 0.185
4932 0.612
4933 0.488
4934 0.611
4935 0.55
4936 0.418
4937 0.534
4938 0.347
4939 0.295
4940 0.591
4941 0.695
4942 0.866
4943 0.881
4944 0.573
4945 0.186
4946 0.216
4947 0.496
4948 0.15
4949 0.169
4950 0.295
4951 0.29
4952 0.757
4953 0.5
4954 0.587
4955 0.491
4956 0.606
4957 0.414
4958 0.792
4959 0.745
4960 0.797
4961 0.854
4962 0.459
4963 0.316
4964 0.353
4965 0.11
4966 0.874
4967 0.858
4968 0.412
4969 0.242
4970 0.297
4971 0.386
4972 0.437
4973 0.148
4974 0.694
4975 0.452
4976 0.644
4977 0.381
4978 0.266
4979 0.234
4980 0.681
4981 0.609
4982 0.707
4983 0.432
4984 0.605
4985 0.732
4986 0.383
4987 0.884
4988 0.145
4989 0.258
4990 0.397
4991 0.129
4992 0.647
4993 0.477
4994 0.41
4995 0.494
4996 0.848
4997 0.094
4998 0.271
4999 0.553
5000 0.007
