1 0.7527565
2 0.1519908
3 0.2616672
4 0.8042712
5 0.002048515
6 0.07586523
7 0.004032619
8 0.5138028
9 0.001174752
10 0.8208391
11 0.1413008
12 0.1797178
13 0.313833
14 0.05674328
15 0.364721
16 0.9150974
17 0.03983719
18 0.9625145
19 0.0005386729
20 0.09467229
21 0.08254044
22 0.005541128
23 0.1199449
24 0.1542486
25 0.01533443
26 0.006850135
27 2.804815e-06
28 0.003092439
29 0.8827947
30 0.03280058
31 0.5365291
32 0.8423327
33 0.1751564
34 0.0009344871
35 0.4977185
36 0.4992096
37 0.3802741
38 0.2196166
39 0.2080663
40 0.0006194359
41 0.09089161
42 0.600879
43 0.4319224
44 0.8201936
45 0.004854824
46 0.009813649
47 0.9824327
48 0.0005709447
49 0.5348117
50 0.3807327
51 0.04422975
52 0.3182101
53 0.1712126
54 0.01458034
55 0.3189955
56 0.2298625
57 0.0003524663
58 0.1677489
59 0.5505627
60 2.353895e-07
61 0.1364169
62 0.05183515
63 0.6346523
64 0.1594674
65 0.6143334
66 0.01724807
67 0.02711704
68 0.5689981
69 0.05731844
70 2.329782e-08
71 0.5727683
72 0.5753418
73 0.001685972
74 0.1514854
75 0.6046462
76 0.0964984
77 0.412428
78 0.5228191
79 0.4374487
80 0.008702927
81 0.8780009
82 0.2994179
83 0.1746279
84 0.6935216
85 0.4675187
86 0.3489945
87 0.1685567
88 0.54065
89 0.2950572
90 0.001267086
91 8.356048e-05
92 0.2236888
93 0.7638504
94 0.1319103
95 0.761714
96 0.0479336
97 0.5479532
98 9.736549e-05
99 0.7957695
100 0.3959903
101 0.008439322
102 0.119727
103 0.03945549
104 0.0308648
105 0.4117438
106 0.09400202
107 0.004970092
108 0.4713694
109 0.4393774
110 0.01017794
111 0.9705548
112 0.01632472
113 0.163131
114 0.3424971
115 0.4310603
116 0.08972118
117 0.2601357
118 0.1396152
119 0.1777919
120 0.06122082
121 0.0013328
122 0.2235255
123 0.2148155
124 0.03897728
125 0.239768
126 0.2782866
127 0.5519339
128 0.009036083
129 0.3510302
130 0.1635275
131 0.02931326
132 0.9254064
133 0.0009684284
134 0.008387551
135 1.133877e-10
136 0.03884292
137 0.0001115414
138 0.007538213
139 0.7406098
140 0.0400071
141 0.009835703
142 0.8787137
143 0.899113
144 0.6162751
145 0.02068338
146 0.6059878
147 0.5209909
148 0.1091428
149 0.2018001
150 0.02275783
151 0.4565663
152 0.08341233
153 0.5227367
154 0.3754394
155 0.7817231
156 0.303317
157 0.8513911
158 0.2916858
159 0.1169298
160 0.1856318
161 0.5915768
162 0.0003748097
163 0.007878601
164 0.3538645
165 0.004937822
166 0.3192624
167 0.001686737
168 0.7001917
169 0.9050598
170 0.004203799
171 0.001238044
172 0.1718452
173 5.966613e-05
174 0.6922111
175 0.7362355
176 0.9573234
177 0.518503
178 0.9815199
179 0.103435
180 0.01549975
181 0.6523149
182 0.9221156
183 0.9098001
184 0.2712554
185 0.09540299
186 0.004186459
187 0.5559963
188 0.622802
189 0.1049548
190 0.6402862
191 0.6394164
192 0.01700086
193 0.6253952
194 0.03784316
195 0.00169818
196 0.1089794
197 0.6928177
198 0.07933661
199 0.8567726
200 0.007723859
201 0.9762789
202 0.8268879
203 0.5821486
204 0.8258419
205 0.1163663
206 0.125642
207 0.06002761
208 0.05123341
209 0.9595602
210 0.4778251
211 0.2235687
212 0.03871487
213 0.0979515
214 0.002834055
215 0.2965739
216 0.1765828
217 0.7381743
218 0.1494817
219 0.5562263
220 0.06972946
221 0.1232697
222 0.3712948
223 0.5529973
224 0.009272453
225 0.1924768
226 0.001452405
227 0.6451931
228 0.03591346
229 0.001834619
230 0.8664143
231 0.8257086
232 0.1645338
233 0.01102786
234 0.09371139
235 0.004149631
236 0.1281511
237 0.8031656
238 0.3454177
239 0.001103841
240 0.4205669
241 0.01909264
242 0.5524197
243 0.1588911
244 0.5080503
245 7.808747e-06
246 0.5466851
247 0.2200208
248 0.02804332
249 0.00159682
250 0.6066058
251 0.02245958
252 0.5869441
253 0.491361
254 0.04988459
255 0.102655
256 0.1578513
257 0.1895527
258 0.8503217
259 0.9923781
260 0.369798
261 0.02014999
262 0.06408577
263 0.02234326
264 0.04521339
265 0.0006557213
266 0.002880779
267 0.04899435
268 0.06008455
269 9.08894e-09
270 0.4499076
271 0.2325407
272 0.002159645
273 0.07038236
274 0.04001724
275 0.7561641
276 0.9905286
277 0.7070353
278 0.09044191
279 0.4812811
280 0.146567
281 0.1180421
282 0.6251484
283 0.1460076
284 0.001619109
285 0.2745313
286 0.003596276
287 0.09519476
288 0.1182118
289 0.7890827
290 0.04936215
291 0.02608237
292 0.2036413
293 0.6284411
294 0.03040877
295 0.8101143
296 0.3787861
297 0.136277
298 0.6991589
299 0.00374557
300 0.02908076
301 0.5442316
302 0.4080754
303 0.4466354
304 0.7440203
305 0.06886944
306 0.1990197
307 0.2588646
308 0.8376768
309 0.8805106
310 0.3798743
311 0.435524
312 0.01481138
313 0.09943413
314 0.1124436
315 0.2094003
316 0.2687699
317 0.01764915
318 0.07922015
319 0.005903543
320 0.1253136
321 0.06382447
322 0.3341537
323 0.05127677
324 7.843713e-07
325 0.1261205
326 0.5728221
327 0.002795177
328 0.6258906
329 0.7450252
330 0.2655725
331 0.01388158
332 0.5227643
333 0.06657294
334 0.03906277
335 0.3344924
336 0.0009000634
337 0.1134181
338 0.03851739
339 0.09353132
340 0.8066269
341 0.001641388
342 0.2196758
343 0.007664006
344 0.5263639
345 0.505941
346 0.2479531
347 0.573004
348 0.1530798
349 0.01161036
350 0.09193143
351 0.5422288
352 0.5120104
353 0.4910994
354 0.175024
355 0.06441263
356 0.1287026
357 0.08090518
358 0.2294827
359 0.8198084
360 0.0305734
361 0.0002378523
362 0.02147478
363 0.1413885
364 0.0003269807
365 0.009635979
366 0.7683155
367 0.008737402
368 0.4489358
369 0.1289919
370 0.2668287
371 0.2014358
372 0.8293728
373 0.06367464
374 0.1068463
375 0.4900186
376 0.006019856
377 0.8303315
378 8.877103e-05
379 0.3220394
380 0.1475364
381 0.184615
382 0.1424746
383 0.2264442
384 0.2327008
385 0.8741279
386 0.5389073
387 0.02817564
388 0.4685053
389 0.3115544
390 0.4661907
391 0.3290159
392 0.1927685
393 0.2636211
394 0.2611995
395 0.04365126
396 0.9158686
397 0.01165498
398 0.3833263
399 0.1722575
400 0.7593629
401 0.4047435
402 0.1713904
403 0.06068473
404 0.008004438
405 0.0001484517
406 0.3025242
407 0.001537235
408 0.9376795
409 0.001465294
410 0.1095519
411 0.6742715
412 0.001339395
413 0.02699492
414 0.7674444
415 0.002994977
416 0.8326735
417 0.307568
418 0.1089436
419 0.1326595
420 0.5955389
421 0.2119083
422 0.1648186
423 0.1285961
424 0.1518338
425 0.01590294
426 0.002086385
427 0.7930902
428 0.8161589
429 0.007532491
430 0.07917147
431 0.1225983
432 0.1746385
433 0.3944522
434 0.9097301
435 0.01122658
436 0.2955499
437 0.001430487
438 0.01632585
439 0.6104005
440 0.7649504
441 0.1101509
442 0.2331754
443 0.1253674
444 0.4821509
445 0.001032869
446 0.6527692
447 0.002405195
448 0.0793452
449 0.2130174
450 0.08551606
451 0.03925047
452 0.8373326
453 0.2191521
454 0.435261
455 0.2847975
456 0.8839833
457 0.7312468
458 0.02203497
459 0.1054379
460 0.1731541
461 0.2115203
462 0.5071002
463 0.4089564
464 0.6004063
465 0.00379474
466 0.01276823
467 0.2776143
468 0.7729037
469 0.01479539
470 0.5105245
471 0.04026483
472 0.241884
473 0.5247256
474 0.09243743
475 0.8560929
476 0.0419287
477 0.1487763
478 0.1710788
479 0.05673943
480 0.03054544
481 0.634408
482 0.6622408
483 0.0006065226
484 0.04742772
485 0.1774774
486 0.01127675
487 0.2416426
488 0.0743488
489 0.01469635
490 0.4931332
491 0.6953361
492 0.0002261412
493 0.7281592
494 0.1605423
495 0.02457228
496 0.4751757
497 0.0001415567
498 0.03540105
499 0.875534
500 0.1685845
501 0.3860304
502 0.3097642
503 0.2654182
504 0.06633324
505 0.08672628
506 0.04939688
507 0.2968931
508 0.6850607
509 0.01148448
510 0.3784285
511 0.34409
512 0.02006348
513 0.02605011
514 0.9383473
515 0.0001870986
516 0.3483935
517 0.5475413
518 0.5789771
519 0.2282805
520 0.1013249
521 0.02779144
522 3.025815e-05
523 0.04967066
524 0.003227462
525 0.787016
526 0.1243028
527 0.00248214
528 0.2584513
529 0.9954231
530 0.1781229
531 0.2465216
532 0.2174716
533 0.005181269
534 0.9108699
535 0.03502058
536 0.9782321
537 0.5710757
538 0.5863218
539 0.9612061
540 0.05255465
541 0.005374149
542 0.01379162
543 0.05847285
544 0.4898888
545 0.0001907034
546 0.2334515
547 0.02300625
548 0.3681018
549 0.3257246
550 0.241806
551 0.0001360053
552 0.009923368
553 0.8673241
554 0.3163908
555 0.1517155
556 0.665369
557 0.5098748
558 0.6415932
559 0.0005096666
560 0.7583509
561 0.02252814
562 0.8551387
563 0.1975853
564 0.03326185
565 0.3212811
566 0.01274385
567 0.5777988
568 0.8399674
569 0.2856314
570 0.8883814
571 0.2195589
572 0.01118927
573 0.2726602
574 0.05028424
575 0.02738458
576 0.9914914
577 0.2865905
578 0.1941529
579 0.0001554258
580 0.1190669
581 0.381897
582 0.1825327
583 0.1655757
584 0.1703289
585 0.7737174
586 0.2048405
587 0.0006290645
588 0.0002049655
589 0.8967603
590 0.042321
591 0.0001640143
592 0.1072082
593 0.08757674
594 0.001103682
595 4.458517e-05
596 0.01500472
597 0.5414853
598 0.9560855
599 0.004700784
600 0.09400289
601 0.01077302
602 0.2052316
603 0.1523615
604 0.09999878
605 0.3106625
606 0.1267506
607 0.3130463
608 0.1315593
609 0.007173142
610 0.7725716
611 0.1213121
612 4.250835e-05
613 0.7205609
614 0.5167385
615 0.6117052
616 0.8653152
617 0.004068885
618 0.139371
619 0.8649321
620 0.2634433
621 0.2244972
622 0.4352284
623 0.6509429
624 0.2855332
625 0.1244464
626 0.6257962
627 0.3866907
628 0.9578622
629 0.9691144
630 0.1979524
631 0.3816646
632 0.218739
633 4.095381e-07
634 0.0466395
635 0.001864004
636 0.3983151
637 0.3837233
638 0.01154236
639 5.511725e-05
640 0.002449638
641 0.09839802
642 0.1117901
643 0.1312918
644 0.9804176
645 0.08477812
646 0.1727891
647 0.1803018
648 0.003367032
649 0.03230139
650 0.1871906
651 0.03564539
652 0.7386001
653 0.1932402
654 0.3704517
655 0.4493917
656 0.02344939
657 0.03108486
658 0.1505892
659 0.04113332
660 0.03079451
661 0.8013004
662 0.01560299
663 0.005653618
664 0.3277838
665 0.0429403
666 0.5833662
667 0.01840062
668 0.8146204
669 0.1485252
670 0.7197378
671 0.07304554
672 0.0903905
673 0.003694669
674 0.3988833
675 0.296014
676 0.08154218
677 0.05977969
678 0.003581887
679 0.01103986
680 0.1357181
681 0.09210339
682 0.05386332
683 0.0007617478
684 0.01394421
685 0.7530719
686 0.02488075
687 0.0331695
688 0.05081169
689 0.4726085
690 0.8391117
691 0.1211168
692 0.1482542
693 0.02876155
694 0.3622664
695 0.5082631
696 0.5727882
697 0.7780316
698 0.0006883047
699 0.3505493
700 0.7890453
701 0.8598496
702 0.4253121
703 0.006499998
704 0.1613025
705 0.9505398
706 0.03439784
707 2.038473e-06
708 0.02569155
709 0.04928264
710 0.4093914
711 0.5113142
712 0.2630767
713 0.04243655
714 0.007825967
715 0.711474
716 0.2172184
717 0.03737399
718 0.05253129
719 0.0728225
720 0.3639216
721 0.9079715
722 0.7512131
723 0.0140256
724 0.4565904
725 0.220442
726 6.517986e-06
727 0.7526768
728 0.5818539
729 0.6412741
730 0.8276029
731 0.5349712
732 0.09986885
733 0.2870481
734 0.02669656
735 0.2070356
736 0.7609457
737 0.02940588
738 0.9765668
739 0.01491668
740 0.608924
741 0.121203
742 0.0162106
743 0.03411818
744 2.814219e-05
745 0.227466
746 0.8312914
747 0.4779363
748 0.7138232
749 0.2308215
750 0.1049919
751 0.1103609
752 0.4447087
753 0.03000823
754 0.1068245
755 0.09356508
756 0.7160213
757 0.1101424
758 0.4621933
759 0.005149435
760 0.1352143
761 0.3467037
762 0.4231558
763 0.006138479
764 0.9989737
765 0.2778079
766 0.3622308
767 0.181779
768 0.299447
769 0.2353738
770 0.03265249
771 0.04300511
772 0.7559064
773 0.2615574
774 0.8119454
775 0.8038571
776 0.2157529
777 0.002540803
778 0.00529367
779 0.9039278
780 0.4287164
781 0.004942762
782 0.01707482
783 0.5277193
784 0.01086426
785 1.718933e-05
786 0.8023757
787 0.0836676
788 0.2139643
789 0.7606433
790 0.7691156
791 0.3326071
792 0.0001913854
793 0.9157538
794 0.1133176
795 0.056341
796 0.298498
797 0.5456975
798 0.5493487
799 0.3502934
800 0.1300221
801 0.02742074
802 0.9481709
803 0.9053915
804 0.04939346
805 0.0312654
806 0.01915073
807 0.47837
808 0.3459126
809 0.0001064449
810 0.07881674
811 0.5673089
812 0.3428819
813 0.009644905
814 0.2947447
815 0.1440124
816 0.01619556
817 0.000882619
818 0.01693563
819 0.0353804
820 0.1312038
821 0.09046394
822 0.01933547
823 0.01325016
824 0.621413
825 0.04316259
826 0.004583834
827 0.1284025
828 0.002008596
829 0.01128233
830 0.006314012
831 0.3750372
832 0.2877605
833 0.01271388
834 0.20087
835 0.01533273
836 0.1909218
837 0.152192
838 0.4884369
839 0.3595196
840 0.0001067464
841 0.1450287
842 0.0009851012
843 0.002892748
844 0.4992728
845 0.6245272
846 0.08513422
847 0.7741744
848 0.1225837
849 0.02386303
850 0.3785545
851 0.9491665
852 0.6206418
853 0.2107144
854 0.8363033
855 0.05230766
856 0.2800647
857 0.07701405
858 0.1465078
859 0.9037737
860 0.3416391
861 0.07572766
862 0.2975267
863 0.198976
864 0.02777424
865 0.1124326
866 0.8060402
867 0.01466331
868 0.8135977
869 0.03666785
870 0.09383928
871 0.3808874
872 0.704338
873 0.1147129
874 0.02513661
875 0.0541717
876 0.01496671
877 0.01854466
878 0.5086429
879 0.9243573
880 0.9333987
881 0.3450133
882 0.1730075
883 1.61982e-07
884 0.06023234
885 0.02057335
886 0.0478628
887 0.002123753
888 0.5200364
889 0.6296297
890 0.1158409
891 0.03074452
892 0.08163006
893 0.06326502
894 0.4844662
895 0.1351204
896 0.006002082
897 0.003247674
898 0.5050469
899 0.1837519
900 0.863169
901 0.1535388
902 0.2000628
903 0.1006129
904 0.9300802
905 0.2906774
906 0.4269821
907 0.005960975
908 0.0002034431
909 0.9244018
910 0.9850753
911 0.5205291
912 0.05561732
913 0.02091809
914 0.7738043
915 0.02537759
916 0.4835551
917 0.02324919
918 0.2545063
919 0.2773466
920 0.2271703
921 0.3717334
922 0.5091477
923 0.2835962
924 0.5925881
925 0.7794662
926 0.1783257
927 0.0665034
928 0.7686063
929 0.2946494
930 0.2169972
931 0.0006227107
932 0.1473455
933 0.0193775
934 0.6207462
935 0.3510797
936 0.2471662
937 0.1845621
938 6.817326e-07
939 0.6654445
940 7.359129e-08
941 0.005377863
942 0.04522058
943 0.008828538
944 0.01344182
945 0.002993367
946 0.8631624
947 7.646126e-05
948 0.0990058
949 0.3076149
950 0.008244188
951 0.4151665
952 0.9290144
953 0.03634369
954 0.03491411
955 0.003024451
956 0.1516524
957 0.1091737
958 0.8593876
959 0.6182891
960 0.04113945
961 0.01080908
962 0.1045169
963 0.08529878
964 0.8987315
965 0.8223038
966 0.08450953
967 0.3415833
968 0.6401111
969 0.005613369
970 0.9136594
971 0.8222191
972 0.09192431
973 0.03477174
974 0.05180997
975 0.302391
976 0.01089264
977 0.1637185
978 0.02210677
979 0.09085
980 0.1273606
981 0.2100161
982 0.5754105
983 0.7688479
984 0.4094834
985 0.01379079
986 0.003313077
987 0.7648716
988 0.8688008
989 0.1977132
990 4.938409e-07
991 0.6893565
992 0.9413732
993 0.03432661
994 0.0840004
995 0.779698
996 0.256412
997 0.02405478
998 0.939627
999 0.01943573
1000 0.007916052
1001 0.007192201
1002 2.214635e-05
1003 0.5251095
1004 0.4093422
1005 0.005806459
1006 0.1220549
1007 0.00127328
1008 0.6064211
1009 0.1039906
1010 0.08519234
1011 0.001529326
1012 0.02819284
1013 0.2094666
1014 0.001118752
1015 0.08374107
1016 0.3282058
1017 0.005423076
1018 0.0283994
1019 0.0769327
1020 0.8093711
1021 0.6936235
1022 0.2625614
1023 0.3531238
1024 0.01276681
1025 0.05232581
1026 0.06706711
1027 0.09125363
1028 0.01873763
1029 0.2684037
1030 0.2184623
1031 0.1539432
1032 0.007299277
1033 0.02951159
1034 0.01494255
1035 0.08772747
1036 0.4415051
1037 0.0007222054
1038 0.1393436
1039 9.965162e-07
1040 0.008915784
1041 0.1639992
1042 0.3459098
1043 0.02608445
1044 0.1951239
1045 0.2981957
1046 0.06515867
1047 2.794845e-06
1048 0.0175096
1049 0.3664162
1050 0.553283
1051 9.776742e-05
1052 0.3740045
1053 0.1510632
1054 0.03764834
1055 0.05946808
1056 0.1064573
1057 0.6401179
1058 0.03772394
1059 0.6325547
1060 0.1331195
1061 0.80842
1062 0.5551111
1063 0.8151141
1064 0.7871413
1065 0.003156599
1066 0.05000459
1067 0.5463442
1068 0.3925437
1069 0.4991575
1070 0.4288232
1071 0.2832049
1072 0.1876832
1073 0.01311594
1074 0.6945928
1075 0.0913331
1076 0.594405
1077 0.8068142
1078 0.04771799
1079 0.7534494
1080 0.001269752
1081 0.1469396
1082 0.5658355
1083 0.9357968
1084 0.07131642
1085 0.00392583
1086 0.3171438
1087 0.6318956
1088 0.0001575657
1089 0.2200629
1090 5.863719e-05
1091 0.8179433
1092 0.01275864
1093 0.009656483
1094 0.7074618
1095 0.05729134
1096 0.008898615
1097 1.292811e-05
1098 0.8340293
1099 0.2613343
1100 0.8627424
1101 0.433579
1102 0.0006433612
1103 0.06614569
1104 0.04840513
1105 0.0001868504
1106 0.3897841
1107 0.2946385
1108 0.6215507
1109 0.4124695
1110 0.4496598
1111 0.05800893
1112 0.007959267
1113 0.4411455
1114 0.2127208
1115 0.007546083
1116 4.64193e-06
1117 0.7021788
1118 0.1940675
1119 0.6336656
1120 0.2613246
1121 0.4565512
1122 0.1655419
1123 0.3593909
1124 0.9605686
1125 0.09083317
1126 0.2271895
1127 0.50019
1128 0.5493868
1129 0.1769345
1130 0.0002887364
1131 0.09119567
1132 0.06452418
1133 0.0004871325
1134 0.08289702
1135 0.6116581
1136 0.3486929
1137 0.007166848
1138 0.1963685
1139 0.309235
1140 0.005851939
1141 0.9783074
1142 0.1098958
1143 0.07033596
1144 0.9287734
1145 2.610337e-05
1146 0.04296326
1147 0.1093645
1148 0.6858589
1149 0.5805534
1150 0.81898
1151 0.5653454
1152 0.03751838
1153 0.06509152
1154 0.0003854665
1155 0.08549533
1156 0.01039618
1157 0.9571964
1158 0.005188145
1159 0.8835284
1160 0.177541
1161 0.2080407
1162 0.1311347
1163 0.05391618
1164 0.05681075
1165 0.0136747
1166 0.3190116
1167 0.190267
1168 0.002162664
1169 0.005870963
1170 0.06513701
1171 0.06282946
1172 0.9094659
1173 0.07583945
1174 0.6092914
1175 0.2761735
1176 0.0008092246
1177 0.8549767
1178 0.08651338
1179 0.002266245
1180 0.5841512
1181 0.02974133
1182 0.004552049
1183 0.8704554
1184 0.001799677
1185 0.001294532
1186 0.8282472
1187 0.3978453
1188 0.13134
1189 0.8475005
1190 0.4107224
1191 0.88342
1192 0.4915501
1193 0.00909788
1194 0.09057804
1195 0.005524951
1196 0.1110145
1197 0.1614023
1198 0.08608119
1199 0.09920084
1200 0.3542887
1201 0.1704015
1202 0.001928454
1203 0.9719886
1204 0.00333307
1205 0.01088163
1206 0.04766143
1207 1.40503e-05
1208 0.1825891
1209 0.8635336
1210 0.003171592
1211 0.02599914
1212 0.04725468
1213 0.4385327
1214 0.01312821
1215 0.9652626
1216 0.02349778
1217 0.01773302
1218 0.01503091
1219 0.0957855
1220 0.1494289
1221 0.3000186
1222 0.3853174
1223 0.4187357
1224 0.01945166
1225 0.7805561
1226 0.2884378
1227 0.3389773
1228 0.8646766
1229 0.7938146
1230 0.02932709
1231 0.1449177
1232 0.04377282
1233 0.1975182
1234 0.5099916
1235 0.01677438
1236 0.6860088
1237 0.0003222259
1238 0.4721847
1239 0.01716125
1240 0.09891107
1241 0.005557095
1242 0.1533546
1243 0.06436548
1244 0.1225817
1245 0.001766977
1246 0.2599348
1247 0.3996662
1248 0.5389849
1249 0.1267633
1250 0.3682383
1251 0.3910424
1252 0.2588334
1253 0.01782305
1254 0.7939035
1255 0.04788767
1256 0.09862599
1257 0.3320366
1258 0.9180644
1259 0.2136782
1260 0.4294915
1261 0.1626793
1262 0.09712605
1263 0.5867241
1264 0.05050162
1265 0.7138742
1266 0.4541718
1267 0.6668491
1268 0.4284273
1269 0.2082879
1270 0.3928231
1271 0.8275404
1272 0.2425478
1273 0.2444715
1274 0.1498293
1275 0.1498281
1276 0.8564316
1277 0.02529988
1278 0.04930778
1279 0.03293168
1280 0.4897381
1281 0.6305949
1282 0.4947871
1283 0.2864722
1284 0.3362027
1285 0.5190789
1286 0.01446237
1287 0.7674736
1288 0.03294894
1289 0.1213153
1290 0.09260334
1291 0.00014224
1292 0.1973563
1293 0.2616307
1294 0.002625786
1295 8.166695e-05
1296 0.1629014
1297 0.002511306
1298 0.6827505
1299 0.7199958
1300 0.0007964255
1301 0.008269953
1302 0.6945156
1303 0.7675691
1304 0.2849284
1305 0.6628976
1306 0.003236945
1307 0.222185
1308 0.1209333
1309 0.1312937
1310 9.508964e-05
1311 0.7378342
1312 0.185853
1313 0.0003539037
1314 0.3409844
1315 0.7164101
1316 0.0006510529
1317 0.09278317
1318 0.6029082
1319 0.258184
1320 0.1443373
1321 0.3000847
1322 0.006967445
1323 0.3733048
1324 0.09647117
1325 0.2233845
1326 0.09386893
1327 0.1768391
1328 0.2953986
1329 0.01667211
1330 1.63455e-05
1331 0.5852941
1332 0.02626556
1333 0.02809831
1334 0.7401556
1335 0.3448823
1336 0.2737722
1337 0.06127717
1338 0.5144391
1339 0.5165306
1340 0.4112125
1341 0.2782815
1342 0.2293467
1343 0.4556199
1344 0.02603465
1345 0.7058528
1346 0.05529781
1347 0.09342908
1348 0.1128649
1349 0.002689841
1350 0.03363673
1351 0.1818753
1352 0.001433603
1353 0.5479604
1354 0.03000427
1355 0.563937
1356 0.7794408
1357 0.6293976
1358 0.09224156
1359 0.2898861
1360 0.8151467
1361 2.118458e-05
1362 0.5928482
1363 0.04555196
1364 0.4652434
1365 0.01600413
1366 0.06384718
1367 0.5198691
1368 0.007760869
1369 0.001500389
1370 0.02236814
1371 0.3927407
1372 0.6549521
1373 0.4274748
1374 0.1548891
1375 0.05132651
1376 0.1205775
1377 0.6639293
1378 0.2368323
1379 0.225328
1380 0.8225452
1381 0.6626107
1382 0.1782541
1383 0.09568922
1384 0.06201644
1385 0.2375992
1386 0.7113329
1387 0.05366532
1388 0.1473028
1389 0.06885846
1390 0.02158343
1391 0.0006527863
1392 0.7828073
1393 0.003414358
1394 0.6045947
1395 0.08552215
1396 0.01066351
1397 0.008922793
1398 0.04793928
1399 0.2848448
1400 0.3027048
1401 0.4184019
1402 0.3024247
1403 0.8387934
1404 0.4161864
1405 0.04263772
1406 0.01368909
1407 0.5335729
1408 0.3209343
1409 0.1081198
1410 0.007734549
1411 7.40673e-06
1412 0.2067331
1413 0.1070189
1414 0.6199361
1415 0.9365887
1416 0.5101995
1417 0.8089266
1418 0.1816704
1419 0.07190961
1420 0.2622096
1421 0.02561374
1422 0.02854259
1423 0.05726483
1424 0.9918928
1425 0.1374686
1426 0.4226766
1427 0.02907504
1428 0.03334694
1429 0.04548018
1430 0.3179616
1431 0.0002053261
1432 0.657742
1433 0.8670466
1434 0.5325103
1435 0.08088167
1436 0.817178
1437 0.6207021
1438 0.6115578
1439 0.8385004
1440 0.9703558
1441 0.8292923
1442 0.3902308
1443 0.9273995
1444 0.9648162
1445 0.232223
1446 0.4693842
1447 0.05697985
1448 0.6924492
1449 0.4535088
1450 0.3254974
1451 0.1008164
1452 0.001455194
1453 0.1717901
1454 0.07001809
1455 0.3488974
1456 0.06999791
1457 0.3544036
1458 0.6491899
1459 0.7335897
1460 0.2290893
1461 1.361672e-05
1462 0.1186576
1463 0.1456317
1464 0.7363576
1465 0.0003577435
1466 0.01569347
1467 0.7136727
1468 0.03174005
1469 0.9904088
1470 9.540873e-05
1471 0.02980278
1472 0.001323974
1473 0.652437
1474 0.1591492
1475 0.4918001
1476 0.05908507
1477 0.9198791
1478 0.06209343
1479 0.05530335
1480 0.2024953
1481 0.3836451
1482 0.4335915
1483 0.04960402
1484 0.07533646
1485 0.331404
1486 0.008540614
1487 0.2940587
1488 0.6413107
1489 0.005189424
1490 0.2214308
1491 0.03165912
1492 0.2210637
1493 0.06987772
1494 0.3338544
1495 0.1397944
1496 0.01176305
1497 0.05808121
1498 0.7933299
1499 0.0001318372
1500 0.6734513
1501 0.7684096
1502 0.00701215
1503 0.3663787
1504 0.2186069
1505 0.002350692
1506 5.715786e-07
1507 0.0002842736
1508 0.06983004
1509 0.6423349
1510 0.1811355
1511 0.001740769
1512 0.07605331
1513 0.8442715
1514 0.05909442
1515 0.232179
1516 0.002114087
1517 0.02576863
1518 0.2044244
1519 4.300789e-05
1520 0.01009344
1521 3.288946e-05
1522 0.7466333
1523 0.02765177
1524 0.00478021
1525 0.04879181
1526 0.7449822
1527 0.763591
1528 0.6428923
1529 0.3637586
1530 0.4222361
1531 0.006514
1532 0.1520873
1533 0.02522299
1534 0.6695113
1535 0.9124597
1536 0.1513864
1537 0.07063796
1538 0.7577005
1539 8.00035e-07
1540 0.01645253
1541 0.0238532
1542 0.03792785
1543 0.1932695
1544 0.8943291
1545 0.00160082
1546 0.001881157
1547 0.06173864
1548 0.0009867281
1549 0.3951392
1550 0.01746547
1551 0.0973998
1552 0.1298115
1553 0.000537663
1554 0.002005072
1555 0.5583771
1556 0.2940359
1557 0.3112467
1558 0.08638338
1559 0.5439459
1560 0.2261251
1561 0.02030146
1562 0.1058198
1563 0.6870836
1564 0.02516458
1565 0.1454401
1566 0.4308364
1567 0.0002266582
1568 0.002113046
1569 0.005533965
1570 0.020924
1571 0.0005151137
1572 0.2796905
1573 0.5050348
1574 0.2664866
1575 0.6859273
1576 0.6008935
1577 0.4943265
1578 0.4401203
1579 0.06553675
1580 0.05532754
1581 0.6329535
1582 0.01500642
1583 0.7198377
1584 0.02312583
1585 6.335787e-05
1586 0.1245513
1587 0.005443471
1588 0.2404159
1589 0.01345541
1590 0.5776713
1591 2.582769e-05
1592 0.007672711
1593 0.4610417
1594 0.02000704
1595 0.2307622
1596 0.227385
1597 0.5773544
1598 0.01309813
1599 0.1511233
1600 0.7011536
1601 0.145876
1602 0.2592819
1603 0.5454176
1604 0.1595643
1605 0.2100927
1606 0.3842214
1607 0.007284134
1608 0.1186775
1609 0.147195
1610 0.7082008
1611 0.0002180782
1612 0.5865182
1613 0.4307396
1614 0.447085
1615 0.207631
1616 0.3884701
1617 0.2143823
1618 0.6104648
1619 0.785388
1620 0.05789236
1621 0.188892
1622 0.5135485
1623 0.00416799
1624 4.324684e-05
1625 0.06298235
1626 0.8556734
1627 0.685475
1628 0.01868812
1629 0.3219612
1630 0.1380325
1631 0.01303623
1632 0.01604285
1633 0.2227396
1634 0.0201565
1635 0.0003301577
1636 0.2882174
1637 0.00191075
1638 0.03108853
1639 0.4607299
1640 0.8653796
1641 0.769083
1642 0.7502547
1643 0.2020898
1644 0.002697912
1645 0.7777996
1646 0.01708736
1647 0.6212832
1648 0.7166108
1649 0.6491412
1650 0.6059464
1651 0.09933439
1652 1.068001e-05
1653 0.2004003
1654 0.02114698
1655 0.01811
1656 0.3542272
1657 0.001138437
1658 0.1577894
1659 0.3918363
1660 0.260655
1661 0.5067363
1662 0.3241235
1663 0.1159447
1664 0.3352611
1665 0.4853968
1666 0.05812254
1667 0.001668458
1668 0.1143634
1669 0.7025457
1670 0.1536446
1671 0.7090054
1672 0.08174516
1673 0.250539
1674 0.4855916
1675 0.3334537
1676 0.008296659
1677 0.0482563
1678 0.003429171
1679 0.02198403
1680 0.009969381
1681 0.4772529
1682 0.006293199
1683 0.4683392
1684 0.001564036
1685 0.09271468
1686 0.04122286
1687 0.30605
1688 0.7493582
1689 0.2355103
1690 0.000630509
1691 0.04208318
1692 0.07516893
1693 0.2420504
1694 0.08171043
1695 0.2254279
1696 0.3774323
1697 0.1034196
1698 0.514905
1699 0.968223
1700 0.1573822
1701 1.220545e-07
1702 0.7673211
1703 0.0006400085
1704 0.001800107
1705 0.4661551
1706 0.4959242
1707 0.847777
1708 0.04696399
1709 0.4856365
1710 0.05823919
1711 0.8982662
1712 0.004805546
1713 0.07647447
1714 0.5702983
1715 0.5886602
1716 0.0977183
1717 0.7977368
1718 0.2510928
1719 0.9035108
1720 0.1332486
1721 0.2975725
1722 0.5517628
1723 0.5314121
1724 0.9408919
1725 0.5105826
1726 0.003322628
1727 0.0005766845
1728 0.6486502
1729 0.9596143
1730 0.3340588
1731 0.02734044
1732 0.2405059
1733 0.8157228
1734 0.7007255
1735 0.5548925
1736 0.7746725
1737 0.01692499
1738 0.3823798
1739 0.08179117
1740 0.1182487
1741 0.3329856
1742 0.03253368
1743 7.429678e-05
1744 0.0138307
1745 0.7497584
1746 0.0002658896
1747 0.2316902
1748 0.05834268
1749 0.1566407
1750 0.003649754
1751 0.1947291
1752 0.6726108
1753 0.3474155
1754 0.3071786
1755 0.2606252
1756 0.03691437
1757 0.4822377
1758 0.4860572
1759 0.1975708
1760 0.589015
1761 0.485867
1762 0.006202869
1763 1.36906e-05
1764 0.4556084
1765 0.09608509
1766 0.4648275
1767 0.3675618
1768 1.715758e-06
1769 0.2254645
1770 0.0001284487
1771 0.1674507
1772 0.05837958
1773 0.2597068
1774 0.0987116
1775 0.2032092
1776 0.9162924
1777 0.001653887
1778 0.1869219
1779 0.5970693
1780 0.0001619689
1781 0.000432347
1782 0.6911558
1783 0.0009901546
1784 0.1339173
1785 0.003110674
1786 0.05582395
1787 0.09979621
1788 0.05083434
1789 0.6140659
1790 0.02421665
1791 0.2028532
1792 0.539653
1793 1.525694e-05
1794 0.03291086
1795 0.2667798
1796 0.5198899
1797 0.06963935
1798 0.3950604
1799 0.1093652
1800 0.5669262
1801 0.1076454
1802 0.4720268
1803 0.2214448
1804 0.05176194
1805 0.02361844
1806 0.8231235
1807 0.0004453851
1808 0.1998871
1809 0.03551723
1810 0.3427408
1811 0.1472019
1812 0.7043742
1813 0.2449687
1814 0.6054179
1815 0.06272381
1816 0.04216061
1817 0.05147188
1818 0.1143555
1819 0.8790918
1820 0.4946654
1821 0.2175211
1822 0.1473043
1823 0.5079459
1824 0.03439818
1825 0.1586849
1826 0.1466557
1827 0.6985677
1828 0.6121019
1829 0.009278093
1830 0.106132
1831 0.9426985
1832 0.09142788
1833 0.4673473
1834 0.08293524
1835 0.01245222
1836 0.2891006
1837 0.001244128
1838 0.1250297
1839 0.0009708101
1840 0.5576213
1841 0.2204505
1842 0.1812428
1843 0.01730245
1844 0.04110491
1845 0.4228565
1846 0.02865982
1847 0.9363871
1848 0.3815352
1849 0.007055471
1850 0.638937
1851 0.5642045
1852 0.3501947
1853 0.5934134
1854 0.1488618
1855 0.9828211
1856 0.5814431
1857 0.4593277
1858 0.9236911
1859 0.4753535
1860 0.2057056
1861 0.9231418
1862 0.3875107
1863 0.1285336
1864 0.500179
1865 0.2496081
1866 0.3936366
1867 0.009871433
1868 0.4744837
1869 0.0008193741
1870 0.04833722
1871 0.4417075
1872 0.08911652
1873 0.8072807
1874 0.9253513
1875 0.01988382
1876 0.653236
1877 0.1056836
1878 0.1945369
1879 0.7444291
1880 0.6383595
1881 0.1295973
1882 0.9625934
1883 0.2497927
1884 0.2883939
1885 0.09813213
1886 0.1154412
1887 0.8496822
1888 0.8590703
1889 0.4770882
1890 0.5355362
1891 0.1871478
1892 0.1480748
1893 0.08614926
1894 0.473427
1895 0.226305
1896 0.06617292
1897 0.07641151
1898 0.0001059895
1899 0.05133406
1900 0.6002516
1901 0.2572049
1902 0.04202104
1903 0.3807906
1904 0.03319436
1905 2.638037e-05
1906 0.2883742
1907 0.3486627
1908 5.354542e-06
1909 0.1805414
1910 0.03433509
1911 0.2593063
1912 0.4058347
1913 0.7496003
1914 0.0001445288
1915 0.2872405
1916 0.4420819
1917 1.089611e-06
1918 0.005631406
1919 0.5119323
1920 0.8851398
1921 0.03269989
1922 0.1703826
1923 0.8371746
1924 0.02233791
1925 0.04195661
1926 0.004207624
1927 0.5320104
1928 0.1455565
1929 0.4362135
1930 0.02347767
1931 0.1088507
1932 0.002486468
1933 0.05484481
1934 0.6809686
1935 0.09977646
1936 0.00923783
1937 0.4948345
1938 0.003028253
1939 0.1129635
1940 0.6152877
1941 0.143645
1942 0.3379713
1943 0.5431618
1944 0.8862657
1945 0.5151528
1946 0.07648931
1947 0.7050166
1948 0.4469327
1949 0.9805151
1950 0.01237771
1951 0.1519519
1952 0.0005067843
1953 0.6024112
1954 0.7109821
1955 0.002989471
1956 0.000422076
1957 0.1450824
1958 0.0385251
1959 0.3994315
1960 0.312045
1961 0.01686537
1962 0.5238487
1963 0.1914172
1964 0.007543939
1965 0.3890855
1966 0.1144814
1967 0.8353285
1968 0.441948
1969 0.5856558
1970 0.04414352
1971 0.1191953
1972 0.01657633
1973 0.01241633
1974 0.02662824
1975 0.275185
1976 4.663589e-05
1977 0.0810662
1978 0.7823529
1979 0.8748171
1980 0.08658275
1981 0.756395
1982 0.08493806
1983 0.30163
1984 0.03218625
1985 0.5002937
1986 0.1381125
1987 0.6890672
1988 0.01180182
1989 5.179091e-05
1990 0.04574827
1991 0.01409347
1992 0.2803226
1993 0.02126304
1994 0.003803151
1995 0.4652223
1996 0.1076168
1997 0.1910176
1998 0.3516238
1999 0.558257
2000 0.4663715
2001 0.5493258
2002 0.08651587
2003 0.3018536
2004 0.1962938
2005 0.3853021
2006 0.08142283
2007 0.438218
2008 0.03675656
2009 0.07753362
2010 0.8315395
2011 0.3794628
2012 0.8643133
2013 0.1862194
2014 0.50801
2015 0.0280428
2016 0.2904436
2017 0.2726713
2018 0.3070871
2019 0.1594435
2020 0.2193119
2021 0.105984
2022 0.7926089
2023 0.0008322456
2024 0.8713452
2025 0.07164134
2026 0.7165523
2027 0.007110668
2028 0.6869234
2029 0.08525687
2030 0.6164993
2031 0.06657781
2032 0.001538056
2033 0.08933654
2034 0.4817829
2035 0.04323017
2036 0.8954396
2037 0.0007083499
2038 0.003850377
2039 0.1181857
2040 0.03222763
2041 0.1601208
2042 0.2840552
2043 0.1611164
2044 0.0391829
2045 0.0896956
2046 0.01357732
2047 0.3480844
2048 3.149084e-05
2049 0.9058943
2050 0.1850249
2051 0.669852
2052 0.4608952
2053 0.6167663
2054 0.03540597
2055 0.1034329
2056 0.02795938
2057 0.06868763
2058 0.001064592
2059 0.7086771
2060 0.8955484
2061 0.04287702
2062 0.1807576
2063 0.5556356
2064 0.4576421
2065 0.6432644
2066 0.3710346
2067 0.07043723
2068 0.04310499
2069 0.9349433
2070 0.2132238
2071 0.8556124
2072 0.2691809
2073 0.4213343
2074 0.3561714
2075 0.08226988
2076 0.04001624
2077 0.4516322
2078 0.029228
2079 0.005465827
2080 0.03121242
2081 0.02758824
2082 0.002057818
2083 0.001414048
2084 0.4212651
2085 0.1001481
2086 0.4516232
2087 0.1289486
2088 0.4175871
2089 0.2924813
2090 0.03483175
2091 0.5356305
2092 0.0217978
2093 0.8043546
2094 0.06154178
2095 0.3133801
2096 0.2772268
2097 0.6449299
2098 0.6346153
2099 0.02227083
2100 0.2266108
2101 0.8919717
2102 0.993228
2103 0.5797154
2104 0.2819868
2105 0.1748809
2106 1.014519e-07
2107 0.5146129
2108 0.0004092413
2109 0.2013589
2110 0.002328169
2111 0.2072649
2112 0.05136526
2113 0.4344305
2114 0.04390394
2115 0.5370026
2116 0.001153316
2117 0.8862027
2118 0.1032451
2119 0.001285931
2120 0.7586654
2121 0.7284864
2122 0.267532
2123 0.540745
2124 0.5173487
2125 0.09854098
2126 0.0156158
2127 0.2530134
2128 0.1248868
2129 6.341907e-05
2130 0.09616214
2131 0.01536594
2132 0.0001879002
2133 0.01096744
2134 0.2662877
2135 0.3850893
2136 0.07235576
2137 0.1283928
2138 0.1605675
2139 0.08829398
2140 0.3764166
2141 0.660874
2142 0.125366
2143 6.048931e-05
2144 0.0001423687
2145 0.0009291016
2146 0.501599
2147 0.290944
2148 0.0003775036
2149 0.04502674
2150 0.02324363
2151 0.9545683
2152 0.01188168
2153 7.268387e-05
2154 0.4632305
2155 0.05048937
2156 0.02155364
2157 0.9521964
2158 0.9006479
2159 0.9227017
2160 0.009820763
2161 0.2939973
2162 0.09683599
2163 0.07336094
2164 0.1574124
2165 0.5620358
2166 0.7191523
2167 0.1239772
2168 0.7809908
2169 0.7235786
2170 0.0001646911
2171 0.3449613
2172 0.4562484
2173 0.682373
2174 0.8165622
2175 0.01168124
2176 0.3489364
2177 0.06379437
2178 0.2328374
2179 0.161188
2180 0.0452048
2181 0.2610268
2182 0.001211577
2183 0.3716976
2184 0.5777531
2185 0.1186273
2186 0.3014923
2187 0.08104539
2188 0.3984026
2189 0.116418
2190 0.03118613
2191 0.410927
2192 0.03886349
2193 0.03533603
2194 0.001118807
2195 0.5093952
2196 0.2070689
2197 0.04285263
2198 0.01098885
2199 0.3806016
2200 0.004261822
2201 0.06848969
2202 0.003019388
2203 0.03571078
2204 0.2947639
2205 0.8197046
2206 0.01258701
2207 0.115826
2208 7.100543e-05
2209 0.1210954
2210 0.02138445
2211 0.004264036
2212 0.3241249
2213 0.001060031
2214 0.7194773
2215 0.295463
2216 0.02781083
2217 0.3345215
2218 0.02598516
2219 0.0002448551
2220 0.1884235
2221 4.661772e-06
2222 0.02332704
2223 0.2293639
2224 0.0001255459
2225 0.2665388
2226 0.02091028
2227 0.8259478
2228 0.0004813115
2229 0.01703271
2230 0.7286753
2231 0.07439396
2232 0.1893559
2233 0.2390916
2234 0.3879792
2235 0.01383842
2236 0.845871
2237 0.1552423
2238 0.01456755
2239 0.8821751
2240 0.3982375
2241 0.8320462
2242 0.2052058
2243 0.007551861
2244 0.4263058
2245 0.1784512
2246 0.578532
2247 0.7103741
2248 0.002268407
2249 0.6754488
2250 0.04250898
2251 0.008854639
2252 0.6545053
2253 0.3989649
2254 0.0002778635
2255 0.4590778
2256 0.09337068
2257 0.5357417
2258 0.4331363
2259 0.0001507726
2260 0.01808759
2261 0.008309027
2262 0.03116349
2263 0.419232
2264 0.1045067
2265 0.5511966
2266 0.4727533
2267 0.1651485
2268 0.113483
2269 0.2934633
2270 0.6923204
2271 0.5207819
2272 0.3697559
2273 0.1680322
2274 0.6316701
2275 0.01368021
2276 0.6238843
2277 0.4522132
2278 0.6026023
2279 0.04291004
2280 0.5228802
2281 0.6400437
2282 0.008419225
2283 0.8041518
2284 0.07201365
2285 0.06882739
2286 0.01341999
2287 0.2441741
2288 0.122672
2289 0.5132263
2290 0.9227177
2291 0.02017477
2292 0.001887702
2293 0.4993031
2294 0.01399582
2295 0.9859092
2296 0.01539768
2297 0.1517576
2298 0.02085578
2299 0.2007019
2300 0.6153567
2301 0.1845209
2302 0.07612752
2303 0.9244872
2304 0.003343655
2305 0.4454641
2306 0.01717603
2307 0.5235975
2308 0.1108465
2309 0.03095575
2310 0.797101
2311 0.03422908
2312 0.04041479
2313 0.004734757
2314 0.8906685
2315 0.0009024346
2316 0.8319947
2317 0.1131033
2318 0.2329705
2319 0.1992938
2320 0.0565714
2321 0.08891897
2322 0.489116
2323 0.0001525079
2324 0.7320807
2325 0.7546125
2326 0.1638791
2327 0.5286344
2328 0.4530076
2329 0.6385874
2330 0.8279274
2331 0.02691789
2332 0.4999722
2333 0.08360883
2334 0.4787786
2335 0.5320813
2336 0.1370683
2337 0.319898
2338 0.07013621
2339 0.2120526
2340 0.2968329
2341 5.7328e-05
2342 0.311612
2343 0.1932371
2344 0.09159892
2345 0.3751164
2346 0.0001035348
2347 0.01299538
2348 0.2701528
2349 0.5899927
2350 3.411585e-05
2351 0.07576303
2352 0.06497437
2353 0.1060676
2354 0.308859
2355 0.251895
2356 0.6777195
2357 0.08030421
2358 0.6841367
2359 0.1893232
2360 0.05684534
2361 0.178334
2362 0.0476751
2363 0.5040567
2364 0.9302569
2365 0.001380408
2366 0.9029252
2367 0.01194216
2368 0.9185589
2369 0.5117143
2370 0.9456474
2371 0.01819189
2372 0.4230267
2373 0.8839413
2374 0.09158225
2375 0.12964
2376 0.008444124
2377 0.01072085
2378 0.0003994873
2379 0.4798154
2380 0.09560448
2381 0.1061488
2382 0.1217175
2383 0.08760902
2384 0.1092139
2385 0.09888488
2386 0.6252882
2387 0.8452117
2388 0.3148466
2389 0.02326919
2390 0.8020623
2391 0.05674746
2392 0.549872
2393 0.1053046
2394 0.08597405
2395 0.8239784
2396 0.6260185
2397 0.5233087
2398 0.06477942
2399 0.8175201
2400 0.001479142
2401 0.02315547
2402 0.5899113
2403 0.537848
2404 0.259952
2405 0.7676854
2406 0.2538611
2407 0.2129417
2408 0.4714301
2409 0.0275549
2410 0.006041791
2411 0.01134458
2412 0.4551861
2413 0.104507
2414 0.007703933
2415 0.0066123
2416 0.003844426
2417 0.5227964
2418 0.2441566
2419 0.4448935
2420 0.4282496
2421 0.04735076
2422 0.4904938
2423 0.6647932
2424 0.7706941
2425 0.8253329
2426 0.006861804
2427 0.4866854
2428 0.7729745
2429 0.2414286
2430 0.3484509
2431 0.2477655
2432 0.1220552
2433 0.1366683
2434 0.05063601
2435 0.04943067
2436 0.3529198
2437 0.8086391
2438 0.0485224
2439 0.008169242
2440 0.3811007
2441 0.04292776
2442 0.4631307
2443 0.04052346
2444 0.0006401541
2445 0.1801341
2446 0.632105
2447 0.0001065168
2448 0.1356276
2449 0.5574241
2450 0.08807852
2451 0.6253504
2452 0.1801439
2453 0.06821967
2454 0.002380982
2455 0.0004843989
2456 0.5912499
2457 0.07489955
2458 0.001885011
2459 0.5825578
2460 0.6692986
2461 0.1075412
2462 0.01326373
2463 0.2337939
2464 0.005275457
2465 0.5747845
2466 0.8867986
2467 0.7451592
2468 0.08345416
2469 0.05549084
2470 0.1067061
2471 0.1553872
2472 0.3044334
2473 0.3583391
2474 0.06419884
2475 0.08700015
2476 0.1875625
2477 0.9266791
2478 0.6054143
2479 0.9332578
2480 0.4464796
2481 3.112052e-05
2482 0.2283958
2483 0.3732504
2484 0.04353509
2485 0.2379783
2486 0.00971073
2487 0.183457
2488 0.003074406
2489 0.02599864
2490 0.09784465
2491 0.5549441
2492 0.09189914
2493 0.1213133
2494 0.2052129
2495 0.5376583
2496 0.09262911
2497 0.0999824
2498 0.03407503
2499 0.3421213
2500 0.05633275
2501 0.3523975
2502 0.1454214
2503 0.09902318
2504 0.1461193
2505 0.3886009
2506 0.7911753
2507 0.1668004
2508 0.9912673
2509 0.02445096
2510 0.03245894
2511 0.3150682
2512 0.0468861
2513 0.6533954
2514 0.7388905
2515 0.003371674
2516 0.6197196
2517 0.0005086287
2518 0.0275519
2519 0.09233552
2520 0.3549365
2521 0.09120141
2522 0.4943897
2523 0.01371436
2524 0.00419571
2525 0.1607761
2526 0.01524865
2527 2.571852e-05
2528 0.03927642
2529 0.1214441
2530 0.8647273
2531 0.008693289
2532 0.0118628
2533 1.553841e-05
2534 0.00205082
2535 0.6892769
2536 0.002104106
2537 0.004659947
2538 0.3801614
2539 0.3242615
2540 0.3944228
2541 0.1087476
2542 0.01668534
2543 0.1386404
2544 0.3418964
2545 0.1579238
2546 0.07332505
2547 0.8333003
2548 0.04007061
2549 0.8377689
2550 1.466385e-05
2551 0.2872504
2552 0.2557607
2553 0.1480601
2554 0.01582115
2555 0.004962947
2556 0.1859958
2557 0.2082656
2558 0.5066571
2559 0.2608497
2560 0.01897883
2561 0.03304881
2562 0.770169
2563 0.7597649
2564 0.1403507
2565 0.1989995
2566 0.2762403
2567 0.7031204
2568 0.125513
2569 0.9575067
2570 0.04997442
2571 0.1108096
2572 0.5411276
2573 0.3006229
2574 0.07338821
2575 0.3773548
2576 0.469488
2577 0.4262746
2578 0.8081483
2579 0.2814085
2580 0.9828851
2581 0.8177012
2582 0.04597461
2583 0.004914144
2584 0.4826125
2585 0.1109468
2586 0.3587804
2587 0.2755106
2588 0.405676
2589 0.9932013
2590 0.2179679
2591 0.002455268
2592 0.05605143
2593 0.08743199
2594 0.3900774
2595 0.3768195
2596 0.1907396
2597 0.0009599599
2598 0.5008533
2599 0.0003559103
2600 0.7556514
2601 0.05900345
2602 0.7887083
2603 0.9989455
2604 0.1041656
2605 0.03077693
2606 0.006940779
2607 0.2553368
2608 0.4569168
2609 0.6734447
2610 0.009152051
2611 0.4024786
2612 0.7078557
2613 0.6011807
2614 0.4341909
2615 0.4606126
2616 0.01454174
2617 0.3582096
2618 0.03468432
2619 0.6203329
2620 0.997504
2621 0.05032771
2622 0.002685507
2623 0.2925016
2624 0.3756649
2625 0.2510716
2626 0.08632625
2627 0.4402141
2628 0.3330319
2629 0.2995376
2630 0.6750642
2631 0.1503541
2632 0.03651813
2633 5.05993e-05
2634 0.0989829
2635 0.006117834
2636 0.04127335
2637 0.0130618
2638 0.792968
2639 0.4715948
2640 0.3781917
2641 0.3072606
2642 0.2640623
2643 0.1552346
2644 0.1421953
2645 0.0002394553
2646 0.378686
2647 0.07740263
2648 0.06433412
2649 0.0310727
2650 0.3436267
2651 0.007459993
2652 3.244412e-06
2653 0.02881199
2654 0.1430221
2655 6.259142e-07
2656 0.003310594
2657 0.182779
2658 0.05671779
2659 1.382218e-05
2660 0.5162564
2661 0.2326466
2662 0.001392086
2663 0.5683167
2664 0.1691752
2665 0.001556608
2666 0.05083161
2667 0.08678299
2668 0.01676498
2669 0.558315
2670 0.2155352
2671 0.03833809
2672 0.2131596
2673 0.05158895
2674 0.4962224
2675 0.3597643
2676 0.3492769
2677 0.01267538
2678 0.006368153
2679 0.0262055
2680 0.6950921
2681 0.0006608359
2682 0.900435
2683 0.2483755
2684 0.1073265
2685 0.1187793
2686 0.1257212
2687 0.04345
2688 0.4775788
2689 0.3958196
2690 0.1682095
2691 0.2112476
2692 0.1263054
2693 0.1290176
2694 0.5390764
2695 0.03141257
2696 0.5635023
2697 0.001073901
2698 0.1016145
2699 0.4697815
2700 0.009170463
2701 0.7296789
2702 8.13731e-06
2703 0.06894967
2704 0.009505166
2705 0.053297
2706 0.6360934
2707 0.8886862
2708 0.05449713
2709 0.0121014
2710 0.002368344
2711 0.6450947
2712 0.2754865
2713 0.07543962
2714 0.04073851
2715 0.008020391
2716 0.004665218
2717 0.06000225
2718 0.3582394
2719 0.4235312
2720 0.8581441
2721 0.5063863
2722 0.2152809
2723 0.4923149
2724 0.1069961
2725 0.4169142
2726 0.01647783
2727 0.0003136577
2728 0.1839513
2729 0.159516
2730 0.9177055
2731 0.9482072
2732 0.1808323
2733 0.0001735542
2734 0.7252355
2735 0.02907319
2736 0.03419175
2737 0.3060892
2738 0.05036331
2739 0.4435872
2740 0.0005251679
2741 0.02335728
2742 0.8475632
2743 0.02694585
2744 0.01944927
2745 0.01458225
2746 0.1488896
2747 0.02493065
2748 0.7889624
2749 0.5900915
2750 0.8425068
2751 0.1783195
2752 0.01279259
2753 0.06857063
2754 0.002191197
2755 0.8655569
2756 0.1397468
2757 0.704632
2758 0.765367
2759 0.2891883
2760 0.240631
2761 0.06427301
2762 0.6311898
2763 0.6875541
2764 0.5900501
2765 0.01292429
2766 0.7254798
2767 0.5819846
2768 0.07136049
2769 0.2256799
2770 0.0154559
2771 0.1766188
2772 0.1128808
2773 0.5181194
2774 9.515887e-07
2775 0.2956928
2776 0.9880042
2777 0.009602001
2778 0.6887594
2779 0.7550697
2780 0.00417916
2781 0.7104151
2782 0.3104204
2783 0.2987337
2784 0.01790144
2785 0.01650463
2786 0.3537876
2787 0.0001520535
2788 0.1624441
2789 0.001949003
2790 0.004144298
2791 0.0114944
2792 0.155466
2793 0.147953
2794 7.423209e-05
2795 0.9531248
2796 0.9277194
2797 0.1963288
2798 0.1309613
2799 0.2019587
2800 0.01261497
2801 0.002906338
2802 0.5459324
2803 0.006450708
2804 0.01057253
2805 0.349595
2806 0.00210202
2807 0.1072159
2808 0.4189512
2809 0.9565853
2810 0.1446171
2811 0.3075983
2812 0.06150776
2813 0.003628482
2814 0.02997703
2815 0.6965594
2816 0.6028421
2817 0.02137832
2818 0.8065978
2819 0.3071577
2820 0.6137952
2821 0.4269309
2822 0.2140184
2823 0.3952691
2824 0.2127827
2825 0.001034762
2826 0.02167042
2827 0.05242075
2828 0.5525159
2829 0.0438308
2830 0.02952894
2831 0.0660724
2832 0.04063495
2833 0.01179128
2834 0.2867762
2835 0.04282267
2836 0.179336
2837 0.991763
2838 0.1022678
2839 0.4233379
2840 0.8867586
2841 0.3109603
2842 0.2562923
2843 0.08740466
2844 0.01844302
2845 0.01179458
2846 1.170635e-06
2847 0.4647873
2848 0.4703607
2849 0.3308818
2850 0.1679751
2851 0.04085314
2852 0.2035775
2853 0.1526505
2854 0.2451371
2855 0.1103931
2856 0.07666759
2857 0.08236334
2858 0.01671769
2859 0.03839824
2860 0.00938802
2861 0.710256
2862 0.03458451
2863 0.3626727
2864 0.0147152
2865 0.1943591
2866 0.3487323
2867 0.4213861
2868 0.1713082
2869 0.001024349
2870 0.7578639
2871 0.2770697
2872 0.006460688
2873 0.5658984
2874 1.071426e-08
2875 0.5001745
2876 0.002105694
2877 0.1988601
2878 0.2411467
2879 0.02733274
2880 0.01368601
2881 0.1913019
2882 0.1363322
2883 0.78135
2884 0.3359796
2885 0.8907252
2886 0.03587004
2887 0.616891
2888 0.0003472891
2889 0.003399276
2890 0.5077473
2891 0.1573798
2892 0.05863352
2893 0.04154038
2894 0.3996291
2895 0.005473596
2896 0.7150307
2897 0.6409895
2898 0.1993107
2899 0.6691895
2900 0.1188922
2901 0.02767308
2902 0.1371533
2903 0.03271266
2904 0.2540883
2905 0.007950395
2906 5.346869e-05
2907 0.272471
2908 0.2055637
2909 0.07127666
2910 0.03275656
2911 0.2502697
2912 0.9505397
2913 0.6700758
2914 0.3738752
2915 0.2910335
2916 0.01896373
2917 0.03837214
2918 0.5455465
2919 0.002763882
2920 0.2274215
2921 0.0008828224
2922 0.03441363
2923 0.6916395
2924 0.5336661
2925 0.1222827
2926 0.1700441
2927 0.4305493
2928 0.06191176
2929 0.09076411
2930 0.4442001
2931 0.200396
2932 0.3321739
2933 0.01938614
2934 0.0118934
2935 0.9966051
2936 0.09228524
2937 0.4006514
2938 0.5492774
2939 0.003636058
2940 0.1617407
2941 0.271853
2942 0.04836817
2943 0.2768826
2944 0.06983381
2945 0.003119362
2946 0.202619
2947 0.0002009619
2948 0.03439197
2949 0.2831167
2950 0.5765534
2951 0.4487687
2952 0.7561935
2953 0.1226295
2954 0.08981555
2955 0.5708578
2956 0.1850477
2957 0.06476626
2958 0.008258407
2959 0.8132073
2960 0.2777972
2961 0.8533159
2962 0.009168228
2963 0.3877118
2964 7.262214e-06
2965 0.0480042
2966 0.1159234
2967 0.7824952
2968 0.01615305
2969 0.8135908
2970 0.206703
2971 0.03906998
2972 0.2554537
2973 0.1544698
2974 0.324062
2975 0.07567127
2976 0.9927862
2977 0.005453668
2978 0.001923037
2979 0.05116128
2980 0.009387094
2981 0.4064429
2982 0.01055757
2983 0.04521727
2984 0.1277385
2985 0.03918404
2986 0.01811944
2987 0.1954128
2988 0.4713274
2989 0.016402
2990 0.1249385
2991 0.04962434
2992 0.2207336
2993 0.8007889
2994 0.04438319
2995 0.2195539
2996 0.02766082
2997 0.8418172
2998 0.01907749
2999 4.937805e-05
3000 0.5056954
3001 0.8251714
3002 0.1657267
3003 0.1327542
3004 0.9982741
3005 0.2327143
3006 0.729207
3007 0.5815001
3008 0.001347389
3009 0.05515868
3010 0.2195538
3011 0.9123255
3012 0.3747864
3013 0.003929568
3014 0.6513688
3015 0.4919205
3016 0.5048856
3017 0.1085404
3018 0.02257678
3019 0.3804765
3020 0.3110279
3021 0.8888225
3022 0.4270609
3023 0.01979531
3024 0.0001231474
3025 0.01779103
3026 0.124168
3027 0.3195918
3028 0.4419577
3029 0.08811767
3030 0.3693953
3031 0.2161146
3032 0.006479927
3033 3.80907e-07
3034 0.0235713
3035 0.4295544
3036 3.191027e-05
3037 0.2023574
3038 0.1018598
3039 0.1894082
3040 0.6150705
3041 0.858696
3042 0.02674568
3043 0.9819074
3044 0.3666891
3045 0.2226678
3046 0.8635034
3047 0.8682212
3048 0.2059319
3049 2.149147e-06
3050 0.7175346
3051 0.3950303
3052 0.6729467
3053 0.3584693
3054 0.05286604
3055 0.7110768
3056 0.2099799
3057 0.414966
3058 0.001882022
3059 0.5129875
3060 0.04578528
3061 0.001013306
3062 0.09766823
3063 0.6754425
3064 0.2905172
3065 0.1805082
3066 0.01625421
3067 0.3481795
3068 0.1456325
3069 0.01920576
3070 0.4203064
3071 0.01955667
3072 0.2854319
3073 0.2574279
3074 0.2798798
3075 0.05880977
3076 0.01486657
3077 0.4696489
3078 0.3492103
3079 0.001218019
3080 0.03494235
3081 0.01115922
3082 0.0001393856
3083 0.2125692
3084 0.1317328
3085 0.4120475
3086 0.5721725
3087 0.05909993
3088 0.4923774
3089 0.1600406
3090 0.03674061
3091 0.006345238
3092 0.7311567
3093 0.0313067
3094 0.523129
3095 0.46046
3096 0.2933086
3097 0.5088467
3098 0.3227625
3099 0.01964872
3100 0.3413635
3101 0.009947254
3102 0.3809193
3103 0.009164289
3104 0.4148857
3105 0.3375313
3106 0.5417422
3107 0.05277687
3108 0.1350241
3109 0.8193905
3110 0.1411596
3111 0.3260934
3112 0.5103073
3113 0.626778
3114 0.1703738
3115 0.2765777
3116 0.06733258
3117 0.3390095
3118 0.4693242
3119 4.232638e-05
3120 0.06773145
3121 0.9786135
3122 0.354178
3123 0.2036438
3124 0.2180669
3125 0.0001404128
3126 0.2722402
3127 0.0005387823
3128 0.007940085
3129 0.2147271
3130 0.1614125
3131 0.03161115
3132 0.3570712
3133 0.5281064
3134 0.7839731
3135 0.8282731
3136 0.05839546
3137 0.015815
3138 0.004868513
3139 0.4362352
3140 0.5487623
3141 0.2464313
3142 0.6401405
3143 0.2731438
3144 0.5352567
3145 0.5822769
3146 0.05911958
3147 0.05058299
3148 0.7371828
3149 0.6590421
3150 0.1885109
3151 0.1099704
3152 0.007843502
3153 0.003541551
3154 0.003810921
3155 0.01025194
3156 0.01034466
3157 0.7142961
3158 0.04941261
3159 0.7685429
3160 0.0005178052
3161 0.9893918
3162 0.5608697
3163 0.5304405
3164 0.005519694
3165 0.2966487
3166 0.07845342
3167 0.2566186
3168 0.7371549
3169 0.9908001
3170 0.6586404
3171 0.5640699
3172 0.1239153
3173 0.2978481
3174 0.002566497
3175 8.996568e-05
3176 0.4607543
3177 0.0829244
3178 0.03085758
3179 0.6662068
3180 0.07307884
3181 0.01797631
3182 0.4710354
3183 0.6583906
3184 0.8288055
3185 0.2181047
3186 0.03237675
3187 0.2023546
3188 0.1665268
3189 0.005078846
3190 0.8124662
3191 0.7091123
3192 0.06167116
3193 0.6958228
3194 0.07587311
3195 0.0439037
3196 0.6221923
3197 0.8948618
3198 0.0008874298
3199 0.117609
3200 0.001315461
3201 0.253619
3202 0.2261459
3203 0.3363684
3204 0.4301262
3205 0.006225369
3206 0.7302448
3207 0.001067005
3208 0.4420887
3209 0.1451363
3210 0.1943525
3211 0.01301517
3212 0.001400459
3213 6.848247e-08
3214 0.9236671
3215 0.0201962
3216 0.0021694
3217 0.03887404
3218 0.04205906
3219 0.1648339
3220 0.1308713
3221 0.009748524
3222 0.5945065
3223 0.03096259
3224 0.02267862
3225 0.1347186
3226 0.6016967
3227 0.1422
3228 0.2607275
3229 0.00276686
3230 0.611103
3231 0.06438625
3232 0.3554566
3233 0.001072608
3234 0.0590337
3235 0.2279938
3236 0.07511496
3237 0.2164807
3238 0.7682075
3239 0.6750428
3240 0.6567982
3241 0.4573759
3242 0.1590426
3243 0.5822002
3244 0.09504403
3245 0.06019612
3246 0.03332582
3247 0.7456814
3248 0.7292323
3249 0.487054
3250 0.4682976
3251 0.2238537
3252 0.04135406
3253 0.03825251
3254 0.01694296
3255 0.2306029
3256 0.07818984
3257 0.1023344
3258 0.01947466
3259 0.005461913
3260 0.03487801
3261 0.03608891
3262 0.09079553
3263 0.1479152
3264 0.04605408
3265 0.002638443
3266 0.5447599
3267 0.0009833444
3268 0.9325866
3269 0.7609176
3270 0.5502354
3271 0.03086203
3272 0.008708651
3273 0.2748772
3274 0.4432731
3275 0.00227208
3276 0.09432082
3277 0.5926652
3278 0.150397
3279 0.5148887
3280 0.9846792
3281 0.1043582
3282 0.5855681
3283 0.6979513
3284 0.3419662
3285 1.630584e-05
3286 0.01259601
3287 0.6221642
3288 0.4531658
3289 0.3317479
3290 0.01092018
3291 0.3859193
3292 0.4303107
3293 0.8101636
3294 0.7994327
3295 0.007551155
3296 0.2757453
3297 3.628103e-05
3298 0.01081063
3299 0.01615923
3300 0.7861809
3301 0.3456747
3302 0.1551666
3303 0.2802884
3304 0.7127225
3305 0.5054617
3306 0.04087093
3307 0.2220429
3308 0.06311451
3309 0.6494884
3310 0.006850192
3311 0.02782954
3312 0.1033647
3313 0.01492218
3314 0.1643391
3315 0.2379956
3316 0.1938681
3317 0.7460025
3318 0.031958
3319 0.2441771
3320 2.332137e-05
3321 0.02738025
3322 0.2250901
3323 0.5307523
3324 0.8679141
3325 0.6463424
3326 0.0008372591
3327 0.05594836
3328 0.1768171
3329 0.03745511
3330 5.165788e-05
3331 0.6051373
3332 0.01575606
3333 0.5047719
3334 0.5808434
3335 0.02414152
3336 0.8517877
3337 0.01274432
3338 0.0210406
3339 0.09439681
3340 0.8089846
3341 0.165387
3342 0.2897352
3343 0.0004284058
3344 0.4787301
3345 0.1065823
3346 0.6188634
3347 0.01360284
3348 0.09238226
3349 0.05749838
3350 0.6870979
3351 0.04675601
3352 0.2359503
3353 0.000211901
3354 0.460501
3355 0.07385241
3356 0.1071852
3357 0.003983078
3358 0.1041879
3359 1.001135e-05
3360 0.3988436
3361 0.7969672
3362 0.254823
3363 0.9245086
3364 0.521535
3365 0.2131225
3366 0.01149377
3367 0.3275166
3368 0.1221827
3369 0.3464682
3370 0.4472617
3371 0.7855906
3372 0.000768572
3373 0.04913326
3374 0.1594321
3375 0.9664649
3376 0.9115818
3377 0.3597666
3378 0.01269613
3379 0.05136089
3380 0.3008372
3381 0.007929799
3382 0.7565449
3383 0.06764872
3384 0.3973715
3385 0.1346906
3386 0.3191102
3387 0.2017376
3388 0.6956356
3389 0.6948035
3390 0.001551411
3391 0.002941135
3392 6.584572e-05
3393 0.5792691
3394 0.004780056
3395 0.00538255
3396 0.005312913
3397 0.3246162
3398 0.2672884
3399 0.08480961
3400 0.0003315537
3401 0.001378489
3402 0.4734361
3403 0.7347264
3404 0.6387363
3405 0.2292173
3406 0.01087948
3407 0.8059258
3408 0.09724378
3409 0.3224639
3410 0.5584042
3411 0.09000117
3412 0.004214281
3413 0.505901
3414 0.397478
3415 0.8252896
3416 0.06583885
3417 0.3204883
3418 0.009036955
3419 0.009004563
3420 0.02844763
3421 0.1627579
3422 0.04428012
3423 0.08597502
3424 0.09196206
3425 0.6838033
3426 0.004639849
3427 0.8214272
3428 0.06801679
3429 0.08557062
3430 0.0005335943
3431 0.04134616
3432 0.002753832
3433 0.07008581
3434 0.01120469
3435 0.002394467
3436 0.008860355
3437 0.9471037
3438 0.001332357
3439 0.788466
3440 0.2534136
3441 0.001373396
3442 0.508041
3443 0.3361474
3444 0.001697712
3445 0.003846972
3446 0.171835
3447 0.9383794
3448 0.2551911
3449 0.524963
3450 0.2250163
3451 0.768967
3452 0.0007158322
3453 0.6551074
3454 0.4880111
3455 0.1712522
3456 0.1713152
3457 0.001630186
3458 0.3807345
3459 0.1867592
3460 0.6274848
3461 0.01406607
3462 0.01152472
3463 0.1524627
3464 0.5386293
3465 0.04359709
3466 0.3434496
3467 0.133704
3468 0.4653965
3469 0.6459649
3470 0.684421
3471 0.3394451
3472 0.08133757
3473 0.4953669
3474 0.8267291
3475 0.2947568
3476 0.4084927
3477 0.3277658
3478 0.1226828
3479 0.8394299
3480 0.8166624
3481 0.0169694
3482 0.2435125
3483 0.002916077
3484 0.09247077
3485 0.2038866
3486 0.03254119
3487 0.2860429
3488 0.3142462
3489 0.1787351
3490 0.0192374
3491 0.3202271
3492 0.2026113
3493 0.02513147
3494 0.2953413
3495 0.2558622
3496 0.87761
3497 0.5717496
3498 0.1779011
3499 0.009882745
3500 0.7200225
3501 0.4491647
3502 0.01180986
3503 0.2817979
3504 0.6057333
3505 0.2658776
3506 0.001683451
3507 0.1500972
3508 0.04076606
3509 0.005402077
3510 0.08793733
3511 0.5279612
3512 0.2219432
3513 0.3031243
3514 0.793435
3515 0.1021164
3516 0.3057154
3517 0.6730376
3518 0.132965
3519 0.001071856
3520 0.1981333
3521 0.9506598
3522 0.04464613
3523 0.05923316
3524 0.0009300678
3525 0.00154194
3526 0.0130108
3527 0.1899029
3528 0.2089804
3529 0.07363126
3530 0.0003014774
3531 0.2419933
3532 0.06586444
3533 0.1975019
3534 0.002089323
3535 2.566295e-08
3536 0.007878766
3537 0.1766229
3538 0.4178391
3539 0.1159105
3540 0.1399252
3541 0.5524895
3542 0.1573346
3543 0.00142792
3544 0.04993549
3545 0.4956235
3546 0.2820331
3547 0.04392926
3548 0.0003709417
3549 0.05751608
3550 0.001046393
3551 0.02667377
3552 0.4617157
3553 0.6218455
3554 0.09389003
3555 0.7770057
3556 0.001235129
3557 0.1078633
3558 0.2958012
3559 0.09116084
3560 0.2178801
3561 0.09261783
3562 0.0002722845
3563 0.9803285
3564 0.1057919
3565 0.5919058
3566 0.0002970804
3567 0.02084872
3568 0.0003038912
3569 0.6118555
3570 0.01762865
3571 0.00907903
3572 0.1891373
3573 0.4186071
3574 0.03733403
3575 0.006488293
3576 0.004297919
3577 0.08188228
3578 0.4510155
3579 0.4267814
3580 0.002579829
3581 0.3327588
3582 0.01416911
3583 0.436736
3584 0.02586645
3585 0.8104248
3586 0.0887298
3587 0.007051228
3588 0.1846392
3589 0.01508813
3590 0.996331
3591 0.2338164
3592 0.4475506
3593 0.8473789
3594 0.404334
3595 0.0568374
3596 0.3617402
3597 0.0004283156
3598 0.1188771
3599 0.02252528
3600 0.08351789
3601 0.3464385
3602 0.07294661
3603 0.1770948
3604 0.3754829
3605 0.9631406
3606 0.5054126
3607 0.1629737
3608 0.5912332
3609 0.137767
3610 0.9483525
3611 0.01305616
3612 0.05076742
3613 2.265951e-07
3614 0.2646902
3615 0.1768903
3616 9.278636e-06
3617 0.4317396
3618 0.06628959
3619 0.03731459
3620 0.2332917
3621 0.4259895
3622 0.4188691
3623 0.3088304
3624 0.1162305
3625 0.2730882
3626 0.0008927662
3627 0.00158876
3628 0.4834516
3629 0.0001451375
3630 0.9587425
3631 0.262913
3632 0.04689299
3633 0.8854322
3634 5.590585e-07
3635 0.776798
3636 0.02992286
3637 0.8950089
3638 0.6568883
3639 0.0004536367
3640 0.0005812799
3641 0.4784891
3642 0.3023638
3643 0.08438779
3644 0.5632632
3645 0.1368382
3646 0.4101835
3647 0.3413685
3648 0.0004827065
3649 0.8476817
3650 0.3941011
3651 0.0001528795
3652 0.8161953
3653 0.03764465
3654 0.0006296614
3655 0.00375553
3656 0.002474011
3657 0.002356866
3658 0.0009898916
3659 0.02074989
3660 0.3918886
3661 0.02794067
3662 0.2554509
3663 0.2633084
3664 0.1912657
3665 0.008773782
3666 0.1094369
3667 0.5062351
3668 0.7205034
3669 0.002652437
3670 0.529422
3671 0.009267606
3672 0.9480369
3673 0.218822
3674 0.4166055
3675 0.2845106
3676 0.5949717
3677 0.08158772
3678 0.02944383
3679 0.02237965
3680 0.1183883
3681 0.04599833
3682 0.03626973
3683 0.2277537
3684 0.0003970172
3685 0.1269083
3686 0.9728978
3687 0.03253764
3688 0.8646469
3689 0.1863455
3690 0.01651411
3691 0.009699531
3692 0.2223643
3693 0.8767886
3694 0.5494349
3695 0.1954206
3696 0.1702666
3697 0.258178
3698 0.1692205
3699 0.9475637
3700 0.6593708
3701 0.07944938
3702 1.824694e-05
3703 0.7892948
3704 0.9184609
3705 0.03026479
3706 0.2357882
3707 0.315597
3708 0.02100179
3709 0.5012301
3710 0.9833712
3711 0.0001987109
3712 0.002660229
3713 0.4013667
3714 0.2709122
3715 0.2945107
3716 0.6752106
3717 0.1065007
3718 0.6573736
3719 0.2041408
3720 0.09295892
3721 0.02362813
3722 0.3576873
3723 0.920656
3724 0.5465867
3725 0.5414152
3726 0.07670981
3727 0.8534571
3728 0.313621
3729 0.5904612
3730 0.2423758
3731 0.9163637
3732 0.1466363
3733 0.1194727
3734 0.7568466
3735 0.9680282
3736 0.205876
3737 0.7991163
3738 0.001878181
3739 0.2149545
3740 0.1281548
3741 0.2096229
3742 0.004632059
3743 0.005515881
3744 0.8620176
3745 0.1332622
3746 0.746192
3747 0.4921593
3748 0.1137574
3749 0.4299331
3750 0.5772794
3751 0.6936385
3752 0.7636209
3753 1.172053e-06
3754 0.07086317
3755 0.6613075
3756 0.009372653
3757 0.6060305
3758 0.06996044
3759 0.2731042
3760 0.02860316
3761 0.1833232
3762 0.1077963
3763 0.005908195
3764 0.00650737
3765 0.001911056
3766 0.04534037
3767 0.8338384
3768 0.007996764
3769 0.006454586
3770 0.2270464
3771 0.1822144
3772 0.04348243
3773 0.2670816
3774 0.374465
3775 0.1298527
3776 0.2355289
3777 9.047908e-05
3778 0.652273
3779 0.1896614
3780 1.069368e-06
3781 0.01320504
3782 0.645011
3783 0.001754175
3784 0.07030634
3785 0.01383761
3786 0.4731067
3787 0.2899379
3788 0.6561225
3789 8.956115e-05
3790 0.03201757
3791 0.823738
3792 0.5357537
3793 0.01970267
3794 0.01852694
3795 0.3285955
3796 0.03196166
3797 0.005338772
3798 0.0005183878
3799 0.06509391
3800 0.1659824
3801 0.3084341
3802 0.1033696
3803 0.2759256
3804 0.5385125
3805 0.03483848
3806 0.7061285
3807 0.01432112
3808 0.0914231
3809 0.7237389
3810 0.9590748
3811 0.03219105
3812 0.7767041
3813 0.05326759
3814 0.0533827
3815 0.8376093
3816 0.04952894
3817 0.5728411
3818 0.06145175
3819 0.6705059
3820 0.0006874655
3821 0.1427543
3822 0.2188715
3823 0.1810401
3824 0.03477295
3825 0.00176708
3826 7.739442e-05
3827 0.2567241
3828 0.01819459
3829 0.0008083041
3830 0.007072802
3831 0.02189182
3832 0.007089463
3833 0.5403833
3834 0.5306302
3835 0.6765973
3836 0.302593
3837 0.02603608
3838 0.397792
3839 0.8700849
3840 0.4861495
3841 0.7090599
3842 0.09136087
3843 0.6855242
3844 0.6339316
3845 0.9813714
3846 0.7792894
3847 0.0324229
3848 0.1348946
3849 0.1368512
3850 0.07348179
3851 0.01220561
3852 0.08163203
3853 0.04098697
3854 0.6007178
3855 0.8270359
3856 0.04758576
3857 0.9129119
3858 0.1547882
3859 0.07162312
3860 0.03105457
3861 0.1754629
3862 0.04644032
3863 0.09689225
3864 0.0321109
3865 0.5954971
3866 0.587745
3867 0.0765331
3868 0.1998893
3869 0.4251189
3870 0.1175972
3871 0.0005955135
3872 0.4498373
3873 0.4271596
3874 0.8275894
3875 0.1918478
3876 0.03296271
3877 0.8333431
3878 0.2318413
3879 0.4131636
3880 0.5640305
3881 0.0139813
3882 0.1750832
3883 0.001698375
3884 0.3602528
3885 0.2185589
3886 0.08755017
3887 1.616864e-06
3888 0.1790033
3889 0.03670587
3890 0.1153474
3891 0.04044699
3892 0.02047843
3893 0.05604322
3894 0.09522315
3895 0.1037279
3896 0.9618515
3897 0.9185572
3898 0.07710892
3899 0.0004013312
3900 0.03817312
3901 0.5716474
3902 0.07547524
3903 0.05759436
3904 0.2166644
3905 0.5594072
3906 0.2515428
3907 0.1397198
3908 0.0309873
3909 0.05259822
3910 0.09006652
3911 0.4607235
3912 0.02465404
3913 0.01093975
3914 0.0339891
3915 0.2393033
3916 6.226625e-05
3917 0.4297924
3918 0.1744009
3919 0.05540697
3920 0.04175004
3921 0.09958184
3922 0.6806708
3923 0.7093953
3924 0.018394
3925 0.001250125
3926 0.6128301
3927 0.01874344
3928 0.1286927
3929 0.1499531
3930 0.04465585
3931 0.07075521
3932 0.001192165
3933 0.005454303
3934 0.01601932
3935 0.008444256
3936 0.2694206
3937 0.1027795
3938 0.2551356
3939 0.02324032
3940 0.07097068
3941 0.1757759
3942 0.6551295
3943 0.2340083
3944 0.3930758
3945 0.2956704
3946 0.08786751
3947 0.001430359
3948 0.3565607
3949 0.07571483
3950 0.03958656
3951 0.001060064
3952 0.08470585
3953 0.1225252
3954 0.5407174
3955 0.8699416
3956 0.005417904
3957 0.09297979
3958 0.8241172
3959 0.03736519
3960 0.02502237
3961 0.3490543
3962 0.7520789
3963 0.2731457
3964 0.01311511
3965 0.04207116
3966 0.5613218
3967 0.01123084
3968 0.7211847
3969 0.2974035
3970 0.3309692
3971 0.457018
3972 0.4574831
3973 0.7006285
3974 0.6381574
3975 0.2492136
3976 0.01101007
3977 0.01784499
3978 0.2373681
3979 0.0007518575
3980 0.4364012
3981 0.7412885
3982 0.5232101
3983 9.038618e-05
3984 0.5719613
3985 0.0005138566
3986 0.2807365
3987 1.521506e-05
3988 4.343828e-05
3989 0.2208528
3990 0.7411639
3991 0.4978379
3992 0.2158535
3993 0.2380472
3994 0.1508034
3995 0.006667093
3996 0.1392708
3997 0.1089475
3998 0.8055273
3999 0.6262629
4000 0.9892442
4001 0.006373828
4002 0.007642563
4003 0.08555788
4004 0.6132614
4005 0.01947904
4006 0.002194146
4007 0.05165422
4008 0.07753237
4009 0.9615227
4010 0.132991
4011 0.001394782
4012 0.4118787
4013 0.4970063
4014 0.0116033
4015 0.4164373
4016 0.9036716
4017 0.9254534
4018 0.1428027
4019 0.7496655
4020 0.02917415
4021 0.810247
4022 0.1356354
4023 0.03356953
4024 0.2676035
4025 0.3123718
4026 0.4499193
4027 0.6556277
4028 0.0865766
4029 7.860873e-10
4030 0.4554407
4031 0.09258197
4032 0.2858459
4033 0.3268919
4034 0.9508378
4035 0.122953
4036 1.679547e-05
4037 0.004031707
4038 0.4170028
4039 0.336037
4040 0.2299644
4041 0.005991285
4042 0.05915377
4043 0.002463704
4044 0.003658384
4045 0.03101132
4046 0.002873055
4047 0.0007526591
4048 0.008163931
4049 0.0001668989
4050 0.1561863
4051 0.0002917903
4052 0.0006107091
4053 0.009143383
4054 0.07863932
4055 0.4790899
4056 0.9401894
4057 0.2869877
4058 0.06730713
4059 0.5328549
4060 0.3734233
4061 0.0001073122
4062 0.07361221
4063 0.05063909
4064 0.6124749
4065 0.003596147
4066 0.01382624
4067 0.2788319
4068 0.1851156
4069 0.004039385
4070 0.04305093
4071 0.5308802
4072 0.22394
4073 0.07917218
4074 5.153306e-08
4075 0.365738
4076 0.3373719
4077 0.21003
4078 5.588919e-08
4079 0.1072488
4080 0.04036799
4081 0.639767
4082 0.3931057
4083 0.1293371
4084 0.02077332
4085 0.3988793
4086 0.5530162
4087 0.4715249
4088 0.1744046
4089 0.004436713
4090 0.07137431
4091 0.004516277
4092 0.1526461
4093 0.3655039
4094 0.7823427
4095 0.3133292
4096 0.01863421
4097 0.07081761
4098 0.1999869
4099 0.3096174
4100 0.5872656
4101 0.0006862669
4102 0.4297213
4103 0.5162912
4104 0.1444613
4105 0.05133954
4106 0.07618431
4107 0.5495197
4108 0.6825637
4109 0.01525824
4110 0.7954516
4111 0.5776154
4112 0.2787854
4113 0.4897902
4114 0.4529462
4115 0.1952785
4116 0.06676356
4117 0.7909475
4118 0.1827924
4119 0.03945415
4120 0.2489649
4121 0.7967127
4122 0.04231481
4123 0.03344866
4124 0.2024002
4125 0.5168499
4126 0.1016621
4127 0.1676851
4128 0.2467465
4129 0.9487384
4130 0.5877207
4131 0.2902733
4132 0.003296985
4133 0.5647162
4134 0.00150713
4135 0.9053515
4136 0.004326104
4137 0.6313704
4138 0.7666664
4139 0.005016682
4140 0.07983467
4141 0.04373546
4142 0.3635657
4143 0.002565988
4144 0.3838817
4145 0.7983298
4146 0.282056
4147 4.95567e-06
4148 0.5173583
4149 0.1546028
4150 0.5428881
4151 0.008655927
4152 0.5284815
4153 0.4866762
4154 9.857531e-06
4155 0.1308742
4156 0.1457724
4157 0.02294969
4158 0.006139462
4159 0.09306319
4160 0.7557629
4161 0.1875392
4162 0.1259248
4163 0.6225512
4164 0.4447421
4165 0.8453402
4166 0.1731352
4167 0.07725037
4168 0.007574389
4169 0.546431
4170 0.03587345
4171 0.3238797
4172 0.4156483
4173 0.08463796
4174 0.08640326
4175 0.001048097
4176 0.004607228
4177 0.3605602
4178 0.2475977
4179 0.0867262
4180 0.6881889
4181 0.2824448
4182 0.0001272839
4183 0.001838996
4184 0.8465712
4185 0.2312734
4186 0.07195007
4187 0.08548352
4188 0.02682211
4189 0.8317013
4190 0.0001858393
4191 0.01185215
4192 0.9826421
4193 0.3182264
4194 0.5945208
4195 0.07040725
4196 0.2160715
4197 0.01014106
4198 0.9376501
4199 0.1164003
4200 0.2055346
4201 0.6524588
4202 0.7855841
4203 0.0001742261
4204 0.1708236
4205 4.818891e-05
4206 0.2696644
4207 0.008280538
4208 0.6317936
4209 0.002434478
4210 0.1449633
4211 0.05628228
4212 0.01802841
4213 0.236606
4214 0.5576185
4215 0.1297791
4216 0.5129372
4217 0.001732577
4218 0.348533
4219 0.5852185
4220 0.005342272
4221 0.7850748
4222 0.03353285
4223 0.8488045
4224 0.3634082
4225 0.1064776
4226 0.09754248
4227 0.1307434
4228 0.3765422
4229 0.6980565
4230 0.01448484
4231 0.3305179
4232 0.004757598
4233 0.08360905
4234 0.5318504
4235 0.5922108
4236 0.02811453
4237 0.8368305
4238 6.920837e-05
4239 0.05312199
4240 0.4889699
4241 0.06527315
4242 0.4562709
4243 0.05732367
4244 0.5170462
4245 0.02983228
4246 0.9746191
4247 0.5442351
4248 0.7220816
4249 0.4886918
4250 0.03674068
4251 0.01843968
4252 0.5995896
4253 0.3193533
4254 0.7041569
4255 0.02106666
4256 0.005295694
4257 0.05475205
4258 0.02279061
4259 0.374534
4260 0.9508515
4261 0.6835366
4262 0.02069348
4263 0.04054887
4264 4.841102e-05
4265 0.2251353
4266 0.9279279
4267 0.3716479
4268 0.3530088
4269 1.900287e-06
4270 0.005587374
4271 0.0303481
4272 2.180743e-05
4273 0.5803497
4274 0.9559043
4275 0.1000214
4276 0.2397036
4277 0.4664924
4278 0.5189261
4279 0.06190478
4280 0.4900348
4281 0.02739029
4282 0.4972346
4283 0.2673897
4284 0.7967751
4285 0.03151868
4286 0.4318534
4287 0.0001007066
4288 0.2193939
4289 9.602756e-05
4290 0.06266527
4291 0.01160562
4292 0.1981391
4293 0.1432971
4294 0.1244552
4295 0.003129632
4296 0.2148157
4297 0.5528158
4298 0.07954597
4299 0.00742911
4300 0.5129245
4301 5.22834e-07
4302 0.03716414
4303 0.6294526
4304 0.03131115
4305 0.009695847
4306 0.5890819
4307 0.03498277
4308 0.4743358
4309 0.9445927
4310 0.001339358
4311 0.03626674
4312 0.432795
4313 0.5228804
4314 9.335902e-06
4315 0.3134433
4316 0.6340197
4317 0.5493895
4318 0.001126073
4319 0.04358754
4320 0.4984196
4321 0.002470541
4322 0.0973773
4323 0.9439866
4324 0.3903188
4325 0.2320249
4326 0.7484049
4327 0.5120482
4328 0.002679206
4329 0.07840375
4330 0.09699947
4331 0.2230045
4332 0.7905709
4333 1.036941e-05
4334 0.4108821
4335 0.07477235
4336 0.6606399
4337 0.004701362
4338 0.6723904
4339 0.7723155
4340 0.02032944
4341 0.05409062
4342 0.9784647
4343 0.001396115
4344 0.3659595
4345 0.01281785
4346 0.7736897
4347 0.01998433
4348 0.1919197
4349 0.2045291
4350 0.01143119
4351 0.001330782
4352 0.0562503
4353 0.07201503
4354 0.249118
4355 0.4566344
4356 0.6261756
4357 0.6020605
4358 0.01068447
4359 0.8643163
4360 0.3716194
4361 0.26631
4362 0.09629817
4363 0.003369653
4364 0.004427389
4365 0.1973466
4366 0.08856018
4367 0.1764409
4368 0.3123075
4369 0.002622909
4370 0.0002868827
4371 0.5247277
4372 0.653254
4373 0.03966272
4374 0.03030028
4375 0.6246611
4376 0.8630782
4377 0.3738912
4378 0.03648945
4379 0.07889144
4380 0.5753032
4381 0.01612669
4382 8.737768e-05
4383 0.04624456
4384 0.2096955
4385 0.00253126
4386 0.3575954
4387 0.2924026
4388 0.0006829602
4389 0.3055636
4390 0.02849948
4391 0.3286681
4392 0.9330508
4393 0.09005768
4394 0.02083304
4395 0.0003477042
4396 0.004125019
4397 0.006845956
4398 0.3832135
4399 0.2324842
4400 0.01705751
4401 0.00045108
4402 0.7792383
4403 0.3124608
4404 0.3593872
4405 0.01216986
4406 0.5435135
4407 0.07302654
4408 0.03440527
4409 0.0547104
4410 0.8656821
4411 0.1887259
4412 0.3254338
4413 0.0005601896
4414 0.004939762
4415 0.5523979
4416 0.03059336
4417 0.2713641
4418 0.2602125
4419 0.0003815787
4420 0.5171637
4421 0.5812989
4422 0.1331597
4423 0.03210797
4424 0.2081989
4425 0.07365216
4426 0.6409176
4427 0.7007905
4428 0.9260517
4429 0.8442601
4430 0.1909286
4431 0.6036012
4432 0.2569903
4433 0.05612203
4434 0.005282071
4435 0.422186
4436 0.1836431
4437 0.0001665295
4438 0.6618402
4439 0.7506154
4440 0.00136038
4441 0.4564312
4442 0.4712081
4443 0.1526908
4444 0.3990618
4445 0.3479009
4446 0.06873853
4447 0.009520696
4448 0.2619382
4449 0.05279077
4450 0.062059
4451 0.2836546
4452 0.6417832
4453 0.006770242
4454 0.9482337
4455 0.1471244
4456 0.4086129
4457 0.05106082
4458 0.4862927
4459 0.3720983
4460 0.1996056
4461 0.4058625
4462 0.662178
4463 0.2044263
4464 0.941005
4465 0.7980431
4466 0.7266202
4467 0.5212482
4468 0.05375731
4469 0.2295975
4470 0.4375353
4471 0.1062962
4472 2.420221e-06
4473 0.1462601
4474 0.3828816
4475 0.5914062
4476 0.7330331
4477 0.2344531
4478 0.0003096444
4479 0.09157476
4480 0.03395683
4481 0.07714863
4482 0.04741206
4483 0.6264484
4484 0.3601213
4485 0.01001884
4486 0.3787674
4487 0.04325996
4488 2.108084e-05
4489 0.04487504
4490 0.3226373
4491 0.0002287792
4492 0.0007709337
4493 0.1339064
4494 0.3464489
4495 0.002206311
4496 0.03096178
4497 0.9098587
4498 0.182989
4499 0.2722703
4500 0.1712903
4501 0.3226634
4502 0.7720174
4503 0.4649684
4504 0.7460821
4505 0.7334977
4506 0.9968311
4507 0.02939384
4508 0.2078323
4509 0.6450922
4510 0.6025165
4511 0.5660517
4512 0.0016904
4513 0.01245842
4514 0.6504429
4515 0.00418217
4516 0.7676804
4517 0.06270249
4518 0.3079461
4519 0.2826953
4520 0.7942001
4521 0.0512081
4522 0.5422956
4523 0.009482196
4524 0.2434557
4525 0.6558743
4526 0.4578636
4527 0.4998793
4528 0.810537
4529 0.2482721
4530 0.8732111
4531 0.005157311
4532 0.3536495
4533 0.1337296
4534 0.02843731
4535 0.0871777
4536 0.5948785
4537 0.2589778
4538 0.0002746099
4539 0.363251
4540 0.717676
4541 0.01477453
4542 0.07942101
4543 0.4203354
4544 0.1579074
4545 0.2516511
4546 0.06317403
4547 0.04635281
4548 0.2468394
4549 0.2133216
4550 0.2223269
4551 0.1020406
4552 0.5488455
4553 0.6972115
4554 0.1796962
4555 0.1540968
4556 0.1880751
4557 0.3496092
4558 0.0004881723
4559 0.02910776
4560 0.4891895
4561 0.117549
4562 0.02993205
4563 0.07079375
4564 0.3855441
4565 0.002049278
4566 0.06890109
4567 0.05111743
4568 0.1514408
4569 0.1712524
4570 0.1289215
4571 0.30818
4572 0.0008191387
4573 0.01491019
4574 0.01750063
4575 0.1194307
4576 0.02483138
4577 0.1409731
4578 0.02349064
4579 0.3921175
4580 0.005306007
4581 0.06852989
4582 0.03695942
4583 0.0009826814
4584 0.6514484
4585 0.0005711482
4586 0.2203949
4587 0.6869663
4588 0.9753379
4589 0.05079405
4590 0.0714319
4591 0.191198
4592 0.01774136
4593 0.8045742
4594 0.3391345
4595 0.009993758
4596 0.642347
4597 0.4715207
4598 9.169675e-05
4599 0.1404657
4600 0.2353952
4601 0.3265522
4602 0.05068576
4603 0.2298404
4604 0.3763595
4605 0.2179699
4606 0.79541
4607 0.5625592
4608 0.9393351
4609 0.289323
4610 0.3806352
4611 0.6046578
4612 0.04352192
4613 0.5066606
4614 0.03724562
4615 0.5648038
4616 0.01826595
4617 0.2679711
4618 0.009225788
4619 0.6878428
4620 0.3675616
4621 0.2037516
4622 0.1561596
4623 0.1236976
4624 0.4281366
4625 0.04177461
4626 0.00549192
4627 0.04698137
4628 0.05439662
4629 0.2466096
4630 0.2290965
4631 0.2943545
4632 0.000748854
4633 0.001504816
4634 0.04004675
4635 0.02213622
4636 0.1629708
4637 0.3090072
4638 0.7858301
4639 0.0113422
4640 0.9815101
4641 0.13421
4642 0.3472524
4643 0.3054265
4644 0.4701577
4645 0.04462524
4646 0.2696128
4647 0.2781652
4648 0.1187579
4649 0.8724266
4650 0.2286586
4651 0.9798175
4652 0.6766131
4653 0.1313734
4654 0.4841467
4655 0.487919
4656 0.1400934
4657 0.005589164
4658 0.001583897
4659 0.002827254
4660 0.5156972
4661 0.005337945
4662 0.05487307
4663 0.08405698
4664 0.8301069
4665 0.8294008
4666 0.002157939
4667 0.07191231
4668 0.7532072
4669 0.3915364
4670 0.7948576
4671 0.4830489
4672 0.1573813
4673 0.2330664
4674 0.0003816711
4675 0.3012716
4676 0.6160856
4677 0.6348005
4678 0.007086748
4679 3.464286e-07
4680 0.2928178
4681 0.9090355
4682 0.007042106
4683 0.4125526
4684 0.05645848
4685 0.03507838
4686 0.1536893
4687 0.01863024
4688 0.07488303
4689 0.2695988
4690 0.02090469
4691 0.08263147
4692 0.8898228
4693 0.2228149
4694 0.1894438
4695 0.3052882
4696 0.009267067
4697 0.6569658
4698 0.9345675
4699 0.2201333
4700 0.332712
4701 0.2280387
4702 0.8242516
4703 0.2681649
4704 0.0005517032
4705 0.9238458
4706 0.3799217
4707 0.004977352
4708 0.6203092
4709 0.441988
4710 0.02718024
4711 0.4878247
4712 0.1368044
4713 0.001553294
4714 0.174079
4715 0.7630904
4716 0.7582423
4717 0.7643023
4718 0.05500923
4719 0.2792056
4720 0.9278943
4721 0.02038229
4722 0.0001198522
4723 0.0005952804
4724 0.0006687063
4725 0.395341
4726 0.9568149
4727 0.9928922
4728 0.3209323
4729 0.008769956
4730 6.554613e-05
4731 0.3237684
4732 0.4875787
4733 0.3677874
4734 0.2653116
4735 0.3739267
4736 0.8146463
4737 0.84013
4738 0.2439311
4739 0.573556
4740 0.01023955
4741 0.5684212
4742 0.8360336
4743 0.1899131
4744 0.06735172
4745 0.1180383
4746 0.09359629
4747 0.325568
4748 0.3111215
4749 0.0110806
4750 0.263351
4751 0.04420598
4752 0.5136568
4753 0.5802799
4754 0.4193594
4755 0.7165468
4756 0.3096357
4757 0.4604556
4758 0.1108518
4759 0.1434608
4760 0.02199426
4761 0.5449251
4762 0.08534682
4763 0.1123307
4764 0.4209209
4765 0.09685916
4766 0.5614327
4767 0.03125005
4768 0.5453067
4769 0.3280055
4770 0.06486948
4771 1.773797e-06
4772 0.7993614
4773 0.6661143
4774 0.469365
4775 0.000644891
4776 0.01081059
4777 0.762472
4778 0.3714982
4779 0.416166
4780 0.5126649
4781 0.09405039
4782 0.1478389
4783 0.03925489
4784 0.002461324
4785 0.1269985
4786 0.5611365
4787 0.01105844
4788 0.1133983
4789 0.0723186
4790 0.07939718
4791 0.7783101
4792 0.03652461
4793 0.02923297
4794 0.001131328
4795 0.02697048
4796 0.2641217
4797 0.4196302
4798 0.01277792
4799 0.4969547
4800 0.1376335
4801 0.002547651
4802 0.8914991
4803 0.0001279206
4804 0.0603773
4805 0.06896329
4806 0.03150417
4807 0.2525855
4808 0.004538139
4809 0.08144095
4810 0.06929013
4811 0.1752202
4812 1.761242e-08
4813 0.7170761
4814 0.2397643
4815 0.00848092
4816 1.744047e-05
4817 0.1043386
4818 0.2330895
4819 0.03272655
4820 0.1186734
4821 0.1786777
4822 0.1244407
4823 0.0988355
4824 0.004390232
4825 0.5664865
4826 0.04711122
4827 0.738367
4828 0.000282684
4829 0.302956
4830 0.08985393
4831 0.06753083
4832 0.2429181
4833 0.04020157
4834 0.1661383
4835 0.881178
4836 0.09457308
4837 0.9792996
4838 0.412017
4839 0.09038169
4840 0.06960469
4841 0.7717686
4842 0.1819011
4843 0.3279482
4844 0.4811521
4845 0.0001814429
4846 0.8366065
4847 0.06229303
4848 0.8723428
4849 0.002817335
4850 0.1112023
4851 0.1237868
4852 0.002433308
4853 0.03876387
4854 0.4044856
4855 0.05011789
4856 0.06060225
4857 0.02853571
4858 0.0003470383
4859 1.282451e-11
4860 0.0001747539
4861 0.4939104
4862 0.1600446
4863 0.05234996
4864 0.006861379
4865 0.4146241
4866 0.3115507
4867 0.6789745
4868 0.4091917
4869 0.5036744
4870 0.6473998
4871 0.01638828
4872 0.1245796
4873 0.07403182
4874 0.02080719
4875 0.05106757
4876 0.8888242
4877 0.9242454
4878 0.008101443
4879 0.05114202
4880 0.03980006
4881 0.6982727
4882 0.08417182
4883 0.4180767
4884 0.1885029
4885 0.2711552
4886 0.6104385
4887 0.1691819
4888 0.9453931
4889 0.220072
4890 0.7866897
4891 0.3752695
4892 0.2973268
4893 0.433781
4894 0.04000098
4895 0.306563
4896 0.02403028
4897 0.03370598
4898 0.0001316406
4899 0.02173958
4900 0.3737722
4901 0.2922375
4902 0.007018555
4903 0.01740622
4904 0.6528422
4905 0.3038537
4906 0.886089
4907 0.8174297
4908 0.5351616
4909 0.6962359
4910 0.9165945
4911 0.07628304
4912 0.922114
4913 0.114031
4914 0.754824
4915 0.02874158
4916 0.01493211
4917 0.1467066
4918 0.01375439
4919 0.004288177
4920 0.349447
4921 0.02061584
4922 0.450246
4923 0.01088742
4924 0.7558798
4925 0.0492775
4926 0.05723652
4927 0.6493709
4928 0.002237898
4929 0.0830723
4930 0.2551171
4931 0.2315743
4932 0.2956712
4933 0.8865194
4934 0.5012709
4935 0.07894138
4936 0.3946399
4937 0.01474596
4938 0.4319758
4939 0.8617731
4940 0.03464924
4941 0.9657351
4942 0.4041998
4943 0.2208692
4944 0.02201318
4945 0.8155112
4946 0.2719681
4947 0.05825244
4948 0.02105891
4949 0.1245617
4950 0.005929121
4951 0.8386584
4952 0.8172657
4953 0.2450934
4954 0.03887747
4955 0.1374956
4956 0.6509453
4957 0.7810118
4958 0.5312349
4959 0.001863873
4960 0.1635253
4961 0.5457168
4962 0.387904
4963 0.9174474
4964 0.2354318
4965 0.4434608
4966 0.7260002
4967 0.3914114
4968 0.3278135
4969 0.1510786
4970 0.01705159
4971 0.1601568
4972 0.3537784
4973 0.05535777
4974 0.02029254
4975 0.8844891
4976 0.1438931
4977 0.173857
4978 0.01126999
4979 0.02644611
4980 0.3446182
4981 0.06270032
4982 0.006716534
4983 0.0511303
4984 0.7089026
4985 0.09264454
4986 0.06263022
4987 0.05064937
4988 0.01413831
4989 0.9416466
4990 0.01975416
4991 0.1811882
4992 0.07326659
4993 0.303335
4994 0.1630605
4995 0.8673599
4996 0.8991835
4997 0.06257672
4998 0.0008829607
4999 0.01962617
5000 0.0001859612
