1 0.4521606
2 0.1122004
3 0.04104495
4 0.5134879
5 0.1180476
6 0.04398621
7 0.1499987
8 0.03252793
9 0.4055443
10 0.3968922
11 0.01909873
12 0.1460401
13 0.009349097
14 0.2821502
15 0.3224216
16 0.6611915
17 0.1921356
18 0.3109836
19 0.1191508
20 0.3618559
21 0.998498
22 0.02757439
23 0.3069462
24 0.001126882
25 0.2844748
26 0.1580289
27 0.1238424
28 0.1632536
29 0.4242221
30 0.6716355
31 0.003570287
32 0.005808184
33 0.8467145
34 0.2292787
35 0.4919776
36 0.738536
37 0.1076386
38 0.5310125
39 0.02948494
40 0.9163349
41 0.7096687
42 0.3282512
43 0.05840636
44 0.6412408
45 0.2854897
46 0.2196666
47 0.398277
48 0.08637985
49 0.1227201
50 0.6324871
51 0.665934
52 0.5632152
53 0.1071595
54 0.7318027
55 0.7744762
56 0.1810045
57 0.229156
58 0.6900186
59 0.1227172
60 0.04694654
61 0.9700271
62 0.05303527
63 0.9747475
64 0.355168
65 0.02381227
66 0.3223432
67 0.7573623
68 0.04436189
69 0.03787887
70 0.4050802
71 0.109935
72 0.1553884
73 0.3418597
74 0.003622182
75 0.008550826
76 0.6298916
77 0.04650378
78 0.105454
79 0.07629216
80 0.6624295
81 0.09567981
82 0.695555
83 0.2893308
84 0.2979135
85 0.4930435
86 0.01060927
87 0.0896164
88 0.2930524
89 0.6029598
90 0.3328964
91 0.1522892
92 0.02425812
93 0.4969459
94 0.01988198
95 0.09065662
96 0.6573029
97 0.1031507
98 0.5410749
99 0.1635248
100 0.577867
101 0.0561874
102 0.04274318
103 0.9653426
104 0.516374
105 0.3017464
106 0.8874798
107 0.02677144
108 0.5992181
109 0.08507122
110 0.2821079
111 0.1339643
112 0.3065515
113 0.07115168
114 0.8402657
115 0.7998145
116 0.05578855
117 0.07795133
118 0.326317
119 0.06971488
120 0.6898057
121 0.1678398
122 0.004738873
123 0.06104346
124 0.5305412
125 0.1519958
126 0.1318041
127 0.4733733
128 0.06888313
129 0.2095421
130 0.05470624
131 0.548237
132 0.0683241
133 0.7404244
134 0.7408655
135 0.4424452
136 0.09007943
137 0.379873
138 0.3626041
139 0.09260855
140 0.07540622
141 0.0326428
142 0.2209215
143 0.005433649
144 0.05295501
145 0.0442632
146 0.09276828
147 0.04072967
148 0.04745664
149 0.8300721
150 0.1051636
151 0.0676987
152 0.1255207
153 0.6712656
154 0.08806543
155 0.008360172
156 0.0007233781
157 0.1914553
158 0.01569572
159 0.00270422
160 0.8837921
161 0.07590263
162 0.07285953
163 0.193425
164 0.806048
165 0.5544572
166 0.5526482
167 0.6470761
168 0.009255509
169 0.008685671
170 0.3876455
171 0.4340902
172 0.06745651
173 0.2198383
174 0.9573688
175 0.01908135
176 0.05641328
177 0.09680378
178 0.07264321
179 0.7343473
180 0.9555808
181 0.3346123
182 0.4592993
183 0.008763379
184 0.03099593
185 0.02470262
186 0.5635372
187 0.5423339
188 0.01925194
189 0.6950168
190 0.4372347
191 0.009553945
192 0.001794618
193 0.7305393
194 0.6695177
195 0.3167157
196 0.7620169
197 0.2327094
198 0.00666399
199 0.1772359
200 0.2272522
201 0.39738
202 0.001211446
203 0.0170283
204 0.5017423
205 0.0165061
206 0.9411404
207 0.1502913
208 0.8447688
209 0.5413197
210 0.2698458
211 0.430005
212 0.6425911
213 0.03507414
214 0.0353666
215 0.08103893
216 0.6946909
217 0.4522089
218 0.03149947
219 0.8888616
220 0.0579697
221 0.5810934
222 0.1437894
223 0.1761749
224 0.2408598
225 0.2494569
226 0.9371364
227 0.7334811
228 0.02487806
229 0.06915907
230 0.2754874
231 0.5556853
232 0.96925
233 0.06290003
234 0.2036725
235 0.3826916
236 0.1147081
237 0.3296432
238 0.02734721
239 0.08647085
240 0.0536103
241 0.2528721
242 0.09274429
243 0.3021286
244 0.06009666
245 0.5405865
246 0.04557631
247 0.04465365
248 0.08376516
249 0.002717215
250 0.6331751
251 0.1439951
252 0.02636584
253 0.1034465
254 0.1325805
255 0.2004633
256 0.03272815
257 0.09753084
258 0.2494409
259 0.04970673
260 0.3679234
261 0.1917222
262 0.1034187
263 0.748535
264 0.08166744
265 0.7041627
266 0.6851933
267 0.5959469
268 0.214295
269 0.008037527
270 0.3569962
271 0.05592214
272 0.08307592
273 0.3742378
274 0.9251098
275 0.9816646
276 0.8402877
277 0.6620265
278 0.3450533
279 0.0009094831
280 0.1667306
281 0.2479666
282 0.5229736
283 0.02700952
284 0.07100064
285 0.07052931
286 0.6558492
287 0.06256599
288 0.07801329
289 0.3125762
290 0.3223709
291 0.1006827
292 0.246861
293 0.07451757
294 0.8223114
295 0.9718127
296 0.01355675
297 0.4169752
298 0.009202952
299 0.07016027
300 0.8492527
301 0.525791
302 0.0337
303 0.00443247
304 0.03950759
305 0.9057276
306 0.2269435
307 0.4122831
308 0.6744149
309 0.5943486
310 0.2511458
311 0.03694571
312 0.4263924
313 0.04719101
314 0.2365978
315 0.8092425
316 0.5300389
317 0.1345944
318 0.9701726
319 0.1167318
320 0.1545182
321 0.05517186
322 0.2392997
323 0.1103674
324 0.1017549
325 0.03775814
326 0.6152004
327 0.842993
328 0.8943327
329 0.04274603
330 0.00921374
331 0.1136639
332 0.6173585
333 0.8667638
334 0.8199322
335 0.8219063
336 0.3106661
337 0.1004242
338 0.3400771
339 0.01144704
340 0.522457
341 0.2869108
342 0.4730866
343 0.4690579
344 0.06978403
345 0.9067971
346 0.1540433
347 0.5794464
348 0.6057455
349 0.03105337
350 0.6682067
351 0.1937708
352 0.006307199
353 0.0003028274
354 0.3280126
355 0.1563357
356 0.1072126
357 0.0675044
358 0.04825998
359 0.09904798
360 0.5489944
361 0.6326984
362 0.02176538
363 0.3928934
364 0.6021202
365 0.1967185
366 0.2173973
367 0.04725474
368 0.8150971
369 0.514668
370 0.3165965
371 0.5179179
372 0.02113355
373 0.3086352
374 0.6095117
375 0.0937004
376 0.06300794
377 0.1354681
378 0.02251267
379 0.2252824
380 0.9156588
381 0.525309
382 0.05381867
383 0.1486629
384 0.04386962
385 0.8871746
386 0.2503375
387 0.01509916
388 0.2249013
389 0.1729264
390 0.01777454
391 0.08148313
392 0.761228
393 0.02114722
394 0.0006974081
395 0.1231506
396 0.7091122
397 0.03783263
398 0.0745879
399 0.09886251
400 0.5106408
401 0.1612594
402 0.637963
403 0.009602181
404 0.00737516
405 0.09810906
406 0.174578
407 0.5587967
408 0.0081511
409 0.2596013
410 0.2217856
411 0.978728
412 0.3509482
413 0.104919
414 0.8984939
415 0.1622278
416 0.02551563
417 0.01344482
418 0.2202138
419 0.1813843
420 0.3181114
421 0.6944917
422 0.01766166
423 0.1089818
424 0.1236041
425 0.4847731
426 0.3878775
427 0.07034583
428 0.6228386
429 0.005431685
430 0.8919826
431 0.002776495
432 0.3987783
433 0.03019607
434 0.6640476
435 0.3733255
436 0.9424822
437 0.04561916
438 0.006127895
439 0.06948739
440 0.1440068
441 0.7392384
442 0.2985039
443 0.1028487
444 0.005618369
445 0.3450727
446 0.001008655
447 0.3829761
448 0.3157304
449 0.9444194
450 0.9963958
451 0.01953799
452 0.3464509
453 0.5721257
454 0.5481564
455 0.6771226
456 0.2527653
457 0.9505186
458 0.01354519
459 0.008011959
460 0.1039627
461 0.4553776
462 0.07684417
463 0.04715223
464 0.06104512
465 0.338796
466 0.1495913
467 0.0004488721
468 0.0174983
469 0.6270921
470 0.003161364
471 0.2441339
472 0.8076736
473 0.04452276
474 0.3117703
475 0.7277507
476 0.7887133
477 0.1286201
478 0.1492486
479 0.02646702
480 0.5428317
481 0.02962103
482 0.00339221
483 0.06585089
484 0.1332554
485 0.05613956
486 0.01027109
487 0.07751851
488 0.2893513
489 0.1650096
490 0.7368296
491 0.191975
492 0.0510037
493 0.2138335
494 0.6343928
495 0.03453552
496 0.3294812
497 0.1464868
498 0.02157707
499 0.07614599
500 0.3221641
501 0.34687
502 0.6231268
503 0.6439858
504 0.1192218
505 0.1099439
506 0.6207919
507 0.4143451
508 0.05137316
509 0.01617499
510 0.2137391
511 0.002272013
512 0.2424639
513 0.2154204
514 0.01251273
515 0.8446568
516 0.463543
517 0.4818667
518 0.603164
519 0.00251823
520 0.002660247
521 0.01787866
522 0.005684941
523 0.4142694
524 0.002961468
525 0.002862375
526 0.1292668
527 0.00144616
528 0.1207194
529 0.1726582
530 0.2771629
531 0.1703956
532 0.2587686
533 0.5652598
534 0.03556002
535 0.7160787
536 0.03442874
537 0.4213155
538 0.005861916
539 0.008739812
540 0.2328244
541 0.02082984
542 0.008245126
543 0.6029911
544 0.0479846
545 0.9118692
546 0.004301311
547 0.6713536
548 0.6524787
549 0.9580144
550 0.04924991
551 0.2434162
552 0.003033607
553 0.0113193
554 0.03391236
555 0.05641229
556 0.01209657
557 0.1434544
558 0.155958
559 0.2409675
560 0.518862
561 0.177573
562 0.6971556
563 0.001631734
564 0.05990052
565 0.002386628
566 0.7879871
567 0.09980578
568 0.04690111
569 0.00111375
570 0.05427828
571 0.7491717
572 0.001562802
573 0.1412396
574 0.02776664
575 0.08921275
576 0.4335223
577 0.4366352
578 0.08853561
579 0.5514948
580 0.4762564
581 0.01673233
582 0.518837
583 0.6197098
584 0.09076098
585 0.09471323
586 0.9380736
587 0.850499
588 0.4064741
589 0.9811815
590 0.1399131
591 0.0368218
592 0.7084316
593 0.006696741
594 0.6350297
595 0.0509597
596 0.1601921
597 0.9218269
598 0.07710046
599 0.7646088
600 0.5673523
601 0.01018309
602 0.1446977
603 0.05769558
604 0.544587
605 0.102422
606 0.0007801271
607 0.3118364
608 0.5220837
609 0.3349492
610 0.7595806
611 0.7882944
612 0.03293609
613 0.074932
614 0.5688185
615 0.05359771
616 0.5502511
617 0.001792809
618 0.002636263
619 0.9532431
620 0.282975
621 0.5130632
622 0.4769671
623 0.2668817
624 0.1878326
625 0.5608828
626 0.009495801
627 0.04004212
628 0.2396532
629 0.03826635
630 0.03796727
631 0.9992941
632 0.2956752
633 0.7638721
634 0.7710707
635 0.2283148
636 0.1275948
637 0.88935
638 0.7480574
639 0.4686024
640 0.1588944
641 0.3860786
642 0.9042294
643 0.1711453
644 0.3631888
645 0.05606806
646 0.7483489
647 0.001254883
648 0.1141206
649 0.1191644
650 0.1449285
651 0.193976
652 0.2491563
653 0.448388
654 0.04974833
655 0.002591027
656 0.0389256
657 0.7035722
658 0.7004372
659 0.4360339
660 0.01663328
661 0.5331859
662 0.1801137
663 0.8542714
664 0.6534474
665 0.5124338
666 0.3341403
667 0.1412985
668 0.8905546
669 0.4520234
670 0.1794843
671 0.09064877
672 0.05534151
673 0.6002099
674 0.04012628
675 0.05336886
676 0.008357998
677 0.9589533
678 0.4174579
679 0.2016336
680 0.1716535
681 0.2924285
682 0.3511714
683 0.5057865
684 0.4327135
685 0.003257466
686 0.06128983
687 0.04760943
688 0.6356647
689 0.6903855
690 0.5216369
691 0.2787084
692 0.0008806779
693 0.7653429
694 0.499471
695 0.1015243
696 0.007850219
697 0.3224918
698 0.439846
699 0.02499131
700 0.1085097
701 0.02148023
702 0.2563406
703 0.3165106
704 0.5507361
705 0.0913146
706 0.2026329
707 0.9112285
708 0.035965
709 0.03230608
710 0.2514274
711 0.00924167
712 0.02898239
713 0.1735352
714 0.004996171
715 0.1224949
716 0.4034592
717 0.2238788
718 0.4831756
719 0.5130238
720 0.9374666
721 0.416406
722 0.3326544
723 0.4158759
724 0.9933231
725 0.04918393
726 0.8249385
727 0.02270465
728 0.42491
729 0.5711208
730 0.3707406
731 0.3025289
732 0.9657528
733 0.2539007
734 0.9332711
735 0.4182478
736 0.5169974
737 0.06871192
738 0.004409547
739 0.1281433
740 0.1494657
741 0.06231698
742 0.002698444
743 0.5818346
744 0.8344814
745 0.8490306
746 0.5929624
747 0.5497842
748 0.3669465
749 0.03791808
750 0.8457178
751 0.02042331
752 0.1076284
753 0.6712945
754 0.6431802
755 0.9002508
756 0.9896017
757 0.02949825
758 0.006663161
759 0.4351591
760 0.713818
761 0.430266
762 0.1620556
763 0.318059
764 0.26963
765 0.001925679
766 0.04255084
767 0.1400622
768 0.2460989
769 0.2923333
770 0.2942346
771 0.1117878
772 0.03056729
773 0.778379
774 0.02212702
775 0.4639795
776 0.137233
777 0.9576764
778 0.3483169
779 0.7735018
780 0.5841784
781 0.07246972
782 0.5550763
783 0.06147226
784 0.03562688
785 0.1409471
786 0.2035847
787 0.5828408
788 0.1330464
789 0.1107054
790 0.04088689
791 0.8132818
792 0.3212859
793 0.05821264
794 0.0188343
795 0.3912679
796 0.003217536
797 0.2612853
798 0.1529339
799 0.3466797
800 0.5296583
801 0.9964498
802 0.2652236
803 0.2436389
804 0.1515892
805 0.4868675
806 0.1019785
807 0.06233804
808 0.4406068
809 0.2922944
810 0.6155563
811 0.1852331
812 0.2956834
813 0.5397149
814 0.09652369
815 0.03889364
816 0.8923745
817 0.02809446
818 0.008126393
819 0.984604
820 0.265926
821 0.6659733
822 0.05985606
823 0.8306322
824 0.7168782
825 0.003999453
826 0.1867586
827 0.7744259
828 0.03105417
829 0.3678652
830 0.008981976
831 0.02548649
832 0.124343
833 0.4661729
834 0.8419152
835 0.5340734
836 0.9258301
837 0.3796803
838 0.07848411
839 0.0386883
840 0.009592395
841 0.002107934
842 0.2883538
843 0.9917026
844 0.1587212
845 0.9640837
846 0.02784275
847 0.1485248
848 0.006649612
849 0.2953115
850 0.2231285
851 0.116403
852 0.6418769
853 0.0005694808
854 0.5038075
855 0.1466596
856 0.08231651
857 0.01697572
858 0.5776242
859 0.08889278
860 0.03827855
861 0.9309358
862 0.59542
863 0.9454206
864 0.02053894
865 0.07702205
866 0.9938947
867 0.04637819
868 0.2233349
869 0.5102878
870 0.2576771
871 0.6918149
872 0.8274671
873 0.6149368
874 0.527916
875 0.0009560005
876 0.4988904
877 0.07208412
878 0.1389169
879 0.7009238
880 0.01706464
881 0.04208638
882 0.8872647
883 0.460621
884 0.01844652
885 0.1651876
886 0.8083823
887 0.01497891
888 0.3767658
889 0.1501334
890 0.09619031
891 0.1893213
892 0.9447486
893 0.6546167
894 0.4907736
895 0.272181
896 0.3369028
897 0.3633168
898 0.7323399
899 0.2371494
900 0.1547813
901 0.4662063
902 0.0267558
903 0.4108797
904 0.6336238
905 0.1910321
906 0.001974768
907 0.9370289
908 0.08406225
909 0.2837529
910 0.8765543
911 0.1782315
912 0.5158617
913 0.2551505
914 0.007740077
915 0.685258
916 0.09907996
917 0.1065939
918 0.3604672
919 0.03368123
920 0.9832163
921 0.2207408
922 0.6252234
923 0.747276
924 0.501688
925 0.5254042
926 0.1076073
927 0.7644869
928 0.9288258
929 0.4835294
930 0.2475042
931 0.8646861
932 0.3344321
933 0.6387258
934 0.8405306
935 0.01236801
936 0.1388338
937 0.1385678
938 0.6600928
939 0.8751496
940 0.145755
941 0.008002458
942 0.007317498
943 0.2761216
944 0.3205279
945 0.2305913
946 0.3652053
947 0.2540169
948 0.4070311
949 0.5987315
950 0.6125224
951 0.4353698
952 0.07960601
953 0.7876933
954 0.1187873
955 0.6323866
956 0.3711375
957 0.3649389
958 0.0120356
959 0.1642076
960 0.1615667
961 0.03199024
962 0.0352383
963 0.03661852
964 0.3573819
965 0.02022082
966 0.3465629
967 0.2402381
968 0.03463732
969 0.3262174
970 0.02463886
971 0.00310358
972 0.01410284
973 0.9054306
974 0.2177941
975 0.6767606
976 0.9996366
977 0.9341276
978 0.9006055
979 0.8969216
980 0.2050641
981 0.4273717
982 0.08650266
983 0.02620321
984 0.04412287
985 0.07392349
986 0.2289129
987 0.2731392
988 0.06527684
989 0.7293669
990 0.1080804
991 0.1540813
992 0.2997128
993 0.09434181
994 0.02609658
995 0.06518868
996 0.05060941
997 0.05150453
998 0.751774
999 0.4250592
1000 0.4322883
1001 0.00146349
1002 0.1112466
1003 0.5213107
1004 0.4947986
1005 0.9391678
1006 0.07722466
1007 0.483256
1008 0.2063815
1009 0.1223198
1010 0.9365635
1011 0.443235
1012 0.1392147
1013 0.2409736
1014 0.220185
1015 0.3819948
1016 0.4605926
1017 0.7963428
1018 0.500967
1019 0.1879833
1020 0.8265679
1021 0.104831
1022 0.7943548
1023 0.490092
1024 0.4403111
1025 0.1995917
1026 0.30726
1027 0.8585948
1028 0.6621797
1029 0.1771667
1030 0.1278688
1031 0.4482012
1032 0.003247341
1033 0.02010698
1034 0.4258368
1035 0.1434878
1036 0.1142265
1037 0.08791434
1038 0.003233552
1039 0.2327157
1040 0.3260922
1041 0.4732472
1042 0.8301142
1043 0.7561464
1044 0.007650128
1045 0.05635151
1046 0.04467422
1047 0.1616137
1048 0.1783241
1049 0.01995164
1050 0.1091759
1051 0.06509095
1052 0.7536699
1053 0.01242503
1054 0.4470366
1055 0.01846967
1056 0.8251573
1057 0.04771276
1058 0.01675109
1059 0.1083603
1060 0.6649715
1061 0.7152778
1062 0.8342268
1063 0.4205874
1064 0.294611
1065 0.3995275
1066 0.06956701
1067 0.003386776
1068 0.04237903
1069 0.0808371
1070 0.3933453
1071 0.9671753
1072 0.02320575
1073 0.03034535
1074 0.262986
1075 0.316879
1076 0.7617098
1077 0.902251
1078 0.2957778
1079 0.1114901
1080 0.7346241
1081 0.004160203
1082 0.327545
1083 0.04664615
1084 0.2731828
1085 0.0437489
1086 0.1393309
1087 0.9012736
1088 0.3498806
1089 0.7458947
1090 0.6590455
1091 9.920065e-05
1092 0.0008044865
1093 0.1812664
1094 0.7010203
1095 0.7953019
1096 0.9893878
1097 0.03590038
1098 0.3908643
1099 0.0471531
1100 0.07716034
1101 0.4598324
1102 0.001345869
1103 0.7512011
1104 0.566979
1105 0.5953526
1106 0.6306966
1107 0.1248801
1108 0.1355292
1109 0.001796352
1110 0.1876569
1111 0.7404833
1112 0.2380676
1113 0.002716169
1114 0.03767779
1115 0.03123663
1116 0.00546489
1117 0.0005583366
1118 0.1825689
1119 0.04895886
1120 0.7900158
1121 0.3812534
1122 0.1764687
1123 0.7796212
1124 0.1045262
1125 0.9321964
1126 0.8202582
1127 0.003016134
1128 0.00150494
1129 0.08285627
1130 0.0004550339
1131 0.9668853
1132 0.03818448
1133 0.4175749
1134 0.1029015
1135 0.815179
1136 0.7522013
1137 0.2674982
1138 0.6436651
1139 0.002701766
1140 0.3932914
1141 0.6305084
1142 0.1009555
1143 0.04551899
1144 0.004333761
1145 0.06850983
1146 0.2303512
1147 0.3792326
1148 0.4318475
1149 0.456336
1150 0.2304562
1151 0.003021051
1152 0.1231006
1153 0.7571536
1154 0.2080616
1155 0.01293572
1156 0.1877378
1157 0.4260482
1158 0.002192029
1159 0.08351551
1160 0.09477502
1161 0.1383529
1162 0.9858309
1163 0.5546422
1164 0.9022665
1165 0.002528955
1166 0.244485
1167 0.006771213
1168 0.3717177
1169 0.04403852
1170 0.08927159
1171 0.778916
1172 0.1347878
1173 0.5592823
1174 0.2570346
1175 0.07085298
1176 0.05358034
1177 0.1127405
1178 0.1875088
1179 0.1459355
1180 0.6389394
1181 0.8161334
1182 0.02658359
1183 0.01426468
1184 0.03271551
1185 0.5962334
1186 0.6837624
1187 0.2190209
1188 0.4800713
1189 0.5622126
1190 0.5169309
1191 0.03371457
1192 0.7132163
1193 0.3467581
1194 0.3998143
1195 0.1360732
1196 0.1411633
1197 0.8390469
1198 0.566124
1199 0.4768355
1200 0.008860933
1201 0.483164
1202 0.0598348
1203 0.5964
1204 0.7405693
1205 0.03324206
1206 0.1009343
1207 0.0002137656
1208 0.4649786
1209 0.1326164
1210 0.8865667
1211 0.713872
1212 0.05433585
1213 0.04503531
1214 0.1031727
1215 0.143656
1216 0.3837258
1217 7.766626e-06
1218 0.004848746
1219 0.269172
1220 0.4015276
1221 0.5991911
1222 0.5444877
1223 0.08950386
1224 0.0006729462
1225 0.3442419
1226 0.02376716
1227 0.9772225
1228 0.1026865
1229 0.5017679
1230 0.02678787
1231 0.131909
1232 0.6594238
1233 0.4478762
1234 0.7227793
1235 0.5352476
1236 0.7170856
1237 0.7446151
1238 0.8594943
1239 0.4711779
1240 0.3684611
1241 0.2065072
1242 0.5996537
1243 0.8161844
1244 0.1860666
1245 0.1022688
1246 0.9912468
1247 0.0213949
1248 0.007225251
1249 0.6279348
1250 0.2359656
1251 0.09620056
1252 0.6864646
1253 0.8085308
1254 0.0204982
1255 0.1411219
1256 0.7475491
1257 0.6245433
1258 0.5637143
1259 0.1252916
1260 0.07948402
1261 0.2985953
1262 0.007221265
1263 0.6319993
1264 0.80835
1265 0.6664703
1266 0.3162489
1267 0.7992976
1268 0.772239
1269 0.03881762
1270 0.2579364
1271 0.1112623
1272 0.2730274
1273 0.163865
1274 0.03907289
1275 0.0008554678
1276 0.007029954
1277 0.03387982
1278 0.2281643
1279 0.2565968
1280 0.001619768
1281 0.09115194
1282 0.7952282
1283 0.01746101
1284 0.3755827
1285 0.03516763
1286 0.09014765
1287 0.09231242
1288 0.4924317
1289 0.2499414
1290 0.03617036
1291 0.4508652
1292 0.5493079
1293 0.2425557
1294 0.4603377
1295 0.07652636
1296 0.618393
1297 0.05466837
1298 0.006004234
1299 0.03544006
1300 0.2899279
1301 0.8845669
1302 0.164835
1303 0.05097084
1304 0.09063513
1305 0.9683862
1306 0.03893683
1307 0.8122955
1308 0.003630049
1309 0.4743624
1310 0.03061677
1311 0.6460305
1312 0.09719018
1313 0.6736546
1314 0.8286687
1315 0.9531929
1316 0.1420355
1317 0.772657
1318 0.4898473
1319 0.7253995
1320 0.8788301
1321 0.1508112
1322 0.1467774
1323 0.2725395
1324 0.49024
1325 0.01278675
1326 0.8056655
1327 0.4688796
1328 0.9377758
1329 0.4283399
1330 0.8500206
1331 0.4546823
1332 0.08645517
1333 0.7886704
1334 0.1806373
1335 0.4158698
1336 0.5110851
1337 0.6930604
1338 0.7130529
1339 0.1053917
1340 0.1687457
1341 0.02656214
1342 0.04313548
1343 0.1421775
1344 0.4597405
1345 0.01683222
1346 0.03645071
1347 0.2004494
1348 0.004526455
1349 0.3064497
1350 0.006862645
1351 0.9856229
1352 0.03758194
1353 0.1661469
1354 0.2491926
1355 0.3532961
1356 0.004533893
1357 0.1163277
1358 0.8985638
1359 0.2205056
1360 0.06959272
1361 0.5315087
1362 0.005991439
1363 0.8101705
1364 0.04641135
1365 0.005964318
1366 0.453078
1367 0.7757699
1368 0.8495476
1369 0.4694365
1370 0.3602448
1371 0.3063045
1372 0.4344419
1373 0.5213519
1374 0.3863245
1375 0.06080091
1376 0.9786829
1377 0.1487217
1378 0.6781853
1379 0.05573382
1380 0.9748832
1381 0.1411871
1382 0.4402509
1383 0.7647301
1384 0.09237733
1385 0.02383686
1386 0.004735312
1387 0.8853647
1388 0.1052299
1389 0.02877787
1390 0.2213191
1391 0.06857719
1392 0.06003175
1393 0.5086036
1394 0.0299973
1395 0.3596243
1396 0.690358
1397 0.7203009
1398 0.0333807
1399 0.2846743
1400 0.8096471
1401 0.3430003
1402 0.292929
1403 0.5424808
1404 0.1574298
1405 0.4741148
1406 0.01894292
1407 0.0004959341
1408 0.006216908
1409 0.0984044
1410 0.1371385
1411 0.1541603
1412 0.2744436
1413 0.05272249
1414 0.9870881
1415 0.1271888
1416 0.1666385
1417 0.1280503
1418 0.391878
1419 0.5531282
1420 0.7060618
1421 0.04914008
1422 0.1537519
1423 0.9540459
1424 0.5733596
1425 0.6394591
1426 0.4143607
1427 0.4884196
1428 0.004307556
1429 0.2146918
1430 0.05179053
1431 0.006671651
1432 0.007188141
1433 0.1426083
1434 0.1276162
1435 0.9555797
1436 0.02718721
1437 0.001367499
1438 0.004840982
1439 0.9255372
1440 0.1186416
1441 0.4332444
1442 0.858044
1443 0.7196265
1444 0.5895216
1445 0.8051199
1446 0.07322848
1447 0.2845149
1448 0.7842114
1449 0.0218208
1450 0.04946931
1451 0.04864274
1452 0.03514202
1453 0.2694417
1454 0.04460602
1455 0.1071563
1456 0.8837505
1457 0.06219284
1458 0.00714269
1459 0.3965574
1460 0.0103382
1461 0.08509454
1462 0.5133983
1463 0.9019973
1464 0.01092411
1465 0.08898699
1466 0.9753697
1467 0.2162312
1468 0.05207369
1469 0.2442758
1470 0.008990293
1471 0.2930038
1472 0.04506065
1473 0.1554216
1474 0.0006660481
1475 0.3510174
1476 0.7700273
1477 0.5710681
1478 0.1228236
1479 0.03761747
1480 0.4804898
1481 0.05098955
1482 0.01557365
1483 0.09851635
1484 0.008451866
1485 0.5276502
1486 0.429194
1487 0.6462543
1488 0.113795
1489 0.01183173
1490 0.9289145
1491 0.1739006
1492 0.6597295
1493 0.1661603
1494 0.9421961
1495 0.7659427
1496 0.08003556
1497 0.2937731
1498 0.03505545
1499 0.04537774
1500 0.003880229
1501 0.117547
1502 0.1206091
1503 0.007578028
1504 0.6775761
1505 0.5106905
1506 0.07107437
1507 0.6096321
1508 0.01611459
1509 0.3975438
1510 0.01784817
1511 0.0007018776
1512 0.3546219
1513 0.7777153
1514 0.1734456
1515 0.1198444
1516 0.3220214
1517 0.02192444
1518 0.7739976
1519 0.08351112
1520 0.0001249382
1521 0.02255375
1522 0.2098446
1523 0.002112632
1524 0.8815034
1525 0.9803739
1526 0.03459539
1527 0.03555713
1528 0.08582963
1529 0.002170423
1530 0.1016259
1531 0.7895282
1532 0.1731118
1533 0.06890536
1534 0.345944
1535 0.1757131
1536 0.008174973
1537 0.4121886
1538 0.1396233
1539 0.8388925
1540 0.01037789
1541 0.2442989
1542 0.4638501
1543 0.1970623
1544 0.4983781
1545 0.189205
1546 0.1610374
1547 0.01122542
1548 0.3550363
1549 0.4340227
1550 0.04532841
1551 0.4233984
1552 0.07970739
1553 0.05780026
1554 0.5296516
1555 0.5183119
1556 0.5998637
1557 0.01778283
1558 0.5366019
1559 0.7739829
1560 0.5281103
1561 0.1514782
1562 0.2505232
1563 0.1675573
1564 0.3234214
1565 0.1368592
1566 0.03072456
1567 0.6128524
1568 0.07844448
1569 0.202739
1570 0.09208084
1571 0.1746137
1572 0.0001519854
1573 0.3357342
1574 0.6430311
1575 0.03243461
1576 0.6677656
1577 0.007100334
1578 0.3155966
1579 0.6004412
1580 0.06645326
1581 0.8021953
1582 0.2146369
1583 0.531166
1584 0.001403796
1585 0.8161078
1586 0.06276131
1587 0.05173612
1588 0.02493633
1589 0.01137935
1590 0.02210062
1591 0.9661123
1592 0.6959859
1593 0.801826
1594 0.3231178
1595 0.01044608
1596 0.9992634
1597 0.01574853
1598 0.832035
1599 0.241171
1600 0.7509567
1601 0.3040242
1602 0.4056207
1603 0.9458481
1604 0.9667868
1605 0.5537342
1606 0.1407975
1607 0.004579512
1608 0.03728077
1609 0.5204438
1610 0.07363579
1611 0.8187901
1612 0.3123191
1613 0.1292531
1614 0.1313968
1615 0.5735217
1616 0.02176823
1617 0.3353953
1618 0.525925
1619 0.2345271
1620 0.7787396
1621 0.9720824
1622 0.08901783
1623 0.140175
1624 0.387157
1625 0.0565934
1626 0.1919233
1627 0.08810326
1628 0.8527053
1629 0.2298665
1630 0.08329321
1631 0.2362807
1632 0.5512071
1633 0.7494814
1634 0.9788944
1635 0.7509675
1636 0.09177456
1637 0.8113513
1638 0.07707783
1639 0.02039872
1640 0.248343
1641 0.4954928
1642 0.5100838
1643 0.1910957
1644 0.2312265
1645 0.0562035
1646 0.4464911
1647 0.1033665
1648 0.1326335
1649 0.8543602
1650 0.01243428
1651 0.06079892
1652 0.04597243
1653 0.2779016
1654 0.0528638
1655 0.7917367
1656 0.006851989
1657 0.107081
1658 0.08035611
1659 0.005706037
1660 0.00535763
1661 0.0007823949
1662 0.05706956
1663 0.8623685
1664 0.8821622
1665 0.1198222
1666 0.2078169
1667 0.173801
1668 0.8022903
1669 0.01846527
1670 0.8827544
1671 0.6569746
1672 0.2609
1673 0.4910995
1674 0.003651484
1675 0.2082376
1676 0.05815592
1677 0.6422612
1678 0.04429212
1679 0.7857362
1680 0.1547272
1681 0.000889989
1682 0.006695
1683 0.2572868
1684 0.07793215
1685 0.558299
1686 0.006759283
1687 0.007765355
1688 0.2022256
1689 0.2230083
1690 0.02602131
1691 0.1217825
1692 0.04037892
1693 0.1292949
1694 0.07195088
1695 0.4296972
1696 0.1252248
1697 0.02635141
1698 0.2700029
1699 0.8226509
1700 0.8223077
1701 0.008741563
1702 0.2657091
1703 0.09023188
1704 0.4056496
1705 0.9760035
1706 0.06825093
1707 0.002571625
1708 0.006614209
1709 0.4825886
1710 0.05992195
1711 0.6649894
1712 0.5754424
1713 0.04074992
1714 0.002156775
1715 0.1217162
1716 0.7195612
1717 0.002139799
1718 0.03149827
1719 0.1384934
1720 0.6991589
1721 0.9665314
1722 0.02559131
1723 0.779548
1724 0.913224
1725 0.07090771
1726 0.4228111
1727 0.009956213
1728 0.03026097
1729 0.8336605
1730 0.02806734
1731 0.9695249
1732 0.2037132
1733 0.03579992
1734 0.4438761
1735 0.02051111
1736 0.2733607
1737 0.004228821
1738 0.05762431
1739 0.5682435
1740 0.4154587
1741 0.4485946
1742 0.342603
1743 0.4417763
1744 0.1728483
1745 0.04839592
1746 0.6295531
1747 0.0776344
1748 0.3522535
1749 0.7848858
1750 0.08488854
1751 0.4364327
1752 0.4607681
1753 0.03669678
1754 0.01438499
1755 0.3447374
1756 0.4614651
1757 0.01530162
1758 0.6762564
1759 0.4394325
1760 0.6952461
1761 0.0144022
1762 0.7236067
1763 0.05743304
1764 0.9280911
1765 0.009874699
1766 0.9539375
1767 0.1056064
1768 0.876291
1769 0.5081617
1770 0.5542743
1771 0.006798771
1772 0.03673184
1773 0.4854185
1774 0.7173421
1775 0.1100091
1776 0.04701048
1777 0.006609341
1778 0.9445338
1779 0.005728942
1780 0.4518162
1781 0.7954065
1782 0.716122
1783 0.1593833
1784 0.0518039
1785 0.8473622
1786 0.02872955
1787 0.1823592
1788 0.05039934
1789 0.2271347
1790 0.06233383
1791 0.2243915
1792 0.03352613
1793 0.001757229
1794 0.09144809
1795 0.021816
1796 0.2820132
1797 0.5097986
1798 0.9528203
1799 0.9341864
1800 0.001290417
1801 0.227084
1802 0.1883848
1803 0.02512377
1804 0.03107341
1805 0.2227784
1806 0.05622986
1807 0.005726558
1808 0.6594767
1809 0.8674344
1810 0.3335049
1811 0.05266516
1812 0.2160317
1813 0.1588396
1814 0.06543587
1815 0.03741277
1816 0.7272709
1817 0.04546038
1818 0.4638045
1819 0.9994932
1820 0.8689306
1821 0.413631
1822 0.01287698
1823 0.02409236
1824 0.04220724
1825 0.9798698
1826 0.6786615
1827 0.9168874
1828 0.0747884
1829 0.05060114
1830 0.09117612
1831 0.001149127
1832 0.03789663
1833 0.3852282
1834 0.7866004
1835 0.001622822
1836 0.4661065
1837 0.05033467
1838 0.1901786
1839 0.3062392
1840 0.02329222
1841 0.3432189
1842 0.07103896
1843 0.6619271
1844 0.09551558
1845 0.1043021
1846 0.06316473
1847 0.1570173
1848 0.6577431
1849 0.8962911
1850 0.1763582
1851 0.2228214
1852 0.7122447
1853 0.9584226
1854 0.9136748
1855 0.3359234
1856 0.3213546
1857 0.198543
1858 0.04676418
1859 0.9722261
1860 0.4779169
1861 0.7654056
1862 0.03598978
1863 0.2606622
1864 0.03506836
1865 0.3091637
1866 0.002180975
1867 0.1062606
1868 0.9124434
1869 0.2280453
1870 0.6485968
1871 0.6739695
1872 0.1626604
1873 0.9898359
1874 0.01175427
1875 0.7571641
1876 0.280139
1877 0.1503966
1878 0.004163189
1879 0.007194993
1880 0.214259
1881 0.07475162
1882 0.1897436
1883 0.7810851
1884 0.5379008
1885 0.1232585
1886 0.8517665
1887 0.4293713
1888 0.2997329
1889 0.06115888
1890 0.3076977
1891 0.2770825
1892 0.03228406
1893 0.3117849
1894 0.3403305
1895 0.1526549
1896 0.2114673
1897 0.8989667
1898 0.133786
1899 0.5826479
1900 0.04394831
1901 0.005420941
1902 0.01347435
1903 0.5340938
1904 0.09849869
1905 0.496353
1906 0.625798
1907 0.2145709
1908 0.202611
1909 0.001675646
1910 0.9455232
1911 0.8762634
1912 0.5258435
1913 0.01023614
1914 0.06907026
1915 0.6842652
1916 0.6002404
1917 0.02856812
1918 0.06332375
1919 0.3022179
1920 0.7887837
1921 0.8426149
1922 0.5169291
1923 0.05882489
1924 0.9884209
1925 0.301791
1926 0.03488523
1927 0.1651077
1928 0.06627614
1929 0.2715804
1930 0.9195373
1931 0.06953644
1932 0.02074096
1933 0.9976164
1934 0.1137075
1935 0.4093102
1936 0.5077559
1937 0.02371713
1938 0.3841338
1939 0.1277695
1940 0.00101942
1941 0.4170359
1942 0.1603368
1943 0.2009114
1944 0.386444
1945 0.2400696
1946 0.144757
1947 0.03067092
1948 0.4991402
1949 0.8034986
1950 0.1750042
1951 0.0004546987
1952 0.0871291
1953 0.5006301
1954 0.892971
1955 0.01101935
1956 0.8302827
1957 0.1256354
1958 0.788522
1959 0.2342174
1960 0.09083218
1961 0.91513
1962 0.117781
1963 0.1172993
1964 0.2056553
1965 0.02406673
1966 0.01870284
1967 0.001714289
1968 0.04048209
1969 0.02272009
1970 0.09853422
1971 0.2538573
1972 0.03742578
1973 0.9790123
1974 0.926948
1975 0.04836989
1976 0.01924687
1977 0.3225813
1978 0.03694486
1979 0.03127765
1980 0.08051854
1981 0.1246732
1982 0.0019745
1983 0.2091606
1984 0.903657
1985 0.6780098
1986 0.03790807
1987 0.1550683
1988 0.07690796
1989 0.06791783
1990 0.6892127
1991 0.6580882
1992 0.5138939
1993 0.298817
1994 0.7523242
1995 0.5128514
1996 0.003385697
1997 0.4037897
1998 0.7582044
1999 0.6117308
2000 0.07608066
2001 0.06597291
2002 0.2378342
2003 0.8762015
2004 0.5967946
2005 0.3497495
2006 0.8005913
2007 0.2508579
2008 0.1433932
2009 0.402658
2010 0.08367773
2011 0.1149821
2012 0.001519399
2013 0.02428645
2014 0.6805148
2015 0.6955079
2016 0.5433878
2017 0.7129604
2018 0.6228845
2019 0.7022479
2020 0.2748277
2021 0.8756516
2022 0.8490266
2023 0.1724987
2024 0.05334636
2025 0.563703
2026 0.2404157
2027 0.06106287
2028 0.1068704
2029 0.5133906
2030 0.5751288
2031 0.298604
2032 0.06691291
2033 0.7082559
2034 0.04131704
2035 0.004101541
2036 0.7222951
2037 0.3138975
2038 0.9117974
2039 0.6329324
2040 0.267317
2041 0.8857231
2042 0.00404202
2043 0.03696837
2044 0.1251072
2045 0.05108709
2046 0.003077977
2047 0.4210593
2048 0.0224619
2049 0.05724127
2050 0.03998198
2051 0.2828146
2052 0.02792689
2053 0.7695149
2054 0.3587563
2055 0.1669202
2056 0.01653702
2057 0.1883213
2058 0.7245471
2059 0.01343646
2060 0.5048564
2061 0.08282281
2062 0.3650155
2063 0.2745538
2064 0.09158334
2065 0.01298452
2066 0.6427293
2067 0.6285324
2068 0.6433216
2069 0.6322277
2070 0.1310571
2071 0.6098667
2072 0.0007812924
2073 0.7150329
2074 0.3639913
2075 0.1983144
2076 0.172981
2077 0.6717945
2078 0.2681865
2079 0.1565241
2080 0.1653278
2081 0.06793955
2082 0.01214936
2083 0.0564414
2084 0.2766566
2085 0.4625005
2086 0.4543693
2087 0.004449006
2088 0.03460795
2089 0.05536913
2090 0.1702062
2091 0.5783292
2092 0.002671859
2093 0.2577392
2094 0.2413449
2095 0.2034297
2096 0.4960265
2097 0.4400296
2098 0.1841039
2099 0.00114706
2100 0.07910015
2101 0.273652
2102 0.4804864
2103 0.8828428
2104 0.4332302
2105 0.01827657
2106 0.6147521
2107 0.06118494
2108 0.008344424
2109 0.01338546
2110 0.01269776
2111 0.4375549
2112 0.1458612
2113 0.1265311
2114 0.4472582
2115 0.2811017
2116 0.1280923
2117 0.5278825
2118 0.7591321
2119 0.5004191
2120 0.03868111
2121 0.2284473
2122 0.07666057
2123 0.4734029
2124 0.2714891
2125 0.006218863
2126 0.340828
2127 0.0003502551
2128 0.3867287
2129 0.4633599
2130 0.1520362
2131 0.02468645
2132 0.01101568
2133 0.2673155
2134 0.4639339
2135 0.03724875
2136 0.02552687
2137 0.2757938
2138 0.7458533
2139 0.005766463
2140 0.7964401
2141 0.03561838
2142 0.2866892
2143 0.1043368
2144 0.2251375
2145 0.02108699
2146 0.0003946456
2147 0.6872175
2148 0.6135786
2149 0.2218332
2150 0.2834017
2151 0.1903412
2152 0.5554533
2153 0.3521746
2154 0.05075094
2155 0.8530123
2156 0.1374091
2157 0.05696956
2158 0.2188736
2159 0.5833229
2160 0.08682963
2161 0.2604354
2162 0.8861313
2163 0.06550958
2164 0.06200637
2165 0.3743354
2166 0.1370695
2167 0.6147741
2168 0.5513488
2169 0.2732548
2170 0.9009243
2171 0.1738048
2172 0.001819948
2173 0.159594
2174 0.01797582
2175 0.908407
2176 0.0152513
2177 0.6408994
2178 0.9131497
2179 0.3598029
2180 0.05425915
2181 0.5219624
2182 0.002197663
2183 0.4621275
2184 0.3758617
2185 0.3263579
2186 0.7560693
2187 0.1586804
2188 0.03456527
2189 0.8504363
2190 0.01142704
2191 0.0676608
2192 0.1553481
2193 0.000929261
2194 0.227941
2195 0.2984126
2196 0.04601059
2197 0.3660033
2198 0.09854816
2199 0.5811733
2200 0.6466297
2201 0.4882436
2202 0.01574698
2203 0.02116406
2204 0.001555346
2205 0.01599486
2206 0.02713913
2207 0.2345374
2208 0.4036657
2209 0.2871724
2210 0.3423298
2211 0.3805989
2212 0.9623458
2213 0.3047018
2214 0.3191363
2215 0.0008761084
2216 0.1134513
2217 0.7703087
2218 0.906712
2219 0.7566593
2220 0.0269161
2221 0.1308035
2222 0.3872298
2223 0.6321071
2224 0.4264212
2225 0.1961677
2226 0.0254621
2227 0.0187051
2228 0.1769073
2229 0.7978929
2230 0.004127155
2231 0.09708517
2232 0.983478
2233 0.6369336
2234 0.02879871
2235 0.04741058
2236 0.0009721335
2237 0.6364468
2238 0.03043415
2239 0.2182066
2240 0.008358578
2241 0.01160817
2242 0.4951804
2243 0.08870052
2244 0.976249
2245 0.1806393
2246 0.01331062
2247 0.02854365
2248 0.1231128
2249 0.968801
2250 0.07215234
2251 0.01110952
2252 0.2313257
2253 0.04966313
2254 0.8691588
2255 0.7080039
2256 0.09842016
2257 0.06082146
2258 8.788363e-05
2259 0.279464
2260 0.07998806
2261 0.1332658
2262 0.2299876
2263 0.3427936
2264 0.07315264
2265 0.001357432
2266 0.192712
2267 0.9851687
2268 0.02030879
2269 0.005707505
2270 0.3087502
2271 0.6194619
2272 0.2917979
2273 0.001241069
2274 0.236377
2275 0.298241
2276 0.8765196
2277 0.2370893
2278 0.2850617
2279 0.5349589
2280 0.0836165
2281 0.419765
2282 0.532443
2283 0.06263592
2284 0.3978049
2285 0.4308784
2286 0.01733724
2287 0.2094573
2288 0.02072098
2289 0.06084612
2290 0.01286881
2291 0.6086172
2292 0.5606639
2293 0.4118501
2294 0.238797
2295 0.3977274
2296 0.7442223
2297 0.4428137
2298 0.2684791
2299 0.06545946
2300 0.05247128
2301 0.3797266
2302 0.2879418
2303 0.4330804
2304 0.3790839
2305 0.2967799
2306 0.5924962
2307 0.9333689
2308 0.6176164
2309 0.006219147
2310 0.7648644
2311 0.5197971
2312 0.4977883
2313 0.838382
2314 0.09741682
2315 0.6824311
2316 0.4160469
2317 0.1048682
2318 0.0694413
2319 0.7965557
2320 0.0741705
2321 0.9216253
2322 0.04966336
2323 0.8860934
2324 0.06816899
2325 0.02269251
2326 0.506113
2327 0.06861127
2328 0.1240727
2329 0.005324504
2330 0.001028399
2331 0.7628448
2332 0.3793428
2333 0.5945585
2334 0.2500176
2335 0.07743515
2336 0.4538081
2337 0.7164994
2338 0.6570297
2339 0.1604107
2340 0.07201379
2341 0.2328925
2342 0.1541239
2343 0.08160178
2344 0.1858622
2345 0.2703389
2346 0.847062
2347 0.4762994
2348 0.1654167
2349 0.4025435
2350 0.001086911
2351 0.7266917
2352 0.4090671
2353 0.08308203
2354 0.1042369
2355 0.3173585
2356 0.03134794
2357 0.8828173
2358 0.008848357
2359 0.00409329
2360 0.7695786
2361 0.9808474
2362 0.09406943
2363 0.07504616
2364 0.3621628
2365 0.8806648
2366 0.4598205
2367 0.03673645
2368 0.06174957
2369 0.0006660029
2370 0.2001599
2371 0.119049
2372 0.8147033
2373 0.05749121
2374 0.9530917
2375 0.4782861
2376 0.001356142
2377 0.4403165
2378 0.6615377
2379 0.1108204
2380 0.5202449
2381 0.7207724
2382 0.5943562
2383 0.154109
2384 0.07651343
2385 0.7770602
2386 0.6418946
2387 0.6946579
2388 0.005399701
2389 0.4414587
2390 0.3286702
2391 0.02957871
2392 0.007124155
2393 0.3379926
2394 0.9219113
2395 0.01695341
2396 0.6714199
2397 0.002878091
2398 0.5250449
2399 0.08572792
2400 0.1833724
2401 0.07129207
2402 0.5707871
2403 0.009530897
2404 0.8496514
2405 0.5758814
2406 0.3767177
2407 0.003166363
2408 0.4806153
2409 0.6812636
2410 0.0948494
2411 0.04970208
2412 0.2167497
2413 0.2016439
2414 0.6860939
2415 0.001664479
2416 0.1491844
2417 0.4548084
2418 0.707907
2419 0.02416092
2420 0.0437133
2421 0.8161611
2422 0.2532829
2423 0.329268
2424 0.4294531
2425 0.6968983
2426 0.09150016
2427 0.05074816
2428 0.6495341
2429 0.929998
2430 0.024846
2431 0.1540732
2432 0.3040287
2433 0.8467716
2434 0.9079307
2435 0.02553206
2436 0.4259415
2437 0.06638643
2438 0.09112885
2439 0.1082737
2440 0.6963509
2441 0.0004318555
2442 0.5639856
2443 0.4934607
2444 0.4272907
2445 0.01789753
2446 0.07158767
2447 0.007905227
2448 0.1575197
2449 0.01738971
2450 0.3134768
2451 0.1005437
2452 0.2158113
2453 0.02856115
2454 0.6841417
2455 0.1604856
2456 0.3514251
2457 0.1353273
2458 0.8700475
2459 0.01404101
2460 0.3952983
2461 0.1949396
2462 0.669274
2463 0.428583
2464 0.458019
2465 0.8738441
2466 0.4484091
2467 0.03199385
2468 0.7243617
2469 0.005033126
2470 0.3720463
2471 0.5992026
2472 0.700046
2473 0.1596508
2474 0.4085199
2475 0.5868025
2476 0.182306
2477 0.1195301
2478 0.03660649
2479 0.6534961
2480 0.6900924
2481 0.5933609
2482 0.06827828
2483 0.1401543
2484 0.04443811
2485 0.03142077
2486 0.05316601
2487 0.240723
2488 0.8978748
2489 0.9784919
2490 0.08692533
2491 0.2162379
2492 0.6374298
2493 0.6388143
2494 0.2951582
2495 0.3759564
2496 0.085259
2497 0.0102298
2498 0.09295192
2499 0.06308643
2500 0.02378604
2501 0.6583745
2502 0.8899721
2503 0.1361485
2504 0.2575425
2505 0.0474772
2506 0.009983947
2507 0.962601
2508 0.586968
2509 0.5327341
2510 0.004159876
2511 0.9721775
2512 0.01665193
2513 0.7150032
2514 0.2370091
2515 0.304663
2516 0.1398259
2517 0.05521645
2518 0.4323511
2519 0.7417525
2520 0.2285155
2521 0.3774019
2522 0.6090989
2523 0.03683817
2524 0.000476188
2525 0.7103604
2526 0.004199516
2527 0.2557566
2528 0.0007158204
2529 0.2937284
2530 0.2112022
2531 0.07615284
2532 0.003298994
2533 0.2334597
2534 0.01777752
2535 0.5835692
2536 0.2009254
2537 0.2110358
2538 0.4284223
2539 0.03532542
2540 0.006396456
2541 0.08126204
2542 0.6666711
2543 0.4315081
2544 0.04802798
2545 0.1162245
2546 0.02237853
2547 0.2844777
2548 0.1560537
2549 0.3997932
2550 0.133732
2551 0.1166672
2552 0.8786148
2553 0.1038243
2554 0.06752534
2555 0.9603468
2556 0.5214238
2557 0.3293049
2558 0.4107707
2559 0.5772527
2560 0.3177963
2561 0.4388152
2562 0.1767898
2563 0.3924532
2564 0.1112357
2565 0.04559907
2566 0.4722786
2567 0.04021953
2568 0.08229763
2569 0.02341759
2570 0.09010325
2571 0.6313391
2572 0.8958331
2573 0.1222495
2574 0.7068308
2575 0.1513386
2576 0.2381199
2577 0.8815848
2578 0.002669199
2579 0.3328506
2580 0.07744746
2581 0.1255395
2582 0.02971364
2583 0.4930295
2584 0.5403354
2585 0.8807605
2586 0.0404564
2587 0.1589084
2588 0.8570557
2589 0.8327922
2590 0.7315462
2591 0.08885768
2592 0.1187155
2593 0.2456321
2594 0.10744
2595 0.3799364
2596 0.09493203
2597 0.7715204
2598 0.02138275
2599 0.00493766
2600 0.8190496
2601 0.2726711
2602 0.2475468
2603 0.3177799
2604 0.4444686
2605 0.5718543
2606 0.2344283
2607 0.193392
2608 0.7855733
2609 0.1691006
2610 0.08574847
2611 0.399428
2612 0.4535141
2613 0.2983658
2614 0.8816746
2615 0.3351628
2616 0.188904
2617 0.8548915
2618 0.1321343
2619 0.01031528
2620 0.9349067
2621 0.8172694
2622 0.2083642
2623 0.06023772
2624 0.4693794
2625 0.04405218
2626 0.0008813686
2627 0.01493995
2628 0.3170069
2629 0.1227682
2630 0.02732413
2631 0.2244445
2632 0.6095793
2633 0.6097341
2634 0.1338461
2635 0.828958
2636 0.03144581
2637 0.06101155
2638 0.8418965
2639 0.5737695
2640 0.216526
2641 0.1443514
2642 0.7493992
2643 0.06400531
2644 0.5858533
2645 0.7190652
2646 0.1456858
2647 0.3276237
2648 0.8090299
2649 0.9917847
2650 0.3554908
2651 0.3760887
2652 0.1332013
2653 0.1355264
2654 0.8212082
2655 0.7713528
2656 0.1406416
2657 0.4832952
2658 0.3455435
2659 0.00401645
2660 0.2424562
2661 0.2639141
2662 0.4179112
2663 0.08549145
2664 0.008828896
2665 0.02256705
2666 0.02340041
2667 0.6982076
2668 0.5923722
2669 0.4400241
2670 0.3221889
2671 0.02928647
2672 0.5813931
2673 0.4728265
2674 0.06547015
2675 0.003195148
2676 0.5014624
2677 0.1650175
2678 0.2293881
2679 0.3081537
2680 0.008598309
2681 0.5966256
2682 0.5459306
2683 0.4805468
2684 0.9286036
2685 0.03056941
2686 0.02342196
2687 0.323762
2688 0.4776235
2689 0.1237836
2690 0.3241133
2691 0.03546637
2692 0.8932928
2693 0.05170272
2694 0.002963569
2695 0.9573843
2696 0.1680038
2697 0.3159453
2698 0.2329102
2699 0.9639213
2700 0.9991672
2701 0.5534233
2702 0.957256
2703 0.2674612
2704 0.3538608
2705 0.5506489
2706 0.1281931
2707 0.1172391
2708 0.1000787
2709 0.3968468
2710 0.1315725
2711 0.03719964
2712 0.04975115
2713 0.4177488
2714 0.155323
2715 0.3431256
2716 0.8732353
2717 0.05265822
2718 0.1246811
2719 0.2453754
2720 0.3546774
2721 0.1113705
2722 0.1428767
2723 0.05374159
2724 0.02264252
2725 0.998682
2726 0.02562045
2727 0.04993715
2728 0.6469382
2729 0.6020891
2730 0.8192926
2731 0.03048492
2732 0.3331051
2733 0.283596
2734 0.04475099
2735 0.008765339
2736 0.3279714
2737 0.6536028
2738 0.7102579
2739 0.8207374
2740 0.2274395
2741 0.1009292
2742 0.09535221
2743 0.03935612
2744 0.1001168
2745 0.07765843
2746 0.1570258
2747 0.0335688
2748 0.7050822
2749 0.05205861
2750 0.1145808
2751 0.012836
2752 0.095044
2753 0.5060995
2754 0.8338871
2755 0.9546664
2756 0.00893469
2757 0.004991016
2758 0.214189
2759 0.2345294
2760 0.03813172
2761 0.01586846
2762 0.6331707
2763 0.7917865
2764 0.3229108
2765 0.04408087
2766 0.3359032
2767 0.3616509
2768 0.2340204
2769 0.2248713
2770 0.316972
2771 0.00170372
2772 0.06770306
2773 0.1634161
2774 0.8711387
2775 0.5108974
2776 0.2433969
2777 0.1083903
2778 0.5814931
2779 0.06665992
2780 0.1171263
2781 0.08947953
2782 0.296772
2783 0.9897741
2784 0.02223263
2785 0.3122657
2786 0.002178528
2787 0.2640946
2788 0.7732046
2789 0.1838011
2790 0.01017456
2791 0.4907075
2792 0.08958522
2793 0.001098177
2794 0.04962082
2795 0.5720301
2796 0.5275203
2797 0.3701928
2798 0.05006163
2799 0.3005344
2800 0.05768828
2801 0.3884487
2802 0.02056925
2803 0.3808845
2804 0.003446478
2805 0.2571018
2806 0.07408027
2807 0.009219433
2808 0.049597
2809 0.001387747
2810 0.093014
2811 0.1016301
2812 0.02618172
2813 0.02949885
2814 0.5511357
2815 0.4120239
2816 0.03488755
2817 0.743987
2818 0.03172324
2819 0.3457615
2820 0.3077288
2821 0.9921311
2822 0.06096878
2823 0.08235474
2824 0.1834694
2825 0.1911585
2826 0.4515358
2827 0.9832153
2828 0.01864399
2829 0.02615396
2830 0.01729854
2831 0.08208491
2832 0.110515
2833 0.3938268
2834 0.03138706
2835 0.3672149
2836 0.1444608
2837 0.02749625
2838 0.02697895
2839 0.03133624
2840 0.5821671
2841 0.003430076
2842 0.4318307
2843 0.4142611
2844 0.711729
2845 0.1636139
2846 0.6016741
2847 0.005420941
2848 0.001515887
2849 0.8360563
2850 0.7720223
2851 0.1070976
2852 0.5224401
2853 0.1549238
2854 0.1701849
2855 0.0743388
2856 0.003846888
2857 0.00160346
2858 0.468595
2859 0.8756901
2860 0.002701658
2861 0.01061386
2862 0.124247
2863 0.2655054
2864 0.1433599
2865 0.01994978
2866 0.00209351
2867 0.0176254
2868 0.01184799
2869 0.4304891
2870 0.02293399
2871 0.06203559
2872 0.5259439
2873 0.9172097
2874 0.04481166
2875 0.02447784
2876 0.1293816
2877 0.08343037
2878 0.02654614
2879 0.6001131
2880 0.4137807
2881 0.1224564
2882 0.07301249
2883 0.5544206
2884 0.2737553
2885 0.4608241
2886 0.006618487
2887 0.9436647
2888 0.269258
2889 0.1840181
2890 0.4145384
2891 0.2547846
2892 0.0457671
2893 0.3085149
2894 0.4988327
2895 0.002164219
2896 0.6074223
2897 0.7879633
2898 0.004958118
2899 0.1629142
2900 0.4559939
2901 0.486461
2902 0.09529347
2903 0.07982552
2904 0.1784193
2905 0.06461229
2906 0.2585402
2907 0.05981735
2908 0.4613321
2909 0.3558288
2910 0.4976701
2911 0.09309683
2912 0.002961658
2913 0.3402218
2914 0.01275776
2915 0.1234965
2916 0.8831824
2917 0.002036611
2918 0.9639441
2919 0.9322177
2920 0.04665562
2921 0.3185309
2922 0.2105236
2923 0.1178595
2924 0.0269976
2925 0.08872364
2926 0.08810257
2927 0.02182828
2928 0.09902335
2929 0.2720431
2930 0.1525876
2931 0.5334117
2932 0.2445822
2933 0.2326667
2934 0.05698038
2935 0.4576385
2936 0.5304169
2937 0.4533304
2938 0.2010378
2939 0.7880839
2940 0.9507023
2941 0.06709606
2942 0.5383313
2943 0.4078781
2944 0.6894903
2945 0.8940307
2946 0.05200955
2947 0.5526886
2948 0.2894294
2949 0.3661449
2950 0.01458597
2951 0.3247482
2952 0.01861193
2953 0.003080955
2954 0.06533309
2955 0.002664208
2956 0.6029781
2957 0.3539895
2958 0.002799275
2959 0.9999916
2960 0.004318541
2961 0.997978
2962 0.2009803
2963 0.07710648
2964 0.9248562
2965 0.01426249
2966 0.03800564
2967 0.2351861
2968 0.1564763
2969 0.007419679
2970 0.7286372
2971 0.7772475
2972 0.4919433
2973 0.487468
2974 0.7947931
2975 0.125851
2976 0.2344532
2977 0.1383423
2978 0.7764762
2979 0.5087491
2980 0.02724036
2981 0.4531908
2982 0.2211551
2983 0.7295258
2984 0.9119214
2985 0.06820328
2986 0.02351599
2987 0.9111197
2988 0.3314746
2989 0.002181047
2990 0.5152883
2991 0.2556016
2992 0.04690382
2993 0.08985796
2994 0.04822948
2995 0.1314763
2996 0.1738821
2997 0.9909226
2998 0.2983951
2999 0.04271655
3000 0.03956655
3001 0.002982704
3002 0.002439139
3003 0.02079399
3004 0.1520494
3005 0.4635178
3006 0.02994825
3007 0.1374219
3008 0.02232442
3009 0.2349171
3010 0.7314712
3011 0.4354966
3012 0.05682578
3013 0.5191925
3014 0.03665356
3015 0.9861846
3016 0.1604114
3017 0.04391972
3018 0.4580454
3019 0.3463481
3020 0.1976637
3021 0.3797439
3022 0.019913
3023 0.5705197
3024 0.03935417
3025 0.5003452
3026 0.07558252
3027 0.03484959
3028 0.1717328
3029 0.3354654
3030 0.4016136
3031 0.02931388
3032 0.9751779
3033 0.6903316
3034 0.8458576
3035 0.002278838
3036 0.4783805
3037 0.02944494
3038 0.008379483
3039 0.5380088
3040 0.4271296
3041 0.7490083
3042 0.7293898
3043 0.4443709
3044 0.3037301
3045 0.2168524
3046 0.1278682
3047 0.1215019
3048 0.02099214
3049 0.7321444
3050 0.01907296
3051 0.01815973
3052 0.2050603
3053 0.5769473
3054 0.001201435
3055 0.3642181
3056 0.3796224
3057 0.9625007
3058 0.4339417
3059 0.001431696
3060 0.5686659
3061 0.01994776
3062 0.005708737
3063 0.172548
3064 0.3589694
3065 0.4807247
3066 0.922721
3067 0.6172438
3068 0.7860908
3069 0.0460866
3070 0.05824816
3071 0.04786165
3072 0.5260573
3073 0.1164762
3074 0.3842652
3075 0.166489
3076 0.2376837
3077 0.0356274
3078 0.4208658
3079 0.3619569
3080 0.2944005
3081 0.1475651
3082 0.6213676
3083 0.03111337
3084 0.6789638
3085 0.4936956
3086 0.2782195
3087 0.3764465
3088 0.2390003
3089 0.1080476
3090 0.811696
3091 0.55799
3092 0.105713
3093 0.840929
3094 0.1471111
3095 0.05679263
3096 0.3459376
3097 0.2478456
3098 0.1071831
3099 0.2056754
3100 0.3829068
3101 0.0001340065
3102 0.892535
3103 0.7261031
3104 0.1565093
3105 0.02092831
3106 0.1247365
3107 0.2605572
3108 0.6305788
3109 0.8017277
3110 0.7218995
3111 0.4474623
3112 0.9694719
3113 0.334753
3114 0.02500973
3115 0.5221365
3116 0.426042
3117 0.7661847
3118 0.4432345
3119 0.08820205
3120 0.3845951
3121 0.3594275
3122 0.1355597
3123 0.4308001
3124 0.7912993
3125 0.5531211
3126 0.0492549
3127 0.02533845
3128 0.04479762
3129 0.2231789
3130 0.488331
3131 0.1406306
3132 0.1001796
3133 0.1163856
3134 0.01545191
3135 0.1704938
3136 0.4767495
3137 0.04959747
3138 0.2244641
3139 0.2061962
3140 0.2632942
3141 0.01963482
3142 0.04064808
3143 0.4661529
3144 0.1191798
3145 0.4263987
3146 0.2062593
3147 0.5839741
3148 0.7829354
3149 0.0003292711
3150 0.06991985
3151 0.2451396
3152 0.5752554
3153 0.5567046
3154 0.06062756
3155 0.3233911
3156 0.2410334
3157 0.09088476
3158 0.03637079
3159 0.01063856
3160 0.2072895
3161 0.04201664
3162 0.910924
3163 0.03018247
3164 0.1682131
3165 0.7983768
3166 0.3116709
3167 0.2403822
3168 0.2876703
3169 0.3019663
3170 0.7954523
3171 0.1678911
3172 0.02504602
3173 0.8669069
3174 0.1999978
3175 0.05582251
3176 0.2625532
3177 0.3181464
3178 0.7193787
3179 0.01115578
3180 0.2122714
3181 0.1081088
3182 0.3230832
3183 0.6803805
3184 0.00717103
3185 0.01911461
3186 0.06202439
3187 0.4454679
3188 0.167776
3189 0.4729193
3190 0.361909
3191 0.1765212
3192 0.155944
3193 0.2463005
3194 0.06420874
3195 0.3016279
3196 0.6297713
3197 0.004918977
3198 0.0004139358
3199 0.2155186
3200 0.0525214
3201 0.6004946
3202 0.4739552
3203 0.4985474
3204 0.0007557818
3205 0.1660125
3206 0.3801147
3207 0.9003226
3208 0.3471869
3209 0.05588803
3210 0.6262645
3211 0.2923378
3212 0.9055988
3213 0.7248609
3214 0.1510074
3215 0.9042523
3216 0.05219839
3217 0.002412849
3218 0.003511109
3219 0.08936435
3220 0.0001881775
3221 0.0286933
3222 0.6868743
3223 0.5388792
3224 0.3681765
3225 0.5774586
3226 0.1694097
3227 0.1413512
3228 0.1846154
3229 0.2573671
3230 0.002889364
3231 0.8558085
3232 0.0410971
3233 0.04272539
3234 0.1537312
3235 0.6527954
3236 0.4454986
3237 0.4983569
3238 0.4566281
3239 0.09005625
3240 0.09794459
3241 0.09586191
3242 0.6225855
3243 0.04127966
3244 0.04463335
3245 0.3706803
3246 0.3492123
3247 0.2900486
3248 0.07473987
3249 0.4268449
3250 0.7015408
3251 0.2244832
3252 0.09082676
3253 0.4590936
3254 6.641909e-05
3255 0.04482535
3256 0.4011184
3257 0.7875821
3258 0.3583638
3259 0.6265559
3260 0.3258768
3261 0.007717309
3262 0.1958154
3263 0.8793992
3264 0.04876187
3265 0.01442009
3266 0.2690247
3267 0.9058979
3268 0.6083569
3269 0.6177412
3270 0.4217743
3271 0.2339538
3272 0.2104052
3273 0.1586705
3274 0.1429505
3275 0.03942085
3276 0.09861146
3277 0.01920066
3278 0.1001078
3279 0.4660004
3280 0.9708385
3281 0.02353055
3282 0.6714362
3283 0.3845931
3284 0.01056437
3285 0.1131744
3286 0.6451198
3287 0.8046855
3288 0.5052319
3289 0.02199021
3290 0.05738106
3291 0.7181651
3292 0.4282667
3293 0.0244368
3294 0.02862035
3295 0.7217788
3296 0.01674108
3297 0.536961
3298 0.4356241
3299 0.01521207
3300 0.02843722
3301 0.2401096
3302 0.06094475
3303 0.1941782
3304 0.151272
3305 0.004503244
3306 0.02522938
3307 0.4850955
3308 0.5187393
3309 0.131152
3310 0.09801163
3311 0.5475199
3312 0.2903298
3313 0.5940919
3314 0.1178923
3315 0.3540713
3316 0.6133723
3317 0.07304458
3318 0.1265296
3319 0.987942
3320 0.9402372
3321 0.5527821
3322 0.03306421
3323 0.2151925
3324 0.4674532
3325 0.02317699
3326 0.2163862
3327 0.5069435
3328 0.06176188
3329 0.06448446
3330 0.05780815
3331 0.9036014
3332 0.7648467
3333 0.07927269
3334 0.02222693
3335 0.71225
3336 0.4560371
3337 0.5407645
3338 0.4680362
3339 0.00160628
3340 0.04601565
3341 0.04787093
3342 0.7031828
3343 0.3903725
3344 0.2464381
3345 0.8758126
3346 0.09541185
3347 0.03523239
3348 0.1369197
3349 0.09740991
3350 0.002945689
3351 0.5013478
3352 0.1285804
3353 0.2871395
3354 0.08836412
3355 0.009805895
3356 0.08129578
3357 0.5266995
3358 0.1437828
3359 0.2002469
3360 0.3349782
3361 0.6147749
3362 0.3558461
3363 0.0421719
3364 0.331733
3365 0.02867511
3366 0.4110073
3367 0.02133645
3368 0.9060578
3369 0.03426997
3370 0.2386238
3371 0.6807332
3372 0.1999662
3373 0.07947496
3374 0.6391874
3375 0.321918
3376 0.6462878
3377 0.05567691
3378 0.03992976
3379 0.002592945
3380 0.2732377
3381 0.04135062
3382 0.0505829
3383 0.199812
3384 0.2869018
3385 0.03559646
3386 0.02987189
3387 0.004603536
3388 0.3853346
3389 0.6687357
3390 0.2709706
3391 0.2330049
3392 0.1122225
3393 0.4439088
3394 0.004605888
3395 0.2184751
3396 0.0001830289
3397 0.05712252
3398 0.2651271
3399 0.3852072
3400 0.6277361
3401 0.04919145
3402 0.02641562
3403 0.8304764
3404 0.5674123
3405 0.1321486
3406 0.07291714
3407 0.05073484
3408 0.442509
3409 0.7420417
3410 0.05003061
3411 0.8411856
3412 0.2587052
3413 0.8512161
3414 0.2467415
3415 0.02350955
3416 0.08969324
3417 0.7450112
3418 0.009157401
3419 0.7958414
3420 0.2681738
3421 0.1376735
3422 0.9803728
3423 0.05987846
3424 0.9495015
3425 0.001668283
3426 0.5726
3427 0.03080093
3428 0.2500151
3429 0.07868758
3430 0.5120227
3431 0.02476026
3432 0.02124467
3433 0.03450084
3434 0.8047237
3435 0.5408023
3436 0.06472927
3437 0.08993011
3438 0.03109664
3439 0.753267
3440 0.517607
3441 0.2881167
3442 0.7512108
3443 0.1114806
3444 0.2324785
3445 0.1374584
3446 0.2415137
3447 0.5291504
3448 0.6560564
3449 0.1448808
3450 0.07308975
3451 0.08212667
3452 0.01191185
3453 0.2583619
3454 0.03823501
3455 0.9578233
3456 0.003762052
3457 0.4981239
3458 0.4964175
3459 0.1940908
3460 0.006742865
3461 0.4581585
3462 0.01564264
3463 0.5901294
3464 0.6360993
3465 0.786649
3466 0.02358526
3467 0.1299577
3468 0.8118125
3469 0.02096589
3470 0.0007139248
3471 0.05474544
3472 0.9412219
3473 0.3932556
3474 0.7334805
3475 0.1126609
3476 0.004706972
3477 0.06130867
3478 0.3984581
3479 0.0942018
3480 0.08358446
3481 0.5453788
3482 0.08079954
3483 0.3880498
3484 0.969223
3485 0.7963083
3486 0.9613469
3487 0.0002825982
3488 0.09723364
3489 0.007871737
3490 0.5624511
3491 0.5515333
3492 0.01095599
3493 0.004496351
3494 0.003972131
3495 0.06426508
3496 0.9650767
3497 0.205817
3498 0.5730596
3499 0.07372414
3500 0.7984963
3501 0.1310578
3502 0.3133371
3503 0.9537011
3504 0.2785214
3505 0.06949626
3506 0.006772673
3507 0.6983789
3508 0.9865345
3509 0.03147386
3510 0.1683202
3511 0.07472129
3512 0.4415566
3513 0.361298
3514 0.7179969
3515 0.1112726
3516 0.0794058
3517 0.1890884
3518 0.6331337
3519 0.5979254
3520 0.09757975
3521 0.07238266
3522 0.04081139
3523 0.2985374
3524 0.02059633
3525 0.1923148
3526 0.8247186
3527 0.06315454
3528 0.003990274
3529 0.05681462
3530 0.8870618
3531 0.1504086
3532 0.5352315
3533 0.08664013
3534 0.00841202
3535 0.03221645
3536 0.1830068
3537 0.9454792
3538 0.4139152
3539 0.01376505
3540 0.08801299
3541 0.09509689
3542 0.001023129
3543 0.8335191
3544 0.02109139
3545 0.5825288
3546 0.01103686
3547 0.8639191
3548 0.5340051
3549 0.03062734
3550 0.6547925
3551 0.05706399
3552 0.04831671
3553 0.4591426
3554 0.7533851
3555 0.3814162
3556 0.1579695
3557 0.04082743
3558 0.2774586
3559 0.08567952
3560 0.7445642
3561 0.6837927
3562 0.01715692
3563 0.8163571
3564 0.6974693
3565 0.6071665
3566 0.446505
3567 0.1215488
3568 0.4800091
3569 0.5750737
3570 0.4910251
3571 0.8885644
3572 0.1344422
3573 0.993944
3574 0.9316727
3575 0.3306168
3576 0.6119062
3577 0.006098977
3578 0.004082049
3579 0.003715884
3580 0.9397214
3581 0.2970371
3582 0.1380029
3583 0.1607358
3584 0.982619
3585 0.8541402
3586 0.3443337
3587 0.5122457
3588 0.03854989
3589 0.5133958
3590 0.07671617
3591 0.5115601
3592 0.5483964
3593 0.3933951
3594 0.07700244
3595 0.07624578
3596 0.02923952
3597 0.7341157
3598 0.002728166
3599 0.002789896
3600 0.04989467
3601 0.001661713
3602 0.04447032
3603 0.9319296
3604 0.944041
3605 0.1969359
3606 0.1284226
3607 0.7557227
3608 0.4027262
3609 0.08501612
3610 0.7392041
3611 0.5151053
3612 0.1604145
3613 0.6233636
3614 0.3445721
3615 0.9990019
3616 0.4739886
3617 0.09190939
3618 0.005078461
3619 0.6333929
3620 0.2931712
3621 0.279867
3622 0.3411411
3623 0.04127416
3624 0.9343993
3625 0.2254916
3626 0.0006401665
3627 0.1517026
3628 0.05027455
3629 0.001283997
3630 0.6704414
3631 0.08145925
3632 0.001256543
3633 0.3737496
3634 0.01289229
3635 0.1167924
3636 0.8252964
3637 0.3204236
3638 0.07474492
3639 0.02771508
3640 0.5507344
3641 0.2821663
3642 0.1481833
3643 0.009750622
3644 0.05955038
3645 0.2029481
3646 0.9350099
3647 0.08006214
3648 0.0003658801
3649 0.05713119
3650 0.01626307
3651 0.1144215
3652 0.5669511
3653 0.0002663942
3654 0.769574
3655 0.4407197
3656 0.03429923
3657 0.04382439
3658 0.0004654121
3659 0.003851388
3660 0.4821404
3661 0.04688951
3662 0.1754554
3663 0.0509319
3664 0.5561976
3665 0.5690447
3666 0.05634554
3667 0.5152501
3668 0.7602372
3669 0.3130125
3670 0.1748211
3671 0.4661426
3672 0.8838773
3673 0.1014044
3674 0.1558424
3675 0.7945875
3676 0.6775554
3677 0.03036424
3678 0.255586
3679 0.355933
3680 0.5195138
3681 0.002137342
3682 0.007057627
3683 0.8592112
3684 0.7329175
3685 0.02951787
3686 0.9027063
3687 0.9962376
3688 0.03437681
3689 0.325855
3690 0.7067138
3691 0.1464262
3692 0.01833453
3693 0.8115102
3694 0.573325
3695 0.7374773
3696 0.1014404
3697 0.3886362
3698 0.004398148
3699 0.04795252
3700 0.5867472
3701 0.357197
3702 0.5055339
3703 0.4064025
3704 0.08549754
3705 0.002491704
3706 0.1833383
3707 0.9780902
3708 0.9772207
3709 0.0288528
3710 0.1047369
3711 0.2489949
3712 0.7497832
3713 0.07668038
3714 0.4412055
3715 0.2021178
3716 0.8113779
3717 0.5665433
3718 0.279539
3719 0.2926734
3720 0.0746078
3721 0.6157759
3722 0.6196243
3723 0.8552465
3724 0.3298652
3725 0.4529827
3726 0.3898753
3727 0.8734812
3728 0.9440083
3729 0.4504959
3730 0.02226024
3731 0.174149
3732 0.1034856
3733 0.09468174
3734 0.5387125
3735 0.01740423
3736 0.1839007
3737 0.4181654
3738 0.1734089
3739 0.181159
3740 0.6514436
3741 0.03021096
3742 0.02452337
3743 0.02197916
3744 0.05100308
3745 0.8131948
3746 0.3082254
3747 0.2480294
3748 0.7099284
3749 0.03523222
3750 0.006313137
3751 0.1188015
3752 0.04235147
3753 0.3342548
3754 0.7998557
3755 0.1264135
3756 0.8433067
3757 0.7880879
3758 0.003360686
3759 0.2918613
3760 0.05410302
3761 0.1290663
3762 0.08995171
3763 0.03017833
3764 0.8764229
3765 0.07286874
3766 0.04292581
3767 0.5730335
3768 0.068025
3769 0.1772666
3770 0.5874273
3771 0.04457278
3772 0.08654782
3773 0.1841015
3774 0.7389395
3775 0.3114051
3776 0.381374
3777 0.315488
3778 0.3012013
3779 0.00873005
3780 0.01556435
3781 0.3807462
3782 0.7829637
3783 0.3096487
3784 0.1773845
3785 0.6614394
3786 0.008156397
3787 0.808274
3788 0.4803603
3789 0.5046959
3790 0.1385829
3791 0.7679047
3792 0.4418297
3793 0.1032756
3794 0.5317313
3795 0.2753024
3796 0.02366427
3797 0.9361144
3798 0.0462048
3799 0.001606136
3800 0.03736337
3801 0.272861
3802 0.1237158
3803 0.08300124
3804 0.9103414
3805 0.03485181
3806 0.03538161
3807 0.4150193
3808 0.237239
3809 0.8796528
3810 0.2284611
3811 0.685064
3812 0.8637311
3813 0.9897712
3814 0.6555529
3815 0.0847397
3816 0.02425798
3817 0.2354995
3818 0.9855245
3819 0.4897701
3820 0.3435322
3821 0.01016868
3822 0.9860567
3823 0.9144034
3824 0.2841972
3825 0.08402255
3826 0.404093
3827 0.06154616
3828 0.709662
3829 0.3862013
3830 0.008892038
3831 0.06442837
3832 0.003946624
3833 0.4068339
3834 0.03158506
3835 0.2953856
3836 0.4761931
3837 0.8387277
3838 0.0874912
3839 0.06078655
3840 0.2092659
3841 0.000527003
3842 0.5075008
3843 0.6377114
3844 0.2746419
3845 0.003454989
3846 0.6576405
3847 0.364905
3848 0.3172277
3849 0.1812851
3850 0.1148667
3851 0.06089861
3852 0.7382308
3853 0.9191746
3854 0.5412493
3855 0.2573295
3856 0.7957104
3857 0.4155394
3858 0.0676068
3859 0.3694771
3860 0.09275128
3861 0.6065432
3862 0.03232952
3863 0.04887533
3864 0.5322124
3865 0.1456618
3866 0.3443393
3867 0.501009
3868 0.8205222
3869 0.01151225
3870 0.06519203
3871 0.4436171
3872 0.3026585
3873 0.7821272
3874 0.8768097
3875 0.04631196
3876 0.3782828
3877 0.01793727
3878 0.509688
3879 0.4206893
3880 0.5055533
3881 0.01136434
3882 0.03640982
3883 0.3569715
3884 0.1256808
3885 0.1324128
3886 0.2763747
3887 0.5315073
3888 0.1677649
3889 0.1890688
3890 0.01954459
3891 0.179444
3892 0.0005061186
3893 0.06323254
3894 0.3937113
3895 0.1013396
3896 0.2143835
3897 0.1999105
3898 0.001511798
3899 0.01256782
3900 0.1890143
3901 0.01336805
3902 0.8012287
3903 0.2699022
3904 0.04058507
3905 0.02832947
3906 0.2289277
3907 0.001184919
3908 0.3591985
3909 0.06815977
3910 0.07426309
3911 0.9398548
3912 0.0187792
3913 0.01153221
3914 0.1468162
3915 0.03671509
3916 0.06696075
3917 0.04476073
3918 0.2939426
3919 0.5140581
3920 0.003576003
3921 0.04222018
3922 0.07060456
3923 0.4808599
3924 0.6797124
3925 0.2050141
3926 0.8252673
3927 0.08822285
3928 0.4996262
3929 0.4578079
3930 0.592466
3931 0.4073173
3932 0.3590789
3933 0.6851477
3934 0.3163446
3935 0.6397424
3936 0.1748014
3937 0.4386911
3938 0.9289436
3939 0.2431255
3940 0.05334578
3941 0.2909141
3942 0.02163349
3943 0.1655116
3944 0.3849706
3945 0.004340958
3946 0.8643921
3947 0.3198174
3948 0.00724891
3949 0.1633477
3950 0.09032262
3951 0.1628212
3952 0.16187
3953 0.1962888
3954 0.5892262
3955 0.5547071
3956 0.05144306
3957 0.03728481
3958 0.01220556
3959 0.0008444146
3960 0.008292694
3961 0.1113164
3962 0.03250007
3963 0.3079623
3964 0.5730152
3965 0.01462951
3966 0.2118144
3967 0.05041418
3968 0.02885936
3969 0.04533986
3970 0.9469777
3971 0.1088687
3972 0.7110065
3973 0.6663473
3974 0.03002671
3975 0.01642723
3976 0.003737909
3977 0.00893956
3978 0.8458667
3979 0.1899161
3980 0.06385689
3981 0.6772456
3982 0.5917961
3983 0.2567614
3984 0.3033453
3985 0.2352912
3986 0.1404828
3987 0.9591909
3988 0.04224345
3989 0.3312082
3990 0.4405882
3991 0.8437882
3992 0.1748068
3993 0.6881847
3994 0.003342428
3995 0.1866948
3996 0.2863549
3997 0.6693052
3998 0.08094105
3999 0.07396813
4000 0.2300185
4001 0.9795752
4002 0.3546281
4003 0.4487378
4004 0.8419902
4005 0.1089944
4006 0.8139565
4007 0.09831795
4008 0.336645
4009 0.005121051
4010 0.04637032
4011 0.8533527
4012 0.04966262
4013 0.08761404
4014 0.04574391
4015 0.4503121
4016 0.5328684
4017 0.8081956
4018 0.001531546
4019 0.9373676
4020 0.3034553
4021 0.2200126
4022 0.6627794
4023 0.002228869
4024 0.2145528
4025 0.338992
4026 0.2576435
4027 0.2727227
4028 0.001168381
4029 0.08316415
4030 0.8724474
4031 0.5092207
4032 0.4838296
4033 0.1881142
4034 0.8228154
4035 0.6372008
4036 0.3089913
4037 0.9161207
4038 0.9176953
4039 0.03507265
4040 0.1247091
4041 0.01978618
4042 0.4426016
4043 0.02693357
4044 0.1975746
4045 0.641068
4046 0.8912796
4047 0.3857414
4048 0.05801071
4049 0.5279479
4050 0.1351337
4051 0.705287
4052 0.1133718
4053 0.457556
4054 0.8959591
4055 0.7514834
4056 0.8544964
4057 0.5695355
4058 0.5349886
4059 0.235197
4060 0.5117976
4061 0.1612016
4062 0.001909861
4063 0.06494812
4064 0.1591448
4065 0.5274554
4066 0.1187983
4067 0.8733468
4068 0.9895029
4069 0.04376994
4070 0.4703256
4071 0.4802057
4072 0.1197938
4073 0.876821
4074 0.01381911
4075 0.6836003
4076 0.4715476
4077 0.6721042
4078 0.2656482
4079 0.9087186
4080 0.7156525
4081 0.3504542
4082 0.06598171
4083 0.3665088
4084 0.02300961
4085 0.106103
4086 0.3901756
4087 0.1424555
4088 0.3186878
4089 0.4608314
4090 0.001614323
4091 0.557901
4092 0.03162141
4093 0.03158662
4094 0.08879946
4095 0.3423812
4096 0.5876209
4097 0.4447778
4098 0.01841324
4099 0.07054814
4100 0.02229118
4101 0.4890162
4102 0.05117557
4103 0.3740389
4104 0.004599672
4105 0.0992371
4106 0.0143022
4107 0.5578689
4108 0.01213171
4109 0.102334
4110 0.4587857
4111 0.4200533
4112 0.7412859
4113 0.01635159
4114 0.5049713
4115 0.01623709
4116 0.08219931
4117 0.454732
4118 0.02491929
4119 0.09613996
4120 0.03338733
4121 0.1578596
4122 0.7779872
4123 0.2262534
4124 0.02644371
4125 0.04665694
4126 0.1036425
4127 0.219
4128 0.1150824
4129 0.2622942
4130 0.1668368
4131 0.7742735
4132 0.3047896
4133 0.206447
4134 0.7770275
4135 0.6855735
4136 0.08940585
4137 0.09057623
4138 0.002902952
4139 0.5528168
4140 0.2387143
4141 0.8311326
4142 0.2966065
4143 0.07223213
4144 0.7102965
4145 0.3063849
4146 0.1122343
4147 0.02984086
4148 0.6951482
4149 0.003300256
4150 0.09841722
4151 0.769866
4152 0.6306979
4153 0.0330869
4154 0.2086303
4155 0.105807
4156 0.2707726
4157 0.07211334
4158 0.5780615
4159 0.05141738
4160 0.3682895
4161 0.5787856
4162 0.008684163
4163 0.4581814
4164 0.1018712
4165 0.386795
4166 0.8280644
4167 0.1897097
4168 0.01287865
4169 0.04883105
4170 0.03590737
4171 0.1786481
4172 0.1232153
4173 0.3188895
4174 0.4717063
4175 0.8922298
4176 0.07891718
4177 0.3649758
4178 0.02738555
4179 0.9050655
4180 0.9389632
4181 0.1152526
4182 0.5904776
4183 0.7897113
4184 0.6946526
4185 0.8968299
4186 0.6303113
4187 0.08092352
4188 0.1208016
4189 0.3118957
4190 0.3481482
4191 0.758512
4192 0.225582
4193 0.2243229
4194 0.2719868
4195 0.03704236
4196 0.6825502
4197 0.9770777
4198 0.8971786
4199 0.1340681
4200 0.3209082
4201 0.07201709
4202 0.1443607
4203 0.547267
4204 0.001659721
4205 0.02587062
4206 0.1002996
4207 0.8589393
4208 0.1415436
4209 0.08690271
4210 0.370954
4211 0.02212681
4212 0.45444
4213 0.2779263
4214 0.09653026
4215 0.6860062
4216 0.002366825
4217 0.0007225213
4218 0.8585416
4219 0.01051428
4220 0.2916108
4221 0.30498
4222 0.07786827
4223 0.5689081
4224 0.4963756
4225 0.4715755
4226 0.02327328
4227 0.002426372
4228 0.02877778
4229 0.6337134
4230 0.7039589
4231 0.1223861
4232 0.3867727
4233 0.008737913
4234 0.4265256
4235 0.07712883
4236 0.1139353
4237 0.001502586
4238 0.6197784
4239 0.0008589308
4240 0.03635794
4241 0.01679827
4242 0.4545075
4243 0.02629506
4244 0.9097451
4245 0.3517752
4246 0.008291144
4247 0.2447731
4248 0.3796168
4249 0.393336
4250 0.002121149
4251 0.2952576
4252 0.9655279
4253 0.04455236
4254 0.3050359
4255 0.03298977
4256 0.02555364
4257 0.3801875
4258 0.1014135
4259 0.6955069
4260 0.3455795
4261 0.2431
4262 0.9721192
4263 0.08746172
4264 0.02776412
4265 0.07892418
4266 0.4575396
4267 0.929225
4268 0.4008112
4269 0.3927815
4270 0.4928825
4271 0.2765441
4272 0.8573687
4273 0.7472365
4274 0.009439805
4275 0.7964654
4276 0.02667293
4277 0.2178644
4278 0.01445073
4279 0.01206915
4280 0.0211379
4281 0.2312801
4282 0.6203796
4283 0.3363077
4284 0.4651407
4285 0.1752682
4286 0.02615
4287 0.1610807
4288 0.9020172
4289 0.04014133
4290 0.4006205
4291 0.2677591
4292 0.6898379
4293 0.1016202
4294 0.0278206
4295 0.1586571
4296 0.5624827
4297 0.289413
4298 0.8296997
4299 0.4264911
4300 0.06524818
4301 0.01790948
4302 0.03563177
4303 0.4406611
4304 0.2483474
4305 0.002450479
4306 0.5664938
4307 0.03037585
4308 0.1754158
4309 0.02302488
4310 0.151768
4311 0.896087
4312 0.2301132
4313 0.5440069
4314 0.5361842
4315 0.588663
4316 0.1895619
4317 0.1260404
4318 0.1118069
4319 0.1007181
4320 0.01546652
4321 0.02231107
4322 0.1597007
4323 0.03145259
4324 0.2165524
4325 0.004576434
4326 0.9641389
4327 0.6669308
4328 0.04165553
4329 0.1420182
4330 0.8984058
4331 0.4511441
4332 0.8439883
4333 0.0889811
4334 0.03314223
4335 0.8907465
4336 0.3755859
4337 0.08816233
4338 0.2338003
4339 0.7438928
4340 0.08345047
4341 0.4914921
4342 0.9646964
4343 0.1307944
4344 0.1217398
4345 0.1961648
4346 0.120662
4347 0.8837448
4348 0.2043436
4349 0.08545298
4350 0.09317085
4351 0.5246853
4352 0.4362397
4353 0.1847635
4354 0.07827554
4355 0.9721149
4356 0.1132385
4357 0.1015674
4358 0.1206966
4359 0.003944927
4360 0.1178585
4361 0.06913728
4362 0.05729199
4363 0.603005
4364 0.8766618
4365 0.1266634
4366 0.03934851
4367 0.03387666
4368 0.2642791
4369 0.1795791
4370 0.4815473
4371 0.468685
4372 0.140721
4373 0.06220868
4374 0.1191682
4375 0.2736792
4376 0.9274289
4377 0.796686
4378 0.2557026
4379 0.7794781
4380 0.1128841
4381 0.323061
4382 0.05948671
4383 0.4225135
4384 0.3105721
4385 0.9756774
4386 0.1646882
4387 0.1581457
4388 0.2325871
4389 0.04761732
4390 0.05028381
4391 0.2112393
4392 0.1303093
4393 0.4429695
4394 0.1991944
4395 0.2190292
4396 0.009137509
4397 0.5689813
4398 0.01956926
4399 0.07339595
4400 0.8548696
4401 0.03883259
4402 0.4276268
4403 0.02603558
4404 0.02686165
4405 0.9190993
4406 0.04446737
4407 0.5462499
4408 0.9299223
4409 0.2187741
4410 0.01225743
4411 0.02975511
4412 0.2107233
4413 0.01281292
4414 0.01600705
4415 0.2594592
4416 0.03121194
4417 0.2366771
4418 0.2743015
4419 0.05423114
4420 0.1633484
4421 0.03364061
4422 0.002104492
4423 0.2632959
4424 0.7066391
4425 0.9515048
4426 0.3323032
4427 0.1038101
4428 0.4299052
4429 0.5624248
4430 0.1086299
4431 0.00719318
4432 0.3807777
4433 0.006951409
4434 0.9478269
4435 0.08603542
4436 0.0155479
4437 0.1332249
4438 0.006314606
4439 0.8146392
4440 0.004903786
4441 0.1804935
4442 0.7843393
4443 0.4314844
4444 0.0690161
4445 0.5450434
4446 0.05534071
4447 0.8486729
4448 0.5091868
4449 0.123642
4450 0.9046786
4451 0.5262277
4452 0.8575992
4453 0.2358773
4454 0.05601363
4455 0.5780585
4456 0.9833328
4457 0.6269579
4458 0.2487237
4459 0.08698036
4460 0.361779
4461 0.03062477
4462 0.5952624
4463 0.04118749
4464 0.6643769
4465 0.4694404
4466 0.04163062
4467 0.2481236
4468 0.6692103
4469 0.9895008
4470 0.5951071
4471 0.6912935
4472 0.09678803
4473 0.2844193
4474 0.3101042
4475 0.3769009
4476 0.02402099
4477 0.9990073
4478 0.2452117
4479 0.9927291
4480 0.5087831
4481 0.2101938
4482 0.06109981
4483 0.5937833
4484 0.01534259
4485 0.02535906
4486 0.02572633
4487 0.9156248
4488 0.4397374
4489 0.01296278
4490 0.003868223
4491 0.4824907
4492 0.6610223
4493 0.08629096
4494 0.7542686
4495 0.07756918
4496 0.293238
4497 0.0001404137
4498 0.05086014
4499 0.09563914
4500 0.1530461
4501 0.6039969
4502 0.006539359
4503 0.1836354
4504 0.386653
4505 0.7248784
4506 0.364351
4507 0.04127887
4508 0.7566896
4509 0.580458
4510 0.1089818
4511 0.02604472
4512 0.003645248
4513 0.4994583
4514 0.1059382
4515 0.4049157
4516 0.08367249
4517 0.1315202
4518 0.6383187
4519 0.6882317
4520 0.2523232
4521 0.02972108
4522 0.3102115
4523 0.6490149
4524 0.1165558
4525 0.3743892
4526 0.230876
4527 0.06229861
4528 0.9499419
4529 0.4332381
4530 0.7741478
4531 0.9828046
4532 0.5919865
4533 0.132341
4534 0.02729094
4535 0.04085644
4536 0.08068488
4537 0.03160193
4538 0.1646315
4539 0.06854045
4540 0.3105797
4541 0.0783384
4542 0.1964412
4543 0.3570765
4544 0.006273573
4545 0.2582336
4546 0.1454855
4547 0.2704748
4548 0.338238
4549 0.3046761
4550 0.09174904
4551 0.08805135
4552 0.2799731
4553 0.3521019
4554 0.0951629
4555 0.07597763
4556 0.9899907
4557 0.1544598
4558 0.03299791
4559 0.5086766
4560 0.2758061
4561 0.04442618
4562 0.1464543
4563 0.3318575
4564 0.05083114
4565 0.02170329
4566 0.04546299
4567 0.01611591
4568 0.2106357
4569 0.04469613
4570 0.9189372
4571 0.4765209
4572 0.4376683
4573 0.917204
4574 0.01919248
4575 0.06153587
4576 0.01623744
4577 0.9650461
4578 0.4114247
4579 0.5136335
4580 0.001604754
4581 0.0173136
4582 0.6616855
4583 0.07522353
4584 0.06556058
4585 0.4316415
4586 0.1344611
4587 0.885781
4588 0.7018527
4589 0.07842801
4590 0.005794283
4591 0.08487035
4592 0.101138
4593 0.1295281
4594 0.5001795
4595 0.7020267
4596 0.3856171
4597 0.5248353
4598 0.9476518
4599 0.2512696
4600 0.0004088581
4601 0.09399346
4602 0.7635152
4603 0.4663834
4604 0.06582064
4605 0.6672908
4606 0.01425541
4607 0.6552168
4608 0.1827651
4609 0.07215386
4610 0.2158148
4611 0.03422682
4612 0.7677978
4613 0.3524379
4614 0.05837873
4615 0.3346753
4616 0.8897649
4617 0.669608
4618 0.290125
4619 0.3216443
4620 0.0814888
4621 0.01868271
4622 0.4657014
4623 0.1387654
4624 0.06709538
4625 0.07286166
4626 0.2682254
4627 0.1301404
4628 0.1593823
4629 0.2755109
4630 0.1830857
4631 0.1789031
4632 0.4406194
4633 0.2975929
4634 0.2077083
4635 0.06022284
4636 0.05321796
4637 0.9822042
4638 0.3573045
4639 0.3100975
4640 0.006707174
4641 0.9132531
4642 0.9974598
4643 0.6725326
4644 0.009111478
4645 0.00309523
4646 0.04391564
4647 0.000502835
4648 0.02343727
4649 0.005980685
4650 0.5584092
4651 0.3668645
4652 0.2070837
4653 0.5696002
4654 0.2877672
4655 0.01467453
4656 0.5526927
4657 0.6465097
4658 0.4239334
4659 0.6572078
4660 0.004001165
4661 0.4702013
4662 0.1824504
4663 0.05387419
4664 0.5176988
4665 0.126739
4666 0.9853744
4667 0.262785
4668 0.451615
4669 0.8182893
4670 0.5091902
4671 0.9036549
4672 0.7333051
4673 0.1111537
4674 0.7068331
4675 0.4224572
4676 0.4359002
4677 0.4284413
4678 0.3725017
4679 0.008938328
4680 0.3661128
4681 0.3897396
4682 0.005003989
4683 0.1406535
4684 0.0009839667
4685 0.9454001
4686 0.08452862
4687 0.09718117
4688 0.1236112
4689 0.002540575
4690 0.2495128
4691 0.7868347
4692 0.09400348
4693 0.4281079
4694 0.003846004
4695 0.09592501
4696 0.02179097
4697 0.005095734
4698 0.04885647
4699 0.004742558
4700 0.9908146
4701 0.06209544
4702 0.1137122
4703 0.171294
4704 0.2864634
4705 0.04506807
4706 0.3538529
4707 0.8983853
4708 0.1113343
4709 0.1547106
4710 0.6191429
4711 0.9357959
4712 0.4886773
4713 0.9113965
4714 0.2155388
4715 0.6669688
4716 0.04495795
4717 0.9775134
4718 0.9260668
4719 0.9155467
4720 0.06094283
4721 0.5790219
4722 0.05062179
4723 0.03682747
4724 0.4267901
4725 0.04314156
4726 0.000624533
4727 0.6897855
4728 0.06971016
4729 0.1222783
4730 0.5473899
4731 0.07380666
4732 0.1138106
4733 0.1050902
4734 0.2728892
4735 0.3618743
4736 0.1086968
4737 0.0009732948
4738 0.5994684
4739 0.6804099
4740 0.02298226
4741 0.451823
4742 0.005709602
4743 0.6616635
4744 0.07538845
4745 0.3582021
4746 0.2421528
4747 0.8192001
4748 0.6421511
4749 0.1717526
4750 0.8161268
4751 0.7642806
4752 0.06748514
4753 0.5443648
4754 0.4450475
4755 0.7595518
4756 0.0922511
4757 0.1839556
4758 0.01373875
4759 0.07630392
4760 0.006022061
4761 0.3162328
4762 0.07559378
4763 0.08347329
4764 0.03762165
4765 0.1008935
4766 0.01459948
4767 0.396988
4768 0.002568414
4769 0.05996839
4770 0.06830794
4771 0.625613
4772 0.05442484
4773 0.003653729
4774 0.827799
4775 0.6762702
4776 0.0977233
4777 0.8935905
4778 0.003763485
4779 0.4361386
4780 0.2473883
4781 0.1864546
4782 0.2609187
4783 0.6178204
4784 0.2184327
4785 0.5648467
4786 0.4651342
4787 0.001305249
4788 0.525479
4789 0.09307774
4790 0.2767192
4791 0.09883944
4792 0.8623712
4793 0.1182668
4794 0.5900578
4795 0.4407448
4796 0.3582208
4797 0.03316181
4798 0.7736738
4799 0.200311
4800 0.6184352
4801 0.4977632
4802 0.4981545
4803 0.1358514
4804 0.7880526
4805 0.05998211
4806 0.2747832
4807 0.06460218
4808 0.0384928
4809 0.1747972
4810 0.1226093
4811 0.8774855
4812 0.001036429
4813 0.6127323
4814 0.002244077
4815 0.7826545
4816 0.241701
4817 0.8040227
4818 0.06187491
4819 0.368186
4820 0.1280133
4821 0.8588536
4822 0.1525767
4823 0.3214561
4824 0.05390833
4825 0.3828463
4826 0.04771507
4827 0.09751058
4828 0.1071096
4829 0.06298399
4830 0.0545974
4831 0.6272602
4832 0.009761988
4833 0.2527928
4834 0.05543795
4835 0.01890502
4836 0.825784
4837 0.1730591
4838 0.3703647
4839 0.109889
4840 0.1330607
4841 0.9740994
4842 0.09763806
4843 0.5114227
4844 0.2032035
4845 0.06423638
4846 0.5185197
4847 0.127745
4848 0.3516723
4849 0.1808957
4850 0.05882926
4851 0.8046795
4852 0.3126572
4853 0.02780424
4854 0.02108933
4855 0.9829211
4856 0.3898758
4857 0.002307235
4858 0.4337341
4859 0.0376911
4860 0.6222285
4861 0.514122
4862 0.4354141
4863 0.04692565
4864 0.01738472
4865 0.9009382
4866 0.08206777
4867 0.7697334
4868 0.3230545
4869 0.4204208
4870 0.3183641
4871 0.131519
4872 0.7084682
4873 0.2009486
4874 0.053886
4875 0.08655019
4876 0.6471544
4877 0.2816582
4878 0.9545506
4879 0.8274281
4880 0.2606809
4881 0.02582729
4882 0.4404684
4883 0.9728687
4884 0.6957882
4885 0.05476672
4886 0.4095496
4887 0.09324114
4888 0.06700665
4889 0.08349527
4890 0.2465405
4891 0.5164839
4892 0.4598768
4893 0.5757785
4894 0.6687452
4895 0.0519908
4896 0.4440619
4897 0.02442638
4898 0.05216059
4899 0.6576375
4900 0.6692449
4901 0.4477891
4902 0.3073672
4903 0.1679507
4904 0.19817
4905 0.1242088
4906 0.3188569
4907 0.0360864
4908 0.0670748
4909 0.472049
4910 0.03241152
4911 0.6066972
4912 0.06915332
4913 0.02224254
4914 0.01766958
4915 0.5313749
4916 0.8174709
4917 0.1960459
4918 0.1438169
4919 0.1883586
4920 0.5023147
4921 0.6069068
4922 0.4521807
4923 0.000998201
4924 0.2854255
4925 0.06867761
4926 0.2811856
4927 0.9820146
4928 0.07810004
4929 0.001529992
4930 0.6742533
4931 0.03970973
4932 0.9883674
4933 0.4711679
4934 0.4862196
4935 0.2026733
4936 0.6281774
4937 0.7211848
4938 0.06458293
4939 0.5874556
4940 0.01138422
4941 0.01624788
4942 0.02371075
4943 0.4833246
4944 0.6835464
4945 0.08697331
4946 0.02414915
4947 0.5392614
4948 0.8167615
4949 0.3583994
4950 0.1591433
4951 0.4839905
4952 0.003974574
4953 0.3029119
4954 0.4283101
4955 0.005320004
4956 0.01536054
4957 0.9663245
4958 0.2317506
4959 0.04562161
4960 0.3360263
4961 0.7406089
4962 0.00168544
4963 0.09386204
4964 0.07067813
4965 0.4512975
4966 0.002578767
4967 0.2810225
4968 0.01731885
4969 0.08618476
4970 0.08245988
4971 0.2286245
4972 0.004772249
4973 0.03552194
4974 0.9124763
4975 0.09554029
4976 0.4052479
4977 0.01253048
4978 0.120488
4979 0.02884362
4980 0.08096161
4981 0.1484764
4982 0.716001
4983 0.7711875
4984 0.1535512
4985 0.6478743
4986 0.9121857
4987 0.1187501
4988 0.7738078
4989 0.003786691
4990 0.3064613
4991 0.1225731
4992 0.2057966
4993 0.8562749
4994 0.2212076
4995 0.9879139
4996 0.1724232
4997 0.972256
4998 0.2991926
4999 0.3437004
5000 0.001547221
