1 0.4668834
2 0.6784106
3 0.6573184
4 0.5018937
5 0.9393776
6 0.2544688
7 0.7444486
8 0.2026074
9 0.9213371
10 0.4237459
11 0.0661078
12 0.5725395
13 0.9380392
14 0.07532757
15 0.8942018
16 0.1801036
17 0.6215732
18 0.5448531
19 0.618024
20 0.7265377
21 0.7747455
22 0.2941961
23 0.2665547
24 0.6949421
25 0.2517396
26 0.1185596
27 0.7493026
28 0.3554518
29 0.4268923
30 0.8508235
31 0.3355859
32 0.2885772
33 0.7513776
34 0.8882349
35 0.1240982
36 0.2482628
37 0.2801813
38 0.3222555
39 0.9438607
40 0.4492776
41 0.9125877
42 0.9483997
43 0.1632845
44 0.87104
45 0.7564633
46 0.7501499
47 0.2210382
48 0.06867537
49 0.9086636
50 0.6832686
51 0.770231
52 0.8520449
53 0.8867667
54 0.638305
55 0.3753348
56 0.03226349
57 0.09309053
58 0.8596382
59 0.1400214
60 0.7840567
61 0.07128612
62 0.005109406
63 0.5347587
64 0.6809749
65 0.9765593
66 0.2618789
67 0.1077752
68 0.3558304
69 0.3035825
70 0.8097346
71 0.1832932
72 0.2604427
73 0.5642849
74 0.961802
75 0.9603104
76 0.06507544
77 0.5259203
78 0.7319632
79 0.6709265
80 0.8253067
81 0.6695658
82 0.4302252
83 0.1930567
84 0.4002014
85 0.5849873
86 0.6911591
87 0.1449458
88 0.8029371
89 0.6510868
90 0.00607066
91 0.4049985
92 0.2094733
93 0.05034291
94 0.4684694
95 0.297799
96 0.4352692
97 0.55616
98 0.756111
99 0.3937947
100 0.7561004
101 0.5666171
102 0.6673845
103 0.6573407
104 0.2101465
105 0.9489399
106 0.0426807
107 0.3097886
108 0.5856505
109 0.6034896
110 0.006631087
111 0.9001978
112 0.2644763
113 0.9597628
114 0.05648923
115 0.07725978
116 0.325968
117 0.9398801
118 0.1244156
119 0.2403944
120 0.1773664
121 0.4980141
122 0.4021556
123 0.5695167
124 0.8011737
125 0.7493855
126 0.921967
127 0.8400503
128 0.8011291
129 0.02349426
130 0.9719037
131 0.05368377
132 0.4885134
133 0.7239507
134 0.6271646
135 0.1187628
136 0.4642136
137 0.2391917
138 0.03001907
139 0.8596985
140 0.9607734
141 0.7802006
142 0.6604804
143 0.2898942
144 0.4271439
145 0.530217
146 0.7238894
147 0.7368833
148 0.1210687
149 0.5262358
150 0.2291427
151 0.3132771
152 0.6216511
153 0.5994218
154 0.9393158
155 0.5513947
156 0.08166369
157 0.8798294
158 0.04273011
159 0.01053615
160 0.8429445
161 0.2133371
162 0.7518356
163 0.9993238
164 0.3571484
165 0.3636789
166 0.4462863
167 0.8468748
168 0.680389
169 0.7665535
170 0.5332004
171 0.7557303
172 0.789422
173 0.2501885
174 0.1371048
175 0.9682163
176 0.7639459
177 0.0328658
178 0.7103798
179 0.07757353
180 0.9756887
181 0.6736417
182 0.1861346
183 0.3526755
184 0.7308542
185 0.2268022
186 0.9734405
187 0.4570818
188 0.4385302
189 0.6105296
190 0.7331058
191 0.8910523
192 0.3970243
193 0.0618902
194 0.005202067
195 0.1140287
196 0.5748512
197 0.8434018
198 0.281335
199 0.8510139
200 0.5724426
201 0.712993
202 0.2457937
203 0.4736248
204 0.2773442
205 0.7338812
206 0.9563796
207 0.7007851
208 0.5984016
209 0.4637221
210 0.5899466
211 0.9839491
212 0.7956712
213 0.9707383
214 0.277112
215 0.1686173
216 0.4628654
217 0.1666338
218 0.2672365
219 0.3099371
220 0.9045725
221 0.2456998
222 0.3009271
223 0.7957849
224 0.4263546
225 0.5901334
226 0.1638779
227 0.7195168
228 0.3608876
229 0.737726
230 0.04947983
231 0.4311028
232 0.4617442
233 0.3070155
234 0.7391168
235 0.6863579
236 0.2012904
237 0.4592974
238 0.3880344
239 0.5970415
240 0.5582613
241 0.8667768
242 0.6269606
243 0.3337589
244 0.6856932
245 0.132835
246 0.1759334
247 0.84815
248 0.2894873
249 0.08179887
250 0.02371006
251 0.1867942
252 0.9643686
253 0.7124436
254 0.7222157
255 0.5760793
256 0.09380499
257 0.7167683
258 0.2523021
259 0.1849878
260 0.4652248
261 0.7728688
262 0.0003294724
263 0.7656059
264 0.4601639
265 0.799313
266 0.6495482
267 0.7890673
268 0.3651097
269 0.9504823
270 0.8947819
271 0.407614
272 0.771202
273 0.2223714
274 0.8763567
275 0.8997173
276 0.7992446
277 0.1320441
278 0.6252324
279 0.2530705
280 0.3324051
281 0.6246783
282 0.6514367
283 0.3667437
284 0.6851852
285 0.08305277
286 0.9516648
287 0.8504863
288 0.7602277
289 0.3138515
290 0.9354238
291 0.4130577
292 0.5939902
293 0.6738285
294 0.7506605
295 0.7187174
296 0.5207818
297 0.4342969
298 0.4254123
299 0.04753816
300 0.1824202
301 0.6035154
302 0.9411427
303 0.06845865
304 0.7582302
305 0.4256422
306 0.2895156
307 0.09108943
308 0.9210687
309 0.6459862
310 0.2085612
311 0.1799198
312 0.8408827
313 0.4461799
314 0.7516473
315 0.9262948
316 0.648262
317 0.5112742
318 0.2826756
319 0.3537658
320 0.3073504
321 0.5204112
322 0.8873838
323 0.913618
324 0.3525921
325 0.1510698
326 0.4018202
327 0.9160371
328 0.8754709
329 0.7302907
330 0.1663666
331 0.1435523
332 0.2471966
333 0.3060983
334 0.4747685
335 0.9889333
336 0.7551619
337 0.2230748
338 0.2714039
339 0.697666
340 0.310287
341 0.6419622
342 0.937118
343 0.7528155
344 0.6821242
345 0.5907329
346 0.05855344
347 0.7516343
348 0.4479857
349 0.7648431
350 0.01495226
351 0.1976894
352 0.5184083
353 0.9087155
354 0.850352
355 0.9010372
356 0.4951671
357 0.7621874
358 0.8725226
359 0.1188247
360 0.6183265
361 0.6690345
362 0.7894012
363 0.9132759
364 0.3221766
365 0.1794267
366 0.835154
367 0.5357989
368 0.6515402
369 0.8137568
370 0.9506409
371 0.6386817
372 0.1964592
373 0.6841808
374 0.490245
375 0.8008878
376 0.2419592
377 0.04739906
378 0.9111512
379 0.9581966
380 0.8058255
381 0.549232
382 0.538535
383 0.1324237
384 0.4603503
385 0.3514038
386 0.3840785
387 0.5494812
388 0.2452511
389 0.05398206
390 0.7886229
391 0.2137926
392 0.3516667
393 0.1963975
394 0.01717934
395 0.6321362
396 0.03735878
397 0.1488828
398 0.5107846
399 0.1829142
400 0.647657
401 0.1487147
402 0.9136345
403 0.07038091
404 0.8060573
405 0.09225396
406 0.03614067
407 0.441887
408 0.7602611
409 0.5299143
410 0.09272371
411 0.08257248
412 0.538587
413 0.7515202
414 0.2130973
415 0.02576235
416 0.07160774
417 0.5659435
418 0.7728741
419 0.7833064
420 0.7059877
421 0.5087219
422 0.5645797
423 0.8728585
424 0.7047846
425 0.2200396
426 0.6278838
427 0.1492233
428 0.3268655
429 0.2922656
430 0.03960798
431 0.600726
432 0.3480348
433 0.8339968
434 0.9686275
435 0.8919267
436 0.1296815
437 0.775076
438 0.04144424
439 0.7093942
440 0.5384526
441 0.9227723
442 0.3223865
443 0.8669604
444 0.04994227
445 0.2224102
446 0.9557761
447 0.1073582
448 0.9043617
449 0.003867349
450 0.8398899
451 0.5038686
452 0.6133877
453 0.3757375
454 0.3800062
455 0.4493481
456 0.5935702
457 0.7769676
458 0.09882344
459 0.300831
460 0.9283724
461 0.2899058
462 0.3271009
463 0.2061084
464 0.1557007
465 0.451435
466 0.1686989
467 0.7426782
468 0.1779361
469 0.9533903
470 0.2500739
471 0.5131674
472 0.8885516
473 0.759496
474 0.1945691
475 0.04305561
476 0.0382257
477 0.672371
478 0.5259381
479 0.5900172
480 0.5595348
481 0.8675929
482 0.6007182
483 0.7363847
484 0.5563803
485 0.03604949
486 0.9823692
487 0.7781745
488 0.2689508
489 0.6110003
490 0.6842844
491 0.528401
492 0.6052906
493 0.1545401
494 0.366817
495 0.7277098
496 0.2341948
497 0.4658571
498 0.5391219
499 0.3465228
500 0.2974878
501 0.3906587
502 0.4044602
503 0.5304057
504 0.9360768
505 0.6161046
506 0.6638114
507 0.7232587
508 0.02870144
509 0.1571419
510 0.06600871
511 0.858266
512 0.5836181
513 0.9431308
514 0.222734
515 0.2367527
516 0.2415446
517 0.7209841
518 0.9166619
519 0.1669584
520 0.295566
521 0.05435468
522 0.1993216
523 0.1562708
524 0.2232341
525 0.8661097
526 0.8800291
527 0.1845108
528 0.1228831
529 0.8962072
530 0.3861365
531 0.3752061
532 0.6914391
533 0.7571163
534 0.3113788
535 0.8844869
536 0.8067664
537 0.02845792
538 0.4757011
539 0.5821202
540 0.9085207
541 0.2230568
542 0.3705145
543 0.4215257
544 0.4723326
545 0.3352299
546 0.6213373
547 0.1765586
548 0.1616946
549 0.734263
550 0.8853509
551 0.2957228
552 0.03592272
553 0.6169786
554 0.1829991
555 0.03516974
556 0.9656149
557 0.3239218
558 0.02504176
559 0.2551302
560 0.05148224
561 0.8223787
562 0.7516378
563 0.0735308
564 0.02080349
565 0.9009675
566 0.8714136
567 0.4633418
568 0.5803933
569 0.9602059
570 0.9754049
571 0.1982885
572 0.3975799
573 0.6686233
574 0.9163876
575 0.004784796
576 0.9749963
577 0.8328049
578 0.6280496
579 0.6972721
580 0.5911813
581 0.3898504
582 0.9995111
583 0.2221401
584 0.149204
585 0.6083836
586 0.5611773
587 0.9403297
588 0.231007
589 0.4836401
590 0.3547452
591 0.001893223
592 0.6543367
593 0.5285465
594 0.4764996
595 0.5546495
596 0.6068611
597 0.7847568
598 0.8492979
599 0.1777634
600 0.5153677
601 0.3800262
602 0.6564071
603 0.8777275
604 0.1924246
605 0.3236247
606 0.2690383
607 0.6740601
608 0.3828209
609 0.2542377
610 0.6102558
611 0.9746657
612 0.2560703
613 0.786345
614 0.9807873
615 0.6771403
616 0.5338265
617 0.2498725
618 0.6485036
619 0.7142828
620 0.7003997
621 0.4098695
622 0.4964949
623 0.6371546
624 0.7439917
625 0.1100199
626 0.7536329
627 0.01011688
628 0.765598
629 0.5175508
630 0.2358535
631 0.4593214
632 0.02557128
633 0.1695959
634 0.276187
635 0.8685034
636 0.6147551
637 0.175695
638 0.2321457
639 0.6522352
640 0.3508326
641 0.6530488
642 0.004994989
643 0.2214289
644 0.191088
645 0.4418155
646 0.009036829
647 0.1547655
648 0.3363517
649 0.8459527
650 0.3443477
651 0.7536813
652 0.8899755
653 0.1466333
654 0.1342456
655 0.06530946
656 0.7990475
657 0.3822646
658 0.3926083
659 0.6108173
660 0.4395824
661 0.9593588
662 0.0479914
663 0.5098073
664 0.2107567
665 0.4791686
666 0.431826
667 0.08155197
668 0.472764
669 0.6030251
670 0.3047529
671 0.9299616
672 0.6141783
673 0.8494747
674 0.886607
675 0.6524138
676 0.1471182
677 0.7894241
678 0.7999572
679 0.9159665
680 0.9115223
681 0.7361129
682 0.1263678
683 0.4115206
684 0.6502128
685 0.3303309
686 0.1249866
687 0.06656908
688 0.2289049
689 0.1451698
690 0.8683377
691 0.925372
692 0.6266604
693 0.1371931
694 0.5321784
695 0.335787
696 0.4023634
697 0.7849049
698 0.8270363
699 0.1629071
700 0.5832641
701 0.6527035
702 0.417689
703 0.7758699
704 0.7390986
705 0.5550699
706 0.5279153
707 0.8484707
708 0.6992637
709 0.6253949
710 0.5152573
711 0.4006254
712 0.3759023
713 0.581246
714 0.714781
715 0.1949898
716 0.1659564
717 0.9051986
718 0.1065054
719 0.1484486
720 0.7074127
721 0.5722106
722 0.1244734
723 0.1644557
724 0.9512519
725 0.7821122
726 0.6929688
727 0.3882018
728 0.8858348
729 0.7530076
730 0.5416015
731 0.8328159
732 0.03352239
733 0.3235814
734 0.4273755
735 0.658602
736 0.9832765
737 0.07898911
738 0.3077507
739 0.9860727
740 0.1959779
741 0.596766
742 0.1803048
743 0.29038
744 0.4996847
745 0.07024524
746 0.1903619
747 0.6228031
748 0.8857422
749 0.1822249
750 0.2492373
751 0.1641989
752 0.7316236
753 0.5329542
754 0.1988975
755 0.3470115
756 0.9507334
757 0.4489161
758 0.3894885
759 0.7710043
760 0.4750026
761 0.4829634
762 0.7000603
763 0.3703628
764 0.503589
765 0.8955369
766 0.07990652
767 0.3156736
768 0.05194961
769 0.01471279
770 0.3177635
771 0.09159327
772 0.5789231
773 0.4323048
774 0.7229006
775 0.5731689
776 0.2591625
777 0.2708889
778 0.6878561
779 0.2634336
780 0.8518198
781 0.279758
782 0.8493121
783 0.8254299
784 0.3223788
785 0.21746
786 0.8248182
787 0.5510136
788 0.879863
789 0.3025893
790 0.3044806
791 0.7277079
792 0.180905
793 0.2223508
794 0.8000986
795 0.2767869
796 0.2057026
797 0.009332404
798 0.4723959
799 0.467405
800 0.01115314
801 0.9929678
802 0.2239306
803 0.193948
804 0.1997697
805 0.3174544
806 0.4745676
807 0.03039462
808 0.1111568
809 0.180078
810 0.9912909
811 0.4568525
812 0.6732437
813 0.3279949
814 0.6391701
815 0.8384938
816 0.1939307
817 0.04063909
818 0.004280699
819 0.3558539
820 0.04032069
821 0.1615862
822 0.2510875
823 0.6176497
824 0.8331143
825 0.04984422
826 0.460183
827 0.7070379
828 0.5023656
829 0.7657157
830 0.3438759
831 0.6862147
832 0.6068302
833 0.3593001
834 0.668405
835 0.9100247
836 0.7931538
837 0.450236
838 0.5759456
839 0.8187804
840 0.8525655
841 0.09998534
842 0.6065269
843 0.04420005
844 0.08503895
845 0.7696327
846 0.1067909
847 0.1941744
848 0.7540391
849 0.7383434
850 0.7753258
851 0.871666
852 0.9243291
853 0.6860014
854 0.9830633
855 0.6896677
856 0.7338484
857 0.4917073
858 0.09612825
859 0.4574756
860 0.9918641
861 0.1841629
862 0.1320242
863 0.9224434
864 0.05744786
865 0.6929166
866 0.5928743
867 0.8393154
868 0.6705313
869 0.04331987
870 0.8805436
871 0.03072638
872 0.1979749
873 0.06207196
874 0.1015942
875 0.08324452
876 0.4081298
877 0.5396449
878 0.2252928
879 0.5689015
880 0.4728312
881 0.2065912
882 0.4539492
883 0.2758757
884 0.05906174
885 0.1275761
886 0.4474404
887 0.260169
888 0.1661613
889 0.8588566
890 0.9197052
891 0.864386
892 0.4610556
893 0.5942238
894 0.783566
895 0.3692982
896 0.2207397
897 0.5848155
898 0.1291581
899 0.1572407
900 0.3899687
901 0.3280641
902 0.2522047
903 0.580989
904 0.4472234
905 0.1219557
906 0.8694435
907 0.006973252
908 0.9378025
909 0.07075105
910 0.007752643
911 0.4673609
912 0.1870133
913 0.01007006
914 0.04835165
915 0.6444025
916 0.9672054
917 0.7854178
918 0.5697388
919 0.4991295
920 0.180492
921 0.8586679
922 0.8316974
923 0.2539353
924 0.2471371
925 0.9366625
926 0.5012242
927 0.02204835
928 0.2903029
929 0.7353395
930 0.7418944
931 0.9464251
932 0.1137662
933 0.3183121
934 0.6629969
935 0.7205137
936 0.03112676
937 0.000497519
938 0.4214236
939 0.2981988
940 0.8407569
941 0.7411022
942 0.680516
943 0.9902011
944 0.1104074
945 0.09398844
946 0.7619685
947 0.2844869
948 0.6443166
949 0.8427801
950 0.7708716
951 0.9769207
952 0.1834999
953 0.7111622
954 0.979028
955 0.3059461
956 0.6605259
957 0.5149175
958 0.9203138
959 0.3917406
960 0.7424167
961 0.3133549
962 0.6669957
963 0.6842107
964 0.1067247
965 0.07601337
966 0.315063
967 0.3234897
968 0.7233421
969 0.600738
970 0.6111058
971 0.0695828
972 0.8718958
973 0.2659846
974 0.5471562
975 0.02431888
976 0.9705974
977 0.1419928
978 0.2529957
979 0.8234163
980 0.01662124
981 0.9947003
982 0.7418918
983 0.0241809
984 0.7860924
985 0.4451848
986 0.6144902
987 0.8037902
988 0.4106641
989 0.3690734
990 0.9553271
991 0.7925656
992 0.6681507
993 0.7682494
994 0.5952167
995 0.09445104
996 0.7659563
997 0.3952616
998 0.5125525
999 0.586421
1000 0.6322012
1001 0.03427477
1002 0.4023481
1003 0.6892793
1004 0.7255176
1005 0.5317729
1006 0.1355483
1007 0.3480917
1008 0.6624728
1009 0.03578124
1010 0.01293016
1011 0.407872
1012 0.6631253
1013 0.7992987
1014 0.2917143
1015 0.07908633
1016 0.86435
1017 0.7094382
1018 0.3071471
1019 0.6624094
1020 0.00294329
1021 0.05350141
1022 0.5138715
1023 0.878218
1024 0.692655
1025 0.9294119
1026 0.2759231
1027 0.2886432
1028 0.4916923
1029 0.250238
1030 0.2303453
1031 0.9425399
1032 0.9750545
1033 0.3664388
1034 0.8860792
1035 0.8567979
1036 0.8607769
1037 0.6956466
1038 0.3019032
1039 0.9925525
1040 0.00618026
1041 0.2755626
1042 0.7205863
1043 0.2013226
1044 0.8755262
1045 0.877244
1046 0.8858559
1047 0.9336778
1048 0.9569036
1049 0.4698093
1050 0.1500687
1051 0.7065576
1052 0.5914765
1053 0.7886517
1054 0.8241493
1055 0.3767955
1056 0.3765992
1057 0.2723506
1058 0.431361
1059 0.2128231
1060 0.1073815
1061 0.6085046
1062 0.1113918
1063 0.1359763
1064 0.8828835
1065 0.1445991
1066 0.354497
1067 0.4570701
1068 0.09386739
1069 0.06893546
1070 0.7000269
1071 0.2282217
1072 0.2982516
1073 0.2728585
1074 0.7203075
1075 0.9223392
1076 0.3373211
1077 0.9129672
1078 0.05855298
1079 0.57904
1080 0.4673184
1081 0.4912442
1082 0.4520983
1083 0.4978126
1084 0.3066412
1085 0.8709971
1086 0.2951321
1087 0.06373369
1088 0.6892182
1089 0.8660283
1090 0.06675697
1091 0.7037679
1092 0.8960916
1093 0.7220327
1094 0.2938982
1095 0.3237627
1096 0.6006289
1097 0.9694383
1098 0.124765
1099 0.1974073
1100 0.04250444
1101 0.9951803
1102 0.9161165
1103 0.3516393
1104 0.624073
1105 0.2811876
1106 0.9220142
1107 0.5313537
1108 0.290676
1109 0.5958968
1110 0.8172187
1111 0.3633376
1112 0.7627845
1113 0.05542888
1114 0.1210889
1115 0.8198375
1116 0.3608784
1117 0.6574801
1118 0.04287438
1119 0.8505944
1120 0.0752433
1121 0.003457985
1122 0.7116141
1123 0.4323214
1124 0.3404368
1125 0.5943689
1126 0.2024974
1127 0.5381118
1128 0.5399363
1129 0.2404396
1130 0.1871561
1131 0.009127223
1132 0.2141127
1133 0.2663401
1134 0.1316577
1135 0.5189028
1136 0.9099311
1137 0.234999
1138 0.875352
1139 0.5840857
1140 0.2059288
1141 0.2295233
1142 0.347744
1143 0.3664139
1144 0.5411909
1145 0.2983346
1146 0.7559529
1147 0.4011101
1148 0.952562
1149 0.6033447
1150 0.190388
1151 0.3552991
1152 0.2621289
1153 0.5896912
1154 0.794599
1155 0.495602
1156 0.09203304
1157 0.1295632
1158 0.0428458
1159 0.1875237
1160 0.6061334
1161 0.02242725
1162 0.854259
1163 0.9852015
1164 0.05433404
1165 0.3248399
1166 0.9542362
1167 0.8740689
1168 0.466887
1169 0.8330182
1170 0.7377279
1171 0.08495304
1172 0.3876539
1173 0.02913223
1174 0.4409094
1175 0.01537665
1176 0.7430273
1177 0.2576669
1178 0.7139218
1179 0.2838826
1180 0.1673056
1181 0.7883928
1182 0.759436
1183 0.03901747
1184 0.310084
1185 0.5455733
1186 0.03668813
1187 0.0161238
1188 0.2566773
1189 0.4986273
1190 0.4583074
1191 0.9242561
1192 0.206414
1193 0.2034253
1194 0.7299093
1195 0.6848596
1196 0.6522862
1197 0.8589865
1198 0.8171186
1199 0.3545552
1200 0.9384107
1201 0.5740061
1202 0.8055931
1203 0.3854786
1204 0.8326462
1205 0.344764
1206 0.5683123
1207 0.336197
1208 0.403194
1209 0.04524275
1210 0.3825912
1211 0.3517756
1212 0.1164139
1213 0.971236
1214 0.1138723
1215 0.8924886
1216 0.5257026
1217 0.06330476
1218 0.7072516
1219 0.7976187
1220 0.252581
1221 0.1463948
1222 0.4654945
1223 0.857971
1224 0.3845597
1225 0.7865324
1226 0.009036635
1227 0.511919
1228 0.6051271
1229 0.2293844
1230 0.1866527
1231 0.7146399
1232 0.4074763
1233 0.5368991
1234 0.4368551
1235 0.07771599
1236 0.933673
1237 0.8514325
1238 0.4444865
1239 0.02819678
1240 0.8044966
1241 0.8320399
1242 0.234226
1243 0.7251087
1244 0.5233794
1245 0.7131849
1246 0.4917366
1247 0.5913889
1248 0.87957
1249 0.8414423
1250 0.9808435
1251 0.7240744
1252 0.488073
1253 0.1995293
1254 0.09002307
1255 0.5201402
1256 0.4485088
1257 0.9295722
1258 0.7282584
1259 0.05227149
1260 0.5948228
1261 0.5332761
1262 0.7746572
1263 0.7808329
1264 0.3327539
1265 0.4362009
1266 0.6679559
1267 0.1353036
1268 0.1677072
1269 0.6747418
1270 0.3872809
1271 0.7045632
1272 0.4196997
1273 0.1618739
1274 0.4890599
1275 0.9866592
1276 0.1252863
1277 0.09347472
1278 0.3418912
1279 0.8138145
1280 0.1585234
1281 0.6135109
1282 0.8005264
1283 0.6175713
1284 0.9125148
1285 0.2494816
1286 0.9364103
1287 0.3046059
1288 0.08304291
1289 0.995024
1290 0.2091233
1291 0.8233623
1292 0.7519808
1293 0.6283958
1294 0.9129296
1295 0.3854209
1296 0.5590901
1297 0.5598466
1298 0.3871592
1299 0.1162898
1300 0.3469961
1301 0.03556871
1302 0.4596387
1303 0.3005712
1304 0.02149699
1305 0.4311814
1306 0.4482274
1307 0.2775254
1308 0.1009384
1309 0.660819
1310 0.3126627
1311 0.4964311
1312 0.3023674
1313 0.9027533
1314 0.5266845
1315 0.5601593
1316 0.3898482
1317 0.9782954
1318 0.2903433
1319 0.1331693
1320 0.6405786
1321 0.01016939
1322 0.950456
1323 0.05537662
1324 0.3356763
1325 0.3832027
1326 0.1284757
1327 0.9145508
1328 0.6447944
1329 0.07907404
1330 0.8690016
1331 0.99307
1332 0.4491004
1333 0.2003488
1334 0.9331043
1335 0.4227815
1336 0.6986566
1337 0.7340479
1338 0.1490198
1339 0.2567492
1340 0.5174519
1341 0.4651321
1342 0.017284
1343 0.4020229
1344 0.1390418
1345 0.2481961
1346 0.702355
1347 0.08813652
1348 0.1947067
1349 0.5194954
1350 0.9865808
1351 0.5275285
1352 0.8040659
1353 0.09547548
1354 0.05444932
1355 0.04435001
1356 0.7183819
1357 0.5235299
1358 0.6013014
1359 0.4301591
1360 0.3943005
1361 0.8514685
1362 0.2722738
1363 0.930354
1364 0.4119964
1365 0.5610948
1366 0.1000379
1367 0.8358023
1368 0.7095064
1369 0.7597674
1370 0.7158393
1371 0.3210146
1372 0.497649
1373 0.01187477
1374 0.02603796
1375 0.3395941
1376 0.0996268
1377 0.899676
1378 0.1005473
1379 0.2280584
1380 0.4404451
1381 0.8279377
1382 0.9699126
1383 0.9442277
1384 0.3536324
1385 0.4778256
1386 0.6740413
1387 0.2713298
1388 0.5740243
1389 0.2147481
1390 0.5829128
1391 0.960024
1392 0.4611617
1393 0.1072104
1394 0.1577669
1395 0.5325765
1396 0.9878335
1397 0.109129
1398 0.6417159
1399 0.6647195
1400 0.732477
1401 0.3104566
1402 0.2314316
1403 0.9770056
1404 0.3674516
1405 0.2893534
1406 0.1745332
1407 0.5213035
1408 0.1059315
1409 0.0043285
1410 0.8839695
1411 0.8336519
1412 0.7288694
1413 0.656998
1414 0.7042823
1415 0.8321421
1416 0.6446263
1417 0.9287274
1418 0.9469054
1419 0.9311168
1420 0.4338024
1421 0.01945287
1422 0.2732509
1423 0.365028
1424 0.5603937
1425 0.6395004
1426 0.3720732
1427 0.9618174
1428 0.4374197
1429 0.9931639
1430 0.2853437
1431 0.05275251
1432 0.9024636
1433 0.931976
1434 0.3186525
1435 0.5373595
1436 0.4392392
1437 0.7022425
1438 0.676976
1439 0.2574475
1440 0.7264853
1441 0.5076922
1442 0.05461354
1443 0.04805158
1444 0.8604214
1445 0.4149156
1446 0.7376054
1447 0.7556808
1448 0.485178
1449 0.6699481
1450 0.7452511
1451 0.850343
1452 0.3416682
1453 0.0007992569
1454 0.2496365
1455 0.5376077
1456 0.8345593
1457 0.1668301
1458 0.1218845
1459 0.3646075
1460 0.1593648
1461 0.1804554
1462 0.3279205
1463 0.4703738
1464 0.5603769
1465 0.3131675
1466 0.4491588
1467 0.6991769
1468 0.7099293
1469 0.3779965
1470 0.9524365
1471 0.8247952
1472 0.9494062
1473 0.9853793
1474 0.04496145
1475 0.07053102
1476 0.8676157
1477 0.81542
1478 0.3987407
1479 0.4688801
1480 0.4541033
1481 0.2149336
1482 0.131363
1483 0.7445838
1484 0.4740105
1485 0.2471918
1486 0.9750575
1487 0.9855309
1488 0.3525901
1489 0.101225
1490 0.7773034
1491 0.3807889
1492 0.09335597
1493 0.8414607
1494 0.7301678
1495 0.4388402
1496 0.5503242
1497 0.593548
1498 0.6338268
1499 0.02337087
1500 0.529364
1501 0.01794437
1502 0.1706725
1503 0.6734636
1504 0.2879067
1505 0.7119816
1506 0.8950876
1507 0.2183651
1508 0.722444
1509 0.3973191
1510 0.08362395
1511 0.7928233
1512 0.7382761
1513 0.7395198
1514 0.9857162
1515 0.3863165
1516 0.4286358
1517 0.2592783
1518 0.300902
1519 0.3221154
1520 0.9455264
1521 0.01307148
1522 0.8346642
1523 0.3106418
1524 0.1786113
1525 0.4609343
1526 0.3312564
1527 0.4834635
1528 0.4426677
1529 0.5237434
1530 0.9243877
1531 0.1540594
1532 0.1531739
1533 0.8747342
1534 0.3800635
1535 0.7876255
1536 0.4691131
1537 0.9188778
1538 0.988682
1539 0.7414416
1540 0.1769856
1541 0.9361068
1542 0.776214
1543 0.3051947
1544 0.3328127
1545 0.7599964
1546 0.2126771
1547 0.1901504
1548 0.8934219
1549 0.4520798
1550 0.2644245
1551 0.1865766
1552 0.6251633
1553 0.8047054
1554 0.2528627
1555 0.3260616
1556 0.2674448
1557 0.01659773
1558 0.03278084
1559 0.8090499
1560 0.9116385
1561 0.1461355
1562 0.6889414
1563 0.3548456
1564 0.2315016
1565 0.05393869
1566 0.07695668
1567 0.9117341
1568 0.7375017
1569 0.8326343
1570 0.6538097
1571 0.5492632
1572 0.8444665
1573 0.05434245
1574 0.2522083
1575 0.9244578
1576 0.06795252
1577 0.2229597
1578 0.852749
1579 0.04529668
1580 0.8496174
1581 0.6134449
1582 0.2625867
1583 0.6998859
1584 0.8181525
1585 0.3594204
1586 0.02332637
1587 0.556909
1588 0.03887302
1589 0.1732136
1590 0.6418988
1591 0.4328465
1592 0.4791036
1593 0.04114675
1594 0.2631286
1595 0.8790696
1596 0.1803612
1597 0.2633598
1598 0.2684658
1599 0.9133472
1600 0.6569355
1601 0.4632587
1602 0.04542545
1603 0.7844107
1604 0.7122317
1605 0.2903419
1606 0.6021955
1607 0.7647567
1608 0.3267687
1609 0.3779204
1610 0.5403287
1611 0.6214984
1612 0.1760025
1613 0.8655104
1614 0.7967682
1615 0.6105721
1616 0.8879477
1617 0.5938501
1618 0.7348359
1619 0.5883288
1620 0.503318
1621 0.2788837
1622 0.9233276
1623 0.9210238
1624 0.3159425
1625 0.7344227
1626 0.0517984
1627 0.04635107
1628 0.923945
1629 0.390045
1630 0.6572777
1631 0.6529212
1632 0.1330697
1633 0.3678231
1634 0.6076901
1635 0.6978802
1636 0.4575807
1637 0.2314727
1638 0.9636131
1639 0.2632634
1640 0.3717227
1641 0.6227001
1642 0.8435953
1643 0.7081507
1644 0.4050647
1645 0.3746843
1646 0.8568544
1647 0.6276049
1648 0.9836539
1649 0.8172644
1650 0.295188
1651 0.591876
1652 0.9492493
1653 0.4741866
1654 0.801093
1655 0.5865989
1656 0.3286551
1657 0.742302
1658 0.3040482
1659 0.2156844
1660 0.5268383
1661 0.9779433
1662 0.274896
1663 0.1299807
1664 0.3011169
1665 0.6596487
1666 0.6429448
1667 0.4544566
1668 0.8862435
1669 0.9563592
1670 0.9574073
1671 0.753701
1672 0.07970947
1673 0.1934972
1674 0.1971878
1675 0.9831546
1676 0.6732243
1677 0.6887546
1678 0.6563322
1679 0.4468553
1680 0.5916777
1681 0.3902693
1682 0.2658791
1683 0.1854652
1684 0.2494148
1685 0.06247829
1686 0.8817666
1687 0.9456827
1688 0.582319
1689 0.5994288
1690 0.04722761
1691 0.9988314
1692 0.8382423
1693 0.8553601
1694 0.6397725
1695 0.8069418
1696 0.6899389
1697 0.7202616
1698 0.1769225
1699 0.3526563
1700 0.4548922
1701 0.9714723
1702 0.8513637
1703 0.1881315
1704 0.6594726
1705 0.8473487
1706 0.679544
1707 0.4096815
1708 0.6845943
1709 0.1426053
1710 0.3678895
1711 0.3079436
1712 0.5509422
1713 0.07282828
1714 0.4279147
1715 0.782739
1716 0.9474681
1717 0.8513019
1718 0.7240564
1719 0.5553642
1720 0.2541985
1721 0.2965774
1722 0.4622034
1723 0.2827733
1724 0.7656941
1725 0.7169771
1726 0.3486887
1727 0.6008817
1728 0.8979252
1729 0.6911878
1730 0.5363569
1731 0.8657415
1732 0.7914807
1733 0.5159994
1734 0.6629411
1735 0.9812324
1736 0.6464269
1737 0.2626991
1738 0.5629694
1739 0.03020687
1740 0.5815455
1741 0.2959676
1742 0.8486389
1743 0.06056067
1744 0.3961147
1745 0.4965028
1746 0.6992842
1747 0.1349145
1748 0.3245355
1749 0.9364074
1750 0.759245
1751 0.7109343
1752 0.9447565
1753 0.1241478
1754 0.57686
1755 0.5281058
1756 0.2680197
1757 0.8573577
1758 0.9779672
1759 0.4373476
1760 0.1001738
1761 0.5209089
1762 0.9670264
1763 0.4802416
1764 0.6389657
1765 0.4984612
1766 0.6265909
1767 0.2721927
1768 0.9521639
1769 0.1559958
1770 0.0336927
1771 0.9651945
1772 0.5326734
1773 0.6900906
1774 0.1164838
1775 0.04112026
1776 0.2618829
1777 0.5985244
1778 0.9372967
1779 0.287664
1780 0.5109506
1781 0.005735812
1782 0.226664
1783 0.07625722
1784 0.09455211
1785 0.2849031
1786 0.6302528
1787 0.1305987
1788 0.9110809
1789 0.6327891
1790 0.06405322
1791 0.9926841
1792 0.8335029
1793 0.5423403
1794 0.7982078
1795 0.9478688
1796 0.9908269
1797 0.1888205
1798 0.6203959
1799 0.4867786
1800 0.02815411
1801 0.8787906
1802 0.7200215
1803 0.4243937
1804 0.7889399
1805 0.4287205
1806 0.1343737
1807 0.472298
1808 0.3266791
1809 0.5191452
1810 0.9818721
1811 0.1629788
1812 0.1727226
1813 0.8706468
1814 0.4886091
1815 0.4924416
1816 0.6257597
1817 0.2374998
1818 0.2678554
1819 0.3690569
1820 0.5674261
1821 0.4362405
1822 0.2500441
1823 0.6549912
1824 0.5461499
1825 0.9632876
1826 0.9922833
1827 0.1139242
1828 0.9198841
1829 0.02750315
1830 0.1866314
1831 0.8354018
1832 0.5986122
1833 0.451881
1834 0.07649927
1835 0.2999071
1836 0.4963484
1837 0.3974326
1838 0.3424089
1839 0.3603606
1840 0.4310462
1841 0.04336053
1842 0.01993014
1843 0.4494001
1844 0.7865735
1845 0.7275691
1846 0.1657766
1847 0.7517834
1848 0.2899109
1849 0.3700779
1850 0.3988316
1851 0.006004956
1852 0.7098021
1853 0.7686806
1854 0.3576618
1855 0.8111803
1856 0.7363053
1857 0.1398848
1858 0.2164693
1859 0.009049064
1860 0.4751898
1861 0.8637194
1862 0.206268
1863 0.9159098
1864 0.5104844
1865 0.8577999
1866 0.02831763
1867 0.6713157
1868 0.4598959
1869 0.3469306
1870 0.4608836
1871 0.2046735
1872 0.858555
1873 0.5644515
1874 0.7356171
1875 0.4553641
1876 0.50291
1877 0.5815012
1878 0.822625
1879 0.385938
1880 0.07689767
1881 0.4781156
1882 0.9356562
1883 0.5497979
1884 0.9338613
1885 0.8195958
1886 0.2770039
1887 0.9609287
1888 0.7585352
1889 0.06404324
1890 0.8198086
1891 0.0634571
1892 0.8795482
1893 0.5817028
1894 0.09947412
1895 0.2654934
1896 0.1584176
1897 0.6572623
1898 0.9990359
1899 0.1492064
1900 0.786418
1901 0.9835926
1902 0.4190044
1903 0.3237501
1904 0.9466244
1905 0.8518483
1906 0.9101324
1907 0.8558265
1908 0.9032607
1909 0.9970666
1910 0.594708
1911 0.08765534
1912 0.3056128
1913 0.9964806
1914 0.6749296
1915 0.2925727
1916 0.02922841
1917 0.6717185
1918 0.7585737
1919 0.2603833
1920 0.1296976
1921 0.3080589
1922 0.4877815
1923 0.6093587
1924 0.2913765
1925 0.9555969
1926 0.3488724
1927 0.8486647
1928 0.2097257
1929 0.3509728
1930 0.5512795
1931 0.5433283
1932 0.4895521
1933 0.02506679
1934 0.34643
1935 0.7398655
1936 0.5342681
1937 0.4534813
1938 0.9660226
1939 0.1924052
1940 0.02212442
1941 0.9443779
1942 0.4966106
1943 0.7371749
1944 0.3440959
1945 0.3704217
1946 0.7861199
1947 0.1146821
1948 0.3632658
1949 0.339357
1950 0.2541705
1951 0.4071956
1952 0.6229842
1953 0.6423008
1954 0.2319357
1955 0.1802755
1956 0.8516267
1957 0.2601993
1958 0.8418852
1959 0.6531845
1960 0.9141903
1961 0.6554533
1962 0.6623823
1963 0.8328444
1964 0.4889994
1965 0.5403553
1966 0.5113364
1967 0.01150058
1968 0.2640769
1969 0.06427482
1970 0.05569104
1971 0.5216541
1972 0.3882497
1973 0.355417
1974 0.1137373
1975 0.9084284
1976 0.08430978
1977 0.939628
1978 0.5947607
1979 0.08993881
1980 0.3824978
1981 0.02701451
1982 0.6271556
1983 0.7576299
1984 0.5588031
1985 0.8666833
1986 0.9888443
1987 0.2579749
1988 0.4893837
1989 0.7213009
1990 0.4116663
1991 0.05393718
1992 0.2377281
1993 0.2941934
1994 0.1082201
1995 0.758077
1996 0.8480294
1997 0.9841106
1998 0.0905152
1999 0.07636784
2000 0.2410926
2001 0.2290376
2002 0.3947844
2003 0.4316288
2004 0.6599373
2005 0.3368532
2006 0.4078743
2007 0.06758044
2008 0.326496
2009 0.6912385
2010 0.9403073
2011 0.1556985
2012 0.5632035
2013 0.4167687
2014 0.1870295
2015 0.4611785
2016 0.6367453
2017 0.7082855
2018 0.7977235
2019 0.6690528
2020 0.7436021
2021 0.02757464
2022 0.786584
2023 0.4195208
2024 0.5642122
2025 0.21919
2026 0.01497088
2027 0.9200774
2028 0.7284663
2029 0.00309226
2030 0.2840668
2031 0.3864602
2032 0.9814934
2033 0.9185996
2034 0.7490069
2035 0.8797155
2036 0.1010183
2037 0.1313524
2038 0.8344969
2039 0.8453041
2040 0.8095344
2041 0.8551134
2042 0.1378592
2043 0.4631206
2044 0.09337846
2045 0.5397713
2046 0.9399638
2047 0.5566038
2048 0.3246338
2049 0.4170365
2050 0.04998993
2051 0.8285009
2052 0.3298885
2053 0.8483832
2054 0.09821585
2055 0.6764641
2056 0.9992744
2057 0.2811416
2058 0.4014999
2059 0.08938968
2060 0.8263789
2061 0.08605739
2062 0.2178992
2063 0.5064483
2064 0.02840196
2065 0.5891644
2066 0.9230141
2067 0.8455237
2068 0.5238654
2069 0.2644653
2070 0.05596795
2071 0.3642695
2072 0.3415889
2073 0.9516388
2074 0.9783854
2075 0.1362858
2076 0.03709934
2077 0.1603837
2078 0.02271149
2079 0.2327404
2080 0.4634259
2081 0.139856
2082 0.8490147
2083 0.4830159
2084 0.2786247
2085 0.2154322
2086 0.7763452
2087 0.8010147
2088 0.137683
2089 0.7839268
2090 0.4575437
2091 0.3707901
2092 0.7099673
2093 0.821516
2094 0.09147979
2095 0.4864845
2096 0.185363
2097 0.07615943
2098 0.1790864
2099 0.8510501
2100 0.4029488
2101 0.4740463
2102 0.6421601
2103 0.5130935
2104 0.9597101
2105 0.5399463
2106 0.5325018
2107 0.206445
2108 0.7183018
2109 0.8647019
2110 0.5293021
2111 0.8381058
2112 0.7534796
2113 0.2425629
2114 0.1525313
2115 0.1722231
2116 0.2026635
2117 0.3918455
2118 0.3462693
2119 0.140739
2120 0.9559004
2121 0.7052169
2122 0.7324649
2123 0.9653815
2124 0.1093262
2125 0.8876271
2126 0.9004372
2127 0.6330008
2128 0.5376689
2129 0.161369
2130 0.2072592
2131 0.9250807
2132 0.4836988
2133 0.009069509
2134 0.7535179
2135 0.7176294
2136 0.2025109
2137 0.9349735
2138 0.4093515
2139 0.5674434
2140 0.02797383
2141 0.2261821
2142 0.6136806
2143 0.01684136
2144 0.411558
2145 0.04556244
2146 0.5612554
2147 0.008868827
2148 0.7638621
2149 0.605679
2150 0.8735518
2151 0.1943761
2152 0.4182066
2153 0.4688471
2154 0.4322658
2155 0.2773864
2156 0.2499855
2157 0.3891642
2158 0.7122487
2159 0.7154297
2160 0.5805912
2161 0.7249267
2162 0.2747066
2163 0.8181791
2164 0.2998549
2165 0.5630266
2166 0.1240578
2167 0.802405
2168 0.9879865
2169 0.5645857
2170 0.8502875
2171 0.6863241
2172 0.2415877
2173 0.4996569
2174 0.3872159
2175 0.7008758
2176 0.67476
2177 0.6651859
2178 0.7986169
2179 0.6115087
2180 0.1092756
2181 0.2333747
2182 0.1324075
2183 0.9707895
2184 0.5814341
2185 0.07941459
2186 0.8240933
2187 0.648709
2188 0.1907065
2189 0.1466134
2190 0.629107
2191 0.3771746
2192 0.07425733
2193 0.00710149
2194 0.2237853
2195 0.375508
2196 0.4730655
2197 0.5180639
2198 0.6791145
2199 0.1335553
2200 0.6310009
2201 0.657055
2202 0.4320076
2203 0.6356968
2204 0.2696398
2205 0.3935725
2206 0.1373187
2207 0.5410434
2208 0.1643528
2209 0.5885462
2210 0.7602057
2211 0.5514412
2212 0.9535888
2213 0.9312318
2214 0.6025114
2215 0.5832966
2216 0.1629889
2217 0.6704312
2218 0.132847
2219 0.9557133
2220 0.7883442
2221 0.1284941
2222 0.7245306
2223 0.4965297
2224 0.3424782
2225 0.6011668
2226 0.04172905
2227 0.4999641
2228 0.04298889
2229 0.6695404
2230 0.4343448
2231 0.4663694
2232 0.8009217
2233 0.7136623
2234 0.9535211
2235 0.7186081
2236 0.3479392
2237 0.8041564
2238 0.9810675
2239 0.1119871
2240 0.7406132
2241 0.4912823
2242 0.3812784
2243 0.7249924
2244 0.6097558
2245 0.8613186
2246 0.5285077
2247 0.3129593
2248 0.175458
2249 0.2939659
2250 0.3935767
2251 0.4191659
2252 0.1961754
2253 0.8541846
2254 0.7594659
2255 0.9315426
2256 0.4853036
2257 0.3562885
2258 0.8593577
2259 0.3420565
2260 0.7003902
2261 0.4824315
2262 0.5101327
2263 0.549066
2264 0.7064511
2265 0.1850631
2266 0.5593826
2267 0.2225862
2268 0.5601516
2269 0.9591975
2270 0.07833486
2271 0.5089357
2272 0.1287319
2273 0.6137137
2274 0.7597151
2275 0.2118221
2276 0.3839659
2277 0.3922258
2278 0.5467278
2279 0.6015475
2280 0.6840083
2281 0.4073026
2282 0.5573347
2283 0.6860038
2284 0.8419101
2285 0.5012897
2286 0.001438946
2287 0.7836783
2288 0.7756217
2289 0.6437157
2290 0.517132
2291 0.4871232
2292 0.1586286
2293 0.5420173
2294 0.7662311
2295 0.763199
2296 0.3268562
2297 0.7685718
2298 0.03539949
2299 0.4285707
2300 0.9353929
2301 0.2498118
2302 0.7033082
2303 0.6306761
2304 0.5382576
2305 0.514975
2306 0.8864952
2307 0.0702407
2308 0.7001892
2309 0.7846192
2310 0.4922986
2311 0.996634
2312 0.6363344
2313 0.8722233
2314 0.9211801
2315 0.8040367
2316 0.9064746
2317 0.4249184
2318 0.7256029
2319 0.3402939
2320 0.2080129
2321 0.4839723
2322 0.3557604
2323 0.01100805
2324 0.4745397
2325 0.2678322
2326 0.1785844
2327 0.4970171
2328 0.6780031
2329 0.4167274
2330 0.9579757
2331 0.8248852
2332 0.2091503
2333 0.1793853
2334 0.2779623
2335 0.9452472
2336 0.3539155
2337 0.2126795
2338 0.4584943
2339 0.6190161
2340 0.9612498
2341 0.1481587
2342 0.6932646
2343 0.9754666
2344 0.3709376
2345 0.8426494
2346 0.9163395
2347 0.956565
2348 0.01015532
2349 0.6142115
2350 0.9752826
2351 0.2398331
2352 0.9188212
2353 0.3855595
2354 0.1337083
2355 0.1296775
2356 0.01879295
2357 0.9031582
2358 0.5116829
2359 0.09668627
2360 0.608563
2361 0.4950102
2362 0.6717071
2363 0.2060688
2364 0.1920581
2365 0.03355696
2366 0.3644835
2367 0.6393568
2368 0.4488088
2369 0.9748043
2370 0.03607917
2371 0.6961942
2372 0.1534237
2373 0.5993704
2374 0.9216622
2375 0.9998591
2376 0.1130969
2377 0.4921786
2378 0.5705123
2379 0.7903996
2380 0.4806403
2381 0.4940677
2382 0.7228429
2383 0.2061762
2384 0.3878573
2385 0.5885901
2386 0.2770075
2387 0.197742
2388 0.6741248
2389 0.9992187
2390 0.7112042
2391 0.1339375
2392 0.94684
2393 0.9413494
2394 0.9987707
2395 0.7298596
2396 0.1454065
2397 0.1414501
2398 0.8452494
2399 0.1544851
2400 0.4642199
2401 0.9188
2402 0.1571863
2403 0.6084784
2404 0.8406483
2405 0.496283
2406 0.2721762
2407 0.2341774
2408 0.2262346
2409 0.2154263
2410 0.2639064
2411 0.7571446
2412 0.3764809
2413 0.06085862
2414 0.2942048
2415 0.375177
2416 0.9832573
2417 0.8820541
2418 0.2647469
2419 0.6881402
2420 0.8107595
2421 0.2238966
2422 0.01533984
2423 0.679535
2424 0.6851403
2425 0.30483
2426 0.869135
2427 0.4583603
2428 0.9236605
2429 0.8101007
2430 0.6476344
2431 0.5784287
2432 0.7819822
2433 0.6870149
2434 0.5985704
2435 0.8587464
2436 0.8405901
2437 0.4579665
2438 0.6658262
2439 0.1960595
2440 0.6110074
2441 0.1420968
2442 0.04177397
2443 0.451584
2444 0.328071
2445 0.3648966
2446 0.1633651
2447 0.5808453
2448 0.05325543
2449 0.2011253
2450 0.7764783
2451 0.5986073
2452 0.5579741
2453 0.5696946
2454 0.4159068
2455 0.6033432
2456 0.8743398
2457 0.3813476
2458 0.9901259
2459 0.5789206
2460 0.2178518
2461 0.1498401
2462 0.1490119
2463 0.6045674
2464 0.5053283
2465 0.8311768
2466 0.1678088
2467 0.9364942
2468 0.52302
2469 0.3268105
2470 0.01723202
2471 0.6847959
2472 0.4915756
2473 0.9763754
2474 0.9234398
2475 0.5615559
2476 0.4313613
2477 0.2402484
2478 0.7218868
2479 0.6056138
2480 0.2195144
2481 0.778837
2482 0.4366961
2483 0.3214202
2484 0.03822451
2485 0.629968
2486 0.2749005
2487 0.5531134
2488 0.4479893
2489 0.5949286
2490 0.7075633
2491 0.6417349
2492 0.7294276
2493 0.9941049
2494 0.7913333
2495 0.1683252
2496 0.9304732
2497 0.2151916
2498 0.5291274
2499 0.9794919
2500 0.4144107
2501 0.2954962
2502 0.793398
2503 0.7012292
2504 6.347426e-05
2505 0.4153804
2506 0.5451081
2507 0.08006103
2508 0.8844987
2509 0.7199747
2510 0.2649187
2511 0.3569617
2512 0.1643625
2513 0.7006155
2514 0.0364376
2515 0.6008104
2516 0.9979936
2517 0.2843347
2518 0.7149891
2519 0.2656818
2520 0.357533
2521 0.6787122
2522 0.4248052
2523 0.9989046
2524 0.385011
2525 0.5777164
2526 0.2340156
2527 0.572408
2528 0.7314658
2529 0.5627383
2530 0.6361616
2531 0.09015494
2532 0.3075194
2533 0.5077395
2534 0.6197898
2535 0.2682952
2536 0.2521153
2537 0.2804228
2538 0.822025
2539 0.4494814
2540 0.6628568
2541 0.8137294
2542 0.01962345
2543 0.1242322
2544 0.03526488
2545 0.6798226
2546 0.2609443
2547 0.5852083
2548 0.4677753
2549 0.1059808
2550 0.9184517
2551 0.03825405
2552 0.8461398
2553 0.3711631
2554 0.5456162
2555 0.155594
2556 0.3497853
2557 0.211061
2558 0.7501946
2559 0.4314431
2560 0.259821
2561 0.3066821
2562 0.6242211
2563 0.217448
2564 0.9134087
2565 0.8687989
2566 0.534487
2567 0.5495669
2568 0.8978178
2569 0.7145379
2570 0.6813565
2571 0.6163084
2572 0.4546668
2573 0.1459595
2574 0.3407805
2575 0.2453192
2576 0.6862901
2577 0.7097205
2578 0.4006739
2579 0.8856365
2580 0.8820019
2581 0.9219342
2582 0.3634422
2583 0.5531068
2584 0.3081855
2585 0.1170567
2586 0.01714397
2587 0.8631721
2588 0.972306
2589 0.02172323
2590 0.8869277
2591 0.3741193
2592 0.5655279
2593 0.2597514
2594 0.006690756
2595 0.1212302
2596 0.08625573
2597 0.7725075
2598 0.2025458
2599 0.2832311
2600 0.8689789
2601 0.7383506
2602 0.3210727
2603 0.3734321
2604 0.3373774
2605 0.05436523
2606 0.9409491
2607 0.7232786
2608 0.5965956
2609 0.5812671
2610 0.4680419
2611 0.1400522
2612 0.6630307
2613 0.4319857
2614 0.1648078
2615 0.4682736
2616 0.1923526
2617 0.1284938
2618 0.861981
2619 0.324915
2620 0.9708274
2621 0.5754586
2622 0.9084787
2623 0.2059602
2624 0.4002117
2625 0.4377413
2626 0.1134206
2627 0.4617324
2628 0.9064034
2629 0.1587211
2630 0.02852177
2631 0.06550361
2632 0.3361634
2633 0.8552936
2634 0.6421979
2635 0.02458469
2636 0.5752879
2637 0.3211506
2638 0.9925823
2639 0.2539897
2640 0.8680575
2641 0.7300321
2642 0.5318401
2643 0.6006613
2644 0.3362472
2645 0.1429007
2646 0.4786601
2647 0.0131958
2648 0.1415782
2649 0.6251646
2650 0.07977639
2651 0.3388669
2652 0.3896359
2653 0.4218007
2654 0.6495395
2655 0.9989944
2656 0.9201313
2657 0.4471835
2658 0.6503181
2659 0.6537733
2660 0.08772892
2661 0.3961352
2662 0.5677212
2663 0.9796217
2664 0.6568552
2665 0.9420664
2666 0.7096614
2667 0.6296208
2668 0.6506189
2669 0.4229606
2670 0.8547754
2671 0.6307518
2672 0.4833543
2673 0.3492569
2674 0.1547376
2675 0.1289579
2676 0.02183307
2677 0.1943069
2678 0.8495969
2679 0.8130375
2680 0.4073846
2681 0.7572456
2682 0.8862513
2683 0.5806009
2684 0.9166336
2685 0.8602888
2686 0.3339622
2687 0.3070377
2688 0.3326044
2689 0.1825297
2690 0.8867464
2691 0.8963497
2692 0.6494563
2693 0.3391664
2694 0.6614091
2695 0.6486849
2696 0.7185714
2697 0.1238951
2698 0.2860777
2699 0.2439002
2700 0.461732
2701 0.3316319
2702 0.4156495
2703 0.2317633
2704 0.139577
2705 0.3928087
2706 0.7225666
2707 0.4349056
2708 0.1394847
2709 0.1167432
2710 0.4736823
2711 0.5490715
2712 0.7243852
2713 0.7082952
2714 0.9990111
2715 0.5504459
2716 0.7332416
2717 0.6523368
2718 0.410771
2719 0.2209498
2720 0.1229743
2721 0.3423285
2722 0.6340609
2723 0.3163855
2724 0.2728044
2725 0.3700723
2726 0.4908913
2727 0.0994298
2728 0.1809045
2729 0.5240272
2730 0.2080554
2731 0.1419365
2732 0.2777311
2733 0.341227
2734 0.4885705
2735 0.08178312
2736 0.1018022
2737 0.9639069
2738 0.8943991
2739 0.32666
2740 0.5335093
2741 0.5417607
2742 0.6442067
2743 0.5263344
2744 0.4903254
2745 0.7831703
2746 0.5513449
2747 0.7352803
2748 0.04092938
2749 0.9387376
2750 0.1062579
2751 0.09394291
2752 0.2436021
2753 0.6954485
2754 0.5687817
2755 0.8466588
2756 0.5986733
2757 0.5503549
2758 0.5390658
2759 0.6104208
2760 0.7470253
2761 0.06000651
2762 0.33537
2763 0.1419878
2764 0.7498611
2765 0.200046
2766 0.5015192
2767 0.4031121
2768 0.9615684
2769 0.0339976
2770 0.2914145
2771 0.071732
2772 0.9906371
2773 0.2307545
2774 0.8232125
2775 0.2405626
2776 0.1711262
2777 0.3079903
2778 0.7098769
2779 0.4551561
2780 0.6668132
2781 0.3959964
2782 0.2927667
2783 0.9729462
2784 0.4613406
2785 0.5555925
2786 0.04684146
2787 0.5927115
2788 0.5069655
2789 0.9620771
2790 0.3780509
2791 0.00226954
2792 0.9916528
2793 0.8745225
2794 0.763132
2795 0.636978
2796 0.9538819
2797 0.05940224
2798 0.5673915
2799 0.8092925
2800 0.7178156
2801 0.5006977
2802 0.1932867
2803 0.3161117
2804 0.1594958
2805 0.5216736
2806 0.3844836
2807 0.8817204
2808 0.1556935
2809 0.138806
2810 0.6758018
2811 0.7040327
2812 0.2579022
2813 0.1158639
2814 0.6398227
2815 0.1542553
2816 0.9566164
2817 0.003764109
2818 0.9762345
2819 0.4853658
2820 0.1205728
2821 0.9308419
2822 0.858235
2823 0.09627859
2824 0.6116507
2825 0.6715697
2826 0.08244229
2827 0.5891767
2828 0.7578671
2829 0.2709487
2830 0.1306668
2831 0.3556773
2832 0.04492772
2833 0.7607843
2834 0.2866392
2835 0.02283184
2836 0.5551062
2837 0.28274
2838 0.9716344
2839 0.4087688
2840 0.6640412
2841 0.4026335
2842 0.2499794
2843 0.8150467
2844 0.06855015
2845 0.2742076
2846 0.9677072
2847 0.6762074
2848 0.7894218
2849 0.5385966
2850 0.9014791
2851 0.9822268
2852 0.02337768
2853 0.002137785
2854 0.7279913
2855 0.5374516
2856 0.3739386
2857 0.1613356
2858 0.3736888
2859 0.8912047
2860 0.90738
2861 0.3274084
2862 0.3880526
2863 0.8489398
2864 0.3020972
2865 0.7193413
2866 0.8823061
2867 0.2069132
2868 0.2738942
2869 0.5381054
2870 0.6209281
2871 0.5635687
2872 0.5907279
2873 0.9687777
2874 0.8352428
2875 0.9430931
2876 0.08643463
2877 0.09116525
2878 0.5005597
2879 0.7085501
2880 0.4439096
2881 0.7183007
2882 0.9349823
2883 0.7841816
2884 0.07763272
2885 0.8145879
2886 0.8260892
2887 0.7875619
2888 0.08502281
2889 0.5021328
2890 0.5932267
2891 0.1052254
2892 0.7167986
2893 0.5962166
2894 0.9752634
2895 0.4804513
2896 0.9135266
2897 0.166882
2898 0.7802365
2899 0.6709739
2900 0.2874277
2901 0.7964248
2902 0.004767109
2903 0.3610105
2904 0.11575
2905 0.7933885
2906 0.6196936
2907 0.888148
2908 0.216497
2909 0.6982218
2910 0.02542014
2911 0.2230847
2912 0.4241135
2913 0.7640089
2914 0.4766726
2915 0.542847
2916 0.9470719
2917 0.7877716
2918 0.751284
2919 0.6346246
2920 0.08183825
2921 0.829425
2922 0.4908038
2923 0.2671317
2924 0.5339142
2925 0.2655136
2926 0.7325122
2927 0.556989
2928 0.5127101
2929 0.326254
2930 0.4759823
2931 0.005752336
2932 0.08843675
2933 0.6374881
2934 0.6203491
2935 0.02422308
2936 0.4226303
2937 0.5711806
2938 0.2450351
2939 0.2077936
2940 0.1241696
2941 0.08774711
2942 0.5955152
2943 0.9903002
2944 0.1068657
2945 0.7090613
2946 0.1438205
2947 0.7454798
2948 0.343816
2949 0.3128043
2950 0.3801569
2951 0.8059688
2952 0.4838881
2953 0.328731
2954 0.6945725
2955 0.762141
2956 0.5889673
2957 0.9769726
2958 0.7490512
2959 0.1699357
2960 0.7745218
2961 0.04648935
2962 0.6554696
2963 0.5803755
2964 0.06655349
2965 0.107059
2966 0.5809499
2967 0.5309587
2968 0.8049193
2969 0.7679955
2970 0.3381218
2971 0.9848667
2972 0.8483664
2973 0.6966697
2974 0.4688784
2975 0.7143233
2976 0.9525409
2977 0.581941
2978 0.4591772
2979 0.8232994
2980 0.3542206
2981 0.3134774
2982 0.03343365
2983 0.7464058
2984 0.81709
2985 0.4124182
2986 0.5453678
2987 0.4739538
2988 0.2718296
2989 0.529285
2990 0.1717105
2991 0.3720312
2992 0.5224034
2993 0.0692788
2994 0.350615
2995 0.3549863
2996 0.2223968
2997 0.4935781
2998 0.5656957
2999 0.1234758
3000 0.2908607
3001 0.01647923
3002 0.9344585
3003 0.9436215
3004 0.7723305
3005 0.9295984
3006 0.4650772
3007 0.7104632
3008 0.8769742
3009 0.3485582
3010 0.5481852
3011 0.1164822
3012 0.8537513
3013 0.7750015
3014 0.919485
3015 0.06947273
3016 0.7881296
3017 0.4480994
3018 0.08021228
3019 0.3139032
3020 0.5401825
3021 0.6105477
3022 0.9790206
3023 0.8368017
3024 0.5846513
3025 0.3753351
3026 0.2110724
3027 0.1889647
3028 0.9809821
3029 0.9655233
3030 0.03448468
3031 0.02820132
3032 0.5670735
3033 0.3637719
3034 0.09568819
3035 0.2268398
3036 0.7057265
3037 0.07539764
3038 0.7984993
3039 0.5589881
3040 0.1911438
3041 0.5383528
3042 0.1055268
3043 0.8516513
3044 0.7980073
3045 0.2770634
3046 0.4973899
3047 0.990211
3048 0.3932126
3049 0.3831003
3050 0.5912082
3051 0.5522949
3052 0.4236562
3053 0.06588189
3054 0.2722473
3055 0.2506013
3056 0.642481
3057 0.5626928
3058 0.5563022
3059 0.1438344
3060 0.9323291
3061 0.5267701
3062 0.7385959
3063 0.8780478
3064 0.08586849
3065 0.5963072
3066 0.3624196
3067 0.3613526
3068 0.5900029
3069 0.8801693
3070 0.9863628
3071 0.911763
3072 0.3433951
3073 0.05358318
3074 0.2854801
3075 0.8681044
3076 0.9164944
3077 0.1037742
3078 0.8095441
3079 0.01467336
3080 0.5895209
3081 0.5621152
3082 0.2622355
3083 0.2410245
3084 0.6416718
3085 0.1722444
3086 0.3489065
3087 0.1605814
3088 0.3916837
3089 0.7840516
3090 0.471446
3091 0.5450743
3092 0.1084924
3093 0.4831438
3094 0.2868666
3095 0.7760304
3096 0.572478
3097 0.1906217
3098 0.9874997
3099 0.9829564
3100 0.8983645
3101 0.7060132
3102 0.892198
3103 0.2742841
3104 0.7005894
3105 0.6151111
3106 0.9536727
3107 0.8277902
3108 0.2708199
3109 0.9435152
3110 0.04403189
3111 0.9229271
3112 0.2989983
3113 0.6940329
3114 0.2714854
3115 0.08016592
3116 0.1480401
3117 0.1893573
3118 0.6313594
3119 0.501473
3120 0.6150329
3121 0.4996709
3122 0.4844738
3123 0.5263468
3124 0.209675
3125 0.0248594
3126 0.4693115
3127 0.7918144
3128 0.3965808
3129 0.3470415
3130 0.9382383
3131 0.8006593
3132 0.3102755
3133 0.8685149
3134 0.1875442
3135 0.5231398
3136 0.9003894
3137 0.1263887
3138 0.5396403
3139 0.08802599
3140 0.8986393
3141 0.8523298
3142 0.7073887
3143 0.2904997
3144 0.08502605
3145 0.03131592
3146 0.6456284
3147 0.6344461
3148 0.02485521
3149 0.04207204
3150 0.9914671
3151 0.3770645
3152 0.1648298
3153 0.3585003
3154 0.8665772
3155 0.03493897
3156 0.6888222
3157 0.0544703
3158 0.8330766
3159 0.4233132
3160 0.02800451
3161 0.1721472
3162 0.7431809
3163 0.8629733
3164 0.1535365
3165 0.3198071
3166 0.3428317
3167 0.7066529
3168 0.8090453
3169 0.750493
3170 0.2029104
3171 0.2217731
3172 0.5061607
3173 0.7644902
3174 0.9442866
3175 0.3152134
3176 0.337688
3177 0.6810214
3178 0.9133151
3179 0.5353591
3180 0.0777918
3181 0.8179475
3182 0.5337191
3183 0.3638772
3184 0.9244669
3185 0.1740568
3186 0.3873641
3187 0.5064139
3188 0.7741989
3189 0.1262629
3190 0.2988465
3191 0.5569386
3192 0.8066135
3193 0.6844622
3194 0.356904
3195 0.2519167
3196 0.05722323
3197 0.03015911
3198 0.3986324
3199 0.6606809
3200 0.7606389
3201 0.9424506
3202 0.9315663
3203 0.4306273
3204 0.8649816
3205 0.8119023
3206 0.5696038
3207 0.7817632
3208 0.7959629
3209 0.2974762
3210 0.03323233
3211 0.6224451
3212 0.8384001
3213 0.8876854
3214 0.348574
3215 0.989825
3216 0.7987392
3217 0.1774619
3218 0.8306121
3219 0.8166448
3220 0.05976643
3221 0.9630437
3222 0.7878278
3223 0.4380321
3224 0.5422747
3225 0.7351165
3226 0.8881413
3227 0.9739625
3228 0.3802854
3229 0.06155527
3230 0.3033447
3231 0.2939229
3232 0.5546928
3233 0.3491447
3234 0.6465561
3235 0.863235
3236 0.2751223
3237 0.4226039
3238 0.9677872
3239 0.5054839
3240 0.02369261
3241 0.8885149
3242 0.211228
3243 0.8072788
3244 0.2310789
3245 0.2740935
3246 0.7885011
3247 0.8663688
3248 0.2512518
3249 0.6565993
3250 0.6162069
3251 0.01532901
3252 0.3824946
3253 0.1378358
3254 0.6782649
3255 0.4332258
3256 0.7448613
3257 0.06120813
3258 0.1877178
3259 0.9640192
3260 0.463432
3261 0.2778978
3262 0.01883262
3263 0.6333998
3264 0.4176623
3265 0.1408179
3266 0.4229856
3267 0.9044114
3268 0.5343252
3269 0.7816158
3270 0.2169948
3271 0.006392877
3272 0.01184762
3273 0.02241288
3274 0.5177897
3275 0.4472287
3276 0.6888982
3277 0.03162494
3278 0.6601959
3279 0.3840378
3280 0.8971872
3281 0.3655756
3282 0.8089231
3283 0.8165141
3284 0.815673
3285 0.5928462
3286 0.4708266
3287 0.4632434
3288 0.8873509
3289 0.8227607
3290 0.2530969
3291 0.7927939
3292 0.8391109
3293 0.2976561
3294 0.4831564
3295 0.8842389
3296 0.473176
3297 0.6985723
3298 0.5142128
3299 0.00278188
3300 0.1385149
3301 0.1567809
3302 0.1729531
3303 0.51574
3304 0.7699199
3305 0.6278687
3306 0.6622592
3307 0.0908417
3308 0.4173268
3309 0.3824646
3310 0.04941013
3311 0.4878144
3312 0.6543913
3313 0.6982548
3314 0.3179619
3315 0.727933
3316 0.05285619
3317 0.9530426
3318 0.7595329
3319 0.3309473
3320 0.9106271
3321 0.4909387
3322 0.6793098
3323 0.7278681
3324 0.4913652
3325 0.3252572
3326 0.1490597
3327 0.4676922
3328 0.9984858
3329 0.4288859
3330 0.3198509
3331 0.2891799
3332 0.6915443
3333 0.7241247
3334 0.5430913
3335 0.01049494
3336 0.4138688
3337 0.9655759
3338 0.4603365
3339 0.4180358
3340 0.9747272
3341 0.5149862
3342 0.6851908
3343 0.9829172
3344 0.9418805
3345 0.3192825
3346 0.8260925
3347 0.03028427
3348 0.2720069
3349 0.3843473
3350 0.4075397
3351 0.383007
3352 0.02591581
3353 0.1708348
3354 0.6916806
3355 0.8059632
3356 0.5389909
3357 0.2156333
3358 0.2967602
3359 0.2422998
3360 0.3618448
3361 0.1536329
3362 0.5395287
3363 0.1328749
3364 0.9941606
3365 0.7829781
3366 0.3370414
3367 0.3183483
3368 0.4712287
3369 0.2047847
3370 0.8529702
3371 0.9021577
3372 0.9353367
3373 0.1465208
3374 0.42595
3375 0.7250871
3376 0.03567586
3377 0.2486105
3378 0.09803226
3379 0.5133206
3380 0.0156527
3381 0.1706292
3382 0.1165623
3383 0.6251528
3384 0.7311286
3385 0.470583
3386 0.1906186
3387 0.9340041
3388 0.03758026
3389 0.9956958
3390 0.5476439
3391 0.243862
3392 0.8497802
3393 0.4882045
3394 0.8263553
3395 0.08522302
3396 0.3297773
3397 0.05590543
3398 0.003533334
3399 0.1130719
3400 0.7385027
3401 0.814381
3402 0.5453036
3403 0.3657614
3404 0.6391302
3405 0.8187682
3406 0.4000176
3407 0.7778988
3408 0.4333885
3409 0.2281915
3410 0.1615795
3411 0.7776019
3412 0.1322839
3413 0.671766
3414 0.5558607
3415 0.4021941
3416 0.9862856
3417 0.8301225
3418 0.6301266
3419 0.9875146
3420 0.3788919
3421 0.841073
3422 0.5139083
3423 0.7578382
3424 0.8338967
3425 0.7423254
3426 0.3172745
3427 0.3688725
3428 0.06866641
3429 0.1775355
3430 0.05947751
3431 0.5317725
3432 0.4101623
3433 0.6396552
3434 0.42977
3435 0.2556352
3436 0.2197754
3437 0.4743079
3438 0.9568365
3439 0.3795271
3440 0.2604055
3441 0.8178783
3442 0.540439
3443 0.05214774
3444 0.4546166
3445 0.4177992
3446 0.1890536
3447 0.5687015
3448 0.1820609
3449 0.5250208
3450 0.7478121
3451 0.3660689
3452 0.7743971
3453 0.90014
3454 0.4930812
3455 0.1777965
3456 0.6212233
3457 0.7559895
3458 0.1997134
3459 0.5212476
3460 0.8106209
3461 0.6803688
3462 0.07308384
3463 0.5055691
3464 0.1164458
3465 0.09831407
3466 0.5391448
3467 0.4484478
3468 0.8615797
3469 0.2547538
3470 0.9990383
3471 0.2616226
3472 0.3739686
3473 0.3258668
3474 0.7318168
3475 0.7365223
3476 0.32478
3477 0.8504065
3478 0.1462537
3479 0.3808363
3480 0.7988222
3481 0.1626388
3482 0.1269663
3483 0.02142023
3484 0.4589366
3485 0.9197498
3486 0.04236221
3487 0.8314251
3488 0.3853564
3489 0.04224848
3490 0.4476753
3491 0.9772042
3492 0.2750644
3493 0.03494883
3494 0.6961484
3495 0.8191386
3496 0.51858
3497 0.3184914
3498 0.64775
3499 0.1668628
3500 0.3095786
3501 0.2973451
3502 0.6110312
3503 0.5365786
3504 0.9370709
3505 0.3682891
3506 0.925172
3507 0.3942759
3508 0.4095779
3509 0.2569531
3510 0.4290285
3511 0.792101
3512 0.340008
3513 0.7183323
3514 0.2583782
3515 0.02257816
3516 0.7337956
3517 0.03177568
3518 0.410563
3519 0.01308097
3520 0.3654847
3521 0.1455831
3522 0.4501226
3523 0.8432437
3524 0.800437
3525 0.3649644
3526 0.1863373
3527 0.2177229
3528 0.1472519
3529 0.8501209
3530 0.1239658
3531 0.02262795
3532 0.2205617
3533 0.08060579
3534 0.2375103
3535 0.8081953
3536 0.6604528
3537 0.990567
3538 0.8428408
3539 0.8699154
3540 0.5519222
3541 0.2265727
3542 0.5154994
3543 0.1279428
3544 0.1827665
3545 0.6022051
3546 0.9706671
3547 0.6087623
3548 0.3209263
3549 0.3450661
3550 0.8656062
3551 0.7055076
3552 0.1017101
3553 0.6930699
3554 0.3135097
3555 0.4113936
3556 0.1189081
3557 0.5096592
3558 0.3089008
3559 0.1216794
3560 0.04528927
3561 0.9967551
3562 0.7754527
3563 0.8901768
3564 0.3546699
3565 0.5837907
3566 0.2591846
3567 0.2764913
3568 0.7135675
3569 0.799936
3570 0.8767011
3571 0.9133609
3572 0.1730774
3573 0.2248286
3574 0.1688979
3575 0.6551266
3576 0.3098731
3577 0.2237458
3578 0.799664
3579 0.9559278
3580 0.9419859
3581 0.4445671
3582 0.6148783
3583 0.2300555
3584 0.9100272
3585 0.2493254
3586 0.5419143
3587 0.4689649
3588 0.6141632
3589 0.9182185
3590 0.3155915
3591 0.2084432
3592 0.8160877
3593 0.3477436
3594 0.3910423
3595 0.8091605
3596 0.8261268
3597 0.6600797
3598 0.7379519
3599 0.755364
3600 0.4793673
3601 0.4769761
3602 0.3170622
3603 0.3351969
3604 0.6026479
3605 0.3890568
3606 0.997951
3607 0.2477885
3608 0.1712066
3609 0.4163583
3610 0.9511901
3611 0.4950311
3612 0.2455072
3613 0.472139
3614 0.06742677
3615 0.5885776
3616 0.1053317
3617 0.1092711
3618 0.8653446
3619 0.1502106
3620 0.8853993
3621 0.09110968
3622 0.877146
3623 0.2004936
3624 0.53519
3625 0.1518525
3626 0.1661727
3627 0.6756637
3628 0.5221956
3629 0.7791965
3630 0.7368602
3631 0.4075464
3632 0.714705
3633 0.6862755
3634 0.6698517
3635 0.9142242
3636 0.1498309
3637 0.3448997
3638 0.2519244
3639 0.3687022
3640 0.3071858
3641 0.296132
3642 0.4351201
3643 0.7011938
3644 0.9991143
3645 0.7465839
3646 0.5752733
3647 0.3671975
3648 0.35914
3649 0.1917629
3650 0.2532995
3651 0.1725691
3652 0.1728868
3653 0.6779893
3654 0.7599748
3655 0.5244909
3656 0.6457182
3657 0.3761611
3658 0.08854232
3659 0.6887083
3660 0.6316345
3661 0.8499726
3662 0.5801789
3663 0.6479713
3664 0.8462402
3665 0.120955
3666 0.2161694
3667 0.4787837
3668 0.5300433
3669 0.654287
3670 0.3981064
3671 0.2679925
3672 0.194554
3673 0.5345273
3674 0.5643213
3675 0.3454903
3676 0.443614
3677 0.4106638
3678 0.1511066
3679 0.2627238
3680 0.1262775
3681 0.5513231
3682 0.6151761
3683 0.5451497
3684 0.2804917
3685 0.07435519
3686 0.7252404
3687 0.01956485
3688 0.2853272
3689 0.4558318
3690 0.1834531
3691 0.8158835
3692 0.4033261
3693 0.9037408
3694 0.9227269
3695 0.01878338
3696 0.3019769
3697 0.3707681
3698 0.9664542
3699 0.2457901
3700 0.08297818
3701 0.5714914
3702 0.8408319
3703 0.7095472
3704 0.6817796
3705 0.9011149
3706 0.3873698
3707 0.1954958
3708 0.3299143
3709 0.7172901
3710 0.8093594
3711 0.6688344
3712 0.5040418
3713 0.5874163
3714 0.07569815
3715 0.07899404
3716 0.7349888
3717 0.8191381
3718 0.7952307
3719 0.7708493
3720 0.2089392
3721 0.9760997
3722 0.01783606
3723 0.9017714
3724 0.3190753
3725 0.3071666
3726 0.3417098
3727 0.2726476
3728 0.5004601
3729 0.1027729
3730 0.1531496
3731 0.9666486
3732 0.6779009
3733 0.5024754
3734 0.1259911
3735 0.1778117
3736 0.773615
3737 0.7093353
3738 0.5018493
3739 0.1031547
3740 0.7520748
3741 0.1920208
3742 0.3205228
3743 0.6971171
3744 0.3057584
3745 0.8032555
3746 0.973447
3747 0.9802331
3748 0.7161552
3749 0.3320797
3750 0.1787149
3751 0.9610266
3752 0.8698575
3753 0.7874895
3754 0.7693064
3755 0.2645448
3756 0.2151986
3757 0.8978259
3758 0.4614181
3759 0.8274889
3760 0.5883485
3761 0.7484085
3762 0.5318356
3763 0.1481401
3764 0.3733908
3765 0.4167605
3766 0.696512
3767 0.1750478
3768 0.1445951
3769 0.6248758
3770 0.1232235
3771 0.4042349
3772 0.5513576
3773 0.6256054
3774 0.8950661
3775 0.2336718
3776 0.4121052
3777 0.7401378
3778 0.1144426
3779 0.3334577
3780 0.2425022
3781 0.2237095
3782 0.5277376
3783 0.6731987
3784 0.764669
3785 0.695755
3786 0.4648152
3787 0.09781952
3788 0.1970021
3789 0.6734403
3790 0.3728494
3791 0.2003254
3792 0.8218366
3793 0.7937384
3794 0.722456
3795 0.7243949
3796 0.5423111
3797 0.326039
3798 0.3725803
3799 0.2485381
3800 0.6083271
3801 0.1243331
3802 0.3087127
3803 0.5697727
3804 0.06295405
3805 0.5677898
3806 0.2917948
3807 0.04425992
3808 0.7347191
3809 0.2502757
3810 0.08172439
3811 0.5458776
3812 0.03878466
3813 0.583558
3814 0.2542667
3815 0.4063675
3816 0.938729
3817 0.4950215
3818 0.6328605
3819 0.6329863
3820 0.8123573
3821 0.2180119
3822 0.8186446
3823 0.7283029
3824 0.7479477
3825 0.3217189
3826 0.05045728
3827 0.2705123
3828 0.465922
3829 0.4735774
3830 0.06777458
3831 0.06999428
3832 0.2991984
3833 0.4006563
3834 0.3292274
3835 0.3781792
3836 0.3559336
3837 0.8928869
3838 0.8180021
3839 0.02458541
3840 0.8142258
3841 0.5883362
3842 0.4247823
3843 0.5640445
3844 0.9957628
3845 0.08895937
3846 0.4143159
3847 0.6919122
3848 0.1498669
3849 0.5813009
3850 0.4135356
3851 0.1608978
3852 0.6651576
3853 0.8223578
3854 0.1164231
3855 0.1087307
3856 0.0555572
3857 0.2938545
3858 0.0936687
3859 0.08792176
3860 0.5741426
3861 0.4965052
3862 0.6155702
3863 0.6544657
3864 0.762033
3865 0.10679
3866 0.1703392
3867 0.6804909
3868 0.9721009
3869 0.2505873
3870 0.3745203
3871 0.2273417
3872 0.8197345
3873 0.2353851
3874 0.7244589
3875 0.8544806
3876 0.6120155
3877 0.5891559
3878 0.4026753
3879 0.7696534
3880 0.8186256
3881 0.01557992
3882 0.9907226
3883 0.1537413
3884 0.4974046
3885 0.09442572
3886 0.4590082
3887 0.1954462
3888 0.6581152
3889 0.1867868
3890 0.6244455
3891 0.7488506
3892 0.8907292
3893 0.247851
3894 0.7754108
3895 0.7701001
3896 0.68626
3897 0.630152
3898 0.7634391
3899 0.783413
3900 0.8043419
3901 0.7176692
3902 0.9311463
3903 0.5525555
3904 0.1716354
3905 0.1245245
3906 0.6252099
3907 0.7542482
3908 0.1784934
3909 0.1693208
3910 0.3509548
3911 0.8459629
3912 0.9549943
3913 0.2419543
3914 0.07332207
3915 0.6776151
3916 0.7922665
3917 0.2868243
3918 0.3982168
3919 0.8476792
3920 0.8987198
3921 0.4712954
3922 0.5434109
3923 0.9066569
3924 0.9076568
3925 0.0794028
3926 0.3252521
3927 0.05040084
3928 0.05677065
3929 0.5736025
3930 0.1250262
3931 0.299646
3932 0.7292585
3933 0.7194396
3934 0.985924
3935 0.1492634
3936 0.04795241
3937 0.1955895
3938 0.6494538
3939 0.3955532
3940 0.3350737
3941 0.8564221
3942 0.456178
3943 0.09393973
3944 0.8770675
3945 0.2837267
3946 0.4176083
3947 0.192591
3948 0.1004267
3949 0.1571433
3950 0.2839665
3951 0.501743
3952 0.3647038
3953 0.9465827
3954 0.3843471
3955 0.6449817
3956 0.9209762
3957 0.8086356
3958 0.7342303
3959 0.3090881
3960 0.3458416
3961 0.4037241
3962 0.2265221
3963 0.9581723
3964 0.9187102
3965 0.1460117
3966 0.8385321
3967 0.0698242
3968 0.1169246
3969 0.7679664
3970 0.7442404
3971 0.5792772
3972 0.745246
3973 0.6637955
3974 0.5356844
3975 0.8769201
3976 0.6223408
3977 0.154281
3978 0.8295193
3979 0.9048433
3980 0.3292648
3981 0.40657
3982 0.5315929
3983 0.9389161
3984 0.0887599
3985 0.1558716
3986 0.8930616
3987 0.1121798
3988 0.13419
3989 0.9586563
3990 0.8817353
3991 0.8268223
3992 0.05034676
3993 0.1097731
3994 0.1861271
3995 0.8447918
3996 0.7255632
3997 0.2932739
3998 0.9780935
3999 0.3886312
4000 0.3749029
4001 0.6833469
4002 0.1088254
4003 0.2284746
4004 0.2091868
4005 0.0110459
4006 0.7278426
4007 0.07950759
4008 0.003675806
4009 0.6482112
4010 0.7676556
4011 0.480371
4012 0.8783078
4013 0.759492
4014 0.5908354
4015 0.7378488
4016 0.7905149
4017 0.4387317
4018 0.360163
4019 0.305935
4020 0.981796
4021 0.004318054
4022 0.5113751
4023 0.9512595
4024 0.8817786
4025 0.8149088
4026 0.6800958
4027 0.5574297
4028 0.4706181
4029 0.2209883
4030 0.6304344
4031 0.3382222
4032 0.7826349
4033 0.9385034
4034 0.3759748
4035 0.6558165
4036 0.04226957
4037 0.4471629
4038 0.6167769
4039 0.519332
4040 0.8480089
4041 0.696266
4042 0.9406275
4043 0.2156766
4044 0.3403297
4045 0.9728767
4046 0.07579172
4047 0.3642039
4048 0.8879568
4049 0.6078119
4050 0.4289731
4051 0.8165573
4052 0.9925905
4053 0.7958625
4054 0.9456201
4055 0.1903766
4056 0.0603633
4057 0.668873
4058 0.2175254
4059 0.7091926
4060 0.9276929
4061 0.08674346
4062 0.9302785
4063 0.8559834
4064 0.8977256
4065 0.9360232
4066 0.5468895
4067 0.7530337
4068 0.2994504
4069 0.3847403
4070 0.950348
4071 0.1176971
4072 0.333561
4073 0.2409056
4074 0.7291094
4075 0.1463133
4076 0.5461087
4077 0.6288166
4078 0.9462277
4079 0.3384555
4080 0.8930499
4081 0.3894867
4082 0.7948206
4083 0.4712365
4084 0.8392757
4085 0.6931733
4086 0.09306789
4087 0.3567848
4088 0.1809993
4089 0.0417665
4090 0.3042467
4091 0.3961655
4092 0.5681151
4093 0.4261205
4094 0.9073707
4095 0.7489369
4096 0.9747577
4097 0.1849294
4098 0.591001
4099 0.3084329
4100 0.6908658
4101 0.5168357
4102 0.5701131
4103 0.3471358
4104 0.6564907
4105 0.4435102
4106 0.4817153
4107 0.974629
4108 0.7069468
4109 0.3750751
4110 0.9729776
4111 0.6909141
4112 0.2163089
4113 0.4126776
4114 0.3494095
4115 0.09448944
4116 0.5949094
4117 0.5391692
4118 0.2419697
4119 0.5528916
4120 0.3387151
4121 0.9863591
4122 0.6223238
4123 0.7697212
4124 0.8824971
4125 0.7229496
4126 0.3058698
4127 0.2229882
4128 0.4374627
4129 0.267818
4130 0.1321
4131 0.1795448
4132 0.1921158
4133 0.3387741
4134 0.5979387
4135 0.1856265
4136 0.8867505
4137 0.3975293
4138 0.1546628
4139 0.2930363
4140 0.8355327
4141 0.06724498
4142 0.6008152
4143 0.07812419
4144 0.3873459
4145 0.7663348
4146 0.7082255
4147 0.2349099
4148 0.8307604
4149 0.529268
4150 0.6291508
4151 0.5405248
4152 0.5088926
4153 0.3958567
4154 0.2642991
4155 0.08898541
4156 0.5575609
4157 0.617804
4158 0.8987194
4159 0.6088916
4160 0.694147
4161 0.7381876
4162 0.1694588
4163 0.528542
4164 0.6220486
4165 0.7292306
4166 0.7973297
4167 0.746353
4168 0.0115625
4169 0.462138
4170 0.5337068
4171 0.05412976
4172 0.06922797
4173 0.7607071
4174 0.4105391
4175 0.6904523
4176 0.139735
4177 0.770829
4178 0.8116227
4179 0.7539739
4180 0.8009368
4181 0.6248915
4182 0.6005892
4183 0.03618994
4184 0.9980486
4185 0.6508798
4186 0.3226768
4187 0.8173437
4188 0.6108211
4189 0.171988
4190 0.2106207
4191 0.7474284
4192 0.5960303
4193 0.5841086
4194 0.1487595
4195 0.1553055
4196 0.01847519
4197 0.4833107
4198 0.7216021
4199 0.3373579
4200 0.04230063
4201 0.957175
4202 0.640314
4203 0.6824177
4204 0.4417363
4205 0.6910773
4206 0.5807193
4207 0.08040679
4208 0.8033796
4209 0.1194696
4210 0.346611
4211 0.5510027
4212 0.0775265
4213 0.2649198
4214 0.4844752
4215 0.3697494
4216 0.3933969
4217 0.9667513
4218 0.9269332
4219 0.01793254
4220 0.4123321
4221 0.9696637
4222 0.3064345
4223 0.6349212
4224 0.8482704
4225 0.4098036
4226 0.4652209
4227 0.06666478
4228 0.707596
4229 0.5349509
4230 0.4775594
4231 0.6146263
4232 0.3011314
4233 0.7392088
4234 0.8853669
4235 0.08130886
4236 0.880912
4237 0.2855398
4238 0.65788
4239 0.1435763
4240 0.02527092
4241 0.789155
4242 0.7386453
4243 0.4225639
4244 0.8196046
4245 0.3135431
4246 0.06100429
4247 0.8023253
4248 0.07808335
4249 0.7799291
4250 0.4439783
4251 0.957369
4252 0.4385911
4253 0.7223266
4254 0.7257742
4255 0.9018093
4256 0.4035573
4257 0.6738526
4258 0.5648567
4259 0.8434758
4260 0.4287585
4261 0.3552041
4262 0.5911581
4263 0.8319337
4264 0.352991
4265 0.9695562
4266 0.9472938
4267 0.04409125
4268 0.4774985
4269 0.1385614
4270 0.8829391
4271 0.06746378
4272 0.3158964
4273 0.3035488
4274 0.4089891
4275 0.5993133
4276 0.1320947
4277 0.7634049
4278 0.6731882
4279 0.1161454
4280 0.01976112
4281 0.9016825
4282 0.2489853
4283 0.9500601
4284 0.8635196
4285 0.7335487
4286 0.1219946
4287 0.05482929
4288 0.3780994
4289 0.744798
4290 0.1784625
4291 0.9216921
4292 0.8096255
4293 0.2512728
4294 0.02266208
4295 0.3999002
4296 0.200938
4297 0.2927378
4298 0.1630207
4299 0.8610354
4300 0.7077559
4301 0.70639
4302 0.7255247
4303 0.3223677
4304 0.3762734
4305 0.5918915
4306 0.6999711
4307 0.8841112
4308 0.4468275
4309 0.3338264
4310 0.2094563
4311 0.617472
4312 0.1971059
4313 0.9725689
4314 0.2277614
4315 0.7687789
4316 0.08559096
4317 0.3967051
4318 0.6582253
4319 0.5697427
4320 0.2433073
4321 0.382416
4322 0.3855967
4323 0.0003092527
4324 0.02129138
4325 0.4718615
4326 0.3891801
4327 0.1811268
4328 0.9055738
4329 0.1310744
4330 0.7220553
4331 0.9306122
4332 0.9978766
4333 0.7783752
4334 0.8646315
4335 0.4485253
4336 0.3208362
4337 0.3596609
4338 0.2101644
4339 0.6969015
4340 0.02468162
4341 0.2774935
4342 0.679838
4343 0.3367388
4344 0.07180998
4345 0.6397762
4346 0.1825276
4347 0.2533514
4348 0.7627236
4349 0.5845555
4350 0.4628026
4351 0.5977705
4352 0.5367018
4353 0.9986169
4354 0.3133836
4355 0.5300004
4356 0.4864622
4357 0.5404097
4358 0.5680929
4359 0.2896312
4360 0.4975241
4361 0.625484
4362 0.7911482
4363 0.8172151
4364 0.7266801
4365 0.2366597
4366 0.4903484
4367 0.8396445
4368 0.9796147
4369 0.4199537
4370 0.6731848
4371 0.5115119
4372 0.8860029
4373 0.7581731
4374 0.6489022
4375 0.6076465
4376 0.8662477
4377 0.6012245
4378 0.3929567
4379 0.952092
4380 0.1893782
4381 0.2334124
4382 0.84145
4383 0.9743392
4384 0.2417703
4385 0.3537738
4386 0.1840359
4387 0.8193024
4388 0.3963506
4389 0.9119151
4390 0.2694971
4391 0.7561736
4392 0.2501329
4393 0.3681343
4394 0.5449706
4395 0.6544367
4396 0.2974025
4397 0.3392091
4398 0.1699257
4399 0.5402745
4400 0.09492119
4401 0.6757455
4402 0.9545807
4403 0.5287755
4404 0.696527
4405 0.03610077
4406 0.4940856
4407 0.05591385
4408 0.7526736
4409 0.9921361
4410 0.01842793
4411 0.0956243
4412 0.7294553
4413 0.8553103
4414 0.713461
4415 0.5757722
4416 0.3490434
4417 0.4457018
4418 0.2106503
4419 0.7394341
4420 0.1869836
4421 0.3788337
4422 0.7775695
4423 0.7827167
4424 0.8537091
4425 0.2990169
4426 0.8106006
4427 0.9132256
4428 0.218407
4429 0.82912
4430 0.4517628
4431 0.910829
4432 0.4105542
4433 0.3140518
4434 0.7249694
4435 0.3678682
4436 0.6334767
4437 0.7617958
4438 0.3751282
4439 0.8414225
4440 0.7493323
4441 0.7161765
4442 0.2668237
4443 0.5354082
4444 0.7190161
4445 0.4548902
4446 0.7508375
4447 0.5009571
4448 0.08635928
4449 0.7171909
4450 0.8536193
4451 0.2535312
4452 0.1642075
4453 0.02616256
4454 0.8264186
4455 0.7486134
4456 0.73362
4457 0.4298697
4458 0.06304211
4459 0.6585596
4460 0.2181111
4461 0.3130564
4462 0.1443631
4463 0.3257351
4464 0.294404
4465 0.9377361
4466 0.2611654
4467 0.3883555
4468 0.03678314
4469 0.964002
4470 0.5888095
4471 0.06906374
4472 0.2578843
4473 0.9421566
4474 0.1381466
4475 0.1722536
4476 0.7845281
4477 0.9845911
4478 0.4326578
4479 0.03514543
4480 0.1325703
4481 0.3725178
4482 0.1507213
4483 0.03448889
4484 0.4771283
4485 0.3444635
4486 0.03524119
4487 0.9989366
4488 0.3610935
4489 0.4339925
4490 0.9768143
4491 0.9704253
4492 0.9356924
4493 0.9486222
4494 0.8316491
4495 0.7858053
4496 0.4431668
4497 0.7204805
4498 0.3058082
4499 0.3886296
4500 0.392689
4501 0.2357951
4502 0.6535583
4503 0.7870754
4504 0.8680851
4505 0.5817366
4506 0.9095853
4507 0.8951295
4508 0.8529621
4509 0.739333
4510 0.9075422
4511 0.6137846
4512 0.1244126
4513 0.04718101
4514 0.6181561
4515 0.6292296
4516 0.469053
4517 0.6304971
4518 0.7715971
4519 0.1255206
4520 0.1274356
4521 0.05953116
4522 0.3048643
4523 0.8601045
4524 0.8133404
4525 0.1117219
4526 0.4905077
4527 0.6934858
4528 0.09695493
4529 0.6069247
4530 0.01526078
4531 0.9646612
4532 0.06265413
4533 0.1494285
4534 0.2728703
4535 0.472466
4536 0.6921785
4537 0.3699983
4538 0.8048834
4539 0.3311565
4540 0.666695
4541 0.9457157
4542 0.5476339
4543 0.5442951
4544 0.01668227
4545 0.6675234
4546 0.4002866
4547 0.6884798
4548 0.1622123
4549 0.2780453
4550 0.81929
4551 0.5600206
4552 0.02156225
4553 0.3736543
4554 0.9380534
4555 0.7759223
4556 0.6713832
4557 0.9765592
4558 0.3967811
4559 0.3724136
4560 0.1483239
4561 0.2423216
4562 0.8247435
4563 0.6951258
4564 0.618382
4565 0.5243649
4566 0.3631668
4567 0.775439
4568 0.5750584
4569 0.159821
4570 0.03227806
4571 0.9492175
4572 0.2591285
4573 0.9699516
4574 0.8807934
4575 0.3672439
4576 0.9650712
4577 0.2041849
4578 0.1787108
4579 0.1539428
4580 0.0002628841
4581 0.2508544
4582 0.8057777
4583 0.05854592
4584 0.4862945
4585 0.01650835
4586 0.08894045
4587 0.3915401
4588 0.1581851
4589 0.6351969
4590 0.3148074
4591 0.5564443
4592 0.07575196
4593 0.6448158
4594 0.2150025
4595 0.7087463
4596 0.8393276
4597 0.2558999
4598 0.02356267
4599 0.1747143
4600 0.3972426
4601 0.7416494
4602 0.2994137
4603 0.8826869
4604 0.43676
4605 0.9050723
4606 0.2228643
4607 0.1484309
4608 0.5089073
4609 0.4256484
4610 0.5253695
4611 0.6672062
4612 0.1641689
4613 0.5829839
4614 0.526776
4615 0.1755272
4616 0.3521987
4617 0.6195365
4618 0.6574542
4619 0.6286429
4620 0.1790533
4621 0.8894248
4622 0.7397861
4623 0.00118192
4624 0.1139386
4625 0.2304488
4626 0.9980385
4627 0.06248475
4628 0.6275306
4629 0.3254266
4630 0.302911
4631 0.1285744
4632 0.1761064
4633 0.6057837
4634 0.1720302
4635 0.8144113
4636 0.5443496
4637 0.7282029
4638 0.7415656
4639 0.2296087
4640 0.4475022
4641 0.0375826
4642 0.5187724
4643 0.01780182
4644 0.6516399
4645 0.1082854
4646 0.8188351
4647 0.4464758
4648 0.2761086
4649 0.8809789
4650 0.7523009
4651 0.05779634
4652 0.7401688
4653 0.6668785
4654 0.6721726
4655 0.6748773
4656 0.04894303
4657 0.6738818
4658 0.7821757
4659 0.8330077
4660 0.1811482
4661 0.6694269
4662 0.8631402
4663 0.3396924
4664 0.1004414
4665 0.5456619
4666 0.0246429
4667 0.6814025
4668 0.5817693
4669 0.06952126
4670 0.4604468
4671 0.5618221
4672 0.110457
4673 0.1581731
4674 0.9646543
4675 0.229284
4676 0.5991793
4677 0.2644093
4678 0.8451021
4679 0.07633502
4680 0.8539682
4681 0.2036465
4682 0.2702692
4683 0.7230161
4684 0.9352179
4685 0.1304093
4686 0.0935385
4687 0.2334368
4688 0.7428032
4689 0.5115887
4690 0.2743167
4691 0.550989
4692 0.1890545
4693 0.7383824
4694 0.3103501
4695 0.9331115
4696 0.4689041
4697 0.6809548
4698 0.2002999
4699 0.8502778
4700 0.7777956
4701 0.2687118
4702 0.4018716
4703 0.2138145
4704 0.02608173
4705 0.00566931
4706 0.07825982
4707 0.2031572
4708 0.7879053
4709 0.7589448
4710 0.6175726
4711 0.9257487
4712 0.7044387
4713 0.8898138
4714 0.3003185
4715 0.01879679
4716 0.8648825
4717 0.7936654
4718 0.0570653
4719 0.8577377
4720 0.9886639
4721 0.3853137
4722 0.6203894
4723 0.624845
4724 0.1095745
4725 0.7463707
4726 0.485753
4727 0.4251291
4728 0.2948174
4729 0.7246008
4730 0.7416712
4731 0.9791078
4732 0.1168132
4733 0.7523534
4734 0.4120621
4735 0.5217603
4736 0.7031294
4737 0.4110961
4738 0.1752583
4739 0.4698412
4740 0.9629161
4741 0.9031723
4742 0.9150588
4743 0.9377734
4744 0.3312809
4745 0.5864388
4746 0.8381642
4747 0.9068227
4748 0.9759029
4749 0.5712106
4750 0.3149343
4751 0.7928366
4752 0.5725654
4753 0.3300274
4754 0.6399028
4755 0.6214418
4756 0.747818
4757 0.2267299
4758 0.9692729
4759 0.7968252
4760 0.04734139
4761 0.9672247
4762 0.6762332
4763 0.7922778
4764 0.1604956
4765 0.7183598
4766 0.04864813
4767 0.5733717
4768 0.6596389
4769 0.9792134
4770 0.3025032
4771 0.2428635
4772 0.6559819
4773 0.03322054
4774 0.1350881
4775 0.7718698
4776 0.3962937
4777 0.8838408
4778 0.1892516
4779 0.6001428
4780 0.3115036
4781 0.3427894
4782 0.9076863
4783 0.0531315
4784 0.9534169
4785 0.7511375
4786 0.1736353
4787 0.7965629
4788 0.06984186
4789 0.9305803
4790 0.1474424
4791 0.8281727
4792 0.3794255
4793 0.4697202
4794 0.8765606
4795 0.05078098
4796 0.4725203
4797 0.6694394
4798 0.9933049
4799 0.400981
4800 0.05469126
4801 0.882662
4802 0.4728552
4803 0.2930185
4804 0.9457549
4805 0.07774395
4806 0.3575153
4807 0.5515233
4808 0.3746485
4809 0.8082944
4810 0.4939297
4811 0.8905235
4812 0.2153013
4813 0.8682668
4814 0.05611409
4815 0.329257
4816 0.1405885
4817 0.3437715
4818 0.9505452
4819 0.5822026
4820 0.7704567
4821 0.8830697
4822 0.4484746
4823 0.09594509
4824 0.6399598
4825 0.7171413
4826 0.7976984
4827 0.4150289
4828 0.2083369
4829 0.4281129
4830 0.2966977
4831 0.9452882
4832 0.8685026
4833 0.01752927
4834 0.3174112
4835 0.9426813
4836 0.5536084
4837 0.9231216
4838 0.8656505
4839 0.5941313
4840 0.3257262
4841 0.3576503
4842 0.2736914
4843 0.2281658
4844 0.2102641
4845 0.9759799
4846 0.2932614
4847 0.543903
4848 0.3754347
4849 0.9800543
4850 0.841901
4851 0.5504244
4852 0.2367694
4853 0.2067349
4854 0.4616616
4855 0.9916388
4856 0.4330069
4857 0.6454468
4858 0.3591002
4859 0.5834243
4860 0.03314574
4861 0.009067395
4862 0.9213864
4863 0.3255303
4864 0.09957573
4865 0.5523107
4866 0.8596453
4867 0.8497587
4868 0.5119039
4869 0.8649424
4870 0.3441623
4871 0.5068908
4872 0.946721
4873 0.1732475
4874 0.2131437
4875 0.5002359
4876 0.892463
4877 0.3476387
4878 0.5324265
4879 0.767646
4880 0.5659743
4881 0.1184998
4882 0.4040232
4883 0.3042441
4884 0.4778953
4885 0.7508914
4886 0.5358221
4887 0.5389978
4888 0.515928
4889 0.4958105
4890 0.9438183
4891 0.9170682
4892 0.4226854
4893 0.9209219
4894 0.8320448
4895 0.1908738
4896 0.5782151
4897 0.7129256
4898 0.7414809
4899 0.2866643
4900 0.274476
4901 0.1461555
4902 0.6015633
4903 0.6075254
4904 0.679935
4905 0.7438841
4906 0.8193377
4907 0.7336934
4908 0.1551967
4909 0.7595893
4910 0.7980589
4911 0.8167549
4912 0.8348469
4913 0.2969766
4914 0.3903388
4915 0.3915033
4916 0.2417835
4917 0.02055987
4918 0.253806
4919 0.1525123
4920 0.1484867
4921 0.3572516
4922 0.5142987
4923 0.4380506
4924 0.9706532
4925 0.2294623
4926 0.4449285
4927 0.8140382
4928 0.1716882
4929 0.0515077
4930 0.05766818
4931 0.06337935
4932 0.5023983
4933 0.594844
4934 0.1288009
4935 0.83103
4936 0.5291397
4937 0.8020774
4938 0.9233136
4939 0.8183018
4940 0.9071197
4941 0.07177784
4942 0.1489397
4943 0.7590144
4944 0.5218325
4945 0.6435684
4946 0.305861
4947 0.1307617
4948 0.9946365
4949 0.859155
4950 0.842021
4951 0.9452297
4952 0.04656036
4953 0.5648742
4954 0.8048887
4955 0.4262847
4956 0.1062563
4957 0.9421026
4958 0.2443431
4959 0.3057298
4960 0.07273468
4961 0.3195711
4962 0.08362849
4963 0.9585921
4964 0.9543039
4965 0.04963075
4966 0.4080278
4967 0.9107729
4968 0.5227738
4969 0.2031806
4970 0.13307
4971 0.2633394
4972 0.8493288
4973 0.1234091
4974 0.9320463
4975 0.1469772
4976 0.9687496
4977 0.1343197
4978 0.2440786
4979 0.2236049
4980 0.6351037
4981 0.430312
4982 0.3720792
4983 0.6542097
4984 0.6825427
4985 0.1300973
4986 0.4551803
4987 0.8390169
4988 0.6830683
4989 0.3602585
4990 0.5616166
4991 0.5348698
4992 0.8278078
4993 0.5157998
4994 0.5661085
4995 0.9726892
4996 0.5930432
4997 0.2268063
4998 0.02781072
4999 0.9755116
5000 0.5093648
