1 0.416066
2 0.9926506
3 0.5934717
4 0.9608233
5 0.5451756
6 0.286204
7 0.09513905
8 0.07133692
9 0.454335
10 0.7083644
11 0.7813288
12 0.5945499
13 0.333772
14 0.9403671
15 0.6411684
16 0.7130614
17 0.7968222
18 0.2137637
19 0.9482356
20 0.9927811
21 0.1799676
22 0.3282896
23 0.3928551
24 0.02354356
25 0.9065084
26 0.4108083
27 0.3959136
28 0.6853208
29 0.6854293
30 0.7774312
31 0.1519609
32 0.260617
33 0.5702091
34 0.7537186
35 0.4313707
36 0.8925809
37 0.4466762
38 0.5744251
39 0.2048637
40 0.7048425
41 0.4053204
42 0.9696702
43 0.06759872
44 0.2878558
45 0.7942366
46 0.681391
47 0.5267337
48 0.3540074
49 0.4477673
50 0.8453208
51 0.7491023
52 0.9850162
53 0.7802368
54 0.7498007
55 0.03854429
56 0.7313409
57 0.5127143
58 0.4546528
59 0.08157097
60 0.1656506
61 0.1559741
62 0.3366628
63 0.4112095
64 0.3836516
65 0.1326239
66 0.1112584
67 0.3200341
68 0.4813313
69 0.2753244
70 0.2214672
71 0.4487572
72 0.6280669
73 0.3367094
74 0.05153349
75 0.1723065
76 0.6300621
77 0.6472963
78 0.9301113
79 0.5150213
80 0.8929579
81 0.6476395
82 0.2196435
83 0.3711779
84 0.7915348
85 0.4643073
86 0.2184493
87 0.3471665
88 0.4307956
89 0.7876505
90 0.9700641
91 0.3792611
92 0.1100658
93 0.9662413
94 0.1883373
95 0.5046549
96 0.6165715
97 0.1231406
98 0.6707091
99 0.8801998
100 0.2123671
101 0.4153824
102 0.8138973
103 0.8849162
104 0.7000542
105 0.4810262
106 0.3122161
107 0.2902732
108 0.9428605
109 0.8606787
110 0.3602137
111 0.3298106
112 0.7776779
113 0.1410793
114 0.9689237
115 0.4550512
116 0.6238665
117 0.6191024
118 0.5101318
119 0.2700604
120 0.3799558
121 0.08958897
122 0.1528318
123 0.567489
124 0.5472252
125 0.8213145
126 0.3267659
127 0.2138947
128 0.3920243
129 0.1446349
130 0.6672644
131 0.309064
132 0.7267962
133 0.9618264
134 0.6178812
135 0.3230616
136 0.9998403
137 0.9448844
138 0.4249504
139 0.01202055
140 0.2166901
141 0.2308112
142 0.7864851
143 0.3829233
144 0.05789602
145 0.3438089
146 0.7868221
147 0.4966471
148 0.6291232
149 0.8047317
150 0.515801
151 0.4925596
152 0.8342359
153 0.2172244
154 0.4187125
155 0.1031085
156 0.0004678113
157 0.5743662
158 0.2988441
159 0.01025289
160 0.6609563
161 0.3993787
162 0.3606007
163 0.07972863
164 0.8534039
165 0.2905532
166 0.9241996
167 0.2058883
168 0.04346529
169 0.1450866
170 0.8870803
171 0.3113047
172 0.4991347
173 0.4679147
174 0.4143014
175 0.4413052
176 0.1152638
177 0.2168468
178 0.4165003
179 0.691905
180 0.8704017
181 0.8784253
182 0.9746106
183 0.4504099
184 0.1392512
185 0.09351652
186 0.5684032
187 0.1355882
188 0.9488824
189 0.4285366
190 0.9560306
191 0.2114984
192 0.02428196
193 0.9383331
194 0.8353204
195 0.9300135
196 0.6376627
197 0.7611965
198 0.1156701
199 0.8225298
200 0.9974626
201 0.5554061
202 0.1002089
203 0.6126535
204 0.6615157
205 0.1208075
206 0.9586282
207 0.7479579
208 0.3988482
209 0.938703
210 0.6953454
211 0.3367002
212 0.4729112
213 0.1973299
214 0.5102299
215 0.3925891
216 0.9445026
217 0.7075573
218 0.09059664
219 0.5710255
220 0.8320745
221 0.9889272
222 0.006224071
223 0.4204329
224 0.08812953
225 0.9823055
226 0.5878703
227 0.5623423
228 0.3942629
229 0.5377544
230 0.8049725
231 0.9272843
232 0.9589359
233 0.4191545
234 0.9823487
235 0.5965458
236 0.6034068
237 0.9574803
238 0.130725
239 0.6734962
240 0.4200702
241 0.5134887
242 0.8158793
243 0.404769
244 0.1491055
245 0.9615818
246 0.6013318
247 0.6604742
248 0.8469018
249 0.03392492
250 0.6021398
251 0.5685522
252 0.2948662
253 0.5844439
254 0.5468781
255 0.4791486
256 0.1793486
257 0.3433509
258 0.03813491
259 0.1220106
260 0.9718153
261 0.8702474
262 0.9601036
263 0.9964929
264 0.7469848
265 0.566726
266 0.6956777
267 0.8000342
268 0.9923521
269 0.5260607
270 0.7455635
271 0.9370078
272 0.8614948
273 0.4822679
274 0.4621606
275 0.426584
276 0.8202672
277 0.8179099
278 0.3735621
279 0.001289551
280 0.6843724
281 0.9703813
282 0.7347243
283 0.323104
284 0.2735172
285 0.6182195
286 0.8643215
287 0.04044533
288 0.3054637
289 0.9848183
290 0.02782511
291 0.6599814
292 0.7891303
293 0.9086331
294 0.7649996
295 0.5978381
296 0.05515703
297 0.5246875
298 0.06270321
299 0.8204726
300 0.5934745
301 0.6941178
302 0.08924009
303 0.07035042
304 0.2307246
305 0.4741944
306 0.6027913
307 0.6557919
308 0.6602011
309 0.08841354
310 0.7641009
311 0.3218808
312 0.2607305
313 0.5115095
314 0.07083501
315 0.8686896
316 0.7073985
317 0.1803818
318 0.4404734
319 0.3946433
320 0.284365
321 0.6872708
322 0.4301221
323 0.3405063
324 0.8376004
325 0.1191588
326 0.7649879
327 0.9826693
328 0.9404021
329 0.1919021
330 0.4538409
331 0.8823984
332 0.725591
333 0.2723437
334 0.4697094
335 0.6342923
336 0.9560735
337 0.9339068
338 0.8284437
339 0.02708051
340 0.3524082
341 0.5527853
342 0.2268162
343 0.5470233
344 0.5958756
345 0.5352974
346 0.9900556
347 0.05727769
348 0.5333185
349 0.1905674
350 0.3115269
351 0.5548248
352 0.112349
353 0.007588592
354 0.9650811
355 0.8782327
356 0.07827395
357 0.1471083
358 0.2273741
359 0.4402527
360 0.754502
361 0.830059
362 0.07806258
363 0.1316596
364 0.9949819
365 0.8490576
366 0.9057561
367 0.4887746
368 0.9964696
369 0.9236196
370 0.04854909
371 0.9620437
372 0.3252046
373 0.9248375
374 0.8790794
375 0.676717
376 0.2175444
377 0.9741654
378 0.1127628
379 0.8540598
380 0.4257431
381 0.7332827
382 0.2530487
383 0.435575
384 0.2656281
385 0.4851972
386 0.6060129
387 0.1817649
388 0.9746797
389 0.5764928
390 0.02927519
391 0.7332386
392 0.8466369
393 0.5856975
394 0.0121511
395 0.1797231
396 0.7064731
397 0.3793692
398 0.2923167
399 0.3812521
400 0.9566057
401 0.4845242
402 0.4978978
403 0.2500363
404 0.1373615
405 0.5425972
406 0.1733657
407 0.9767011
408 0.1160312
409 0.3232319
410 0.1892753
411 0.2928512
412 0.06880282
413 0.2848576
414 0.8190826
415 0.01824158
416 0.1854661
417 0.4663136
418 0.4872352
419 0.9919223
420 0.898278
421 0.9450803
422 0.4514131
423 0.5591599
424 0.9108552
425 0.4374183
426 0.9234462
427 0.3062353
428 0.2032064
429 0.2482841
430 0.2763503
431 0.1306425
432 0.7017334
433 0.5166104
434 0.3239005
435 0.4856196
436 0.1403247
437 0.1354958
438 0.07935864
439 0.2491345
440 0.4493202
441 0.6956524
442 0.07619427
443 0.9644293
444 0.5203603
445 0.5960346
446 0.005984959
447 0.5585731
448 0.9798689
449 0.7654965
450 0.8433068
451 0.0655768
452 0.2216801
453 0.4595057
454 0.7756366
455 0.5211353
456 0.6776099
457 0.1184448
458 0.3165986
459 0.2967335
460 0.6446328
461 0.6969886
462 0.2770169
463 0.07254705
464 0.6532864
465 0.1229679
466 0.8991637
467 0.03356235
468 0.0104714
469 0.7975837
470 0.01834784
471 0.4708578
472 0.4699417
473 0.8853516
474 0.9595844
475 0.9472598
476 0.6909026
477 0.50723
478 0.9828221
479 0.2203858
480 0.7172498
481 0.334044
482 0.04983466
483 0.5531412
484 0.1495756
485 0.1394786
486 0.1212886
487 0.2630708
488 0.1029935
489 0.8353164
490 0.7598827
491 0.1536439
492 0.07582694
493 0.4447369
494 0.5350943
495 0.07816434
496 0.9927418
497 0.600834
498 0.1805974
499 0.2073047
500 0.2088929
501 0.9074677
502 0.8027129
503 0.4031602
504 0.9467356
505 0.02952426
506 0.8954661
507 0.4731469
508 0.3876442
509 0.09134087
510 0.2506835
511 0.0296534
512 0.6873176
513 0.6536492
514 0.02061483
515 0.04240616
516 0.800794
517 0.8092463
518 0.7243076
519 0.02999104
520 0.1124826
521 0.01764461
522 0.04565048
523 0.1741959
524 0.02219831
525 0.1798027
526 0.1962812
527 0.04208243
528 0.2198771
529 0.1306642
530 0.5100689
531 0.4878947
532 0.4563464
533 0.3695718
534 0.05849032
535 0.7849298
536 0.1241355
537 0.5281929
538 0.3023556
539 0.0467532
540 0.4583296
541 0.09146047
542 0.1447952
543 0.6376315
544 0.3302006
545 0.6947344
546 0.2061828
547 0.7644067
548 0.9653272
549 0.7757219
550 0.2914903
551 0.1366154
552 0.2246606
553 0.002804502
554 0.1718541
555 0.04126792
556 0.5889575
557 0.08435441
558 0.3390068
559 0.1761067
560 0.9667398
561 0.4348329
562 0.7065397
563 0.008303202
564 0.7691767
565 0.3407929
566 0.6513336
567 0.3958347
568 0.9409893
569 0.05757479
570 0.8810757
571 0.5836642
572 0.006797139
573 0.3159219
574 0.1376668
575 0.3288676
576 0.759545
577 0.7702128
578 0.1404002
579 0.5359686
580 0.9416361
581 0.03480871
582 0.9348957
583 0.4427384
584 0.4538237
585 0.4830227
586 0.7401179
587 0.7229866
588 0.8285138
589 0.7797365
590 0.9837239
591 0.04033725
592 0.7814381
593 0.1422903
594 0.7457417
595 0.2876099
596 0.9605833
597 0.8429703
598 0.9869352
599 0.7761738
600 0.8088165
601 0.6596753
602 0.9632313
603 0.3725733
604 0.640259
605 0.7772606
606 0.008292363
607 0.2553722
608 0.8035042
609 0.3980874
610 0.7501538
611 0.9302417
612 0.1187383
613 0.01327027
614 0.7349687
615 0.6864933
616 0.5312166
617 0.06516337
618 0.08638284
619 0.4260023
620 0.3308044
621 0.5031825
622 0.7241765
623 0.1191582
624 0.6147677
625 0.2704077
626 0.2697902
627 0.1674916
628 0.5533775
629 0.4990688
630 0.05416511
631 0.7214989
632 0.6111604
633 0.542793
634 0.3273887
635 0.4416428
636 0.1320249
637 0.8310487
638 0.8473065
639 0.1475396
640 0.9166776
641 0.4482919
642 0.8235088
643 0.5417701
644 0.5089676
645 0.4164742
646 0.7963593
647 0.02293536
648 0.187772
649 0.3903485
650 0.8476935
651 0.7559901
652 0.6735729
653 0.5002948
654 0.7319219
655 0.181556
656 0.4379529
657 0.553463
658 0.5078839
659 0.956706
660 0.2040693
661 0.8731962
662 0.4660817
663 0.7623222
664 0.7496681
665 0.2854246
666 0.5451662
667 0.439475
668 0.6377197
669 0.9172813
670 0.4518434
671 0.006641643
672 0.6833749
673 0.7938568
674 0.181084
675 0.3852948
676 0.214257
677 0.8835407
678 0.5279575
679 0.5062611
680 0.6300616
681 0.4094114
682 0.6711865
683 0.8994466
684 0.8813903
685 0.2085617
686 0.6536772
687 0.04900893
688 0.2046002
689 0.1392687
690 0.7435776
691 0.8535713
692 0.03421489
693 0.6318844
694 0.9176252
695 0.3624157
696 0.06935812
697 0.6893259
698 0.2193077
699 0.1457522
700 0.8912279
701 0.4137301
702 0.9558831
703 0.134579
704 0.680212
705 0.9353305
706 0.931748
707 0.6013725
708 0.1727196
709 0.05769159
710 0.1687354
711 0.04199691
712 0.07586413
713 0.7676463
714 0.1592584
715 0.4766842
716 0.6002609
717 0.7369228
718 0.1031506
719 0.4303915
720 0.621801
721 0.6090193
722 0.1873615
723 0.7652397
724 0.6329395
725 0.09135112
726 0.3617296
727 0.3888252
728 0.5215218
729 0.9331131
730 0.4242948
731 0.9585897
732 0.9685505
733 0.1305873
734 0.8298582
735 0.5292891
736 0.2721409
737 0.6954498
738 0.3519195
739 0.295917
740 0.1752577
741 0.341815
742 0.04660301
743 0.6817565
744 0.5732579
745 0.6987302
746 0.6326872
747 0.2232055
748 0.9403436
749 0.692179
750 0.6605988
751 0.361262
752 0.6549015
753 0.4604587
754 0.900165
755 0.7534052
756 0.2912263
757 0.256306
758 0.04451408
759 0.8935054
760 0.8375481
761 0.9454983
762 0.5319859
763 0.8225536
764 0.9134772
765 0.008089256
766 0.4195669
767 0.7562026
768 0.7915216
769 0.5851571
770 0.6915378
771 0.6693774
772 0.2574463
773 0.8070602
774 0.1199526
775 0.06862737
776 0.7697527
777 0.7369702
778 0.584238
779 0.6042131
780 0.8485764
781 0.3757773
782 0.7497789
783 0.1682668
784 0.02564889
785 0.9622996
786 0.2975365
787 0.7708692
788 0.1931045
789 0.9051733
790 0.8733017
791 0.7549512
792 0.1838769
793 0.6068925
794 0.08402658
795 0.4757954
796 0.01329057
797 0.3439812
798 0.4450107
799 0.4774234
800 0.2455262
801 0.5698767
802 0.02982592
803 0.9922494
804 0.6196449
805 0.7567005
806 0.8180981
807 0.6079243
808 0.4766904
809 0.5481044
810 0.482912
811 0.2003727
812 0.8743972
813 0.8720736
814 0.4360995
815 0.1450754
816 0.961517
817 0.08563076
818 0.05434428
819 0.3223871
820 0.9553304
821 0.9615759
822 0.2375316
823 0.4668129
824 0.8595566
825 0.03539994
826 0.6262404
827 0.7954871
828 0.2622944
829 0.3381437
830 0.1678015
831 0.4728839
832 0.8997522
833 0.7888245
834 0.7871886
835 0.3104283
836 0.6065757
837 0.5890417
838 0.98288
839 0.5226929
840 0.1519628
841 0.03105994
842 0.8732264
843 0.9758971
844 0.6648677
845 0.5265309
846 0.2662102
847 0.2311215
848 0.1650742
849 0.7199064
850 0.9284941
851 0.4561041
852 0.6995065
853 0.090563
854 0.3477298
855 0.6168489
856 0.396913
857 0.7460786
858 0.4433134
859 0.1391468
860 0.1551914
861 0.9151015
862 0.2900328
863 0.5123976
864 0.2865185
865 0.3028161
866 0.6848015
867 0.5017441
868 0.6851168
869 0.5897775
870 0.9420355
871 0.2422428
872 0.4226628
873 0.9308074
874 0.6750101
875 0.005283514
876 0.5380863
877 0.7403243
878 0.1366729
879 0.642329
880 0.2254213
881 0.1521927
882 0.3159381
883 0.7854252
884 0.1820189
885 0.8244474
886 0.9834461
887 0.3386786
888 0.8449762
889 0.5865794
890 0.614507
891 0.5535647
892 0.7790866
893 0.8586807
894 0.8728806
895 0.1203026
896 0.4656922
897 0.2675168
898 0.4156387
899 0.8748051
900 0.1085573
901 0.3897566
902 0.1271307
903 0.6913844
904 0.8809076
905 0.292796
906 0.08560011
907 0.117507
908 0.6670043
909 0.6093315
910 0.633586
911 0.7872063
912 0.707328
913 0.2891582
914 0.04678555
915 0.8607423
916 0.4709488
917 0.3078828
918 0.9998614
919 0.7630846
920 0.5486545
921 0.163398
922 0.4578955
923 0.8141765
924 0.4202262
925 0.7100301
926 0.4206094
927 0.3385901
928 0.495437
929 0.9699186
930 0.1431722
931 0.6793085
932 0.5407131
933 0.379959
934 0.5766712
935 0.02326894
936 0.9311688
937 0.7120257
938 0.532619
939 0.5716752
940 0.8462387
941 0.1025477
942 0.0747662
943 0.1541314
944 0.7820327
945 0.3342862
946 0.4130169
947 0.455949
948 0.2716916
949 0.9587328
950 0.9639
951 0.281961
952 0.2778619
953 0.5198763
954 0.3358833
955 0.6084044
956 0.6371983
957 0.6737443
958 0.3729491
959 0.3445185
960 0.5728913
961 0.179582
962 0.4787218
963 0.5734811
964 0.3087323
965 0.1625127
966 0.4995445
967 0.6620996
968 0.3156749
969 0.9962343
970 0.3458412
971 0.1302804
972 0.3304949
973 0.7136796
974 0.580454
975 0.3644196
976 0.5177017
977 0.3535845
978 0.5460516
979 0.9782404
980 0.3048249
981 0.7120419
982 0.5742387
983 0.1702585
984 0.9627036
985 0.3337088
986 0.9598743
987 0.5968493
988 0.4248542
989 0.6809291
990 0.6731353
991 0.2624119
992 0.04241999
993 0.5300864
994 0.1992016
995 0.2344487
996 0.1675355
997 0.3352881
998 0.5926816
999 0.5306683
1000 0.7516532
1001 0.004225175
1002 0.7695591
1003 0.5815287
1004 0.3923038
1005 0.4662553
1006 0.5138498
1007 0.9957676
1008 0.3556744
1009 0.6523047
1010 0.4298843
1011 0.3720344
1012 0.9425065
1013 0.4852372
1014 0.9237475
1015 0.08465769
1016 0.4830858
1017 0.4118411
1018 0.878833
1019 0.2872944
1020 0.3920119
1021 0.8812324
1022 0.7268841
1023 0.7782779
1024 0.4199685
1025 0.03387811
1026 0.2634469
1027 0.1217297
1028 0.2970472
1029 0.2659928
1030 0.8766225
1031 0.2771735
1032 0.1025159
1033 0.06447011
1034 0.1990027
1035 0.9455164
1036 0.8099189
1037 0.8349688
1038 0.1786791
1039 0.4732003
1040 0.7880881
1041 0.9490958
1042 0.9734964
1043 0.6031969
1044 0.2144298
1045 0.989641
1046 0.1007342
1047 0.3374232
1048 0.7846879
1049 0.2486445
1050 0.4264961
1051 0.9633471
1052 0.6468495
1053 0.2126646
1054 0.1798818
1055 0.432671
1056 0.279907
1057 0.1831906
1058 0.07846719
1059 0.7281522
1060 0.2907143
1061 0.823965
1062 0.4233562
1063 0.9833755
1064 0.7921055
1065 0.574362
1066 0.2566036
1067 0.2812734
1068 0.6305913
1069 0.6823092
1070 0.6409644
1071 0.5394516
1072 0.1689758
1073 0.2188902
1074 0.9239427
1075 0.7109701
1076 0.4818434
1077 0.8153687
1078 0.9146059
1079 0.9426041
1080 0.6139914
1081 0.04440263
1082 0.137642
1083 0.5589046
1084 0.5060485
1085 0.3143671
1086 0.6875764
1087 0.881752
1088 0.6428485
1089 0.5172608
1090 0.8164746
1091 0.0004223893
1092 0.01097805
1093 0.4887039
1094 0.3456062
1095 0.7278452
1096 0.09863987
1097 0.1519789
1098 0.8740028
1099 0.2017759
1100 0.04891725
1101 0.4177123
1102 0.004035179
1103 0.5132808
1104 0.4504309
1105 0.6159585
1106 0.3536879
1107 0.7939696
1108 0.4628719
1109 0.105247
1110 0.6611981
1111 0.834781
1112 0.4795776
1113 0.02810021
1114 0.2020027
1115 0.1490959
1116 0.1371505
1117 0.006160282
1118 0.745699
1119 0.4951258
1120 0.3289971
1121 0.5935525
1122 0.7402214
1123 0.3901077
1124 0.8260236
1125 0.4205258
1126 0.916021
1127 0.239839
1128 0.03994424
1129 0.03787725
1130 0.0125874
1131 0.9103621
1132 0.1373674
1133 0.6627177
1134 0.2703382
1135 0.6266075
1136 0.6372436
1137 0.7575519
1138 0.7048728
1139 0.02488657
1140 0.8647186
1141 0.9579195
1142 0.4724281
1143 0.5757551
1144 0.1843636
1145 0.3398824
1146 0.1810361
1147 0.5027796
1148 0.6507103
1149 0.366549
1150 0.9280781
1151 0.1050277
1152 0.5877547
1153 0.6243885
1154 0.3761656
1155 0.5530633
1156 0.9393715
1157 0.7198203
1158 0.05925823
1159 0.5952888
1160 0.36871
1161 0.217989
1162 0.6282571
1163 0.872682
1164 0.6075789
1165 0.001902564
1166 0.9857951
1167 0.04780722
1168 0.7227229
1169 0.1547399
1170 0.9972709
1171 0.5735885
1172 0.08731257
1173 0.2294473
1174 0.4979839
1175 0.9093297
1176 0.4171889
1177 0.8654362
1178 0.94525
1179 0.4814914
1180 0.6015313
1181 0.2492651
1182 0.2615131
1183 0.06347618
1184 0.1091505
1185 0.8867324
1186 0.4158613
1187 0.155636
1188 0.6668958
1189 0.4076327
1190 0.3332812
1191 0.3417328
1192 0.6901729
1193 0.888354
1194 0.3321227
1195 0.2043658
1196 0.9212753
1197 0.8130676
1198 0.2886028
1199 0.8148826
1200 0.2463531
1201 0.9448529
1202 0.07561138
1203 0.445466
1204 0.7262986
1205 0.4818276
1206 0.4356855
1207 0.002006439
1208 0.7794503
1209 0.7951353
1210 0.6305548
1211 0.7075189
1212 0.1104762
1213 0.07066175
1214 0.2172683
1215 0.1597193
1216 0.9008653
1217 0.0003865987
1218 0.09584219
1219 0.6626161
1220 0.5221177
1221 0.8087256
1222 0.595775
1223 0.3237446
1224 0.03520429
1225 0.4833643
1226 0.7640505
1227 0.9315194
1228 0.8741446
1229 0.9148168
1230 0.364909
1231 0.3961349
1232 0.4979781
1233 0.01006952
1234 0.3983774
1235 0.9604673
1236 0.9308599
1237 0.2382024
1238 0.3084405
1239 0.8054422
1240 0.9930965
1241 0.2679897
1242 0.768262
1243 0.75159
1244 0.1922986
1245 0.910949
1246 0.9710952
1247 0.1573658
1248 0.2353946
1249 0.9924487
1250 0.1634562
1251 0.3936682
1252 0.6092316
1253 0.4068598
1254 0.08507171
1255 0.3125419
1256 0.5065731
1257 0.6795771
1258 0.6964791
1259 0.3138313
1260 0.2804866
1261 0.5897601
1262 0.4719001
1263 0.5935166
1264 0.5550984
1265 0.8638126
1266 0.1768952
1267 0.650892
1268 0.4785503
1269 0.3252405
1270 0.7438111
1271 0.1282056
1272 0.5868502
1273 0.6824412
1274 0.4475868
1275 0.01709717
1276 0.124274
1277 0.9688538
1278 0.2768549
1279 0.8653817
1280 0.1338137
1281 0.07795869
1282 0.9927475
1283 0.4999181
1284 0.7897323
1285 0.2208603
1286 0.8671456
1287 0.2736084
1288 0.8184719
1289 0.794036
1290 0.1280286
1291 0.5471202
1292 0.3845038
1293 0.8413817
1294 0.2644274
1295 0.3795689
1296 0.223469
1297 0.5289139
1298 0.04694678
1299 0.5015718
1300 0.2738013
1301 0.607011
1302 0.0807041
1303 0.2144615
1304 0.9588819
1305 0.509056
1306 0.1034218
1307 0.8252092
1308 0.2862597
1309 0.4061881
1310 0.3079092
1311 0.9529356
1312 0.2430025
1313 0.9671663
1314 0.7409781
1315 0.8542658
1316 0.3898886
1317 0.8925026
1318 0.9516199
1319 0.3538241
1320 0.4628692
1321 0.8634378
1322 0.458912
1323 0.613135
1324 0.9895736
1325 0.1262573
1326 0.4554581
1327 0.4581037
1328 0.2613533
1329 0.9772467
1330 0.5887452
1331 0.9322679
1332 0.1819716
1333 0.09744766
1334 0.9272715
1335 0.7110785
1336 0.8231148
1337 0.8809544
1338 0.8098267
1339 0.1537331
1340 0.9326758
1341 0.9483375
1342 0.07009331
1343 0.231239
1344 0.8275637
1345 0.03164975
1346 0.2318309
1347 0.5843168
1348 0.2693836
1349 0.5249346
1350 0.1374983
1351 0.873712
1352 0.1903609
1353 0.397293
1354 0.3115905
1355 0.7416352
1356 0.04716724
1357 0.1070535
1358 0.3409814
1359 0.08641173
1360 0.3764465
1361 0.6843443
1362 0.3001357
1363 0.8038103
1364 0.5058363
1365 0.1498853
1366 0.726847
1367 0.4508873
1368 0.8382803
1369 0.129229
1370 0.9669191
1371 0.9611584
1372 0.3940278
1373 0.3479184
1374 0.5984053
1375 0.8616733
1376 0.6549823
1377 0.7174521
1378 0.5202552
1379 0.8139663
1380 0.6564647
1381 0.5618883
1382 0.8480482
1383 0.8342775
1384 0.2014029
1385 0.1942196
1386 0.08167341
1387 0.9369232
1388 0.9170552
1389 0.1267329
1390 0.9716571
1391 0.8774397
1392 0.3486522
1393 0.9551633
1394 0.1123415
1395 0.4610308
1396 0.8870251
1397 0.4128065
1398 0.1977718
1399 0.9983998
1400 0.5756258
1401 0.3548235
1402 0.470348
1403 0.9258855
1404 0.5458857
1405 0.009128656
1406 0.6190073
1407 0.03605284
1408 0.3597127
1409 0.5785999
1410 0.9620648
1411 0.2137972
1412 0.6375002
1413 0.2949444
1414 0.9598256
1415 0.7020909
1416 0.6433694
1417 0.08095977
1418 0.3002941
1419 0.8977389
1420 0.8338615
1421 0.482548
1422 0.9022301
1423 0.4690074
1424 0.6311823
1425 0.8671407
1426 0.9347268
1427 0.6821663
1428 0.03486988
1429 0.892622
1430 0.513331
1431 0.001183598
1432 0.3638083
1433 0.6580357
1434 0.7947079
1435 0.1878521
1436 0.09655001
1437 0.01223192
1438 0.03376438
1439 0.6964409
1440 0.7418571
1441 0.404447
1442 0.9677229
1443 0.7052788
1444 0.9256819
1445 0.9984013
1446 0.2684691
1447 0.6344819
1448 0.5146439
1449 0.3942265
1450 0.2820462
1451 0.1281836
1452 0.300684
1453 0.2235305
1454 0.1016288
1455 0.3219634
1456 0.6416893
1457 0.6791262
1458 0.1505678
1459 0.7306294
1460 0.01412286
1461 0.9613361
1462 0.2055312
1463 0.3916526
1464 0.2428066
1465 0.09105383
1466 0.8759487
1467 0.8885023
1468 0.7132619
1469 0.8896008
1470 0.09330273
1471 0.1756469
1472 0.4879498
1473 0.1808172
1474 0.03991881
1475 0.8761975
1476 0.2121193
1477 0.7835184
1478 0.3117914
1479 0.2531206
1480 0.9688497
1481 0.7216004
1482 0.5938809
1483 0.3425463
1484 0.01798918
1485 0.3248456
1486 0.3708019
1487 0.4652794
1488 0.5164434
1489 0.29737
1490 0.4067642
1491 0.4984095
1492 0.584479
1493 0.4605737
1494 0.4775721
1495 0.4143023
1496 0.7325069
1497 0.3734606
1498 0.2113297
1499 0.4733464
1500 0.1344715
1501 0.8802389
1502 0.6316413
1503 0.3192162
1504 0.390736
1505 0.8297979
1506 0.244972
1507 0.7384718
1508 0.07283978
1509 0.9398148
1510 0.03140783
1511 0.0003081547
1512 0.07671103
1513 0.6540897
1514 0.8040692
1515 0.8488946
1516 0.359251
1517 0.04912346
1518 0.6854273
1519 0.1823543
1520 0.006719027
1521 0.1179574
1522 0.8627474
1523 0.0990272
1524 0.7088724
1525 0.8164996
1526 0.1329067
1527 0.202576
1528 0.6031346
1529 0.2031172
1530 0.1502219
1531 0.3654901
1532 0.2048403
1533 0.3357213
1534 0.30364
1535 0.3478908
1536 0.05472407
1537 0.9833349
1538 0.4110887
1539 0.2838755
1540 0.09685637
1541 0.9740744
1542 0.5150758
1543 0.649699
1544 0.6982454
1545 0.1257192
1546 0.753511
1547 0.1441185
1548 0.9685841
1549 0.8940295
1550 0.6486811
1551 0.9649459
1552 0.3214585
1553 0.4601781
1554 0.4825704
1555 0.7354025
1556 0.3711396
1557 0.1784952
1558 0.8439414
1559 0.7749496
1560 0.6564179
1561 0.4794494
1562 0.7418342
1563 0.6380353
1564 0.2051392
1565 0.9974917
1566 0.3083516
1567 0.5422943
1568 0.2267539
1569 0.9323123
1570 0.1809506
1571 0.6367728
1572 0.02003745
1573 0.378834
1574 0.4054082
1575 0.31464
1576 0.5554865
1577 0.1107655
1578 0.4444617
1579 0.9503841
1580 0.7294445
1581 0.4108513
1582 0.7232943
1583 0.5355225
1584 0.04182823
1585 0.4122464
1586 0.1842974
1587 0.01859428
1588 0.247575
1589 0.275514
1590 0.09025918
1591 0.9400812
1592 0.6256691
1593 0.1390513
1594 0.585149
1595 0.4229957
1596 0.1371099
1597 0.28793
1598 0.7471556
1599 0.41231
1600 0.480315
1601 0.3762029
1602 0.6413179
1603 0.1924282
1604 0.8309819
1605 0.8048576
1606 0.1048068
1607 0.3464902
1608 0.2252799
1609 0.6350878
1610 0.3497261
1611 0.8623728
1612 0.271415
1613 0.247403
1614 0.413244
1615 0.2866447
1616 0.05051073
1617 0.6397938
1618 0.6217278
1619 0.8327654
1620 0.4797629
1621 0.09209421
1622 0.2953507
1623 0.3733373
1624 0.7953352
1625 0.2744052
1626 0.528515
1627 0.823517
1628 0.8711653
1629 0.5503161
1630 0.869773
1631 0.3862933
1632 0.8219907
1633 0.2084058
1634 0.5402083
1635 0.1880922
1636 0.7737839
1637 0.764846
1638 0.6395867
1639 0.2755358
1640 0.2288556
1641 0.5982765
1642 0.7750352
1643 0.1514162
1644 0.1030291
1645 0.5845628
1646 0.4981045
1647 0.8331336
1648 0.9854382
1649 0.4845174
1650 0.236178
1651 0.1931744
1652 0.7016945
1653 0.5812234
1654 0.3306341
1655 0.942296
1656 0.03904184
1657 0.625135
1658 0.1892251
1659 0.1369764
1660 0.007060221
1661 0.03327691
1662 0.2154495
1663 0.6916366
1664 0.6362484
1665 0.5053449
1666 0.293165
1667 0.8207769
1668 0.1128793
1669 0.06248384
1670 0.784066
1671 0.9113605
1672 0.4894616
1673 0.4707826
1674 0.02210467
1675 0.9219766
1676 0.4104313
1677 0.3829894
1678 0.09659092
1679 0.1422703
1680 0.5319509
1681 0.07600111
1682 0.078797
1683 0.6751781
1684 0.4451387
1685 0.3064133
1686 0.04659206
1687 0.5269467
1688 0.4228848
1689 0.9588637
1690 0.4487352
1691 0.09566326
1692 0.8543885
1693 0.4882734
1694 0.3686614
1695 0.6048315
1696 0.7231522
1697 0.1261295
1698 0.708692
1699 0.02410095
1700 0.6250154
1701 0.03558171
1702 0.8025175
1703 0.3111926
1704 0.2292869
1705 0.88585
1706 0.2908957
1707 0.08766735
1708 0.09930275
1709 0.953979
1710 0.8795127
1711 0.4341716
1712 0.3088889
1713 0.2217306
1714 0.03839942
1715 0.4958381
1716 0.8696758
1717 0.0163354
1718 0.9677016
1719 0.9116499
1720 0.9751933
1721 0.7225609
1722 0.1109869
1723 0.8806503
1724 0.6044658
1725 0.1931977
1726 0.6774762
1727 0.1814995
1728 0.2744028
1729 0.8176433
1730 0.3569676
1731 0.8181734
1732 0.2259442
1733 0.08521571
1734 0.6961053
1735 0.2135137
1736 0.1660496
1737 0.007511213
1738 0.7126743
1739 0.9375229
1740 0.1753016
1741 0.1651262
1742 0.5677771
1743 0.02780658
1744 0.9559621
1745 0.2212694
1746 0.73129
1747 0.8909914
1748 0.4606427
1749 0.551744
1750 0.8262963
1751 0.5946462
1752 0.06703987
1753 0.5636448
1754 0.05299272
1755 0.4173698
1756 0.842916
1757 0.02918737
1758 0.7685857
1759 0.9386356
1760 0.7895206
1761 0.5044268
1762 0.9951594
1763 0.4654985
1764 0.8762964
1765 0.349089
1766 0.8024334
1767 0.1942716
1768 0.9382247
1769 0.7087756
1770 0.4765074
1771 0.1393002
1772 0.1810521
1773 0.8951508
1774 0.6179454
1775 0.3927752
1776 0.4869343
1777 0.1402629
1778 0.4309161
1779 0.1877406
1780 0.2964782
1781 0.42681
1782 0.9743347
1783 0.2067459
1784 0.4261472
1785 0.6513837
1786 0.1055102
1787 0.03020833
1788 0.3390803
1789 0.2390616
1790 0.4770864
1791 0.2502414
1792 0.07772482
1793 0.01582894
1794 0.3107121
1795 0.0723276
1796 0.1433079
1797 0.6915672
1798 0.6128481
1799 0.8401729
1800 0.1304532
1801 0.4872417
1802 0.6055994
1803 0.167999
1804 0.1836138
1805 0.6442339
1806 0.2740065
1807 0.141679
1808 0.4360171
1809 0.6662131
1810 0.4500963
1811 0.1442497
1812 0.5810416
1813 0.6143407
1814 0.5407623
1815 0.03943792
1816 0.3993114
1817 0.1459624
1818 0.9972429
1819 0.01511392
1820 0.5930498
1821 0.6974296
1822 0.2502588
1823 0.11691
1824 0.197391
1825 0.6580804
1826 0.6342971
1827 0.5234963
1828 0.2416303
1829 0.2851329
1830 0.2772121
1831 0.0008660571
1832 0.3463824
1833 0.9544457
1834 0.7990353
1835 0.1359532
1836 0.9897972
1837 0.2750954
1838 0.5164579
1839 0.497423
1840 0.1372575
1841 0.5364704
1842 0.7539619
1843 0.8349489
1844 0.3900926
1845 0.3078853
1846 0.5436079
1847 0.6660121
1848 0.3287674
1849 0.8193846
1850 0.6524794
1851 0.8221637
1852 0.6000402
1853 0.8540031
1854 0.3930605
1855 0.4892484
1856 0.9961322
1857 0.6781687
1858 0.1477508
1859 0.5562307
1860 0.3991141
1861 0.8597816
1862 0.8659496
1863 0.1616684
1864 0.7517132
1865 0.4573962
1866 0.06980858
1867 0.3748853
1868 0.6592741
1869 0.6254694
1870 0.7506255
1871 0.6901512
1872 0.9279685
1873 0.8563244
1874 0.03033442
1875 0.07205784
1876 0.8422718
1877 0.768094
1878 0.1141077
1879 0.2625245
1880 0.2394093
1881 0.5665078
1882 0.3265173
1883 0.7250582
1884 0.7144818
1885 0.4348633
1886 0.2111149
1887 0.8043622
1888 0.7439098
1889 0.900519
1890 0.3122557
1891 0.4445344
1892 0.07074199
1893 0.7946942
1894 0.9419163
1895 0.3829197
1896 0.0226312
1897 0.4502492
1898 0.06025407
1899 0.6815629
1900 0.3040547
1901 0.005297922
1902 0.02193646
1903 0.3082663
1904 0.6008583
1905 0.7648059
1906 0.8689838
1907 0.6296212
1908 0.6485876
1909 0.008274708
1910 0.9295074
1911 0.3988115
1912 0.6515676
1913 0.6436587
1914 0.271123
1915 0.9074732
1916 0.4175153
1917 0.3374291
1918 0.7647924
1919 0.5877664
1920 0.5691572
1921 0.4468753
1922 0.2070455
1923 0.07392074
1924 0.5915239
1925 0.8887854
1926 0.3989817
1927 0.1981916
1928 0.1500274
1929 0.9792268
1930 0.4883576
1931 0.7973824
1932 0.08437355
1933 0.4582736
1934 0.3852628
1935 0.1701683
1936 0.7029329
1937 0.01666753
1938 0.3642895
1939 0.3337473
1940 0.008716635
1941 0.4596121
1942 0.2772794
1943 0.2459314
1944 0.8513962
1945 0.9993023
1946 0.7341856
1947 0.316566
1948 0.1096947
1949 0.7985593
1950 0.3341384
1951 0.005536945
1952 0.6581009
1953 0.4486036
1954 0.4893412
1955 0.2212384
1956 0.9508845
1957 0.6616623
1958 0.6126537
1959 0.4917062
1960 0.6548601
1961 0.4118504
1962 0.6087905
1963 0.6302137
1964 0.3152787
1965 0.05529416
1966 0.1022083
1967 0.09097823
1968 0.701805
1969 0.4227013
1970 0.2583426
1971 0.8416007
1972 0.8812428
1973 0.9975279
1974 0.876587
1975 0.4606823
1976 0.07131797
1977 0.3889843
1978 0.2000609
1979 0.1774805
1980 0.571482
1981 0.697902
1982 0.05437936
1983 0.5315507
1984 0.719404
1985 0.8663453
1986 0.4117984
1987 0.750258
1988 0.4322666
1989 0.5592561
1990 0.9175125
1991 0.9953503
1992 0.1405113
1993 0.1721585
1994 0.9743621
1995 0.7065809
1996 0.1678403
1997 0.07227886
1998 0.6087331
1999 0.3565489
2000 0.6113034
2001 0.4714505
2002 0.899464
2003 0.3275136
2004 0.6818058
2005 0.5471812
2006 0.06165477
2007 0.1260471
2008 0.7586817
2009 0.2926915
2010 0.899434
2011 0.3910486
2012 0.1111901
2013 0.3384548
2014 0.9619489
2015 0.9313765
2016 0.6122165
2017 0.4339017
2018 0.3840464
2019 0.2013287
2020 0.840139
2021 0.3222429
2022 0.8165106
2023 0.355714
2024 0.3333893
2025 0.9485271
2026 0.5626547
2027 0.2768185
2028 0.8759825
2029 0.07975654
2030 0.7545034
2031 0.5344975
2032 0.3586173
2033 0.6681064
2034 0.1293251
2035 0.1197113
2036 0.1183664
2037 0.9920208
2038 0.8609739
2039 0.3443245
2040 0.5697692
2041 0.3262459
2042 0.4849486
2043 0.2996845
2044 0.2576968
2045 0.9284623
2046 0.1411353
2047 0.1981057
2048 0.1026554
2049 0.549753
2050 0.07523818
2051 0.2683514
2052 0.3498823
2053 0.3875845
2054 0.1296096
2055 0.2997226
2056 0.07498536
2057 0.4091662
2058 0.8993744
2059 0.01807742
2060 0.7028624
2061 0.3313687
2062 0.9023827
2063 0.7027916
2064 0.9236165
2065 0.0651963
2066 0.9077885
2067 0.5480776
2068 0.4610648
2069 0.7982407
2070 0.1622414
2071 0.9123843
2072 0.006159463
2073 0.9617081
2074 0.1750772
2075 0.5866755
2076 0.8470543
2077 0.5670653
2078 0.9529719
2079 0.7497209
2080 0.7745544
2081 0.4566061
2082 0.3151001
2083 0.1452823
2084 0.5671378
2085 0.1267279
2086 0.7009674
2087 0.2967566
2088 0.2062908
2089 0.637752
2090 0.8961016
2091 0.154502
2092 0.06827612
2093 0.02546395
2094 0.1275227
2095 0.4170522
2096 0.382335
2097 0.8602614
2098 0.7122507
2099 0.07461548
2100 0.714807
2101 0.9864659
2102 0.9880004
2103 0.6037687
2104 0.4930183
2105 0.08199314
2106 0.5266548
2107 0.6876401
2108 0.4597954
2109 0.04993844
2110 0.6213472
2111 0.8897267
2112 0.4721506
2113 0.413237
2114 0.5398536
2115 0.8003329
2116 0.250685
2117 0.6603326
2118 0.7463774
2119 0.3224899
2120 0.1515305
2121 0.9852442
2122 0.7805378
2123 0.7136777
2124 0.8378407
2125 0.05208092
2126 0.39629
2127 0.08560981
2128 0.9831718
2129 0.2739854
2130 0.8338807
2131 0.06768092
2132 0.05595108
2133 0.9247066
2134 0.9834962
2135 0.108877
2136 0.09800963
2137 0.8610299
2138 0.6778592
2139 0.09059568
2140 0.9882179
2141 0.09104519
2142 0.6052949
2143 0.9931724
2144 0.9251188
2145 0.3041728
2146 0.002411704
2147 0.2770577
2148 0.6140825
2149 0.7251264
2150 0.6087781
2151 0.6251957
2152 0.8365141
2153 0.7049634
2154 0.374548
2155 0.2526605
2156 0.2009294
2157 0.3892699
2158 0.815161
2159 0.7684298
2160 0.4967034
2161 0.1943206
2162 0.4807436
2163 0.4812913
2164 0.301181
2165 0.1271034
2166 0.6454702
2167 0.7527395
2168 0.2015248
2169 0.8680659
2170 0.5959992
2171 0.7088491
2172 0.08804757
2173 0.4818578
2174 0.07287867
2175 0.7285941
2176 0.2825536
2177 0.3377023
2178 0.1077651
2179 0.2913376
2180 0.2811381
2181 0.9833999
2182 0.06644438
2183 0.8385097
2184 0.6283682
2185 0.6556799
2186 0.8688135
2187 0.423692
2188 0.4162851
2189 0.6894344
2190 0.06628132
2191 0.4929748
2192 0.1095312
2193 0.05805079
2194 0.3196045
2195 0.6589161
2196 0.3964327
2197 0.5117613
2198 0.7935293
2199 0.4971916
2200 0.5682658
2201 0.6547553
2202 0.01821521
2203 0.163036
2204 0.007537694
2205 0.8111317
2206 0.06848439
2207 0.8111738
2208 0.9301981
2209 0.8823675
2210 0.8720063
2211 0.6830773
2212 0.4276773
2213 0.4202243
2214 0.7995954
2215 0.02814989
2216 0.1083532
2217 0.8663643
2218 0.8894375
2219 0.5381729
2220 0.08094399
2221 0.4533292
2222 0.9740513
2223 0.4786806
2224 0.8407148
2225 0.3745651
2226 0.4008947
2227 0.4327465
2228 0.5639329
2229 0.5795986
2230 0.09990729
2231 0.2823255
2232 0.2251428
2233 0.7958269
2234 0.1352902
2235 0.3489268
2236 0.003149443
2237 0.810611
2238 0.05732471
2239 0.5497254
2240 0.4122879
2241 0.4369256
2242 0.191919
2243 0.3514887
2244 0.9542198
2245 0.9363249
2246 0.348165
2247 0.1865485
2248 0.5227188
2249 0.07755448
2250 0.1413124
2251 0.06250664
2252 0.4317356
2253 0.7190415
2254 0.5398131
2255 0.9340341
2256 0.6414118
2257 0.7594116
2258 0.005207247
2259 0.8245703
2260 0.1562209
2261 0.9438066
2262 0.8609232
2263 0.6881675
2264 0.4596096
2265 0.09253543
2266 0.541505
2267 0.5938144
2268 0.1191311
2269 0.1221718
2270 0.5510902
2271 0.9367792
2272 0.1744963
2273 0.02853031
2274 0.8757034
2275 0.6715762
2276 0.8774493
2277 0.8982735
2278 0.6900963
2279 0.1908263
2280 0.4079081
2281 0.4060317
2282 0.8390396
2283 0.1815412
2284 0.2656443
2285 0.9857248
2286 0.6167894
2287 0.2061244
2288 0.2951926
2289 0.4141601
2290 0.1964637
2291 0.6819238
2292 0.8892468
2293 0.6884374
2294 0.7514764
2295 0.3306971
2296 0.3803472
2297 0.3616738
2298 0.8814866
2299 0.522116
2300 0.07033913
2301 0.2478488
2302 0.4824848
2303 0.8962093
2304 0.2036162
2305 0.3038864
2306 0.9003447
2307 0.3852184
2308 0.6411445
2309 0.0749031
2310 0.7496013
2311 0.6891361
2312 0.6673093
2313 0.3563963
2314 0.09181585
2315 0.2646516
2316 0.3340472
2317 0.4423873
2318 0.3926991
2319 0.8773418
2320 0.002360673
2321 0.919591
2322 0.2145276
2323 0.4772683
2324 0.8071911
2325 0.09666998
2326 0.5377344
2327 0.2212544
2328 0.6797303
2329 0.1731773
2330 0.009336577
2331 0.4470334
2332 0.4331352
2333 0.883989
2334 0.9189371
2335 0.09190356
2336 0.3652904
2337 0.5879369
2338 0.2970747
2339 0.720517
2340 0.2978344
2341 0.2621338
2342 0.6192239
2343 0.5980225
2344 0.5709515
2345 0.07719534
2346 0.08393773
2347 0.6111693
2348 0.2576815
2349 0.7425692
2350 0.02416388
2351 0.590558
2352 0.9622004
2353 0.3639938
2354 0.7185037
2355 0.9391909
2356 0.1439041
2357 0.8156414
2358 0.3114473
2359 0.2711132
2360 0.6994542
2361 0.9586909
2362 0.2728302
2363 0.1551115
2364 0.607302
2365 0.8516027
2366 0.925567
2367 0.7450643
2368 0.4403216
2369 0.003095647
2370 0.7069695
2371 0.7550798
2372 0.2856866
2373 0.415945
2374 0.5750286
2375 0.989702
2376 0.02286764
2377 0.6140096
2378 0.07891916
2379 0.3433897
2380 0.9506262
2381 0.2753355
2382 0.7061405
2383 0.3915339
2384 0.0409032
2385 0.1520581
2386 0.08270219
2387 0.302119
2388 0.3701525
2389 0.926164
2390 0.7716979
2391 0.5210307
2392 0.06425758
2393 0.6117231
2394 0.6596322
2395 0.09665155
2396 0.8573192
2397 0.04806041
2398 0.9645196
2399 0.3754845
2400 0.3302951
2401 0.7862639
2402 0.5282979
2403 0.1252624
2404 0.3774349
2405 0.6209668
2406 0.8074721
2407 0.0864219
2408 0.4287206
2409 0.8982414
2410 0.2121832
2411 0.4131551
2412 0.7409099
2413 0.9025861
2414 0.09359045
2415 0.02042447
2416 0.5562564
2417 0.9353466
2418 0.8287484
2419 0.09475603
2420 0.3578313
2421 0.9704742
2422 0.2358131
2423 0.8419734
2424 0.1844171
2425 0.5925404
2426 0.1061556
2427 0.3518893
2428 0.6841466
2429 0.577341
2430 0.03413176
2431 0.6437398
2432 0.1126763
2433 0.4638925
2434 0.683154
2435 0.08850259
2436 0.4538199
2437 0.6360431
2438 0.5077425
2439 0.3762648
2440 0.6900027
2441 0.01981231
2442 0.2756084
2443 0.9314545
2444 0.5845454
2445 0.06140068
2446 0.246801
2447 0.2392636
2448 0.6424337
2449 0.07355316
2450 0.6498511
2451 0.490597
2452 0.8219685
2453 0.6014601
2454 0.9842892
2455 0.5683124
2456 0.448052
2457 0.9778291
2458 0.8062197
2459 0.3940599
2460 0.5525995
2461 0.2765525
2462 0.2770869
2463 0.2594288
2464 0.855116
2465 0.4341669
2466 0.7454549
2467 0.09097048
2468 0.3875302
2469 0.2342708
2470 0.2851878
2471 0.09809369
2472 0.8203677
2473 0.6016052
2474 0.2491567
2475 0.9768982
2476 0.7786733
2477 0.4714394
2478 0.3146437
2479 0.3136865
2480 0.5831171
2481 0.965265
2482 0.5890612
2483 0.6500567
2484 0.001371917
2485 0.4246397
2486 0.5607763
2487 0.6435217
2488 0.9481791
2489 0.4674974
2490 0.9909566
2491 0.8020275
2492 0.5563297
2493 0.80792
2494 0.9440644
2495 0.3280471
2496 0.8012606
2497 0.3649862
2498 0.507429
2499 0.2217767
2500 0.1089057
2501 0.3882773
2502 0.4558912
2503 0.4956655
2504 0.7543851
2505 0.4811199
2506 0.246428
2507 0.7753861
2508 0.9930545
2509 0.5375653
2510 0.07575437
2511 0.7786031
2512 0.04295737
2513 0.5698399
2514 0.9233838
2515 0.2054778
2516 0.9066166
2517 0.2895819
2518 0.9263297
2519 0.7943709
2520 0.5532387
2521 0.3703086
2522 0.6163937
2523 0.1010251
2524 0.1135005
2525 0.3679753
2526 0.1235036
2527 0.8759778
2528 0.001704849
2529 0.2575448
2530 0.3788759
2531 0.6474006
2532 0.336928
2533 0.7874237
2534 0.05596286
2535 0.9236071
2536 0.6171333
2537 0.4431663
2538 0.4370465
2539 0.5173036
2540 0.2837232
2541 0.9767252
2542 0.5787199
2543 0.4581493
2544 0.5865279
2545 0.229679
2546 0.7715518
2547 0.7066492
2548 0.4439967
2549 0.3820551
2550 0.3948695
2551 0.2941829
2552 0.7552216
2553 0.9461193
2554 0.1561694
2555 0.4815656
2556 0.9892312
2557 0.9214207
2558 0.7461963
2559 0.8137451
2560 0.5320532
2561 0.9716763
2562 0.158264
2563 0.7812826
2564 0.8768457
2565 0.2921085
2566 0.2841139
2567 0.926429
2568 0.5609389
2569 0.4147759
2570 0.9634719
2571 0.6255362
2572 0.857409
2573 0.3959117
2574 0.8393097
2575 0.1491334
2576 0.8526019
2577 0.7526188
2578 0.09114484
2579 0.6525036
2580 0.1363206
2581 0.3916206
2582 0.4320307
2583 0.8414216
2584 0.4896803
2585 0.9041324
2586 0.1722623
2587 0.7370496
2588 0.2582985
2589 0.3448003
2590 0.7553027
2591 0.609041
2592 0.2596632
2593 0.3408156
2594 0.2376247
2595 0.9617552
2596 0.20946
2597 0.5827461
2598 0.06278712
2599 0.1332101
2600 0.5015866
2601 0.8697958
2602 0.7833488
2603 0.9555775
2604 0.9265183
2605 0.481092
2606 0.661891
2607 0.8993403
2608 0.08253085
2609 0.6280504
2610 0.596873
2611 0.1145573
2612 0.7928079
2613 0.6214959
2614 0.7063524
2615 0.988505
2616 0.7619117
2617 0.2784644
2618 0.5126184
2619 0.4982227
2620 0.4061624
2621 0.670786
2622 0.3342118
2623 0.3790655
2624 0.8845544
2625 0.118637
2626 0.005471643
2627 0.7002106
2628 0.9917997
2629 0.08339361
2630 0.849166
2631 0.8038478
2632 0.5901626
2633 0.9019607
2634 0.685877
2635 0.7397018
2636 0.1826335
2637 0.7989517
2638 0.3824685
2639 0.8002597
2640 0.6969337
2641 0.7330042
2642 0.9104424
2643 0.4388835
2644 0.8343788
2645 0.7578076
2646 0.4458279
2647 0.5965401
2648 0.5243889
2649 0.6573388
2650 0.3043456
2651 0.8607567
2652 0.2846217
2653 0.9339397
2654 0.6606544
2655 0.2953766
2656 0.4202892
2657 0.2374362
2658 0.6997763
2659 0.03656699
2660 0.6866426
2661 0.01738486
2662 0.4908997
2663 0.2914228
2664 0.1679914
2665 0.561482
2666 0.3030988
2667 0.4190166
2668 0.8232516
2669 0.7324985
2670 0.7963442
2671 0.780724
2672 0.7834448
2673 0.07510418
2674 0.5430146
2675 0.03394014
2676 0.9855122
2677 0.8955559
2678 0.2950778
2679 0.7080043
2680 0.2049344
2681 0.9549435
2682 0.5821403
2683 0.733803
2684 0.04368841
2685 0.281718
2686 0.2241797
2687 0.960345
2688 0.9485052
2689 0.3190945
2690 0.4976115
2691 0.08112172
2692 0.4307688
2693 0.3372648
2694 0.04767139
2695 0.5642516
2696 0.779209
2697 0.3483933
2698 0.6520307
2699 0.9189657
2700 0.1693461
2701 0.5045059
2702 0.7264058
2703 0.5396052
2704 0.4301524
2705 0.6900626
2706 0.8620845
2707 0.7990743
2708 0.5785986
2709 0.3737574
2710 0.5677065
2711 0.2570902
2712 0.6372533
2713 0.3364728
2714 0.1090253
2715 0.05884048
2716 0.7661157
2717 0.7931985
2718 0.2304658
2719 0.8307342
2720 0.518867
2721 0.1122995
2722 0.2515942
2723 0.8796901
2724 0.2808774
2725 0.5632788
2726 0.6665399
2727 0.4659752
2728 0.1691203
2729 0.9139155
2730 0.7426259
2731 0.1318804
2732 0.6245742
2733 0.3138651
2734 0.379454
2735 0.2139166
2736 0.2526357
2737 0.5844022
2738 0.1759754
2739 0.736726
2740 0.4737611
2741 0.9542452
2742 0.2192865
2743 0.2796371
2744 0.955603
2745 0.2106133
2746 0.3296106
2747 0.1145912
2748 0.8761009
2749 0.5451271
2750 0.7969121
2751 0.1677942
2752 0.06508247
2753 0.4870567
2754 0.6166145
2755 0.4952641
2756 0.05640971
2757 0.2689374
2758 0.7947305
2759 0.469191
2760 0.8866923
2761 0.03856472
2762 0.6759415
2763 0.999094
2764 0.3914039
2765 0.231969
2766 0.2014226
2767 0.2475157
2768 0.9370065
2769 0.4928663
2770 0.9555306
2771 0.03171456
2772 0.7222204
2773 0.5237509
2774 0.2632602
2775 0.8311621
2776 0.1784636
2777 0.1301826
2778 0.6841857
2779 0.04687965
2780 0.8137824
2781 0.5391772
2782 0.7317179
2783 0.5683226
2784 0.2577195
2785 0.5326513
2786 0.02989951
2787 0.7911715
2788 0.3052615
2789 0.9354025
2790 0.0900873
2791 0.6156136
2792 0.5743087
2793 0.01620846
2794 0.2239996
2795 0.9480555
2796 0.2733296
2797 0.5461722
2798 0.671283
2799 0.9012375
2800 0.4478412
2801 0.6474335
2802 0.4584585
2803 0.6043295
2804 0.1661247
2805 0.08447639
2806 0.3741831
2807 0.06561593
2808 0.4445129
2809 0.1873521
2810 0.7976404
2811 0.4048811
2812 0.07063062
2813 0.1419715
2814 0.6739116
2815 0.3482082
2816 0.1870977
2817 0.2909366
2818 0.593912
2819 0.1611854
2820 0.4443621
2821 0.2814394
2822 0.353943
2823 0.2054662
2824 0.1688307
2825 0.3140965
2826 0.7967835
2827 0.09111119
2828 0.06224373
2829 0.8821762
2830 0.1510788
2831 0.1028171
2832 0.1915745
2833 0.7548631
2834 0.5600371
2835 0.3989826
2836 0.5080004
2837 0.1617143
2838 0.2144679
2839 0.229837
2840 0.866901
2841 0.0776028
2842 0.8708665
2843 0.909502
2844 0.8723083
2845 0.7769311
2846 0.6769553
2847 0.01444707
2848 0.01442608
2849 0.08338534
2850 0.532734
2851 0.02563944
2852 0.8060753
2853 0.7899166
2854 0.970789
2855 0.1469647
2856 0.02142921
2857 0.1253582
2858 0.3583787
2859 0.898491
2860 0.05651819
2861 0.06309669
2862 0.8439633
2863 0.0232767
2864 0.6384165
2865 0.03554119
2866 0.000218019
2867 0.04101452
2868 0.1363116
2869 0.7765465
2870 0.06660296
2871 0.2077286
2872 0.3683087
2873 0.5779066
2874 0.9676322
2875 0.2040781
2876 0.7833812
2877 0.2845064
2878 0.8679622
2879 0.4544347
2880 0.4808849
2881 0.9484419
2882 0.5673156
2883 0.795571
2884 0.5028282
2885 0.3274997
2886 0.1967915
2887 0.07251704
2888 0.5735409
2889 0.9760649
2890 0.6030369
2891 0.7915686
2892 0.289154
2893 0.4168047
2894 0.1513031
2895 0.3462492
2896 0.4037723
2897 0.6933476
2898 0.03351014
2899 0.9181065
2900 0.5554589
2901 0.4291735
2902 0.4381278
2903 0.2563731
2904 0.9860152
2905 0.1648047
2906 0.9286154
2907 0.3819405
2908 0.9482359
2909 0.3797863
2910 0.2182359
2911 0.6523526
2912 0.1380302
2913 0.695414
2914 0.2455396
2915 0.812254
2916 0.4211208
2917 0.1085237
2918 0.4081259
2919 0.389196
2920 0.3972964
2921 0.7516194
2922 0.1027291
2923 0.5999034
2924 0.07723401
2925 0.8507119
2926 0.4968275
2927 0.1139686
2928 0.769513
2929 0.4433815
2930 0.6414909
2931 0.9458812
2932 0.643901
2933 0.3792687
2934 0.1193527
2935 0.8344917
2936 0.6681948
2937 0.4897298
2938 0.09253538
2939 0.6908105
2940 0.9918164
2941 0.4792646
2942 0.3767742
2943 0.8259877
2944 0.9042023
2945 0.946139
2946 0.2814706
2947 0.9901564
2948 0.8358843
2949 0.7706987
2950 0.6018348
2951 0.414095
2952 0.8060369
2953 0.1353208
2954 0.4383054
2955 0.0455716
2956 0.4872788
2957 0.6497539
2958 0.006591586
2959 0.731903
2960 0.1230222
2961 0.2834322
2962 0.1689343
2963 0.6209046
2964 0.8121723
2965 0.02833581
2966 0.3810896
2967 0.235164
2968 0.01109938
2969 0.07904127
2970 0.4419872
2971 0.5938283
2972 0.9364948
2973 0.4672314
2974 0.5744388
2975 0.1459404
2976 0.8219989
2977 0.5528527
2978 0.7677176
2979 0.6815847
2980 0.1199837
2981 0.4507283
2982 0.9585765
2983 0.8350961
2984 0.1995436
2985 0.92615
2986 0.04268839
2987 0.7267239
2988 0.8411254
2989 0.02200011
2990 0.4970097
2991 0.4973841
2992 0.7477541
2993 0.3818815
2994 0.1725503
2995 0.1381134
2996 0.1811279
2997 0.4729098
2998 0.4634408
2999 0.7687861
3000 0.06027371
3001 0.05938569
3002 0.003843279
3003 0.1711118
3004 0.9355117
3005 0.4428747
3006 0.2469858
3007 0.86621
3008 0.3097716
3009 0.1058342
3010 0.595634
3011 0.7290861
3012 0.4957743
3013 0.8662089
3014 0.1364547
3015 0.695653
3016 0.5575902
3017 0.1816048
3018 0.5427061
3019 0.8007916
3020 0.3260651
3021 0.2030706
3022 0.05340382
3023 0.9314656
3024 0.3251724
3025 0.1869075
3026 0.3450735
3027 0.8090347
3028 0.1188265
3029 0.7440135
3030 0.06565807
3031 0.1497826
3032 0.8190849
3033 0.6617351
3034 0.4704575
3035 0.09973673
3036 0.2948847
3037 0.2325375
3038 0.01026979
3039 0.1335913
3040 0.6542197
3041 0.3732504
3042 0.6376646
3043 0.1752332
3044 0.5923488
3045 0.9433283
3046 0.6760836
3047 0.890578
3048 0.2759983
3049 0.2946638
3050 0.2076536
3051 0.03013388
3052 0.2970117
3053 0.3027067
3054 0.0161229
3055 0.7527461
3056 0.7856019
3057 0.6529121
3058 0.7598222
3059 0.002469064
3060 0.9457642
3061 0.1510965
3062 0.2471141
3063 0.8340266
3064 0.9549207
3065 0.6883847
3066 0.9199995
3067 0.2950551
3068 0.8907941
3069 0.1734793
3070 0.02425725
3071 0.346793
3072 0.7788165
3073 0.5743655
3074 0.2450764
3075 0.9659421
3076 0.9073024
3077 0.2892063
3078 0.08872687
3079 0.4273368
3080 0.2355621
3081 0.08574689
3082 0.5798351
3083 0.6495759
3084 0.8848911
3085 0.61229
3086 0.621038
3087 0.3916173
3088 0.3038805
3089 0.2168908
3090 0.7516867
3091 0.7995297
3092 0.8308988
3093 0.2664343
3094 0.5761113
3095 0.1159936
3096 0.8881818
3097 0.1264609
3098 0.67144
3099 0.3449769
3100 0.4776699
3101 0.0002582668
3102 0.980254
3103 0.5840017
3104 0.9661279
3105 0.0587673
3106 0.7507241
3107 0.6634218
3108 0.8137242
3109 0.7835394
3110 0.579863
3111 0.6437383
3112 0.7318929
3113 0.2355024
3114 0.9622582
3115 0.5183407
3116 0.6755034
3117 0.59382
3118 0.3233651
3119 0.001844483
3120 0.9199837
3121 0.4550778
3122 0.3850069
3123 0.8890965
3124 0.7713689
3125 0.4416423
3126 0.8073802
3127 0.5251616
3128 0.6300889
3129 0.2475771
3130 0.1160633
3131 0.8166072
3132 0.8414534
3133 0.3326568
3134 0.1038614
3135 0.3926562
3136 0.2536843
3137 0.4514121
3138 0.358691
3139 0.6984978
3140 0.7199371
3141 0.06160898
3142 0.4965662
3143 0.3297549
3144 0.7250201
3145 0.5952836
3146 0.6148472
3147 0.1540252
3148 0.4271054
3149 0.009003373
3150 0.3373424
3151 0.4492716
3152 0.4442428
3153 0.4809011
3154 0.9239912
3155 0.680517
3156 0.835694
3157 0.9257771
3158 0.04706931
3159 0.01200902
3160 0.4202421
3161 0.2485314
3162 0.5192804
3163 0.1329091
3164 0.4343501
3165 0.2242906
3166 0.7087719
3167 0.7306552
3168 0.6547012
3169 0.7738683
3170 0.812599
3171 0.6082356
3172 0.9130289
3173 0.2048957
3174 0.05803313
3175 0.2665404
3176 0.9833521
3177 0.8140755
3178 0.4310835
3179 0.07155279
3180 0.3131492
3181 0.3970774
3182 0.8700506
3183 0.3161855
3184 0.2776199
3185 0.1062981
3186 0.681708
3187 0.3895707
3188 0.652981
3189 0.4733254
3190 0.7453513
3191 0.523529
3192 0.5514118
3193 0.7419576
3194 0.0949452
3195 0.4165003
3196 0.6202814
3197 0.0882292
3198 0.01375356
3199 0.538397
3200 0.4421047
3201 0.3390094
3202 0.2225557
3203 0.6263438
3204 0.03729918
3205 0.05541252
3206 0.6256964
3207 0.992152
3208 0.5732301
3209 0.6792174
3210 0.09927878
3211 0.5976415
3212 0.6179444
3213 0.5136136
3214 0.2903172
3215 0.9269333
3216 0.2391692
3217 0.1438674
3218 0.02138714
3219 0.192735
3220 0.1281539
3221 0.09032371
3222 0.5569222
3223 0.4203725
3224 0.2349938
3225 0.7649591
3226 0.6521499
3227 0.529204
3228 0.4603436
3229 0.6168982
3230 0.161165
3231 0.6367966
3232 0.3457067
3233 0.9718423
3234 0.7415324
3235 0.5985479
3236 0.61969
3237 0.3457573
3238 0.4476432
3239 0.7762414
3240 0.838463
3241 0.5531043
3242 0.7864057
3243 0.2358556
3244 0.235062
3245 0.7158863
3246 0.8857012
3247 0.2470125
3248 0.2499326
3249 0.9942371
3250 0.9544939
3251 0.6017321
3252 0.4118624
3253 0.8629627
3254 0.0005736137
3255 0.6036823
3256 0.8316116
3257 0.9864252
3258 0.9168209
3259 0.1896467
3260 0.6713693
3261 0.3713672
3262 0.9915143
3263 0.5468724
3264 0.4310154
3265 0.1143058
3266 0.5890913
3267 0.5984418
3268 0.3506363
3269 0.4891628
3270 0.137491
3271 0.737691
3272 0.2491723
3273 0.6979526
3274 0.6670194
3275 0.6657504
3276 0.3458625
3277 0.03928239
3278 0.8058108
3279 0.9155345
3280 0.8603879
3281 0.2029374
3282 0.7628237
3283 0.2868002
3284 0.4424673
3285 0.5477086
3286 0.5604614
3287 0.8286099
3288 0.8575843
3289 0.8849309
3290 0.2500207
3291 0.5414665
3292 0.4562855
3293 0.4219066
3294 0.4134712
3295 0.6891311
3296 0.348022
3297 0.78684
3298 0.4556054
3299 0.6800591
3300 0.08481785
3301 0.8414381
3302 0.7020734
3303 0.8431297
3304 0.5960185
3305 0.07570161
3306 0.5854326
3307 0.4733211
3308 0.6919423
3309 0.1362673
3310 0.6592479
3311 0.6597275
3312 0.9073347
3313 0.6144226
3314 0.04133462
3315 0.8595552
3316 0.8457099
3317 0.962302
3318 0.4473853
3319 0.3695667
3320 0.9608717
3321 0.1166946
3322 0.01431123
3323 0.926782
3324 0.7352688
3325 0.2267113
3326 0.6853633
3327 0.8603804
3328 0.8795523
3329 0.12857
3330 0.07496563
3331 0.4880962
3332 0.6749191
3333 0.7813568
3334 0.5801907
3335 0.1701726
3336 0.07522038
3337 0.8828698
3338 0.947342
3339 0.01729487
3340 0.6575107
3341 0.7312475
3342 0.592842
3343 0.5011619
3344 0.6090554
3345 0.2725719
3346 0.3409981
3347 0.06685716
3348 0.5779939
3349 0.5405397
3350 0.0526012
3351 0.2601881
3352 0.6590584
3353 0.6280889
3354 0.3030003
3355 0.1074075
3356 0.2091409
3357 0.8074374
3358 0.1572316
3359 0.563107
3360 0.8839165
3361 0.3354785
3362 0.7595628
3363 0.5473003
3364 0.1836224
3365 0.2642467
3366 0.0529474
3367 0.04855745
3368 0.752789
3369 0.8491894
3370 0.266181
3371 0.7659717
3372 0.616328
3373 0.5563168
3374 0.8266718
3375 0.4285636
3376 0.5609972
3377 0.3709393
3378 0.2972947
3379 0.3260196
3380 0.5344884
3381 0.5980173
3382 0.5489528
3383 0.80729
3384 0.3579088
3385 0.1387446
3386 0.2186743
3387 0.1775795
3388 0.9052407
3389 0.9041677
3390 0.5744376
3391 0.4079848
3392 0.5767257
3393 0.4946842
3394 0.221553
3395 0.783112
3396 0.002313459
3397 0.375545
3398 0.2044427
3399 0.3213001
3400 0.9352987
3401 0.3234594
3402 0.923281
3403 0.8271548
3404 0.8917022
3405 0.5598051
3406 0.2899031
3407 0.3202516
3408 0.2975989
3409 0.4953464
3410 0.119049
3411 0.2502932
3412 0.586814
3413 0.7135091
3414 0.3337405
3415 0.4503932
3416 0.08542847
3417 0.8607461
3418 0.1715116
3419 0.09924754
3420 0.0702696
3421 0.1610127
3422 0.5282189
3423 0.5224202
3424 0.6800546
3425 0.02229447
3426 0.3662366
3427 0.091774
3428 0.6468984
3429 0.8899919
3430 0.9415322
3431 0.5253919
3432 0.1077404
3433 0.2255161
3434 0.688357
3435 0.8033474
3436 0.5472414
3437 0.3038136
3438 0.5539111
3439 0.3566122
3440 0.1563156
3441 0.3573445
3442 0.6031269
3443 0.2422275
3444 0.9768323
3445 0.306773
3446 0.3222127
3447 0.3439517
3448 0.1819459
3449 0.887308
3450 0.7959747
3451 0.6670376
3452 0.1368173
3453 0.6811345
3454 0.1097052
3455 0.8123177
3456 0.1874883
3457 0.6287648
3458 0.4299662
3459 0.1989498
3460 0.2347043
3461 0.9605234
3462 0.04042101
3463 0.7852167
3464 0.2354957
3465 0.6206969
3466 0.6150188
3467 0.7613106
3468 0.1817777
3469 0.4103276
3470 0.2424281
3471 0.4342983
3472 0.7415753
3473 0.6123345
3474 0.8327005
3475 0.883128
3476 0.2603742
3477 0.2381581
3478 0.887601
3479 0.7950168
3480 0.9290238
3481 0.7279456
3482 0.1460587
3483 0.111429
3484 0.8988383
3485 0.663411
3486 0.4694019
3487 0.004461092
3488 0.8126393
3489 0.1883989
3490 0.5738438
3491 0.5142251
3492 0.3089725
3493 0.08652648
3494 0.09446661
3495 0.3642432
3496 0.8064883
3497 0.7943394
3498 0.1662449
3499 0.07077358
3500 0.4474271
3501 0.604875
3502 0.7797958
3503 0.3396114
3504 0.03165474
3505 0.3773437
3506 0.2049936
3507 0.4785146
3508 0.8642044
3509 0.1702327
3510 0.3455354
3511 0.472674
3512 0.3203912
3513 0.9463417
3514 0.6312838
3515 0.0838189
3516 0.8614478
3517 0.3656179
3518 0.2650643
3519 0.9775485
3520 0.08642734
3521 0.5937158
3522 0.07891782
3523 0.55372
3524 0.05325421
3525 0.8477263
3526 0.561245
3527 0.350306
3528 0.07337028
3529 0.2462301
3530 0.3405914
3531 0.5922118
3532 0.1470732
3533 0.6135966
3534 0.1548257
3535 0.05466798
3536 0.7392622
3537 0.8667496
3538 0.3831265
3539 0.2359985
3540 0.9633818
3541 0.1170196
3542 0.06122947
3543 0.6688997
3544 0.1088946
3545 0.9976419
3546 0.1127395
3547 0.8551127
3548 0.5501697
3549 0.4343534
3550 0.4006015
3551 0.237218
3552 0.04866917
3553 0.186655
3554 0.9359986
3555 0.07765255
3556 0.3710207
3557 0.4572325
3558 0.3246377
3559 0.2101622
3560 0.373347
3561 0.6979685
3562 0.0580851
3563 0.4559868
3564 0.7923356
3565 0.7410421
3566 0.8382334
3567 0.08754686
3568 0.8909308
3569 0.4904324
3570 0.4159098
3571 0.1837505
3572 0.02576587
3573 0.7271271
3574 0.1760552
3575 0.6712175
3576 0.925756
3577 0.08989957
3578 0.02165003
3579 0.1343582
3580 0.751684
3581 0.6669072
3582 0.3829519
3583 0.6516402
3584 0.6715088
3585 0.733968
3586 0.9964615
3587 0.1388648
3588 0.06709082
3589 0.2070502
3590 0.8084196
3591 0.9388589
3592 0.1022727
3593 0.2021797
3594 0.2402793
3595 0.4607263
3596 0.6902924
3597 0.9401987
3598 0.05341091
3599 0.1715214
3600 0.5155275
3601 0.01463214
3602 0.3832868
3603 0.6001735
3604 0.8887803
3605 0.9432524
3606 0.6184808
3607 0.811223
3608 0.9892515
3609 0.9246069
3610 0.6973741
3611 0.5907723
3612 0.9512609
3613 0.7796787
3614 0.8160736
3615 0.9723064
3616 0.561166
3617 0.9113853
3618 0.151242
3619 0.6951006
3620 0.8786398
3621 0.219708
3622 0.8354327
3623 0.09288413
3624 0.9027995
3625 0.958903
3626 0.003229216
3627 0.376596
3628 0.2440262
3629 0.1144312
3630 0.9113338
3631 0.7435797
3632 0.01543635
3633 0.4272765
3634 0.1146751
3635 0.2323985
3636 0.7729547
3637 0.2342267
3638 0.07691209
3639 0.251692
3640 0.9963722
3641 0.4901852
3642 0.4916485
3643 0.07338441
3644 0.3169377
3645 0.605195
3646 0.9381836
3647 0.6306615
3648 0.01876425
3649 0.243486
3650 0.1056097
3651 0.6226144
3652 0.9429116
3653 0.01939931
3654 0.1780591
3655 0.1365715
3656 0.6984996
3657 0.2978794
3658 0.007217201
3659 0.1140235
3660 0.8673329
3661 0.4615894
3662 0.1472415
3663 0.4564625
3664 0.01228906
3665 0.6507988
3666 0.1285501
3667 0.08612648
3668 0.6813941
3669 0.130046
3670 0.5172692
3671 0.1252079
3672 0.6403445
3673 0.7541401
3674 0.6414847
3675 0.2374737
3676 0.1949742
3677 0.1356595
3678 0.9145514
3679 0.8104995
3680 0.8858214
3681 0.02359194
3682 0.08491112
3683 0.4788245
3684 0.4009432
3685 0.2123028
3686 0.151062
3687 0.7375508
3688 0.3095163
3689 0.8476476
3690 0.8235117
3691 0.8129722
3692 0.03420167
3693 0.2549153
3694 0.3120618
3695 0.3222605
3696 0.5065632
3697 0.8858497
3698 0.1319166
3699 0.4150519
3700 0.5105877
3701 0.6700602
3702 0.3552906
3703 0.9669698
3704 0.2770894
3705 0.002454626
3706 0.9758314
3707 0.8287056
3708 0.953156
3709 0.6590246
3710 0.8891379
3711 0.05447697
3712 0.4848206
3713 0.6855886
3714 0.9119089
3715 0.4625674
3716 0.3823916
3717 0.7256104
3718 0.9447887
3719 0.7763549
3720 0.3130794
3721 0.5714877
3722 0.6397685
3723 0.976318
3724 0.4924106
3725 0.6994515
3726 0.9360049
3727 0.3583001
3728 0.3385722
3729 0.943831
3730 0.1661377
3731 0.7224258
3732 0.7880988
3733 0.3988512
3734 0.7561802
3735 0.6125098
3736 0.7715546
3737 0.9781676
3738 0.6881841
3739 0.9412
3740 0.8371629
3741 0.1142036
3742 0.06787304
3743 0.1270261
3744 0.01585499
3745 0.9195583
3746 0.9031439
3747 0.8724466
3748 0.4182739
3749 0.1465709
3750 0.0282461
3751 0.8094064
3752 0.2428937
3753 0.740307
3754 0.7695053
3755 0.6971123
3756 0.6708298
3757 0.2852208
3758 0.1579599
3759 0.7657827
3760 0.8221356
3761 0.4690731
3762 0.2864838
3763 0.5131059
3764 0.5136958
3765 0.4077481
3766 0.3386335
3767 0.6583351
3768 0.4488479
3769 0.1281896
3770 0.9688775
3771 0.2662235
3772 0.4053784
3773 0.6773402
3774 0.8687389
3775 0.3922385
3776 0.6961973
3777 0.5882923
3778 0.749969
3779 0.06658263
3780 0.139099
3781 0.9125198
3782 0.1556457
3783 0.08143384
3784 0.9449599
3785 0.9561382
3786 0.2370411
3787 0.9248135
3788 0.6710612
3789 0.4264792
3790 0.372973
3791 0.02695787
3792 0.5168974
3793 0.9548783
3794 0.8672551
3795 0.4500484
3796 0.06287017
3797 0.9269087
3798 0.4274424
3799 0.04015256
3800 0.4066709
3801 0.7422628
3802 0.2919731
3803 0.8824813
3804 0.32405
3805 0.2308102
3806 0.2258815
3807 0.7808373
3808 0.406603
3809 0.4538132
3810 0.4615159
3811 0.9405944
3812 0.9501757
3813 0.6479737
3814 0.877262
3815 0.6376483
3816 0.3024716
3817 0.5501221
3818 0.3135913
3819 0.4974822
3820 0.9155691
3821 0.1893701
3822 0.926077
3823 0.4278554
3824 0.7696888
3825 0.5469848
3826 0.1129089
3827 0.3836529
3828 0.7716861
3829 0.1947272
3830 0.03669822
3831 0.672397
3832 0.009141597
3833 0.3401447
3834 0.2603078
3835 0.9923119
3836 0.7579758
3837 0.5035211
3838 0.08504073
3839 0.1720926
3840 0.2433242
3841 0.004512707
3842 0.5590206
3843 0.6399744
3844 0.769809
3845 0.2618241
3846 0.9857408
3847 0.5797531
3848 0.5931156
3849 0.3376349
3850 0.4969502
3851 0.186971
3852 0.847104
3853 0.1333664
3854 0.187943
3855 0.9945177
3856 0.7565013
3857 0.8063587
3858 0.2360183
3859 0.9246131
3860 0.2477845
3861 0.2535186
3862 0.8404966
3863 0.4572777
3864 0.87265
3865 0.346651
3866 0.3725174
3867 0.7648745
3868 0.5517094
3869 0.1717867
3870 0.6203786
3871 0.4694017
3872 0.4486031
3873 0.7922116
3874 0.4303965
3875 0.3452913
3876 0.5051619
3877 0.1502117
3878 0.2401757
3879 0.8039389
3880 0.6468155
3881 0.5723583
3882 0.2197053
3883 0.6715745
3884 0.5560049
3885 0.4351005
3886 0.7673169
3887 0.1087914
3888 0.9413869
3889 0.4987129
3890 0.04861288
3891 0.7915482
3892 0.001766956
3893 0.6318348
3894 0.7219937
3895 0.5193626
3896 0.6894853
3897 0.3290166
3898 0.07242636
3899 0.4782427
3900 0.5984773
3901 0.1580457
3902 0.5664232
3903 0.2227724
3904 0.5481683
3905 0.1335071
3906 0.1891051
3907 0.05068161
3908 0.4282854
3909 0.6489031
3910 0.4316655
3911 0.7865601
3912 0.03944659
3913 0.3154171
3914 0.8625471
3915 0.7039236
3916 0.09641206
3917 0.5626105
3918 0.9329597
3919 0.6476328
3920 0.02726795
3921 0.5820456
3922 0.3651855
3923 0.3225209
3924 0.604687
3925 0.7153898
3926 0.7025426
3927 0.07860041
3928 0.02528635
3929 0.6585294
3930 0.2862941
3931 0.4294669
3932 0.1914174
3933 0.22665
3934 0.569475
3935 0.956373
3936 0.8695703
3937 0.9577872
3938 0.5557717
3939 0.4930628
3940 0.02225005
3941 0.2483426
3942 0.1895664
3943 0.9033602
3944 0.7858738
3945 0.1587666
3946 0.9894987
3947 0.5462043
3948 0.1907943
3949 0.5134644
3950 0.7792246
3951 0.693513
3952 0.6513212
3953 0.4243773
3954 0.6869965
3955 0.6035078
3956 0.3488182
3957 0.5626462
3958 0.3440444
3959 0.01462567
3960 0.118802
3961 0.4828579
3962 0.1585623
3963 0.2409249
3964 0.8798544
3965 0.134371
3966 0.3911589
3967 0.5652885
3968 0.1645229
3969 0.09185707
3970 0.3366794
3971 0.4827988
3972 0.3971799
3973 0.832729
3974 0.7919093
3975 0.5166872
3976 0.03985148
3977 0.2405204
3978 0.3476517
3979 0.2746535
3980 0.5774442
3981 0.3956087
3982 0.6359277
3983 0.1732298
3984 0.6970796
3985 0.5795752
3986 0.8610395
3987 0.8022731
3988 0.570389
3989 0.2937355
3990 0.9100807
3991 0.5168888
3992 0.2078446
3993 0.6786567
3994 0.2032346
3995 0.7517348
3996 0.378226
3997 0.4506342
3998 0.7486694
3999 0.9410657
4000 0.803057
4001 0.6643716
4002 0.06407338
4003 0.9372573
4004 0.8968901
4005 0.5236545
4006 0.5077542
4007 0.8120823
4008 0.232351
4009 0.230224
4010 0.3466474
4011 0.5752884
4012 0.4055048
4013 0.5593668
4014 0.465217
4015 0.5071637
4016 0.8199466
4017 0.5395168
4018 0.009583679
4019 0.9319912
4020 0.01829991
4021 0.6176146
4022 0.665591
4023 0.05289975
4024 0.1255919
4025 0.6196891
4026 0.678544
4027 0.6876825
4028 0.2708166
4029 0.3601723
4030 0.6993232
4031 0.3171256
4032 0.4562576
4033 0.9480374
4034 0.9994642
4035 0.1313991
4036 0.8390336
4037 0.4148408
4038 0.6609557
4039 0.427268
4040 0.40106
4041 0.1103165
4042 0.9993056
4043 0.100314
4044 0.3070907
4045 0.752001
4046 0.5279287
4047 0.2537262
4048 0.2238525
4049 0.5617388
4050 0.2121211
4051 0.6637519
4052 0.2972631
4053 0.2735568
4054 0.7857358
4055 0.4866532
4056 0.8107995
4057 0.6598868
4058 0.3620702
4059 0.4406862
4060 0.1485794
4061 0.2716098
4062 0.01747911
4063 0.8729867
4064 0.7689854
4065 0.7658923
4066 0.495521
4067 0.04303356
4068 0.9763449
4069 0.3772627
4070 0.3040656
4071 0.435901
4072 0.04297709
4073 0.5220395
4074 0.2995156
4075 0.2338541
4076 0.6997992
4077 0.4898076
4078 0.8194519
4079 0.989193
4080 0.2699122
4081 0.9124197
4082 0.3873166
4083 0.8310762
4084 0.05198021
4085 0.4766678
4086 0.5856979
4087 0.7487031
4088 0.6695736
4089 0.8318217
4090 0.02148097
4091 0.915498
4092 0.3991165
4093 0.6817171
4094 0.6619561
4095 0.3031779
4096 0.4886159
4097 0.802741
4098 0.3073805
4099 0.3462399
4100 0.6722672
4101 0.312249
4102 0.03958432
4103 0.7052452
4104 0.09759901
4105 0.1031663
4106 0.01270171
4107 0.8554236
4108 0.004850061
4109 0.5032234
4110 0.3020616
4111 0.4677926
4112 0.1114267
4113 0.3675801
4114 0.4503723
4115 0.1349867
4116 0.371918
4117 0.9760816
4118 0.3754799
4119 0.4140105
4120 0.3597823
4121 0.9224923
4122 0.5707549
4123 0.4948854
4124 0.123182
4125 0.2868074
4126 0.1749948
4127 0.4551255
4128 0.4391313
4129 0.7356386
4130 0.2621612
4131 0.61454
4132 0.7385493
4133 0.9514044
4134 0.955098
4135 0.9403716
4136 0.2490669
4137 0.7091851
4138 0.06500766
4139 0.5618958
4140 0.9410505
4141 0.9510709
4142 0.5979047
4143 0.9990365
4144 0.964776
4145 0.4077873
4146 0.1660428
4147 0.05888991
4148 0.8422156
4149 0.2438987
4150 0.4058335
4151 0.4113098
4152 0.2253567
4153 0.3540782
4154 0.8389772
4155 0.1661181
4156 0.5303232
4157 0.3498092
4158 0.8566287
4159 0.7483811
4160 0.7506408
4161 0.8305711
4162 0.1651266
4163 0.5891272
4164 0.2275771
4165 0.2740735
4166 0.8900452
4167 0.6578732
4168 0.03735626
4169 0.08922003
4170 0.1242867
4171 0.3648012
4172 0.7798909
4173 0.3332799
4174 0.9310385
4175 0.3433999
4176 0.2188342
4177 0.3706178
4178 0.3491655
4179 0.6199548
4180 0.1966082
4181 0.1657947
4182 0.4400916
4183 0.7507542
4184 0.9405333
4185 0.6255001
4186 0.8156786
4187 0.6642544
4188 0.5386903
4189 0.7822498
4190 0.6229646
4191 0.4507449
4192 0.6466777
4193 0.5550759
4194 0.5651182
4195 0.3325632
4196 0.8891907
4197 0.9819475
4198 0.980163
4199 0.1719064
4200 0.8504135
4201 0.5502932
4202 0.9885802
4203 0.5643151
4204 0.02259942
4205 0.162392
4206 0.7546058
4207 0.840401
4208 0.5615052
4209 0.9640213
4210 0.6823505
4211 0.488163
4212 0.2615178
4213 0.6803167
4214 0.2937838
4215 0.4450187
4216 0.06435934
4217 0.002731224
4218 0.8247506
4219 0.4683533
4220 0.8736108
4221 0.4856717
4222 0.9695035
4223 0.5726302
4224 0.5230062
4225 0.2068247
4226 0.1876472
4227 0.02389859
4228 0.1411423
4229 0.906566
4230 0.05723857
4231 0.5381238
4232 0.9739757
4233 0.3156592
4234 0.8279087
4235 0.3059291
4236 0.5974649
4237 0.09423252
4238 0.4562141
4239 0.007054856
4240 0.09943105
4241 0.07785896
4242 0.8129019
4243 0.1165133
4244 0.3686752
4245 0.742658
4246 0.01945124
4247 0.1959375
4248 0.626969
4249 0.6369968
4250 0.06288326
4251 0.3512886
4252 0.7363634
4253 0.1305046
4254 0.9944094
4255 0.2290081
4256 0.6273562
4257 0.3155063
4258 0.2667813
4259 0.8671131
4260 0.3440021
4261 0.8941589
4262 0.8857487
4263 0.7725714
4264 0.2135686
4265 0.4926132
4266 0.775029
4267 0.4282914
4268 0.922133
4269 0.3415747
4270 0.9026626
4271 0.8954545
4272 0.3939639
4273 0.577969
4274 0.3602915
4275 0.2431077
4276 0.1569243
4277 0.495714
4278 0.03977771
4279 0.5330005
4280 0.2271201
4281 0.2617285
4282 0.3861583
4283 0.7351654
4284 0.70619
4285 0.976204
4286 0.3693975
4287 0.8325295
4288 0.2030794
4289 0.3333574
4290 0.4596321
4291 0.1049244
4292 0.5282257
4293 0.1779875
4294 0.2677628
4295 0.6694028
4296 0.7382347
4297 0.9828505
4298 0.2504338
4299 0.7795406
4300 0.1564558
4301 0.5294116
4302 0.07130643
4303 0.2178928
4304 0.5856625
4305 0.1739489
4306 0.9392685
4307 0.3660525
4308 0.6347778
4309 0.8250711
4310 0.03856174
4311 0.3522989
4312 0.3849732
4313 0.35803
4314 0.1932075
4315 0.7745651
4316 0.7168147
4317 0.8615345
4318 0.3607515
4319 0.1678314
4320 0.2218043
4321 0.05653539
4322 0.5710746
4323 0.2177854
4324 0.2135835
4325 0.06121552
4326 0.4951249
4327 0.7704026
4328 0.3413252
4329 0.2529592
4330 0.1076507
4331 0.8720273
4332 0.5140998
4333 0.8590721
4334 0.2205571
4335 0.978027
4336 0.4709371
4337 0.2396555
4338 0.9330016
4339 0.4200894
4340 0.4432528
4341 0.2928083
4342 0.9202129
4343 0.365856
4344 0.8449778
4345 0.4396164
4346 0.6284785
4347 0.9912194
4348 0.8599084
4349 0.8748837
4350 0.905473
4351 0.1029303
4352 0.4337718
4353 0.7943968
4354 0.04181576
4355 0.7980666
4356 0.6788971
4357 0.5397619
4358 0.0008176525
4359 0.01358794
4360 0.8855586
4361 0.3192702
4362 0.2763275
4363 0.9272938
4364 0.624047
4365 0.5736162
4366 0.2596964
4367 0.7994557
4368 0.3939767
4369 0.4991775
4370 0.1189743
4371 0.9255079
4372 0.4643988
4373 0.1786809
4374 0.5969062
4375 0.4504627
4376 0.6661752
4377 0.895079
4378 0.5231455
4379 0.1803943
4380 0.5350543
4381 0.5662438
4382 0.2556805
4383 0.5920622
4384 0.2349748
4385 0.8827637
4386 0.7564422
4387 0.8549605
4388 0.539585
4389 0.2568342
4390 0.2721784
4391 0.3741443
4392 0.4998645
4393 0.8462889
4394 0.05264187
4395 0.5594633
4396 0.2221743
4397 0.7102975
4398 0.2071634
4399 0.5516052
4400 0.7929238
4401 0.7453971
4402 0.8178236
4403 0.3552981
4404 0.2556489
4405 0.7290797
4406 0.1723806
4407 0.9629179
4408 0.2721043
4409 0.3699267
4410 0.2815776
4411 0.05621054
4412 0.1051582
4413 0.6585564
4414 0.08508949
4415 0.466769
4416 0.1178423
4417 0.8409419
4418 0.8320764
4419 0.2396663
4420 0.8085427
4421 0.03622639
4422 0.01676854
4423 0.6299505
4424 0.3425881
4425 0.1655519
4426 0.6803828
4427 0.1980932
4428 0.2956555
4429 0.9642496
4430 0.430277
4431 0.06263597
4432 0.6048602
4433 0.1100659
4434 0.9744372
4435 0.1959996
4436 0.06841175
4437 0.4226283
4438 0.03790175
4439 0.5005845
4440 0.2530198
4441 0.4098721
4442 0.6070958
4443 0.1142425
4444 0.02960189
4445 0.2976034
4446 0.596737
4447 0.4660814
4448 0.5354439
4449 0.8233782
4450 0.3827647
4451 0.706439
4452 0.8633829
4453 0.9195332
4454 0.1562956
4455 0.4064508
4456 0.77022
4457 0.6552796
4458 0.7130012
4459 0.4031496
4460 0.6094039
4461 0.8582856
4462 0.9998742
4463 0.5299736
4464 0.7562121
4465 0.4196166
4466 0.4666239
4467 0.8585475
4468 0.5622961
4469 0.6764223
4470 0.4019628
4471 0.5107307
4472 0.1816022
4473 0.789969
4474 0.7683147
4475 0.3936609
4476 0.2705283
4477 0.4982735
4478 0.8369508
4479 0.9296992
4480 0.4100845
4481 0.6531025
4482 0.08358327
4483 0.9431717
4484 0.597521
4485 0.3229856
4486 0.09454934
4487 0.4510606
4488 0.6237336
4489 0.05785369
4490 0.4108414
4491 0.9239242
4492 0.2210571
4493 0.06649354
4494 0.1285371
4495 0.6317318
4496 0.4887784
4497 0.04612404
4498 0.8411406
4499 0.9734984
4500 0.4485708
4501 0.6673884
4502 0.2393346
4503 0.8877807
4504 0.2531482
4505 0.4828764
4506 0.1722729
4507 0.5689874
4508 0.4341263
4509 0.8042895
4510 0.5129486
4511 0.2624862
4512 0.06460216
4513 0.7629934
4514 0.08665298
4515 0.6917208
4516 0.6373871
4517 0.1980648
4518 0.274935
4519 0.2566246
4520 0.7143699
4521 0.3892594
4522 0.3067997
4523 0.4022128
4524 0.4665336
4525 0.4678244
4526 0.4905198
4527 0.7163918
4528 0.5805393
4529 0.7162408
4530 0.6060894
4531 0.7230161
4532 0.3147405
4533 0.9395741
4534 0.4540413
4535 0.9332807
4536 0.8211574
4537 0.7338755
4538 0.6304421
4539 0.3889118
4540 0.9424589
4541 0.5629508
4542 0.7663007
4543 0.8056021
4544 0.4638904
4545 0.4624823
4546 0.1754704
4547 0.655176
4548 0.7506689
4549 0.6037768
4550 0.2133404
4551 0.7528041
4552 0.4972172
4553 0.6999393
4554 0.3662509
4555 0.832597
4556 0.1946251
4557 0.8056145
4558 0.05321874
4559 0.4129941
4560 0.3560677
4561 0.5439855
4562 0.5422647
4563 0.5862337
4564 0.4384695
4565 0.01860159
4566 0.3202604
4567 0.04186342
4568 0.628411
4569 0.5518402
4570 0.4393938
4571 0.8922084
4572 0.54827
4573 0.5546649
4574 0.03018433
4575 0.6427333
4576 0.02763084
4577 0.4490396
4578 0.497265
4579 0.3017933
4580 0.06100012
4581 0.3201394
4582 0.8515603
4583 0.8433328
4584 0.8916973
4585 0.8094523
4586 0.1358334
4587 0.4498386
4588 0.6827733
4589 0.9071184
4590 0.02449052
4591 0.04539943
4592 0.308875
4593 0.9402963
4594 0.9261312
4595 0.690148
4596 0.7869721
4597 0.737965
4598 0.5780365
4599 0.217277
4600 0.0009331427
4601 0.8799949
4602 0.6443057
4603 0.7452838
4604 0.1761559
4605 0.7692799
4606 0.3726555
4607 0.1091339
4608 0.7938605
4609 0.08807835
4610 0.9461691
4611 0.9566757
4612 0.4678422
4613 0.6607953
4614 0.1925929
4615 0.9225643
4616 0.2515497
4617 0.3244962
4618 0.4764869
4619 0.3716558
4620 0.6554926
4621 0.4919948
4622 0.6355799
4623 0.9569509
4624 0.2117991
4625 0.9683417
4626 0.6331153
4627 0.5583503
4628 0.3122114
4629 0.5402853
4630 0.4366615
4631 0.9343966
4632 0.6869131
4633 0.6559445
4634 0.02464264
4635 0.9772378
4636 0.02563693
4637 0.8367349
4638 0.3167477
4639 0.8694627
4640 0.01951508
4641 0.7638489
4642 0.2269947
4643 0.9842782
4644 0.4675663
4645 0.1797159
4646 0.1043512
4647 0.08544708
4648 0.06095712
4649 0.03083519
4650 0.6090392
4651 0.8194959
4652 0.9659085
4653 0.5450123
4654 0.2803446
4655 0.01280011
4656 0.7291077
4657 0.8045028
4658 0.7708868
4659 0.3287651
4660 0.07654387
4661 0.173565
4662 0.9950766
4663 0.4427049
4664 0.7394879
4665 0.3791018
4666 0.2018964
4667 0.3516854
4668 0.7411925
4669 0.5874418
4670 0.5923357
4671 0.8819366
4672 0.3844886
4673 0.4572221
4674 0.9416006
4675 0.8746271
4676 0.5436135
4677 0.4096935
4678 0.9383229
4679 0.348815
4680 0.6286181
4681 0.6677862
4682 0.06929812
4683 0.3376059
4684 0.03253279
4685 0.8809529
4686 0.787327
4687 0.2184437
4688 0.9295122
4689 0.212644
4690 0.3947455
4691 0.6167199
4692 0.241933
4693 0.2261812
4694 0.1636249
4695 0.3829011
4696 0.2190413
4697 0.2491239
4698 0.5743128
4699 0.1681067
4700 0.6373276
4701 0.7159201
4702 0.6365926
4703 0.7739044
4704 0.3442184
4705 0.02269997
4706 0.4298648
4707 0.8079695
4708 0.7813246
4709 0.6273291
4710 0.8848789
4711 0.4853684
4712 0.7736656
4713 0.6264377
4714 0.7013144
4715 0.4153455
4716 0.5770372
4717 0.7915366
4718 0.4000371
4719 0.4262493
4720 0.06540178
4721 0.1432986
4722 0.373528
4723 0.3305798
4724 0.6255005
4725 0.7566195
4726 0.005808703
4727 0.9360479
4728 0.3172608
4729 0.6952273
4730 0.7754675
4731 0.7548459
4732 0.3399519
4733 0.04718605
4734 0.8935529
4735 0.6855865
4736 0.1299392
4737 0.001750792
4738 0.07123051
4739 0.7835187
4740 0.0523618
4741 0.5758901
4742 0.2588817
4743 0.4743848
4744 0.7533765
4745 0.7146066
4746 0.3138799
4747 0.0682641
4748 0.8287999
4749 0.6518775
4750 0.005807051
4751 0.4625107
4752 0.2800407
4753 0.9424577
4754 0.9257645
4755 0.9419714
4756 0.9798015
4757 0.4996781
4758 0.3641053
4759 0.6836138
4760 0.176352
4761 0.787078
4762 0.1714282
4763 0.9269731
4764 0.464935
4765 0.1021977
4766 0.08337607
4767 0.8055308
4768 0.02739794
4769 0.32855
4770 0.3213172
4771 0.7420128
4772 0.02680533
4773 0.1110698
4774 0.4327413
4775 0.7026561
4776 0.629332
4777 0.7036987
4778 0.07410844
4779 0.3229334
4780 0.258043
4781 0.1650638
4782 0.6546943
4783 0.6989056
4784 0.7468034
4785 0.9772041
4786 0.8544332
4787 0.01388067
4788 0.9767991
4789 0.9659864
4790 0.7857702
4791 0.8918596
4792 0.3357959
4793 0.4350629
4794 0.7118662
4795 0.6048682
4796 0.6011889
4797 0.1792161
4798 0.6643825
4799 0.3878533
4800 0.6353794
4801 0.4913024
4802 0.7619432
4803 0.9434743
4804 0.6725052
4805 0.7825408
4806 0.9464886
4807 0.2769417
4808 0.222692
4809 0.4337823
4810 0.3355942
4811 0.1557942
4812 0.006481404
4813 0.1375213
4814 0.02731781
4815 0.8347883
4816 0.2010751
4817 0.2026638
4818 0.3278491
4819 0.6027572
4820 0.7660669
4821 0.7015893
4822 0.5350518
4823 0.3668036
4824 0.2309679
4825 0.7556046
4826 0.09025857
4827 0.2044241
4828 0.3309672
4829 0.3347244
4830 0.2752589
4831 0.7653755
4832 0.5432043
4833 0.741323
4834 0.5700565
4835 0.33128
4836 0.6340633
4837 0.908745
4838 0.05184391
4839 0.8788515
4840 0.9895166
4841 0.3607486
4842 0.5676316
4843 0.08197253
4844 0.946038
4845 0.9749236
4846 0.9491847
4847 0.6022526
4848 0.5895709
4849 0.9717444
4850 0.3103649
4851 0.6080146
4852 0.2768372
4853 0.2642812
4854 0.6634361
4855 0.9319685
4856 0.6234827
4857 0.06212111
4858 0.6545997
4859 0.4178713
4860 0.3731396
4861 0.6656424
4862 0.5072847
4863 0.3014822
4864 0.3970847
4865 0.9745203
4866 0.3204128
4867 0.7348035
4868 0.5479484
4869 0.8118398
4870 0.2161076
4871 0.1225435
4872 0.9279975
4873 0.09869218
4874 0.3272279
4875 0.5499213
4876 0.7169791
4877 0.07125932
4878 0.7917849
4879 0.1664469
4880 0.5083699
4881 0.2307382
4882 0.4308157
4883 0.2126433
4884 0.8020016
4885 0.2329038
4886 0.5088737
4887 0.2420072
4888 0.8412954
4889 0.2914447
4890 0.6454765
4891 0.4246202
4892 0.4069617
4893 0.4622995
4894 0.2708479
4895 0.1060633
4896 0.5463436
4897 0.4637895
4898 0.3798588
4899 0.7931561
4900 0.6101783
4901 0.7441889
4902 0.4232593
4903 0.8238455
4904 0.9387425
4905 0.4185461
4906 0.5934068
4907 0.605309
4908 0.7691694
4909 0.4757368
4910 0.0712842
4911 0.6003486
4912 0.07863242
4913 0.06358344
4914 0.03931289
4915 0.8986487
4916 0.4628591
4917 0.3062057
4918 0.03708669
4919 0.470192
4920 0.9771399
4921 0.7758967
4922 0.6879867
4923 0.006104723
4924 0.9799006
4925 0.2628281
4926 0.3139696
4927 0.2644761
4928 0.5552164
4929 0.1154891
4930 0.7809407
4931 0.4411641
4932 0.6497079
4933 0.4029237
4934 0.2473928
4935 0.8084333
4936 0.5402406
4937 0.8880549
4938 0.5379713
4939 0.8044785
4940 0.1803867
4941 0.205058
4942 0.05295405
4943 0.9831682
4944 0.7060372
4945 0.7265676
4946 0.0559941
4947 0.9749185
4948 0.6194413
4949 0.2541646
4950 0.7515617
4951 0.2189906
4952 0.007238437
4953 0.5792831
4954 0.2466448
4955 0.0412991
4956 0.2072537
4957 0.3869385
4958 0.9885929
4959 0.567933
4960 0.7878688
4961 0.6046512
4962 0.3637622
4963 0.2066148
4964 0.1604998
4965 0.6958868
4966 0.1625845
4967 0.9248863
4968 0.2009454
4969 0.1519423
4970 0.1404394
4971 0.1296193
4972 0.06256702
4973 0.8338042
4974 0.4333904
4975 0.9913286
4976 0.5127516
4977 0.3246786
4978 0.818018
4979 0.3062077
4980 0.4303726
4981 0.8370362
4982 0.6323586
4983 0.4689699
4984 0.9149622
4985 0.8545463
4986 0.372839
4987 0.8703468
4988 0.6182978
4989 0.08053995
4990 0.5074272
4991 0.7153615
4992 0.7055228
4993 0.6650792
4994 0.8250659
4995 0.770427
4996 0.4114814
4997 0.7246578
4998 0.5912108
4999 0.6273679
5000 0.03217049
