1 0.4336977
2 0.3451964
3 0.1172904
4 0.7156154
5 0.2752596
6 0.09268511
7 0.1183287
8 0.04420643
9 0.4293785
10 0.7975054
11 0.119902
12 0.2974412
13 0.07409858
14 0.5675974
15 0.4583934
16 0.6863606
17 0.4058091
18 0.9449603
19 0.3507742
20 0.6471659
21 0.4871402
22 0.05519786
23 0.346612
24 0.003381359
25 0.5980488
26 0.621396
27 0.2298576
28 0.6231306
29 0.5375008
30 0.9491333
31 0.00576874
32 0.04023226
33 0.8588829
34 0.4295951
35 0.4603778
36 0.8151232
37 0.219689
38 0.552083
39 0.05494404
40 0.8096274
41 0.5491977
42 0.6110325
43 0.06262512
44 0.8092417
45 0.6411954
46 0.607465
47 0.4576259
48 0.1790097
49 0.2505177
50 0.8791515
51 0.944143
52 0.7635236
53 0.2853862
54 0.7406251
55 0.2608894
56 0.5382353
57 0.3438802
58 0.5669007
59 0.1003568
60 0.07816488
61 0.4903447
62 0.1189513
63 0.7035572
64 0.3675192
65 0.04963096
66 0.1983813
67 0.7469242
68 0.09913871
69 0.1117981
70 0.3043672
71 0.2073568
72 0.32446
73 0.3380168
74 0.01037087
75 0.04029798
76 0.6299237
77 0.1741733
78 0.3868359
79 0.1766077
80 0.8785743
81 0.2909105
82 0.6983105
83 0.3276186
84 0.5180196
85 0.9799962
86 0.03937717
87 0.183626
88 0.3553026
89 0.9061446
90 0.5932
91 0.2478826
92 0.03782611
93 0.7380355
94 0.06946581
95 0.2435913
96 0.6367394
97 0.1126643
98 0.6026596
99 0.3993777
100 0.7926561
101 0.1681682
102 0.1860114
103 0.9254315
104 0.6053494
105 0.741022
106 0.7146878
107 0.08967566
108 0.7670074
109 0.3357656
110 0.3178282
111 0.2056388
112 0.5010508
113 0.09945604
114 0.9358455
115 0.6195852
116 0.1599627
117 0.2041645
118 0.8059867
119 0.1264472
120 0.8440878
121 0.122823
122 0.02001269
123 0.1594817
124 0.5383867
125 0.3588526
126 0.2036266
127 0.3284773
128 0.1751452
129 0.1744973
130 0.1858639
131 0.419264
132 0.2583149
133 0.8893784
134 0.9267958
135 0.3765522
136 0.303111
137 0.6193591
138 0.3928278
139 0.03608707
140 0.1282086
141 0.06067974
142 0.4030094
143 0.04121012
144 0.05501486
145 0.1078935
146 0.2639068
147 0.1125207
148 0.111169
149 0.9908837
150 0.2331622
151 0.1759599
152 0.3940799
153 0.7353179
154 0.1881709
155 0.02698005
156 0.0001219008
157 0.3395606
158 0.08239912
159 0.001847963
160 0.7712092
161 0.1537653
162 0.1433649
163 0.1226314
164 0.9777026
165 0.8751863
166 0.7245887
167 0.3940393
168 0.01863689
169 0.0393361
170 0.6176859
171 0.9828928
172 0.1563776
173 0.7008796
174 0.6804717
175 0.08040113
176 0.0813887
177 0.140618
178 0.1891239
179 0.7126246
180 0.9566013
181 0.5805963
182 0.7109229
183 0.04236366
184 0.06635436
185 0.03830632
186 0.9756676
187 0.2834827
188 0.122879
189 0.5549815
190 0.7048882
191 0.03071783
192 0.003939012
193 0.8339525
194 0.8991744
195 0.6563016
196 0.9404844
197 0.6607109
198 0.02119987
199 0.5871628
200 0.5076704
201 0.4729192
202 0.002977432
203 0.09510072
204 0.8801984
205 0.02509917
206 0.9495472
207 0.5105703
208 0.5959804
209 0.7244284
210 0.4416968
211 0.3799829
212 0.9132201
213 0.06159344
214 0.1598736
215 0.1626023
216 0.8180883
217 0.8370992
218 0.05423369
219 0.7266336
220 0.1594312
221 0.7792775
222 0.03493262
223 0.2702276
224 0.1485876
225 0.5375425
226 0.8229205
227 0.9099949
228 0.08614402
229 0.1573922
230 0.5070154
231 0.7278843
232 0.9637602
233 0.1475907
234 0.5147163
235 0.8755291
236 0.2706695
237 0.618157
238 0.05242882
239 0.2410496
240 0.1612208
241 0.3699685
242 0.3603922
243 0.3505376
244 0.0902433
245 0.7435719
246 0.1543631
247 0.2256419
248 0.2801763
249 0.005157157
250 0.6174914
251 0.2862606
252 0.07878399
253 0.249615
254 0.2699113
255 0.3192069
256 0.05424075
257 0.1918068
258 0.1086651
259 0.0722474
260 0.6450142
261 0.5720189
262 0.3427266
263 0.8655098
264 0.3470121
265 0.9122216
266 0.9878653
267 0.6957292
268 0.5390263
269 0.04197358
270 0.5359586
271 0.2177434
272 0.3419396
273 0.9078135
274 0.6834141
275 0.709777
276 0.8299371
277 0.7385316
278 0.3577438
279 0.0003334677
280 0.3734485
281 0.5501558
282 0.6257247
283 0.05723733
284 0.1339033
285 0.2841351
286 0.8892731
287 0.0491749
288 0.1523177
289 0.5839359
290 0.1113543
291 0.253788
292 0.610574
293 0.2364685
294 0.9758314
295 0.8106209
296 0.01882913
297 0.4676502
298 0.02244422
299 0.2644718
300 0.7187315
301 0.6076274
302 0.05593905
303 0.01237338
304 0.0786914
305 0.6730913
306 0.3886662
307 0.5218552
308 0.9867403
309 0.2719852
310 0.4491495
311 0.1007308
312 0.3373795
313 0.1405337
314 0.1359963
315 0.8384334
316 0.6142477
317 0.1539963
318 0.7222077
319 0.2279235
320 0.2091457
321 0.1724381
322 0.3262144
323 0.1911166
324 0.4026808
325 0.06225848
326 0.9194454
327 0.9289302
328 0.9168309
329 0.0880253
330 0.06743608
331 0.423691
332 0.9250809
333 0.5360395
334 0.8035524
335 0.7259389
336 0.6047278
337 0.3048177
338 0.5422428
339 0.01402855
340 0.4326739
341 0.4017346
342 0.3337661
343 0.5054005
344 0.1933034
345 0.7931179
346 0.4251366
347 0.2274181
348 0.9748934
349 0.07853619
350 0.4672034
351 0.3443188
352 0.02544111
353 0.001197737
354 0.5902391
355 0.4188456
356 0.09166532
357 0.09867261
358 0.09403916
359 0.4151317
360 0.8932339
361 0.7277221
362 0.0313317
363 0.2395383
364 0.7989856
365 0.5423855
366 0.5064649
367 0.1237002
368 0.9057904
369 0.7020005
370 0.1384785
371 0.7197538
372 0.08129946
373 0.5534595
374 0.7368289
375 0.2355646
376 0.1111133
377 0.358831
378 0.04752185
379 0.5684819
380 0.6566182
381 0.6227429
382 0.1217226
383 0.2667652
384 0.1252321
385 0.6773584
386 0.3918966
387 0.04583151
388 0.5166433
389 0.3167438
390 0.02110665
391 0.2334489
392 0.8037266
393 0.09650126
394 0.001947106
395 0.1478728
396 0.9911591
397 0.09361601
398 0.1402517
399 0.1911663
400 0.7135578
401 0.2954082
402 0.5644869
403 0.04352561
404 0.0242936
405 0.2389086
406 0.1735809
407 0.7610743
408 0.03154483
409 0.2901143
410 0.8481406
411 0.5803756
412 0.1720369
413 0.1684708
414 0.8588095
415 0.0618834
416 0.04590584
417 0.05677081
418 0.3296471
419 0.4897009
420 0.670365
421 0.8723694
422 0.103158
423 0.2578465
424 0.3601867
425 0.4605717
426 0.6798697
427 0.1562247
428 0.3703112
429 0.02370254
430 0.5296776
431 0.01079115
432 0.7759533
433 0.1208896
434 0.4721236
435 0.4272312
436 0.4623682
437 0.06974077
438 0.02501097
439 0.1191465
440 0.2531993
441 0.7171096
442 0.1611072
443 0.3441765
444 0.03032079
445 0.4569569
446 0.0007194035
447 0.7831645
448 0.6208257
449 0.8548432
450 0.9225267
451 0.02672946
452 0.9985725
453 0.5132111
454 0.8808969
455 0.5969578
456 0.7153975
457 0.4509331
458 0.07919146
459 0.04727808
460 0.419708
461 0.8286766
462 0.1542691
463 0.0586026
464 0.1899413
465 0.205484
466 0.3833174
467 0.0007232494
468 0.01356161
469 0.7106814
470 0.002938108
471 0.3383159
472 0.6252262
473 0.282722
474 0.5763206
475 0.8842595
476 0.7383029
477 0.5740314
478 0.4881078
479 0.067609
480 0.625462
481 0.1174791
482 0.008974669
483 0.1655834
484 0.1409083
485 0.08721752
486 0.03446907
487 0.1374602
488 0.9206663
489 0.4840879
490 0.7475957
491 0.1717076
492 0.06242987
493 0.3075393
494 0.9440945
495 0.0480221
496 0.6265326
497 0.3253818
498 0.06730551
499 0.1199443
500 0.2612724
501 0.5826612
502 0.709091
503 0.5175219
504 0.360604
505 0.05955484
506 0.7507883
507 0.4419901
508 0.1117974
509 0.02300114
510 0.2302988
511 0.006081743
512 0.6353783
513 0.3838284
514 0.01465855
515 0.2855303
516 0.7920192
517 0.6306806
518 0.9399967
519 0.006846454
520 0.009575791
521 0.01772261
522 0.01402414
523 0.7864863
524 0.006750224
525 0.01163233
526 0.1581745
527 0.004623597
528 0.1619215
529 0.1494476
530 0.3721385
531 0.3036548
532 0.3455369
533 0.4620785
534 0.04386684
535 0.9561447
536 0.05257522
537 0.8805593
538 0.02528127
539 0.01895059
540 0.7136238
541 0.02968014
542 0.038384
543 0.6193704
544 0.1142627
545 0.8002304
546 0.02130916
547 0.7166422
548 0.8062312
549 0.8668675
550 0.0975186
551 0.1795721
552 0.0162347
553 0.005813631
554 0.05710072
555 0.04770104
556 0.09165507
557 0.1087821
558 0.6366077
559 0.206496
560 0.7650345
561 0.2880702
562 0.7013874
563 0.001192662
564 0.1932183
565 0.01170776
566 0.7176965
567 0.1935317
568 0.1486072
569 0.008016646
570 0.1752841
571 0.6647791
572 0.0008907249
573 0.2162183
574 0.04659088
575 0.1647392
576 0.7831782
577 0.5941077
578 0.1120483
579 0.542887
580 0.6867144
581 0.02071972
582 0.7192552
583 0.9210016
584 0.1920175
585 0.2029748
586 0.8967111
587 0.7853364
588 0.5922198
589 0.8806332
590 0.4051492
591 0.03847033
592 0.7432686
593 0.0323702
594 0.6894588
595 0.113002
596 0.4150571
597 0.9614215
598 0.283315
599 0.7695997
600 0.6805919
601 0.06052678
602 0.4191185
603 0.1424299
604 0.9561046
605 0.3380761
606 0.002404568
607 0.2823989
608 0.6515737
609 0.3642187
610 0.9983153
611 0.9283642
612 0.05256626
613 0.03082007
614 0.6498294
615 0.1716729
616 0.5391262
617 0.00606205
618 0.01699641
619 0.702199
620 0.8460037
621 0.5072207
622 0.8460422
623 0.1798091
624 0.3356493
625 0.4009445
626 0.0464155
627 0.07132059
628 0.3664336
629 0.09590736
630 0.04449689
631 0.8571985
632 0.4369099
633 0.6474443
634 0.5257265
635 0.3238174
636 0.1296261
637 0.9725993
638 0.797443
639 0.278042
640 0.453678
641 0.4157843
642 0.9580644
643 0.3239703
644 0.4303073
645 0.168943
646 0.9758005
647 0.003098044
648 0.1450117
649 0.2279808
650 0.4816194
651 0.394682
652 0.6504561
653 0.9254683
654 0.1334194
655 0.01062566
656 0.09810962
657 0.6269309
658 0.5997242
659 0.665617
660 0.06798506
661 0.6972298
662 0.3020059
663 0.8075351
664 0.9368067
665 0.8874221
666 0.4278827
667 0.2504155
668 0.8648626
669 0.6490223
670 0.6994228
671 0.02309445
672 0.1565541
673 0.8817519
674 0.08652174
675 0.1248791
676 0.03742914
677 0.963344
678 0.470845
679 0.3270234
680 0.3323654
681 0.3475784
682 0.4990315
683 0.7859751
684 0.6407458
685 0.03144182
686 0.1636603
687 0.04826411
688 0.7494616
689 0.3555261
690 0.8539545
691 0.5057009
692 0.002058259
693 0.9382716
694 0.7649562
695 0.189029
696 0.02384675
697 0.471919
698 0.8653348
699 0.04386812
700 0.3155367
701 0.0747875
702 0.5484601
703 0.2123949
704 0.6122098
705 0.3622459
706 0.5057976
707 0.7534595
708 0.06264422
709 0.04113547
710 0.2056113
711 0.01920708
712 0.04005557
713 0.5145663
714 0.02110941
715 0.2411332
716 0.4967462
717 0.4133766
718 0.2457234
719 0.47038
720 0.7724271
721 0.5053747
722 0.2494802
723 0.5718843
724 0.8183416
725 0.06745392
726 0.7206471
727 0.0872505
728 0.848012
729 0.739193
730 0.8959844
731 0.5983951
732 0.9988808
733 0.9513801
734 0.9466332
735 0.9505085
736 0.3789005
737 0.2043404
738 0.02299227
739 0.1930357
740 0.1618351
741 0.1356029
742 0.009565747
743 0.6304421
744 0.696931
745 0.9289541
746 0.9539101
747 0.3670184
748 0.6174653
749 0.1165481
750 0.8998293
751 0.1032268
752 0.29288
753 0.8990877
754 0.8566411
755 0.9277553
756 0.6076307
757 0.0572318
758 0.01694604
759 0.6382784
760 0.9300738
761 0.7021595
762 0.2952343
763 0.522113
764 0.5188996
765 0.002173161
766 0.1242434
767 0.3307557
768 0.6002459
769 0.425482
770 0.6896983
771 0.41928
772 0.07837562
773 0.7922092
774 0.03769855
775 0.1862675
776 0.5356519
777 0.8441819
778 0.4533531
779 0.9083842
780 0.7135139
781 0.1809257
782 0.8764264
783 0.09242636
784 0.03015136
785 0.4916939
786 0.2472873
787 0.8959694
788 0.1608249
789 0.3913925
790 0.1770151
791 0.9753872
792 0.9416656
793 0.1715409
794 0.02751906
795 0.431981
796 0.006357994
797 0.8306399
798 0.2604839
799 0.4062726
800 0.367678
801 0.7794561
802 0.1045603
803 0.522417
804 0.3110714
805 0.6148312
806 0.4528817
807 0.2216113
808 0.4570425
809 0.7442367
810 0.9434587
811 0.1925018
812 0.6676909
813 0.7001054
814 0.191937
815 0.07095901
816 0.9268683
817 0.03961251
818 0.02028174
819 0.6447377
820 0.5682924
821 0.8434863
822 0.1108292
823 0.8109401
824 0.7875288
825 0.01168155
826 0.3672074
827 0.7842541
828 0.08752494
829 0.9650494
830 0.03121407
831 0.07309283
832 0.321674
833 0.6186326
834 0.97627
835 0.8342624
836 0.8312232
837 0.4785233
838 0.3611451
839 0.177266
840 0.03974156
841 0.001336473
842 0.5227007
843 0.9918006
844 0.6090904
845 0.7752203
846 0.05534271
847 0.1863272
848 0.02971852
849 0.4801566
850 0.4818821
851 0.2488714
852 0.9750746
853 0.007568261
854 0.8904755
855 0.3287931
856 0.169565
857 0.1161869
858 0.9018572
859 0.1115796
860 0.06226105
861 0.9231968
862 0.4292892
863 0.7746871
864 0.07057942
865 0.1602324
866 0.8385588
867 0.1673819
868 0.6763896
869 0.5490045
870 0.5536169
871 0.4256535
872 0.6058791
873 0.8359431
874 0.5994624
875 0.0007031999
876 0.5181966
877 0.2084944
878 0.1365929
879 0.6704654
880 0.06740452
881 0.06906521
882 0.5762965
883 0.8254222
884 0.0578775
885 0.472049
886 0.9102664
887 0.0594003
888 0.7401365
889 0.304025
890 0.243527
891 0.6148146
892 0.8602244
893 0.8959776
894 0.6722392
895 0.1825445
896 0.3965833
897 0.9701657
898 0.5590928
899 0.5529051
900 0.129808
901 0.4261912
902 0.05191265
903 0.8291756
904 0.8611186
905 0.237781
906 0.008157498
907 0.394033
908 0.2467541
909 0.4202508
910 0.7530391
911 0.3823656
912 0.6085694
913 0.2716104
914 0.01936168
915 0.7716995
916 0.2274156
917 0.1775378
918 0.6511599
919 0.179143
920 0.7789032
921 0.1894166
922 0.5387334
923 0.9611079
924 0.458853
925 0.8970032
926 0.2081515
927 0.5349636
928 0.7054555
929 0.7024275
930 0.1874811
931 0.9089438
932 0.4309256
933 0.8651733
934 0.7017423
935 0.01456974
936 0.3642378
937 0.4481404
938 0.9397634
939 0.7194837
940 0.3588549
941 0.02326557
942 0.02107823
943 0.2059731
944 0.5278162
945 0.2791202
946 0.3857419
947 0.3419219
948 0.3343655
949 0.7719235
950 0.7842889
951 0.9611709
952 0.1456856
953 0.8732084
954 0.5375992
955 0.9789614
956 0.7418619
957 0.82749
958 0.07034033
959 0.2380734
960 0.3281392
961 0.07697185
962 0.08948195
963 0.1905427
964 0.3322814
965 0.04151946
966 0.4166583
967 0.4042551
968 0.07910388
969 0.5758697
970 0.04985244
971 0.01183388
972 0.05716848
973 0.8070131
974 0.3733566
975 0.5106844
976 0.7517213
977 0.6854349
978 0.7119935
979 0.9595841
980 0.2498942
981 0.5621429
982 0.207406
983 0.05337949
984 0.1578906
985 0.1384361
986 0.5301806
987 0.4047447
988 0.1888994
989 0.7049655
990 0.3148339
991 0.199667
992 0.1285056
993 0.2160259
994 0.04928638
995 0.1298819
996 0.08261155
997 0.11264
998 0.9061918
999 0.4761149
1000 0.7893938
1001 0.002521824
1002 0.3019741
1003 0.5508958
1004 0.4417789
1005 0.6935048
1006 0.1754042
1007 0.7272498
1008 0.2743247
1009 0.4241614
1010 0.6712658
1011 0.4064244
1012 0.4083536
1013 0.3423289
1014 0.4731633
1015 0.8111724
1016 0.4713571
1017 0.5918395
1018 0.673279
1019 0.2326137
1020 0.5940451
1021 0.3626735
1022 0.759842
1023 0.628066
1024 0.978396
1025 0.09010118
1026 0.2846227
1027 0.4704906
1028 0.8072448
1029 0.2170705
1030 0.4031871
1031 0.3538962
1032 0.0113764
1033 0.03383987
1034 0.2938276
1035 0.4242638
1036 0.305582
1037 0.3950274
1038 0.009343351
1039 0.3402147
1040 0.5315916
1041 0.7448976
1042 0.9284527
1043 0.9302279
1044 0.03902225
1045 0.22042
1046 0.06413626
1047 0.2390247
1048 0.391273
1049 0.07237509
1050 0.2326475
1051 0.2236404
1052 0.9532121
1053 0.05482349
1054 0.2890029
1055 0.1203943
1056 0.6901292
1057 0.08649925
1058 0.0238178
1059 0.3167101
1060 0.4511805
1061 0.7691915
1062 0.7851238
1063 0.6766228
1064 0.6529969
1065 0.4774881
1066 0.1410182
1067 0.01029378
1068 0.1204012
1069 0.3255281
1070 0.5091564
1071 0.774627
1072 0.03815531
1073 0.06106578
1074 0.5143098
1075 0.4834801
1076 0.858733
1077 0.9548276
1078 0.5525598
1079 0.3369577
1080 0.9461777
1081 0.0121586
1082 0.2146895
1083 0.136395
1084 0.8398807
1085 0.1017
1086 0.3108123
1087 0.9889116
1088 0.4781637
1089 0.6257112
1090 0.9070193
1091 6.05325e-05
1092 0.002000321
1093 0.5703156
1094 0.5025932
1095 0.7607075
1096 0.4553037
1097 0.07708616
1098 0.5963337
1099 0.08749727
1100 0.06014342
1101 0.9763221
1102 0.001053577
1103 0.8825801
1104 0.5055042
1105 0.6047065
1106 0.4827618
1107 0.3580503
1108 0.237974
1109 0.00501193
1110 0.3576339
1111 0.9541951
1112 0.7198306
1113 0.006758452
1114 0.09359914
1115 0.05486726
1116 0.02041247
1117 0.001723196
1118 0.3786994
1119 0.1274416
1120 0.5329592
1121 0.4769671
1122 0.5376031
1123 0.5642765
1124 0.2936975
1125 0.662127
1126 0.8671009
1127 0.02132584
1128 0.005307453
1129 0.05275322
1130 0.001633026
1131 0.9389025
1132 0.06359681
1133 0.5285528
1134 0.1658838
1135 0.719588
1136 0.9329621
1137 0.6456433
1138 0.6729339
1139 0.007103781
1140 0.6123513
1141 0.8322991
1142 0.2032063
1143 0.1359451
1144 0.01877488
1145 0.1363223
1146 0.2030769
1147 0.4364868
1148 0.830506
1149 0.9968439
1150 0.4938645
1151 0.01350025
1152 0.2649469
1153 0.6899117
1154 0.2794137
1155 0.06739253
1156 0.4787937
1157 0.5612018
1158 0.006590216
1159 0.2562076
1160 0.1982647
1161 0.1723395
1162 0.7991635
1163 0.7027698
1164 0.8518313
1165 0.001154169
1166 0.5272902
1167 0.01829304
1168 0.5273598
1169 0.07126667
1170 0.3104261
1171 0.6741183
1172 0.1088664
1173 0.364767
1174 0.3651081
1175 0.2388821
1176 0.1691231
1177 0.3296214
1178 0.474567
1179 0.2642044
1180 0.620005
1181 0.6759532
1182 0.07037779
1183 0.03044853
1184 0.05417867
1185 0.8361923
1186 0.8525256
1187 0.1849831
1188 0.8802867
1189 0.4815856
1190 0.4191749
1191 0.07077431
1192 0.9794725
1193 0.5855136
1194 0.3641572
1195 0.1651002
1196 0.3772368
1197 0.9871849
1198 0.4079334
1199 0.6303123
1200 0.0444358
1201 0.7398246
1202 0.06716358
1203 0.5167962
1204 0.9982727
1205 0.1038794
1206 0.2102776
1207 0.0006145013
1208 0.6087669
1209 0.3089657
1210 0.7565953
1211 0.7105779
1212 0.07432544
1213 0.05578805
1214 0.1473162
1215 0.1513569
1216 0.6043744
1217 2.260564e-05
1218 0.01926429
1219 0.4281985
1220 0.4594457
1221 0.6999711
1222 0.5695969
1223 0.1799323
1224 0.004361338
1225 0.4083539
1226 0.1510355
1227 0.9541154
1228 0.3750808
1229 0.6977802
1230 0.09873192
1231 0.2262371
1232 0.5748382
1233 0.1053959
1234 0.8054333
1235 0.7777558
1236 0.8228242
1237 0.6970769
1238 0.6919174
1239 0.8179352
1240 0.6027867
1241 0.2355791
1242 0.6816641
1243 0.9647819
1244 0.188773
1245 0.2959004
1246 0.9813982
1247 0.05829283
1248 0.02976841
1249 0.8064231
1250 0.1970934
1251 0.1857705
1252 0.6473018
1253 0.7572209
1254 0.02897081
1255 0.2153199
1256 0.6199717
1257 0.6511906
1258 0.9052665
1259 0.1965261
1260 0.1575371
1261 0.4313169
1262 0.03955676
1263 0.6124472
1264 0.6753777
1265 0.7636187
1266 0.2391525
1267 0.9302099
1268 0.6194196
1269 0.08659221
1270 0.4486246
1271 0.1191059
1272 0.3945086
1273 0.3388402
1274 0.08753852
1275 0.0007575835
1276 0.02303077
1277 0.2015495
1278 0.2505264
1279 0.5835127
1280 0.004511624
1281 0.08424114
1282 0.9013247
1283 0.1277057
1284 0.557847
1285 0.07911553
1286 0.3396275
1287 0.1577938
1288 0.6484975
1289 0.6078806
1290 0.06715574
1291 0.4977432
1292 0.9391458
1293 0.4949085
1294 0.9722627
1295 0.1635834
1296 0.3923451
1297 0.1520998
1298 0.01650003
1299 0.1224673
1300 0.2814381
1301 0.8591107
1302 0.116458
1303 0.09177675
1304 0.2811751
1305 0.7625434
1306 0.05713762
1307 0.9952351
1308 0.01774801
1309 0.4383252
1310 0.06209979
1311 0.8431151
1312 0.1506098
1313 0.8450731
1314 0.7846533
1315 0.9039088
1316 0.2451997
1317 0.935023
1318 0.6971878
1319 0.5166762
1320 0.7838419
1321 0.5056082
1322 0.2656851
1323 0.7628964
1324 0.716271
1325 0.03240602
1326 0.6225677
1327 0.4626565
1328 0.5337971
1329 0.6751073
1330 0.8748451
1331 0.7219431
1332 0.1232118
1333 0.5433615
1334 0.4280488
1335 0.8199463
1336 0.6614234
1337 0.7832206
1338 0.760638
1339 0.1277473
1340 0.4108862
1341 0.2009933
1342 0.0533172
1343 0.1795466
1344 0.7527848
1345 0.0207043
1346 0.07939307
1347 0.6513261
1348 0.03097292
1349 0.788152
1350 0.02792744
1351 0.9444142
1352 0.0687261
1353 0.2550789
1354 0.2790242
1355 0.5311849
1356 0.01303823
1357 0.110393
1358 0.6949469
1359 0.1421322
1360 0.1468933
1361 0.6056938
1362 0.0271931
1363 0.8070021
1364 0.1169163
1365 0.02331496
1366 0.8250408
1367 0.5982914
1368 0.8439162
1369 0.2537161
1370 0.5901927
1371 0.5969758
1372 0.4129494
1373 0.4268734
1374 0.4820135
1375 0.2239138
1376 0.8147731
1377 0.3308378
1378 0.5971729
1379 0.2159234
1380 0.833326
1381 0.6471513
1382 0.7505766
1383 0.9559673
1384 0.1322904
1385 0.04774456
1386 0.01397883
1387 0.9747607
1388 0.3469023
1389 0.0542211
1390 0.5081295
1391 0.2638179
1392 0.1502605
1393 0.7223931
1394 0.05165924
1395 0.4079566
1396 0.7853579
1397 0.8254535
1398 0.08854812
1399 0.5568727
1400 0.6906196
1401 0.3486129
1402 0.375491
1403 0.7194652
1404 0.298111
1405 0.1098404
1406 0.1023417
1407 0.002077363
1408 0.03206254
1409 0.2196948
1410 0.4004846
1411 0.1804219
1412 0.4223856
1413 0.1236312
1414 0.973279
1415 0.2972509
1416 0.3333949
1417 0.1020038
1418 0.3441044
1419 0.712891
1420 0.7694069
1421 0.108869
1422 0.4044375
1423 0.7487222
1424 0.6018188
1425 0.74867
1426 0.7214901
1427 0.581574
1428 0.003554419
1429 0.4444051
1430 0.1513777
1431 0.002545801
1432 0.03817313
1433 0.3099229
1434 0.42872
1435 0.5073491
1436 0.05207583
1437 0.003079856
1438 0.01290772
1439 0.8071631
1440 0.2970289
1441 0.9737322
1442 0.9431979
1443 0.712312
1444 0.7533373
1445 0.9017088
1446 0.1412196
1447 0.7234537
1448 0.8620941
1449 0.06180033
1450 0.1057404
1451 0.07274354
1452 0.1160425
1453 0.2446318
1454 0.06620919
1455 0.1837095
1456 0.8795828
1457 0.1865494
1458 0.02456436
1459 0.7760237
1460 0.01115147
1461 0.3035178
1462 0.3402568
1463 0.63185
1464 0.05235484
1465 0.08971924
1466 0.9257082
1467 0.4587032
1468 0.1828114
1469 0.5215597
1470 0.0260785
1471 0.228224
1472 0.1187293
1473 0.167505
1474 0.001616247
1475 0.5698506
1476 0.6650524
1477 0.885838
1478 0.2027046
1479 0.07762252
1480 0.6980089
1481 0.16377
1482 0.1145723
1483 0.1892293
1484 0.01205449
1485 0.4196193
1486 0.3982358
1487 0.9139191
1488 0.471742
1489 0.04813837
1490 0.6553239
1491 0.296725
1492 0.6216149
1493 0.2899218
1494 0.7584066
1495 0.8157622
1496 0.2825246
1497 0.3315219
1498 0.07842021
1499 0.1182886
1500 0.02888257
1501 0.4096703
1502 0.3053252
1503 0.03202164
1504 0.5255195
1505 0.664147
1506 0.1240408
1507 0.9148066
1508 0.02326672
1509 0.6508506
1510 0.02153142
1511 0.0002889681
1512 0.1788883
1513 0.939116
1514 0.4938403
1515 0.3720705
1516 0.3392087
1517 0.02825728
1518 0.9620679
1519 0.1214991
1520 0.0006276223
1521 0.03864747
1522 0.4784327
1523 0.006417632
1524 0.7943651
1525 0.8987626
1526 0.05598558
1527 0.07199597
1528 0.2324993
1529 0.02302827
1530 0.1238851
1531 0.7673354
1532 0.1882351
1533 0.1529127
1534 0.3239305
1535 0.2441679
1536 0.01858237
1537 0.675524
1538 0.2519621
1539 0.5247148
1540 0.022778
1541 0.533385
1542 0.9195405
1543 0.3866562
1544 0.5945309
1545 0.8530493
1546 0.3521627
1547 0.0456711
1548 0.6319684
1549 0.7297273
1550 0.1507665
1551 0.6760523
1552 0.1651578
1553 0.1334089
1554 0.5045548
1555 0.6190689
1556 0.875686
1557 0.02759924
1558 0.6842038
1559 0.9975716
1560 0.5908044
1561 0.2701687
1562 0.455984
1563 0.329274
1564 0.2597907
1565 0.3907136
1566 0.06167443
1567 0.5759411
1568 0.1279606
1569 0.5585819
1570 0.1307546
1571 0.3547327
1572 0.0008967925
1573 0.3566512
1574 0.8363562
1575 0.08205061
1576 0.9517596
1577 0.02915396
1578 0.3764528
1579 0.809477
1580 0.1895245
1581 0.5946475
1582 0.4229297
1583 0.5330461
1584 0.003662479
1585 0.7586193
1586 0.1002489
1587 0.03152284
1588 0.04914768
1589 0.04954068
1590 0.03416674
1591 0.9528861
1592 0.9757327
1593 0.3745009
1594 0.4350353
1595 0.05064698
1596 0.4839706
1597 0.05042652
1598 0.9603966
1599 0.3195792
1600 0.8616159
1601 0.3371375
1602 0.5118556
1603 0.5621742
1604 0.9305314
1605 0.6719628
1606 0.1216465
1607 0.02393969
1608 0.07883473
1609 0.5764913
1610 0.1504875
1611 0.9753223
1612 0.2912017
1613 0.180232
1614 0.2280373
1615 0.8436939
1616 0.02854454
1617 0.4669831
1618 0.9159329
1619 0.4423529
1620 0.6185695
1621 0.4199601
1622 0.1700151
1623 0.2271772
1624 0.5659465
1625 0.1139903
1626 0.657772
1627 0.3278905
1628 0.8619689
1629 0.3571058
1630 0.3493481
1631 0.3043636
1632 0.8571589
1633 0.6686683
1634 0.7550273
1635 0.4221643
1636 0.2483115
1637 0.7873598
1638 0.2078478
1639 0.08842644
1640 0.2380997
1641 0.9071743
1642 0.6324525
1643 0.1702223
1644 0.1528771
1645 0.1640811
1646 0.8642327
1647 0.3519451
1648 0.3948548
1649 0.804461
1650 0.04192116
1651 0.1009529
1652 0.1254522
1653 0.407745
1654 0.1101379
1655 0.9247438
1656 0.01685434
1657 0.2536611
1658 0.1195811
1659 0.02430415
1660 0.006135075
1661 0.005266856
1662 0.1157012
1663 0.9161283
1664 0.7573096
1665 0.2424027
1666 0.2457859
1667 0.369578
1668 0.3504239
1669 0.0246315
1670 0.8333442
1671 0.7777077
1672 0.7488863
1673 0.4802387
1674 0.009133498
1675 0.4610088
1676 0.1456275
1677 0.501014
1678 0.06038111
1679 0.5377132
1680 0.2934469
1681 0.008150053
1682 0.01889613
1683 0.4278562
1684 0.2045638
1685 0.4222446
1686 0.01700138
1687 0.03950806
1688 0.2980586
1689 0.4876496
1690 0.1284637
1691 0.1079174
1692 0.1304364
1693 0.2510177
1694 0.1608265
1695 0.512822
1696 0.3414518
1697 0.04217019
1698 0.6546117
1699 0.3698379
1700 0.7220669
1701 0.01770734
1702 0.6641297
1703 0.1591597
1704 0.3085489
1705 0.9542
1706 0.1350979
1707 0.01041362
1708 0.020582
1709 0.7069634
1710 0.1885097
1711 0.8898869
1712 0.4313012
1713 0.1033572
1714 0.006238964
1715 0.248729
1716 0.791951
1717 0.004825997
1718 0.2437141
1719 0.5009379
1720 0.8604815
1721 0.8438514
1722 0.0394914
1723 0.9500352
1724 0.8427618
1725 0.1150826
1726 0.5434024
1727 0.03187556
1728 0.077743
1729 0.825177
1730 0.1132602
1731 0.9229949
1732 0.2134587
1733 0.05211883
1734 0.5520394
1735 0.05447872
1736 0.2149332
1737 0.005637625
1738 0.2348142
1739 0.7411503
1740 0.2795317
1741 0.8351199
1742 0.4452878
1743 0.144609
1744 0.4687436
1745 0.1060382
1746 0.9495048
1747 0.2483108
1748 0.8629057
1749 0.6654417
1750 0.4435669
1751 0.512139
1752 0.7101221
1753 0.09456776
1754 0.01850839
1755 0.379827
1756 0.6335842
1757 0.01902986
1758 0.7218896
1759 0.6599951
1760 0.7410454
1761 0.09131309
1762 0.8546494
1763 0.1541301
1764 0.9751329
1765 0.04937959
1766 0.8779928
1767 0.1449325
1768 0.9680541
1769 0.6045504
1770 0.9338817
1771 0.02593097
1772 0.0860073
1773 0.759917
1774 0.9723046
1775 0.2057387
1776 0.1711733
1777 0.01437676
1778 0.7115321
1779 0.02686008
1780 0.3669081
1781 0.5958942
1782 0.8402643
1783 0.1817642
1784 0.1313189
1785 0.7460257
1786 0.04523056
1787 0.07988169
1788 0.1179176
1789 0.2327544
1790 0.165663
1791 0.2369103
1792 0.04817755
1793 0.002053605
1794 0.1746484
1795 0.03307279
1796 0.204321
1797 0.5950081
1798 0.7793895
1799 0.9512318
1800 0.003989846
1801 0.34274
1802 0.3423582
1803 0.05073047
1804 0.05995326
1805 0.4029252
1806 0.1166083
1807 0.02170781
1808 0.5431077
1809 0.8978257
1810 0.3886154
1811 0.08937094
1812 0.3599302
1813 0.3104388
1814 0.1695328
1815 0.03817243
1816 0.5538961
1817 0.07302256
1818 0.7002549
1819 0.2686037
1820 0.8604962
1821 0.7975828
1822 0.06004442
1823 0.05297434
1824 0.0967588
1825 0.831676
1826 0.6558136
1827 0.7851386
1828 0.1316403
1829 0.1083834
1830 0.1534526
1831 0.0006457391
1832 0.09706068
1833 0.6650293
1834 0.9879044
1835 0.01152181
1836 0.7258111
1837 0.1289248
1838 0.3119514
1839 0.7803437
1840 0.05733951
1841 0.4340784
1842 0.2147104
1843 0.7429225
1844 0.2034242
1845 0.1725417
1846 0.1544022
1847 0.5163134
1848 0.8161405
1849 0.9595762
1850 0.3399152
1851 0.4381881
1852 0.655267
1853 0.9464784
1854 0.6988893
1855 0.873002
1856 0.6090099
1857 0.3581915
1858 0.08353325
1859 0.7596527
1860 0.4363028
1861 0.8123379
1862 0.1871963
1863 0.2042595
1864 0.1203715
1865 0.3762256
1866 0.009245347
1867 0.1958431
1868 0.8736195
1869 0.6386074
1870 0.9368454
1871 0.9770362
1872 0.5262055
1873 0.933613
1874 0.01917928
1875 0.2694713
1876 0.5265693
1877 0.3466662
1878 0.01817898
1879 0.0360677
1880 0.2251768
1881 0.1887567
1882 0.2511497
1883 0.9697572
1884 0.8814925
1885 0.2435334
1886 0.6294462
1887 0.7659357
1888 0.4923228
1889 0.2101572
1890 0.3093336
1891 0.3523335
1892 0.04569807
1893 0.7065171
1894 0.5882505
1895 0.242497
1896 0.06127458
1897 0.7666838
1898 0.09131394
1899 0.9529375
1900 0.09261496
1901 0.005352012
1902 0.01547311
1903 0.4132329
1904 0.2688214
1905 0.8261501
1906 0.8589615
1907 0.3915428
1908 0.370152
1909 0.00345763
1910 0.9915853
1911 0.6111219
1912 0.5871272
1913 0.1027874
1914 0.1202787
1915 0.7922483
1916 0.5050633
1917 0.1105675
1918 0.1804696
1919 0.4221831
1920 0.6764648
1921 0.6268406
1922 0.3321545
1923 0.06591547
1924 0.778376
1925 0.6187812
1926 0.09191995
1927 0.1808844
1928 0.09575179
1929 0.5621172
1930 0.6940211
1931 0.2139463
1932 0.03189973
1933 0.7032289
1934 0.2053322
1935 0.272654
1936 0.5979096
1937 0.01987259
1938 0.3740092
1939 0.216897
1940 0.001961241
1941 0.9200794
1942 0.2126065
1943 0.2224283
1944 0.5846393
1945 0.5220281
1946 0.3486208
1947 0.06651832
1948 0.2591571
1949 0.8005117
1950 0.2415632
1951 0.0004914215
1952 0.2849922
1953 0.4732096
1954 0.6750565
1955 0.05932306
1956 0.9372955
1957 0.2892468
1958 0.8968579
1959 0.3491149
1960 0.2763898
1961 0.7347795
1962 0.2675957
1963 0.2678158
1964 0.2562707
1965 0.03147614
1966 0.03009512
1967 0.01057755
1968 0.1652377
1969 0.1158517
1970 0.1587262
1971 0.5014338
1972 0.1540099
1973 0.9877134
1974 0.9013657
1975 0.1253702
1976 0.0285115
1977 0.3544735
1978 0.06154105
1979 0.05987992
1980 0.20101
1981 0.2954434
1982 0.006707403
1983 0.3351121
1984 0.811096
1985 0.771022
1986 0.1173836
1987 0.389726
1988 0.1703025
1989 0.1659226
1990 0.877082
1991 0.8189288
1992 0.2786622
1993 0.2284152
1994 0.8846372
1995 0.6037566
1996 0.01188932
1997 0.1901204
1998 0.6805414
1999 0.8781765
2000 0.2097004
2001 0.162792
2002 0.5061471
2003 0.7430584
2004 0.9576496
2005 0.4381209
2006 0.3081019
2007 0.1780783
2008 0.4600394
2009 0.3445147
2010 0.2670617
2011 0.5202278
2012 0.01171066
2013 0.04932416
2014 0.8533049
2015 0.811551
2016 0.5772608
2017 0.5617794
2018 0.4949564
2019 0.4133851
2020 0.665157
2021 0.6864365
2022 0.8324501
2023 0.2467021
2024 0.111131
2025 0.7415867
2026 0.7263186
2027 0.1275171
2028 0.2891356
2029 0.2348467
2030 0.90413
2031 0.4063722
2032 0.164808
2033 0.6880056
2034 0.06572234
2035 0.01808934
2036 0.3497577
2037 0.5917271
2038 0.9735455
2039 0.9066567
2040 0.4027859
2041 0.5615147
2042 0.02048261
2043 0.0810162
2044 0.1830084
2045 0.2127993
2046 0.01367384
2047 0.296484
2048 0.03403946
2049 0.1535824
2050 0.0535551
2051 0.2754099
2052 0.1159243
2053 0.5658646
2054 0.2137843
2055 0.2227173
2056 0.03775147
2057 0.2842789
2058 0.9127959
2059 0.01505306
2060 0.5985485
2061 0.1566958
2062 0.6582593
2063 0.4504339
2064 0.302456
2065 0.02846297
2066 0.8561034
2067 0.5870527
2068 0.5458412
2069 0.9000213
2070 0.1446237
2071 0.8351766
2072 0.0003204213
2073 0.8754756
2074 0.2532401
2075 0.3468569
2076 0.3736732
2077 0.6172244
2078 0.5342396
2079 0.387836
2080 0.5692409
2081 0.152268
2082 0.0520879
2083 0.09225014
2084 0.4078698
2085 0.26039
2086 0.5681399
2087 0.01244988
2088 0.07814108
2089 0.2289472
2090 0.4132048
2091 0.3262319
2092 0.01007652
2093 0.09594156
2094 0.1753058
2095 0.2908286
2096 0.9739217
2097 0.7698272
2098 0.3675017
2099 0.004676852
2100 0.2135113
2101 0.5512411
2102 0.7331725
2103 0.7362267
2104 0.4624458
2105 0.02640631
2106 0.5688735
2107 0.293598
2108 0.04165404
2109 0.02539454
2110 0.08306326
2111 0.6370296
2112 0.27404
2113 0.2267577
2114 0.4908273
2115 0.6289269
2116 0.1775111
2117 0.5922561
2118 0.9877361
2119 0.4041509
2120 0.06985569
2121 0.5103201
2122 0.2830394
2123 0.5854317
2124 0.4948063
2125 0.01800046
2126 0.367579
2127 0.006957829
2128 0.6622269
2129 0.3578677
2130 0.4184446
2131 0.035561
2132 0.02318596
2133 0.5729184
2134 0.7087993
2135 0.0565376
2136 0.0371449
2137 0.5081965
2138 0.9736532
2139 0.0166155
2140 0.8922589
2141 0.0528356
2142 0.7075295
2143 0.3327653
2144 0.4788591
2145 0.04358677
2146 0.0006770528
2147 0.7584093
2148 0.9747916
2149 0.4266946
2150 0.4181374
2151 0.3561927
2152 0.8533917
2153 0.7381207
2154 0.1363446
2155 0.6225609
2156 0.1664588
2157 0.1083071
2158 0.4688297
2159 0.8842693
2160 0.2429597
2161 0.2253658
2162 0.7698679
2163 0.1919496
2164 0.12711
2165 0.2288772
2166 0.2886884
2167 0.6808212
2168 0.3517206
2169 0.6059088
2170 0.8469982
2171 0.5428039
2172 0.003330947
2173 0.293977
2174 0.03753094
2175 0.8163987
2176 0.06358197
2177 0.4723674
2178 0.4057027
2179 0.3233193
2180 0.1094313
2181 0.7335315
2182 0.007439213
2183 0.6393991
2184 0.8004214
2185 0.7881823
2186 0.8120584
2187 0.2569169
2188 0.08818779
2189 0.7692242
2190 0.0256373
2191 0.1647237
2192 0.1306692
2193 0.007789872
2194 0.2704794
2195 0.7071632
2196 0.1399065
2197 0.4328732
2198 0.2780674
2199 0.5383544
2200 0.6060863
2201 0.872002
2202 0.01690822
2203 0.03665484
2204 0.0006366812
2205 0.09707119
2206 0.04301537
2207 0.534993
2208 0.6862129
2209 0.5189213
2210 0.576398
2211 0.5161195
2212 0.6805593
2213 0.3594538
2214 0.6694651
2215 0.001832022
2216 0.1108107
2217 0.8172872
2218 0.9906545
2219 0.8748389
2220 0.03878435
2221 0.242711
2222 0.6266402
2223 0.5519739
2224 0.6104078
2225 0.2708103
2226 0.07397898
2227 0.1144871
2228 0.3386657
2229 0.6832886
2230 0.01616801
2231 0.1716416
2232 0.5343838
2233 0.7136954
2234 0.04565535
2235 0.106719
2236 0.001702872
2237 0.8962775
2238 0.04203854
2239 0.350307
2240 0.03657702
2241 0.05239885
2242 0.8963269
2243 0.1880145
2244 0.9654431
2245 0.4337066
2246 0.08731211
2247 0.04983851
2248 0.2745865
2249 0.3987814
2250 0.09931555
2251 0.02526748
2252 0.3155201
2253 0.1631775
2254 0.8188079
2255 0.8172169
2256 0.4265174
2257 0.2271241
2258 0.000390593
2259 0.4926905
2260 0.1106606
2261 0.3781636
2262 0.5536444
2263 0.4779847
2264 0.1596443
2265 0.004537012
2266 0.3398148
2267 0.7862771
2268 0.03244279
2269 0.01880586
2270 0.4124953
2271 0.8298097
2272 0.2267437
2273 0.003501115
2274 0.5576915
2275 0.6979966
2276 0.9967028
2277 0.6042648
2278 0.6856199
2279 0.7937121
2280 0.4187812
2281 0.4125999
2282 0.6782389
2283 0.09715406
2284 0.325946
2285 0.6728325
2286 0.09472838
2287 0.2071406
2288 0.09275113
2289 0.1434932
2290 0.04740057
2291 0.643913
2292 0.8142934
2293 0.5350668
2294 0.4230105
2295 0.3621964
2296 0.7763729
2297 0.9864502
2298 0.4945947
2299 0.3156686
2300 0.06068062
2301 0.3091709
2302 0.3781067
2303 0.6498149
2304 0.2812261
2305 0.8612122
2306 0.8282052
2307 0.7158148
2308 0.6290938
2309 0.01906685
2310 0.75633
2311 0.8823443
2312 0.9111786
2313 0.7394715
2314 0.09405993
2315 0.4374779
2316 0.3733426
2317 0.2323946
2318 0.150223
2319 0.8358804
2320 0.0154879
2321 0.9998794
2322 0.08830074
2323 0.7870696
2324 0.2175159
2325 0.04444583
2326 0.5204973
2327 0.1142139
2328 0.3362949
2329 0.01986772
2330 0.002687416
2331 0.803308
2332 0.9831135
2333 0.837831
2334 0.5021365
2335 0.08343602
2336 0.407458
2337 0.6498984
2338 0.4594881
2339 0.3524792
2340 0.1419951
2341 0.2462504
2342 0.2977454
2343 0.2037699
2344 0.3237498
2345 0.1494388
2346 0.4331655
2347 0.8711341
2348 0.2067677
2349 0.7838596
2350 0.003609904
2351 0.9343371
2352 0.7001903
2353 0.1671511
2354 0.3010358
2355 0.6455465
2356 0.04998742
2357 0.9682452
2358 0.04092583
2359 0.02566089
2360 0.7332929
2361 0.9693695
2362 0.1582217
2363 0.1044942
2364 0.7932458
2365 0.8661889
2366 0.6712477
2367 0.1996312
2368 0.1431883
2369 0.0003271433
2370 0.405989
2371 0.286729
2372 0.533565
2373 0.1781182
2374 0.8000295
2375 0.7091437
2376 0.003860366
2377 0.5178629
2378 0.2669445
2379 0.2048225
2380 0.7164828
2381 0.4718353
2382 0.6474455
2383 0.2457518
2384 0.05439014
2385 0.4018874
2386 0.2844405
2387 0.4793149
2388 0.04742026
2389 0.6560618
2390 0.5296283
2391 0.06513283
2392 0.02195288
2393 0.4571303
2394 0.8621319
2395 0.0245793
2396 0.8939682
2397 0.01153803
2398 0.759761
2399 0.1701774
2400 0.2496259
2401 0.2318091
2402 0.548803
2403 0.03771536
2404 0.5853659
2405 0.9489788
2406 0.564131
2407 0.02056452
2408 0.4541218
2409 0.7856323
2410 0.1404617
2411 0.1524012
2412 0.4166328
2413 0.5033048
2414 0.5726587
2415 0.003782779
2416 0.2884626
2417 0.6701219
2418 0.9399691
2419 0.03569737
2420 0.1022598
2421 0.8927392
2422 0.2442676
2423 0.5467822
2424 0.2912409
2425 0.6428834
2426 0.09833879
2427 0.1527339
2428 0.6666951
2429 0.8109766
2430 0.02908357
2431 0.3235259
2432 0.1921912
2433 0.7980583
2434 0.7923985
2435 0.04063489
2436 0.9905635
2437 0.1903229
2438 0.2088746
2439 0.2185433
2440 0.6926927
2441 0.001011796
2442 0.4059618
2443 0.7026863
2444 0.8631861
2445 0.02437199
2446 0.1389829
2447 0.03483051
2448 0.5215245
2449 0.0249467
2450 0.4586714
2451 0.2168619
2452 0.4153891
2453 0.1232001
2454 0.8412751
2455 0.3067009
2456 0.396115
2457 0.3810965
2458 0.8381417
2459 0.07666455
2460 0.4704264
2461 0.2331167
2462 0.4533335
2463 0.3371702
2464 0.6455637
2465 0.7696412
2466 0.8076126
2467 0.04677043
2468 0.5413033
2469 0.02290635
2470 0.3266119
2471 0.2839365
2472 0.9407178
2473 0.3259816
2474 0.3227964
2475 0.7776305
2476 0.5331801
2477 0.2325107
2478 0.08184551
2479 0.8210923
2480 0.9536753
2481 0.7746336
2482 0.1926682
2483 0.3379226
2484 0.009840891
2485 0.1197536
2486 0.1528753
2487 0.6613538
2488 0.9231398
2489 0.7112411
2490 0.3924123
2491 0.5175705
2492 0.9578018
2493 0.901325
2494 0.5910304
2495 0.3513418
2496 0.2627666
2497 0.04591584
2498 0.227279
2499 0.1229468
2500 0.04411298
2501 0.5153564
2502 0.6611784
2503 0.2594813
2504 0.4680649
2505 0.1224189
2506 0.0389971
2507 0.9033438
2508 0.7813183
2509 0.5350533
2510 0.01333242
2511 0.8753647
2512 0.0269104
2513 0.9740044
2514 0.5022981
2515 0.251462
2516 0.4127901
2517 0.1099646
2518 0.7087209
2519 0.9668928
2520 0.6871917
2521 0.373671
2522 0.6125593
2523 0.05584916
2524 0.001898987
2525 0.7752036
2526 0.01544755
2527 0.5231332
2528 0.001092731
2529 0.2748732
2530 0.287146
2531 0.2396651
2532 0.02255518
2533 0.4696145
2534 0.02380078
2535 0.7435675
2536 0.6275635
2537 0.3139147
2538 0.4325577
2539 0.1643657
2540 0.02955482
2541 0.3751359
2542 0.9936337
2543 0.9433851
2544 0.1938586
2545 0.1657407
2546 0.1993235
2547 0.4662908
2548 0.6170262
2549 0.3906536
2550 0.2264007
2551 0.5792896
2552 0.9358556
2553 0.3477375
2554 0.09962502
2555 0.7044797
2556 0.7480605
2557 0.5660439
2558 0.5683032
2559 0.6918154
2560 0.8123508
2561 0.7183876
2562 0.1658818
2563 0.7432635
2564 0.3035207
2565 0.0882597
2566 0.3688571
2567 0.2184698
2568 0.1983343
2569 0.09950152
2570 0.2910183
2571 0.6282847
2572 0.8766894
2573 0.2182798
2574 0.7707515
2575 0.1492608
2576 0.5776594
2577 0.8166495
2578 0.00979536
2579 0.4687822
2580 0.1012036
2581 0.5415079
2582 0.1214056
2583 0.6494963
2584 0.5139789
2585 0.9893608
2586 0.07097652
2587 0.3536525
2588 0.4955349
2589 0.7282544
2590 0.7433526
2591 0.2410688
2592 0.1721956
2593 0.2893501
2594 0.1588456
2595 0.6308083
2596 0.1381813
2597 0.6754443
2598 0.03168175
2599 0.01960679
2600 0.6551182
2601 0.5329451
2602 0.6009916
2603 0.634835
2604 0.6591671
2605 0.9774679
2606 0.403679
2607 0.4889214
2608 0.5232137
2609 0.5618301
2610 0.2683288
2611 0.2149975
2612 0.6050109
2613 0.4342659
2614 0.791683
2615 0.6185905
2616 0.5417063
2617 0.5345031
2618 0.5004954
2619 0.05949695
2620 0.6422386
2621 0.7432559
2622 0.2661552
2623 0.1411039
2624 0.7524217
2625 0.06635742
2626 0.002025193
2627 0.08427982
2628 0.6010751
2629 0.1014749
2630 0.1493356
2631 0.4666604
2632 0.5989605
2633 0.8405165
2634 0.3066282
2635 0.9592169
2636 0.07697611
2637 0.1960883
2638 0.5936202
2639 0.864962
2640 0.3887922
2641 0.3316444
2642 0.9140215
2643 0.1595347
2644 0.8564505
2645 0.7383072
2646 0.2591853
2647 0.4447656
2648 0.8372056
2649 0.8202614
2650 0.3290616
2651 0.5987717
2652 0.1898585
2653 0.3706986
2654 0.9110242
2655 0.7497105
2656 0.2390807
2657 0.3478517
2658 0.736965
2659 0.009790443
2660 0.6785526
2661 0.08259275
2662 0.4520533
2663 0.1647536
2664 0.03542271
2665 0.1133351
2666 0.09609999
2667 0.5433965
2668 0.882151
2669 0.5628881
2670 0.6759654
2671 0.142009
2672 0.8951358
2673 0.2182806
2674 0.2139341
2675 0.004648606
2676 0.7474927
2677 0.439553
2678 0.8007201
2679 0.488424
2680 0.03735555
2681 0.8154688
2682 0.9499399
2683 0.8627711
2684 0.3309414
2685 0.09304584
2686 0.07841042
2687 0.6030198
2688 0.7343404
2689 0.1978307
2690 0.4026755
2691 0.04871269
2692 0.6437228
2693 0.1375123
2694 0.01241342
2695 0.7568351
2696 0.3663711
2697 0.8974086
2698 0.4108749
2699 0.941078
2700 0.512267
2701 0.9980346
2702 0.8385946
2703 0.389819
2704 0.389157
2705 0.6189213
2706 0.4166472
2707 0.3108019
2708 0.2353746
2709 0.3848258
2710 0.2719193
2711 0.07854263
2712 0.1438626
2713 0.9707747
2714 0.129702
2715 0.1540746
2716 0.9521433
2717 0.1830272
2718 0.1682356
2719 0.4908756
2720 0.4289118
2721 0.1115681
2722 0.1915533
2723 0.2053015
2724 0.04918733
2725 0.7769003
2726 0.1417008
2727 0.1618425
2728 0.694195
2729 0.8261041
2730 0.7807827
2731 0.04956708
2732 0.4631055
2733 0.2975618
2734 0.09797931
2735 0.05349162
2736 0.2877493
2737 0.6185164
2738 0.398376
2739 0.9547846
2740 0.3373485
2741 0.3347328
2742 0.1412361
2743 0.1010962
2744 0.3239352
2745 0.119766
2746 0.2294211
2747 0.05525106
2748 0.7895349
2749 0.1541981
2750 0.2890977
2751 0.03838857
2752 0.07780933
2753 0.4959703
2754 0.7229505
2755 0.7163885
2756 0.02186738
2757 0.03799588
2758 0.5607105
2759 0.3393015
2760 0.2224651
2761 0.02012398
2762 0.6543782
2763 0.8958603
2764 0.8052584
2765 0.08439634
2766 0.2611072
2767 0.3010217
2768 0.5258387
2769 0.3363846
2770 0.5674154
2771 0.007223917
2772 0.2910539
2773 0.3033074
2774 0.5126501
2775 0.6608931
2776 0.2085075
2777 0.1185876
2778 0.6319825
2779 0.0556378
2780 0.3120204
2781 0.6083107
2782 0.6223905
2783 0.7854976
2784 0.08417666
2785 0.781075
2786 0.006320751
2787 0.4732924
2788 0.5135108
2789 0.4460425
2790 0.0295143
2791 0.5501862
2792 0.2125815
2793 0.003112502
2794 0.09152052
2795 0.8049572
2796 0.8632629
2797 0.4521083
2798 0.1613449
2799 0.5306912
2800 0.1752827
2801 0.5056413
2802 0.08026969
2803 0.4862654
2804 0.01642623
2805 0.1533837
2806 0.1815772
2807 0.02400727
2808 0.2708513
2809 0.0129402
2810 0.3715088
2811 0.2160067
2812 0.03716736
2813 0.05827137
2814 0.6111049
2815 0.3790954
2816 0.05975814
2817 0.4948306
2818 0.1816481
2819 0.2388524
2820 0.3721613
2821 0.5838083
2822 0.1291176
2823 0.1269222
2824 0.1752392
2825 0.2427701
2826 0.6002968
2827 0.4344817
2828 0.02714039
2829 0.2050227
2830 0.04816088
2831 0.09122876
2832 0.1434251
2833 0.5617676
2834 0.1128012
2835 0.3827734
2836 0.2752237
2837 0.05062732
2838 0.08594425
2839 0.05816085
2840 0.8517573
2841 0.01265177
2842 0.6385034
2843 0.6429674
2844 0.7912749
2845 0.3844351
2846 0.9407072
2847 0.008932113
2848 0.003346657
2849 0.4996529
2850 0.6457626
2851 0.0548598
2852 0.8268764
2853 0.4529184
2854 0.4160368
2855 0.1047249
2856 0.009444484
2857 0.006979044
2858 0.4100661
2859 0.8871434
2860 0.008351808
2861 0.02561704
2862 0.3174583
2863 0.09367894
2864 0.3065766
2865 0.02640585
2866 0.0006795052
2867 0.02242517
2868 0.03105363
2869 0.5868933
2870 0.03258796
2871 0.1143176
2872 0.4413462
2873 0.8279319
2874 0.2590815
2875 0.03979466
2876 0.3743824
2877 0.1457176
2878 0.1628925
2879 0.5235207
2880 0.4457887
2881 0.342935
2882 0.1830517
2883 0.8534135
2884 0.7439528
2885 0.3906388
2886 0.03035682
2887 0.3692657
2888 0.786418
2889 0.4516853
2890 0.5020034
2891 0.4636146
2892 0.09847224
2893 0.3597636
2894 0.2943235
2895 0.02025762
2896 0.8977901
2897 0.7400635
2898 0.01334309
2899 0.408054
2900 0.8994677
2901 0.4565785
2902 0.1973257
2903 0.1368621
2904 0.4514486
2905 0.09917534
2906 0.5795086
2907 0.1432381
2908 0.6567021
2909 0.3675798
2910 0.3421413
2911 0.23261
2912 0.01266985
2913 0.769414
2914 0.06184074
2915 0.4958824
2916 0.6391914
2917 0.01777825
2918 0.7042962
2919 0.6358982
2920 0.1070013
2921 0.6608108
2922 0.148952
2923 0.2689115
2924 0.04104779
2925 0.3361305
2926 0.576928
2927 0.03298194
2928 0.3890039
2929 0.7694205
2930 0.3178825
2931 0.7280115
2932 0.4033644
2933 0.2963107
2934 0.0836768
2935 0.7686719
2936 0.5954713
2937 0.8842085
2938 0.1329743
2939 0.7383369
2940 0.9797173
2941 0.2087329
2942 0.4537168
2943 0.706552
2944 0.7957414
2945 0.920199
2946 0.1321097
2947 0.7595355
2948 0.6287945
2949 0.5513744
2950 0.08272465
2951 0.3672575
2952 0.1330319
2953 0.026045
2954 0.1556619
2955 0.008871713
2956 0.9801615
2957 0.4834555
2958 0.004120026
2959 0.8619596
2960 0.01806127
2961 0.60955
2962 0.1838673
2963 0.210145
2964 0.8685078
2965 0.01702414
2966 0.08561248
2967 0.2346997
2968 0.04066064
2969 0.02631536
2970 0.8533773
2971 0.683854
2972 0.7491621
2973 0.4771787
2974 0.8762602
2975 0.1354608
2976 0.4706823
2977 0.2836232
2978 0.7714999
2979 0.877803
2980 0.05884513
2981 0.4511666
2982 0.5668757
2983 0.781849
2984 0.499471
2985 0.2617499
2986 0.0298453
2987 0.9029777
2988 0.5598155
2989 0.001968372
2990 0.5050865
2991 0.3629053
2992 0.146544
2993 0.1782112
2994 0.09350195
2995 0.1345291
2996 0.1773881
2997 0.7078727
2998 0.3723738
2999 0.1288196
3000 0.04771556
3001 0.01059171
3002 0.003048283
3003 0.0419341
3004 0.4280181
3005 0.453025
3006 0.0554968
3007 0.4125933
3008 0.06531597
3009 0.1561236
3010 0.6621636
3011 0.7869159
3012 0.1513228
3013 0.805937
3014 0.06386781
3015 0.8541284
3016 0.3185013
3017 0.07882911
3018 0.4989097
3019 0.5516367
3020 0.2544089
3021 0.2786845
3022 0.02878142
3023 0.8032247
3024 0.09272543
3025 0.3100588
3026 0.1558888
3027 0.2207041
3028 0.1431521
3029 0.7019494
3030 0.1678785
3031 0.05064545
3032 0.8956812
3033 0.9962232
3034 0.8017177
3035 0.009494091
3036 0.3777298
3037 0.05087396
3038 0.008772031
3039 0.2948827
3040 0.5349602
3041 0.5476457
3042 0.6823445
3043 0.2859551
3044 0.4352406
3045 0.5038337
3046 0.2886114
3047 0.3931191
3048 0.0900001
3049 0.7037376
3050 0.05128359
3051 0.02172415
3052 0.2458273
3053 0.4253741
3054 0.003014948
3055 0.540536
3056 0.5532914
3057 0.8376653
3058 0.8155422
3059 0.001854404
3060 0.7516007
3061 0.03446203
3062 0.02270953
3063 0.4218404
3064 0.6279276
3065 0.577453
3066 0.9997186
3067 0.4413191
3068 0.8372343
3069 0.08048582
3070 0.03817323
3071 0.1452938
3072 0.6482156
3073 0.2523612
3074 0.3097168
3075 0.445361
3076 0.5096386
3077 0.08866331
3078 0.2106931
3079 0.896511
3080 0.2636849
3081 0.113069
3082 0.6001161
3083 0.1568674
3084 0.8934137
3085 0.5514769
3086 0.4314383
3087 0.3834968
3088 0.9500838
3089 0.14979
3090 0.7809897
3091 0.6755244
3092 0.2894105
3093 0.5206317
3094 0.5299409
3095 0.07865394
3096 0.5836272
3097 0.1765974
3098 0.4584683
3099 0.2686393
3100 0.8760744
3101 0.0001487443
3102 0.9553132
3103 0.6537693
3104 0.4122391
3105 0.02836758
3106 0.3484537
3107 0.4235365
3108 0.7206224
3109 0.7925551
3110 0.9691378
3111 0.5418282
3112 0.8808732
3113 0.2822196
3114 0.1428746
3115 0.980605
3116 0.5397605
3117 0.9165054
3118 0.3803452
3119 0.0124463
3120 0.6842929
3121 0.4036351
3122 0.2246581
3123 0.752765
3124 0.7806347
3125 0.4943794
3126 0.1704105
3127 0.1515557
3128 0.1666964
3129 0.2348874
3130 0.2608644
3131 0.4289976
3132 0.2866838
3133 0.1966758
3134 0.03608014
3135 0.2584737
3136 0.3550497
3137 0.1483408
3138 0.2845061
3139 0.4014223
3140 0.6900974
3141 0.02646854
3142 0.1020975
3143 0.3919797
3144 0.4676788
3145 0.8645203
3146 0.3650621
3147 0.3299085
3148 0.5950881
3149 0.0005073869
3150 0.1378576
3151 0.7358334
3152 0.9135815
3153 0.5178908
3154 0.1991361
3155 0.4833437
3156 0.6366635
3157 0.2928998
3158 0.0413359
3159 0.01118154
3160 0.2955668
3161 0.1107923
3162 0.7088567
3163 0.06711527
3164 0.2705695
3165 0.4678095
3166 0.7308258
3167 0.4322136
3168 0.4389956
3169 0.642773
3170 0.8039495
3171 0.6430852
3172 0.2136307
3173 0.4561592
3174 0.1103857
3175 0.1096302
3176 0.5706491
3177 0.5408334
3178 0.8548472
3179 0.02517819
3180 0.2575863
3181 0.1973364
3182 0.6447779
3183 0.8166642
3184 0.04953115
3185 0.04160975
3186 0.2088317
3187 0.9621687
3188 0.3774194
3189 0.472787
3190 0.7062599
3191 0.3212642
3192 0.295003
3193 0.4377691
3194 0.07742895
3195 0.9114155
3196 0.9957152
3197 0.006000294
3198 0.0002874676
3199 0.3535225
3200 0.1199852
3201 0.4590172
3202 0.8698849
3203 0.559015
3204 0.003081891
3205 0.09917139
3206 0.7979881
3207 0.9531983
3208 0.4524196
3209 0.1581306
3210 0.2965219
3211 0.4207705
3212 0.7597297
3213 0.6132211
3214 0.2100806
3215 0.9151576
3216 0.0980585
3217 0.00736786
3218 0.007324172
3219 0.1264729
3220 0.00276228
3221 0.04072599
3222 0.6192338
3223 0.9972197
3224 0.2966655
3225 0.6686509
3226 0.3633123
3227 0.6237198
3228 0.3031551
3229 0.4154837
3230 0.0241172
3231 0.7450858
3232 0.1015121
3233 0.1339779
3234 0.370974
3235 0.6246055
3236 0.5252284
3237 0.4170681
3238 0.9579134
3239 0.2603519
3240 0.2791226
3241 0.2190426
3242 0.7010481
3243 0.09446009
3244 0.104822
3245 0.7543626
3246 0.5926615
3247 0.2676465
3248 0.1308669
3249 0.6677877
3250 0.8266226
3251 0.3560692
3252 0.1879974
3253 0.6497124
3254 9.333701e-05
3255 0.1493267
3256 0.6020159
3257 0.8995648
3258 0.613046
3259 0.3557417
3260 0.4741007
3261 0.05475435
3262 0.4755625
3263 0.7045653
3264 0.1076094
3265 0.0432634
3266 0.4123607
3267 0.8432879
3268 0.8686374
3269 0.5518125
3270 0.2466539
3271 0.7065494
3272 0.2290691
3273 0.3371164
3274 0.3065403
3275 0.1991831
3276 0.1790701
3277 0.02415042
3278 0.4623519
3279 0.6515327
3280 0.9148544
3281 0.04577628
3282 0.7166629
3283 0.9971135
3284 0.06281894
3285 0.463251
3286 0.9735311
3287 0.9842117
3288 0.6660947
3289 0.1633108
3290 0.1117571
3291 0.6259947
3292 0.4418569
3293 0.08467994
3294 0.1069748
3295 0.7052902
3296 0.09720821
3297 0.8455455
3298 0.9309829
3299 0.08008164
3300 0.04250058
3301 0.4589102
3302 0.1863632
3303 0.4573269
3304 0.5356694
3305 0.0155304
3306 0.1260196
3307 0.4782936
3308 0.5997263
3309 0.1330526
3310 0.3955936
3311 0.6019037
3312 0.5315416
3313 0.6033443
3314 0.07060943
3315 0.5490131
3316 0.8821183
3317 0.265327
3318 0.2406185
3319 0.66932
3320 0.9892909
3321 0.283901
3322 0.02198229
3323 0.4679165
3324 0.5940254
3325 0.0462793
3326 0.645112
3327 0.6682958
3328 0.2010103
3329 0.08796346
3330 0.06520329
3331 0.7844513
3332 0.7185112
3333 0.2366611
3334 0.1179733
3335 0.39222
3336 0.2116083
3337 0.698709
3338 0.6853158
3339 0.003951927
3340 0.159764
3341 0.1627173
3342 0.6463182
3343 0.4423551
3344 0.3926642
3345 0.6400305
3346 0.1798297
3347 0.04882165
3348 0.6272447
3349 0.2361129
3350 0.006698276
3351 0.3691708
3352 0.2904667
3353 0.4281594
3354 0.1685802
3355 0.03405707
3356 0.126599
3357 0.656042
3358 0.1497833
3359 0.3545387
3360 0.683437
3361 0.8520106
3362 0.7505206
3363 0.4248096
3364 0.2480539
3365 0.07164216
3366 0.1705509
3367 0.02852171
3368 0.9177258
3369 0.1562592
3370 0.2519945
3371 0.7218642
3372 0.578817
3373 0.2238687
3374 0.728757
3375 0.3705317
3376 0.6028981
3377 0.1592027
3378 0.08455102
3379 0.01202049
3380 0.3849467
3381 0.1780353
3382 0.1512926
3383 0.448673
3384 0.3191293
3385 0.06231438
3386 0.05300029
3387 0.01800754
3388 0.6079423
3389 0.8703881
3390 0.396503
3391 0.3108957
3392 0.4901623
3393 0.4675136
3394 0.01270731
3395 0.4228315
3396 0.0003748666
3397 0.1505299
3398 0.233226
3399 0.3505439
3400 0.8438996
3401 0.1057488
3402 0.2023944
3403 0.8276465
3404 0.8208581
3405 0.2756583
3406 0.1346095
3407 0.1188088
3408 0.8948633
3409 0.6112104
3410 0.07912238
3411 0.6600137
3412 0.404863
3413 0.7818754
3414 0.2878741
3415 0.09027899
3416 0.08740662
3417 0.8024932
3418 0.03674739
3419 0.3563015
3420 0.1320833
3421 0.148324
3422 0.7484247
3423 0.1688577
3424 0.8586653
3425 0.004662897
3426 0.460759
3427 0.04534341
3428 0.4096447
3429 0.329639
3430 0.7062641
3431 0.1528234
3432 0.0470124
3433 0.06450904
3434 0.7460459
3435 0.6627136
3436 0.1765062
3437 0.165146
3438 0.1603915
3439 0.5393715
3440 0.3054875
3441 0.3203471
3442 0.9313328
3443 0.1606215
3444 0.5237642
3445 0.2015928
3446 0.2797399
3447 0.906618
3448 0.3788553
3449 0.3737204
3450 0.2962352
3451 0.2351309
3452 0.03749534
3453 0.7375857
3454 0.06657894
3455 0.8837492
3456 0.01429653
3457 0.5617551
3458 0.9885544
3459 0.1964189
3460 0.03170904
3461 0.679065
3462 0.01972827
3463 0.6855227
3464 0.4028646
3465 0.7018009
3466 0.1154978
3467 0.3973813
3468 0.5519442
3469 0.07106346
3470 0.00952878
3471 0.1603775
3472 0.8387185
3473 0.4966946
3474 0.9521863
3475 0.2883458
3476 0.01796719
3477 0.1173308
3478 0.606046
3479 0.2934652
3480 0.3537404
3481 0.6338405
3482 0.1093278
3483 0.2210058
3484 0.9640089
3485 0.727405
3486 0.7432325
3487 0.0006951659
3488 0.271186
3489 0.02456318
3490 0.5680574
3491 0.5323267
3492 0.05016034
3493 0.008876527
3494 0.005302631
3495 0.1435798
3496 0.8844522
3497 0.5202269
3498 0.7403111
3499 0.07208607
3500 0.8186654
3501 0.3049783
3502 0.672295
3503 0.6688971
3504 0.1089275
3505 0.1484708
3506 0.03268053
3507 0.5818518
3508 0.9394089
3509 0.07849302
3510 0.2440562
3511 0.2076884
3512 0.3763892
3513 0.6045416
3514 0.6741429
3515 0.09611674
3516 0.2521427
3517 0.2678277
3518 0.7905102
3519 0.8056652
3520 0.09171135
3521 0.1966518
3522 0.05400246
3523 0.760731
3524 0.02740684
3525 0.5646741
3526 0.6895603
3527 0.1281291
3528 0.01532498
3529 0.1089982
3530 0.6692029
3531 0.2965621
3532 0.7433043
3533 0.2370409
3534 0.03109641
3535 0.04216154
3536 0.3730911
3537 0.9059738
3538 0.3976564
3539 0.05835779
3540 0.2777811
3541 0.1054802
3542 0.004265599
3543 0.750245
3544 0.03373043
3545 0.7750386
3546 0.0354815
3547 0.8593197
3548 0.5419261
3549 0.07175057
3550 0.525964
3551 0.1073749
3552 0.0483972
3553 0.3047217
3554 0.9038975
3555 0.1907615
3556 0.2414725
3557 0.153088
3558 0.2992559
3559 0.1332209
3560 0.5464387
3561 0.6907736
3562 0.0231006
3563 0.6419884
3564 0.9485637
3565 0.6715146
3566 0.6221042
3567 0.1032863
3568 0.7722797
3569 0.5316692
3570 0.4524987
3571 0.4782609
3572 0.06304765
3573 0.856865
3574 0.4871833
3575 0.4757955
3576 0.7597021
3577 0.02317111
3578 0.008694553
3579 0.01245093
3580 0.8456123
3581 0.4534769
3582 0.2380734
3583 0.3547112
3584 0.8378689
3585 0.7937534
3586 0.6156439
3587 0.7656545
3588 0.0502916
3589 0.8312933
3590 0.2405034
3591 0.7011792
3592 0.6838241
3593 0.2881183
3594 0.1287674
3595 0.1736017
3596 0.1089212
3597 0.896387
3598 0.0084813
3599 0.01087955
3600 0.143886
3601 0.004446204
3602 0.117676
3603 0.7633415
3604 0.9731013
3605 0.4461124
3606 0.3147998
3607 0.7833665
3608 0.6843037
3609 0.2949119
3610 0.9718332
3611 0.9479741
3612 0.3981128
3613 0.6984311
3614 0.5434598
3615 0.9855053
3616 0.5156024
3617 0.3049248
3618 0.01957403
3619 0.9604212
3620 0.6166264
3621 0.2471939
3622 0.6735687
3623 0.05984278
3624 0.918394
3625 0.5200201
3626 0.00122602
3627 0.239079
3628 0.0908971
3629 0.002261646
3630 0.7858608
3631 0.2992584
3632 0.001361294
3633 0.3981656
3634 0.04121574
3635 0.1636268
3636 0.9769751
3637 0.2747295
3638 0.07577052
3639 0.08928756
3640 0.767005
3641 0.3728468
3642 0.2826601
3643 0.0273152
3644 0.1309274
3645 0.3737002
3646 0.99767
3647 0.3850642
3648 0.0006521403
3649 0.1258302
3650 0.02574398
3651 0.2855413
3652 0.7928417
3653 0.0005199828
3654 0.4210383
3655 0.2410395
3656 0.1391471
3657 0.08268208
3658 0.000971272
3659 0.01349731
3660 0.6568001
3661 0.1679284
3662 0.1606877
3663 0.1183289
3664 0.1283112
3665 0.9335543
3666 0.08654544
3667 0.2434985
3668 0.7203846
3669 0.2061292
3670 0.3162624
3671 0.2621354
3672 0.8772798
3673 0.2876364
3674 0.4891003
3675 0.6776147
3676 0.7043788
3677 0.04744878
3678 0.5333813
3679 0.7186276
3680 0.6869756
3681 0.006116791
3682 0.02312354
3683 0.6578565
3684 0.5569906
3685 0.05467306
3686 0.4865863
3687 0.8669849
3688 0.1178519
3689 0.5529861
3690 0.7631861
3691 0.4622691
3692 0.02503551
3693 0.4979251
3694 0.4284901
3695 0.5099373
3696 0.2127592
3697 0.6948456
3698 0.02013564
3699 0.1328231
3700 0.5479635
3701 0.5021702
3702 0.4263509
3703 0.6481963
3704 0.1607525
3705 0.001367269
3706 0.4984737
3707 0.9023585
3708 0.9653554
3709 0.1740742
3710 0.3237843
3711 0.1257683
3712 0.8408357
3713 0.2202328
3714 0.7427147
3715 0.3052746
3716 0.7691157
3717 0.6420851
3718 0.5379969
3719 0.648292
3720 0.1637515
3721 0.9916237
3722 0.6295249
3723 0.9397408
3724 0.4038808
3725 0.8246596
3726 0.6407751
3727 0.690459
3728 0.6727085
3729 0.6684961
3730 0.04101116
3731 0.5413504
3732 0.3245278
3733 0.1848728
3734 0.8609366
3735 0.1446689
3736 0.388025
3737 0.6820414
3738 0.3802434
3739 0.4461457
3740 0.9048731
3741 0.04701877
3742 0.03337643
3743 0.03609719
3744 0.02922069
3745 0.8654945
3746 0.5454433
3747 0.5330757
3748 0.8651309
3749 0.0753687
3750 0.01181887
3751 0.3020993
3752 0.08769577
3753 0.5073743
3754 0.9887637
3755 0.2913188
3756 0.7562274
3757 0.5103637
3758 0.01981369
3759 0.4856349
3760 0.2159685
3761 0.2402381
3762 0.1654919
3763 0.09662576
3764 0.6886681
3765 0.1591797
3766 0.0975885
3767 0.6138985
3768 0.1812656
3769 0.1510854
3770 0.7663278
3771 0.08480915
3772 0.2049959
3773 0.5464956
3774 0.8020863
3775 0.3482785
3776 0.5203923
3777 0.7075479
3778 0.4834063
3779 0.02183328
3780 0.0446284
3781 0.6536591
3782 0.409034
3783 0.1699424
3784 0.4455289
3785 0.8067443
3786 0.04111132
3787 0.8655727
3788 0.8940458
3789 0.9885921
3790 0.2364822
3791 0.233866
3792 0.4783775
3793 0.3362975
3794 0.6937453
3795 0.351813
3796 0.03820877
3797 0.9960965
3798 0.1178635
3799 0.004763854
3800 0.1228621
3801 0.6469535
3802 0.1950359
3803 0.4147539
3804 0.6519102
3805 0.07760285
3806 0.08074416
3807 0.5772046
3808 0.3120242
3809 0.6562723
3810 0.3288864
3811 0.8117173
3812 0.9552578
3813 0.8203858
3814 0.7641234
3815 0.2226981
3816 0.09375132
3817 0.3696564
3818 0.6332866
3819 0.491713
3820 0.6706257
3821 0.03215218
3822 0.9562362
3823 0.6572567
3824 0.483857
3825 0.2094021
3826 0.2291943
3827 0.1370835
3828 0.740395
3829 0.2774971
3830 0.01816423
3831 0.1916902
3832 0.005999545
3833 0.3723879
3834 0.0582401
3835 0.5732122
3836 0.6049653
3837 0.8274768
3838 0.08569939
3839 0.09527757
3840 0.2256853
3841 0.0006562388
3842 0.9387431
3843 0.9933523
3844 0.4864138
3845 0.02011568
3846 0.814086
3847 0.4595889
3848 0.443829
3849 0.251346
3850 0.2606729
3851 0.09982306
3852 0.7923187
3853 0.4394223
3854 0.3389777
3855 0.5176109
3856 0.7760512
3857 0.5980437
3858 0.1188301
3859 0.6238107
3860 0.1471882
3861 0.4068424
3862 0.2003609
3863 0.1327636
3864 0.8015788
3865 0.231097
3866 0.3577105
3867 0.6230539
3868 0.8678696
3869 0.0332142
3870 0.1876141
3871 0.4561979
3872 0.371329
3873 0.7863717
3874 0.6363764
3875 0.1055559
3876 0.8516699
3877 0.02776327
3878 0.3559207
3879 0.5991056
3880 0.5732429
3881 0.05682677
3882 0.07663304
3883 0.501741
3884 0.2633367
3885 0.2389419
3886 0.6580647
3887 0.2680822
3888 0.4562471
3889 0.6523276
3890 0.02577868
3891 0.3940988
3892 0.0008606665
3893 0.1763378
3894 0.7727804
3895 0.2299044
3896 0.3839216
3897 0.2591123
3898 0.004745622
3899 0.05795265
3900 0.5995657
3901 0.04130436
3902 0.8657392
3903 0.2451487
3904 0.145095
3905 0.04568906
3906 0.20814
3907 0.005344816
3908 0.3926737
3909 0.191939
3910 0.1984525
3911 0.9246107
3912 0.02686457
3913 0.06446141
3914 0.3684564
3915 0.1447701
3916 0.08026977
3917 0.1680783
3918 0.5464836
3919 0.8968991
3920 0.00652694
3921 0.1638745
3922 0.1490857
3923 0.3946459
3924 0.9510556
3925 0.4080921
3926 0.9414709
3927 0.08311194
3928 0.1566949
3929 0.5503139
3930 0.4185761
3931 0.4175332
3932 0.9470676
3933 0.69519
3934 0.7582765
3935 0.7949469
3936 0.4989928
3937 0.7047672
3938 0.7311878
3939 0.3469862
3940 0.03490733
3941 0.268188
3942 0.0412199
3943 0.4042741
3944 0.5637617
3945 0.01618534
3946 0.9258864
3947 0.7768174
3948 0.02685713
3949 0.2926193
3950 0.4652251
3951 0.3751059
3952 0.6264266
3953 0.2966708
3954 0.9247448
3955 0.9770046
3956 0.1276432
3957 0.1028936
3958 0.07022618
3959 0.0004371353
3960 0.03377511
3961 0.2309463
3962 0.06674309
3963 0.2729146
3964 0.8264179
3965 0.04133242
3966 0.2885736
3967 0.1219386
3968 0.0616658
3969 0.06265627
3970 0.66563
3971 0.2454204
3972 0.5402022
3973 0.9039134
3974 0.2487618
3975 0.06956445
3976 0.01309442
3977 0.04547458
3978 0.5748051
3979 0.2294477
3980 0.2230151
3981 0.8514677
3982 0.6131077
3983 0.2105144
3984 0.4800561
3985 0.3719713
3986 0.388339
3987 0.8795678
3988 0.1429171
3989 0.3118156
3990 0.745805
3991 0.6754005
3992 0.1906103
3993 0.6830671
3994 0.01663819
3995 0.4032806
3996 0.8253901
3997 0.5526986
3998 0.2418913
3999 0.2258737
4000 0.4465599
4001 0.8367787
4002 0.1676918
4003 0.6666324
4004 0.8694541
4005 0.2383613
4006 0.6557259
4007 0.3718678
4008 0.2808999
4009 0.01043085
4010 0.1004959
4011 0.7089907
4012 0.1245251
4013 0.2569632
4014 0.1131384
4015 0.4773182
4016 0.6670825
4017 0.8622829
4018 0.003234836
4019 0.9346185
4020 0.09499152
4021 0.371867
4022 0.6640173
4023 0.006857159
4024 0.1646476
4025 0.4611402
4026 0.4260382
4027 0.4422318
4028 0.006628858
4029 0.1658511
4030 0.7852336
4031 0.8969291
4032 0.4697439
4033 0.4562971
4034 0.9114009
4035 0.3299329
4036 0.5195028
4037 0.635661
4038 0.787808
4039 0.07982046
4040 0.2310723
4041 0.03568548
4042 0.690385
4043 0.03945461
4044 0.2453036
4045 0.9279022
4046 0.8134652
4047 0.9949685
4048 0.1065469
4049 0.9494737
4050 0.1684181
4051 0.9806777
4052 0.1903294
4053 0.9374956
4054 0.9422719
4055 0.6140854
4056 0.832648
4057 0.6126278
4058 0.443814
4059 0.3274317
4060 0.2967909
4061 0.2108223
4062 0.005353874
4063 0.2632981
4064 0.4023167
4065 0.6386046
4066 0.2459722
4067 0.2944867
4068 0.983114
4069 0.09985955
4070 0.3821534
4071 0.9523128
4072 0.07355347
4073 0.8153292
4074 0.07100732
4075 0.7389091
4076 0.8361041
4077 0.5779455
4078 0.6122112
4079 0.9483846
4080 0.4673551
4081 0.6814426
4082 0.1527917
4083 0.7200907
4084 0.03175436
4085 0.2180215
4086 0.4829355
4087 0.3367255
4088 0.469514
4089 0.77495
4090 0.004309633
4091 0.7308437
4092 0.09506161
4093 0.1650722
4094 0.22778
4095 0.3215324
4096 0.5361821
4097 0.6069863
4098 0.07309545
4099 0.1461124
4100 0.162364
4101 0.3950891
4102 0.04492281
4103 0.7529627
4104 0.01150082
4105 0.1011297
4106 0.01345972
4107 0.6976234
4108 0.00774391
4109 0.2230788
4110 0.9344879
4111 0.4434044
4112 0.5876218
4113 0.0722814
4114 0.4770386
4115 0.03900931
4116 0.166381
4117 0.7035489
4118 0.08497621
4119 0.1929459
4120 0.08030832
4121 0.4381041
4122 0.8799456
4123 0.3454665
4124 0.04352993
4125 0.1065417
4126 0.1330078
4127 0.3167152
4128 0.2423415
4129 0.4671787
4130 0.2087925
4131 0.6926656
4132 0.4837501
4133 0.4407832
4134 0.9076965
4135 0.8080864
4136 0.1541041
4137 0.2631444
4138 0.01077701
4139 0.9480963
4140 0.5385242
4141 0.8909438
4142 0.4337447
4143 0.2846046
4144 0.8714646
4145 0.3522342
4146 0.1358594
4147 0.03871336
4148 0.7662441
4149 0.01618099
4150 0.198836
4151 0.5809917
4152 0.4013311
4153 0.08087318
4154 0.4668137
4155 0.1331083
4156 0.3856646
4157 0.1497346
4158 0.8567373
4159 0.1392802
4160 0.5346153
4161 0.6972421
4162 0.03655397
4163 0.5214195
4164 0.1548392
4165 0.32486
4166 0.8584652
4167 0.5740608
4168 0.022409
4169 0.06489463
4170 0.05728429
4171 0.2495583
4172 0.4211089
4173 0.3246368
4174 0.6790541
4175 0.7016452
4176 0.1356916
4177 0.9697239
4178 0.05561418
4179 0.8556621
4180 0.4789311
4181 0.1382533
4182 0.5099882
4183 0.9852989
4184 0.8136179
4185 0.7548859
4186 0.7213836
4187 0.2788681
4188 0.2577935
4189 0.6668052
4190 0.4755218
4191 0.843028
4192 0.4055187
4193 0.6497957
4194 0.4040649
4195 0.08106945
4196 0.8868884
4197 0.9796829
4198 0.9576385
4199 0.1512007
4200 0.5380964
4201 0.1777894
4202 0.397971
4203 0.9827797
4204 0.004707192
4205 0.05612099
4206 0.3834733
4207 0.9924244
4208 0.2825007
4209 0.3794501
4210 0.5073695
4211 0.08815245
4212 0.3445122
4213 0.4563755
4214 0.1756944
4215 0.5572249
4216 0.003280121
4217 0.0002733913
4218 0.9862115
4219 0.05745469
4220 0.6784194
4221 0.7909287
4222 0.3997052
4223 0.5707037
4224 0.5083104
4225 0.3163536
4226 0.04012832
4227 0.00646339
4228 0.04855665
4229 0.7674968
4230 0.2425096
4231 0.2425025
4232 0.6575295
4233 0.04140973
4234 0.7134112
4235 0.1449907
4236 0.2635522
4237 0.005557243
4238 0.5351348
4239 0.001870394
4240 0.05537062
4241 0.0247212
4242 0.7950704
4243 0.04459839
4244 0.6190301
4245 0.721977
4246 0.0125322
4247 0.2191906
4248 0.4900046
4249 0.501101
4250 0.007338737
4251 0.3221605
4252 0.8808684
4253 0.07082835
4254 0.6065326
4255 0.06537554
4256 0.1179604
4257 0.3466763
4258 0.1688415
4259 0.9042512
4260 0.3441361
4261 0.4860794
4262 0.9292329
4263 0.3163899
4264 0.08592188
4265 0.2110138
4266 0.7790713
4267 0.6666991
4268 0.6259722
4269 0.3663784
4270 0.6781967
4271 0.5406013
4272 0.6118131
4273 0.6605327
4274 0.04283373
4275 0.4827563
4276 0.04317516
4277 0.3304123
4278 0.01972808
4279 0.09928836
4280 0.05794185
4281 0.2459741
4282 0.4965417
4283 0.5072967
4284 0.8085392
4285 0.4536688
4286 0.08441934
4287 0.4445788
4288 0.4952607
4289 0.07905182
4290 0.9669254
4291 0.1654304
4292 0.604955
4293 0.1357043
4294 0.07077333
4295 0.3270874
4296 0.6481531
4297 0.5920431
4298 0.5037394
4299 0.769306
4300 0.09882593
4301 0.09881884
4302 0.04886798
4303 0.9127316
4304 0.7040862
4305 0.01182156
4306 0.7452051
4307 0.1049115
4308 0.5148484
4309 0.1790601
4310 0.08010839
4311 0.7078087
4312 0.2970243
4313 0.4477777
4314 0.3310857
4315 0.8847096
4316 0.3764867
4317 0.3596237
4318 0.2003251
4319 0.128438
4320 0.04963974
4321 0.03583858
4322 0.3182613
4323 0.05524193
4324 0.2146765
4325 0.01248754
4326 0.7396156
4327 0.9489627
4328 0.08711279
4329 0.1850062
4330 0.4928418
4331 0.7771552
4332 0.6669487
4333 0.2603371
4334 0.0655053
4335 0.956668
4336 0.419838
4337 0.1421972
4338 0.5373599
4339 0.5675713
4340 0.1797417
4341 0.3812212
4342 0.9782914
4343 0.2186199
4344 0.3368738
4345 0.3021054
4346 0.2964254
4347 0.9366494
4348 0.5786969
4349 0.2705627
4350 0.3242843
4351 0.7314078
4352 0.9435143
4353 0.398669
4354 0.05503413
4355 0.8850899
4356 0.4201831
4357 0.2276705
4358 0.01454391
4359 0.003024184
4360 0.3259603
4361 0.1359661
4362 0.1138306
4363 0.7611431
4364 0.8602089
4365 0.2685107
4366 0.07695431
4367 0.2582045
4368 0.3225364
4369 0.6976809
4370 0.263016
4371 0.6725497
4372 0.6378177
4373 0.09815758
4374 0.2598857
4375 0.3550388
4376 0.792009
4377 0.9513241
4378 0.3693547
4379 0.6302004
4380 0.2442508
4381 0.7279399
4382 0.1230886
4383 0.8559976
4384 0.269248
4385 0.9540262
4386 0.3948084
4387 0.4065948
4388 0.6843782
4389 0.1050358
4390 0.1038126
4391 0.705879
4392 0.2452069
4393 0.6217678
4394 0.1030801
4395 0.3659075
4396 0.04546345
4397 0.6363818
4398 0.03235419
4399 0.1811392
4400 0.8238781
4401 0.1528369
4402 0.7344498
4403 0.1102558
4404 0.07344259
4405 0.9064333
4406 0.0819315
4407 0.7471032
4408 0.6078379
4409 0.287883
4410 0.06144069
4411 0.04016898
4412 0.1507602
4413 0.06614611
4414 0.03543411
4415 0.3459201
4416 0.05206419
4417 0.5721067
4418 0.6256776
4419 0.1190467
4420 0.381451
4421 0.03487048
4422 0.005419923
4423 0.4318358
4424 0.7591001
4425 0.4904582
4426 0.4807103
4427 0.1448963
4428 0.3586838
4429 0.7564225
4430 0.2141224
4431 0.008279856
4432 0.8120767
4433 0.02128343
4434 0.9869789
4435 0.1295617
4436 0.02951735
4437 0.2491614
4438 0.0133718
4439 0.6520872
4440 0.02123226
4441 0.2719891
4442 0.9145821
4443 0.2326262
4444 0.04518716
4445 0.8068482
4446 0.1544456
4447 0.6416338
4448 0.5220842
4449 0.3232237
4450 0.6265052
4451 0.8897122
4452 0.8602712
4453 0.5270751
4454 0.08562547
4455 0.8859133
4456 0.8742906
4457 0.6405907
4458 0.4378846
4459 0.1770028
4460 0.8349084
4461 0.1392097
4462 0.7849279
4463 0.1813888
4464 0.7098462
4465 0.4439499
4466 0.1119784
4467 0.5818068
4468 0.6137722
4469 0.8378077
4470 0.4910089
4471 0.9154398
4472 0.1316918
4473 0.4897995
4474 0.6797468
4475 0.383933
4476 0.04360469
4477 0.7314116
4478 0.4657819
4479 0.9616445
4480 0.9822932
4481 0.3986777
4482 0.07179649
4483 0.7570512
4484 0.06668865
4485 0.1080094
4486 0.03802126
4487 0.6672855
4488 0.5280036
4489 0.02484902
4490 0.0227936
4491 0.7470639
4492 0.4103182
4493 0.07555462
4494 0.5173637
4495 0.2032397
4496 0.3836549
4497 0.001082856
4498 0.1879468
4499 0.3226264
4500 0.2758262
4501 0.6349939
4502 0.03369705
4503 0.4918977
4504 0.3145375
4505 0.8807484
4506 0.2518266
4507 0.1399158
4508 0.835702
4509 0.6859143
4510 0.235293
4511 0.05305334
4512 0.01221956
4513 0.8599207
4514 0.09521308
4515 0.5326823
4516 0.2176198
4517 0.1602976
4518 0.8104302
4519 0.4315203
4520 0.4353409
4521 0.1119018
4522 0.3084106
4523 0.5150591
4524 0.233546
4525 0.419412
4526 0.3311599
4527 0.1861133
4528 0.7560346
4529 0.8462117
4530 0.6886655
4531 0.8704802
4532 0.4425076
4533 0.3778876
4534 0.1307592
4535 0.2538237
4536 0.2436781
4537 0.1364675
4538 0.3513797
4539 0.1512921
4540 0.5667858
4541 0.1934065
4542 0.4023228
4543 0.5487635
4544 0.03595847
4545 0.3445042
4546 0.1584871
4547 0.6774403
4548 0.6574624
4549 0.7419488
4550 0.1365724
4551 0.2558978
4552 0.3750147
4553 0.50486
4554 0.1777188
4555 0.26471
4556 0.5032307
4557 0.3713377
4558 0.04170316
4559 0.457744
4560 0.3127988
4561 0.110463
4562 0.2863711
4563 0.775803
4564 0.1256016
4565 0.02006012
4566 0.1262326
4567 0.02064915
4568 0.6246769
4569 0.1461332
4570 0.666234
4571 0.6745909
4572 0.9146497
4573 0.7316984
4574 0.02263932
4575 0.2482495
4576 0.01935108
4577 0.6813814
4578 0.8836448
4579 0.396587
4580 0.01118424
4581 0.06558271
4582 0.8913972
4583 0.2244931
4584 0.3073661
4585 0.5989092
4586 0.134485
4587 0.6500458
4588 0.6922347
4589 0.2935165
4590 0.005689819
4591 0.06251408
4592 0.4883976
4593 0.4623561
4594 0.6936049
4595 0.6959086
4596 0.7349663
4597 0.8855147
4598 0.7527587
4599 0.2329195
4600 0.0006052757
4601 0.2771772
4602 0.7031603
4603 0.5931999
4604 0.1008677
4605 0.9474841
4606 0.05791196
4607 0.3148547
4608 0.5364771
4609 0.07904315
4610 0.441844
4611 0.2515974
4612 0.8276208
4613 0.7316446
4614 0.1070669
4615 0.6330918
4616 0.6118076
4617 0.4829888
4618 0.3756244
4619 0.3444103
4620 0.2231147
4621 0.1112728
4622 0.5449949
4623 0.4496587
4624 0.1115672
4625 0.220058
4626 0.711372
4627 0.5271594
4628 0.2270983
4629 0.3892467
4630 0.282486
4631 0.4323942
4632 0.8643236
4633 0.7082499
4634 0.08149055
4635 0.2136376
4636 0.03517044
4637 0.9278233
4638 0.9554886
4639 0.5588275
4640 0.010856
4641 0.8370804
4642 0.5644623
4643 0.8212479
4644 0.03363433
4645 0.01347356
4646 0.06522689
4647 0.001134222
4648 0.03185387
4649 0.01348277
4650 0.9835628
4651 0.5750624
4652 0.4679343
4653 0.9860018
4654 0.2825264
4655 0.01367944
4656 0.6386709
4657 0.7227652
4658 0.7707917
4659 0.4795543
4660 0.01341189
4661 0.2994775
4662 0.5160042
4663 0.1747258
4664 0.6211353
4665 0.2077612
4666 0.5353861
4667 0.302792
4668 0.584313
4669 0.6980382
4670 0.549111
4671 0.8924991
4672 0.7852477
4673 0.246676
4674 0.8761563
4675 0.6216384
4676 0.8879876
4677 0.418884
4678 0.6157867
4679 0.04810426
4680 0.4818373
4681 0.7906443
4682 0.01873529
4683 0.2248196
4684 0.005434947
4685 0.9684134
4686 0.2902347
4687 0.1485712
4688 0.3507069
4689 0.01170719
4690 0.3167692
4691 0.9175197
4692 0.1547921
4693 0.3131116
4694 0.01470264
4695 0.1894969
4696 0.05802566
4697 0.02073546
4698 0.158223
4699 0.0308491
4700 0.8056605
4701 0.2621792
4702 0.2676661
4703 0.3772461
4704 0.3141382
4705 0.03171277
4706 0.3904253
4707 0.9519717
4708 0.2978218
4709 0.3421545
4710 0.8518476
4711 0.6977512
4712 0.619621
4713 0.767249
4714 0.4001192
4715 0.5310155
4716 0.1774003
4717 0.8846082
4718 0.6454555
4719 0.6436773
4720 0.06298179
4721 0.316445
4722 0.1545736
4723 0.107975
4724 0.841679
4725 0.1596978
4726 0.001117619
4727 0.8749098
4728 0.1397088
4729 0.3021121
4730 0.6554841
4731 0.3253444
4732 0.2049522
4733 0.06917832
4734 0.5176021
4735 0.7586346
4736 0.118644
4737 0.0005513949
4738 0.2257543
4739 0.9365886
4740 0.03135015
4741 0.9241204
4742 0.05162887
4743 0.9247961
4744 0.2863301
4745 0.5129641
4746 0.2762862
4747 0.4672214
4748 0.9047024
4749 0.555529
4750 0.1669422
4751 0.6067043
4752 0.1211118
4753 0.7281408
4754 0.6590544
4755 0.9036785
4756 0.3822214
4757 0.3174421
4758 0.05792338
4759 0.2013165
4760 0.02492846
4761 0.6727698
4762 0.1100546
4763 0.2778373
4764 0.08981736
4765 0.1010164
4766 0.03168132
4767 0.7332021
4768 0.008199782
4769 0.1302498
4770 0.1418963
4771 0.9403565
4772 0.03851905
4773 0.01388759
4774 0.6199881
4775 0.6886589
4776 0.2677446
4777 0.9035265
4778 0.008520228
4779 0.9855315
4780 0.2525838
4781 0.1740822
4782 0.4194861
4783 0.9410016
4784 0.4157123
4785 0.7775804
4786 0.792226
4787 0.001411289
4788 0.7423505
4789 0.3076612
4790 0.4805502
4791 0.349899
4792 0.575813
4793 0.2206835
4794 0.6479642
4795 0.5195811
4796 0.4717982
4797 0.06272748
4798 0.7185695
4799 0.2787282
4800 0.6267491
4801 0.4937507
4802 0.8293629
4803 0.4169737
4804 0.7287377
4805 0.2159473
4806 0.6166436
4807 0.1318754
4808 0.09870667
4809 0.2791079
4810 0.2070447
4811 0.4482285
4812 0.002326081
4813 0.6722158
4814 0.004837812
4815 0.9682638
4816 0.2199114
4817 0.6390093
4818 0.1325122
4819 0.4780065
4820 0.3696816
4821 0.9242321
4822 0.2723482
4823 0.3428619
4824 0.1019291
4825 0.7939175
4826 0.06464071
4827 0.1386175
4828 0.1819468
4829 0.126554
4830 0.1123395
4831 0.6951516
4832 0.1101161
4833 0.4382028
4834 0.1550554
4835 0.09092806
4836 0.9050685
4837 0.4177806
4838 0.1599643
4839 0.3520055
4840 0.378943
4841 0.6720345
4842 0.2297606
4843 0.2151253
4844 0.4942051
4845 0.24638
4846 0.7246947
4847 0.3040806
4848 0.4626685
4849 0.4576223
4850 0.1205311
4851 0.8868184
4852 0.2932078
4853 0.07846648
4854 0.1163577
4855 0.9740786
4856 0.4943783
4857 0.01392012
4858 0.5362
4859 0.1235299
4860 0.4852844
4861 0.5874513
4862 0.4694171
4863 0.09945771
4864 0.06639474
4865 0.9373935
4866 0.1458811
4867 0.9768408
4868 0.4225659
4869 0.7505978
4870 0.2628916
4871 0.1268431
4872 0.8820239
4873 0.1431006
4874 0.1268755
4875 0.249775
4876 0.6802049
4877 0.1416336
4878 0.8732079
4879 0.4337084
4880 0.3620469
4881 0.06720845
4882 0.4340468
4883 0.5058647
4884 0.9450141
4885 0.1101444
4886 0.9530213
4887 0.1543115
4888 0.2582577
4889 0.1648391
4890 0.4185321
4891 0.4684857
4892 0.432387
4893 0.5167756
4894 0.7734675
4895 0.07515723
4896 0.4937107
4897 0.08456346
4898 0.1225938
4899 0.7229392
4900 0.6387527
4901 0.582569
4902 0.8453914
4903 0.392032
4904 0.5219437
4905 0.2244623
4906 0.4451416
4907 0.1055238
4908 0.1962277
4909 0.4727862
4910 0.04592566
4911 0.9961925
4912 0.07365063
4913 0.03725514
4914 0.02239225
4915 0.7910226
4916 0.7993436
4917 0.2427028
4918 0.06991887
4919 0.2968111
4920 0.7178663
4921 0.6894931
4922 0.5615775
4923 0.00201314
4924 0.6330904
4925 0.1267871
4926 0.2969611
4927 0.5847781
4928 0.2008629
4929 0.009001531
4930 0.7270409
4931 0.1102182
4932 0.8289796
4933 0.4358491
4934 0.8833196
4935 0.4105866
4936 0.5834233
4937 0.915715
4938 0.1686329
4939 0.8690631
4940 0.04142879
4941 0.04884814
4942 0.0349993
4943 0.7083926
4944 0.9759627
4945 0.356826
4946 0.03581716
4947 0.7394264
4948 0.9041354
4949 0.3049
4950 0.3652688
4951 0.3360921
4952 0.005241488
4953 0.7514708
4954 0.3299258
4955 0.01324495
4956 0.044863
4957 0.6690588
4958 0.5136771
4959 0.1250816
4960 0.5405548
4961 0.6706893
4962 0.004685771
4963 0.1356924
4964 0.1013685
4965 0.5624634
4966 0.009040687
4967 0.5867918
4968 0.04735522
4969 0.1119628
4970 0.106219
4971 0.1740927
4972 0.01056751
4973 0.3440655
4974 0.6608978
4975 0.3058702
4976 0.4571694
4977 0.07233818
4978 0.3276187
4979 0.0804847
4980 0.1940985
4981 0.3638999
4982 0.6729855
4983 0.6083973
4984 0.4401253
4985 0.7470552
4986 0.6226305
4987 0.3184462
4988 0.9244249
4989 0.01314507
4990 0.3997418
4991 0.4398653
4992 0.392328
4993 0.9022636
4994 0.4470609
4995 0.888938
4996 0.2631498
4997 0.8475515
4998 0.4287559
4999 0.7770613
5000 0.002617696
