1 0.018
2 0
3 0.011
4 0.149
5 0
6 0.006
7 0
8 0
9 0
10 0.03
11 0
12 0
13 0.031
14 0
15 0.006
16 0.691
17 0
18 0.298
19 0
20 0.004
21 0
22 0.01
23 0
24 0
25 0.001
26 0
27 0
28 0
29 0.223
30 0.107
31 0.072
32 0.14
33 0
34 0
35 0.256
36 0.222
37 0.029
38 0.011
39 0
40 0
41 0.026
42 0.592
43 0.569
44 0.127
45 0
46 0
47 0.692
48 0
49 0.481
50 0.007
51 0.012
52 0.362
53 0.001
54 0
55 0.001
56 0.226
57 0.001
58 0.059
59 0.35
60 0
61 0.013
62 0
63 0.516
64 0
65 0.315
66 0.001
67 0
68 0.218
69 0
70 0
71 0.315
72 0.35
73 0
74 0.024
75 0.409
76 0.021
77 0.401
78 0.017
79 0.006
80 0.002
81 0.296
82 0.048
83 0.025
84 0.617
85 0.261
86 0.119
87 0
88 0.023
89 0
90 0
91 0
92 0.012
93 0.559
94 0.065
95 0.25
96 0
97 0.116
98 0
99 0.043
100 0.425
101 0
102 0.017
103 0
104 0
105 0.004
106 0.029
107 0
108 0.573
109 0.013
110 0
111 0.577
112 0.003
113 0.034
114 0
115 0.03
116 0.004
117 0.574
118 0.078
119 0.009
120 0.004
121 0
122 0.161
123 0.023
124 0.007
125 0.047
126 0.056
127 0.794
128 0
129 0.006
130 0.004
131 0
132 0.861
133 0
134 0
135 0
136 0.018
137 0
138 0
139 0.579
140 0
141 0.001
142 0.873
143 0.192
144 0
145 0
146 0.384
147 0.017
148 0.002
149 0.103
150 0
151 0.286
152 0.002
153 0.054
154 0.036
155 0.268
156 0.069
157 0.248
158 0.011
159 0.006
160 0.051
161 0
162 0
163 0
164 0
165 0.02
166 0.268
167 0
168 0.021
169 0.047
170 0
171 0
172 0.001
173 0
174 0.543
175 0.176
176 0.054
177 0.003
178 0.445
179 0.027
180 0
181 0.334
182 0.129
183 0.508
184 0.061
185 0
186 0
187 0.586
188 0.036
189 0.005
190 0.394
191 0.724
192 0
193 0.033
194 0
195 0
196 0.004
197 0.685
198 0
199 0.28
200 0
201 0.905
202 0.281
203 0.196
204 0.037
205 0.007
206 0.001
207 0
208 0.067
209 0.167
210 0.138
211 0.165
212 0
213 0
214 0
215 0.184
216 0.03
217 0.769
218 0
219 0.409
220 0
221 0.007
222 0.029
223 0.4
224 0
225 0
226 0
227 0.235
228 0.001
229 0
230 0.234
231 0.792
232 0.13
233 0
234 0.001
235 0.008
236 0
237 0.134
238 0.469
239 0
240 0.004
241 0.152
242 0.568
243 0.164
244 0.036
245 0
246 0.293
247 0.001
248 0
249 0
250 0.831
251 0.001
252 0.008
253 0.26
254 0
255 0
256 0.012
257 0
258 0.05
259 0.91
260 0.008
261 0
262 0
263 0
264 0.004
265 0
266 0
267 0.015
268 0.07
269 0
270 0.065
271 0
272 0
273 0
274 0
275 0.48
276 0.69
277 0.58
278 0
279 0.091
280 0.01
281 0.13
282 0.009
283 0
284 0
285 0.075
286 0
287 0.002
288 0.002
289 0.48
290 0
291 0
292 0.027
293 0.327
294 0.088
295 0.658
296 0.058
297 0
298 0.002
299 0
300 0
301 0.009
302 0.318
303 0.081
304 0.243
305 0
306 0.355
307 0
308 0.419
309 0.53
310 0.025
311 0.69
312 0.094
313 0.006
314 0.032
315 0.021
316 0.01
317 0.001
318 0.289
319 0
320 0.003
321 0.051
322 0.001
323 0.002
324 0
325 0.043
326 0.172
327 0.016
328 0.638
329 0.913
330 0
331 0
332 0.467
333 0
334 0.03
335 0.015
336 0
337 0
338 0
339 0.012
340 0.212
341 0.008
342 0.002
343 0.062
344 0.317
345 0.314
346 0.285
347 0.108
348 0
349 0.001
350 0
351 0.042
352 0.002
353 0.509
354 0
355 0
356 0.001
357 0
358 0
359 0.266
360 0.008
361 0
362 0.002
363 0
364 0
365 0.01
366 0.073
367 0
368 0.279
369 0.042
370 0.04
371 0.165
372 0.172
373 0
374 0.019
375 0.428
376 0.002
377 0.032
378 0
379 0.001
380 0
381 0.123
382 0
383 0.004
384 0.038
385 0.389
386 0.55
387 0
388 0.083
389 0.038
390 0.336
391 0.017
392 0.178
393 0.016
394 0
395 0
396 0.092
397 0
398 0.366
399 0.001
400 0.714
401 0.001
402 0.001
403 0
404 0.056
405 0
406 0.028
407 0
408 0.558
409 0
410 0
411 0.132
412 0
413 0
414 0.4
415 0
416 0.779
417 0.143
418 0
419 0.004
420 0.01
421 0
422 0.014
423 0
424 0
425 0
426 0
427 0.727
428 0.66
429 0
430 0.12
431 0.182
432 0.008
433 0.023
434 0.134
435 0
436 0.007
437 0.001
438 0
439 0.057
440 0.004
441 0.002
442 0.171
443 0.069
444 0.019
445 0
446 0.484
447 0
448 0.014
449 0
450 0
451 0
452 0.622
453 0.002
454 0.02
455 0.002
456 0.694
457 0.161
458 0
459 0.003
460 0.012
461 0.012
462 0
463 0.001
464 0.007
465 0
466 0
467 0.423
468 0.08
469 0
470 0.173
471 0.01
472 0.214
473 0.014
474 0
475 0.894
476 0.158
477 0.027
478 0.028
479 0
480 0.003
481 0.146
482 0.041
483 0.001
484 0.016
485 0.017
486 0
487 0.002
488 0
489 0.014
490 0.084
491 0.062
492 0
493 0.172
494 0
495 0.002
496 0.405
497 0
498 0.001
499 0.187
500 0
501 0.009
502 0.083
503 0.764
504 0.009
505 0
506 0.002
507 0.131
508 0.012
509 0.003
510 0.04
511 0.054
512 0
513 0
514 0.849
515 0
516 0.156
517 0.127
518 0.117
519 0.001
520 0.037
521 0.001
522 0
523 0.004
524 0
525 0.605
526 0.237
527 0
528 0.111
529 0.933
530 0.083
531 0.307
532 0.172
533 0
534 0.037
535 0
536 0.767
537 0.222
538 0.008
539 0.843
540 0
541 0.056
542 0
543 0
544 0.012
545 0
546 0.084
547 0
548 0.619
549 0.003
550 0
551 0
552 0
553 0.849
554 0.032
555 0
556 0.222
557 0.348
558 0.067
559 0
560 0.26
561 0.033
562 0.899
563 0.02
564 0.072
565 0.1
566 0
567 0.279
568 0.774
569 0.026
570 0.885
571 0.012
572 0.002
573 0.024
574 0.104
575 0
576 0.073
577 0.092
578 0.012
579 0.001
580 0
581 0.416
582 0.007
583 0.032
584 0
585 0.004
586 0.016
587 0
588 0
589 0.469
590 0
591 0
592 0
593 0
594 0
595 0
596 0
597 0.486
598 0.3
599 0
600 0
601 0
602 0.017
603 0.042
604 0.01
605 0.006
606 0.008
607 0.096
608 0
609 0
610 0.056
611 0.125
612 0.004
613 0.095
614 0.276
615 0.212
616 0.346
617 0.002
618 0.102
619 0.849
620 0.26
621 0.016
622 0.184
623 0.379
624 0.198
625 0.026
626 0.513
627 0.211
628 0.425
629 0.483
630 0.058
631 0.017
632 0.206
633 0
634 0
635 0
636 0.557
637 0.211
638 0
639 0
640 0
641 0
642 0.009
643 0.052
644 0.249
645 0
646 0.003
647 0.002
648 0.01
649 0
650 0.06
651 0.01
652 0.834
653 0.011
654 0.675
655 0.049
656 0
657 0.007
658 0.001
659 0
660 0
661 0.707
662 0
663 0
664 0.001
665 0
666 0.287
667 0
668 0.01
669 0.042
670 0.302
671 0.005
672 0.01
673 0
674 0.021
675 0.016
676 0.182
677 0
678 0
679 0
680 0.006
681 0
682 0
683 0
684 0
685 0.14
686 0
687 0.014
688 0.004
689 0.146
690 0.408
691 0.006
692 0
693 0
694 0.033
695 0.095
696 0.076
697 0.108
698 0
699 0
700 0.579
701 0.813
702 0.102
703 0
704 0
705 0.532
706 0
707 0
708 0
709 0
710 0.018
711 0.766
712 0
713 0
714 0
715 0.039
716 0.207
717 0
718 0.001
719 0
720 0.142
721 0.375
722 0.381
723 0
724 0.183
725 0
726 0.001
727 0.013
728 0.082
729 0.382
730 0.676
731 0.451
732 0.057
733 0.525
734 0
735 0
736 0.526
737 0.043
738 0.217
739 0
740 0.355
741 0.053
742 0
743 0.164
744 0
745 0.076
746 0.035
747 0.266
748 0.377
749 0.006
750 0.023
751 0.005
752 0.013
753 0
754 0.002
755 0
756 0.53
757 0
758 0.007
759 0
760 0.02
761 0.193
762 0.187
763 0.013
764 0.66
765 0.046
766 0.074
767 0.006
768 0.036
769 0
770 0
771 0.001
772 0.09
773 0.596
774 0.045
775 0.048
776 0
777 0.001
778 0.008
779 0.963
780 0.279
781 0
782 0
783 0.056
784 0
785 0
786 0.238
787 0
788 0.432
789 0.54
790 0.585
791 0.037
792 0
793 0.017
794 0.041
795 0
796 0.438
797 0.036
798 0.348
799 0.126
800 0.003
801 0
802 0.058
803 0.197
804 0
805 0
806 0.022
807 0.821
808 0.101
809 0
810 0.003
811 0.027
812 0.3
813 0.003
814 0.024
815 0.058
816 0
817 0
818 0
819 0.002
820 0
821 0
822 0
823 0.002
824 0.568
825 0
826 0
827 0.016
828 0.006
829 0
830 0
831 0
832 0.285
833 0
834 0.195
835 0
836 0.021
837 0
838 0
839 0.037
840 0
841 0.053
842 0
843 0
844 0.601
845 0.356
846 0.237
847 0.326
848 0.001
849 0.012
850 0.048
851 0.131
852 0.137
853 0
854 0.821
855 0
856 0.112
857 0.179
858 0.004
859 0.608
860 0.003
861 0.005
862 0.001
863 0.073
864 0.025
865 0
866 0.525
867 0.011
868 0.522
869 0.325
870 0.007
871 0.002
872 0.427
873 0
874 0
875 0.012
876 0
877 0
878 0.003
879 0.606
880 0.49
881 0.034
882 0.031
883 0
884 0
885 0.001
886 0
887 0
888 0.375
889 0.577
890 0.087
891 0
892 0.067
893 0.008
894 0.519
895 0.049
896 0
897 0.002
898 0.024
899 0.002
900 0.795
901 0
902 0.007
903 0
904 0.625
905 0.036
906 0.052
907 0.001
908 0
909 0.196
910 0.772
911 0.06
912 0
913 0
914 0.357
915 0
916 0.003
917 0.002
918 0
919 0.017
920 0.045
921 0.027
922 0.001
923 0.101
924 0.492
925 0.068
926 0.024
927 0
928 0.087
929 0
930 0
931 0
932 0.055
933 0
934 0.001
935 0.758
936 0.09
937 0.005
938 0
939 0.363
940 0
941 0
942 0.001
943 0
944 0
945 0.011
946 0.505
947 0
948 0
949 0.017
950 0
951 0.022
952 0.117
953 0
954 0
955 0
956 0.229
957 0
958 0.867
959 0.034
960 0.177
961 0
962 0
963 0.014
964 0.047
965 0.818
966 0.002
967 0.291
968 0.122
969 0
970 0.057
971 0.408
972 0.009
973 0.028
974 0
975 0.005
976 0
977 0.209
978 0
979 0.019
980 0.102
981 0.033
982 0.636
983 0.576
984 0.327
985 0
986 0
987 0.378
988 0.271
989 0.347
990 0
991 0.707
992 0.086
993 0.006
994 0
995 0.058
996 0.008
997 0.005
998 0.581
999 0
1000 0.093
1001 0
1002 0
1003 0.373
1004 0.12
1005 0
1006 0
1007 0
1008 0.589
1009 0.036
1010 0
1011 0
1012 0
1013 0.175
1014 0
1015 0.002
1016 0.249
1017 0
1018 0.001
1019 0.016
1020 0.11
1021 0.542
1022 0
1023 0.002
1024 0
1025 0
1026 0
1027 0.003
1028 0
1029 0.16
1030 0.004
1031 0.072
1032 0
1033 0.007
1034 0
1035 0.107
1036 0.018
1037 0
1038 0.179
1039 0
1040 0.001
1041 0.014
1042 0.139
1043 0.004
1044 0.001
1045 0.041
1046 0
1047 0
1048 0
1049 0
1050 0.375
1051 0
1052 0
1053 0.09
1054 0.004
1055 0.001
1056 0
1057 0.001
1058 0
1059 0.433
1060 0
1061 0.389
1062 0.015
1063 0.056
1064 0.271
1065 0
1066 0
1067 0.073
1068 0.061
1069 0.257
1070 0.577
1071 0
1072 0.012
1073 0
1074 0.54
1075 0.001
1076 0.065
1077 0.462
1078 0
1079 0.087
1080 0
1081 0.007
1082 0.147
1083 0.058
1084 0
1085 0.066
1086 0.421
1087 0.02
1088 0
1089 0.001
1090 0
1091 0.236
1092 0.007
1093 0
1094 0.002
1095 0
1096 0
1097 0
1098 0.141
1099 0.006
1100 0.529
1101 0.105
1102 0
1103 0
1104 0
1105 0
1106 0
1107 0
1108 0.511
1109 0.002
1110 0.106
1111 0.053
1112 0.002
1113 0.064
1114 0.176
1115 0
1116 0
1117 0.113
1118 0.017
1119 0.217
1120 0.004
1121 0.016
1122 0.001
1123 0.156
1124 0.12
1125 0
1126 0.087
1127 0.127
1128 0.35
1129 0.239
1130 0
1131 0
1132 0
1133 0
1134 0.007
1135 0.585
1136 0.047
1137 0
1138 0.024
1139 0.283
1140 0.001
1141 0.203
1142 0.026
1143 0
1144 0.099
1145 0
1146 0
1147 0
1148 0.099
1149 0.238
1150 0.152
1151 0.004
1152 0
1153 0.003
1154 0
1155 0.004
1156 0.003
1157 0.09
1158 0
1159 0.439
1160 0
1161 0.001
1162 0.102
1163 0.001
1164 0.33
1165 0
1166 0.022
1167 0.027
1168 0
1169 0.001
1170 0.001
1171 0.001
1172 0.428
1173 0.001
1174 0.015
1175 0.02
1176 0
1177 0.02
1178 0.001
1179 0
1180 0.268
1181 0
1182 0
1183 0.019
1184 0
1185 0
1186 0.718
1187 0.003
1188 0.177
1189 0.497
1190 0.023
1191 0.777
1192 0.125
1193 0
1194 0.002
1195 0
1196 0.014
1197 0.003
1198 0.091
1199 0
1200 0.166
1201 0.462
1202 0
1203 0.342
1204 0
1205 0.002
1206 0
1207 0
1208 0.003
1209 0.426
1210 0.177
1211 0
1212 0
1213 0.004
1214 0
1215 0.88
1216 0
1217 0
1218 0
1219 0
1220 0.001
1221 0.641
1222 0.035
1223 0.101
1224 0
1225 0.333
1226 0.194
1227 0.206
1228 0.033
1229 0.617
1230 0.002
1231 0.007
1232 0
1233 0.114
1234 0.076
1235 0
1236 0.121
1237 0
1238 0.305
1239 0
1240 0.237
1241 0
1242 0.001
1243 0.003
1244 0
1245 0
1246 0.071
1247 0.212
1248 0.529
1249 0.012
1250 0.002
1251 0
1252 0
1253 0
1254 0.712
1255 0
1256 0.237
1257 0.052
1258 0.217
1259 0.011
1260 0.79
1261 0
1262 0.079
1263 0.094
1264 0
1265 0.808
1266 0.182
1267 0.214
1268 0.22
1269 0.029
1270 0.001
1271 0.762
1272 0.001
1273 0
1274 0.008
1275 0
1276 0.031
1277 0
1278 0.096
1279 0.001
1280 0.592
1281 0.077
1282 0
1283 0.001
1284 0.347
1285 0.103
1286 0
1287 0.211
1288 0
1289 0
1290 0
1291 0
1292 0.014
1293 0.005
1294 0
1295 0
1296 0.242
1297 0.003
1298 0.022
1299 0.34
1300 0
1301 0.015
1302 0.073
1303 0.499
1304 0.193
1305 0.684
1306 0
1307 0.327
1308 0
1309 0
1310 0
1311 0.626
1312 0.238
1313 0.002
1314 0.032
1315 0.416
1316 0
1317 0.035
1318 0.787
1319 0.008
1320 0.006
1321 0.019
1322 0
1323 0.175
1324 0
1325 0.006
1326 0.044
1327 0.094
1328 0.061
1329 0
1330 0
1331 0.057
1332 0
1333 0
1334 0.512
1335 0.002
1336 0
1337 0.118
1338 0.005
1339 0.178
1340 0.177
1341 0.319
1342 0.476
1343 0.061
1344 0
1345 0
1346 0.001
1347 0.07
1348 0
1349 0
1350 0.008
1351 0.008
1352 0.001
1353 0.065
1354 0
1355 0.1
1356 0.678
1357 0.016
1358 0.003
1359 0
1360 0.559
1361 0
1362 0.587
1363 0.001
1364 0.011
1365 0
1366 0
1367 0.14
1368 0
1369 0.009
1370 0
1371 0.464
1372 0.023
1373 0.047
1374 0.198
1375 0
1376 0
1377 0.363
1378 0.036
1379 0.174
1380 0.15
1381 0.073
1382 0.006
1383 0.01
1384 0.017
1385 0
1386 0.238
1387 0.018
1388 0.001
1389 0
1390 0
1391 0
1392 0.42
1393 0
1394 0.429
1395 0
1396 0.001
1397 0
1398 0
1399 0.015
1400 0.013
1401 0.005
1402 0.09
1403 0.792
1404 0.11
1405 0
1406 0.007
1407 0.406
1408 0
1409 0.003
1410 0
1411 0
1412 0.044
1413 0
1414 0.319
1415 0.619
1416 0.255
1417 0.068
1418 0.093
1419 0.093
1420 0.014
1421 0
1422 0
1423 0.001
1424 0.611
1425 0.011
1426 0.191
1427 0
1428 0
1429 0
1430 0.109
1431 0
1432 0.001
1433 0.135
1434 0
1435 0
1436 0.405
1437 0.438
1438 0.888
1439 0.143
1440 0.601
1441 0.401
1442 0.015
1443 0.857
1444 0.213
1445 0.02
1446 0.23
1447 0.011
1448 0.669
1449 0.015
1450 0.319
1451 0
1452 0
1453 0.003
1454 0.001
1455 0.085
1456 0
1457 0.018
1458 0.149
1459 0.16
1460 0.031
1461 0
1462 0.007
1463 0.002
1464 0.448
1465 0.001
1466 0
1467 0.295
1468 0.001
1469 0.036
1470 0.001
1471 0
1472 0
1473 0.029
1474 0
1475 0
1476 0.004
1477 0.401
1478 0.001
1479 0.041
1480 0.619
1481 0.003
1482 0.158
1483 0
1484 0.026
1485 0
1486 0
1487 0.35
1488 0.674
1489 0
1490 0.004
1491 0.003
1492 0.004
1493 0.229
1494 0
1495 0.009
1496 0
1497 0.011
1498 0.472
1499 0
1500 0.113
1501 0.132
1502 0
1503 0.111
1504 0.205
1505 0
1506 0
1507 0
1508 0
1509 0.339
1510 0.069
1511 0
1512 0.008
1513 0.284
1514 0.001
1515 0.006
1516 0
1517 0
1518 0.001
1519 0
1520 0
1521 0.002
1522 0.466
1523 0.001
1524 0.001
1525 0
1526 0.065
1527 0.034
1528 0.073
1529 0.381
1530 0.001
1531 0.049
1532 0.117
1533 0.001
1534 0.664
1535 0.347
1536 0.133
1537 0.003
1538 0.708
1539 0
1540 0.002
1541 0
1542 0.087
1543 0
1544 0.081
1545 0
1546 0
1547 0.003
1548 0
1549 0.182
1550 0.01
1551 0.001
1552 0.212
1553 0
1554 0
1555 0.25
1556 0.01
1557 0.047
1558 0.014
1559 0.061
1560 0.045
1561 0
1562 0.008
1563 0.45
1564 0
1565 0
1566 0.113
1567 0
1568 0
1569 0
1570 0.049
1571 0.025
1572 0.001
1573 0.647
1574 0.086
1575 0
1576 0.272
1577 0.176
1578 0
1579 0
1580 0
1581 0.072
1582 0
1583 0.239
1584 0.001
1585 0
1586 0
1587 0
1588 0.449
1589 0
1590 0.081
1591 0
1592 0.001
1593 0.262
1594 0.001
1595 0.082
1596 0.231
1597 0.221
1598 0.001
1599 0
1600 0.57
1601 0
1602 0
1603 0.617
1604 0.12
1605 0.007
1606 0.106
1607 0
1608 0.024
1609 0.002
1610 0.245
1611 0
1612 0.31
1613 0.003
1614 0.014
1615 0
1616 0.001
1617 0.058
1618 0.18
1619 0.739
1620 0.082
1621 0.142
1622 0.008
1623 0
1624 0
1625 0
1626 0.512
1627 0.4
1628 0.327
1629 0.134
1630 0
1631 0.001
1632 0.035
1633 0.19
1634 0
1635 0
1636 0.004
1637 0
1638 0.001
1639 0.513
1640 0.747
1641 0.499
1642 0.045
1643 0.394
1644 0
1645 0.06
1646 0.001
1647 0.366
1648 0.136
1649 0.53
1650 0.034
1651 0.276
1652 0
1653 0.059
1654 0.04
1655 0
1656 0.363
1657 0
1658 0.029
1659 0.004
1660 0.034
1661 0.011
1662 0.005
1663 0
1664 0.006
1665 0.656
1666 0
1667 0.014
1668 0.043
1669 0.01
1670 0
1671 0.45
1672 0
1673 0
1674 0.221
1675 0.008
1676 0.003
1677 0.001
1678 0.002
1679 0.002
1680 0
1681 0.262
1682 0
1683 0.015
1684 0.001
1685 0.003
1686 0
1687 0.168
1688 0.692
1689 0.008
1690 0
1691 0.22
1692 0.05
1693 0.001
1694 0.002
1695 0.161
1696 0.006
1697 0.073
1698 0.272
1699 0.419
1700 0.015
1701 0
1702 0.563
1703 0
1704 0
1705 0.208
1706 0.242
1707 0.309
1708 0
1709 0.003
1710 0
1711 0.531
1712 0
1713 0
1714 0.186
1715 0
1716 0.014
1717 0.043
1718 0.002
1719 0.081
1720 0.005
1721 0.151
1722 0.096
1723 0.219
1724 0.786
1725 0.609
1726 0
1727 0
1728 0.297
1729 0.877
1730 0
1731 0.004
1732 0.2
1733 0.213
1734 0.614
1735 0.49
1736 0.002
1737 0
1738 0.459
1739 0.007
1740 0
1741 0.035
1742 0
1743 0
1744 0
1745 0.085
1746 0.003
1747 0.003
1748 0
1749 0.005
1750 0
1751 0.013
1752 0.238
1753 0.02
1754 0.005
1755 0.027
1756 0
1757 0.011
1758 0.414
1759 0
1760 0.009
1761 0.454
1762 0
1763 0
1764 0.786
1765 0.028
1766 0.59
1767 0.084
1768 0
1769 0.001
1770 0
1771 0.008
1772 0
1773 0.093
1774 0
1775 0
1776 0.085
1777 0
1778 0.028
1779 0.797
1780 0
1781 0
1782 0.907
1783 0
1784 0.001
1785 0
1786 0
1787 0
1788 0
1789 0.35
1790 0.001
1791 0
1792 0.198
1793 0
1794 0
1795 0.011
1796 0.177
1797 0
1798 0.008
1799 0.148
1800 0.002
1801 0.009
1802 0
1803 0.001
1804 0
1805 0
1806 0.176
1807 0
1808 0.056
1809 0.065
1810 0.126
1811 0.249
1812 0.62
1813 0
1814 0.053
1815 0.002
1816 0.028
1817 0
1818 0
1819 0.517
1820 0.032
1821 0.002
1822 0.008
1823 0.409
1824 0.007
1825 0.048
1826 0.028
1827 0.603
1828 0.497
1829 0
1830 0.018
1831 0.591
1832 0
1833 0.009
1834 0.003
1835 0
1836 0.048
1837 0.198
1838 0
1839 0
1840 0.207
1841 0.037
1842 0
1843 0
1844 0
1845 0.141
1846 0.001
1847 0.089
1848 0
1849 0
1850 0.057
1851 0.648
1852 0.001
1853 0.517
1854 0.294
1855 0.819
1856 0.483
1857 0.076
1858 0.109
1859 0.059
1860 0.041
1861 0.142
1862 0.007
1863 0
1864 0
1865 0.292
1866 0.305
1867 0
1868 0.123
1869 0
1870 0
1871 0.004
1872 0.006
1873 0.407
1874 0.894
1875 0.001
1876 0.101
1877 0
1878 0.002
1879 0.784
1880 0.001
1881 0
1882 0.583
1883 0.005
1884 0
1885 0
1886 0
1887 0.08
1888 0.213
1889 0.106
1890 0.002
1891 0.028
1892 0.009
1893 0.009
1894 0.293
1895 0.342
1896 0.076
1897 0.008
1898 0
1899 0.002
1900 0.009
1901 0.133
1902 0
1903 0.089
1904 0.003
1905 0.001
1906 0.346
1907 0.115
1908 0
1909 0.223
1910 0.008
1911 0
1912 0.004
1913 0.018
1914 0
1915 0.3
1916 0.181
1917 0
1918 0.001
1919 0.013
1920 0.754
1921 0
1922 0.178
1923 0.806
1924 0.006
1925 0
1926 0
1927 0.089
1928 0.052
1929 0.006
1930 0
1931 0
1932 0
1933 0.017
1934 0.645
1935 0.057
1936 0
1937 0.108
1938 0
1939 0.011
1940 0.004
1941 0.071
1942 0.29
1943 0.117
1944 0.448
1945 0.031
1946 0.008
1947 0.239
1948 0.056
1949 0.645
1950 0
1951 0.006
1952 0
1953 0.422
1954 0.654
1955 0
1956 0
1957 0
1958 0.127
1959 0.083
1960 0.041
1961 0
1962 0.676
1963 0
1964 0
1965 0.802
1966 0.002
1967 0.139
1968 0.034
1969 0.18
1970 0.005
1971 0
1972 0
1973 0
1974 0
1975 0
1976 0
1977 0
1978 0.168
1979 0.256
1980 0.003
1981 0.356
1982 0
1983 0.008
1984 0
1985 0.001
1986 0
1987 0.135
1988 0.262
1989 0
1990 0.004
1991 0
1992 0.254
1993 0.048
1994 0.001
1995 0.016
1996 0
1997 0.029
1998 0.028
1999 0.026
2000 0.373
2001 0.647
2002 0.043
2003 0.317
2004 0.047
2005 0.149
2006 0.018
2007 0.227
2008 0.006
2009 0.16
2010 0.654
2011 0.307
2012 0.165
2013 0.038
2014 0.051
2015 0
2016 0
2017 0.001
2018 0.284
2019 0.049
2020 0
2021 0.044
2022 0.432
2023 0
2024 0.324
2025 0
2026 0.021
2027 0
2028 0.597
2029 0.013
2030 0.022
2031 0.002
2032 0
2033 0.006
2034 0.228
2035 0.016
2036 0.566
2037 0
2038 0
2039 0
2040 0
2041 0.088
2042 0
2043 0.332
2044 0
2045 0.001
2046 0.011
2047 0.028
2048 0
2049 0.84
2050 0
2051 0.586
2052 0
2053 0.004
2054 0.004
2055 0
2056 0.015
2057 0
2058 0
2059 0.307
2060 0.174
2061 0
2062 0.004
2063 0.427
2064 0.039
2065 0.191
2066 0
2067 0.021
2068 0
2069 0.54
2070 0.103
2071 0.018
2072 0
2073 0.114
2074 0.095
2075 0.005
2076 0
2077 0.002
2078 0
2079 0
2080 0.065
2081 0.002
2082 0.003
2083 0
2084 0.722
2085 0.001
2086 0.072
2087 0
2088 0.032
2089 0.399
2090 0
2091 0.028
2092 0
2093 0.049
2094 0.105
2095 0.13
2096 0
2097 0.001
2098 0.059
2099 0.169
2100 0.314
2101 0.293
2102 0.481
2103 0
2104 0.034
2105 0.033
2106 0
2107 0.126
2108 0
2109 0
2110 0
2111 0.407
2112 0
2113 0
2114 0.007
2115 0.542
2116 0
2117 0.614
2118 0.017
2119 0.006
2120 0.014
2121 0.034
2122 0.115
2123 0.448
2124 0.083
2125 0.009
2126 0.032
2127 0.002
2128 0.011
2129 0
2130 0
2131 0
2132 0
2133 0
2134 0.061
2135 0.145
2136 0
2137 0.12
2138 0.005
2139 0.033
2140 0.067
2141 0.21
2142 0.001
2143 0
2144 0
2145 0
2146 0.183
2147 0.277
2148 0.056
2149 0
2150 0
2151 0.313
2152 0
2153 0
2154 0.389
2155 0
2156 0
2157 0.106
2158 0.606
2159 0.308
2160 0
2161 0.001
2162 0
2163 0.007
2164 0.049
2165 0.168
2166 0.293
2167 0
2168 0.637
2169 0.131
2170 0
2171 0.055
2172 0.053
2173 0.045
2174 0.746
2175 0
2176 0.042
2177 0.001
2178 0.059
2179 0.002
2180 0.01
2181 0.002
2182 0
2183 0.254
2184 0.703
2185 0.002
2186 0.071
2187 0.012
2188 0.378
2189 0.001
2190 0
2191 0.36
2192 0.005
2193 0.009
2194 0
2195 0.532
2196 0
2197 0
2198 0
2199 0.017
2200 0
2201 0.219
2202 0.003
2203 0
2204 0.317
2205 0.001
2206 0
2207 0.036
2208 0
2209 0.055
2210 0
2211 0.059
2212 0.147
2213 0
2214 0.668
2215 0
2216 0
2217 0.133
2218 0.008
2219 0
2220 0.119
2221 0
2222 0
2223 0.02
2224 0
2225 0.04
2226 0
2227 0.255
2228 0
2229 0.002
2230 0.846
2231 0.007
2232 0.001
2233 0.005
2234 0.34
2235 0
2236 0.515
2237 0.004
2238 0
2239 0.238
2240 0.003
2241 0.053
2242 0
2243 0
2244 0.032
2245 0
2246 0.073
2247 0.001
2248 0
2249 0.002
2250 0
2251 0
2252 0.018
2253 0.439
2254 0
2255 0.288
2256 0.011
2257 0.269
2258 0.223
2259 0
2260 0
2261 0
2262 0.022
2263 0.111
2264 0.025
2265 0.206
2266 0.017
2267 0.126
2268 0.005
2269 0.232
2270 0.505
2271 0.251
2272 0.009
2273 0
2274 0.079
2275 0.004
2276 0.021
2277 0.202
2278 0.484
2279 0
2280 0.185
2281 0.008
2282 0
2283 0.102
2284 0.023
2285 0
2286 0
2287 0.004
2288 0
2289 0.665
2290 0.094
2291 0
2292 0
2293 0.452
2294 0
2295 0.725
2296 0
2297 0.001
2298 0
2299 0.001
2300 0.745
2301 0.001
2302 0.002
2303 0.227
2304 0
2305 0.067
2306 0
2307 0.113
2308 0.045
2309 0
2310 0.13
2311 0
2312 0
2313 0.025
2314 0.149
2315 0
2316 0.148
2317 0.005
2318 0
2319 0.235
2320 0
2321 0.097
2322 0.001
2323 0
2324 0.005
2325 0.379
2326 0.03
2327 0.823
2328 0.104
2329 0.444
2330 0.016
2331 0
2332 0.001
2333 0
2334 0
2335 0.233
2336 0.009
2337 0.196
2338 0.165
2339 0.003
2340 0.003
2341 0
2342 0.26
2343 0
2344 0.001
2345 0.085
2346 0
2347 0.013
2348 0.002
2349 0.577
2350 0
2351 0
2352 0.001
2353 0
2354 0.107
2355 0.138
2356 0.379
2357 0.152
2358 0.028
2359 0.407
2360 0.002
2361 0.013
2362 0.032
2363 0.21
2364 0.828
2365 0
2366 0.704
2367 0
2368 0.49
2369 0.331
2370 0.315
2371 0
2372 0.15
2373 0.229
2374 0.019
2375 0.124
2376 0
2377 0
2378 0.015
2379 0.043
2380 0
2381 0.034
2382 0.004
2383 0.004
2384 0
2385 0
2386 0.069
2387 0.244
2388 0.149
2389 0.005
2390 0.407
2391 0.081
2392 0.142
2393 0.213
2394 0
2395 0.283
2396 0.069
2397 0.419
2398 0.001
2399 0.119
2400 0
2401 0
2402 0.114
2403 0.628
2404 0.023
2405 0.666
2406 0.078
2407 0.028
2408 0.005
2409 0
2410 0
2411 0
2412 0
2413 0.008
2414 0
2415 0
2416 0
2417 0.002
2418 0.107
2419 0.04
2420 0.006
2421 0
2422 0.002
2423 0.059
2424 0.019
2425 0.071
2426 0
2427 0.045
2428 0.695
2429 0
2430 0.013
2431 0.011
2432 0
2433 0.027
2434 0.001
2435 0
2436 0.505
2437 0.531
2438 0
2439 0
2440 0.14
2441 0
2442 0.198
2443 0
2444 0
2445 0.246
2446 0.696
2447 0
2448 0.001
2449 0.073
2450 0.033
2451 0.004
2452 0.051
2453 0
2454 0
2455 0
2456 0.678
2457 0
2458 0
2459 0.045
2460 0.841
2461 0.086
2462 0.008
2463 0
2464 0
2465 0.006
2466 0.52
2467 0.046
2468 0
2469 0
2470 0.224
2471 0
2472 0.131
2473 0.542
2474 0.003
2475 0
2476 0
2477 0.514
2478 0.745
2479 0.43
2480 0.008
2481 0
2482 0.062
2483 0.164
2484 0.015
2485 0
2486 0
2487 0.008
2488 0.001
2489 0
2490 0
2491 0.499
2492 0.001
2493 0.001
2494 0.27
2495 0.685
2496 0.065
2497 0.056
2498 0
2499 0
2500 0
2501 0.015
2502 0.165
2503 0
2504 0
2505 0.345
2506 0.743
2507 0
2508 0.592
2509 0
2510 0.094
2511 0.311
2512 0.14
2513 0.02
2514 0.365
2515 0
2516 0.009
2517 0.002
2518 0
2519 0.002
2520 0.067
2521 0.07
2522 0.452
2523 0.004
2524 0
2525 0.001
2526 0.07
2527 0
2528 0.003
2529 0
2530 0.017
2531 0
2532 0.003
2533 0
2534 0
2535 0.595
2536 0
2537 0.001
2538 0.047
2539 0
2540 0.012
2541 0
2542 0
2543 0.013
2544 0.004
2545 0.007
2546 0.02
2547 0.352
2548 0
2549 0.175
2550 0
2551 0.001
2552 0
2553 0.051
2554 0.011
2555 0
2556 0.025
2557 0.002
2558 0.642
2559 0.201
2560 0
2561 0.023
2562 0.485
2563 0.519
2564 0
2565 0.019
2566 0.039
2567 0.058
2568 0
2569 0.673
2570 0
2571 0
2572 0.173
2573 0.065
2574 0
2575 0.223
2576 0
2577 0.044
2578 0.21
2579 0.143
2580 0.864
2581 0.446
2582 0
2583 0
2584 0.359
2585 0.058
2586 0.087
2587 0.036
2588 0
2589 0.872
2590 0
2591 0
2592 0.002
2593 0
2594 0.002
2595 0.198
2596 0.001
2597 0
2598 0.564
2599 0
2600 0.35
2601 0.001
2602 0.195
2603 0.297
2604 0.132
2605 0
2606 0
2607 0.001
2608 0.582
2609 0.248
2610 0
2611 0.052
2612 0.851
2613 0.01
2614 0.068
2615 0.007
2616 0
2617 0.291
2618 0.003
2619 0.255
2620 0.132
2621 0
2622 0
2623 0.657
2624 0.021
2625 0.016
2626 0
2627 0
2628 0.058
2629 0.013
2630 0.21
2631 0.002
2632 0
2633 0
2634 0.011
2635 0
2636 0.001
2637 0
2638 0.179
2639 0.182
2640 0.039
2641 0.045
2642 0.05
2643 0
2644 0.001
2645 0
2646 0.02
2647 0.137
2648 0.021
2649 0
2650 0.188
2651 0.002
2652 0
2653 0
2654 0.001
2655 0
2656 0
2657 0
2658 0.019
2659 0
2660 0.279
2661 0.001
2662 0
2663 0.025
2664 0
2665 0
2666 0
2667 0.001
2668 0.003
2669 0
2670 0.059
2671 0
2672 0.078
2673 0.005
2674 0.136
2675 0.612
2676 0.003
2677 0
2678 0.002
2679 0
2680 0.01
2681 0
2682 0.782
2683 0.179
2684 0
2685 0.012
2686 0
2687 0
2688 0.645
2689 0.049
2690 0
2691 0.162
2692 0
2693 0.119
2694 0.348
2695 0.025
2696 0.115
2697 0.002
2698 0.001
2699 0.238
2700 0
2701 0.434
2702 0
2703 0.01
2704 0
2705 0
2706 0.196
2707 0.717
2708 0
2709 0.072
2710 0
2711 0.017
2712 0
2713 0.03
2714 0
2715 0
2716 0.093
2717 0.026
2718 0.191
2719 0.039
2720 0.455
2721 0.153
2722 0.005
2723 0.021
2724 0.001
2725 0.438
2726 0
2727 0
2728 0.029
2729 0
2730 0.02
2731 0.663
2732 0.035
2733 0
2734 0.092
2735 0.137
2736 0.014
2737 0.006
2738 0
2739 0
2740 0
2741 0
2742 0.595
2743 0
2744 0
2745 0
2746 0
2747 0
2748 0.067
2749 0.017
2750 0.495
2751 0.124
2752 0
2753 0.081
2754 0
2755 0.141
2756 0.001
2757 0.076
2758 0.511
2759 0.01
2760 0
2761 0.004
2762 0.222
2763 0.014
2764 0.333
2765 0
2766 0.3
2767 0.548
2768 0
2769 0.08
2770 0
2771 0.004
2772 0
2773 0.114
2774 0
2775 0.021
2776 0.406
2777 0.007
2778 0.279
2779 0.359
2780 0.001
2781 0.585
2782 0.501
2783 0.19
2784 0
2785 0
2786 0
2787 0
2788 0.454
2789 0
2790 0
2791 0
2792 0
2793 0.338
2794 0
2795 0.705
2796 0.639
2797 0.008
2798 0.001
2799 0.245
2800 0
2801 0.001
2802 0.332
2803 0
2804 0
2805 0.138
2806 0
2807 0
2808 0.066
2809 0.723
2810 0.002
2811 0.23
2812 0.162
2813 0
2814 0.008
2815 0.225
2816 0.062
2817 0
2818 0.021
2819 0.503
2820 0.692
2821 0.124
2822 0.007
2823 0.678
2824 0.005
2825 0
2826 0
2827 0.009
2828 0.316
2829 0.157
2830 0
2831 0
2832 0
2833 0
2834 0.151
2835 0.006
2836 0.037
2837 0.698
2838 0.257
2839 0.036
2840 0.909
2841 0.023
2842 0.237
2843 0.019
2844 0.011
2845 0.024
2846 0
2847 0.473
2848 0.001
2849 0.074
2850 0
2851 0
2852 0.011
2853 0.009
2854 0.379
2855 0.198
2856 0
2857 0
2858 0
2859 0
2860 0
2861 0.087
2862 0
2863 0.002
2864 0
2865 0.374
2866 0.049
2867 0.126
2868 0.043
2869 0
2870 0.058
2871 0.16
2872 0
2873 0.335
2874 0
2875 0.313
2876 0.014
2877 0.003
2878 0.054
2879 0
2880 0
2881 0.014
2882 0.072
2883 0.021
2884 0.001
2885 0.708
2886 0
2887 0
2888 0
2889 0
2890 0
2891 0.004
2892 0.008
2893 0.019
2894 0.269
2895 0
2896 0.022
2897 0.166
2898 0.212
2899 0.447
2900 0.002
2901 0.001
2902 0.025
2903 0
2904 0.017
2905 0
2906 0
2907 0.018
2908 0.029
2909 0.034
2910 0.001
2911 0.001
2912 0.377
2913 0.345
2914 0.123
2915 0.001
2916 0
2917 0.003
2918 0.063
2919 0
2920 0.206
2921 0.001
2922 0.001
2923 0.086
2924 0.018
2925 0.096
2926 0.001
2927 0.089
2928 0.027
2929 0
2930 0.01
2931 0.093
2932 0.013
2933 0
2934 0
2935 0.394
2936 0
2937 0.35
2938 0.007
2939 0
2940 0
2941 0.046
2942 0
2943 0.073
2944 0
2945 0.03
2946 0.003
2947 0
2948 0.001
2949 0.001
2950 0.224
2951 0.225
2952 0.429
2953 0
2954 0.101
2955 0.021
2956 0.001
2957 0.024
2958 0
2959 0.016
2960 0.001
2961 0.78
2962 0
2963 0.106
2964 0
2965 0.001
2966 0.269
2967 0.774
2968 0
2969 0.191
2970 0.166
2971 0
2972 0.001
2973 0.002
2974 0.137
2975 0.038
2976 0.509
2977 0
2978 0
2979 0
2980 0
2981 0
2982 0
2983 0.002
2984 0.067
2985 0
2986 0
2987 0.003
2988 0.001
2989 0.065
2990 0.001
2991 0
2992 0.125
2993 0.059
2994 0
2995 0
2996 0
2997 0.704
2998 0
2999 0
3000 0.01
3001 0.745
3002 0
3003 0.001
3004 0.775
3005 0.01
3006 0.16
3007 0.604
3008 0
3009 0
3010 0.08
3011 0.18
3012 0
3013 0
3014 0.615
3015 0.223
3016 0.026
3017 0
3018 0
3019 0.025
3020 0.003
3021 0.251
3022 0.136
3023 0
3024 0
3025 0.018
3026 0
3027 0.431
3028 0.035
3029 0.014
3030 0.037
3031 0.507
3032 0.002
3033 0
3034 0
3035 0.321
3036 0
3037 0
3038 0
3039 0.001
3040 0.02
3041 0.031
3042 0.004
3043 0.887
3044 0.092
3045 0.037
3046 0.672
3047 0.517
3048 0.027
3049 0
3050 0.475
3051 0.082
3052 0.407
3053 0.443
3054 0.003
3055 0.584
3056 0.445
3057 0.012
3058 0
3059 0.176
3060 0
3061 0
3062 0.076
3063 0.462
3064 0.019
3065 0
3066 0.009
3067 0.266
3068 0
3069 0
3070 0.615
3071 0
3072 0.058
3073 0.023
3074 0.016
3075 0
3076 0
3077 0.032
3078 0.265
3079 0.029
3080 0.013
3081 0
3082 0
3083 0.015
3084 0.025
3085 0.021
3086 0.183
3087 0.017
3088 0
3089 0.003
3090 0
3091 0
3092 0.551
3093 0
3094 0.012
3095 0.469
3096 0
3097 0.24
3098 0.096
3099 0.025
3100 0.011
3101 0
3102 0.235
3103 0
3104 0.008
3105 0.018
3106 0.002
3107 0.007
3108 0.003
3109 0.067
3110 0
3111 0.045
3112 0.677
3113 0.053
3114 0
3115 0.171
3116 0.067
3117 0.047
3118 0.013
3119 0
3120 0
3121 0.489
3122 0.242
3123 0
3124 0.028
3125 0
3126 0.026
3127 0
3128 0
3129 0.011
3130 0.331
3131 0
3132 0.001
3133 0.35
3134 0.805
3135 0.383
3136 0
3137 0
3138 0
3139 0.143
3140 0.046
3141 0.333
3142 0.054
3143 0.002
3144 0.238
3145 0.501
3146 0
3147 0.002
3148 0.3
3149 0.752
3150 0.126
3151 0.123
3152 0
3153 0
3154 0
3155 0
3156 0
3157 0.014
3158 0.016
3159 0.423
3160 0
3161 0.781
3162 0.719
3163 0.359
3164 0.002
3165 0.001
3166 0
3167 0
3168 0.339
3169 0.156
3170 0.075
3171 0.025
3172 0
3173 0.042
3174 0
3175 0
3176 0.022
3177 0.001
3178 0
3179 0.327
3180 0.001
3181 0
3182 0.026
3183 0.163
3184 0.068
3185 0.001
3186 0
3187 0.076
3188 0.002
3189 0.058
3190 0.685
3191 0.203
3192 0
3193 0.111
3194 0
3195 0.041
3196 0.279
3197 0.512
3198 0
3199 0.035
3200 0
3201 0.111
3202 0.282
3203 0.15
3204 0.004
3205 0
3206 0.085
3207 0.002
3208 0.036
3209 0
3210 0.036
3211 0
3212 0.005
3213 0
3214 0.816
3215 0.004
3216 0
3217 0
3218 0
3219 0
3220 0.006
3221 0.001
3222 0.274
3223 0.004
3224 0.135
3225 0.035
3226 0.091
3227 0.017
3228 0.053
3229 0
3230 0.432
3231 0.062
3232 0
3233 0
3234 0.001
3235 0.578
3236 0.002
3237 0
3238 0.056
3239 0.033
3240 0.364
3241 0.004
3242 0
3243 0.158
3244 0
3245 0.042
3246 0
3247 0.041
3248 0.088
3249 0.597
3250 0.011
3251 0.005
3252 0.002
3253 0.114
3254 0
3255 0.002
3256 0.003
3257 0.006
3258 0
3259 0
3260 0.294
3261 0
3262 0
3263 0.007
3264 0.002
3265 0
3266 0.476
3267 0
3268 0.756
3269 0.001
3270 0.7
3271 0.076
3272 0
3273 0.114
3274 0.319
3275 0
3276 0.017
3277 0.358
3278 0.005
3279 0.34
3280 0.073
3281 0
3282 0.276
3283 0.095
3284 0
3285 0
3286 0
3287 0.48
3288 0.073
3289 0.012
3290 0
3291 0.004
3292 0
3293 0.187
3294 0.633
3295 0.007
3296 0.001
3297 0
3298 0
3299 0
3300 0.321
3301 0.193
3302 0
3303 0.013
3304 0.415
3305 0.007
3306 0
3307 0
3308 0
3309 0.13
3310 0
3311 0
3312 0.078
3313 0.004
3314 0.148
3315 0.071
3316 0.075
3317 0.646
3318 0.015
3319 0
3320 0
3321 0
3322 0.012
3323 0.018
3324 0.61
3325 0.01
3326 0
3327 0.018
3328 0
3329 0
3330 0
3331 0.042
3332 0
3333 0.082
3334 0.183
3335 0
3336 0.905
3337 0
3338 0.002
3339 0.283
3340 0.023
3341 0.007
3342 0.015
3343 0.041
3344 0.256
3345 0.005
3346 0.798
3347 0
3348 0.05
3349 0
3350 0.6
3351 0.002
3352 0.046
3353 0
3354 0.333
3355 0.086
3356 0.033
3357 0
3358 0
3359 0
3360 0.136
3361 0.511
3362 0
3363 0.103
3364 0.458
3365 0.009
3366 0
3367 0.006
3368 0.173
3369 0.102
3370 0.228
3371 0.265
3372 0
3373 0
3374 0.039
3375 0.387
3376 0.688
3377 0.25
3378 0
3379 0.153
3380 0.022
3381 0
3382 0.825
3383 0.008
3384 0.145
3385 0.001
3386 0.441
3387 0.001
3388 0.468
3389 0.262
3390 0
3391 0.019
3392 0
3393 0.601
3394 0
3395 0
3396 0
3397 0
3398 0.081
3399 0
3400 0.001
3401 0
3402 0.386
3403 0.064
3404 0.232
3405 0.166
3406 0
3407 0.135
3408 0.013
3409 0.005
3410 0.034
3411 0
3412 0
3413 0.454
3414 0.004
3415 0.106
3416 0
3417 0.059
3418 0
3419 0
3420 0.009
3421 0.211
3422 0.002
3423 0
3424 0
3425 0.307
3426 0.002
3427 0.023
3428 0
3429 0
3430 0
3431 0.016
3432 0
3433 0
3434 0
3435 0
3436 0
3437 0.661
3438 0
3439 0.619
3440 0.008
3441 0.001
3442 0.279
3443 0.257
3444 0
3445 0
3446 0.332
3447 0.049
3448 0.019
3449 0.037
3450 0.006
3451 0.679
3452 0
3453 0.05
3454 0.211
3455 0.004
3456 0
3457 0
3458 0.604
3459 0.127
3460 0.035
3461 0.001
3462 0
3463 0.005
3464 0.19
3465 0
3466 0
3467 0.128
3468 0.298
3469 0.2
3470 0.074
3471 0.633
3472 0
3473 0.191
3474 0.814
3475 0.001
3476 0.015
3477 0.001
3478 0
3479 0.223
3480 0.12
3481 0
3482 0.043
3483 0
3484 0
3485 0.108
3486 0.007
3487 0.006
3488 0.027
3489 0.037
3490 0
3491 0.004
3492 0
3493 0.002
3494 0.062
3495 0
3496 0.075
3497 0.187
3498 0.252
3499 0.033
3500 0.566
3501 0.199
3502 0
3503 0.37
3504 0.385
3505 0.486
3506 0
3507 0.229
3508 0
3509 0
3510 0.172
3511 0.002
3512 0.001
3513 0.116
3514 0.039
3515 0.002
3516 0.001
3517 0.638
3518 0.011
3519 0.099
3520 0
3521 0.233
3522 0.001
3523 0.005
3524 0
3525 0
3526 0
3527 0.093
3528 0
3529 0.017
3530 0
3531 0
3532 0.041
3533 0.053
3534 0
3535 0
3536 0.028
3537 0.005
3538 0.004
3539 0
3540 0.006
3541 0.004
3542 0
3543 0
3544 0
3545 0.631
3546 0.037
3547 0.027
3548 0
3549 0
3550 0
3551 0.001
3552 0.026
3553 0.144
3554 0
3555 0.008
3556 0.007
3557 0.001
3558 0.37
3559 0
3560 0.055
3561 0.006
3562 0
3563 0.567
3564 0.001
3565 0.015
3566 0.041
3567 0.016
3568 0
3569 0.004
3570 0
3571 0.063
3572 0
3573 0.013
3574 0
3575 0
3576 0
3577 0
3578 0.617
3579 0.026
3580 0.013
3581 0.004
3582 0
3583 0.069
3584 0
3585 0
3586 0.008
3587 0
3588 0.163
3589 0
3590 0.748
3591 0.001
3592 0.127
3593 0.532
3594 0.017
3595 0.001
3596 0.028
3597 0.001
3598 0.002
3599 0
3600 0.001
3601 0.105
3602 0.002
3603 0
3604 0.059
3605 0.929
3606 0.558
3607 0.046
3608 0.054
3609 0
3610 0.719
3611 0
3612 0
3613 0
3614 0.021
3615 0.005
3616 0
3617 0.006
3618 0
3619 0
3620 0.108
3621 0.091
3622 0.003
3623 0.001
3624 0.027
3625 0.42
3626 0
3627 0
3628 0.043
3629 0
3630 0.691
3631 0.279
3632 0
3633 0.749
3634 0
3635 0.155
3636 0
3637 0.093
3638 0.248
3639 0.104
3640 0
3641 0.065
3642 0.103
3643 0.022
3644 0.017
3645 0.072
3646 0.024
3647 0.036
3648 0
3649 0.016
3650 0.43
3651 0
3652 0.162
3653 0
3654 0
3655 0.002
3656 0.005
3657 0
3658 0
3659 0
3660 0.009
3661 0
3662 0.001
3663 0.059
3664 0.007
3665 0
3666 0
3667 0.057
3668 0.292
3669 0
3670 0.003
3671 0
3672 0.081
3673 0.014
3674 0.007
3675 0
3676 0.779
3677 0
3678 0.011
3679 0
3680 0
3681 0
3682 0
3683 0.005
3684 0
3685 0.075
3686 0.906
3687 0.051
3688 0.085
3689 0.138
3690 0
3691 0
3692 0.031
3693 0.09
3694 0.011
3695 0.332
3696 0.294
3697 0.106
3698 0.001
3699 0.976
3700 0.721
3701 0
3702 0
3703 0.375
3704 0.339
3705 0.051
3706 0.013
3707 0.274
3708 0
3709 0
3710 0.258
3711 0
3712 0
3713 0
3714 0.002
3715 0.437
3716 0.454
3717 0
3718 0.114
3719 0.093
3720 0.003
3721 0.002
3722 0.055
3723 0.008
3724 0.587
3725 0.429
3726 0.006
3727 0.672
3728 0.487
3729 0.725
3730 0.098
3731 0.112
3732 0.167
3733 0.301
3734 0.056
3735 0.158
3736 0.432
3737 0.256
3738 0
3739 0.04
3740 0.004
3741 0
3742 0
3743 0.001
3744 0.556
3745 0.09
3746 0.173
3747 0.003
3748 0.224
3749 0.399
3750 0.01
3751 0.218
3752 0.544
3753 0
3754 0.003
3755 0.008
3756 0
3757 0.049
3758 0.005
3759 0
3760 0.099
3761 0.059
3762 0.003
3763 0
3764 0
3765 0
3766 0
3767 0.486
3768 0
3769 0
3770 0
3771 0
3772 0.148
3773 0.068
3774 0.021
3775 0.252
3776 0.025
3777 0
3778 0.045
3779 0.014
3780 0
3781 0.141
3782 0.281
3783 0.027
3784 0.003
3785 0
3786 0.417
3787 0.016
3788 0.637
3789 0
3790 0.096
3791 0.119
3792 0.314
3793 0.001
3794 0
3795 0.206
3796 0
3797 0.112
3798 0.001
3799 0.022
3800 0.01
3801 0.345
3802 0.002
3803 0.05
3804 0.671
3805 0.048
3806 0.763
3807 0
3808 0
3809 0.094
3810 0.454
3811 0.033
3812 0.007
3813 0.219
3814 0.029
3815 0.045
3816 0.002
3817 0.21
3818 0.047
3819 0.098
3820 0
3821 0.143
3822 0.015
3823 0.002
3824 0.001
3825 0
3826 0
3827 0.015
3828 0
3829 0
3830 0.005
3831 0
3832 0.002
3833 0.097
3834 0.171
3835 0.783
3836 0.13
3837 0
3838 0.267
3839 0.044
3840 0.148
3841 0.549
3842 0.002
3843 0.015
3844 0.073
3845 0.434
3846 0.075
3847 0
3848 0.016
3849 0.185
3850 0.013
3851 0.134
3852 0.009
3853 0
3854 0.053
3855 0.121
3856 0.024
3857 0.163
3858 0
3859 0.181
3860 0.003
3861 0.06
3862 0.004
3863 0.012
3864 0
3865 0.005
3866 0.01
3867 0.004
3868 0
3869 0.047
3870 0.38
3871 0
3872 0.437
3873 0.185
3874 0.112
3875 0.001
3876 0.009
3877 0.823
3878 0.034
3879 0.004
3880 0.043
3881 0
3882 0
3883 0
3884 0.065
3885 0.009
3886 0.004
3887 0
3888 0.01
3889 0.002
3890 0.01
3891 0
3892 0
3893 0.009
3894 0.055
3895 0.003
3896 0.658
3897 0.137
3898 0.072
3899 0
3900 0.019
3901 0.506
3902 0
3903 0.084
3904 0.003
3905 0.24
3906 0.015
3907 0.003
3908 0.009
3909 0.006
3910 0
3911 0.358
3912 0.002
3913 0
3914 0.001
3915 0.372
3916 0
3917 0.003
3918 0.006
3919 0
3920 0
3921 0
3922 0.702
3923 0.001
3924 0.001
3925 0
3926 0.008
3927 0
3928 0
3929 0.051
3930 0
3931 0.001
3932 0
3933 0
3934 0
3935 0
3936 0.012
3937 0
3938 0
3939 0
3940 0
3941 0.582
3942 0.224
3943 0.084
3944 0.139
3945 0.001
3946 0.002
3947 0
3948 0.002
3949 0.095
3950 0.001
3951 0
3952 0
3953 0.048
3954 0.026
3955 0.016
3956 0
3957 0.105
3958 0.163
3959 0
3960 0
3961 0.004
3962 0.039
3963 0.227
3964 0
3965 0
3966 0.047
3967 0.033
3968 0.047
3969 0.021
3970 0.392
3971 0.531
3972 0.093
3973 0.074
3974 0.599
3975 0.005
3976 0.007
3977 0
3978 0.318
3979 0
3980 0.026
3981 0.291
3982 0.007
3983 0
3984 0.335
3985 0
3986 0
3987 0.017
3988 0
3989 0.048
3990 0.017
3991 0.06
3992 0
3993 0.146
3994 0
3995 0.081
3996 0
3997 0.04
3998 0.262
3999 0.545
4000 0.766
4001 0
4002 0
4003 0.054
4004 0.523
4005 0
4006 0
4007 0
4008 0
4009 0.858
4010 0
4011 0.002
4012 0.001
4013 0.132
4014 0
4015 0.306
4016 0.215
4017 0.054
4018 0.14
4019 0.775
4020 0
4021 0.181
4022 0.026
4023 0
4024 0.009
4025 0.002
4026 0.321
4027 0.002
4028 0
4029 0
4030 0.068
4031 0
4032 0.001
4033 0.014
4034 0.178
4035 0.035
4036 0
4037 0
4038 0.151
4039 0.003
4040 0
4041 0
4042 0
4043 0.002
4044 0
4045 0.13
4046 0.018
4047 0
4048 0
4049 0
4050 0.001
4051 0
4052 0
4053 0
4054 0
4055 0.017
4056 0.068
4057 0.09
4058 0.023
4059 0.038
4060 0.158
4061 0
4062 0
4063 0.004
4064 0.087
4065 0
4066 0.008
4067 0.032
4068 0.215
4069 0
4070 0.075
4071 0.023
4072 0.028
4073 0
4074 0
4075 0.003
4076 0.323
4077 0.2
4078 0
4079 0.041
4080 0
4081 0.43
4082 0.074
4083 0.008
4084 0.002
4085 0.182
4086 0.165
4087 0.004
4088 0.013
4089 0
4090 0
4091 0.003
4092 0.056
4093 0.014
4094 0.484
4095 0.01
4096 0
4097 0
4098 0.002
4099 0.196
4100 0.062
4101 0
4102 0.077
4103 0.005
4104 0.028
4105 0.008
4106 0.017
4107 0.005
4108 0.127
4109 0
4110 0.584
4111 0.128
4112 0
4113 0.16
4114 0.178
4115 0.014
4116 0
4117 0.077
4118 0.063
4119 0
4120 0.042
4121 0.355
4122 0
4123 0
4124 0.001
4125 0.403
4126 0.002
4127 0.023
4128 0.116
4129 0.708
4130 0.214
4131 0.006
4132 0
4133 0.076
4134 0
4135 0.502
4136 0
4137 0.236
4138 0.175
4139 0
4140 0.164
4141 0
4142 0.145
4143 0
4144 0.003
4145 0.076
4146 0.067
4147 0
4148 0.01
4149 0.022
4150 0.484
4151 0
4152 0.013
4153 0.002
4154 0
4155 0.157
4156 0.187
4157 0.008
4158 0
4159 0
4160 0.342
4161 0.045
4162 0
4163 0.133
4164 0.047
4165 0.514
4166 0.391
4167 0.027
4168 0
4169 0.033
4170 0
4171 0.076
4172 0.035
4173 0
4174 0.018
4175 0
4176 0
4177 0.109
4178 0.178
4179 0.082
4180 0.035
4181 0.004
4182 0
4183 0
4184 0.622
4185 0.054
4186 0.05
4187 0
4188 0
4189 0.099
4190 0
4191 0
4192 0.472
4193 0.09
4194 0.137
4195 0.01
4196 0.012
4197 0.003
4198 0.389
4199 0
4200 0.221
4201 0.293
4202 0.129
4203 0
4204 0.001
4205 0
4206 0.149
4207 0.011
4208 0.453
4209 0
4210 0.022
4211 0.001
4212 0
4213 0.011
4214 0.581
4215 0.003
4216 0.199
4217 0.003
4218 0.039
4219 0.017
4220 0
4221 0.864
4222 0
4223 0.609
4224 0.45
4225 0
4226 0.006
4227 0
4228 0.014
4229 0.081
4230 0
4231 0.337
4232 0
4233 0
4234 0.121
4235 0.485
4236 0
4237 0.433
4238 0
4239 0.001
4240 0.383
4241 0.005
4242 0.153
4243 0.034
4244 0.209
4245 0
4246 0.836
4247 0
4248 0.359
4249 0.522
4250 0.002
4251 0
4252 0.269
4253 0.048
4254 0.255
4255 0
4256 0.008
4257 0
4258 0.002
4259 0
4260 0.547
4261 0.506
4262 0
4263 0.003
4264 0
4265 0.173
4266 0.367
4267 0.492
4268 0.151
4269 0
4270 0.001
4271 0
4272 0
4273 0.441
4274 0.412
4275 0
4276 0.29
4277 0.095
4278 0.015
4279 0.002
4280 0.204
4281 0
4282 0.022
4283 0.186
4284 0.492
4285 0
4286 0.19
4287 0
4288 0
4289 0
4290 0
4291 0
4292 0.082
4293 0.005
4294 0.087
4295 0
4296 0.009
4297 0.006
4298 0.035
4299 0
4300 0.612
4301 0
4302 0
4303 0.352
4304 0
4305 0
4306 0.03
4307 0
4308 0.05
4309 0.233
4310 0
4311 0.064
4312 0.115
4313 0.333
4314 0
4315 0.126
4316 0.112
4317 0.247
4318 0
4319 0.013
4320 0
4321 0
4322 0
4323 0.977
4324 0.111
4325 0
4326 0.458
4327 0.237
4328 0
4329 0
4330 0
4331 0.01
4332 0.631
4333 0
4334 0.222
4335 0
4336 0.308
4337 0
4338 0.606
4339 0.513
4340 0.046
4341 0
4342 0.874
4343 0
4344 0.039
4345 0
4346 0.007
4347 0.001
4348 0.358
4349 0.052
4350 0.001
4351 0.431
4352 0
4353 0.002
4354 0
4355 0.061
4356 0.585
4357 0.016
4358 0
4359 0.342
4360 0.347
4361 0.003
4362 0.086
4363 0
4364 0
4365 0.04
4366 0.015
4367 0.024
4368 0.097
4369 0
4370 0
4371 0.019
4372 0.315
4373 0
4374 0.002
4375 0.811
4376 0.818
4377 0.115
4378 0.002
4379 0.002
4380 0.329
4381 0
4382 0
4383 0.052
4384 0
4385 0
4386 0.001
4387 0.052
4388 0
4389 0.042
4390 0
4391 0.014
4392 0.849
4393 0
4394 0.005
4395 0
4396 0
4397 0
4398 0.208
4399 0.239
4400 0
4401 0
4402 0.364
4403 0.021
4404 0.009
4405 0.002
4406 0.002
4407 0.001
4408 0.016
4409 0
4410 0.074
4411 0
4412 0.026
4413 0
4414 0
4415 0.125
4416 0
4417 0
4418 0.012
4419 0
4420 0.005
4421 0.486
4422 0.005
4423 0
4424 0.016
4425 0.004
4426 0.502
4427 0.643
4428 0.759
4429 0.797
4430 0.078
4431 0.008
4432 0.001
4433 0.074
4434 0
4435 0.092
4436 0.001
4437 0
4438 0.496
4439 0.104
4440 0
4441 0.005
4442 0.24
4443 0
4444 0.002
4445 0.393
4446 0
4447 0
4448 0.022
4449 0
4450 0.001
4451 0.426
4452 0.084
4453 0
4454 0.613
4455 0.034
4456 0.202
4457 0
4458 0.141
4459 0.062
4460 0.007
4461 0.055
4462 0.127
4463 0.008
4464 0.502
4465 0.528
4466 0.596
4467 0.086
4468 0.114
4469 0.069
4470 0.21
4471 0.007
4472 0
4473 0.002
4474 0.021
4475 0.246
4476 0.021
4477 0.037
4478 0
4479 0.002
4480 0.009
4481 0.003
4482 0
4483 0.207
4484 0
4485 0
4486 0.005
4487 0
4488 0
4489 0.004
4490 0.005
4491 0
4492 0
4493 0.003
4494 0.036
4495 0
4496 0
4497 0.617
4498 0.037
4499 0.432
4500 0.004
4501 0.324
4502 0.327
4503 0.188
4504 0.337
4505 0.044
4506 0.822
4507 0.153
4508 0.023
4509 0.012
4510 0.116
4511 0.032
4512 0
4513 0.005
4514 0.051
4515 0
4516 0
4517 0.003
4518 0.116
4519 0.169
4520 0.4
4521 0.01
4522 0.171
4523 0
4524 0.015
4525 0.567
4526 0.367
4527 0.42
4528 0.536
4529 0.022
4530 0.637
4531 0
4532 0.151
4533 0.011
4534 0
4535 0
4536 0.211
4537 0.01
4538 0
4539 0.007
4540 0.483
4541 0.002
4542 0.006
4543 0.163
4544 0
4545 0.83
4546 0.142
4547 0
4548 0.11
4549 0.018
4550 0.001
4551 0
4552 0.841
4553 0.388
4554 0.174
4555 0
4556 0.001
4557 0.027
4558 0
4559 0.021
4560 0.063
4561 0
4562 0.01
4563 0
4564 0.466
4565 0.004
4566 0
4567 0
4568 0
4569 0.164
4570 0.007
4571 0.001
4572 0
4573 0.047
4574 0
4575 0
4576 0.008
4577 0.008
4578 0.027
4579 0.014
4580 0
4581 0.002
4582 0.018
4583 0.002
4584 0.019
4585 0
4586 0.005
4587 0.657
4588 0.155
4589 0.105
4590 0.028
4591 0.001
4592 0.005
4593 0.717
4594 0.037
4595 0
4596 0.13
4597 0.022
4598 0
4599 0
4600 0
4601 0.186
4602 0.01
4603 0
4604 0.001
4605 0.018
4606 0.76
4607 0.234
4608 0.304
4609 0.006
4610 0.045
4611 0.124
4612 0.018
4613 0.605
4614 0.02
4615 0.369
4616 0
4617 0.003
4618 0.071
4619 0.001
4620 0.015
4621 0.522
4622 0.032
4623 0
4624 0.045
4625 0
4626 0
4627 0
4628 0.001
4629 0.003
4630 0
4631 0.197
4632 0
4633 0.107
4634 0
4635 0.004
4636 0.01
4637 0
4638 0.7
4639 0.003
4640 0.696
4641 0
4642 0.193
4643 0.002
4644 0.113
4645 0
4646 0.019
4647 0.043
4648 0
4649 0.744
4650 0.153
4651 0.546
4652 0.144
4653 0.002
4654 0.548
4655 0.144
4656 0.067
4657 0
4658 0
4659 0
4660 0.097
4661 0
4662 0.091
4663 0.257
4664 0.289
4665 0.205
4666 0
4667 0.008
4668 0.295
4669 0.206
4670 0.006
4671 0.609
4672 0.001
4673 0.093
4674 0
4675 0
4676 0.064
4677 0.65
4678 0.004
4679 0
4680 0.001
4681 0.166
4682 0.002
4683 0.13
4684 0.039
4685 0
4686 0.109
4687 0
4688 0
4689 0.029
4690 0
4691 0
4692 0.196
4693 0
4694 0.337
4695 0
4696 0
4697 0.054
4698 0.255
4699 0.01
4700 0.37
4701 0.006
4702 0.526
4703 0.022
4704 0
4705 0.202
4706 0.048
4707 0
4708 0.634
4709 0.05
4710 0
4711 0.013
4712 0.02
4713 0
4714 0.06
4715 0.651
4716 0.469
4717 0.337
4718 0.05
4719 0
4720 0.392
4721 0.001
4722 0
4723 0.005
4724 0
4725 0.021
4726 0.121
4727 0.495
4728 0.154
4729 0
4730 0
4731 0.019
4732 0.047
4733 0.01
4734 0.013
4735 0.083
4736 0.104
4737 0.189
4738 0.07
4739 0.419
4740 0
4741 0.308
4742 0.126
4743 0.005
4744 0
4745 0
4746 0
4747 0.014
4748 0.026
4749 0
4750 0.034
4751 0.008
4752 0.014
4753 0.028
4754 0.004
4755 0.503
4756 0.046
4757 0.007
4758 0.036
4759 0.001
4760 0.001
4761 0.014
4762 0.15
4763 0.003
4764 0.62
4765 0
4766 0.156
4767 0
4768 0.024
4769 0
4770 0
4771 0
4772 0.139
4773 0.418
4774 0.02
4775 0
4776 0.012
4777 0.748
4778 0.022
4779 0.06
4780 0.095
4781 0.001
4782 0.012
4783 0
4784 0
4785 0.006
4786 0.671
4787 0
4788 0.011
4789 0
4790 0
4791 0.237
4792 0
4793 0.001
4794 0
4795 0.068
4796 0
4797 0.025
4798 0
4799 0
4800 0
4801 0
4802 0.099
4803 0
4804 0
4805 0
4806 0.069
4807 0.013
4808 0
4809 0.001
4810 0.013
4811 0.002
4812 0
4813 0.36
4814 0.002
4815 0
4816 0
4817 0.011
4818 0.307
4819 0
4820 0
4821 0
4822 0.009
4823 0
4824 0.013
4825 0.712
4826 0
4827 0.009
4828 0
4829 0.068
4830 0.003
4831 0.136
4832 0.084
4833 0
4834 0.016
4835 0.68
4836 0.005
4837 0.879
4838 0.001
4839 0.213
4840 0
4841 0.014
4842 0
4843 0.049
4844 0.003
4845 0.001
4846 0.19
4847 0.003
4848 0.409
4849 0
4850 0.078
4851 0.015
4852 0.018
4853 0
4854 0
4855 0.007
4856 0
4857 0
4858 0
4859 0
4860 0.001
4861 0.367
4862 0.01
4863 0.073
4864 0
4865 0.003
4866 0.031
4867 0.476
4868 0.695
4869 0.007
4870 0.857
4871 0
4872 0.004
4873 0
4874 0
4875 0.001
4876 0.606
4877 0.078
4878 0
4879 0.007
4880 0.002
4881 0.533
4882 0.002
4883 0.005
4884 0.001
4885 0.019
4886 0.059
4887 0.002
4888 0.685
4889 0.009
4890 0.113
4891 0.098
4892 0.403
4893 0.003
4894 0.001
4895 0.182
4896 0
4897 0.018
4898 0
4899 0
4900 0.002
4901 0
4902 0.005
4903 0.026
4904 0.592
4905 0.005
4906 0.755
4907 0.375
4908 0.017
4909 0.065
4910 0.736
4911 0
4912 0.885
4913 0
4914 0.093
4915 0
4916 0.014
4917 0
4918 0.087
4919 0
4920 0.013
4921 0
4922 0.024
4923 0
4924 0.261
4925 0
4926 0.155
4927 0.041
4928 0.009
4929 0
4930 0.134
4931 0.007
4932 0.691
4933 0.115
4934 0.105
4935 0.002
4936 0.007
4937 0
4938 0.304
4939 0.413
4940 0.003
4941 0.705
4942 0.101
4943 0
4944 0.052
4945 0.134
4946 0
4947 0.127
4948 0
4949 0
4950 0
4951 0.632
4952 0.125
4953 0.102
4954 0
4955 0.001
4956 0.834
4957 0.239
4958 0.353
4959 0
4960 0.006
4961 0.488
4962 0.323
4963 0.411
4964 0.014
4965 0.44
4966 0.318
4967 0
4968 0.01
4969 0.001
4970 0.033
4971 0.074
4972 0.039
4973 0.169
4974 0.002
4975 0.016
4976 0.011
4977 0.2
4978 0
4979 0.002
4980 0
4981 0.018
4982 0
4983 0
4984 0.387
4985 0.001
4986 0
4987 0.004
4988 0
4989 0.114
4990 0
4991 0.007
4992 0
4993 0.247
4994 0.015
4995 0.146
4996 0.372
4997 0.075
4998 0.006
4999 0
5000 0
