1 0.8140062
2 0.01333133
3 0.01223364
4 0.02704272
5 0.005755985
6 0.01270248
7 0.3476848
8 0.01315314
9 0.1200228
10 0.008783394
11 0.009580626
12 0.01515483
13 0.005803179
14 0.006255432
15 0.02240627
16 0.3079844
17 0.0146042
18 0.01040196
19 0.00966192
20 0.006374337
21 0.009853111
22 0.01183078
23 0.04499654
24 0.005824685
25 0.01500321
26 0.01375713
27 0.008508895
28 0.007883213
29 0.009803882
30 0.006350252
31 0.009176645
32 0.006602114
33 0.02995349
34 0.01584854
35 0.8306749
36 0.04094645
37 0.01295915
38 0.222349
39 0.01203844
40 0.09518837
41 0.05368708
42 0.017227
43 0.01197302
44 0.01678123
45 0.01547424
46 0.01392963
47 0.04718235
48 0.005388252
49 0.003843809
50 0.01955502
51 0.02612605
52 0.01663265
53 0.01432486
54 0.5773628
55 0.01853266
56 0.01404982
57 0.01983615
58 0.07452835
59 0.9940727
60 0.01370133
61 0.02016448
62 0.00731224
63 0.02287525
64 0.1658373
65 0.006136059
66 0.06162617
67 0.01039545
68 0.0129844
69 0.0046933
70 0.1258268
71 0.007564708
72 0.01295353
73 0.365486
74 0.006779482
75 0.008161369
76 0.6274754
77 0.009269907
78 0.007352065
79 0.01433187
80 0.01767967
81 0.005377632
82 0.01031976
83 0.03726577
84 0.004404212
85 0.01768415
86 0.00680068
87 0.00482756
88 0.02749926
89 0.006586291
90 0.0178798
91 0.003413239
92 0.01176307
93 0.02034438
94 0.003667454
95 0.004064055
96 0.9572038
97 0.02224892
98 0.0719285
99 0.01383702
100 0.0157109
101 0.008513682
102 0.008308428
103 0.4369068
104 0.01941363
105 0.01009508
106 0.0114548
107 0.006073046
108 0.004875398
109 0.01253042
110 0.04509934
111 0.006275779
112 0.01849468
113 0.006048433
114 0.03151669
115 0.0456108
116 0.01281887
117 0.01348494
118 0.01552555
119 0.01471313
120 0.02005039
121 0.2911221
122 0.007635319
123 0.01318037
124 0.3924072
125 0.01543663
126 0.01811681
127 0.05289295
128 0.005559101
129 0.753316
130 0.007961883
131 0.07052559
132 0.009563031
133 0.004876504
134 0.007495865
135 0.1577861
136 0.01272553
137 0.01774084
138 0.05675846
139 0.0552285
140 0.004223353
141 0.01237531
142 0.008762975
143 0.007407055
144 0.02659865
145 0.01207106
146 0.01365543
147 0.01207191
148 0.01312755
149 0.03096748
150 0.008420828
151 0.01230128
152 0.009505017
153 0.01696086
154 0.006597575
155 0.00526139
156 0.007798182
157 0.006401912
158 0.005492116
159 0.008663126
160 0.09566911
161 0.01495412
162 0.01487798
163 0.07728008
164 0.008945033
165 0.01730598
166 0.02771599
167 0.02789776
168 0.003589896
169 0.004755622
170 0.005600802
171 0.01489534
172 0.01403379
173 0.01391677
174 0.01160044
175 0.007649164
176 0.00146489
177 0.01777142
178 0.005437904
179 0.8675791
180 0.1023528
181 0.004001406
182 0.01843697
183 0.008305353
184 0.003896923
185 0.0117434
186 0.0156481
187 0.02123023
188 0.009362841
189 0.07237082
190 0.01645077
191 0.009406809
192 0.007759541
193 0.0161804
194 0.009868998
195 0.0060611
196 0.0180882
197 0.007796215
198 0.006788897
199 0.007354932
200 0.0150219
201 0.01099126
202 0.008209031
203 0.00911032
204 0.01746582
205 0.01088039
206 0.7886353
207 0.008771879
208 0.007304588
209 0.02638483
210 0.01586165
211 0.3841657
212 0.01493669
213 0.01272205
214 0.009235082
215 0.01497926
216 0.01872916
217 0.00866263
218 0.005785275
219 0.05064536
220 0.01338145
221 0.002869521
222 0.02690408
223 0.006554641
224 0.06248402
225 0.01438195
226 0.03188808
227 0.009622575
228 0.007516762
229 0.01442032
230 0.004419803
231 0.02952884
232 0.9458338
233 0.007974929
234 0.007272075
235 0.007826178
236 0.007043704
237 0.01767322
238 0.01076587
239 0.0123057
240 0.006222461
241 0.00103897
242 0.01261691
243 0.0288838
244 0.01468871
245 0.005305878
246 0.008996607
247 0.006026043
248 0.01207342
249 0.008382664
250 0.9173079
251 0.01518332
252 0.008380088
253 0.01276467
254 0.01508539
255 0.004568464
256 0.01265943
257 0.004122484
258 0.03427793
259 0.01480981
260 0.01889471
261 0.007331121
262 0.01199502
263 0.02028793
264 0.01249944
265 0.007453863
266 0.009487057
267 0.009939827
268 0.006175593
269 0.008556652
270 0.002354111
271 0.01247119
272 0.006917981
273 0.00909909
274 0.03540577
275 0.02325848
276 0.9846951
277 0.05839075
278 0.1597556
279 0.007691346
280 0.004963974
281 0.008275973
282 0.006676548
283 0.01168177
284 0.01312524
285 0.01310811
286 0.00851862
287 0.4300833
288 0.01204856
289 0.01603039
290 0.02330578
291 0.01359716
292 0.01316266
293 0.00914439
294 0.03247034
295 0.03232913
296 0.01030296
297 0.05466589
298 0.004261255
299 0.007922817
300 0.06726555
301 0.01472878
302 0.0007902432
303 0.006327067
304 0.01250079
305 0.01133797
306 0.004189016
307 0.03107642
308 0.00719234
309 0.02413008
310 0.0166168
311 0.01070933
312 0.16113
313 0.01182069
314 0.06274003
315 0.384887
316 0.04006984
317 0.03209234
318 0.02490968
319 0.002477207
320 0.01630883
321 0.01223855
322 0.002596709
323 0.01505637
324 0.009767618
325 0.01186019
326 0.008191315
327 0.0877509
328 0.5325646
329 0.01009451
330 0.007292865
331 0.008447432
332 0.01838397
333 0.02211778
334 0.009711168
335 0.1166323
336 0.01532604
337 0.01369437
338 0.02224219
339 0.009905195
340 0.1556255
341 0.01907105
342 0.04877264
343 0.1143007
344 0.009092715
345 0.003965375
346 0.013649
347 0.02284019
348 0.01035295
349 0.007735411
350 0.01501099
351 0.004895446
352 0.008436312
353 0.003805715
354 0.01601334
355 0.007489268
356 0.722675
357 0.01114044
358 0.006994533
359 0.01381826
360 0.005356985
361 0.04314686
362 0.01160081
363 0.04913065
364 0.005971249
365 0.00853071
366 0.005062549
367 0.01255736
368 0.03518249
369 0.02188762
370 0.02832045
371 0.02429439
372 0.00662924
373 0.01899741
374 0.03598767
375 0.008657493
376 0.01340021
377 0.009319798
378 0.004755746
379 0.01289361
380 0.02550464
381 0.03907847
382 0.004532067
383 0.001971654
384 0.008187033
385 0.02934405
386 0.02091901
387 0.0062881
388 0.01408885
389 0.01692873
390 0.01138787
391 0.01303101
392 0.1981113
393 0.008901532
394 0.006627536
395 0.01997884
396 0.02057606
397 0.01204644
398 0.006288298
399 0.01343804
400 0.02014702
401 0.002560506
402 0.1691663
403 0.006782972
404 0.006647339
405 0.006942483
406 0.1783913
407 0.00332439
408 0.008305488
409 0.02569609
410 0.0142287
411 0.009682753
412 0.03343559
413 0.01584813
414 0.4902133
415 0.03898251
416 0.01170793
417 0.008574771
418 0.01657578
419 0.007824533
420 0.005915586
421 0.01020714
422 0.008977372
423 0.00907674
424 0.01274922
425 0.9621324
426 0.008609516
427 0.007825259
428 0.02145258
429 0.007866898
430 0.00949106
431 0.007550643
432 0.0181156
433 0.007468536
434 0.01114445
435 0.01699272
436 0.021176
437 0.01424994
438 0.002891319
439 0.01555508
440 0.01578214
441 0.8750491
442 0.04004651
443 0.01306726
444 0.009379942
445 0.02083625
446 0.007799855
447 0.009879955
448 0.007457771
449 0.1346689
450 0.1205049
451 0.01140685
452 0.01539732
453 0.3439619
454 0.006815724
455 0.2268032
456 0.008126708
457 0.01087055
458 0.005855108
459 0.006760299
460 0.01290872
461 0.009303098
462 0.001422584
463 0.002133688
464 0.01205135
465 0.01964279
466 0.01475368
467 0.007502872
468 0.3381997
469 0.0531896
470 0.008511664
471 0.02395254
472 0.01064167
473 0.006968576
474 0.0153225
475 0.03319134
476 0.3520133
477 0.009146639
478 0.005843276
479 0.006472606
480 0.04707728
481 0.004835325
482 0.008320455
483 0.0134399
484 0.0383299
485 0.003551348
486 0.005046217
487 0.0138798
488 0.01306736
489 0.01373204
490 0.5412132
491 0.7322049
492 0.003664348
493 0.006357125
494 0.009122148
495 0.01312299
496 0.00614607
497 0.005116756
498 0.004368813
499 0.01567037
500 0.3248631
501 0.01585086
502 0.05663747
503 0.08492674
504 0.01405063
505 0.1148254
506 0.03645041
507 0.1157697
508 0.01340464
509 0.01090885
510 0.05845084
511 0.007704962
512 0.01475308
513 0.01492997
514 0.009942877
515 0.01658919
516 0.0172961
517 0.02869494
518 0.006557488
519 0.004588262
520 0.007641662
521 0.01930375
522 0.007638968
523 0.01141438
524 0.00494438
525 0.007949858
526 0.02059158
527 0.007520615
528 0.004575995
529 0.8760865
530 0.009033735
531 0.003486104
532 0.01690601
533 0.1202149
534 0.01441212
535 0.02266307
536 0.01309155
537 0.01734448
538 0.008678232
539 0.003436464
540 0.01463023
541 0.01155029
542 0.004821866
543 0.3489291
544 0.01199037
545 0.07393844
546 0.008034351
547 0.1710596
548 0.006377359
549 0.1321871
550 0.01346952
551 0.09095456
552 0.007465675
553 0.6469628
554 0.01272247
555 0.8147255
556 0.007669143
557 0.2590421
558 0.01325633
559 0.7780544
560 0.01050488
561 0.003063016
562 0.6093122
563 0.008181089
564 0.01260224
565 0.008271116
566 0.2066796
567 0.01458255
568 0.01262579
569 0.005001988
570 0.01267835
571 0.1940344
572 0.008207605
573 0.002584436
574 0.01198551
575 0.006506959
576 0.01662002
577 0.002451137
578 0.001850212
579 0.6823955
580 0.02021498
581 0.01111002
582 0.003961941
583 0.01583532
584 0.01464964
585 0.00873068
586 0.01004524
587 0.2106683
588 0.02006417
589 0.1061226
590 0.008409347
591 0.0151775
592 0.2504722
593 0.005253723
594 0.06175042
595 0.01177713
596 0.01446292
597 0.05989653
598 0.01237635
599 0.6553379
600 0.0399552
601 0.008744947
602 0.01379014
603 0.00808977
604 0.006411972
605 0.006387985
606 0.002330669
607 0.998277
608 0.01189695
609 0.07288684
610 0.02318034
611 0.0245059
612 0.01257173
613 0.05103096
614 0.0428393
615 0.01225761
616 0.7020493
617 0.007857561
618 0.00455497
619 0.006424936
620 0.01390222
621 0.5874121
622 0.008921722
623 0.08401616
624 0.007571062
625 0.04523436
626 0.008562118
627 0.0126801
628 0.01873006
629 0.01232679
630 0.01471889
631 0.02448855
632 0.00490969
633 0.04296554
634 0.02415175
635 0.003444436
636 0.09126225
637 0.05187701
638 0.1249939
639 0.04156238
640 0.01398642
641 0.1112035
642 0.03221321
643 0.003579824
644 0.03294822
645 0.005713297
646 0.01801934
647 0.0071778
648 0.01858741
649 0.003225921
650 0.008466036
651 0.01611314
652 0.009064171
653 0.01550872
654 0.01300532
655 0.007910689
656 0.01223927
657 0.2514235
658 0.1446611
659 0.01864475
660 0.008225117
661 0.003804348
662 0.003116135
663 0.4029491
664 0.01985046
665 0.016221
666 0.02650206
667 0.01392326
668 0.008998999
669 0.008992529
670 0.009171124
671 0.02803223
672 0.01297992
673 0.02017657
674 0.004170048
675 0.01287209
676 0.008260948
677 0.1663155
678 0.04767449
679 0.01215662
680 0.01537056
681 0.01814233
682 0.003151521
683 0.007862112
684 0.006325014
685 0.005952711
686 0.01342515
687 0.03681691
688 0.01533922
689 0.0210834
690 0.01873812
691 0.01558102
692 0.007621398
693 0.02210884
694 0.01637431
695 0.01421302
696 0.007400269
697 0.0092118
698 0.009918376
699 0.01160854
700 0.01373984
701 0.007996771
702 0.007153697
703 0.08446089
704 0.0772807
705 0.009657214
706 0.009835964
707 0.05809681
708 0.01274376
709 0.01333053
710 0.3930277
711 0.0026108
712 0.01273718
713 0.009953004
714 0.00677549
715 0.01437157
716 0.01108428
717 0.01787112
718 0.02484401
719 0.6819425
720 0.03183342
721 0.03015565
722 0.06069637
723 0.02064833
724 0.03939702
725 0.001275947
726 0.009110582
727 0.007142259
728 0.009897921
729 0.02706707
730 0.01506893
731 0.01499893
732 0.4317382
733 0.01374813
734 0.03634589
735 0.007622615
736 0.02614843
737 0.01274498
738 0.008271023
739 0.01605581
740 0.04078103
741 0.01293169
742 0.007711219
743 0.1048305
744 0.01402008
745 0.03350431
746 0.02042426
747 0.04251256
748 0.007604069
749 0.01194694
750 0.008851977
751 0.005813831
752 0.006868406
753 0.0189394
754 0.03017957
755 0.03534386
756 0.02165995
757 0.01200243
758 0.002912435
759 0.02016298
760 0.02912645
761 0.01829957
762 0.0161039
763 0.009576624
764 0.0162426
765 0.007398639
766 0.008441337
767 0.01479064
768 0.01456573
769 0.003176663
770 0.01515604
771 0.0135788
772 0.007593737
773 0.5435934
774 0.01127722
775 0.01192395
776 0.008178624
777 0.01889442
778 0.02419022
779 0.009624773
780 0.004737796
781 0.004299392
782 0.01878422
783 0.0161116
784 0.2905286
785 0.01057727
786 0.009466253
787 0.008329408
788 0.004547461
789 0.007048465
790 0.01127747
791 0.02824513
792 0.01091601
793 0.008616581
794 0.01118461
795 0.07491847
796 0.005590708
797 0.009626436
798 0.01621224
799 0.03916646
800 0.02281793
801 0.03251436
802 0.03417052
803 0.01510381
804 0.0144434
805 0.01095853
806 0.01107598
807 0.00683132
808 0.2014544
809 0.01429354
810 0.01790336
811 0.08553611
812 0.006763444
813 0.00352268
814 0.01561926
815 0.006311476
816 0.4236859
817 0.01257496
818 0.003702243
819 0.02161606
820 0.01338423
821 0.02606247
822 0.01341701
823 0.01837825
824 0.06476414
825 0.003223245
826 0.005108257
827 0.5932071
828 0.006121999
829 0.009688924
830 0.006571489
831 0.01119339
832 0.009063141
833 0.006702853
834 0.03730186
835 0.009204247
836 0.0100078
837 0.002849193
838 0.00789671
839 0.005950483
840 0.005106394
841 0.008764571
842 0.01734378
843 0.7137188
844 0.00835548
845 0.02754257
846 0.01180896
847 0.003787714
848 0.008552723
849 0.006096267
850 0.01458416
851 0.003722476
852 0.006277038
853 0.005780638
854 0.009294155
855 0.005589972
856 0.01431622
857 0.009434203
858 0.008453232
859 0.004760225
860 0.01327276
861 0.929507
862 0.04916815
863 0.02106576
864 0.00827658
865 0.004198287
866 0.04718105
867 0.006755262
868 0.008242194
869 0.07885808
870 0.0163624
871 0.01057072
872 0.01081553
873 0.007702817
874 0.03662812
875 0.007737395
876 0.2299879
877 0.01323092
878 0.1375104
879 0.7371616
880 0.008945141
881 0.01345185
882 0.02745863
883 0.005916878
884 0.005292775
885 0.01522284
886 0.06431039
887 0.007494442
888 0.006112092
889 0.01300933
890 0.01257368
891 0.01390192
892 0.1136945
893 0.006032713
894 0.006023609
895 0.07879427
896 0.02950361
897 0.0142921
898 0.009940097
899 0.008798415
900 0.9931823
901 0.6631976
902 0.006061282
903 0.008285946
904 0.02623351
905 0.0007447613
906 0.007432692
907 0.01068177
908 0.007457485
909 0.02040464
910 0.07595754
911 0.01560435
912 0.008146908
913 0.08822548
914 0.002393064
915 0.02080937
916 0.006179266
917 0.01504264
918 0.00634775
919 0.007906249
920 0.03236677
921 0.7081687
922 0.195381
923 0.02134878
924 0.5527002
925 0.008031804
926 0.01463582
927 0.03435864
928 0.03475217
929 0.01919704
930 0.1122224
931 0.02865824
932 0.002945603
933 0.01651328
934 0.02302902
935 0.0102595
936 0.01523287
937 0.009467997
938 0.01593696
939 0.04605144
940 0.01476794
941 0.005832685
942 0.004852567
943 0.1215751
944 0.005059522
945 0.008419508
946 0.1211723
947 0.005865009
948 0.2305274
949 0.008807317
950 0.003974084
951 0.01637373
952 0.01285502
953 0.01054278
954 0.01339335
955 0.00755823
956 0.009709707
957 0.006537515
958 0.006861995
959 0.01580995
960 0.003524977
961 0.004479227
962 0.01206416
963 0.005508745
964 0.9130183
965 0.01068079
966 0.02885563
967 0.01784796
968 0.01201525
969 0.008910472
970 0.01155809
971 0.00863523
972 0.007396294
973 0.09651199
974 0.004339441
975 0.05208567
976 0.03043039
977 0.01868685
978 0.008547265
979 0.1476364
980 0.02034386
981 0.003411686
982 0.0144394
983 0.011153
984 0.01219504
985 0.01543172
986 0.01335852
987 0.02291981
988 0.004456667
989 0.838658
990 0.005175173
991 0.02041682
992 0.03343533
993 0.01400045
994 0.01165819
995 0.002438748
996 0.01414991
997 0.01303194
998 0.008029409
999 0.0582059
1000 0.01599206
1001 0.002804763
1002 0.01265071
1003 0.1482575
1004 0.5226692
1005 0.03243859
1006 0.01457467
1007 0.004854631
1008 0.00220485
1009 0.01424224
1010 0.02770282
1011 0.7575852
1012 0.01430105
1013 0.021353
1014 0.01615193
1015 0.01384292
1016 0.2824448
1017 0.03220577
1018 0.02216365
1019 0.0163328
1020 0.03213643
1021 0.01286415
1022 0.5930283
1023 0.005143182
1024 0.01363699
1025 0.0408085
1026 0.83185
1027 0.009979263
1028 0.01670181
1029 0.01708371
1030 0.006824476
1031 0.09355434
1032 0.008554041
1033 0.004701117
1034 0.02339948
1035 0.01301561
1036 0.01396946
1037 0.0100007
1038 0.008863881
1039 0.002017814
1040 0.005951178
1041 0.007084523
1042 0.04106151
1043 0.02236622
1044 0.00859429
1045 0.01219362
1046 0.01311159
1047 0.0007479177
1048 0.01366014
1049 0.005883096
1050 0.00380427
1051 0.0129113
1052 0.02311861
1053 0.008888729
1054 0.01920749
1055 0.005659065
1056 0.02027058
1057 0.01253994
1058 0.01097941
1059 0.007023738
1060 0.01228648
1061 0.1134493
1062 0.02460118
1063 0.01954883
1064 0.01583346
1065 0.009933613
1066 0.002662542
1067 0.009081996
1068 0.01236652
1069 0.01297479
1070 0.006382521
1071 0.01167217
1072 0.0116507
1073 0.01186264
1074 0.01746905
1075 0.01702398
1076 0.0200274
1077 0.02706108
1078 0.007568408
1079 0.01299574
1080 0.02022231
1081 0.004260879
1082 0.04648167
1083 0.01221512
1084 0.008400257
1085 0.01218
1086 0.01522725
1087 0.03965518
1088 0.02200176
1089 0.06636032
1090 0.02743068
1091 0.005768475
1092 0.005406768
1093 0.009991685
1094 0.01326243
1095 0.5892828
1096 0.01200704
1097 0.002829368
1098 0.008346391
1099 0.01289902
1100 0.352012
1101 0.01529759
1102 0.007399244
1103 0.0214581
1104 0.2559591
1105 0.4233665
1106 0.05968148
1107 0.01083538
1108 0.007936838
1109 0.008077393
1110 0.01629715
1111 0.003202387
1112 0.01380871
1113 0.006378557
1114 0.003320252
1115 0.01212864
1116 0.00757614
1117 0.002140297
1118 0.01601216
1119 0.01264313
1120 0.01389458
1121 0.03067205
1122 0.01359658
1123 0.00954398
1124 0.01369446
1125 0.02649874
1126 0.2395013
1127 0.007090363
1128 0.005768527
1129 0.03944149
1130 0.005567285
1131 0.584239
1132 0.01275588
1133 0.02905247
1134 0.007082793
1135 0.1445137
1136 0.007531987
1137 0.01501451
1138 0.2493887
1139 0.003829535
1140 0.004111843
1141 0.007126326
1142 0.01597786
1143 0.01211144
1144 0.00878366
1145 0.01443439
1146 0.8394395
1147 0.04296988
1148 0.0165164
1149 0.0173158
1150 0.01423328
1151 0.006219773
1152 0.01540144
1153 0.2999816
1154 0.02034154
1155 0.008455967
1156 0.01490008
1157 0.00747775
1158 0.008019264
1159 0.006113058
1160 0.004296153
1161 0.02113039
1162 0.01233889
1163 0.02626317
1164 0.02813562
1165 0.00868981
1166 0.01536898
1167 0.002682103
1168 0.01698969
1169 0.01377293
1170 0.01273433
1171 0.1211552
1172 0.9277639
1173 0.009481609
1174 0.004033187
1175 0.01343313
1176 0.005369212
1177 0.01263631
1178 0.01437948
1179 0.01602071
1180 0.9911629
1181 0.01873735
1182 0.007096267
1183 0.006053364
1184 0.01162185
1185 0.02250294
1186 0.00994822
1187 0.7866417
1188 0.008851188
1189 0.2155312
1190 0.1318536
1191 0.01227098
1192 0.004507524
1193 0.006941118
1194 0.750718
1195 0.02425474
1196 0.01388789
1197 0.0162574
1198 0.008395627
1199 0.02428477
1200 0.008327487
1201 0.01935388
1202 0.01204938
1203 0.2105426
1204 0.02616509
1205 0.01127362
1206 0.01302019
1207 0.001352912
1208 0.02445415
1209 0.00872155
1210 0.06862297
1211 0.7678085
1212 0.01530013
1213 0.003123327
1214 0.01638094
1215 0.06480996
1216 0.01873733
1217 0.003664656
1218 0.005475273
1219 0.0185075
1220 0.01462041
1221 0.03273962
1222 0.1975669
1223 0.003429304
1224 0.004823388
1225 0.03019476
1226 0.01000025
1227 0.6295879
1228 0.006416964
1229 0.006613934
1230 0.008739136
1231 0.01550584
1232 0.1911177
1233 0.02126583
1234 0.009541242
1235 0.006657348
1236 0.007919252
1237 0.01875792
1238 0.02027287
1239 0.006293962
1240 0.009181082
1241 0.02750824
1242 0.05188371
1243 0.009903521
1244 0.1320436
1245 0.01415158
1246 0.8326175
1247 0.007551067
1248 0.007427973
1249 0.009425089
1250 0.6419525
1251 0.01544889
1252 0.6183979
1253 0.008401521
1254 0.01152448
1255 0.001587947
1256 0.04821948
1257 0.2346931
1258 0.01921806
1259 0.01568633
1260 0.002578
1261 0.003122816
1262 0.008571003
1263 0.9856088
1264 0.04381029
1265 0.01347995
1266 0.1790639
1267 0.02519197
1268 0.06021545
1269 0.0123643
1270 0.01665296
1271 0.02350552
1272 0.007328886
1273 0.01549193
1274 0.01259803
1275 0.007914549
1276 0.006350739
1277 0.009844615
1278 0.04849761
1279 0.01569923
1280 0.00833464
1281 0.2879147
1282 0.02640055
1283 0.006139231
1284 0.01562845
1285 0.006239543
1286 0.01261662
1287 0.005245815
1288 0.00294163
1289 0.01452508
1290 0.003711666
1291 0.05710329
1292 0.01709299
1293 0.006209357
1294 0.01037974
1295 0.01343493
1296 0.01518693
1297 0.008020223
1298 0.003312399
1299 0.007639811
1300 0.4458035
1301 0.02192742
1302 0.2454041
1303 0.01369828
1304 0.01398933
1305 0.02350171
1306 0.01359218
1307 0.01040502
1308 0.008201809
1309 0.7128444
1310 0.01205398
1311 0.003033649
1312 0.01523951
1313 0.02879949
1314 0.4944636
1315 0.3531305
1316 0.002610872
1317 0.03522556
1318 0.0221201
1319 0.007626541
1320 0.02388589
1321 0.008144964
1322 0.005767203
1323 0.008270035
1324 0.01823028
1325 0.006509077
1326 0.04344159
1327 0.5539873
1328 0.008717206
1329 0.007720747
1330 0.01212387
1331 0.02040655
1332 0.01519942
1333 0.01671481
1334 0.0147159
1335 0.01283498
1336 0.001835526
1337 0.0701693
1338 0.1696708
1339 0.003360943
1340 0.01483928
1341 0.008126274
1342 0.01539181
1343 0.02249712
1344 0.009391488
1345 0.01095079
1346 0.01167924
1347 0.01063433
1348 0.006985405
1349 0.01326788
1350 0.008630422
1351 0.1809681
1352 0.01268063
1353 0.01817367
1354 0.03791281
1355 0.003827346
1356 0.006824594
1357 0.211493
1358 0.0181727
1359 0.1162105
1360 0.007785922
1361 0.04833713
1362 0.008570322
1363 0.8661373
1364 0.01279026
1365 0.008922049
1366 0.008863193
1367 0.02837003
1368 0.9528185
1369 0.01227363
1370 0.009208161
1371 0.01647369
1372 0.8755945
1373 0.05487778
1374 0.03104527
1375 0.01273828
1376 0.03808727
1377 0.01566257
1378 0.2249341
1379 0.009547961
1380 0.009247363
1381 0.008468384
1382 0.0192413
1383 0.01136091
1384 0.01791659
1385 0.01127712
1386 0.007292559
1387 0.04931366
1388 0.008056023
1389 0.01068531
1390 0.01447791
1391 0.01268679
1392 0.00558348
1393 0.004939905
1394 0.01134186
1395 0.03973871
1396 0.05502536
1397 0.009908715
1398 0.00308212
1399 0.01711053
1400 0.1084621
1401 0.2455475
1402 0.004353638
1403 0.02116073
1404 0.01369186
1405 0.0213479
1406 0.009097234
1407 0.00630185
1408 0.009103241
1409 0.01527065
1410 0.008110044
1411 0.02632281
1412 0.02103712
1413 0.006127053
1414 0.77804
1415 0.0146568
1416 0.01502922
1417 0.7521319
1418 0.6031638
1419 0.02732186
1420 0.05635829
1421 0.01332623
1422 0.007981848
1423 0.02504811
1424 0.1867724
1425 0.03788795
1426 0.005451347
1427 0.01844762
1428 0.009199489
1429 0.01822334
1430 0.007775245
1431 0.1710397
1432 0.00774802
1433 0.01450268
1434 0.01338648
1435 0.01766213
1436 0.007098901
1437 0.005829255
1438 0.006548622
1439 0.05276831
1440 0.01449743
1441 0.009734714
1442 0.1150034
1443 0.8451343
1444 0.001703526
1445 0.06178291
1446 0.007241526
1447 0.01320447
1448 0.02249766
1449 0.01083923
1450 0.01252832
1451 0.01442794
1452 0.004650066
1453 0.9744037
1454 0.005002192
1455 0.01400128
1456 0.02531701
1457 0.00841709
1458 0.007051222
1459 0.01546415
1460 0.0100309
1461 0.01218766
1462 0.05138675
1463 0.02777604
1464 0.006296869
1465 0.06807688
1466 0.3318646
1467 0.01578458
1468 0.008236302
1469 0.009483117
1470 0.005120883
1471 0.237484
1472 0.01241921
1473 0.02937721
1474 0.007457547
1475 0.01872726
1476 0.01750531
1477 0.007752058
1478 0.008460403
1479 0.01236648
1480 0.02400309
1481 0.01231668
1482 0.007409253
1483 0.004757831
1484 0.0013627
1485 0.1064307
1486 0.8581602
1487 0.01925759
1488 0.01313924
1489 0.007891443
1490 0.01254917
1491 0.0158767
1492 0.6647579
1493 0.002127891
1494 0.0252031
1495 0.01856815
1496 0.007153819
1497 0.03246979
1498 0.01082242
1499 0.01246913
1500 0.004443574
1501 0.008617503
1502 0.006281173
1503 0.009533067
1504 0.05299759
1505 0.004050059
1506 0.01449717
1507 0.02148266
1508 0.01080042
1509 0.009486754
1510 0.01134298
1511 0.00684305
1512 0.0301998
1513 0.01845541
1514 0.01444926
1515 0.009322469
1516 0.1152508
1517 0.0120029
1518 0.02558906
1519 0.01410724
1520 0.004182504
1521 0.01124672
1522 0.005628919
1523 0.007633074
1524 0.1511838
1525 0.1579209
1526 0.01280267
1527 0.01187325
1528 0.007422834
1529 0.006352568
1530 0.001460971
1531 0.01642214
1532 0.02705644
1533 0.005807468
1534 0.810416
1535 0.02251909
1536 0.004715541
1537 0.01590203
1538 0.002174793
1539 0.01998626
1540 0.009162089
1541 0.01495267
1542 0.01624622
1543 0.003078661
1544 0.02109097
1545 0.01377924
1546 0.01595469
1547 0.003981505
1548 0.01824012
1549 0.0169463
1550 0.01174785
1551 0.005705056
1552 0.004878889
1553 0.01355387
1554 0.9845598
1555 0.04288302
1556 0.009873237
1557 0.01110236
1558 0.007840482
1559 0.007229119
1560 0.03936947
1561 0.01492305
1562 0.01176966
1563 0.007414016
1564 0.3280745
1565 0.0140841
1566 0.01208722
1567 0.6574085
1568 0.005669515
1569 0.006982944
1570 0.001093375
1571 0.006178875
1572 0.005720984
1573 0.0902351
1574 0.007362149
1575 0.01139511
1576 0.009755906
1577 0.004675135
1578 0.004821949
1579 0.02619935
1580 0.01324769
1581 0.03174886
1582 0.006192247
1583 0.4891908
1584 0.00767961
1585 0.008471703
1586 0.01499917
1587 0.4160446
1588 0.0115557
1589 0.008675324
1590 0.01144962
1591 0.8075804
1592 0.02042221
1593 0.01086749
1594 0.009462192
1595 0.008066991
1596 0.01740817
1597 0.007928507
1598 0.02858233
1599 0.001239028
1600 0.02082843
1601 0.05473463
1602 0.0295175
1603 0.01922562
1604 0.04498937
1605 0.03094287
1606 0.7754361
1607 0.007955781
1608 0.01181642
1609 0.03473819
1610 0.01381289
1611 0.03227684
1612 0.7957428
1613 0.004147141
1614 0.01704193
1615 0.01470798
1616 0.01178198
1617 0.02240955
1618 0.0186952
1619 0.008512524
1620 0.01928263
1621 0.0189097
1622 0.003095179
1623 0.00595888
1624 0.01854689
1625 0.01302431
1626 0.01233312
1627 0.01294627
1628 0.6975981
1629 0.02017108
1630 0.009880655
1631 0.005467771
1632 0.005454201
1633 0.01506918
1634 0.03362383
1635 0.02497889
1636 0.0141019
1637 0.7697566
1638 0.01329981
1639 0.004901856
1640 0.4500416
1641 0.01561659
1642 0.01066142
1643 0.8069759
1644 0.0346601
1645 0.008100518
1646 0.01054045
1647 0.00989526
1648 0.01305887
1649 0.01877663
1650 0.007532871
1651 0.01438527
1652 0.01267932
1653 0.01477992
1654 0.01345911
1655 0.02090309
1656 0.001922663
1657 0.01440223
1658 0.01564352
1659 0.008538611
1660 0.0009029999
1661 0.004262395
1662 0.003212896
1663 0.03621232
1664 0.0710724
1665 0.01492338
1666 0.02884477
1667 0.008569369
1668 0.01657799
1669 0.0113499
1670 0.3898998
1671 0.04677252
1672 0.01357151
1673 0.6787831
1674 0.005583856
1675 0.01488315
1676 0.01196268
1677 0.03110332
1678 0.01503753
1679 0.01020461
1680 0.006275494
1681 0.005644385
1682 0.007048935
1683 0.01473069
1684 0.005364453
1685 0.06901551
1686 0.00760101
1687 0.008592243
1688 0.004344768
1689 0.01669515
1690 0.009555128
1691 0.5637566
1692 0.01218177
1693 0.01407689
1694 0.01156325
1695 0.02308971
1696 0.006544757
1697 0.01197014
1698 0.01540306
1699 0.01492571
1700 0.1345577
1701 0.005352363
1702 0.007825472
1703 0.01557762
1704 0.08967669
1705 0.1112039
1706 0.007502065
1707 0.006342314
1708 0.006061575
1709 0.005592612
1710 0.01298839
1711 0.0173419
1712 0.06245893
1713 0.003128579
1714 0.007869578
1715 0.0129799
1716 0.1020088
1717 0.004248364
1718 0.007862966
1719 0.0070149
1720 0.00930843
1721 0.07483216
1722 0.01198386
1723 0.009122333
1724 0.02606625
1725 0.01214241
1726 0.005790802
1727 0.007065671
1728 0.007193762
1729 0.9695957
1730 0.005919422
1731 0.08120311
1732 0.08026877
1733 0.01217295
1734 0.01017473
1735 0.007002331
1736 0.3254209
1737 0.000158433
1738 0.01259298
1739 0.009874652
1740 0.06358877
1741 0.01019392
1742 0.01641716
1743 0.02229856
1744 0.00744982
1745 0.004564279
1746 0.007378937
1747 0.01298452
1748 0.01420325
1749 0.09481362
1750 0.007944464
1751 0.02728485
1752 0.01427154
1753 0.01220277
1754 0.01071945
1755 0.05611002
1756 0.02118745
1757 0.01044687
1758 0.1217641
1759 0.01895692
1760 0.1794562
1761 0.007353225
1762 0.04050295
1763 0.01190004
1764 0.09602589
1765 0.008264197
1766 0.1751447
1767 0.0008289813
1768 0.08107706
1769 0.02151443
1770 0.006577143
1771 0.007876501
1772 0.008386835
1773 0.01984399
1774 0.01031971
1775 0.01379898
1776 0.006379924
1777 0.009413157
1778 0.00773785
1779 0.008091463
1780 0.1206806
1781 0.01554481
1782 0.04666893
1783 0.008220577
1784 0.01243704
1785 0.08343425
1786 0.01217857
1787 0.03836013
1788 0.007193945
1789 0.1364376
1790 0.007246496
1791 0.09027823
1792 0.01193096
1793 0.008176947
1794 0.004194323
1795 0.01119109
1796 0.1692295
1797 0.04425495
1798 0.03505148
1799 0.01475948
1800 0.008262416
1801 0.002001169
1802 0.0156966
1803 0.01113077
1804 0.0118762
1805 0.004079683
1806 0.01242883
1807 0.007198439
1808 0.1041421
1809 0.01326653
1810 0.003210664
1811 0.001585897
1812 0.01490917
1813 0.01677808
1814 0.01323137
1815 0.02370896
1816 0.05146137
1817 0.01369338
1818 0.01970206
1819 0.01579483
1820 0.02580514
1821 0.01748446
1822 0.009058111
1823 0.003703779
1824 0.003188249
1825 0.007323091
1826 0.9008205
1827 0.007970883
1828 0.01235845
1829 0.01236521
1830 0.01545077
1831 0.00706765
1832 0.0115849
1833 0.01737837
1834 0.03552072
1835 0.006620048
1836 0.005110849
1837 0.003455704
1838 0.006877791
1839 0.01528943
1840 0.004221873
1841 0.004675221
1842 0.009228552
1843 0.03811899
1844 0.004909078
1845 0.006202711
1846 0.01370087
1847 0.01431701
1848 0.01480377
1849 0.01695884
1850 0.01700962
1851 0.01686639
1852 0.3924038
1853 0.04729447
1854 0.007401227
1855 0.009028571
1856 0.007740486
1857 0.008046959
1858 0.003594893
1859 0.03637663
1860 0.5995852
1861 0.1586912
1862 0.009513071
1863 0.1382432
1864 0.01169418
1865 0.02808984
1866 0.007816975
1867 0.01479016
1868 0.03124509
1869 0.009292244
1870 0.01991603
1871 0.0227759
1872 0.006108616
1873 0.1576282
1874 8.634618e-05
1875 0.01109028
1876 0.005539579
1877 0.01436774
1878 0.008364722
1879 0.008571713
1880 0.08085229
1881 0.007993907
1882 0.0003481343
1883 0.00934106
1884 0.01860965
1885 0.00486872
1886 0.01959573
1887 0.01653474
1888 0.006441767
1889 0.01307824
1890 0.2607144
1891 0.01931691
1892 0.01127717
1893 0.007867155
1894 0.0175306
1895 0.01421185
1896 0.01365615
1897 0.02439102
1898 0.3074598
1899 0.00727693
1900 0.01285986
1901 0.006532022
1902 0.0106808
1903 0.09036451
1904 0.006418827
1905 0.01869952
1906 0.01013796
1907 0.002858804
1908 0.01466924
1909 0.005653921
1910 0.1660526
1911 0.009404462
1912 0.03329661
1913 0.007508143
1914 0.01558416
1915 0.03905788
1916 0.1606995
1917 0.008903595
1918 0.01338308
1919 0.026374
1920 0.1055306
1921 0.008911055
1922 0.009334368
1923 0.009334103
1924 0.006460025
1925 0.01591242
1926 0.01173264
1927 0.02327426
1928 0.01558424
1929 0.01009084
1930 0.02724286
1931 0.01307196
1932 0.01119244
1933 0.008250301
1934 0.01534963
1935 0.05164572
1936 0.04927724
1937 0.2517816
1938 0.5814822
1939 0.008262347
1940 0.006885318
1941 0.009646035
1942 0.003614223
1943 0.02937577
1944 0.02211927
1945 0.01601955
1946 0.007443549
1947 0.01192162
1948 0.02615048
1949 0.8378882
1950 0.005395621
1951 0.0070268
1952 0.005914165
1953 0.9333153
1954 0.008391244
1955 0.004957786
1956 0.0704026
1957 0.01434276
1958 0.005796966
1959 0.002116912
1960 0.006678349
1961 0.02288308
1962 0.01424905
1963 0.01498914
1964 0.002549906
1965 0.01225032
1966 0.0109852
1967 0.005936869
1968 0.008164969
1969 0.008996758
1970 0.01272007
1971 0.006506598
1972 0.009114208
1973 0.8136081
1974 0.6330049
1975 0.01256399
1976 0.01106261
1977 0.02959263
1978 0.0130768
1979 0.01187617
1980 0.01379981
1981 0.01461868
1982 0.00796045
1983 0.01836231
1984 0.1368622
1985 0.02289904
1986 0.01063186
1987 0.005367377
1988 0.01371902
1989 0.01405114
1990 0.03065558
1991 0.02708031
1992 0.01199017
1993 0.1834171
1994 0.04101837
1995 0.03978428
1996 0.008800831
1997 0.02619917
1998 0.1152681
1999 0.01662062
2000 0.01248868
2001 0.01308178
2002 0.007202328
2003 0.01165022
2004 0.007701759
2005 0.02932993
2006 0.01985537
2007 0.09181914
2008 0.00900475
2009 0.4304833
2010 0.009384408
2011 0.01292718
2012 0.006014834
2013 0.01152667
2014 0.01121317
2015 0.02785936
2016 0.1557409
2017 0.0174159
2018 0.06550758
2019 0.02594256
2020 0.006958336
2021 0.01079153
2022 0.8622505
2023 0.01903476
2024 0.01356372
2025 0.02649746
2026 0.008978639
2027 0.005948051
2028 0.01494901
2029 0.02728932
2030 0.007685818
2031 0.004988295
2032 0.0052314
2033 0.9306616
2034 0.01321484
2035 0.006152131
2036 0.0203879
2037 0.01566225
2038 0.03816774
2039 0.01132575
2040 0.002813165
2041 0.005402535
2042 0.00888192
2043 0.01224381
2044 0.001304776
2045 0.008684984
2046 0.007979679
2047 0.06408069
2048 0.01163815
2049 0.01292123
2050 0.01154857
2051 0.4418787
2052 0.009087102
2053 0.03321113
2054 0.00746956
2055 0.01902215
2056 0.006533221
2057 0.003531399
2058 0.004684377
2059 0.009927273
2060 0.03005709
2061 0.01471036
2062 0.01027587
2063 0.01502344
2064 0.009152815
2065 0.003460663
2066 0.02084546
2067 0.5533428
2068 0.0385849
2069 0.02460826
2070 0.03457256
2071 0.01864084
2072 0.007874651
2073 0.00996332
2074 0.02882251
2075 0.01660413
2076 0.008601454
2077 0.3263626
2078 0.0148918
2079 0.005876356
2080 0.008119518
2081 0.01413296
2082 0.008762689
2083 0.001935856
2084 0.002247591
2085 0.02989149
2086 0.02500759
2087 0.009329359
2088 0.01050965
2089 0.006494309
2090 0.0134972
2091 0.02564425
2092 0.007518958
2093 0.02982295
2094 0.1369498
2095 0.01999113
2096 0.01552979
2097 0.007158393
2098 0.007740829
2099 0.007244031
2100 0.01396662
2101 0.01524898
2102 0.004941676
2103 0.009105
2104 0.09460781
2105 0.01115557
2106 0.4911747
2107 0.009809365
2108 0.008199486
2109 0.002558256
2110 0.009105598
2111 0.02190507
2112 0.005051184
2113 0.0149447
2114 0.07978187
2115 0.0173623
2116 0.006182387
2117 0.0217704
2118 0.005247896
2119 0.12039
2120 0.006345157
2121 0.01538749
2122 0.007476429
2123 0.02458799
2124 0.01755327
2125 0.006857879
2126 0.05813615
2127 0.0054679
2128 0.01371985
2129 0.0542898
2130 0.005889873
2131 0.01166309
2132 0.003942234
2133 0.01651229
2134 0.02099462
2135 0.01319089
2136 0.0121358
2137 0.01503427
2138 0.02451025
2139 0.006861523
2140 0.0292225
2141 0.01247775
2142 0.01597929
2143 0.009580404
2144 0.01620158
2145 0.01117829
2146 0.005643497
2147 0.0179915
2148 0.0189933
2149 0.006345401
2150 0.0222384
2151 0.009210539
2152 0.005058105
2153 0.01694153
2154 0.008101005
2155 0.009824339
2156 0.01202189
2157 0.01436465
2158 0.004428106
2159 0.0204024
2160 0.009354358
2161 0.816844
2162 0.006122568
2163 0.006413158
2164 0.007395241
2165 0.04351777
2166 0.01621171
2167 0.08385276
2168 0.03349673
2169 0.01456904
2170 0.02646958
2171 0.01346279
2172 0.008542899
2173 0.008744127
2174 0.001506771
2175 0.1134221
2176 0.006619025
2177 0.01889152
2178 0.01983383
2179 0.6984494
2180 0.01326952
2181 0.01895666
2182 0.006568134
2183 0.00610119
2184 0.01574655
2185 0.008199019
2186 0.1001455
2187 0.01798821
2188 0.01191791
2189 0.185114
2190 0.0040875
2191 0.01337328
2192 0.9726134
2193 0.004921194
2194 0.001953981
2195 0.01621635
2196 0.008654493
2197 0.03568769
2198 0.01357489
2199 0.6435399
2200 0.567601
2201 0.01839356
2202 0.005087753
2203 0.01128577
2204 0.008413084
2205 0.008802344
2206 0.001806181
2207 0.009320788
2208 0.01918134
2209 0.0186509
2210 0.006748679
2211 0.01747646
2212 0.02477724
2213 0.008833366
2214 0.01749574
2215 0.007552391
2216 0.1710494
2217 0.2161186
2218 0.07374738
2219 0.008829261
2220 0.01226964
2221 0.01481547
2222 0.008615
2223 0.2699391
2224 0.02167611
2225 0.01955086
2226 0.01097887
2227 0.006110186
2228 0.003182025
2229 0.02882546
2230 0.005991989
2231 0.002936275
2232 0.009248586
2233 0.06411293
2234 0.01232036
2235 0.0128342
2236 0.003072643
2237 0.02645061
2238 0.0002913515
2239 0.006521185
2240 0.008312955
2241 0.00813501
2242 0.01069429
2243 0.003924366
2244 0.833094
2245 0.009350904
2246 0.00572788
2247 0.01206181
2248 0.00523465
2249 0.01784178
2250 0.014112
2251 0.006613804
2252 0.02272584
2253 0.01221653
2254 0.00915048
2255 0.04749831
2256 0.01218218
2257 0.009523358
2258 0.004484201
2259 0.01795277
2260 0.01283548
2261 0.01395952
2262 0.01487221
2263 0.00848165
2264 0.01453089
2265 0.0075023
2266 0.001917752
2267 0.03310367
2268 0.01130473
2269 0.007050081
2270 0.02798544
2271 0.02059069
2272 0.2353004
2273 0.00669561
2274 0.01603362
2275 0.01494419
2276 0.03873769
2277 0.006577219
2278 0.01469688
2279 0.01586579
2280 0.01282072
2281 0.5455437
2282 0.01049519
2283 0.01583215
2284 0.2477104
2285 0.01748653
2286 0.008034067
2287 0.2280971
2288 0.005059756
2289 0.00821039
2290 0.00609214
2291 0.1896911
2292 0.02035889
2293 0.02901942
2294 0.008131145
2295 0.7186945
2296 0.00935053
2297 0.01542225
2298 0.008279979
2299 0.01231554
2300 0.007770537
2301 0.2538061
2302 0.002997656
2303 0.005221821
2304 0.09572421
2305 0.009938427
2306 0.009477809
2307 0.01134842
2308 0.4237118
2309 0.00715982
2310 0.8864252
2311 0.01785573
2312 0.006919843
2313 0.01890066
2314 0.1499083
2315 0.006295853
2316 0.6898555
2317 0.004560691
2318 0.01378347
2319 0.2971074
2320 0.03012154
2321 0.1453158
2322 0.01384921
2323 0.02531423
2324 0.01286202
2325 0.004357227
2326 0.2757889
2327 0.01521062
2328 0.004993465
2329 0.00807271
2330 0.005799769
2331 0.006881631
2332 0.00766403
2333 0.02170815
2334 0.01511
2335 0.03016781
2336 0.6256622
2337 0.2168717
2338 0.03709587
2339 0.01318464
2340 0.01250844
2341 0.08015192
2342 0.008480675
2343 0.01389273
2344 0.01816921
2345 0.0381368
2346 0.01069112
2347 0.009837504
2348 0.009293803
2349 0.00867923
2350 0.005465943
2351 0.009790038
2352 0.006485716
2353 0.0135318
2354 0.007271452
2355 0.007214736
2356 0.01258015
2357 0.04120795
2358 0.007440597
2359 0.007290588
2360 0.589094
2361 0.8310836
2362 0.005147244
2363 0.01680325
2364 0.01606142
2365 0.8670305
2366 0.01632456
2367 0.007509438
2368 0.01355372
2369 0.007472401
2370 0.006040069
2371 0.008471413
2372 0.01308596
2373 0.003626445
2374 0.02026295
2375 0.009435996
2376 0.006599725
2377 0.01127325
2378 0.01218302
2379 0.002225412
2380 0.02396849
2381 0.02562159
2382 0.07624758
2383 0.01550658
2384 0.1927005
2385 0.02507995
2386 0.02234927
2387 0.03131625
2388 0.007109375
2389 0.01885928
2390 0.003046595
2391 0.01191772
2392 0.007573762
2393 0.007759312
2394 0.01163079
2395 0.01100962
2396 0.02908025
2397 0.004003542
2398 0.01743261
2399 0.01469416
2400 0.001540695
2401 0.01228242
2402 0.9992088
2403 0.00430162
2404 0.007294267
2405 0.01948567
2406 0.01683652
2407 0.003409096
2408 0.9759617
2409 0.04938326
2410 0.01325775
2411 0.008730203
2412 0.01376429
2413 0.01492717
2414 0.01653635
2415 0.006331103
2416 0.01546333
2417 0.01711313
2418 0.005978248
2419 0.01191129
2420 0.01244614
2421 0.1287554
2422 0.4380951
2423 0.007483407
2424 0.05707131
2425 0.3474548
2426 0.01804296
2427 0.003881261
2428 0.3837657
2429 0.009337491
2430 0.003272411
2431 0.007165558
2432 0.06570729
2433 0.01834054
2434 0.078272
2435 0.01147576
2436 0.008613908
2437 0.01285392
2438 0.00860542
2439 0.008125413
2440 0.7442896
2441 0.006973867
2442 0.05101343
2443 0.004265922
2444 0.01810002
2445 0.01114957
2446 0.002996917
2447 0.008862347
2448 0.01399452
2449 0.01102962
2450 0.01654014
2451 0.01399787
2452 0.008610628
2453 0.007926024
2454 0.04075246
2455 0.01436532
2456 0.05127877
2457 0.01328743
2458 0.6117176
2459 0.006992948
2460 0.008809823
2461 0.01044468
2462 0.03988092
2463 0.144976
2464 0.004396855
2465 0.02257708
2466 0.01630028
2467 0.01285823
2468 0.03208905
2469 0.008458114
2470 0.6441493
2471 0.02300038
2472 0.004688451
2473 0.006390486
2474 0.1756093
2475 0.004297614
2476 0.01418334
2477 0.0153756
2478 0.01217889
2479 0.01620651
2480 0.01744824
2481 0.005575333
2482 0.01245472
2483 0.005211367
2484 0.04272604
2485 0.008684282
2486 0.0122496
2487 0.01305622
2488 0.4842084
2489 0.02337986
2490 0.007136643
2491 0.009356789
2492 0.009302192
2493 0.0224368
2494 0.01766044
2495 0.9141284
2496 0.0126576
2497 0.008036969
2498 0.006613293
2499 0.003157954
2500 0.01046373
2501 0.07045003
2502 0.02618312
2503 0.01510687
2504 0.006131713
2505 0.01257128
2506 0.00712615
2507 0.02331829
2508 0.02864428
2509 0.4898882
2510 0.005959368
2511 0.1118125
2512 0.0008867787
2513 0.01112773
2514 0.0129372
2515 0.4167898
2516 0.01420917
2517 0.01361692
2518 0.01721874
2519 0.02461482
2520 0.009345495
2521 0.4394244
2522 0.5435462
2523 0.01273828
2524 0.007591139
2525 0.00811721
2526 0.008759521
2527 0.005874441
2528 0.002149875
2529 0.70703
2530 0.001106125
2531 0.007425316
2532 0.008579975
2533 0.005195802
2534 0.01114674
2535 0.02672383
2536 0.009022441
2537 0.002356971
2538 0.3543568
2539 0.006343336
2540 0.007700953
2541 0.01019076
2542 0.01062545
2543 0.01554731
2544 0.009075954
2545 0.001903974
2546 0.006823119
2547 0.006196727
2548 0.01270344
2549 0.5680842
2550 0.01717808
2551 0.01276056
2552 0.01465727
2553 0.01289039
2554 0.005580526
2555 0.01135007
2556 0.007912869
2557 0.02011454
2558 0.003512102
2559 0.01830809
2560 0.01278106
2561 0.005423789
2562 0.4059076
2563 0.01752383
2564 0.009346994
2565 0.01338262
2566 0.08347455
2567 0.008764341
2568 0.01406448
2569 0.00701243
2570 0.01375041
2571 0.6801051
2572 0.7768637
2573 0.006118369
2574 0.1194616
2575 0.1536007
2576 0.01348328
2577 0.2474507
2578 0.007350514
2579 0.023891
2580 0.004036088
2581 0.01346608
2582 0.006866844
2583 0.03450394
2584 0.9287966
2585 0.04007574
2586 0.01297478
2587 0.01392504
2588 0.01699299
2589 0.01063137
2590 0.5329989
2591 0.009174072
2592 0.01812834
2593 0.0243797
2594 0.01330211
2595 0.01698078
2596 0.005183151
2597 0.1605461
2598 0.01097736
2599 0.008495549
2600 0.05732026
2601 0.004263647
2602 0.01681658
2603 0.007393395
2604 0.01802284
2605 0.01765184
2606 0.01425609
2607 0.01646201
2608 0.0166606
2609 0.009143208
2610 0.009990112
2611 0.009425045
2612 0.009279321
2613 0.02146682
2614 0.09743135
2615 0.01368722
2616 0.01408854
2617 0.02334072
2618 0.01401333
2619 0.009502611
2620 0.008709829
2621 0.2289965
2622 0.001883616
2623 0.01246097
2624 0.02115127
2625 0.01378936
2626 0.005091953
2627 0.008428025
2628 0.01349375
2629 0.9413472
2630 0.008400811
2631 0.005618999
2632 0.7752961
2633 0.01795073
2634 0.0145376
2635 0.03070501
2636 0.007590725
2637 0.01254049
2638 0.01408241
2639 0.01786289
2640 0.007726594
2641 0.009266502
2642 0.03046443
2643 0.008348535
2644 0.01809097
2645 0.4125151
2646 0.005900528
2647 0.02341692
2648 0.007777374
2649 0.01942913
2650 0.9800871
2651 0.005019946
2652 0.02144416
2653 0.01448943
2654 0.007662146
2655 0.01063554
2656 0.01694661
2657 0.06844898
2658 0.01674113
2659 0.005050661
2660 0.008593647
2661 0.02493198
2662 0.09637774
2663 0.003613827
2664 0.008337778
2665 0.007616829
2666 0.005482129
2667 0.03287513
2668 0.005512238
2669 0.009414125
2670 0.01668025
2671 0.008371077
2672 0.006519155
2673 0.02577073
2674 0.006307738
2675 0.008674058
2676 0.002505768
2677 0.009851762
2678 0.01464917
2679 0.004079283
2680 0.00642473
2681 0.006396903
2682 0.01935221
2683 0.007222151
2684 0.01733408
2685 0.006094135
2686 0.004868116
2687 0.01210532
2688 0.01890004
2689 0.01455013
2690 0.02447949
2691 0.013646
2692 0.01231243
2693 0.005723414
2694 0.003632031
2695 0.04024522
2696 0.0160952
2697 0.01073026
2698 0.00537691
2699 0.6476007
2700 0.01796244
2701 0.01500424
2702 0.03922871
2703 0.003306097
2704 0.06643579
2705 0.04321686
2706 0.01317103
2707 0.01372417
2708 0.01383712
2709 0.6184824
2710 0.01544018
2711 0.01223324
2712 0.01266913
2713 0.009496208
2714 0.822187
2715 0.0255279
2716 0.01439642
2717 0.009097685
2718 0.004423733
2719 0.006408005
2720 0.0341668
2721 0.09914427
2722 0.000413651
2723 0.009128918
2724 0.01122198
2725 0.03652281
2726 0.01022042
2727 0.006672884
2728 0.01720154
2729 0.02480653
2730 0.5598821
2731 0.01238306
2732 0.009697009
2733 0.1101517
2734 0.01296941
2735 0.004940764
2736 0.6543995
2737 0.7046157
2738 0.02374852
2739 0.01012493
2740 0.001638961
2741 0.01206845
2742 0.01620102
2743 0.008037121
2744 0.01261548
2745 0.01689621
2746 0.004478423
2747 0.01206109
2748 0.02985775
2749 0.01198016
2750 0.0149175
2751 0.006460908
2752 0.732671
2753 0.6792058
2754 0.08707267
2755 0.02816007
2756 0.003430947
2757 0.006628462
2758 0.01458947
2759 0.0009847584
2760 0.0080078
2761 0.01081605
2762 0.3209396
2763 0.02812224
2764 0.01010786
2765 0.01304138
2766 0.1114309
2767 0.3770086
2768 0.006903658
2769 0.01538339
2770 0.009391497
2771 0.003713551
2772 0.01236866
2773 0.005959736
2774 0.009734964
2775 0.01885417
2776 0.8585616
2777 0.0227881
2778 0.07688869
2779 0.8417778
2780 0.01392982
2781 0.008047658
2782 0.01000878
2783 0.02848848
2784 0.009048779
2785 0.01438337
2786 0.006165124
2787 0.01526665
2788 0.03482187
2789 0.009013442
2790 0.004453686
2791 0.05622053
2792 0.01436318
2793 0.006754036
2794 0.01348905
2795 0.006443388
2796 0.01462215
2797 0.0157125
2798 0.01212109
2799 0.008388762
2800 0.006174268
2801 0.01983789
2802 0.00794774
2803 0.004369639
2804 0.008108556
2805 0.05809669
2806 0.004316222
2807 0.006564145
2808 0.01185934
2809 0.006846304
2810 0.01217143
2811 0.004602401
2812 0.0121112
2813 0.00605051
2814 0.02987521
2815 0.8963257
2816 0.01278682
2817 0.03059275
2818 0.006074682
2819 0.05288915
2820 0.007963237
2821 0.01055195
2822 0.01378224
2823 0.0144715
2824 0.346239
2825 0.02651208
2826 0.009359646
2827 0.01715893
2828 0.01086192
2829 0.009826632
2830 0.007050742
2831 0.02229493
2832 0.01981567
2833 0.004414274
2834 0.008754868
2835 0.1687522
2836 0.006242228
2837 0.01171434
2838 0.008358804
2839 0.01225784
2840 0.006844495
2841 0.007348146
2842 0.003115084
2843 0.006219082
2844 0.064412
2845 0.007337704
2846 0.02044419
2847 0.0002757527
2848 0.007104667
2849 0.0165752
2850 0.04205354
2851 0.07765392
2852 0.01943382
2853 0.01578711
2854 0.009021552
2855 0.005594656
2856 0.0009491798
2857 0.007945043
2858 0.3354596
2859 0.6834096
2860 0.008167353
2861 0.00321964
2862 0.01538066
2863 0.03132702
2864 0.01447557
2865 0.001688747
2866 0.3984635
2867 0.01121408
2868 0.006803895
2869 0.02149131
2870 0.01163773
2871 0.004322042
2872 0.1439917
2873 0.02948842
2874 0.008306439
2875 0.01180658
2876 0.005956726
2877 0.006537597
2878 0.009841637
2879 0.2415266
2880 0.09695566
2881 0.0145048
2882 0.01362377
2883 0.01717605
2884 0.01523654
2885 0.2825993
2886 0.009005241
2887 0.01146975
2888 0.008436823
2889 0.008710149
2890 0.02714123
2891 0.01587788
2892 0.01265585
2893 0.02466171
2894 0.03525647
2895 0.007608209
2896 0.01001099
2897 0.4707087
2898 0.006367912
2899 0.01439688
2900 0.01590265
2901 0.8803506
2902 0.01419475
2903 0.01488994
2904 0.01510268
2905 0.01434456
2906 0.01265654
2907 0.0119911
2908 0.009530864
2909 0.1993254
2910 0.05528304
2911 0.01421099
2912 0.007004846
2913 0.008444394
2914 0.005742948
2915 0.008137425
2916 0.03111992
2917 0.005151482
2918 0.02186733
2919 0.0195117
2920 0.01287793
2921 0.009285232
2922 0.1986241
2923 0.01348498
2924 0.01140761
2925 0.01274083
2926 0.008621594
2927 0.01159496
2928 0.01270871
2929 0.01484348
2930 0.01444364
2931 0.007160304
2932 0.01808205
2933 0.02419259
2934 0.0002983825
2935 0.01713856
2936 0.06637319
2937 0.01044507
2938 0.04700778
2939 0.3849688
2940 0.4781933
2941 0.009675922
2942 0.2060135
2943 0.009377633
2944 0.01315722
2945 0.4706628
2946 0.003366798
2947 0.007750771
2948 0.01627201
2949 0.005019749
2950 0.00806065
2951 0.03528341
2952 0.008120922
2953 0.004760868
2954 0.0131779
2955 0.006462779
2956 0.01028212
2957 0.02291877
2958 0.001251226
2959 0.01607878
2960 0.008279055
2961 0.01191314
2962 0.6274123
2963 0.007776017
2964 0.3085837
2965 0.01078237
2966 0.01243404
2967 0.2271459
2968 0.02349569
2969 0.007167109
2970 0.0185182
2971 0.1585844
2972 0.01759454
2973 0.6783159
2974 0.008789805
2975 0.0294936
2976 0.007015154
2977 0.006642276
2978 0.8438919
2979 0.01970864
2980 0.002937306
2981 0.4608965
2982 0.006140071
2983 0.1762835
2984 0.02061575
2985 0.01259288
2986 0.0116993
2987 0.008978676
2988 0.005764663
2989 0.008553183
2990 0.6721388
2991 0.004804481
2992 0.01244497
2993 0.01433942
2994 0.003282731
2995 0.08016023
2996 0.1234122
2997 0.006009444
2998 0.0253035
2999 0.01232916
3000 0.01456025
3001 0.00795612
3002 0.0002355133
3003 0.01084274
3004 0.01432246
3005 0.6634483
3006 0.01214948
3007 0.01448797
3008 0.00772692
3009 0.02696555
3010 0.3037403
3011 0.009428863
3012 0.0126893
3013 0.008357696
3014 0.01194754
3015 0.04206813
3016 0.005318618
3017 0.0129477
3018 0.04746457
3019 0.005590867
3020 0.006135984
3021 0.0396096
3022 0.01064277
3023 0.009051876
3024 0.01210901
3025 0.008530787
3026 0.01275492
3027 0.007485933
3028 0.8310775
3029 0.01680305
3030 0.02068677
3031 0.01206747
3032 0.06909074
3033 0.0205963
3034 0.01772795
3035 0.00771011
3036 0.08526729
3037 0.01223452
3038 0.009251694
3039 0.02812601
3040 0.00843656
3041 0.04265351
3042 0.4455138
3043 0.02060702
3044 0.003025092
3045 0.0152694
3046 0.01553762
3047 0.01341207
3048 0.004767557
3049 0.008877626
3050 0.007190236
3051 0.01126027
3052 0.0268097
3053 0.03581009
3054 0.007024862
3055 0.005841294
3056 0.02493983
3057 0.01079438
3058 0.007434006
3059 0.0002324368
3060 0.005936524
3061 0.01114534
3062 0.009276672
3063 0.007195877
3064 0.006547386
3065 0.03369724
3066 0.1467944
3067 0.04128203
3068 0.2017481
3069 0.01308596
3070 0.5454224
3071 0.004627805
3072 0.004190827
3073 0.01488277
3074 0.2442047
3075 0.008082882
3076 0.007177135
3077 0.00701791
3078 0.02663829
3079 0.01354944
3080 0.9325447
3081 0.5551947
3082 0.9864857
3083 0.009599277
3084 0.008899223
3085 0.03621953
3086 0.002409597
3087 0.2513163
3088 0.008894242
3089 0.01900364
3090 0.6420936
3091 0.004855665
3092 0.008969973
3093 0.02472488
3094 0.0134787
3095 0.004257294
3096 0.007236689
3097 0.08532727
3098 0.008921184
3099 0.0066866
3100 0.01622952
3101 0.003232332
3102 0.1875684
3103 0.2665577
3104 0.01381423
3105 0.01159024
3106 0.009478557
3107 0.01634052
3108 0.01499135
3109 0.9605824
3110 0.01101037
3111 0.006522539
3112 0.04221494
3113 0.5023213
3114 0.00892987
3115 0.006395668
3116 0.0250268
3117 0.02091654
3118 0.3771074
3119 0.02276706
3120 0.01446118
3121 0.05316167
3122 0.006136807
3123 0.006525268
3124 0.960186
3125 0.2831422
3126 0.01223028
3127 0.006219783
3128 0.008842692
3129 0.07603447
3130 0.02782345
3131 0.01446349
3132 0.009180411
3133 0.01315562
3134 0.008765913
3135 0.01726282
3136 0.07743041
3137 0.007117791
3138 0.008887559
3139 0.0065831
3140 0.008396146
3141 0.01148948
3142 0.01245067
3143 0.1811856
3144 0.009959642
3145 0.01412575
3146 0.01437525
3147 0.02928735
3148 0.03870295
3149 0.006814372
3150 0.01458134
3151 0.01453818
3152 0.008876794
3153 0.7221756
3154 0.01305003
3155 0.005577374
3156 0.007351851
3157 0.01306205
3158 0.005864146
3159 0.009070431
3160 0.01836367
3161 0.003911859
3162 0.03686235
3163 0.001324381
3164 0.0171311
3165 0.02922156
3166 0.008612962
3167 0.01425274
3168 0.01966712
3169 0.01021734
3170 0.6473897
3171 0.00855859
3172 0.00775774
3173 0.009129125
3174 0.03191521
3175 0.01341512
3176 0.006190784
3177 0.004882325
3178 0.01908422
3179 0.004924499
3180 0.02199435
3181 0.007231656
3182 0.01701543
3183 0.01045049
3184 0.006286266
3185 0.006149176
3186 0.009029077
3187 0.01088655
3188 0.009958348
3189 0.4635511
3190 0.009420294
3191 0.003527717
3192 0.01642263
3193 0.007427434
3194 0.01375217
3195 0.008716152
3196 0.008836893
3197 0.00928495
3198 0.007535623
3199 0.004709802
3200 0.01337182
3201 0.05204011
3202 0.01429598
3203 0.06197075
3204 0.006018417
3205 0.1163681
3206 0.01551725
3207 0.242954
3208 0.001010548
3209 0.01303071
3210 0.02303164
3211 0.02183414
3212 0.05624911
3213 0.04251064
3214 0.005371373
3215 0.709308
3216 0.01355065
3217 0.008643307
3218 0.004418808
3219 0.01860984
3220 0.007007992
3221 0.01264459
3222 0.2019433
3223 0.01036945
3224 0.244382
3225 0.03673676
3226 0.005071675
3227 0.008866446
3228 0.001219628
3229 0.004243326
3230 0.005828568
3231 0.1074202
3232 0.01194937
3233 0.01241395
3234 0.006893184
3235 0.818671
3236 0.04612269
3237 0.217343
3238 0.01645342
3239 0.01324344
3240 0.009159208
3241 0.01461204
3242 0.06451114
3243 0.01054262
3244 0.004937121
3245 0.01521751
3246 0.005454775
3247 0.8024765
3248 0.0138623
3249 0.00925804
3250 0.01525469
3251 0.008230216
3252 0.01366013
3253 0.00337036
3254 0.004784444
3255 0.008107944
3256 0.00412316
3257 0.04411617
3258 0.004550323
3259 0.007389609
3260 0.01836102
3261 0.008535271
3262 0.01435442
3263 0.0313796
3264 0.01323775
3265 0.00742033
3266 0.003429789
3267 0.02240565
3268 0.0178588
3269 0.3483987
3270 0.01542763
3271 0.01101497
3272 0.03595257
3273 0.01478052
3274 0.0159838
3275 0.007106163
3276 0.0148892
3277 0.01142256
3278 0.008150926
3279 0.009515003
3280 0.2139377
3281 0.0113776
3282 0.153016
3283 0.01455496
3284 0.007582293
3285 0.01343395
3286 0.0192326
3287 0.02858285
3288 0.02534624
3289 0.010213
3290 0.00705456
3291 0.156176
3292 0.2205553
3293 0.007881725
3294 0.007118373
3295 0.9902028
3296 0.00540943
3297 0.02131717
3298 0.01611656
3299 0.008577442
3300 0.01214655
3301 0.01859213
3302 0.01265572
3303 0.005318607
3304 0.01394402
3305 0.008268451
3306 0.007655326
3307 0.57854
3308 0.05191895
3309 0.08748714
3310 0.0092857
3311 0.09954246
3312 0.01806613
3313 0.4244308
3314 0.136473
3315 0.008761478
3316 0.005299917
3317 0.01285019
3318 0.006172238
3319 0.01147963
3320 0.290133
3321 0.0286311
3322 0.8183926
3323 0.01511573
3324 0.00830851
3325 0.01131457
3326 0.008673875
3327 0.02656325
3328 0.01293214
3329 0.01623554
3330 0.01779768
3331 0.02487267
3332 0.4257244
3333 0.01328095
3334 0.009334438
3335 0.02561675
3336 0.02561562
3337 0.03215233
3338 0.01729992
3339 0.005425801
3340 0.008185106
3341 0.01202605
3342 0.3523424
3343 0.04627594
3344 0.01706409
3345 0.01542902
3346 0.00568415
3347 0.0009361945
3348 0.008461114
3349 0.008650261
3350 0.008515949
3351 0.0790331
3352 0.01468538
3353 0.02115591
3354 0.004423485
3355 0.007590208
3356 0.0151009
3357 0.03550087
3358 0.06389617
3359 0.003848201
3360 0.007391599
3361 0.01782582
3362 0.008246495
3363 0.008540275
3364 0.117912
3365 0.01098768
3366 0.02377427
3367 0.0114237
3368 0.02310215
3369 0.008922367
3370 0.08530553
3371 0.2001893
3372 0.009413919
3373 0.006855908
3374 0.05970761
3375 0.04302004
3376 0.6017036
3377 0.004999475
3378 0.01258073
3379 0.008472371
3380 0.01802785
3381 0.007183527
3382 0.01193758
3383 0.004306445
3384 0.05381628
3385 0.0120366
3386 0.01221672
3387 0.008814798
3388 0.02015615
3389 0.0298976
3390 0.02140244
3391 0.005186349
3392 0.009169323
3393 0.1588044
3394 0.009283508
3395 0.01786867
3396 0.005412063
3397 0.00625593
3398 0.9175607
3399 0.7677016
3400 0.004741366
3401 0.01306205
3402 0.008009498
3403 0.8390289
3404 0.01663311
3405 0.008689554
3406 0.01476723
3407 0.01178893
3408 0.009388085
3409 0.04666908
3410 0.005769218
3411 0.01946894
3412 0.003348183
3413 0.2507583
3414 0.01853378
3415 0.008450172
3416 0.1312381
3417 0.0930049
3418 0.006128717
3419 0.0185593
3420 0.009778642
3421 0.03890701
3422 0.03161583
3423 0.007478779
3424 0.009945788
3425 0.007349226
3426 0.07061551
3427 0.01265152
3428 0.01654294
3429 0.0074652
3430 0.02624865
3431 0.005865305
3432 0.004036269
3433 0.01250525
3434 0.3416985
3435 0.03654431
3436 0.01269556
3437 0.01185863
3438 0.009571852
3439 0.03191642
3440 0.03097553
3441 0.04831943
3442 0.02364547
3443 0.01872112
3444 0.01450028
3445 0.0194705
3446 0.01542431
3447 0.01461094
3448 0.02855704
3449 0.01386561
3450 0.007154004
3451 0.007710776
3452 0.005477829
3453 0.007483353
3454 0.0009485519
3455 0.09901268
3456 0.008667288
3457 0.02532558
3458 0.01577052
3459 0.1549552
3460 0.009158641
3461 0.02428591
3462 0.01093358
3463 0.02483127
3464 0.0138237
3465 0.2477564
3466 0.009203047
3467 0.009502692
3468 0.00844478
3469 0.008502048
3470 0.007278354
3471 0.006523212
3472 0.03229971
3473 0.006216999
3474 0.002873524
3475 0.01567197
3476 0.009118588
3477 0.01172359
3478 0.02521993
3479 0.007822948
3480 0.007434392
3481 0.03597588
3482 0.002392245
3483 0.04153263
3484 0.1087161
3485 0.1518051
3486 0.0219515
3487 0.005102886
3488 0.008833839
3489 0.009324033
3490 0.467262
3491 0.9010712
3492 0.007133548
3493 0.009030661
3494 0.009233179
3495 0.01292337
3496 0.09219475
3497 0.009141197
3498 0.01651054
3499 0.1003854
3500 0.01886486
3501 0.006220971
3502 0.01632308
3503 0.01990689
3504 0.0305739
3505 0.007733476
3506 0.006541779
3507 0.0708603
3508 0.1770753
3509 0.008083902
3510 0.004460473
3511 0.005752029
3512 0.2332301
3513 0.01892319
3514 0.5514108
3515 0.8469269
3516 0.01316606
3517 0.001143346
3518 0.01520212
3519 0.00483699
3520 0.239389
3521 0.01277912
3522 0.01425974
3523 0.01496371
3524 0.01154039
3525 0.008026708
3526 0.06426042
3527 0.01427977
3528 0.007952538
3529 0.0130825
3530 0.006122319
3531 0.0165759
3532 0.01387167
3533 0.01179384
3534 0.007492055
3535 0.0002498101
3536 0.01713624
3537 0.4357598
3538 0.7407306
3539 0.009121026
3540 0.01341572
3541 0.01567165
3542 0.006567745
3543 0.1867131
3544 0.01128662
3545 0.02451427
3546 0.00831923
3547 0.9379684
3548 0.4004751
3549 0.0118775
3550 0.02216102
3551 0.01324573
3552 0.04376162
3553 0.04674482
3554 0.03322063
3555 0.03209982
3556 0.01663189
3557 0.006437983
3558 0.07099694
3559 0.004332126
3560 0.03596082
3561 0.5624302
3562 0.01103875
3563 0.01662538
3564 0.009275486
3565 0.08358133
3566 0.02288142
3567 0.8073487
3568 0.007953417
3569 0.5952683
3570 0.8605472
3571 0.01999587
3572 0.05697096
3573 0.01934481
3574 0.02028726
3575 0.02162116
3576 0.0342461
3577 0.008112495
3578 0.002859656
3579 0.00876934
3580 0.1346981
3581 0.01587352
3582 0.01003553
3583 0.004300911
3584 0.01172859
3585 0.3215107
3586 0.01885602
3587 0.01572377
3588 0.0024471
3589 0.01490996
3590 0.01296269
3591 0.008927177
3592 0.01607322
3593 0.1094818
3594 0.01533127
3595 0.01372158
3596 0.01115451
3597 0.007669383
3598 0.006758716
3599 0.008052364
3600 0.01203447
3601 0.002948163
3602 0.008059509
3603 0.05137393
3604 0.1262344
3605 0.01653715
3606 0.004632965
3607 0.3398654
3608 0.005395547
3609 0.009071685
3610 0.005737285
3611 0.008945349
3612 0.008477753
3613 0.06679208
3614 0.01891654
3615 0.7714465
3616 0.0913223
3617 0.0137949
3618 0.008937921
3619 0.01536986
3620 0.01661801
3621 0.6917421
3622 0.01717377
3623 0.004361834
3624 0.791404
3625 0.01463863
3626 0.004468083
3627 0.01611387
3628 0.0139536
3629 0.008377402
3630 0.04398323
3631 0.006687285
3632 0.008031691
3633 0.1115972
3634 0.003646768
3635 0.0152135
3636 0.02910668
3637 0.6314066
3638 0.0584519
3639 0.007723205
3640 0.003089191
3641 0.02189423
3642 0.005365596
3643 0.003483881
3644 0.01185153
3645 0.003046836
3646 0.2058483
3647 0.009148782
3648 0.007177695
3649 0.002604383
3650 0.01074675
3651 0.006922791
3652 0.0228779
3653 0.00693481
3654 0.02152059
3655 0.0215682
3656 0.00921963
3657 0.01334829
3658 0.006479476
3659 0.008712843
3660 0.02392892
3661 0.009830636
3662 0.6124273
3663 0.01324035
3664 0.01736169
3665 0.01887317
3666 0.0008857421
3667 0.02803444
3668 0.5828518
3669 0.05988222
3670 0.004616268
3671 0.03558447
3672 0.03039053
3673 0.01231715
3674 0.01557022
3675 0.01707111
3676 0.01661321
3677 0.01254719
3678 0.006773082
3679 0.008390763
3680 0.02698073
3681 0.00390442
3682 0.007035461
3683 0.02793221
3684 0.04826272
3685 0.01206932
3686 0.009570452
3687 0.008985428
3688 0.004592566
3689 0.006796583
3690 0.1368086
3691 0.01394175
3692 0.0008556434
3693 0.02455773
3694 0.0318784
3695 0.02780289
3696 0.007615187
3697 0.01741127
3698 0.00811304
3699 0.008321318
3700 0.6985629
3701 0.002803319
3702 0.2061132
3703 0.01811247
3704 0.002760589
3705 0.008418236
3706 0.007032331
3707 0.136689
3708 0.8153093
3709 0.007176554
3710 0.009349462
3711 0.04294076
3712 0.008017268
3713 0.0127288
3714 0.007219405
3715 0.01969039
3716 0.02086138
3717 0.05909728
3718 0.01636886
3719 0.01653138
3720 0.002451854
3721 0.01587961
3722 0.451186
3723 0.03205455
3724 0.02568302
3725 0.01955657
3726 0.005468638
3727 0.006745314
3728 0.02008451
3729 0.02254695
3730 0.01123367
3731 0.01333824
3732 0.007443834
3733 0.01508133
3734 0.01981544
3735 0.006805895
3736 0.01511755
3737 0.01706115
3738 0.009463774
3739 0.01310789
3740 0.007229124
3741 0.01246057
3742 0.0121785
3743 0.01143353
3744 0.2792734
3745 0.1986956
3746 0.01920136
3747 0.009814784
3748 0.01052233
3749 0.00237411
3750 0.004165352
3751 0.01512083
3752 0.01234836
3753 0.01742991
3754 0.02532213
3755 0.00792554
3756 0.1663314
3757 0.02532663
3758 0.006330589
3759 0.01669379
3760 0.008249026
3761 0.01698087
3762 0.003972505
3763 0.01119828
3764 0.04248851
3765 0.0136333
3766 0.01248089
3767 0.1419332
3768 0.006513251
3769 0.9979808
3770 0.02451739
3771 0.01331102
3772 0.002543495
3773 0.009267753
3774 0.1539122
3775 0.05256107
3776 0.02142414
3777 0.009735375
3778 0.02016204
3779 0.00694056
3780 0.005199725
3781 0.009515494
3782 0.02259737
3783 0.04389338
3784 0.008027844
3785 0.006641138
3786 0.008975193
3787 0.1722639
3788 0.00780882
3789 0.009950821
3790 0.002359907
3791 0.01744238
3792 0.109701
3793 0.01255739
3794 0.004164203
3795 0.02573871
3796 0.006921848
3797 0.1837115
3798 0.01232776
3799 0.007813781
3800 0.006831243
3801 0.01697273
3802 0.002365824
3803 0.007899571
3804 0.009614252
3805 0.007125397
3806 0.0109629
3807 0.02210083
3808 0.005787617
3809 0.02890521
3810 0.01329047
3811 0.007537491
3812 0.08982235
3813 0.005595005
3814 0.0309413
3815 0.01343871
3816 0.005833112
3817 0.005158437
3818 0.02257802
3819 0.3981327
3820 0.01035074
3821 0.007289549
3822 0.5420986
3823 0.02437074
3824 0.01423354
3825 0.01297346
3826 0.0390312
3827 0.01344703
3828 0.2585534
3829 0.06488782
3830 0.001749567
3831 0.01285116
3832 0.000305826
3833 0.8338419
3834 0.01232103
3835 0.01635461
3836 0.0307426
3837 0.02434839
3838 0.1003147
3839 0.01502658
3840 0.0516038
3841 0.006922254
3842 0.01622755
3843 0.007728881
3844 0.00612914
3845 0.008559444
3846 0.02856481
3847 0.03434775
3848 0.002865482
3849 0.001459795
3850 0.004552646
3851 0.01436142
3852 0.1178966
3853 0.0175068
3854 0.03551681
3855 0.008764099
3856 0.8550558
3857 0.003138589
3858 0.005806597
3859 0.004555811
3860 0.01565892
3861 0.03059735
3862 0.007888295
3863 0.01218329
3864 0.01965632
3865 0.0008203357
3866 0.1621166
3867 0.03032922
3868 0.01062865
3869 0.007274608
3870 0.008072192
3871 0.2490069
3872 0.007202459
3873 0.6839303
3874 0.0132857
3875 0.01263896
3876 0.01678504
3877 0.01111619
3878 0.03606173
3879 0.005715704
3880 0.04491341
3881 0.008896717
3882 0.0118073
3883 0.0009306781
3884 0.01464791
3885 0.01548478
3886 0.008715491
3887 0.02356733
3888 0.007511355
3889 0.01296579
3890 0.01143121
3891 0.01370278
3892 0.003005635
3893 0.008842403
3894 0.01564561
3895 0.01316061
3896 0.02005042
3897 0.002581031
3898 0.007830128
3899 0.008693935
3900 0.01389636
3901 0.005922283
3902 0.008070151
3903 0.867819
3904 0.007704773
3905 0.01220307
3906 0.7522008
3907 0.005802844
3908 0.07092023
3909 0.0130792
3910 0.004978273
3911 0.0607877
3912 0.003420951
3913 0.00880836
3914 0.0143647
3915 0.008602569
3916 0.007047159
3917 0.009121633
3918 0.01558281
3919 0.01840963
3920 0.007796454
3921 0.00926854
3922 0.01385056
3923 0.1014916
3924 0.006671012
3925 0.006716231
3926 0.02562413
3927 0.2067635
3928 0.02096364
3929 0.03822688
3930 0.01432764
3931 0.2434876
3932 0.01457363
3933 0.01007097
3934 0.01599696
3935 0.009346643
3936 0.01329704
3937 0.0167553
3938 0.009845978
3939 0.02016397
3940 0.5993791
3941 0.8822379
3942 0.0111858
3943 0.01438546
3944 0.007122512
3945 0.00790272
3946 0.1867599
3947 0.0157574
3948 0.009251808
3949 0.01496319
3950 0.008100547
3951 0.005156938
3952 0.008283712
3953 0.002024448
3954 0.01972277
3955 0.007740956
3956 0.006589322
3957 0.01209358
3958 0.009272292
3959 0.008066295
3960 0.004428529
3961 0.008122145
3962 0.01033948
3963 0.8482479
3964 0.01997409
3965 0.005223346
3966 0.017288
3967 0.01319003
3968 0.005999431
3969 0.003707578
3970 0.01844572
3971 0.005542345
3972 0.02338538
3973 0.02487609
3974 0.008600724
3975 0.008417971
3976 0.00251703
3977 0.008307745
3978 0.02337458
3979 0.004121381
3980 0.00638728
3981 0.01611222
3982 0.2891485
3983 0.3777815
3984 0.004313867
3985 0.01853174
3986 0.009741052
3987 0.1616211
3988 0.007798635
3989 0.7443625
3990 0.002721509
3991 0.0465975
3992 0.02713489
3993 0.7664881
3994 0.008169304
3995 0.00699821
3996 0.01435137
3997 0.06402501
3998 0.01281465
3999 0.01370109
4000 0.01632623
4001 0.01737317
4002 0.03362362
4003 0.0199903
4004 0.4136473
4005 0.01384571
4006 0.05345527
4007 0.01315729
4008 0.4114943
4009 0.009471149
4010 0.01301615
4011 0.04637034
4012 0.01235627
4013 0.004928952
4014 0.01271404
4015 0.1417085
4016 0.01285726
4017 0.02356746
4018 0.006288663
4019 0.9826685
4020 0.02585179
4021 0.007222917
4022 0.6354916
4023 0.007201863
4024 0.339382
4025 0.02438823
4026 0.01820127
4027 0.01668933
4028 0.007969373
4029 0.01397696
4030 0.1606685
4031 0.0135969
4032 0.746982
4033 0.008873787
4034 0.052103
4035 0.02283671
4036 0.008379836
4037 0.005633068
4038 0.07032414
4039 0.01226182
4040 0.005298767
4041 0.01071462
4042 0.0162773
4043 0.01230771
4044 0.02357617
4045 0.02047294
4046 0.02938719
4047 0.01595267
4048 0.01302396
4049 0.01666295
4050 0.01912216
4051 0.01142726
4052 0.001594969
4053 0.01508042
4054 0.01721363
4055 0.08395416
4056 0.7699507
4057 0.1310806
4058 0.1822772
4059 0.003887526
4060 0.03067234
4061 0.004249657
4062 0.0029657
4063 0.009469992
4064 0.004570579
4065 0.03694594
4066 0.01291824
4067 0.01617469
4068 0.8939284
4069 0.01274752
4070 0.1917007
4071 0.00813315
4072 0.1577067
4073 0.01932862
4074 0.009066572
4075 0.01673579
4076 0.02039728
4077 0.1685893
4078 0.01638366
4079 0.3622381
4080 0.02679733
4081 0.007247631
4082 0.01266418
4083 0.008280437
4084 0.01110951
4085 0.01470907
4086 0.007809128
4087 0.01381098
4088 0.01671292
4089 0.01739323
4090 0.005253655
4091 0.006120926
4092 0.007717085
4093 0.007688734
4094 0.01408431
4095 0.8196485
4096 0.4505968
4097 0.01832997
4098 0.006687495
4099 0.007550348
4100 0.007174241
4101 0.1568336
4102 0.2793502
4103 0.01813176
4104 0.009019947
4105 0.07065887
4106 0.04318317
4107 0.02487924
4108 0.811626
4109 0.01403568
4110 0.009950333
4111 0.1347423
4112 0.01573027
4113 0.00853778
4114 0.9562802
4115 0.006810644
4116 0.007893273
4117 0.00461605
4118 0.007367673
4119 0.01441498
4120 0.01188262
4121 0.007482317
4122 0.007461983
4123 0.002222915
4124 0.01185072
4125 0.01168367
4126 0.01859978
4127 0.01920923
4128 0.003679537
4129 0.00500643
4130 0.0176607
4131 0.1844881
4132 0.01801851
4133 0.008723238
4134 0.03875087
4135 0.04061174
4136 0.002343123
4137 0.007758339
4138 0.005634789
4139 0.01003807
4140 0.01437626
4141 0.1738551
4142 0.002083
4143 0.009701817
4144 0.007428168
4145 0.0118643
4146 0.01711348
4147 0.01317307
4148 0.0922119
4149 0.007989121
4150 0.01286835
4151 0.04538356
4152 0.03297911
4153 0.01180155
4154 0.006233737
4155 0.0005368301
4156 0.005416309
4157 0.0133911
4158 0.004857116
4159 0.01301196
4160 0.01813299
4161 0.03459614
4162 0.008832722
4163 0.01624173
4164 0.002451615
4165 0.1564861
4166 0.3871661
4167 0.01370215
4168 0.000226683
4169 0.003914422
4170 0.01289516
4171 0.006990889
4172 0.01303599
4173 0.2007821
4174 0.01726499
4175 0.0211096
4176 0.00199859
4177 0.009378559
4178 0.01180653
4179 0.02575941
4180 0.009572259
4181 0.0007493178
4182 0.0889761
4183 0.02730063
4184 0.03622013
4185 0.01566585
4186 0.01920052
4187 0.005898739
4188 0.006964971
4189 0.01584044
4190 0.0009576755
4191 0.01846317
4192 0.003420426
4193 0.01505945
4194 0.001980324
4195 0.01237252
4196 0.02269772
4197 0.9374197
4198 0.1980301
4199 0.02535934
4200 0.01845803
4201 0.01372964
4202 0.01458114
4203 0.009101383
4204 0.004565448
4205 0.006501198
4206 0.01285609
4207 0.01819453
4208 0.01469208
4209 0.007274044
4210 0.0227139
4211 0.007878205
4212 0.01170723
4213 0.002936255
4214 0.002722774
4215 0.0486176
4216 0.008738674
4217 0.007693519
4218 0.04497788
4219 0.008702743
4220 0.01067739
4221 0.01562021
4222 0.006304188
4223 0.5358242
4224 0.2920328
4225 0.0154193
4226 0.01157078
4227 0.007326939
4228 0.01209835
4229 0.01161215
4230 0.0166401
4231 0.008087759
4232 0.005615862
4233 0.007401846
4234 0.009481925
4235 0.01433661
4236 0.01315993
4237 0.007812587
4238 0.2033021
4239 0.004353948
4240 0.01249618
4241 0.01083737
4242 0.008050455
4243 0.01162786
4244 0.02376469
4245 0.01570584
4246 0.00100562
4247 0.9139882
4248 0.009515733
4249 0.008488852
4250 0.008055983
4251 0.0367175
4252 0.009572639
4253 0.01296964
4254 0.007395989
4255 0.0121655
4256 0.00928221
4257 0.8561931
4258 0.003080832
4259 0.02700623
4260 0.3479279
4261 0.01634891
4262 0.4031332
4263 0.01351213
4264 0.003684957
4265 0.006314835
4266 0.009703617
4267 0.02720996
4268 0.01760344
4269 0.9473463
4270 0.0240037
4271 0.006777961
4272 0.03772943
4273 0.1707307
4274 0.00774975
4275 0.02185563
4276 0.01199942
4277 0.01847112
4278 0.01016244
4279 0.007180456
4280 0.007246484
4281 0.06417962
4282 0.08404711
4283 0.01801144
4284 0.009592253
4285 0.008467336
4286 0.007414335
4287 0.009452798
4288 0.02171902
4289 0.012934
4290 0.008683287
4291 0.0164959
4292 0.08981009
4293 0.001599249
4294 0.007454353
4295 0.01584784
4296 0.00844307
4297 0.00660222
4298 0.02229599
4299 0.01953967
4300 0.0127658
4301 0.007462392
4302 0.01126574
4303 0.01481961
4304 0.01309567
4305 0.008357214
4306 0.00805079
4307 0.008686795
4308 0.009597024
4309 0.007776068
4310 0.0590672
4311 0.02269717
4312 0.02363447
4313 0.08335984
4314 0.02679142
4315 0.01919438
4316 0.01562829
4317 0.007935833
4318 0.006065311
4319 0.01849695
4320 0.007811148
4321 0.00102034
4322 0.006073084
4323 0.01237601
4324 0.2364099
4325 0.006185253
4326 0.00500638
4327 0.006530244
4328 0.01286142
4329 0.02611214
4330 0.01816159
4331 0.004756929
4332 0.007251345
4333 0.009151898
4334 0.01214404
4335 0.09689888
4336 0.05706047
4337 0.01424132
4338 0.0151678
4339 0.01491032
4340 0.0142615
4341 0.04265846
4342 0.2474468
4343 0.01438974
4344 0.01293126
4345 0.003372903
4346 0.006725719
4347 0.2319304
4348 0.007773615
4349 0.01298154
4350 0.00814381
4351 0.01063627
4352 0.01536931
4353 0.01311989
4354 0.09191134
4355 0.1314585
4356 0.01342901
4357 0.01415489
4358 0.02303946
4359 0.008947969
4360 0.01449696
4361 0.0142074
4362 0.01332539
4363 0.007702533
4364 0.003884847
4365 0.01430079
4366 0.01278595
4367 0.01006049
4368 0.02526038
4369 0.01175035
4370 0.03277699
4371 0.02187199
4372 0.009070553
4373 0.01512582
4374 0.007686905
4375 0.005548967
4376 0.02780022
4377 0.01345775
4378 0.006844666
4379 0.01653417
4380 0.007261431
4381 0.009732699
4382 0.007490964
4383 0.01582107
4384 0.4781547
4385 0.1818058
4386 0.006116585
4387 0.007526339
4388 0.01539007
4389 0.01122839
4390 0.01284784
4391 0.0151892
4392 0.01746818
4393 0.0244416
4394 0.04165508
4395 0.00418028
4396 0.006197262
4397 0.07045044
4398 0.01122405
4399 0.01374186
4400 0.6330653
4401 0.009196189
4402 0.0092581
4403 0.005870676
4404 0.006639446
4405 0.03815445
4406 0.005511608
4407 0.006181367
4408 0.01018332
4409 0.001843115
4410 0.008572319
4411 0.003405649
4412 0.2282261
4413 0.008738305
4414 0.004098014
4415 0.006717815
4416 0.01200977
4417 0.01382541
4418 0.01479535
4419 0.004176764
4420 0.01439174
4421 0.01781203
4422 0.006039862
4423 0.009658447
4424 0.008222338
4425 0.01011158
4426 0.02337936
4427 0.00244964
4428 0.2717023
4429 0.004639579
4430 0.01402576
4431 0.00964275
4432 0.01660458
4433 0.006484974
4434 0.3423369
4435 0.00370478
4436 0.004618074
4437 0.004244619
4438 0.004673483
4439 0.04915695
4440 0.008960829
4441 0.0174391
4442 0.02418383
4443 0.01670364
4444 0.3842584
4445 0.00881812
4446 0.01273484
4447 0.0103452
4448 0.3075733
4449 0.008150306
4450 0.02735839
4451 0.01406007
4452 0.8039414
4453 0.005599179
4454 0.01517229
4455 0.008728095
4456 0.05275432
4457 0.4084829
4458 0.01284591
4459 0.0147586
4460 0.008588466
4461 0.00903352
4462 0.01027601
4463 0.00598802
4464 0.1230914
4465 0.9752556
4466 0.01216048
4467 0.01413681
4468 0.3401126
4469 0.01615682
4470 0.0568888
4471 0.01841199
4472 0.003721511
4473 0.01723446
4474 0.01563378
4475 0.2413591
4476 0.01161949
4477 0.009672763
4478 0.01738594
4479 0.5254982
4480 0.01516081
4481 0.003603653
4482 0.004928695
4483 0.03188414
4484 0.00885972
4485 0.00488552
4486 0.01210458
4487 0.01290177
4488 0.007652458
4489 0.00416413
4490 0.008607652
4491 0.01879562
4492 0.02682411
4493 0.636078
4494 0.009903759
4495 0.008648763
4496 0.004566182
4497 0.006456326
4498 0.01185975
4499 0.01292365
4500 0.003202273
4501 0.1811624
4502 0.008886524
4503 0.0137878
4504 0.2327019
4505 0.01895471
4506 0.03339649
4507 0.0113529
4508 0.01974214
4509 0.04365809
4510 0.01395652
4511 0.01161291
4512 0.008135579
4513 0.007012694
4514 0.5448375
4515 0.0273114
4516 0.01376127
4517 0.02090822
4518 0.01740074
4519 0.006005315
4520 0.01636277
4521 0.00666955
4522 0.3396351
4523 0.02998259
4524 0.01375608
4525 0.02082408
4526 0.007687077
4527 0.01283695
4528 0.0146345
4529 0.006321915
4530 0.1865263
4531 0.05334068
4532 0.06482924
4533 0.01307888
4534 0.00646423
4535 0.00844198
4536 0.01342125
4537 0.008406539
4538 0.004845714
4539 0.01332747
4540 0.01752538
4541 0.01381629
4542 0.01409414
4543 0.01727979
4544 0.009038244
4545 0.02597853
4546 0.04146456
4547 0.01505932
4548 0.009871854
4549 0.01450637
4550 0.01615953
4551 0.0130011
4552 0.01973901
4553 0.01704069
4554 0.01576315
4555 0.0134828
4556 0.009958997
4557 0.007810486
4558 0.001832556
4559 0.3932594
4560 0.02563194
4561 0.01276618
4562 0.01362017
4563 0.01511358
4564 0.01266787
4565 0.08364084
4566 0.005621345
4567 0.01092996
4568 0.01374467
4569 0.008852505
4570 0.03067614
4571 0.004749773
4572 0.009053831
4573 0.04260897
4574 0.0118333
4575 0.009295098
4576 0.01100022
4577 0.007777884
4578 0.01711086
4579 0.04966426
4580 0.004197449
4581 0.007182184
4582 0.02458461
4583 0.008949305
4584 0.0075254
4585 0.02654912
4586 0.1132068
4587 0.01260132
4588 0.871429
4589 0.01269496
4590 0.009300756
4591 0.7221817
4592 0.01313067
4593 0.007724918
4594 0.02143351
4595 0.8043991
4596 0.01539536
4597 0.007414863
4598 0.01144088
4599 0.7364589
4600 0.002105817
4601 0.008691611
4602 0.342052
4603 0.03020213
4604 0.01572802
4605 0.00781433
4606 0.00839733
4607 0.0251728
4608 0.01275692
4609 0.02360414
4610 0.009305413
4611 0.009844371
4612 0.009375045
4613 0.01035188
4614 0.003572276
4615 0.01810689
4616 0.01036517
4617 0.03914675
4618 0.005515662
4619 0.08872236
4620 0.01331629
4621 0.009483663
4622 0.04073337
4623 0.006570837
4624 0.01475598
4625 0.01373429
4626 0.008987171
4627 0.01281255
4628 0.001859791
4629 0.01807564
4630 0.005804492
4631 0.009709614
4632 0.006686774
4633 0.01559834
4634 0.03409871
4635 0.01269845
4636 0.1136685
4637 0.1240228
4638 0.0157274
4639 0.005729495
4640 0.003556623
4641 0.1560645
4642 0.02133071
4643 0.03254794
4644 0.009912418
4645 0.007625477
4646 0.01198447
4647 0.007775828
4648 0.01195064
4649 0.002295326
4650 0.006495642
4651 0.004671142
4652 0.008857785
4653 0.01721591
4654 0.3288093
4655 0.05356101
4656 0.02182781
4657 0.06923116
4658 0.0174305
4659 0.04019591
4660 0.008415707
4661 0.0470309
4662 0.006292009
4663 0.005729091
4664 0.0382993
4665 0.007549307
4666 0.02185757
4667 0.03884017
4668 0.0219905
4669 0.06931547
4670 0.1113132
4671 0.9075024
4672 0.009177661
4673 0.003490177
4674 0.02968305
4675 0.02090113
4676 0.01569388
4677 0.609032
4678 0.01531158
4679 0.008257695
4680 0.02813553
4681 0.01631346
4682 0.007654469
4683 0.001515323
4684 0.004239967
4685 0.1133362
4686 0.00759066
4687 0.0019014
4688 0.01406596
4689 0.007802783
4690 0.005392179
4691 0.02534227
4692 0.002461829
4693 0.0334637
4694 0.007559461
4695 0.01340925
4696 0.006892766
4697 0.007859676
4698 0.01146211
4699 0.005642488
4700 0.005347229
4701 0.0126196
4702 0.01417926
4703 0.01388555
4704 0.03138922
4705 0.679532
4706 0.02951178
4707 0.007321613
4708 0.01386124
4709 0.004783165
4710 0.02053992
4711 0.02326128
4712 0.02908907
4713 0.05992584
4714 0.01479925
4715 0.03315278
4716 0.007130402
4717 0.1160763
4718 0.02361683
4719 0.00629948
4720 0.02995723
4721 0.02939444
4722 0.004986515
4723 0.006494107
4724 0.01796599
4725 0.01170014
4726 0.006616024
4727 0.006226217
4728 0.0135019
4729 0.007589784
4730 0.03001903
4731 0.01204103
4732 0.003377344
4733 0.1396502
4734 0.01517462
4735 0.01591464
4736 0.0145928
4737 0.007080861
4738 0.01152011
4739 0.02255559
4740 0.0114976
4741 0.008494903
4742 0.005498117
4743 0.01036179
4744 0.007047728
4745 0.01919736
4746 0.02237449
4747 0.0153631
4748 0.005960258
4749 0.01316136
4750 0.01630006
4751 0.05030855
4752 0.01517384
4753 0.02275116
4754 0.01987638
4755 0.03968312
4756 0.007576938
4757 0.001582998
4758 0.007544065
4759 0.01390937
4760 0.008348174
4761 0.01571015
4762 0.01576432
4763 0.01280846
4764 0.01235302
4765 0.08273668
4766 0.006284358
4767 0.01798982
4768 0.003095065
4769 0.006937412
4770 0.01272765
4771 0.007023221
4772 0.7986485
4773 0.008462714
4774 0.03577576
4775 0.4619087
4776 0.006976778
4777 0.02417232
4778 0.00885374
4779 0.01727974
4780 0.1706547
4781 0.4659457
4782 0.01845369
4783 0.01758588
4784 0.01606344
4785 0.02352339
4786 0.005226451
4787 0.007996184
4788 0.005640294
4789 0.009246597
4790 0.01517641
4791 0.01308254
4792 0.02314505
4793 0.01580608
4794 0.09714105
4795 0.01953187
4796 0.003467894
4797 0.01207607
4798 0.4040528
4799 0.006143799
4800 0.4769235
4801 0.5419897
4802 0.01903465
4803 0.008420846
4804 0.269617
4805 0.01167705
4806 0.004828792
4807 0.005477588
4808 0.004106653
4809 0.005283459
4810 0.004349892
4811 0.01923633
4812 0.005760198
4813 0.01437301
4814 0.00768959
4815 0.03352632
4816 0.8773586
4817 0.0161931
4818 0.01291967
4819 0.005634507
4820 0.005511864
4821 0.03246897
4822 0.007727854
4823 0.09238349
4824 0.01316011
4825 0.006047773
4826 0.0109449
4827 0.01616759
4828 0.01666114
4829 0.01421409
4830 0.01276962
4831 0.04016767
4832 0.006522137
4833 0.01974064
4834 0.01271303
4835 0.006021294
4836 0.02355597
4837 0.01451668
4838 0.02753169
4839 0.007767526
4840 0.0142427
4841 0.02131725
4842 0.007553949
4843 0.01141881
4844 0.01586321
4845 0.01228402
4846 0.006006616
4847 0.005952493
4848 0.002246702
4849 0.01526246
4850 0.01350359
4851 0.006509737
4852 0.754359
4853 0.006549295
4854 0.00794094
4855 0.3167505
4856 0.03124844
4857 0.003623276
4858 0.02357101
4859 0.008835551
4860 0.01583919
4861 0.009755112
4862 0.103653
4863 0.01294602
4864 0.008399788
4865 0.3774018
4866 0.01634139
4867 0.01678348
4868 0.0229653
4869 0.01902452
4870 0.4582547
4871 0.2288802
4872 0.03379547
4873 0.2426464
4874 0.006449111
4875 0.005135875
4876 0.2254517
4877 0.01428801
4878 0.1618263
4879 0.02428663
4880 0.006546396
4881 0.006603597
4882 0.5001251
4883 0.009694419
4884 0.008283159
4885 0.01083886
4886 0.008119758
4887 0.002402336
4888 0.009481219
4889 0.002471133
4890 0.004953987
4891 0.5136181
4892 0.9925691
4893 0.452303
4894 0.01716652
4895 0.0005264675
4896 0.03239947
4897 0.008418516
4898 0.01275299
4899 0.09546229
4900 0.736278
4901 0.02588153
4902 0.01423283
4903 0.01308649
4904 0.01176458
4905 0.01535387
4906 0.001437206
4907 0.01190794
4908 0.01334025
4909 0.4229969
4910 0.01133709
4911 0.008735516
4912 0.01931253
4913 0.002186397
4914 0.01117904
4915 0.02298394
4916 0.00956328
4917 0.02913887
4918 0.01856743
4919 0.01824109
4920 0.02133115
4921 0.01046915
4922 0.02345084
4923 0.003965914
4924 0.01084662
4925 0.01369131
4926 0.08728485
4927 0.0223793
4928 0.007488643
4929 0.006647033
4930 0.09567452
4931 0.01181373
4932 0.03370759
4933 0.8375767
4934 0.01486005
4935 0.01768684
4936 0.5769046
4937 0.007138438
4938 0.01309297
4939 0.02033753
4940 0.007129419
4941 0.007998098
4942 0.004227195
4943 0.01718082
4944 0.01935076
4945 0.00966246
4946 0.004017531
4947 0.02129843
4948 0.01067174
4949 0.254423
4950 0.007721504
4951 0.06176776
4952 0.001101113
4953 0.01518819
4954 0.1297974
4955 0.006722796
4956 0.007020599
4957 0.007913968
4958 0.01451536
4959 0.01247368
4960 0.004347061
4961 0.3013928
4962 0.008744589
4963 0.01704911
4964 0.01694432
4965 0.009471807
4966 0.008613489
4967 0.01620989
4968 0.006987135
4969 0.01903279
4970 0.01601451
4971 0.3458279
4972 0.008588442
4973 0.007717941
4974 0.02755712
4975 0.01358062
4976 0.04109739
4977 0.006348311
4978 0.0132807
4979 0.007193277
4980 0.006180988
4981 0.01464724
4982 0.4929848
4983 0.01412698
4984 0.007126203
4985 0.0478214
4986 0.02701863
4987 0.008453185
4988 0.01882568
4989 0.007120992
4990 0.004365464
4991 0.01346757
4992 0.015446
4993 0.02052297
4994 0.01489263
4995 0.04810832
4996 0.006283846
4997 0.05839323
4998 0.01333855
4999 0.0133467
5000 0.008137075
