1 0.01042211
2 0.0001733383
3 0.002890359
4 0.08902795
5 1.780242e-09
6 0.00155579
7 1.924144e-13
8 0.0001984688
9 2.065894e-12
10 0.0141945
11 6.315785e-07
12 3.11843e-05
13 0.01647602
14 6.14425e-06
15 0.00387345
16 0.6849448
17 4.050655e-09
18 0.2193479
19 3.21909e-12
20 0.001766863
21 0.0004675728
22 1.917006e-06
23 3.939795e-09
24 1.700592e-05
25 0.0005709888
26 4.399751e-10
27 1.262117e-14
28 3.859495e-09
29 0.1955474
30 0.05156995
31 0.04511578
32 0.1094236
33 2.145222e-06
34 6.888548e-12
35 0.1663707
36 0.0889795
37 0.004538234
38 0.005228883
39 2.787914e-05
40 7.696805e-10
41 0.01085379
42 0.6013872
43 0.5860532
44 0.06354533
45 1.771606e-07
46 7.732653e-08
47 0.6458519
48 2.823003e-10
49 0.4697904
50 0.005456244
51 0.01412656
52 0.2839091
53 1.693284e-05
54 3.846249e-05
55 0.003338918
56 0.08327741
57 2.038242e-07
58 0.04683812
59 0.2538704
60 1.092267e-24
61 0.00841582
62 3.817192e-12
63 0.4840087
64 1.121179e-05
65 0.3060802
66 6.418197e-06
67 2.473452e-06
68 0.170747
69 3.243159e-07
70 3.425941e-16
71 0.2412025
72 0.2503663
73 3.875992e-07
74 0.001190599
75 0.2954287
76 0.01253836
77 0.3313145
78 0.006238495
79 0.002235615
80 1.924042e-09
81 0.213878
82 0.03810504
83 0.003704164
84 0.5646392
85 0.2529705
86 0.08946613
87 9.973224e-06
88 0.0006218056
89 2.85154e-05
90 2.982131e-17
91 6.892524e-16
92 0.008026172
93 0.5256114
94 0.004631544
95 0.1800311
96 1.275207e-06
97 0.08096219
98 1.797806e-14
99 0.03359694
100 0.3858174
101 2.318341e-12
102 0.009379642
103 3.259916e-07
104 1.822235e-07
105 0.00123945
106 0.01081114
107 0.0002270201
108 0.5403939
109 0.005432166
110 6.119165e-10
111 0.5030899
112 5.491715e-09
113 0.02220889
114 2.738288e-05
115 0.003017488
116 0.000621025
117 0.5540263
118 0.03089145
119 0.001237753
120 0.001268821
121 7.13657e-07
122 0.03195689
123 5.954596e-05
124 0.004576418
125 0.02435706
126 0.04344066
127 0.855677
128 2.825575e-10
129 0.003381854
130 0.001484121
131 9.351744e-11
132 0.8977094
133 1.730305e-07
134 1.622052e-11
135 4.756825e-29
136 0.000120326
137 3.075653e-11
138 1.670287e-06
139 0.5458228
140 4.085845e-06
141 9.985032e-05
142 0.9343699
143 0.1564605
144 4.724196e-06
145 1.032199e-06
146 0.3237043
147 0.006804057
148 0.0005634717
149 0.04774461
150 1.583927e-09
151 0.2397122
152 3.687058e-05
153 0.03658269
154 0.003585907
155 0.237349
156 0.003458479
157 0.2176553
158 0.008124028
159 0.001649175
160 0.006350344
161 3.383042e-05
162 7.875943e-13
163 2.162945e-09
164 9.856321e-05
165 8.314067e-08
166 0.06030479
167 3.83033e-06
168 0.01470804
169 0.03179514
170 9.300482e-14
171 1.315251e-10
172 0.0002176428
173 2.108469e-19
174 0.485854
175 0.1213452
176 0.003692477
177 0.001392222
178 0.3352377
179 0.001757983
180 1.078564e-08
181 0.228689
182 0.09075859
183 0.4183255
184 0.03755151
185 1.227242e-06
186 6.184544e-13
187 0.5545014
188 0.02971805
189 5.515142e-07
190 0.3509638
191 0.6986352
192 2.651684e-09
193 0.01667933
194 5.605651e-10
195 1.480649e-13
196 1.499862e-06
197 0.7221052
198 2.289747e-05
199 0.2169697
200 6.875049e-06
201 0.9831618
202 0.2243817
203 0.06497488
204 0.02472725
205 0.0008254208
206 0.0002580364
207 1.31077e-06
208 0.04698813
209 0.09761889
210 0.0984529
211 0.0867605
212 5.349709e-06
213 3.350452e-09
214 3.886224e-11
215 0.1037801
216 0.003529132
217 0.7033095
218 4.156307e-06
219 0.3536907
220 0.0003078164
221 0.0001399618
222 8.971509e-05
223 0.347705
224 2.040734e-05
225 0.00029332
226 9.405518e-13
227 0.1627216
228 0.0001084413
229 2.064129e-07
230 0.2278417
231 0.8347782
232 0.0984008
233 6.871133e-06
234 0.000237567
235 1.696524e-06
236 1.989664e-05
237 0.03832988
238 0.3732384
239 4.397515e-12
240 0.00144282
241 0.00273353
242 0.5308106
243 0.06391983
244 0.01834059
245 1.05901e-17
246 0.1422507
247 0.003442595
248 1.561464e-06
249 6.869175e-09
250 0.8952821
251 1.346138e-07
252 0.003225004
253 0.1842218
254 1.74477e-05
255 6.920759e-08
256 0.0006787097
257 0.0003289309
258 0.04497723
259 0.9894362
260 0.005175318
261 7.322891e-08
262 7.135844e-09
263 6.896173e-06
264 5.313845e-05
265 7.642652e-07
266 2.116765e-08
267 0.005498054
268 0.0465135
269 7.356501e-24
270 0.03791662
271 0.0001056473
272 7.588882e-05
273 5.906192e-07
274 1.316955e-05
275 0.3494115
276 0.6441518
277 0.5070311
278 2.024734e-05
279 0.001828952
280 0.001568928
281 0.09914297
282 0.002568681
283 0.0004408791
284 1.483968e-08
285 0.02523838
286 6.050358e-10
287 0.0003278268
288 0.0006749925
289 0.433538
290 7.227088e-09
291 6.776946e-09
292 0.0001026448
293 0.2846091
294 0.0004162161
295 0.646035
296 0.04975277
297 4.309314e-08
298 0.0006523844
299 3.015698e-10
300 2.319314e-06
301 0.006290722
302 0.2577288
303 0.03989495
304 0.1455288
305 1.496415e-05
306 0.1716713
307 0.0005379573
308 0.3916484
309 0.5085306
310 0.01530284
311 0.6639275
312 0.01671514
313 0.000862322
314 0.001136323
315 0.01257891
316 0.007657175
317 1.00248e-07
318 0.008243497
319 9.065932e-10
320 0.001087415
321 0.02786395
322 7.116717e-05
323 4.131686e-05
324 1.092481e-20
325 0.0203541
326 0.1144293
327 0.0001189624
328 0.6430385
329 0.9401416
330 7.639463e-05
331 9.990954e-06
332 0.4328946
333 0.0002345101
334 0.01799837
335 0.004403557
336 8.268961e-14
337 6.368227e-08
338 4.766778e-09
339 0.007334897
340 0.1478903
341 1.042501e-07
342 1.570403e-05
343 0.0008223174
344 0.1834672
345 0.2441747
346 0.2630088
347 0.01665269
348 2.239793e-05
349 2.861016e-05
350 1.25281e-06
351 0.01878768
352 0.001051727
353 0.5057946
354 0.0001121602
355 2.954818e-05
356 2.306168e-06
357 4.149963e-06
358 5.054696e-07
359 0.2133612
360 0.003558982
361 2.592086e-09
362 0.0001514761
363 1.078907e-05
364 3.434926e-08
365 0.008779148
366 0.03647077
367 2.086833e-08
368 0.2254654
369 0.02193676
370 0.0236642
371 0.08352727
372 0.1305752
373 1.768945e-05
374 0.004867879
375 0.365443
376 0.0002342479
377 0.01777172
378 1.954859e-12
379 0.0005426263
380 6.379969e-07
381 0.08299577
382 8.976999e-05
383 0.003418906
384 0.02771565
385 0.3164993
386 0.5027062
387 0.0003209639
388 0.05915541
389 0.01957833
390 0.2809094
391 0.01059962
392 0.1660519
393 0.008161581
394 8.362433e-06
395 1.862874e-05
396 0.04699858
397 1.06391e-08
398 0.2899739
399 0.0009953968
400 0.7705191
401 0.0009571147
402 0.0001154775
403 4.370574e-06
404 6.932692e-06
405 1.271181e-13
406 0.01821872
407 6.164831e-15
408 0.5443115
409 3.555269e-10
410 6.751272e-06
411 0.07598679
412 1.681815e-12
413 3.225297e-07
414 0.3153963
415 3.310389e-12
416 0.8246959
417 0.1017437
418 3.47842e-07
419 9.553659e-05
420 0.00604243
421 5.628885e-05
422 0.0004614354
423 2.640409e-07
424 1.314493e-06
425 3.627139e-11
426 9.096535e-14
427 0.7180551
428 0.634998
429 1.13563e-11
430 0.09778689
431 0.1383267
432 0.002404967
433 0.01251696
434 0.09097702
435 0.000223564
436 0.002184595
437 9.832944e-06
438 4.16949e-07
439 0.03987498
440 0.002790978
441 7.420923e-07
442 0.1402831
443 0.05859533
444 0.01446081
445 6.109981e-14
446 0.4223375
447 6.163614e-08
448 0.0006737965
449 5.15497e-06
450 1.617461e-06
451 1.327041e-05
452 0.6402359
453 7.646904e-05
454 0.009250529
455 0.0002378261
456 0.6714452
457 0.1288022
458 4.521563e-07
459 0.001619291
460 0.001977775
461 0.003557963
462 0.0008093033
463 6.65335e-05
464 0.005071879
465 1.69964e-07
466 3.410806e-07
467 0.367257
468 0.07383408
469 5.68763e-12
470 0.1089596
471 0.003503682
472 0.1736974
473 0.008093438
474 0.000102544
475 0.8738501
476 0.1122203
477 0.02222351
478 0.0129567
479 1.836025e-09
480 5.368012e-05
481 0.1245148
482 0.02342513
483 3.271215e-09
484 0.000299883
485 0.009367947
486 1.260402e-07
487 0.0003565246
488 8.964935e-06
489 0.0002930463
490 0.04820603
491 0.05466313
492 2.443613e-13
493 0.1473906
494 1.889294e-06
495 5.824888e-05
496 0.3185703
497 2.11637e-09
498 0.0001332783
499 0.03578886
500 0.0002414059
501 0.002687805
502 0.05342421
503 0.7705153
504 0.0005752414
505 7.190086e-06
506 0.0006282657
507 0.1013718
508 0.004416797
509 0.00293598
510 0.02261883
511 0.04465317
512 6.392465e-13
513 4.424723e-10
514 0.9257684
515 2.910553e-07
516 0.1226389
517 0.07553483
518 0.1031871
519 0.0008889631
520 0.01925308
521 1.167543e-06
522 1.429289e-17
523 0.0009492087
524 1.97363e-10
525 0.6047958
526 0.1591952
527 1.352921e-11
528 0.06240455
529 0.9955002
530 0.05259809
531 0.2043929
532 0.1000787
533 2.655319e-11
534 0.01910279
535 1.363089e-09
536 0.8089847
537 0.1720229
538 0.002463848
539 0.8972417
540 5.589008e-05
541 1.752264e-05
542 2.313361e-06
543 2.344733e-06
544 0.003111091
545 2.375392e-16
546 0.04617344
547 6.714481e-07
548 0.6259256
549 5.841996e-06
550 7.408964e-06
551 2.521454e-09
552 6.658286e-07
553 0.8295055
554 0.001369767
555 1.176602e-05
556 0.1749445
557 0.2805439
558 0.05411221
559 7.01094e-10
560 0.1778624
561 0.001246463
562 0.8832589
563 0.01529086
564 0.0001898567
565 0.0693978
566 3.450907e-09
567 0.2165256
568 0.7698005
569 0.01614739
570 0.9611288
571 0.0005901267
572 0.0003039203
573 0.008354008
574 0.02687936
575 1.694136e-06
576 0.05824731
577 0.05582503
578 0.004292736
579 4.389803e-08
580 1.510768e-13
581 0.4247731
582 0.003557556
583 0.01560343
584 2.221379e-06
585 0.002893943
586 0.001372369
587 3.831044e-08
588 3.056131e-11
589 0.4582212
590 3.834356e-05
591 1.981732e-15
592 2.924531e-06
593 2.796906e-06
594 4.245035e-10
595 3.832985e-12
596 7.218687e-11
597 0.3950941
598 0.1165784
599 1.130966e-06
600 8.431536e-08
601 1.655074e-08
602 0.006031346
603 0.01035886
604 0.008282558
605 0.0005018029
606 0.002747314
607 0.07650311
608 6.903946e-05
609 4.250895e-08
610 0.02508625
611 0.077757
612 6.807784e-08
613 0.07369919
614 0.274194
615 0.1625745
616 0.2853934
617 2.322948e-06
618 0.005254817
619 0.8860367
620 0.1779262
621 0.006800436
622 0.1426494
623 0.2650986
624 0.1236809
625 0.0174771
626 0.4833885
627 0.0947995
628 0.3400464
629 0.4332549
630 0.01535279
631 0.0005191486
632 0.1577205
633 1.012485e-21
634 3.253518e-08
635 2.585864e-05
636 0.5135403
637 0.1313092
638 4.241465e-10
639 1.127789e-11
640 6.503514e-08
641 8.982858e-07
642 0.001011952
643 0.04053224
644 0.2242364
645 6.825433e-07
646 0.002933282
647 0.0001777868
648 1.400847e-08
649 1.312417e-05
650 0.03109313
651 0.007536526
652 0.8751586
653 0.004695361
654 0.6126046
655 0.02222926
656 6.956545e-07
657 0.007707967
658 2.556649e-05
659 1.557763e-06
660 1.190939e-06
661 0.7107973
662 3.514937e-11
663 7.535706e-07
664 0.0003225889
665 7.084995e-06
666 0.2450455
667 4.052003e-07
668 0.004156592
669 0.002298856
670 0.1494041
671 7.267769e-05
672 0.005121538
673 6.339944e-09
674 0.00191293
675 0.0004230098
676 0.1523013
677 2.624357e-05
678 6.153762e-06
679 1.723176e-09
680 0.003273397
681 2.21304e-05
682 6.823719e-10
683 2.699164e-06
684 1.586852e-06
685 0.04405525
686 9.293973e-06
687 3.904118e-07
688 0.0001349555
689 0.07282112
690 0.3745025
691 0.005369346
692 1.950542e-05
693 2.44652e-07
694 0.0189265
695 0.06648913
696 0.04546774
697 0.0537496
698 5.656293e-07
699 0.0001568443
700 0.5317237
701 0.7373059
702 0.06602767
703 1.154889e-09
704 5.170926e-05
705 0.4468271
706 8.282084e-07
707 3.901705e-22
708 1.385986e-06
709 1.348908e-08
710 0.01218244
711 0.6707803
712 3.973675e-06
713 2.365873e-10
714 3.010073e-09
715 0.03233663
716 0.1531546
717 1.53029e-07
718 0.0003055418
719 0.0001804908
720 0.002224568
721 0.3100176
722 0.3530265
723 5.282913e-07
724 0.1405506
725 9.395493e-06
726 3.102815e-17
727 0.01166335
728 0.05567925
729 0.3421884
730 0.6122756
731 0.4257767
732 0.01928517
733 0.4839524
734 2.82168e-07
735 2.346756e-07
736 0.4427573
737 0.01034966
738 0.08719755
739 0.0003089484
740 0.3007616
741 0.03173469
742 2.145095e-06
743 0.00189988
744 2.054371e-12
745 0.06087027
746 0.02692836
747 0.2281778
748 0.3003441
749 0.01043712
750 0.01733301
751 0.001259599
752 0.008963779
753 6.380081e-06
754 6.242502e-05
755 0.0003313048
756 0.4377821
757 1.056698e-05
758 0.00422617
759 9.362305e-14
760 0.004883728
761 0.1301017
762 0.1497706
763 0.0004957094
764 0.6637632
765 0.03464766
766 0.04183912
767 0.002098906
768 0.02881875
769 6.980404e-07
770 1.84891e-06
771 0.0002260598
772 0.03996775
773 0.5956542
774 0.02020979
775 0.02706862
776 2.18398e-05
777 9.003238e-05
778 4.60504e-05
779 0.9632187
780 0.2135127
781 1.654738e-07
782 6.750321e-05
783 0.02738842
784 1.349104e-07
785 2.335446e-20
786 0.1726917
787 8.580999e-10
788 0.3900366
789 0.4732452
790 0.5874041
791 0.02345603
792 9.704028e-11
793 0.009703526
794 0.00641304
795 7.069567e-07
796 0.2875665
797 0.03476142
798 0.2360493
799 0.07549547
800 0.0006358274
801 5.051269e-07
802 0.03327838
803 0.1782008
804 7.044993e-08
805 1.765112e-10
806 0.001160803
807 0.8459293
808 0.05640273
809 2.826975e-13
810 0.002273423
811 0.01337212
812 0.1924244
813 0.001167725
814 1.836083e-07
815 0.01213863
816 1.802332e-05
817 2.393343e-12
818 8.664384e-07
819 0.0001489968
820 3.572719e-05
821 6.450813e-05
822 9.394383e-07
823 0.0004654119
824 0.4188688
825 1.017624e-09
826 5.604351e-10
827 0.005147812
828 0.002537804
829 1.805231e-10
830 4.165836e-06
831 4.010109e-05
832 0.2295941
833 1.421579e-05
834 0.1641811
835 3.696231e-07
836 0.01464053
837 5.870738e-05
838 1.629194e-05
839 0.02619883
840 3.134471e-13
841 0.03082176
842 1.834559e-08
843 7.528104e-10
844 0.596689
845 0.2521645
846 0.02064085
847 0.2411781
848 0.001284568
849 1.566429e-07
850 0.001117925
851 0.08659372
852 0.1104098
853 3.32748e-05
854 0.8739993
855 4.958986e-07
856 0.02476892
857 0.1303962
858 0.002814617
859 0.5508538
860 0.001014214
861 1.545359e-06
862 0.0007959399
863 0.003239066
864 4.732987e-05
865 9.477443e-07
866 0.5160203
867 0.003075156
868 0.536933
869 0.002879997
870 0.00268459
871 0.0006110251
872 0.3880441
873 1.344391e-05
874 1.480597e-07
875 0.0004470419
876 1.894507e-08
877 9.780617e-10
878 0.0007730798
879 0.6150852
880 0.4856083
881 0.01143572
882 0.01309268
883 2.024425e-23
884 7.726229e-08
885 3.637234e-05
886 2.983325e-05
887 1.21225e-11
888 0.3294865
889 0.4828543
890 0.004294962
891 3.401974e-07
892 0.02552035
893 0.003350696
894 0.5347406
895 0.03127284
896 0.0003267555
897 6.809591e-07
898 0.00906209
899 0.00213812
900 0.7369995
901 1.584964e-08
902 0.003143403
903 2.040882e-06
904 0.6023134
905 0.01428278
906 0.02177554
907 2.067811e-10
908 1.273717e-14
909 0.1805881
910 0.7620436
911 0.03445222
912 2.833432e-06
913 4.704631e-06
914 0.2863368
915 2.395765e-06
916 0.0009741041
917 0.0005903364
918 2.177864e-05
919 0.008314709
920 0.02060828
921 0.01739227
922 0.0006961626
923 0.05731828
924 0.4675691
925 0.05020771
926 0.0001601018
927 0.001626541
928 0.07393185
929 1.117719e-05
930 2.987345e-05
931 5.650086e-11
932 0.03978234
933 2.098648e-07
934 0.001354785
935 0.7835246
936 0.06189414
937 0.001138405
938 1.784741e-22
939 0.2668688
940 9.718202e-22
941 1.825146e-10
942 3.154244e-06
943 9.049519e-09
944 4.833779e-06
945 1.818523e-09
946 0.4615949
947 1.965078e-16
948 4.685087e-05
949 0.004622648
950 6.486633e-11
951 0.0008398158
952 0.09116123
953 2.846829e-07
954 1.838085e-06
955 2.545862e-08
956 0.1104148
957 2.054292e-08
958 0.9574996
959 0.03332436
960 0.004613863
961 2.332126e-14
962 4.196441e-06
963 0.004179828
964 0.0006663512
965 0.9180963
966 1.932762e-06
967 0.2322951
968 0.07381026
969 7.451007e-14
970 0.02450024
971 0.4332205
972 0.00199607
973 6.841608e-06
974 1.297542e-05
975 0.002440647
976 2.784442e-09
977 0.158271
978 6.361232e-05
979 0.01341235
980 0.007786282
981 0.01116035
982 0.6506484
983 0.4672851
984 0.29156
985 1.210062e-05
986 1.803304e-09
987 0.2063692
988 0.2049161
989 0.2667001
990 9.689582e-19
991 0.6565179
992 0.05489878
993 0.001496773
994 3.676766e-06
995 0.0334172
996 0.006864491
997 0.0009497076
998 0.471259
999 2.116614e-05
1000 0.009640111
1001 1.024153e-06
1002 1.752851e-12
1003 0.3312388
1004 0.07972207
1005 4.311383e-09
1006 0.0006501203
1007 9.309299e-05
1008 0.5263175
1009 0.01107881
1010 8.063602e-05
1011 1.056182e-14
1012 3.632095e-06
1013 0.1182856
1014 5.288133e-09
1015 3.000531e-05
1016 0.1688434
1017 1.325177e-09
1018 1.740249e-09
1019 0.0001025548
1020 0.06247122
1021 0.494002
1022 0.0003121998
1023 0.001981089
1024 9.390637e-07
1025 8.17446e-05
1026 0.001097753
1027 0.001097304
1028 4.946564e-06
1029 0.004013991
1030 0.002919277
1031 0.04512985
1032 1.124309e-08
1033 0.000346843
1034 2.874319e-08
1035 0.02341226
1036 0.006667973
1037 1.145795e-07
1038 0.1462089
1039 3.934717e-23
1040 5.348038e-09
1041 0.00638218
1042 0.1084313
1043 0.001753267
1044 0.000116884
1045 0.02321759
1046 0.0002642366
1047 3.214623e-13
1048 0.0001677168
1049 0.0001010496
1050 0.3028229
1051 3.757019e-14
1052 0.0001106341
1053 0.005845399
1054 0.0003306048
1055 2.613055e-05
1056 2.473806e-05
1057 0.0002140022
1058 4.489213e-07
1059 0.367111
1060 3.175918e-05
1061 0.3681493
1062 0.0006301694
1063 0.03056809
1064 0.1323842
1065 1.121979e-08
1066 7.41231e-05
1067 0.0254068
1068 0.03654808
1069 0.1127989
1070 0.5258467
1071 0.0001177536
1072 0.001359901
1073 8.084311e-06
1074 0.4959348
1075 0.0002126835
1076 0.03178394
1077 0.3274276
1078 1.663146e-06
1079 0.04352074
1080 7.048143e-05
1081 5.946607e-05
1082 0.1205832
1083 0.03786634
1084 2.4629e-09
1085 0.0001575178
1086 0.3176809
1087 0.005963868
1088 2.356145e-16
1089 0.0005338092
1090 5.544845e-14
1091 0.1817051
1092 0.002863133
1093 2.136579e-08
1094 0.0009288456
1095 2.141532e-06
1096 8.56517e-09
1097 1.59217e-14
1098 0.08347396
1099 0.006941081
1100 0.4227554
1101 0.0716384
1102 1.72835e-15
1103 5.994889e-07
1104 0.001259328
1105 3.446475e-10
1106 1.875243e-05
1107 4.34928e-05
1108 0.3833887
1109 0.0009940888
1110 0.06108231
1111 0.03754069
1112 9.026686e-07
1113 0.04538548
1114 0.1457118
1115 3.164429e-05
1116 4.296747e-17
1117 0.08132096
1118 0.008036517
1119 0.1500404
1120 0.002222923
1121 0.010647
1122 0.0002963064
1123 0.1152059
1124 0.09057632
1125 2.909773e-06
1126 0.06132415
1127 0.07123184
1128 0.3050617
1129 0.1924633
1130 1.980982e-15
1131 2.842915e-06
1132 1.511352e-06
1133 7.158684e-08
1134 0.005675377
1135 0.5977017
1136 0.03234833
1137 3.891831e-06
1138 0.0238172
1139 0.2654162
1140 0.0001047407
1141 0.1444267
1142 0.009035141
1143 9.239438e-05
1144 0.07509073
1145 2.104722e-20
1146 0.0001038175
1147 7.718402e-08
1148 0.05136234
1149 0.1617695
1150 0.127528
1151 0.001233857
1152 2.242372e-06
1153 0.0006166108
1154 6.294272e-14
1155 0.0007467609
1156 0.0004663954
1157 0.04794938
1158 3.429812e-08
1159 0.4161011
1160 3.476058e-05
1161 0.0005781673
1162 0.07100036
1163 7.969155e-06
1164 0.2957575
1165 7.781551e-08
1166 0.01278891
1167 0.0119504
1168 4.535468e-13
1169 0.0002038843
1170 6.314753e-05
1171 0.0001156333
1172 0.3627344
1173 1.420207e-07
1174 0.00291766
1175 2.928066e-05
1176 7.37314e-09
1177 0.009645252
1178 0.0002145645
1179 3.837777e-08
1180 0.2162218
1181 9.158495e-10
1182 5.65125e-11
1183 0.01080152
1184 1.725152e-10
1185 3.200163e-12
1186 0.7482729
1187 0.002355322
1188 0.02518647
1189 0.4370145
1190 1.699101e-05
1191 0.8183513
1192 0.02139124
1193 2.306227e-15
1194 0.001861792
1195 8.2797e-10
1196 0.001614965
1197 0.002120283
1198 0.06104195
1199 4.381206e-07
1200 0.06041738
1201 0.3577966
1202 1.471222e-13
1203 0.2231794
1204 2.128099e-12
1205 8.646653e-07
1206 2.579805e-09
1207 3.181583e-14
1208 0.001040094
1209 0.4038463
1210 0.0004878038
1211 5.924519e-07
1212 4.477523e-05
1213 0.00113925
1214 1.339966e-06
1215 0.9577052
1216 1.725322e-07
1217 3.093144e-10
1218 2.491572e-09
1219 2.40311e-06
1220 0.00011736
1221 0.6136405
1222 0.02203449
1223 0.06905143
1224 0.0002131209
1225 0.2695583
1226 0.05695304
1227 0.1383292
1228 0.02798616
1229 0.5287839
1230 0.0004028313
1231 0.003140201
1232 0.0001559716
1233 0.01345314
1234 0.03295955
1235 7.531801e-10
1236 0.0806046
1237 2.30852e-09
1238 0.2658749
1239 2.023862e-05
1240 0.07820443
1241 5.59247e-07
1242 0.0004593653
1243 0.0004318795
1244 3.409856e-09
1245 4.00246e-13
1246 0.04979662
1247 0.140049
1248 0.4977016
1249 0.003583326
1250 0.0003005583
1251 6.14573e-05
1252 4.332665e-09
1253 3.158916e-05
1254 0.6186236
1255 8.40388e-05
1256 0.1150849
1257 0.01496229
1258 0.1693299
1259 0.007136259
1260 0.8351499
1261 0.0003989341
1262 0.04322602
1263 0.06055551
1264 2.001183e-07
1265 0.8659127
1266 0.06810771
1267 0.1852263
1268 0.1476558
1269 0.01081887
1270 0.0003094488
1271 0.7666288
1272 0.0004015429
1273 3.597381e-06
1274 0.001891001
1275 7.805529e-05
1276 0.02090792
1277 9.161921e-07
1278 0.07586867
1279 0.001865171
1280 0.4865264
1281 0.02727173
1282 0.001454376
1283 7.653357e-06
1284 0.3412413
1285 0.02052433
1286 4.534042e-14
1287 0.1390554
1288 9.8424e-08
1289 4.187404e-06
1290 1.339654e-08
1291 6.063555e-14
1292 0.006190144
1293 0.004445737
1294 4.740558e-13
1295 3.271062e-14
1296 0.197883
1297 4.219315e-06
1298 0.008120081
1299 0.1892977
1300 1.292202e-10
1301 9.019656e-05
1302 0.05145378
1303 0.4775035
1304 0.1400172
1305 0.693923
1306 6.473634e-09
1307 0.2757947
1308 0.0003198169
1309 6.637994e-06
1310 7.732584e-13
1311 0.632412
1312 0.1835427
1313 1.587453e-07
1314 0.01664834
1315 0.3646706
1316 2.654068e-14
1317 0.001346884
1318 0.8570572
1319 0.004292307
1320 0.0003532127
1321 0.01083971
1322 7.858529e-10
1323 0.1017506
1324 1.567931e-05
1325 0.001916274
1326 0.002987789
1327 0.07053108
1328 0.04116443
1329 1.741592e-05
1330 1.667831e-13
1331 0.01595663
1332 5.879554e-08
1333 9.990351e-07
1334 0.4875117
1335 0.0004165052
1336 9.604028e-05
1337 0.06321799
1338 0.0006169107
1339 0.1605208
1340 0.1404678
1341 0.2616559
1342 0.3853831
1343 0.05378604
1344 1.319922e-09
1345 0.0001193531
1346 0.0002552671
1347 0.0003650107
1348 4.673847e-05
1349 1.159911e-06
1350 0.0008600481
1351 0.00275615
1352 1.618058e-08
1353 0.05221906
1354 1.227499e-06
1355 0.07652501
1356 0.6525445
1357 0.004009497
1358 0.001380602
1359 0.0002932192
1360 0.4366817
1361 4.831092e-16
1362 0.5778642
1363 0.0001378311
1364 0.006665737
1365 5.224486e-07
1366 3.094034e-05
1367 0.120304
1368 3.995976e-10
1369 7.38508e-08
1370 3.50148e-06
1371 0.4239987
1372 0.01616349
1373 0.01310416
1374 0.1328271
1375 8.203406e-09
1376 3.05391e-05
1377 0.3542901
1378 0.00965291
1379 0.1193446
1380 0.1130007
1381 0.03324789
1382 0.003586433
1383 0.001140126
1384 0.007490443
1385 2.720249e-07
1386 0.03748471
1387 0.005809185
1388 0.0005420967
1389 4.517361e-05
1390 1.053232e-06
1391 2.545254e-12
1392 0.2850755
1393 2.585991e-10
1394 0.3706689
1395 3.453826e-09
1396 5.808665e-05
1397 3.39068e-06
1398 3.792764e-07
1399 0.003727864
1400 0.00495693
1401 0.001067951
1402 0.05171706
1403 0.7561064
1404 0.02885276
1405 6.167322e-10
1406 5.302451e-05
1407 0.3704764
1408 1.487292e-05
1409 0.0002143812
1410 1.443897e-08
1411 5.794003e-15
1412 0.03207471
1413 1.377292e-05
1414 0.226798
1415 0.6426787
1416 0.05380197
1417 0.03252424
1418 0.0632339
1419 0.07379085
1420 0.009746619
1421 3.289244e-06
1422 4.57197e-06
1423 0.0001810307
1424 0.5645444
1425 0.007337615
1426 0.1636391
1427 4.449386e-08
1428 1.049934e-05
1429 2.847458e-06
1430 0.08655128
1431 9.746052e-14
1432 0.0001019955
1433 0.09129337
1434 0.0005507513
1435 3.670464e-06
1436 0.309525
1437 0.4052516
1438 0.827895
1439 0.05188733
1440 0.5766872
1441 0.3384197
1442 0.005608294
1443 0.8220393
1444 0.174944
1445 0.008116087
1446 0.1103621
1447 0.005931549
1448 0.7156161
1449 0.006573528
1450 0.2604616
1451 6.78823e-05
1452 1.646935e-09
1453 0.0008689796
1454 0.0003721056
1455 0.0258589
1456 2.900327e-05
1457 0.001120326
1458 0.1284014
1459 0.12097
1460 0.01353255
1461 2.09116e-09
1462 0.0008491784
1463 0.0003239206
1464 0.2707254
1465 1.934815e-10
1466 3.447353e-07
1467 0.267459
1468 4.170957e-07
1469 0.01887131
1470 7.877335e-10
1471 2.114428e-05
1472 1.930505e-08
1473 0.01905553
1474 2.958778e-06
1475 6.920347e-05
1476 0.0004921055
1477 0.3049699
1478 0.0006593574
1479 3.267551e-07
1480 0.5300144
1481 0.001013875
1482 0.1250418
1483 1.555161e-05
1484 7.789188e-06
1485 2.664587e-06
1486 1.350809e-10
1487 0.2754771
1488 0.5727926
1489 7.203116e-07
1490 0.0006525885
1491 1.133825e-06
1492 0.003145883
1493 0.05202023
1494 0.0001922102
1495 1.499648e-05
1496 2.465327e-05
1497 2.197847e-05
1498 0.380369
1499 2.286981e-16
1500 0.09656388
1501 0.06883032
1502 8.932548e-10
1503 0.08128899
1504 0.1582346
1505 2.752566e-08
1506 2.43797e-19
1507 4.444228e-15
1508 1.623721e-05
1509 0.242342
1510 0.008891134
1511 3.933243e-07
1512 1.90855e-05
1513 0.244884
1514 0.0006006643
1515 0.0004565373
1516 4.68188e-07
1517 2.806485e-10
1518 0.002083135
1519 2.617494e-16
1520 6.665199e-13
1521 8.006073e-09
1522 0.3784605
1523 0.0001048264
1524 0.0003941325
1525 3.136635e-08
1526 0.03853245
1527 0.01248992
1528 0.05016813
1529 0.3338329
1530 0.0006995354
1531 0.00343361
1532 0.0694712
1533 4.021381e-07
1534 0.642619
1535 0.2792021
1536 0.09578092
1537 0.0001335726
1538 0.6856754
1539 1.003169e-17
1540 0.0007451814
1541 6.1814e-06
1542 0.001007631
1543 0.0001690812
1544 0.003811611
1545 3.880419e-13
1546 4.30687e-09
1547 8.976869e-05
1548 1.803068e-14
1549 0.1404587
1550 0.0004406856
1551 0.0001034616
1552 0.1463402
1553 1.064954e-12
1554 5.898188e-07
1555 0.2195266
1556 0.003429413
1557 0.02877534
1558 0.0006578719
1559 0.05272925
1560 0.02888011
1561 0.000228553
1562 4.655465e-05
1563 0.425456
1564 2.644329e-06
1565 2.588365e-06
1566 0.01137667
1567 1.327249e-09
1568 2.60484e-06
1569 4.514047e-10
1570 0.002903812
1571 4.0707e-09
1572 0.0008324321
1573 0.5750164
1574 0.05812088
1575 0.001210711
1576 0.1518489
1577 0.1485031
1578 4.754555e-06
1579 5.295234e-05
1580 1.860035e-05
1581 0.04214117
1582 7.267761e-10
1583 0.1745479
1584 1.578412e-05
1585 5.712708e-12
1586 7.928046e-07
1587 4.365862e-08
1588 0.2877459
1589 1.120996e-06
1590 0.03950824
1591 2.275866e-15
1592 3.89715e-05
1593 0.1835237
1594 0.0001689984
1595 0.06506055
1596 0.1628123
1597 0.1519983
1598 1.555395e-05
1599 8.005461e-05
1600 0.5926214
1601 0.0002140448
1602 0.0001601283
1603 0.5694926
1604 0.03752048
1605 0.004401002
1606 0.003129897
1607 4.939999e-06
1608 0.01304228
1609 0.0003600095
1610 0.2221887
1611 5.63884e-11
1612 0.2350771
1613 0.003693462
1614 0.0005809425
1615 0.0003616578
1616 3.052194e-05
1617 0.04039215
1618 0.1741494
1619 0.7486244
1620 0.04242641
1621 0.08026525
1622 0.003575773
1623 2.104825e-08
1624 2.442369e-13
1625 7.13994e-06
1626 0.4884422
1627 0.2822022
1628 0.02887603
1629 0.09517753
1630 8.064804e-06
1631 2.695379e-05
1632 2.001634e-08
1633 0.04416305
1634 7.156705e-08
1635 1.311096e-13
1636 0.002648906
1637 2.510886e-08
1638 3.32955e-05
1639 0.4745598
1640 0.801926
1641 0.4262277
1642 0.01984494
1643 0.3398843
1644 3.984673e-05
1645 0.02942169
1646 4.128516e-08
1647 0.2523313
1648 0.09221182
1649 0.4185484
1650 0.01634265
1651 0.008684859
1652 9.431555e-17
1653 0.0399482
1654 2.723338e-06
1655 2.695124e-06
1656 0.350234
1657 2.539477e-08
1658 0.01317489
1659 0.0001191161
1660 0.0002094074
1661 0.006361204
1662 6.905182e-05
1663 1.648204e-06
1664 0.001909554
1665 0.6014921
1666 2.113538e-07
1667 2.010879e-05
1668 0.009702426
1669 0.004869427
1670 3.036309e-06
1671 0.3547087
1672 3.450156e-05
1673 0.0001153825
1674 0.1769375
1675 0.007171364
1676 8.160676e-05
1677 0.0004292894
1678 0.0005232443
1679 0.0001739852
1680 1.148482e-12
1681 0.2109949
1682 1.010843e-08
1683 0.006200409
1684 1.734572e-06
1685 0.002128707
1686 3.213314e-06
1687 0.1332771
1688 0.7255637
1689 0.006308686
1690 2.434492e-08
1691 0.0004221413
1692 0.02188109
1693 0.00101907
1694 0.001199765
1695 0.119389
1696 0.001188821
1697 0.02218736
1698 0.2002308
1699 0.3922609
1700 0.00643012
1701 1.713867e-23
1702 0.4649132
1703 2.814761e-10
1704 3.211409e-11
1705 0.1427044
1706 0.09936156
1707 0.2918588
1708 3.322847e-06
1709 0.001644423
1710 6.718901e-05
1711 0.4641225
1712 4.615054e-10
1713 2.13372e-06
1714 0.1467863
1715 8.815852e-05
1716 0.0002164883
1717 0.00940532
1718 0.0007094845
1719 0.05869471
1720 0.0013942
1721 0.10473
1722 0.04048795
1723 0.1415435
1724 0.8440513
1725 0.6043619
1726 3.388117e-11
1727 3.247084e-14
1728 0.2023047
1729 0.8286819
1730 0.0004357192
1731 0.0005966794
1732 0.1511241
1733 0.03094881
1734 0.5579839
1735 0.3883076
1736 0.0001222167
1737 8.73268e-09
1738 0.3659103
1739 0.0007504582
1740 6.977742e-06
1741 0.01894683
1742 1.354685e-06
1743 1.046852e-10
1744 3.114181e-10
1745 0.01715779
1746 1.753625e-08
1747 3.029775e-05
1748 1.928917e-08
1749 0.0008235612
1750 5.449918e-09
1751 0.0002642911
1752 0.217027
1753 0.01163202
1754 0.004219793
1755 0.02090435
1756 3.751851e-07
1757 0.002524697
1758 0.3464282
1759 1.058131e-05
1760 0.0003445327
1761 0.432607
1762 2.063166e-07
1763 3.117169e-15
1764 0.8501861
1765 0.01019914
1766 0.5256022
1767 0.06462621
1768 1.543028e-14
1769 0.0001070381
1770 1.528677e-11
1771 0.003628465
1772 4.865089e-05
1773 0.05563246
1774 3.557229e-05
1775 2.279281e-06
1776 0.05174799
1777 5.056229e-12
1778 0.01481988
1779 0.7626441
1780 6.455547e-07
1781 5.64417e-20
1782 0.9853033
1783 1.771749e-12
1784 0.0003447823
1785 2.579091e-07
1786 1.303429e-05
1787 2.147218e-07
1788 1.071939e-06
1789 0.2955003
1790 0.0004445363
1791 0.0002783005
1792 0.1423801
1793 1.021115e-14
1794 8.011127e-06
1795 0.002160403
1796 0.07427165
1797 1.725073e-05
1798 0.001009013
1799 0.1046787
1800 0.000295699
1801 0.006752356
1802 2.12092e-05
1803 0.0001471233
1804 7.701278e-06
1805 5.787965e-06
1806 0.1495179
1807 1.073194e-07
1808 0.02678825
1809 2.083778e-05
1810 0.03573146
1811 0.1886398
1812 0.575183
1813 6.857365e-05
1814 0.02389409
1815 8.251693e-06
1816 0.0001350923
1817 1.996024e-07
1818 0.0002949579
1819 0.4174377
1820 0.002850651
1821 0.0007309034
1822 0.004092104
1823 0.3267094
1824 0.001578897
1825 0.02911246
1826 0.02070027
1827 0.6038811
1828 0.4112338
1829 5.474962e-09
1830 0.008198021
1831 0.5316762
1832 9.687973e-05
1833 0.008986333
1834 0.001598953
1835 8.957586e-08
1836 0.0005704105
1837 1.970605e-09
1838 5.89367e-06
1839 1.010044e-12
1840 0.1419334
1841 0.02352605
1842 0.0002809631
1843 3.512506e-09
1844 4.002229e-08
1845 0.001065051
1846 0.0004212048
1847 0.04270077
1848 0.0002763974
1849 0.001391799
1850 0.02482377
1851 0.5870355
1852 0.0001309324
1853 0.4429758
1854 0.2479551
1855 0.890531
1856 0.4766363
1857 0.05852318
1858 0.1108877
1859 0.03642451
1860 0.02357136
1861 0.1203862
1862 0.001371653
1863 2.697431e-06
1864 2.102656e-05
1865 0.03936959
1866 0.2390467
1867 1.737884e-10
1868 0.1083797
1869 1.50792e-09
1870 2.267607e-10
1871 0.002000526
1872 0.001050123
1873 0.3460957
1874 0.9833555
1875 0.001495966
1876 0.064094
1877 5.358618e-06
1878 0.003732515
1879 0.8405083
1880 4.935804e-05
1881 7.720357e-06
1882 0.5428952
1883 0.002556469
1884 0.0001837923
1885 0.0002442091
1886 1.169205e-06
1887 0.06192421
1888 0.1550899
1889 0.01974335
1890 0.001010045
1891 0.007756913
1892 0.004948933
1893 0.002929184
1894 0.1999656
1895 0.1827376
1896 0.03587949
1897 0.00166842
1898 2.055562e-17
1899 0.0009944216
1900 0.0009277925
1901 0.01123406
1902 4.297122e-07
1903 0.05779031
1904 9.063408e-08
1905 3.447699e-10
1906 0.2746544
1907 0.08359839
1908 6.158998e-11
1909 0.1423352
1910 1.356451e-06
1911 6.276173e-06
1912 0.0007487411
1913 0.007829094
1914 8.328774e-12
1915 0.0482157
1916 0.03158298
1917 3.034348e-18
1918 1.053146e-08
1919 0.002651821
1920 0.7855346
1921 0.0002652596
1922 0.09518604
1923 0.873364
1924 0.0001191948
1925 0.0002329262
1926 7.940817e-10
1927 0.02334964
1928 0.003358338
1929 0.001622708
1930 6.778791e-05
1931 0.0001737455
1932 5.499764e-09
1933 0.008046831
1934 0.634153
1935 0.01000497
1936 2.776281e-09
1937 0.05701301
1938 5.201041e-08
1939 6.849346e-06
1940 0.002188745
1941 0.0506535
1942 0.2358251
1943 0.03147291
1944 0.4064176
1945 0.0252955
1946 0.001892311
1947 0.1244906
1948 0.04612938
1949 0.6618411
1950 1.26933e-07
1951 0.00251172
1952 6.48413e-11
1953 0.3116575
1954 0.6053503
1955 1.080941e-09
1956 3.663956e-10
1957 4.00901e-07
1958 0.08253942
1959 0.05682959
1960 0.02457395
1961 2.414008e-07
1962 0.6917315
1963 0.0001907323
1964 1.664996e-07
1965 0.8303944
1966 0.003641953
1967 0.0621758
1968 0.0164575
1969 0.1570263
1970 9.097764e-06
1971 0.0005625973
1972 4.053612e-11
1973 2.572669e-08
1974 7.949397e-07
1975 5.771003e-05
1976 6.683674e-15
1977 1.745273e-05
1978 0.1184458
1979 0.2256669
1980 6.165084e-05
1981 0.2548391
1982 0.0001526707
1983 0.003821285
1984 1.369056e-07
1985 0.000859492
1986 1.643186e-05
1987 0.08147746
1988 0.009381849
1989 1.139951e-14
1990 0.0001684033
1991 2.121581e-06
1992 0.113386
1993 1.873503e-06
1994 0.0001627126
1995 0.007401879
1996 1.203878e-07
1997 0.007513309
1998 0.01959457
1999 0.01555696
2000 0.321759
2001 0.6760113
2002 0.02800831
2003 0.2524968
2004 0.030805
2005 0.09599017
2006 0.004282762
2007 0.1257132
2008 0.005675829
2009 0.09196129
2010 0.6612029
2011 0.2396929
2012 0.1314744
2013 0.002483509
2014 0.02400475
2015 0.000114851
2016 7.46344e-06
2017 0.001710348
2018 0.242068
2019 0.02286167
2020 2.476963e-06
2021 0.0128248
2022 0.321285
2023 1.297806e-07
2024 0.2655427
2025 4.460803e-06
2026 0.002206519
2027 5.380833e-07
2028 0.5841463
2029 0.003414453
2030 0.01699636
2031 1.145434e-07
2032 5.932998e-10
2033 0.003937125
2034 0.1623542
2035 0.002099672
2036 0.5431396
2037 8.20343e-10
2038 2.047706e-09
2039 0.0001396616
2040 4.151366e-06
2041 0.06782948
2042 6.460192e-07
2043 0.2262083
2044 4.497869e-07
2045 0.0001422676
2046 0.00691671
2047 0.0112464
2048 3.64036e-11
2049 0.899621
2050 8.949852e-07
2051 0.548331
2052 6.534499e-06
2053 0.002212688
2054 0.001654507
2055 2.639001e-05
2056 4.343637e-05
2057 4.888249e-12
2058 3.93858e-06
2059 0.2802282
2060 0.1276344
2061 2.425621e-06
2062 0.001178715
2063 0.4032143
2064 0.01996372
2065 0.1258017
2066 8.412489e-05
2067 0.01113198
2068 2.208331e-05
2069 0.5072218
2070 0.0003161737
2071 0.009887015
2072 0.0003210515
2073 0.05456446
2074 0.08176575
2075 0.00063469
2076 9.745375e-05
2077 0.00226854
2078 3.448881e-08
2079 1.107008e-08
2080 0.02103286
2081 6.357615e-05
2082 1.662195e-07
2083 8.843938e-07
2084 0.7058517
2085 2.454343e-05
2086 0.03964061
2087 5.405863e-06
2088 0.009449912
2089 0.331117
2090 9.599622e-09
2091 0.004880617
2092 1.941896e-05
2093 0.03035654
2094 0.005045744
2095 0.003721394
2096 0.0002094662
2097 0.000144381
2098 0.02998524
2099 0.002438154
2100 0.1718623
2101 0.202382
2102 0.4318147
2103 0.0005341263
2104 0.01630841
2105 0.01344519
2106 7.043121e-20
2107 0.08041207
2108 7.088629e-12
2109 3.663853e-05
2110 9.67906e-12
2111 0.300133
2112 1.006724e-07
2113 5.876987e-05
2114 0.0003163211
2115 0.4812396
2116 6.89949e-14
2117 0.6082184
2118 0.003068625
2119 2.34232e-08
2120 0.01018656
2121 0.03129829
2122 0.03093219
2123 0.3231766
2124 0.06174238
2125 3.151596e-05
2126 2.475552e-05
2127 4.108241e-05
2128 0.0001144769
2129 9.36698e-10
2130 2.323277e-05
2131 1.673735e-05
2132 4.544291e-12
2133 1.152639e-05
2134 0.03343861
2135 0.1079257
2136 1.25001e-08
2137 0.02303017
2138 0.001698529
2139 0.01884357
2140 0.05154105
2141 0.1515257
2142 0.0001123294
2143 1.020619e-12
2144 2.294532e-12
2145 2.035385e-06
2146 0.1263432
2147 0.1902389
2148 5.754759e-06
2149 1.030351e-06
2150 3.373825e-12
2151 0.2288702
2152 2.906621e-11
2153 4.886715e-09
2154 0.2589634
2155 3.344163e-05
2156 3.848995e-07
2157 0.07364649
2158 0.617477
2159 0.2418607
2160 7.838642e-09
2161 0.0003356449
2162 6.399014e-05
2163 0.003992682
2164 0.005087293
2165 0.01710192
2166 0.2311196
2167 1.667043e-05
2168 0.5947072
2169 0.09284478
2170 1.723205e-13
2171 0.04574859
2172 0.03807465
2173 0.03011722
2174 0.7608925
2175 1.567125e-06
2176 0.007150501
2177 4.668674e-07
2178 0.03059938
2179 1.173987e-05
2180 1.659543e-06
2181 0.0006229159
2182 4.98078e-10
2183 0.1828192
2184 0.7364106
2185 0.0004929858
2186 0.02932708
2187 0.004395684
2188 0.2901746
2189 6.976601e-05
2190 8.630605e-09
2191 0.3028179
2192 0.0006495992
2193 9.076373e-06
2194 3.666024e-09
2195 0.4861437
2196 1.096561e-05
2197 9.351752e-08
2198 7.833144e-08
2199 0.0117178
2200 5.939873e-08
2201 0.1675377
2202 1.815105e-07
2203 1.03246e-06
2204 0.2472629
2205 0.001032593
2206 3.452943e-06
2207 0.00255462
2208 2.263164e-14
2209 0.0302306
2210 3.469232e-06
2211 1.193155e-05
2212 0.09585336
2213 7.334533e-14
2214 0.6530364
2215 0.0001041855
2216 2.065472e-07
2217 0.1006926
2218 0.00889529
2219 6.640203e-11
2220 0.01799464
2221 5.833385e-20
2222 8.726008e-05
2223 0.01060905
2224 1.55728e-11
2225 0.001869162
2226 8.06907e-07
2227 0.2134718
2228 4.322765e-15
2229 1.459975e-06
2230 0.8905507
2231 3.339863e-05
2232 0.0002562146
2233 0.0002087179
2234 0.2562342
2235 6.093192e-08
2236 0.502093
2237 0.001744867
2238 1.099422e-08
2239 0.1572328
2240 0.0001146825
2241 0.03509108
2242 0.0001126559
2243 8.215868e-10
2244 0.02017703
2245 5.76674e-05
2246 0.05599573
2247 0.0002922893
2248 2.62703e-08
2249 0.0005078478
2250 1.477166e-06
2251 3.19034e-08
2252 0.005890025
2253 0.3529311
2254 8.123147e-07
2255 0.2652114
2256 0.005441889
2257 0.1769191
2258 0.0627558
2259 3.349106e-15
2260 1.30785e-05
2261 9.523481e-08
2262 0.003817281
2263 0.01198105
2264 0.01613122
2265 0.1503472
2266 0.006796851
2267 3.745364e-05
2268 0.002226043
2269 0.2051923
2270 0.4306477
2271 0.2323701
2272 0.002273481
2273 2.967947e-05
2274 0.02827718
2275 0.0006727309
2276 0.01306129
2277 0.08909631
2278 0.4656097
2279 0.001278262
2280 0.1226402
2281 0.002389299
2282 1.932975e-08
2283 0.0574468
2284 0.0009718278
2285 2.789023e-05
2286 4.930135e-06
2287 0.002103649
2288 8.276937e-05
2289 0.6425217
2290 0.06066975
2291 2.307513e-06
2292 1.704342e-08
2293 0.3403512
2294 4.324246e-09
2295 0.7645844
2296 0.0003532387
2297 3.052373e-06
2298 5.609134e-10
2299 0.0001097887
2300 0.7457089
2301 0.0002027629
2302 0.001201724
2303 0.05795978
2304 1.384126e-06
2305 0.03613193
2306 4.245168e-08
2307 0.05145495
2308 0.004307861
2309 6.044865e-10
2310 0.08394471
2311 2.835428e-06
2312 4.617202e-09
2313 2.051299e-05
2314 0.1037201
2315 8.573476e-11
2316 0.09853486
2317 7.939627e-05
2318 2.196163e-05
2319 0.1694615
2320 0.0001618086
2321 0.06919235
2322 0.001162503
2323 9.009681e-18
2324 0.002113243
2325 0.3213467
2326 0.0004450445
2327 0.8514548
2328 0.07918604
2329 0.4311415
2330 0.006712232
2331 1.815658e-07
2332 0.002056097
2333 0.0002393929
2334 5.68244e-05
2335 0.1733436
2336 0.008141199
2337 0.1582338
2338 0.00980334
2339 0.003550591
2340 0.002582034
2341 1.154832e-10
2342 0.2141234
2343 0.0001689891
2344 0.0001081813
2345 0.05931882
2346 2.034451e-13
2347 0.0001962468
2348 0.0001302685
2349 0.5637976
2350 6.402501e-18
2351 1.362439e-08
2352 2.922831e-05
2353 0.0001270664
2354 0.08280058
2355 0.08271881
2356 0.2917174
2357 0.002834601
2358 0.0006910366
2359 0.3186518
2360 0.0006539327
2361 0.006522582
2362 0.0004063626
2363 0.1561995
2364 0.9114657
2365 2.46627e-12
2366 0.7337771
2367 2.271907e-09
2368 0.3976078
2369 0.2813307
2370 0.2481148
2371 2.2105e-06
2372 0.09124692
2373 0.1675796
2374 6.847443e-05
2375 0.09573464
2376 9.964695e-10
2377 5.660002e-09
2378 1.433115e-06
2379 0.02175434
2380 9.816323e-05
2381 0.003029984
2382 0.0009510693
2383 1.504833e-05
2384 1.073362e-11
2385 0.0001608743
2386 0.03128013
2387 0.2115839
2388 0.1296932
2389 4.607912e-05
2390 0.2408189
2391 0.04924448
2392 0.06175164
2393 0.0809788
2394 4.704966e-07
2395 0.2289468
2396 0.04065185
2397 0.3422978
2398 0.0005247747
2399 0.1119249
2400 5.225259e-07
2401 1.883626e-07
2402 0.08254928
2403 0.6008558
2404 0.02011641
2405 0.6821931
2406 0.05913951
2407 0.01764867
2408 0.002882325
2409 9.055429e-07
2410 1.73077e-07
2411 1.178738e-05
2412 0.0003490429
2413 0.002043016
2414 9.563695e-05
2415 9.545101e-08
2416 3.723189e-11
2417 0.001058121
2418 0.00951626
2419 0.02520413
2420 0.003784815
2421 4.468999e-06
2422 0.0004903411
2423 0.03942381
2424 0.01478739
2425 0.04969911
2426 8.428119e-06
2427 0.01752356
2428 0.7196796
2429 2.355458e-07
2430 0.004454128
2431 0.004661865
2432 0.0003508361
2433 0.01716507
2434 0.0002362854
2435 1.3077e-06
2436 0.4748641
2437 0.4982859
2438 2.406364e-05
2439 0.0001162708
2440 0.1026956
2441 1.11975e-06
2442 0.1485987
2443 2.810369e-05
2444 6.495061e-08
2445 0.1690122
2446 0.6527891
2447 4.797838e-11
2448 0.0003288017
2449 0.02974946
2450 0.0002652631
2451 0.001961191
2452 0.02194354
2453 1.502199e-05
2454 3.141225e-16
2455 5.142485e-09
2456 0.6413683
2457 1.204103e-08
2458 1.173475e-07
2459 0.01433129
2460 0.8291501
2461 0.07422545
2462 4.564536e-06
2463 0.0001077377
2464 2.816425e-14
2465 0.00553529
2466 0.4740392
2467 0.03960912
2468 8.906609e-07
2469 2.508506e-07
2470 0.1145665
2471 4.087466e-07
2472 0.03855226
2473 0.4121387
2474 0.002057327
2475 6.70965e-06
2476 2.161109e-06
2477 0.4175612
2478 0.7878856
2479 0.367378
2480 0.004104541
2481 7.051165e-15
2482 0.003241843
2483 0.1395953
2484 0.005257675
2485 4.343281e-06
2486 1.145048e-08
2487 0.001077709
2488 1.205872e-05
2489 1.02001e-06
2490 0.0002410139
2491 0.494878
2492 2.551893e-05
2493 0.0005369525
2494 0.2103308
2495 0.6492494
2496 0.002475046
2497 0.01593126
2498 6.21894e-05
2499 0.0005844122
2500 1.664851e-06
2501 0.005210677
2502 0.1337449
2503 6.671003e-05
2504 0.0002398698
2505 0.2568408
2506 0.8177494
2507 6.113183e-05
2508 0.5301708
2509 1.740407e-07
2510 0.0115821
2511 0.2426029
2512 0.003177169
2513 0.009108411
2514 0.3274469
2515 1.806981e-08
2516 0.001836937
2517 1.321791e-09
2518 9.187593e-13
2519 2.214717e-05
2520 0.04828084
2521 0.04541265
2522 0.4046486
2523 0.000355693
2524 4.457968e-08
2525 0.0002507506
2526 0.01025298
2527 7.654321e-18
2528 0.002174391
2529 0.000141456
2530 1.574307e-05
2531 1.221414e-07
2532 6.776616e-06
2533 1.734412e-14
2534 4.604944e-10
2535 0.4781394
2536 0.0001049238
2537 3.957811e-06
2538 0.03119688
2539 2.912682e-05
2540 0.006290035
2541 9.861826e-08
2542 2.062356e-07
2543 0.005624763
2544 0.0004796806
2545 0.004253256
2546 0.008989505
2547 0.2753366
2548 3.235313e-05
2549 0.04310291
2550 2.077675e-10
2551 0.0003583982
2552 3.025179e-05
2553 0.02362289
2554 0.006362059
2555 7.214155e-06
2556 0.01357255
2557 0.001370323
2558 0.6044175
2559 0.1200513
2560 6.595455e-05
2561 0.007249188
2562 0.3793572
2563 0.4754646
2564 8.173994e-06
2565 0.000321598
2566 0.02531736
2567 0.03589847
2568 9.763127e-05
2569 0.7255347
2570 1.2566e-07
2571 7.867231e-06
2572 0.1195487
2573 0.0001419357
2574 7.483298e-05
2575 0.1302955
2576 0.0005112229
2577 0.02133779
2578 0.1608341
2579 0.09491463
2580 0.9343042
2581 0.3261134
2582 1.451191e-09
2583 3.12828e-11
2584 0.2880129
2585 0.02023507
2586 0.02745939
2587 0.01283456
2588 1.371236e-06
2589 0.9666729
2590 1.770632e-06
2591 3.010657e-09
2592 0.001989718
2593 0.000664606
2594 0.001313248
2595 0.1153505
2596 0.0001223192
2597 5.924978e-10
2598 0.5309684
2599 7.951297e-11
2600 0.2510899
2601 0.0004864669
2602 0.1370155
2603 0.2157244
2604 0.02534766
2605 4.995104e-05
2606 3.948647e-07
2607 0.0002629006
2608 0.6091443
2609 0.08802592
2610 1.295556e-12
2611 0.02658002
2612 0.9341227
2613 0.0003344492
2614 0.04572403
2615 0.005393209
2616 9.68824e-09
2617 0.2168031
2618 0.001835029
2619 0.2185197
2620 0.05415935
2621 1.100553e-06
2622 1.127486e-08
2623 0.662095
2624 0.01546279
2625 0.002572166
2626 0.0002096683
2627 1.714236e-05
2628 0.03053451
2629 0.001246596
2630 0.184279
2631 0.001572287
2632 0.0001891984
2633 8.32141e-16
2634 0.004095671
2635 2.79767e-11
2636 1.52744e-05
2637 3.794431e-06
2638 0.05542121
2639 0.1241994
2640 0.02769201
2641 0.03588375
2642 0.04179409
2643 0.0001746762
2644 0.0002336919
2645 1.922363e-10
2646 0.01493694
2647 1.636838e-05
2648 0.007665899
2649 3.531546e-05
2650 0.1425414
2651 0.0003796716
2652 6.535531e-17
2653 1.452706e-07
2654 0.0006169035
2655 1.557849e-15
2656 1.715338e-09
2657 7.300669e-05
2658 0.004807995
2659 8.576375e-15
2660 0.2254904
2661 1.402761e-05
2662 2.317664e-08
2663 0.01257466
2664 1.427247e-07
2665 1.53688e-09
2666 7.104124e-07
2667 0.0001842671
2668 0.001165181
2669 0.0006557186
2670 0.02938915
2671 2.541198e-06
2672 0.05510411
2673 0.003347865
2674 0.08358073
2675 0.6233385
2676 0.0002875339
2677 1.719029e-07
2678 7.675611e-07
2679 1.120889e-05
2680 0.004128104
2681 2.002035e-10
2682 0.8299363
2683 0.09014781
2684 1.788672e-06
2685 0.005240745
2686 0.0001285625
2687 1.076054e-06
2688 0.5776713
2689 0.03471409
2690 3.542603e-05
2691 0.1055897
2692 1.909571e-07
2693 0.07187119
2694 0.320413
2695 0.01224282
2696 0.08349102
2697 1.524489e-08
2698 0.0001561309
2699 0.2155335
2700 1.896949e-07
2701 0.4082148
2702 1.417784e-18
2703 0.003220887
2704 2.08815e-08
2705 1.27713e-06
2706 0.09727276
2707 0.7253863
2708 7.22291e-05
2709 0.04811829
2710 2.20599e-05
2711 0.00763386
2712 1.386423e-05
2713 0.01428693
2714 1.921474e-06
2715 3.708476e-11
2716 3.984697e-07
2717 0.01181345
2718 0.148327
2719 0.004539985
2720 0.3380918
2721 0.1089235
2722 0.0004514241
2723 0.0144897
2724 0.0006081038
2725 0.3591215
2726 1.169285e-07
2727 3.184664e-09
2728 9.902376e-05
2729 1.014341e-07
2730 0.004691033
2731 0.6419254
2732 0.02164479
2733 4.366391e-16
2734 0.07477895
2735 0.0003550455
2736 1.911257e-06
2737 0.001614651
2738 1.82538e-06
2739 2.750481e-05
2740 5.948618e-12
2741 1.193886e-05
2742 0.5728382
2743 2.402919e-07
2744 1.523825e-10
2745 0.0001110784
2746 0.0007218837
2747 4.191728e-07
2748 0.01389117
2749 0.005640179
2750 0.3908736
2751 0.0003916539
2752 2.127854e-05
2753 0.004655383
2754 1.784421e-11
2755 0.1354993
2756 2.932614e-05
2757 0.03137156
2758 0.4412542
2759 0.008303107
2760 1.974977e-05
2761 1.65625e-05
2762 0.2036761
2763 0.002262497
2764 0.2800945
2765 1.252503e-09
2766 0.2206433
2767 0.4974601
2768 1.591922e-08
2769 0.03872663
2770 2.564237e-06
2771 0.002697817
2772 5.797754e-08
2773 0.1011473
2774 3.579182e-23
2775 0.01502768
2776 0.3706439
2777 3.662399e-09
2778 0.2198773
2779 0.3205357
2780 5.656709e-05
2781 0.5860069
2782 0.5016463
2783 0.1411426
2784 8.226797e-07
2785 9.290247e-06
2786 3.232441e-05
2787 1.981385e-11
2788 0.3135643
2789 9.344372e-13
2790 1.200012e-11
2791 2.939544e-05
2792 6.655017e-09
2793 0.3154563
2794 5.220653e-09
2795 0.7179611
2796 0.6579938
2797 0.003871346
2798 0.001515538
2799 0.1821143
2800 2.182112e-13
2801 1.141309e-10
2802 0.2903784
2803 2.197751e-05
2804 8.929945e-09
2805 0.0757151
2806 8.456811e-10
2807 2.920502e-07
2808 0.01013241
2809 0.7447208
2810 8.906075e-05
2811 0.1442561
2812 0.1075103
2813 3.226147e-12
2814 0.001757398
2815 0.1810781
2816 0.02851216
2817 0.0005925497
2818 0.016749
2819 0.314652
2820 0.7131464
2821 0.08823256
2822 0.001744585
2823 0.6575539
2824 0.003260085
2825 5.570889e-11
2826 6.291677e-07
2827 8.704367e-05
2828 0.2078978
2829 0.1190269
2830 3.144066e-06
2831 1.786935e-05
2832 1.484455e-07
2833 8.382767e-11
2834 0.1229986
2835 3.411934e-06
2836 0.01562849
2837 0.6523674
2838 0.2140617
2839 0.02268075
2840 0.9860961
2841 0.001645135
2842 0.08432003
2843 0.01190176
2844 0.009189136
2845 7.905204e-06
2846 4.878467e-21
2847 0.3646078
2848 0.0005800373
2849 0.0624501
2850 0.0004010543
2851 8.87563e-12
2852 0.006562611
2853 0.0004991968
2854 0.2937124
2855 0.1199084
2856 7.121499e-06
2857 6.618733e-06
2858 3.011802e-08
2859 1.511501e-08
2860 3.275167e-05
2861 0.03551297
2862 4.550446e-05
2863 0.002449389
2864 8.088702e-06
2865 0.3150348
2866 0.03061366
2867 0.1006302
2868 0.02881303
2869 1.609898e-08
2870 0.04073836
2871 0.1193815
2872 3.835294e-06
2873 0.2667886
2874 4.585162e-29
2875 0.1710652
2876 0.007168945
2877 0.0005304025
2878 0.04369892
2879 1.986327e-09
2880 4.336897e-10
2881 0.003452475
2882 0.0428824
2883 0.01330981
2884 0.0007002655
2885 0.7385128
2886 5.247999e-05
2887 0.001247912
2888 9.80722e-10
2889 6.895365e-13
2890 2.422111e-07
2891 0.0001458789
2892 0.002136369
2893 1.33755e-05
2894 0.246611
2895 1.760637e-07
2896 0.0143285
2897 0.1164016
2898 0.1432648
2899 0.3535355
2900 1.541466e-05
2901 0.001464762
2902 0.01676227
2903 5.526068e-07
2904 0.007991189
2905 7.961488e-09
2906 6.191788e-15
2907 0.008979763
2908 0.01590315
2909 0.007132737
2910 0.0007348774
2911 0.0006017375
2912 0.342298
2913 0.2340104
2914 0.09350924
2915 0.0003275414
2916 0.0002613368
2917 1.881662e-05
2918 0.02385197
2919 3.820584e-12
2920 0.1952614
2921 1.3507e-08
2922 7.725967e-05
2923 0.06484684
2924 0.009584877
2925 0.05831858
2926 6.12632e-06
2927 0.07462389
2928 0.01681507
2929 2.773245e-05
2930 0.006125642
2931 0.05399839
2932 0.002659127
2933 9.657256e-06
2934 3.615617e-08
2935 0.3495268
2936 1.345528e-07
2937 0.2609066
2938 0.002362298
2939 5.732902e-11
2940 5.387436e-06
2941 0.002905945
2942 1.145294e-06
2943 0.001231258
2944 7.0561e-05
2945 3.883562e-06
2946 4.770177e-05
2947 8.015443e-13
2948 3.378254e-05
2949 0.0003159041
2950 0.1773159
2951 0.1558921
2952 0.3575354
2953 1.292223e-08
2954 0.00827595
2955 0.01064662
2956 5.344312e-05
2957 0.0061499
2958 3.779726e-05
2959 0.00341702
2960 0.0002181867
2961 0.8491039
2962 2.0567e-10
2963 0.04077452
2964 6.666267e-14
2965 0.0003930676
2966 0.2157779
2967 0.8525174
2968 2.199181e-06
2969 0.0335268
2970 0.1271896
2971 0.0005341438
2972 0.0004637298
2973 5.771841e-07
2974 0.1170743
2975 0.008348001
2976 0.4395555
2977 1.22048e-07
2978 5.832576e-07
2979 7.144021e-07
2980 1.085576e-06
2981 7.420614e-08
2982 1.850511e-09
2983 0.00160429
2984 0.04055191
2985 2.340558e-05
2986 1.973967e-09
2987 0.001104794
2988 6.23642e-05
2989 0.0002447891
2990 0.0007465465
2991 3.447962e-06
2992 0.1103938
2993 0.06088069
2994 7.417014e-05
2995 4.024041e-06
2996 6.03494e-08
2997 0.7041563
2998 3.084043e-05
2999 8.004543e-13
3000 0.001100016
3001 0.7635907
3002 1.273161e-08
3003 0.001620493
3004 0.8521953
3005 0.001047098
3006 0.1068856
3007 0.5529633
3008 1.300263e-07
3009 2.124344e-07
3010 0.04033029
3011 0.1176667
3012 0.0005848962
3013 1.205166e-05
3014 0.5147168
3015 0.1361953
3016 8.143472e-06
3017 9.832146e-07
3018 1.724497e-06
3019 0.00108618
3020 0.001716813
3021 0.1976423
3022 0.09811211
3023 3.059631e-12
3024 1.461689e-14
3025 0.0002361437
3026 3.300922e-05
3027 0.2714416
3028 0.0140649
3029 0.008009792
3030 0.001985362
3031 0.4698658
3032 3.73633e-10
3033 1.479529e-18
3034 3.515433e-10
3035 0.288566
3036 4.892758e-13
3037 0.0001118716
3038 1.887882e-09
3039 4.863803e-08
3040 0.000848258
3041 0.005305285
3042 0.0004980105
3043 0.9651022
3044 0.06882395
3045 0.01517808
3046 0.6927676
3047 0.5255896
3048 0.01195124
3049 2.515132e-14
3050 0.3834731
3051 0.02692785
3052 0.4115619
3053 0.3499908
3054 0.0003581878
3055 0.5376218
3056 0.3707585
3057 0.001570582
3058 9.039765e-10
3059 0.1414279
3060 1.206636e-06
3061 2.034195e-09
3062 7.418659e-05
3063 0.391866
3064 0.001038952
3065 1.201395e-07
3066 2.732203e-06
3067 0.1922254
3068 1.029184e-08
3069 4.919321e-09
3070 0.6521333
3071 2.727083e-07
3072 0.0421691
3073 0.002169483
3074 0.005259004
3075 6.980137e-07
3076 3.588582e-07
3077 0.0149284
3078 0.1562969
3079 0.0009875747
3080 0.002828414
3081 9.171467e-08
3082 6.164019e-10
3083 0.009573576
3084 0.001695116
3085 0.01545717
3086 0.04853864
3087 3.771232e-05
3088 9.6662e-06
3089 3.25832e-08
3090 3.446526e-09
3091 6.14836e-11
3092 0.5087279
3093 6.000442e-08
3094 0.007254402
3095 0.4502325
3096 6.346456e-06
3097 0.137543
3098 0.07024988
3099 0.003685216
3100 0.005394128
3101 9.872433e-12
3102 0.1735018
3103 2.105922e-06
3104 0.007821972
3105 0.01158178
3106 0.0008177237
3107 9.080603e-05
3108 0.002232297
3109 0.04748394
3110 7.981215e-06
3111 0.02002729
3112 0.597703
3113 0.0375263
3114 0.0006463017
3115 0.1253388
3116 0.05840419
3117 0.02675554
3118 0.00537365
3119 3.822152e-11
3120 1.784412e-06
3121 0.4651851
3122 0.2077162
3123 3.966452e-05
3124 0.0001060557
3125 1.564748e-10
3126 0.01916668
3127 2.023852e-14
3128 7.172079e-09
3129 0.01198534
3130 0.2668118
3131 1.692183e-10
3132 0.0003988825
3133 0.2968862
3134 0.8500775
3135 0.2985383
3136 4.455382e-09
3137 0.0002443269
3138 4.430877e-07
3139 0.09618649
3140 0.03806808
3141 0.2058903
3142 0.0037498
3143 0.000633458
3144 0.1382347
3145 0.5232222
3146 2.59106e-05
3147 0.0003485455
3148 0.2422933
3149 0.7653155
3150 0.1000432
3151 0.04272896
3152 0.0003742487
3153 3.214298e-09
3154 2.011649e-05
3155 2.819896e-11
3156 3.04142e-06
3157 0.00950779
3158 0.004061299
3159 0.3513001
3160 6.472223e-11
3161 0.7815246
3162 0.728762
3163 0.3035184
3164 2.007788e-05
3165 0.0004087124
3166 1.814301e-06
3167 6.959879e-07
3168 0.3033486
3169 0.08769558
3170 0.03771416
3171 0.003732308
3172 8.598485e-08
3173 0.004006279
3174 1.425431e-08
3175 2.532687e-12
3176 0.009886568
3177 2.6182e-06
3178 1.343496e-05
3179 0.2373749
3180 0.0005244578
3181 7.271921e-07
3182 0.001441238
3183 0.1064063
3184 0.03729761
3185 0.0001437488
3186 1.070834e-06
3187 0.04169417
3188 0.0002444392
3189 3.190389e-05
3190 0.6557445
3191 0.1684098
3192 3.986154e-05
3193 0.06984843
3194 4.221637e-10
3195 0.0001411346
3196 0.2125324
3197 0.4951841
3198 3.05211e-10
3199 0.02575547
3200 4.819054e-10
3201 0.07229768
3202 0.2611322
3203 0.0009896033
3204 0.0001816908
3205 5.751756e-09
3206 0.05676945
3207 4.148504e-07
3208 0.02299353
3209 2.164787e-08
3210 0.001867518
3211 2.720594e-08
3212 2.143962e-05
3213 1.517466e-18
3214 0.8587637
3215 5.185807e-06
3216 2.275825e-08
3217 5.90918e-10
3218 3.830591e-05
3219 1.189313e-05
3220 0.004274486
3221 0.0001138204
3222 0.2650369
3223 0.0002824125
3224 0.08815156
3225 0.0193192
3226 0.0632382
3227 0.007660033
3228 0.03582971
3229 3.808078e-11
3230 0.2807806
3231 0.002947799
3232 0.000263485
3233 1.438771e-05
3234 1.564629e-05
3235 0.5283511
3236 1.271829e-05
3237 1.934066e-06
3238 0.01776533
3239 0.03519131
3240 0.2713743
3241 0.002561749
3242 4.745325e-07
3243 0.09898528
3244 1.118158e-07
3245 0.02545572
3246 2.938161e-09
3247 0.01189169
3248 0.05512848
3249 0.5955032
3250 0.0002657434
3251 0.004463114
3252 8.647353e-05
3253 0.005059306
3254 5.326992e-09
3255 0.0007251996
3256 0.0006066493
3257 0.002280828
3258 6.257035e-07
3259 3.126722e-12
3260 0.04083396
3261 2.757168e-09
3262 4.738091e-05
3263 0.001795451
3264 0.00129586
3265 4.644125e-06
3266 0.3061254
3267 1.289356e-05
3268 0.7741449
3269 0.0001024317
3270 0.7104394
3271 0.001003771
3272 2.666482e-10
3273 0.0616056
3274 0.2754918
3275 1.300095e-10
3276 0.005433563
3277 0.1981402
3278 0.003473373
3279 0.2634725
3280 0.05323388
3281 1.916185e-06
3282 0.2611683
3283 0.06149778
3284 5.378438e-05
3285 2.346879e-18
3286 3.605035e-09
3287 0.4576458
3288 0.05817133
3289 0.007294713
3290 2.667101e-06
3291 0.002290328
3292 0.000209242
3293 0.1360166
3294 0.6373341
3295 1.427115e-05
3296 3.588643e-05
3297 3.768175e-12
3298 2.631983e-08
3299 3.538166e-13
3300 0.2863368
3301 0.08651773
3302 1.077929e-06
3303 0.006981358
3304 0.3526055
3305 0.006358389
3306 0.0001043741
3307 0.000176652
3308 2.711333e-07
3309 0.0955756
3310 2.304641e-08
3311 4.503201e-05
3312 0.04036204
3313 3.020186e-06
3314 0.1167425
3315 0.03602623
3316 0.01015427
3317 0.6510482
3318 0.008940515
3319 5.241079e-06
3320 6.788556e-15
3321 5.965023e-05
3322 0.005564203
3323 0.003642377
3324 0.5107294
3325 0.003470257
3326 5.861281e-11
3327 0.006462238
3328 0.0001027235
3329 6.131409e-05
3330 5.847452e-10
3331 0.0111038
3332 3.313729e-06
3333 0.05322854
3334 0.0948516
3335 6.362123e-06
3336 0.9924962
3337 9.425945e-09
3338 1.022945e-06
3339 0.00207216
3340 0.02041338
3341 0.002134325
3342 0.00707722
3343 0.0005215044
3344 0.243795
3345 0.003816159
3346 0.8235017
3347 2.297296e-13
3348 0.02988522
3349 2.097874e-07
3350 0.5743656
3351 0.0005354964
3352 0.003912891
3353 6.647211e-16
3354 0.2848596
3355 0.05245484
3356 0.000598403
3357 2.933252e-09
3358 4.766544e-08
3359 9.302771e-11
3360 0.08906255
3361 0.4114943
3362 6.545618e-07
3363 0.08145411
3364 0.4500737
3365 0.004478811
3366 3.56404e-07
3367 0.004170701
3368 0.1099416
3369 0.061433
3370 0.1348276
3371 0.2528346
3372 6.895359e-14
3373 7.174426e-07
3374 0.02612057
3375 0.324896
3376 0.6802843
3377 0.1979394
3378 6.526184e-05
3379 0.05375459
3380 0.00446211
3381 2.642998e-08
3382 0.7489189
3383 5.43274e-05
3384 0.1109562
3385 0.0005610216
3386 0.3773312
3387 2.658059e-05
3388 0.4061625
3389 0.2084639
3390 2.852507e-07
3391 0.0001340139
3392 1.201237e-14
3393 0.5829534
3394 1.000991e-08
3395 1.491101e-10
3396 1.30073e-07
3397 3.015863e-08
3398 0.04677141
3399 0.000105225
3400 1.184846e-07
3401 1.514272e-11
3402 0.2859706
3403 0.04293426
3404 0.2099541
3405 0.1300733
3406 6.884388e-07
3407 0.1120403
3408 0.007900662
3409 0.00186736
3410 0.02480564
3411 3.223096e-06
3412 5.566155e-12
3413 0.4707402
3414 0.003626935
3415 0.05380913
3416 6.645867e-08
3417 0.03116479
3418 3.676573e-06
3419 9.308912e-06
3420 2.704852e-05
3421 0.1407322
3422 0.001166655
3423 5.169297e-05
3424 9.688102e-05
3425 0.2194505
3426 7.630893e-09
3427 0.01359249
3428 4.602915e-05
3429 2.817857e-06
3430 9.575722e-10
3431 0.0001182083
3432 1.019816e-11
3433 2.418532e-06
3434 1.820961e-07
3435 2.553536e-06
3436 4.662446e-08
3437 0.6617803
3438 7.567751e-11
3439 0.5112077
3440 0.00145474
3441 1.944158e-05
3442 0.04237056
3443 0.2015902
3444 2.252898e-11
3445 1.027565e-12
3446 0.2772078
3447 0.01423485
3448 0.002590366
3449 0.01498619
3450 0.002464236
3451 0.6804315
3452 7.244725e-13
3453 0.03373702
3454 0.1110892
3455 3.472204e-06
3456 6.233609e-05
3457 1.216061e-09
3458 0.6505823
3459 0.02537918
3460 0.03068235
3461 0.0001303784
3462 1.226573e-09
3463 0.0004660267
3464 0.08867763
3465 0.0001102241
3466 5.963103e-06
3467 0.04421443
3468 0.03715919
3469 0.1557884
3470 0.04987341
3471 0.5749872
3472 4.921963e-05
3473 0.00587053
3474 0.8930782
3475 0.000682488
3476 0.009644592
3477 0.0001371507
3478 3.161421e-05
3479 0.1739609
3480 0.0841291
3481 3.515765e-06
3482 0.01046623
3483 1.546238e-10
3484 2.038436e-07
3485 0.0876544
3486 0.002161569
3487 0.004652138
3488 0.01679682
3489 4.917021e-05
3490 1.101802e-06
3491 0.002028311
3492 0.0001218753
3493 0.0001665481
3494 0.03119249
3495 5.69599e-07
3496 0.0574139
3497 0.04939386
3498 0.1994398
3499 0.001318988
3500 0.4604374
3501 0.1736633
3502 2.954694e-09
3503 0.300311
3504 0.3489603
3505 0.3755009
3506 1.376675e-09
3507 0.1069019
3508 0.0001559016
3509 1.295456e-07
3510 0.02788308
3511 0.001466578
3512 0.0009563312
3513 0.07901587
3514 0.02390154
3515 9.232679e-05
3516 0.0007333786
3517 0.6652586
3518 0.002437485
3519 0.0008517774
3520 0.0004543903
3521 0.1006516
3522 0.0005200753
3523 1.418713e-05
3524 5.110352e-10
3525 2.316783e-16
3526 5.804661e-08
3527 0.05898481
3528 0.0004825716
3529 8.199981e-05
3530 2.182463e-18
3531 0.0007372605
3532 0.02133612
3533 0.0295501
3534 1.033693e-08
3535 4.53747e-22
3536 3.760395e-08
3537 0.002032627
3538 0.004845539
3539 0.0002168242
3540 0.002258058
3541 0.0004893524
3542 4.71423e-05
3543 4.244758e-10
3544 1.761441e-10
3545 0.6271697
3546 0.01470901
3547 0.000100129
3548 3.045856e-13
3549 5.250223e-08
3550 8.282222e-11
3551 0.0004151267
3552 0.01884168
3553 0.1198547
3554 1.036654e-06
3555 0.0003509445
3556 5.196273e-07
3557 0.0002128
3558 0.2417797
3559 0.0001898436
3560 0.002309727
3561 1.660478e-05
3562 2.795525e-11
3563 0.5491779
3564 0.0005173176
3565 0.01395059
3566 8.854246e-07
3567 0.001736356
3568 6.518982e-12
3569 0.0002022866
3570 1.599222e-05
3571 0.003022006
3572 8.72809e-05
3573 0.007629699
3574 1.667149e-06
3575 1.330867e-11
3576 3.301913e-09
3577 2.714105e-05
3578 0.5020604
3579 0.006831886
3580 1.518706e-09
3581 0.00244674
3582 5.259599e-11
3583 0.03637548
3584 9.067739e-07
3585 7.509211e-05
3586 0.001137679
3587 9.713034e-10
3588 0.003904498
3589 4.625512e-06
3590 0.7988425
3591 0.0002161479
3592 0.09151149
3593 0.4132293
3594 0.00965831
3595 2.267965e-05
3596 0.009848282
3597 5.575722e-07
3598 0.0003205557
3599 5.598224e-06
3600 6.833017e-06
3601 0.002711652
3602 2.671183e-07
3603 4.008837e-07
3604 0.02795891
3605 0.9841565
3606 0.5437866
3607 0.02672932
3608 0.03855914
3609 0.0002436402
3610 0.7307319
3611 8.356105e-08
3612 1.212526e-05
3613 8.411692e-15
3614 0.001159173
3615 4.756398e-05
3616 1.054116e-13
3617 0.003329523
3618 3.040059e-05
3619 1.772279e-05
3620 0.06372054
3621 0.06448343
3622 0.001573204
3623 6.864389e-05
3624 0.007842434
3625 0.3781695
3626 8.98729e-10
3627 6.981269e-08
3628 0.03128527
3629 5.805642e-14
3630 0.6904571
3631 0.2457431
3632 0.0005294381
3633 0.660245
3634 3.831781e-13
3635 0.1120179
3636 0.0003014314
3637 0.0660668
3638 0.1790465
3639 0.000148725
3640 1.960372e-10
3641 0.03873295
3642 0.04589896
3643 0.01012991
3644 0.01311172
3645 0.007739789
3646 0.01195669
3647 0.003755535
3648 1.730263e-10
3649 0.009953382
3650 0.3870495
3651 2.102032e-16
3652 0.1212285
3653 2.799343e-05
3654 4.019407e-15
3655 2.844825e-06
3656 6.742457e-07
3657 1.488442e-06
3658 2.62413e-12
3659 4.055779e-09
3660 0.002440534
3661 5.416569e-06
3662 0.0003616915
3663 0.02656341
3664 0.006938486
3665 2.308394e-08
3666 3.883927e-07
3667 0.03931157
3668 0.2570209
3669 1.252723e-10
3670 0.002375887
3671 5.214015e-10
3672 0.01293674
3673 0.006519781
3674 0.003746234
3675 0.000253607
3676 0.7930126
3677 4.95797e-05
3678 5.603165e-08
3679 1.940848e-08
3680 2.410871e-07
3681 2.211382e-11
3682 1.397572e-06
3683 0.004810616
3684 5.045818e-14
3685 0.001023729
3686 0.9925401
3687 0.01934842
3688 0.04528049
3689 0.1049237
3690 4.448109e-08
3691 2.539912e-11
3692 0.01403194
3693 0.06363312
3694 0.004872908
3695 0.2565112
3696 0.2210398
3697 0.07241346
3698 1.369925e-05
3699 0.9946804
3700 0.7372558
3701 4.06569e-08
3702 7.007513e-13
3703 0.312127
3704 0.2868033
3705 0.001031237
3706 0.006914624
3707 0.1668721
3708 5.129081e-08
3709 4.22147e-06
3710 0.1190416
3711 2.124069e-09
3712 4.278036e-08
3713 4.818881e-05
3714 0.0007112019
3715 0.3403139
3716 0.3615727
3717 0.0001377885
3718 0.07890012
3719 0.02685626
3720 5.350807e-05
3721 1.09111e-07
3722 0.03152905
3723 0.003895191
3724 0.6207999
3725 0.3644193
3726 0.00238619
3727 0.6764557
3728 0.3904034
3729 0.7625634
3730 0.07070761
3731 0.07258139
3732 0.1379363
3733 0.2053331
3734 0.06699463
3735 0.1155235
3736 0.3431529
3737 0.2002741
3738 3.670164e-12
3739 0.02252006
3740 0.003799381
3741 0.0002243329
3742 1.87197e-07
3743 3.755625e-06
3744 0.5018829
3745 0.03799513
3746 0.1144577
3747 0.002632009
3748 0.08101234
3749 0.3576723
3750 0.006075555
3751 0.1668446
3752 0.5200587
3753 7.622258e-23
3754 0.001295436
3755 0.008535457
3756 5.24733e-11
3757 0.02195618
3758 0.009823069
3759 1.011154e-05
3760 0.06016999
3761 0.01819276
3762 0.0001534849
3763 3.751713e-09
3764 3.196909e-12
3765 2.768764e-09
3766 4.343368e-09
3767 0.4276906
3768 1.457071e-05
3769 5.392376e-09
3770 0.0001651552
3771 1.657125e-05
3772 0.005557884
3773 0.04829276
3774 0.01340021
3775 0.121528
3776 0.0135337
3777 4.640841e-13
3778 0.02991792
3779 0.004437855
3780 4.611439e-19
3781 0.006242339
3782 0.2123579
3783 4.789555e-07
3784 0.0003877814
3785 3.817975e-08
3786 0.4128978
3787 0.0001729183
3788 0.6086624
3789 1.066271e-12
3790 0.047032
3791 0.04699066
3792 0.2918427
3793 1.688473e-06
3794 6.017148e-10
3795 0.06399711
3796 8.163865e-07
3797 0.00155319
3798 8.041909e-10
3799 0.01085555
3800 0.00412972
3801 0.2586484
3802 5.628502e-06
3803 0.003021891
3804 0.7143841
3805 0.02665836
3806 0.6590827
3807 1.58015e-07
3808 2.164216e-05
3809 0.06939721
3810 0.4163146
3811 0.002102201
3812 4.334509e-05
3813 0.1438319
3814 0.001124271
3815 0.0355327
3816 0.002354033
3817 0.1760585
3818 0.02946488
3819 0.03068746
3820 1.16611e-15
3821 0.1040873
3822 0.009797732
3823 0.0004545343
3824 1.599662e-07
3825 9.204548e-08
3826 8.431744e-17
3827 0.0008090204
3828 2.199236e-10
3829 1.141313e-11
3830 0.0009764518
3831 1.817972e-08
3832 1.240103e-08
3833 0.02590604
3834 0.01554622
3835 0.8021683
3836 0.08138778
3837 9.142644e-09
3838 0.1485999
3839 0.01892376
3840 0.08738212
3841 0.530902
3842 3.221952e-06
3843 0.001034751
3844 0.02475471
3845 0.3405561
3846 0.04171422
3847 6.617389e-07
3848 0.006998758
3849 0.1322796
3850 6.490835e-05
3851 2.791711e-05
3852 0.004395533
3853 2.111181e-05
3854 0.03710048
3855 0.09102388
3856 0.002704146
3857 0.1113462
3858 0.0001682256
3859 0.04282921
3860 0.0009181481
3861 0.02091269
3862 0.001499731
3863 0.01144925
3864 1.750531e-10
3865 0.004123211
3866 0.006577006
3867 0.001639264
3868 4.366252e-07
3869 0.02950999
3870 0.1331745
3871 1.201665e-09
3872 0.3426538
3873 0.107475
3874 0.0937797
3875 4.609026e-05
3876 3.59313e-08
3877 0.8325225
3878 0.009604702
3879 0.001657797
3880 0.005655631
3881 2.077915e-07
3882 9.465503e-06
3883 3.82067e-11
3884 0.01008961
3885 0.002038066
3886 0.0006364667
3887 7.728981e-22
3888 0.004540279
3889 0.0004932625
3890 0.001880476
3891 1.503162e-06
3892 2.105506e-08
3893 0.005966774
3894 0.005873851
3895 0.0009528685
3896 0.6274199
3897 0.03582301
3898 0.05196418
3899 2.014706e-10
3900 0.00124106
3901 0.4549321
3902 0.0004156327
3903 0.001748454
3904 2.475188e-08
3905 0.09061946
3906 0.012743
3907 0.0007684768
3908 0.002506963
3909 0.0001044233
3910 7.669568e-08
3911 0.20105
3912 3.583255e-07
3913 4.285602e-09
3914 6.570457e-05
3915 0.3138847
3916 1.381602e-15
3917 0.00106276
3918 0.001411846
3919 0.0002057441
3920 1.102598e-06
3921 4.137795e-08
3922 0.6254717
3923 0.0006314884
3924 0.0001152808
3925 2.465537e-09
3926 0.002170087
3927 1.007247e-09
3928 1.834299e-06
3929 0.01096199
3930 3.005407e-07
3931 0.0001268015
3932 1.408051e-07
3933 1.927653e-09
3934 5.584138e-06
3935 1.929589e-06
3936 0.007961941
3937 0.0001578203
3938 4.180673e-05
3939 0.0001081144
3940 1.130362e-06
3941 0.5090343
3942 0.1940497
3943 0.01455911
3944 0.07996101
3945 0.0005682046
3946 0.0009679933
3947 1.937736e-11
3948 0.0005761309
3949 0.0363117
3950 0.000689587
3951 3.453837e-11
3952 1.682956e-10
3953 0.02051966
3954 0.01210804
3955 0.01013053
3956 6.702467e-10
3957 0.01326411
3958 0.07216241
3959 2.307431e-05
3960 1.972492e-06
3961 0.000829282
3962 0.02097497
3963 0.1153821
3964 1.287856e-07
3965 5.848846e-05
3966 0.006670538
3967 0.0004149932
3968 0.03764211
3969 0.005083333
3970 0.3459307
3971 0.516226
3972 0.02661657
3973 0.07028168
3974 0.5498637
3975 0.002112581
3976 2.788975e-05
3977 3.593219e-06
3978 0.1035305
3979 2.925568e-14
3980 0.01450257
3981 0.2287493
3982 0.002025999
3983 2.009612e-15
3984 0.256585
3985 1.73464e-10
3986 2.393989e-07
3987 3.923785e-08
3988 3.825718e-17
3989 0.02793674
3990 0.009817352
3991 0.04116332
3992 0.0001320307
3993 0.1135744
3994 3.096513e-05
3995 0.04090946
3996 7.18227e-05
3997 0.02581691
3998 0.1583259
3999 0.4664129
4000 0.8262959
4001 8.525137e-05
4002 9.577564e-06
4003 2.178236e-05
4004 0.4698685
4005 2.975161e-06
4006 3.02363e-11
4007 0.0001693434
4008 0.0003955057
4009 0.9057082
4010 6.930916e-06
4011 3.50046e-07
4012 0.001059715
4013 0.108703
4014 8.785089e-06
4015 0.2472756
4016 0.155967
4017 0.03357214
4018 0.1109595
4019 0.7694952
4020 0.0001304352
4021 0.1108922
4022 0.008049832
4023 4.552283e-11
4024 0.003091443
4025 0.0004744525
4026 0.2676792
4027 0.002805791
4028 1.585919e-06
4029 1.535903e-26
4030 0.05058472
4031 0.0003308788
4032 0.0005121021
4033 0.004789892
4034 0.1516407
4035 5.572227e-06
4036 2.41881e-17
4037 3.847467e-11
4038 0.1204952
4039 0.001099344
4040 3.896476e-05
4041 5.730741e-11
4042 2.68058e-05
4043 0.000533376
4044 2.235367e-07
4045 0.01172972
4046 1.670975e-06
4047 7.691157e-11
4048 1.175146e-07
4049 2.971629e-15
4050 3.632611e-05
4051 2.188182e-11
4052 2.766048e-15
4053 5.722482e-09
4054 5.769003e-07
4055 0.01602521
4056 0.05126012
4057 0.06134259
4058 0.01930503
4059 0.0198709
4060 0.1252469
4061 5.61486e-12
4062 3.311566e-06
4063 0.001179587
4064 0.04715556
4065 1.330393e-14
4066 4.080829e-06
4067 0.01085219
4068 0.1622532
4069 4.077428e-12
4070 0.0001898771
4071 0.01077796
4072 0.01278839
4073 3.219821e-05
4074 1.442567e-18
4075 0.001914509
4076 0.2372502
4077 0.1380867
4078 2.34314e-20
4079 0.0245225
4080 1.479769e-06
4081 0.3654575
4082 0.03734991
4083 2.770867e-05
4084 0.0004691891
4085 0.1321248
4086 0.1032421
4087 0.002644446
4088 0.001069185
4089 2.397752e-07
4090 4.552105e-07
4091 0.001778573
4092 0.03715726
4093 0.005574295
4094 0.4678753
4095 0.006763242
4096 6.908935e-10
4097 1.262313e-07
4098 0.001153783
4099 0.1399027
4100 0.04461886
4101 5.962981e-10
4102 0.01004589
4103 0.0004441923
4104 0.008371463
4105 0.00641038
4106 0.0005935988
4107 0.00194025
4108 0.09242794
4109 6.793688e-13
4110 0.5112869
4111 0.08555149
4112 3.684614e-05
4113 0.09555941
4114 0.1369798
4115 0.008634922
4116 4.105701e-07
4117 0.05649276
4118 0.001200808
4119 4.436526e-07
4120 0.005645835
4121 0.3086938
4122 4.742757e-08
4123 8.028059e-08
4124 0.0005427188
4125 0.3076137
4126 0.0003766287
4127 0.01097573
4128 0.08315563
4129 0.6983923
4130 0.1600121
4131 0.002193674
4132 3.675616e-10
4133 0.05416962
4134 1.89438e-09
4135 0.4943595
4136 1.365132e-10
4137 0.1640592
4138 0.1207821
4139 8.169605e-13
4140 0.02757535
4141 6.505816e-07
4142 0.02442631
4143 1.030788e-09
4144 0.002858204
4145 0.05085619
4146 0.04305636
4147 6.709542e-15
4148 0.001710474
4149 0.01117891
4150 0.4130757
4151 7.849165e-09
4152 0.005837889
4153 0.0004649291
4154 3.628129e-16
4155 0.09152804
4156 0.08604058
4157 0.0001745597
4158 1.164057e-06
4159 3.048083e-05
4160 0.3209828
4161 0.02383389
4162 6.971787e-07
4163 0.08814016
4164 0.02572281
4165 0.4123065
4166 0.2763722
4167 0.001336253
4168 1.194817e-07
4169 0.01778879
4170 3.497421e-06
4171 0.04669753
4172 0.0005593385
4173 1.205696e-06
4174 0.003159573
4175 2.174703e-10
4176 6.406093e-12
4177 0.08015146
4178 0.1204499
4179 0.05501367
4180 0.005188078
4181 0.0007983751
4182 8.24869e-15
4183 2.071917e-08
4184 0.6122293
4185 0.03240944
4186 0.001979596
4187 3.584619e-07
4188 6.76659e-09
4189 0.06467572
4190 5.317737e-13
4191 2.457509e-08
4192 0.3917537
4193 0.07011491
4194 0.09698478
4195 0.002121008
4196 0.007106802
4197 4.149501e-07
4198 0.3363815
4199 1.128546e-07
4200 0.1302637
4201 0.211531
4202 0.07951218
4203 1.922305e-16
4204 1.709427e-06
4205 2.484755e-13
4206 0.09378669
4207 0.00636707
4208 0.402791
4209 3.094185e-08
4210 0.01586042
4211 5.873214e-07
4212 9.124429e-08
4213 0.002688698
4214 0.5281073
4215 9.758055e-05
4216 0.1337588
4217 1.852928e-07
4218 0.02446705
4219 0.002755297
4220 1.298117e-09
4221 0.9268518
4222 2.712497e-06
4223 0.6005823
4224 0.3792747
4225 0.0002310348
4226 0.002430671
4227 0.0004638626
4228 0.003609414
4229 0.04533455
4230 1.943733e-08
4231 0.288242
4232 8.146622e-12
4233 5.644275e-06
4234 0.08482806
4235 0.4536931
4236 4.736864e-06
4237 0.3689811
4238 8.514599e-15
4239 1.95735e-06
4240 0.3089824
4241 0.003627413
4242 0.02807229
4243 0.02608816
4244 0.07610093
4245 1.160805e-07
4246 0.8821015
4247 2.604489e-05
4248 0.3326693
4249 0.4222693
4250 1.394093e-05
4251 1.724251e-06
4252 0.2120932
4253 0.002893417
4254 0.2106121
4255 4.937453e-06
4256 0.002710762
4257 1.700113e-08
4258 0.002373893
4259 2.076151e-06
4260 0.5080874
4261 0.455175
4262 1.31538e-09
4263 0.001028194
4264 1.802727e-17
4265 0.1201681
4266 0.3154967
4267 0.4034111
4268 0.0175793
4269 4.373696e-17
4270 5.348283e-07
4271 1.763176e-11
4272 3.347477e-21
4273 0.3665643
4274 0.3419441
4275 3.442794e-07
4276 0.2357654
4277 0.05559275
4278 0.01097036
4279 0.000233173
4280 0.1560721
4281 5.078841e-06
4282 0.007899703
4283 0.02983539
4284 0.424628
4285 0.0001384042
4286 0.1333661
4287 4.917583e-15
4288 2.334566e-09
4289 4.93616e-17
4290 2.056898e-06
4291 1.788578e-12
4292 0.0547026
4293 5.557476e-06
4294 0.04920286
4295 1.431722e-12
4296 0.002374771
4297 0.006357465
4298 0.01461787
4299 4.703724e-09
4300 0.6170226
4301 2.758886e-19
4302 1.833499e-05
4303 0.2948316
4304 7.898783e-09
4305 6.588093e-14
4306 0.01466868
4307 3.904512e-07
4308 0.01925479
4309 0.1296991
4310 1.14749e-09
4311 8.30625e-06
4312 0.07485489
4313 0.3001327
4314 1.326573e-09
4315 0.08075497
4316 0.0823814
4317 0.1816934
4318 1.946937e-13
4319 0.000340582
4320 0.0002535061
4321 4.658292e-14
4322 4.426531e-09
4323 0.9886938
4324 0.08425094
4325 3.121474e-07
4326 0.4241664
4327 0.1622764
4328 1.422874e-05
4329 0.0007273275
4330 2.601837e-05
4331 0.008026965
4332 0.6251982
4333 1.204242e-14
4334 0.1514511
4335 5.185242e-05
4336 0.1896922
4337 2.354676e-05
4338 0.6059125
4339 0.5303004
4340 0.03183935
4341 2.757243e-06
4342 0.9894859
4343 1.38918e-09
4344 0.007570253
4345 9.388223e-08
4346 0.004041158
4347 9.151516e-06
4348 0.3139789
4349 0.02421989
4350 2.619807e-06
4351 0.3158046
4352 4.687255e-05
4353 0.0004295475
4354 1.46089e-07
4355 0.03993393
4356 0.5480807
4357 0.008490105
4358 6.966279e-05
4359 0.3163182
4360 0.3126913
4361 0.0002197201
4362 0.003672396
4363 3.128215e-10
4364 9.349496e-08
4365 0.006059826
4366 1.553847e-06
4367 0.007289205
4368 0.04517103
4369 6.983635e-06
4370 7.427937e-12
4371 0.002943311
4372 0.2996422
4373 2.24153e-05
4374 0.0006846916
4375 0.8184675
4376 0.7531619
4377 0.01941801
4378 0.0005282884
4379 0.0001367548
4380 0.2563925
4381 0.0002206484
4382 8.428334e-14
4383 0.008253109
4384 5.844306e-07
4385 1.188662e-12
4386 0.0002437929
4387 0.01699066
4388 4.239566e-11
4389 0.01010025
4390 1.704821e-07
4391 0.005604098
4392 0.9052623
4393 2.781942e-06
4394 0.004603042
4395 5.157199e-11
4396 4.107833e-06
4397 1.918581e-09
4398 0.1618534
4399 0.165253
4400 2.276608e-09
4401 4.114061e-06
4402 0.3571851
4403 0.008586708
4404 0.003090824
4405 0.000124026
4406 0.002126339
4407 0.000166901
4408 0.00115446
4409 3.127798e-05
4410 0.01686536
4411 5.775841e-07
4412 0.01400028
4413 3.849022e-12
4414 8.29674e-09
4415 0.07432992
4416 1.780335e-07
4417 1.102257e-06
4418 0.003818104
4419 1.060224e-10
4420 0.001549133
4421 0.4621187
4422 0.0005080921
4423 3.672991e-07
4424 0.007446688
4425 0.001083188
4426 0.4500926
4427 0.6120519
4428 0.7974738
4429 0.7834506
4430 0.02338253
4431 0.003155765
4432 0.0003961913
4433 0.02555254
4434 3.685118e-08
4435 0.0587502
4436 3.056842e-05
4437 3.489721e-14
4438 0.4888031
4439 0.07527562
4440 2.467601e-10
4441 0.001964923
4442 0.03131906
4443 6.046063e-06
4444 0.002149837
4445 0.3526438
4446 0.0001154728
4447 6.86001e-11
4448 0.01155905
4449 2.974252e-07
4450 0.0007146393
4451 0.3120456
4452 0.05978253
4453 9.57695e-09
4454 0.5451888
4455 0.01322719
4456 0.1602465
4457 1.712336e-05
4458 0.08900516
4459 0.02368057
4460 0.001221955
4461 0.0280794
4462 0.09473863
4463 0.005476572
4464 0.5213948
4465 0.4531265
4466 0.5782628
4467 0.06843495
4468 0.08673397
4469 0.04995534
4470 0.1690264
4471 9.124473e-05
4472 3.123565e-11
4473 0.0005829127
4474 0.01058334
4475 0.2201541
4476 0.01434115
4477 0.01883024
4478 8.487818e-12
4479 8.993021e-06
4480 0.004053515
4481 2.243418e-07
4482 2.438033e-11
4483 0.1579205
4484 3.831795e-06
4485 2.506224e-09
4486 0.004019845
4487 0.0001422742
4488 2.593372e-13
4489 0.003271978
4490 0.000906979
4491 1.039611e-10
4492 5.03125e-10
4493 0.0009388736
4494 0.005494053
4495 4.817774e-08
4496 3.368961e-06
4497 0.6173167
4498 0.01532229
4499 0.3443768
4500 0.004473838
4501 0.2648794
4502 0.2551587
4503 0.1769492
4504 0.2840403
4505 0.02436997
4506 0.8653744
4507 0.03596704
4508 0.02056101
4509 0.001320496
4510 0.09977026
4511 0.0007500163
4512 1.103189e-09
4513 8.875648e-05
4514 0.03668744
4515 9.353848e-08
4516 6.164617e-05
4517 7.474491e-06
4518 0.01930567
4519 0.1152476
4520 0.3262445
4521 0.001542044
4522 0.1249087
4523 1.123088e-08
4524 0.00444289
4525 0.6023642
4526 0.3031625
4527 0.3315295
4528 0.50671
4529 8.942869e-06
4530 0.6540657
4531 1.391179e-06
4532 0.1227397
4533 0.008349756
4534 1.237999e-05
4535 0.0002548626
4536 0.09331472
4537 0.0006987155
4538 1.017018e-12
4539 0.003230078
4540 0.4276133
4541 0.001212469
4542 7.551378e-05
4543 0.1213772
4544 1.045127e-06
4545 0.862964
4546 0.0009852482
4547 2.315146e-06
4548 0.02427335
4549 0.008677772
4550 0.0002178815
4551 2.10013e-05
4552 0.910168
4553 0.3223021
4554 0.1320988
4555 6.344796e-07
4556 0.0003131746
4557 0.0181462
4558 2.310557e-11
4559 0.001654118
4560 0.05285824
4561 7.261608e-07
4562 0.001925615
4563 1.52369e-06
4564 0.4117992
4565 1.325252e-09
4566 0.000369598
4567 6.216353e-07
4568 0.001569338
4569 0.114816
4570 0.001972286
4571 0.0001526431
4572 6.36552e-10
4573 2.421907e-08
4574 1.493768e-06
4575 3.967764e-08
4576 0.0001805811
4577 0.0006893013
4578 7.216884e-06
4579 0.006831767
4580 2.831815e-12
4581 2.703109e-06
4582 0.000207188
4583 6.222015e-05
4584 0.01895502
4585 1.333462e-11
4586 0.003023288
4587 0.6599884
4588 0.09076569
4589 0.005834798
4590 0.00054669
4591 0.0008196672
4592 7.047067e-05
4593 0.7417445
4594 0.02591048
4595 8.443736e-06
4596 0.08669767
4597 0.008633269
4598 1.39104e-14
4599 4.35677e-08
4600 3.776731e-06
4601 0.1267605
4602 0.004357528
4603 4.034454e-07
4604 2.126214e-05
4605 0.01325857
4606 0.8095827
4607 0.1629502
4608 0.152535
4609 0.004312641
4610 0.01636771
4611 0.06446353
4612 1.722607e-06
4613 0.46222
4614 0.0009994478
4615 0.2640744
4616 7.565088e-08
4617 0.0003529179
4618 0.002958384
4619 0.0003462833
4620 0.01077215
4621 0.5222679
4622 0.01753591
4623 4.214537e-07
4624 0.02774373
4625 1.154524e-06
4626 7.239148e-12
4627 2.202592e-07
4628 7.376237e-06
4629 0.001414834
4630 6.141721e-05
4631 0.01188077
4632 8.306112e-12
4633 1.187445e-08
4634 1.614331e-06
4635 5.115611e-07
4636 0.004517577
4637 9.570037e-05
4638 0.7657139
4639 0.0004576687
4640 0.6912404
4641 1.586681e-05
4642 0.0755002
4643 0.001264383
4644 0.05903595
4645 1.235209e-07
4646 0.007372503
4647 0.02479087
4648 3.318383e-05
4649 0.7928766
4650 0.1200195
4651 0.5120714
4652 0.02317569
4653 0.0008969374
4654 0.5292934
4655 0.1039228
4656 0.02441222
4657 7.659457e-07
4658 4.218268e-13
4659 1.269465e-09
4660 0.05390799
4661 1.1931e-08
4662 0.02881481
4663 0.1539756
4664 0.2561984
4665 0.09456386
4666 3.984447e-12
4667 0.002916702
4668 0.2143583
4669 0.1423153
4670 0.005800883
4671 0.5980944
4672 0.0009778789
4673 0.002184796
4674 7.802947e-11
4675 1.164615e-06
4676 0.05165677
4677 0.6201095
4678 1.021542e-05
4679 9.675398e-20
4680 5.173713e-05
4681 0.1364434
4682 0.000445527
4683 0.005543985
4684 6.803191e-05
4685 0.000186573
4686 0.06521117
4687 0.0002242884
4688 7.18133e-05
4689 0.007507958
4690 3.784879e-10
4691 1.476532e-06
4692 0.173807
4693 1.458796e-08
4694 0.2004775
4695 5.136713e-06
4696 3.458675e-06
4697 0.04531049
4698 0.2268135
4699 0.004395617
4700 0.3661005
4701 0.002261107
4702 0.4540118
4703 1.996688e-06
4704 4.279398e-12
4705 0.167255
4706 0.01677286
4707 7.146342e-09
4708 0.600739
4709 0.02905181
4710 0.0001377024
4711 0.0005145994
4712 0.01595836
4713 7.777798e-11
4714 0.0341372
4715 0.659077
4716 0.4144705
4717 0.2617911
4718 0.04024982
4719 4.028289e-05
4720 0.3773568
4721 1.207641e-07
4722 2.348848e-14
4723 1.017511e-05
4724 1.882073e-08
4725 0.003248729
4726 0.1036478
4727 0.4550657
4728 0.09426177
4729 1.383202e-10
4730 4.522631e-12
4731 0.006469211
4732 0.03536795
4733 0.0003156895
4734 0.005508326
4735 0.03518384
4736 0.06868176
4737 0.1504645
4738 0.03356259
4739 0.2809399
4740 2.949802e-12
4741 0.2128922
4742 0.07467391
4743 0.003363107
4744 2.945854e-07
4745 5.328134e-05
4746 1.891231e-05
4747 0.007384485
4748 0.005483124
4749 1.124971e-07
4750 0.01009075
4751 0.002411625
4752 0.01025672
4753 0.0003863846
4754 0.003244189
4755 0.4675812
4756 0.01093057
4757 0.005394783
4758 0.002150448
4759 3.741846e-05
4760 3.637153e-06
4761 0.002982007
4762 0.05660071
4763 0.0006526088
4764 0.6207535
4765 0.0001019545
4766 0.04500305
4767 2.664145e-08
4768 0.0009426796
4769 4.013274e-05
4770 5.739351e-06
4771 5.361732e-22
4772 0.09920357
4773 0.3107521
4774 0.001841726
4775 8.981656e-12
4776 0.0006771587
4777 0.8032472
4778 0.0100412
4779 0.02079049
4780 0.04363069
4781 0.001099954
4782 0.005411567
4783 1.549083e-05
4784 1.802477e-07
4785 0.004317424
4786 0.6104757
4787 7.76805e-07
4788 0.0004515596
4789 4.753238e-06
4790 1.305148e-07
4791 0.1803699
4792 1.255671e-07
4793 0.0002849815
4794 5.730073e-14
4795 0.03783162
4796 0.0003362476
4797 0.01708472
4798 1.372382e-08
4799 3.802495e-05
4800 3.433216e-05
4801 1.144208e-13
4802 0.01240424
4803 3.571365e-17
4804 2.436217e-05
4805 3.572383e-07
4806 0.01620748
4807 0.003166069
4808 1.178121e-18
4809 2.483161e-07
4810 0.001089743
4811 0.0006539781
4812 7.097529e-29
4813 0.3211361
4814 4.337993e-07
4815 5.970676e-08
4816 3.030122e-12
4817 0.008145097
4818 0.2753788
4819 1.340866e-06
4820 6.767089e-06
4821 4.861873e-05
4822 0.006380972
4823 6.460474e-05
4824 5.651184e-06
4825 0.7319512
4826 6.781439e-06
4827 0.005345317
4828 1.385589e-11
4829 0.002123695
4830 6.628369e-05
4831 0.07947784
4832 0.02703036
4833 8.206381e-11
4834 0.01028666
4835 0.5919871
4836 0.001458919
4837 0.9924325
4838 0.000557395
4839 0.1584388
4840 4.239095e-07
4841 0.008555373
4842 0.0005576749
4843 0.03365272
4844 0.0009997193
4845 4.146366e-08
4846 0.1345793
4847 0.0004961941
4848 0.3437172
4849 7.093549e-09
4850 0.04971686
4851 2.744347e-05
4852 0.007351039
4853 2.599614e-06
4854 0.001008337
4855 0.001248042
4856 6.00103e-05
4857 5.029861e-07
4858 2.350243e-11
4859 1.415482e-35
4860 5.700617e-08
4861 0.3479453
4862 0.001067463
4863 0.006449708
4864 8.241866e-13
4865 0.002992592
4866 0.01860608
4867 0.4749763
4868 0.6427116
4869 0.004822702
4870 0.9124129
4871 1.544204e-06
4872 0.001084242
4873 3.256092e-06
4874 2.412095e-09
4875 5.494855e-06
4876 0.5946187
4877 0.04191703
4878 1.959155e-08
4879 9.916682e-06
4880 2.551952e-06
4881 0.5060285
4882 0.0005682522
4883 0.0009534579
4884 5.793194e-06
4885 0.009302818
4886 0.03603491
4887 0.0003338321
4888 0.6555532
4889 0.004203696
4890 0.08927969
4891 0.07943249
4892 0.3574892
4893 0.0009468038
4894 0.0006940121
4895 0.09411509
4896 6.988799e-11
4897 3.471277e-05
4898 5.033046e-13
4899 2.618046e-08
4900 1.776117e-06
4901 5.464478e-07
4902 0.0001177435
4903 0.01207047
4904 0.5555495
4905 2.061164e-05
4906 0.7973651
4907 0.3262561
4908 0.01180875
4909 0.04434963
4910 0.7939846
4911 3.766899e-05
4912 0.964647
4913 7.736241e-09
4914 0.06860311
4915 1.582431e-05
4916 0.007920832
4917 1.657495e-05
4918 1.337035e-06
4919 4.622493e-12
4920 0.006125308
4921 0.0005189434
4922 0.01062135
4923 6.075245e-07
4924 0.147199
4925 7.037027e-05
4926 0.04292674
4927 0.03290361
4928 3.141547e-09
4929 2.457236e-05
4930 0.1083667
4931 0.003503193
4932 0.6922615
4933 0.07047666
4934 0.0006118617
4935 0.0005930464
4936 0.002923956
4937 9.084889e-06
4938 0.2490515
4939 0.3481221
4940 1.736917e-06
4941 0.7110231
4942 0.0510952
4943 1.256244e-07
4944 0.01090876
4945 0.09464469
4946 6.403423e-06
4947 0.1073735
4948 2.274878e-08
4949 4.621662e-05
4950 1.073178e-06
4951 0.6173673
4952 0.09148596
4953 0.06751354
4954 1.213871e-07
4955 0.0004087253
4956 0.9164629
4957 0.0984915
4958 0.3330894
4959 9.295083e-10
4960 0.002230128
4961 0.4789913
4962 0.1870452
4963 0.3446225
4964 0.0001809897
4965 0.4292031
4966 0.2350174
4967 8.99666e-05
4968 0.0008948536
4969 0.001057104
4970 6.119211e-07
4971 0.007474907
4972 0.02926571
4973 0.04403086
4974 0.001956257
4975 0.01084139
4976 0.005483282
4977 0.09157923
4978 8.015363e-07
4979 2.658332e-05
4980 2.367139e-05
4981 0.0108919
4982 2.380154e-05
4983 1.532525e-08
4984 0.3025096
4985 2.004035e-06
4986 1.255388e-05
4987 0.002275097
4988 0.0005090397
4989 0.06926256
4990 5.173913e-10
4991 0.002825531
4992 8.219286e-10
4993 0.202364
4994 0.01071829
4995 0.1143997
4996 0.362586
4997 0.002831321
4998 2.193432e-10
4999 5.681969e-10
5000 1.393662e-19
