1 0.812
2 0.234
3 0.356
4 0.755
5 0.005
6 0.105
7 0.005
8 0.602
9 0.024
10 0.805
11 0.203
12 0.203
13 0.355
14 0.085
15 0.379
16 0.842
17 0.054
18 0.888
19 0.074
20 0.134
21 0.132
22 0.066
23 0.155
24 0.219
25 0.035
26 0.037
27 0
28 0.007
29 0.807
30 0.074
31 0.628
32 0.802
33 0.252
34 0.002
35 0.537
36 0.59
37 0.444
38 0.263
39 0.263
40 0.005
41 0.155
42 0.592
43 0.479
44 0.789
45 0.007
46 0.02
47 0.977
48 0.012
49 0.552
50 0.404
51 0.062
52 0.442
53 0.222
54 0.033
55 0.363
56 0.368
57 0.008
58 0.184
59 0.625
60 0
61 0.165
62 0.055
63 0.641
64 0.188
65 0.683
66 0.049
67 0.032
68 0.573
69 0.074
70 0
71 0.683
72 0.617
73 0.001
74 0.285
75 0.7
76 0.116
77 0.507
78 0.537
79 0.48
80 0.124
81 0.83
82 0.34
83 0.298
84 0.685
85 0.449
86 0.37
87 0.218
88 0.632
89 0.348
90 0.005
91 0.007
92 0.272
93 0.77
94 0.22
95 0.728
96 0.098
97 0.569
98 0
99 0.825
100 0.427
101 0.015
102 0.15
103 0.042
104 0.046
105 0.496
106 0.155
107 0.011
108 0.567
109 0.49
110 0.029
111 0.87
112 0.124
113 0.218
114 0.374
115 0.497
116 0.134
117 0.325
118 0.222
119 0.291
120 0.084
121 0.002
122 0.342
123 0.35
124 0.059
125 0.327
126 0.329
127 0.544
128 0.044
129 0.391
130 0.214
131 0.049
132 0.855
133 0.02
134 0.011
135 0
136 0.122
137 0.001
138 0.015
139 0.722
140 0.057
141 0.021
142 0.817
143 0.828
144 0.639
145 0.034
146 0.618
147 0.58
148 0.197
149 0.301
150 0.033
151 0.515
152 0.117
153 0.571
154 0.463
155 0.751
156 0.414
157 0.808
158 0.338
159 0.143
160 0.283
161 0.573
162 0
163 0.031
164 0.413
165 0.115
166 0.444
167 0.016
168 0.676
169 0.829
170 0.039
171 0.037
172 0.29
173 0
174 0.694
175 0.774
176 0.863
177 0.497
178 0.908
179 0.176
180 0.035
181 0.668
182 0.919
183 0.89
184 0.334
185 0.145
186 0.012
187 0.56
188 0.622
189 0.209
190 0.64
191 0.687
192 0.04
193 0.652
194 0.062
195 0.006
196 0.238
197 0.663
198 0.125
199 0.801
200 0.034
201 0.893
202 0.78
203 0.658
204 0.77
205 0.196
206 0.182
207 0.094
208 0.095
209 0.873
210 0.514
211 0.307
212 0.062
213 0.181
214 0.007
215 0.404
216 0.255
217 0.814
218 0.181
219 0.597
220 0.129
221 0.197
222 0.502
223 0.574
224 0.023
225 0.261
226 0.004
227 0.668
228 0.081
229 0.003
230 0.811
231 0.798
232 0.21
233 0.015
234 0.124
235 0.046
236 0.214
237 0.789
238 0.424
239 0.004
240 0.451
241 0.178
242 0.573
243 0.305
244 0.524
245 0
246 0.607
247 0.241
248 0.038
249 0.002
250 0.649
251 0.128
252 0.587
253 0.601
254 0.078
255 0.13
256 0.223
257 0.245
258 0.79
259 0.898
260 0.369
261 0.029
262 0.1
263 0.049
264 0.094
265 0.022
266 0.005
267 0.094
268 0.094
269 0
270 0.449
271 0.266
272 0.001
273 0.084
274 0.05
275 0.756
276 0.925
277 0.725
278 0.15
279 0.589
280 0.233
281 0.17
282 0.661
283 0.231
284 0.001
285 0.376
286 0.003
287 0.119
288 0.136
289 0.749
290 0.106
291 0.059
292 0.345
293 0.666
294 0.207
295 0.799
296 0.393
297 0.182
298 0.703
299 0.007
300 0.04
301 0.577
302 0.469
303 0.507
304 0.752
305 0.093
306 0.359
307 0.32
308 0.737
309 0.818
310 0.404
311 0.504
312 0.103
313 0.201
314 0.235
315 0.271
316 0.288
317 0.083
318 0.295
319 0.005
320 0.189
321 0.09
322 0.359
323 0.079
324 0
325 0.167
326 0.572
327 0.045
328 0.62
329 0.815
330 0.33
331 0.026
332 0.487
333 0.091
334 0.047
335 0.434
336 0.013
337 0.142
338 0.051
339 0.119
340 0.784
341 0.043
342 0.248
343 0.103
344 0.616
345 0.547
346 0.31
347 0.619
348 0.225
349 0.022
350 0.167
351 0.594
352 0.509
353 0.512
354 0.231
355 0.096
356 0.226
357 0.107
358 0.317
359 0.766
360 0.051
361 0.001
362 0.066
363 0.235
364 0.001
365 0.024
366 0.737
367 0.014
368 0.52
369 0.167
370 0.321
371 0.304
372 0.79
373 0.08
374 0.17
375 0.539
376 0.009
377 0.78
378 0
379 0.39
380 0.221
381 0.26
382 0.169
383 0.27
384 0.251
385 0.8
386 0.572
387 0.056
388 0.476
389 0.337
390 0.467
391 0.375
392 0.234
393 0.333
394 0.308
395 0.073
396 0.849
397 0.026
398 0.432
399 0.231
400 0.726
401 0.444
402 0.218
403 0.087
404 0.179
405 0
406 0.364
407 0.001
408 0.862
409 0.001
410 0.155
411 0.673
412 0.005
413 0.042
414 0.739
415 0.01
416 0.784
417 0.345
418 0.157
419 0.231
420 0.594
421 0.259
422 0.253
423 0.205
424 0.176
425 0.023
426 0.003
427 0.766
428 0.786
429 0.018
430 0.104
431 0.168
432 0.254
433 0.424
434 0.843
435 0.016
436 0.329
437 0.006
438 0.049
439 0.606
440 0.761
441 0.189
442 0.255
443 0.201
444 0.525
445 0.018
446 0.611
447 0.007
448 0.168
449 0.317
450 0.138
451 0.061
452 0.77
453 0.293
454 0.488
455 0.332
456 0.824
457 0.698
458 0.038
459 0.145
460 0.287
461 0.263
462 0.522
463 0.458
464 0.604
465 0.006
466 0.022
467 0.353
468 0.726
469 0.026
470 0.536
471 0.061
472 0.31
473 0.651
474 0.158
475 0.882
476 0.067
477 0.177
478 0.204
479 0.179
480 0.069
481 0.58
482 0.652
483 0.043
484 0.139
485 0.237
486 0.027
487 0.252
488 0.101
489 0.059
490 0.487
491 0.665
492 0
493 0.676
494 0.24
495 0.052
496 0.571
497 0.001
498 0.099
499 0.837
500 0.219
501 0.458
502 0.352
503 0.469
504 0.099
505 0.128
506 0.079
507 0.367
508 0.688
509 0.02
510 0.402
511 0.385
512 0.076
513 0.061
514 0.863
515 0.008
516 0.452
517 0.593
518 0.683
519 0.259
520 0.17
521 0.052
522 0
523 0.108
524 0.014
525 0.737
526 0.206
527 0.001
528 0.322
529 0.9
530 0.215
531 0.34
532 0.324
533 0.009
534 0.836
535 0.044
536 0.887
537 0.569
538 0.587
539 0.884
540 0.057
541 0.181
542 0.033
543 0.075
544 0.5
545 0
546 0.318
547 0.091
548 0.43
549 0.449
550 0.297
551 0.003
552 0.02
553 0.86
554 0.447
555 0.201
556 0.667
557 0.554
558 0.629
559 0.002
560 0.744
561 0.117
562 0.874
563 0.28
564 0.231
565 0.391
566 0.033
567 0.612
568 0.782
569 0.273
570 0.893
571 0.313
572 0.037
573 0.325
574 0.171
575 0.057
576 0.915
577 0.339
578 0.261
579 0.008
580 0.142
581 0.404
582 0.234
583 0.228
584 0.211
585 0.729
586 0.278
587 0.002
588 0
589 0.82
590 0.048
591 0
592 0.165
593 0.129
594 0.007
595 0.004
596 0.022
597 0.629
598 0.875
599 0.007
600 0.13
601 0.033
602 0.281
603 0.249
604 0.138
605 0.398
606 0.154
607 0.378
608 0.169
609 0.051
610 0.747
611 0.178
612 0.037
613 0.708
614 0.601
615 0.567
616 0.903
617 0.055
618 0.305
619 0.795
620 0.343
621 0.305
622 0.465
623 0.688
624 0.372
625 0.199
626 0.68
627 0.496
628 0.957
629 0.894
630 0.311
631 0.438
632 0.269
633 0
634 0.066
635 0.001
636 0.443
637 0.448
638 0.022
639 0.001
640 0.004
641 0.133
642 0.185
643 0.174
644 0.89
645 0.132
646 0.241
647 0.23
648 0.146
649 0.045
650 0.261
651 0.051
652 0.727
653 0.217
654 0.382
655 0.524
656 0.038
657 0.046
658 0.184
659 0.081
660 0.095
661 0.755
662 0.026
663 0.014
664 0.335
665 0.069
666 0.616
667 0.034
668 0.779
669 0.279
670 0.755
671 0.165
672 0.15
673 0.007
674 0.501
675 0.378
676 0.123
677 0.13
678 0.008
679 0.019
680 0.189
681 0.138
682 0.078
683 0.015
684 0.058
685 0.77
686 0.038
687 0.134
688 0.126
689 0.54
690 0.823
691 0.141
692 0.24
693 0.074
694 0.379
695 0.52
696 0.584
697 0.738
698 0
699 0.364
700 0.764
701 0.866
702 0.478
703 0.02
704 0.224
705 0.938
706 0.051
707 0
708 0.06
709 0.094
710 0.449
711 0.59
712 0.32
713 0.088
714 0.014
715 0.759
716 0.293
717 0.056
718 0.054
719 0.091
720 0.551
721 0.848
722 0.737
723 0.028
724 0.522
725 0.307
726 0.064
727 0.696
728 0.642
729 0.622
730 0.802
731 0.587
732 0.182
733 0.399
734 0.047
735 0.259
736 0.736
737 0.086
738 0.884
739 0.026
740 0.593
741 0.167
742 0.028
743 0.262
744 0
745 0.26
746 0.771
747 0.523
748 0.808
749 0.252
750 0.139
751 0.191
752 0.472
753 0.054
754 0.176
755 0.129
756 0.707
757 0.153
758 0.566
759 0.007
760 0.181
761 0.386
762 0.468
763 0.067
764 0.901
765 0.297
766 0.445
767 0.237
768 0.311
769 0.267
770 0.066
771 0.054
772 0.74
773 0.329
774 0.764
775 0.825
776 0.299
777 0.004
778 0.065
779 0.922
780 0.444
781 0.01
782 0.028
783 0.514
784 0.042
785 0
786 0.791
787 0.125
788 0.277
789 0.723
790 0.732
791 0.392
792 0.003
793 0.869
794 0.185
795 0.088
796 0.474
797 0.519
798 0.611
799 0.396
800 0.179
801 0.055
802 0.874
803 0.829
804 0.077
805 0.059
806 0.074
807 0.597
808 0.4
809 0
810 0.104
811 0.565
812 0.426
813 0.014
814 0.462
815 0.239
816 0.03
817 0.004
818 0.024
819 0.068
820 0.157
821 0.12
822 0.033
823 0.033
824 0.692
825 0.072
826 0.014
827 0.186
828 0.004
829 0.017
830 0.024
831 0.417
832 0.335
833 0.015
834 0.225
835 0.023
836 0.268
837 0.197
838 0.577
839 0.376
840 0.084
841 0.192
842 0.004
843 0.002
844 0.487
845 0.654
846 0.258
847 0.766
848 0.182
849 0.115
850 0.489
851 0.869
852 0.58
853 0.256
854 0.812
855 0.069
856 0.394
857 0.112
858 0.192
859 0.82
860 0.363
861 0.199
862 0.317
863 0.306
864 0.13
865 0.141
866 0.778
867 0.022
868 0.774
869 0.355
870 0.13
871 0.425
872 0.674
873 0.177
874 0.034
875 0.106
876 0.026
877 0.039
878 0.52
879 0.849
880 0.859
881 0.396
882 0.255
883 0
884 0.084
885 0.045
886 0.07
887 0.028
888 0.528
889 0.74
890 0.246
891 0.127
892 0.149
893 0.092
894 0.553
895 0.182
896 0.009
897 0.091
898 0.584
899 0.223
900 0.893
901 0.2
902 0.236
903 0.178
904 0.856
905 0.359
906 0.51
907 0.158
908 0.001
909 0.89
910 0.977
911 0.588
912 0.083
913 0.044
914 0.74
915 0.07
916 0.529
917 0.03
918 0.267
919 0.304
920 0.318
921 0.418
922 0.495
923 0.331
924 0.633
925 0.737
926 0.289
927 0.087
928 0.725
929 0.34
930 0.277
931 0.004
932 0.195
933 0.068
934 0.702
935 0.466
936 0.317
937 0.248
938 0.007
939 0.634
940 0
941 0.019
942 0.085
943 0.013
944 0.025
945 0.124
946 0.766
947 0.03
948 0.143
949 0.331
950 0.013
951 0.49
952 0.918
953 0.06
954 0.067
955 0.013
956 0.284
957 0.179
958 0.77
959 0.609
960 0.228
961 0.042
962 0.115
963 0.156
964 0.854
965 0.736
966 0.171
967 0.419
968 0.649
969 0.011
970 0.848
971 0.745
972 0.127
973 0.169
974 0.054
975 0.389
976 0.033
977 0.221
978 0.039
979 0.104
980 0.292
981 0.3
982 0.568
983 0.792
984 0.47
985 0.039
986 0.009
987 0.782
988 0.805
989 0.287
990 0
991 0.624
992 0.865
993 0.052
994 0.104
995 0.805
996 0.314
997 0.058
998 0.924
999 0.036
1000 0.073
1001 0.016
1002 0
1003 0.562
1004 0.472
1005 0.036
1006 0.151
1007 0.004
1008 0.646
1009 0.17
1010 0.103
1011 0.008
1012 0.039
1013 0.283
1014 0.002
1015 0.149
1016 0.43
1017 0.012
1018 0.098
1019 0.174
1020 0.859
1021 0.775
1022 0.315
1023 0.374
1024 0.021
1025 0.069
1026 0.085
1027 0.11
1028 0.029
1029 0.413
1030 0.265
1031 0.202
1032 0.01
1033 0.098
1034 0.018
1035 0.177
1036 0.471
1037 0.001
1038 0.193
1039 0
1040 0.043
1041 0.25
1042 0.365
1043 0.044
1044 0.224
1045 0.345
1046 0.092
1047 0
1048 0.03
1049 0.4
1050 0.595
1051 0
1052 0.396
1053 0.289
1054 0.088
1055 0.101
1056 0.21
1057 0.65
1058 0.064
1059 0.638
1060 0.163
1061 0.851
1062 0.617
1063 0.754
1064 0.816
1065 0.009
1066 0.07
1067 0.59
1068 0.426
1069 0.601
1070 0.461
1071 0.381
1072 0.268
1073 0.021
1074 0.7
1075 0.128
1076 0.619
1077 0.799
1078 0.071
1079 0.754
1080 0.012
1081 0.231
1082 0.568
1083 0.84
1084 0.144
1085 0.15
1086 0.392
1087 0.626
1088 0
1089 0.243
1090 0.001
1091 0.818
1092 0.021
1093 0.017
1094 0.761
1095 0.098
1096 0.009
1097 0.002
1098 0.778
1099 0.297
1100 0.891
1101 0.477
1102 0.001
1103 0.101
1104 0.092
1105 0.015
1106 0.455
1107 0.352
1108 0.664
1109 0.481
1110 0.47
1111 0.091
1112 0.036
1113 0.45
1114 0.277
1115 0.016
1116 0.01
1117 0.671
1118 0.254
1119 0.623
1120 0.287
1121 0.483
1122 0.206
1123 0.417
1124 0.881
1125 0.121
1126 0.265
1127 0.554
1128 0.582
1129 0.204
1130 0.007
1131 0.159
1132 0.095
1133 0
1134 0.103
1135 0.717
1136 0.386
1137 0.016
1138 0.215
1139 0.333
1140 0.025
1141 0.883
1142 0.206
1143 0.11
1144 0.911
1145 0
1146 0.063
1147 0.174
1148 0.683
1149 0.568
1150 0.848
1151 0.597
1152 0.069
1153 0.138
1154 0.001
1155 0.137
1156 0.044
1157 0.839
1158 0.013
1159 0.794
1160 0.208
1161 0.263
1162 0.176
1163 0.111
1164 0.083
1165 0.027
1166 0.369
1167 0.266
1168 0.005
1169 0.011
1170 0.093
1171 0.072
1172 0.849
1173 0.159
1174 0.641
1175 0.383
1176 0.036
1177 0.787
1178 0.153
1179 0.006
1180 0.63
1181 0.059
1182 0.025
1183 0.806
1184 0.009
1185 0.002
1186 0.78
1187 0.4
1188 0.285
1189 0.799
1190 0.524
1191 0.851
1192 0.583
1193 0.125
1194 0.104
1195 0.009
1196 0.21
1197 0.202
1198 0.103
1199 0.136
1200 0.452
1201 0.289
1202 0.004
1203 0.895
1204 0.008
1205 0.053
1206 0.089
1207 0
1208 0.235
1209 0.885
1210 0.24
1211 0.037
1212 0.064
1213 0.484
1214 0.025
1215 0.899
1216 0.04
1217 0.031
1218 0.026
1219 0.166
1220 0.251
1221 0.446
1222 0.472
1223 0.446
1224 0.029
1225 0.74
1226 0.417
1227 0.436
1228 0.799
1229 0.72
1230 0.047
1231 0.193
1232 0.053
1233 0.38
1234 0.549
1235 0.043
1236 0.717
1237 0.014
1238 0.457
1239 0.03
1240 0.286
1241 0.018
1242 0.183
1243 0.144
1244 0.182
1245 0.003
1246 0.296
1247 0.44
1248 0.582
1249 0.158
1250 0.43
1251 0.425
1252 0.303
1253 0.022
1254 0.861
1255 0.081
1256 0.239
1257 0.455
1258 0.913
1259 0.269
1260 0.487
1261 0.2
1262 0.133
1263 0.589
1264 0.068
1265 0.733
1266 0.522
1267 0.648
1268 0.504
1269 0.292
1270 0.432
1271 0.762
1272 0.319
1273 0.308
1274 0.191
1275 0.228
1276 0.79
1277 0.026
1278 0.076
1279 0.058
1280 0.581
1281 0.663
1282 0.497
1283 0.33
1284 0.417
1285 0.605
1286 0.026
1287 0.762
1288 0.046
1289 0.173
1290 0.139
1291 0
1292 0.257
1293 0.354
1294 0.002
1295 0.001
1296 0.213
1297 0.035
1298 0.684
1299 0.707
1300 0.01
1301 0.069
1302 0.675
1303 0.71
1304 0.306
1305 0.642
1306 0.007
1307 0.255
1308 0.146
1309 0.161
1310 0
1311 0.718
1312 0.269
1313 0.011
1314 0.406
1315 0.688
1316 0.001
1317 0.224
1318 0.661
1319 0.337
1320 0.243
1321 0.323
1322 0.011
1323 0.437
1324 0.156
1325 0.264
1326 0.241
1327 0.269
1328 0.367
1329 0.035
1330 0
1331 0.632
1332 0.041
1333 0.058
1334 0.731
1335 0.404
1336 0.329
1337 0.107
1338 0.549
1339 0.62
1340 0.425
1341 0.338
1342 0.332
1343 0.56
1344 0.051
1345 0.658
1346 0.076
1347 0.275
1348 0.138
1349 0.025
1350 0.111
1351 0.233
1352 0.033
1353 0.56
1354 0.056
1355 0.588
1356 0.744
1357 0.647
1358 0.109
1359 0.402
1360 0.847
1361 0
1362 0.616
1363 0.107
1364 0.492
1365 0.032
1366 0.084
1367 0.613
1368 0.015
1369 0.088
1370 0.046
1371 0.419
1372 0.636
1373 0.531
1374 0.232
1375 0.096
1376 0.156
1377 0.637
1378 0.327
1379 0.24
1380 0.743
1381 0.689
1382 0.236
1383 0.183
1384 0.108
1385 0.273
1386 0.735
1387 0.096
1388 0.183
1389 0.102
1390 0.051
1391 0.021
1392 0.763
1393 0.093
1394 0.622
1395 0.106
1396 0.027
1397 0.023
1398 0.066
1399 0.325
1400 0.335
1401 0.501
1402 0.372
1403 0.821
1404 0.467
1405 0.069
1406 0.093
1407 0.573
1408 0.374
1409 0.141
1410 0.01
1411 0
1412 0.258
1413 0.143
1414 0.632
1415 0.861
1416 0.596
1417 0.748
1418 0.23
1419 0.087
1420 0.334
1421 0.041
1422 0.042
1423 0.073
1424 0.898
1425 0.193
1426 0.48
1427 0.038
1428 0.048
1429 0.075
1430 0.328
1431 0.001
1432 0.678
1433 0.788
1434 0.582
1435 0.132
1436 0.799
1437 0.651
1438 0.679
1439 0.803
1440 0.897
1441 0.788
1442 0.441
1443 0.926
1444 0.87
1445 0.304
1446 0.556
1447 0.071
1448 0.653
1449 0.469
1450 0.353
1451 0.12
1452 0.004
1453 0.261
1454 0.107
1455 0.46
1456 0.097
1457 0.437
1458 0.719
1459 0.714
1460 0.314
1461 0
1462 0.2
1463 0.226
1464 0.754
1465 0.016
1466 0.027
1467 0.696
1468 0.095
1469 0.912
1470 0.037
1471 0.04
1472 0.003
1473 0.628
1474 0.194
1475 0.542
1476 0.134
1477 0.928
1478 0.076
1479 0.287
1480 0.292
1481 0.432
1482 0.463
1483 0.059
1484 0.226
1485 0.415
1486 0.019
1487 0.378
1488 0.714
1489 0.01
1490 0.361
1491 0.109
1492 0.264
1493 0.263
1494 0.37
1495 0.273
1496 0.024
1497 0.188
1498 0.763
1499 0
1500 0.663
1501 0.722
1502 0.013
1503 0.416
1504 0.222
1505 0.005
1506 0
1507 0
1508 0.092
1509 0.654
1510 0.287
1511 0.003
1512 0.146
1513 0.853
1514 0.102
1515 0.309
1516 0.003
1517 0.079
1518 0.255
1519 0
1520 0.01
1521 0.008
1522 0.74
1523 0.053
1524 0.007
1525 0.161
1526 0.791
1527 0.76
1528 0.597
1529 0.412
1530 0.438
1531 0.071
1532 0.18
1533 0.081
1534 0.644
1535 0.848
1536 0.2
1537 0.124
1538 0.725
1539 0.108
1540 0.029
1541 0.042
1542 0.198
1543 0.252
1544 0.838
1545 0.004
1546 0.006
1547 0.136
1548 0.002
1549 0.451
1550 0.069
1551 0.172
1552 0.211
1553 0
1554 0.003
1555 0.563
1556 0.335
1557 0.339
1558 0.167
1559 0.53
1560 0.276
1561 0.034
1562 0.23
1563 0.651
1564 0.049
1565 0.208
1566 0.534
1567 0.001
1568 0.024
1569 0.04
1570 0.1
1571 0.091
1572 0.335
1573 0.58
1574 0.328
1575 0.714
1576 0.64
1577 0.504
1578 0.45
1579 0.105
1580 0.112
1581 0.654
1582 0.026
1583 0.666
1584 0.047
1585 0.051
1586 0.185
1587 0.012
1588 0.376
1589 0.017
1590 0.613
1591 0.002
1592 0.015
1593 0.48
1594 0.05
1595 0.286
1596 0.294
1597 0.617
1598 0.023
1599 0.161
1600 0.694
1601 0.194
1602 0.288
1603 0.621
1604 0.267
1605 0.275
1606 0.529
1607 0.016
1608 0.168
1609 0.198
1610 0.645
1611 0
1612 0.584
1613 0.458
1614 0.533
1615 0.287
1616 0.464
1617 0.257
1618 0.597
1619 0.74
1620 0.092
1621 0.243
1622 0.59
1623 0.011
1624 0
1625 0.105
1626 0.785
1627 0.718
1628 0.309
1629 0.346
1630 0.169
1631 0.035
1632 0.254
1633 0.339
1634 0.035
1635 0.031
1636 0.327
1637 0.01
1638 0.091
1639 0.512
1640 0.808
1641 0.843
1642 0.813
1643 0.284
1644 0.001
1645 0.743
1646 0.153
1647 0.691
1648 0.709
1649 0.692
1650 0.615
1651 0.385
1652 0.004
1653 0.257
1654 0.19
1655 0.027
1656 0.42
1657 0.002
1658 0.187
1659 0.477
1660 0.431
1661 0.545
1662 0.383
1663 0.157
1664 0.4
1665 0.586
1666 0.103
1667 0.045
1668 0.216
1669 0.69
1670 0.239
1671 0.731
1672 0.1
1673 0.296
1674 0.557
1675 0.369
1676 0.034
1677 0.092
1678 0.004
1679 0.042
1680 0.027
1681 0.513
1682 0.065
1683 0.509
1684 0.013
1685 0.144
1686 0.071
1687 0.338
1688 0.734
1689 0.332
1690 0.01
1691 0.296
1692 0.116
1693 0.261
1694 0.12
1695 0.272
1696 0.482
1697 0.19
1698 0.55
1699 0.962
1700 0.173
1701 0
1702 0.771
1703 0.003
1704 0.004
1705 0.516
1706 0.594
1707 0.843
1708 0.097
1709 0.527
1710 0.101
1711 0.837
1712 0.01
1713 0.12
1714 0.591
1715 0.581
1716 0.225
1717 0.776
1718 0.337
1719 0.796
1720 0.179
1721 0.327
1722 0.584
1723 0.574
1724 0.844
1725 0.539
1726 0.005
1727 0.001
1728 0.614
1729 0.928
1730 0.373
1731 0.055
1732 0.293
1733 0.79
1734 0.767
1735 0.619
1736 0.745
1737 0.045
1738 0.518
1739 0.103
1740 0.126
1741 0.39
1742 0.051
1743 0
1744 0.028
1745 0.738
1746 0.027
1747 0.345
1748 0.101
1749 0.194
1750 0.003
1751 0.323
1752 0.648
1753 0.396
1754 0.361
1755 0.315
1756 0.073
1757 0.582
1758 0.54
1759 0.271
1760 0.622
1761 0.528
1762 0.019
1763 0.007
1764 0.545
1765 0.14
1766 0.522
1767 0.382
1768 0
1769 0.27
1770 0.001
1771 0.209
1772 0.103
1773 0.361
1774 0.13
1775 0.253
1776 0.832
1777 0.004
1778 0.248
1779 0.671
1780 0.004
1781 0
1782 0.706
1783 0.006
1784 0.134
1785 0.014
1786 0.08
1787 0.142
1788 0.104
1789 0.637
1790 0.042
1791 0.23
1792 0.588
1793 0.006
1794 0.057
1795 0.368
1796 0.57
1797 0.087
1798 0.453
1799 0.148
1800 0.595
1801 0.151
1802 0.501
1803 0.28
1804 0.073
1805 0.059
1806 0.755
1807 0.011
1808 0.266
1809 0.179
1810 0.487
1811 0.192
1812 0.704
1813 0.3
1814 0.634
1815 0.159
1816 0.168
1817 0.069
1818 0.142
1819 0.829
1820 0.561
1821 0.232
1822 0.202
1823 0.546
1824 0.05
1825 0.212
1826 0.204
1827 0.704
1828 0.651
1829 0.018
1830 0.127
1831 0.875
1832 0.144
1833 0.477
1834 0.116
1835 0.023
1836 0.4
1837 0.327
1838 0.164
1839 0.002
1840 0.579
1841 0.242
1842 0.221
1843 0.033
1844 0.068
1845 0.563
1846 0.077
1847 0.86
1848 0.438
1849 0.01
1850 0.608
1851 0.627
1852 0.368
1853 0.577
1854 0.222
1855 0.885
1856 0.593
1857 0.473
1858 0.837
1859 0.52
1860 0.27
1861 0.848
1862 0.472
1863 0.165
1864 0.563
1865 0.469
1866 0.416
1867 0.018
1868 0.49
1869 0.003
1870 0.069
1871 0.437
1872 0.132
1873 0.776
1874 0.844
1875 0.035
1876 0.678
1877 0.165
1878 0.237
1879 0.727
1880 0.662
1881 0.193
1882 0.881
1883 0.344
1884 0.318
1885 0.108
1886 0.176
1887 0.806
1888 0.884
1889 0.517
1890 0.581
1891 0.25
1892 0.164
1893 0.121
1894 0.542
1895 0.388
1896 0.155
1897 0.11
1898 0
1899 0.098
1900 0.636
1901 0.403
1902 0.047
1903 0.401
1904 0.119
1905 0.013
1906 0.317
1907 0.407
1908 0
1909 0.255
1910 0.175
1911 0.298
1912 0.478
1913 0.713
1914 0.002
1915 0.489
1916 0.54
1917 0
1918 0.069
1919 0.542
1920 0.816
1921 0.062
1922 0.272
1923 0.787
1924 0.062
1925 0.08
1926 0.005
1927 0.592
1928 0.245
1929 0.474
1930 0.038
1931 0.161
1932 0.005
1933 0.071
1934 0.68
1935 0.218
1936 0.009
1937 0.592
1938 0.003
1939 0.226
1940 0.682
1941 0.175
1942 0.397
1943 0.596
1944 0.818
1945 0.527
1946 0.114
1947 0.707
1948 0.528
1949 0.945
1950 0.019
1951 0.241
1952 0.003
1953 0.639
1954 0.742
1955 0.005
1956 0
1957 0.191
1958 0.064
1959 0.518
1960 0.359
1961 0.028
1962 0.523
1963 0.222
1964 0.009
1965 0.519
1966 0.152
1967 0.813
1968 0.474
1969 0.576
1970 0.11
1971 0.142
1972 0.045
1973 0.033
1974 0.046
1975 0.32
1976 0.021
1977 0.11
1978 0.765
1979 0.79
1980 0.166
1981 0.812
1982 0.131
1983 0.404
1984 0.088
1985 0.534
1986 0.191
1987 0.682
1988 0.239
1989 0
1990 0.086
1991 0.041
1992 0.403
1993 0.221
1994 0.012
1995 0.502
1996 0.147
1997 0.252
1998 0.39
1999 0.598
2000 0.477
2001 0.566
2002 0.103
2003 0.39
2004 0.234
2005 0.42
2006 0.121
2007 0.526
2008 0.057
2009 0.173
2010 0.809
2011 0.443
2012 0.804
2013 0.317
2014 0.513
2015 0.053
2016 0.301
2017 0.318
2018 0.337
2019 0.233
2020 0.256
2021 0.166
2022 0.778
2023 0.005
2024 0.813
2025 0.107
2026 0.711
2027 0.016
2028 0.657
2029 0.126
2030 0.637
2031 0.167
2032 0.003
2033 0.126
2034 0.522
2035 0.107
2036 0.846
2037 0
2038 0.01
2039 0.143
2040 0.043
2041 0.199
2042 0.328
2043 0.291
2044 0.063
2045 0.115
2046 0.031
2047 0.421
2048 0
2049 0.823
2050 0.227
2051 0.694
2052 0.5
2053 0.625
2054 0.06
2055 0.139
2056 0.13
2057 0.125
2058 0.003
2059 0.651
2060 0.839
2061 0.078
2062 0.287
2063 0.575
2064 0.506
2065 0.714
2066 0.486
2067 0.108
2068 0.064
2069 0.861
2070 0.434
2071 0.797
2072 0.365
2073 0.498
2074 0.365
2075 0.133
2076 0.059
2077 0.446
2078 0.052
2079 0.009
2080 0.085
2081 0.092
2082 0.063
2083 0.002
2084 0.503
2085 0.148
2086 0.515
2087 0.16
2088 0.484
2089 0.391
2090 0.04
2091 0.57
2092 0.043
2093 0.766
2094 0.207
2095 0.495
2096 0.37
2097 0.687
2098 0.631
2099 0.228
2100 0.357
2101 0.879
2102 0.892
2103 0.682
2104 0.374
2105 0.261
2106 0
2107 0.541
2108 0.009
2109 0.28
2110 0.004
2111 0.258
2112 0.128
2113 0.454
2114 0.116
2115 0.609
2116 0.006
2117 0.797
2118 0.152
2119 0.129
2120 0.727
2121 0.776
2122 0.407
2123 0.599
2124 0.55
2125 0.239
2126 0.189
2127 0.339
2128 0.207
2129 0.001
2130 0.134
2131 0.025
2132 0.009
2133 0.02
2134 0.268
2135 0.438
2136 0.127
2137 0.283
2138 0.201
2139 0.139
2140 0.439
2141 0.683
2142 0.16
2143 0
2144 0.005
2145 0.006
2146 0.515
2147 0.359
2148 0.158
2149 0.072
2150 0.064
2151 0.876
2152 0.041
2153 0.002
2154 0.547
2155 0.084
2156 0.04
2157 0.87
2158 0.836
2159 0.855
2160 0.017
2161 0.391
2162 0.117
2163 0.083
2164 0.334
2165 0.629
2166 0.694
2167 0.177
2168 0.756
2169 0.735
2170 0.013
2171 0.407
2172 0.45
2173 0.701
2174 0.767
2175 0.043
2176 0.396
2177 0.151
2178 0.285
2179 0.228
2180 0.151
2181 0.314
2182 0.002
2183 0.443
2184 0.621
2185 0.141
2186 0.37
2187 0.106
2188 0.484
2189 0.209
2190 0.045
2191 0.459
2192 0.076
2193 0.11
2194 0.042
2195 0.536
2196 0.296
2197 0.064
2198 0.045
2199 0.43
2200 0.023
2201 0.105
2202 0.042
2203 0.07
2204 0.379
2205 0.829
2206 0.019
2207 0.255
2208 0
2209 0.159
2210 0.055
2211 0.108
2212 0.352
2213 0.001
2214 0.743
2215 0.329
2216 0.062
2217 0.371
2218 0.04
2219 0
2220 0.331
2221 0
2222 0.037
2223 0.254
2224 0.008
2225 0.374
2226 0.034
2227 0.792
2228 0.002
2229 0.055
2230 0.733
2231 0.173
2232 0.256
2233 0.327
2234 0.461
2235 0.025
2236 0.78
2237 0.192
2238 0.019
2239 0.84
2240 0.5
2241 0.77
2242 0.252
2243 0.022
2244 0.461
2245 0.228
2246 0.649
2247 0.742
2248 0.002
2249 0.738
2250 0.045
2251 0.01
2252 0.639
2253 0.444
2254 0
2255 0.487
2256 0.128
2257 0.527
2258 0.529
2259 0.001
2260 0.032
2261 0.018
2262 0.091
2263 0.543
2264 0.118
2265 0.57
2266 0.524
2267 0.393
2268 0.16
2269 0.324
2270 0.679
2271 0.563
2272 0.397
2273 0.235
2274 0.679
2275 0.042
2276 0.637
2277 0.535
2278 0.595
2279 0.065
2280 0.591
2281 0.679
2282 0.075
2283 0.763
2284 0.181
2285 0.088
2286 0.028
2287 0.271
2288 0.183
2289 0.583
2290 0.925
2291 0.033
2292 0.006
2293 0.58
2294 0.036
2295 0.896
2296 0.03
2297 0.216
2298 0.053
2299 0.27
2300 0.68
2301 0.233
2302 0.08
2303 0.855
2304 0.009
2305 0.455
2306 0.062
2307 0.563
2308 0.229
2309 0.044
2310 0.749
2311 0.057
2312 0.172
2313 0.103
2314 0.81
2315 0.003
2316 0.761
2317 0.228
2318 0.29
2319 0.28
2320 0.098
2321 0.131
2322 0.547
2323 0.004
2324 0.71
2325 0.753
2326 0.304
2327 0.558
2328 0.461
2329 0.628
2330 0.779
2331 0.049
2332 0.554
2333 0.114
2334 0.477
2335 0.558
2336 0.197
2337 0.373
2338 0.266
2339 0.258
2340 0.338
2341 0.022
2342 0.358
2343 0.252
2344 0.135
2345 0.473
2346 0
2347 0.047
2348 0.299
2349 0.627
2350 0
2351 0.114
2352 0.1
2353 0.174
2354 0.344
2355 0.317
2356 0.67
2357 0.318
2358 0.712
2359 0.263
2360 0.082
2361 0.219
2362 0.209
2363 0.619
2364 0.825
2365 0.027
2366 0.846
2367 0.015
2368 0.848
2369 0.603
2370 0.875
2371 0.065
2372 0.415
2373 0.816
2374 0.226
2375 0.164
2376 0.018
2377 0.019
2378 0.066
2379 0.537
2380 0.197
2381 0.219
2382 0.134
2383 0.163
2384 0.115
2385 0.138
2386 0.622
2387 0.809
2388 0.348
2389 0.072
2390 0.786
2391 0.081
2392 0.594
2393 0.283
2394 0.094
2395 0.764
2396 0.632
2397 0.531
2398 0.095
2399 0.839
2400 0.004
2401 0.048
2402 0.606
2403 0.627
2404 0.324
2405 0.743
2406 0.294
2407 0.222
2408 0.498
2409 0.032
2410 0.014
2411 0.031
2412 0.468
2413 0.161
2414 0.021
2415 0.016
2416 0.006
2417 0.632
2418 0.382
2419 0.485
2420 0.462
2421 0.048
2422 0.51
2423 0.639
2424 0.746
2425 0.773
2426 0.01
2427 0.526
2428 0.749
2429 0.295
2430 0.411
2431 0.278
2432 0.154
2433 0.183
2434 0.08
2435 0.084
2436 0.439
2437 0.76
2438 0.085
2439 0.014
2440 0.424
2441 0.058
2442 0.508
2443 0.058
2444 0
2445 0.283
2446 0.666
2447 0.013
2448 0.175
2449 0.588
2450 0.206
2451 0.616
2452 0.235
2453 0.096
2454 0.005
2455 0
2456 0.653
2457 0.092
2458 0.006
2459 0.604
2460 0.735
2461 0.142
2462 0.12
2463 0.278
2464 0.007
2465 0.586
2466 0.843
2467 0.707
2468 0.115
2469 0.07
2470 0.228
2471 0.172
2472 0.419
2473 0.494
2474 0.071
2475 0.103
2476 0.221
2477 0.903
2478 0.575
2479 0.841
2480 0.447
2481 0
2482 0.356
2483 0.44
2484 0.064
2485 0.311
2486 0.022
2487 0.205
2488 0.022
2489 0.048
2490 0.136
2491 0.554
2492 0.165
2493 0.149
2494 0.242
2495 0.581
2496 0.183
2497 0.165
2498 0.046
2499 0.371
2500 0.139
2501 0.443
2502 0.181
2503 0.127
2504 0.175
2505 0.494
2506 0.721
2507 0.225
2508 0.918
2509 0.04
2510 0.118
2511 0.384
2512 0.226
2513 0.658
2514 0.722
2515 0.003
2516 0.645
2517 0.05
2518 0.071
2519 0.184
2520 0.401
2521 0.174
2522 0.549
2523 0.032
2524 0.005
2525 0.183
2526 0.065
2527 0
2528 0.07
2529 0.161
2530 0.818
2531 0.01
2532 0.091
2533 0.001
2534 0.004
2535 0.737
2536 0.002
2537 0.033
2538 0.409
2539 0.358
2540 0.444
2541 0.19
2542 0.024
2543 0.177
2544 0.402
2545 0.174
2546 0.124
2547 0.807
2548 0.079
2549 0.831
2550 0
2551 0.307
2552 0.316
2553 0.185
2554 0.033
2555 0.012
2556 0.195
2557 0.273
2558 0.576
2559 0.33
2560 0.045
2561 0.076
2562 0.845
2563 0.762
2564 0.21
2565 0.332
2566 0.313
2567 0.678
2568 0.166
2569 0.859
2570 0.083
2571 0.142
2572 0.574
2573 0.478
2574 0.101
2575 0.425
2576 0.498
2577 0.466
2578 0.746
2579 0.357
2580 0.913
2581 0.774
2582 0.057
2583 0.016
2584 0.52
2585 0.181
2586 0.427
2587 0.321
2588 0.499
2589 0.897
2590 0.257
2591 0.009
2592 0.079
2593 0.124
2594 0.419
2595 0.476
2596 0.255
2597 0.004
2598 0.545
2599 0.025
2600 0.719
2601 0.088
2602 0.755
2603 0.921
2604 0.215
2605 0.043
2606 0.014
2607 0.289
2608 0.471
2609 0.705
2610 0.013
2611 0.49
2612 0.664
2613 0.652
2614 0.478
2615 0.508
2616 0.021
2617 0.409
2618 0.062
2619 0.62
2620 0.915
2621 0.114
2622 0.007
2623 0.365
2624 0.413
2625 0.315
2626 0.151
2627 0.481
2628 0.392
2629 0.373
2630 0.721
2631 0.247
2632 0.056
2633 0
2634 0.16
2635 0.016
2636 0.138
2637 0.027
2638 0.764
2639 0.564
2640 0.474
2641 0.437
2642 0.348
2643 0.193
2644 0.194
2645 0
2646 0.425
2647 0.301
2648 0.121
2649 0.042
2650 0.442
2651 0.019
2652 0
2653 0.054
2654 0.186
2655 0
2656 0.006
2657 0.212
2658 0.08
2659 0
2660 0.593
2661 0.271
2662 0.017
2663 0.617
2664 0.218
2665 0.004
2666 0.075
2667 0.111
2668 0.043
2669 0.609
2670 0.315
2671 0.047
2672 0.228
2673 0.066
2674 0.558
2675 0.421
2676 0.41
2677 0.022
2678 0.077
2679 0.041
2680 0.687
2681 0.002
2682 0.845
2683 0.36
2684 0.127
2685 0.146
2686 0.169
2687 0.065
2688 0.549
2689 0.414
2690 0.189
2691 0.263
2692 0.191
2693 0.156
2694 0.59
2695 0.059
2696 0.578
2697 0.066
2698 0.151
2699 0.485
2700 0.028
2701 0.679
2702 0
2703 0.138
2704 0.016
2705 0.116
2706 0.664
2707 0.822
2708 0.087
2709 0.024
2710 0.006
2711 0.631
2712 0.348
2713 0.118
2714 0.058
2715 0.015
2716 0.236
2717 0.086
2718 0.41
2719 0.506
2720 0.913
2721 0.489
2722 0.271
2723 0.588
2724 0.145
2725 0.434
2726 0.031
2727 0.003
2728 0.321
2729 0.198
2730 0.854
2731 0.868
2732 0.211
2733 0.002
2734 0.702
2735 0.259
2736 0.145
2737 0.353
2738 0.098
2739 0.474
2740 0.002
2741 0.039
2742 0.807
2743 0.042
2744 0.027
2745 0.028
2746 0.191
2747 0.044
2748 0.791
2749 0.608
2750 0.821
2751 0.356
2752 0.019
2753 0.221
2754 0.008
2755 0.768
2756 0.212
2757 0.701
2758 0.761
2759 0.33
2760 0.322
2761 0.13
2762 0.627
2763 0.676
2764 0.615
2765 0.024
2766 0.689
2767 0.627
2768 0.112
2769 0.311
2770 0.034
2771 0.212
2772 0.18
2773 0.565
2774 0
2775 0.333
2776 0.904
2777 0.099
2778 0.683
2779 0.733
2780 0.002
2781 0.665
2782 0.35
2783 0.372
2784 0.026
2785 0.045
2786 0.396
2787 0
2788 0.286
2789 0.002
2790 0.008
2791 0.035
2792 0.247
2793 0.186
2794 0.01
2795 0.872
2796 0.854
2797 0.259
2798 0.194
2799 0.25
2800 0.028
2801 0.06
2802 0.559
2803 0.01
2804 0.02
2805 0.412
2806 0.009
2807 0.159
2808 0.511
2809 0.872
2810 0.205
2811 0.388
2812 0.095
2813 0.008
2814 0.084
2815 0.681
2816 0.617
2817 0.038
2818 0.754
2819 0.48
2820 0.592
2821 0.478
2822 0.257
2823 0.456
2824 0.246
2825 0.003
2826 0.032
2827 0.161
2828 0.587
2829 0.06
2830 0.043
2831 0.084
2832 0.066
2833 0.015
2834 0.286
2835 0.114
2836 0.266
2837 0.915
2838 0.142
2839 0.469
2840 0.822
2841 0.398
2842 0.392
2843 0.118
2844 0.022
2845 0.069
2846 0
2847 0.564
2848 0.501
2849 0.319
2850 0.217
2851 0.057
2852 0.215
2853 0.292
2854 0.362
2855 0.19
2856 0.11
2857 0.132
2858 0.031
2859 0.067
2860 0.013
2861 0.705
2862 0.057
2863 0.414
2864 0.075
2865 0.256
2866 0.388
2867 0.432
2868 0.186
2869 0.001
2870 0.827
2871 0.316
2872 0.015
2873 0.64
2874 0
2875 0.557
2876 0.008
2877 0.272
2878 0.287
2879 0.089
2880 0.08
2881 0.254
2882 0.141
2883 0.744
2884 0.349
2885 0.828
2886 0.084
2887 0.616
2888 0.014
2889 0.018
2890 0.585
2891 0.242
2892 0.115
2893 0.18
2894 0.454
2895 0.088
2896 0.711
2897 0.646
2898 0.279
2899 0.689
2900 0.192
2901 0.033
2902 0.161
2903 0.087
2904 0.322
2905 0.019
2906 0
2907 0.331
2908 0.23
2909 0.171
2910 0.048
2911 0.298
2912 0.88
2913 0.697
2914 0.447
2915 0.344
2916 0.028
2917 0.128
2918 0.603
2919 0.007
2920 0.267
2921 0.048
2922 0.108
2923 0.668
2924 0.63
2925 0.167
2926 0.242
2927 0.471
2928 0.084
2929 0.139
2930 0.489
2931 0.279
2932 0.367
2933 0.036
2934 0.024
2935 0.921
2936 0.151
2937 0.461
2938 0.554
2939 0.006
2940 0.211
2941 0.361
2942 0.085
2943 0.401
2944 0.12
2945 0.109
2946 0.238
2947 0.001
2948 0.067
2949 0.274
2950 0.586
2951 0.534
2952 0.724
2953 0.245
2954 0.201
2955 0.552
2956 0.248
2957 0.106
2958 0.016
2959 0.761
2960 0.328
2961 0.784
2962 0.044
2963 0.501
2964 0.001
2965 0.067
2966 0.145
2967 0.714
2968 0.021
2969 0.789
2970 0.27
2971 0.051
2972 0.315
2973 0.251
2974 0.352
2975 0.162
2976 0.919
2977 0.014
2978 0.009
2979 0.095
2980 0.015
2981 0.435
2982 0.021
2983 0.071
2984 0.173
2985 0.06
2986 0.025
2987 0.268
2988 0.506
2989 0.18
2990 0.148
2991 0.077
2992 0.291
2993 0.777
2994 0.065
2995 0.285
2996 0.046
2997 0.812
2998 0.031
2999 0.001
3000 0.563
3001 0.802
3002 0.211
3003 0.163
3004 0.917
3005 0.318
3006 0.698
3007 0.611
3008 0.002
3009 0.096
3010 0.294
3011 0.905
3012 0.419
3013 0.008
3014 0.712
3015 0.553
3016 0.604
3017 0.147
3018 0.056
3019 0.457
3020 0.402
3021 0.9
3022 0.507
3023 0.084
3024 0
3025 0.105
3026 0.165
3027 0.483
3028 0.481
3029 0.141
3030 0.466
3031 0.282
3032 0.148
3033 0.002
3034 0.037
3035 0.448
3036 0
3037 0.254
3038 0.169
3039 0.232
3040 0.672
3041 0.826
3042 0.063
3043 0.883
3044 0.415
3045 0.267
3046 0.791
3047 0.798
3048 0.278
3049 0
3050 0.715
3051 0.468
3052 0.715
3053 0.421
3054 0.063
3055 0.701
3056 0.306
3057 0.473
3058 0.004
3059 0.557
3060 0.072
3061 0.004
3062 0.286
3063 0.635
3064 0.413
3065 0.226
3066 0.114
3067 0.413
3068 0.195
3069 0.05
3070 0.44
3071 0.031
3072 0.323
3073 0.364
3074 0.348
3075 0.094
3076 0.032
3077 0.542
3078 0.457
3079 0.049
3080 0.059
3081 0.033
3082 0.008
3083 0.26
3084 0.206
3085 0.536
3086 0.625
3087 0.158
3088 0.53
3089 0.31
3090 0.063
3091 0.008
3092 0.674
3093 0.072
3094 0.543
3095 0.503
3096 0.311
3097 0.601
3098 0.335
3099 0.083
3100 0.4
3101 0.022
3102 0.41
3103 0.028
3104 0.46
3105 0.349
3106 0.601
3107 0.164
3108 0.205
3109 0.765
3110 0.193
3111 0.396
3112 0.575
3113 0.622
3114 0.208
3115 0.292
3116 0.095
3117 0.382
3118 0.51
3119 0.001
3120 0.097
3121 0.885
3122 0.446
3123 0.224
3124 0.342
3125 0.012
3126 0.3
3127 0
3128 0.018
3129 0.284
3130 0.206
3131 0.049
3132 0.409
3133 0.602
3134 0.774
3135 0.773
3136 0.142
3137 0.034
3138 0.015
3139 0.551
3140 0.552
3141 0.332
3142 0.684
3143 0.332
3144 0.577
3145 0.598
3146 0.083
3147 0.088
3148 0.69
3149 0.664
3150 0.25
3151 0.198
3152 0.013
3153 0.006
3154 0.003
3155 0.032
3156 0.012
3157 0.703
3158 0.096
3159 0.726
3160 0.001
3161 0.908
3162 0.543
3163 0.582
3164 0.016
3165 0.318
3166 0.096
3167 0.344
3168 0.723
3169 0.969
3170 0.669
3171 0.615
3172 0.152
3173 0.429
3174 0.001
3175 0.004
3176 0.489
3177 0.151
3178 0.078
3179 0.675
3180 0.092
3181 0.096
3182 0.559
3183 0.745
3184 0.77
3185 0.231
3186 0.063
3187 0.26
3188 0.236
3189 0.188
3190 0.783
3191 0.661
3192 0.096
3193 0.78
3194 0.123
3195 0.139
3196 0.72
3197 0.855
3198 0.002
3199 0.184
3200 0.003
3201 0.285
3202 0.258
3203 0.479
3204 0.494
3205 0.015
3206 0.728
3207 0.031
3208 0.488
3209 0.207
3210 0.292
3211 0.028
3212 0.041
3213 0.002
3214 0.834
3215 0.106
3216 0.018
3217 0.11
3218 0.07
3219 0.207
3220 0.178
3221 0.016
3222 0.548
3223 0.076
3224 0.041
3225 0.192
3226 0.597
3227 0.17
3228 0.298
3229 0.013
3230 0.664
3231 0.177
3232 0.37
3233 0.004
3234 0.085
3235 0.318
3236 0.19
3237 0.285
3238 0.753
3239 0.667
3240 0.738
3241 0.512
3242 0.184
3243 0.645
3244 0.148
3245 0.089
3246 0.055
3247 0.729
3248 0.705
3249 0.508
3250 0.535
3251 0.262
3252 0.108
3253 0.174
3254 0.022
3255 0.258
3256 0.126
3257 0.132
3258 0.041
3259 0.007
3260 0.248
3261 0.062
3262 0.127
3263 0.179
3264 0.067
3265 0.017
3266 0.65
3267 0.004
3268 0.85
3269 0.745
3270 0.6
3271 0.141
3272 0.023
3273 0.37
3274 0.472
3275 0.006
3276 0.153
3277 0.678
3278 0.181
3279 0.579
3280 0.899
3281 0.143
3282 0.579
3283 0.674
3284 0.401
3285 0
3286 0.028
3287 0.574
3288 0.45
3289 0.336
3290 0.021
3291 0.419
3292 0.513
3293 0.774
3294 0.763
3295 0.046
3296 0.324
3297 0.002
3298 0.059
3299 0.039
3300 0.749
3301 0.423
3302 0.178
3303 0.319
3304 0.684
3305 0.524
3306 0.049
3307 0.269
3308 0.076
3309 0.649
3310 0.009
3311 0.069
3312 0.145
3313 0.107
3314 0.246
3315 0.249
3316 0.285
3317 0.73
3318 0.054
3319 0.285
3320 0.004
3321 0.043
3322 0.221
3323 0.593
3324 0.822
3325 0.64
3326 0.004
3327 0.117
3328 0.221
3329 0.075
3330 0
3331 0.635
3332 0.036
3333 0.599
3334 0.624
3335 0.054
3336 0.817
3337 0.032
3338 0.113
3339 0.375
3340 0.863
3341 0.217
3342 0.37
3343 0.055
3344 0.489
3345 0.128
3346 0.588
3347 0.014
3348 0.156
3349 0.153
3350 0.684
3351 0.069
3352 0.346
3353 0.001
3354 0.469
3355 0.089
3356 0.257
3357 0.003
3358 0.165
3359 0.014
3360 0.443
3361 0.772
3362 0.311
3363 0.847
3364 0.518
3365 0.266
3366 0.021
3367 0.388
3368 0.195
3369 0.393
3370 0.506
3371 0.756
3372 0.019
3373 0.067
3374 0.193
3375 0.878
3376 0.86
3377 0.381
3378 0.016
3379 0.123
3380 0.368
3381 0.011
3382 0.828
3383 0.164
3384 0.429
3385 0.174
3386 0.414
3387 0.307
3388 0.719
3389 0.666
3390 0.003
3391 0.048
3392 0
3393 0.589
3394 0.018
3395 0.01
3396 0.011
3397 0.388
3398 0.36
3399 0.108
3400 0.008
3401 0.019
3402 0.556
3403 0.743
3404 0.606
3405 0.294
3406 0.016
3407 0.722
3408 0.13
3409 0.364
3410 0.604
3411 0.116
3412 0.012
3413 0.529
3414 0.447
3415 0.768
3416 0.105
3417 0.377
3418 0.009
3419 0.019
3420 0.106
3421 0.261
3422 0.071
3423 0.104
3424 0.133
3425 0.651
3426 0.038
3427 0.786
3428 0.076
3429 0.112
3430 0.001
3431 0.133
3432 0.002
3433 0.094
3434 0.015
3435 0.005
3436 0.022
3437 0.868
3438 0.047
3439 0.848
3440 0.306
3441 0.001
3442 0.578
3443 0.37
3444 0.006
3445 0.005
3446 0.206
3447 0.847
3448 0.35
3449 0.596
3450 0.256
3451 0.758
3452 0.001
3453 0.669
3454 0.532
3455 0.266
3456 0.207
3457 0.007
3458 0.389
3459 0.301
3460 0.726
3461 0.013
3462 0.016
3463 0.263
3464 0.613
3465 0.064
3466 0.388
3467 0.247
3468 0.571
3469 0.626
3470 0.634
3471 0.43
3472 0.125
3473 0.593
3474 0.766
3475 0.314
3476 0.427
3477 0.371
3478 0.171
3479 0.804
3480 0.753
3481 0.025
3482 0.319
3483 0.014
3484 0.163
3485 0.237
3486 0.051
3487 0.316
3488 0.366
3489 0.319
3490 0.021
3491 0.369
3492 0.253
3493 0.038
3494 0.344
3495 0.332
3496 0.817
3497 0.621
3498 0.237
3499 0.072
3500 0.788
3501 0.489
3502 0.065
3503 0.339
3504 0.605
3505 0.374
3506 0.029
3507 0.273
3508 0.058
3509 0.012
3510 0.267
3511 0.539
3512 0.269
3513 0.392
3514 0.739
3515 0.149
3516 0.407
3517 0.683
3518 0.171
3519 0.057
3520 0.235
3521 0.874
3522 0.053
3523 0.163
3524 0.003
3525 0.004
3526 0.028
3527 0.219
3528 0.273
3529 0.212
3530 0
3531 0.314
3532 0.112
3533 0.248
3534 0.004
3535 0
3536 0.204
3537 0.221
3538 0.496
3539 0.164
3540 0.179
3541 0.619
3542 0.195
3543 0.009
3544 0.111
3545 0.519
3546 0.327
3547 0.164
3548 0.002
3549 0.086
3550 0.001
3551 0.04
3552 0.517
3553 0.701
3554 0.132
3555 0.782
3556 0.13
3557 0.131
3558 0.402
3559 0.141
3560 0.361
3561 0.179
3562 0.003
3563 0.901
3564 0.117
3565 0.581
3566 0.126
3567 0.082
3568 0.001
3569 0.669
3570 0.025
3571 0.095
3572 0.229
3573 0.472
3574 0.07
3575 0.053
3576 0.005
3577 0.105
3578 0.506
3579 0.517
3580 0.116
3581 0.357
3582 0.054
3583 0.494
3584 0.054
3585 0.871
3586 0.134
3587 0.016
3588 0.292
3589 0.023
3590 0.91
3591 0.292
3592 0.513
3593 0.81
3594 0.432
3595 0.097
3596 0.449
3597 0.01
3598 0.174
3599 0.03
3600 0.14
3601 0.487
3602 0.156
3603 0.245
3604 0.442
3605 0.921
3606 0.542
3607 0.239
3608 0.693
3609 0.185
3610 0.874
3611 0.019
3612 0.067
3613 0
3614 0.359
3615 0.232
3616 0.002
3617 0.476
3618 0.117
3619 0.066
3620 0.277
3621 0.453
3622 0.519
3623 0.328
3624 0.18
3625 0.331
3626 0.002
3627 0.003
3628 0.489
3629 0.02
3630 0.886
3631 0.294
3632 0.061
3633 0.833
3634 0
3635 0.727
3636 0.042
3637 0.803
3638 0.689
3639 0.142
3640 0.031
3641 0.536
3642 0.391
3643 0.104
3644 0.549
3645 0.271
3646 0.464
3647 0.429
3648 0.001
3649 0.781
3650 0.472
3651 0
3652 0.771
3653 0.046
3654 0
3655 0.045
3656 0.039
3657 0.007
3658 0.028
3659 0.053
3660 0.448
3661 0.044
3662 0.296
3663 0.344
3664 0.231
3665 0.016
3666 0.161
3667 0.486
3668 0.656
3669 0.01
3670 0.533
3671 0.019
3672 0.878
3673 0.288
3674 0.451
3675 0.331
3676 0.623
3677 0.153
3678 0.209
3679 0.031
3680 0.195
3681 0.202
3682 0.052
3683 0.274
3684 0.003
3685 0.243
3686 0.891
3687 0.058
3688 0.815
3689 0.229
3690 0.053
3691 0.013
3692 0.301
3693 0.791
3694 0.57
3695 0.287
3696 0.231
3697 0.361
3698 0.253
3699 0.952
3700 0.636
3701 0.131
3702 0.003
3703 0.775
3704 0.835
3705 0.164
3706 0.259
3707 0.452
3708 0.048
3709 0.506
3710 0.889
3711 0
3712 0.021
3713 0.426
3714 0.314
3715 0.398
3716 0.679
3717 0.152
3718 0.745
3719 0.306
3720 0.186
3721 0.082
3722 0.42
3723 0.839
3724 0.54
3725 0.559
3726 0.11
3727 0.815
3728 0.401
3729 0.581
3730 0.289
3731 0.856
3732 0.198
3733 0.165
3734 0.706
3735 0.871
3736 0.273
3737 0.766
3738 0.005
3739 0.241
3740 0.161
3741 0.258
3742 0.005
3743 0.034
3744 0.778
3745 0.218
3746 0.799
3747 0.507
3748 0.241
3749 0.498
3750 0.599
3751 0.683
3752 0.738
3753 0.009
3754 0.111
3755 0.676
3756 0.021
3757 0.618
3758 0.095
3759 0.338
3760 0.051
3761 0.298
3762 0.191
3763 0.019
3764 0.016
3765 0.002
3766 0.07
3767 0.805
3768 0.023
3769 0.016
3770 0.277
3771 0.202
3772 0.208
3773 0.323
3774 0.444
3775 0.261
3776 0.275
3777 0
3778 0.651
3779 0.277
3780 0
3781 0.178
3782 0.69
3783 0.165
3784 0.099
3785 0.035
3786 0.494
3787 0.382
3788 0.691
3789 0.001
3790 0.066
3791 0.797
3792 0.586
3793 0.044
3794 0.035
3795 0.461
3796 0.029
3797 0.14
3798 0.04
3799 0.094
3800 0.2
3801 0.367
3802 0.204
3803 0.377
3804 0.542
3805 0.051
3806 0.79
3807 0.017
3808 0.146
3809 0.784
3810 0.88
3811 0.096
3812 0.764
3813 0.086
3814 0.149
3815 0.856
3816 0.057
3817 0.572
3818 0.102
3819 0.696
3820 0.002
3821 0.196
3822 0.267
3823 0.225
3824 0.074
3825 0.006
3826 0
3827 0.347
3828 0.025
3829 0.002
3830 0.017
3831 0.035
3832 0.047
3833 0.612
3834 0.63
3835 0.704
3836 0.29
3837 0.04
3838 0.502
3839 0.79
3840 0.518
3841 0.703
3842 0.192
3843 0.696
3844 0.639
3845 0.895
3846 0.703
3847 0.048
3848 0.161
3849 0.198
3850 0.186
3851 0.28
3852 0.115
3853 0.048
3854 0.617
3855 0.805
3856 0.123
3857 0.842
3858 0.2
3859 0.208
3860 0.064
3861 0.243
3862 0.066
3863 0.148
3864 0.077
3865 0.617
3866 0.606
3867 0.118
3868 0.248
3869 0.455
3870 0.32
3871 0.007
3872 0.57
3873 0.533
3874 0.753
3875 0.219
3876 0.148
3877 0.883
3878 0.337
3879 0.423
3880 0.611
3881 0.022
3882 0.216
3883 0.004
3884 0.453
3885 0.302
3886 0.138
3887 0
3888 0.226
3889 0.058
3890 0.15
3891 0.055
3892 0.033
3893 0.073
3894 0.197
3895 0.144
3896 0.868
3897 0.863
3898 0.112
3899 0.003
3900 0.102
3901 0.629
3902 0.139
3903 0.225
3904 0.332
3905 0.614
3906 0.277
3907 0.173
3908 0.048
3909 0.101
3910 0.143
3911 0.548
3912 0.071
3913 0.02
3914 0.057
3915 0.287
3916 0
3917 0.449
3918 0.214
3919 0.103
3920 0.077
3921 0.163
3922 0.759
3923 0.67
3924 0.033
3925 0.04
3926 0.637
3927 0.112
3928 0.164
3929 0.236
3930 0.069
3931 0.11
3932 0.004
3933 0.019
3934 0.036
3935 0.026
3936 0.329
3937 0.167
3938 0.316
3939 0.053
3940 0.093
3941 0.247
3942 0.619
3943 0.356
3944 0.438
3945 0.359
3946 0.105
3947 0.004
3948 0.346
3949 0.161
3950 0.061
3951 0.004
3952 0.126
3953 0.176
3954 0.576
3955 0.788
3956 0.005
3957 0.256
3958 0.805
3959 0.048
3960 0.035
3961 0.418
3962 0.705
3963 0.398
3964 0.022
3965 0.056
3966 0.587
3967 0.12
3968 0.664
3969 0.395
3970 0.363
3971 0.477
3972 0.539
3973 0.653
3974 0.671
3975 0.272
3976 0.048
3977 0.026
3978 0.425
3979 0.003
3980 0.442
3981 0.781
3982 0.545
3983 0
3984 0.62
3985 0.005
3986 0.316
3987 0.07
3988 0.004
3989 0.229
3990 0.704
3991 0.514
3992 0.259
3993 0.294
3994 0.173
3995 0.016
3996 0.203
3997 0.128
3998 0.751
3999 0.705
4000 0.889
4001 0.012
4002 0.01
4003 0.255
4004 0.616
4005 0.018
4006 0.017
4007 0.074
4008 0.124
4009 0.882
4010 0.179
4011 0.035
4012 0.437
4013 0.496
4014 0.021
4015 0.443
4016 0.858
4017 0.934
4018 0.177
4019 0.771
4020 0.055
4021 0.753
4022 0.188
4023 0.046
4024 0.357
4025 0.33
4026 0.577
4027 0.629
4028 0.12
4029 0
4030 0.465
4031 0.134
4032 0.318
4033 0.349
4034 0.884
4035 0.316
4036 0.01
4037 0.055
4038 0.474
4039 0.393
4040 0.28
4041 0.025
4042 0.123
4043 0.005
4044 0.018
4045 0.16
4046 0.15
4047 0.008
4048 0.022
4049 0.001
4050 0.196
4051 0
4052 0.011
4053 0.022
4054 0.111
4055 0.488
4056 0.855
4057 0.352
4058 0.099
4059 0.551
4060 0.427
4061 0.001
4062 0.089
4063 0.084
4064 0.618
4065 0.044
4066 0.052
4067 0.344
4068 0.25
4069 0.006
4070 0.223
4071 0.518
4072 0.296
4073 0.148
4074 0
4075 0.434
4076 0.388
4077 0.257
4078 0.004
4079 0.14
4080 0.05
4081 0.732
4082 0.412
4083 0.217
4084 0.037
4085 0.49
4086 0.566
4087 0.486
4088 0.222
4089 0.011
4090 0.084
4091 0.014
4092 0.211
4093 0.453
4094 0.733
4095 0.402
4096 0.025
4097 0.127
4098 0.233
4099 0.335
4100 0.649
4101 0.002
4102 0.553
4103 0.582
4104 0.207
4105 0.074
4106 0.152
4107 0.584
4108 0.685
4109 0.018
4110 0.755
4111 0.577
4112 0.362
4113 0.513
4114 0.44
4115 0.242
4116 0.113
4117 0.743
4118 0.319
4119 0.071
4120 0.362
4121 0.766
4122 0.07
4123 0.043
4124 0.243
4125 0.623
4126 0.166
4127 0.239
4128 0.285
4129 0.842
4130 0.601
4131 0.343
4132 0.008
4133 0.529
4134 0.002
4135 0.807
4136 0.006
4137 0.629
4138 0.715
4139 0.011
4140 0.209
4141 0.074
4142 0.493
4143 0.045
4144 0.411
4145 0.743
4146 0.341
4147 0.012
4148 0.577
4149 0.191
4150 0.597
4151 0.02
4152 0.591
4153 0.526
4154 0
4155 0.183
4156 0.228
4157 0.099
4158 0.011
4159 0.146
4160 0.751
4161 0.24
4162 0.257
4163 0.594
4164 0.501
4165 0.838
4166 0.272
4167 0.2
4168 0.013
4169 0.588
4170 0.082
4171 0.377
4172 0.487
4173 0.109
4174 0.149
4175 0.002
4176 0.011
4177 0.428
4178 0.29
4179 0.091
4180 0.707
4181 0.345
4182 0
4183 0.003
4184 0.79
4185 0.272
4186 0.203
4187 0.127
4188 0.048
4189 0.815
4190 0
4191 0.019
4192 0.91
4193 0.429
4194 0.588
4195 0.097
4196 0.215
4197 0.07
4198 0.887
4199 0.162
4200 0.306
4201 0.689
4202 0.732
4203 0.002
4204 0.268
4205 0
4206 0.362
4207 0.009
4208 0.666
4209 0.023
4210 0.194
4211 0.167
4212 0.035
4213 0.291
4214 0.575
4215 0.195
4216 0.562
4217 0.046
4218 0.37
4219 0.628
4220 0.011
4221 0.757
4222 0.058
4223 0.783
4224 0.429
4225 0.12
4226 0.155
4227 0.183
4228 0.425
4229 0.696
4230 0.033
4231 0.348
4232 0.012
4233 0.127
4234 0.575
4235 0.644
4236 0.049
4237 0.786
4238 0
4239 0.091
4240 0.52
4241 0.094
4242 0.568
4243 0.07
4244 0.582
4245 0.045
4246 0.897
4247 0.552
4248 0.677
4249 0.567
4250 0.092
4251 0.099
4252 0.599
4253 0.429
4254 0.756
4255 0.035
4256 0.02
4257 0.107
4258 0.036
4259 0.434
4260 0.867
4261 0.695
4262 0.049
4263 0.06
4264 0
4265 0.247
4266 0.859
4267 0.436
4268 0.487
4269 0
4270 0.018
4271 0.077
4272 0
4273 0.621
4274 0.892
4275 0.137
4276 0.294
4277 0.495
4278 0.528
4279 0.087
4280 0.542
4281 0.046
4282 0.535
4283 0.396
4284 0.747
4285 0.054
4286 0.496
4287 0
4288 0.287
4289 0
4290 0.093
4291 0.014
4292 0.227
4293 0.253
4294 0.213
4295 0.006
4296 0.258
4297 0.616
4298 0.124
4299 0.023
4300 0.535
4301 0
4302 0.045
4303 0.618
4304 0.04
4305 0.112
4306 0.584
4307 0.048
4308 0.488
4309 0.863
4310 0.006
4311 0.23
4312 0.48
4313 0.589
4314 0.002
4315 0.349
4316 0.696
4317 0.613
4318 0.005
4319 0.081
4320 0.477
4321 0.004
4322 0.185
4323 0.937
4324 0.408
4325 0.253
4326 0.718
4327 0.574
4328 0.011
4329 0.104
4330 0.118
4331 0.3
4332 0.729
4333 0.001
4334 0.423
4335 0.149
4336 0.695
4337 0.006
4338 0.667
4339 0.746
4340 0.028
4341 0.064
4342 0.889
4343 0.006
4344 0.446
4345 0.025
4346 0.726
4347 0.039
4348 0.214
4349 0.31
4350 0.044
4351 0.074
4352 0.095
4353 0.118
4354 0.32
4355 0.466
4356 0.628
4357 0.562
4358 0.019
4359 0.885
4360 0.415
4361 0.341
4362 0.247
4363 0.021
4364 0.005
4365 0.289
4366 0.247
4367 0.234
4368 0.408
4369 0.001
4370 0.001
4371 0.547
4372 0.642
4373 0.045
4374 0.072
4375 0.63
4376 0.904
4377 0.479
4378 0.092
4379 0.126
4380 0.587
4381 0.031
4382 0
4383 0.117
4384 0.224
4385 0.036
4386 0.379
4387 0.35
4388 0.002
4389 0.378
4390 0.052
4391 0.397
4392 0.863
4393 0.123
4394 0.026
4395 0.019
4396 0.009
4397 0.014
4398 0.443
4399 0.27
4400 0.036
4401 0.001
4402 0.759
4403 0.356
4404 0.442
4405 0.021
4406 0.531
4407 0.122
4408 0.076
4409 0.096
4410 0.836
4411 0.246
4412 0.371
4413 0.002
4414 0.014
4415 0.565
4416 0.045
4417 0.333
4418 0.362
4419 0.002
4420 0.541
4421 0.58
4422 0.216
4423 0.043
4424 0.256
4425 0.114
4426 0.693
4427 0.721
4428 0.859
4429 0.798
4430 0.306
4431 0.576
4432 0.31
4433 0.1
4434 0.044
4435 0.458
4436 0.22
4437 0.001
4438 0.68
4439 0.707
4440 0.066
4441 0.478
4442 0.607
4443 0.183
4444 0.457
4445 0.405
4446 0.09
4447 0.019
4448 0.349
4449 0.068
4450 0.085
4451 0.387
4452 0.604
4453 0.011
4454 0.867
4455 0.212
4456 0.472
4457 0.103
4458 0.539
4459 0.422
4460 0.282
4461 0.457
4462 0.672
4463 0.27
4464 0.866
4465 0.831
4466 0.692
4467 0.525
4468 0.09
4469 0.276
4470 0.52
4471 0.204
4472 0
4473 0.205
4474 0.457
4475 0.654
4476 0.73
4477 0.284
4478 0
4479 0.148
4480 0.055
4481 0.204
4482 0.076
4483 0.659
4484 0.379
4485 0.051
4486 0.414
4487 0.081
4488 0
4489 0.076
4490 0.377
4491 0.019
4492 0.013
4493 0.161
4494 0.435
4495 0.004
4496 0.046
4497 0.862
4498 0.23
4499 0.373
4500 0.193
4501 0.342
4502 0.75
4503 0.469
4504 0.77
4505 0.705
4506 0.924
4507 0.148
4508 0.261
4509 0.681
4510 0.594
4511 0.627
4512 0.004
4513 0.062
4514 0.72
4515 0.015
4516 0.74
4517 0.125
4518 0.429
4519 0.337
4520 0.79
4521 0.094
4522 0.574
4523 0.057
4524 0.32
4525 0.649
4526 0.475
4527 0.551
4528 0.818
4529 0.407
4530 0.82
4531 0.005
4532 0.37
4533 0.146
4534 0.055
4535 0.105
4536 0.645
4537 0.378
4538 0.001
4539 0.427
4540 0.685
4541 0.017
4542 0.168
4543 0.473
4544 0.195
4545 0.392
4546 0.235
4547 0.066
4548 0.359
4549 0.268
4550 0.29
4551 0.151
4552 0.599
4553 0.697
4554 0.233
4555 0.189
4556 0.254
4557 0.373
4558 0.001
4559 0.108
4560 0.561
4561 0.133
4562 0.072
4563 0.126
4564 0.456
4565 0.09
4566 0.085
4567 0.092
4568 0.174
4569 0.213
4570 0.172
4571 0.346
4572 0.025
4573 0.259
4574 0.084
4575 0.179
4576 0.103
4577 0.289
4578 0.241
4579 0.421
4580 0.066
4581 0.121
4582 0.18
4583 0.003
4584 0.625
4585 0.046
4586 0.261
4587 0.682
4588 0.883
4589 0.179
4590 0.149
4591 0.254
4592 0.045
4593 0.754
4594 0.371
4595 0.018
4596 0.645
4597 0.468
4598 0.003
4599 0.18
4600 0.256
4601 0.366
4602 0.06
4603 0.244
4604 0.462
4605 0.258
4606 0.724
4607 0.605
4608 0.874
4609 0.335
4610 0.444
4611 0.608
4612 0.153
4613 0.613
4614 0.108
4615 0.593
4616 0.029
4617 0.34
4618 0.065
4619 0.652
4620 0.463
4621 0.246
4622 0.247
4623 0.149
4624 0.428
4625 0.05
4626 0.009
4627 0.066
4628 0.139
4629 0.299
4630 0.276
4631 0.432
4632 0.002
4633 0.27
4634 0.051
4635 0.125
4636 0.203
4637 0.403
4638 0.717
4639 0.031
4640 0.892
4641 0.214
4642 0.48
4643 0.346
4644 0.515
4645 0.05
4646 0.35
4647 0.332
4648 0.192
4649 0.794
4650 0.248
4651 0.887
4652 0.68
4653 0.179
4654 0.479
4655 0.523
4656 0.248
4657 0.021
4658 0.005
4659 0.009
4660 0.583
4661 0.014
4662 0.141
4663 0.17
4664 0.845
4665 0.803
4666 0.094
4667 0.103
4668 0.773
4669 0.441
4670 0.787
4671 0.499
4672 0.193
4673 0.335
4674 0.002
4675 0.372
4676 0.702
4677 0.639
4678 0.056
4679 0
4680 0.364
4681 0.808
4682 0.039
4683 0.509
4684 0.223
4685 0.066
4686 0.235
4687 0.03
4688 0.121
4689 0.324
4690 0.043
4691 0.189
4692 0.829
4693 0.311
4694 0.286
4695 0.368
4696 0.012
4697 0.704
4698 0.846
4699 0.272
4700 0.379
4701 0.269
4702 0.776
4703 0.438
4704 0.001
4705 0.859
4706 0.432
4707 0.009
4708 0.653
4709 0.516
4710 0.046
4711 0.535
4712 0.171
4713 0
4714 0.218
4715 0.713
4716 0.716
4717 0.752
4718 0.072
4719 0.335
4720 0.847
4721 0.103
4722 0.006
4723 0.032
4724 0.004
4725 0.483
4726 0.862
4727 0.9
4728 0.406
4729 0.028
4730 0.001
4731 0.38
4732 0.51
4733 0.5
4734 0.272
4735 0.43
4736 0.783
4737 0.881
4738 0.341
4739 0.666
4740 0.031
4741 0.629
4742 0.792
4743 0.241
4744 0.117
4745 0.182
4746 0.166
4747 0.369
4748 0.391
4749 0.038
4750 0.355
4751 0.07
4752 0.552
4753 0.645
4754 0.444
4755 0.718
4756 0.376
4757 0.473
4758 0.238
4759 0.182
4760 0.057
4761 0.565
4762 0.151
4763 0.156
4764 0.461
4765 0.152
4766 0.58
4767 0.056
4768 0.589
4769 0.376
4770 0.093
4771 0
4772 0.757
4773 0.698
4774 0.543
4775 0.001
4776 0.059
4777 0.732
4778 0.41
4779 0.504
4780 0.56
4781 0.109
4782 0.193
4783 0.072
4784 0.003
4785 0.172
4786 0.582
4787 0.012
4788 0.174
4789 0.104
4790 0.13
4791 0.765
4792 0.057
4793 0.047
4794 0.06
4795 0.063
4796 0.293
4797 0.478
4798 0.051
4799 0.473
4800 0.161
4801 0.01
4802 0.823
4803 0.004
4804 0.096
4805 0.116
4806 0.102
4807 0.3
4808 0.013
4809 0.136
4810 0.133
4811 0.204
4812 0.001
4813 0.748
4814 0.402
4815 0.029
4816 0
4817 0.129
4818 0.276
4819 0.048
4820 0.183
4821 0.226
4822 0.172
4823 0.155
4824 0.048
4825 0.62
4826 0.08
4827 0.687
4828 0.002
4829 0.461
4830 0.136
4831 0.116
4832 0.309
4833 0.055
4834 0.199
4835 0.87
4836 0.165
4837 0.887
4838 0.539
4839 0.129
4840 0.116
4841 0.729
4842 0.255
4843 0.445
4844 0.513
4845 0.007
4846 0.801
4847 0.105
4848 0.834
4849 0.01
4850 0.147
4851 0.247
4852 0.01
4853 0.098
4854 0.479
4855 0.116
4856 0.073
4857 0.055
4858 0.001
4859 0
4860 0.013
4861 0.505
4862 0.22
4863 0.171
4864 0.016
4865 0.494
4866 0.399
4867 0.673
4868 0.568
4869 0.514
4870 0.734
4871 0.029
4872 0.154
4873 0.09
4874 0.058
4875 0.114
4876 0.841
4877 0.831
4878 0.01
4879 0.132
4880 0.122
4881 0.659
4882 0.099
4883 0.482
4884 0.299
4885 0.29
4886 0.62
4887 0.202
4888 0.871
4889 0.244
4890 0.762
4891 0.372
4892 0.304
4893 0.489
4894 0.055
4895 0.384
4896 0.042
4897 0.148
4898 0.001
4899 0.04
4900 0.473
4901 0.333
4902 0.038
4903 0.026
4904 0.624
4905 0.384
4906 0.828
4907 0.778
4908 0.56
4909 0.667
4910 0.841
4911 0.1
4912 0.835
4913 0.186
4914 0.734
4915 0.061
4916 0.033
4917 0.203
4918 0.204
4919 0.007
4920 0.393
4921 0.026
4922 0.487
4923 0.048
4924 0.745
4925 0.085
4926 0.168
4927 0.649
4928 0.105
4929 0.102
4930 0.319
4931 0.272
4932 0.313
4933 0.835
4934 0.594
4935 0.084
4936 0.44
4937 0.044
4938 0.466
4939 0.787
4940 0.133
4941 0.962
4942 0.47
4943 0.294
4944 0.085
4945 0.761
4946 0.347
4947 0.097
4948 0.048
4949 0.153
4950 0.006
4951 0.809
4952 0.777
4953 0.286
4954 0.114
4955 0.19
4956 0.665
4957 0.776
4958 0.518
4959 0.006
4960 0.216
4961 0.628
4962 0.504
4963 0.861
4964 0.313
4965 0.454
4966 0.71
4967 0.498
4968 0.42
4969 0.189
4970 0.19
4971 0.266
4972 0.415
4973 0.185
4974 0.027
4975 0.766
4976 0.169
4977 0.302
4978 0.014
4979 0.057
4980 0.374
4981 0.082
4982 0.013
4983 0.072
4984 0.709
4985 0.213
4986 0.09
4987 0.069
4988 0.024
4989 0.949
4990 0.043
4991 0.249
4992 0.133
4993 0.351
4994 0.189
4995 0.818
4996 0.839
4997 0.202
4998 0.117
4999 0.041
5000 0.001
