1 0.7040408
2 0.01446237
3 0.01288703
4 0.03536853
5 0.004770308
6 0.0135228
7 0.7173792
8 0.01410187
9 0.1747457
10 0.008560181
11 0.009307663
12 0.0170603
13 0.004634904
14 0.005422265
15 0.02805876
16 0.3882518
17 0.01635176
18 0.01043721
19 0.009469769
20 0.005834036
21 0.01020262
22 0.01231694
23 0.06809202
24 0.004766868
25 0.01698843
26 0.01507742
27 0.008162405
28 0.007137733
29 0.01507946
30 0.006681128
31 0.008771533
32 0.005588198
33 0.04057045
34 0.01817445
35 0.9625396
36 0.09984192
37 0.01404212
38 0.2946123
39 0.01259846
40 0.193453
41 0.1054812
42 0.02022403
43 0.01970112
44 0.01976321
45 0.01761937
46 0.01537334
47 0.0717075
48 0.004435778
49 0.002793302
50 0.02512867
51 0.03425996
52 0.0210428
53 0.01582805
54 0.6202782
55 0.02275777
56 0.01551007
57 0.02392205
58 0.1681691
59 0.6902222
60 0.01486431
61 0.02533223
62 0.006544457
63 0.03059982
64 0.2056506
65 0.00520549
66 0.1370134
67 0.01086003
68 0.01389653
69 0.003541402
70 0.2729537
71 0.006912554
72 0.01409293
73 0.3585973
74 0.005871494
75 0.007531121
76 0.6281653
77 0.008932708
78 0.006506511
79 0.01578626
80 0.02321818
81 0.004181495
82 0.01048671
83 0.05957305
84 0.003426617
85 0.02094588
86 0.005858824
87 0.003862423
88 0.03860225
89 0.006383655
90 0.02118243
91 0.003201308
92 0.01222643
93 0.02541816
94 0.00243381
95 0.002768901
96 0.9307411
97 0.03285762
98 0.1183614
99 0.01522938
100 0.01810612
101 0.008018279
102 0.007676449
103 0.576863
104 0.03995808
105 0.01005349
106 0.01235602
107 0.005040704
108 0.01143847
109 0.01333717
110 0.06600858
111 0.006044214
112 0.02211013
113 0.005640876
114 0.08075457
115 0.08121549
116 0.0137022
117 0.01463758
118 0.01769236
119 0.01629054
120 0.0247382
121 0.7052158
122 0.006859909
123 0.01419562
124 0.4289529
125 0.01742538
126 0.02112352
127 0.1131257
128 0.0045234
129 0.9257236
130 0.007267832
131 0.1613812
132 0.009329744
133 0.01593573
134 0.007854491
135 0.3642419
136 0.0136083
137 0.02121643
138 0.1025036
139 0.1287359
140 0.003608954
141 0.01305146
142 0.008439476
143 0.006543112
144 0.03119668
145 0.01270038
146 0.0148902
147 0.0126703
148 0.01409872
149 0.04962681
150 0.007935558
151 0.01304225
152 0.009242884
153 0.02001599
154 0.005748821
155 0.004152696
156 0.007059045
157 0.00575309
158 0.00431929
159 0.008140163
160 0.1886355
161 0.0166226
162 0.01650998
163 0.2065862
164 0.02522411
165 0.02043788
166 0.03749733
167 0.0415795
168 0.002575869
169 0.003556474
170 0.005197917
171 0.01685535
172 0.01536268
173 0.01533922
174 0.01330772
175 0.00686353
176 0.002141347
177 0.0205
178 0.004397998
179 0.9841072
180 0.1815929
181 0.002906804
182 0.02241898
183 0.007663091
184 0.002911124
185 0.01221047
186 0.01819243
187 0.03003274
188 0.009016277
189 0.1428475
190 0.01946052
191 0.009117128
192 0.007041807
193 0.04106757
194 0.01174081
195 0.005031405
196 0.02306809
197 0.007069582
198 0.005871292
199 0.006478876
200 0.01694378
201 0.02343529
202 0.007544051
203 0.008698765
204 0.02077211
205 0.01103859
206 0.8310077
207 0.008292105
208 0.01107148
209 0.03505992
210 0.01846064
211 0.7042856
212 0.01720859
213 0.01351976
214 0.008897348
215 0.01667014
216 0.05711926
217 0.008352842
218 0.004974227
219 0.09396484
220 0.01446474
221 0.004247705
222 0.04171528
223 0.006682373
224 0.1576769
225 0.01608574
226 0.04617614
227 0.01032191
228 0.006721937
229 0.01589158
230 0.0033641
231 0.03983703
232 0.9702062
233 0.007345605
234 0.006497388
235 0.007143907
236 0.006234922
237 0.02084213
238 0.01100433
239 0.01305416
240 0.005238517
241 0.0008985982
242 0.01346002
243 0.05731177
244 0.01627316
245 0.007632597
246 0.008582091
247 0.004866845
248 0.01272727
249 0.007794467
250 0.8347286
251 0.01709644
252 0.007817274
253 0.0137235
254 0.01694444
255 0.004493706
256 0.0134231
257 0.003147603
258 0.06054954
259 0.01633226
260 0.02266644
261 0.006488374
262 0.01263179
263 0.05383142
264 0.01328851
265 0.007039376
266 0.01065121
267 0.02461414
268 0.005109033
269 0.007975227
270 0.00180437
271 0.01322705
272 0.005950753
273 0.008783135
274 0.05285728
275 0.03157685
276 0.9645047
277 0.1140087
278 0.1987263
279 0.006943
280 0.003830796
281 0.007828883
282 0.01740365
283 0.01212096
284 0.01420887
285 0.01411351
286 0.01084582
287 0.8743725
288 0.01281916
289 0.01852097
290 0.03292374
291 0.01482764
292 0.01434365
293 0.008768391
294 0.0482086
295 0.049392
296 0.0103122
297 0.08833604
298 0.003181469
299 0.007213791
300 0.1395023
301 0.03375796
302 0.000564403
303 0.005334199
304 0.01324754
305 0.02427322
306 0.0035182
307 0.04238423
308 0.007333895
309 0.03271086
310 0.01931068
311 0.01089509
312 0.3499695
313 0.01235691
314 0.1424212
315 0.4846382
316 0.06849642
317 0.03988681
318 0.03367984
319 0.001430477
320 0.01943456
321 0.01291238
322 0.005171676
323 0.01692251
324 0.009582306
325 0.01250952
326 0.008866232
327 0.1678775
328 0.6250299
329 0.01022877
330 0.006399214
331 0.007880085
332 0.02275651
333 0.02961862
334 0.01060606
335 0.2430383
336 0.01750369
337 0.01494984
338 0.02745934
339 0.009822416
340 0.3384673
341 0.02347683
342 0.1113907
343 0.1662259
344 0.008732465
345 0.003323491
346 0.01494509
347 0.03007079
348 0.01060869
349 0.007078896
350 0.03979156
351 0.004141899
352 0.007876088
353 0.002637312
354 0.01854865
355 0.006783791
356 0.4899221
357 0.01198044
358 0.006232035
359 0.01512341
360 0.004440255
361 0.07742784
362 0.01200388
363 0.09234365
364 0.01020883
365 0.008036637
366 0.003804751
367 0.01333444
368 0.08653739
369 0.028492
370 0.04469664
371 0.03160282
372 0.00565886
373 0.02271488
374 0.05565467
375 0.008182096
376 0.01455982
377 0.009024065
378 0.003738134
379 0.01395963
380 0.03662539
381 0.06173241
382 0.003518236
383 0.00109536
384 0.007667687
385 0.04908561
386 0.02538295
387 0.005296376
388 0.01563916
389 0.01956762
390 0.01172365
391 0.0140219
392 0.3121908
393 0.008435241
394 0.005696618
395 0.02517549
396 0.0265072
397 0.01263375
398 0.005466579
399 0.01467488
400 0.02581925
401 0.001560952
402 0.3626759
403 0.005825384
404 0.005695908
405 0.006148751
406 0.1772958
407 0.004607179
408 0.007730243
409 0.04751124
410 0.01577365
411 0.01061065
412 0.05458334
413 0.01796768
414 0.6377474
415 0.06785048
416 0.01215311
417 0.00801316
418 0.01956504
419 0.007147512
420 0.004848365
421 0.02541881
422 0.008545947
423 0.00876481
424 0.01368667
425 0.8192432
426 0.008502825
427 0.007238956
428 0.03056422
429 0.007127663
430 0.01053439
431 0.006743524
432 0.0215323
433 0.006646827
434 0.02872175
435 0.03725715
436 0.02689685
437 0.01557309
438 0.001709797
439 0.0174118
440 0.01796432
441 0.9816793
442 0.07481761
443 0.01409045
444 0.009033227
445 0.02698477
446 0.007064929
447 0.009827735
448 0.006963564
449 0.2520857
450 0.2180349
451 0.01173753
452 0.01750051
453 0.5683099
454 0.006380318
455 0.408802
456 0.007497999
457 0.01134101
458 0.004721319
459 0.005782312
460 0.01386621
461 0.009298277
462 0.0005805672
463 0.003692095
464 0.01267507
465 0.06229874
466 0.01647424
467 0.00667486
468 0.1822267
469 0.10333
470 0.007974889
471 0.02979338
472 0.03423553
473 0.005975027
474 0.0175405
475 0.05210116
476 0.5644
477 0.008755235
478 0.004614696
479 0.005535311
480 0.07755611
481 0.003597588
482 0.007720815
483 0.014554
484 0.05676502
485 0.002950467
486 0.003916734
487 0.01523004
488 0.01415248
489 0.01505987
490 0.5935228
491 0.5473768
492 0.004032459
493 0.006894869
494 0.009197206
495 0.01409214
496 0.005311132
497 0.004029392
498 0.003208992
499 0.01761367
500 0.6139169
501 0.01845319
502 0.09901353
503 0.1813498
504 0.01545989
505 0.2865392
506 0.05574794
507 0.1656209
508 0.01447818
509 0.01107295
510 0.079725
511 0.006982555
512 0.01654495
513 0.01694698
514 0.009934427
515 0.01973082
516 0.0205227
517 0.03853697
518 0.006161033
519 0.003451723
520 0.006856902
521 0.01888622
522 0.00698316
523 0.01185423
524 0.003871433
525 0.007225763
526 0.0254289
527 0.006724945
528 0.005919865
529 0.7643927
530 0.009819541
531 0.00256298
532 0.02127506
533 0.2639195
534 0.01572483
535 0.03047813
536 0.01399863
537 0.02039985
538 0.008139531
539 0.002396809
540 0.01635238
541 0.01192363
542 0.003622904
543 0.4102283
544 0.01260613
545 0.155519
546 0.007341096
547 0.2577072
548 0.01672111
549 0.240855
550 0.01455678
551 0.251262
552 0.006622493
553 0.8141417
554 0.01351381
555 0.4613172
556 0.006855619
557 0.5380333
558 0.01437663
559 0.9197574
560 0.01101155
561 0.002509001
562 0.6340314
563 0.007537712
564 0.01341289
565 0.007606081
566 0.3697086
567 0.01620305
568 0.01342326
569 0.003808252
570 0.01350396
571 0.3553859
572 0.007568628
573 0.002638172
574 0.01253532
575 0.005760584
576 0.01949292
577 0.003799013
578 0.003755995
579 0.6432899
580 0.02528933
581 0.01135084
582 0.004871718
583 0.01848258
584 0.01625125
585 0.008329075
586 0.02978523
587 0.3889006
588 0.0249227
589 0.1985446
590 0.007840906
591 0.0197082
592 0.3427271
593 0.004091936
594 0.1432222
595 0.01234187
596 0.01608036
597 0.1162441
598 0.0131217
599 0.6855879
600 0.06049844
601 0.008215309
602 0.01512826
603 0.007492622
604 0.005501404
605 0.005354865
606 0.001359284
607 0.7835191
608 0.02520353
609 0.1074308
610 0.03156928
611 0.06957447
612 0.01333758
613 0.1252446
614 0.08018706
615 0.01294009
616 0.6563433
617 0.007129777
618 0.003328625
619 0.006284521
620 0.01535125
621 0.5655023
622 0.009006159
623 0.2170732
624 0.007080561
625 0.09448138
626 0.008013841
627 0.01351355
628 0.02243675
629 0.01300554
630 0.01627684
631 0.07166521
632 0.0056364
633 0.1019102
634 0.03649867
635 0.005408239
636 0.1006747
637 0.08950639
638 0.2388658
639 0.06690147
640 0.01541143
641 0.1666457
642 0.08614548
643 0.002553375
644 0.04962941
645 0.004646544
646 0.02444222
647 0.006323276
648 0.02221702
649 0.002238364
650 0.007913894
651 0.01844933
652 0.008712163
653 0.01778176
654 0.0139402
655 0.007175329
656 0.01289241
657 0.4344543
658 0.3155637
659 0.02274963
660 0.007642946
661 0.007874591
662 0.002455791
663 0.5726935
664 0.02515501
665 0.01879406
666 0.03510741
667 0.01547409
668 0.01695951
669 0.009766724
670 0.008791897
671 0.04641636
672 0.01391511
673 0.02542248
674 0.003144541
675 0.01377591
676 0.007639775
677 0.2722862
678 0.0815069
679 0.01337872
680 0.01741105
681 0.03409064
682 0.004105518
683 0.008496012
684 0.006675723
685 0.004820903
686 0.01452821
687 0.03953957
688 0.01762917
689 0.02825456
690 0.02276341
691 0.01790065
692 0.006836383
693 0.02876683
694 0.01958087
695 0.01574156
696 0.00665384
697 0.009351803
698 0.009829301
699 0.01202682
700 0.01502308
701 0.00730472
702 0.006488144
703 0.1927845
704 0.1260439
705 0.009438229
706 0.009728735
707 0.1025435
708 0.01355958
709 0.01435252
710 0.6699943
711 0.001688023
712 0.01351676
713 0.009851998
714 0.005817408
715 0.01597071
716 0.02890479
717 0.02096984
718 0.03543098
719 0.8994446
720 0.06267872
721 0.0437034
722 0.1748877
723 0.02643543
724 0.06452799
725 0.002413462
726 0.009295661
727 0.006258579
728 0.009860271
729 0.03757705
730 0.01706806
731 0.01702731
732 0.5687265
733 0.01510754
734 0.07917043
735 0.006839382
736 0.09229863
737 0.0136179
738 0.007617653
739 0.01844704
740 0.05626546
741 0.01388932
742 0.006987697
743 0.1743587
744 0.03931603
745 0.04909833
746 0.02531892
747 0.07805317
748 0.007415144
749 0.01249217
750 0.01377445
751 0.004679845
752 0.006028086
753 0.0230995
754 0.04122252
755 0.05832595
756 0.02807348
757 0.01255343
758 0.00187811
759 0.02507749
760 0.03987755
761 0.0220381
762 0.01842635
763 0.009597475
764 0.01875148
765 0.006659265
766 0.007896558
767 0.01651983
768 0.01629848
769 0.003631528
770 0.01716592
771 0.0147991
772 0.006865947
773 0.605804
774 0.0115909
775 0.0139937
776 0.007520334
777 0.06513996
778 0.03184231
779 0.01218626
780 0.01562153
781 0.003128196
782 0.02291409
783 0.01808521
784 0.1786191
785 0.0107027
786 0.01972611
787 0.008658828
788 0.008705689
789 0.006128115
790 0.01160087
791 0.04129215
792 0.01114328
793 0.008105532
794 0.0114492
795 0.1204515
796 0.004690484
797 0.009404102
798 0.01859334
799 0.05633961
800 0.07066782
801 0.05037399
802 0.05565948
803 0.0170863
804 0.01609527
805 0.02744099
806 0.01135539
807 0.005897443
808 0.2529213
809 0.01593439
810 0.02145495
811 0.107802
812 0.00583389
813 0.007633256
814 0.01757715
815 0.005480612
816 0.5238113
817 0.01328998
818 0.002632212
819 0.02829361
820 0.01472128
821 0.03747114
822 0.01454573
823 0.02309322
824 0.1295623
825 0.002138315
826 0.004169746
827 0.6421756
828 0.005129844
829 0.009533743
830 0.00559921
831 0.01147353
832 0.008691462
833 0.01311211
834 0.05762966
835 0.008941656
836 0.01541347
837 0.006814037
838 0.007157658
839 0.004821382
840 0.003948521
841 0.008245299
842 0.02034956
843 0.7921031
844 0.007757275
845 0.03900679
846 0.0122943
847 0.007157866
848 0.008004171
849 0.005899604
850 0.01634584
851 0.002575616
852 0.005936118
853 0.004627871
854 0.009051189
855 0.004605294
856 0.01578218
857 0.009116247
858 0.00801483
859 0.009303869
860 0.01425259
861 0.9689676
862 0.09718105
863 0.02869852
864 0.007677341
865 0.003209605
866 0.08533707
867 0.005814656
868 0.007648367
869 0.1505256
870 0.0188589
871 0.01496465
872 0.02537733
873 0.0109833
874 0.06630208
875 0.006987855
876 0.2913922
877 0.01427995
878 0.1379103
879 0.9014262
880 0.008532606
881 0.01451944
882 0.03829404
883 0.004912992
884 0.004187966
885 0.01713684
886 0.1199237
887 0.006683377
888 0.005097732
889 0.01416667
890 0.01343912
891 0.01530272
892 0.2127294
893 0.008144831
894 0.009905943
895 0.2026799
896 0.04601355
897 0.01594865
898 0.03168875
899 0.008414973
900 0.7019848
901 0.9091814
902 0.005142749
903 0.007900792
904 0.03505504
905 0.002797652
906 0.006610664
907 0.01113687
908 0.006672758
909 0.02492716
910 0.1501475
911 0.01770727
912 0.01973622
913 0.11607
914 0.001429304
915 0.06117026
916 0.005327357
917 0.01689475
918 0.005629548
919 0.007165303
920 0.04827892
921 0.9532623
922 0.3767188
923 0.03048008
924 0.8254282
925 0.00789129
926 0.01628892
927 0.05502646
928 0.0548254
929 0.02394215
930 0.3121812
931 0.0413278
932 0.007276081
933 0.01939263
934 0.06478532
935 0.01026025
936 0.01712186
937 0.009186066
938 0.01875215
939 0.09290282
940 0.01648983
941 0.004779839
942 0.00373541
943 0.2802568
944 0.004460744
945 0.01678749
946 0.1605678
947 0.008622353
948 0.4704057
949 0.01723694
950 0.008878078
951 0.01897028
952 0.01391072
953 0.01143416
954 0.01454677
955 0.00726621
956 0.009603438
957 0.005476225
958 0.005900794
959 0.01843035
960 0.002353378
961 0.003399548
962 0.01264695
963 0.004264003
964 0.7388195
965 0.01082367
966 0.04263226
967 0.02105136
968 0.01258925
969 0.008702652
970 0.01194804
971 0.008094071
972 0.006562106
973 0.1912963
974 0.003596659
975 0.1026145
976 0.04411242
977 0.0235071
978 0.02623778
979 0.260908
980 0.02758292
981 0.007416929
982 0.01595511
983 0.01144791
984 0.01283693
985 0.01726022
986 0.01462994
987 0.02834516
988 0.003210247
989 0.9597535
990 0.00394138
991 0.02491082
992 0.05296033
993 0.01537544
994 0.01209394
995 0.001519022
996 0.01547114
997 0.01398435
998 0.008173657
999 0.09564065
1000 0.01857113
1001 0.001960039
1002 0.0135482
1003 0.2228067
1004 0.7649805
1005 0.04850725
1006 0.01611745
1007 0.004775507
1008 0.00486051
1009 0.01572984
1010 0.04033507
1011 0.9859562
1012 0.01582824
1013 0.02621437
1014 0.01852052
1015 0.01528406
1016 0.3283119
1017 0.05238307
1018 0.02940368
1019 0.02197263
1020 0.04841315
1021 0.01380939
1022 0.7612823
1023 0.01254871
1024 0.01507962
1025 0.07527864
1026 0.6639951
1027 0.01009079
1028 0.01971013
1029 0.02291893
1030 0.005873638
1031 0.2473986
1032 0.00799578
1033 0.003741852
1034 0.08566293
1035 0.01405732
1036 0.01534772
1037 0.009888586
1038 0.008371034
1039 0.00238424
1040 0.005586455
1041 0.006936844
1042 0.0854173
1043 0.02903176
1044 0.008056809
1045 0.01284976
1046 0.01420073
1047 0.0006808112
1048 0.01503373
1049 0.004815835
1050 0.002671425
1051 0.0138362
1052 0.03026202
1053 0.008463449
1054 0.05526933
1055 0.004464715
1056 0.02516927
1057 0.01338411
1058 0.01116815
1059 0.006163718
1060 0.02852362
1061 0.2047627
1062 0.0320784
1063 0.0238616
1064 0.01813382
1065 0.02078636
1066 0.001682286
1067 0.008646457
1068 0.01306655
1069 0.01393896
1070 0.01468238
1071 0.01941731
1072 0.01206268
1073 0.01237928
1074 0.02044673
1075 0.02034321
1076 0.02505838
1077 0.08054929
1078 0.007083143
1079 0.01400338
1080 0.02564006
1081 0.003127016
1082 0.1106722
1083 0.01287552
1084 0.007808137
1085 0.01284616
1086 0.01712485
1087 0.1007871
1088 0.02808143
1089 0.1982178
1090 0.03648695
1091 0.004712008
1092 0.004327128
1093 0.009886323
1094 0.03618589
1095 0.7598003
1096 0.01282951
1097 0.00187922
1098 0.008811286
1099 0.0138211
1100 0.774269
1101 0.0174754
1102 0.006634898
1103 0.02719391
1104 0.5172341
1105 0.468162
1106 0.1211478
1107 0.01109995
1108 0.007449976
1109 0.007381763
1110 0.01871497
1111 0.005307526
1112 0.01520038
1113 0.005419324
1114 0.002204644
1115 0.01274377
1116 0.00679749
1117 0.00120656
1118 0.01828652
1119 0.0134514
1120 0.02512501
1121 0.04167235
1122 0.01487539
1123 0.02372289
1124 0.01495749
1125 0.03763456
1126 0.3506154
1127 0.006160454
1128 0.004695813
1129 0.1600386
1130 0.004487806
1131 0.6992454
1132 0.01360433
1133 0.03988466
1134 0.006503634
1135 0.277236
1136 0.008443977
1137 0.01694023
1138 0.3324436
1139 0.002718443
1140 0.003463594
1141 0.01174029
1142 0.01807611
1143 0.01273263
1144 0.008279753
1145 0.01590538
1146 0.8197249
1147 0.066382
1148 0.01927675
1149 0.0203592
1150 0.01587095
1151 0.005177621
1152 0.01734105
1153 0.483033
1154 0.02506414
1155 0.00785777
1156 0.01671366
1157 0.01294314
1158 0.007332968
1159 0.00507043
1160 0.003298423
1161 0.02596303
1162 0.03548705
1163 0.03776323
1164 0.04015608
1165 0.008170651
1166 0.01745584
1167 0.001658004
1168 0.02084931
1169 0.01494173
1170 0.01362189
1171 0.2428009
1172 0.7540756
1173 0.02066474
1174 0.005489642
1175 0.01455747
1176 0.004236488
1177 0.01352158
1178 0.01599148
1179 0.01827717
1180 0.8990007
1181 0.02287406
1182 0.00625159
1183 0.005161668
1184 0.01217856
1185 0.02920145
1186 0.010217
1187 0.8999563
1188 0.008731354
1189 0.4191961
1190 0.2938103
1191 0.01291792
1192 0.003634316
1193 0.006597837
1194 0.9933947
1195 0.03000287
1196 0.01526533
1197 0.04367913
1198 0.02485203
1199 0.03264838
1200 0.007719065
1201 0.02378042
1202 0.01823975
1203 0.3754386
1204 0.03526786
1205 0.01159845
1206 0.01411862
1207 0.0006452573
1208 0.03258646
1209 0.008277981
1210 0.1367353
1211 0.7523192
1212 0.01703679
1213 0.004852845
1214 0.01880313
1215 0.07988139
1216 0.02271578
1217 0.002503677
1218 0.004358538
1219 0.02212071
1220 0.03645666
1221 0.05895332
1222 0.2749432
1223 0.002425548
1224 0.003625595
1225 0.04582965
1226 0.009867611
1227 0.7379793
1228 0.005345598
1229 0.009715798
1230 0.008259007
1231 0.0175736
1232 0.345668
1233 0.02739068
1234 0.009814483
1235 0.007174816
1236 0.03000425
1237 0.02271088
1238 0.02529362
1239 0.005594608
1240 0.009044639
1241 0.04467007
1242 0.116013
1243 0.0206472
1244 0.1461388
1245 0.01558059
1246 0.8820167
1247 0.006834
1248 0.006596729
1249 0.01428266
1250 0.9702374
1251 0.01735827
1252 0.8004605
1253 0.008284527
1254 0.01188826
1255 0.00151826
1256 0.1356418
1257 0.3241503
1258 0.02352675
1259 0.01788877
1260 0.001606176
1261 0.003754935
1262 0.007997556
1263 0.8830403
1264 0.1203611
1265 0.03713824
1266 0.3993406
1267 0.03404221
1268 0.1147664
1269 0.01305704
1270 0.0194005
1271 0.03847559
1272 0.007203224
1273 0.01754037
1274 0.01336705
1275 0.007187066
1276 0.005352249
1277 0.009662263
1278 0.06978423
1279 0.01791023
1280 0.007697104
1281 0.2154176
1282 0.06043925
1283 0.005002358
1284 0.01865117
1285 0.0052907
1286 0.01345797
1287 0.00460606
1288 0.005885722
1289 0.0162436
1290 0.002788489
1291 0.09697012
1292 0.0201569
1293 0.005363765
1294 0.0104479
1295 0.01460788
1296 0.0246843
1297 0.007362232
1298 0.002228535
1299 0.006869019
1300 0.3976193
1301 0.03037699
1302 0.5538874
1303 0.01487577
1304 0.0153449
1305 0.03270041
1306 0.01469756
1307 0.02795379
1308 0.007531441
1309 0.9654914
1310 0.01262416
1311 0.005335006
1312 0.01718027
1313 0.04168502
1314 0.6556647
1315 0.5027512
1316 0.001894785
1317 0.05547997
1318 0.02828582
1319 0.01807761
1320 0.03147602
1321 0.00752032
1322 0.0050724
1323 0.00770633
1324 0.02250902
1325 0.005571014
1326 0.07689785
1327 0.528703
1328 0.008964777
1329 0.007777654
1330 0.01640467
1331 0.02516836
1332 0.01718462
1333 0.01968751
1334 0.01646198
1335 0.0140336
1336 0.003848605
1337 0.1174139
1338 0.2651004
1339 0.006887461
1340 0.01661615
1341 0.007419918
1342 0.01705239
1343 0.02745001
1344 0.009451609
1345 0.011188
1346 0.01218677
1347 0.01077141
1348 0.006044018
1349 0.0144944
1350 0.008109497
1351 0.3094863
1352 0.01347944
1353 0.02137833
1354 0.05880486
1355 0.003889205
1356 0.005942454
1357 0.1769489
1358 0.02245831
1359 0.2760019
1360 0.007138243
1361 0.08524565
1362 0.008005372
1363 0.8501192
1364 0.01364551
1365 0.008478738
1366 0.008732835
1367 0.05369974
1368 0.9226158
1369 0.01923143
1370 0.009248608
1371 0.01910502
1372 0.7332363
1373 0.1668913
1374 0.04245214
1375 0.01359436
1376 0.06988099
1377 0.01774087
1378 0.40627
1379 0.009291442
1380 0.02664733
1381 0.00786517
1382 0.02329217
1383 0.01801317
1384 0.02067156
1385 0.01159049
1386 0.006464602
1387 0.1151833
1388 0.007397105
1389 0.01090986
1390 0.01617683
1391 0.01353329
1392 0.004545968
1393 0.005991788
1394 0.01176328
1395 0.08015042
1396 0.09885787
1397 0.0102669
1398 0.001932021
1399 0.01998333
1400 0.2081336
1401 0.2713724
1402 0.01083142
1403 0.02888358
1404 0.01513514
1405 0.02755769
1406 0.008684209
1407 0.005266791
1408 0.008682897
1409 0.01710691
1410 0.007474992
1411 0.03412119
1412 0.02565829
1413 0.005236663
1414 0.8442673
1415 0.01631631
1416 0.01692589
1417 0.8740761
1418 0.8689905
1419 0.0378802
1420 0.1372208
1421 0.01436665
1422 0.007352628
1423 0.03432705
1424 0.2708824
1425 0.06570313
1426 0.004444048
1427 0.05024815
1428 0.008817321
1429 0.02141911
1430 0.007067744
1431 0.5011701
1432 0.006970571
1433 0.01614328
1434 0.014547
1435 0.02170868
1436 0.006561235
1437 0.00481282
1438 0.005674902
1439 0.1197087
1440 0.01608382
1441 0.009664216
1442 0.1967524
1443 0.8089192
1444 0.003650487
1445 0.1217667
1446 0.006570849
1447 0.01440092
1448 0.0288042
1449 0.01099786
1450 0.01332398
1451 0.01583472
1452 0.003443816
1453 0.7233223
1454 0.004255112
1455 0.01551953
1456 0.0367615
1457 0.007845164
1458 0.006167302
1459 0.01772781
1460 0.009948527
1461 0.01287528
1462 0.09642033
1463 0.04050135
1464 0.005257912
1465 0.07361524
1466 0.479138
1467 0.01800834
1468 0.007606676
1469 0.009285789
1470 0.004016529
1471 0.5028661
1472 0.0131439
1473 0.04988716
1474 0.006629945
1475 0.02256295
1476 0.02089395
1477 0.007991829
1478 0.008250492
1479 0.01306439
1480 0.03067292
1481 0.01301245
1482 0.006539608
1483 0.003837476
1484 0.001040708
1485 0.2388344
1486 0.9118737
1487 0.02347576
1488 0.01419077
1489 0.007175067
1490 0.01662962
1491 0.01819668
1492 0.8437726
1493 0.001270508
1494 0.03418408
1495 0.02276341
1496 0.006293101
1497 0.05547199
1498 0.01107824
1499 0.0132136
1500 0.003175882
1501 0.008091955
1502 0.005341651
1503 0.009247809
1504 0.1124568
1505 0.009031857
1506 0.01601151
1507 0.02709773
1508 0.01094265
1509 0.009524039
1510 0.01166776
1511 0.00598512
1512 0.04950519
1513 0.02369328
1514 0.01606452
1515 0.009001859
1516 0.1536248
1517 0.01250717
1518 0.0345652
1519 0.01575849
1520 0.002994522
1521 0.0115633
1522 0.004550973
1523 0.006839615
1524 0.2844223
1525 0.2776893
1526 0.01363184
1527 0.01242146
1528 0.006664649
1529 0.005283596
1530 0.004016847
1531 0.01959814
1532 0.04846931
1533 0.004859081
1534 0.6643832
1535 0.02738167
1536 0.00364555
1537 0.01863778
1538 0.001246535
1539 0.02675221
1540 0.008860846
1541 0.01687051
1542 0.01889131
1543 0.001848455
1544 0.04640447
1545 0.01512287
1546 0.01816214
1547 0.002744389
1548 0.02173454
1549 0.02003759
1550 0.01224176
1551 0.00533059
1552 0.003885605
1553 0.01469268
1554 0.8635432
1555 0.06338446
1556 0.009927742
1557 0.01132419
1558 0.01872879
1559 0.01303236
1560 0.07704553
1561 0.01681883
1562 0.01266257
1563 0.006806329
1564 0.6059141
1565 0.01552704
1566 0.01266737
1567 0.8717845
1568 0.004949572
1569 0.006072246
1570 0.001743887
1571 0.005332409
1572 0.004594441
1573 0.1363678
1574 0.006596246
1575 0.01177011
1576 0.01010623
1577 0.003492416
1578 0.01255268
1579 0.03501901
1580 0.01429424
1581 0.05343578
1582 0.005403084
1583 0.5009541
1584 0.006912854
1585 0.008484928
1586 0.01664968
1587 0.8438453
1588 0.01194885
1589 0.008157222
1590 0.01181516
1591 0.8720158
1592 0.02574601
1593 0.01216011
1594 0.01031542
1595 0.007370335
1596 0.02107285
1597 0.007229686
1598 0.0416113
1599 0.002728955
1600 0.02611946
1601 0.08049528
1602 0.04075752
1603 0.0237811
1604 0.1004694
1605 0.04757776
1606 0.5465722
1607 0.007217837
1608 0.01235195
1609 0.08139028
1610 0.01509375
1611 0.05696811
1612 0.6402342
1613 0.006849805
1614 0.01962455
1615 0.0166731
1616 0.01224982
1617 0.0283106
1618 0.02256999
1619 0.008204212
1620 0.0688947
1621 0.02322869
1622 0.002154511
1623 0.005528094
1624 0.02278787
1625 0.0140039
1626 0.01311862
1627 0.01390652
1628 0.7406298
1629 0.02430043
1630 0.009749838
1631 0.01294858
1632 0.005000463
1633 0.01733518
1634 0.05206978
1635 0.0340289
1636 0.01549768
1637 0.8903116
1638 0.01438476
1639 0.003683816
1640 0.3859267
1641 0.01807361
1642 0.02293922
1643 0.5915873
1644 0.1333197
1645 0.007456484
1646 0.0107261
1647 0.00978307
1648 0.01410916
1649 0.02355867
1650 0.006744609
1651 0.01583845
1652 0.01349103
1653 0.01746809
1654 0.01455351
1655 0.06429284
1656 0.001062711
1657 0.01594028
1658 0.01762981
1659 0.00798878
1660 0.001313327
1661 0.003042902
1662 0.002240272
1663 0.05192034
1664 0.1487845
1665 0.01669146
1666 0.03864692
1667 0.00812323
1668 0.02005632
1669 0.01165015
1670 0.5523944
1671 0.07346099
1672 0.01488313
1673 0.6214457
1674 0.004602151
1675 0.0167379
1676 0.01257753
1677 0.1011948
1678 0.01657945
1679 0.01034948
1680 0.00547467
1681 0.00448873
1682 0.006196812
1683 0.01683534
1684 0.004283021
1685 0.144032
1686 0.006923584
1687 0.008020231
1688 0.005411124
1689 0.01927919
1690 0.00931757
1691 0.39882
1692 0.01281378
1693 0.01558461
1694 0.0121099
1695 0.05446208
1696 0.005626297
1697 0.01250425
1698 0.01749135
1699 0.01699013
1700 0.2539493
1701 0.004390569
1702 0.007174223
1703 0.01751078
1704 0.2851636
1705 0.2493976
1706 0.006837147
1707 0.005322977
1708 0.005040102
1709 0.005883172
1710 0.01393327
1711 0.02075693
1712 0.1266204
1713 0.001976985
1714 0.007165686
1715 0.01409158
1716 0.1701811
1717 0.00315697
1718 0.007085345
1719 0.006057009
1720 0.02636043
1721 0.1384388
1722 0.01251412
1723 0.02583609
1724 0.0366256
1725 0.01306674
1726 0.01470808
1727 0.00618486
1728 0.006373719
1729 0.930089
1730 0.004831201
1731 0.1692468
1732 0.1026903
1733 0.01295607
1734 0.01366629
1735 0.006139238
1736 0.6238572
1737 0.000251726
1738 0.01339359
1739 0.01708975
1740 0.133478
1741 0.01018254
1742 0.02203174
1743 0.02951521
1744 0.00667158
1745 0.003570887
1746 0.007451213
1747 0.01395012
1748 0.01583094
1749 0.1908278
1750 0.007194875
1751 0.0599937
1752 0.01592361
1753 0.0128336
1754 0.01082363
1755 0.08796753
1756 0.0273483
1757 0.01056959
1758 0.2220077
1759 0.02328668
1760 0.2695867
1761 0.006477573
1762 0.06678121
1763 0.01248368
1764 0.1740042
1765 0.007630286
1766 0.3094497
1767 0.001764266
1768 0.1593673
1769 0.05631495
1770 0.005531092
1771 0.007169177
1772 0.007987227
1773 0.02446497
1774 0.01105876
1775 0.01519487
1776 0.005369537
1777 0.009101788
1778 0.00854821
1779 0.007423043
1780 0.2564092
1781 0.04034855
1782 0.07628072
1783 0.019342
1784 0.01318996
1785 0.1681017
1786 0.01279472
1787 0.07455318
1788 0.006403791
1789 0.1589786
1790 0.006437791
1791 0.1142907
1792 0.01265189
1793 0.007531903
1794 0.003278523
1795 0.01151388
1796 0.3744189
1797 0.07014507
1798 0.062999
1799 0.04869235
1800 0.007608932
1801 0.001818141
1802 0.01792614
1803 0.01142104
1804 0.0124087
1805 0.00311668
1806 0.01323832
1807 0.006342598
1808 0.2199515
1809 0.02515216
1810 0.01672606
1811 0.001104919
1812 0.01702019
1813 0.01930842
1814 0.01427836
1815 0.02647494
1816 0.09485468
1817 0.01485242
1818 0.02436817
1819 0.01833746
1820 0.03517451
1821 0.02063172
1822 0.00865932
1823 0.002660194
1824 0.00211684
1825 0.02091875
1826 0.975142
1827 0.01104296
1828 0.01326184
1829 0.01310133
1830 0.01737083
1831 0.006265914
1832 0.01202668
1833 0.02058013
1834 0.05129859
1835 0.005609533
1836 0.0044217
1837 0.002267835
1838 0.006498798
1839 0.01734632
1840 0.003151946
1841 0.01204963
1842 0.008889633
1843 0.09562343
1844 0.003878824
1845 0.005434214
1846 0.01490435
1847 0.01586187
1848 0.01694273
1849 0.04134838
1850 0.01966761
1851 0.01955076
1852 0.59123
1853 0.1147393
1854 0.007321714
1855 0.008724506
1856 0.007318903
1857 0.007561819
1858 0.002912445
1859 0.056579
1860 0.8705772
1861 0.2763337
1862 0.009229667
1863 0.3608736
1864 0.0121519
1865 0.03906644
1866 0.00709125
1867 0.01651689
1868 0.04700666
1869 0.009004085
1870 0.0249572
1871 0.02931048
1872 0.004931624
1873 0.278323
1874 4.862118e-05
1875 0.01189886
1876 0.004601635
1877 0.01595439
1878 0.00776902
1879 0.00801696
1880 0.1039261
1881 0.007351448
1882 0.000814345
1883 0.0139349
1884 0.02255126
1885 0.003921682
1886 0.02420972
1887 0.01935669
1888 0.006399241
1889 0.01405975
1890 0.2734423
1891 0.02559969
1892 0.01185717
1893 0.007243488
1894 0.02074514
1895 0.0160329
1896 0.01769537
1897 0.03242323
1898 0.6428179
1899 0.006793501
1900 0.01373371
1901 0.006183975
1902 0.01077882
1903 0.2014101
1904 0.005461456
1905 0.02264692
1906 0.01280897
1907 0.001727748
1908 0.01654966
1909 0.004700944
1910 0.2907782
1911 0.01417088
1912 0.07443638
1913 0.00664463
1914 0.01744009
1915 0.09942443
1916 0.326441
1917 0.008481796
1918 0.01447498
1919 0.0333771
1920 0.2108914
1921 0.02154575
1922 0.02111321
1923 0.0142555
1924 0.01495877
1925 0.0182872
1926 0.01221233
1927 0.04209126
1928 0.01746268
1929 0.01013001
1930 0.04084986
1931 0.01406107
1932 0.01149163
1933 0.01076313
1934 0.01728941
1935 0.1143185
1936 0.07293862
1937 0.1466334
1938 0.5208799
1939 0.007972242
1940 0.006019586
1941 0.009538166
1942 0.007909926
1943 0.04819289
1944 0.02760323
1945 0.01835395
1946 0.006766233
1947 0.01244717
1948 0.03892992
1949 0.828006
1950 0.007085748
1951 0.006132436
1952 0.004797648
1953 0.8888024
1954 0.01981858
1955 0.003733619
1956 0.1232155
1957 0.01588923
1958 0.005483569
1959 0.002120697
1960 0.005735762
1961 0.03000968
1962 0.01575474
1963 0.01676189
1964 0.005499193
1965 0.01284787
1966 0.01119592
1967 0.004834911
1968 0.007510778
1969 0.008584903
1970 0.01391785
1971 0.005809295
1972 0.008705471
1973 0.8597591
1974 0.7551335
1975 0.01335105
1976 0.01131542
1977 0.06654981
1978 0.01398889
1979 0.01240807
1980 0.01507492
1981 0.01626224
1982 0.00726483
1983 0.02172783
1984 0.2569654
1985 0.05161373
1986 0.0107725
1987 0.004196441
1988 0.01496132
1989 0.01539384
1990 0.04321614
1991 0.04039618
1992 0.01905878
1993 0.4201296
1994 0.07039845
1995 0.06314737
1996 0.008296794
1997 0.03953254
1998 0.294644
1999 0.01954835
2000 0.01328945
2001 0.01408336
2002 0.006482288
2003 0.01252854
2004 0.00755763
2005 0.03974773
2006 0.02483436
2007 0.3147268
2008 0.00858381
2009 0.7033031
2010 0.009087351
2011 0.01389668
2012 0.004915612
2013 0.01190452
2014 0.0237504
2015 0.07809463
2016 0.2233158
2017 0.06857815
2018 0.152817
2019 0.03675365
2020 0.006057367
2021 0.01173961
2022 0.9451003
2023 0.02270761
2024 0.01470057
2025 0.03612971
2026 0.008581007
2027 0.005090306
2028 0.01668698
2029 0.03844709
2030 0.007802996
2031 0.009680062
2032 0.004179146
2033 0.9664222
2034 0.01421124
2035 0.00510011
2036 0.02664103
2037 0.01800824
2038 0.07820653
2039 0.01188472
2040 0.002870004
2041 0.004949577
2042 0.008384738
2043 0.01289227
2044 0.001672381
2045 0.008154382
2046 0.007274426
2047 0.1449622
2048 0.01204916
2049 0.01384311
2050 0.0123839
2051 0.3903955
2052 0.008719195
2053 0.05812268
2054 0.01768276
2055 0.02305769
2056 0.005757494
2057 0.003875108
2058 0.0107479
2059 0.01003865
2060 0.05050068
2061 0.01632515
2062 0.01043842
2063 0.01729429
2064 0.00877528
2065 0.002460408
2066 0.02786566
2067 0.7659156
2068 0.1668654
2069 0.03198748
2070 0.04416713
2071 0.02418153
2072 0.007144787
2073 0.02847623
2074 0.102158
2075 0.01921799
2076 0.008166588
2077 0.5725853
2078 0.01684963
2079 0.004827747
2080 0.007468921
2081 0.01549836
2082 0.008264016
2083 0.001615645
2084 0.002299092
2085 0.04865232
2086 0.03616608
2087 0.008967631
2088 0.0106748
2089 0.005469498
2090 0.01477081
2091 0.03753005
2092 0.006733803
2093 0.04703823
2094 0.3697192
2095 0.02415866
2096 0.01783219
2097 0.006586808
2098 0.007211437
2099 0.006375184
2100 0.01529509
2101 0.01734167
2102 0.004677409
2103 0.02589198
2104 0.1553696
2105 0.01140491
2106 0.7333487
2107 0.009615954
2108 0.007525579
2109 0.001720648
2110 0.008688305
2111 0.02759953
2112 0.004121611
2113 0.0167854
2114 0.1241287
2115 0.02028231
2116 0.005837363
2117 0.06197189
2118 0.006142507
2119 0.3353036
2120 0.005505749
2121 0.0174547
2122 0.006669407
2123 0.03623686
2124 0.02061414
2125 0.006003331
2126 0.1037053
2127 0.004269364
2128 0.01547771
2129 0.1402175
2130 0.004771728
2131 0.01215582
2132 0.002914736
2133 0.01907725
2134 0.02610115
2135 0.01416246
2136 0.01270634
2137 0.01711884
2138 0.03240455
2139 0.005959591
2140 0.06953245
2141 0.01328364
2142 0.01831757
2143 0.009347538
2144 0.01859819
2145 0.01143898
2146 0.004631609
2147 0.02152258
2148 0.02335584
2149 0.005534411
2150 0.02745069
2151 0.009034138
2152 0.004413011
2153 0.01977112
2154 0.007493958
2155 0.01007918
2156 0.01662834
2157 0.01578031
2158 0.003158831
2159 0.02546067
2160 0.009124689
2161 0.8980864
2162 0.005955086
2163 0.00546165
2164 0.006685601
2165 0.08577318
2166 0.01847653
2167 0.1401323
2168 0.05586323
2169 0.01634737
2170 0.0377713
2171 0.01468603
2172 0.007964493
2173 0.008477418
2174 0.0007908843
2175 0.2062111
2176 0.005642235
2177 0.06044016
2178 0.02465257
2179 0.9918487
2180 0.01431327
2181 0.0240124
2182 0.005590236
2183 0.009296361
2184 0.01807416
2185 0.007652168
2186 0.2077317
2187 0.02103411
2188 0.01245718
2189 0.3336816
2190 0.003019121
2191 0.01447147
2192 0.6894473
2193 0.003707758
2194 0.009484422
2195 0.01866333
2196 0.008177799
2197 0.05240593
2198 0.01478767
2199 0.8473712
2200 0.7862981
2201 0.02207428
2202 0.006731701
2203 0.01158661
2204 0.007811663
2205 0.008288429
2206 0.001353144
2207 0.009050352
2208 0.02318599
2209 0.02218892
2210 0.006381122
2211 0.02252239
2212 0.03432443
2213 0.01924334
2214 0.02052469
2215 0.006753687
2216 0.1518023
2217 0.3185669
2218 0.154804
2219 0.009474187
2220 0.01290261
2221 0.01660576
2222 0.008541687
2223 0.4574889
2224 0.02730225
2225 0.02369503
2226 0.01119051
2227 0.004993415
2228 0.00202657
2229 0.08122375
2230 0.004925897
2231 0.002223267
2232 0.009374714
2233 0.1165751
2234 0.012965
2235 0.01371083
2236 0.002143244
2237 0.03475596
2238 0.000480701
2239 0.006294708
2240 0.007672359
2241 0.007456025
2242 0.01089634
2243 0.002878725
2244 0.8862987
2245 0.009083061
2246 0.004557708
2247 0.01263139
2248 0.004246057
2249 0.02158486
2250 0.01579041
2251 0.005760995
2252 0.02818501
2253 0.01287776
2254 0.01072985
2255 0.0823172
2256 0.0128637
2257 0.009267112
2258 0.003304511
2259 0.02122656
2260 0.01430601
2261 0.01535632
2262 0.0167196
2263 0.008682065
2264 0.01604709
2265 0.006676657
2266 0.0009850215
2267 0.05382696
2268 0.01160429
2269 0.006166335
2270 0.03591549
2271 0.02700815
2272 0.5777676
2273 0.005756307
2274 0.01835361
2275 0.01687457
2276 0.1085015
2277 0.005580604
2278 0.01650611
2279 0.0182757
2280 0.01373024
2281 0.5078873
2282 0.02467609
2283 0.0177324
2284 0.4893474
2285 0.02108836
2286 0.007321335
2287 0.2226194
2288 0.003839807
2289 0.007640084
2290 0.005053256
2291 0.2684057
2292 0.02563953
2293 0.03899913
2294 0.007793202
2295 0.9981537
2296 0.00937258
2297 0.01763683
2298 0.007880255
2299 0.01302103
2300 0.01220702
2301 0.5075221
2302 0.00735303
2303 0.005487638
2304 0.2940397
2305 0.009816918
2306 0.01158736
2307 0.01271088
2308 0.4757576
2309 0.00633116
2310 0.8510063
2311 0.02137604
2312 0.006156359
2313 0.02338339
2314 0.1323961
2315 0.01085695
2316 0.9392551
2317 0.003489158
2318 0.01503289
2319 0.4246737
2320 0.04890252
2321 0.2471157
2322 0.0150743
2323 0.03363993
2324 0.01377451
2325 0.003371224
2326 0.3296425
2327 0.01694367
2328 0.003744133
2329 0.007393177
2330 0.004790924
2331 0.00612218
2332 0.006853612
2333 0.02786711
2334 0.01713401
2335 0.03564064
2336 0.8362093
2337 0.4185768
2338 0.06198229
2339 0.0143689
2340 0.01338649
2341 0.1068969
2342 0.008048294
2343 0.01519764
2344 0.02132418
2345 0.07736591
2346 0.01100392
2347 0.009974859
2348 0.01965548
2349 0.008420148
2350 0.004373769
2351 0.0105079
2352 0.00598444
2353 0.01474215
2354 0.006466987
2355 0.006511392
2356 0.01331888
2357 0.07274007
2358 0.006600665
2359 0.006407798
2360 0.7672091
2361 0.8848354
2362 0.004408921
2363 0.019121
2364 0.01850748
2365 0.9377416
2366 0.01976303
2367 0.006670479
2368 0.01470516
2369 0.006676344
2370 0.005213896
2371 0.007976669
2372 0.01609789
2373 0.002287754
2374 0.02912146
2375 0.01067167
2376 0.005661424
2377 0.0195326
2378 0.0135678
2379 0.001332468
2380 0.03127257
2381 0.03926545
2382 0.161168
2383 0.0177384
2384 0.5327236
2385 0.03363003
2386 0.02970921
2387 0.05117911
2388 0.006175608
2389 0.02322752
2390 0.002125873
2391 0.01243716
2392 0.006873204
2393 0.01112817
2394 0.02801233
2395 0.0112054
2396 0.03968972
2397 0.002827184
2398 0.02148937
2399 0.01631286
2400 0.003231275
2401 0.01299265
2402 0.8694236
2403 0.003104967
2404 0.01145446
2405 0.02387211
2406 0.02029039
2407 0.002125539
2408 0.8618531
2409 0.08500487
2410 0.01472561
2411 0.008276981
2412 0.01529101
2413 0.01676709
2414 0.0193023
2415 0.00535385
2416 0.01749735
2417 0.02087415
2418 0.009244124
2419 0.01241109
2420 0.01317853
2421 0.2362366
2422 0.3791909
2423 0.007320888
2424 0.1233891
2425 0.5769509
2426 0.03019068
2427 0.002603961
2428 0.451382
2429 0.01324927
2430 0.004937808
2431 0.006446416
2432 0.1467762
2433 0.02293178
2434 0.1693235
2435 0.01189144
2436 0.008152619
2437 0.01376666
2438 0.008153335
2439 0.007656493
2440 0.7304255
2441 0.006061751
2442 0.09910441
2443 0.004855038
2444 0.02149403
2445 0.01140056
2446 0.002038497
2447 0.0083859
2448 0.01541206
2449 0.01123925
2450 0.01986682
2451 0.01539122
2452 0.008252993
2453 0.007202246
2454 0.06000003
2455 0.01604081
2456 0.07803683
2457 0.01442757
2458 0.7450838
2459 0.006057204
2460 0.01913913
2461 0.02104672
2462 0.06588026
2463 0.3260129
2464 0.005906048
2465 0.02932998
2466 0.0190184
2467 0.01369241
2468 0.0612467
2469 0.00786595
2470 0.9121138
2471 0.03113691
2472 0.006205216
2473 0.005596532
2474 0.376431
2475 0.006826826
2476 0.01569929
2477 0.01731028
2478 0.01280356
2479 0.01897527
2480 0.02118596
2481 0.01130557
2482 0.01323774
2483 0.004075079
2484 0.08245449
2485 0.008190736
2486 0.01292961
2487 0.01416787
2488 0.5941604
2489 0.03274738
2490 0.006202412
2491 0.009094044
2492 0.009669059
2493 0.0288481
2494 0.0207494
2495 0.7468627
2496 0.01352059
2497 0.007340079
2498 0.005762086
2499 0.002233661
2500 0.01062198
2501 0.1401826
2502 0.04051747
2503 0.01699929
2504 0.005344051
2505 0.01335089
2506 0.00623566
2507 0.07642696
2508 0.03875599
2509 0.5019325
2510 0.004910827
2511 0.20888
2512 0.0006141849
2513 0.01190843
2514 0.01409998
2515 0.7238863
2516 0.0157001
2517 0.01477738
2518 0.02057344
2519 0.0336774
2520 0.009086438
2521 0.4211676
2522 0.5620011
2523 0.01359502
2524 0.00676797
2525 0.007656114
2526 0.008256221
2527 0.004881782
2528 0.001385655
2529 0.5736166
2530 0.00213806
2531 0.006655606
2532 0.008009757
2533 0.00412087
2534 0.01139823
2535 0.03707221
2536 0.008621544
2537 0.002622277
2538 0.3747065
2539 0.005286654
2540 0.006921552
2541 0.01015291
2542 0.01108846
2543 0.01779355
2544 0.00869622
2545 0.00298155
2546 0.005790879
2547 0.005931956
2548 0.0136092
2549 0.5171826
2550 0.01983583
2551 0.01366575
2552 0.0392793
2553 0.01384709
2554 0.004930319
2555 0.01865033
2556 0.008441315
2557 0.02438201
2558 0.005142665
2559 0.05109786
2560 0.01381815
2561 0.004581538
2562 0.3215524
2563 0.02068377
2564 0.0090608
2565 0.01443015
2566 0.2647692
2567 0.008240194
2568 0.01543365
2569 0.006098758
2570 0.0150147
2571 0.666053
2572 0.8667774
2573 0.005360669
2574 0.1950313
2575 0.1529507
2576 0.01478923
2577 0.4108468
2578 0.006514241
2579 0.03026263
2580 0.003939475
2581 0.014652
2582 0.005941081
2583 0.04631433
2584 0.9082371
2585 0.1020581
2586 0.01388622
2587 0.0153712
2588 0.02133861
2589 0.01133747
2590 0.5874436
2591 0.00885519
2592 0.02112746
2593 0.03639517
2594 0.01486434
2595 0.02005936
2596 0.004969846
2597 0.2990894
2598 0.01126748
2599 0.007928303
2600 0.1056947
2601 0.003018952
2602 0.01946512
2603 0.006842282
2604 0.02204511
2605 0.02104768
2606 0.01610721
2607 0.01890626
2608 0.01958923
2609 0.008768038
2610 0.009940349
2611 0.01505125
2612 0.01401866
2613 0.02653171
2614 0.1973937
2615 0.01529002
2616 0.01557244
2617 0.03157243
2618 0.0154195
2619 0.009203547
2620 0.01246758
2621 0.3938627
2622 0.004061423
2623 0.01325096
2624 0.0262148
2625 0.01498459
2626 0.004092941
2627 0.007810301
2628 0.01499898
2629 0.6471941
2630 0.007777364
2631 0.004655609
2632 0.7260045
2633 0.02320264
2634 0.01616963
2635 0.0448116
2636 0.006907458
2637 0.01332642
2638 0.02422774
2639 0.02183011
2640 0.00726751
2641 0.009003192
2642 0.04806015
2643 0.007805726
2644 0.02239212
2645 0.492241
2646 0.005273581
2647 0.02983306
2648 0.008386466
2649 0.05673755
2650 0.7831909
2651 0.004580608
2652 0.02557786
2653 0.01608892
2654 0.01059752
2655 0.01098673
2656 0.01953402
2657 0.1442222
2658 0.0194708
2659 0.003966259
2660 0.008109445
2661 0.03623589
2662 0.1419992
2663 0.002757656
2664 0.007744578
2665 0.006811606
2666 0.004337454
2667 0.06969339
2668 0.005106702
2669 0.01133272
2670 0.01937077
2671 0.007747159
2672 0.006335245
2673 0.0383498
2674 0.005293495
2675 0.008156864
2676 0.001638567
2677 0.009757369
2678 0.01637176
2679 0.003550313
2680 0.005410319
2681 0.009043058
2682 0.02353303
2683 0.006597178
2684 0.02082499
2685 0.005087772
2686 0.003706311
2687 0.01308476
2688 0.02312389
2689 0.01637967
2690 0.03374157
2691 0.01473984
2692 0.02031309
2693 0.00469624
2694 0.00245069
2695 0.06458835
2696 0.01836767
2697 0.01090599
2698 0.004608846
2699 0.7558862
2700 0.02191678
2701 0.01722418
2702 0.09098021
2703 0.004339935
2704 0.09931123
2705 0.08140625
2706 0.01425275
2707 0.01501645
2708 0.01516031
2709 0.5509177
2710 0.01741772
2711 0.01288851
2712 0.01348992
2713 0.009251088
2714 0.8689414
2715 0.03869955
2716 0.02926599
2717 0.00870088
2718 0.005269817
2719 0.005670358
2720 0.04784758
2721 0.1025289
2722 0.0008981573
2723 0.008735444
2724 0.01150196
2725 0.05534408
2726 0.01016837
2727 0.005734688
2728 0.02029181
2729 0.03296834
2730 0.7159339
2731 0.0130623
2732 0.01034357
2733 0.1435765
2734 0.01387792
2735 0.003705502
2736 0.929583
2737 0.8794173
2738 0.03325451
2739 0.02074405
2740 0.001572392
2741 0.01272975
2742 0.01845202
2743 0.007422521
2744 0.01347149
2745 0.01921089
2746 0.005215905
2747 0.01270032
2748 0.07496736
2749 0.01257468
2750 0.01665201
2751 0.005490706
2752 0.8245878
2753 0.6269345
2754 0.1871552
2755 0.04170589
2756 0.002368995
2757 0.005612101
2758 0.01629797
2759 0.001051557
2760 0.00728508
2761 0.01098267
2762 0.3959797
2763 0.06287771
2764 0.0100697
2765 0.01397766
2766 0.3847939
2767 0.6565164
2768 0.006079486
2769 0.01797133
2770 0.009268965
2771 0.002540808
2772 0.01309625
2773 0.005288803
2774 0.01142001
2775 0.02616966
2776 0.9016665
2777 0.03782464
2778 0.1428848
2779 0.7185096
2780 0.01529765
2781 0.00729317
2782 0.009990554
2783 0.04381873
2784 0.008683337
2785 0.01606877
2786 0.005175062
2787 0.0174578
2788 0.05067452
2789 0.008638429
2790 0.00333283
2791 0.09614415
2792 0.01585396
2793 0.005844109
2794 0.01458827
2795 0.008132874
2796 0.01649975
2797 0.03838868
2798 0.01275072
2799 0.008118867
2800 0.005174003
2801 0.02696249
2802 0.00723466
2803 0.01096733
2804 0.007432715
2805 0.1351263
2806 0.003165622
2807 0.005676705
2808 0.01238504
2809 0.005861477
2810 0.01284904
2811 0.003563332
2812 0.01270874
2813 0.00513108
2814 0.08057775
2815 0.8986787
2816 0.01359939
2817 0.04656014
2818 0.004923944
2819 0.1848199
2820 0.01615816
2821 0.01142121
2822 0.01501656
2823 0.01611231
2824 0.290073
2825 0.03323871
2826 0.01209086
2827 0.02050477
2828 0.01107892
2829 0.009640541
2830 0.006217932
2831 0.02794754
2832 0.02346292
2833 0.005767319
2834 0.008259284
2835 0.2105803
2836 0.005418537
2837 0.01217893
2838 0.007832641
2839 0.01289301
2840 0.0072598
2841 0.006532343
2842 0.002572198
2843 0.006350247
2844 0.1164745
2845 0.006618953
2846 0.0253888
2847 0.0001856144
2848 0.00628316
2849 0.01951161
2850 0.1154256
2851 0.1810771
2852 0.02383649
2853 0.01791856
2854 0.008652553
2855 0.005070166
2856 0.0003864581
2857 0.00721959
2858 0.5837584
2859 0.7367716
2860 0.007523
2861 0.002174173
2862 0.01730716
2863 0.04697697
2864 0.01611336
2865 0.00235323
2866 0.9632379
2867 0.01148704
2868 0.005902949
2869 0.02750087
2870 0.01208463
2871 0.003529395
2872 0.2873417
2873 0.04177778
2874 0.007653687
2875 0.01227082
2876 0.004853142
2877 0.005761537
2878 0.009656138
2879 0.4150887
2880 0.1459919
2881 0.01609254
2882 0.01481695
2883 0.02080073
2884 0.01724175
2885 0.5269411
2886 0.008582587
2887 0.01213485
2888 0.00787646
2889 0.008276584
2890 0.04097504
2891 0.01827504
2892 0.01347993
2893 0.05127581
2894 0.05697625
2895 0.006776173
2896 0.01021412
2897 0.6449451
2898 0.005479169
2899 0.01599601
2900 0.01838351
2901 0.9252583
2902 0.01565142
2903 0.01658653
2904 0.01698778
2905 0.01586012
2906 0.01368912
2907 0.01262601
2908 0.01012214
2909 0.2341517
2910 0.1119441
2911 0.01565036
2912 0.006078385
2913 0.007985402
2914 0.004623548
2915 0.007475271
2916 0.04651585
2917 0.003928558
2918 0.02858029
2919 0.0259179
2920 0.01375937
2921 0.009047603
2922 0.4535303
2923 0.01472228
2924 0.01187715
2925 0.01362656
2926 0.00805011
2927 0.01198585
2928 0.01359056
2929 0.01668144
2930 0.01609059
2931 0.008458858
2932 0.02139924
2933 0.03110353
2934 0.0004123073
2935 0.02037101
2936 0.107385
2937 0.0105833
2938 0.1240112
2939 0.5756428
2940 0.6028782
2941 0.009533856
2942 0.4028391
2943 0.009299951
2944 0.03276325
2945 0.5819943
2946 0.002175218
2947 0.009579936
2948 0.01875504
2949 0.005555835
2950 0.007352113
2951 0.06078051
2952 0.007415467
2953 0.003500508
2954 0.01421391
2955 0.005504583
2956 0.01058686
2957 0.02931293
2958 0.0007634237
2959 0.04651036
2960 0.007659033
2961 0.01372284
2962 0.4793269
2963 0.007064583
2964 0.4644843
2965 0.01090863
2966 0.01314582
2967 0.2294244
2968 0.03442456
2969 0.006370917
2970 0.02261076
2971 0.2992482
2972 0.0213739
2973 0.6213483
2974 0.009446579
2975 0.04486196
2976 0.006298305
2977 0.005857201
2978 0.8243887
2979 0.02400387
2980 0.001959182
2981 0.4586852
2982 0.005038024
2983 0.2557083
2984 0.02626544
2985 0.01340523
2986 0.01225059
2987 0.02547274
2988 0.005202796
2989 0.007992933
2990 0.6246524
2991 0.006548647
2992 0.0131802
2993 0.01584631
2994 0.002391312
2995 0.09289443
2996 0.13572
2997 0.007154332
2998 0.0339599
2999 0.01301418
3000 0.01605297
3001 0.007290109
3002 0.0003574347
3003 0.01103052
3004 0.01587068
3005 0.6030087
3006 0.01274426
3007 0.01608447
3008 0.006989621
3009 0.1138838
3010 0.4867365
3011 0.009432376
3012 0.01354051
3013 0.008664983
3014 0.01257406
3015 0.07561585
3016 0.004402526
3017 0.01387943
3018 0.1055665
3019 0.005373615
3020 0.01271285
3021 0.1559561
3022 0.01086151
3023 0.01123647
3024 0.01272981
3025 0.01563323
3026 0.01369462
3027 0.006630625
3028 0.8403978
3029 0.01956936
3030 0.02838975
3031 0.01265061
3032 0.1926423
3033 0.02601993
3034 0.02225012
3035 0.006945948
3036 0.264254
3037 0.01285158
3038 0.009019045
3039 0.04199778
3040 0.02222178
3041 0.0702059
3042 0.6445444
3043 0.05418666
3044 0.004081941
3045 0.01727429
3046 0.01752968
3047 0.01457959
3048 0.003525666
3049 0.008581593
3050 0.006357954
3051 0.01160799
3052 0.03557508
3053 0.115598
3054 0.006161188
3055 0.00631652
3056 0.03162671
3057 0.02858071
3058 0.006895921
3059 0.0002107812
3060 0.01071956
3061 0.01139864
3062 0.008910603
3063 0.006446607
3064 0.005963673
3065 0.05132598
3066 0.2515313
3067 0.07848345
3068 0.3045386
3069 0.01406599
3070 0.9885031
3071 0.003426512
3072 0.01047539
3073 0.01661489
3074 0.4846612
3075 0.007492945
3076 0.006430989
3077 0.006168892
3078 0.04135222
3079 0.01490836
3080 0.8256534
3081 0.9255323
3082 0.8997266
3083 0.009350652
3084 0.01545699
3085 0.07311829
3086 0.001924471
3087 0.2840031
3088 0.008419653
3089 0.02223177
3090 0.795468
3091 0.01363394
3092 0.008566524
3093 0.03384003
3094 0.01468485
3095 0.003746762
3096 0.007196159
3097 0.2648035
3098 0.008461191
3099 0.01408246
3100 0.01874375
3101 0.002288427
3102 0.3039392
3103 0.4518114
3104 0.0151789
3105 0.0119902
3106 0.009259742
3107 0.01909107
3108 0.03897934
3109 0.9151302
3110 0.01187066
3111 0.01827323
3112 0.0782721
3113 0.7923667
3114 0.008452857
3115 0.005314292
3116 0.0352058
3117 0.0267178
3118 0.6360862
3119 0.03194303
3120 0.01643037
3121 0.08051125
3122 0.005495407
3123 0.005769361
3124 0.9108698
3125 0.5457602
3126 0.012894
3127 0.005116633
3128 0.008380471
3129 0.1060288
3130 0.04155261
3131 0.01605356
3132 0.008836106
3133 0.01446325
3134 0.008422814
3135 0.02021608
3136 0.1789613
3137 0.006279709
3138 0.01952884
3139 0.005864683
3140 0.007885676
3141 0.01183936
3142 0.01317568
3143 0.3925663
3144 0.009837739
3145 0.01582608
3146 0.01618963
3147 0.04380652
3148 0.06713177
3149 0.005874479
3150 0.01610884
3151 0.01623041
3152 0.008660083
3153 0.9196084
3154 0.01402076
3155 0.006160831
3156 0.0065309
3157 0.01407336
3158 0.008648143
3159 0.009090773
3160 0.02206782
3161 0.002758426
3162 0.05989689
3163 0.00054174
3164 0.01993739
3165 0.04040854
3166 0.008197967
3167 0.01604564
3168 0.0238744
3169 0.01027201
3170 0.6890146
3171 0.008006494
3172 0.006950821
3173 0.009419581
3174 0.09095112
3175 0.0145209
3176 0.005249659
3177 0.004087042
3178 0.02343706
3179 0.003871892
3180 0.0297024
3181 0.00659151
3182 0.01987232
3183 0.01070592
3184 0.005219342
3185 0.005217525
3186 0.008631182
3187 0.01116895
3188 0.01001307
3189 0.4662186
3190 0.009287912
3191 0.002601917
3192 0.01883676
3193 0.006929403
3194 0.01605744
3195 0.008240655
3196 0.009438663
3197 0.008928809
3198 0.006723669
3199 0.004409904
3200 0.01443821
3201 0.1181754
3202 0.01599386
3203 0.1018255
3204 0.004951611
3205 0.290557
3206 0.01777058
3207 0.3657343
3208 0.002077174
3209 0.01398562
3210 0.03121139
3211 0.02706502
3212 0.1104575
3213 0.1117577
3214 0.008273244
3215 0.7628306
3216 0.01468021
3217 0.008092441
3218 0.003339268
3219 0.02154391
3220 0.006041797
3221 0.01338077
3222 0.4144782
3223 0.01059678
3224 0.4952191
3225 0.08269022
3226 0.004022512
3227 0.008380699
3228 0.0005721028
3229 0.003840786
3230 0.004694265
3231 0.2108779
3232 0.01252367
3233 0.01313005
3234 0.006079468
3235 0.9753406
3236 0.06762684
3237 0.4917562
3238 0.0191313
3239 0.01432345
3240 0.008807587
3241 0.01620684
3242 0.1106003
3243 0.01076015
3244 0.0039083
3245 0.01735309
3246 0.004742479
3247 0.6373161
3248 0.01519222
3249 0.009806409
3250 0.03858744
3251 0.007938154
3252 0.01493103
3253 0.004183963
3254 0.003667705
3255 0.007449601
3256 0.003796192
3257 0.1170892
3258 0.003572066
3259 0.008998291
3260 0.02246056
3261 0.007969545
3262 0.01597034
3263 0.06020391
3264 0.01424486
3265 0.006683044
3266 0.003166379
3267 0.03157758
3268 0.0213028
3269 0.5624815
3270 0.03230593
3271 0.01132083
3272 0.06016456
3273 0.01654963
3274 0.0181737
3275 0.006189241
3276 0.01662133
3277 0.01178358
3278 0.00746853
3279 0.01048479
3280 0.3804727
3281 0.011713
3282 0.2381543
3283 0.01632411
3284 0.006763422
3285 0.01459935
3286 0.02363321
3287 0.04476709
3288 0.03427855
3289 0.0101486
3290 0.006314111
3291 0.2859845
3292 0.2715492
3293 0.007163796
3294 0.006243641
3295 0.9278177
3296 0.004195109
3297 0.02655273
3298 0.01863879
3299 0.008004776
3300 0.01277582
3301 0.02199449
3302 0.01348715
3303 0.004157373
3304 0.01533601
3305 0.007677347
3306 0.006863277
3307 0.5506947
3308 0.08011117
3309 0.09797302
3310 0.008932121
3311 0.1730486
3312 0.02136444
3313 0.4686862
3314 0.3590518
3315 0.008807032
3316 0.00516617
3317 0.013762
3318 0.005419849
3319 0.01283018
3320 0.4232296
3321 0.04085312
3322 0.7140045
3323 0.01707209
3324 0.0202196
3325 0.0116329
3326 0.008194505
3327 0.0358007
3328 0.0138603
3329 0.01831506
3330 0.02094262
3331 0.03328138
3332 0.634244
3333 0.01436105
3334 0.008999264
3335 0.03526534
3336 0.03681613
3337 0.04367853
3338 0.02107037
3339 0.004366668
3340 0.007540902
3341 0.01261795
3342 0.5471873
3343 0.07496917
3344 0.02008906
3345 0.0181295
3346 0.004853001
3347 0.001517954
3348 0.00786417
3349 0.008205736
3350 0.007954725
3351 0.1611449
3352 0.01636262
3353 0.02597813
3354 0.003536932
3355 0.006859183
3356 0.01692307
3357 0.050346
3358 0.07963493
3359 0.002945497
3360 0.006759163
3361 0.02124794
3362 0.007771677
3363 0.007928818
3364 0.2920174
3365 0.01123651
3366 0.03400446
3367 0.0118285
3368 0.03949213
3369 0.008456586
3370 0.1141321
3371 0.288021
3372 0.009140059
3373 0.005981157
3374 0.09945832
3375 0.06296362
3376 0.795376
3377 0.003861258
3378 0.01334906
3379 0.00786398
3380 0.02210136
3381 0.006303258
3382 0.01251474
3383 0.002995637
3384 0.07708361
3385 0.01265929
3386 0.01283242
3387 0.008319032
3388 0.02466296
3389 0.04163227
3390 0.02631349
3391 0.009562898
3392 0.008785621
3393 0.2121958
3394 0.00891291
3395 0.02093716
3396 0.004336046
3397 0.005319757
3398 0.8259324
3399 0.9558234
3400 0.006165696
3401 0.01401952
3402 0.007272486
3403 0.8365816
3404 0.02036925
3405 0.008296191
3406 0.01637404
3407 0.01235375
3408 0.009155858
3409 0.1413873
3410 0.005072874
3411 0.02397879
3412 0.002857242
3413 0.4131777
3414 0.03246965
3415 0.007873784
3416 0.1181321
3417 0.19263
3418 0.005089018
3419 0.02321295
3420 0.01632945
3421 0.05293073
3422 0.04756817
3423 0.006702262
3424 0.02806951
3425 0.006545522
3426 0.1678859
3427 0.01342895
3428 0.0193213
3429 0.006638623
3430 0.03444432
3431 0.004680836
3432 0.002998995
3433 0.01323164
3434 0.5211581
3435 0.05338319
3436 0.01355865
3437 0.0126508
3438 0.00932627
3439 0.05135885
3440 0.05054915
3441 0.07379699
3442 0.03072032
3443 0.02185988
3444 0.01622023
3445 0.02299191
3446 0.02815664
3447 0.01650074
3448 0.04098546
3449 0.01524182
3450 0.006258893
3451 0.006985107
3452 0.004389268
3453 0.006642272
3454 0.0005348191
3455 0.2422878
3456 0.008126631
3457 0.05694199
3458 0.0182292
3459 0.165252
3460 0.008768331
3461 0.03089499
3462 0.01110896
3463 0.05733892
3464 0.02326449
3465 0.4257914
3466 0.008826077
3467 0.009241771
3468 0.007936139
3469 0.007937153
3470 0.006368261
3471 0.005580563
3472 0.1019275
3473 0.0151818
3474 0.004107481
3475 0.0176957
3476 0.008700414
3477 0.01236612
3478 0.03193362
3479 0.007113433
3480 0.006589295
3481 0.07438351
3482 0.004676164
3483 0.07009932
3484 0.245735
3485 0.3531585
3486 0.02959394
3487 0.003992007
3488 0.008388287
3489 0.008999279
3490 0.4933405
3491 0.7978224
3492 0.006236914
3493 0.008607413
3494 0.008847816
3495 0.01388706
3496 0.2095865
3497 0.008801059
3498 0.01922868
3499 0.09211776
3500 0.02347659
3501 0.005304502
3502 0.01885336
3503 0.02544273
3504 0.04640025
3505 0.007079708
3506 0.005536795
3507 0.1918439
3508 0.2970672
3509 0.007523128
3510 0.005846332
3511 0.004719554
3512 0.4765579
3513 0.0227902
3514 0.7344839
3515 0.5553395
3516 0.01420285
3517 0.001717205
3518 0.01743208
3519 0.007134435
3520 0.1897696
3521 0.01367514
3522 0.01559713
3523 0.0168749
3524 0.01193225
3525 0.007363571
3526 0.1315443
3527 0.01568493
3528 0.007277258
3529 0.0140867
3530 0.005141534
3531 0.01901297
3532 0.01540381
3533 0.01238411
3534 0.006707731
3535 0.0006024486
3536 0.01984472
3537 0.5838426
3538 0.6356744
3539 0.008741037
3540 0.01455161
3541 0.024556
3542 0.005569061
3543 0.3318604
3544 0.01159927
3545 0.03317016
3546 0.007751762
3547 0.9167469
3548 0.4365963
3549 0.01238504
3550 0.04585375
3551 0.01430967
3552 0.04502459
3553 0.09626205
3554 0.05501344
3555 0.05243152
3556 0.0193126
3557 0.005438248
3558 0.1008813
3559 0.004000161
3560 0.06430887
3561 0.5962329
3562 0.01125612
3563 0.02712055
3564 0.01259484
3565 0.1419034
3566 0.02929481
3567 0.5489207
3568 0.007980952
3569 0.8132645
3570 0.9730263
3571 0.02547734
3572 0.1188887
3573 0.04660189
3574 0.0255769
3575 0.02697366
3576 0.04933571
3577 0.007484226
3578 0.00187948
3579 0.008259848
3580 0.2433743
3581 0.01871476
3582 0.01038408
3583 0.003109357
3584 0.03638862
3585 0.486144
3586 0.02256386
3587 0.01805252
3588 0.003281592
3589 0.01689718
3590 0.0139238
3591 0.01035677
3592 0.01856498
3593 0.2505499
3594 0.01715053
3595 0.01496066
3596 0.01142326
3597 0.02133261
3598 0.005835051
3599 0.007352324
3600 0.01264411
3601 0.001897634
3602 0.00742736
3603 0.08889658
3604 0.2298871
3605 0.01902065
3606 0.003419382
3607 0.4408139
3608 0.004666777
3609 0.008664849
3610 0.006075135
3611 0.008814205
3612 0.007955201
3613 0.1164262
3614 0.02285972
3615 0.8360618
3616 0.1440786
3617 0.01507863
3618 0.008485248
3619 0.01821862
3620 0.01925611
3621 0.9594442
3622 0.02012213
3623 0.003703815
3624 0.8686299
3625 0.01639982
3626 0.003407211
3627 0.01856031
3628 0.0152026
3629 0.007746939
3630 0.07234823
3631 0.005700116
3632 0.007343918
3633 0.1537786
3634 0.002479461
3635 0.01750947
3636 0.04308842
3637 0.9170384
3638 0.06253394
3639 0.007026697
3640 0.003208431
3641 0.02808087
3642 0.004551216
3643 0.002386341
3644 0.01245744
3645 0.001923058
3646 0.3292066
3647 0.008745976
3648 0.006293303
3649 0.001548039
3650 0.01087121
3651 0.006113296
3652 0.02965397
3653 0.006001616
3654 0.02832239
3655 0.03206626
3656 0.008852278
3657 0.01437913
3658 0.005522147
3659 0.008202062
3660 0.03119195
3661 0.009703697
3662 0.4560438
3663 0.01425766
3664 0.02106739
3665 0.02294545
3666 0.0009340812
3667 0.04030351
3668 0.7500947
3669 0.1473635
3670 0.003779726
3671 0.0584483
3672 0.04281088
3673 0.01308612
3674 0.0176186
3675 0.02035604
3676 0.019477
3677 0.01326641
3678 0.006013476
3679 0.008016276
3680 0.03633644
3681 0.002779808
3682 0.006190068
3683 0.04810481
3684 0.08692661
3685 0.01264008
3686 0.009559501
3687 0.02751658
3688 0.003364578
3689 0.006330672
3690 0.2195586
3691 0.01533327
3692 0.001311278
3693 0.03349545
3694 0.1106532
3695 0.04298744
3696 0.006947401
3697 0.02058493
3698 0.007454902
3699 0.007753735
3700 0.892186
3701 0.003755394
3702 0.4206727
3703 0.02182276
3704 0.001937204
3705 0.007852242
3706 0.00615213
3707 0.2492522
3708 0.8731297
3709 0.006261963
3710 0.009054544
3711 0.08490436
3712 0.007958069
3713 0.01360782
3714 0.00691338
3715 0.02359372
3716 0.02620423
3717 0.09823789
3718 0.01894028
3719 0.01912465
3720 0.001357392
3721 0.0186536
3722 0.4968196
3723 0.1090913
3724 0.03646609
3725 0.02368754
3726 0.00502192
3727 0.006061087
3728 0.02558546
3729 0.02838349
3730 0.01153337
3731 0.01451438
3732 0.006670791
3733 0.0168484
3734 0.02436516
3735 0.005790921
3736 0.01704852
3737 0.02025984
3738 0.009306893
3739 0.01424326
3740 0.008533099
3741 0.01316586
3742 0.0127577
3743 0.01178265
3744 0.6567533
3745 0.3085803
3746 0.02300949
3747 0.009727091
3748 0.01098826
3749 0.001443333
3750 0.003131539
3751 0.01693942
3752 0.01306495
3753 0.02094189
3754 0.03630394
3755 0.007280485
3756 0.3066213
3757 0.03672829
3758 0.005285064
3759 0.01957115
3760 0.007610397
3761 0.0195261
3762 0.003157448
3763 0.0114876
3764 0.0710527
3765 0.01483654
3766 0.0132226
3767 0.2121375
3768 0.005598547
3769 0.7198977
3770 0.03331305
3771 0.01432864
3772 0.001322405
3773 0.008952273
3774 0.2648774
3775 0.07659064
3776 0.02759616
3777 0.009593991
3778 0.0244658
3779 0.006098134
3780 0.00411554
3781 0.009673996
3782 0.0298197
3783 0.08504923
3784 0.007416611
3785 0.01871148
3786 0.00853802
3787 0.2776466
3788 0.007320804
3789 0.009953022
3790 0.001676145
3791 0.0210705
3792 0.1541097
3793 0.01339893
3794 0.008773831
3795 0.03347322
3796 0.00652118
3797 0.3039379
3798 0.01302567
3799 0.007083198
3800 0.005915094
3801 0.01971229
3802 0.002113118
3803 0.007145565
3804 0.009815822
3805 0.006321397
3806 0.01125074
3807 0.02824147
3808 0.01040715
3809 0.04573357
3810 0.01544736
3811 0.02152695
3812 0.1658157
3813 0.01597
3814 0.07910589
3815 0.01458721
3816 0.004750372
3817 0.004737257
3818 0.02931438
3819 0.4227758
3820 0.01051313
3821 0.006451867
3822 0.661632
3823 0.03608983
3824 0.0161413
3825 0.01396695
3826 0.06776844
3827 0.01456657
3828 0.3642501
3829 0.2162789
3830 0.001014909
3831 0.01376043
3832 0.0002586443
3833 0.9422116
3834 0.01297482
3835 0.01893669
3836 0.04226337
3837 0.03194288
3838 0.09643165
3839 0.01667445
3840 0.07513524
3841 0.006034248
3842 0.01891883
3843 0.00740615
3844 0.005318765
3845 0.007990521
3846 0.04279372
3847 0.04610042
3848 0.004444384
3849 0.0025378
3850 0.003425707
3851 0.01580584
3852 0.2154556
3853 0.02130543
3854 0.06061966
3855 0.008446508
3856 0.9534465
3857 0.003530324
3858 0.004937413
3859 0.003638161
3860 0.01767522
3861 0.05460008
3862 0.007131502
3863 0.01284978
3864 0.02446008
3865 0.0004722328
3866 0.2019931
3867 0.04355662
3868 0.01205987
3869 0.006445098
3870 0.007430447
3871 0.2977602
3872 0.01660732
3873 0.7113306
3874 0.02444747
3875 0.01344486
3876 0.01954609
3877 0.01134349
3878 0.07481395
3879 0.007898091
3880 0.08142841
3881 0.008414733
3882 0.01235378
3883 0.0009837284
3884 0.01632352
3885 0.01752973
3886 0.008317083
3887 0.03318715
3888 0.006769607
3889 0.0139938
3890 0.01177997
3891 0.01509151
3892 0.002046791
3893 0.008397274
3894 0.01799047
3895 0.014271
3896 0.0239852
3897 0.006416774
3898 0.007085904
3899 0.008164108
3900 0.01529624
3901 0.004880724
3902 0.008644073
3903 0.6724699
3904 0.006957656
3905 0.01281304
3906 0.5777535
3907 0.004709301
3908 0.1059958
3909 0.01407226
3910 0.003841661
3911 0.1080933
3912 0.002654519
3913 0.008330343
3914 0.0159341
3915 0.008056492
3916 0.01248119
3917 0.008748674
3918 0.01789542
3919 0.02213203
3920 0.007149589
3921 0.008934748
3922 0.01514115
3923 0.2314944
3924 0.006287672
3925 0.006117542
3926 0.035892
3927 0.1655442
3928 0.02721212
3929 0.05536338
3930 0.04378992
3931 0.2828978
3932 0.01632289
3933 0.01013554
3934 0.01836784
3935 0.02556356
3936 0.01447054
3937 0.01990571
3938 0.02788419
3939 0.02466127
3940 0.9606327
3941 0.6765741
3942 0.01146134
3943 0.01598526
3944 0.008111361
3945 0.007179113
3946 0.2975809
3947 0.0180244
3948 0.008895563
3949 0.01690238
3950 0.00739348
3951 0.004011127
3952 0.007649974
3953 0.002003928
3954 0.02439499
3955 0.007379586
3956 0.005679912
3957 0.01269176
3958 0.00892814
3959 0.007370418
3960 0.003231803
3961 0.007579716
3962 0.01050393
3963 0.8963106
3964 0.02517596
3965 0.004127667
3966 0.02107087
3967 0.01418777
3968 0.005052148
3969 0.003330989
3970 0.02300749
3971 0.004556868
3972 0.07545041
3973 0.03314528
3974 0.008014791
3975 0.007813519
3976 0.001453532
3977 0.007698641
3978 0.03362455
3979 0.008971917
3980 0.005379162
3981 0.018896
3982 0.3586436
3983 0.6549496
3984 0.003960549
3985 0.0220722
3986 0.009572792
3987 0.2663744
3988 0.007059969
3989 0.6134001
3990 0.001441472
3991 0.0888814
3992 0.04784434
3993 0.7439053
3994 0.007501975
3995 0.006293819
3996 0.01598948
3997 0.1506038
3998 0.01372978
3999 0.01492674
4000 0.01881318
4001 0.04846262
4002 0.05228275
4003 0.0247445
4004 0.5217356
4005 0.0152084
4006 0.1024226
4007 0.01420827
4008 0.7088939
4009 0.009154994
4010 0.01394662
4011 0.1001619
4012 0.01307804
4013 0.003693328
4014 0.0135408
4015 0.1977475
4016 0.02959513
4017 0.03059219
4018 0.005385626
4019 0.9698482
4020 0.03644698
4021 0.006888176
4022 0.6432516
4023 0.006349553
4024 0.65304
4025 0.03117696
4026 0.02158881
4027 0.01958489
4028 0.00722352
4029 0.01534479
4030 0.293468
4031 0.01504911
4032 0.6681295
4033 0.008472648
4034 0.107618
4035 0.03148762
4036 0.008354906
4037 0.006004968
4038 0.134316
4039 0.01290879
4040 0.004737771
4041 0.01086877
4042 0.01931753
4043 0.01293628
4044 0.03051942
4045 0.02594354
4046 0.04017823
4047 0.01832967
4048 0.014022
4049 0.01959506
4050 0.02346011
4051 0.01290922
4052 0.0009630347
4053 0.01712995
4054 0.05309915
4055 0.1600796
4056 0.8728852
4057 0.1984308
4058 0.3609236
4059 0.006433237
4060 0.04794443
4061 0.009704317
4062 0.001908318
4063 0.009191624
4064 0.003244298
4065 0.05442668
4066 0.01400468
4067 0.01912274
4068 0.9268703
4069 0.01358523
4070 0.388994
4071 0.007522054
4072 0.4063607
4073 0.02511188
4074 0.008668166
4075 0.01970251
4076 0.02495743
4077 0.3238602
4078 0.01887657
4079 0.4826245
4080 0.04115491
4081 0.006646429
4082 0.01355197
4083 0.007961436
4084 0.0115002
4085 0.01636708
4086 0.01980443
4087 0.01518192
4088 0.02010085
4089 0.02069793
4090 0.004163066
4091 0.01247797
4092 0.006978415
4093 0.006902003
4094 0.0154711
4095 0.659201
4096 0.6727078
4097 0.02363268
4098 0.005726552
4099 0.006865129
4100 0.006246839
4101 0.3330427
4102 0.1865796
4103 0.02151094
4104 0.008589606
4105 0.0776718
4106 0.03142911
4107 0.03672175
4108 0.4155124
4109 0.01544877
4110 0.009935684
4111 0.1908388
4112 0.01821959
4113 0.007984649
4114 0.8861173
4115 0.005937768
4116 0.007298553
4117 0.003788762
4118 0.006543295
4119 0.01595782
4120 0.01240506
4121 0.006720838
4122 0.007807149
4123 0.001924848
4124 0.0123569
4125 0.01220768
4126 0.0219408
4127 0.02314951
4128 0.002531419
4129 0.004283214
4130 0.02264413
4131 0.3464418
4132 0.02154301
4133 0.008320186
4134 0.07096051
4135 0.06614587
4136 0.001801045
4137 0.007055882
4138 0.00454128
4139 0.01026521
4140 0.01605434
4141 0.2676794
4142 0.002040023
4143 0.00949255
4144 0.02000143
4145 0.02571493
4146 0.02127949
4147 0.01408532
4148 0.1585256
4149 0.00726915
4150 0.01390967
4151 0.08038663
4152 0.05160796
4153 0.01230303
4154 0.005306436
4155 0.001776852
4156 0.007424484
4157 0.01452344
4158 0.004298801
4159 0.01395055
4160 0.02230223
4161 0.05513167
4162 0.008370615
4163 0.04260808
4164 0.002613681
4165 0.4470766
4166 0.4902143
4167 0.01502977
4168 0.0001008018
4169 0.003547669
4170 0.01376601
4171 0.007266939
4172 0.01405899
4173 0.2291909
4174 0.02135388
4175 0.02681332
4176 0.001368085
4177 0.009130454
4178 0.01228314
4179 0.03656043
4180 0.01002657
4181 0.004236868
4182 0.2932167
4183 0.03816715
4184 0.06600274
4185 0.04849004
4186 0.04378201
4187 0.00476815
4188 0.006209972
4189 0.01817791
4190 0.001382286
4191 0.02270092
4192 0.002392106
4193 0.01695686
4194 0.001839815
4195 0.01306183
4196 0.03187906
4197 0.9487672
4198 0.3164739
4199 0.03481207
4200 0.02205242
4201 0.0149598
4202 0.01622282
4203 0.009065628
4204 0.003426693
4205 0.005601453
4206 0.01379228
4207 0.05234324
4208 0.01642409
4209 0.006377799
4210 0.02924593
4211 0.007145791
4212 0.05081758
4213 0.002092119
4214 0.001892917
4215 0.1606034
4216 0.008216411
4217 0.006932983
4218 0.07489018
4219 0.008174397
4220 0.01091087
4221 0.01780912
4222 0.005135122
4223 0.5451663
4224 0.3414457
4225 0.05021115
4226 0.0119617
4227 0.006537495
4228 0.01268253
4229 0.03384765
4230 0.02017274
4231 0.007547164
4232 0.004885688
4233 0.006552022
4234 0.009408897
4235 0.0158119
4236 0.01427126
4237 0.007062141
4238 0.3884705
4239 0.003252242
4240 0.01331192
4241 0.01099846
4242 0.007762197
4243 0.01207194
4244 0.03277743
4245 0.018034
4246 0.0007306071
4247 0.6933516
4248 0.01777947
4249 0.01385033
4250 0.007379323
4251 0.07294832
4252 0.03267963
4253 0.01392969
4254 0.006809301
4255 0.01278056
4256 0.008929448
4257 0.9172627
4258 0.002753897
4259 0.03750049
4260 0.3472555
4261 0.01884767
4262 0.5450565
4263 0.014685
4264 0.002468196
4265 0.005361945
4266 0.009963174
4267 0.03987292
4268 0.02119336
4269 0.7776734
4270 0.03126566
4271 0.006078548
4272 0.05761244
4273 0.3292272
4274 0.006975594
4275 0.03005425
4276 0.01254099
4277 0.02200967
4278 0.01018579
4279 0.006256627
4280 0.006427957
4281 0.09483411
4282 0.1784892
4283 0.02173797
4284 0.009601072
4285 0.007949014
4286 0.00660144
4287 0.009187926
4288 0.02789216
4289 0.01381569
4290 0.008228772
4291 0.05693143
4292 0.2424699
4293 0.003786877
4294 0.00668314
4295 0.01802004
4296 0.02744797
4297 0.005781431
4298 0.03008078
4299 0.0236375
4300 0.01389369
4301 0.006620539
4302 0.01194502
4303 0.01673611
4304 0.01421754
4305 0.007734696
4306 0.01452344
4307 0.008196927
4308 0.009372042
4309 0.006982066
4310 0.1373545
4311 0.02933906
4312 0.02997719
4313 0.2488949
4314 0.04548322
4315 0.02379869
4316 0.01778165
4317 0.00728643
4318 0.005426943
4319 0.0218056
4320 0.007098944
4321 0.0007689326
4322 0.005315084
4323 0.01305066
4324 0.2306172
4325 0.005185551
4326 0.00436695
4327 0.007314855
4328 0.01372318
4329 0.03178173
4330 0.0219191
4331 0.003548534
4332 0.0251066
4333 0.00879197
4334 0.01275811
4335 0.221561
4336 0.08730104
4337 0.01580852
4338 0.01714424
4339 0.04714404
4340 0.01570769
4341 0.142725
4342 0.3815551
4343 0.01613746
4344 0.01393708
4345 0.003455277
4346 0.005868196
4347 0.3531386
4348 0.007085547
4349 0.01395735
4350 0.007510424
4351 0.01078849
4352 0.01756668
4353 0.0143088
4354 0.304608
4355 0.2469865
4356 0.01459262
4357 0.01559849
4358 0.0321551
4359 0.008510708
4360 0.01607799
4361 0.0156073
4362 0.01440091
4363 0.01955945
4364 0.003955041
4365 0.01584771
4366 0.01361614
4367 0.009943692
4368 0.03491737
4369 0.01229934
4370 0.05216613
4371 0.02778001
4372 0.008646449
4373 0.01681279
4374 0.007043308
4375 0.01347827
4376 0.07975049
4377 0.04225668
4378 0.008862378
4379 0.01944535
4380 0.006559904
4381 0.009599786
4382 0.006824824
4383 0.01823084
4384 0.8444205
4385 0.3073604
4386 0.005171421
4387 0.006804811
4388 0.01742515
4389 0.0116464
4390 0.01374856
4391 0.01712816
4392 0.02018804
4393 0.03144858
4394 0.09222588
4395 0.003489606
4396 0.005141339
4397 0.1187029
4398 0.01149276
4399 0.01497928
4400 0.7671036
4401 0.008822977
4402 0.009181166
4403 0.00477122
4404 0.005712123
4405 0.06427616
4406 0.004609362
4407 0.00844996
4408 0.01080961
4409 0.004030288
4410 0.008034528
4411 0.002824903
4412 0.4970567
4413 0.008208127
4414 0.0030556
4415 0.008092254
4416 0.01261086
4417 0.01526596
4418 0.01665231
4419 0.003179311
4420 0.01600641
4421 0.02117821
4422 0.005073361
4423 0.009811903
4424 0.007781325
4425 0.01036716
4426 0.02926474
4427 0.004267307
4428 0.5164998
4429 0.007978539
4430 0.0154791
4431 0.009402135
4432 0.01930089
4433 0.005515129
4434 0.4883315
4435 0.003554315
4436 0.00360067
4437 0.003394784
4438 0.003605128
4439 0.09450945
4440 0.008500531
4441 0.02050777
4442 0.03182448
4443 0.03060362
4444 0.7888179
4445 0.008410792
4446 0.01358383
4447 0.02779835
4448 0.358994
4449 0.007534986
4450 0.03891992
4451 0.01598487
4452 0.8191402
4453 0.004473494
4454 0.0168296
4455 0.008489957
4456 0.1265616
4457 0.4640143
4458 0.01416758
4459 0.01639761
4460 0.008138379
4461 0.008596613
4462 0.01675668
4463 0.004863028
4464 0.2169677
4465 0.8242457
4466 0.0127941
4467 0.01571206
4468 0.5720614
4469 0.05053912
4470 0.1400499
4471 0.02246495
4472 0.004486254
4473 0.02024482
4474 0.01786556
4475 0.2744371
4476 0.01202524
4477 0.01584938
4478 0.02032251
4479 0.6444085
4480 0.01733735
4481 0.002432022
4482 0.006917596
4483 0.0444398
4484 0.008370159
4485 0.00364102
4486 0.01267123
4487 0.02233943
4488 0.01782211
4489 0.003126075
4490 0.00803947
4491 0.02299117
4492 0.04030664
4493 0.4086428
4494 0.009866893
4495 0.008164774
4496 0.01065918
4497 0.005417601
4498 0.01239441
4499 0.01388533
4500 0.002268061
4501 0.2722127
4502 0.008418096
4503 0.01515953
4504 0.4732587
4505 0.02334305
4506 0.117989
4507 0.01172046
4508 0.02455761
4509 0.06807336
4510 0.01535911
4511 0.01202669
4512 0.007491042
4513 0.006365677
4514 0.3560998
4515 0.03616076
4516 0.01502425
4517 0.02596097
4518 0.02069314
4519 0.006920125
4520 0.01899624
4521 0.005713379
4522 0.331017
4523 0.08794355
4524 0.01513221
4525 0.05181378
4526 0.008392033
4527 0.01373158
4528 0.04135257
4529 0.005300694
4530 0.3410694
4531 0.09796333
4532 0.1292212
4533 0.01414312
4534 0.00543898
4535 0.007827222
4536 0.01455299
4537 0.007799637
4538 0.003764278
4539 0.01442168
4540 0.02062617
4541 0.01508987
4542 0.01567301
4543 0.02074456
4544 0.008594605
4545 0.03288722
4546 0.0533608
4547 0.01700087
4548 0.009841258
4549 0.0162447
4550 0.01838366
4551 0.01399349
4552 0.02490344
4553 0.02077504
4554 0.0177829
4555 0.01463212
4556 0.01015331
4557 0.00717398
4558 0.003427146
4559 0.6889745
4560 0.05707701
4561 0.01360683
4562 0.01500526
4563 0.0171251
4564 0.01348736
4565 0.05773597
4566 0.004564528
4567 0.01111555
4568 0.01510086
4569 0.008402384
4570 0.04451933
4571 0.005566941
4572 0.008793
4573 0.07253336
4574 0.01227603
4575 0.008988129
4576 0.01123363
4577 0.009769813
4578 0.02005264
4579 0.1692498
4580 0.002966505
4581 0.006312162
4582 0.03309411
4583 0.00852514
4584 0.006696727
4585 0.0343513
4586 0.1188779
4587 0.02685624
4588 0.822532
4589 0.01355408
4590 0.008969559
4591 0.8698112
4592 0.01417072
4593 0.006964308
4594 0.02764441
4595 0.7749002
4596 0.01767052
4597 0.007032982
4598 0.02957966
4599 0.5607092
4600 0.001357201
4601 0.008194229
4602 0.529994
4603 0.04187176
4604 0.01761587
4605 0.009867945
4606 0.007799834
4607 0.03421727
4608 0.01372375
4609 0.02861707
4610 0.009068059
4611 0.009666406
4612 0.009636164
4613 0.01045493
4614 0.002631586
4615 0.02146103
4616 0.01091894
4617 0.07263124
4618 0.01291798
4619 0.1239234
4620 0.01441826
4621 0.009198487
4622 0.06394227
4623 0.005538435
4624 0.01634043
4625 0.01497071
4626 0.008629931
4627 0.01375002
4628 0.002829855
4629 0.02205586
4630 0.005422766
4631 0.009571589
4632 0.005786224
4633 0.01778781
4634 0.05650103
4635 0.01354045
4636 0.4320607
4637 0.2219817
4638 0.01797989
4639 0.004903024
4640 0.002617148
4641 0.2957827
4642 0.0271658
4643 0.05026096
4644 0.009735107
4645 0.006828347
4646 0.01279082
4647 0.00699552
4648 0.01247261
4649 0.001412863
4650 0.005575564
4651 0.004165076
4652 0.008461595
4653 0.02047223
4654 0.3165738
4655 0.03689732
4656 0.04492258
4657 0.1239329
4658 0.02062503
4659 0.07691294
4660 0.007844663
4661 0.08387924
4662 0.005202851
4663 0.004640885
4664 0.05708815
4665 0.007047913
4666 0.02793732
4667 0.05432962
4668 0.03001639
4669 0.1794688
4670 0.1722843
4671 0.9618752
4672 0.009275449
4673 0.002265497
4674 0.04357647
4675 0.02605705
4676 0.01805817
4677 0.5543908
4678 0.01775602
4679 0.007619058
4680 0.0367796
4681 0.01891717
4682 0.006953049
4683 0.001080471
4684 0.003036829
4685 0.2127024
4686 0.0068165
4687 0.002115027
4688 0.01548939
4689 0.007034028
4690 0.0131214
4691 0.03353559
4692 0.00190801
4693 0.1286935
4694 0.006753158
4695 0.01464013
4696 0.006009328
4697 0.007113214
4698 0.01187658
4699 0.004497623
4700 0.01598199
4701 0.0134351
4702 0.01564742
4703 0.01533161
4704 0.06478306
4705 0.8605059
4706 0.06769916
4707 0.02130854
4708 0.01519851
4709 0.003657092
4710 0.02676448
4711 0.03527294
4712 0.04039769
4713 0.1166266
4714 0.01672708
4715 0.1055956
4716 0.006244795
4717 0.2201041
4718 0.03258685
4719 0.007578265
4720 0.03700876
4721 0.04228361
4722 0.003819188
4723 0.005544389
4724 0.02131655
4725 0.01217505
4726 0.005685854
4727 0.014347
4728 0.01467252
4729 0.00690155
4730 0.04797572
4731 0.01265483
4732 0.002615695
4733 0.4608901
4734 0.0172808
4735 0.018317
4736 0.02784493
4737 0.006265841
4738 0.01281585
4739 0.02950591
4740 0.01193811
4741 0.008122792
4742 0.004281929
4743 0.01081853
4744 0.00614059
4745 0.02384135
4746 0.03829932
4747 0.01765504
4748 0.007096274
4749 0.01426377
4750 0.01915999
4751 0.09930926
4752 0.0168872
4753 0.03030466
4754 0.02460994
4755 0.06631755
4756 0.006768796
4757 0.0007578395
4758 0.006735563
4759 0.01521106
4760 0.007742084
4761 0.01799447
4762 0.01775468
4763 0.01371752
4764 0.01303648
4765 0.08749655
4766 0.005368067
4767 0.02138392
4768 0.002004269
4769 0.006135205
4770 0.01365119
4771 0.007469724
4772 0.7650037
4773 0.007882981
4774 0.05884139
4775 0.5176038
4776 0.006129484
4777 0.03850387
4778 0.008376148
4779 0.0202802
4780 0.189414
4781 0.3624557
4782 0.02199422
4783 0.02140953
4784 0.01844464
4785 0.03056874
4786 0.004193624
4787 0.007302076
4788 0.007006591
4789 0.008904379
4790 0.01740752
4791 0.01410578
4792 0.03231062
4793 0.01789591
4794 0.1549326
4795 0.03991956
4796 0.007871667
4797 0.01267342
4798 0.585214
4799 0.008024014
4800 0.5155511
4801 0.5290947
4802 0.0231183
4803 0.007849293
4804 0.4594688
4805 0.01216578
4806 0.003488295
4807 0.004525963
4808 0.002982718
4809 0.004874666
4810 0.003678868
4811 0.02421613
4812 0.004778303
4813 0.01614124
4814 0.006980832
4815 0.05018673
4816 0.6490867
4817 0.01901581
4818 0.01387584
4819 0.01354591
4820 0.004310992
4821 0.04772644
4822 0.007147033
4823 0.1312024
4824 0.01418811
4825 0.00492114
4826 0.0117804
4827 0.01848973
4828 0.01903699
4829 0.0155958
4830 0.01366583
4831 0.09342068
4832 0.00543823
4833 0.02366956
4834 0.01356105
4835 0.004930757
4836 0.03155957
4837 0.01617709
4838 0.0411931
4839 0.007042685
4840 0.01574116
4841 0.02777429
4842 0.006855406
4843 0.01354186
4844 0.01807806
4845 0.01298024
4846 0.007975786
4847 0.004984209
4848 0.005040741
4849 0.01721273
4850 0.01463564
4851 0.006658195
4852 0.6023905
4853 0.005610061
4854 0.007202709
4855 0.4755273
4856 0.04213715
4857 0.002393445
4858 0.03482634
4859 0.008389915
4860 0.04468576
4861 0.03609305
4862 0.1537308
4863 0.01386356
4864 0.007805031
4865 0.4974867
4866 0.01850808
4867 0.02192147
4868 0.02996969
4869 0.02290563
4870 0.7520325
4871 0.1971338
4872 0.04996419
4873 0.5228503
4874 0.005540091
4875 0.003944541
4876 0.3078968
4877 0.02618365
4878 0.2854119
4879 0.03209751
4880 0.007016896
4881 0.005677095
4882 0.4825039
4883 0.009985898
4884 0.01066593
4885 0.01119144
4886 0.007485768
4887 0.001790102
4888 0.009209385
4889 0.001492976
4890 0.004554949
4891 0.7557494
4892 0.8338069
4893 0.6385639
4894 0.0203225
4895 0.0007940809
4896 0.07126578
4897 0.007833846
4898 0.01361307
4899 0.1609269
4900 0.9123927
4901 0.03468954
4902 0.01583145
4903 0.01421961
4904 0.01239072
4905 0.01731628
4906 0.001925191
4907 0.01243851
4908 0.01442267
4909 0.4365915
4910 0.01190488
4911 0.008778108
4912 0.02824724
4913 0.00154793
4914 0.01145185
4915 0.02913912
4916 0.01024166
4917 0.03686927
4918 0.04544251
4919 0.02152338
4920 0.02702678
4921 0.04190392
4922 0.03482243
4923 0.002886444
4924 0.01117929
4925 0.01493527
4926 0.1301556
4927 0.02906439
4928 0.006732133
4929 0.005644754
4930 0.1816113
4931 0.01233244
4932 0.05755258
4933 0.9813168
4934 0.01681503
4935 0.02064799
4936 0.7809433
4937 0.0163696
4938 0.0140894
4939 0.02556165
4940 0.006279475
4941 0.007336786
4942 0.003459504
4943 0.02113566
4944 0.02455522
4945 0.009429663
4946 0.003184486
4947 0.02776619
4948 0.01304173
4949 0.5758514
4950 0.007168878
4951 0.1219644
4952 0.0007643338
4953 0.01720014
4954 0.2883078
4955 0.005839979
4956 0.006143963
4957 0.008029328
4958 0.01624881
4959 0.01321499
4960 0.003837788
4961 0.4477283
4962 0.008202588
4963 0.01955465
4964 0.01924466
4965 0.01899862
4966 0.008056162
4967 0.01867499
4968 0.006111386
4969 0.02213401
4970 0.01846968
4971 0.6555619
4972 0.008082923
4973 0.006880718
4974 0.04085945
4975 0.01478684
4976 0.06952272
4977 0.005297527
4978 0.01441708
4979 0.006359552
4980 0.005267227
4981 0.0163286
4982 0.7020236
4983 0.05204217
4984 0.006267602
4985 0.08116445
4986 0.03760928
4987 0.007902437
4988 0.02397306
4989 0.006258406
4990 0.01058945
4991 0.01465397
4992 0.01757858
4993 0.02889139
4994 0.01680098
4995 0.1029654
4996 0.005960495
4997 0.1211858
4998 0.01564886
4999 0.01466303
5000 0.007471975
