1 0.08155528
2 0.002973125
3 0.01790237
4 0.3092945
5 3.703202e-07
6 0.00751481
7 1.096219e-09
8 0.00719981
9 2.69583e-09
10 0.1078272
11 0.0001229299
12 0.00108379
13 0.06614949
14 0.0002488282
15 0.02609522
16 0.7926184
17 2.004417e-06
18 0.4879375
19 5.107259e-09
20 0.008344929
21 0.003543243
22 3.762435e-05
23 4.878393e-06
24 0.0005832755
25 0.002283182
26 2.270227e-07
27 3.005491e-12
28 5.04282e-07
29 0.4354927
30 0.05201446
31 0.1411661
32 0.3211019
33 0.0002281962
34 7.239275e-09
35 0.3006608
36 0.2511228
37 0.02929343
38 0.02672595
39 0.001049843
40 1.159751e-07
41 0.02421594
42 0.6089241
43 0.7588275
44 0.2134192
45 1.107644e-05
46 6.745877e-06
47 0.8623879
48 6.338281e-08
49 0.5014024
50 0.03433891
51 0.02170893
52 0.3042329
53 0.000588209
54 0.000347051
55 0.02217175
56 0.1226749
57 3.032601e-06
58 0.08129185
59 0.3444115
60 1.286801e-19
61 0.02468093
62 4.096587e-08
63 0.547839
64 0.0005868368
65 0.4455529
66 0.00014914
67 0.000105903
68 0.2890173
69 3.903345e-05
70 1.815585e-13
71 0.3385133
72 0.3626212
73 9.274616e-06
74 0.008254511
75 0.3961565
76 0.02792711
77 0.3597258
78 0.04378254
79 0.02873225
80 7.498965e-07
81 0.4280536
82 0.1013993
83 0.01725576
84 0.6728909
85 0.3577624
86 0.1541877
87 0.0005406588
88 0.01905983
89 0.001365643
90 2.287643e-12
91 7.314531e-12
92 0.03930851
93 0.6499679
94 0.01836657
95 0.3655527
96 0.0001136741
97 0.1791402
98 5.531899e-11
99 0.1738905
100 0.3969174
101 1.062525e-08
102 0.02756999
103 3.757695e-05
104 2.256323e-05
105 0.01716242
106 0.03117398
107 0.0009992963
108 0.5509245
109 0.04291125
110 2.766605e-07
111 0.7207207
112 1.782996e-06
113 0.0511545
114 0.001509759
115 0.02752224
116 0.004228042
117 0.4523971
118 0.05777632
119 0.01609578
120 0.005556782
121 1.159021e-05
122 0.06990273
123 0.001870877
124 0.01158181
125 0.0698049
126 0.1323801
127 0.9209714
128 3.284073e-07
129 0.0232177
130 0.009700373
131 2.13237e-07
132 0.9167958
133 5.856316e-06
134 4.122571e-08
135 2.021678e-23
136 0.001564895
137 6.416265e-09
138 5.01381e-05
139 0.6825846
140 0.0001712969
141 0.0005517904
142 0.9229307
143 0.492884
144 0.001231954
145 5.167063e-05
146 0.450765
147 0.04272702
148 0.004462908
149 0.08235134
150 1.062144e-06
151 0.3206902
152 0.001073877
153 0.121325
154 0.02560724
155 0.4248835
156 0.02432776
157 0.4606585
158 0.0348978
159 0.009242002
160 0.03004291
161 0.002652462
162 1.275789e-09
163 6.892157e-07
164 0.003764758
165 6.518833e-06
166 0.1174116
167 3.734887e-05
168 0.09842756
169 0.1880174
170 8.885501e-10
171 7.059165e-08
172 0.003379709
173 2.6764e-14
174 0.5575538
175 0.3053506
176 0.07586005
177 0.02083967
178 0.6436414
179 0.01123386
180 3.905332e-06
181 0.3701822
182 0.334475
183 0.6409636
184 0.09198826
185 0.0001374348
186 1.940778e-09
187 0.5572234
188 0.1302483
189 5.010316e-05
190 0.4717901
191 0.6804133
192 1.05736e-06
193 0.08984465
194 7.561931e-07
195 4.443428e-10
196 0.0003002599
197 0.7282304
198 0.0005652859
199 0.4679775
200 9.530212e-05
201 0.98224
202 0.4141447
203 0.2189802
204 0.2100641
205 0.006434918
206 0.002994576
207 9.912405e-05
208 0.0530727
209 0.5025629
210 0.1945909
211 0.1251348
212 0.000170728
213 3.844717e-06
214 3.214547e-08
215 0.1752748
216 0.02191419
217 0.7160823
218 0.0002743578
219 0.4413578
220 0.003282519
221 0.002113911
222 0.002659155
223 0.4212587
224 0.0001954094
225 0.003782676
226 1.9706e-09
227 0.3054124
228 0.001031997
229 6.511562e-06
230 0.4504142
231 0.8399968
232 0.119863
233 0.0001239325
234 0.002833495
235 3.13313e-05
236 0.0007642696
237 0.1898509
238 0.3653694
239 4.562274e-09
240 0.01781036
241 0.009953972
242 0.5541247
243 0.0995452
244 0.09448738
245 1.566714e-13
246 0.3634614
247 0.01950162
248 7.417288e-05
249 7.323858e-07
250 0.8524965
251 1.546767e-05
252 0.0311317
253 0.301472
254 0.0004335858
255 2.802034e-05
256 0.009118014
257 0.005507044
258 0.2361782
259 0.9905481
260 0.03663405
261 1.149478e-05
262 6.260014e-06
263 0.0001477095
264 0.0007465423
265 9.798329e-06
266 1.964545e-06
267 0.01273737
268 0.05586096
269 7.103565e-19
270 0.1104302
271 0.002636934
272 0.0002798248
273 4.648935e-05
274 0.0003527339
275 0.5233679
276 0.8622346
277 0.5832065
278 0.0008720984
279 0.02299025
280 0.009704682
281 0.1177177
282 0.03649117
283 0.004395499
284 1.10366e-06
285 0.06503212
286 3.064452e-07
287 0.003425347
288 0.005682088
289 0.6020998
290 3.824831e-06
291 3.892397e-06
292 0.002212276
293 0.4678733
294 0.002247318
295 0.7227409
296 0.1192976
297 2.324399e-05
298 0.01619405
299 1.704259e-07
300 9.115055e-05
301 0.05010151
302 0.318682
303 0.1598704
304 0.3494599
305 0.0004350757
306 0.1818382
307 0.00740895
308 0.6135435
309 0.6874413
310 0.05834599
311 0.6054056
312 0.01650392
313 0.006332287
314 0.006745018
315 0.04221683
316 0.03553708
317 1.187041e-05
318 0.02512583
319 2.781629e-07
320 0.006588966
321 0.03737086
322 0.002871293
323 0.0007399017
324 3.306873e-16
325 0.05211962
326 0.2449148
327 0.000392984
328 0.6462234
329 0.9384854
330 0.002431408
331 0.0001881766
332 0.6498475
333 0.002107462
334 0.02707628
335 0.03017894
336 2.337368e-10
337 1.695197e-05
338 2.444971e-06
339 0.01975681
340 0.326823
341 4.307272e-06
342 0.0006662192
343 0.001864216
344 0.2807697
345 0.354269
346 0.2646215
347 0.08788239
348 0.0008455116
349 0.0002703624
350 9.94956e-05
351 0.08263331
352 0.01886156
353 0.503162
354 0.002326315
355 0.0006796551
356 0.0002009243
357 0.0002557507
358 0.0001525374
359 0.4217712
360 0.008247881
361 1.194853e-07
362 0.001256092
363 0.0005170119
364 9.691079e-07
365 0.01021522
366 0.1541163
367 3.730231e-06
368 0.3105972
369 0.04378827
370 0.06403194
371 0.1181212
372 0.3336281
373 0.000536725
374 0.01932842
375 0.4682613
376 0.0009516378
377 0.1181235
378 1.26386e-09
379 0.009418367
380 0.0001343306
381 0.11166
382 0.001696273
383 0.01726836
384 0.06605426
385 0.575307
386 0.5167677
387 0.001811889
388 0.1760972
389 0.07019237
390 0.346132
391 0.0456195
392 0.1755923
393 0.03573221
394 0.0008869139
395 0.0003961281
396 0.2312549
397 2.392813e-06
398 0.3211956
399 0.008449251
400 0.7786255
401 0.01327911
402 0.002212781
403 0.0001813699
404 9.807267e-05
405 2.464532e-10
406 0.06007724
407 8.702931e-11
408 0.745409
409 1.004487e-07
410 0.0003629579
411 0.2107129
412 3.048428e-09
413 2.614462e-05
414 0.4808847
415 4.030798e-09
416 0.9262825
417 0.1578702
418 0.0001056021
419 0.001573056
420 0.04810921
421 0.001666008
422 0.005829664
423 6.256931e-05
424 0.0001969469
425 5.231647e-08
426 5.198276e-10
427 0.7506089
428 0.7465685
429 1.688141e-08
430 0.09824973
431 0.1388063
432 0.01575619
433 0.05472108
434 0.3259457
435 0.0009290416
436 0.0170919
437 6.854032e-05
438 2.246546e-05
439 0.1314174
440 0.04295143
441 0.0001015991
442 0.1845392
443 0.0770433
444 0.06630337
445 3.054844e-10
446 0.5310959
447 2.278626e-06
448 0.004891976
449 0.0004625456
450 0.0001187124
451 0.0002708886
452 0.766574
453 0.002481469
454 0.06403217
455 0.005536476
456 0.8247222
457 0.3043798
458 2.891923e-05
459 0.009023525
460 0.01099943
461 0.02448986
462 0.01234392
463 0.003017153
464 0.06319108
465 1.086686e-05
466 2.061575e-05
467 0.425295
468 0.2263708
469 3.493916e-08
470 0.2190663
471 0.008821801
472 0.2387364
473 0.05449757
474 0.001550082
475 0.8894138
476 0.08590432
477 0.04830358
478 0.03702979
479 1.471555e-06
480 0.0006889332
481 0.2703059
482 0.1193178
483 3.115648e-07
484 0.003184301
485 0.02964632
486 7.891506e-06
487 0.006148766
488 0.0003467908
489 0.001320071
490 0.141018
491 0.184092
492 3.042146e-10
493 0.3029048
494 0.0002225432
495 0.0008034213
496 0.3699888
497 1.175167e-07
498 0.001185131
499 0.2136377
500 0.003621181
501 0.02207301
502 0.1208209
503 0.6026097
504 0.004080227
505 0.0002939401
506 0.003429854
507 0.1632833
508 0.05415719
509 0.004774073
510 0.08731568
511 0.1021502
512 6.602863e-09
513 5.274867e-07
514 0.9350563
515 3.075717e-06
516 0.182117
517 0.1818012
518 0.2479463
519 0.01123319
520 0.03666235
521 6.055555e-05
522 3.11373e-13
523 0.005322509
524 1.287031e-07
525 0.7011996
526 0.1483993
527 1.660764e-08
528 0.1248843
529 0.9988099
530 0.08302028
531 0.251989
532 0.137005
533 3.660438e-08
534 0.1526469
535 1.345455e-06
536 0.9035947
537 0.2817824
538 0.03259258
539 0.9352301
540 0.0007334139
541 0.0001441118
542 9.353747e-05
543 0.0001375359
544 0.02754255
545 6.809391e-12
546 0.089448
547 3.093474e-05
548 0.6691082
549 0.0008719325
550 0.0005444227
551 1.259385e-07
552 2.171296e-05
553 0.8461593
554 0.02001416
555 0.000495852
556 0.3549147
557 0.3612343
558 0.1650696
559 6.812876e-08
560 0.3837767
561 0.00376818
562 0.8913652
563 0.04194156
564 0.001372246
565 0.1293363
566 1.245088e-06
567 0.3237248
568 0.8579693
569 0.05089449
570 0.98167
571 0.007582243
572 0.001257719
573 0.05442074
574 0.03508409
575 7.789767e-05
576 0.3014076
577 0.1109395
578 0.02596034
579 8.166202e-07
580 6.831322e-09
581 0.4588721
582 0.01698381
583 0.03940136
584 0.0002365167
585 0.04895763
586 0.01158266
587 1.728932e-06
588 1.276186e-08
589 0.6477524
590 0.0005669814
591 1.353029e-11
592 0.0002389891
593 0.0001665735
594 1.133976e-07
595 1.89951e-09
596 1.316852e-07
597 0.4643608
598 0.5184101
599 2.569072e-05
600 3.239869e-05
601 2.392332e-06
602 0.03141126
603 0.03079546
604 0.02374389
605 0.009733462
606 0.01452351
607 0.1441278
608 0.001933459
609 4.314533e-06
610 0.1596902
611 0.09372079
612 7.50955e-07
613 0.2103128
614 0.4041812
615 0.3106662
616 0.5249895
617 3.711066e-05
618 0.01994349
619 0.8837484
620 0.2630118
621 0.02736695
622 0.234211
623 0.4170963
624 0.2243924
625 0.03870664
626 0.6546521
627 0.1652612
628 0.5943391
629 0.7390657
630 0.04373879
631 0.009945971
632 0.1794611
633 5.976479e-17
634 1.11244e-05
635 0.0001487763
636 0.5619168
637 0.2158694
638 2.546578e-07
639 2.793882e-09
640 2.578442e-06
641 0.0001093044
642 0.007421174
643 0.07211145
644 0.5858023
645 7.393057e-05
646 0.01620343
647 0.002920842
648 1.641444e-06
649 0.0003291588
650 0.06340762
651 0.01511365
652 0.8479704
653 0.0247744
654 0.6147071
655 0.08464836
656 2.88887e-05
657 0.01264409
658 0.001066956
659 8.660483e-05
660 8.691147e-05
661 0.8310231
662 6.158913e-08
663 2.00637e-05
664 0.006857208
665 0.0002112681
666 0.3843738
667 1.818381e-05
668 0.05445105
669 0.01215457
670 0.3053443
671 0.001205781
672 0.01584631
673 1.137397e-06
674 0.02479306
675 0.009604885
676 0.1342445
677 0.0006983858
678 6.427112e-05
679 1.139795e-06
680 0.01558194
681 0.0007913114
682 9.517365e-07
683 2.219836e-05
684 6.891609e-05
685 0.1767547
686 0.0001849409
687 3.943435e-05
688 0.001562499
689 0.1627698
690 0.5346843
691 0.01791074
692 0.0007977382
693 2.121161e-05
694 0.06494733
695 0.1752271
696 0.1678828
697 0.2078584
698 1.215873e-05
699 0.004781135
700 0.6355414
701 0.8371755
702 0.1502917
703 4.112434e-07
704 0.00173344
705 0.6823465
706 6.031206e-05
707 3.585144e-17
708 7.913887e-05
709 7.15887e-06
710 0.05184948
711 0.6850428
712 0.0004905092
713 5.06666e-07
714 8.671198e-07
715 0.1613132
716 0.181578
717 1.566039e-05
718 0.002293031
719 0.002065803
720 0.02935966
721 0.6123394
722 0.4993174
723 2.063998e-05
724 0.2257479
725 0.0006104725
726 3.047162e-13
727 0.09234611
728 0.1617273
729 0.5055721
730 0.711968
731 0.5008448
732 0.04499107
733 0.452816
734 2.089034e-05
735 6.802706e-05
736 0.5771649
737 0.01613558
738 0.3924789
739 0.001451366
740 0.4080503
741 0.06409835
742 7.079077e-05
743 0.005758456
744 3.038991e-10
745 0.09931216
746 0.1419957
747 0.3245997
748 0.4500017
749 0.03751628
750 0.03799319
751 0.008095559
752 0.05086412
753 0.0001685622
754 0.001118315
755 0.003091639
756 0.532068
757 0.0005244088
758 0.0375831
759 8.874446e-10
760 0.01797843
761 0.2113001
762 0.2653639
763 0.001651147
764 0.8997114
765 0.08064434
766 0.102527
767 0.01574287
768 0.08543762
769 0.0001632471
770 8.059969e-05
771 0.002471451
772 0.1745312
773 0.4780921
774 0.179784
775 0.1441958
776 0.000988193
777 0.0003844787
778 0.0003633214
779 0.9502465
780 0.3107464
781 8.860433e-06
782 0.0005296048
783 0.1045055
784 9.744817e-06
785 4.648721e-15
786 0.3957872
787 1.285453e-06
788 0.3388624
789 0.590821
790 0.6964051
791 0.06976052
792 1.969113e-08
793 0.1354787
794 0.02012524
795 6.716409e-05
796 0.2929113
797 0.113163
798 0.4326602
799 0.1692663
800 0.006167742
801 4.865776e-05
802 0.2035004
803 0.4002433
804 1.645114e-05
805 3.396965e-07
806 0.003386324
807 0.8215006
808 0.1198143
809 5.478522e-10
810 0.009099658
811 0.08292654
812 0.2836136
813 0.003041928
814 8.51959e-05
815 0.03668015
816 0.0002576475
817 3.192215e-09
818 4.099875e-05
819 0.001165797
820 0.001140971
821 0.001375668
822 4.292941e-05
823 0.00159061
824 0.4935236
825 1.225891e-06
826 2.264694e-07
827 0.01988229
828 0.00247677
829 2.015341e-07
830 0.0001220494
831 0.001838087
832 0.2669418
833 0.0001979703
834 0.1766882
835 2.436112e-05
836 0.04153822
837 0.001600246
838 0.001570024
839 0.08819729
840 3.878285e-10
841 0.05899502
842 8.9227e-07
843 6.555664e-08
844 0.6070781
845 0.4262515
846 0.04118927
847 0.421785
848 0.007636922
849 1.74819e-05
850 0.01732973
851 0.3227605
852 0.293884
853 0.00138213
854 0.8653082
855 6.4487e-05
856 0.06962003
857 0.1214479
858 0.0138163
859 0.8098759
860 0.0123066
861 0.0001213765
862 0.01739952
863 0.01744754
864 0.0005423435
865 0.000113503
866 0.6912898
867 0.006114812
868 0.6439002
869 0.01191986
870 0.01206016
871 0.01153794
872 0.5982332
873 0.0006425711
874 1.502909e-05
875 0.005225721
876 3.94893e-06
877 6.260766e-07
878 0.0123404
879 0.798833
880 0.7276763
881 0.04959926
882 0.0371246
883 5.905589e-18
884 1.582536e-05
885 0.0004710497
886 0.000525504
887 1.707415e-08
888 0.5857471
889 0.6628605
890 0.01642303
891 3.22941e-05
892 0.04623324
893 0.0130035
894 0.5555524
895 0.05693374
896 0.0009668703
897 1.907268e-05
898 0.07554807
899 0.01550837
900 0.8014128
901 1.541814e-05
902 0.01679418
903 0.0002072536
904 0.7689885
905 0.05306313
906 0.07980703
907 1.247456e-07
908 7.519327e-11
909 0.4419789
910 0.890953
911 0.1101904
912 0.0002042497
913 0.0001233777
914 0.5037943
915 9.845747e-05
916 0.01510008
917 0.002281288
918 0.001259656
919 0.05151454
920 0.06899042
921 0.0623608
922 0.01390442
923 0.1689849
924 0.5162582
925 0.1916152
926 0.003567778
927 0.008588917
928 0.2242669
929 0.0008143449
930 0.001119246
931 1.553736e-08
932 0.07018714
933 2.089954e-05
934 0.02247751
935 0.7782693
936 0.1086257
937 0.008621449
938 4.600774e-17
939 0.4859537
940 3.017863e-17
941 1.10957e-07
942 0.0001336737
943 2.701706e-06
944 9.515764e-05
945 5.370514e-07
946 0.637722
947 1.759485e-12
948 0.00104129
949 0.02637523
950 8.790022e-08
951 0.01512984
952 0.3063755
953 2.336921e-05
954 0.0001225789
955 1.887873e-06
956 0.1291236
957 1.107954e-05
958 0.9652444
959 0.1223074
960 0.01084843
961 2.926597e-10
962 0.0001455937
963 0.01664902
964 0.02506977
965 0.8954497
966 0.0001540962
967 0.2756106
968 0.1945201
969 9.04915e-10
970 0.2173935
971 0.6303115
972 0.01019971
973 0.0002476989
974 0.0003101829
975 0.02667537
976 9.893872e-07
977 0.1689161
978 0.0006717207
979 0.0283992
980 0.04226435
981 0.04505157
982 0.6263928
983 0.6335628
984 0.3344121
985 0.0002727075
986 2.174398e-07
987 0.4941965
988 0.424742
989 0.2441662
990 5.034607e-15
991 0.6948687
992 0.380093
993 0.005178716
994 0.0002334046
995 0.1433698
996 0.03385909
997 0.003605381
998 0.6773763
999 0.0002928987
1000 0.01089574
1001 2.882075e-05
1002 4.86228e-10
1003 0.5332662
1004 0.1614738
1005 9.262626e-07
1006 0.005651921
1007 0.000297499
1008 0.5674063
1009 0.03155303
1010 0.001571334
1011 9.644582e-11
1012 0.0001253664
1013 0.15757
1014 5.669195e-07
1015 0.0006525159
1016 0.220214
1017 3.564686e-07
1018 1.323762e-06
1019 0.001318349
1020 0.2350651
1021 0.5736175
1022 0.005578198
1023 0.02088289
1024 3.567771e-05
1025 0.001179595
1026 0.00577466
1027 0.00880874
1028 0.0001218279
1029 0.02665051
1030 0.01783994
1031 0.07382001
1032 1.779077e-06
1033 0.001998955
1034 5.764629e-06
1035 0.03937339
1036 0.04171608
1037 3.271745e-06
1038 0.1440992
1039 6.700193e-18
1040 1.560271e-06
1041 0.02238493
1042 0.1772784
1043 0.004924249
1044 0.002610103
1045 0.06539625
1046 0.002974876
1047 9.819687e-11
1048 0.0009525123
1049 0.002865961
1050 0.4064537
1051 1.067411e-10
1052 0.004060175
1053 0.02389161
1054 0.002152153
1055 0.0005236701
1056 0.0008641535
1057 0.008282211
1058 4.880316e-05
1059 0.4640459
1060 0.0008440945
1061 0.6016696
1062 0.01666046
1063 0.1613464
1064 0.3230759
1065 1.614518e-06
1066 0.0009766387
1067 0.1101823
1068 0.1342638
1069 0.2965968
1070 0.5185334
1071 0.003439026
1072 0.009399969
1073 0.0001407332
1074 0.5631911
1075 0.002245378
1076 0.1255054
1077 0.4977812
1078 0.0001071953
1079 0.1853632
1080 0.0002045701
1081 0.00142005
1082 0.2483357
1083 0.2105349
1084 2.707523e-06
1085 0.0006493061
1086 0.3182324
1087 0.05439048
1088 2.54247e-12
1089 0.0115982
1090 7.243815e-11
1091 0.3937996
1092 0.005339566
1093 3.58252e-06
1094 0.02575675
1095 0.00025239
1096 1.526202e-06
1097 2.06009e-11
1098 0.2978837
1099 0.03157588
1100 0.5904702
1101 0.1559614
1102 2.897793e-11
1103 6.151278e-05
1104 0.005933665
1105 2.778904e-08
1106 0.001660379
1107 0.002074667
1108 0.4988309
1109 0.01807605
1110 0.1415835
1111 0.04752948
1112 3.87534e-05
1113 0.1262278
1114 0.1721405
1115 0.0002588095
1116 1.503151e-13
1117 0.2256113
1118 0.03225486
1119 0.3259525
1120 0.01663723
1121 0.06826304
1122 0.005466262
1123 0.1818637
1124 0.4287116
1125 0.0002032763
1126 0.1023942
1127 0.1806397
1128 0.3816165
1129 0.1888279
1130 1.972772e-11
1131 0.0001792203
1132 0.0001016924
1133 1.734917e-06
1134 0.01818226
1135 0.6237857
1136 0.107941
1137 6.709281e-05
1138 0.07348324
1139 0.2836867
1140 0.0007466275
1141 0.4892808
1142 0.02639015
1143 0.001472918
1144 0.3738134
1145 3.384561e-15
1146 0.001115775
1147 2.312611e-05
1148 0.1664886
1149 0.2852195
1150 0.3356997
1151 0.01963396
1152 0.0001129361
1153 0.003517722
1154 2.044277e-10
1155 0.004879895
1156 0.001514351
1157 0.3258182
1158 3.668465e-06
1159 0.630019
1160 0.001380228
1161 0.005911536
1162 0.09385913
1163 0.0002966518
1164 0.2020243
1165 8.228712e-06
1166 0.04969894
1167 0.04308575
1168 2.213919e-09
1169 0.0008114288
1170 0.00108104
1171 0.001372564
1172 0.6216094
1173 3.642814e-05
1174 0.03119937
1175 0.001607646
1176 6.236249e-07
1177 0.0909447
1178 0.002225811
1179 2.677236e-06
1180 0.3778891
1181 8.162115e-07
1182 8.885912e-08
1183 0.09711338
1184 7.740982e-08
1185 4.464674e-09
1186 0.8774731
1187 0.02104207
1188 0.05279762
1189 0.5864243
1190 0.001134578
1191 0.9009407
1192 0.1055167
1193 9.925785e-11
1194 0.008875949
1195 1.879433e-07
1196 0.008832994
1197 0.02007167
1198 0.07820295
1199 7.767681e-05
1200 0.1476067
1201 0.3397363
1202 5.413599e-10
1203 0.5134112
1204 7.690218e-09
1205 3.219233e-05
1206 2.220246e-06
1207 2.457649e-11
1208 0.009054421
1209 0.8011533
1210 0.0009800706
1211 5.484522e-05
1212 0.0007626494
1213 0.01548653
1214 4.595098e-05
1215 0.9702501
1216 2.390552e-05
1217 3.841856e-07
1218 1.188106e-06
1219 0.0002044371
1220 0.002317376
1221 0.5046537
1222 0.07066103
1223 0.2007363
1224 0.001307245
1225 0.4464032
1226 0.1089991
1227 0.2126988
1228 0.1485852
1229 0.6741614
1230 0.002233968
1231 0.01512548
1232 0.001379127
1233 0.04109113
1234 0.1167397
1235 7.229092e-07
1236 0.2188917
1237 2.46041e-07
1238 0.3577721
1239 0.000301978
1240 0.1078688
1241 1.329388e-05
1242 0.006452225
1243 0.003804948
1244 4.218757e-06
1245 1.200091e-09
1246 0.1712038
1247 0.2110853
1248 0.5127995
1249 0.01432242
1250 0.0075011
1251 0.00367943
1252 7.921441e-06
1253 0.000334481
1254 0.6970087
1255 0.001561944
1256 0.1107282
1257 0.05670174
1258 0.4322277
1259 0.02845173
1260 0.7901744
1261 0.005719352
1262 0.06174866
1263 0.1834113
1264 2.188757e-05
1265 0.8264254
1266 0.1618189
1267 0.3287763
1268 0.2241622
1269 0.04086306
1270 0.008136555
1271 0.8027026
1272 0.005607688
1273 0.0004629487
1274 0.01132233
1275 0.001281912
1276 0.1561158
1277 5.722415e-05
1278 0.06800525
1279 0.00672688
1280 0.5187788
1281 0.1131058
1282 0.01629514
1283 0.0007525772
1284 0.3413573
1285 0.1308732
1286 1.375121e-09
1287 0.3532419
1288 1.779876e-05
1289 0.0002715354
1290 8.150746e-06
1291 1.584078e-10
1292 0.02723929
1293 0.02245849
1294 1.720428e-09
1295 6.197812e-11
1296 0.1861839
1297 5.376824e-05
1298 0.08216344
1299 0.3604064
1300 5.053395e-08
1301 0.0005209336
1302 0.1664271
1303 0.5907994
1304 0.2068624
1305 0.70959
1306 1.221846e-06
1307 0.2587388
1308 0.003522166
1309 0.0004242181
1310 7.048367e-10
1311 0.6752509
1312 0.1843165
1313 2.532219e-06
1314 0.05738584
1315 0.4861957
1316 7.482884e-11
1317 0.00741566
1318 0.8402516
1319 0.0240376
1320 0.003824237
1321 0.04528847
1322 3.567942e-07
1323 0.1730211
1324 0.0005763756
1325 0.01265827
1326 0.01290927
1327 0.1060331
1328 0.1178241
1329 0.0002557042
1330 1.236825e-10
1331 0.09375825
1332 7.146824e-06
1333 5.330639e-05
1334 0.6382908
1335 0.007688309
1336 0.00266896
1337 0.06318406
1338 0.01177958
1339 0.3031636
1340 0.2476451
1341 0.2673634
1342 0.3290174
1343 0.140203
1344 8.768556e-07
1345 0.006993034
1346 0.003739709
1347 0.003405137
1348 0.0009699458
1349 2.126973e-05
1350 0.003897156
1351 0.01635816
1352 1.016197e-06
1353 0.1433685
1354 6.410533e-05
1355 0.1812636
1356 0.7129154
1357 0.0400099
1358 0.007196893
1359 0.005718601
1360 0.57298
1361 3.639638e-12
1362 0.6273893
1363 0.001373477
1364 0.0391571
1365 3.211619e-05
1366 0.0007026754
1367 0.2425947
1368 1.537177e-07
1369 2.387792e-06
1370 9.981056e-05
1371 0.4572142
1372 0.09401015
1373 0.06441349
1374 0.1404017
1375 3.776498e-06
1376 0.0008214881
1377 0.4624231
1378 0.0407095
1379 0.1769055
1380 0.3267772
1381 0.1318871
1382 0.02102291
1383 0.006960484
1384 0.01720259
1385 8.841642e-05
1386 0.1616369
1387 0.01337229
1388 0.005293525
1389 0.0008754265
1390 5.609032e-05
1391 3.665104e-09
1392 0.4701041
1393 1.606275e-07
1394 0.4550661
1395 3.197895e-06
1396 0.000556104
1397 6.951451e-05
1398 2.291091e-05
1399 0.02783564
1400 0.02929019
1401 0.01779893
1402 0.1240446
1403 0.8178685
1404 0.09137703
1405 5.499599e-07
1406 0.0004479594
1407 0.4354905
1408 0.000952729
1409 0.002712206
1410 2.307554e-06
1411 5.945825e-12
1412 0.06559873
1413 0.001026673
1414 0.3641796
1415 0.7771175
1416 0.2177884
1417 0.1666678
1418 0.09526194
1419 0.07337686
1420 0.03936149
1421 8.889862e-05
1422 0.0001496295
1423 0.002367744
1424 0.8099645
1425 0.02285839
1426 0.250231
1427 1.079007e-05
1428 0.0002467027
1429 0.0001294798
1430 0.1454393
1431 3.582612e-10
1432 0.008133627
1433 0.3289873
1434 0.01265173
1435 0.0002827025
1436 0.5142195
1437 0.4897264
1438 0.8469417
1439 0.2407283
1440 0.7646584
1441 0.5306546
1442 0.03640494
1443 0.8644511
1444 0.4581082
1445 0.04727737
1446 0.2669711
1447 0.01454979
1448 0.840089
1449 0.04003095
1450 0.2869857
1451 0.001186086
1452 3.057347e-07
1453 0.008191814
1454 0.003552482
1455 0.0749303
1456 0.0007032287
1457 0.01255263
1458 0.2828837
1459 0.282352
1460 0.04204426
1461 1.21688e-07
1462 0.006462332
1463 0.005274504
1464 0.490567
1465 6.525552e-08
1466 2.248716e-05
1467 0.416394
1468 3.323577e-05
1469 0.1745939
1470 5.208098e-08
1471 0.0003990607
1472 9.357732e-07
1473 0.09951484
1474 0.0002791338
1475 0.004848143
1476 0.003304366
1477 0.5505425
1478 0.00406493
1479 2.67452e-05
1480 0.4163334
1481 0.01383197
1482 0.2225499
1483 0.0004122966
1484 0.000320188
1485 0.0005134141
1486 1.078796e-07
1487 0.2851568
1488 0.612338
1489 3.586946e-05
1490 0.008773052
1491 6.526408e-05
1492 0.01895003
1493 0.05800767
1494 0.005921848
1495 0.0005100815
1496 0.0002724979
1497 0.0004596652
1498 0.5775337
1499 3.549033e-12
1500 0.2517304
1501 0.239192
1502 3.574518e-07
1503 0.1667596
1504 0.1875888
1505 1.795154e-06
1506 3.617814e-15
1507 3.035614e-11
1508 0.00064016
1509 0.3742326
1510 0.03016017
1511 8.623035e-06
1512 0.00057503
1513 0.4615438
1514 0.003493259
1515 0.006726676
1516 1.214584e-05
1517 3.533878e-07
1518 0.01495608
1519 1.341689e-12
1520 3.834234e-09
1521 1.649727e-07
1522 0.5094361
1523 0.0008388299
1524 0.001170116
1525 7.571529e-06
1526 0.1736003
1527 0.1173518
1528 0.1601071
1529 0.3532555
1530 0.01216339
1531 0.004317675
1532 0.2001511
1533 2.011904e-05
1534 0.7167684
1535 0.5787829
1536 0.1142406
1537 0.001522685
1538 0.7146568
1539 1.802113e-14
1540 0.002415288
1541 0.0001802937
1542 0.004483157
1543 0.003207596
1544 0.06558189
1545 1.821845e-09
1546 5.478517e-07
1547 0.001252594
1548 1.670455e-10
1549 0.2177393
1550 0.001786713
1551 0.001765386
1552 0.1407874
1553 1.816422e-09
1554 1.040798e-05
1555 0.3419724
1556 0.02364232
1557 0.08023933
1558 0.004656244
1559 0.1644981
1560 0.06431787
1561 0.001383391
1562 0.001097543
1563 0.52384
1564 8.154936e-05
1565 0.0003255764
1566 0.06011678
1567 1.103669e-07
1568 3.544667e-05
1569 1.552115e-07
1570 0.005985248
1571 3.563438e-07
1572 0.01170033
1573 0.5729476
1574 0.1084795
1575 0.02714846
1576 0.2773699
1577 0.2620577
1578 0.0008194148
1579 0.0008360478
1580 0.000523346
1581 0.1954139
1582 3.503541e-07
1583 0.3677579
1584 0.000372482
1585 2.602543e-09
1586 0.0001438891
1587 4.062393e-06
1588 0.299249
1589 5.460147e-05
1590 0.1386016
1591 7.647335e-12
1592 0.0003406126
1593 0.3526452
1594 0.0009685203
1595 0.1178951
1596 0.1847675
1597 0.2674617
1598 0.0001973936
1599 0.001749328
1600 0.694975
1601 0.002989759
1602 0.003905135
1603 0.5861278
1604 0.08514403
1605 0.02158923
1606 0.02870486
1607 7.629787e-05
1608 0.03321413
1609 0.004699078
1610 0.3798477
1611 1.225796e-08
1612 0.4696146
1613 0.02995305
1614 0.01152303
1615 0.005950053
1616 0.001792088
1617 0.08285008
1618 0.30806
1619 0.8357828
1620 0.05016388
1621 0.1144641
1622 0.03655627
1623 2.265069e-06
1624 2.671955e-10
1625 0.0002825872
1626 0.6873795
1627 0.4149978
1628 0.02511074
1629 0.1633944
1630 0.0005255158
1631 0.0002889955
1632 4.616906e-06
1633 0.08650452
1634 9.523865e-06
1635 4.682023e-10
1636 0.02308089
1637 1.816246e-06
1638 0.0006232728
1639 0.505354
1640 0.8439657
1641 0.5607153
1642 0.1108675
1643 0.3170165
1644 0.0002546703
1645 0.2148127
1646 4.112753e-06
1647 0.3644198
1648 0.2458913
1649 0.5144244
1650 0.09169121
1651 0.02188477
1652 4.305716e-13
1653 0.07394805
1654 9.372773e-05
1655 6.598679e-05
1656 0.3952133
1657 1.217803e-06
1658 0.03675433
1659 0.00441143
1660 0.004242618
1661 0.04093931
1662 0.002838357
1663 0.0001784555
1664 0.01670661
1665 0.5967357
1666 3.344442e-05
1667 0.0001015195
1668 0.02549298
1669 0.05068802
1670 0.0002377037
1671 0.5057272
1672 0.0006794553
1673 0.002933418
1674 0.3083216
1675 0.03635852
1676 0.0004734191
1677 0.002831476
1678 0.001362615
1679 0.001294081
1680 8.261718e-09
1681 0.3297354
1682 1.073024e-06
1683 0.05121881
1684 2.13521e-05
1685 0.0092815
1686 0.0001705361
1687 0.1953874
1688 0.8639614
1689 0.02752132
1690 1.065233e-06
1691 0.004050711
1692 0.03725796
1693 0.01074313
1694 0.006319886
1695 0.158814
1696 0.01196311
1697 0.04123781
1698 0.3199216
1699 0.6776028
1700 0.02538092
1701 2.366358e-18
1702 0.8021378
1703 4.908099e-08
1704 2.110244e-08
1705 0.3334031
1706 0.2050808
1707 0.5162933
1708 0.0001389358
1709 0.02647009
1710 0.001078118
1711 0.6564698
1712 1.017132e-07
1713 0.0001525296
1714 0.264005
1715 0.007875025
1716 0.002888461
1717 0.106931
1718 0.009275548
1719 0.229485
1720 0.009448858
1721 0.2270011
1722 0.1291815
1723 0.2405988
1724 0.9484428
1725 0.6779277
1726 4.086562e-08
1727 1.451949e-10
1728 0.3509221
1729 0.8889509
1730 0.009171344
1731 0.002995514
1732 0.1978593
1733 0.1483743
1734 0.6257734
1735 0.4583952
1736 0.008023174
1737 3.70851e-06
1738 0.3727778
1739 0.004559036
1740 0.0003478663
1741 0.09211088
1742 7.227111e-05
1743 9.920101e-09
1744 3.698635e-07
1745 0.1042955
1746 7.144959e-07
1747 0.001236047
1748 8.390665e-06
1749 0.009616991
1750 4.948533e-07
1751 0.005001608
1752 0.4186659
1753 0.05042948
1754 0.02493621
1755 0.05622592
1756 3.153827e-05
1757 0.02584471
1758 0.4424394
1759 0.0006613483
1760 0.01067575
1761 0.451916
1762 1.019336e-05
1763 8.957626e-12
1764 0.7495784
1765 0.02356071
1766 0.5053521
1767 0.1319703
1768 8.785712e-12
1769 0.002391611
1770 6.867867e-09
1771 0.01695932
1772 0.0009614182
1773 0.1251606
1774 0.001017129
1775 0.0002554109
1776 0.2646451
1777 8.599651e-09
1778 0.03964782
1779 0.7214183
1780 4.865589e-06
1781 3.313499e-14
1782 0.9665703
1783 2.533083e-09
1784 0.003683495
1785 9.511619e-06
1786 0.0003282725
1787 2.61544e-05
1788 7.170466e-05
1789 0.4311959
1790 0.001992493
1791 0.004022655
1792 0.3144743
1793 1.389865e-11
1794 0.0002047739
1795 0.0167318
1796 0.1876767
1797 0.0004594798
1798 0.0151094
1799 0.1066967
1800 0.008731611
1801 0.02642709
1802 0.001684321
1803 0.003224914
1804 0.0003161601
1805 0.0001839265
1806 0.487667
1807 2.365862e-06
1808 0.06921292
1809 0.0005154218
1810 0.1078968
1811 0.1749402
1812 0.7632976
1813 0.002269991
1814 0.1380296
1815 0.00047823
1816 0.001461088
1817 3.164719e-05
1818 0.003584746
1819 0.6232022
1820 0.02988355
1821 0.007872342
1822 0.02131757
1823 0.5017585
1824 0.005039369
1825 0.0545896
1826 0.05339363
1827 0.6644612
1828 0.4782991
1829 1.667114e-06
1830 0.02166032
1831 0.7434494
1832 0.00134314
1833 0.07688272
1834 0.007815619
1835 6.714074e-06
1836 0.007818483
1837 3.070411e-07
1838 0.0003611971
1839 2.01699e-09
1840 0.2794271
1841 0.06388805
1842 0.004267578
1843 1.571667e-06
1844 1.079284e-05
1845 0.0169263
1846 0.003556059
1847 0.2394771
1848 0.006553704
1849 0.002687751
1850 0.1336067
1851 0.8016186
1852 0.004648702
1853 0.4935155
1854 0.2193524
1855 0.9606188
1856 0.6069347
1857 0.138888
1858 0.3706126
1859 0.1206725
1860 0.05464067
1861 0.3466973
1862 0.01890099
1863 0.0002817207
1864 0.0020137
1865 0.08399521
1866 0.2950439
1867 1.476802e-07
1868 0.232798
1869 2.277153e-07
1870 4.147906e-07
1871 0.0249203
1872 0.005753181
1873 0.5092084
1874 0.9809259
1875 0.004410188
1876 0.2024801
1877 0.0003523087
1878 0.02218198
1879 0.8314516
1880 0.004463946
1881 0.0004804124
1882 0.7369757
1883 0.02000263
1884 0.004483282
1885 0.002837407
1886 0.0001467775
1887 0.3566457
1888 0.3762328
1889 0.09555257
1890 0.01820771
1891 0.03120983
1892 0.02411138
1893 0.01466716
1894 0.2865601
1895 0.2166616
1896 0.04670531
1897 0.007495258
1898 4.831633e-13
1899 0.005451104
1900 0.01737624
1901 0.0420089
1902 4.314081e-05
1903 0.134465
1904 1.329083e-05
1905 2.261297e-08
1906 0.3197382
1907 0.1510208
1908 3.688852e-09
1909 0.16463
1910 5.658258e-05
1911 0.0004339078
1912 0.01144972
1913 0.06125241
1914 3.236046e-09
1915 0.1117044
1916 0.1078888
1917 4.717351e-14
1918 1.566591e-06
1919 0.02771425
1920 0.8264195
1921 0.002263602
1922 0.123053
1923 0.8666626
1924 0.000833711
1925 0.001732009
1926 2.539059e-07
1927 0.09270639
1928 0.01501175
1929 0.01885156
1930 0.0007689719
1931 0.002762615
1932 4.042727e-07
1933 0.02198994
1934 0.6520968
1935 0.02569117
1936 7.888407e-07
1937 0.1469559
1938 3.241046e-06
1939 0.0003300509
1940 0.03008666
1941 0.09054537
1942 0.3293197
1943 0.123283
1944 0.6162136
1945 0.1095234
1946 0.008389894
1947 0.3182706
1948 0.1373667
1949 0.8569931
1950 9.909204e-06
1951 0.01461677
1952 8.019266e-09
1953 0.4465842
1954 0.6432856
1955 2.667662e-07
1956 7.109861e-08
1957 6.094862e-05
1958 0.07432427
1959 0.1263618
1960 0.06780848
1961 1.576005e-05
1962 0.6432032
1963 0.00321641
1964 1.003803e-05
1965 0.7505401
1966 0.01855238
1967 0.2295237
1968 0.06666162
1969 0.3024435
1970 0.0002725607
1971 0.005475857
1972 6.569838e-08
1973 4.384414e-06
1974 5.483023e-05
1975 0.0020038
1976 1.017014e-11
1977 0.0006559301
1978 0.2908015
1979 0.4264905
1980 0.001209717
1981 0.4267134
1982 0.001930003
1983 0.02372498
1984 1.927085e-05
1985 0.01205611
1986 0.0009811416
1987 0.2270391
1988 0.0143005
1989 3.806154e-11
1990 0.001499327
1991 5.037197e-05
1992 0.1761204
1993 8.757657e-05
1994 0.000551724
1995 0.0413119
1996 3.711478e-05
1997 0.03539856
1998 0.07734049
1999 0.08787814
2000 0.411513
2001 0.6572725
2002 0.04229306
2003 0.3081928
2004 0.0669501
2005 0.1838246
2006 0.0132633
2007 0.2203519
2008 0.01111127
2009 0.09561488
2010 0.742208
2011 0.294178
2012 0.3685493
2013 0.01782624
2014 0.1112381
2015 0.0009342197
2016 0.000769563
2017 0.01508447
2018 0.2860039
2019 0.04929465
2020 0.0003006395
2021 0.03725106
2022 0.5249652
2023 5.304658e-06
2024 0.4921573
2025 0.000205727
2026 0.03811963
2027 2.320061e-05
2028 0.667166
2029 0.01269732
2030 0.09175897
2031 2.638526e-05
2032 1.460621e-07
2033 0.01612417
2034 0.2676387
2035 0.007460459
2036 0.7338841
2037 1.388379e-07
2038 5.029453e-07
2039 0.002043985
2040 0.0001577726
2041 0.09576232
2042 0.0001478235
2043 0.2280074
2044 4.047157e-05
2045 0.002195922
2046 0.00921921
2047 0.04623027
2048 4.997748e-09
2049 0.9316899
2050 0.0001378713
2051 0.5986312
2052 0.001029705
2053 0.02747897
2054 0.005357164
2055 0.0006286271
2056 0.0005588503
2057 3.781166e-08
2058 2.970067e-05
2059 0.6000826
2060 0.340027
2061 0.0001342572
2062 0.008944829
2063 0.4665572
2064 0.08245242
2065 0.2546893
2066 0.003035149
2067 0.02315866
2068 0.0003458501
2069 0.6956958
2070 0.004978008
2071 0.1003453
2072 0.007410204
2073 0.1488674
2074 0.1472976
2075 0.004594993
2076 0.0009444504
2077 0.02291278
2078 9.494045e-06
2079 1.432314e-06
2080 0.02918431
2081 0.0006691115
2082 7.837236e-06
2083 1.445076e-05
2084 0.6210677
2085 0.0007798593
2086 0.1228924
2087 0.0003353409
2088 0.05248227
2089 0.3186632
2090 3.856404e-06
2091 0.03890195
2092 0.0002800632
2093 0.148895
2094 0.01357479
2095 0.02352916
2096 0.00408414
2097 0.008099984
2098 0.13064
2099 0.007493655
2100 0.1899014
2101 0.4301587
2102 0.7329287
2103 0.01332672
2104 0.05299961
2105 0.04048203
2106 3.394435e-16
2107 0.1768252
2108 6.828321e-09
2109 0.001478441
2110 1.476277e-08
2111 0.2971311
2112 2.45497e-05
2113 0.003057969
2114 0.002427336
2115 0.520183
2116 4.262741e-10
2117 0.7233416
2118 0.01376347
2119 1.327908e-06
2120 0.12031
2121 0.1431896
2122 0.07954005
2123 0.403943
2124 0.1499148
2125 0.001003938
2126 0.0002862241
2127 0.001901137
2128 0.002019086
2129 4.623439e-08
2130 0.0006579423
2131 0.0002276508
2132 3.498493e-09
2133 0.0002159156
2134 0.08100982
2135 0.1772982
2136 7.589003e-06
2137 0.04411039
2138 0.01092806
2139 0.04064522
2140 0.1577569
2141 0.2835871
2142 0.002284399
2143 5.939815e-10
2144 1.636743e-09
2145 2.161998e-05
2146 0.2209756
2147 0.2594705
2148 3.334105e-05
2149 4.968543e-05
2150 2.000005e-08
2151 0.4994336
2152 4.226749e-08
2153 1.78558e-07
2154 0.3412137
2155 0.0006607858
2156 2.568188e-05
2157 0.3161005
2158 0.7521151
2159 0.5060996
2160 1.686916e-06
2161 0.008215174
2162 0.001479281
2163 0.01779802
2164 0.02156781
2165 0.08801783
2166 0.4608461
2167 0.0006923983
2168 0.81011
2169 0.2429493
2170 2.628945e-10
2171 0.1032849
2172 0.113657
2173 0.1809889
2174 0.8135049
2175 5.878036e-05
2176 0.04212887
2177 8.433058e-05
2178 0.06691643
2179 0.0006208253
2180 0.0001025939
2181 0.01052242
2182 1.430784e-07
2183 0.2668462
2184 0.6901379
2185 0.004311598
2186 0.08351191
2187 0.01379824
2188 0.3458065
2189 0.001364032
2190 3.443131e-06
2191 0.3467172
2192 0.00329784
2193 0.0002354035
2194 3.908046e-07
2195 0.4950786
2196 0.0007125381
2197 1.977073e-05
2198 9.370972e-06
2199 0.06132368
2200 3.014182e-06
2201 0.1303853
2202 7.941599e-06
2203 4.856049e-05
2204 0.2627006
2205 0.03468956
2206 7.926084e-05
2207 0.01130817
2208 4.353269e-11
2209 0.05341769
2210 0.0001192781
2211 0.0001265069
2212 0.1763794
2213 4.335847e-10
2214 0.7837067
2215 0.003303771
2216 1.749813e-05
2217 0.1660395
2218 0.01724539
2219 1.798757e-08
2220 0.05634779
2221 4.439376e-15
2222 0.001030025
2223 0.04395269
2224 5.65572e-09
2225 0.01430003
2226 3.107947e-05
2227 0.4280973
2228 4.067389e-11
2229 4.742886e-05
2230 0.951584
2231 0.0007236116
2232 0.00378233
2233 0.00502207
2234 0.3196658
2235 7.030132e-06
2236 0.7625242
2237 0.01193029
2238 2.705787e-06
2239 0.4046351
2240 0.004977822
2241 0.1661488
2242 0.002515187
2243 3.849486e-07
2244 0.0798533
2245 0.001592237
2246 0.1573037
2247 0.01018193
2248 2.622297e-06
2249 0.01250689
2250 9.404249e-05
2251 6.297567e-06
2252 0.05206828
2253 0.3733878
2254 8.261596e-06
2255 0.4163897
2256 0.01640511
2257 0.279596
2258 0.1660345
2259 2.409268e-11
2260 0.0002252588
2261 8.840113e-06
2262 0.008190221
2263 0.0719228
2264 0.03238006
2265 0.2558361
2266 0.04301186
2267 0.001212177
2268 0.01041649
2269 0.2364018
2270 0.6351836
2271 0.3453387
2272 0.02230875
2273 0.001192979
2274 0.1174581
2275 0.00216186
2276 0.08072736
2277 0.1721898
2278 0.5225027
2279 0.006966343
2280 0.2249287
2281 0.03534836
2282 3.345148e-06
2283 0.327541
2284 0.005050098
2285 0.0006303898
2286 0.0001182488
2287 0.01593663
2288 0.001660893
2289 0.6046896
2290 0.274815
2291 8.386931e-05
2292 1.322373e-06
2293 0.3962326
2294 1.336605e-06
2295 0.8922082
2296 0.001998653
2297 0.0002542152
2298 6.515142e-07
2299 0.002504226
2300 0.7074426
2301 0.003236439
2302 0.005976877
2303 0.233547
2304 2.721382e-05
2305 0.1055713
2306 4.052613e-06
2307 0.150643
2308 0.01479051
2309 5.65827e-07
2310 0.2955475
2311 8.640321e-05
2312 2.773006e-06
2313 0.000160619
2314 0.3118612
2315 1.321537e-08
2316 0.2745925
2317 0.001334961
2318 0.000996194
2319 0.1975284
2320 0.001642267
2321 0.08573373
2322 0.01586735
2323 9.036555e-13
2324 0.03152113
2325 0.6192683
2326 0.005863667
2327 0.7727249
2328 0.1813016
2329 0.5102657
2330 0.07744714
2331 1.638728e-05
2332 0.02364138
2333 0.002976892
2334 0.004049374
2335 0.2803712
2336 0.02374889
2337 0.2095524
2338 0.03210318
2339 0.02024064
2340 0.01797189
2341 1.546788e-08
2342 0.2714992
2343 0.002868432
2344 0.0016936
2345 0.146706
2346 1.127628e-10
2347 0.001268591
2348 0.003504471
2349 0.5763257
2350 1.908243e-13
2351 6.867504e-06
2352 0.0006450018
2353 0.00203172
2354 0.1417419
2355 0.1487406
2356 0.5075172
2357 0.01133641
2358 0.01721429
2359 0.286521
2360 0.003757434
2361 0.02591354
2362 0.003093227
2363 0.2877499
2364 0.9210316
2365 4.279597e-09
2366 0.8820217
2367 6.450671e-07
2368 0.7260098
2369 0.3813673
2370 0.4989554
2371 7.637782e-05
2372 0.230655
2373 0.393967
2374 0.001528185
2375 0.1413845
2376 5.113342e-07
2377 1.620722e-06
2378 1.194337e-05
2379 0.08582163
2380 0.001515467
2381 0.01689448
2382 0.007916322
2383 0.0003641235
2384 1.219679e-07
2385 0.002987657
2386 0.1625466
2387 0.4066901
2388 0.1866287
2389 0.0005881401
2390 0.4415914
2391 0.06093123
2392 0.1910573
2393 0.08982857
2394 4.936027e-05
2395 0.4213582
2396 0.1794508
2397 0.4870233
2398 0.00362659
2399 0.3008496
2400 1.072315e-05
2401 3.667115e-05
2402 0.2227269
2403 0.6199773
2404 0.06672846
2405 0.737347
2406 0.1040579
2407 0.04926157
2408 0.02577864
2409 5.586909e-05
2410 8.604336e-06
2411 0.0001642617
2412 0.007290305
2413 0.009968142
2414 0.0007854176
2415 6.916334e-06
2416 3.470667e-08
2417 0.01896935
2418 0.04326331
2419 0.08698607
2420 0.03648316
2421 0.0001695283
2422 0.01362916
2423 0.15299
2424 0.1142389
2425 0.2062103
2426 0.0001062543
2427 0.08424463
2428 0.7385573
2429 9.9413e-05
2430 0.03132943
2431 0.03558766
2432 0.004418084
2433 0.03871579
2434 0.001876492
2435 0.0001043687
2436 0.5714831
2437 0.7850077
2438 0.0006602592
2439 0.0006571834
2440 0.1778189
2441 7.142351e-05
2442 0.2492925
2443 0.0004591398
2444 2.071791e-06
2445 0.1981527
2446 0.650247
2447 8.336033e-09
2448 0.005997319
2449 0.1033254
2450 0.002854215
2451 0.02917044
2452 0.04923917
2453 0.0004476806
2454 1.86126e-11
2455 2.807491e-07
2456 0.6250148
2457 7.472424e-06
2458 4.431817e-06
2459 0.07650193
2460 0.7931368
2461 0.09574889
2462 9.710576e-05
2463 0.002248482
2464 4.579856e-10
2465 0.05033515
2466 0.7173153
2467 0.1914112
2468 0.0001028208
2469 5.038829e-05
2470 0.1352231
2471 8.698045e-05
2472 0.09877349
2473 0.4274978
2474 0.007642965
2475 0.0003079559
2476 0.0002650624
2477 0.8335322
2478 0.7564373
2479 0.6582799
2480 0.03126546
2481 1.281416e-11
2482 0.02116379
2483 0.2090062
2484 0.01185588
2485 0.0005347754
2486 1.799378e-06
2487 0.008061572
2488 9.066959e-05
2489 6.384021e-05
2490 0.002635692
2491 0.5172134
2492 0.001693377
2493 0.005706212
2494 0.2328798
2495 0.6513734
2496 0.01062445
2497 0.03192756
2498 0.0008272253
2499 0.008941469
2500 0.0001151582
2501 0.03080332
2502 0.148122
2503 0.001309776
2504 0.003415755
2505 0.325423
2506 0.8211753
2507 0.001664442
2508 0.7771591
2509 2.059986e-05
2510 0.01724974
2511 0.2715701
2512 0.01115594
2513 0.06754946
2514 0.5755119
2515 1.839389e-06
2516 0.02592776
2517 1.886189e-07
2518 1.445009e-08
2519 0.0008490592
2520 0.115734
2521 0.07027173
2522 0.5436246
2523 0.001381114
2524 3.161686e-06
2525 0.004297795
2526 0.01233936
2527 2.40694e-13
2528 0.006230652
2529 0.002354995
2530 0.004440713
2531 8.751014e-06
2532 0.0001262873
2533 2.570936e-11
2534 1.418937e-07
2535 0.5977011
2536 0.0003614642
2537 0.0001110662
2538 0.08920827
2539 0.001770604
2540 0.04322849
2541 3.823097e-05
2542 1.723121e-05
2543 0.02028404
2544 0.008938636
2545 0.02294575
2546 0.02094114
2547 0.5460887
2548 0.0006030936
2549 0.1854654
2550 1.156827e-08
2551 0.006021788
2552 0.00145687
2553 0.0643646
2554 0.008888906
2555 8.500304e-05
2556 0.05332947
2557 0.01242964
2558 0.5720581
2559 0.1753768
2560 0.0005457437
2561 0.0147107
2562 0.5357532
2563 0.5868356
2564 0.0004777924
2565 0.004504556
2566 0.07717838
2567 0.1434543
2568 0.002073258
2569 0.8638872
2570 1.913008e-05
2571 0.0003376849
2572 0.258166
2573 0.003814239
2574 0.001067643
2575 0.203108
2576 0.009038875
2577 0.07814268
2578 0.3498995
2579 0.1781681
2580 0.9654968
2581 0.5036535
2582 1.605315e-06
2583 3.878421e-08
2584 0.3534877
2585 0.04262886
2586 0.09216144
2587 0.04478517
2588 0.0003800164
2589 0.9837639
2590 0.0002265638
2591 4.066707e-07
2592 0.007530806
2593 0.004653848
2594 0.01696641
2595 0.1868192
2596 0.002169275
2597 1.208962e-07
2598 0.5907893
2599 3.083207e-08
2600 0.4235823
2601 0.003682992
2602 0.3484037
2603 0.571726
2604 0.04381191
2605 0.0005876701
2606 1.611139e-05
2607 0.004648819
2608 0.5840346
2609 0.2803603
2610 7.745859e-09
2611 0.1088468
2612 0.9301761
2613 0.0159943
2614 0.1227438
2615 0.04533976
2616 2.890063e-06
2617 0.2699295
2618 0.005762639
2619 0.3612514
2620 0.3395424
2621 6.08873e-05
2622 8.06716e-07
2623 0.5849237
2624 0.06303897
2625 0.01946978
2626 0.002484066
2627 0.001660184
2628 0.07743542
2629 0.01583937
2630 0.3428683
2631 0.01544168
2632 0.001566457
2633 6.6674e-12
2634 0.01495639
2635 5.045519e-08
2636 0.0004052324
2637 6.749719e-05
2638 0.1964939
2639 0.2166601
2640 0.09064296
2641 0.0844128
2642 0.1061656
2643 0.002595112
2644 0.003628384
2645 3.064101e-08
2646 0.06258288
2647 0.0005162282
2648 0.01937589
2649 0.0007154246
2650 0.1971838
2651 0.001214071
2652 2.889386e-13
2653 1.079108e-05
2654 0.006707804
2655 9.779807e-13
2656 3.923491e-07
2657 0.001915651
2658 0.01464353
2659 7.288509e-12
2660 0.3128988
2661 0.0009602114
2662 8.413503e-07
2663 0.06717463
2664 5.592425e-05
2665 1.342782e-07
2666 5.817394e-05
2667 0.002368488
2668 0.00329464
2669 0.01344614
2670 0.07677854
2671 0.0001221984
2672 0.09529264
2673 0.009224641
2674 0.1913712
2675 0.5572036
2676 0.006004688
2677 1.334606e-05
2678 2.232157e-05
2679 0.0002407008
2680 0.05045724
2681 5.916558e-08
2682 0.8572168
2683 0.1303193
2684 0.0001399487
2685 0.01887651
2686 0.001919679
2687 8.479001e-05
2688 0.5500139
2689 0.09627369
2690 0.001325695
2691 0.136713
2692 4.480287e-05
2693 0.08938746
2694 0.4939964
2695 0.01716352
2696 0.2064544
2697 9.248268e-07
2698 0.002025075
2699 0.2998762
2700 1.224598e-05
2701 0.5353686
2702 4.831556e-14
2703 0.01165079
2704 2.820193e-06
2705 8.875648e-05
2706 0.2539753
2707 0.8169158
2708 0.0009858122
2709 0.03547675
2710 0.0001219283
2711 0.06637671
2712 0.0007289064
2713 0.0283909
2714 0.0001056133
2715 3.949241e-08
2716 1.617157e-05
2717 0.02370639
2718 0.2711819
2719 0.03116904
2720 0.5537933
2721 0.2654141
2722 0.007335121
2723 0.07541284
2724 0.00564393
2725 0.3906431
2726 1.294632e-05
2727 1.530706e-07
2728 0.002555777
2729 5.08823e-05
2730 0.08745742
2731 0.7968528
2732 0.04945308
2733 8.905838e-12
2734 0.2811473
2735 0.002393255
2736 8.305959e-05
2737 0.01398911
2738 9.656719e-05
2739 0.002407104
2740 7.87683e-09
2741 0.0002027468
2742 0.7479555
2743 2.400692e-05
2744 2.258132e-07
2745 0.0007212999
2746 0.006245646
2747 2.455294e-05
2748 0.0984353
2749 0.04821032
2750 0.5674078
2751 0.006232655
2752 0.0002242177
2753 0.01316354
2754 2.195794e-08
2755 0.333961
2756 0.0008298115
2757 0.1315301
2758 0.563244
2759 0.03631691
2760 0.001093441
2761 0.0005447636
2762 0.3293355
2763 0.04694222
2764 0.4358565
2765 5.165502e-07
2766 0.3883254
2767 0.5499435
2768 1.159964e-05
2769 0.07920342
2770 6.207516e-05
2771 0.01461248
2772 2.707383e-05
2773 0.2148227
2774 9.532961e-18
2775 0.05796279
2776 0.7192001
2777 9.308755e-07
2778 0.3684484
2779 0.4777905
2780 0.000306968
2781 0.6316713
2782 0.4586141
2783 0.1879373
2784 3.129853e-05
2785 0.0001829472
2786 0.002204399
2787 6.072388e-09
2788 0.2764406
2789 3.559602e-09
2790 1.289969e-08
2791 0.0002705868
2792 7.685753e-06
2793 0.2573714
2794 1.665833e-07
2795 0.8228748
2796 0.7712351
2797 0.0240836
2798 0.009140241
2799 0.2174515
2800 2.888763e-09
2801 5.737044e-08
2802 0.3762028
2803 0.0001990679
2804 1.698749e-06
2805 0.1395215
2806 1.215008e-07
2807 4.678435e-05
2808 0.05662802
2809 0.9368446
2810 0.001532104
2811 0.2061225
2812 0.09146939
2813 9.768364e-09
2814 0.005562081
2815 0.3376973
2816 0.1400824
2817 0.002596537
2818 0.1068614
2819 0.3884562
2820 0.747339
2821 0.1745685
2822 0.01235537
2823 0.6011689
2824 0.01834198
2825 3.269005e-08
2826 4.068681e-05
2827 0.001135636
2828 0.334309
2829 0.08791869
2830 0.0001154959
2831 0.0004101959
2832 2.500843e-05
2833 1.071601e-07
2834 0.1725632
2835 0.0001959028
2836 0.0442104
2837 0.8493992
2838 0.1914381
2839 0.08695837
2840 0.9754471
2841 0.01527831
2842 0.1482407
2843 0.02481497
2844 0.01179141
2845 0.0002384299
2846 5.887401e-16
2847 0.3978015
2848 0.01271086
2849 0.1196836
2850 0.004901957
2851 2.457564e-08
2852 0.02919048
2853 0.005562211
2854 0.2951496
2855 0.1168955
2856 0.0003395963
2857 0.0002821938
2858 4.900527e-06
2859 4.767541e-06
2860 0.0002673739
2861 0.1639853
2862 0.0006023772
2863 0.02426794
2864 0.0001413855
2865 0.2749193
2866 0.08687378
2867 0.1776673
2868 0.05878403
2869 6.879247e-07
2870 0.1582463
2871 0.1714661
2872 6.682013e-05
2873 0.362446
2874 8.153096e-23
2875 0.259692
2876 0.00499391
2877 0.007987584
2878 0.09039865
2879 9.370645e-07
2880 3.260126e-07
2881 0.01842361
2882 0.07204418
2883 0.08511713
2884 0.008662184
2885 0.8744973
2886 0.00061066
2887 0.02664666
2888 1.045652e-07
2889 3.665864e-09
2890 0.0001474357
2891 0.002663066
2892 0.008350086
2893 0.0003152067
2894 0.3265218
2895 7.945594e-06
2896 0.09857249
2897 0.2413755
2898 0.1627297
2899 0.5832951
2900 0.0006290262
2901 0.00643619
2902 0.04160413
2903 3.10664e-05
2904 0.03224709
2905 1.818124e-06
2906 1.59951e-11
2907 0.03794454
2908 0.1004353
2909 0.02309844
2910 0.004872899
2911 0.007707916
2912 0.6006187
2913 0.4199299
2914 0.1946851
2915 0.005943493
2916 0.001262128
2917 0.0004428087
2918 0.09765643
2919 8.261589e-09
2920 0.2298972
2921 1.025948e-06
2922 0.0006977492
2923 0.281334
2924 0.06944606
2925 0.0758938
2926 0.0004368106
2927 0.1765598
2928 0.02902652
2929 0.0008516511
2930 0.03912201
2931 0.09433133
2932 0.03400271
2933 0.0001615683
2934 5.515453e-06
2935 0.7181085
2936 2.300971e-05
2937 0.3060912
2938 0.02845255
2939 2.751858e-08
2940 0.0003677567
2941 0.01961412
2942 7.734293e-05
2943 0.01302884
2944 0.0009437038
2945 4.745521e-05
2946 0.001427382
2947 6.792008e-10
2948 0.0005319777
2949 0.006187538
2950 0.2942521
2951 0.2523555
2952 0.6359807
2953 1.00721e-05
2954 0.02192906
2955 0.0702197
2956 0.00154985
2957 0.01500202
2958 0.0003134624
2959 0.05523002
2960 0.00493455
2961 0.8691046
2962 1.306211e-07
2963 0.1034206
2964 1.933276e-11
2965 0.002886614
2966 0.2459503
2967 0.8796101
2968 5.43103e-05
2969 0.1576274
2970 0.1538389
2971 0.002899752
2972 0.006470176
2973 7.15885e-05
2974 0.1816268
2975 0.01947793
2976 0.7653372
2977 7.183131e-06
2978 1.060347e-05
2979 6.770224e-05
2980 3.674172e-05
2981 6.710219e-05
2982 7.176145e-07
2983 0.005941018
2984 0.07182481
2985 0.0006704064
2986 7.691652e-07
2987 0.01255112
2988 0.002850805
2989 0.001386304
2990 0.007532549
2991 0.0001259399
2992 0.1507089
2993 0.2219954
2994 0.0009348755
2995 0.000391187
2996 1.675921e-05
2997 0.763854
2998 0.0003813477
2999 5.495072e-10
3000 0.02428702
3001 0.8237498
3002 7.517157e-06
3003 0.01002481
3004 0.9474568
3005 0.01097253
3006 0.280671
3007 0.5651613
3008 3.983569e-06
3009 3.499625e-05
3010 0.07894571
3011 0.4059936
3012 0.01062545
3013 0.0001011797
3014 0.5974032
3015 0.2311184
3016 0.001227507
3017 0.000103887
3018 7.892267e-05
3019 0.01140733
3020 0.01755274
3021 0.4506667
3022 0.1861579
3023 1.7648e-08
3024 4.933373e-11
3025 0.001169036
3026 0.0009422572
3027 0.3134748
3028 0.08188012
3029 0.02565367
3030 0.02648093
3031 0.402592
3032 2.337983e-07
3033 1.560625e-14
3034 3.949435e-07
3035 0.3370608
3036 2.331405e-10
3037 0.002642329
3038 2.329208e-06
3039 3.176396e-05
3040 0.02664562
3041 0.07129598
3042 0.002415958
3043 0.9763575
3044 0.1340017
3045 0.04516564
3046 0.8045627
3047 0.7024075
3048 0.0391211
3049 7.277732e-12
3050 0.5210206
3051 0.08599103
3052 0.5376144
3053 0.369363
3054 0.002393327
3055 0.6022731
3056 0.3360639
3057 0.02121752
3058 1.685619e-07
3059 0.2522513
3060 8.51852e-05
3061 3.385093e-07
3062 0.001440808
3063 0.4925091
3064 0.01095609
3065 3.746667e-05
3066 7.634018e-05
3067 0.2909555
3068 1.06611e-05
3069 1.978961e-06
3070 0.5792896
3071 2.954301e-05
3072 0.08806533
3073 0.02122748
3074 0.02648667
3075 6.265111e-05
3076 1.800975e-05
3077 0.07068414
3078 0.2553923
3079 0.001481567
3080 0.01247481
3081 7.098727e-06
3082 5.395652e-08
3083 0.03231639
3084 0.01059815
3085 0.06619391
3086 0.1448477
3087 0.0007631595
3088 0.001169174
3089 2.008284e-05
3090 9.465552e-07
3091 8.080458e-08
3092 0.6496025
3093 1.032963e-05
3094 0.04500508
3095 0.4928747
3096 0.0006669837
3097 0.2617107
3098 0.1449159
3099 0.008643386
3100 0.03400248
3101 3.07983e-08
3102 0.2474744
3103 5.007272e-05
3104 0.06072606
3105 0.0644502
3106 0.02344882
3107 0.001003485
3108 0.01138728
3109 0.2075203
3110 0.0004532811
3111 0.07352695
3112 0.5734581
3113 0.1305955
3114 0.00648128
3115 0.1729589
3116 0.07090234
3117 0.07376126
3118 0.04479809
3119 3.642811e-09
3120 0.00014276
3121 0.8659841
3122 0.2547361
3123 0.001318259
3124 0.002337283
3125 2.963254e-08
3126 0.07574303
3127 1.255916e-10
3128 9.553539e-07
3129 0.03972165
3130 0.231682
3131 1.623357e-07
3132 0.006677222
3133 0.3776401
3134 0.8358628
3135 0.5311731
3136 4.136448e-06
3137 0.001321816
3138 1.491009e-05
3139 0.1834456
3140 0.1328959
3141 0.2702663
3142 0.07829128
3143 0.009722282
3144 0.2481189
3145 0.6422796
3146 0.0005143158
3147 0.00269236
3148 0.4077973
3149 0.7687537
3150 0.1298794
3151 0.06081271
3152 0.001407861
3153 5.879702e-07
3154 0.000138837
3155 3.081672e-08
3156 7.82077e-05
3157 0.08743495
3158 0.01134356
3159 0.5197144
3160 3.207294e-08
3161 0.9214021
3162 0.8268231
3163 0.4069786
3164 0.0001882816
3165 0.005908782
3166 0.0001519287
3167 0.0001419735
3168 0.4874082
3169 0.36722
3170 0.134506
3171 0.03087066
3172 2.303112e-05
3173 0.02271034
3174 1.635456e-06
3175 9.498212e-10
3176 0.05374253
3177 0.0001781521
3178 0.0002640196
3179 0.3696623
3180 0.003568048
3181 3.693942e-05
3182 0.02208108
3183 0.2557348
3184 0.214155
3185 0.00309352
3186 5.263078e-05
3187 0.07925033
3188 0.004474839
3189 0.0002121013
3190 0.7345232
3191 0.3799974
3192 0.0007486855
3193 0.2579268
3194 9.182009e-07
3195 0.001420803
3196 0.3361356
3197 0.6947214
3198 7.611474e-08
3199 0.04515743
3200 1.707715e-07
3201 0.1263516
3202 0.2527507
3203 0.01457438
3204 0.006197213
3205 9.681994e-07
3206 0.2018132
3207 7.569485e-06
3208 0.08591715
3209 1.601866e-05
3210 0.01260101
3211 2.144022e-06
3212 0.0001262277
3213 2.801269e-15
3214 0.9374342
3215 0.000175733
3216 1.927741e-06
3217 5.810884e-07
3218 0.0009156095
3219 0.0005955259
3220 0.01795211
3221 0.000722819
3222 0.3945387
3223 0.001710792
3224 0.07624118
3225 0.04492043
3226 0.1937393
3227 0.02319745
3228 0.08127958
3229 3.360064e-08
3230 0.4029827
3231 0.01095778
3232 0.006257673
3233 7.857151e-05
3234 0.0004140212
3235 0.4327704
3236 0.0003624674
3237 0.0002389856
3238 0.1156256
3239 0.1265116
3240 0.4312396
3241 0.02293398
3242 0.000136601
3243 0.2311446
3244 2.380093e-05
3245 0.03733906
3246 1.862708e-06
3247 0.08053864
3248 0.1854231
3249 0.5879118
3250 0.006062487
3251 0.03612198
3252 0.001019141
3253 0.01276038
3254 1.888342e-06
3255 0.008285185
3256 0.004934191
3257 0.01002935
3258 3.799345e-05
3259 9.888523e-09
3260 0.0426126
3261 2.504645e-06
3262 0.001161785
3263 0.01128938
3264 0.008010209
3265 5.405641e-05
3266 0.4348041
3267 6.844143e-05
3268 0.8430281
3269 0.007442792
3270 0.6812316
3271 0.003555801
3272 9.840268e-08
3273 0.1402916
3274 0.351253
3275 7.916478e-08
3276 0.01823918
3277 0.3343384
3278 0.01596204
3279 0.3946275
3280 0.3289955
3281 0.0001593043
3282 0.3644888
3283 0.1993423
3284 0.002142863
3285 4.423697e-14
3286 1.150749e-06
3287 0.5303587
3288 0.137308
3289 0.04199357
3290 5.322343e-05
3291 0.02164238
3292 0.005531442
3293 0.3738272
3294 0.7094482
3295 0.0001610618
3296 0.001409637
3297 1.302241e-09
3298 4.629119e-06
3299 3.706107e-09
3300 0.4827435
3301 0.188244
3302 0.000144254
3303 0.04809633
3304 0.4682866
3305 0.04703251
3306 0.001082695
3307 0.00329613
3308 4.304036e-05
3309 0.2779485
3310 3.127208e-06
3311 0.0005156444
3312 0.06494026
3313 8.761279e-05
3314 0.1451466
3315 0.08187572
3316 0.03437238
3317 0.6886346
3318 0.01491402
3319 0.0004807481
3320 1.041005e-11
3321 0.0006416111
3322 0.02806305
3323 0.03129284
3324 0.6659342
3325 0.04149471
3326 2.147172e-08
3327 0.02097865
3328 0.002354321
3329 0.0008885327
3330 4.166776e-08
3331 0.0705778
3332 0.0001078389
3333 0.1317262
3334 0.2040219
3335 0.0001861379
3336 0.9976549
3337 1.987374e-06
3338 4.657037e-05
3339 0.01316475
3340 0.1180451
3341 0.01247286
3342 0.03405631
3343 0.0004965646
3344 0.3326631
3345 0.01479462
3346 0.8406441
3347 3.919203e-09
3348 0.07570734
3349 3.125429e-05
3350 0.7152366
3351 0.003832452
3352 0.02279359
3353 8.781449e-12
3354 0.4018731
3355 0.06943796
3356 0.005136595
3357 3.001096e-07
3358 2.175059e-05
3359 8.336454e-09
3360 0.1715924
3361 0.6409002
3362 0.0001232872
3363 0.2860636
3364 0.5750474
3365 0.02468329
3366 2.355757e-05
3367 0.02591083
3368 0.1166512
3369 0.1388366
3370 0.2154522
3371 0.4506444
3372 4.11316e-10
3373 5.507863e-05
3374 0.05362981
3375 0.6660104
3376 0.7754252
3377 0.246543
3378 0.0004849533
3379 0.05305812
3380 0.02423436
3381 3.251208e-06
3382 0.8019971
3383 0.0009937796
3384 0.2029098
3385 0.005254336
3386 0.5818057
3387 0.001012968
3388 0.5051374
3389 0.3595107
3390 6.947022e-06
3391 0.0004060065
3392 3.227934e-11
3393 0.5832148
3394 9.692837e-07
3395 9.412407e-08
3396 7.390479e-06
3397 2.798706e-05
3398 0.1009321
3399 0.001344783
3400 2.439818e-06
3401 1.155505e-08
3402 0.5129268
3403 0.1634832
3404 0.3310257
3405 0.1828603
3406 2.734583e-05
3407 0.2859647
3408 0.02536989
3409 0.01704311
3410 0.09878687
3411 0.0002516182
3412 1.446988e-08
3413 0.5280244
3414 0.03038344
3415 0.2251952
3416 1.885809e-05
3417 0.07869194
3418 7.099519e-05
3419 0.000140019
3420 0.000398643
3421 0.1493507
3422 0.00735161
3423 0.001172803
3424 0.001625835
3425 0.408118
3426 7.265e-07
3427 0.09510037
3428 0.0008576228
3429 0.0001307449
3430 1.204214e-07
3431 0.001149472
3432 1.265211e-08
3433 0.0001723157
3434 1.269134e-05
3435 3.819124e-05
3436 4.357187e-06
3437 0.801701
3438 5.158107e-08
3439 0.6411293
3440 0.01351587
3441 0.0001019839
3442 0.1826401
3443 0.258967
3444 1.672549e-08
3445 6.03052e-09
3446 0.2526389
3447 0.1487241
3448 0.0211993
3449 0.07154799
3450 0.01718122
3451 0.7276808
3452 1.717324e-09
3453 0.1420326
3454 0.2388669
3455 0.000292483
3456 0.00244207
3457 2.55913e-07
3458 0.6217833
3459 0.09440266
3460 0.1399399
3461 0.0007470081
3462 5.002799e-07
3463 0.00505477
3464 0.2068448
3465 0.00120735
3466 0.000769427
3467 0.06687261
3468 0.1381008
3469 0.3753508
3470 0.1970493
3471 0.495101
3472 0.0009607232
3473 0.05344245
3474 0.8762
3475 0.009720329
3476 0.04693594
3477 0.003958196
3478 0.0008972555
3479 0.3737064
3480 0.2691632
3481 9.274228e-05
3482 0.0362506
3483 7.54492e-08
3484 5.27348e-05
3485 0.1220763
3486 0.006015179
3487 0.02513253
3488 0.05707926
3489 0.001677897
3490 5.281784e-05
3491 0.01810625
3492 0.002226539
3493 0.001186246
3494 0.08513584
3495 8.528365e-05
3496 0.2714158
3497 0.1415909
3498 0.199164
3499 0.003016278
3500 0.5632877
3501 0.2661273
3502 1.019123e-06
3503 0.2965936
3504 0.436
3505 0.3381462
3506 2.788368e-07
3507 0.1543861
3508 0.001386152
3509 7.708427e-06
3510 0.07875836
3511 0.02107343
3512 0.008498381
3513 0.1315986
3514 0.1585556
3515 0.001916919
3516 0.00968944
3517 0.6684389
3518 0.0117737
3519 0.001112228
3520 0.00531062
3521 0.470734
3522 0.003264476
3523 0.0003981469
3524 9.816268e-08
3525 8.266293e-12
3526 5.077317e-06
3527 0.1013971
3528 0.005892096
3529 0.001165747
3530 2.753036e-13
3531 0.008791043
3532 0.03869324
3533 0.06360978
3534 1.416682e-06
3535 4.306853e-18
3536 3.469694e-06
3537 0.01271115
3538 0.03380545
3539 0.00272593
3540 0.01110583
3541 0.01323227
3542 0.00126485
3543 1.672082e-07
3544 2.398302e-07
3545 0.595277
3546 0.06024659
3547 0.001108007
3548 8.359455e-10
3549 1.374622e-05
3550 1.539788e-08
3551 0.002166232
3552 0.07243959
3553 0.2851839
3554 0.0001110065
3555 0.01483487
3556 1.105989e-05
3557 0.002679604
3558 0.2751664
3559 0.002061167
3560 0.01593981
3561 0.0008410584
3562 6.977968e-09
3563 0.7608799
3564 0.003907801
3565 0.0807746
3566 7.143286e-06
3567 0.004395404
3568 3.00574e-09
3569 0.00818441
3570 0.000250452
3571 0.004554244
3572 0.001928308
3573 0.04083442
3574 9.946495e-05
3575 4.015258e-08
3576 6.928908e-07
3577 0.0006440152
3578 0.520789
3579 0.04366825
3580 4.362931e-07
3581 0.01958892
3582 1.085249e-07
3583 0.1025726
3584 5.972999e-05
3585 0.007308837
3586 0.006585288
3587 2.315154e-07
3588 0.02261182
3589 0.0001054403
3590 0.9209737
3591 0.004139838
3592 0.1880352
3593 0.5890671
3594 0.04923281
3595 0.0004611088
3596 0.04462624
3597 6.907268e-06
3598 0.003761793
3599 0.0001325109
3600 0.0003213848
3601 0.02279626
3602 4.636558e-05
3603 0.0001018886
3604 0.08251049
3605 0.9796513
3606 0.5565484
3607 0.05407226
3608 0.1621031
3609 0.002964466
3610 0.8918116
3611 7.919299e-06
3612 0.0003174274
3613 1.84067e-12
3614 0.01121238
3615 0.001380353
3616 5.196124e-11
3617 0.03159226
3618 0.0005884953
3619 0.0003473106
3620 0.1033026
3621 0.1409675
3622 0.02038207
3623 0.003582397
3624 0.02423415
3625 0.3618606
3626 7.897609e-08
3627 3.539029e-06
3628 0.1091052
3629 1.722759e-10
3630 0.9451188
3631 0.2628991
3632 0.003095527
3633 0.844067
3634 8.304184e-11
3635 0.3022379
3636 0.001749156
3637 0.2485942
3638 0.3135071
3639 0.0002393699
3640 2.266659e-08
3641 0.1119936
3642 0.1098094
3643 0.02602414
3644 0.08868287
3645 0.02479937
3646 0.05935742
3647 0.02590667
3648 2.201657e-08
3649 0.09249004
3650 0.4834581
3651 4.711149e-12
3652 0.3044062
3653 0.0004841532
3654 3.688849e-11
3655 4.097694e-05
3656 1.938417e-05
3657 2.989384e-05
3658 5.229164e-09
3659 2.028139e-06
3660 0.02186354
3661 0.000129546
3662 0.006086079
3663 0.09810171
3664 0.02941097
3665 2.460984e-06
3666 5.69421e-05
3667 0.1194754
3668 0.4481499
3669 8.063789e-08
3670 0.03330091
3671 5.634107e-07
3672 0.1572403
3673 0.02690842
3674 0.02956708
3675 0.006206958
3676 0.817296
3677 0.0009469739
3678 7.718508e-06
3679 4.314886e-06
3680 6.011983e-05
3681 5.971754e-08
3682 6.576654e-05
3683 0.02777807
3684 2.141187e-10
3685 0.007932592
3686 0.9944929
3687 0.02500366
3688 0.204703
3689 0.1305647
3690 8.02484e-06
3691 5.149865e-08
3692 0.04344415
3693 0.2605009
3694 0.0419452
3695 0.2357662
3696 0.2090813
3697 0.1255366
3698 0.0006278631
3699 0.9901825
3700 0.7693924
3701 1.548693e-05
3702 2.458154e-10
3703 0.5084507
3704 0.5383575
3705 0.003729629
3706 0.02903914
3707 0.251328
3708 7.416347e-06
3709 0.001016463
3710 0.4267663
3711 1.489905e-07
3712 2.923716e-06
3713 0.003115404
3714 0.009369034
3715 0.3400868
3716 0.4806032
3717 0.0018831
3718 0.2110069
3719 0.06960537
3720 0.001036668
3721 1.309127e-05
3722 0.09778083
3723 0.0678937
3724 0.6408058
3725 0.4490312
3726 0.009616903
3727 0.7931126
3728 0.4051908
3729 0.7327793
3730 0.141415
3731 0.3070027
3732 0.141557
3733 0.1941631
3734 0.2096681
3735 0.5056455
3736 0.311525
3737 0.3751
3738 5.897529e-09
3739 0.05707269
3740 0.01580717
3741 0.003670951
3742 1.005693e-05
3743 9.415706e-05
3744 0.7229804
3745 0.06230141
3746 0.2714134
3747 0.02578118
3748 0.09313406
3749 0.3852423
3750 0.04731616
3751 0.3203136
3752 0.6581008
3753 2.541007e-17
3754 0.006442185
3755 0.06333923
3756 9.937254e-08
3757 0.112809
3758 0.02256712
3759 0.000661716
3760 0.05428794
3761 0.05260755
3762 0.002435999
3763 7.67107e-07
3764 8.480578e-09
3765 3.955142e-07
3766 4.180865e-06
3767 0.6191191
3768 0.0001600145
3769 9.755745e-07
3770 0.002754895
3771 0.0007155386
3772 0.01245346
3773 0.09420891
3774 0.07497079
3775 0.1347967
3776 0.04609802
3777 2.338562e-10
3778 0.1385398
3779 0.02813274
3780 8.728911e-15
3781 0.00812173
3782 0.3932633
3783 1.135276e-05
3784 0.002968764
3785 5.648825e-06
3786 0.4389651
3787 0.003856464
3788 0.6259614
3789 8.227043e-10
3790 0.04233255
3791 0.217517
3792 0.3722282
3793 6.438014e-05
3794 6.529906e-07
3795 0.166624
3796 3.972773e-05
3797 0.002427956
3798 1.58781e-07
3799 0.0321692
3800 0.01806705
3801 0.3289956
3802 0.0004275008
3803 0.01912972
3804 0.6632438
3805 0.02948245
3806 0.6754641
3807 1.35986e-05
3808 0.001194839
3809 0.2198572
3810 0.6669136
3811 0.006002291
3812 0.005556575
3813 0.1269665
3814 0.005612662
3815 0.1619153
3816 0.007917458
3817 0.2875536
3818 0.03857138
3819 0.125002
3820 1.385842e-11
3821 0.1182894
3822 0.03547029
3823 0.00646358
3824 2.11302e-05
3825 3.880432e-06
3826 1.960318e-12
3827 0.008614222
3828 3.490478e-07
3829 1.052262e-08
3830 0.002158833
3831 3.991907e-06
3832 2.250034e-06
3833 0.1268269
3834 0.07742493
3835 0.7920157
3836 0.1807486
3837 1.665187e-06
3838 0.2493639
3839 0.1534566
3840 0.1943447
3841 0.5967442
3842 0.0002373852
3843 0.02279999
3844 0.1116956
3845 0.6518556
3846 0.1848329
3847 5.345699e-05
3848 0.02634993
3849 0.1426861
3850 0.001080432
3851 0.0002779444
3852 0.014201
3853 0.0005198774
3854 0.1261633
3855 0.2848379
3856 0.008562194
3857 0.3306017
3858 0.002749597
3859 0.05252453
3860 0.003906091
3861 0.05040733
3862 0.005614505
3863 0.02726242
3864 4.036679e-07
3865 0.04753053
3866 0.04984211
3867 0.007381518
3868 0.0001049993
3869 0.1091111
3870 0.1455921
3871 1.365046e-07
3872 0.3808002
3873 0.1922408
3874 0.3261755
3875 0.00171943
3876 7.487915e-06
3877 0.9449091
3878 0.03511498
3879 0.01909914
3880 0.04943034
3881 1.392014e-05
3882 0.0005647095
3883 2.666434e-08
3884 0.04364972
3885 0.01611171
3886 0.004644861
3887 1.063854e-16
3888 0.02415428
3889 0.003206914
3890 0.01071677
3891 7.649172e-05
3892 2.010524e-06
3893 0.01530251
3894 0.01721195
3895 0.006402366
3896 0.7914396
3897 0.2136847
3898 0.06167431
3899 4.851857e-08
3900 0.004555799
3901 0.6814298
3902 0.003506601
3903 0.008514527
3904 1.439321e-05
3905 0.1947623
3906 0.04170422
3907 0.00642668
3908 0.006466767
3909 0.001268945
3910 2.799962e-05
3911 0.3463442
3912 2.409906e-05
3913 1.399273e-06
3914 0.0007234534
3915 0.2906657
3916 9.842077e-12
3917 0.01466558
3918 0.01044728
3919 0.001815137
3920 8.056658e-05
3921 1.153565e-05
3922 0.6645062
3923 0.01583511
3924 0.0009357009
3925 4.162336e-07
3926 0.03723366
3927 6.529783e-07
3928 0.0001344225
3929 0.0392885
3930 3.649044e-05
3931 0.001740569
3932 5.308606e-06
3933 3.927399e-07
3934 0.0001314096
3935 4.679594e-05
3936 0.03456167
3937 0.002166648
3938 0.001764072
3939 0.001036893
3940 0.0001175241
3941 0.4346535
3942 0.341649
3943 0.04350827
3944 0.1959922
3945 0.007240756
3946 0.005709286
3947 1.744229e-08
3948 0.01004018
3949 0.05685251
3950 0.004873567
3951 1.729992e-08
3952 5.46794e-07
3953 0.03984617
3954 0.06920098
3955 0.1059788
3956 3.050689e-07
3957 0.02928499
3958 0.2521986
3959 0.0004162767
3960 7.343719e-05
3961 0.01580732
3962 0.1152314
3963 0.1959164
3964 1.076184e-05
3965 0.0008368834
3966 0.05107287
3967 0.001432514
3968 0.1662759
3969 0.02678002
3970 0.3483819
3971 0.6212595
3972 0.09006901
3973 0.2558182
3974 0.6299148
3975 0.01703946
3976 0.0002566173
3977 0.0001122305
3978 0.1801366
3979 1.283512e-10
3980 0.09444352
3981 0.3895174
3982 0.02562143
3983 1.147183e-11
3984 0.3972193
3985 6.419011e-08
3986 0.0001068607
3987 4.985385e-07
3988 5.255984e-13
3989 0.07755209
3990 0.07949304
3991 0.1192736
3992 0.002690215
3993 0.1571244
3994 0.001124288
3995 0.02402601
3996 0.001599916
3997 0.04719821
3998 0.3348473
3999 0.5417295
4000 0.9543882
4001 0.0004707564
4002 0.0001128526
4003 0.0006583506
4004 0.6005636
4005 9.21474e-05
4006 2.467689e-08
4007 0.001447923
4008 0.003253035
4009 0.9845684
4010 0.0003495182
4011 1.013718e-05
4012 0.01693344
4013 0.3022379
4014 0.0001473692
4015 0.4022485
4016 0.4662993
4017 0.2046641
4018 0.1336647
4019 0.7819416
4020 0.001113268
4021 0.3124679
4022 0.02509334
4023 1.029368e-07
4024 0.0199344
4025 0.008808564
4026 0.3301183
4027 0.0352913
4028 0.0001486934
4029 3.295074e-21
4030 0.1226254
4031 0.003837706
4032 0.007857252
4033 0.02822869
4034 0.3931861
4035 0.0004130156
4036 3.589169e-13
4037 4.102737e-08
4038 0.2082808
4039 0.01347973
4040 0.001992406
4041 5.356799e-08
4042 0.0005356833
4043 0.001022106
4044 9.281884e-06
4045 0.01830837
4046 3.032674e-05
4047 2.413472e-08
4048 8.472042e-06
4049 2.133592e-11
4050 0.001092632
4051 4.215335e-09
4052 5.727135e-11
4053 1.291756e-06
4054 3.669914e-05
4055 0.06897118
4056 0.2458108
4057 0.1171845
4058 0.03097556
4059 0.09123727
4060 0.2108798
4061 2.890855e-09
4062 0.0001913707
4063 0.004844303
4064 0.1562051
4065 3.10138e-10
4066 0.0001085641
4067 0.04885661
4068 0.2162169
4069 3.771728e-09
4070 0.001574126
4071 0.06626494
4072 0.04699171
4073 0.000938489
4074 7.260504e-16
4075 0.02196856
4076 0.285228
4077 0.1673306
4078 1.995725e-16
4079 0.04275127
4080 6.324689e-05
4081 0.4687297
4082 0.1109447
4083 0.0008215641
4084 0.002187277
4085 0.2266013
4086 0.2512219
4087 0.02648328
4088 0.00832839
4089 9.499135e-06
4090 4.293191e-05
4091 0.002996441
4092 0.0663693
4093 0.03692204
4094 0.5845747
4095 0.03859347
4096 6.865966e-07
4097 3.73257e-05
4098 0.009041101
4099 0.2015028
4100 0.1542495
4101 5.090029e-08
4102 0.05287786
4103 0.0100774
4104 0.0283941
4105 0.01690762
4106 0.004118467
4107 0.02121141
4108 0.2527601
4109 7.339225e-09
4110 0.6141003
4111 0.2246954
4112 0.001701606
4113 0.2346403
4114 0.3030209
4115 0.02918604
4116 3.635138e-05
4117 0.2216027
4118 0.008529992
4119 3.644753e-05
4120 0.03399138
4121 0.5117553
4122 1.265934e-05
4123 1.34231e-05
4124 0.009210513
4125 0.3851617
4126 0.003945651
4127 0.0337758
4128 0.1401561
4129 0.8636229
4130 0.2930942
4131 0.01975111
4132 1.525698e-07
4133 0.1543498
4134 1.846238e-07
4135 0.6811416
4136 8.573226e-08
4137 0.3074939
4138 0.2914823
4139 3.012242e-09
4140 0.04125088
4141 5.314531e-05
4142 0.07630113
4143 5.118102e-07
4144 0.0231752
4145 0.1919272
4146 0.1275029
4147 6.27701e-12
4148 0.02517926
4149 0.03798673
4150 0.4618091
4151 1.523914e-06
4152 0.05149202
4153 0.01042943
4154 9.33371e-13
4155 0.1061269
4156 0.1075567
4157 0.001087891
4158 2.975049e-05
4159 0.0008454625
4160 0.4825887
4161 0.0526681
4162 0.0001239511
4163 0.2484522
4164 0.1386804
4165 0.5828157
4166 0.2499632
4167 0.009220654
4168 9.673112e-06
4169 0.08631979
4170 0.0001406006
4171 0.1221338
4172 0.0100833
4173 0.0001132939
4174 0.01161466
4175 7.273872e-08
4176 1.655362e-08
4177 0.1718313
4178 0.1708749
4179 0.06878897
4180 0.04530296
4181 0.009365748
4182 2.191325e-11
4183 1.3344e-06
4184 0.7474999
4185 0.1229115
4186 0.007745192
4187 3.921874e-05
4188 2.752558e-06
4189 0.277925
4190 4.115226e-10
4191 2.527013e-06
4192 0.7255519
4193 0.1547278
4194 0.2192345
4195 0.008709693
4196 0.03120651
4197 2.113879e-05
4198 0.6508696
4199 4.364606e-05
4200 0.1630973
4201 0.385223
4202 0.2604405
4203 5.18812e-12
4204 0.0002514802
4205 4.030482e-10
4206 0.1473782
4207 0.007016517
4208 0.5385756
4209 1.413838e-06
4210 0.03778708
4211 3.542416e-05
4212 9.827315e-06
4213 0.01682501
4214 0.5476065
4215 0.001798154
4216 0.2529692
4217 6.385815e-06
4218 0.07569562
4219 0.03179146
4220 4.396742e-07
4221 0.8905472
4222 0.0001383818
4223 0.7132951
4224 0.3956672
4225 0.002791112
4226 0.01034488
4227 0.004520485
4228 0.02792802
4229 0.2054596
4230 4.610656e-06
4231 0.3161512
4232 1.488983e-08
4233 0.0002284216
4234 0.1872609
4235 0.5519219
4236 0.0001490894
4237 0.5824795
4238 2.157516e-11
4239 9.906303e-05
4240 0.3770138
4241 0.01265393
4242 0.09266648
4243 0.03448925
4244 0.183663
4245 1.460111e-05
4246 0.9326439
4247 0.002876121
4248 0.492162
4249 0.4496316
4250 0.0002666097
4251 6.910834e-05
4252 0.4217213
4253 0.02123585
4254 0.3811015
4255 0.000124734
4256 0.004068971
4257 5.864251e-06
4258 0.00597609
4259 0.0004270681
4260 0.7242167
4261 0.5464104
4262 6.628522e-07
4263 0.00393157
4264 3.491691e-13
4265 0.1542323
4266 0.5499844
4267 0.4239782
4268 0.06563275
4269 1.422443e-13
4270 1.522814e-05
4271 5.746314e-08
4272 1.180203e-15
4273 0.4493284
4274 0.6140553
4275 3.251695e-05
4276 0.3899523
4277 0.1411732
4278 0.05799031
4279 0.003336497
4280 0.2780693
4281 0.0001396049
4282 0.05071245
4283 0.07732445
4284 0.5582732
4285 0.001297808
4286 0.218006
4287 3.027783e-11
4288 6.244754e-06
4289 1.566297e-12
4290 0.0001317836
4291 1.035688e-08
4292 0.09292251
4293 0.0003742651
4294 0.07486217
4295 4.402416e-09
4296 0.01504075
4297 0.05225296
4298 0.03399057
4299 1.02142e-06
4300 0.6123321
4301 1.082338e-15
4302 0.0003082616
4303 0.4059964
4304 1.966656e-06
4305 9.773739e-10
4306 0.08674243
4307 2.531666e-05
4308 0.08541661
4309 0.4061476
4310 2.000593e-07
4311 0.0002471621
4312 0.1590901
4313 0.3895545
4314 3.588711e-08
4315 0.1534142
4316 0.2173362
4317 0.2980822
4318 2.37517e-10
4319 0.004316879
4320 0.008615196
4321 6.200597e-10
4322 5.093146e-06
4323 0.9883895
4324 0.157223
4325 0.0001120482
4326 0.5737731
4327 0.2714285
4328 0.0001180961
4329 0.004518658
4330 0.0006936576
4331 0.03376694
4332 0.7586943
4333 2.739801e-11
4334 0.2271648
4335 0.0009344053
4336 0.4081147
4337 0.00017626
4338 0.7021818
4339 0.6184751
4340 0.03363886
4341 0.0001219729
4342 0.9877153
4343 2.950311e-07
4344 0.04342343
4345 6.925095e-06
4346 0.05431111
4347 0.0001555665
4348 0.2971991
4349 0.05599749
4350 6.374748e-05
4351 0.1065063
4352 0.0007471892
4353 0.004237929
4354 6.310924e-05
4355 0.1232353
4356 0.6316545
4357 0.06011449
4358 0.0004815364
4359 0.5493084
4360 0.3463061
4361 0.00462714
4362 0.01388478
4363 1.500732e-07
4364 5.695677e-06
4365 0.02339203
4366 0.0001483634
4367 0.02596277
4368 0.1188893
4369 9.233884e-05
4370 2.91895e-09
4371 0.0299166
4372 0.414192
4373 0.0004250749
4374 0.003191523
4375 0.8082752
4376 0.8690272
4377 0.0686275
4378 0.003361775
4379 0.001652367
4380 0.3629692
4381 0.001072586
4382 8.90924e-11
4383 0.01851847
4384 0.0001340184
4385 3.930175e-09
4386 0.006510825
4387 0.06521237
4388 1.845066e-08
4389 0.04343265
4390 2.690203e-05
4391 0.03164252
4392 0.9162641
4393 0.0001455276
4394 0.007944543
4395 1.170329e-08
4396 5.554e-05
4397 6.242179e-07
4398 0.2257402
4399 0.1892543
4400 1.174329e-06
4401 2.646753e-05
4402 0.5224385
4403 0.03934783
4404 0.02510194
4405 0.000684388
4406 0.03188203
4407 0.002021227
4408 0.004466575
4409 0.0005733661
4410 0.1277121
4411 8.578259e-05
4412 0.05479478
4413 3.954303e-09
4414 1.439728e-06
4415 0.2052897
4416 1.639239e-05
4417 0.0002611801
4418 0.02401542
4419 1.908879e-08
4420 0.02086114
4421 0.5078099
4422 0.00464001
4423 2.592478e-05
4424 0.03536775
4425 0.007499554
4426 0.5235977
4427 0.6453231
4428 0.8889547
4429 0.8174734
4430 0.05704827
4431 0.03794002
4432 0.007702149
4433 0.03730581
4434 3.839362e-06
4435 0.1394158
4436 0.001879224
4437 1.053786e-10
4438 0.6062543
4439 0.2247952
4440 9.460519e-08
4441 0.02012937
4442 0.1271723
4443 0.0003912056
4444 0.02302459
4445 0.3543576
4446 0.00150069
4447 7.701576e-08
4448 0.04600915
4449 3.260696e-05
4450 0.00406734
4451 0.3324134
4452 0.1949416
4453 1.375463e-06
4454 0.7350962
4455 0.03391116
4456 0.2413707
4457 0.0004042586
4458 0.2019243
4459 0.07921603
4460 0.01038376
4461 0.109244
4462 0.2300045
4463 0.02716988
4464 0.7551416
4465 0.627316
4466 0.6627774
4467 0.1590844
4468 0.1264987
4469 0.0890098
4470 0.2917228
4471 0.001473058
4472 1.379085e-09
4473 0.005555945
4474 0.05139215
4475 0.3306502
4476 0.08713414
4477 0.05603154
4478 7.10916e-09
4479 0.0003864389
4480 0.009984776
4481 4.589498e-05
4482 1.391945e-07
4483 0.314904
4484 0.0005609911
4485 8.855705e-07
4486 0.02840387
4487 0.001256233
4488 1.951681e-10
4489 0.009098247
4490 0.010567
4491 1.959537e-08
4492 1.06999e-07
4493 0.008485791
4494 0.03543846
4495 2.719964e-06
4496 9.256061e-05
4497 0.7849568
4498 0.04209143
4499 0.3620929
4500 0.01854317
4501 0.2867769
4502 0.5547155
4503 0.2673398
4504 0.4800127
4505 0.1207189
4506 0.9535144
4507 0.03469038
4508 0.05626448
4509 0.02377353
4510 0.2267586
4511 0.01567852
4512 1.89046e-07
4513 0.0005669954
4514 0.1399341
4515 5.277487e-06
4516 0.005616559
4517 0.0003428749
4518 0.06790855
4519 0.1649581
4520 0.5559389
4521 0.006053348
4522 0.2618063
4523 1.948235e-06
4524 0.02931801
4525 0.6541481
4526 0.3785176
4527 0.3905459
4528 0.6386906
4529 0.0008352366
4530 0.769465
4531 3.127152e-05
4532 0.190563
4533 0.02766526
4534 0.0002716093
4535 0.002497698
4536 0.2438897
4537 0.008860472
4538 1.05723e-09
4539 0.02352405
4540 0.5890019
4541 0.003381439
4542 0.001407979
4543 0.2799825
4544 0.0001560966
4545 0.8219262
4546 0.006129575
4547 0.0001488775
4548 0.07678864
4549 0.03095001
4550 0.00374254
4551 0.0007238453
4552 0.8408496
4553 0.4814696
4554 0.1558193
4555 0.0001081105
4556 0.004560297
4557 0.06060107
4558 1.17346e-08
4559 0.005134682
4560 0.1324536
4561 0.0001063666
4562 0.005786046
4563 8.36765e-05
4564 0.4030734
4565 3.90237e-07
4566 0.002756508
4567 5.696002e-05
4568 0.00998341
4569 0.1382769
4570 0.01219669
4571 0.004215714
4572 8.550084e-08
4573 4.904654e-06
4574 5.696844e-05
4575 1.754325e-05
4576 0.001574408
4577 0.00802408
4578 0.0001406174
4579 0.04439154
4580 8.147325e-09
4581 0.0001460862
4582 0.001795593
4583 0.0001945437
4584 0.09587707
4585 1.117729e-08
4586 0.018594
4587 0.8388768
4588 0.3465019
4589 0.01401362
4590 0.003806191
4591 0.007558395
4592 0.0005852783
4593 0.7799738
4594 0.08401755
4595 0.0001421686
4596 0.2232367
4597 0.0506932
4598 6.077988e-11
4599 2.437004e-05
4600 0.0003250595
4601 0.2099042
4602 0.01127186
4603 0.0001085867
4604 0.002293396
4605 0.04652163
4606 0.8122455
4607 0.332699
4608 0.3901897
4609 0.02614108
4610 0.06368851
4611 0.1658466
4612 0.0001133649
4613 0.7189045
4614 0.003999065
4615 0.3729147
4616 1.017526e-05
4617 0.0066903
4618 0.004459279
4619 0.01260098
4620 0.04899493
4621 0.4061855
4622 0.04320404
4623 8.472199e-05
4624 0.0898969
4625 7.103577e-05
4626 1.517407e-08
4627 2.831057e-05
4628 0.0002541222
4629 0.01361107
4630 0.001619632
4631 0.04804227
4632 6.580441e-09
4633 8.742528e-07
4634 8.388109e-05
4635 3.71868e-05
4636 0.01975259
4637 0.003262807
4638 0.7874828
4639 0.001488767
4640 0.8959693
4641 0.000640542
4642 0.1820113
4643 0.01288551
4644 0.1658603
4645 1.36423e-05
4646 0.03247936
4647 0.0682799
4648 0.0007616078
4649 0.8269494
4650 0.1520445
4651 0.7609504
4652 0.1358757
4653 0.007546363
4654 0.5316025
4655 0.2216286
4656 0.05206258
4657 3.243181e-05
4658 1.312028e-09
4659 3.800846e-07
4660 0.1611254
4661 9.54885e-07
4662 0.03871852
4663 0.1370841
4664 0.5179638
4665 0.2844466
4666 4.725646e-09
4667 0.01034359
4668 0.388081
4669 0.2327177
4670 0.0643587
4671 0.5685441
4672 0.00742305
4673 0.01707954
4674 2.145371e-08
4675 0.000277425
4676 0.1877222
4677 0.6254181
4678 0.0001188476
4679 1.754107e-15
4680 0.002327748
4681 0.3725086
4682 0.001634324
4683 0.04125459
4684 0.001072104
4685 0.001386632
4686 0.118049
4687 0.001680915
4688 0.0010655
4689 0.03069367
4690 1.663309e-07
4691 0.0001146704
4692 0.4401615
4693 1.268047e-05
4694 0.2123873
4695 0.0004582828
4696 6.07011e-05
4697 0.169028
4698 0.48004
4699 0.02241542
4700 0.3604662
4701 0.01521465
4702 0.5950409
4703 0.0003199282
4704 4.881235e-09
4705 0.4900252
4706 0.07569447
4707 8.794019e-07
4708 0.6289529
4709 0.09553256
4710 0.00125491
4711 0.01085678
4712 0.04264841
4713 3.986821e-08
4714 0.07332938
4715 0.7099247
4716 0.6514449
4717 0.4583436
4718 0.0447971
4719 0.00161642
4720 0.6850368
4721 2.128906e-05
4722 9.519521e-11
4723 4.499033e-05
4724 1.182932e-06
4725 0.02779185
4726 0.3698743
4727 0.7263856
4728 0.1558012
4729 1.417084e-07
4730 3.913474e-10
4731 0.03342348
4732 0.1123193
4733 0.006770892
4734 0.03295441
4735 0.1207313
4736 0.222811
4737 0.4289494
4738 0.07522315
4739 0.376358
4740 1.620124e-08
4741 0.3333199
4742 0.2446869
4743 0.0182571
4744 3.417019e-05
4745 0.001380402
4746 0.0006318485
4747 0.040341
4748 0.02908296
4749 1.022401e-05
4750 0.03732884
4751 0.007279795
4752 0.05582695
4753 0.01268283
4754 0.02669619
4755 0.5783761
4756 0.04288351
4757 0.03890605
4758 0.01041444
4759 0.001035744
4760 0.0001075562
4761 0.03099779
4762 0.08218005
4763 0.005655635
4764 0.5871071
4765 0.001755352
4766 0.1628433
4767 8.918293e-06
4768 0.01749473
4769 0.001971634
4770 0.0005286889
4771 1.178879e-16
4772 0.262243
4773 0.4456293
4774 0.02048079
4775 4.965319e-09
4776 0.001874929
4777 0.9476712
4778 0.05028347
4779 0.07640121
4780 0.1672258
4781 0.005890597
4782 0.02287816
4783 0.0004882347
4784 6.159081e-06
4785 0.01774709
4786 0.6126438
4787 2.963587e-05
4788 0.003844647
4789 0.0002074533
4790 2.235518e-05
4791 0.3795967
4792 1.517713e-05
4793 0.002828155
4794 1.812775e-10
4795 0.03916346
4796 0.004846604
4797 0.06983935
4798 2.849034e-06
4799 0.001748216
4800 0.001010662
4801 9.305802e-10
4802 0.1281242
4803 4.535606e-13
4804 0.0005780833
4805 5.200482e-05
4806 0.024906
4807 0.01960332
4808 5.567985e-13
4809 4.840381e-05
4810 0.005518188
4811 0.006125675
4812 1.43266e-22
4813 0.4546428
4814 8.766893e-05
4815 5.769057e-06
4816 1.067758e-09
4817 0.02449013
4818 0.2616108
4819 7.628387e-05
4820 0.0004401499
4821 0.001960906
4822 0.02048281
4823 0.001781692
4824 7.571787e-05
4825 0.680261
4826 0.0002795109
4827 0.05798777
4828 9.203487e-09
4829 0.02596181
4830 0.001231385
4831 0.08987662
4832 0.07473445
4833 1.450892e-07
4834 0.02968939
4835 0.7155996
4836 0.008228349
4837 0.9905461
4838 0.009341921
4839 0.1908918
4840 5.333778e-05
4841 0.1032557
4842 0.00609908
4843 0.08379274
4844 0.01679456
4845 9.436456e-07
4846 0.3359912
4847 0.003259843
4848 0.608503
4849 9.88898e-07
4850 0.06646521
4851 0.0008807481
4852 0.005845135
4853 0.0001139151
4854 0.01172233
4855 0.006612705
4856 0.001445948
4857 3.846715e-05
4858 6.9535e-09
4859 1.011738e-28
4860 1.147764e-06
4861 0.4075522
4862 0.008722067
4863 0.0161528
4864 3.211714e-09
4865 0.02744281
4866 0.06248944
4867 0.5643417
4868 0.6932488
4869 0.0468143
4870 0.9269157
4871 6.085048e-05
4872 0.006643061
4873 0.0002016049
4874 1.643905e-06
4875 0.0001766892
4876 0.7262683
4877 0.2109001
4878 3.358783e-06
4879 0.000318407
4880 0.0001451694
4881 0.6483045
4882 0.003966798
4883 0.01290446
4884 0.0004142103
4885 0.0392236
4886 0.1241369
4887 0.004835539
4888 0.8040509
4889 0.02675742
4890 0.3325848
4891 0.1535784
4892 0.3465678
4893 0.0132858
4894 0.00361039
4895 0.1498123
4896 1.995049e-07
4897 0.0005254985
4898 6.04294e-10
4899 4.558233e-06
4900 0.0004408185
4901 0.0001952725
4902 0.0005875182
4903 0.01384828
4904 0.6090487
4905 0.001107788
4906 0.8418412
4907 0.4981275
4908 0.08183147
4909 0.1485636
4910 0.8423672
4911 0.001047341
4912 0.9635003
4913 5.37228e-06
4914 0.2458271
4915 0.0002786083
4916 0.00986664
4917 0.0009993971
4918 6.930444e-05
4919 1.107137e-08
4920 0.03702863
4921 0.002123924
4922 0.05277395
4923 2.391024e-05
4924 0.3152808
4925 0.0009076253
4926 0.0547827
4927 0.1654842
4928 5.029055e-07
4929 0.0006997095
4930 0.1521867
4931 0.0219943
4932 0.5799877
4933 0.2956677
4934 0.01334331
4935 0.006518216
4936 0.02370529
4937 0.000170272
4938 0.3216613
4939 0.5388243
4940 0.0001060748
4941 0.8796328
4942 0.1267389
4943 4.235342e-05
4944 0.014663
4945 0.2655491
4946 0.0007853588
4947 0.09166072
4948 5.177005e-06
4949 0.001152547
4950 3.111172e-05
4951 0.7316116
4952 0.276391
4953 0.1243897
4954 2.019367e-05
4955 0.004447384
4956 0.9163501
4957 0.2725362
4958 0.4420912
4959 2.510778e-07
4960 0.01395491
4961 0.5382835
4962 0.252589
4963 0.5943517
4964 0.003967983
4965 0.4374245
4966 0.4809913
4967 0.003439234
4968 0.01087491
4969 0.008676564
4970 3.0685e-05
4971 0.02560883
4972 0.103436
4973 0.04783309
4974 0.004927196
4975 0.09745554
4976 0.01989843
4977 0.1211656
4978 3.184517e-05
4979 0.0003676545
4980 0.001837099
4981 0.02139723
4982 0.000190839
4983 6.455927e-06
4984 0.481337
4985 0.0001510326
4986 0.0003768979
4987 0.007345197
4988 0.001892641
4989 0.3177083
4990 2.635745e-07
4991 0.01621626
4992 1.327555e-06
4993 0.2375804
4994 0.03485524
4995 0.4025309
4996 0.6356859
4997 0.009978219
4998 7.192408e-08
4999 2.796076e-07
5000 5.88365e-14
