1 0.3453477
2 0.029222
3 0.0821841
4 0.6251032
5 4.097768e-05
6 0.02762454
7 4.126578e-06
8 0.1071946
9 2.873144e-06
10 0.4232979
11 0.009003493
12 0.02060426
13 0.1761117
14 0.005429662
15 0.1207144
16 0.8695894
17 0.0005149453
18 0.7883551
19 3.237242e-06
20 0.03167363
21 0.02020258
22 0.0005454003
23 0.001882077
24 0.01377116
25 0.006874201
26 6.591298e-05
27 2.200015e-09
28 5.255201e-05
29 0.7090417
30 0.04497467
31 0.3227204
32 0.6252721
33 0.01156011
34 4.373146e-06
35 0.4317651
36 0.4390867
37 0.1302902
38 0.09356862
39 0.02259436
40 1.146417e-05
41 0.04924455
42 0.6087755
43 0.7034388
44 0.5032914
45 0.0003520071
46 0.0003599872
47 0.9647957
48 8.721319e-06
49 0.5234191
50 0.1426175
51 0.03176413
52 0.3160082
53 0.01437821
54 0.002573915
55 0.1025709
56 0.1720678
57 3.67325e-05
58 0.1242115
59 0.4456555
60 1.449461e-13
61 0.06263744
62 0.0001368494
63 0.5990713
64 0.01506263
65 0.5589993
66 0.002163847
67 0.002415897
68 0.4305421
69 0.002379594
70 7.846988e-11
71 0.4515921
72 0.477261
73 0.0001560384
74 0.04191633
75 0.5024439
76 0.05525351
77 0.3869238
78 0.1981253
79 0.1721241
80 0.000149826
81 0.6826958
82 0.2002775
83 0.06259368
84 0.7179977
85 0.4373455
86 0.2425256
87 0.01514729
88 0.1849856
89 0.03445036
90 1.384702e-07
91 4.568162e-08
92 0.1199745
93 0.7325103
94 0.05617818
95 0.5872659
96 0.004020675
97 0.3393815
98 1.203322e-07
99 0.4961395
100 0.4003718
101 2.202586e-05
102 0.064461
103 0.001991702
104 0.001356651
105 0.1224293
106 0.06493027
107 0.002870509
108 0.5268033
109 0.1857798
110 8.312213e-05
111 0.8877107
112 0.0003007815
113 0.09958052
114 0.03877346
115 0.1459045
116 0.02270025
117 0.3518721
118 0.09545383
119 0.08592969
120 0.02037426
121 0.0001457115
122 0.1337778
123 0.03023637
124 0.02367126
125 0.1506316
126 0.2415849
127 0.8296784
128 0.000118945
129 0.1126728
130 0.04714574
131 0.0001967715
132 0.9257633
133 0.0001086989
134 4.155642e-05
135 3.737657e-17
136 0.01078297
137 1.079754e-06
138 0.000851026
139 0.750038
140 0.003805908
141 0.002557577
142 0.9046836
143 0.8255297
144 0.07272828
145 0.00153988
146 0.5532007
147 0.1871537
148 0.02632839
149 0.1331677
150 0.0002943691
151 0.3967915
152 0.01467603
153 0.2949902
154 0.122457
155 0.6269382
156 0.1095451
157 0.7105816
158 0.1163352
159 0.03901406
160 0.09481431
161 0.07880831
162 1.142388e-06
163 0.0001208103
164 0.06171442
165 0.0002687235
166 0.2046578
167 0.0002872375
168 0.3571899
169 0.572559
170 4.319143e-06
171 1.590166e-05
172 0.03195594
173 2.696148e-09
174 0.6271638
175 0.549226
176 0.5027008
177 0.1552469
178 0.8941843
179 0.04399684
180 0.000490871
181 0.5231296
182 0.7039127
183 0.8189822
184 0.1770809
185 0.006412683
186 5.108758e-06
187 0.5577258
188 0.3568897
189 0.003538104
190 0.5740192
191 0.6606446
192 0.0002314347
193 0.3071125
194 0.0003890615
195 1.4935e-06
196 0.01443447
197 0.7184756
198 0.009281
199 0.7264175
200 0.001007445
201 0.9800105
202 0.6367607
203 0.4462076
204 0.6410645
205 0.03380653
206 0.0241727
207 0.003779346
208 0.05465
209 0.9286299
210 0.3287775
211 0.1714602
212 0.003764039
213 0.001520444
214 1.555827e-05
215 0.2478433
216 0.08311661
217 0.7277097
218 0.010141
219 0.5125369
220 0.02030491
221 0.02116869
222 0.04934336
223 0.4912769
224 0.001518719
225 0.03495108
226 3.062303e-06
227 0.4813928
228 0.007424486
229 0.0001394748
230 0.6938882
231 0.8370089
232 0.1422325
233 0.001471768
234 0.02124159
235 0.0004296882
236 0.01500303
237 0.5170023
238 0.3560631
239 3.526417e-06
240 0.120405
241 0.01910596
242 0.5615628
243 0.1347597
244 0.2839057
245 1.848259e-09
246 0.556184
247 0.07887397
248 0.00202447
249 4.741175e-05
250 0.7557041
251 0.0009145269
252 0.1919443
253 0.4153371
254 0.00636899
255 0.003731587
256 0.05651568
257 0.04718532
258 0.6228697
259 0.9915249
260 0.1522098
261 0.0008107017
262 0.001549428
263 0.002272296
264 0.007462269
265 9.70464e-05
266 0.0001112338
267 0.02639796
268 0.06083072
269 1.103296e-13
270 0.2517793
271 0.03569132
272 0.0008645712
273 0.002639837
274 0.00531364
275 0.6707731
276 0.9687146
277 0.6509345
278 0.01550078
279 0.1512152
280 0.04451049
281 0.1247793
282 0.2362922
283 0.03177931
284 5.781429e-05
285 0.1445894
286 6.591245e-05
287 0.02279241
288 0.03211523
289 0.7286661
290 0.00087223
291 0.0007247076
292 0.0297824
293 0.6029544
294 0.009483875
295 0.7778584
296 0.2345462
297 0.004001811
298 0.1833715
299 4.356585e-05
300 0.002235274
301 0.2266145
302 0.3712387
303 0.3499896
304 0.5925531
305 0.007479094
306 0.1910143
307 0.05910502
308 0.776394
309 0.8172123
310 0.1717817
311 0.5270612
312 0.01585223
313 0.0319382
314 0.0318565
315 0.1077508
316 0.1166212
317 0.0007093047
318 0.05365032
319 6.011303e-05
320 0.03296401
321 0.04926378
322 0.05072247
323 0.008060398
324 2.130129e-11
325 0.09583245
326 0.4187411
327 0.001130226
328 0.6405015
329 0.8802076
330 0.03878432
331 0.002152
332 0.6938112
333 0.01411419
334 0.03502434
335 0.1285219
336 7.389432e-07
337 0.002539834
338 0.0006148813
339 0.04623186
340 0.5742028
341 0.0001130896
342 0.0183479
343 0.00392771
344 0.3988493
345 0.4501563
346 0.2594974
347 0.2853412
348 0.01764351
349 0.00202194
350 0.004680323
351 0.2578217
352 0.1528817
353 0.4982542
354 0.02787348
355 0.009047381
356 0.008553846
357 0.007192225
358 0.01371909
359 0.6530582
360 0.01691672
361 5.815882e-06
362 0.006643624
363 0.01297195
364 2.08939e-05
365 0.01055153
366 0.4320109
367 0.0003022555
368 0.3900183
369 0.07907096
370 0.1436592
371 0.1583307
372 0.6100151
373 0.008656417
374 0.05512898
375 0.5149844
376 0.002897468
377 0.4403661
378 5.281104e-07
379 0.08104133
380 0.009176936
381 0.1457333
382 0.02056516
383 0.07145292
384 0.1342558
385 0.7891389
386 0.5288701
387 0.008078545
388 0.3471172
389 0.1761351
390 0.4094772
391 0.1437893
392 0.1845405
393 0.1145019
394 0.02991086
395 0.005396882
396 0.6121097
397 0.0002693471
398 0.3524803
399 0.04789706
400 0.7748863
401 0.1091112
402 0.02637615
403 0.005041548
404 0.001050515
405 3.154165e-07
406 0.1538681
407 8.19888e-07
408 0.8803607
409 1.804189e-05
410 0.00964991
411 0.4344386
412 3.683936e-06
413 0.001253514
414 0.6439234
415 5.596303e-06
416 0.9290369
417 0.228084
418 0.008269977
419 0.01879574
420 0.2259248
421 0.02797435
422 0.04191383
423 0.005621829
424 0.01148881
425 5.468436e-05
426 2.014038e-06
427 0.7756527
428 0.8071705
429 1.968469e-05
430 0.09163318
431 0.1333736
432 0.06643402
433 0.174979
434 0.6949222
435 0.003448924
436 0.09182752
437 0.000363803
438 0.0008196941
439 0.3276723
440 0.2903486
441 0.00587378
442 0.2184081
443 0.09927907
444 0.2177326
445 1.063717e-06
446 0.6119055
447 8.421904e-05
448 0.0243036
449 0.01746336
450 0.004937632
451 0.004089
452 0.8327909
453 0.03628232
454 0.2315289
455 0.06136488
456 0.8925657
457 0.5398889
458 0.001160921
459 0.03637376
460 0.04997057
461 0.09707494
462 0.1156695
463 0.05915899
464 0.3227193
465 0.0003366806
466 0.0007292654
467 0.3918193
468 0.4934069
469 6.094809e-05
470 0.364831
471 0.01992084
472 0.2656892
473 0.2227476
474 0.01535377
475 0.8837464
476 0.06191963
477 0.09110536
478 0.08753387
479 0.0005751883
480 0.005865999
481 0.4615609
482 0.3624546
483 1.858585e-05
484 0.01760884
485 0.07926281
486 0.000392323
487 0.05552011
488 0.007385128
489 0.004881502
490 0.305297
491 0.4273625
492 3.697688e-07
493 0.5147839
494 0.01069217
495 0.006344303
496 0.4226742
497 4.922329e-06
498 0.007719388
499 0.6002766
500 0.03325604
501 0.1205693
502 0.2161111
503 0.4231074
504 0.02040345
505 0.007229303
506 0.01490722
507 0.2330209
508 0.2936073
509 0.007521901
510 0.2252926
511 0.2017452
512 3.464219e-05
513 0.0002552715
514 0.9391559
515 2.671662e-05
516 0.2579618
517 0.3505455
518 0.4360433
519 0.0721171
520 0.06383051
521 0.001843494
522 5.378218e-09
523 0.0202564
524 3.652184e-05
525 0.762914
526 0.1366636
527 1.200516e-05
528 0.1997737
529 0.9987997
530 0.1246725
531 0.2680553
532 0.1773485
533 2.690361e-05
534 0.5525505
535 0.0004756208
536 0.9564274
537 0.4201985
538 0.2079662
539 0.9551634
540 0.0075173
541 0.000986127
542 0.001802255
543 0.004397485
544 0.1570002
545 8.866657e-08
546 0.1534438
547 0.001148694
548 0.5703716
549 0.04289358
550 0.01946815
551 5.104902e-06
552 0.0005758735
553 0.8587185
554 0.1257288
555 0.01334015
556 0.5478258
557 0.440507
558 0.37752
559 7.088711e-06
560 0.6123283
561 0.009896309
562 0.8824057
563 0.09863778
564 0.007752545
565 0.216196
566 0.0002175097
567 0.4488744
568 0.8801376
569 0.1330785
570 0.9649007
571 0.05665975
572 0.004206278
573 0.1743817
574 0.04322492
575 0.002040985
576 0.7765138
577 0.1916763
578 0.09290443
579 1.289827e-05
580 0.0001219128
581 0.4435067
582 0.063477
583 0.08672958
584 0.01097225
585 0.324078
586 0.06310716
587 4.635963e-05
588 2.698523e-06
589 0.8032175
590 0.006028259
591 7.61711e-08
592 0.008540606
593 0.006170629
594 1.695225e-05
595 4.669979e-07
596 9.739309e-05
597 0.5150129
598 0.9175317
599 0.0004244118
600 0.003786432
601 0.0002408048
602 0.1051379
603 0.07564961
604 0.05451303
605 0.08868771
606 0.05201706
607 0.2296946
608 0.02463258
609 0.0002583181
610 0.5118662
611 0.1086888
612 6.524716e-06
613 0.4497401
614 0.4971955
615 0.480252
616 0.7469745
617 0.0004610377
618 0.05991758
619 0.8767759
620 0.2995536
621 0.0888194
622 0.3388548
623 0.5581934
624 0.29588
625 0.07445019
626 0.7088023
627 0.2640702
628 0.8283738
629 0.9292278
630 0.1025634
631 0.09424062
632 0.2000894
633 7.043695e-12
634 0.001468363
635 0.0006229758
636 0.5192608
637 0.3078529
638 9.620597e-05
639 5.100637e-07
640 9.376362e-05
641 0.005796292
642 0.03645954
643 0.1065157
644 0.8992945
645 0.004162274
646 0.06352227
647 0.03048428
648 0.0001078643
649 0.00456902
650 0.1154992
651 0.0254321
652 0.8027676
653 0.0858588
654 0.5260315
655 0.2301054
656 0.00103962
657 0.02012989
658 0.0201407
659 0.00278438
660 0.002794078
661 0.8607813
662 6.578064e-05
663 0.0004110751
664 0.07481898
665 0.004068656
666 0.5093691
667 0.0007290248
668 0.3457245
669 0.0492769
670 0.5155727
671 0.01265988
672 0.04134565
673 0.0001012774
674 0.1489598
675 0.08775177
676 0.1091325
677 0.009476198
678 0.0005449094
679 0.0002456078
680 0.0541018
681 0.01328845
682 0.0005173651
683 0.0001476406
684 0.001542994
685 0.4540563
686 0.002729173
687 0.001836748
688 0.01144574
689 0.3032179
690 0.6992758
691 0.05076573
692 0.01658769
693 0.001209925
694 0.1741815
695 0.3428337
696 0.3837604
697 0.503162
698 0.0001318647
699 0.06790996
700 0.723373
701 0.8761365
702 0.2796797
703 8.439966e-05
704 0.02661211
705 0.8637536
706 0.002213252
707 9.461822e-12
708 0.002197108
709 0.001233447
710 0.1706125
711 0.629433
712 0.0236517
713 0.0003639072
714 0.0001298483
715 0.4446188
716 0.2038784
717 0.001119233
718 0.01283086
719 0.01546785
720 0.1594929
721 0.8429251
722 0.6406583
723 0.0006729596
724 0.3342438
725 0.01913532
726 2.293391e-09
727 0.3717332
728 0.3523754
729 0.6182917
730 0.7848392
731 0.5393154
732 0.07827552
733 0.3821061
734 0.001069868
735 0.007867332
736 0.6884043
737 0.02284799
738 0.8328314
739 0.005305166
740 0.5152895
741 0.100184
742 0.001434026
743 0.01511613
744 8.56075e-08
745 0.1541942
746 0.4527509
747 0.4142332
748 0.5974875
749 0.1053321
750 0.06924074
751 0.03622317
752 0.1890517
753 0.00291072
754 0.01421526
755 0.02099055
756 0.62669
757 0.01194716
758 0.1831372
759 4.764581e-06
760 0.05465307
761 0.2923298
762 0.37427
763 0.003878245
764 0.9910272
765 0.1617977
766 0.2116724
767 0.07240257
768 0.1852877
769 0.01275276
770 0.002272565
771 0.01438866
772 0.4632353
773 0.3636046
774 0.5912803
775 0.447533
776 0.02309168
777 0.001175157
778 0.001773275
779 0.9308764
780 0.390361
781 0.0002896774
782 0.003381705
783 0.2818449
784 0.0004565827
785 6.720094e-10
786 0.6484204
787 0.0008532827
788 0.2777321
789 0.6904336
790 0.7585896
791 0.169177
792 2.670186e-06
793 0.6078869
794 0.05249969
795 0.003148669
796 0.2965716
797 0.2860228
798 0.5640015
799 0.2816218
800 0.03668056
801 0.001941941
802 0.6157474
803 0.6849253
804 0.001613144
805 0.000248342
806 0.008652688
807 0.6939719
808 0.2193262
809 4.627476e-07
810 0.02973045
811 0.2881661
812 0.342401
813 0.006151183
814 0.01243135
815 0.08353242
816 0.002533258
817 2.748115e-06
818 0.001144351
819 0.007380917
820 0.01823816
821 0.01595051
822 0.001254863
823 0.004875677
824 0.5623877
825 0.0005242161
826 5.203118e-05
827 0.05810427
828 0.002291641
829 9.531888e-05
830 0.001490503
831 0.04396613
832 0.2877749
833 0.002082003
834 0.1889688
835 0.0009344736
836 0.09817665
837 0.0237503
838 0.05831529
839 0.2105785
840 3.470005e-07
841 0.0988093
842 3.685779e-05
843 1.219195e-05
844 0.5738686
845 0.5703417
846 0.06621435
847 0.6185518
848 0.0354369
849 0.001000067
850 0.1262094
851 0.7051742
852 0.512323
853 0.02699169
854 0.8528021
855 0.003364882
856 0.1563075
857 0.1020256
858 0.05205972
859 0.9228378
860 0.08876018
861 0.004847154
862 0.1281791
863 0.06937547
864 0.004632657
865 0.006197314
866 0.7926698
867 0.01031963
868 0.7383948
869 0.0281298
870 0.03956317
871 0.1029856
872 0.7201326
873 0.01346588
874 0.0009050427
875 0.02709867
876 0.0003939893
877 0.0001973806
878 0.1158154
879 0.9010763
880 0.8862115
881 0.1544558
882 0.08850732
883 1.747066e-12
884 0.001688781
885 0.003983935
886 0.006286683
887 1.120195e-05
888 0.6731244
889 0.7156187
890 0.0492905
891 0.001568884
892 0.06815141
893 0.03466437
894 0.5382135
895 0.09264357
896 0.002553979
897 0.0003817196
898 0.2863975
899 0.06883673
900 0.8430969
901 0.004093408
902 0.06829692
903 0.008110504
904 0.8798064
905 0.1453551
906 0.2151169
907 4.5348e-05
908 2.308141e-07
909 0.7494474
910 0.9605588
911 0.2735469
912 0.005878091
913 0.002081809
914 0.6902141
915 0.002256459
916 0.1236417
917 0.007784991
918 0.03058962
919 0.1635319
920 0.1531515
921 0.1738931
922 0.1335876
923 0.2861527
924 0.5584256
925 0.479211
926 0.03817312
927 0.0295731
928 0.4887276
929 0.02684497
930 0.02341182
931 4.099268e-06
932 0.1085639
933 0.001013376
934 0.181335
935 0.6163529
936 0.1721198
937 0.04789387
938 1.170158e-11
939 0.6470085
940 1.795171e-12
941 4.270988e-05
942 0.003830686
943 0.000303273
944 0.001465737
945 7.260179e-05
946 0.7795289
947 1.834393e-08
948 0.01378346
949 0.1082833
950 5.21901e-05
951 0.126218
952 0.663395
953 0.001345455
954 0.003463935
955 0.0001013662
956 0.1435865
957 0.002474478
958 0.9382898
959 0.325081
960 0.02249822
961 4.130107e-06
962 0.004958886
963 0.04598044
964 0.3083325
965 0.8637706
966 0.005911173
967 0.3132558
968 0.3991475
969 5.398055e-06
970 0.690326
971 0.7690749
972 0.0367399
973 0.004426306
974 0.005161521
975 0.1338605
976 0.0001728797
977 0.1708202
978 0.004775406
979 0.05376506
980 0.1068072
981 0.1194675
982 0.6012695
983 0.7410303
984 0.3744224
985 0.002932547
986 3.152498e-05
987 0.7403962
988 0.6825914
989 0.2210041
990 5.205746e-11
991 0.7060185
992 0.8804634
993 0.01472955
994 0.006938511
995 0.4193555
996 0.1142379
997 0.0106312
998 0.844729
999 0.002907011
1000 0.01026749
1001 0.000589045
1002 1.248383e-07
1003 0.6151764
1004 0.2776205
1005 0.0001146051
1006 0.03316252
1007 0.0007206744
1008 0.5945733
1009 0.06674842
1010 0.0165034
1011 7.396981e-07
1012 0.002603575
1013 0.1904519
1014 3.634751e-05
1015 0.009809884
1016 0.274663
1017 6.439956e-05
1018 0.0003951933
1019 0.01258411
1020 0.5427029
1021 0.6414701
1022 0.05469926
1023 0.1190422
1024 0.0008835598
1025 0.0103063
1026 0.02298121
1027 0.03900379
1028 0.002004383
1029 0.1111855
1030 0.0757119
1031 0.1110628
1032 0.0001708767
1033 0.008842922
1034 0.0005200431
1035 0.06113681
1036 0.1705843
1037 6.197009e-05
1038 0.1418079
1039 3.302762e-12
1040 0.0002048281
1041 0.06630626
1042 0.2603867
1043 0.01213295
1044 0.03291169
1045 0.153325
1046 0.01973224
1047 2.143325e-08
1048 0.004509357
1049 0.04973117
1050 0.4952977
1051 1.819541e-07
1052 0.06567187
1053 0.07135585
1054 0.01050735
1055 0.007163835
1056 0.01484302
1057 0.1325114
1058 0.002452371
1059 0.5555792
1060 0.01494824
1061 0.7683161
1062 0.1901601
1063 0.4910656
1064 0.5800484
1065 0.0001160378
1066 0.008733108
1067 0.3052376
1068 0.2894756
1069 0.4834646
1070 0.4850338
1071 0.04912128
1072 0.04982664
1073 0.001679905
1074 0.6300554
1075 0.0175566
1076 0.3325108
1077 0.6693999
1078 0.003519568
1079 0.4773078
1080 0.0005369527
1081 0.01998636
1082 0.4135313
1083 0.6267838
1084 0.001106681
1085 0.001903322
1086 0.3180529
1087 0.2602085
1088 3.389335e-08
1089 0.08930255
1090 9.542243e-08
1091 0.6414002
1092 0.008800114
1093 0.0003136909
1094 0.2478544
1095 0.00801254
1096 0.0001732237
1097 2.302962e-08
1098 0.6248509
1099 0.1061608
1100 0.7460905
1101 0.2843614
1102 2.900714e-07
1103 0.003195428
1104 0.02008775
1105 2.506548e-06
1106 0.05474064
1107 0.04161535
1108 0.5839235
1109 0.1361839
1110 0.2766766
1111 0.05493336
1112 0.0008557134
1113 0.2690102
1114 0.1951968
1115 0.001615876
1116 9.323368e-10
1117 0.4619112
1118 0.09366033
1119 0.5192334
1120 0.08266866
1121 0.2447958
1122 0.04612247
1123 0.2658956
1124 0.8646008
1125 0.006715538
1126 0.158565
1127 0.3442786
1128 0.4642235
1129 0.1836119
1130 1.359067e-07
1131 0.006139273
1132 0.003920669
1133 3.43216e-05
1134 0.04476502
1135 0.6285832
1136 0.2380648
1137 0.0008388325
1138 0.1475537
1139 0.2984901
1140 0.002910055
1141 0.8695277
1142 0.06102548
1143 0.01380291
1144 0.8038189
1145 6.247104e-10
1146 0.008481689
1147 0.003250382
1148 0.3965355
1149 0.4355945
1150 0.6148172
1151 0.1572278
1152 0.003169358
1153 0.01702477
1154 4.705121e-07
1155 0.02401405
1156 0.004286364
1157 0.8135519
1158 0.0002135528
1159 0.800389
1160 0.0250663
1161 0.04394873
1162 0.1150923
1163 0.005857683
1164 0.1171489
1165 0.0004993652
1166 0.1455351
1167 0.1079993
1168 4.588545e-06
1169 0.002494837
1170 0.01137135
1171 0.01141454
1172 0.8259158
1173 0.003600268
1174 0.1947344
1175 0.03647276
1176 3.132457e-05
1177 0.4113543
1178 0.01682
1179 0.0001092119
1180 0.5195041
1181 0.0003096597
1182 4.460963e-05
1183 0.4311134
1184 1.868361e-05
1185 4.215994e-06
1186 0.9014326
1187 0.1184819
1188 0.09149705
1189 0.7299781
1190 0.03872824
1191 0.9209397
1192 0.2962782
1193 2.592736e-06
1194 0.03266256
1195 4.733946e-05
1196 0.03651627
1197 0.08552328
1198 0.08795403
1199 0.00514851
1200 0.2646158
1201 0.2676846
1202 1.807152e-06
1203 0.8257934
1204 1.14296e-05
1205 0.0007708001
1206 0.0006931393
1207 2.204418e-08
1208 0.05130078
1209 0.9584749
1210 0.001831191
1211 0.002070789
1212 0.007936289
1213 0.11806
1214 0.001036234
1215 0.9725019
1216 0.001339442
1217 0.0001727767
1218 0.0002409191
1219 0.008014314
1220 0.02601484
1221 0.3976495
1222 0.1844086
1223 0.3602759
1224 0.006000137
1225 0.633699
1226 0.1872497
1227 0.2860486
1228 0.47697
1229 0.76631
1230 0.009370208
1231 0.05457636
1232 0.009279115
1233 0.1005615
1234 0.2903035
1235 0.0002389487
1236 0.4463441
1237 1.380384e-05
1238 0.431988
1239 0.00293895
1240 0.1167348
1241 0.0003075239
1242 0.04487949
1243 0.02028298
1244 0.001772675
1245 2.56827e-06
1246 0.2978819
1247 0.2993308
1248 0.5265953
1249 0.04717203
1250 0.08802367
1251 0.07274995
1252 0.004287419
1253 0.002824923
1254 0.756108
1255 0.01396557
1256 0.1051746
1257 0.1608839
1258 0.7434602
1259 0.08917278
1260 0.646253
1261 0.04316164
1262 0.08085268
1263 0.3903511
1264 0.001692025
1265 0.7755565
1266 0.3044825
1267 0.5026481
1268 0.319631
1269 0.1099643
1270 0.09231942
1271 0.8228307
1272 0.05085115
1273 0.02085174
1274 0.04893384
1275 0.01753308
1276 0.5292349
1277 0.001805225
1278 0.05891518
1279 0.01784474
1280 0.5199398
1281 0.3227676
1282 0.1233297
1283 0.02739731
1284 0.3396723
1285 0.3783223
1286 1.465206e-05
1287 0.6143504
1288 0.001387855
1289 0.009277012
1290 0.001918196
1291 2.874537e-07
1292 0.08638637
1293 0.08973101
1294 4.072505e-06
1295 1.045573e-07
1296 0.1744973
1297 0.0004605105
1298 0.3544875
1299 0.5589344
1300 9.897698e-06
1301 0.002360724
1302 0.3982229
1303 0.6904612
1304 0.2616571
1305 0.6992793
1306 0.0001038103
1307 0.2407671
1308 0.02576402
1309 0.01201164
1310 4.105127e-07
1311 0.710575
1312 0.1850868
1313 3.353196e-05
1314 0.1577708
1315 0.6079592
1316 2.963901e-07
1317 0.03057295
1318 0.7556521
1319 0.09582818
1320 0.02906627
1321 0.1376819
1322 8.323e-05
1323 0.2667904
1324 0.01126398
1325 0.06365142
1326 0.04076933
1327 0.1439639
1328 0.2259382
1329 0.002562038
1330 6.330689e-08
1331 0.3141054
1332 0.0006231026
1333 0.00169418
1334 0.727568
1335 0.07416891
1336 0.0409355
1337 0.06253137
1338 0.1184351
1339 0.4448527
1340 0.3517463
1341 0.2729093
1342 0.2767603
1343 0.285019
1344 0.0002803066
1345 0.1450088
1346 0.02413595
1347 0.02209764
1348 0.01374916
1349 0.0002879379
1350 0.0132913
1351 0.06641128
1352 4.952164e-05
1353 0.3146821
1354 0.0019466
1355 0.3532064
1356 0.7554619
1357 0.2275649
1358 0.02936626
1359 0.05886472
1360 0.7044752
1361 1.567865e-08
1362 0.6327209
1363 0.009618346
1364 0.1661273
1365 0.001067146
1366 0.009365413
1367 0.3925404
1368 5.066054e-05
1369 6.946103e-05
1370 0.001924482
1371 0.4463733
1372 0.3282888
1373 0.205695
1374 0.1477785
1375 0.0008612416
1376 0.0144365
1377 0.5692022
1378 0.1188256
1379 0.2183836
1380 0.6226665
1381 0.3661067
1382 0.0788629
1383 0.030984
1384 0.03482337
1385 0.009909669
1386 0.4295223
1387 0.02809137
1388 0.0350011
1389 0.01028919
1390 0.001650977
1391 2.628792e-06
1392 0.6535137
1393 4.129983e-05
1394 0.5350686
1395 0.001175302
1396 0.003242918
1397 0.0009734067
1398 0.001367055
1399 0.1192068
1400 0.1163295
1401 0.1323798
1402 0.2229988
1403 0.8449022
1404 0.2225032
1405 0.0003272122
1406 0.00288284
1407 0.4912646
1408 0.03038246
1409 0.02200037
1410 0.0002015602
1411 7.6142e-09
1412 0.1221118
1413 0.02263301
1414 0.5069311
1415 0.8767678
1416 0.4531198
1417 0.4810588
1418 0.1353641
1419 0.07274791
1420 0.1187368
1421 0.001880097
1422 0.002831905
1423 0.01649633
1424 0.9522344
1425 0.06096758
1426 0.3426843
1427 0.001063018
1428 0.003770871
1429 0.003405314
1430 0.2242824
1431 5.705062e-07
1432 0.1689104
1433 0.6768445
1434 0.1306286
1435 0.008471245
1436 0.7033312
1437 0.5636336
1438 0.7759054
1439 0.594339
1440 0.901607
1441 0.7104778
1442 0.1514919
1443 0.8995568
1444 0.7920547
1445 0.1442447
1446 0.4318964
1447 0.03093415
1448 0.8340833
1449 0.169372
1450 0.3090532
1451 0.01493521
1452 3.202429e-05
1453 0.0481932
1454 0.02063373
1455 0.179625
1456 0.009722453
1457 0.08860832
1458 0.4839347
1459 0.5145475
1460 0.1083354
1461 2.592614e-06
1462 0.03389631
1463 0.04129911
1464 0.6712883
1465 8.562808e-06
1466 0.0008534809
1467 0.5761179
1468 0.001508738
1469 0.6762469
1470 2.754815e-06
1471 0.004658386
1472 4.331886e-05
1473 0.3251781
1474 0.01158527
1475 0.1010464
1476 0.01645362
1477 0.7847948
1478 0.01863608
1479 0.001855931
1480 0.3026933
1481 0.103757
1482 0.3351458
1483 0.006246483
1484 0.00718824
1485 0.02726678
1486 5.6187e-05
1487 0.2914198
1488 0.6354755
1489 0.0007797192
1490 0.06264141
1491 0.002172423
1492 0.07891557
1493 0.06400149
1494 0.07424116
1495 0.01188225
1496 0.002164104
1497 0.006833348
1498 0.7279846
1499 4.181359e-08
1500 0.4762159
1501 0.5267629
1502 8.215252e-05
1503 0.2748843
1504 0.2088574
1505 8.423324e-05
1506 5.923011e-11
1507 1.567615e-07
1508 0.01098213
1509 0.5162249
1510 0.08349056
1511 0.0001445339
1512 0.009369978
1513 0.6890944
1514 0.01623185
1515 0.05531693
1516 0.000206773
1517 0.0002115475
1518 0.07062901
1519 1.075348e-08
1520 1.348694e-05
1521 2.80419e-06
1522 0.637669
1523 0.005493635
1524 0.002691759
1525 0.001022648
1526 0.4662546
1527 0.4560794
1528 0.3752781
1529 0.3634999
1530 0.1062751
1531 0.005344963
1532 0.2646038
1533 0.0009511335
1534 0.7263344
1535 0.8280967
1536 0.1330541
1537 0.01274954
1538 0.7387078
1539 9.966898e-11
1540 0.006786438
1541 0.002933031
1542 0.0152
1543 0.03468123
1544 0.4195092
1545 3.907236e-06
1546 4.489622e-05
1547 0.01126719
1548 8.18058e-07
1549 0.3071384
1550 0.006118681
1551 0.01774642
1552 0.1352741
1553 1.664832e-06
1554 0.0001643537
1555 0.465316
1556 0.1051896
1557 0.1778552
1558 0.02379927
1559 0.3560041
1560 0.1281724
1561 0.006205327
1562 0.01519213
1563 0.6137636
1564 0.001912557
1565 0.01358165
1566 0.2062499
1567 6.398903e-06
1568 0.0003355098
1569 4.800652e-05
1570 0.01157666
1571 1.852868e-05
1572 0.08469015
1573 0.5490537
1574 0.1800201
1575 0.2320839
1576 0.4378313
1577 0.3892902
1578 0.04180015
1579 0.009287648
1580 0.007778946
1581 0.4679847
1582 0.0001188875
1583 0.5824785
1584 0.004774217
1585 6.302946e-07
1586 0.008971616
1587 0.0002156113
1588 0.2822618
1589 0.001322976
1590 0.3378566
1591 2.073241e-08
1592 0.002011761
1593 0.4735958
1594 0.004815544
1595 0.1793834
1596 0.2065092
1597 0.4168244
1598 0.001936532
1599 0.02252933
1600 0.7339593
1601 0.02713358
1602 0.04788227
1603 0.5779395
1604 0.1385563
1605 0.07870774
1606 0.1435866
1607 0.0008906094
1608 0.06956376
1609 0.03538324
1610 0.5562763
1611 2.136246e-06
1612 0.623373
1613 0.1509185
1614 0.1093883
1615 0.05115723
1616 0.05010726
1617 0.1443498
1618 0.4666148
1619 0.8489444
1620 0.05562665
1621 0.1523735
1622 0.202557
1623 0.0001406468
1624 1.693546e-07
1625 0.006124325
1626 0.8161351
1627 0.5569524
1628 0.02172057
1629 0.2448384
1630 0.01421972
1631 0.002287313
1632 0.0004581718
1633 0.1481432
1634 0.0006737892
1635 7.344411e-07
1636 0.1099639
1637 7.960082e-05
1638 0.006309082
1639 0.5005756
1640 0.8646739
1641 0.6807802
1642 0.3759656
1643 0.267265
1644 0.001045963
1645 0.608448
1646 0.0003723065
1647 0.4917947
1648 0.482454
1649 0.5945561
1650 0.3058641
1651 0.04934952
1652 2.82489e-09
1653 0.1266201
1654 0.001945998
1655 0.001314569
1656 0.3972124
1657 4.741681e-05
1658 0.08445542
1659 0.07036346
1660 0.04709885
1661 0.181575
1662 0.05159682
1663 0.007981104
1664 0.09599247
1665 0.5570179
1666 0.002406225
1667 0.0004446397
1668 0.0580698
1669 0.2719592
1670 0.009949571
1671 0.6326429
1672 0.009522466
1673 0.04015539
1674 0.4291302
1675 0.1322782
1676 0.00225408
1677 0.01382854
1678 0.002558008
1679 0.006589263
1680 2.361709e-05
1681 0.4303938
1682 0.0001064741
1683 0.2272008
1684 0.0002081641
1685 0.03293655
1686 0.004139143
1687 0.2573034
1688 0.8738984
1689 0.09322869
1690 3.298057e-05
1691 0.01906708
1692 0.0562315
1693 0.06746398
1694 0.02597975
1695 0.1961315
1696 0.08779769
1697 0.06885562
1698 0.4366148
1699 0.8908167
1700 0.07408287
1701 7.160816e-13
1702 0.9100764
1703 7.599575e-06
1704 9.609841e-06
1705 0.4932719
1706 0.3492177
1707 0.7266127
1708 0.003593877
1709 0.1821924
1710 0.01046473
1711 0.810369
1712 2.823016e-05
1713 0.005338282
1714 0.4144701
1715 0.1582229
1716 0.02292824
1717 0.4623535
1718 0.06834912
1719 0.5769106
1720 0.04350619
1721 0.3220688
1722 0.3081462
1723 0.3742057
1724 0.9724439
1725 0.6463067
1726 2.318519e-05
1727 4.823476e-07
1728 0.5144263
1729 0.9319954
1730 0.08605986
1731 0.01084661
1732 0.2309334
1733 0.4481942
1734 0.6742329
1735 0.5157116
1736 0.1655741
1737 0.0005489993
1738 0.3782847
1739 0.02201383
1740 0.009669573
1741 0.2398329
1742 0.002205317
1743 9.950169e-07
1744 0.0001609466
1745 0.3709484
1746 1.849866e-05
1747 0.02809269
1748 0.001399774
1749 0.05559353
1750 5.112448e-05
1751 0.04683059
1752 0.5999049
1753 0.1568042
1754 0.1053493
1755 0.1306338
1756 0.001641471
1757 0.151673
1758 0.4939674
1759 0.01924903
1760 0.1420609
1761 0.4697298
1762 0.0003313387
1763 1.732003e-08
1764 0.6115792
1765 0.04979945
1766 0.485074
1767 0.2353307
1768 5.090341e-09
1769 0.03281644
1770 1.589047e-06
1771 0.061526
1772 0.01066574
1773 0.2084148
1774 0.0148748
1775 0.01348429
1776 0.6693571
1777 7.114195e-06
1778 0.09237058
1779 0.6656208
1780 3.122277e-05
1781 1.257024e-08
1782 0.8791913
1783 2.579866e-06
1784 0.02751296
1785 0.0002235382
1786 0.00560959
1787 0.002544172
1788 0.002827885
1789 0.5474773
1790 0.007575201
1791 0.03846832
1792 0.4854676
1793 1.99465e-08
1794 0.00341215
1795 0.0858682
1796 0.3562026
1797 0.007619568
1798 0.1186885
1799 0.1082652
1800 0.127476
1801 0.06840137
1802 0.05440661
1803 0.03816682
1804 0.006508652
1805 0.003041626
1806 0.813135
1807 3.902715e-05
1808 0.1347086
1809 0.006322877
1810 0.2280508
1811 0.1610629
1812 0.8092695
1813 0.03654557
1814 0.4001268
1815 0.01012931
1816 0.01006462
1817 0.002237425
1818 0.02647484
1819 0.7893127
1820 0.1716368
1821 0.05384743
1822 0.07062303
1823 0.5754844
1824 0.01410364
1825 0.09616381
1826 0.1019925
1827 0.6967592
1828 0.545999
1829 0.0002164059
1830 0.05095606
1831 0.8851372
1832 0.01378506
1833 0.2861808
1834 0.02938349
1835 0.0003878669
1836 0.06424945
1837 2.806727e-05
1838 0.01055058
1839 2.408865e-06
1840 0.437208
1841 0.1342275
1842 0.03815808
1843 0.0002987736
1844 0.001233972
1845 0.1295274
1846 0.01506034
1847 0.653202
1848 0.08087565
1849 0.004622734
1850 0.4000488
1851 0.8010351
1852 0.06847506
1853 0.5439816
1854 0.1851931
1855 0.9842983
1856 0.6469108
1857 0.2765004
1858 0.7327395
1859 0.2824132
1860 0.112709
1861 0.677213
1862 0.1296179
1863 0.01114099
1864 0.06404711
1865 0.1554583
1866 0.3481084
1867 6.808969e-05
1868 0.3778107
1869 1.983125e-05
1870 0.0003261348
1871 0.1550382
1872 0.02569998
1873 0.6729698
1874 0.9644989
1875 0.01051485
1876 0.4367968
1877 0.009968909
1878 0.08370312
1879 0.7997639
1880 0.1143201
1881 0.01288922
1882 0.8843546
1883 0.09254226
1884 0.05401585
1885 0.02174318
1886 0.007306039
1887 0.7815247
1888 0.6564263
1889 0.2719247
1890 0.1569582
1891 0.09025768
1892 0.07480694
1893 0.04576614
1894 0.3813662
1895 0.2327025
1896 0.05727541
1897 0.02689839
1898 1.199387e-08
1899 0.02048709
1900 0.1606833
1901 0.120269
1902 0.00213398
1903 0.2509232
1904 0.001052281
1905 9.81597e-07
1906 0.3249797
1907 0.2426608
1908 1.670301e-07
1909 0.1782435
1910 0.001869222
1911 0.01901576
1912 0.09814895
1913 0.2951708
1914 9.683465e-07
1915 0.2027124
1916 0.2597333
1917 4.201555e-10
1918 0.0001391883
1919 0.1650951
1920 0.8595689
1921 0.01211838
1922 0.1493207
1923 0.8546835
1924 0.00483844
1925 0.009864152
1926 4.953742e-05
1927 0.2655802
1928 0.05329604
1929 0.1247096
1930 0.005488169
1931 0.02435139
1932 3.589405e-05
1933 0.04191796
1934 0.6677326
1935 0.05535095
1936 0.000132977
1937 0.3016447
1938 0.0001332096
1939 0.009473836
1940 0.2088303
1941 0.1279036
1942 0.3705007
1943 0.3222387
1944 0.7901339
1945 0.3005503
1946 0.02929186
1947 0.5587894
1948 0.293943
1949 0.9560329
1950 0.0004976119
1951 0.05760329
1952 1.931713e-06
1953 0.5533878
1954 0.6786237
1955 4.24788e-05
1956 7.903508e-06
1957 0.005230492
1958 0.05771255
1959 0.2427253
1960 0.1589712
1961 0.0006942917
1962 0.5866138
1963 0.03320318
1964 0.0003708328
1965 0.591721
1966 0.05882588
1967 0.5450338
1968 0.2009403
1969 0.4663972
1970 0.004896305
1971 0.03312047
1972 6.381212e-05
1973 0.0003831999
1974 0.001861581
1975 0.03636338
1976 2.556617e-08
1977 0.01139429
1978 0.5436786
1979 0.6696085
1980 0.01379669
1981 0.6111991
1982 0.016327
1983 0.102777
1984 0.001466755
1985 0.1108014
1986 0.02196207
1987 0.4591073
1988 0.01551474
1989 7.818216e-08
1990 0.009852927
1991 0.001002797
1992 0.2377892
1993 0.002052351
1994 0.001586995
1995 0.1697273
1996 0.004126168
1997 0.1044331
1998 0.201541
1999 0.2934823
2000 0.4649299
2001 0.6141509
2002 0.06159407
2003 0.3273663
2004 0.1238964
2005 0.2914966
2006 0.03556765
2007 0.3331778
2008 0.02072227
2009 0.09033895
2010 0.7992396
2011 0.3425392
2012 0.688005
2013 0.07526916
2014 0.3041674
2015 0.005883896
2016 0.02861249
2017 0.08451605
2018 0.3092343
2019 0.09419712
2020 0.01486774
2021 0.07538592
2022 0.7013232
2023 0.0001031137
2024 0.7226083
2025 0.005520571
2026 0.267463
2027 0.0005638561
2028 0.7026558
2029 0.03717617
2030 0.3073296
2031 0.002405114
2032 2.197642e-05
2033 0.0456242
2034 0.3835395
2035 0.02072671
2036 0.8546136
2037 1.427472e-05
2038 7.152534e-05
2039 0.0198216
2040 0.00345321
2041 0.1274995
2042 0.01360095
2043 0.2043075
2044 0.001906586
2045 0.01929778
2046 0.01155455
2047 0.1470494
2048 5.052611e-07
2049 0.9336888
2050 0.009662646
2051 0.63959
2052 0.04875158
2053 0.1879893
2054 0.01496125
2055 0.01082242
2056 0.004874012
2057 0.0001426425
2058 0.000193633
2059 0.7809781
2060 0.6481575
2061 0.003693881
2062 0.048732
2063 0.5187467
2064 0.2349891
2065 0.4384094
2066 0.05436094
2067 0.04287714
2068 0.004679852
2069 0.8463235
2070 0.04480764
2071 0.4447172
2072 0.07144446
2073 0.292478
2074 0.240587
2075 0.02354199
2076 0.007219713
2077 0.1374213
2078 0.0009943483
2079 0.0001247137
2080 0.0332999
2081 0.005126911
2082 0.0001925233
2083 0.0001708648
2084 0.5236778
2085 0.01337399
2086 0.2760952
2087 0.01036582
2088 0.1876404
2089 0.3057579
2090 0.0007102221
2091 0.1912509
2092 0.00297799
2093 0.4458027
2094 0.03126642
2095 0.1042924
2096 0.04724896
2097 0.1527382
2098 0.3582682
2099 0.01572637
2100 0.2082325
2101 0.6985342
2102 0.9370283
2103 0.1433677
2104 0.1380664
2105 0.09549769
2106 5.127214e-12
2107 0.3285078
2108 3.124249e-06
2109 0.02757836
2110 1.094565e-05
2111 0.2631801
2112 0.00216392
2113 0.064242
2114 0.01264723
2115 0.5393393
2116 1.435891e-06
2117 0.8180452
2118 0.04444715
2119 5.249803e-05
2120 0.4927272
2121 0.4072617
2122 0.1632842
2123 0.4789226
2124 0.3052355
2125 0.01512106
2126 0.002512815
2127 0.03677595
2128 0.02147289
2129 2.039875e-06
2130 0.01113942
2131 0.002299934
2132 1.365004e-06
2133 0.002199607
2134 0.1614322
2135 0.271143
2136 0.001629628
2137 0.07836111
2138 0.05025731
2139 0.06787129
2140 0.306834
2141 0.4631635
2142 0.02425068
2143 2.67554e-07
2144 7.154958e-07
2145 0.0001738752
2146 0.3499993
2147 0.2991821
2148 0.0001370937
2149 0.001993469
2150 5.452299e-05
2151 0.7915478
2152 4.364886e-05
2153 4.653605e-06
2154 0.4131284
2155 0.007762784
2156 0.001053266
2157 0.7238857
2158 0.8477624
2159 0.7754803
2160 0.0002114781
2161 0.08017016
2162 0.01739134
2163 0.04751132
2164 0.0686372
2165 0.2841428
2166 0.6571229
2167 0.0145594
2168 0.870798
2169 0.4805512
2170 3.185256e-07
2171 0.2028162
2172 0.2602493
2173 0.493631
2174 0.8318172
2175 0.001229083
2176 0.1541098
2177 0.00496263
2178 0.1317661
2179 0.01645275
2180 0.003228682
2181 0.08109813
2182 2.107799e-05
2183 0.3370841
2184 0.6367972
2185 0.02763057
2186 0.1810898
2187 0.03654873
2188 0.3841233
2189 0.01685227
2190 0.0005935172
2191 0.3836489
2192 0.01298788
2193 0.003925281
2194 2.775727e-05
2195 0.502844
2196 0.02092968
2197 0.001604522
2198 0.0005400917
2199 0.1980091
2200 0.0001391254
2201 0.09680391
2202 0.0002051906
2203 0.001771575
2204 0.2785467
2205 0.336314
2206 0.001258283
2207 0.04059597
2208 7.691201e-08
2209 0.08471935
2210 0.00224787
2211 0.0009041944
2212 0.2633798
2213 1.340848e-06
2214 0.8070746
2215 0.04950165
2216 0.001034771
2217 0.2475788
2218 0.02471759
2219 2.971866e-06
2220 0.1229335
2221 2.669749e-10
2222 0.006879334
2223 0.1222355
2224 1.205633e-06
2225 0.07570631
2226 0.001043841
2227 0.6645975
2228 2.77318e-07
2229 0.001149478
2230 0.9106336
2231 0.00984684
2232 0.03516011
2233 0.05393001
2234 0.3665146
2235 0.0004685288
2236 0.8819368
2237 0.0535912
2238 0.0003297763
2239 0.7045498
2240 0.08411383
2241 0.4789841
2242 0.03194004
2243 9.044514e-05
2244 0.2200959
2245 0.02539803
2246 0.3453537
2247 0.1549954
2248 0.0001256599
2249 0.1558686
2250 0.003014052
2251 0.0004656489
2252 0.2617458
2253 0.3889191
2254 5.897683e-05
2255 0.4981798
2256 0.04263982
2257 0.4041617
2258 0.3126043
2259 1.083948e-07
2260 0.002552525
2261 0.0004255874
2262 0.01652307
2263 0.2357158
2264 0.06039084
2265 0.3943573
2266 0.1804849
2267 0.02187824
2268 0.03928001
2269 0.2662913
2270 0.7350339
2271 0.4496203
2272 0.1236149
2273 0.02296658
2274 0.3350558
2275 0.005930822
2276 0.29511
2277 0.2963427
2278 0.5689352
2279 0.02272727
2280 0.3644178
2281 0.2402164
2282 0.0002734148
2283 0.7286405
2284 0.02160524
2285 0.008714654
2286 0.001684002
2287 0.07851722
2288 0.01979702
2289 0.5612464
2290 0.6631435
2291 0.001800851
2292 6.705402e-05
2293 0.4500631
2294 0.0002266008
2295 0.9614553
2296 0.007086275
2297 0.01019014
2298 0.0002504868
2299 0.03172707
2300 0.6637465
2301 0.03229469
2302 0.02414744
2303 0.5950746
2304 0.0003751131
2305 0.2447013
2306 0.0003546232
2307 0.3247942
2308 0.04385044
2309 0.0002630003
2310 0.6126913
2311 0.002163038
2312 0.0006546826
2313 0.0009925105
2314 0.6328611
2315 3.45903e-06
2316 0.5584329
2317 0.01652467
2318 0.02384709
2319 0.2084242
2320 0.01173109
2321 0.09336156
2322 0.1242556
2323 3.674307e-08
2324 0.2416908
2325 0.7918067
2326 0.04229621
2327 0.661644
2328 0.3226702
2329 0.5810373
2330 0.3872785
2331 0.0009533851
2332 0.1506568
2333 0.0215272
2334 0.08956775
2335 0.4063488
2336 0.06116174
2337 0.2648304
2338 0.06235841
2339 0.0791685
2340 0.09005251
2341 1.284857e-06
2342 0.3073564
2343 0.03129068
2344 0.01683961
2345 0.269439
2346 1.226848e-07
2347 0.005504073
2348 0.04658953
2349 0.5850868
2350 4.826923e-09
2351 0.001443015
2352 0.008752468
2353 0.01943012
2354 0.2196791
2355 0.2147055
2356 0.6614057
2357 0.03459717
2358 0.1840466
2359 0.2412826
2360 0.01683153
2361 0.07838843
2362 0.01532805
2363 0.4221349
2364 0.9272191
2365 4.248424e-06
2366 0.9324333
2367 0.0001322117
2368 0.9096302
2369 0.4637831
2370 0.773842
2371 0.001629151
2372 0.3826726
2373 0.6787457
2374 0.01716442
2375 0.1572151
2376 0.0001165648
2377 0.0002187748
2378 7.861181e-05
2379 0.2414581
2380 0.01558953
2381 0.0559365
2382 0.04121932
2383 0.007404088
2384 0.0003849484
2385 0.02585231
2386 0.4319372
2387 0.6432801
2388 0.2505576
2389 0.004778296
2390 0.6544144
2391 0.06394978
2392 0.3970481
2393 0.09804639
2394 0.003315919
2395 0.6421982
2396 0.4373668
2397 0.5592106
2398 0.01820258
2399 0.5800282
2400 0.0001547224
2401 0.002049176
2402 0.4241084
2403 0.5981661
2404 0.1559845
2405 0.765884
2406 0.1691157
2407 0.1130539
2408 0.1453294
2409 0.001840361
2410 0.0002941969
2411 0.001636972
2412 0.08746666
2413 0.03716102
2414 0.003593951
2415 0.0002983219
2416 1.909087e-05
2417 0.1540501
2418 0.1274367
2419 0.2269216
2420 0.1797291
2421 0.003895416
2422 0.1496683
2423 0.3916629
2424 0.4212546
2425 0.5247642
2426 0.001008533
2427 0.2546763
2428 0.756336
2429 0.01141453
2430 0.1345067
2431 0.1354443
2432 0.03193499
2433 0.07726344
2434 0.0114632
2435 0.003847261
2436 0.5247069
2437 0.8902226
2438 0.008784736
2439 0.002769974
2440 0.2754419
2441 0.002658009
2442 0.3628511
2443 0.005384645
2444 4.526517e-05
2445 0.2029319
2446 0.6433352
2447 1.266322e-06
2448 0.04511319
2449 0.2771999
2450 0.02015878
2451 0.2043396
2452 0.0993569
2453 0.008368076
2454 5.85599e-07
2455 1.436204e-05
2456 0.6082953
2457 0.00157171
2458 0.000114207
2459 0.2655063
2460 0.7394965
2461 0.1084699
2462 0.001434436
2463 0.0322224
2464 3.790438e-06
2465 0.2395109
2466 0.8619728
2467 0.5220847
2468 0.0051068
2469 0.003375999
2470 0.1326602
2471 0.007109379
2472 0.1961923
2473 0.4086132
2474 0.02414341
2475 0.007623987
2476 0.01300429
2477 0.9807506
2478 0.6948428
2479 0.8675973
2480 0.1567008
2481 2.693597e-08
2482 0.08752659
2483 0.2898547
2484 0.02401264
2485 0.02309375
2486 0.0001931473
2487 0.04574693
2488 0.000580399
2489 0.001968138
2490 0.02044981
2491 0.5373065
2492 0.02862131
2493 0.03573199
2494 0.2314837
2495 0.6131116
2496 0.03568773
2497 0.05895596
2498 0.006953686
2499 0.07762846
2500 0.003991478
2501 0.1271353
2502 0.1523411
2503 0.01554165
2504 0.02947231
2505 0.3731458
2506 0.8123796
2507 0.02460645
2508 0.9383062
2509 0.001145629
2510 0.02432457
2511 0.2962228
2512 0.02736526
2513 0.2884623
2514 0.7354264
2515 0.0001100905
2516 0.1881242
2517 1.46998e-05
2518 6.440115e-05
2519 0.01437084
2520 0.2243816
2521 0.08855119
2522 0.5809438
2523 0.004694915
2524 0.0001596214
2525 0.03790237
2526 0.01409283
2527 5.097258e-09
2528 0.01640548
2529 0.02299336
2530 0.1930947
2531 0.0003889037
2532 0.001545879
2533 2.849919e-08
2534 2.567905e-05
2535 0.6719925
2536 0.0009874577
2537 0.001241023
2538 0.2052709
2539 0.04220128
2540 0.1738741
2541 0.004451441
2542 0.0008113762
2543 0.05923583
2544 0.08375934
2545 0.07688227
2546 0.04223285
2547 0.772618
2548 0.006686475
2549 0.5000291
2550 4.956673e-07
2551 0.05748121
2552 0.0313624
2553 0.1188022
2554 0.01204279
2555 0.000761558
2556 0.1278025
2557 0.06750283
2558 0.5393939
2559 0.2270089
2560 0.00365955
2561 0.02451325
2562 0.6743311
2563 0.6844919
2564 0.01342417
2565 0.03929671
2566 0.1709382
2567 0.3873653
2568 0.02380233
2569 0.9365254
2570 0.001580756
2571 0.008960363
2572 0.4236995
2573 0.05065277
2574 0.01095508
2575 0.2893034
2576 0.09858385
2577 0.2129688
2578 0.5957547
2579 0.2543314
2580 0.9798261
2581 0.6807253
2582 0.0005892776
2583 2.733287e-05
2584 0.4196102
2585 0.07526335
2586 0.2161411
2587 0.1251145
2588 0.03066197
2589 0.9913102
2590 0.01285109
2591 4.583903e-05
2592 0.0229648
2593 0.02420352
2594 0.117876
2595 0.2772838
2596 0.02707773
2597 1.551247e-05
2598 0.5801557
2599 5.652191e-06
2600 0.6086584
2601 0.01835114
2602 0.6170574
2603 0.9093521
2604 0.07026011
2605 0.005171477
2606 0.0004394895
2607 0.04823099
2608 0.5317263
2609 0.5382861
2610 1.97339e-05
2611 0.2685614
2612 0.8609225
2613 0.1981891
2614 0.2599396
2615 0.201093
2616 0.0003626452
2617 0.3188124
2618 0.01537654
2619 0.5085232
2620 0.8425386
2621 0.002431977
2622 5.774028e-05
2623 0.4495247
2624 0.1835447
2625 0.09060509
2626 0.01881011
2627 0.05842248
2628 0.1727022
2629 0.09977815
2630 0.5264608
2631 0.072482
2632 0.009185619
2633 3.293004e-08
2634 0.04342167
2635 3.989161e-05
2636 0.006225152
2637 0.001080628
2638 0.4806381
2639 0.3382067
2640 0.2171224
2641 0.1734063
2642 0.1951607
2643 0.02695464
2644 0.03158831
2645 3.528178e-06
2646 0.1865359
2647 0.009309773
2648 0.03936914
2649 0.006973098
2650 0.2644192
2651 0.003293001
2652 1.292836e-09
2653 0.0007421931
2654 0.04221745
2655 8.375687e-10
2656 5.36693e-05
2657 0.02684273
2658 0.03329772
2659 1.078295e-08
2660 0.4122129
2661 0.02717428
2662 3.620543e-05
2663 0.2420672
2664 0.00820229
2665 1.604158e-05
2666 0.002635221
2667 0.01882128
2668 0.008056308
2669 0.1348767
2670 0.1491988
2671 0.003147595
2672 0.1494644
2673 0.02298842
2674 0.3442399
2675 0.4652579
2676 0.06835585
2677 0.0005955233
2678 0.0004731167
2679 0.003241738
2680 0.303592
2681 9.513972e-06
2682 0.8806846
2683 0.1827773
2684 0.006081577
2685 0.05350308
2686 0.01980879
2687 0.003177527
2688 0.5163707
2689 0.2168721
2690 0.02409814
2691 0.1722323
2692 0.004902228
2693 0.1086211
2694 0.5828358
2695 0.02349749
2696 0.3886813
2697 3.966078e-05
2698 0.01796531
2699 0.3882015
2700 0.0004657148
2701 0.6480723
2702 1.20027e-09
2703 0.03272947
2704 0.0002421284
2705 0.003314825
2706 0.4715495
2707 0.8702823
2708 0.0095259
2709 0.02244771
2710 0.0005815671
2711 0.2915957
2712 0.0236433
2713 0.04949522
2714 0.00309029
2715 3.137313e-05
2716 0.0003798827
2717 0.04071861
2718 0.363382
2719 0.1443118
2720 0.7458257
2721 0.436379
2722 0.0584324
2723 0.2446092
2724 0.03277726
2725 0.4105082
2726 0.0007109869
2727 7.771454e-06
2728 0.03264416
2729 0.007029152
2730 0.5100563
2731 0.8996654
2732 0.1003972
2733 8.68909e-08
2734 0.5763538
2735 0.01046346
2736 0.002379177
2737 0.08249588
2738 0.003319587
2739 0.06554583
2740 4.066473e-06
2741 0.002627814
2742 0.8402289
2743 0.001266159
2744 0.000138826
2745 0.003700902
2746 0.03730453
2747 0.001052319
2748 0.3878389
2749 0.2340967
2750 0.7286598
2751 0.05036127
2752 0.001943055
2753 0.03229996
2754 1.234788e-05
2755 0.6171039
2756 0.01485258
2757 0.3730862
2758 0.6752666
2759 0.1201129
2760 0.02711917
2761 0.008705442
2762 0.4794007
2763 0.3221763
2764 0.5534561
2765 0.0001319372
2766 0.5739663
2767 0.5789116
2768 0.002244405
2769 0.1427045
2770 0.001198853
2771 0.0600925
2772 0.003883648
2773 0.3696169
2774 4.558756e-12
2775 0.1567057
2776 0.9461095
2777 0.0001573362
2778 0.5372863
2779 0.6336966
2780 0.00131757
2781 0.6733652
2782 0.3920178
2783 0.2412192
2784 0.0009682201
2785 0.002264631
2786 0.05361968
2787 1.328809e-06
2788 0.2224689
2789 5.412599e-06
2790 1.127052e-05
2791 0.00200076
2792 0.002705693
2793 0.2000626
2794 4.156215e-06
2795 0.9020671
2796 0.8629792
2797 0.08974618
2798 0.04059931
2799 0.2252458
2800 1.583915e-05
2801 2.029508e-05
2802 0.4638217
2803 0.001360923
2804 0.0002091845
2805 0.2325184
2806 1.995871e-05
2807 0.00398544
2808 0.2020218
2809 0.9857199
2810 0.01949004
2811 0.2648236
2812 0.07594088
2813 1.231324e-05
2814 0.0143636
2815 0.5269865
2816 0.3856054
2817 0.008669022
2818 0.3979624
2819 0.385362
2820 0.7141869
2821 0.2941706
2822 0.06195929
2823 0.5091711
2824 0.07417633
2825 9.539687e-06
2826 0.001401655
2827 0.01036409
2828 0.4613297
2829 0.06302578
2830 0.002612945
2831 0.006982106
2832 0.001813474
2833 6.773122e-05
2834 0.2287022
2835 0.004711552
2836 0.09948227
2837 0.9590316
2838 0.1500469
2839 0.2324422
2840 0.9460028
2841 0.09003971
2842 0.2138728
2843 0.04826236
2844 0.01487325
2845 0.002849441
2846 5.137195e-11
2847 0.4313078
2848 0.1220701
2849 0.2087
2850 0.03743567
2851 6.629787e-05
2852 0.09192151
2853 0.03859628
2854 0.2782497
2855 0.1137185
2856 0.007855375
2857 0.007101801
2858 0.0004443586
2859 0.0007936874
2860 0.001781183
2861 0.4374723
2862 0.005706441
2863 0.1305164
2864 0.00176038
2865 0.2341058
2866 0.1951997
2867 0.2865287
2868 0.1065163
2869 3.144477e-05
2870 0.4243921
2871 0.2267883
2872 0.0008084581
2873 0.4653505
2874 9.830903e-16
2875 0.3714653
2876 0.003318942
2877 0.05882886
2878 0.1601403
2879 0.0002752716
2880 0.0001286261
2881 0.07100546
2882 0.1058218
2883 0.3447075
2884 0.07195158
2885 0.9207045
2886 0.005544593
2887 0.2129292
2888 7.825211e-06
2889 8.144409e-06
2890 0.02789872
2891 0.02840808
2892 0.02526265
2893 0.004720101
2894 0.3823143
2895 0.0002801644
2896 0.3631771
2897 0.427594
2898 0.1816401
2899 0.710288
2900 0.01349954
2901 0.01730569
2902 0.08395577
2903 0.001398942
2904 0.1033296
2905 0.0001995552
2906 4.092382e-08
2907 0.1196184
2908 0.2360857
2909 0.04979408
2910 0.01732699
2911 0.05951411
2912 0.8313816
2913 0.5883471
2914 0.3072764
2915 0.05868789
2916 0.005294942
2917 0.005738376
2918 0.2802007
2919 8.889457e-06
2920 0.2417256
2921 4.341608e-05
2922 0.005497154
2923 0.6036168
2924 0.2648874
2925 0.09714435
2926 0.01446124
2927 0.3148458
2928 0.0447967
2929 0.01312736
2930 0.1661678
2931 0.1460503
2932 0.1712157
2933 0.00214657
2934 0.000408129
2935 0.958099
2936 0.002440459
2937 0.3530805
2938 0.1816519
2939 1.367177e-05
2940 0.01238726
2941 0.09046205
2942 0.002939851
2943 0.08026893
2944 0.009851847
2945 0.0004460128
2946 0.0254953
2947 5.105173e-07
2948 0.005452963
2949 0.06067151
2950 0.4349925
2951 0.3575306
2952 0.7931192
2953 0.002562132
2954 0.04850986
2955 0.2660659
2956 0.02513449
2957 0.03296623
2958 0.001901192
2959 0.3550659
2960 0.05665673
2961 0.8704695
2962 5.867531e-05
2963 0.2194631
2964 1.137919e-08
2965 0.01466584
2966 0.2041437
2967 0.8575846
2968 0.001142891
2969 0.4615491
2970 0.1808526
2971 0.01229797
2972 0.05417813
2973 0.005846209
2974 0.254598
2975 0.04069991
2976 0.9565602
2977 0.0002680244
2978 0.0001633835
2979 0.002982854
2980 0.0007708511
2981 0.01522339
2982 0.0001437092
2983 0.01821856
2984 0.1055694
2985 0.008227599
2986 0.0002002214
2987 0.07325714
2988 0.06372917
2989 0.005645833
2990 0.04176814
2991 0.003474007
2992 0.1897563
2993 0.5187844
2994 0.008325787
2995 0.0162515
2996 0.00146995
2997 0.8098503
2998 0.00329385
2999 2.411005e-07
3000 0.1991306
3001 0.8438238
3002 0.002412087
3003 0.04450172
3004 0.9886903
3005 0.06873828
3006 0.5266711
3007 0.5747055
3008 8.967334e-05
3009 0.002599091
3010 0.1387552
3011 0.769237
3012 0.09257763
3013 0.00070214
3014 0.644659
3015 0.3541784
3016 0.05791289
3017 0.005732429
3018 0.001994138
3019 0.08678343
3020 0.1003402
3021 0.7294934
3022 0.3035929
3023 4.522256e-05
3024 1.299578e-07
3025 0.0049714
3026 0.01575378
3027 0.3306896
3028 0.2580853
3029 0.05710901
3030 0.1547486
3031 0.3120952
3032 7.093356e-05
3033 1.206076e-10
3034 0.0001923257
3035 0.3847448
3036 1.107275e-07
3037 0.03361149
3038 0.001153619
3039 0.005842559
3040 0.2431476
3041 0.3962641
3042 0.009172002
3043 0.9815099
3044 0.2341328
3045 0.1109094
3046 0.8602152
3047 0.8210947
3048 0.1012549
3049 3.914626e-09
3050 0.6388794
3051 0.2110823
3052 0.6303262
3053 0.3723278
3054 0.01289406
3055 0.6607662
3056 0.2787233
3057 0.1427836
3058 2.485901e-05
3059 0.3867036
3060 0.003052381
3061 2.817163e-05
3062 0.01625879
3063 0.5899378
3064 0.07303233
3065 0.005311183
3066 0.001463693
3067 0.3543735
3068 0.003356579
3069 0.0003589288
3070 0.5006853
3071 0.001363383
3072 0.1669836
3073 0.1062186
3074 0.100495
3075 0.002959563
3076 0.0006949784
3077 0.2245708
3078 0.3309016
3079 0.001590991
3080 0.02997887
3081 0.0003834212
3082 3.447765e-06
3083 0.09141617
3084 0.04635774
3085 0.198317
3086 0.3297647
3087 0.009318241
3088 0.05135258
3089 0.004473939
3090 0.0002965317
3091 4.39096e-05
3092 0.7280367
3093 0.001004608
3094 0.1946732
3095 0.4965914
3096 0.02614398
3097 0.4021241
3098 0.2402087
3099 0.01510003
3100 0.1365668
3101 4.011765e-05
3102 0.3212991
3103 0.0008348535
3104 0.2275051
3105 0.2007489
3106 0.2075131
3107 0.00879611
3108 0.04498206
3109 0.5349223
3110 0.01254368
3111 0.1876199
3112 0.5441402
3113 0.3349603
3114 0.04206759
3115 0.2251965
3116 0.07440483
3117 0.1729863
3118 0.2042638
3119 4.240616e-07
3120 0.005146047
3121 0.9976693
3122 0.3042921
3123 0.0243467
3124 0.03216748
3125 3.085127e-06
3126 0.182096
3127 4.829204e-07
3128 0.0001176576
3129 0.1042849
3130 0.1960159
3131 0.0001354675
3132 0.06843924
3133 0.4572613
3134 0.8139306
3135 0.7349647
3136 0.001266927
3137 0.005345348
3138 0.000344789
3139 0.3031415
3140 0.3283182
3141 0.2871578
3142 0.4290289
3143 0.0751161
3144 0.3898725
3145 0.6644014
3146 0.007023356
3147 0.01423252
3148 0.5877556
3149 0.7333943
3150 0.1603725
3151 0.08331757
3152 0.003893521
3153 6.664786e-05
3154 0.000801705
3155 2.969105e-05
3156 0.001204765
3157 0.3730744
3158 0.02612512
3159 0.6703293
3160 6.841738e-06
3161 0.9795202
3162 0.7708672
3163 0.4882073
3164 0.001235683
3165 0.05741751
3166 0.005656417
3167 0.01256786
3168 0.6493951
3169 0.8002919
3170 0.3513436
3171 0.1765929
3172 0.003262124
3173 0.09743956
3174 0.0001016471
3175 3.592858e-07
3176 0.1943428
3177 0.006033065
3178 0.003704275
3179 0.5202226
3180 0.01873661
3181 0.001136208
3182 0.156671
3183 0.4672393
3184 0.586529
3185 0.03652763
3186 0.001882421
3187 0.1341122
3188 0.04125483
3189 0.001156101
3190 0.7871876
3191 0.6008222
3192 0.008974799
3193 0.5526671
3194 0.0006936559
3195 0.009820423
3196 0.4799689
3197 0.8345116
3198 1.176977e-05
3199 0.07495747
3200 2.729467e-05
3201 0.1918226
3202 0.2409383
3203 0.1036247
3204 0.08639085
3205 0.0001117833
3206 0.4680793
3207 0.0001059147
3208 0.2317497
3209 0.003679088
3210 0.05977495
3211 0.0002005753
3212 0.0005110981
3213 1.163208e-11
3214 0.9546975
3215 0.002885474
3216 9.183901e-05
3217 0.0003035584
3218 0.009709712
3219 0.01556068
3220 0.05626815
3221 0.003192038
3222 0.5136283
3223 0.008243339
3224 0.04898615
3225 0.08569971
3226 0.4055536
3227 0.0617127
3228 0.1577183
3229 1.636797e-05
3230 0.5203736
3231 0.03072185
3232 0.07393915
3233 0.0003335075
3234 0.006687833
3235 0.3278945
3236 0.007047537
3237 0.01333042
3238 0.4152082
3239 0.3459497
3240 0.5747273
3241 0.1357966
3242 0.01079361
3243 0.4158102
3244 0.002743901
3245 0.04973642
3246 0.0004811956
3247 0.3277208
3248 0.4413153
3249 0.5507727
3250 0.08265453
3251 0.132293
3252 0.008054123
3253 0.0250407
3254 0.0003509405
3255 0.05775326
3256 0.02511721
3257 0.03594961
3258 0.00132166
3259 1.532599e-05
3260 0.04047825
3261 0.0007436406
3262 0.01495405
3263 0.04939613
3264 0.02658872
3265 0.0004567504
3266 0.5236988
3267 0.0002928625
3268 0.895793
3269 0.1619643
3270 0.6267656
3271 0.01118417
3272 4.295377e-05
3273 0.2299377
3274 0.410677
3275 2.274702e-05
3276 0.04726177
3277 0.4795487
3278 0.05643843
3279 0.4911877
3280 0.8120087
3281 0.006863495
3282 0.4764881
3283 0.4447376
3284 0.0439481
3285 1.23042e-09
3286 0.0002024937
3287 0.5868422
3288 0.2729961
3289 0.1497661
3290 0.0008996106
3291 0.1248514
3292 0.07692892
3293 0.6604322
3294 0.76404
3295 0.001319742
3296 0.03070525
3297 3.037173e-07
3298 0.000362159
3299 1.920658e-05
3300 0.6684287
3301 0.2968284
3302 0.00866508
3303 0.1646948
3304 0.5920664
3305 0.205512
3306 0.008035384
3307 0.03743004
3308 0.002844001
3309 0.5151908
3310 0.0002231235
3311 0.00456264
3312 0.08870316
3313 0.001559174
3314 0.1626193
3315 0.153975
3316 0.09200969
3317 0.7203954
3318 0.02284467
3319 0.01943585
3320 2.081008e-08
3321 0.005082111
3322 0.09645958
3323 0.1734144
3324 0.7896938
3325 0.2397392
3326 5.962133e-06
3327 0.04367275
3328 0.02976096
3329 0.007695411
3330 1.904518e-06
3331 0.2716848
3332 0.001884962
3333 0.2812726
3334 0.3735431
3335 0.002994527
3336 0.9729908
3337 0.0002495842
3338 0.001329379
3339 0.0469756
3340 0.4181342
3341 0.05349533
3342 0.1180515
3343 0.000465055
3344 0.415573
3345 0.04500183
3346 0.7735829
3347 2.136962e-05
3348 0.1102859
3349 0.002290458
3350 0.755923
3351 0.01708227
3352 0.09072168
3353 9.305218e-08
3354 0.4694099
3355 0.07782991
3356 0.0294815
3357 4.06873e-05
3358 0.003233403
3359 4.146737e-07
3360 0.2819848
3361 0.7875471
3362 0.01119582
3363 0.6408271
3364 0.603057
3365 0.09006513
3366 0.0007805926
3367 0.1133599
3368 0.1208211
3369 0.2458502
3370 0.3213757
3371 0.6512824
3372 1.190339e-06
3373 0.002477429
3374 0.09797464
3375 0.9172687
3376 0.8536552
3377 0.3008555
3378 0.002884246
3379 0.0522586
3380 0.1007694
3381 0.0002415718
3382 0.8046419
3383 0.01087363
3384 0.3090101
3385 0.033237
3386 0.5598483
3387 0.02147692
3388 0.6040438
3389 0.5360151
3390 0.0001261662
3391 0.001137668
3392 7.217058e-08
3393 0.5819856
3394 9.162953e-05
3395 3.791481e-05
3396 0.0002642951
3397 0.008404136
3398 0.1803904
3399 0.01311566
3400 3.464385e-05
3401 6.225818e-06
3402 0.6068085
3403 0.4230672
3404 0.4800308
3405 0.2213003
3406 0.0007127653
3407 0.5537367
3408 0.05846805
3409 0.0969583
3410 0.282073
3411 0.008063942
3412 1.822036e-05
3413 0.5410664
3414 0.1477288
3415 0.5547629
3416 0.002159091
3417 0.1718596
3418 0.0009769736
3419 0.001440927
3420 0.004290352
3421 0.1567642
3422 0.02508629
3423 0.0143457
3424 0.01700821
3425 0.5874746
3426 7.13372e-05
3427 0.3845759
3428 0.01002683
3429 0.004828983
3430 1.057987e-05
3431 0.008220413
3432 1.030655e-05
3433 0.005682743
3434 0.0005419358
3435 0.0003781523
3436 0.0002791949
3437 0.8975122
3438 1.544519e-05
3439 0.7367513
3440 0.07672793
3441 0.0004277138
3442 0.409511
3443 0.3066955
3444 8.272967e-06
3445 1.134355e-05
3446 0.2156643
3447 0.5904434
3448 0.1014099
3449 0.24044
3450 0.07810977
3451 0.7572535
3452 2.097078e-06
3453 0.3836482
3454 0.3892227
3455 0.01187629
3456 0.03645695
3457 3.003862e-05
3458 0.5250637
3459 0.1830391
3460 0.3791605
3461 0.003582375
3462 0.0001246364
3463 0.03588156
3464 0.3749247
3465 0.009235163
3466 0.03357069
3467 0.09669272
3468 0.3174163
3469 0.5879291
3470 0.4655025
3471 0.4154555
3472 0.01162911
3473 0.2389706
3474 0.8541843
3475 0.07492973
3476 0.1657863
3477 0.05522013
3478 0.01470531
3479 0.6297177
3480 0.5748069
3481 0.001697854
3482 0.1042185
3483 2.344982e-05
3484 0.0045958
3485 0.1616841
3486 0.01486466
3487 0.1003332
3488 0.1519272
3489 0.02693265
3490 0.001445477
3491 0.09905388
3492 0.02842283
3493 0.006351323
3494 0.1795956
3495 0.008746263
3496 0.6552153
3497 0.3208736
3498 0.1917789
3499 0.005905612
3500 0.6523802
3501 0.3644495
3502 0.0001859972
3503 0.2903809
3504 0.5235729
3505 0.3014121
3506 3.242098e-05
3507 0.1724622
3508 0.009052884
3509 0.0002796402
3510 0.1162372
3511 0.1534921
3512 0.05353355
3513 0.206185
3514 0.5042739
3515 0.02054494
3516 0.07465186
3517 0.6710326
3518 0.04552764
3519 0.001203564
3520 0.04150315
3521 0.9046266
3522 0.01444071
3523 0.006670256
3524 1.332104e-05
3525 2.527663e-07
3526 0.0003585025
3527 0.1497305
3528 0.0453433
3529 0.01151646
3530 2.296762e-08
3531 0.06206459
3532 0.05650238
3533 0.1197581
3534 8.765774e-05
3535 2.312678e-13
3536 0.0002338731
3537 0.05711043
3538 0.1528325
3539 0.02288396
3540 0.04480562
3541 0.1582723
3542 0.01974781
3543 2.770448e-05
3544 0.0002445248
3545 0.5507552
3546 0.1629279
3547 0.008643236
3548 1.046104e-06
3549 0.001640756
3550 4.518562e-06
3551 0.008736843
3552 0.21246
3553 0.4866896
3554 0.005480372
3555 0.2089852
3556 0.0001496649
3557 0.02203716
3558 0.2941909
3559 0.01671581
3560 0.07464012
3561 0.01545023
3562 1.759128e-06
3563 0.9119548
3564 0.02375436
3565 0.2816338
3566 4.999242e-05
3567 0.01007074
3568 1.284074e-06
3569 0.1269277
3570 0.002632483
3571 0.006572663
3572 0.0266173
3573 0.1586133
3574 0.002937783
3575 3.823259e-05
3576 8.807596e-05
3577 0.009652369
3578 0.5030284
3579 0.1760886
3580 5.617361e-05
3581 0.1040281
3582 8.526733e-05
3583 0.2364148
3584 0.001936715
3585 0.1779015
3586 0.02817555
3587 5.529679e-05
3588 0.08236761
3589 0.001621344
3590 0.9799428
3591 0.04344677
3592 0.3189774
3593 0.7435612
3594 0.1730124
3595 0.006839877
3596 0.1501834
3597 6.418752e-05
3598 0.02804678
3599 0.002178024
3600 0.007644936
3601 0.1178309
3602 0.003415257
3603 0.009285647
3604 0.1966951
3605 0.9728341
3606 0.543538
3607 0.09885718
3608 0.3985234
3609 0.02526721
3610 0.9543956
3611 0.0004647902
3612 0.005362665
3613 6.159158e-10
3614 0.07171091
3615 0.02290442
3616 2.707087e-08
3617 0.1730413
3618 0.008199602
3619 0.004646964
3620 0.1592775
3621 0.2644351
3622 0.1359912
3623 0.06483615
3624 0.05940942
3625 0.325107
3626 8.987818e-06
3627 0.0001022938
3628 0.2716284
3629 2.935834e-07
3630 0.9957117
3631 0.2688679
3632 0.01404312
3633 0.9155996
3634 1.064635e-08
3635 0.5682719
3636 0.008134543
3637 0.5954073
3638 0.4828526
3639 0.0003472399
3640 3.926381e-06
3641 0.2600054
3642 0.2053435
3643 0.05270938
3644 0.3168912
3645 0.06459018
3646 0.1941109
3647 0.1193352
3648 3.67089e-06
3649 0.4224804
3650 0.4888307
3651 5.595572e-08
3652 0.5728511
3653 0.005435603
3654 2.751198e-07
3655 0.0004546563
3656 0.00030663
3657 0.0003567527
3658 4.573857e-06
3659 0.000404982
3660 0.121607
3661 0.002434339
3662 0.05585731
3663 0.2146491
3664 0.08900184
3665 0.0002097629
3666 0.004247587
3667 0.2820127
3668 0.6232424
3669 2.566083e-05
3670 0.2082779
3671 0.0001764715
3672 0.6423957
3673 0.0873431
3674 0.1435764
3675 0.06616312
3676 0.7502718
3677 0.01161034
3678 0.0007323866
3679 0.0005118762
3680 0.005232874
3681 0.0001190001
3682 0.002157167
3683 0.100851
3684 5.201409e-07
3685 0.04065474
3686 0.989749
3687 0.02972525
3688 0.5465803
3689 0.1581084
3690 0.0006214705
3691 4.490082e-05
3692 0.1091512
3693 0.6134943
3694 0.2070748
3695 0.2153372
3696 0.1917168
3697 0.1915214
3698 0.01584258
3699 0.9767132
3700 0.7433476
3701 0.002276107
3702 8.067175e-08
3703 0.6856822
3704 0.7807681
3705 0.01154973
3706 0.09569527
3707 0.3100319
3708 0.0006079321
3709 0.0602573
3710 0.8257977
3711 7.027655e-06
3712 0.0001200384
3713 0.06804696
3714 0.06964968
3715 0.3243249
3716 0.5900071
3717 0.01793252
3718 0.4261675
3719 0.1373822
3720 0.01289767
3721 0.0008801707
3722 0.2186131
3723 0.4400411
3724 0.6155401
3725 0.5114654
3726 0.030749
3727 0.851474
3728 0.3773259
3729 0.674566
3730 0.2122316
3731 0.6923568
3732 0.1444743
3733 0.1625232
3734 0.470163
3735 0.9170777
3736 0.2633982
3737 0.5940277
3738 5.893868e-06
3739 0.1212255
3740 0.05121273
3741 0.03781478
3742 0.0003034884
3743 0.00109764
3744 0.8471777
3745 0.09465807
3746 0.506801
3747 0.1533056
3748 0.1042765
3749 0.409578
3750 0.22357
3751 0.5135005
3752 0.7432316
3753 1.019095e-11
3754 0.02479521
3755 0.2753947
3756 6.586184e-05
3757 0.3417108
3758 0.0434324
3759 0.02270777
3760 0.04242146
3761 0.1135118
3762 0.02204095
3763 0.0001008684
3764 1.436798e-05
3765 3.806182e-05
3766 0.001160265
3767 0.7647202
3768 0.00132038
3769 0.00011948
3770 0.03380482
3771 0.01763693
3772 0.02481685
3773 0.1667761
3774 0.2253584
3775 0.1377876
3776 0.1199295
3777 1.729651e-07
3778 0.3853152
3779 0.09821281
3780 1.551638e-10
3781 0.010426
3782 0.5643785
3783 0.0001788507
3784 0.01733386
3785 0.0004334759
3786 0.4592768
3787 0.04844108
3788 0.6418041
3789 4.108874e-07
3790 0.03724486
3791 0.5564979
3792 0.4554997
3793 0.001515684
3794 0.0002692524
3795 0.2857193
3796 0.00150587
3797 0.003664819
3798 1.476526e-05
3799 0.06015999
3800 0.06234872
3801 0.3484255
3802 0.01202399
3803 0.08746704
3804 0.6039461
3805 0.03223254
3806 0.6911577
3807 0.0006467649
3808 0.0205335
3809 0.4811873
3810 0.8657746
3811 0.01495955
3812 0.1585338
3813 0.09178559
3814 0.02053905
3815 0.4726297
3816 0.02191555
3817 0.4255813
3818 0.04928072
3819 0.3539683
3820 1.806741e-07
3821 0.1314268
3822 0.1001222
3823 0.04929459
3824 0.001388081
3825 0.0001120658
3826 2.559058e-08
3827 0.06030807
3828 0.0001827783
3829 4.937952e-06
3830 0.004190422
3831 0.000480054
3832 0.00019902
3833 0.3488081
3834 0.2547316
3835 0.7504171
3836 0.2780377
3837 0.0002924474
3838 0.3444408
3839 0.5388822
3840 0.3430302
3841 0.656791
3842 0.008088236
3843 0.2232179
3844 0.3328506
3845 0.8967953
3846 0.4878143
3847 0.002065713
3848 0.07099786
3849 0.144335
3850 0.01148774
3851 0.00217642
3852 0.03760954
3853 0.006658995
3854 0.3235307
3855 0.5863096
3856 0.02233284
3857 0.6590288
3858 0.02781904
3859 0.06233227
3860 0.01267371
3861 0.1022894
3862 0.01776391
3863 0.05556349
3864 0.0002817463
3865 0.2609007
3866 0.2261827
3867 0.02665769
3868 0.00974823
3869 0.2652145
3870 0.1401085
3871 1.160664e-05
3872 0.4168789
3873 0.3040555
3874 0.6516003
3875 0.02928757
3876 0.0008128212
3877 0.945365
3878 0.1022487
3879 0.1217944
3880 0.2316225
3881 0.0006082844
3882 0.01579462
3883 1.068336e-05
3884 0.147541
3885 0.07704014
3886 0.0240756
3887 2.18469e-11
3888 0.08356434
3889 0.01365103
3890 0.04330298
3891 0.002573754
3892 0.0002466577
3893 0.03230219
3894 0.04362947
3895 0.03090364
3896 0.9046765
3897 0.6229938
3898 0.07035297
3899 6.672487e-06
3900 0.01430871
3901 0.7297594
3902 0.02005654
3903 0.02742816
3904 0.004094127
3905 0.3576735
3906 0.1132811
3907 0.03771925
3908 0.01495626
3909 0.01028407
3910 0.003502876
3911 0.4542485
3912 0.001084829
3913 0.0002096686
3914 0.005920794
3915 0.2655646
3916 4.827526e-08
3917 0.1108123
3918 0.05270045
3919 0.01188035
3920 0.002864359
3921 0.001928223
3922 0.683073
3923 0.1858795
3924 0.005096031
3925 3.504463e-05
3926 0.2477162
3927 0.0002267583
3928 0.006729638
3929 0.09587225
3930 0.002065234
3931 0.01473423
3932 0.0001131742
3933 6.931605e-05
3934 0.001930078
3935 0.0007830287
3936 0.1122212
3937 0.0195976
3938 0.03405985
3939 0.006338932
3940 0.005052865
3941 0.3081591
3942 0.5100959
3943 0.1102589
3944 0.329358
3945 0.06159753
3946 0.02577374
3947 8.533025e-06
3948 0.08985601
3949 0.07254258
3950 0.01923544
3951 6.400344e-06
3952 0.0005940477
3953 0.07232403
3954 0.2476292
3955 0.4666568
3956 6.715689e-05
3957 0.05606918
3958 0.5640509
3959 0.005034946
3960 0.001803623
3961 0.1203085
3962 0.3855384
3963 0.2600614
3964 0.0005488884
3965 0.007592206
3966 0.2275818
3967 0.004331546
3968 0.4408817
3969 0.1062411
3970 0.3433274
3971 0.603025
3972 0.2333079
3973 0.53659
3974 0.6605298
3975 0.08570724
3976 0.001904245
3977 0.001974185
3978 0.238252
3979 5.265228e-07
3980 0.2958037
3981 0.5742586
3982 0.169378
3983 5.471467e-08
3984 0.5153701
3985 1.011811e-05
3986 0.0133916
3987 3.961451e-06
3988 7.570977e-09
3989 0.1547291
3990 0.3439879
3991 0.273856
3992 0.0344862
3993 0.2009343
3994 0.02027854
3995 0.01312281
3996 0.02058779
3997 0.07618441
3998 0.576499
3999 0.5965767
4000 0.9917523
4001 0.001996983
4002 0.001080181
4003 0.01073634
4004 0.6527462
4005 0.001772634
4006 1.226328e-05
4007 0.009997924
4008 0.01927422
4009 0.9941451
4010 0.0103585
4011 0.0001684589
4012 0.1257398
4013 0.4912252
4014 0.001678747
4015 0.4773049
4016 0.7918099
4017 0.610288
4018 0.1454148
4019 0.7754137
4020 0.006831228
4021 0.5957202
4022 0.06454599
4023 0.0001279691
4024 0.0892254
4025 0.07835185
4026 0.3922198
4027 0.2264554
4028 0.006072937
4029 1.805367e-15
4030 0.2566534
4031 0.02541307
4032 0.06686535
4033 0.1164583
4034 0.7249173
4035 0.01245174
4036 4.304025e-09
4037 2.517343e-05
4038 0.3149991
4039 0.09202623
4040 0.03780146
4041 3.078416e-05
4042 0.007315688
4043 0.001703379
4044 0.0002434995
4045 0.02536307
4046 0.000368015
4047 5.863596e-06
4048 0.0003661899
4049 1.051212e-07
4050 0.01885442
4051 1.205615e-06
4052 4.917466e-07
4053 0.0001690008
4054 0.002246654
4055 0.2179946
4056 0.6436607
4057 0.1963393
4058 0.04698936
4059 0.2728512
4060 0.3025216
4061 8.823311e-07
4062 0.005808884
4063 0.01703845
4064 0.369132
4065 2.866468e-06
4066 0.00167642
4067 0.1461768
4068 0.2263083
4069 5.12331e-06
4070 0.009684186
4071 0.2460518
4072 0.1238173
4073 0.01322563
4074 2.34208e-12
4075 0.1275502
4076 0.3204137
4077 0.192342
4078 3.512669e-12
4079 0.0699137
4080 0.00210376
4081 0.5637657
4082 0.2419395
4083 0.01474208
4084 0.007774771
4085 0.3260376
4086 0.4332591
4087 0.1511639
4088 0.04718701
4089 0.0002610716
4090 0.002748484
4091 0.004111582
4092 0.1061638
4093 0.1494651
4094 0.6926664
4095 0.1400666
4096 0.0002337365
4097 0.003412116
4098 0.05152165
4099 0.2621315
4100 0.3630686
4101 6.132191e-06
4102 0.1862023
4103 0.1141056
4104 0.07408818
4105 0.03414921
4106 0.02099633
4107 0.1522516
4108 0.4864777
4109 3.129501e-05
4110 0.7110673
4111 0.4204112
4112 0.03591646
4113 0.4025522
4114 0.4467317
4115 0.08354967
4116 0.002396872
4117 0.5279341
4118 0.04702169
4119 0.001771207
4120 0.1202934
4121 0.6926645
4122 0.001411029
4123 0.001174968
4124 0.06719966
4125 0.4574248
4126 0.02618405
4127 0.08376041
4128 0.2010888
4129 0.9409239
4130 0.4502892
4131 0.107894
4132 3.567693e-05
4133 0.3365824
4134 1.947508e-05
4135 0.8252669
4136 3.111442e-05
4137 0.4789524
4138 0.5366122
4139 7.854363e-06
4140 0.05880803
4141 0.002356213
4142 0.1876758
4143 7.542307e-05
4144 0.1203921
4145 0.4811849
4146 0.2365614
4147 6.70184e-09
4148 0.1766652
4149 0.0922491
4150 0.5056433
4151 0.0001769679
4152 0.2308214
4153 0.1099029
4154 3.41836e-09
4155 0.1195544
4156 0.1281591
4157 0.005602134
4158 0.000535998
4159 0.01260347
4160 0.6390271
4161 0.1048128
4162 0.007936321
4163 0.4682575
4164 0.3625382
4165 0.7361847
4166 0.2140734
4167 0.03627224
4168 0.000417702
4169 0.2713859
4170 0.0031813
4171 0.2330055
4172 0.09481886
4173 0.005087137
4174 0.03522594
4175 1.372245e-05
4176 1.778988e-05
4177 0.2819283
4178 0.2168747
4179 0.08005592
4180 0.2483923
4181 0.06853109
4182 6.980931e-08
4183 6.804232e-05
4184 0.8266658
4185 0.2358159
4186 0.0257871
4187 0.002984689
4188 0.0005309197
4189 0.6310303
4190 3.628012e-07
4191 0.0002380378
4192 0.9383872
4193 0.2550987
4194 0.4013976
4195 0.02804366
4196 0.09860441
4197 0.0006432247
4198 0.8772423
4199 0.005043174
4200 0.1897492
4201 0.5542744
4202 0.5549165
4203 6.86444e-08
4204 0.01269961
4205 2.73081e-07
4206 0.2093271
4207 0.007658775
4208 0.6214634
4209 6.706696e-05
4210 0.0790336
4211 0.001929808
4212 0.0006232841
4213 0.07675133
4214 0.55754
4215 0.02023415
4216 0.3938126
4217 0.0001391223
4218 0.1842663
4219 0.2052008
4220 7.942405e-05
4221 0.8431787
4222 0.003349069
4223 0.7977341
4224 0.3900915
4225 0.02213754
4226 0.03555829
4227 0.03009181
4228 0.1333036
4229 0.5018028
4230 0.0004509473
4231 0.3307734
4232 1.679736e-05
4233 0.006225514
4234 0.3448151
4235 0.6013434
4236 0.002807376
4237 0.754162
4238 5.60308e-08
4239 0.003226541
4240 0.439024
4241 0.03319625
4242 0.2349285
4243 0.04483702
4244 0.3468248
4245 0.001080425
4246 0.9615778
4247 0.08428164
4248 0.6328786
4249 0.4719923
4250 0.003885165
4251 0.001649646
4252 0.5873136
4253 0.1030522
4254 0.5655272
4255 0.002158683
4256 0.005097462
4257 0.001040957
4258 0.01270442
4259 0.02953178
4260 0.8795363
4261 0.6247211
4262 0.0002298096
4263 0.01348155
4264 7.284735e-09
4265 0.1900624
4266 0.7807317
4267 0.4129553
4268 0.1781989
4269 5.958884e-10
4270 0.0003514542
4271 9.730163e-05
4272 3.660384e-10
4273 0.5229227
4274 0.8474871
4275 0.002843915
4276 0.3916705
4277 0.2865103
4278 0.2136116
4279 0.02227463
4280 0.4040525
4281 0.002546318
4282 0.2064671
4283 0.1599438
4284 0.6874424
4285 0.008160105
4286 0.3219058
4287 1.021967e-07
4288 0.003739228
4289 2.684781e-08
4290 0.004342669
4291 2.593105e-05
4292 0.1426675
4293 0.01179612
4294 0.1019826
4295 7.160634e-06
4296 0.0679768
4297 0.2342268
4298 0.05965479
4299 0.0001327964
4300 0.5768312
4301 1.762738e-11
4302 0.004179545
4303 0.5222743
4304 0.0003929449
4305 7.857225e-06
4306 0.3027088
4307 0.001308201
4308 0.2484747
4309 0.7620954
4310 2.277847e-05
4311 0.004172077
4312 0.2856305
4313 0.4677302
4314 6.982868e-07
4315 0.2402636
4316 0.4255391
4317 0.4294713
4318 5.832751e-07
4319 0.02233374
4320 0.1189347
4321 3.026721e-06
4322 0.001689598
4323 0.9765575
4324 0.2619733
4325 0.01288599
4326 0.688684
4327 0.3967393
4328 0.0006849428
4329 0.0216872
4330 0.01128161
4331 0.1023515
4332 0.8145992
4333 2.84594e-08
4334 0.3165347
4335 0.01077409
4336 0.6096599
4337 0.001036202
4338 0.725863
4339 0.7005188
4340 0.02899113
4341 0.003704868
4342 0.9842004
4343 3.144967e-05
4344 0.1594486
4345 0.0004015998
4346 0.3187479
4347 0.002106316
4348 0.2527247
4349 0.1141612
4350 0.001152912
4351 0.01758371
4352 0.008102109
4353 0.02401057
4354 0.009207228
4355 0.278746
4356 0.6591951
4357 0.2587592
4358 0.002629702
4359 0.7556949
4360 0.3667399
4361 0.05149488
4362 0.04167986
4363 3.816073e-05
4364 0.0002158056
4365 0.07541172
4366 0.006018674
4367 0.0755123
4368 0.2252867
4369 0.0006813222
4370 1.187345e-06
4371 0.1738023
4372 0.5364128
4373 0.00535715
4374 0.01136307
4375 0.7434597
4376 0.9031248
4377 0.1842721
4378 0.01411055
4379 0.01416577
4380 0.4741899
4381 0.004503635
4382 1.057038e-07
4383 0.03300551
4384 0.01148232
4385 6.17895e-06
4386 0.076291
4387 0.1670734
4388 5.241241e-06
4389 0.1370638
4390 0.001645876
4391 0.1252808
4392 0.9254895
4393 0.005154976
4394 0.01314349
4395 2.577487e-06
4396 0.0005663142
4397 0.0001077529
4398 0.3007399
4399 0.2120247
4400 0.0002618392
4401 0.0001285145
4402 0.6729645
4403 0.1305323
4404 0.1279575
4405 0.003178766
4406 0.2036203
4407 0.01644157
4408 0.01386952
4409 0.00709175
4410 0.47822
4411 0.007527667
4412 0.1575232
4413 2.438806e-06
4414 0.0001301529
4415 0.3950695
4416 0.001052703
4417 0.01837012
4418 0.09867117
4419 3.376512e-06
4420 0.150149
4421 0.5479894
4422 0.03034883
4423 0.00130797
4424 0.1064038
4425 0.03096997
4426 0.588498
4427 0.6750197
4428 0.9282867
4429 0.8375461
4430 0.1148603
4431 0.223548
4432 0.06840758
4433 0.04848444
4434 0.0002152713
4435 0.268331
4436 0.03680972
4437 2.180865e-07
4438 0.6686842
4439 0.4820092
4440 1.820656e-05
4441 0.1309576
4442 0.3095177
4443 0.01239391
4444 0.1386671
4445 0.352757
4446 0.01288884
4447 5.003677e-05
4448 0.1308157
4449 0.002055674
4450 0.01811409
4451 0.322355
4452 0.4243233
4453 0.0001383505
4454 0.8751331
4455 0.07580021
4456 0.3293177
4457 0.006047706
4458 0.3527136
4459 0.1988039
4460 0.05749788
4461 0.2636007
4462 0.4399027
4463 0.09127293
4464 0.8994691
4465 0.7494925
4466 0.7134281
4467 0.3136393
4468 0.1092526
4469 0.1481075
4470 0.3983372
4471 0.01694002
4472 6.30287e-08
4473 0.03549663
4474 0.1713929
4475 0.4591405
4476 0.3345259
4477 0.1300681
4478 2.668402e-06
4479 0.008687422
4480 0.02031489
4481 0.003502283
4482 0.0002357376
4483 0.4940588
4484 0.02893819
4485 0.0001594492
4486 0.1319083
4487 0.008569201
4488 9.186171e-08
4489 0.02186186
4490 0.07809347
4491 2.845082e-06
4492 1.328568e-05
4493 0.04456816
4494 0.1418389
4495 0.0001122458
4496 0.002124959
4497 0.8824193
4498 0.09652102
4499 0.335842
4500 0.06320269
4501 0.3062498
4502 0.7687368
4503 0.368067
4504 0.6540776
4505 0.3829376
4506 0.9891325
4507 0.03244349
4508 0.1216675
4509 0.2015215
4510 0.4118613
4511 0.1515065
4512 2.452957e-05
4513 0.002961237
4514 0.3638874
4515 0.0001970606
4516 0.1472181
4517 0.007350761
4518 0.1704889
4519 0.2223055
4520 0.7338798
4521 0.01951517
4522 0.4242567
4523 0.0002109669
4524 0.1119159
4525 0.6723548
4526 0.4334917
4527 0.4476053
4528 0.7443124
4529 0.02764925
4530 0.8423663
4531 0.0005108257
4532 0.2707147
4533 0.0696047
4534 0.003675493
4535 0.01794539
4536 0.4465222
4537 0.0664579
4538 8.069242e-07
4539 0.1172368
4540 0.6929346
4541 0.007822125
4542 0.01527526
4543 0.4182502
4544 0.009204918
4545 0.5807074
4546 0.02476836
4547 0.004315791
4548 0.1655992
4549 0.09054979
4550 0.03931908
4551 0.01285636
4552 0.7166012
4553 0.6177996
4554 0.1726243
4555 0.007654298
4556 0.04018642
4557 0.1629754
4558 3.589583e-06
4559 0.01346508
4560 0.2786576
4561 0.006287373
4562 0.0144412
4563 0.003525817
4564 0.3943187
4565 4.997039e-05
4566 0.0159283
4567 0.002652125
4568 0.04610016
4569 0.1578822
4570 0.04941652
4571 0.05635457
4572 1.074262e-05
4573 0.0004656772
4574 0.00137223
4575 0.003109735
4576 0.008288965
4577 0.05018776
4578 0.00222824
4579 0.1722901
4580 1.327835e-05
4581 0.004734433
4582 0.01018501
4583 0.0004887147
4584 0.3166103
4585 4.380369e-06
4586 0.07821638
4587 0.8511828
4588 0.7511725
4589 0.02893205
4590 0.01951291
4591 0.04755971
4592 0.003791322
4593 0.8008213
4594 0.1991213
4595 0.001591371
4596 0.4321602
4597 0.1937533
4598 1.321105e-07
4599 0.004404908
4600 0.01519419
4601 0.2868876
4602 0.02556979
4603 0.01051471
4604 0.06942465
4605 0.1182852
4606 0.8075459
4607 0.4987877
4608 0.7107058
4609 0.1069936
4610 0.1819187
4611 0.3531397
4612 0.003545419
4613 0.7497875
4614 0.01342765
4615 0.4792531
4616 0.0007314891
4617 0.06252182
4618 0.006514967
4619 0.179298
4620 0.1595993
4621 0.2969863
4622 0.08958359
4623 0.00714438
4624 0.2244838
4625 0.002544767
4626 1.71202e-05
4627 0.001955344
4628 0.005161674
4629 0.07639519
4630 0.02793874
4631 0.1398369
4632 3.454379e-06
4633 4.632214e-05
4634 0.002676643
4635 0.001364964
4636 0.06578646
4637 0.05132447
4638 0.7941689
4639 0.004348647
4640 0.9761098
4641 0.01418032
4642 0.3000955
4643 0.08127123
4644 0.3280394
4645 0.001165189
4646 0.1083556
4647 0.1530578
4648 0.01254969
4649 0.8533537
4650 0.1884756
4651 0.9238293
4652 0.4101491
4653 0.04025122
4654 0.5162864
4655 0.3687102
4656 0.09322886
4657 0.0006577543
4658 2.657486e-06
4659 5.351035e-05
4660 0.3392645
4661 8.602164e-05
4662 0.0479834
4663 0.112215
4664 0.7427124
4665 0.5804643
4666 4.987438e-06
4667 0.03023664
4668 0.5873677
4669 0.3251323
4670 0.3602929
4671 0.5297603
4672 0.04097785
4673 0.08197788
4674 4.057203e-06
4675 0.02023127
4676 0.4260999
4677 0.6303167
4678 0.001062272
4679 3.399315e-11
4680 0.0431384
4681 0.6927868
4682 0.004108805
4683 0.1740839
4684 0.01027301
4685 0.007999567
4686 0.1566207
4687 0.007420481
4688 0.01117264
4689 0.1025607
4690 8.518455e-05
4691 0.004759132
4692 0.7372183
4693 0.004253157
4694 0.2084965
4695 0.021446
4696 0.0008777007
4697 0.4094785
4698 0.7613451
4699 0.08357601
4700 0.3491784
4701 0.07152885
4702 0.7237525
4703 0.01832382
4704 2.827923e-06
4705 0.8187646
4706 0.2145737
4707 9.118396e-05
4708 0.6355733
4709 0.2375016
4710 0.007427925
4711 0.1121826
4712 0.0877984
4713 1.211946e-05
4714 0.1258732
4715 0.7448334
4716 0.7790979
4717 0.6480354
4718 0.04971338
4719 0.03327948
4720 0.888036
4721 0.001369204
4722 1.922558e-07
4723 0.0001755679
4724 4.107747e-05
4725 0.1437823
4726 0.7538924
4727 0.9234242
4728 0.2342472
4729 6.829725e-05
4730 1.052301e-07
4731 0.1245826
4732 0.2708615
4733 0.07482303
4734 0.120263
4735 0.26166
4736 0.5080347
4737 0.7311391
4738 0.1455866
4739 0.4770087
4740 3.204539e-05
4741 0.4613209
4742 0.5504511
4743 0.070557
4744 0.002366126
4745 0.0187339
4746 0.01116745
4747 0.1424712
4748 0.1126446
4749 0.0005014538
4750 0.1116516
4751 0.0193107
4752 0.2078919
4753 0.1541308
4754 0.1372858
4755 0.6646433
4756 0.1319486
4757 0.1729209
4758 0.03895813
4759 0.01704443
4760 0.002043162
4761 0.1788723
4762 0.09450251
4763 0.03182295
4764 0.5177341
4765 0.01757817
4766 0.3736197
4767 0.001149623
4768 0.1515842
4769 0.0423856
4770 0.01337903
4771 2.658494e-11
4772 0.5262079
4773 0.572867
4774 0.1349328
4775 2.412059e-06
4776 0.004726381
4777 0.9394306
4778 0.167492
4779 0.2077212
4780 0.3728632
4781 0.02652563
4782 0.06999864
4783 0.007152816
4784 0.0001517556
4785 0.05492006
4786 0.5960086
4787 0.000753398
4788 0.02486058
4789 0.005585873
4790 0.002356955
4791 0.6107507
4792 0.001129533
4793 0.01338177
4794 6.823774e-07
4795 0.03502504
4796 0.04795699
4797 0.2028591
4798 0.0003226479
4799 0.05019435
4800 0.01705576
4801 3.340682e-06
4802 0.529116
4803 1.020585e-08
4804 0.008127506
4805 0.003428502
4806 0.03119315
4807 0.0858021
4808 1.759939e-07
4809 0.003721778
4810 0.02217903
4811 0.04049833
4812 1.908261e-15
4813 0.5931434
4814 0.009609937
4815 0.0003244604
4816 2.015083e-07
4817 0.05773547
4818 0.2474736
4819 0.002303153
4820 0.01245856
4821 0.03332898
4822 0.05531042
4823 0.02132384
4824 0.0007072344
4825 0.624683
4826 0.00559067
4827 0.3028801
4828 2.889608e-06
4829 0.1358918
4830 0.01414669
4831 0.08541945
4832 0.1546885
4833 0.0001618252
4834 0.07543741
4835 0.8143816
4836 0.03313639
4837 0.9864587
4838 0.08851632
4839 0.1605675
4840 0.003199212
4841 0.4532077
4842 0.04433351
4843 0.1791693
4844 0.1370239
4845 1.561138e-05
4846 0.6110592
4847 0.01642551
4848 0.8070594
4849 7.663523e-05
4850 0.08691761
4851 0.01577901
4852 0.004048091
4853 0.002987787
4854 0.09372868
4855 0.02278781
4856 0.01476073
4857 0.00156387
4858 1.994376e-06
4859 2.01458e-20
4860 1.712711e-05
4861 0.4575733
4862 0.04875694
4863 0.03243083
4864 9.034546e-06
4865 0.1444917
4866 0.1599541
4867 0.6344491
4868 0.6073253
4869 0.2318794
4870 0.8475479
4871 0.001409085
4872 0.03331448
4873 0.006085212
4874 0.0003856761
4875 0.004181411
4876 0.8270574
4877 0.591068
4878 0.0002733379
4879 0.005704163
4880 0.003874671
4881 0.7166419
4882 0.02124123
4883 0.1041154
4884 0.01471637
4885 0.1208027
4886 0.3232184
4887 0.03913556
4888 0.9004616
4889 0.1004579
4890 0.668463
4891 0.2574687
4892 0.3260548
4893 0.1084556
4894 0.01423279
4895 0.2220065
4896 0.0001727916
4897 0.00534018
4898 4.465485e-07
4899 0.0004916242
4900 0.03023026
4901 0.01844849
4902 0.002313546
4903 0.01564461
4904 0.6424839
4905 0.03008716
4906 0.8710343
4907 0.6741145
4908 0.2919513
4909 0.3802725
4910 0.8833338
4911 0.01409728
4912 0.9505306
4913 0.001659013
4914 0.5329538
4915 0.003680705
4916 0.01218855
4917 0.02233161
4918 0.001544963
4919 1.334239e-05
4920 0.1430127
4921 0.007261062
4922 0.1858785
4923 0.000679807
4924 0.5426942
4925 0.008241875
4926 0.06024632
4927 0.4405917
4928 4.759575e-05
4929 0.01119082
4930 0.2023036
4931 0.0925246
4932 0.438874
4933 0.6723381
4934 0.1294126
4935 0.034016
4936 0.1237192
4937 0.00203265
4938 0.3860386
4939 0.7251228
4940 0.00311616
4941 0.9552114
4942 0.2520139
4943 0.006520672
4944 0.01853286
4945 0.547835
4946 0.03030911
4947 0.0748021
4948 0.0005565573
4949 0.01657426
4950 0.0005643675
4951 0.806595
4952 0.5724601
4953 0.1905343
4954 0.001495705
4955 0.03188363
4956 0.8352913
4957 0.5393224
4958 0.5155422
4959 3.378665e-05
4960 0.05945742
4961 0.5621755
4962 0.3218199
4963 0.8094068
4964 0.04496178
4965 0.4422057
4966 0.6826158
4967 0.05941402
4968 0.07942915
4969 0.04575451
4970 0.001007293
4971 0.07129053
4972 0.2364235
4973 0.05162619
4974 0.01075407
4975 0.4482741
4976 0.05942112
4977 0.1499463
4978 0.0007923511
4979 0.003780635
4980 0.049429
4981 0.03834776
4982 0.001265065
4983 0.001139668
4984 0.6327556
4985 0.005795547
4986 0.006702217
4987 0.02072488
4988 0.005741147
4989 0.7285296
4990 0.0001274764
4991 0.06628097
4992 0.0007899801
4993 0.2718635
4994 0.08643345
4995 0.7527017
4996 0.8363638
4997 0.02811837
4998 1.223316e-05
4999 0.0001197008
5000 1.112187e-08
