1 0.953
2 0.443
3 0.595
4 0.727
5 0.072
6 0.183
7 0.329
8 0.842
9 0.143
10 0.877
11 0.417
12 0.592
13 0.449
14 0.341
15 0.695
16 0.857
17 0.521
18 0.919
19 0.167
20 0.26
21 0.286
22 0.116
23 0.747
24 0.626
25 0.033
26 0.298
27 0.024
28 0.112
29 0.852
30 0.062
31 0.764
32 0.81
33 0.622
34 0.073
35 0.539
36 0.476
37 0.695
38 0.381
39 0.636
40 0.049
41 0.205
42 0.592
43 0.188
44 0.901
45 0.045
46 0.146
47 0.945
48 0.072
49 0.538
50 0.631
51 0.089
52 0.412
53 0.691
54 0.081
55 0.605
56 0.399
57 0.016
58 0.211
59 0.675
60 0.021
61 0.282
62 0.753
63 0.679
64 0.6
65 0.693
66 0.124
67 0.188
68 0.665
69 0.507
70 0.001
71 0.779
72 0.708
73 0.016
74 0.48
75 0.768
76 0.2
77 0.52
78 0.757
79 0.541
80 0.223
81 0.88
82 0.371
83 0.462
84 0.633
85 0.472
86 0.465
87 0.616
88 0.649
89 0.69
90 0.287
91 0.107
92 0.31
93 0.712
94 0.323
95 0.803
96 0.273
97 0.728
98 0.028
99 0.841
100 0.393
101 0.274
102 0.233
103 0.28
104 0.271
105 0.692
106 0.157
107 0.011
108 0.476
109 0.633
110 0.326
111 0.893
112 0.336
113 0.285
114 0.802
115 0.709
116 0.276
117 0.249
118 0.255
119 0.215
120 0.192
121 0.013
122 0.46
123 0.614
124 0.064
125 0.386
126 0.247
127 0.251
128 0.179
129 0.662
130 0.409
131 0.397
132 0.866
133 0.037
134 0.238
135 0
136 0.154
137 0.011
138 0.043
139 0.678
140 0.262
141 0.059
142 0.796
143 0.677
144 0.836
145 0.141
146 0.624
147 0.826
148 0.382
149 0.356
150 0.372
151 0.503
152 0.234
153 0.628
154 0.727
155 0.776
156 0.615
157 0.846
158 0.568
159 0.266
160 0.303
161 0.917
162 0.045
163 0.238
164 0.703
165 0.183
166 0.578
167 0.032
168 0.805
169 0.871
170 0.437
171 0.108
172 0.588
173 0.102
174 0.724
175 0.8
176 0.863
177 0.762
178 0.882
179 0.208
180 0.162
181 0.738
182 0.932
183 0.888
184 0.405
185 0.468
186 0.348
187 0.582
188 0.726
189 0.7
190 0.669
191 0.658
192 0.33
193 0.779
194 0.472
195 0.163
196 0.223
197 0.646
198 0.354
199 0.819
200 0.096
201 0.877
202 0.867
203 0.6
204 0.59
205 0.361
206 0.43
207 0.353
208 0.068
209 0.599
210 0.622
211 0.325
212 0.145
213 0.637
214 0.185
215 0.415
216 0.314
217 0.812
218 0.651
219 0.607
220 0.215
221 0.444
222 0.811
223 0.619
224 0.059
225 0.589
226 0.128
227 0.718
228 0.153
229 0.024
230 0.862
231 0.767
232 0.215
233 0.068
234 0.281
235 0.096
236 0.506
237 0.831
238 0.447
239 0.092
240 0.737
241 0.132
242 0.575
243 0.269
244 0.618
245 0.012
246 0.467
247 0.449
248 0.234
249 0.034
250 0.515
251 0.345
252 0.799
253 0.591
254 0.205
255 0.585
256 0.298
257 0.415
258 0.74
259 0.913
260 0.611
261 0.2
262 0.38
263 0.17
264 0.239
265 0.049
266 0.041
267 0.174
268 0.079
269 0.001
270 0.636
271 0.703
272 0.013
273 0.553
274 0.181
275 0.76
276 0.87
277 0.744
278 0.227
279 0.783
280 0.408
281 0.127
282 0.782
283 0.501
284 0.033
285 0.526
286 0.059
287 0.294
288 0.327
289 0.749
290 0.504
291 0.168
292 0.669
293 0.635
294 0.257
295 0.784
296 0.488
297 0.671
298 0.894
299 0.148
300 0.24
301 0.739
302 0.471
303 0.429
304 0.741
305 0.313
306 0.346
307 0.578
308 0.714
309 0.809
310 0.633
311 0.405
312 0.084
313 0.297
314 0.396
315 0.346
316 0.456
317 0.271
318 0.357
319 0.166
320 0.396
321 0.124
322 0.773
323 0.267
324 0.004
325 0.147
326 0.675
327 0.051
328 0.597
329 0.664
330 0.719
331 0.082
332 0.258
333 0.259
334 0.058
335 0.584
336 0.169
337 0.799
338 0.366
339 0.207
340 0.854
341 0.08
342 0.712
343 0.131
344 0.697
345 0.545
346 0.3
347 0.745
348 0.589
349 0.08
350 0.557
351 0.763
352 0.796
353 0.522
354 0.538
355 0.268
356 0.602
357 0.363
358 0.644
359 0.826
360 0.07
361 0.011
362 0.08
363 0.622
364 0.009
365 0.015
366 0.869
367 0.115
368 0.537
369 0.238
370 0.455
371 0.327
372 0.858
373 0.294
374 0.168
375 0.453
376 0.028
377 0.834
378 0.005
379 0.623
380 0.546
381 0.295
382 0.497
383 0.523
384 0.358
385 0.797
386 0.594
387 0.109
388 0.465
389 0.466
390 0.558
391 0.568
392 0.241
393 0.502
394 0.601
395 0.254
396 0.886
397 0.215
398 0.46
399 0.436
400 0.721
401 0.573
402 0.569
403 0.246
404 0.214
405 0.029
406 0.574
407 0.207
408 0.86
409 0.06
410 0.554
411 0.792
412 0.09
413 0.262
414 0.793
415 0.214
416 0.603
417 0.434
418 0.274
419 0.516
420 0.815
421 0.598
422 0.435
423 0.633
424 0.377
425 0.461
426 0.235
427 0.774
428 0.76
429 0.391
430 0.102
431 0.127
432 0.348
433 0.651
434 0.813
435 0.047
436 0.53
437 0.012
438 0.222
439 0.784
440 0.889
441 0.607
442 0.245
443 0.225
444 0.708
445 0.216
446 0.634
447 0.075
448 0.257
449 0.737
450 0.599
451 0.248
452 0.74
453 0.546
454 0.532
455 0.581
456 0.77
457 0.743
458 0.228
459 0.258
460 0.484
461 0.296
462 0.843
463 0.864
464 0.496
465 0.028
466 0.122
467 0.222
468 0.843
469 0.388
470 0.637
471 0.104
472 0.23
473 0.832
474 0.42
475 0.808
476 0.047
477 0.242
478 0.301
479 0.687
480 0.149
481 0.69
482 0.741
483 0.07
484 0.142
485 0.363
486 0.153
487 0.548
488 0.362
489 0.103
490 0.622
491 0.802
492 0.062
493 0.808
494 0.707
495 0.08
496 0.574
497 0.012
498 0.199
499 0.832
500 0.475
501 0.689
502 0.389
503 0.357
504 0.209
505 0.468
506 0.157
507 0.367
508 0.786
509 0.024
510 0.441
511 0.544
512 0.369
513 0.396
514 0.848
515 0.011
516 0.551
517 0.661
518 0.652
519 0.469
520 0.194
521 0.248
522 0.032
523 0.104
524 0.109
525 0.736
526 0.2
527 0.095
528 0.324
529 0.9
530 0.279
531 0.293
532 0.354
533 0.188
534 0.885
535 0.421
536 0.891
537 0.688
538 0.728
539 0.863
540 0.274
541 0.256
542 0.05
543 0.315
544 0.748
545 0.052
546 0.362
547 0.282
548 0.228
549 0.394
550 0.78
551 0.007
552 0.126
553 0.848
554 0.436
555 0.525
556 0.644
557 0.61
558 0.744
559 0.031
560 0.74
561 0.147
562 0.859
563 0.46
564 0.31
565 0.473
566 0.245
567 0.687
568 0.717
569 0.509
570 0.787
571 0.487
572 0.045
573 0.28
574 0.179
575 0.225
576 0.879
577 0.433
578 0.314
579 0.01
580 0.818
581 0.345
582 0.417
583 0.324
584 0.68
585 0.791
586 0.444
587 0.007
588 0.003
589 0.857
590 0.217
591 0.05
592 0.508
593 0.354
594 0.054
595 0.013
596 0.366
597 0.599
598 0.698
599 0.045
600 0.475
601 0.201
602 0.273
603 0.347
604 0.217
605 0.502
606 0.254
607 0.43
608 0.376
609 0.142
610 0.635
611 0.171
612 0.045
613 0.819
614 0.556
615 0.639
616 0.915
617 0.112
618 0.419
619 0.822
620 0.229
621 0.496
622 0.528
623 0.675
624 0.261
625 0.258
626 0.503
627 0.594
628 0.977
629 0.824
630 0.41
631 0.685
632 0.283
633 0.002
634 0.367
635 0.011
636 0.304
637 0.463
638 0.259
639 0.02
640 0.047
641 0.485
642 0.285
643 0.177
644 0.829
645 0.494
646 0.394
647 0.582
648 0.249
649 0.14
650 0.341
651 0.067
652 0.699
653 0.316
654 0.223
655 0.667
656 0.254
657 0.059
658 0.491
659 0.293
660 0.219
661 0.649
662 0.333
663 0.079
664 0.541
665 0.235
666 0.63
667 0.221
668 0.82
669 0.423
670 0.822
671 0.332
672 0.251
673 0.081
674 0.619
675 0.463
676 0.094
677 0.273
678 0.034
679 0.125
680 0.31
681 0.329
682 0.566
683 0.026
684 0.135
685 0.828
686 0.153
687 0.326
688 0.235
689 0.637
690 0.897
691 0.29
692 0.521
693 0.262
694 0.596
695 0.61
696 0.601
697 0.811
698 0.002
699 0.623
700 0.806
701 0.834
702 0.567
703 0.166
704 0.429
705 0.946
706 0.274
707 0.044
708 0.156
709 0.443
710 0.71
711 0.459
712 0.52
713 0.523
714 0.209
715 0.855
716 0.324
717 0.405
718 0.169
719 0.231
720 0.53
721 0.777
722 0.812
723 0.192
724 0.564
725 0.831
726 0.167
727 0.807
728 0.809
729 0.574
730 0.793
731 0.562
732 0.146
733 0.269
734 0.264
735 0.769
736 0.788
737 0.091
738 0.817
739 0.07
740 0.637
741 0.141
742 0.136
743 0.284
744 0.007
745 0.34
746 0.891
747 0.518
748 0.842
749 0.472
750 0.165
751 0.303
752 0.684
753 0.19
754 0.496
755 0.284
756 0.773
757 0.439
758 0.712
759 0.377
760 0.316
761 0.418
762 0.445
763 0.082
764 0.898
765 0.401
766 0.545
767 0.286
768 0.455
769 0.816
770 0.269
771 0.107
772 0.808
773 0.236
774 0.608
775 0.894
776 0.673
777 0.004
778 0.106
779 0.89
780 0.477
781 0.063
782 0.123
783 0.675
784 0.184
785 0.023
786 0.774
787 0.551
788 0.2
789 0.736
790 0.689
791 0.613
792 0.019
793 0.742
794 0.312
795 0.379
796 0.479
797 0.726
798 0.491
799 0.356
800 0.297
801 0.194
802 0.915
803 0.884
804 0.426
805 0.406
806 0.112
807 0.38
808 0.55
809 0.007
810 0.2
811 0.682
812 0.349
813 0.015
814 0.827
815 0.303
816 0.095
817 0.102
818 0.149
819 0.161
820 0.434
821 0.296
822 0.168
823 0.057
824 0.721
825 0.457
826 0.153
827 0.278
828 0.002
829 0.243
830 0.01
831 0.782
832 0.314
833 0.046
834 0.253
835 0.12
836 0.372
837 0.418
838 0.8
839 0.474
840 0.177
841 0.251
842 0.023
843 0.249
844 0.434
845 0.601
846 0.287
847 0.814
848 0.379
849 0.31
850 0.573
851 0.904
852 0.565
853 0.582
854 0.79
855 0.272
856 0.491
857 0.082
858 0.342
859 0.682
860 0.661
861 0.499
862 0.296
863 0.507
864 0.242
865 0.6
866 0.692
867 0.039
868 0.792
869 0.31
870 0.235
871 0.614
872 0.543
873 0.484
874 0.287
875 0.101
876 0.236
877 0.373
878 0.889
879 0.816
880 0.824
881 0.578
882 0.318
883 0.003
884 0.51
885 0.122
886 0.307
887 0.184
888 0.287
889 0.538
890 0.369
891 0.314
892 0.152
893 0.119
894 0.508
895 0.227
896 0.017
897 0.124
898 0.53
899 0.333
900 0.868
901 0.626
902 0.478
903 0.441
904 0.855
905 0.471
906 0.638
907 0.362
908 0.045
909 0.929
910 0.97
911 0.742
912 0.218
913 0.136
914 0.692
915 0.216
916 0.841
917 0.096
918 0.636
919 0.3
920 0.322
921 0.635
922 0.75
923 0.2
924 0.629
925 0.826
926 0.474
927 0.142
928 0.867
929 0.898
930 0.72
931 0.078
932 0.208
933 0.189
934 0.916
935 0.222
936 0.387
937 0.551
938 0.056
939 0.543
940 0.006
941 0.168
942 0.208
943 0.081
944 0.055
945 0.177
946 0.793
947 0.207
948 0.478
949 0.608
950 0.276
951 0.58
952 0.953
953 0.37
954 0.185
955 0.079
956 0.273
957 0.524
958 0.653
959 0.852
960 0.258
961 0.553
962 0.624
963 0.16
964 0.87
965 0.681
966 0.473
967 0.38
968 0.791
969 0.403
970 0.724
971 0.719
972 0.176
973 0.248
974 0.334
975 0.4
976 0.289
977 0.222
978 0.103
979 0.154
980 0.216
981 0.342
982 0.564
983 0.722
984 0.484
985 0.068
986 0.196
987 0.64
988 0.888
989 0.263
990 0.002
991 0.587
992 0.531
993 0.08
994 0.457
995 0.953
996 0.423
997 0.097
998 0.92
999 0.11
1000 0.045
1001 0.062
1002 0.003
1003 0.404
1004 0.548
1005 0.16
1006 0.308
1007 0.01
1008 0.625
1009 0.183
1010 0.232
1011 0.276
1012 0.179
1013 0.258
1014 0.024
1015 0.413
1016 0.46
1017 0.189
1018 0.407
1019 0.374
1020 0.913
1021 0.797
1022 0.537
1023 0.577
1024 0.126
1025 0.18
1026 0.187
1027 0.16
1028 0.145
1029 0.492
1030 0.485
1031 0.261
1032 0.125
1033 0.172
1034 0.153
1035 0.227
1036 0.729
1037 0.011
1038 0.178
1039 0.049
1040 0.196
1041 0.382
1042 0.419
1043 0.073
1044 0.526
1045 0.528
1046 0.125
1047 0.003
1048 0.072
1049 0.845
1050 0.607
1051 0.017
1052 0.718
1053 0.313
1054 0.158
1055 0.323
1056 0.424
1057 0.883
1058 0.149
1059 0.695
1060 0.507
1061 0.776
1062 0.455
1063 0.803
1064 0.829
1065 0.056
1066 0.254
1067 0.702
1068 0.416
1069 0.483
1070 0.428
1071 0.715
1072 0.539
1073 0.109
1074 0.739
1075 0.313
1076 0.735
1077 0.827
1078 0.301
1079 0.778
1080 0.025
1081 0.577
1082 0.624
1083 0.857
1084 0.507
1085 0.137
1086 0.399
1087 0.795
1088 0.077
1089 0.235
1090 0.008
1091 0.799
1092 0.02
1093 0.103
1094 0.812
1095 0.14
1096 0.186
1097 0.018
1098 0.753
1099 0.5
1100 0.933
1101 0.577
1102 0.116
1103 0.474
1104 0.119
1105 0.058
1106 0.595
1107 0.727
1108 0.655
1109 0.619
1110 0.638
1111 0.081
1112 0.074
1113 0.592
1114 0.26
1115 0.047
1116 0.072
1117 0.759
1118 0.344
1119 0.61
1120 0.514
1121 0.498
1122 0.285
1123 0.494
1124 0.709
1125 0.509
1126 0.311
1127 0.629
1128 0.639
1129 0.229
1130 0.137
1131 0.502
1132 0.373
1133 0.009
1134 0.151
1135 0.677
1136 0.359
1137 0.072
1138 0.196
1139 0.361
1140 0.034
1141 0.858
1142 0.231
1143 0.256
1144 0.786
1145 0.033
1146 0.182
1147 0.588
1148 0.847
1149 0.658
1150 0.906
1151 0.94
1152 0.192
1153 0.264
1154 0.075
1155 0.292
1156 0.072
1157 0.724
1158 0.08
1159 0.802
1160 0.483
1161 0.562
1162 0.19
1163 0.325
1164 0.032
1165 0.211
1166 0.543
1167 0.321
1168 0.173
1169 0.022
1170 0.242
1171 0.247
1172 0.854
1173 0.356
1174 0.873
1175 0.694
1176 0.086
1177 0.91
1178 0.344
1179 0.04
1180 0.576
1181 0.469
1182 0.146
1183 0.896
1184 0.101
1185 0.078
1186 0.639
1187 0.838
1188 0.294
1189 0.838
1190 0.875
1191 0.753
1192 0.605
1193 0.692
1194 0.218
1195 0.159
1196 0.33
1197 0.188
1198 0.092
1199 0.528
1200 0.462
1201 0.225
1202 0.162
1203 0.895
1204 0.131
1205 0.179
1206 0.497
1207 0.015
1208 0.458
1209 0.508
1210 0.249
1211 0.12
1212 0.176
1213 0.741
1214 0.092
1215 0.866
1216 0.148
1217 0.329
1218 0.26
1219 0.322
1220 0.543
1221 0.345
1222 0.694
1223 0.367
1224 0.062
1225 0.82
1226 0.493
1227 0.464
1228 0.925
1229 0.715
1230 0.113
1231 0.304
1232 0.167
1233 0.451
1234 0.684
1235 0.253
1236 0.796
1237 0.036
1238 0.503
1239 0.083
1240 0.271
1241 0.085
1242 0.274
1243 0.213
1244 0.733
1245 0.188
1246 0.148
1247 0.561
1248 0.532
1249 0.304
1250 0.555
1251 0.608
1252 0.8
1253 0.106
1254 0.858
1255 0.074
1256 0.208
1257 0.571
1258 0.902
1259 0.417
1260 0.261
1261 0.396
1262 0.138
1263 0.703
1264 0.375
1265 0.676
1266 0.614
1267 0.717
1268 0.588
1269 0.34
1270 0.647
1271 0.773
1272 0.579
1273 0.65
1274 0.387
1275 0.608
1276 0.814
1277 0.194
1278 0.063
1279 0.063
1280 0.511
1281 0.812
1282 0.882
1283 0.734
1284 0.403
1285 0.452
1286 0.457
1287 0.745
1288 0.249
1289 0.524
1290 0.618
1291 0.014
1292 0.377
1293 0.659
1294 0.22
1295 0.041
1296 0.199
1297 0.048
1298 0.751
1299 0.77
1300 0.06
1301 0.087
1302 0.833
1303 0.781
1304 0.313
1305 0.583
1306 0.04
1307 0.246
1308 0.377
1309 0.539
1310 0.013
1311 0.759
1312 0.283
1313 0.015
1314 0.586
1315 0.766
1316 0.203
1317 0.337
1318 0.511
1319 0.575
1320 0.515
1321 0.469
1322 0.199
1323 0.528
1324 0.396
1325 0.526
1326 0.291
1327 0.279
1328 0.34
1329 0.102
1330 0.002
1331 0.658
1332 0.37
1333 0.285
1334 0.64
1335 0.713
1336 0.679
1337 0.086
1338 0.841
1339 0.553
1340 0.419
1341 0.344
1342 0.259
1343 0.688
1344 0.445
1345 0.858
1346 0.056
1347 0.413
1348 0.482
1349 0.054
1350 0.169
1351 0.389
1352 0.096
1353 0.742
1354 0.287
1355 0.715
1356 0.768
1357 0.832
1358 0.247
1359 0.731
1360 0.908
1361 0.019
1362 0.565
1363 0.254
1364 0.745
1365 0.116
1366 0.245
1367 0.648
1368 0.292
1369 0.159
1370 0.191
1371 0.355
1372 0.75
1373 0.678
1374 0.25
1375 0.522
1376 0.41
1377 0.704
1378 0.391
1379 0.212
1380 0.778
1381 0.786
1382 0.289
1383 0.322
1384 0.141
1385 0.808
1386 0.797
1387 0.139
1388 0.414
1389 0.337
1390 0.154
1391 0.097
1392 0.775
1393 0.21
1394 0.655
1395 0.657
1396 0.03
1397 0.075
1398 0.496
1399 0.44
1400 0.529
1401 0.649
1402 0.374
1403 0.784
1404 0.652
1405 0.483
1406 0.181
1407 0.559
1408 0.791
1409 0.366
1410 0.141
1411 0.003
1412 0.335
1413 0.146
1414 0.683
1415 0.877
1416 0.487
1417 0.873
1418 0.281
1419 0.093
1420 0.511
1421 0.217
1422 0.197
1423 0.115
1424 0.9
1425 0.34
1426 0.559
1427 0.238
1428 0.213
1429 0.29
1430 0.431
1431 0.014
1432 0.649
1433 0.756
1434 0.846
1435 0.296
1436 0.809
1437 0.685
1438 0.493
1439 0.791
1440 0.906
1441 0.849
1442 0.636
1443 0.934
1444 0.897
1445 0.243
1446 0.451
1447 0.129
1448 0.47
1449 0.78
1450 0.347
1451 0.351
1452 0.035
1453 0.388
1454 0.162
1455 0.575
1456 0.276
1457 0.748
1458 0.785
1459 0.813
1460 0.448
1461 0
1462 0.38
1463 0.322
1464 0.717
1465 0.017
1466 0.159
1467 0.746
1468 0.367
1469 0.861
1470 0.127
1471 0.117
1472 0.043
1473 0.808
1474 0.631
1475 0.686
1476 0.248
1477 0.933
1478 0.186
1479 0.51
1480 0.17
1481 0.687
1482 0.522
1483 0.232
1484 0.44
1485 0.905
1486 0.207
1487 0.357
1488 0.659
1489 0.021
1490 0.493
1491 0.277
1492 0.452
1493 0.264
1494 0.614
1495 0.666
1496 0.057
1497 0.373
1498 0.725
1499 0.055
1500 0.737
1501 0.8
1502 0.192
1503 0.467
1504 0.218
1505 0.049
1506 0.006
1507 0.106
1508 0.198
1509 0.753
1510 0.385
1511 0.028
1512 0.368
1513 0.925
1514 0.213
1515 0.562
1516 0.026
1517 0.331
1518 0.422
1519 0.034
1520 0.49
1521 0.015
1522 0.793
1523 0.146
1524 0.012
1525 0.606
1526 0.832
1527 0.709
1528 0.779
1529 0.404
1530 0.691
1531 0.071
1532 0.04
1533 0.263
1534 0.552
1535 0.809
1536 0.212
1537 0.329
1538 0.765
1539 0.233
1540 0.052
1541 0.125
1542 0.222
1543 0.547
1544 0.867
1545 0.08
1546 0.039
1547 0.299
1548 0.154
1549 0.505
1550 0.123
1551 0.371
1552 0.197
1553 0.055
1554 0.029
1555 0.596
1556 0.55
1557 0.494
1558 0.318
1559 0.618
1560 0.357
1561 0.058
1562 0.445
1563 0.722
1564 0.157
1565 0.478
1566 0.646
1567 0.005
1568 0.047
1569 0.161
1570 0.141
1571 0.131
1572 0.488
1573 0.529
1574 0.376
1575 0.83
1576 0.727
1577 0.559
1578 0.847
1579 0.336
1580 0.262
1581 0.573
1582 0.396
1583 0.712
1584 0.056
1585 0.093
1586 0.419
1587 0.079
1588 0.288
1589 0.069
1590 0.707
1591 0.028
1592 0.031
1593 0.369
1594 0.112
1595 0.312
1596 0.31
1597 0.731
1598 0.085
1599 0.512
1600 0.596
1601 0.456
1602 0.599
1603 0.594
1604 0.238
1605 0.498
1606 0.647
1607 0.056
1608 0.231
1609 0.384
1610 0.752
1611 0.043
1612 0.423
1613 0.704
1614 0.786
1615 0.542
1616 0.684
1617 0.308
1618 0.655
1619 0.646
1620 0.108
1621 0.256
1622 0.705
1623 0.081
1624 0.007
1625 0.289
1626 0.766
1627 0.746
1628 0.316
1629 0.412
1630 0.508
1631 0.08
1632 0.394
1633 0.45
1634 0.302
1635 0.133
1636 0.455
1637 0.06
1638 0.18
1639 0.428
1640 0.771
1641 0.869
1642 0.957
1643 0.181
1644 0.006
1645 0.551
1646 0.36
1647 0.755
1648 0.816
1649 0.685
1650 0.745
1651 0.376
1652 0.038
1653 0.337
1654 0.316
1655 0.208
1656 0.317
1657 0.021
1658 0.305
1659 0.762
1660 0.719
1661 0.798
1662 0.654
1663 0.502
1664 0.708
1665 0.517
1666 0.462
1667 0.044
1668 0.3
1669 0.891
1670 0.686
1671 0.708
1672 0.438
1673 0.647
1674 0.565
1675 0.587
1676 0.046
1677 0.169
1678 0.003
1679 0.088
1680 0.323
1681 0.501
1682 0.239
1683 0.461
1684 0.037
1685 0.278
1686 0.219
1687 0.36
1688 0.516
1689 0.535
1690 0.043
1691 0.315
1692 0.163
1693 0.534
1694 0.249
1695 0.284
1696 0.765
1697 0.218
1698 0.542
1699 0.944
1700 0.292
1701 0.003
1702 0.488
1703 0.016
1704 0.116
1705 0.37
1706 0.63
1707 0.892
1708 0.331
1709 0.585
1710 0.261
1711 0.853
1712 0.251
1713 0.439
1714 0.679
1715 0.573
1716 0.311
1717 0.713
1718 0.497
1719 0.908
1720 0.31
1721 0.198
1722 0.718
1723 0.694
1724 0.758
1725 0.366
1726 0.096
1727 0.113
1728 0.692
1729 0.944
1730 0.603
1731 0.065
1732 0.292
1733 0.878
1734 0.764
1735 0.623
1736 0.886
1737 0.119
1738 0.464
1739 0.26
1740 0.525
1741 0.304
1742 0.243
1743 0.004
1744 0.203
1745 0.857
1746 0.034
1747 0.609
1748 0.497
1749 0.272
1750 0.119
1751 0.451
1752 0.644
1753 0.595
1754 0.612
1755 0.455
1756 0.306
1757 0.869
1758 0.455
1759 0.7
1760 0.792
1761 0.528
1762 0.124
1763 0.045
1764 0.408
1765 0.233
1766 0.471
1767 0.525
1768 0.001
1769 0.641
1770 0.003
1771 0.376
1772 0.171
1773 0.339
1774 0.285
1775 0.738
1776 0.819
1777 0.11
1778 0.372
1779 0.578
1780 0.003
1781 0.205
1782 0.517
1783 0.146
1784 0.434
1785 0.037
1786 0.304
1787 0.695
1788 0.427
1789 0.661
1790 0.112
1791 0.497
1792 0.464
1793 0.041
1794 0.198
1795 0.571
1796 0.667
1797 0.364
1798 0.597
1799 0.15
1800 0.705
1801 0.168
1802 0.878
1803 0.607
1804 0.184
1805 0.139
1806 0.524
1807 0.046
1808 0.295
1809 0.245
1810 0.457
1811 0.173
1812 0.519
1813 0.755
1814 0.578
1815 0.222
1816 0.25
1817 0.359
1818 0.298
1819 0.816
1820 0.723
1821 0.504
1822 0.25
1823 0.424
1824 0.127
1825 0.297
1826 0.207
1827 0.68
1828 0.654
1829 0.147
1830 0.255
1831 0.863
1832 0.404
1833 0.412
1834 0.213
1835 0.185
1836 0.71
1837 0.315
1838 0.568
1839 0.132
1840 0.645
1841 0.319
1842 0.473
1843 0.281
1844 0.345
1845 0.662
1846 0.07
1847 0.889
1848 0.634
1849 0.013
1850 0.571
1851 0.386
1852 0.603
1853 0.63
1854 0.175
1855 0.842
1856 0.48
1857 0.647
1858 0.842
1859 0.621
1860 0.376
1861 0.903
1862 0.575
1863 0.422
1864 0.861
1865 0.525
1866 0.438
1867 0.307
1868 0.51
1869 0.038
1870 0.598
1871 0.615
1872 0.305
1873 0.824
1874 0.792
1875 0.045
1876 0.734
1877 0.443
1878 0.323
1879 0.668
1880 0.874
1881 0.497
1882 0.896
1883 0.482
1884 0.612
1885 0.308
1886 0.588
1887 0.503
1888 0.912
1889 0.613
1890 0.817
1891 0.282
1892 0.241
1893 0.105
1894 0.563
1895 0.343
1896 0.123
1897 0.221
1898 0.074
1899 0.143
1900 0.871
1901 0.508
1902 0.28
1903 0.506
1904 0.4
1905 0.022
1906 0.278
1907 0.455
1908 0.001
1909 0.257
1910 0.386
1911 0.671
1912 0.736
1913 0.901
1914 0.028
1915 0.496
1916 0.63
1917 0.004
1918 0.196
1919 0.783
1920 0.849
1921 0.046
1922 0.275
1923 0.782
1924 0.133
1925 0.207
1926 0.169
1927 0.741
1928 0.404
1929 0.781
1930 0.084
1931 0.322
1932 0.088
1933 0.073
1934 0.717
1935 0.268
1936 0.214
1937 0.743
1938 0.053
1939 0.517
1940 0.777
1941 0.15
1942 0.32
1943 0.66
1944 0.824
1945 0.578
1946 0.181
1947 0.702
1948 0.531
1949 0.939
1950 0.155
1951 0.352
1952 0.082
1953 0.604
1954 0.731
1955 0.091
1956 0.019
1957 0.803
1958 0.037
1959 0.649
1960 0.5
1961 0.199
1962 0.461
1963 0.572
1964 0.103
1965 0.385
1966 0.187
1967 0.843
1968 0.681
1969 0.592
1970 0.271
1971 0.309
1972 0.461
1973 0.222
1974 0.197
1975 0.749
1976 0.127
1977 0.285
1978 0.864
1979 0.871
1980 0.374
1981 0.841
1982 0.306
1983 0.667
1984 0.18
1985 0.818
1986 0.265
1987 0.798
1988 0.189
1989 0.011
1990 0.206
1991 0.171
1992 0.42
1993 0.302
1994 0.017
1995 0.778
1996 0.513
1997 0.276
1998 0.467
1999 0.734
2000 0.458
2001 0.531
2002 0.165
2003 0.307
2004 0.292
2005 0.498
2006 0.204
2007 0.591
2008 0.092
2009 0.147
2010 0.809
2011 0.41
2012 0.779
2013 0.402
2014 0.598
2015 0.11
2016 0.728
2017 0.536
2018 0.305
2019 0.301
2020 0.739
2021 0.181
2022 0.787
2023 0.01
2024 0.846
2025 0.415
2026 0.841
2027 0.076
2028 0.625
2029 0.175
2030 0.744
2031 0.524
2032 0.06
2033 0.155
2034 0.583
2035 0.147
2036 0.822
2037 0.019
2038 0.084
2039 0.466
2040 0.143
2041 0.204
2042 0.838
2043 0.209
2044 0.387
2045 0.242
2046 0.021
2047 0.58
2048 0.003
2049 0.798
2050 0.689
2051 0.683
2052 0.824
2053 0.854
2054 0.099
2055 0.48
2056 0.226
2057 0.809
2058 0.01
2059 0.434
2060 0.966
2061 0.267
2062 0.517
2063 0.557
2064 0.659
2065 0.858
2066 0.822
2067 0.132
2068 0.261
2069 0.895
2070 0.644
2071 0.873
2072 0.469
2073 0.497
2074 0.478
2075 0.251
2076 0.197
2077 0.765
2078 0.262
2079 0.132
2080 0.096
2081 0.212
2082 0.088
2083 0.012
2084 0.41
2085 0.367
2086 0.598
2087 0.539
2088 0.614
2089 0.393
2090 0.386
2091 0.803
2092 0.157
2093 0.867
2094 0.227
2095 0.671
2096 0.717
2097 0.695
2098 0.768
2099 0.191
2100 0.388
2101 0.893
2102 0.933
2103 0.93
2104 0.5
2105 0.336
2106 0.004
2107 0.664
2108 0.045
2109 0.584
2110 0.142
2111 0.178
2112 0.348
2113 0.804
2114 0.201
2115 0.525
2116 0.128
2117 0.841
2118 0.241
2119 0.209
2120 0.608
2121 0.904
2122 0.469
2123 0.649
2124 0.717
2125 0.386
2126 0.253
2127 0.647
2128 0.463
2129 0.003
2130 0.408
2131 0.095
2132 0.046
2133 0.039
2134 0.405
2135 0.515
2136 0.517
2137 0.35
2138 0.396
2139 0.128
2140 0.318
2141 0.778
2142 0.364
2143 0.012
2144 0.048
2145 0.005
2146 0.67
2147 0.344
2148 0.19
2149 0.417
2150 0.527
2151 0.906
2152 0.346
2153 0.007
2154 0.544
2155 0.234
2156 0.242
2157 0.869
2158 0.851
2159 0.857
2160 0.148
2161 0.477
2162 0.26
2163 0.085
2164 0.406
2165 0.723
2166 0.639
2167 0.485
2168 0.585
2169 0.78
2170 0.046
2171 0.536
2172 0.612
2173 0.604
2174 0.744
2175 0.132
2176 0.533
2177 0.253
2178 0.405
2179 0.538
2180 0.344
2181 0.383
2182 0.033
2183 0.385
2184 0.574
2185 0.35
2186 0.465
2187 0.206
2188 0.49
2189 0.484
2190 0.407
2191 0.43
2192 0.129
2193 0.229
2194 0.105
2195 0.549
2196 0.622
2197 0.4
2198 0.162
2199 0.46
2200 0.119
2201 0.072
2202 0.115
2203 0.346
2204 0.371
2205 0.816
2206 0.107
2207 0.377
2208 0.032
2209 0.212
2210 0.182
2211 0.143
2212 0.364
2213 0.138
2214 0.599
2215 0.627
2216 0.3
2217 0.465
2218 0.03
2219 0.01
2220 0.334
2221 0.008
2222 0.07
2223 0.332
2224 0.04
2225 0.651
2226 0.225
2227 0.811
2228 0.139
2229 0.205
2230 0.448
2231 0.363
2232 0.635
2233 0.516
2234 0.43
2235 0.162
2236 0.617
2237 0.317
2238 0.211
2239 0.838
2240 0.602
2241 0.895
2242 0.609
2243 0.176
2244 0.596
2245 0.516
2246 0.76
2247 0.903
2248 0.025
2249 0.91
2250 0.264
2251 0.067
2252 0.815
2253 0.454
2254 0.002
2255 0.414
2256 0.202
2257 0.638
2258 0.56
2259 0.048
2260 0.113
2261 0.083
2262 0.141
2263 0.542
2264 0.189
2265 0.689
2266 0.74
2267 0.578
2268 0.293
2269 0.348
2270 0.545
2271 0.585
2272 0.704
2273 0.555
2274 0.818
2275 0.062
2276 0.756
2277 0.662
2278 0.589
2279 0.066
2280 0.693
2281 0.757
2282 0.19
2283 0.549
2284 0.295
2285 0.379
2286 0.087
2287 0.45
2288 0.421
2289 0.56
2290 0.934
2291 0.136
2292 0.042
2293 0.602
2294 0.293
2295 0.907
2296 0.033
2297 0.67
2298 0.343
2299 0.661
2300 0.59
2301 0.554
2302 0.22
2303 0.915
2304 0.038
2305 0.653
2306 0.349
2307 0.707
2308 0.319
2309 0.448
2310 0.7
2311 0.293
2312 0.551
2313 0.132
2314 0.884
2315 0.084
2316 0.879
2317 0.443
2318 0.732
2319 0.222
2320 0.261
2321 0.08
2322 0.803
2323 0.041
2324 0.863
2325 0.569
2326 0.503
2327 0.406
2328 0.531
2329 0.636
2330 0.892
2331 0.33
2332 0.908
2333 0.21
2334 0.681
2335 0.617
2336 0.383
2337 0.407
2338 0.221
2339 0.497
2340 0.576
2341 0.044
2342 0.302
2343 0.613
2344 0.325
2345 0.457
2346 0.038
2347 0.071
2348 0.67
2349 0.605
2350 0.036
2351 0.619
2352 0.298
2353 0.435
2354 0.411
2355 0.344
2356 0.586
2357 0.34
2358 0.908
2359 0.182
2360 0.196
2361 0.369
2362 0.244
2363 0.603
2364 0.869
2365 0.156
2366 0.747
2367 0.268
2368 0.691
2369 0.586
2370 0.904
2371 0.182
2372 0.325
2373 0.883
2374 0.391
2375 0.112
2376 0.205
2377 0.204
2378 0.07
2379 0.694
2380 0.413
2381 0.2
2382 0.247
2383 0.48
2384 0.865
2385 0.22
2386 0.587
2387 0.87
2388 0.394
2389 0.184
2390 0.82
2391 0.079
2392 0.542
2393 0.252
2394 0.625
2395 0.834
2396 0.595
2397 0.413
2398 0.205
2399 0.926
2400 0.013
2401 0.072
2402 0.615
2403 0.537
2404 0.36
2405 0.701
2406 0.384
2407 0.39
2408 0.789
2409 0.204
2410 0.092
2411 0.112
2412 0.792
2413 0.271
2414 0.014
2415 0.104
2416 0.233
2417 0.825
2418 0.437
2419 0.735
2420 0.539
2421 0.259
2422 0.498
2423 0.754
2424 0.794
2425 0.825
2426 0.06
2427 0.627
2428 0.764
2429 0.874
2430 0.56
2431 0.229
2432 0.297
2433 0.263
2434 0.221
2435 0.269
2436 0.211
2437 0.534
2438 0.17
2439 0.03
2440 0.509
2441 0.27
2442 0.577
2443 0.234
2444 0.007
2445 0.219
2446 0.622
2447 0.034
2448 0.208
2449 0.781
2450 0.339
2451 0.866
2452 0.352
2453 0.206
2454 0.31
2455 0.015
2456 0.623
2457 0.613
2458 0.042
2459 0.81
2460 0.663
2461 0.118
2462 0.229
2463 0.661
2464 0.377
2465 0.72
2466 0.743
2467 0.581
2468 0.417
2469 0.247
2470 0.196
2471 0.698
2472 0.465
2473 0.436
2474 0.181
2475 0.445
2476 0.655
2477 0.603
2478 0.537
2479 0.831
2480 0.641
2481 0.011
2482 0.466
2483 0.507
2484 0.106
2485 0.558
2486 0.204
2487 0.512
2488 0.046
2489 0.203
2490 0.307
2491 0.585
2492 0.132
2493 0.272
2494 0.219
2495 0.469
2496 0.321
2497 0.258
2498 0.116
2499 0.693
2500 0.389
2501 0.656
2502 0.16
2503 0.373
2504 0.493
2505 0.431
2506 0.706
2507 0.542
2508 0.916
2509 0.229
2510 0.133
2511 0.398
2512 0.227
2513 0.753
2514 0.603
2515 0.056
2516 0.871
2517 0.114
2518 0.536
2519 0.295
2520 0.482
2521 0.164
2522 0.391
2523 0.053
2524 0.065
2525 0.406
2526 0.071
2527 0.019
2528 0.12
2529 0.366
2530 0.812
2531 0.088
2532 0.181
2533 0.01
2534 0.087
2535 0.713
2536 0.007
2537 0.036
2538 0.561
2539 0.749
2540 0.549
2541 0.572
2542 0.169
2543 0.327
2544 0.634
2545 0.239
2546 0.168
2547 0.708
2548 0.161
2549 0.883
2550 0.001
2551 0.772
2552 0.728
2553 0.168
2554 0.039
2555 0.029
2556 0.2
2557 0.431
2558 0.535
2559 0.344
2560 0.126
2561 0.079
2562 0.878
2563 0.784
2564 0.517
2565 0.581
2566 0.369
2567 0.823
2568 0.408
2569 0.825
2570 0.487
2571 0.52
2572 0.564
2573 0.763
2574 0.323
2575 0.498
2576 0.879
2577 0.661
2578 0.845
2579 0.349
2580 0.89
2581 0.828
2582 0.502
2583 0.123
2584 0.581
2585 0.209
2586 0.483
2587 0.507
2588 0.792
2589 0.897
2590 0.734
2591 0.099
2592 0.15
2593 0.27
2594 0.61
2595 0.54
2596 0.639
2597 0.044
2598 0.431
2599 0.095
2600 0.772
2601 0.146
2602 0.741
2603 0.926
2604 0.272
2605 0.171
2606 0.08
2607 0.613
2608 0.414
2609 0.646
2610 0.37
2611 0.455
2612 0.524
2613 0.673
2614 0.606
2615 0.636
2616 0.185
2617 0.421
2618 0.098
2619 0.653
2620 0.858
2621 0.48
2622 0.067
2623 0.22
2624 0.559
2625 0.467
2626 0.336
2627 0.71
2628 0.583
2629 0.495
2630 0.785
2631 0.234
2632 0.126
2633 0.024
2634 0.217
2635 0.139
2636 0.229
2637 0.158
2638 0.885
2639 0.693
2640 0.602
2641 0.578
2642 0.316
2643 0.449
2644 0.376
2645 0.009
2646 0.544
2647 0.458
2648 0.169
2649 0.09
2650 0.518
2651 0.023
2652 0.003
2653 0.385
2654 0.296
2655 0.006
2656 0.09
2657 0.559
2658 0.087
2659 0.01
2660 0.717
2661 0.621
2662 0.071
2663 0.858
2664 0.383
2665 0.085
2666 0.353
2667 0.275
2668 0.069
2669 0.942
2670 0.328
2671 0.214
2672 0.343
2673 0.135
2674 0.609
2675 0.311
2676 0.727
2677 0.177
2678 0.142
2679 0.17
2680 0.65
2681 0.026
2682 0.852
2683 0.404
2684 0.607
2685 0.278
2686 0.429
2687 0.219
2688 0.483
2689 0.566
2690 0.429
2691 0.343
2692 0.481
2693 0.179
2694 0.393
2695 0.069
2696 0.624
2697 0.119
2698 0.403
2699 0.567
2700 0.137
2701 0.724
2702 0.015
2703 0.185
2704 0.139
2705 0.386
2706 0.663
2707 0.843
2708 0.201
2709 0.016
2710 0.01
2711 0.773
2712 0.746
2713 0.14
2714 0.281
2715 0.363
2716 0.296
2717 0.091
2718 0.294
2719 0.775
2720 0.907
2721 0.432
2722 0.452
2723 0.713
2724 0.261
2725 0.42
2726 0.188
2727 0.021
2728 0.542
2729 0.589
2730 0.828
2731 0.876
2732 0.353
2733 0.057
2734 0.641
2735 0.27
2736 0.33
2737 0.661
2738 0.323
2739 0.759
2740 0.019
2741 0.164
2742 0.756
2743 0.231
2744 0.374
2745 0.062
2746 0.393
2747 0.318
2748 0.86
2749 0.794
2750 0.829
2751 0.398
2752 0.096
2753 0.269
2754 0.133
2755 0.878
2756 0.594
2757 0.864
2758 0.787
2759 0.524
2760 0.774
2761 0.315
2762 0.735
2763 0.639
2764 0.6
2765 0.341
2766 0.79
2767 0.575
2768 0.386
2769 0.396
2770 0.155
2771 0.368
2772 0.538
2773 0.622
2774 0.052
2775 0.441
2776 0.838
2777 0.269
2778 0.726
2779 0.76
2780 0.017
2781 0.683
2782 0.297
2783 0.378
2784 0.176
2785 0.114
2786 0.617
2787 0.017
2788 0.243
2789 0.158
2790 0.292
2791 0.069
2792 0.899
2793 0.159
2794 0.036
2795 0.887
2796 0.882
2797 0.327
2798 0.342
2799 0.209
2800 0.473
2801 0.221
2802 0.599
2803 0.038
2804 0.192
2805 0.52
2806 0.116
2807 0.589
2808 0.602
2809 0.767
2810 0.531
2811 0.397
2812 0.075
2813 0.21
2814 0.101
2815 0.789
2816 0.629
2817 0.075
2818 0.954
2819 0.402
2820 0.485
2821 0.572
2822 0.511
2823 0.4
2824 0.462
2825 0.038
2826 0.177
2827 0.252
2828 0.642
2829 0.049
2830 0.176
2831 0.325
2832 0.289
2833 0.382
2834 0.373
2835 0.252
2836 0.323
2837 0.915
2838 0.103
2839 0.558
2840 0.771
2841 0.647
2842 0.38
2843 0.158
2844 0.032
2845 0.08
2846 0.008
2847 0.586
2848 0.742
2849 0.52
2850 0.488
2851 0.786
2852 0.331
2853 0.461
2854 0.294
2855 0.171
2856 0.338
2857 0.412
2858 0.248
2859 0.392
2860 0.045
2861 0.747
2862 0.162
2863 0.551
2864 0.215
2865 0.229
2866 0.532
2867 0.539
2868 0.265
2869 0.026
2870 0.95
2871 0.319
2872 0.043
2873 0.758
2874 0.017
2875 0.683
2876 0.005
2877 0.402
2878 0.368
2879 0.523
2880 0.303
2881 0.427
2882 0.19
2883 0.89
2884 0.731
2885 0.741
2886 0.233
2887 0.768
2888 0.059
2889 0.192
2890 0.698
2891 0.466
2892 0.185
2893 0.348
2894 0.424
2895 0.196
2896 0.804
2897 0.78
2898 0.277
2899 0.457
2900 0.438
2901 0.044
2902 0.262
2903 0.379
2904 0.551
2905 0.145
2906 0.02
2907 0.494
2908 0.075
2909 0.15
2910 0.047
2911 0.569
2912 0.907
2913 0.686
2914 0.487
2915 0.704
2916 0.071
2917 0.234
2918 0.743
2919 0.173
2920 0.244
2921 0.109
2922 0.285
2923 0.497
2924 0.676
2925 0.168
2926 0.624
2927 0.478
2928 0.106
2929 0.309
2930 0.721
2931 0.285
2932 0.313
2933 0.165
2934 0.147
2935 0.881
2936 0.755
2937 0.489
2938 0.742
2939 0.251
2940 0.679
2941 0.576
2942 0.315
2943 0.584
2944 0.374
2945 0.164
2946 0.605
2947 0.028
2948 0.2
2949 0.616
2950 0.673
2951 0.552
2952 0.537
2953 0.743
2954 0.262
2955 0.717
2956 0.552
2957 0.162
2958 0.039
2959 0.848
2960 0.61
2961 0.773
2962 0.315
2963 0.612
2964 0.002
2965 0.124
2966 0.05
2967 0.596
2968 0.185
2969 0.88
2970 0.29
2971 0.111
2972 0.657
2973 0.687
2974 0.409
2975 0.205
2976 0.881
2977 0.082
2978 0.034
2979 0.389
2980 0.094
2981 0.971
2982 0.244
2983 0.124
2984 0.181
2985 0.096
2986 0.271
2987 0.289
2988 0.865
2989 0.225
2990 0.226
2991 0.275
2992 0.341
2993 0.866
2994 0.169
2995 0.748
2996 0.114
2997 0.802
2998 0.107
2999 0.012
3000 0.532
3001 0.733
3002 0.812
3003 0.282
3004 0.926
3005 0.47
3006 0.765
3007 0.615
3008 0.031
3009 0.329
3010 0.397
3011 0.755
3012 0.709
3013 0.038
3014 0.657
3015 0.642
3016 0.793
3017 0.526
3018 0.15
3019 0.755
3020 0.627
3021 0.869
3022 0.553
3023 0.592
3024 0.024
3025 0.151
3026 0.458
3027 0.467
3028 0.487
3029 0.158
3030 0.489
3031 0.202
3032 0.309
3033 0.037
3034 0.454
3035 0.481
3036 0.004
3037 0.564
3038 0.729
3039 0.792
3040 0.618
3041 0.909
3042 0.132
3043 0.896
3044 0.528
3045 0.42
3046 0.787
3047 0.826
3048 0.427
3049 0.001
3050 0.757
3051 0.597
3052 0.717
3053 0.403
3054 0.208
3055 0.749
3056 0.21
3057 0.567
3058 0.077
3059 0.597
3060 0.344
3061 0.028
3062 0.435
3063 0.736
3064 0.673
3065 0.804
3066 0.212
3067 0.325
3068 0.577
3069 0.307
3070 0.364
3071 0.094
3072 0.494
3073 0.413
3074 0.585
3075 0.457
3076 0.161
3077 0.722
3078 0.403
3079 0.037
3080 0.049
3081 0.192
3082 0.033
3083 0.418
3084 0.303
3085 0.687
3086 0.778
3087 0.275
3088 0.859
3089 0.642
3090 0.571
3091 0.178
3092 0.654
3093 0.299
3094 0.816
3095 0.439
3096 0.792
3097 0.595
3098 0.369
3099 0.098
3100 0.58
3101 0.284
3102 0.433
3103 0.123
3104 0.439
3105 0.32
3106 0.573
3107 0.316
3108 0.41
3109 0.824
3110 0.599
3111 0.45
3112 0.571
3113 0.814
3114 0.456
3115 0.364
3116 0.079
3117 0.552
3118 0.57
3119 0.007
3120 0.386
3121 0.676
3122 0.468
3123 0.749
3124 0.667
3125 0.029
3126 0.304
3127 0.087
3128 0.219
3129 0.4
3130 0.179
3131 0.571
3132 0.849
3133 0.629
3134 0.734
3135 0.767
3136 0.381
3137 0.051
3138 0.062
3139 0.64
3140 0.656
3141 0.269
3142 0.439
3143 0.542
3144 0.653
3145 0.452
3146 0.328
3147 0.155
3148 0.784
3149 0.625
3150 0.229
3151 0.243
3152 0.018
3153 0.114
3154 0.014
3155 0.476
3156 0.067
3157 0.752
3158 0.131
3159 0.752
3160 0.016
3161 0.877
3162 0.335
3163 0.621
3164 0.04
3165 0.681
3166 0.404
3167 0.886
3168 0.695
3169 0.973
3170 0.837
3171 0.849
3172 0.675
3173 0.668
3174 0.04
3175 0.053
3176 0.746
3177 0.466
3178 0.204
3179 0.75
3180 0.236
3181 0.252
3182 0.684
3183 0.835
3184 0.747
3185 0.697
3186 0.233
3187 0.328
3188 0.34
3189 0.234
3190 0.803
3191 0.666
3192 0.297
3193 0.582
3194 0.653
3195 0.25
3196 0.801
3197 0.821
3198 0.057
3199 0.222
3200 0.011
3201 0.317
3202 0.212
3203 0.604
3204 0.772
3205 0.142
3206 0.79
3207 0.057
3208 0.607
3209 0.706
3210 0.508
3211 0.321
3212 0.062
3213 0.017
3214 0.798
3215 0.175
3216 0.059
3217 0.608
3218 0.102
3219 0.616
3220 0.308
3221 0.05
3222 0.607
3223 0.135
3224 0.021
3225 0.231
3226 0.631
3227 0.289
3228 0.421
3229 0.142
3230 0.684
3231 0.235
3232 0.607
3233 0.011
3234 0.3
3235 0.212
3236 0.46
3237 0.719
3238 0.778
3239 0.861
3240 0.711
3241 0.781
3242 0.465
3243 0.724
3244 0.6
3245 0.101
3246 0.458
3247 0.925
3248 0.813
3249 0.45
3250 0.847
3251 0.252
3252 0.219
3253 0.182
3254 0.143
3255 0.549
3256 0.185
3257 0.247
3258 0.145
3259 0.27
3260 0.246
3261 0.242
3262 0.315
3263 0.347
3264 0.06
3265 0.042
3266 0.603
3267 0.012
3268 0.874
3269 0.903
3270 0.487
3271 0.216
3272 0.288
3273 0.314
3274 0.489
3275 0.1
3276 0.208
3277 0.667
3278 0.392
3279 0.487
3280 0.806
3281 0.438
3282 0.703
3283 0.798
3284 0.78
3285 0.042
3286 0.251
3287 0.622
3288 0.624
3289 0.451
3290 0.087
3291 0.618
3292 0.88
3293 0.758
3294 0.756
3295 0.09
3296 0.779
3297 0.018
3298 0.209
3299 0.631
3300 0.781
3301 0.373
3302 0.625
3303 0.314
3304 0.803
3305 0.73
3306 0.174
3307 0.617
3308 0.43
3309 0.597
3310 0.115
3311 0.178
3312 0.147
3313 0.206
3314 0.212
3315 0.314
3316 0.42
3317 0.754
3318 0.063
3319 0.805
3320 0.03
3321 0.161
3322 0.406
3323 0.83
3324 0.864
3325 0.843
3326 0.077
3327 0.096
3328 0.462
3329 0.13
3330 0.004
3331 0.784
3332 0.089
3333 0.81
3334 0.754
3335 0.143
3336 0.65
3337 0.245
3338 0.306
3339 0.403
3340 0.965
3341 0.426
3342 0.528
3343 0.063
3344 0.511
3345 0.258
3346 0.392
3347 0.469
3348 0.076
3349 0.494
3350 0.58
3351 0.134
3352 0.491
3353 0.067
3354 0.406
3355 0.074
3356 0.391
3357 0.142
3358 0.63
3359 0.02
3360 0.524
3361 0.669
3362 0.821
3363 0.897
3364 0.387
3365 0.381
3366 0.093
3367 0.613
3368 0.171
3369 0.381
3370 0.603
3371 0.793
3372 0.118
3373 0.364
3374 0.274
3375 0.785
3376 0.87
3377 0.463
3378 0.047
3379 0.126
3380 0.641
3381 0.132
3382 0.717
3383 0.338
3384 0.492
3385 0.392
3386 0.174
3387 0.699
3388 0.758
3389 0.761
3390 0.029
3391 0.054
3392 0.015
3393 0.61
3394 0.125
3395 0.177
3396 0.075
3397 0.842
3398 0.388
3399 0.378
3400 0.021
3401 0.164
3402 0.292
3403 0.842
3404 0.733
3405 0.276
3406 0.103
3407 0.868
3408 0.167
3409 0.614
3410 0.745
3411 0.378
3412 0.138
3413 0.499
3414 0.618
3415 0.819
3416 0.479
3417 0.545
3418 0.076
3419 0.05
3420 0.175
3421 0.265
3422 0.06
3423 0.263
3424 0.315
3425 0.642
3426 0.174
3427 0.898
3428 0.269
3429 0.522
3430 0.024
3431 0.241
3432 0.17
3433 0.303
3434 0.118
3435 0.013
3436 0.129
3437 0.885
3438 0.106
3439 0.83
3440 0.532
3441 0.008
3442 0.507
3443 0.358
3444 0.152
3445 0.186
3446 0.185
3447 0.865
3448 0.415
3449 0.724
3450 0.429
3451 0.766
3452 0.071
3453 0.752
3454 0.535
3455 0.713
3456 0.333
3457 0.065
3458 0.252
3459 0.199
3460 0.71
3461 0.062
3462 0.267
3463 0.453
3464 0.674
3465 0.147
3466 0.744
3467 0.253
3468 0.539
3469 0.535
3470 0.696
3471 0.38
3472 0.414
3473 0.605
3474 0.726
3475 0.648
3476 0.658
3477 0.721
3478 0.532
3479 0.871
3480 0.799
3481 0.109
3482 0.494
3483 0.124
3484 0.422
3485 0.265
3486 0.094
3487 0.559
3488 0.525
3489 0.558
3490 0.138
3491 0.581
3492 0.635
3493 0.099
3494 0.396
3495 0.847
3496 0.79
3497 0.779
3498 0.212
3499 0.093
3500 0.802
3501 0.534
3502 0.279
3503 0.343
3504 0.675
3505 0.347
3506 0.114
3507 0.225
3508 0.139
3509 0.083
3510 0.189
3511 0.846
3512 0.568
3513 0.481
3514 0.721
3515 0.28
3516 0.713
3517 0.67
3518 0.315
3519 0.057
3520 0.548
3521 0.625
3522 0.121
3523 0.391
3524 0.036
3525 0.383
3526 0.163
3527 0.246
3528 0.645
3529 0.391
3530 0.152
3531 0.632
3532 0.082
3533 0.369
3534 0.038
3535 0
3536 0.294
3537 0.409
3538 0.771
3539 0.365
3540 0.352
3541 0.663
3542 0.568
3543 0.044
3544 0.531
3545 0.509
3546 0.404
3547 0.263
3548 0.053
3549 0.413
3550 0.081
3551 0.089
3552 0.782
3553 0.687
3554 0.463
3555 0.889
3556 0.182
3557 0.322
3558 0.404
3559 0.41
3560 0.495
3561 0.298
3562 0.018
3563 0.906
3564 0.37
3565 0.803
3566 0.164
3567 0.113
3568 0.041
3569 0.886
3570 0.092
3571 0.09
3572 0.606
3573 0.72
3574 0.257
3575 0.256
3576 0.06
3577 0.38
3578 0.403
3579 0.664
3580 0.174
3581 0.624
3582 0.378
3583 0.652
3584 0.208
3585 0.955
3586 0.261
3587 0.243
3588 0.391
3589 0.1
3590 0.921
3591 0.63
3592 0.599
3593 0.842
3594 0.613
3595 0.276
3596 0.621
3597 0.016
3598 0.328
3599 0.174
3600 0.443
3601 0.637
3602 0.427
3603 0.557
3604 0.625
3605 0.899
3606 0.487
3607 0.306
3608 0.639
3609 0.492
3610 0.805
3611 0.158
3612 0.287
3613 0.001
3614 0.595
3615 0.584
3616 0.004
3617 0.508
3618 0.324
3619 0.222
3620 0.378
3621 0.635
3622 0.641
3623 0.447
3624 0.261
3625 0.284
3626 0.077
3627 0.021
3628 0.606
3629 0.055
3630 0.713
3631 0.296
3632 0.137
3633 0.686
3634 0
3635 0.801
3636 0.108
3637 0.866
3638 0.786
3639 0.142
3640 0.114
3641 0.72
3642 0.431
3643 0.132
3644 0.537
3645 0.353
3646 0.59
3647 0.638
3648 0.048
3649 0.867
3650 0.329
3651 0.066
3652 0.829
3653 0.205
3654 0.131
3655 0.098
3656 0.043
3657 0.023
3658 0.121
3659 0.319
3660 0.712
3661 0.218
3662 0.579
3663 0.25
3664 0.345
3665 0.147
3666 0.66
3667 0.691
3668 0.675
3669 0.085
3670 0.615
3671 0.082
3672 0.78
3673 0.485
3674 0.759
3675 0.541
3676 0.461
3677 0.369
3678 0.461
3679 0.315
3680 0.55
3681 0.717
3682 0.265
3683 0.427
3684 0.091
3685 0.352
3686 0.855
3687 0.056
3688 0.9
3689 0.216
3690 0.216
3691 0.373
3692 0.449
3693 0.871
3694 0.779
3695 0.277
3696 0.198
3697 0.403
3698 0.637
3699 0.916
3700 0.519
3701 0.564
3702 0.035
3703 0.766
3704 0.867
3705 0.219
3706 0.435
3707 0.376
3708 0.288
3709 0.649
3710 0.885
3711 0.005
3712 0.083
3713 0.654
3714 0.655
3715 0.364
3716 0.736
3717 0.412
3718 0.868
3719 0.307
3720 0.498
3721 0.301
3722 0.448
3723 0.885
3724 0.46
3725 0.547
3726 0.183
3727 0.747
3728 0.274
3729 0.476
3730 0.256
3731 0.848
3732 0.167
3733 0.112
3734 0.871
3735 0.655
3736 0.219
3737 0.856
3738 0.112
3739 0.354
3740 0.299
3741 0.587
3742 0.042
3743 0.054
3744 0.72
3745 0.259
3746 0.861
3747 0.847
3748 0.248
3749 0.473
3750 0.802
3751 0.76
3752 0.706
3753 0.061
3754 0.223
3755 0.836
3756 0.227
3757 0.655
3758 0.128
3759 0.889
3760 0.021
3761 0.316
3762 0.345
3763 0.179
3764 0.365
3765 0.043
3766 0.21
3767 0.794
3768 0.054
3769 0.194
3770 0.613
3771 0.596
3772 0.229
3773 0.431
3774 0.408
3775 0.241
3776 0.384
3777 0.015
3778 0.734
3779 0.276
3780 0.003
3781 0.192
3782 0.618
3783 0.207
3784 0.221
3785 0.24
3786 0.464
3787 0.732
3788 0.695
3789 0.014
3790 0.05
3791 0.825
3792 0.618
3793 0.187
3794 0.163
3795 0.382
3796 0.354
3797 0.122
3798 0.08
3799 0.052
3800 0.358
3801 0.267
3802 0.373
3803 0.622
3804 0.476
3805 0.044
3806 0.796
3807 0.18
3808 0.16
3809 0.867
3810 0.883
3811 0.12
3812 0.898
3813 0.063
3814 0.205
3815 0.965
3816 0.17
3817 0.634
3818 0.113
3819 0.819
3820 0.175
3821 0.181
3822 0.438
3823 0.409
3824 0.326
3825 0.027
3826 0.039
3827 0.664
3828 0.283
3829 0.059
3830 0.017
3831 0.299
3832 0.166
3833 0.561
3834 0.746
3835 0.602
3836 0.244
3837 0.449
3838 0.488
3839 0.838
3840 0.584
3841 0.708
3842 0.392
3843 0.746
3844 0.768
3845 0.865
3846 0.798
3847 0.274
3848 0.22
3849 0.16
3850 0.355
3851 0.296
3852 0.21
3853 0.15
3854 0.844
3855 0.804
3856 0.16
3857 0.908
3858 0.427
3859 0.206
3860 0.083
3861 0.293
3862 0.117
3863 0.21
3864 0.417
3865 0.644
3866 0.829
3867 0.204
3868 0.788
3869 0.476
3870 0.302
3871 0.051
3872 0.579
3873 0.631
3874 0.71
3875 0.487
3876 0.488
3877 0.653
3878 0.487
3879 0.744
3880 0.769
3881 0.191
3882 0.658
3883 0.147
3884 0.628
3885 0.43
3886 0.29
3887 0.044
3888 0.275
3889 0.105
3890 0.259
3891 0.268
3892 0.459
3893 0.089
3894 0.297
3895 0.245
3896 0.903
3897 0.847
3898 0.109
3899 0.028
3900 0.156
3901 0.391
3902 0.257
3903 0.252
3904 0.849
3905 0.765
3906 0.464
3907 0.342
3908 0.091
3909 0.257
3910 0.401
3911 0.477
3912 0.315
3913 0.204
3914 0.183
3915 0.245
3916 0.01
3917 0.808
3918 0.453
3919 0.254
3920 0.273
3921 0.74
3922 0.715
3923 0.867
3924 0.079
3925 0.075
3926 0.683
3927 0.315
3928 0.587
3929 0.229
3930 0.36
3931 0.231
3932 0.006
3933 0.141
3934 0.087
3935 0.106
3936 0.529
3937 0.323
3938 0.707
3939 0.077
3940 0.331
3941 0.136
3942 0.694
3943 0.497
3944 0.373
3945 0.701
3946 0.269
3947 0.085
3948 0.636
3949 0.128
3950 0.063
3951 0.083
3952 0.645
3953 0.265
3954 0.74
3955 0.826
3956 0.143
3957 0.302
3958 0.839
3959 0.19
3960 0.207
3961 0.504
3962 0.846
3963 0.327
3964 0.183
3965 0.19
3966 0.806
3967 0.135
3968 0.759
3969 0.606
3970 0.337
3971 0.315
3972 0.677
3973 0.633
3974 0.63
3975 0.491
3976 0.124
3977 0.108
3978 0.345
3979 0.141
3980 0.323
3981 0.845
3982 0.767
3983 0.029
3984 0.582
3985 0.02
3986 0.804
3987 0.077
3988 0.084
3989 0.248
3990 0.819
3991 0.708
3992 0.627
3993 0.319
3994 0.525
3995 0.01
3996 0.54
3997 0.181
3998 0.873
3999 0.688
4000 0.858
4001 0.024
4002 0.048
4003 0.463
4004 0.53
4005 0.155
4006 0.167
4007 0.217
4008 0.273
4009 0.753
4010 0.647
4011 0.065
4012 0.644
4013 0.332
4014 0.068
4015 0.298
4016 0.809
4017 0.937
4018 0.141
4019 0.684
4020 0.108
4021 0.824
4022 0.32
4023 0.585
4024 0.625
4025 0.573
4026 0.597
4027 0.808
4028 0.416
4029 0
4030 0.667
4031 0.233
4032 0.62
4033 0.606
4034 0.904
4035 0.524
4036 0.084
4037 0.19
4038 0.575
4039 0.684
4040 0.48
4041 0.266
4042 0.316
4043 0.005
4044 0.068
4045 0.165
4046 0.193
4047 0.08
4048 0.129
4049 0.049
4050 0.579
4051 0.038
4052 0.128
4053 0.176
4054 0.679
4055 0.67
4056 0.886
4057 0.443
4058 0.133
4059 0.721
4060 0.432
4061 0.008
4062 0.357
4063 0.175
4064 0.734
4065 0.316
4066 0.125
4067 0.372
4068 0.156
4069 0.383
4070 0.329
4071 0.69
4072 0.322
4073 0.283
4074 0.003
4075 0.571
4076 0.406
4077 0.257
4078 0.036
4079 0.18
4080 0.358
4081 0.772
4082 0.479
4083 0.532
4084 0.044
4085 0.49
4086 0.581
4087 0.773
4088 0.467
4089 0.066
4090 0.459
4091 0.007
4092 0.253
4093 0.632
4094 0.754
4095 0.504
4096 0.328
4097 0.383
4098 0.543
4099 0.389
4100 0.733
4101 0.059
4102 0.709
4103 0.848
4104 0.298
4105 0.087
4106 0.325
4107 0.835
4108 0.701
4109 0.341
4110 0.833
4111 0.624
4112 0.734
4113 0.484
4114 0.343
4115 0.424
4116 0.54
4117 0.795
4118 0.55
4119 0.379
4120 0.448
4121 0.781
4122 0.293
4123 0.225
4124 0.327
4125 0.679
4126 0.302
4127 0.389
4128 0.302
4129 0.782
4130 0.699
4131 0.419
4132 0.111
4133 0.711
4134 0.083
4135 0.844
4136 0.205
4137 0.71
4138 0.808
4139 0.314
4140 0.232
4141 0.344
4142 0.634
4143 0.112
4144 0.71
4145 0.851
4146 0.284
4147 0.057
4148 0.694
4149 0.208
4150 0.613
4151 0.168
4152 0.698
4153 0.835
4154 0.019
4155 0.204
4156 0.285
4157 0.144
4158 0.067
4159 0.436
4160 0.809
4161 0.339
4162 0.52
4163 0.583
4164 0.269
4165 0.868
4166 0.224
4167 0.242
4168 0.074
4169 0.702
4170 0.273
4171 0.397
4172 0.808
4173 0.484
4174 0.235
4175 0.041
4176 0.201
4177 0.434
4178 0.306
4179 0.101
4180 0.88
4181 0.645
4182 0.06
4183 0.031
4184 0.725
4185 0.148
4186 0.321
4187 0.54
4188 0.253
4189 0.733
4190 0.035
4191 0.247
4192 0.836
4193 0.38
4194 0.723
4195 0.209
4196 0.344
4197 0.182
4198 0.88
4199 0.586
4200 0.279
4201 0.632
4202 0.773
4203 0.052
4204 0.595
4205 0.002
4206 0.412
4207 0.018
4208 0.569
4209 0.116
4210 0.271
4211 0.542
4212 0.272
4213 0.484
4214 0.584
4215 0.524
4216 0.634
4217 0.095
4218 0.565
4219 0.75
4220 0.157
4221 0.74
4222 0.17
4223 0.827
4224 0.357
4225 0.37
4226 0.266
4227 0.413
4228 0.664
4229 0.636
4230 0.128
4231 0.354
4232 0.22
4233 0.449
4234 0.727
4235 0.539
4236 0.183
4237 0.769
4238 0.03
4239 0.403
4240 0.576
4241 0.119
4242 0.704
4243 0.082
4244 0.682
4245 0.253
4246 0.89
4247 0.843
4248 0.698
4249 0.567
4250 0.316
4251 0.196
4252 0.468
4253 0.648
4254 0.785
4255 0.148
4256 0.032
4257 0.556
4258 0.051
4259 0.711
4260 0.888
4261 0.714
4262 0.253
4263 0.113
4264 0.055
4265 0.282
4266 0.883
4267 0.369
4268 0.604
4269 0.004
4270 0.07
4271 0.618
4272 0.063
4273 0.624
4274 0.873
4275 0.578
4276 0.131
4277 0.65
4278 0.791
4279 0.097
4280 0.534
4281 0.244
4282 0.717
4283 0.494
4284 0.839
4285 0.109
4286 0.559
4287 0.03
4288 0.789
4289 0.047
4290 0.383
4291 0.382
4292 0.328
4293 0.641
4294 0.224
4295 0.239
4296 0.507
4297 0.812
4298 0.151
4299 0.195
4300 0.482
4301 0.007
4302 0.213
4303 0.708
4304 0.462
4305 0.562
4306 0.667
4307 0.36
4308 0.643
4309 0.869
4310 0.047
4311 0.357
4312 0.583
4313 0.589
4314 0.006
4315 0.452
4316 0.734
4317 0.634
4318 0.275
4319 0.078
4320 0.628
4321 0.235
4322 0.718
4323 0.887
4324 0.535
4325 0.541
4326 0.717
4327 0.656
4328 0.013
4329 0.264
4330 0.417
4331 0.433
4332 0.693
4333 0.011
4334 0.529
4335 0.389
4336 0.596
4337 0.026
4338 0.57
4339 0.764
4340 0.019
4341 0.297
4342 0.892
4343 0.052
4344 0.612
4345 0.23
4346 0.88
4347 0.149
4348 0.152
4349 0.399
4350 0.112
4351 0.049
4352 0.299
4353 0.17
4354 0.778
4355 0.539
4356 0.556
4357 0.719
4358 0.035
4359 0.865
4360 0.419
4361 0.648
4362 0.314
4363 0.136
4364 0.062
4365 0.483
4366 0.523
4367 0.384
4368 0.38
4369 0.011
4370 0.051
4371 0.804
4372 0.733
4373 0.186
4374 0.13
4375 0.567
4376 0.798
4377 0.62
4378 0.134
4379 0.321
4380 0.644
4381 0.076
4382 0.036
4383 0.088
4384 0.637
4385 0.252
4386 0.677
4387 0.447
4388 0.035
4389 0.542
4390 0.183
4391 0.54
4392 0.87
4393 0.573
4394 0.051
4395 0.089
4396 0.044
4397 0.161
4398 0.509
4399 0.329
4400 0.273
4401 0.003
4402 0.789
4403 0.562
4404 0.649
4405 0.06
4406 0.786
4407 0.257
4408 0.131
4409 0.308
4410 0.889
4411 0.714
4412 0.498
4413 0.039
4414 0.112
4415 0.582
4416 0.277
4417 0.735
4418 0.509
4419 0.025
4420 0.822
4421 0.595
4422 0.457
4423 0.348
4424 0.301
4425 0.147
4426 0.698
4427 0.742
4428 0.825
4429 0.82
4430 0.37
4431 0.764
4432 0.493
4433 0.092
4434 0.108
4435 0.595
4436 0.243
4437 0.031
4438 0.584
4439 0.856
4440 0.151
4441 0.766
4442 0.595
4443 0.623
4444 0.544
4445 0.401
4446 0.251
4447 0.302
4448 0.461
4449 0.386
4450 0.212
4451 0.279
4452 0.717
4453 0.147
4454 0.906
4455 0.314
4456 0.521
4457 0.292
4458 0.587
4459 0.562
4460 0.484
4461 0.452
4462 0.761
4463 0.415
4464 0.838
4465 0.781
4466 0.724
4467 0.71
4468 0.02
4469 0.382
4470 0.514
4471 0.364
4472 0
4473 0.478
4474 0.61
4475 0.793
4476 0.865
4477 0.349
4478 0.015
4479 0.488
4480 0.057
4481 0.524
4482 0.614
4483 0.632
4484 0.845
4485 0.249
4486 0.669
4487 0.232
4488 0.003
4489 0.129
4490 0.701
4491 0.058
4492 0.069
4493 0.283
4494 0.625
4495 0.031
4496 0.303
4497 0.806
4498 0.366
4499 0.252
4500 0.368
4501 0.362
4502 0.563
4503 0.551
4504 0.73
4505 0.853
4506 0.893
4507 0.136
4508 0.324
4509 0.817
4510 0.727
4511 0.819
4512 0.068
4513 0.125
4514 0.775
4515 0.087
4516 0.9
4517 0.292
4518 0.512
4519 0.377
4520 0.719
4521 0.157
4522 0.572
4523 0.221
4524 0.385
4525 0.604
4526 0.453
4527 0.601
4528 0.87
4529 0.622
4530 0.804
4531 0.049
4532 0.465
4533 0.207
4534 0.181
4535 0.337
4536 0.655
4537 0.558
4538 0.052
4539 0.697
4540 0.66
4541 0.039
4542 0.302
4543 0.336
4544 0.627
4545 0.169
4546 0.25
4547 0.233
4548 0.336
4549 0.432
4550 0.673
4551 0.454
4552 0.4
4553 0.69
4554 0.201
4555 0.671
4556 0.429
4557 0.597
4558 0.04
4559 0.156
4560 0.809
4561 0.576
4562 0.133
4563 0.495
4564 0.43
4565 0.159
4566 0.26
4567 0.411
4568 0.401
4569 0.21
4570 0.285
4571 0.66
4572 0.09
4573 0.365
4574 0.231
4575 0.681
4576 0.131
4577 0.29
4578 0.35
4579 0.563
4580 0.321
4581 0.442
4582 0.244
4583 0.009
4584 0.834
4585 0.112
4586 0.415
4587 0.489
4588 0.916
4589 0.2
4590 0.267
4591 0.507
4592 0.132
4593 0.728
4594 0.435
4595 0.047
4596 0.725
4597 0.732
4598 0.06
4599 0.604
4600 0.763
4601 0.356
4602 0.106
4603 0.775
4604 0.466
4605 0.346
4606 0.72
4607 0.528
4608 0.906
4609 0.534
4610 0.622
4611 0.782
4612 0.3
4613 0.348
4614 0.161
4615 0.637
4616 0.179
4617 0.572
4618 0.096
4619 0.771
4620 0.713
4621 0.189
4622 0.318
4623 0.313
4624 0.597
4625 0.313
4626 0.287
4627 0.316
4628 0.34
4629 0.524
4630 0.68
4631 0.56
4632 0.044
4633 0.302
4634 0.268
4635 0.303
4636 0.309
4637 0.763
4638 0.724
4639 0.058
4640 0.853
4641 0.53
4642 0.383
4643 0.637
4644 0.53
4645 0.536
4646 0.526
4647 0.453
4648 0.586
4649 0.814
4650 0.305
4651 0.886
4652 0.734
4653 0.314
4654 0.462
4655 0.536
4656 0.28
4657 0.049
4658 0.164
4659 0.095
4660 0.625
4661 0.163
4662 0.167
4663 0.122
4664 0.822
4665 0.854
4666 0.333
4667 0.221
4668 0.787
4669 0.484
4670 0.859
4671 0.493
4672 0.422
4673 0.49
4674 0.025
4675 0.784
4676 0.713
4677 0.643
4678 0.123
4679 0.018
4680 0.731
4681 0.853
4682 0.022
4683 0.657
4684 0.342
4685 0.137
4686 0.171
4687 0.042
4688 0.359
4689 0.582
4690 0.54
4691 0.562
4692 0.812
4693 0.842
4694 0.256
4695 0.863
4696 0.08
4697 0.789
4698 0.882
4699 0.455
4700 0.383
4701 0.523
4702 0.833
4703 0.799
4704 0.04
4705 0.797
4706 0.476
4707 0.119
4708 0.636
4709 0.627
4710 0.087
4711 0.836
4712 0.203
4713 0.086
4714 0.255
4715 0.702
4716 0.654
4717 0.786
4718 0.085
4719 0.746
4720 0.795
4721 0.161
4722 0.064
4723 0.03
4724 0.016
4725 0.629
4726 0.888
4727 0.925
4728 0.448
4729 0.25
4730 0.075
4731 0.608
4732 0.614
4733 0.74
4734 0.367
4735 0.43
4736 0.958
4737 0.765
4738 0.457
4739 0.694
4740 0.355
4741 0.637
4742 0.886
4743 0.4
4744 0.574
4745 0.381
4746 0.452
4747 0.536
4748 0.64
4749 0.171
4750 0.559
4751 0.109
4752 0.792
4753 0.782
4754 0.742
4755 0.734
4756 0.58
4757 0.716
4758 0.355
4759 0.519
4760 0.198
4761 0.832
4762 0.107
4763 0.364
4764 0.36
4765 0.394
4766 0.652
4767 0.161
4768 0.817
4769 0.793
4770 0.095
4771 0.012
4772 0.858
4773 0.726
4774 0.796
4775 0.053
4776 0.099
4777 0.472
4778 0.575
4779 0.624
4780 0.513
4781 0.269
4782 0.278
4783 0.101
4784 0.03
4785 0.241
4786 0.533
4787 0.09
4788 0.433
4789 0.403
4790 0.502
4791 0.759
4792 0.377
4793 0.049
4794 0.321
4795 0.042
4796 0.669
4797 0.638
4798 0.176
4799 0.915
4800 0.551
4801 0.26
4802 0.827
4803 0.199
4804 0.275
4805 0.427
4806 0.1
4807 0.519
4808 0.684
4809 0.447
4810 0.246
4811 0.504
4812 0.029
4813 0.823
4814 0.748
4815 0.168
4816 0
4817 0.203
4818 0.236
4819 0.245
4820 0.407
4821 0.324
4822 0.307
4823 0.227
4824 0.061
4825 0.555
4826 0.207
4827 0.869
4828 0.019
4829 0.472
4830 0.367
4831 0.061
4832 0.381
4833 0.78
4834 0.351
4835 0.881
4836 0.26
4837 0.857
4838 0.859
4839 0.066
4840 0.442
4841 0.664
4842 0.488
4843 0.606
4844 0.746
4845 0.017
4846 0.864
4847 0.238
4848 0.771
4849 0.075
4850 0.198
4851 0.486
4852 0.004
4853 0.298
4854 0.87
4855 0.141
4856 0.168
4857 0.227
4858 0.033
4859 0.001
4860 0.015
4861 0.496
4862 0.348
4863 0.141
4864 0.47
4865 0.763
4866 0.529
4867 0.713
4868 0.397
4869 0.519
4870 0.448
4871 0.107
4872 0.372
4873 0.36
4874 0.265
4875 0.317
4876 0.861
4877 0.917
4878 0.093
4879 0.319
4880 0.264
4881 0.588
4882 0.257
4883 0.747
4884 0.712
4885 0.459
4886 0.772
4887 0.421
4888 0.877
4889 0.357
4890 0.636
4891 0.448
4892 0.311
4893 0.769
4894 0.104
4895 0.502
4896 0.404
4897 0.253
4898 0.021
4899 0.287
4900 0.796
4901 0.688
4902 0.055
4903 0.03
4904 0.624
4905 0.836
4906 0.825
4907 0.837
4908 0.583
4909 0.809
4910 0.877
4911 0.186
4912 0.818
4913 0.787
4914 0.725
4915 0.133
4916 0.033
4917 0.318
4918 0.224
4919 0.229
4920 0.584
4921 0.06
4922 0.72
4923 0.142
4924 0.817
4925 0.223
4926 0.158
4927 0.604
4928 0.223
4929 0.345
4930 0.331
4931 0.44
4932 0.225
4933 0.799
4934 0.803
4935 0.118
4936 0.748
4937 0.115
4938 0.492
4939 0.87
4940 0.257
4941 0.916
4942 0.562
4943 0.813
4944 0.075
4945 0.862
4946 0.589
4947 0.072
4948 0.256
4949 0.468
4950 0.05
4951 0.77
4952 0.832
4953 0.316
4954 0.394
4955 0.375
4956 0.46
4957 0.846
4958 0.468
4959 0.059
4960 0.332
4961 0.577
4962 0.545
4963 0.851
4964 0.608
4965 0.447
4966 0.632
4967 0.905
4968 0.707
4969 0.365
4970 0.345
4971 0.39
4972 0.482
4973 0.182
4974 0.039
4975 0.928
4976 0.319
4977 0.325
4978 0.109
4979 0.166
4980 0.627
4981 0.113
4982 0.044
4983 0.427
4984 0.686
4985 0.598
4986 0.334
4987 0.141
4988 0.046
4989 0.917
4990 0.33
4991 0.405
4992 0.562
4993 0.375
4994 0.28
4995 0.657
4996 0.763
4997 0.24
4998 0.173
4999 0.444
5000 0.089
