1 0.121
2 0.005
3 0.043
4 0.388
5 0
6 0.022
7 0
8 0.01
9 0
10 0.187
11 0
12 0
13 0.111
14 0
15 0.039
16 0.762
17 0
18 0.543
19 0
20 0.017
21 0.012
22 0.018
23 0
24 0
25 0.011
26 0
27 0
28 0
29 0.466
30 0.114
31 0.2
32 0.366
33 0
34 0
35 0.379
36 0.371
37 0.064
38 0.04
39 0.001
40 0
41 0.048
42 0.585
43 0.803
44 0.298
45 0
46 0
47 0.888
48 0.001
49 0.531
50 0.041
51 0.033
52 0.398
53 0.001
54 0.001
55 0.027
56 0.292
57 0.001
58 0.103
59 0.454
60 0
61 0.048
62 0
63 0.557
64 0.002
65 0.47
66 0.002
67 0
68 0.346
69 0
70 0
71 0.403
72 0.457
73 0
74 0.059
75 0.498
76 0.045
77 0.448
78 0.046
79 0.046
80 0.008
81 0.471
82 0.128
83 0.085
84 0.683
85 0.35
86 0.191
87 0.005
88 0.096
89 0.003
90 0
91 0
92 0.05
93 0.698
94 0.112
95 0.408
96 0.003
97 0.212
98 0
99 0.242
100 0.444
101 0
102 0.034
103 0
104 0
105 0.035
106 0.062
107 0.005
108 0.618
109 0.069
110 0
111 0.691
112 0.015
113 0.065
114 0.001
115 0.093
116 0.007
117 0.506
118 0.108
119 0.067
120 0.01
121 0
122 0.196
123 0.06
124 0.012
125 0.132
126 0.199
127 0.842
128 0.002
129 0.032
130 0.019
131 0
132 0.851
133 0.001
134 0
135 0
136 0.044
137 0
138 0
139 0.675
140 0
141 0.002
142 0.861
143 0.548
144 0.002
145 0.001
146 0.448
147 0.09
148 0.017
149 0.139
150 0
151 0.373
152 0.003
153 0.187
154 0.108
155 0.488
156 0.142
157 0.493
158 0.042
159 0.019
160 0.085
161 0.006
162 0
163 0
164 0.012
165 0.046
166 0.303
167 0.004
168 0.109
169 0.249
170 0
171 0.001
172 0.021
173 0
174 0.59
175 0.407
176 0.171
177 0.035
178 0.663
179 0.037
180 0
181 0.444
182 0.414
183 0.705
184 0.119
185 0
186 0
187 0.614
188 0.137
189 0.019
190 0.491
191 0.71
192 0
193 0.147
194 0
195 0
196 0.018
197 0.705
198 0.001
199 0.535
200 0.002
201 0.907
202 0.477
203 0.36
204 0.249
205 0.022
206 0.014
207 0
208 0.082
209 0.548
210 0.254
211 0.193
212 0
213 0
214 0
215 0.275
216 0.057
217 0.8
218 0.002
219 0.488
220 0.006
221 0.018
222 0.084
223 0.435
224 0.003
225 0.011
226 0
227 0.362
228 0.005
229 0
230 0.448
231 0.783
232 0.14
233 0
234 0.002
235 0.015
236 0.004
237 0.288
238 0.479
239 0
240 0.027
241 0.184
242 0.582
243 0.221
244 0.131
245 0
246 0.495
247 0.039
248 0
249 0
250 0.823
251 0.017
252 0.07
253 0.42
254 0
255 0
256 0.038
257 0.009
258 0.283
259 0.897
260 0.049
261 0
262 0
263 0
264 0.019
265 0.003
266 0
267 0.027
268 0.082
269 0
270 0.136
271 0.013
272 0.001
273 0
274 0.002
275 0.63
276 0.811
277 0.655
278 0.008
279 0.194
280 0.041
281 0.13
282 0.071
283 0.017
284 0
285 0.141
286 0
287 0.014
288 0.005
289 0.621
290 0
291 0
292 0.057
293 0.453
294 0.138
295 0.749
296 0.143
297 0
298 0.04
299 0
300 0
301 0.081
302 0.385
303 0.255
304 0.458
305 0
306 0.35
307 0.009
308 0.612
309 0.651
310 0.083
311 0.629
312 0.092
313 0.026
314 0.055
315 0.058
316 0.051
317 0.012
318 0.314
319 0
320 0.007
321 0.052
322 0.002
323 0.003
324 0
325 0.093
326 0.278
327 0.025
328 0.638
329 0.939
330 0.004
331 0.001
332 0.66
333 0.002
334 0.047
335 0.094
336 0
337 0.001
338 0
339 0.039
340 0.392
341 0.005
342 0.001
343 0.076
344 0.431
345 0.429
346 0.286
347 0.227
348 0.002
349 0
350 0.001
351 0.129
352 0.032
353 0.532
354 0.005
355 0.001
356 0.005
357 0
358 0.012
359 0.468
360 0.016
361 0
362 0.014
363 0.003
364 0
365 0.017
366 0.211
367 0
368 0.367
369 0.078
370 0.094
371 0.221
372 0.358
373 0.001
374 0.043
375 0.517
376 0.001
377 0.182
378 0
379 0.014
380 0.002
381 0.168
382 0.002
383 0.018
384 0.078
385 0.617
386 0.6
387 0.009
388 0.215
389 0.086
390 0.385
391 0.061
392 0.2
393 0.051
394 0
395 0.001
396 0.304
397 0
398 0.388
399 0.015
400 0.72
401 0.022
402 0.007
403 0
404 0.1
405 0
406 0.09
407 0
408 0.742
409 0
410 0.001
411 0.268
412 0
413 0
414 0.561
415 0
416 0.855
417 0.182
418 0
419 0.011
420 0.086
421 0.001
422 0.046
423 0
424 0
425 0
426 0
427 0.747
428 0.722
429 0
430 0.118
431 0.203
432 0.026
433 0.075
434 0.396
435 0.001
436 0.028
437 0.001
438 0
439 0.166
440 0.089
441 0.009
442 0.216
443 0.1
444 0.091
445 0
446 0.547
447 0
448 0.047
449 0.012
450 0.001
451 0
452 0.709
453 0.016
454 0.119
455 0.019
456 0.786
457 0.327
458 0
459 0.01
460 0.037
461 0.039
462 0.02
463 0.004
464 0.099
465 0
466 0
467 0.49
468 0.264
469 0
470 0.279
471 0.015
472 0.304
473 0.076
474 0.005
475 0.923
476 0.119
477 0.052
478 0.067
479 0.006
480 0.022
481 0.295
482 0.158
483 0.003
484 0.048
485 0.042
486 0
487 0.013
488 0.001
489 0.025
490 0.232
491 0.221
492 0
493 0.338
494 0.001
495 0.013
496 0.447
497 0
498 0.006
499 0.376
500 0.016
501 0.057
502 0.188
503 0.656
504 0.018
505 0.001
506 0.011
507 0.191
508 0.088
509 0.005
510 0.138
511 0.12
512 0
513 0
514 0.884
515 0
516 0.276
517 0.251
518 0.299
519 0.014
520 0.058
521 0.003
522 0
523 0.019
524 0
525 0.677
526 0.262
527 0
528 0.163
529 0.911
530 0.12
531 0.339
532 0.221
533 0
534 0.18
535 0
536 0.844
537 0.282
538 0.034
539 0.854
540 0.002
541 0.085
542 0
543 0.001
544 0.048
545 0
546 0.166
547 0.004
548 0.655
549 0.019
550 0.003
551 0
552 0
553 0.865
554 0.093
555 0
556 0.383
557 0.429
558 0.196
559 0
560 0.434
561 0.059
562 0.903
563 0.073
564 0.096
565 0.168
566 0
567 0.383
568 0.802
569 0.07
570 0.943
571 0.042
572 0.007
573 0.109
574 0.162
575 0.002
576 0.352
577 0.14
578 0.039
579 0.001
580 0
581 0.464
582 0.025
583 0.06
584 0
585 0.074
586 0.036
587 0
588 0
589 0.648
590 0.002
591 0
592 0
593 0.001
594 0
595 0
596 0
597 0.547
598 0.623
599 0.002
600 0
601 0
602 0.078
603 0.086
604 0.032
605 0.025
606 0.029
607 0.193
608 0.004
609 0.003
610 0.216
611 0.145
612 0.004
613 0.23
614 0.408
615 0.35
616 0.583
617 0.007
618 0.117
619 0.826
620 0.341
621 0.068
622 0.283
623 0.531
624 0.294
625 0.061
626 0.715
627 0.268
628 0.674
629 0.704
630 0.132
631 0.046
632 0.237
633 0
634 0
635 0
636 0.561
637 0.321
638 0
639 0
640 0
641 0
642 0.026
643 0.111
644 0.547
645 0.001
646 0.032
647 0.009
648 0.03
649 0.002
650 0.106
651 0.026
652 0.821
653 0.033
654 0.626
655 0.144
656 0
657 0.025
658 0.002
659 0.003
660 0.002
661 0.794
662 0
663 0
664 0.009
665 0
666 0.412
667 0
668 0.1
669 0.07
670 0.46
671 0.019
672 0.037
673 0
674 0.077
675 0.032
676 0.168
677 0.008
678 0
679 0
680 0.024
681 0.001
682 0
683 0
684 0
685 0.291
686 0
687 0.026
688 0.009
689 0.251
690 0.561
691 0.035
692 0.003
693 0
694 0.064
695 0.207
696 0.221
697 0.286
698 0
699 0.007
700 0.623
701 0.883
702 0.194
703 0
704 0.004
705 0.775
706 0
707 0
708 0
709 0
710 0.093
711 0.734
712 0.002
713 0
714 0
715 0.193
716 0.276
717 0
718 0.002
719 0.004
720 0.237
721 0.646
722 0.468
723 0
724 0.289
725 0.004
726 0.003
727 0.112
728 0.236
729 0.519
730 0.71
731 0.541
732 0.068
733 0.537
734 0
735 0
736 0.608
737 0.044
738 0.5
739 0.006
740 0.458
741 0.12
742 0
743 0.2
744 0
745 0.126
746 0.174
747 0.384
748 0.533
749 0.07
750 0.057
751 0.018
752 0.067
753 0
754 0.017
755 0.016
756 0.574
757 0
758 0.046
759 0
760 0.039
761 0.24
762 0.352
763 0.026
764 0.83
765 0.1
766 0.151
767 0.03
768 0.104
769 0
770 0.001
771 0.007
772 0.269
773 0.51
774 0.219
775 0.212
776 0.005
777 0.003
778 0.036
779 0.941
780 0.372
781 0
782 0
783 0.132
784 0.002
785 0
786 0.432
787 0
788 0.404
789 0.582
790 0.678
791 0.093
792 0
793 0.163
794 0.083
795 0
796 0.485
797 0.163
798 0.517
799 0.25
800 0.018
801 0.003
802 0.264
803 0.42
804 0
805 0
806 0.033
807 0.796
808 0.17
809 0
810 0.01
811 0.104
812 0.36
813 0.003
814 0.059
815 0.086
816 0.003
817 0
818 0
819 0.011
820 0
821 0.004
822 0
823 0.008
824 0.577
825 0
826 0
827 0.063
828 0.004
829 0
830 0.001
831 0.002
832 0.311
833 0
834 0.166
835 0
836 0.067
837 0.005
838 0.002
839 0.104
840 0
841 0.095
842 0
843 0
844 0.597
845 0.469
846 0.24
847 0.472
848 0.016
849 0.014
850 0.12
851 0.385
852 0.323
853 0.006
854 0.829
855 0
856 0.183
857 0.183
858 0.024
859 0.782
860 0.017
861 0.027
862 0.033
863 0.115
864 0.035
865 0
866 0.67
867 0.009
868 0.634
869 0.353
870 0.02
871 0.021
872 0.598
873 0
874 0
875 0.03
876 0
877 0
878 0.018
879 0.736
880 0.734
881 0.1
882 0.072
883 0
884 0
885 0.003
886 0.001
887 0
888 0.622
889 0.745
890 0.103
891 0.006
892 0.086
893 0.016
894 0.547
895 0.078
896 0.001
897 0.012
898 0.108
899 0.031
900 0.845
901 0
902 0.021
903 0.005
904 0.769
905 0.111
906 0.143
907 0.011
908 0
909 0.438
910 0.904
911 0.129
912 0
913 0
914 0.503
915 0.002
916 0.022
917 0.005
918 0.002
919 0.06
920 0.079
921 0.094
922 0.026
923 0.247
924 0.573
925 0.246
926 0.067
927 0.01
928 0.261
929 0.005
930 0.004
931 0
932 0.077
933 0.003
934 0.03
935 0.758
936 0.148
937 0.015
938 0
939 0.527
940 0
941 0
942 0.001
943 0
944 0
945 0.018
946 0.624
947 0
948 0
949 0.046
950 0
951 0.074
952 0.399
953 0
954 0.001
955 0
956 0.229
957 0
958 0.865
959 0.167
960 0.208
961 0
962 0
963 0.037
964 0.125
965 0.829
966 0.006
967 0.319
968 0.273
969 0
970 0.318
971 0.618
972 0.021
973 0.061
974 0
975 0.039
976 0
977 0.237
978 0.003
979 0.037
980 0.188
981 0.104
982 0.586
983 0.727
984 0.39
985 0.002
986 0
987 0.575
988 0.478
989 0.33
990 0
991 0.711
992 0.468
993 0.007
994 0
995 0.217
996 0.046
997 0.013
998 0.745
999 0
1000 0.092
1001 0
1002 0
1003 0.522
1004 0.251
1005 0
1006 0.012
1007 0.002
1008 0.631
1009 0.081
1010 0.004
1011 0
1012 0
1013 0.211
1014 0
1015 0.006
1016 0.325
1017 0
1018 0.005
1019 0.035
1020 0.294
1021 0.617
1022 0.011
1023 0.041
1024 0
1025 0.003
1026 0.016
1027 0.015
1028 0.001
1029 0.188
1030 0.029
1031 0.131
1032 0
1033 0.021
1034 0
1035 0.107
1036 0.069
1037 0
1038 0.193
1039 0
1040 0.002
1041 0.039
1042 0.198
1043 0.013
1044 0.002
1045 0.101
1046 0.004
1047 0
1048 0.003
1049 0.006
1050 0.462
1051 0
1052 0.009
1053 0.14
1054 0.021
1055 0
1056 0.02
1057 0.02
1058 0
1059 0.518
1060 0
1061 0.62
1062 0.066
1063 0.236
1064 0.43
1065 0
1066 0
1067 0.203
1068 0.184
1069 0.428
1070 0.567
1071 0.006
1072 0.038
1073 0
1074 0.593
1075 0.004
1076 0.172
1077 0.6
1078 0.001
1079 0.252
1080 0.002
1081 0.018
1082 0.278
1083 0.248
1084 0
1085 0.082
1086 0.418
1087 0.093
1088 0
1089 0.018
1090 0
1091 0.478
1092 0.005
1093 0
1094 0.039
1095 0.003
1096 0
1097 0
1098 0.394
1099 0.047
1100 0.683
1101 0.22
1102 0
1103 0.001
1104 0.013
1105 0
1106 0.007
1107 0.002
1108 0.589
1109 0.026
1110 0.234
1111 0.079
1112 0.002
1113 0.168
1114 0.212
1115 0.003
1116 0
1117 0.27
1118 0.054
1119 0.398
1120 0.033
1121 0.109
1122 0.01
1123 0.192
1124 0.52
1125 0.002
1126 0.119
1127 0.231
1128 0.443
1129 0.249
1130 0
1131 0.004
1132 0.001
1133 0
1134 0.032
1135 0.666
1136 0.124
1137 0
1138 0.088
1139 0.305
1140 0.005
1141 0.525
1142 0.07
1143 0.003
1144 0.429
1145 0
1146 0.002
1147 0.001
1148 0.209
1149 0.33
1150 0.351
1151 0.024
1152 0
1153 0.011
1154 0
1155 0.012
1156 0.006
1157 0.388
1158 0
1159 0.631
1160 0.003
1161 0.013
1162 0.11
1163 0.001
1164 0.245
1165 0
1166 0.048
1167 0.073
1168 0
1169 0.002
1170 0.005
1171 0.001
1172 0.637
1173 0.007
1174 0.077
1175 0.058
1176 0.003
1177 0.129
1178 0.012
1179 0
1180 0.44
1181 0
1182 0
1183 0.138
1184 0
1185 0
1186 0.812
1187 0.028
1188 0.206
1189 0.6
1190 0.066
1191 0.818
1192 0.21
1193 0.002
1194 0.009
1195 0
1196 0.03
1197 0.025
1198 0.145
1199 0.002
1200 0.238
1201 0.439
1202 0
1203 0.571
1204 0
1205 0.008
1206 0
1207 0
1208 0.026
1209 0.723
1210 0.194
1211 0
1212 0
1213 0.026
1214 0.001
1215 0.881
1216 0
1217 0
1218 0
1219 0.001
1220 0.015
1221 0.583
1222 0.106
1223 0.26
1224 0.002
1225 0.495
1226 0.245
1227 0.296
1228 0.188
1229 0.69
1230 0.004
1231 0.026
1232 0.005
1233 0.204
1234 0.176
1235 0.001
1236 0.297
1237 0.003
1238 0.415
1239 0.001
1240 0.28
1241 0
1242 0.01
1243 0.014
1244 0
1245 0
1246 0.216
1247 0.264
1248 0.534
1249 0.026
1250 0.013
1251 0.008
1252 0
1253 0
1254 0.788
1255 0.003
1256 0.234
1257 0.129
1258 0.564
1259 0.037
1260 0.736
1261 0.017
1262 0.101
1263 0.266
1264 0
1265 0.797
1266 0.312
1267 0.35
1268 0.331
1269 0.081
1270 0.027
1271 0.795
1272 0.022
1273 0.003
1274 0.021
1275 0.002
1276 0.211
1277 0
1278 0.103
1279 0.012
1280 0.625
1281 0.222
1282 0.026
1283 0.004
1284 0.406
1285 0.292
1286 0
1287 0.443
1288 0
1289 0
1290 0
1291 0
1292 0.041
1293 0.034
1294 0
1295 0.001
1296 0.225
1297 0.012
1298 0.147
1299 0.495
1300 0.001
1301 0.019
1302 0.21
1303 0.617
1304 0.238
1305 0.69
1306 0
1307 0.306
1308 0.004
1309 0.002
1310 0
1311 0.71
1312 0.235
1313 0.007
1314 0.081
1315 0.536
1316 0
1317 0.068
1318 0.737
1319 0.05
1320 0.023
1321 0.059
1322 0
1323 0.248
1324 0.003
1325 0.02
1326 0.086
1327 0.145
1328 0.162
1329 0.001
1330 0
1331 0.167
1332 0
1333 0.002
1334 0.629
1335 0.016
1336 0.003
1337 0.112
1338 0.025
1339 0.348
1340 0.287
1341 0.333
1342 0.403
1343 0.212
1344 0
1345 0.016
1346 0.01
1347 0.118
1348 0.002
1349 0.004
1350 0.031
1351 0.037
1352 0.005
1353 0.177
1354 0
1355 0.221
1356 0.696
1357 0.073
1358 0.014
1359 0.016
1360 0.668
1361 0
1362 0.628
1363 0.009
1364 0.065
1365 0
1366 0.001
1367 0.29
1368 0
1369 0.018
1370 0
1371 0.49
1372 0.147
1373 0.14
1374 0.231
1375 0
1376 0.001
1377 0.468
1378 0.108
1379 0.252
1380 0.412
1381 0.165
1382 0.03
1383 0.028
1384 0.025
1385 0
1386 0.349
1387 0.028
1388 0.006
1389 0
1390 0
1391 0.001
1392 0.547
1393 0.005
1394 0.502
1395 0
1396 0.003
1397 0.001
1398 0
1399 0.049
1400 0.042
1401 0.036
1402 0.187
1403 0.833
1404 0.193
1405 0
1406 0.012
1407 0.505
1408 0.001
1409 0.003
1410 0
1411 0
1412 0.087
1413 0.002
1414 0.44
1415 0.774
1416 0.442
1417 0.222
1418 0.155
1419 0.096
1420 0.055
1421 0.002
1422 0.001
1423 0.004
1424 0.783
1425 0.039
1426 0.293
1427 0
1428 0
1429 0
1430 0.183
1431 0
1432 0.022
1433 0.401
1434 0.017
1435 0.001
1436 0.564
1437 0.521
1438 0.899
1439 0.336
1440 0.737
1441 0.577
1442 0.053
1443 0.9
1444 0.502
1445 0.077
1446 0.363
1447 0.019
1448 0.804
1449 0.059
1450 0.355
1451 0.004
1452 0
1453 0.015
1454 0.009
1455 0.164
1456 0.002
1457 0.058
1458 0.298
1459 0.287
1460 0.085
1461 0
1462 0.038
1463 0.02
1464 0.587
1465 0.003
1466 0.001
1467 0.441
1468 0.002
1469 0.245
1470 0.002
1471 0
1472 0
1473 0.121
1474 0.001
1475 0.02
1476 0.02
1477 0.66
1478 0.01
1479 0.095
1480 0.486
1481 0.034
1482 0.255
1483 0
1484 0.066
1485 0
1486 0
1487 0.343
1488 0.659
1489 0.001
1490 0.026
1491 0.008
1492 0.033
1493 0.249
1494 0.016
1495 0.036
1496 0
1497 0.051
1498 0.596
1499 0
1500 0.256
1501 0.313
1502 0
1503 0.196
1504 0.228
1505 0
1506 0
1507 0
1508 0.001
1509 0.458
1510 0.103
1511 0
1512 0.016
1513 0.475
1514 0.003
1515 0.031
1516 0
1517 0
1518 0.021
1519 0
1520 0
1521 0.002
1522 0.592
1523 0.008
1524 0.001
1525 0
1526 0.26
1527 0.17
1528 0.202
1529 0.402
1530 0.018
1531 0.046
1532 0.247
1533 0.001
1534 0.664
1535 0.584
1536 0.154
1537 0.009
1538 0.694
1539 0.004
1540 0.002
1541 0.001
1542 0.126
1543 0.006
1544 0.184
1545 0
1546 0
1547 0.02
1548 0
1549 0.243
1550 0.019
1551 0.009
1552 0.194
1553 0
1554 0
1555 0.398
1556 0.033
1557 0.102
1558 0.018
1559 0.206
1560 0.088
1561 0.002
1562 0.024
1563 0.556
1564 0.003
1565 0
1566 0.224
1567 0
1568 0.002
1569 0.001
1570 0.067
1571 0.043
1572 0.014
1573 0.603
1574 0.121
1575 0.042
1576 0.384
1577 0.292
1578 0.001
1579 0.003
1580 0.006
1581 0.239
1582 0
1583 0.436
1584 0
1585 0.003
1586 0.002
1587 0
1588 0.415
1589 0
1590 0.194
1591 0
1592 0.003
1593 0.363
1594 0.007
1595 0.15
1596 0.228
1597 0.365
1598 0.002
1599 0.004
1600 0.683
1601 0.006
1602 0.004
1603 0.68
1604 0.181
1605 0.039
1606 0.183
1607 0
1608 0.067
1609 0.007
1610 0.379
1611 0
1612 0.487
1613 0.046
1614 0.058
1615 0.009
1616 0.011
1617 0.118
1618 0.342
1619 0.776
1620 0.103
1621 0.168
1622 0.055
1623 0
1624 0
1625 0
1626 0.693
1627 0.494
1628 0.298
1629 0.158
1630 0.002
1631 0.006
1632 0.073
1633 0.275
1634 0
1635 0
1636 0.032
1637 0
1638 0.002
1639 0.532
1640 0.799
1641 0.679
1642 0.179
1643 0.386
1644 0
1645 0.285
1646 0.004
1647 0.457
1648 0.281
1649 0.592
1650 0.112
1651 0.302
1652 0
1653 0.094
1654 0.085
1655 0
1656 0.387
1657 0
1658 0.052
1659 0.033
1660 0.133
1661 0.065
1662 0.033
1663 0
1664 0.034
1665 0.662
1666 0.001
1667 0.027
1668 0.09
1669 0.064
1670 0.002
1671 0.581
1672 0.002
1673 0.003
1674 0.358
1675 0.057
1676 0.01
1677 0.009
1678 0.003
1679 0.008
1680 0
1681 0.389
1682 0.005
1683 0.074
1684 0
1685 0.029
1686 0
1687 0.221
1688 0.804
1689 0.055
1690 0
1691 0.284
1692 0.091
1693 0.012
1694 0.012
1695 0.194
1696 0.043
1697 0.095
1698 0.394
1699 0.749
1700 0.043
1701 0
1702 0.789
1703 0
1704 0.001
1705 0.421
1706 0.363
1707 0.506
1708 0
1709 0.058
1710 0.005
1711 0.672
1712 0
1713 0
1714 0.321
1715 0.011
1716 0.031
1717 0.21
1718 0.027
1719 0.238
1720 0.02
1721 0.28
1722 0.205
1723 0.307
1724 0.849
1725 0.673
1726 0
1727 0
1728 0.46
1729 0.901
1730 0.017
1731 0.009
1732 0.262
1733 0.347
1734 0.705
1735 0.588
1736 0.018
1737 0
1738 0.467
1739 0.016
1740 0.003
1741 0.13
1742 0
1743 0
1744 0
1745 0.222
1746 0.007
1747 0.01
1748 0
1749 0.013
1750 0
1751 0.046
1752 0.46
1753 0.074
1754 0.043
1755 0.089
1756 0.001
1757 0.041
1758 0.496
1759 0.002
1760 0.054
1761 0.468
1762 0
1763 0
1764 0.727
1765 0.05
1766 0.575
1767 0.17
1768 0
1769 0.01
1770 0
1771 0.029
1772 0.001
1773 0.17
1774 0.003
1775 0.001
1776 0.353
1777 0
1778 0.078
1779 0.744
1780 0
1781 0
1782 0.901
1783 0
1784 0.009
1785 0
1786 0
1787 0
1788 0.001
1789 0.498
1790 0.003
1791 0.01
1792 0.357
1793 0
1794 0
1795 0.055
1796 0.273
1797 0.001
1798 0.057
1799 0.142
1800 0.031
1801 0.042
1802 0.001
1803 0.01
1804 0.001
1805 0.002
1806 0.493
1807 0
1808 0.118
1809 0.123
1810 0.217
1811 0.231
1812 0.728
1813 0.004
1814 0.195
1815 0.017
1816 0.047
1817 0
1818 0.011
1819 0.694
1820 0.08
1821 0.012
1822 0.039
1823 0.551
1824 0.013
1825 0.082
1826 0.083
1827 0.67
1828 0.526
1829 0
1830 0.025
1831 0.767
1832 0.007
1833 0.098
1834 0.007
1835 0
1836 0.108
1837 0.237
1838 0
1839 0
1840 0.373
1841 0.086
1842 0.009
1843 0
1844 0
1845 0.198
1846 0.013
1847 0.313
1848 0.009
1849 0.004
1850 0.184
1851 0.777
1852 0.011
1853 0.533
1854 0.273
1855 0.871
1856 0.606
1857 0.169
1858 0.386
1859 0.177
1860 0.081
1861 0.449
1862 0.052
1863 0.002
1864 0.017
1865 0.297
1866 0.316
1867 0
1868 0.284
1869 0
1870 0
1871 0.048
1872 0.017
1873 0.53
1874 0.89
1875 0.006
1876 0.275
1877 0
1878 0.025
1879 0.788
1880 0.013
1881 0.001
1882 0.716
1883 0.026
1884 0.007
1885 0.004
1886 0.001
1887 0.404
1888 0.486
1889 0.203
1890 0.035
1891 0.052
1892 0.03
1893 0.033
1894 0.371
1895 0.373
1896 0.108
1897 0.023
1898 0
1899 0.019
1900 0.065
1901 0.172
1902 0
1903 0.176
1904 0.009
1905 0.005
1906 0.389
1907 0.19
1908 0
1909 0.222
1910 0.037
1911 0
1912 0.022
1913 0.082
1914 0
1915 0.379
1916 0.259
1917 0
1918 0.005
1919 0.05
1920 0.799
1921 0.003
1922 0.192
1923 0.827
1924 0.01
1925 0.004
1926 0
1927 0.174
1928 0.079
1929 0.038
1930 0.001
1931 0.002
1932 0
1933 0.048
1934 0.655
1935 0.097
1936 0
1937 0.219
1938 0
1939 0.024
1940 0.05
1941 0.115
1942 0.39
1943 0.22
1944 0.608
1945 0.136
1946 0.02
1947 0.398
1948 0.179
1949 0.794
1950 0
1951 0.021
1952 0
1953 0.513
1954 0.655
1955 0
1956 0
1957 0
1958 0.13
1959 0.2
1960 0.105
1961 0
1962 0.632
1963 0.003
1964 0
1965 0.75
1966 0.033
1967 0.302
1968 0.108
1969 0.343
1970 0.011
1971 0.009
1972 0
1973 0
1974 0
1975 0.003
1976 0
1977 0.003
1978 0.343
1979 0.45
1980 0.013
1981 0.522
1982 0.002
1983 0.04
1984 0.001
1985 0.023
1986 0.003
1987 0.296
1988 0.279
1989 0
1990 0.009
1991 0.001
1992 0.314
1993 0.1
1994 0.002
1995 0.074
1996 0.001
1997 0.071
1998 0.114
1999 0.114
2000 0.405
2001 0.635
2002 0.064
2003 0.401
2004 0.091
2005 0.243
2006 0.03
2007 0.328
2008 0.029
2009 0.185
2010 0.74
2011 0.371
2012 0.413
2013 0.11
2014 0.131
2015 0.001
2016 0.002
2017 0.018
2018 0.314
2019 0.096
2020 0
2021 0.069
2022 0.605
2023 0
2024 0.504
2025 0
2026 0.103
2027 0
2028 0.637
2029 0.025
2030 0.131
2031 0.005
2032 0
2033 0.027
2034 0.321
2035 0.04
2036 0.709
2037 0
2038 0
2039 0.004
2040 0
2041 0.128
2042 0
2043 0.344
2044 0
2045 0.003
2046 0.021
2047 0.081
2048 0
2049 0.869
2050 0
2051 0.627
2052 0.002
2053 0.039
2054 0.011
2055 0
2056 0.033
2057 0
2058 0
2059 0.582
2060 0.378
2061 0
2062 0.013
2063 0.501
2064 0.114
2065 0.35
2066 0.005
2067 0.047
2068 0.001
2069 0.688
2070 0.185
2071 0.158
2072 0.013
2073 0.228
2074 0.169
2075 0.015
2076 0.004
2077 0.027
2078 0
2079 0
2080 0.086
2081 0.005
2082 0.016
2083 0
2084 0.65
2085 0.004
2086 0.206
2087 0
2088 0.109
2089 0.397
2090 0
2091 0.078
2092 0
2093 0.188
2094 0.123
2095 0.218
2096 0.011
2097 0.009
2098 0.175
2099 0.18
2100 0.337
2101 0.557
2102 0.715
2103 0.021
2104 0.084
2105 0.098
2106 0
2107 0.235
2108 0
2109 0.008
2110 0
2111 0.391
2112 0.001
2113 0.005
2114 0.019
2115 0.569
2116 0
2117 0.703
2118 0.04
2119 0.029
2120 0.193
2121 0.197
2122 0.183
2123 0.514
2124 0.176
2125 0.042
2126 0.067
2127 0.013
2128 0.022
2129 0
2130 0.001
2131 0.001
2132 0
2133 0
2134 0.094
2135 0.23
2136 0
2137 0.179
2138 0.02
2139 0.082
2140 0.194
2141 0.358
2142 0.005
2143 0
2144 0
2145 0
2146 0.253
2147 0.372
2148 0.086
2149 0
2150 0
2151 0.542
2152 0
2153 0
2154 0.437
2155 0.009
2156 0
2157 0.389
2158 0.702
2159 0.56
2160 0
2161 0.014
2162 0
2163 0.019
2164 0.105
2165 0.258
2166 0.507
2167 0.003
2168 0.791
2169 0.273
2170 0
2171 0.134
2172 0.145
2173 0.235
2174 0.772
2175 0.001
2176 0.076
2177 0.004
2178 0.1
2179 0.004
2180 0.043
2181 0.017
2182 0
2183 0.368
2184 0.664
2185 0.003
2186 0.164
2187 0.017
2188 0.458
2189 0.01
2190 0
2191 0.418
2192 0.011
2193 0.013
2194 0.001
2195 0.551
2196 0.002
2197 0
2198 0.002
2199 0.085
2200 0
2201 0.184
2202 0.009
2203 0
2204 0.326
2205 0.059
2206 0.001
2207 0.057
2208 0
2209 0.092
2210 0.003
2211 0.077
2212 0.225
2213 0
2214 0.779
2215 0.005
2216 0.002
2217 0.214
2218 0.023
2219 0
2220 0.165
2221 0
2222 0
2223 0.064
2224 0
2225 0.084
2226 0
2227 0.456
2228 0
2229 0
2230 0.86
2231 0.028
2232 0.008
2233 0.023
2234 0.425
2235 0
2236 0.728
2237 0.017
2238 0
2239 0.454
2240 0.031
2241 0.208
2242 0.004
2243 0
2244 0.13
2245 0.004
2246 0.236
2247 0.019
2248 0
2249 0.021
2250 0.001
2251 0
2252 0.083
2253 0.442
2254 0
2255 0.421
2256 0.025
2257 0.333
2258 0.318
2259 0
2260 0.002
2261 0
2262 0.035
2263 0.213
2264 0.048
2265 0.303
2266 0.104
2267 0.184
2268 0.015
2269 0.316
2270 0.653
2271 0.368
2272 0.034
2273 0.002
2274 0.196
2275 0.009
2276 0.124
2277 0.306
2278 0.528
2279 0.015
2280 0.29
2281 0.051
2282 0.002
2283 0.43
2284 0.051
2285 0
2286 0
2287 0.024
2288 0.007
2289 0.648
2290 0.337
2291 0
2292 0
2293 0.499
2294 0
2295 0.833
2296 0.002
2297 0.001
2298 0
2299 0.009
2300 0.731
2301 0.002
2302 0.019
2303 0.395
2304 0
2305 0.14
2306 0
2307 0.244
2308 0.084
2309 0
2310 0.366
2311 0
2312 0.006
2313 0.044
2314 0.345
2315 0
2316 0.324
2317 0.024
2318 0.003
2319 0.279
2320 0.002
2321 0.117
2322 0.029
2323 0
2324 0.048
2325 0.642
2326 0.074
2327 0.733
2328 0.24
2329 0.547
2330 0.117
2331 0
2332 0.026
2333 0.004
2334 0.008
2335 0.34
2336 0.037
2337 0.245
2338 0.208
2339 0.025
2340 0.023
2341 0.004
2342 0.313
2343 0.008
2344 0.004
2345 0.236
2346 0
2347 0.03
2348 0.006
2349 0.594
2350 0
2351 0
2352 0.003
2353 0.008
2354 0.161
2355 0.233
2356 0.539
2357 0.194
2358 0.092
2359 0.366
2360 0.004
2361 0.047
2362 0.073
2363 0.378
2364 0.831
2365 0
2366 0.827
2367 0
2368 0.792
2369 0.479
2370 0.524
2371 0.001
2372 0.289
2373 0.405
2374 0.047
2375 0.167
2376 0
2377 0
2378 0.025
2379 0.127
2380 0.017
2381 0.056
2382 0.017
2383 0.003
2384 0
2385 0.003
2386 0.244
2387 0.43
2388 0.224
2389 0.009
2390 0.561
2391 0.1
2392 0.285
2393 0.235
2394 0
2395 0.458
2396 0.2
2397 0.514
2398 0.006
2399 0.319
2400 0
2401 0
2402 0.294
2403 0.639
2404 0.094
2405 0.696
2406 0.113
2407 0.065
2408 0.052
2409 0
2410 0
2411 0.003
2412 0.019
2413 0.032
2414 0.001
2415 0
2416 0
2417 0.017
2418 0.157
2419 0.123
2420 0.057
2421 0.002
2422 0.021
2423 0.225
2424 0.143
2425 0.249
2426 0
2427 0.147
2428 0.7
2429 0
2430 0.06
2431 0.059
2432 0.006
2433 0.058
2434 0.005
2435 0
2436 0.609
2437 0.746
2438 0.003
2439 0.002
2440 0.218
2441 0.001
2442 0.292
2443 0.003
2444 0
2445 0.283
2446 0.672
2447 0
2448 0.015
2449 0.163
2450 0.051
2451 0.058
2452 0.075
2453 0.001
2454 0
2455 0
2456 0.685
2457 0
2458 0
2459 0.114
2460 0.84
2461 0.131
2462 0.008
2463 0.006
2464 0
2465 0.058
2466 0.743
2467 0.215
2468 0
2469 0
2470 0.235
2471 0
2472 0.24
2473 0.537
2474 0.011
2475 0
2476 0
2477 0.86
2478 0.737
2479 0.666
2480 0.052
2481 0
2482 0.104
2483 0.284
2484 0.026
2485 0.005
2486 0
2487 0.012
2488 0
2489 0
2490 0.005
2491 0.542
2492 0.013
2493 0.014
2494 0.29
2495 0.675
2496 0.085
2497 0.07
2498 0
2499 0.008
2500 0.005
2501 0.055
2502 0.163
2503 0.008
2504 0.005
2505 0.384
2506 0.757
2507 0.002
2508 0.739
2509 0
2510 0.115
2511 0.326
2512 0.166
2513 0.103
2514 0.598
2515 0
2516 0.063
2517 0.01
2518 0
2519 0.017
2520 0.154
2521 0.118
2522 0.586
2523 0.006
2524 0
2525 0.013
2526 0.06
2527 0
2528 0.012
2529 0.006
2530 0.083
2531 0
2532 0.014
2533 0
2534 0
2535 0.665
2536 0
2537 0.005
2538 0.124
2539 0.003
2540 0.073
2541 0.004
2542 0
2543 0.036
2544 0.018
2545 0.036
2546 0.04
2547 0.587
2548 0.001
2549 0.346
2550 0
2551 0.01
2552 0.002
2553 0.102
2554 0.018
2555 0
2556 0.084
2557 0.029
2558 0.611
2559 0.262
2560 0
2561 0.045
2562 0.635
2563 0.615
2564 0.002
2565 0.056
2566 0.101
2567 0.189
2568 0.004
2569 0.784
2570 0
2571 0
2572 0.333
2573 0.156
2574 0.004
2575 0.276
2576 0.006
2577 0.148
2578 0.333
2579 0.271
2580 0.892
2581 0.572
2582 0
2583 0
2584 0.443
2585 0.09
2586 0.164
2587 0.069
2588 0.01
2589 0.878
2590 0
2591 0
2592 0.013
2593 0.008
2594 0.02
2595 0.265
2596 0.015
2597 0
2598 0.587
2599 0.002
2600 0.49
2601 0.005
2602 0.381
2603 0.619
2604 0.164
2605 0.002
2606 0
2607 0.007
2608 0.582
2609 0.432
2610 0
2611 0.186
2612 0.845
2613 0.083
2614 0.165
2615 0.065
2616 0.001
2617 0.329
2618 0.008
2619 0.409
2620 0.437
2621 0.001
2622 0
2623 0.593
2624 0.084
2625 0.062
2626 0.011
2627 0.004
2628 0.122
2629 0.05
2630 0.373
2631 0.041
2632 0.007
2633 0
2634 0.033
2635 0
2636 0.006
2637 0.001
2638 0.348
2639 0.296
2640 0.138
2641 0.128
2642 0.159
2643 0.003
2644 0.014
2645 0
2646 0.083
2647 0.183
2648 0.042
2649 0.001
2650 0.268
2651 0.005
2652 0
2653 0
2654 0.017
2655 0
2656 0
2657 0.004
2658 0.028
2659 0
2660 0.366
2661 0.002
2662 0
2663 0.105
2664 0
2665 0
2666 0
2667 0.003
2668 0.019
2669 0.015
2670 0.128
2671 0
2672 0.126
2673 0.016
2674 0.271
2675 0.589
2676 0.019
2677 0
2678 0.019
2679 0.002
2680 0.062
2681 0
2682 0.812
2683 0.217
2684 0.001
2685 0.039
2686 0.005
2687 0
2688 0.598
2689 0.111
2690 0.002
2691 0.212
2692 0
2693 0.124
2694 0.548
2695 0.025
2696 0.282
2697 0.004
2698 0.005
2699 0.351
2700 0
2701 0.514
2702 0
2703 0.026
2704 0
2705 0.001
2706 0.38
2707 0.791
2708 0.002
2709 0.056
2710 0.003
2711 0.088
2712 0.003
2713 0.051
2714 0
2715 0
2716 0.144
2717 0.032
2718 0.31
2719 0.108
2720 0.66
2721 0.303
2722 0.016
2723 0.108
2724 0.014
2725 0.397
2726 0
2727 0
2728 0.052
2729 0
2730 0.197
2731 0.759
2732 0.074
2733 0
2734 0.284
2735 0.187
2736 0.052
2737 0.023
2738 0.001
2739 0.012
2740 0
2741 0
2742 0.717
2743 0.001
2744 0
2745 0.002
2746 0.009
2747 0
2748 0.203
2749 0.083
2750 0.62
2751 0.171
2752 0.001
2753 0.136
2754 0
2755 0.355
2756 0.006
2757 0.206
2758 0.616
2759 0.06
2760 0.001
2761 0.013
2762 0.352
2763 0.122
2764 0.468
2765 0
2766 0.468
2767 0.614
2768 0
2769 0.136
2770 0
2771 0.026
2772 0.001
2773 0.248
2774 0
2775 0.087
2776 0.703
2777 0.02
2778 0.423
2779 0.516
2780 0
2781 0.603
2782 0.484
2783 0.228
2784 0
2785 0
2786 0.002
2787 0
2788 0.398
2789 0
2790 0
2791 0.002
2792 0
2793 0.298
2794 0.002
2795 0.795
2796 0.728
2797 0.034
2798 0.008
2799 0.263
2800 0
2801 0
2802 0.39
2803 0.001
2804 0
2805 0.206
2806 0
2807 0
2808 0.161
2809 0.861
2810 0.009
2811 0.305
2812 0.128
2813 0
2814 0.019
2815 0.399
2816 0.241
2817 0.005
2818 0.157
2819 0.522
2820 0.696
2821 0.225
2822 0.021
2823 0.642
2824 0.028
2825 0
2826 0
2827 0.032
2828 0.416
2829 0.106
2830 0
2831 0
2832 0
2833 0
2834 0.186
2835 0.02
2836 0.076
2837 0.798
2838 0.226
2839 0.13
2840 0.886
2841 0.06
2842 0.297
2843 0.035
2844 0.016
2845 0.034
2846 0
2847 0.479
2848 0.026
2849 0.133
2850 0.013
2851 0
2852 0.04
2853 0.045
2854 0.404
2855 0.158
2856 0.002
2857 0.001
2858 0
2859 0
2860 0
2861 0.241
2862 0.001
2863 0.033
2864 0.012
2865 0.32
2866 0.134
2867 0.211
2868 0.076
2869 0
2870 0.208
2871 0.222
2872 0
2873 0.439
2874 0
2875 0.411
2876 0.013
2877 0.021
2878 0.123
2879 0
2880 0.008
2881 0.043
2882 0.109
2883 0.098
2884 0.009
2885 0.82
2886 0.015
2887 0.043
2888 0.001
2889 0
2890 0.007
2891 0.017
2892 0.029
2893 0.055
2894 0.403
2895 0.009
2896 0.148
2897 0.287
2898 0.239
2899 0.654
2900 0.01
2901 0.008
2902 0.062
2903 0
2904 0.061
2905 0
2906 0
2907 0.053
2908 0.14
2909 0.082
2910 0.006
2911 0.011
2912 0.603
2913 0.507
2914 0.223
2915 0.02
2916 0.004
2917 0.025
2918 0.146
2919 0
2920 0.251
2921 0.004
2922 0.016
2923 0.353
2924 0.1
2925 0.097
2926 0.001
2927 0.215
2928 0.05
2929 0.005
2930 0.064
2931 0.152
2932 0.046
2933 0
2934 0
2935 0.697
2936 0
2937 0.384
2938 0.045
2939 0
2940 0.003
2941 0.092
2942 0.001
2943 0.119
2944 0.001
2945 0.062
2946 0.005
2947 0
2948 0.008
2949 0.013
2950 0.358
2951 0.321
2952 0.618
2953 0
2954 0.101
2955 0.087
2956 0.002
2957 0.031
2958 0.002
2959 0.099
2960 0.01
2961 0.781
2962 0
2963 0.211
2964 0
2965 0.011
2966 0.331
2967 0.79
2968 0
2969 0.328
2970 0.199
2971 0.001
2972 0.007
2973 0.004
2974 0.206
2975 0.057
2976 0.725
2977 0
2978 0
2979 0.003
2980 0
2981 0.002
2982 0
2983 0.006
2984 0.104
2985 0.002
2986 0
2987 0.012
2988 0.015
2989 0.093
2990 0.012
2991 0
2992 0.196
2993 0.257
2994 0.002
2995 0.002
2996 0
2997 0.741
2998 0.002
2999 0
3000 0.058
3001 0.763
3002 0
3003 0.014
3004 0.851
3005 0.049
3006 0.343
3007 0.61
3008 0
3009 0
3010 0.14
3011 0.514
3012 0.014
3013 0
3014 0.678
3015 0.362
3016 0.102
3017 0
3018 0.001
3019 0.061
3020 0.026
3021 0.54
3022 0.235
3023 0
3024 0
3025 0.027
3026 0
3027 0.487
3028 0.124
3029 0.041
3030 0.103
3031 0.448
3032 0.007
3033 0
3034 0
3035 0.379
3036 0
3037 0.006
3038 0
3039 0.01
3040 0.089
3041 0.16
3042 0.009
3043 0.88
3044 0.157
3045 0.086
3046 0.782
3047 0.69
3048 0.06
3049 0
3050 0.599
3051 0.161
3052 0.581
3053 0.434
3054 0.01
3055 0.599
3056 0.398
3057 0.061
3058 0
3059 0.327
3060 0
3061 0
3062 0.124
3063 0.531
3064 0.074
3065 0
3066 0.026
3067 0.356
3068 0
3069 0
3070 0.527
3071 0
3072 0.127
3073 0.076
3074 0.05
3075 0.002
3076 0
3077 0.11
3078 0.349
3079 0.04
3080 0.021
3081 0.002
3082 0
3083 0.045
3084 0.056
3085 0.086
3086 0.286
3087 0.025
3088 0.001
3089 0.023
3090 0
3091 0
3092 0.631
3093 0
3094 0.076
3095 0.504
3096 0.001
3097 0.367
3098 0.192
3099 0.045
3100 0.079
3101 0
3102 0.31
3103 0
3104 0.073
3105 0.112
3106 0.056
3107 0.032
3108 0.028
3109 0.24
3110 0.003
3111 0.099
3112 0.644
3113 0.159
3114 0.017
3115 0.2
3116 0.095
3117 0.105
3118 0.08
3119 0
3120 0
3121 0.809
3122 0.308
3123 0.004
3124 0.052
3125 0
3126 0.102
3127 0
3128 0
3129 0.084
3130 0.298
3131 0
3132 0.014
3133 0.414
3134 0.777
3135 0.541
3136 0
3137 0.001
3138 0
3139 0.24
3140 0.169
3141 0.377
3142 0.2
3143 0.017
3144 0.361
3145 0.613
3146 0.001
3147 0.005
3148 0.451
3149 0.758
3150 0.168
3151 0.159
3152 0.006
3153 0
3154 0
3155 0
3156 0
3157 0.116
3158 0.026
3159 0.548
3160 0
3161 0.86
3162 0.794
3163 0.41
3164 0.004
3165 0.009
3166 0.001
3167 0
3168 0.502
3169 0.475
3170 0.179
3171 0.093
3172 0
3173 0.098
3174 0
3175 0
3176 0.059
3177 0.014
3178 0.002
3179 0.445
3180 0.004
3181 0.003
3182 0.102
3183 0.355
3184 0.269
3185 0.005
3186 0
3187 0.115
3188 0.015
3189 0.079
3190 0.737
3191 0.435
3192 0.003
3193 0.278
3194 0
3195 0.045
3196 0.423
3197 0.693
3198 0
3199 0.069
3200 0
3201 0.162
3202 0.249
3203 0.198
3204 0.033
3205 0
3206 0.244
3207 0.008
3208 0.135
3209 0
3210 0.078
3211 0
3212 0.012
3213 0
3214 0.851
3215 0.02
3216 0
3217 0.002
3218 0.003
3219 0.002
3220 0.025
3221 0.001
3222 0.414
3223 0.008
3224 0.117
3225 0.071
3226 0.204
3227 0.032
3228 0.111
3229 0
3230 0.516
3231 0.116
3232 0.01
3233 0
3234 0.001
3235 0.479
3236 0.013
3237 0.001
3238 0.186
3239 0.166
3240 0.565
3241 0.04
3242 0
3243 0.311
3244 0
3245 0.066
3246 0
3247 0.134
3248 0.222
3249 0.594
3250 0.04
3251 0.044
3252 0.013
3253 0.14
3254 0
3255 0.017
3256 0.008
3257 0.017
3258 0
3259 0
3260 0.304
3261 0
3262 0.002
3263 0.018
3264 0.014
3265 0
3266 0.556
3267 0.001
3268 0.788
3269 0.024
3270 0.692
3271 0.092
3272 0
3273 0.189
3274 0.409
3275 0
3276 0.034
3277 0.461
3278 0.026
3279 0.465
3280 0.391
3281 0
3282 0.391
3283 0.217
3284 0.007
3285 0
3286 0
3287 0.545
3288 0.164
3289 0.06
3290 0
3291 0.036
3292 0.006
3293 0.424
3294 0.692
3295 0.012
3296 0.004
3297 0
3298 0.003
3299 0
3300 0.501
3301 0.29
3302 0.001
3303 0.071
3304 0.521
3305 0.067
3306 0.002
3307 0.008
3308 0
3309 0.322
3310 0
3311 0.002
3312 0.087
3313 0.015
3314 0.201
3315 0.099
3316 0.105
3317 0.685
3318 0.031
3319 0
3320 0
3321 0.001
3322 0.041
3323 0.093
3324 0.682
3325 0.055
3326 0
3327 0.046
3328 0.006
3329 0.004
3330 0
3331 0.133
3332 0.003
3333 0.206
3334 0.282
3335 0.001
3336 0.92
3337 0
3338 0.016
3339 0.281
3340 0.132
3341 0.036
3342 0.045
3343 0.07
3344 0.357
3345 0.021
3346 0.788
3347 0
3348 0.105
3349 0.002
3350 0.71
3351 0.01
3352 0.115
3353 0
3354 0.451
3355 0.094
3356 0.067
3357 0
3358 0
3359 0.004
3360 0.194
3361 0.693
3362 0
3363 0.32
3364 0.584
3365 0.042
3366 0
3367 0.053
3368 0.15
3369 0.177
3370 0.305
3371 0.462
3372 0
3373 0
3374 0.076
3375 0.668
3376 0.737
3377 0.265
3378 0.002
3379 0.15
3380 0.053
3381 0
3382 0.834
3383 0.021
3384 0.234
3385 0.015
3386 0.622
3387 0.003
3388 0.561
3389 0.389
3390 0
3391 0.02
3392 0
3393 0.602
3394 0
3395 0
3396 0
3397 0
3398 0.143
3399 0.001
3400 0.002
3401 0
3402 0.581
3403 0.239
3404 0.375
3405 0.211
3406 0
3407 0.349
3408 0.036
3409 0.045
3410 0.167
3411 0.001
3412 0
3413 0.542
3414 0.058
3415 0.286
3416 0
3417 0.119
3418 0
3419 0.003
3420 0.019
3421 0.221
3422 0.008
3423 0.004
3424 0.005
3425 0.515
3426 0.002
3427 0.118
3428 0.001
3429 0
3430 0
3431 0.04
3432 0
3433 0
3434 0
3435 0
3436 0
3437 0.778
3438 0.003
3439 0.735
3440 0.033
3441 0
3442 0.368
3443 0.322
3444 0
3445 0
3446 0.312
3447 0.215
3448 0.086
3449 0.139
3450 0.024
3451 0.72
3452 0
3453 0.174
3454 0.351
3455 0.015
3456 0.005
3457 0
3458 0.593
3459 0.192
3460 0.18
3461 0.004
3462 0
3463 0.032
3464 0.331
3465 0.004
3466 0.004
3467 0.137
3468 0.371
3469 0.406
3470 0.265
3471 0.573
3472 0.001
3473 0.261
3474 0.809
3475 0.015
3476 0.072
3477 0.008
3478 0.002
3479 0.422
3480 0.32
3481 0
3482 0.082
3483 0
3484 0.001
3485 0.16
3486 0.011
3487 0.04
3488 0.092
3489 0.059
3490 0
3491 0.022
3492 0.004
3493 0.004
3494 0.11
3495 0.001
3496 0.334
3497 0.29
3498 0.278
3499 0.058
3500 0.677
3501 0.322
3502 0.001
3503 0.381
3504 0.464
3505 0.45
3506 0.001
3507 0.278
3508 0.004
3509 0
3510 0.239
3511 0.03
3512 0.016
3513 0.185
3514 0.179
3515 0.013
3516 0.022
3517 0.671
3518 0.02
3519 0.089
3520 0.011
3521 0.548
3522 0.005
3523 0.026
3524 0
3525 0
3526 0
3527 0.137
3528 0.014
3529 0.037
3530 0
3531 0.013
3532 0.063
3533 0.092
3534 0.001
3535 0
3536 0.091
3537 0.027
3538 0.045
3539 0.006
3540 0.02
3541 0.046
3542 0.001
3543 0
3544 0
3545 0.618
3546 0.123
3547 0.056
3548 0
3549 0
3550 0
3551 0.003
3552 0.096
3553 0.322
3554 0
3555 0.055
3556 0.033
3557 0.004
3558 0.418
3559 0.002
3560 0.105
3561 0.012
3562 0
3563 0.737
3564 0.004
3565 0.117
3566 0.069
3567 0.022
3568 0
3569 0.027
3570 0.001
3571 0.06
3572 0.003
3573 0.063
3574 0
3575 0
3576 0
3577 0.001
3578 0.584
3579 0.096
3580 0.03
3581 0.035
3582 0
3583 0.149
3584 0.001
3585 0.011
3586 0.021
3587 0
3588 0.188
3589 0.001
3590 0.827
3591 0.01
3592 0.269
3593 0.587
3594 0.076
3595 0.002
3596 0.079
3597 0.002
3598 0.006
3599 0
3600 0.003
3601 0.176
3602 0.001
3603 0
3604 0.14
3605 0.914
3606 0.617
3607 0.093
3608 0.232
3609 0.009
3610 0.84
3611 0
3612 0.005
3613 0
3614 0.077
3615 0.017
3616 0
3617 0.049
3618 0.004
3619 0.002
3620 0.167
3621 0.171
3622 0.033
3623 0.007
3624 0.045
3625 0.416
3626 0
3627 0
3628 0.133
3629 0
3630 0.879
3631 0.286
3632 0.004
3633 0.85
3634 0
3635 0.329
3636 0.003
3637 0.292
3638 0.379
3639 0.105
3640 0
3641 0.178
3642 0.186
3643 0.047
3644 0.147
3645 0.107
3646 0.092
3647 0.102
3648 0
3649 0.131
3650 0.496
3651 0
3652 0.36
3653 0.001
3654 0
3655 0.004
3656 0.018
3657 0
3658 0
3659 0
3660 0.049
3661 0
3662 0.013
3663 0.176
3664 0.042
3665 0
3666 0
3667 0.146
3668 0.461
3669 0
3670 0.053
3671 0
3672 0.277
3673 0.031
3674 0.034
3675 0.01
3676 0.78
3677 0
3678 0.026
3679 0
3680 0
3681 0.006
3682 0
3683 0.029
3684 0
3685 0.123
3686 0.899
3687 0.052
3688 0.288
3689 0.157
3690 0
3691 0
3692 0.072
3693 0.283
3694 0.062
3695 0.358
3696 0.293
3697 0.165
3698 0.006
3699 0.974
3700 0.727
3701 0
3702 0
3703 0.567
3704 0.564
3705 0.075
3706 0.04
3707 0.362
3708 0
3709 0.001
3710 0.526
3711 0
3712 0.001
3713 0.005
3714 0.022
3715 0.436
3716 0.543
3717 0.006
3718 0.263
3719 0.175
3720 0.012
3721 0.008
3722 0.133
3723 0.119
3724 0.623
3725 0.453
3726 0.027
3727 0.765
3728 0.458
3729 0.683
3730 0.21
3731 0.35
3732 0.189
3733 0.263
3734 0.243
3735 0.629
3736 0.385
3737 0.411
3738 0
3739 0.081
3740 0.027
3741 0.013
3742 0
3743 0.006
3744 0.675
3745 0.129
3746 0.37
3747 0.044
3748 0.196
3749 0.46
3750 0.083
3751 0.369
3752 0.632
3753 0
3754 0.016
3755 0.097
3756 0
3757 0.176
3758 0.03
3759 0.002
3760 0.102
3761 0.13
3762 0.005
3763 0
3764 0
3765 0
3766 0
3767 0.644
3768 0.001
3769 0
3770 0.008
3771 0.001
3772 0.151
3773 0.133
3774 0.117
3775 0.294
3776 0.075
3777 0
3778 0.165
3779 0.041
3780 0
3781 0.169
3782 0.464
3783 0.078
3784 0.009
3785 0
3786 0.452
3787 0.047
3788 0.661
3789 0
3790 0.075
3791 0.328
3792 0.436
3793 0.001
3794 0
3795 0.319
3796 0.001
3797 0.109
3798 0.007
3799 0.056
3800 0.026
3801 0.397
3802 0.004
3803 0.093
3804 0.625
3805 0.037
3806 0.734
3807 0
3808 0.003
3809 0.241
3810 0.657
3811 0.04
3812 0.037
3813 0.179
3814 0.056
3815 0.2
3816 0.009
3817 0.282
3818 0.067
3819 0.253
3820 0
3821 0.136
3822 0.042
3823 0.014
3824 0.002
3825 0
3826 0
3827 0.032
3828 0
3829 0
3830 0.006
3831 0
3832 0.003
3833 0.236
3834 0.269
3835 0.79
3836 0.232
3837 0
3838 0.343
3839 0.216
3840 0.284
3841 0.613
3842 0.015
3843 0.076
3844 0.225
3845 0.711
3846 0.268
3847 0
3848 0.053
3849 0.176
3850 0.032
3851 0.187
3852 0.023
3853 0.003
3854 0.143
3855 0.338
3856 0.035
3857 0.395
3858 0.004
3859 0.184
3860 0.01
3861 0.088
3862 0.01
3863 0.045
3864 0
3865 0.073
3866 0.07
3867 0.017
3868 0
3869 0.142
3870 0.394
3871 0
3872 0.489
3873 0.263
3874 0.351
3875 0.006
3876 0.008
3877 0.932
3878 0.093
3879 0.031
3880 0.129
3881 0
3882 0.002
3883 0
3884 0.118
3885 0.031
3886 0.019
3887 0
3888 0.038
3889 0.01
3890 0.028
3891 0
3892 0
3893 0.021
3894 0.068
3895 0.012
3896 0.771
3897 0.339
3898 0.083
3899 0
3900 0.045
3901 0.694
3902 0.004
3903 0.13
3904 0.019
3905 0.303
3906 0.054
3907 0.011
3908 0.006
3909 0.013
3910 0
3911 0.429
3912 0.012
3913 0
3914 0.003
3915 0.323
3916 0
3917 0.034
3918 0.02
3919 0.001
3920 0
3921 0
3922 0.753
3923 0.027
3924 0.002
3925 0.006
3926 0.08
3927 0.004
3928 0
3929 0.099
3930 0
3931 0.003
3932 0
3933 0
3934 0.002
3935 0.001
3936 0.04
3937 0.003
3938 0.007
3939 0.002
3940 0
3941 0.53
3942 0.371
3943 0.128
3944 0.275
3945 0.016
3946 0.005
3947 0
3948 0.014
3949 0.11
3950 0.009
3951 0
3952 0
3953 0.07
3954 0.101
3955 0.128
3956 0
3957 0.158
3958 0.36
3959 0
3960 0
3961 0.027
3962 0.174
3963 0.327
3964 0
3965 0.001
3966 0.128
3967 0.055
3968 0.195
3969 0.067
3970 0.376
3971 0.629
3972 0.194
3973 0.272
3974 0.661
3975 0.033
3976 0.013
3977 0
3978 0.377
3979 0
3980 0.126
3981 0.444
3982 0.028
3983 0
3984 0.494
3985 0.001
3986 0
3987 0.04
3988 0
3989 0.109
3990 0.117
3991 0.149
3992 0.004
3993 0.19
3994 0.001
3995 0.051
3996 0.002
3997 0.055
3998 0.434
3999 0.646
4000 0.895
4001 0.004
4002 0
4003 0.086
4004 0.606
4005 0
4006 0
4007 0.003
4008 0.009
4009 0.892
4010 0
4011 0.008
4012 0.029
4013 0.331
4014 0
4015 0.473
4016 0.529
4017 0.238
4018 0.188
4019 0.758
4020 0.006
4021 0.398
4022 0.04
4023 0
4024 0.022
4025 0.013
4026 0.419
4027 0.047
4028 0.004
4029 0
4030 0.164
4031 0.004
4032 0.015
4033 0.035
4034 0.424
4035 0.086
4036 0
4037 0.004
4038 0.268
4039 0.023
4040 0.003
4041 0
4042 0.005
4043 0.004
4044 0.001
4045 0.127
4046 0.063
4047 0
4048 0
4049 0
4050 0.003
4051 0
4052 0
4053 0
4054 0
4055 0.098
4056 0.326
4057 0.146
4058 0.043
4059 0.102
4060 0.26
4061 0
4062 0
4063 0.013
4064 0.216
4065 0
4066 0.008
4067 0.078
4068 0.294
4069 0
4070 0.1
4071 0.088
4072 0.068
4073 0.004
4074 0
4075 0.033
4076 0.382
4077 0.2
4078 0
4079 0.066
4080 0.001
4081 0.555
4082 0.176
4083 0.01
4084 0.006
4085 0.289
4086 0.295
4087 0.04
4088 0.033
4089 0
4090 0
4091 0.01
4092 0.093
4093 0.061
4094 0.608
4095 0.057
4096 0
4097 0
4098 0.018
4099 0.227
4100 0.229
4101 0
4102 0.14
4103 0.029
4104 0.078
4105 0.028
4106 0.025
4107 0.047
4108 0.315
4109 0
4110 0.649
4111 0.284
4112 0.015
4113 0.289
4114 0.331
4115 0.046
4116 0.001
4117 0.258
4118 0.109
4119 0
4120 0.119
4121 0.615
4122 0
4123 0
4124 0.016
4125 0.488
4126 0.007
4127 0.059
4128 0.186
4129 0.861
4130 0.37
4131 0.037
4132 0
4133 0.192
4134 0
4135 0.657
4136 0
4137 0.362
4138 0.317
4139 0
4140 0.159
4141 0
4142 0.21
4143 0
4144 0.033
4145 0.267
4146 0.153
4147 0
4148 0.062
4149 0.07
4150 0.516
4151 0
4152 0.079
4153 0.022
4154 0
4155 0.162
4156 0.188
4157 0.02
4158 0
4159 0.001
4160 0.483
4161 0.074
4162 0.002
4163 0.288
4164 0.18
4165 0.643
4166 0.376
4167 0.069
4168 0
4169 0.109
4170 0.001
4171 0.175
4172 0.081
4173 0
4174 0.021
4175 0
4176 0
4177 0.188
4178 0.241
4179 0.085
4180 0.116
4181 0.031
4182 0
4183 0
4184 0.684
4185 0.179
4186 0.081
4187 0.001
4188 0
4189 0.359
4190 0
4191 0
4192 0.727
4193 0.212
4194 0.281
4195 0.025
4196 0.055
4197 0.008
4198 0.614
4199 0
4200 0.262
4201 0.504
4202 0.313
4203 0
4204 0.002
4205 0
4206 0.219
4207 0.005
4208 0.55
4209 0
4210 0.048
4211 0.011
4212 0
4213 0.039
4214 0.577
4215 0.008
4216 0.321
4217 0.001
4218 0.082
4219 0.07
4220 0
4221 0.819
4222 0.001
4223 0.691
4224 0.453
4225 0.004
4226 0.021
4227 0.015
4228 0.047
4229 0.281
4230 0
4231 0.354
4232 0
4233 0
4234 0.252
4235 0.554
4236 0
4237 0.614
4238 0
4239 0.002
4240 0.4
4241 0.023
4242 0.258
4243 0.062
4244 0.299
4245 0
4246 0.846
4247 0.011
4248 0.535
4249 0.521
4250 0.012
4251 0.006
4252 0.443
4253 0.106
4254 0.478
4255 0
4256 0.02
4257 0
4258 0.014
4259 0
4260 0.71
4261 0.606
4262 0
4263 0.005
4264 0
4265 0.176
4266 0.575
4267 0.494
4268 0.216
4269 0
4270 0
4271 0
4272 0
4273 0.518
4274 0.662
4275 0
4276 0.437
4277 0.182
4278 0.067
4279 0.013
4280 0.318
4281 0
4282 0.085
4283 0.233
4284 0.566
4285 0.005
4286 0.263
4287 0
4288 0
4289 0
4290 0
4291 0
4292 0.125
4293 0.018
4294 0.128
4295 0
4296 0.034
4297 0.086
4298 0.077
4299 0
4300 0.628
4301 0
4302 0.001
4303 0.45
4304 0
4305 0.002
4306 0.115
4307 0
4308 0.137
4309 0.451
4310 0
4311 0.119
4312 0.213
4313 0.424
4314 0
4315 0.206
4316 0.314
4317 0.373
4318 0
4319 0.041
4320 0.011
4321 0
4322 0
4323 0.972
4324 0.188
4325 0
4326 0.572
4327 0.346
4328 0
4329 0.013
4330 0.002
4331 0.05
4332 0.728
4333 0
4334 0.263
4335 0.018
4336 0.509
4337 0
4338 0.698
4339 0.621
4340 0.049
4341 0
4342 0.904
4343 0
4344 0.106
4345 0
4346 0.082
4347 0.001
4348 0.396
4349 0.109
4350 0.001
4351 0.231
4352 0.004
4353 0.022
4354 0.001
4355 0.152
4356 0.621
4357 0.077
4358 0.002
4359 0.626
4360 0.393
4361 0.017
4362 0.117
4363 0
4364 0
4365 0.082
4366 0.05
4367 0.057
4368 0.171
4369 0
4370 0
4371 0.075
4372 0.427
4373 0.002
4374 0.018
4375 0.785
4376 0.91
4377 0.169
4378 0.013
4379 0.003
4380 0.417
4381 0.002
4382 0
4383 0.065
4384 0.001
4385 0
4386 0.008
4387 0.121
4388 0
4389 0.094
4390 0
4391 0.05
4392 0.858
4393 0
4394 0.013
4395 0
4396 0
4397 0
4398 0.308
4399 0.223
4400 0
4401 0
4402 0.541
4403 0.072
4404 0.029
4405 0.002
4406 0.037
4407 0.008
4408 0.027
4409 0.002
4410 0.233
4411 0
4412 0.088
4413 0
4414 0
4415 0.269
4416 0
4417 0.002
4418 0.075
4419 0
4420 0.029
4421 0.534
4422 0.017
4423 0
4424 0.044
4425 0.013
4426 0.537
4427 0.675
4428 0.829
4429 0.798
4430 0.13
4431 0.052
4432 0.016
4433 0.074
4434 0.003
4435 0.197
4436 0.005
4437 0
4438 0.566
4439 0.266
4440 0
4441 0.033
4442 0.31
4443 0.001
4444 0.036
4445 0.387
4446 0.005
4447 0
4448 0.083
4449 0
4450 0.006
4451 0.448
4452 0.278
4453 0
4454 0.714
4455 0.069
4456 0.31
4457 0
4458 0.266
4459 0.162
4460 0.031
4461 0.189
4462 0.249
4463 0.033
4464 0.76
4465 0.713
4466 0.674
4467 0.17
4468 0.172
4469 0.104
4470 0.366
4471 0.012
4472 0
4473 0.009
4474 0.062
4475 0.378
4476 0.124
4477 0.095
4478 0
4479 0.006
4480 0.021
4481 0.023
4482 0
4483 0.368
4484 0
4485 0
4486 0.054
4487 0.004
4488 0
4489 0.017
4490 0.014
4491 0
4492 0
4493 0.013
4494 0.117
4495 0
4496 0.001
4497 0.728
4498 0.081
4499 0.456
4500 0.019
4501 0.344
4502 0.576
4503 0.296
4504 0.523
4505 0.167
4506 0.882
4507 0.171
4508 0.082
4509 0.083
4510 0.278
4511 0.084
4512 0
4513 0.02
4514 0.21
4515 0
4516 0.016
4517 0.007
4518 0.19
4519 0.226
4520 0.566
4521 0.021
4522 0.294
4523 0
4524 0.077
4525 0.614
4526 0.416
4527 0.509
4528 0.659
4529 0.067
4530 0.744
4531 0
4532 0.231
4533 0.04
4534 0.002
4535 0.004
4536 0.374
4537 0.048
4538 0
4539 0.041
4540 0.61
4541 0.006
4542 0.024
4543 0.323
4544 0
4545 0.803
4546 0.168
4547 0.001
4548 0.166
4549 0.075
4550 0.006
4551 0
4552 0.804
4553 0.514
4554 0.218
4555 0.003
4556 0.01
4557 0.083
4558 0
4559 0.046
4560 0.166
4561 0
4562 0.024
4563 0
4564 0.443
4565 0.02
4566 0.007
4567 0.003
4568 0.01
4569 0.191
4570 0.025
4571 0.011
4572 0.001
4573 0.103
4574 0.006
4575 0
4576 0.025
4577 0.05
4578 0.05
4579 0.063
4580 0
4581 0.007
4582 0.036
4583 0.002
4584 0.118
4585 0
4586 0.028
4587 0.803
4588 0.403
4589 0.122
4590 0.051
4591 0.02
4592 0.016
4593 0.715
4594 0.11
4595 0.001
4596 0.265
4597 0.073
4598 0
4599 0
4600 0
4601 0.264
4602 0.02
4603 0.001
4604 0.024
4605 0.057
4606 0.756
4607 0.401
4608 0.503
4609 0.041
4610 0.131
4611 0.234
4612 0.043
4613 0.731
4614 0.026
4615 0.46
4616 0
4617 0.016
4618 0.078
4619 0.016
4620 0.077
4621 0.411
4622 0.086
4623 0
4624 0.118
4625 0
4626 0
4627 0
4628 0.011
4629 0.031
4630 0.001
4631 0.213
4632 0
4633 0.168
4634 0
4635 0.008
4636 0.036
4637 0.001
4638 0.715
4639 0.005
4640 0.828
4641 0.009
4642 0.312
4643 0.02
4644 0.239
4645 0
4646 0.063
4647 0.119
4648 0.001
4649 0.757
4650 0.186
4651 0.725
4652 0.291
4653 0.012
4654 0.534
4655 0.278
4656 0.109
4657 0
4658 0
4659 0
4660 0.259
4661 0
4662 0.134
4663 0.237
4664 0.524
4665 0.419
4666 0.002
4667 0.017
4668 0.477
4669 0.299
4670 0.078
4671 0.602
4672 0.013
4673 0.143
4674 0
4675 0.007
4676 0.258
4677 0.635
4678 0.016
4679 0
4680 0.008
4681 0.381
4682 0.009
4683 0.232
4684 0.085
4685 0.003
4686 0.178
4687 0.004
4688 0.003
4689 0.058
4690 0
4691 0.005
4692 0.435
4693 0
4694 0.328
4695 0
4696 0
4697 0.224
4698 0.509
4699 0.034
4700 0.398
4701 0.022
4702 0.654
4703 0.069
4704 0
4705 0.548
4706 0.113
4707 0
4708 0.655
4709 0.128
4710 0.002
4711 0.04
4712 0.063
4713 0
4714 0.099
4715 0.659
4716 0.672
4717 0.519
4718 0.08
4719 0.003
4720 0.653
4721 0.007
4722 0
4723 0.011
4724 0
4725 0.102
4726 0.414
4727 0.739
4728 0.221
4729 0
4730 0
4731 0.058
4732 0.128
4733 0.063
4734 0.047
4735 0.173
4736 0.261
4737 0.536
4738 0.126
4739 0.525
4740 0
4741 0.434
4742 0.333
4743 0.033
4744 0
4745 0.003
4746 0.01
4747 0.067
4748 0.078
4749 0.001
4750 0.099
4751 0.018
4752 0.079
4753 0.094
4754 0.043
4755 0.622
4756 0.076
4757 0.059
4758 0.069
4759 0.001
4760 0.003
4761 0.066
4762 0.158
4763 0.016
4764 0.599
4765 0.002
4766 0.295
4767 0
4768 0.052
4769 0.006
4770 0.002
4771 0
4772 0.31
4773 0.523
4774 0.05
4775 0
4776 0.023
4777 0.867
4778 0.091
4779 0.167
4780 0.239
4781 0.012
4782 0.044
4783 0.001
4784 0
4785 0.025
4786 0.654
4787 0
4788 0.036
4789 0.001
4790 0.001
4791 0.445
4792 0
4793 0.004
4794 0
4795 0.096
4796 0.012
4797 0.115
4798 0.003
4799 0
4800 0.001
4801 0
4802 0.249
4803 0
4804 0.004
4805 0
4806 0.067
4807 0.035
4808 0
4809 0
4810 0.033
4811 0.012
4812 0
4813 0.488
4814 0.016
4815 0.001
4816 0
4817 0.028
4818 0.311
4819 0
4820 0.005
4821 0.004
4822 0.035
4823 0.004
4824 0.019
4825 0.682
4826 0
4827 0.094
4828 0
4829 0.146
4830 0.025
4831 0.141
4832 0.154
4833 0
4834 0.037
4835 0.769
4836 0.029
4837 0.884
4838 0.017
4839 0.228
4840 0
4841 0.15
4842 0.011
4843 0.11
4844 0.032
4845 0
4846 0.365
4847 0.013
4848 0.648
4849 0
4850 0.107
4851 0.047
4852 0.02
4853 0
4854 0.018
4855 0.026
4856 0.004
4857 0
4858 0
4859 0
4860 0.001
4861 0.442
4862 0.025
4863 0.098
4864 0
4865 0.049
4866 0.09
4867 0.574
4868 0.737
4869 0.073
4870 0.906
4871 0
4872 0.011
4873 0
4874 0
4875 0.005
4876 0.725
4877 0.287
4878 0
4879 0.01
4880 0.006
4881 0.633
4882 0.008
4883 0.035
4884 0.008
4885 0.055
4886 0.151
4887 0.015
4888 0.782
4889 0.046
4890 0.369
4891 0.18
4892 0.378
4893 0.028
4894 0.004
4895 0.253
4896 0
4897 0.041
4898 0
4899 0
4900 0.012
4901 0.005
4902 0.023
4903 0.025
4904 0.611
4905 0.013
4906 0.778
4907 0.547
4908 0.115
4909 0.204
4910 0.787
4911 0.001
4912 0.881
4913 0
4914 0.268
4915 0
4916 0.016
4917 0.002
4918 0.123
4919 0
4920 0.06
4921 0.003
4922 0.061
4923 0.001
4924 0.43
4925 0.003
4926 0.167
4927 0.198
4928 0.025
4929 0.002
4930 0.195
4931 0.032
4932 0.577
4933 0.395
4934 0.173
4935 0.015
4936 0.035
4937 0.001
4938 0.393
4939 0.577
4940 0.007
4941 0.877
4942 0.195
4943 0.001
4944 0.073
4945 0.307
4946 0.002
4947 0.134
4948 0
4949 0.001
4950 0
4951 0.728
4952 0.318
4953 0.17
4954 0.001
4955 0.003
4956 0.855
4957 0.399
4958 0.473
4959 0
4960 0.03
4961 0.548
4962 0.382
4963 0.601
4964 0.036
4965 0.445
4966 0.542
4967 0.006
4968 0.042
4969 0.021
4970 0.07
4971 0.115
4972 0.122
4973 0.179
4974 0.01
4975 0.125
4976 0.034
4977 0.235
4978 0
4979 0.007
4980 0.003
4981 0.033
4982 0.001
4983 0
4984 0.531
4985 0.01
4986 0
4987 0.01
4988 0.008
4989 0.322
4990 0
4991 0.033
4992 0
4993 0.313
4994 0.053
4995 0.46
4996 0.608
4997 0.124
4998 0.03
4999 0
5000 0
