1 0.4517155
2 0.1103325
3 0.04059586
4 0.5094341
5 0.1178905
6 0.04342059
7 0.1483186
8 0.03225324
9 0.4051843
10 0.3967389
11 0.01894491
12 0.1436708
13 0.009313624
14 0.2818323
15 0.319268
16 0.6602077
17 0.1899064
18 0.3105652
19 0.1188325
20 0.3615084
21 0.9987206
22 0.02747035
23 0.3050666
24 0.001121026
25 0.2819227
26 0.1548553
27 0.1236095
28 0.1630317
29 0.424104
30 0.6715352
31 0.003565114
32 0.005786699
33 0.844147
34 0.2266479
35 0.490739
36 0.7383801
37 0.1063465
38 0.5301165
39 0.02929184
40 0.9165056
41 0.7093735
42 0.3249203
43 0.0579434
44 0.6388067
45 0.2822159
46 0.2170775
47 0.3956936
48 0.08627434
49 0.1223923
50 0.6312243
51 0.6625368
52 0.5623368
53 0.104963
54 0.7314741
55 0.7740986
56 0.1781622
57 0.2262126
58 0.6898987
59 0.122335
60 0.04632509
61 0.970704
62 0.05295012
63 0.9741053
64 0.351958
65 0.0237548
66 0.3216661
67 0.7573458
68 0.0439779
69 0.03777381
70 0.4036029
71 0.1098316
72 0.1538707
73 0.3393286
74 0.003601736
75 0.008492354
76 0.6297856
77 0.04629034
78 0.1053115
79 0.07485571
80 0.6617052
81 0.09538516
82 0.6955035
83 0.2883151
84 0.297476
85 0.4886634
86 0.01057981
87 0.08951099
88 0.2911721
89 0.6028124
90 0.3294451
91 0.1520156
92 0.02418107
93 0.4945251
94 0.01981323
95 0.09034731
96 0.6572272
97 0.1029483
98 0.539064
99 0.1614133
100 0.5751144
101 0.0559833
102 0.04265056
103 0.9659142
104 0.5159983
105 0.301463
106 0.8874548
107 0.02672231
108 0.5989007
109 0.08363397
110 0.2798718
111 0.1338524
112 0.3034112
113 0.07101881
114 0.8403102
115 0.7997159
116 0.05494387
117 0.07656594
118 0.3223199
119 0.06848723
120 0.6866143
121 0.1672668
122 0.004711298
123 0.06005974
124 0.5296341
125 0.1489903
126 0.1294597
127 0.4728533
128 0.06878091
129 0.2084082
130 0.05461606
131 0.5479345
132 0.0680084
133 0.7402662
134 0.7408402
135 0.4423425
136 0.08866424
137 0.3774192
138 0.3620699
139 0.09224978
140 0.07530635
141 0.03243808
142 0.2207613
143 0.005410369
144 0.05232878
145 0.04366783
146 0.09101906
147 0.04022984
148 0.04709997
149 0.8292212
150 0.1049582
151 0.0667119
152 0.1252514
153 0.6685561
154 0.08797762
155 0.008338028
156 0.0007233714
157 0.1913265
158 0.01564687
159 0.002703413
160 0.8839597
161 0.07448472
162 0.07153682
163 0.1932629
164 0.8060766
165 0.5505525
166 0.5499137
167 0.646626
168 0.009230436
169 0.00865253
170 0.3873872
171 0.4312297
172 0.06630622
173 0.2167219
174 0.9573181
175 0.0190288
176 0.05627524
177 0.09504786
178 0.07249646
179 0.7336558
180 0.9558845
181 0.3339535
182 0.457019
183 0.008715008
184 0.03093809
185 0.0245652
186 0.5618703
187 0.5421244
188 0.01911748
189 0.6943798
190 0.4353973
191 0.009496858
192 0.001788895
193 0.7303684
194 0.6694807
195 0.3163377
196 0.7612866
197 0.2325429
198 0.006634256
199 0.1770554
200 0.2244725
201 0.396868
202 0.001208172
203 0.01691377
204 0.4990048
205 0.01648723
206 0.9404922
207 0.1501657
208 0.8440506
209 0.5384255
210 0.2680429
211 0.4277051
212 0.6414333
213 0.03485978
214 0.03513879
215 0.07948076
216 0.6946257
217 0.4521218
218 0.03141314
219 0.8890672
220 0.05722223
221 0.5804641
222 0.1433068
223 0.1760551
224 0.2405686
225 0.2472759
226 0.9359788
227 0.733465
228 0.02481262
229 0.06802899
230 0.2749386
231 0.5523492
232 0.9685899
233 0.06276876
234 0.2034787
235 0.3824773
236 0.1146184
237 0.3258396
238 0.027055
239 0.0853379
240 0.0535156
241 0.2519333
242 0.09120105
243 0.3019285
244 0.05914872
245 0.5403108
246 0.04539171
247 0.04450141
248 0.08258529
249 0.00270904
250 0.6329795
251 0.1417716
252 0.02623757
253 0.1020701
254 0.1303005
255 0.2002497
256 0.0325937
257 0.09738138
258 0.2488147
259 0.04902197
260 0.3638225
261 0.1915033
262 0.1021867
263 0.748516
264 0.08026431
265 0.7041095
266 0.6851601
267 0.5954309
268 0.2139149
269 0.007988377
270 0.3562238
271 0.0550745
272 0.08296177
273 0.3741082
274 0.9254296
275 0.9810665
276 0.8396513
277 0.6615455
278 0.3424923
279 0.0009093778
280 0.1663563
281 0.2478285
282 0.52246
283 0.02687861
284 0.06996181
285 0.06929484
286 0.6558045
287 0.06167112
288 0.07710179
289 0.3099404
290 0.3217205
291 0.09901799
292 0.2450721
293 0.07432714
294 0.8208667
295 0.9710506
296 0.01353968
297 0.4151794
298 0.009177546
299 0.07007642
300 0.8493516
301 0.525278
302 0.03351763
303 0.004413358
304 0.03904161
305 0.9053016
306 0.2265701
307 0.4090572
308 0.6743025
309 0.5933236
310 0.248463
311 0.0365143
312 0.4256589
313 0.04653244
314 0.2358277
315 0.8085721
316 0.5287002
317 0.1321562
318 0.9693286
319 0.1162705
320 0.1532029
321 0.05435772
322 0.238923
323 0.1086435
324 0.10142
325 0.03728449
326 0.6151138
327 0.8423665
328 0.8934301
329 0.04230139
330 0.009189317
331 0.1135428
332 0.6158898
333 0.8668947
334 0.819972
335 0.8219712
336 0.3082519
337 0.09850067
338 0.3350666
339 0.01143862
340 0.5221281
341 0.284852
342 0.4728715
343 0.4662163
344 0.06955781
345 0.9070348
346 0.1518003
347 0.578014
348 0.6056413
349 0.03092764
350 0.6673978
351 0.1935578
352 0.006261241
353 0.0003012356
354 0.325564
355 0.1561733
356 0.1070452
357 0.06689259
358 0.04816256
359 0.09681021
360 0.5485347
361 0.6315766
362 0.02171643
363 0.3915908
364 0.6019353
365 0.196581
366 0.2168401
367 0.04662345
368 0.815096
369 0.5127088
370 0.3159767
371 0.5150571
372 0.02109228
373 0.3043184
374 0.607668
375 0.09352549
376 0.06205229
377 0.1352327
378 0.02246419
379 0.2235456
380 0.9159297
381 0.5234058
382 0.0537153
383 0.1479227
384 0.04366781
385 0.8873329
386 0.246387
387 0.01506204
388 0.2226558
389 0.169982
390 0.01776918
391 0.0801417
392 0.7611712
393 0.0210275
394 0.00069422
395 0.1219523
396 0.7077537
397 0.03739893
398 0.07450155
399 0.09756216
400 0.5090134
401 0.1606471
402 0.6365396
403 0.009573143
404 0.00734682
405 0.09800729
406 0.1737963
407 0.5582276
408 0.008089426
409 0.2591972
410 0.2175928
411 0.9784777
412 0.3499247
413 0.1032921
414 0.8986665
415 0.1611353
416 0.02540121
417 0.01336776
418 0.2184839
419 0.1812493
420 0.3176073
421 0.6944125
422 0.01753456
423 0.1087167
424 0.1219536
425 0.484329
426 0.3877604
427 0.0701613
428 0.6226926
429 0.005400162
430 0.8915988
431 0.002759536
432 0.3944027
433 0.03014026
434 0.663172
435 0.3727363
436 0.9430216
437 0.04509832
438 0.006092462
439 0.0682562
440 0.1418997
441 0.7388087
442 0.2977408
443 0.1010792
444 0.005589129
445 0.3432687
446 0.001007728
447 0.3828309
448 0.3155333
449 0.944703
450 0.9967878
451 0.01952185
452 0.3414151
453 0.5709759
454 0.5479617
455 0.6765564
456 0.2525908
457 0.9505777
458 0.01350147
459 0.007989265
460 0.1021197
461 0.4552736
462 0.07632947
463 0.04698114
464 0.06015909
465 0.3371375
466 0.1467447
467 0.0004474458
468 0.01738845
469 0.6269615
470 0.003159794
471 0.2405481
472 0.8067681
473 0.0444016
474 0.3095164
475 0.7264277
476 0.7872447
477 0.128474
478 0.1487758
479 0.02641284
480 0.5409188
481 0.0295117
482 0.003374247
483 0.06473933
484 0.1326027
485 0.05606416
486 0.01024555
487 0.07633285
488 0.2865883
489 0.1625472
490 0.7353977
491 0.1911494
492 0.05091492
493 0.2137037
494 0.6343331
495 0.03418568
496 0.3291789
497 0.1462624
498 0.02150465
499 0.07480301
500 0.3215934
501 0.3449492
502 0.6217946
503 0.6435864
504 0.116891
505 0.1091229
506 0.6187348
507 0.4123677
508 0.0507221
509 0.01616165
510 0.211517
511 0.002261152
512 0.2391652
513 0.2135313
514 0.01249301
515 0.8447288
516 0.4609333
517 0.4786346
518 0.6029658
519 0.002511457
520 0.002643288
521 0.01780091
522 0.005645068
523 0.4134806
524 0.00294944
525 0.002843242
526 0.1277744
527 0.001437938
528 0.1205849
529 0.171108
530 0.2769917
531 0.1700772
532 0.2575795
533 0.5647617
534 0.03518419
535 0.7147486
536 0.03426107
537 0.4168002
538 0.005819194
539 0.008720102
540 0.2289989
541 0.02081746
542 0.008211532
543 0.6014552
544 0.04731722
545 0.9113441
546 0.004272743
547 0.6704567
548 0.6521607
549 0.9585145
550 0.04862561
551 0.2432894
552 0.00301804
553 0.01122701
554 0.03372128
555 0.05573165
556 0.0120601
557 0.1419681
558 0.1533749
559 0.2406672
560 0.5186181
561 0.1772768
562 0.6962446
563 0.001630635
564 0.05895467
565 0.002370469
566 0.7871525
567 0.09811783
568 0.04644784
569 0.001107607
570 0.05348687
571 0.748941
572 0.001562389
573 0.1410013
574 0.02762147
575 0.08910062
576 0.4309877
577 0.4359059
578 0.08823309
579 0.5498651
580 0.4739578
581 0.0167181
582 0.5184476
583 0.6181319
584 0.08903834
585 0.09450925
586 0.9383993
587 0.849565
588 0.4040633
589 0.9817427
590 0.1397935
591 0.03667624
592 0.7059874
593 0.006678094
594 0.6344195
595 0.05028841
596 0.1574868
597 0.9211631
598 0.07586963
599 0.7630527
600 0.5648019
601 0.01011827
602 0.1422803
603 0.05754961
604 0.5442501
605 0.102201
606 0.0007763579
607 0.3111058
608 0.5219872
609 0.3327279
610 0.7584367
611 0.7883242
612 0.03267683
613 0.07475722
614 0.5686032
615 0.05279846
616 0.5471191
617 0.001782944
618 0.002625652
619 0.9535873
620 0.2800713
621 0.5112815
622 0.4768355
623 0.2666469
624 0.1877223
625 0.5606017
626 0.009427569
627 0.03956459
628 0.2370803
629 0.03793762
630 0.0374901
631 0.9996707
632 0.2954503
633 0.7626287
634 0.7710697
635 0.2279954
636 0.1272603
637 0.8881663
638 0.7478968
639 0.4664581
640 0.1562611
641 0.3859673
642 0.904416
643 0.1706811
644 0.3613789
645 0.05596013
646 0.7478406
647 0.001247484
648 0.1127185
649 0.1188551
650 0.1448151
651 0.1908184
652 0.249028
653 0.4456207
654 0.04924426
655 0.0025736
656 0.03851747
657 0.7032571
658 0.6998517
659 0.4337497
660 0.01652523
661 0.5327387
662 0.179724
663 0.8537134
664 0.6519111
665 0.5085344
666 0.3314447
667 0.1398285
668 0.8907149
669 0.4519112
670 0.1793404
671 0.09041509
672 0.05454172
673 0.5982375
674 0.04005413
675 0.05257394
676 0.008301397
677 0.9574817
678 0.4172152
679 0.2006947
680 0.169368
681 0.2920895
682 0.3506686
683 0.5056363
684 0.4325399
685 0.003246392
686 0.06033339
687 0.04753307
688 0.6337774
689 0.6901792
690 0.5189685
691 0.2765318
692 0.0008775299
693 0.7638199
694 0.4980496
695 0.0999644
696 0.007797648
697 0.3222979
698 0.4397382
699 0.02484599
700 0.1064863
701 0.02140426
702 0.2561374
703 0.3153992
704 0.5487191
705 0.09098278
706 0.2022751
707 0.9114508
708 0.03567972
709 0.03197613
710 0.2500249
711 0.009218086
712 0.02889348
713 0.1731723
714 0.004976262
715 0.120689
716 0.4031779
717 0.2201849
718 0.4825184
719 0.5120477
720 0.9376196
721 0.414316
722 0.330602
723 0.4139615
724 0.992678
725 0.04905872
726 0.8249998
727 0.02266097
728 0.4247679
729 0.5690393
730 0.3673713
731 0.3001918
732 0.9661461
733 0.2504102
734 0.9335602
735 0.4179832
736 0.5155736
737 0.06758505
738 0.004380266
739 0.1265022
740 0.1493063
741 0.06134971
742 0.002682716
743 0.5811121
744 0.8331596
745 0.8474167
746 0.589838
747 0.5491271
748 0.3667915
749 0.03749548
750 0.8458072
751 0.02037795
752 0.1074788
753 0.6687597
754 0.6399913
755 0.8994324
756 0.9902434
757 0.02935511
758 0.006644745
759 0.4326514
760 0.7113616
761 0.4275875
762 0.1595533
763 0.3178361
764 0.2666792
765 0.001922557
766 0.04240181
767 0.1375459
768 0.243315
769 0.2919366
770 0.2910576
771 0.1094899
772 0.03047077
773 0.7774677
774 0.02200905
775 0.4633606
776 0.1370896
777 0.9568562
778 0.3459962
779 0.7735187
780 0.583823
781 0.07230051
782 0.5526316
783 0.06053076
784 0.03527616
785 0.1403154
786 0.2032868
787 0.582749
788 0.1326471
789 0.1105814
790 0.04036374
791 0.8121185
792 0.3206134
793 0.05805863
794 0.01880235
795 0.3911089
796 0.003196838
797 0.2611243
798 0.1507105
799 0.3437997
800 0.5289826
801 0.9970268
802 0.2639519
803 0.2409209
804 0.149584
805 0.4866785
806 0.1011296
807 0.06226126
808 0.4379937
809 0.289648
810 0.612829
811 0.1848572
812 0.2954293
813 0.5391846
814 0.09452527
815 0.03880423
816 0.8924873
817 0.02804573
818 0.008101066
819 0.9839435
820 0.2643118
821 0.6646268
822 0.05892979
823 0.8298141
824 0.7167337
825 0.003984447
826 0.1864894
827 0.7730915
828 0.03100172
829 0.3677334
830 0.008954608
831 0.02530158
832 0.1241541
833 0.4659694
834 0.8404819
835 0.533951
836 0.92595
837 0.3789185
838 0.07838028
839 0.03859489
840 0.009567984
841 0.002106722
842 0.2849271
843 0.9922509
844 0.1585341
845 0.9632904
846 0.0277158
847 0.1480952
848 0.006600855
849 0.295129
850 0.2207365
851 0.1160613
852 0.6416743
853 0.0005667635
854 0.5037196
855 0.1464452
856 0.08084289
857 0.01684079
858 0.5775113
859 0.08872991
860 0.03797909
861 0.9312895
862 0.5949445
863 0.9449369
864 0.02043484
865 0.07688006
866 0.9944067
867 0.04631022
868 0.2231479
869 0.5094617
870 0.2539974
871 0.6911466
872 0.8268432
873 0.6148399
874 0.5275665
875 0.0009547245
876 0.4986668
877 0.07082354
878 0.136513
879 0.6992758
880 0.01693172
881 0.04163136
882 0.8874684
883 0.460225
884 0.01840997
885 0.1614761
886 0.8073984
887 0.01492813
888 0.3763749
889 0.1487511
890 0.094957
891 0.1863267
892 0.9442731
893 0.6544488
894 0.4904991
895 0.2719128
896 0.3356133
897 0.3604909
898 0.7308927
899 0.2370221
900 0.1539052
901 0.4649866
902 0.02669893
903 0.4107
904 0.6310543
905 0.1900133
906 0.001962367
907 0.9368684
908 0.08398376
909 0.2806628
910 0.8767176
911 0.1753878
912 0.5152255
913 0.2549455
914 0.007719635
915 0.6848363
916 0.09893541
917 0.1050659
918 0.3602069
919 0.03361479
920 0.982427
921 0.2193604
922 0.6249055
923 0.7465905
924 0.5000547
925 0.5252658
926 0.1058708
927 0.7642874
928 0.9291877
929 0.4816801
930 0.245865
931 0.8635519
932 0.3338284
933 0.6365297
934 0.8396018
935 0.01235891
936 0.1357382
937 0.1383381
938 0.6587956
939 0.8752958
940 0.1431339
941 0.007982466
942 0.00729826
943 0.2742311
944 0.3202314
945 0.2301821
946 0.3601059
947 0.2538845
948 0.4067808
949 0.5986376
950 0.6120828
951 0.4305741
952 0.0785529
953 0.7876767
954 0.1162895
955 0.6322547
956 0.3709832
957 0.3644786
958 0.01200363
959 0.1626725
960 0.1609987
961 0.03193519
962 0.03492345
963 0.03645751
964 0.3569
965 0.02009368
966 0.3448654
967 0.2373124
968 0.03430195
969 0.3260998
970 0.02455998
971 0.003090342
972 0.01405604
973 0.9049355
974 0.2175062
975 0.676433
976 0.9996441
977 0.933495
978 0.8998982
979 0.8971007
980 0.2038259
981 0.4268528
982 0.08476153
983 0.02595142
984 0.0436043
985 0.07258318
986 0.2270874
987 0.2690562
988 0.0650818
989 0.7292341
990 0.107757
991 0.1522332
992 0.2982723
993 0.0926844
994 0.02596065
995 0.06495215
996 0.04990046
997 0.0507587
998 0.7517723
999 0.4248401
1000 0.4299801
1001 0.001456418
1002 0.1098396
1003 0.5209489
1004 0.4941053
1005 0.9395823
1006 0.07576043
1007 0.4828276
1008 0.2058804
1009 0.1195601
1010 0.9369268
1011 0.4430568
1012 0.1364606
1013 0.2380536
1014 0.2166691
1015 0.3787849
1016 0.459766
1017 0.7962968
1018 0.4992108
1019 0.1871225
1020 0.8264863
1021 0.1031706
1022 0.7934484
1023 0.48966
1024 0.4385373
1025 0.1986765
1026 0.3068957
1027 0.8586849
1028 0.660135
1029 0.1762255
1030 0.1277228
1031 0.4468525
1032 0.003231366
1033 0.02006833
1034 0.4244226
1035 0.1416295
1036 0.1121612
1037 0.08751431
1038 0.00321861
1039 0.2321794
1040 0.3258884
1041 0.4731012
1042 0.8301684
1043 0.7543997
1044 0.007593401
1045 0.05549196
1046 0.04407374
1047 0.1610106
1048 0.1764767
1049 0.01991194
1050 0.1089138
1051 0.06399526
1052 0.7519118
1053 0.01232194
1054 0.446199
1055 0.01841492
1056 0.822877
1057 0.04704514
1058 0.01672611
1059 0.1082477
1060 0.6640974
1061 0.7151621
1062 0.8317761
1063 0.417463
1064 0.2910219
1065 0.3994337
1066 0.06934031
1067 0.003376439
1068 0.04192125
1069 0.07934229
1070 0.3931485
1071 0.9673301
1072 0.02314593
1073 0.03009684
1074 0.258984
1075 0.3150348
1076 0.7599459
1077 0.9024107
1078 0.2956397
1079 0.1098314
1080 0.7330859
1081 0.004147546
1082 0.3272714
1083 0.04600945
1084 0.2730015
1085 0.0431699
1086 0.1367271
1087 0.9014566
1088 0.347498
1089 0.7453734
1090 0.6558177
1091 9.903951e-05
1092 0.0007998815
1093 0.1809552
1094 0.700186
1095 0.7942271
1096 0.9894861
1097 0.03577638
1098 0.3907312
1099 0.04649135
1100 0.07602802
1101 0.4571619
1102 0.001345156
1103 0.7490181
1104 0.5650942
1105 0.5935836
1106 0.6301431
1107 0.124137
1108 0.1353718
1109 0.001785397
1110 0.1848252
1111 0.74022
1112 0.2352202
1113 0.002701215
1114 0.03754632
1115 0.03098229
1116 0.005432012
1117 0.0005557108
1118 0.1794541
1119 0.0482821
1120 0.7896453
1121 0.3781449
1122 0.1739311
1123 0.7786561
1124 0.1026337
1125 0.9325334
1126 0.8190873
1127 0.003003509
1128 0.001496887
1129 0.08162224
1130 0.0004524896
1131 0.9673818
1132 0.03774677
1133 0.414917
1134 0.1027623
1135 0.8152228
1136 0.7521847
1137 0.2641026
1138 0.6417628
1139 0.00269282
1140 0.3928357
1141 0.6304135
1142 0.09874481
1143 0.04490474
1144 0.00430709
1145 0.0673058
1146 0.2279007
1147 0.3771756
1148 0.4289075
1149 0.4511959
1150 0.2282068
1151 0.003009089
1152 0.120637
1153 0.7570785
1154 0.2059781
1155 0.01286516
1156 0.1846031
1157 0.4259416
1158 0.002180198
1159 0.08337723
1160 0.09458556
1161 0.1366519
1162 0.9855627
1163 0.5530531
1164 0.9012633
1165 0.002528909
1166 0.2416177
1167 0.006750959
1168 0.3702811
1169 0.04355084
1170 0.0877872
1171 0.7788592
1172 0.134015
1173 0.5579064
1174 0.2567835
1175 0.06962115
1176 0.05344397
1177 0.1112358
1178 0.1849163
1179 0.1435826
1180 0.6388778
1181 0.814285
1182 0.02652248
1183 0.01420748
1184 0.03234701
1185 0.5941144
1186 0.6837252
1187 0.2179747
1188 0.479948
1189 0.5619597
1190 0.5166759
1191 0.03349788
1192 0.7129837
1193 0.3465931
1194 0.3985544
1195 0.1341293
1196 0.1389403
1197 0.83911
1198 0.5635091
1199 0.4747636
1200 0.008803682
1201 0.4806768
1202 0.05974204
1203 0.5954542
1204 0.7385227
1205 0.03285859
1206 0.09957205
1207 0.0002125725
1208 0.462716
1209 0.1324501
1210 0.8867659
1211 0.7136404
1212 0.05351473
1213 0.04498002
1214 0.1017233
1215 0.1435313
1216 0.3811311
1217 7.723667e-06
1218 0.004833344
1219 0.2663683
1220 0.4008127
1221 0.5983655
1222 0.5439078
1223 0.08928772
1224 0.0006699575
1225 0.3426987
1226 0.02354543
1227 0.9768321
1228 0.1024349
1229 0.5015609
1230 0.02664424
1231 0.1300607
1232 0.658617
1233 0.4457195
1234 0.7227624
1235 0.5351071
1236 0.7166177
1237 0.7414941
1238 0.8577974
1239 0.4708102
1240 0.3683042
1241 0.2062931
1242 0.5995618
1243 0.8162445
1244 0.1852924
1245 0.1001667
1246 0.9916918
1247 0.02130454
1248 0.007195394
1249 0.6278855
1250 0.2356234
1251 0.09429027
1252 0.6864062
1253 0.8085803
1254 0.02048257
1255 0.1407653
1256 0.7467073
1257 0.6232187
1258 0.5610171
1259 0.1236126
1260 0.07922284
1261 0.2981875
1262 0.007173244
1263 0.6315923
1264 0.8076256
1265 0.6660376
1266 0.3159351
1267 0.7977455
1268 0.7719575
1269 0.03838674
1270 0.2554054
1271 0.1104981
1272 0.272929
1273 0.1612505
1274 0.03877984
1275 0.0008540305
1276 0.007006839
1277 0.03362229
1278 0.2265167
1279 0.2530982
1280 0.001612246
1281 0.09094315
1282 0.7952204
1283 0.01739868
1284 0.3742981
1285 0.03511724
1286 0.08866639
1287 0.09220597
1288 0.4918611
1289 0.2471163
1290 0.03611281
1291 0.4505636
1292 0.5460695
1293 0.2423023
1294 0.4601285
1295 0.0752567
1296 0.6181036
1297 0.0545619
1298 0.005985738
1299 0.03536791
1300 0.2892037
1301 0.8839642
1302 0.1645383
1303 0.05025158
1304 0.08873758
1305 0.9678539
1306 0.03853978
1307 0.812352
1308 0.003606373
1309 0.4723904
1310 0.03046996
1311 0.6454726
1312 0.095788
1313 0.6719523
1314 0.8286512
1315 0.9535588
1316 0.1416316
1317 0.7713058
1318 0.4873393
1319 0.7241204
1320 0.877402
1321 0.1506556
1322 0.1466559
1323 0.2723123
1324 0.4885855
1325 0.01274675
1326 0.805582
1327 0.4672416
1328 0.9373653
1329 0.4282065
1330 0.8500419
1331 0.4513265
1332 0.08527476
1333 0.7866147
1334 0.1780175
1335 0.4147386
1336 0.5103563
1337 0.6907496
1338 0.7125485
1339 0.1051156
1340 0.1660265
1341 0.02650027
1342 0.04256514
1343 0.1400747
1344 0.4596361
1345 0.0167987
1346 0.03601465
1347 0.199875
1348 0.004507584
1349 0.3045241
1350 0.006811547
1351 0.985097
1352 0.0371994
1353 0.1637508
1354 0.2489469
1355 0.3528388
1356 0.004508536
1357 0.1138895
1358 0.8977845
1359 0.2194584
1360 0.06947875
1361 0.5312755
1362 0.005948071
1363 0.8101955
1364 0.04588461
1365 0.005930263
1366 0.4529667
1367 0.7757888
1368 0.8495828
1369 0.4685469
1370 0.3601006
1371 0.3030969
1372 0.432557
1373 0.5188751
1374 0.3832592
1375 0.0598335
1376 0.979044
1377 0.1457319
1378 0.677798
1379 0.05547158
1380 0.9752218
1381 0.1410455
1382 0.4364475
1383 0.7647146
1384 0.09066458
1385 0.02368152
1386 0.004707842
1387 0.8855567
1388 0.1051208
1389 0.02845942
1390 0.2189049
1391 0.06741132
1392 0.0599665
1393 0.5082721
1394 0.02966623
1395 0.3594496
1396 0.6890942
1397 0.7202729
1398 0.03325891
1399 0.2811298
1400 0.8095689
1401 0.3424632
1402 0.29249
1403 0.5412763
1404 0.1558931
1405 0.4720524
1406 0.01881896
1407 0.0004927533
1408 0.006173149
1409 0.09630886
1410 0.1370356
1411 0.152384
1412 0.2706471
1413 0.05263299
1414 0.9867612
1415 0.124924
1416 0.1643464
1417 0.1278392
1418 0.3913187
1419 0.5509781
1420 0.7058096
1421 0.04864861
1422 0.1536272
1423 0.9532287
1424 0.5729511
1425 0.6383029
1426 0.4139874
1427 0.4882406
1428 0.004306625
1429 0.2097791
1430 0.05168771
1431 0.00665033
1432 0.00715753
1433 0.1404829
1434 0.1254381
1435 0.9559339
1436 0.02703347
1437 0.001359089
1438 0.004810469
1439 0.9256737
1440 0.1163342
1441 0.4331168
1442 0.8565118
1443 0.7193646
1444 0.5887437
1445 0.8044569
1446 0.07306861
1447 0.282514
1448 0.7820237
1449 0.02165279
1450 0.04876237
1451 0.04798042
1452 0.03502304
1453 0.2675652
1454 0.0445226
1455 0.105806
1456 0.8830024
1457 0.06206924
1458 0.007112495
1459 0.3939667
1460 0.01033774
1461 0.08385056
1462 0.5123072
1463 0.9022524
1464 0.01089394
1465 0.08839954
1466 0.9756009
1467 0.2130906
1468 0.05197547
1469 0.2440543
1470 0.008968153
1471 0.2927539
1472 0.04447993
1473 0.1548897
1474 0.000663241
1475 0.3480661
1476 0.7679142
1477 0.5709386
1478 0.1225838
1479 0.03721491
1480 0.4767578
1481 0.05024913
1482 0.01553105
1483 0.09841129
1484 0.008428848
1485 0.5270964
1486 0.4272596
1487 0.6430581
1488 0.1116771
1489 0.01177483
1490 0.9288089
1491 0.1717465
1492 0.6596361
1493 0.1654785
1494 0.9412474
1495 0.7644065
1496 0.07990675
1497 0.292976
1498 0.03464258
1499 0.0447947
1500 0.003861654
1501 0.1174274
1502 0.1204452
1503 0.007542247
1504 0.6774142
1505 0.5102817
1506 0.06988404
1507 0.6068757
1508 0.01608356
1509 0.397385
1510 0.01783151
1511 0.0007018497
1512 0.354036
1513 0.7769345
1514 0.1704857
1515 0.1196309
1516 0.3201013
1517 0.0219179
1518 0.7722683
1519 0.08246899
1520 0.0001242268
1521 0.0224312
1522 0.2094269
1523 0.002098713
1524 0.8816445
1525 0.980848
1526 0.0343209
1527 0.03513814
1528 0.08572855
1529 0.002160538
1530 0.1011132
1531 0.7885697
1532 0.1725826
1533 0.06883327
1534 0.344993
1535 0.1726369
1536 0.00814985
1537 0.4104491
1538 0.1391122
1539 0.8389863
1540 0.01031527
1541 0.2416533
1542 0.461011
1543 0.1962982
1544 0.4980939
1545 0.1853369
1546 0.1579073
1547 0.01118103
1548 0.3514885
1549 0.4316465
1550 0.04471128
1551 0.4231037
1552 0.07962749
1553 0.05693338
1554 0.5272407
1555 0.5150563
1556 0.5997992
1557 0.01776322
1558 0.5364364
1559 0.7739823
1560 0.5277701
1561 0.1496639
1562 0.2495746
1563 0.1674463
1564 0.3227019
1565 0.1343506
1566 0.03058143
1567 0.6109263
1568 0.0783564
1569 0.2024982
1570 0.09172981
1571 0.1744718
1572 0.0001510001
1573 0.3352452
1574 0.6428092
1575 0.03207309
1576 0.6677135
1577 0.00708168
1578 0.3147404
1579 0.5978116
1580 0.06532483
1581 0.8021996
1582 0.2144406
1583 0.5305767
1584 0.001396431
1585 0.8161661
1586 0.0617226
1587 0.05155405
1588 0.02481616
1589 0.01129954
1590 0.0220011
1591 0.9657294
1592 0.6941164
1593 0.8014058
1594 0.3229001
1595 0.0103993
1596 0.9998179
1597 0.01567628
1598 0.83087
1599 0.2404253
1600 0.7486825
1601 0.3015528
1602 0.402987
1603 0.9448365
1604 0.9671825
1605 0.552164
1606 0.1404218
1607 0.004554844
1608 0.0368222
1609 0.5199744
1610 0.07239255
1611 0.8181985
1612 0.3119237
1613 0.1290415
1614 0.1288952
1615 0.5716618
1616 0.02172413
1617 0.3326078
1618 0.5225495
1619 0.2343885
1620 0.7781847
1621 0.9727769
1622 0.08881911
1623 0.1400628
1624 0.385166
1625 0.05573508
1626 0.1902483
1627 0.08653603
1628 0.852793
1629 0.2263902
1630 0.08286618
1631 0.2361098
1632 0.5508055
1633 0.7483631
1634 0.9794405
1635 0.7505275
1636 0.08996153
1637 0.8101479
1638 0.07573501
1639 0.02034043
1640 0.247575
1641 0.4935609
1642 0.5099824
1643 0.1907462
1644 0.2293313
1645 0.05609498
1646 0.4462397
1647 0.102966
1648 0.130792
1649 0.8534833
1650 0.01238386
1651 0.05981952
1652 0.04545253
1653 0.2767918
1654 0.05211654
1655 0.7917671
1656 0.00682567
1657 0.1050637
1658 0.07907339
1659 0.005665116
1660 0.005338698
1661 0.000777583
1662 0.05695095
1663 0.8603098
1664 0.8823126
1665 0.1177958
1666 0.2056985
1667 0.1736382
1668 0.8023175
1669 0.01846081
1670 0.8829536
1671 0.6545049
1672 0.258393
1673 0.4898273
1674 0.003632193
1675 0.2056146
1676 0.05736157
1677 0.6411061
1678 0.04383783
1679 0.7857453
1680 0.1546157
1681 0.0008847059
1682 0.006660131
1683 0.2556462
1684 0.07779894
1685 0.5574439
1686 0.006709885
1687 0.007715361
1688 0.2020037
1689 0.2188303
1690 0.02579172
1691 0.1213206
1692 0.03999246
1693 0.1276715
1694 0.07114506
1695 0.4295035
1696 0.1250275
1697 0.0262574
1698 0.266439
1699 0.8211297
1700 0.8222003
1701 0.00870837
1702 0.2655153
1703 0.0885654
1704 0.4051468
1705 0.97652
1706 0.06812125
1707 0.002560041
1708 0.006589986
1709 0.4823677
1710 0.05898255
1711 0.6631436
1712 0.5746128
1713 0.04062939
1714 0.002146502
1715 0.1203602
1716 0.7174514
1717 0.002130163
1718 0.03144057
1719 0.1382347
1720 0.6990661
1721 0.9671127
1722 0.02550447
1723 0.7795283
1724 0.9123516
1725 0.07010051
1726 0.4224904
1727 0.009918064
1728 0.03019093
1729 0.8327397
1730 0.02800613
1731 0.9697766
1732 0.2016477
1733 0.03536587
1734 0.4437501
1735 0.02045505
1736 0.2726671
1737 0.00420718
1738 0.05675656
1739 0.5681497
1740 0.4144123
1741 0.4484523
1742 0.3417639
1743 0.4403835
1744 0.1727308
1745 0.04830944
1746 0.6294463
1747 0.07630139
1748 0.349661
1749 0.7847629
1750 0.08479516
1751 0.4362088
1752 0.4574629
1753 0.0363851
1754 0.01438229
1755 0.3444294
1756 0.4595468
1757 0.01524787
1758 0.6759045
1759 0.4372351
1760 0.6940643
1761 0.01436894
1762 0.7221416
1763 0.05664257
1764 0.926925
1765 0.009815348
1766 0.9541713
1767 0.1052479
1768 0.8756773
1769 0.5080008
1770 0.5538159
1771 0.006756609
1772 0.03650405
1773 0.4826265
1774 0.7172924
1775 0.1085968
1776 0.0469316
1777 0.006591777
1778 0.944804
1779 0.005690194
1780 0.4500565
1781 0.7949717
1782 0.7142303
1783 0.1589186
1784 0.05104692
1785 0.8466231
1786 0.02852866
1787 0.1818719
1788 0.05030969
1789 0.2265608
1790 0.06224574
1791 0.224209
1792 0.03313477
1793 0.001754531
1794 0.09131433
1795 0.02168226
1796 0.2806701
1797 0.50763
1798 0.953114
1799 0.934542
1800 0.001286469
1801 0.2265283
1802 0.1860961
1803 0.02490883
1804 0.03078953
1805 0.2223559
1806 0.05541091
1807 0.005697838
1808 0.6591736
1809 0.8675047
1810 0.3320542
1811 0.05252755
1812 0.2144032
1813 0.1557523
1814 0.06433373
1815 0.0369707
1816 0.7268632
1817 0.04486953
1818 0.4613635
1819 0.9997058
1820 0.8676794
1821 0.4097609
1822 0.01277217
1823 0.02404661
1824 0.04209574
1825 0.9803249
1826 0.6777046
1827 0.9171156
1828 0.07391372
1829 0.04989311
1830 0.08958415
1831 0.001149022
1832 0.03742241
1833 0.3824506
1834 0.7843041
1835 0.001614265
1836 0.4657956
1837 0.05018312
1838 0.1900631
1839 0.3024979
1840 0.02323366
1841 0.3427429
1842 0.07081711
1843 0.6618674
1844 0.09541172
1845 0.1042018
1846 0.06214931
1847 0.1537702
1848 0.6565427
1849 0.8965139
1850 0.1731183
1851 0.2194719
1852 0.7121779
1853 0.9588217
1854 0.9138851
1855 0.3357558
1856 0.3211973
1857 0.1984015
1858 0.04667244
1859 0.9727724
1860 0.4759933
1861 0.7652687
1862 0.03577002
1863 0.2582464
1864 0.03471275
1865 0.3070313
1866 0.002168437
1867 0.1045364
1868 0.9114933
1869 0.2278727
1870 0.6467299
1871 0.6714826
1872 0.1622065
1873 0.9893411
1874 0.01165521
1875 0.7567959
1876 0.2798388
1877 0.1482132
1878 0.004135897
1879 0.007143274
1880 0.2117925
1881 0.07464255
1882 0.1884544
1883 0.781107
1884 0.5351744
1885 0.123104
1886 0.8498773
1887 0.4267281
1888 0.2995336
1889 0.0602488
1890 0.3064346
1891 0.2757112
1892 0.03190874
1893 0.3116117
1894 0.3374243
1895 0.1513475
1896 0.2106897
1897 0.8976503
1898 0.1333468
1899 0.5824944
1900 0.04343175
1901 0.005406925
1902 0.01347229
1903 0.5336635
1904 0.09837684
1905 0.493427
1906 0.625749
1907 0.2138576
1908 0.2007945
1909 0.001665105
1910 0.9458031
1911 0.8758188
1912 0.5253533
1913 0.01021054
1914 0.06789442
1915 0.6842229
1916 0.5998949
1917 0.02839399
1918 0.06230819
1919 0.2975567
1920 0.7886378
1921 0.8418616
1922 0.5153325
1923 0.05868091
1924 0.9879819
1925 0.2987727
1926 0.03450262
1927 0.1646696
1928 0.06519502
1929 0.2712454
1930 0.9198013
1931 0.06833251
1932 0.02066458
1933 0.9973044
1934 0.11181
1935 0.4088698
1936 0.5039326
1937 0.02363276
1938 0.3838976
1939 0.1275377
1940 0.00101599
1941 0.4169092
1942 0.1601443
1943 0.2005742
1944 0.3827404
1945 0.2364862
1946 0.1446171
1947 0.03044477
1948 0.4985979
1949 0.8024663
1950 0.1748795
1951 0.000453275
1952 0.08696593
1953 0.4987719
1954 0.8923079
1955 0.01097866
1956 0.8286772
1957 0.1235492
1958 0.7885175
1959 0.2336959
1960 0.09073682
1961 0.9139914
1962 0.1157921
1963 0.1149528
1964 0.2049563
1965 0.02404154
1966 0.01863801
1967 0.001706949
1968 0.04038727
1969 0.02255677
1970 0.09753746
1971 0.2536098
1972 0.03727416
1973 0.9779164
1974 0.9263552
1975 0.04770699
1976 0.01918103
1977 0.3217279
1978 0.0367793
1979 0.03097654
1980 0.07902804
1981 0.1223702
1982 0.0019651
1983 0.2062837
1984 0.9039134
1985 0.677743
1986 0.03747793
1987 0.1547388
1988 0.07558895
1989 0.06679403
1990 0.6869976
1991 0.6568322
1992 0.5128868
1993 0.2985244
1994 0.7511572
1995 0.5109064
1996 0.00337034
1997 0.40323
1998 0.7566624
1999 0.6094644
2000 0.07496291
2001 0.06487952
2002 0.2376821
2003 0.8761308
2004 0.5966768
2005 0.3469298
2006 0.8002358
2007 0.2498742
2008 0.1432564
2009 0.4013295
2010 0.08343624
2011 0.1129113
2012 0.001512655
2013 0.02419744
2014 0.6804786
2015 0.6954627
2016 0.5432042
2017 0.7122214
2018 0.6227701
2019 0.701845
2020 0.2745603
2021 0.8756929
2022 0.8484954
2023 0.170175
2024 0.05261649
2025 0.5614751
2026 0.2402655
2027 0.06096928
2028 0.1043937
2029 0.5118328
2030 0.5749785
2031 0.2982763
2032 0.06680744
2033 0.7080753
2034 0.04080211
2035 0.004086866
2036 0.7221034
2037 0.3115444
2038 0.9120402
2039 0.6326973
2040 0.2667662
2041 0.8847088
2042 0.004014608
2043 0.03656658
2044 0.1247761
2045 0.05096235
2046 0.003057543
2047 0.4204168
2048 0.02240557
2049 0.05635164
2050 0.03951098
2051 0.2826667
2052 0.02773133
2053 0.7694843
2054 0.3557291
2055 0.1651483
2056 0.01645263
2057 0.1880882
2058 0.724398
2059 0.01340359
2060 0.5038247
2061 0.08132879
2062 0.3647251
2063 0.2729319
2064 0.09140755
2065 0.01294546
2066 0.6415507
2067 0.6284725
2068 0.6404801
2069 0.6291491
2070 0.1291374
2071 0.6088611
2072 0.0007810843
2073 0.7149487
2074 0.3620091
2075 0.1955903
2076 0.1728457
2077 0.6700372
2078 0.265895
2079 0.1562679
2080 0.165172
2081 0.06676609
2082 0.0120651
2083 0.05631763
2084 0.2760632
2085 0.4619924
2086 0.4528882
2087 0.004436793
2088 0.03421486
2089 0.05523228
2090 0.1683044
2091 0.5778815
2092 0.00265427
2093 0.2569033
2094 0.2400259
2095 0.2008726
2096 0.4933744
2097 0.439854
2098 0.1839846
2099 0.001139997
2100 0.07757802
2101 0.2710789
2102 0.4800807
2103 0.881635
2104 0.4327815
2105 0.01824576
2106 0.6131632
2107 0.06088871
2108 0.008303018
2109 0.01335253
2110 0.01260362
2111 0.4345518
2112 0.145722
2113 0.1247484
2114 0.4450932
2115 0.2758929
2116 0.1279492
2117 0.5271386
2118 0.7590861
2119 0.4996973
2120 0.03860675
2121 0.2254149
2122 0.07657003
2123 0.4720479
2124 0.2679064
2125 0.006184343
2126 0.3400935
2127 0.0003485189
2128 0.3856107
2129 0.4614159
2130 0.1517083
2131 0.02453338
2132 0.01098593
2133 0.2634049
2134 0.4606982
2135 0.03686552
2136 0.02548942
2137 0.2737501
2138 0.743812
2139 0.005738107
2140 0.7963975
2141 0.03519646
2142 0.2824072
2143 0.1040485
2144 0.2216289
2145 0.02100825
2146 0.0003932764
2147 0.6839387
2148 0.611436
2149 0.2216969
2150 0.2796359
2151 0.1900743
2152 0.5550489
2153 0.348032
2154 0.05061307
2155 0.8530844
2156 0.1369065
2157 0.05645442
2158 0.2182418
2159 0.5808404
2160 0.08649907
2161 0.2595184
2162 0.8863304
2163 0.06540268
2164 0.06188983
2165 0.3736668
2166 0.1341905
2167 0.6129125
2168 0.5507959
2169 0.2707182
2170 0.9000365
2171 0.1713633
2172 0.001816063
2173 0.1593308
2174 0.01790541
2175 0.9078662
2176 0.01521414
2177 0.6396238
2178 0.9134292
2179 0.3581605
2180 0.05343947
2181 0.5204821
2182 0.002186088
2183 0.461893
2184 0.3725657
2185 0.3261657
2186 0.7558542
2187 0.156006
2188 0.03424253
2189 0.8505299
2190 0.01139929
2191 0.066517
2192 0.1545743
2193 0.0009247332
2194 0.2265785
2195 0.2939695
2196 0.04583138
2197 0.3636614
2198 0.09676259
2199 0.5808697
2200 0.6454087
2201 0.4846846
2202 0.01570087
2203 0.02109991
2204 0.001555035
2205 0.01591063
2206 0.02707751
2207 0.2343772
2208 0.3999986
2209 0.2830772
2210 0.3421566
2211 0.3795172
2212 0.9627873
2213 0.3040646
2214 0.3143478
2215 0.0008726279
2216 0.1133394
2217 0.7694236
2218 0.9068868
2219 0.7566627
2220 0.02680005
2221 0.1289444
2222 0.3871123
2223 0.6314792
2224 0.4236069
2225 0.1939553
2226 0.02522011
2227 0.01864406
2228 0.1763933
2229 0.7966122
2230 0.004113585
2231 0.09688785
2232 0.9837325
2233 0.6360077
2234 0.02869685
2235 0.04678085
2236 0.00096691
2237 0.6329374
2238 0.03024318
2239 0.2180814
2240 0.008312856
2241 0.01155408
2242 0.4949468
2243 0.08849785
2244 0.9766514
2245 0.1804149
2246 0.01326353
2247 0.02844102
2248 0.1228911
2249 0.9693937
2250 0.07123382
2251 0.0110532
2252 0.2284089
2253 0.04895635
2254 0.8692451
2255 0.7064998
2256 0.09700338
2257 0.06054656
2258 8.733946e-05
2259 0.27615
2260 0.07921376
2261 0.1308077
2262 0.2270608
2263 0.3426724
2264 0.07181776
2265 0.001348463
2266 0.1917393
2267 0.9855964
2268 0.02024221
2269 0.005680765
2270 0.3045067
2271 0.6181243
2272 0.2911637
2273 0.001233156
2274 0.2323162
2275 0.2953294
2276 0.8765654
2277 0.236735
2278 0.2821049
2279 0.531168
2280 0.08200712
2281 0.4192353
2282 0.5323027
2283 0.06163782
2284 0.3967827
2285 0.4290179
2286 0.01727999
2287 0.2081614
2288 0.02064253
2289 0.0606918
2290 0.01283546
2291 0.6071545
2292 0.5585677
2293 0.4086433
2294 0.2386687
2295 0.3961073
2296 0.7442168
2297 0.4398473
2298 0.2683451
2299 0.06438575
2300 0.05236906
2301 0.3791056
2302 0.2875098
2303 0.4327656
2304 0.3785511
2305 0.2965551
2306 0.5924117
2307 0.9333981
2308 0.6171191
2309 0.006184007
2310 0.7630868
2311 0.5170638
2312 0.4974905
2313 0.8371357
2314 0.09636802
2315 0.6803359
2316 0.4150921
2317 0.1046419
2318 0.06825577
2319 0.7965472
2320 0.07379787
2321 0.9205192
2322 0.0490456
2323 0.8844923
2324 0.06700766
2325 0.02264516
2326 0.5036504
2327 0.06742108
2328 0.1237617
2329 0.005288833
2330 0.001022252
2331 0.7628035
2332 0.3789526
2333 0.5924824
2334 0.2476595
2335 0.07609213
2336 0.4529845
2337 0.7153362
2338 0.6564968
2339 0.1588614
2340 0.07106515
2341 0.2312424
2342 0.1539377
2343 0.08008542
2344 0.1826301
2345 0.2699718
2346 0.8470846
2347 0.4761779
2348 0.1652542
2349 0.4024212
2350 0.001081693
2351 0.726677
2352 0.4088017
2353 0.08183186
2354 0.1041302
2355 0.3171755
2356 0.03123722
2357 0.8820016
2358 0.008816465
2359 0.004074263
2360 0.7678989
2361 0.9800719
2362 0.09397479
2363 0.07375817
2364 0.3584954
2365 0.8807961
2366 0.458507
2367 0.03668164
2368 0.06074405
2369 0.0006658505
2370 0.1999377
2371 0.1189162
2372 0.8146116
2373 0.05715936
2374 0.9528012
2375 0.4781811
2376 0.001347582
2377 0.4402108
2378 0.6613561
2379 0.1103902
2380 0.5176571
2381 0.720678
2382 0.5942816
2383 0.1523722
2384 0.07559774
2385 0.7764149
2386 0.6412182
2387 0.6944264
2388 0.005378659
2389 0.4394034
2390 0.327977
2391 0.02948708
2392 0.007072826
2393 0.33786
2394 0.9221333
2395 0.01693323
2396 0.668646
2397 0.002868278
2398 0.5237287
2399 0.0841328
2400 0.1828955
2401 0.07022117
2402 0.5698202
2403 0.009491032
2404 0.84882
2405 0.5728695
2406 0.3751293
2407 0.003144628
2408 0.480421
2409 0.6797018
2410 0.09392544
2411 0.04950897
2412 0.2150794
2413 0.1986056
2414 0.6824282
2415 0.001654075
2416 0.1468799
2417 0.4533631
2418 0.7077871
2419 0.02410047
2420 0.04314234
2421 0.8162067
2422 0.2529336
2423 0.3291218
2424 0.4288209
2425 0.6955276
2426 0.09096048
2427 0.05058401
2428 0.6494046
2429 0.9301356
2430 0.02477527
2431 0.1539483
2432 0.3030955
2433 0.8459512
2434 0.9074548
2435 0.02531025
2436 0.4257795
2437 0.06528272
2438 0.0909237
2439 0.1080641
2440 0.6953882
2441 0.0004300661
2442 0.5632377
2443 0.4930585
2444 0.4221895
2445 0.0178809
2446 0.0714552
2447 0.007845605
2448 0.1546288
2449 0.01735236
2450 0.3118982
2451 0.0989118
2452 0.215649
2453 0.02849115
2454 0.6811292
2455 0.1586459
2456 0.3492225
2457 0.1334962
2458 0.8701813
2459 0.01400753
2460 0.3946758
2461 0.1946598
2462 0.6685231
2463 0.4282529
2464 0.4576077
2465 0.8724487
2466 0.4458728
2467 0.03175969
2468 0.7243293
2469 0.004997684
2470 0.3712947
2471 0.5985426
2472 0.6998377
2473 0.1595215
2474 0.4078226
2475 0.5865286
2476 0.1792605
2477 0.1174148
2478 0.03620631
2479 0.6516325
2480 0.6888155
2481 0.5931056
2482 0.06722579
2483 0.1398727
2484 0.04404103
2485 0.03126639
2486 0.05238826
2487 0.2387854
2488 0.8980722
2489 0.9788998
2490 0.08671308
2491 0.2160628
2492 0.6373566
2493 0.6364836
2494 0.290747
2495 0.3756402
2496 0.08392542
2497 0.0101794
2498 0.09284145
2499 0.06295986
2500 0.02355674
2501 0.6576379
2502 0.8901462
2503 0.134065
2504 0.2573747
2505 0.0468319
2506 0.009952694
2507 0.9628688
2508 0.5839318
2509 0.5325471
2510 0.004144399
2511 0.9727209
2512 0.01661092
2513 0.7149033
2514 0.2355075
2515 0.304321
2516 0.137189
2517 0.0543914
2518 0.4303234
2519 0.7403605
2520 0.2283388
2521 0.3770516
2522 0.6087325
2523 0.03640236
2524 0.0004738598
2525 0.7102921
2526 0.00417627
2527 0.2555096
2528 0.0007124045
2529 0.2929092
2530 0.2105026
2531 0.0760445
2532 0.003278147
2533 0.2331377
2534 0.01776421
2535 0.581562
2536 0.2008033
2537 0.2105983
2538 0.4280926
2539 0.0352535
2540 0.006364117
2541 0.0807877
2542 0.6665666
2543 0.4280692
2544 0.04778902
2545 0.1159928
2546 0.02229338
2547 0.2843123
2548 0.1539816
2549 0.3993605
2550 0.131202
2551 0.1145837
2552 0.8787245
2553 0.1021756
2554 0.06742413
2555 0.9601169
2556 0.521314
2557 0.3248464
2558 0.4103402
2559 0.5771177
2560 0.3161916
2561 0.4385023
2562 0.1739337
2563 0.3887023
2564 0.1109653
2565 0.04515586
2566 0.4714942
2567 0.04011075
2568 0.08075081
2569 0.02337302
2570 0.0882812
2571 0.6310375
2572 0.8959931
2573 0.1221333
2574 0.7050307
2575 0.1493884
2576 0.236116
2577 0.8817262
2578 0.002652832
2579 0.3294084
2580 0.07736678
2581 0.1229315
2582 0.0296451
2583 0.4875348
2584 0.5390685
2585 0.8809038
2586 0.04000145
2587 0.156948
2588 0.8571612
2589 0.8328047
2590 0.7314419
2591 0.08859217
2592 0.1167658
2593 0.2444841
2594 0.1064788
2595 0.3774616
2596 0.09481452
2597 0.7713548
2598 0.02123613
2599 0.004902974
2600 0.8189724
2601 0.2719902
2602 0.2422925
2603 0.3175887
2604 0.4427024
2605 0.5689567
2606 0.2329384
2607 0.1886941
2608 0.7834037
2609 0.1689432
2610 0.08529321
2611 0.3976213
2612 0.453396
2613 0.2952019
2614 0.8809537
2615 0.3337858
2616 0.1860711
2617 0.8549914
2618 0.1291893
2619 0.01023236
2620 0.934431
2621 0.8173248
2622 0.2076629
2623 0.05934798
2624 0.465441
2625 0.04348282
2626 0.0008763938
2627 0.01487886
2628 0.3156893
2629 0.1224587
2630 0.02725308
2631 0.2240749
2632 0.6078341
2633 0.6088499
2634 0.1315867
2635 0.8276096
2636 0.0313291
2637 0.06005692
2638 0.8416675
2639 0.5721511
2640 0.2164126
2641 0.1440831
2642 0.7483228
2643 0.06384857
2644 0.584442
2645 0.7189238
2646 0.1455596
2647 0.3247637
2648 0.8090829
2649 0.991613
2650 0.3552687
2651 0.3757433
2652 0.1302539
2653 0.1328307
2654 0.8212711
2655 0.7713069
2656 0.1382691
2657 0.4823395
2658 0.341374
2659 0.00400185
2660 0.242318
2661 0.2631815
2662 0.415626
2663 0.08527947
2664 0.00876661
2665 0.02251841
2666 0.02333654
2667 0.698175
2668 0.5921115
2669 0.4399104
2670 0.318206
2671 0.0292073
2672 0.5811844
2673 0.4722534
2674 0.06538021
2675 0.00318915
2676 0.5004768
2677 0.1646324
2678 0.2248106
2679 0.3077575
2680 0.008576168
2681 0.596461
2682 0.5421137
2683 0.480333
2684 0.929004
2685 0.03051179
2686 0.02337476
2687 0.3228299
2688 0.475272
2689 0.1223429
2690 0.3222799
2691 0.03518412
2692 0.8930681
2693 0.05163197
2694 0.002952579
2695 0.9578964
2696 0.1647588
2697 0.3154017
2698 0.23271
2699 0.9633182
2700 0.9997856
2701 0.551915
2702 0.9567105
2703 0.2670293
2704 0.3513343
2705 0.5504101
2706 0.1261976
2707 0.1152919
2708 0.09839749
2709 0.3960699
2710 0.1291164
2711 0.03678914
2712 0.04910229
2713 0.4176341
2714 0.1543542
2715 0.3426525
2716 0.8732628
2717 0.05247896
2718 0.1245689
2719 0.2451463
2720 0.351788
2721 0.1108402
2722 0.1421214
2723 0.05355997
2724 0.02250906
2725 0.9994633
2726 0.02536189
2727 0.04986639
2728 0.6430362
2729 0.5997472
2730 0.8192594
2731 0.03030721
2732 0.3328477
2733 0.2819917
2734 0.0442708
2735 0.008733661
2736 0.3267414
2737 0.6535119
2738 0.7100242
2739 0.8208044
2740 0.2268305
2741 0.09968053
2742 0.09388401
2743 0.03922543
2744 0.09865376
2745 0.07617529
2746 0.1568804
2747 0.03319362
2748 0.7047925
2749 0.05131373
2750 0.1121597
2751 0.01280167
2752 0.09391339
2753 0.5049885
2754 0.8339662
2755 0.9550434
2756 0.00891192
2757 0.004975514
2758 0.2111476
2759 0.2335575
2760 0.03806071
2761 0.01586124
2762 0.633058
2763 0.7917247
2764 0.3226645
2765 0.04354157
2766 0.3352394
2767 0.3611831
2768 0.2338323
2769 0.2234165
2770 0.3168205
2771 0.001696757
2772 0.06659782
2773 0.1632668
2774 0.8706754
2775 0.5100287
2776 0.242687
2777 0.1082944
2778 0.5811968
2779 0.06658491
2780 0.1150644
2781 0.08930923
2782 0.2965176
2783 0.9892901
2784 0.02205939
2785 0.3094677
2786 0.00216616
2787 0.2620335
2788 0.7723517
2789 0.1836301
2790 0.01014511
2791 0.4892698
2792 0.08782866
2793 0.001091897
2794 0.04893147
2795 0.5718465
2796 0.5252587
2797 0.3699909
2798 0.04934083
2799 0.3004078
2800 0.05758732
2801 0.3872838
2802 0.0205045
2803 0.380378
2804 0.003423377
2805 0.2565615
2806 0.07390182
2807 0.009176679
2808 0.04889444
2809 0.001381833
2810 0.09169188
2811 0.1014718
2812 0.02603023
2813 0.02943619
2814 0.5505024
2815 0.4114145
2816 0.03466819
2817 0.7437123
2818 0.03160821
2819 0.3449971
2820 0.3071617
2821 0.9920028
2822 0.05998603
2823 0.08120284
2824 0.1818955
2825 0.1881823
2826 0.4514204
2827 0.9824091
2828 0.01858047
2829 0.02591739
2830 0.0172391
2831 0.08116287
2832 0.1087646
2833 0.3934587
2834 0.03125553
2835 0.3670142
2836 0.1443654
2837 0.02729245
2838 0.02682795
2839 0.03116044
2840 0.5820382
2841 0.003407889
2842 0.4312449
2843 0.4140282
2844 0.7116436
2845 0.1634888
2846 0.5987498
2847 0.005393077
2848 0.001509859
2849 0.8344484
2850 0.7711303
2851 0.1060711
2852 0.5196909
2853 0.1506685
2854 0.1700128
2855 0.07422974
2856 0.003828286
2857 0.001594008
2858 0.4671553
2859 0.8758113
2860 0.002687331
2861 0.01058673
2862 0.1213239
2863 0.2634907
2864 0.1412621
2865 0.01990597
2866 0.002079519
2867 0.01760906
2868 0.01180653
2869 0.4282637
2870 0.02284281
2871 0.06193021
2872 0.5244569
2873 0.9160534
2874 0.04474336
2875 0.02444527
2876 0.1291052
2877 0.08333365
2878 0.02632352
2879 0.5992227
2880 0.4125624
2881 0.1199113
2882 0.07171762
2883 0.5529523
2884 0.2696733
2885 0.460504
2886 0.006577449
2887 0.9436224
2888 0.269092
2889 0.183878
2890 0.4131012
2891 0.2523787
2892 0.04515686
2893 0.3083005
2894 0.4977721
2895 0.002151788
2896 0.6073531
2897 0.7874875
2898 0.004927763
2899 0.1603328
2900 0.4532601
2901 0.4851822
2902 0.09370336
2903 0.07844676
2904 0.1751819
2905 0.06361792
2906 0.2571313
2907 0.05901121
2908 0.4612283
2909 0.3556816
2910 0.496916
2911 0.0912989
2912 0.002947852
2913 0.3400789
2914 0.01272488
2915 0.1233431
2916 0.8833791
2917 0.002024694
2918 0.9632142
2919 0.9324517
2920 0.04606313
2921 0.3183851
2922 0.2101799
2923 0.1161997
2924 0.02674397
2925 0.08720204
2926 0.08795219
2927 0.02179023
2928 0.0973374
2929 0.2682581
2930 0.1505524
2931 0.5333144
2932 0.2415434
2933 0.2303799
2934 0.05669703
2935 0.4553684
2936 0.5279665
2937 0.4530768
2938 0.2008951
2939 0.7873594
2940 0.9511477
2941 0.0667042
2942 0.5376357
2943 0.4077526
2944 0.6892055
2945 0.8942501
2946 0.0518138
2947 0.552587
2948 0.2856023
2949 0.3657899
2950 0.01453453
2951 0.3241369
2952 0.01856152
2953 0.003064919
2954 0.06424453
2955 0.002649639
2956 0.6028874
2957 0.3513625
2958 0.00279071
2959 0.9995287
2960 0.004288712
2961 0.9979078
2962 0.1997142
2963 0.07701378
2964 0.9250647
2965 0.0142592
2966 0.0376532
2967 0.2342361
2968 0.1561382
2969 0.007374163
2970 0.7268312
2971 0.7770903
2972 0.4902498
2973 0.4872372
2974 0.7948217
2975 0.1255674
2976 0.2343135
2977 0.1382379
2978 0.7752907
2979 0.5045204
2980 0.02717697
2981 0.451605
2982 0.2207428
2983 0.7294971
2984 0.9121982
2985 0.06704931
2986 0.02333449
2987 0.9113556
2988 0.3312198
2989 0.0021794
2990 0.5132566
2991 0.2554237
2992 0.04632263
2993 0.0883125
2994 0.04814098
2995 0.1310125
2996 0.1737502
2997 0.990445
2998 0.2962075
2999 0.04223842
3000 0.03905615
3001 0.002968222
3002 0.002429054
3003 0.0206777
3004 0.1493196
3005 0.4633194
3006 0.02981167
3007 0.1345602
3008 0.0222542
3009 0.2330665
3010 0.730751
3011 0.4353854
3012 0.05594282
3013 0.5190829
3014 0.03620371
3015 0.9856813
3016 0.1602207
3017 0.04335193
3018 0.4568447
3019 0.3460821
3020 0.197526
3021 0.3783109
3022 0.01977085
3023 0.570429
3024 0.03887993
3025 0.4987074
3026 0.07455055
3027 0.03478865
3028 0.1714749
3029 0.3316034
3030 0.4012899
3031 0.02913441
3032 0.9745279
3033 0.6884576
3034 0.8452401
3035 0.002264191
3036 0.4774561
3037 0.02935236
3038 0.008378534
3039 0.5372858
3040 0.4268138
3041 0.7484503
3042 0.7286478
3043 0.4438448
3044 0.3032057
3045 0.2138945
3046 0.1251765
3047 0.119406
3048 0.02091953
3049 0.7321265
3050 0.01901726
3051 0.01813482
3052 0.203048
3053 0.5763496
3054 0.00119517
3055 0.3640353
3056 0.3750229
3057 0.9627606
3058 0.4337069
3059 0.001426839
3060 0.5684673
3061 0.0198793
3062 0.005681408
3063 0.1723929
3064 0.358763
3065 0.4787813
3066 0.9218399
3067 0.6168871
3068 0.7850436
3069 0.0454518
3070 0.05783478
3071 0.04774637
3072 0.5254426
3073 0.1143652
3074 0.3835567
3075 0.1663604
3076 0.2375481
3077 0.03556316
3078 0.4204065
3079 0.3599083
3080 0.2941099
3081 0.1473423
3082 0.6207568
3083 0.03088578
3084 0.6789077
3085 0.4932847
3086 0.2775045
3087 0.3754678
3088 0.2387997
3089 0.1061352
3090 0.8107794
3091 0.5574629
3092 0.1055145
3093 0.8409462
3094 0.1445867
3095 0.05673395
3096 0.3457406
3097 0.2462919
3098 0.10707
3099 0.2053928
3100 0.3786547
3101 0.0001336012
3102 0.8919196
3103 0.7258933
3104 0.1542936
3105 0.02089374
3106 0.1244108
3107 0.2585239
3108 0.630154
3109 0.8015886
3110 0.7218221
3111 0.447004
3112 0.9689463
3113 0.3341272
3114 0.02490082
3115 0.5216069
3116 0.4243536
3117 0.7646658
3118 0.4424382
3119 0.08785269
3120 0.3830385
3121 0.3568596
3122 0.1354604
3123 0.4305755
3124 0.7899498
3125 0.5515116
3126 0.04856341
3127 0.02527706
3128 0.04463489
3129 0.2226445
3130 0.4875773
3131 0.1377263
3132 0.09994942
3133 0.1152189
3134 0.01531474
3135 0.1683875
3136 0.4763203
3137 0.04951378
3138 0.2243011
3139 0.2060556
3140 0.2631379
3141 0.0196174
3142 0.0402458
3143 0.466031
3144 0.1187711
3145 0.4246449
3146 0.2045331
3147 0.583196
3148 0.7828241
3149 0.0003279545
3150 0.0686717
3151 0.2414815
3152 0.5751472
3153 0.5560665
3154 0.05970069
3155 0.3231811
3156 0.2408149
3157 0.08930251
3158 0.03627539
3159 0.01062252
3160 0.2052461
3161 0.04187233
3162 0.9112068
3163 0.029997
3164 0.1657904
3165 0.7976268
3166 0.3115321
3167 0.2387855
3168 0.2847615
3169 0.3016409
3170 0.7953093
3171 0.1677503
3172 0.02500069
3173 0.8664125
3174 0.1996868
3175 0.05496342
3176 0.2621847
3177 0.3177687
3178 0.7173213
3179 0.01112254
3180 0.2107957
3181 0.1079729
3182 0.3193127
3183 0.6803096
3184 0.007153035
3185 0.01906284
3186 0.06181015
3187 0.4450595
3188 0.1672579
3189 0.4722486
3190 0.3617655
3191 0.1760843
3192 0.1530731
3193 0.2461713
3194 0.06356523
3195 0.3014243
3196 0.629682
3197 0.004916083
3198 0.0004136421
3199 0.2152879
3200 0.05185269
3201 0.600339
3202 0.4714681
3203 0.4965669
3204 0.0007514569
3205 0.1655576
3206 0.3773293
3207 0.8991992
3208 0.3460025
3209 0.05507492
3210 0.6256614
3211 0.2891833
3212 0.9058195
3213 0.7232453
3214 0.1508559
3215 0.9034247
3216 0.05143228
3217 0.002403912
3218 0.003499777
3219 0.08760223
3220 0.0001869917
3221 0.02864418
3222 0.6854794
3223 0.5387497
3224 0.3676096
3225 0.5773119
3226 0.1690696
3227 0.1412275
3228 0.1837205
3229 0.25703
3230 0.00287621
3231 0.8559338
3232 0.0405662
3233 0.04235903
3234 0.1535721
3235 0.6512997
3236 0.4419914
3237 0.4978165
3238 0.4529187
3239 0.0884949
3240 0.09772147
3241 0.09396752
3242 0.6207856
3243 0.04079567
3244 0.04455606
3245 0.3682053
3246 0.3489034
3247 0.289314
3248 0.07362108
3249 0.4267311
3250 0.7013623
3251 0.2243383
3252 0.08942722
3253 0.4584358
3254 6.615626e-05
3255 0.04472464
3256 0.4007437
3257 0.7876096
3258 0.3578544
3259 0.6248062
3260 0.3239298
3261 0.007662996
3262 0.1932804
3263 0.8795156
3264 0.04818962
3265 0.01434398
3266 0.2686743
3267 0.9053521
3268 0.6048835
3269 0.6173979
3270 0.421028
3271 0.2332012
3272 0.2100705
3273 0.1564533
3274 0.1400142
3275 0.03934322
3276 0.09698303
3277 0.01917943
3278 0.100008
3279 0.4658911
3280 0.9702913
3281 0.02339575
3282 0.6713155
3283 0.3813754
3284 0.01052551
3285 0.1108289
3286 0.6427755
3287 0.8038511
3288 0.5030443
3289 0.02177205
3290 0.0572575
3291 0.7173785
3292 0.4276526
3293 0.02436642
3294 0.02855883
3295 0.7215322
3296 0.01668996
3297 0.5332483
3298 0.4322027
3299 0.01513676
3300 0.02822552
3301 0.2355483
3302 0.05997484
3303 0.1936843
3304 0.1482368
3305 0.004476208
3306 0.02517027
3307 0.4833042
3308 0.5156826
3309 0.1299177
3310 0.09783365
3311 0.5474189
3312 0.2865237
3313 0.5923909
3314 0.1176545
3315 0.3539518
3316 0.6131421
3317 0.07175804
3318 0.1264345
3319 0.9879058
3320 0.9398067
3321 0.5513374
3322 0.03276497
3323 0.2125315
3324 0.4672796
3325 0.02306946
3326 0.2162483
3327 0.5043634
3328 0.0607608
3329 0.06343981
3330 0.05706902
3331 0.9023518
3332 0.763444
3333 0.07784154
3334 0.02206402
3335 0.7116129
3336 0.4552279
3337 0.5369234
3338 0.4664965
3339 0.001597166
3340 0.04591961
3341 0.04720066
3342 0.7023697
3343 0.3887995
3344 0.2442038
3345 0.8752453
3346 0.09532553
3347 0.03509474
3348 0.1367493
3349 0.09720463
3350 0.002935831
3351 0.4998298
3352 0.126351
3353 0.2838258
3354 0.08823728
3355 0.009748985
3356 0.0799849
3357 0.5234353
3358 0.1426837
3359 0.1998975
3360 0.3347659
3361 0.6112567
3362 0.3556947
3363 0.0420833
3364 0.3315039
3365 0.02836726
3366 0.4104374
3367 0.0212359
3368 0.9057875
3369 0.03413108
3370 0.23837
3371 0.6791375
3372 0.1997991
3373 0.07938981
3374 0.6370659
3375 0.319421
3376 0.6458687
3377 0.05554002
3378 0.03949789
3379 0.002576044
3380 0.2715211
3381 0.04127609
3382 0.04986832
3383 0.1990958
3384 0.2841804
3385 0.03517139
3386 0.0297522
3387 0.004573942
3388 0.3818755
3389 0.666289
3390 0.267746
3391 0.2328551
3392 0.112075
3393 0.4415233
3394 0.004592698
3395 0.2143532
3396 0.0001821981
3397 0.05705121
3398 0.2645154
3399 0.3820766
3400 0.6275278
3401 0.04852085
3402 0.02635878
3403 0.8281385
3404 0.5663507
3405 0.1319394
3406 0.07160589
3407 0.05004839
3408 0.4423651
3409 0.7412974
3410 0.04991857
3411 0.8392886
3412 0.2583326
3413 0.8513115
3414 0.2464073
3415 0.02340812
3416 0.08942093
3417 0.7448449
3418 0.00912685
3419 0.7958072
3420 0.265989
3421 0.136627
3422 0.9809375
3423 0.05979329
3424 0.949756
3425 0.001659111
3426 0.5711753
3427 0.03061597
3428 0.2478145
3429 0.07856477
3430 0.5086128
3431 0.02467051
3432 0.02120155
3433 0.03425236
3434 0.8047464
3435 0.5380563
3436 0.06368309
3437 0.08901517
3438 0.03085345
3439 0.7531073
3440 0.517081
3441 0.2866338
3442 0.7489524
3443 0.1093839
3444 0.2299906
3445 0.1349629
3446 0.2410839
3447 0.5269785
3448 0.6551947
3449 0.1427363
3450 0.07297807
3451 0.08204051
3452 0.01188443
3453 0.2581186
3454 0.03807852
3455 0.9570964
3456 0.003738075
3457 0.4976707
3458 0.4940388
3459 0.1939175
3460 0.006700629
3461 0.4537932
3462 0.01563625
3463 0.5899075
3464 0.6356999
3465 0.7862749
3466 0.02343592
3467 0.1297439
3468 0.8118608
3469 0.02087006
3470 0.0007097667
3471 0.0546653
3472 0.9403914
3473 0.3927811
3474 0.7331977
3475 0.1098571
3476 0.004682312
3477 0.06056314
3478 0.3927024
3479 0.09411408
3480 0.08347831
3481 0.5451813
3482 0.08064587
3483 0.3863864
3484 0.9695992
3485 0.7945041
3486 0.9607651
3487 0.0002810146
3488 0.09704438
3489 0.007831637
3490 0.5623022
3491 0.5506975
3492 0.01092334
3493 0.004486048
3494 0.003966684
3495 0.06324534
3496 0.9644835
3497 0.2056718
3498 0.5687904
3499 0.0734177
3500 0.7972939
3501 0.1309208
3502 0.3095998
3503 0.953019
3504 0.2770874
3505 0.06936484
3506 0.006753615
3507 0.6975997
3508 0.9857365
3509 0.03132886
3510 0.1681353
3511 0.07457016
3512 0.4396715
3513 0.3579495
3514 0.7178228
3515 0.1104585
3516 0.07795678
3517 0.1884565
3518 0.6313744
3519 0.5976571
3520 0.09724195
3521 0.07123073
3522 0.04030743
3523 0.2949662
3524 0.02056857
3525 0.1921906
3526 0.8247538
3527 0.06213611
3528 0.003963397
3529 0.05596551
3530 0.8872461
3531 0.1474035
3532 0.5333521
3533 0.08561408
3534 0.00836844
3535 0.03203807
3536 0.1792057
3537 0.9456283
3538 0.4126133
3539 0.01365172
3540 0.08638575
3541 0.09489543
3542 0.001017096
3543 0.833439
3544 0.0210263
3545 0.5805968
3546 0.01095617
3547 0.8635305
3548 0.5337358
3549 0.03040618
3550 0.654699
3551 0.05619494
3552 0.04812644
3553 0.4586719
3554 0.7523873
3555 0.3806011
3556 0.1560555
3557 0.04075695
3558 0.2756364
3559 0.08558385
3560 0.7444697
3561 0.6835992
3562 0.01714512
3563 0.8163034
3564 0.6974433
3565 0.6059092
3566 0.4437656
3567 0.1211199
3568 0.4798825
3569 0.5749515
3570 0.4906258
3571 0.8887602
3572 0.1333857
3573 0.9933796
3574 0.9321103
3575 0.3276802
3576 0.6093149
3577 0.00605489
3578 0.004070464
3579 0.0036956
3580 0.9401565
3581 0.2954884
3582 0.1375219
3583 0.1601727
3584 0.9829037
3585 0.8541497
3586 0.340057
3587 0.5081137
3588 0.03849278
3589 0.5106692
3590 0.07537981
3591 0.5114562
3592 0.5436989
3593 0.3928655
3594 0.07562886
3595 0.07492539
3596 0.02894392
3597 0.7339888
3598 0.002712402
3599 0.002771227
3600 0.04918441
3601 0.001656263
3602 0.04435074
3603 0.9323394
3604 0.9434345
3605 0.1929362
3606 0.1279806
3607 0.7556846
3608 0.402271
3609 0.08485208
3610 0.7391175
3611 0.5149898
3612 0.1602971
3613 0.6217939
3614 0.3416787
3615 0.9987253
3616 0.4725953
3617 0.09000725
3618 0.005050459
3619 0.6325347
3620 0.2892386
3621 0.2779373
3622 0.3373705
3623 0.04119922
3624 0.9340469
3625 0.2228718
3626 0.000636327
3627 0.149745
3628 0.04967962
3629 0.001280124
3630 0.6686996
3631 0.08134385
3632 0.001254752
3633 0.3707518
3634 0.01285654
3635 0.1155641
3636 0.8241804
3637 0.3192388
3638 0.07465223
3639 0.02761367
3640 0.5501702
3641 0.2801059
3642 0.1480164
3643 0.009716296
3644 0.05879728
3645 0.2023369
3646 0.9342128
3647 0.07991978
3648 0.0003646256
3649 0.05690244
3650 0.01622408
3651 0.1142937
3652 0.5645216
3653 0.0002653512
3654 0.7693997
3655 0.4405384
3656 0.03412043
3657 0.0435101
3658 0.0004637143
3659 0.003835338
3660 0.4795023
3661 0.04654368
3662 0.1752554
3663 0.05030337
3664 0.5554556
3665 0.5662133
3666 0.05611056
3667 0.5139089
3668 0.7599141
3669 0.3126764
3670 0.17459
3671 0.4650644
3672 0.8824548
3673 0.1001196
3674 0.1515456
3675 0.7930895
3676 0.674842
3677 0.03026427
3678 0.2553706
3679 0.355798
3680 0.5168032
3681 0.002129348
3682 0.00702004
3683 0.8593202
3684 0.7325037
3685 0.02935193
3686 0.9028586
3687 0.9968788
3688 0.03425608
3689 0.3257105
3690 0.7049289
3691 0.1436885
3692 0.01827508
3693 0.8114057
3694 0.5725451
3695 0.7373533
3696 0.1013351
3697 0.3855783
3698 0.004367639
3699 0.04780848
3700 0.5864663
3701 0.356693
3702 0.5052873
3703 0.4039909
3704 0.08521516
3705 0.002491683
3706 0.1831608
3707 0.9776579
3708 0.9775421
3709 0.02878722
3710 0.1044579
3711 0.248347
3712 0.7497676
3713 0.07547693
3714 0.4410214
3715 0.1991856
3716 0.8093676
3717 0.5644492
3718 0.2765432
3719 0.2885815
3720 0.07420012
3721 0.6144169
3722 0.619314
3723 0.85531
3724 0.3281515
3725 0.4480877
3726 0.3895016
3727 0.8736406
3728 0.9432326
3729 0.4468499
3730 0.022165
3731 0.1718049
3732 0.1033491
3733 0.09290987
3734 0.535692
3735 0.01735663
3736 0.1813711
3737 0.4159356
3738 0.173088
3739 0.1793599
3740 0.65136
3741 0.03005429
3742 0.0244951
3743 0.02189765
3744 0.05049626
3745 0.8124613
3746 0.3038888
3747 0.2477517
3748 0.7098718
3749 0.03511224
3750 0.006294134
3751 0.1161422
3752 0.04179724
3753 0.3323068
3754 0.7988764
3755 0.1262869
3756 0.8434
3757 0.7880501
3758 0.003349452
3759 0.2895221
3760 0.05400378
3761 0.1262495
3762 0.08981889
3763 0.02985541
3764 0.8765768
3765 0.07164985
3766 0.04237991
3767 0.5713589
3768 0.06793436
3769 0.1767474
3770 0.5856053
3771 0.04410241
3772 0.08600781
3773 0.1839286
3774 0.7389201
3775 0.3085716
3776 0.3793592
3777 0.3153021
3778 0.2974899
3779 0.008686004
3780 0.01552382
3781 0.3806159
3782 0.7826998
3783 0.3088217
3784 0.1772582
3785 0.6611648
3786 0.008093992
3787 0.8076
3788 0.4801688
3789 0.5045744
3790 0.1381555
3791 0.7676308
3792 0.4416357
3793 0.1017614
3794 0.5313444
3795 0.2726467
3796 0.02350352
3797 0.9355777
3798 0.04557173
3799 0.001598647
3800 0.03730398
3801 0.2674729
3802 0.1234823
3803 0.08290417
3804 0.9104255
3805 0.03477775
3806 0.03495615
3807 0.4125449
3808 0.2370834
3809 0.8798176
3810 0.2275224
3811 0.6848173
3812 0.8627755
3813 0.9901717
3814 0.6554644
3815 0.08325807
3816 0.02419716
3817 0.2353496
3818 0.9846374
3819 0.4859928
3820 0.3431825
3821 0.01012699
3822 0.9863409
3823 0.9146285
3824 0.2827369
3825 0.08272044
3826 0.4030104
3827 0.06054314
3828 0.7093537
3829 0.3854923
3830 0.008864121
3831 0.06335247
3832 0.003929503
3833 0.4065625
3834 0.03143985
3835 0.2924111
3836 0.4731409
3837 0.8368402
3838 0.08636439
3839 0.05979861
3840 0.2090061
3841 0.0005261149
3842 0.5050442
3843 0.637628
3844 0.2745019
3845 0.003433758
3846 0.6562593
3847 0.3606276
3848 0.316667
3849 0.1807301
3850 0.1146142
3851 0.05992514
3852 0.7381381
3853 0.9194653
3854 0.5406305
3855 0.2571966
3856 0.7957458
3857 0.4149
3858 0.0675433
3859 0.3689459
3860 0.09123872
3861 0.6063659
3862 0.03227127
3863 0.04818139
3864 0.5300734
3865 0.1447609
3866 0.3433606
3867 0.4987631
3868 0.8205292
3869 0.01146577
3870 0.06508582
3871 0.4431752
3872 0.302211
3873 0.7805495
3874 0.8765593
3875 0.04568587
3876 0.3736491
3877 0.01790968
3878 0.5094925
3879 0.4204276
3880 0.504652
3881 0.01128903
3882 0.03598406
3883 0.3556423
3884 0.1236409
3885 0.1303165
3886 0.2762429
3887 0.5310156
3888 0.1676354
3889 0.1868205
3890 0.01950184
3891 0.1775846
3892 0.0005032266
3893 0.06306441
3894 0.3910682
3895 0.09987796
3896 0.2094112
3897 0.1994907
3898 0.001503173
3899 0.01248817
3900 0.1860758
3901 0.01333792
3902 0.8012686
3903 0.2689245
3904 0.04050502
3905 0.02820677
3906 0.2284057
3907 0.001179119
3908 0.3589474
3909 0.06700134
3910 0.07409461
3911 0.938876
3912 0.01874054
3913 0.01144441
3914 0.1443808
3915 0.03659683
3916 0.06685349
3917 0.04455117
3918 0.2917032
3919 0.510713
3920 0.003561239
3921 0.04199419
3922 0.0693712
3923 0.4791558
3924 0.6795508
3925 0.2048102
3926 0.8241261
3927 0.08781956
3928 0.4985126
3929 0.4547372
3930 0.5914872
3931 0.4058578
3932 0.3550142
3933 0.6850956
3934 0.3121841
3935 0.6396019
3936 0.1725859
3937 0.4367245
3938 0.9283119
3939 0.2406555
3940 0.05311875
3941 0.2894078
3942 0.02153875
3943 0.1630626
3944 0.384837
3945 0.00431318
3946 0.8635918
3947 0.3157668
3948 0.007206542
3949 0.1613998
3950 0.09022441
3951 0.1625262
3952 0.1617305
3953 0.195803
3954 0.5867492
3955 0.5545005
3956 0.05137171
3957 0.03693212
3958 0.01210347
3959 0.0008438624
3960 0.008269081
3961 0.111144
3962 0.03213038
3963 0.3074312
3964 0.5711996
3965 0.01460164
3966 0.2103353
3967 0.04984337
3968 0.02880512
3969 0.04528557
3970 0.9463422
3971 0.1087425
3972 0.7103291
3973 0.6642393
3974 0.02995525
3975 0.01635309
3976 0.003717702
3977 0.00887973
3978 0.8459719
3979 0.1894047
3980 0.06372934
3981 0.6756782
3982 0.5907819
3983 0.2553269
3984 0.3029634
3985 0.2325245
3986 0.1402
3987 0.958798
3988 0.04217619
3989 0.3305427
3990 0.4389722
3991 0.8438807
3992 0.1743887
3993 0.6874863
3994 0.003320075
3995 0.1865335
3996 0.2830223
3997 0.66812
3998 0.07961638
3999 0.0726197
4000 0.2268708
4001 0.9799113
4002 0.3530079
4003 0.4461163
4004 0.8420915
4005 0.1072773
4006 0.8139256
4007 0.09640925
4008 0.3354727
4009 0.005112524
4010 0.04581274
4011 0.8534403
4012 0.04895026
4013 0.0873823
4014 0.0451956
4015 0.4487524
4016 0.5327583
4017 0.8061985
4018 0.001523087
4019 0.9372424
4020 0.3019175
4021 0.2198854
4022 0.6624447
4023 0.002214322
4024 0.2143398
4025 0.335807
4026 0.2545417
4027 0.2705287
4028 0.001160709
4029 0.081778
4030 0.8725846
4031 0.5077419
4032 0.4834187
4033 0.1879537
4034 0.822874
4035 0.6368347
4036 0.3088222
4037 0.9153941
4038 0.9180021
4039 0.03481846
4040 0.124532
4041 0.01965073
4042 0.4410321
4043 0.02687705
4044 0.1957308
4045 0.6392453
4046 0.8893768
4047 0.3808009
4048 0.05716724
4049 0.5255364
4050 0.1336741
4051 0.7052075
4052 0.1130154
4053 0.4545959
4054 0.8961213
4055 0.75088
4056 0.8545916
4057 0.5675162
4058 0.5338477
4059 0.2349497
4060 0.511063
4061 0.1609925
4062 0.001903363
4063 0.06466924
4064 0.1586085
4065 0.5247799
4066 0.1174334
4067 0.8735073
4068 0.989877
4069 0.04329247
4070 0.4699376
4071 0.4799954
4072 0.1193331
4073 0.8761813
4074 0.01370701
4075 0.6812518
4076 0.4664817
4077 0.6714809
4078 0.2612339
4079 0.9080849
4080 0.7155123
4081 0.3502395
4082 0.064954
4083 0.3663532
4084 0.02281961
4085 0.1042592
4086 0.3897734
4087 0.1404905
4088 0.3170769
4089 0.4583149
4090 0.001606654
4091 0.5576646
4092 0.03154338
4093 0.03151914
4094 0.08707363
4095 0.3407959
4096 0.5866429
4097 0.4435511
4098 0.01837167
4099 0.0704309
4100 0.02224242
4101 0.4883893
4102 0.05081802
4103 0.3691961
4104 0.004583015
4105 0.09913566
4106 0.01427745
4107 0.556638
4108 0.01205239
4109 0.100627
4110 0.4586633
4111 0.4197191
4112 0.7394774
4113 0.01625859
4114 0.5044129
4115 0.01618143
4116 0.08205717
4117 0.4543783
4118 0.02485869
4119 0.09450314
4120 0.03306596
4121 0.1577256
4122 0.7779962
4123 0.2257502
4124 0.02630681
4125 0.04603716
4126 0.1021883
4127 0.2165278
4128 0.114816
4129 0.261925
4130 0.1657382
4131 0.7742893
4132 0.3022914
4133 0.2063233
4134 0.7762868
4135 0.6839066
4136 0.08913509
4137 0.09047812
4138 0.002890777
4139 0.5527168
4140 0.2364042
4141 0.8312122
4142 0.2959875
4143 0.07193016
4144 0.7101098
4145 0.3062679
4146 0.1112104
4147 0.0296425
4148 0.6935355
4149 0.003279616
4150 0.09720264
4151 0.7696354
4152 0.6300081
4153 0.03277807
4154 0.2083808
4155 0.1051521
4156 0.2705768
4157 0.07096832
4158 0.5777244
4159 0.05078757
4160 0.3665666
4161 0.5772673
4162 0.008616695
4163 0.4574708
4164 0.1017028
4165 0.3838636
4166 0.8272985
4167 0.1871622
4168 0.01278898
4169 0.04875476
4170 0.03557081
4171 0.1785232
4172 0.1213433
4173 0.3161916
4174 0.4704578
4175 0.890863
4176 0.07871411
4177 0.364845
4178 0.02727566
4179 0.9042467
4180 0.9385846
4181 0.1142424
4182 0.5874854
4183 0.7882596
4184 0.6939246
4185 0.8960414
4186 0.629946
4187 0.08073338
4188 0.1206853
4189 0.3087248
4190 0.3470563
4191 0.7571048
4192 0.2249771
4193 0.2203715
4194 0.2713183
4195 0.03668603
4196 0.681516
4197 0.977418
4198 0.8963032
4199 0.1329816
4200 0.3176458
4201 0.07073566
4202 0.1415623
4203 0.5471723
4204 0.00165386
4205 0.02581276
4206 0.09858128
4207 0.8589885
4208 0.1395643
4209 0.08679033
4210 0.3685329
4211 0.02206565
4212 0.4505158
4213 0.2772314
4214 0.09629628
4215 0.6853609
4216 0.002363406
4217 0.0007223558
4218 0.8573445
4219 0.01044383
4220 0.2910772
4221 0.3006006
4222 0.07754038
4223 0.5687805
4224 0.4939002
4225 0.4700607
4226 0.02320795
4227 0.002411358
4228 0.02860383
4229 0.6335379
4230 0.70384
4231 0.1222302
4232 0.3864435
4233 0.008708363
4234 0.4263933
4235 0.07580827
4236 0.1124395
4237 0.001493841
4238 0.6193296
4239 0.0008544497
4240 0.03592939
4241 0.01676649
4242 0.4543713
4243 0.02608906
4244 0.9100029
4245 0.3489347
4246 0.008267361
4247 0.244247
4248 0.3794784
4249 0.3932148
4250 0.002110718
4251 0.2945272
4252 0.9659027
4253 0.04395192
4254 0.3048628
4255 0.03270042
4256 0.0253935
4257 0.380019
4258 0.1012002
4259 0.6936836
4260 0.3442701
4261 0.2398645
4262 0.9726377
4263 0.08570651
4264 0.02767713
4265 0.07883144
4266 0.457413
4267 0.9295543
4268 0.3987985
4269 0.392151
4270 0.4901406
4271 0.2763442
4272 0.8573099
4273 0.7472208
4274 0.009404688
4275 0.7964773
4276 0.02662556
4277 0.2153182
4278 0.01440229
4279 0.0120318
4280 0.02107402
4281 0.230868
4282 0.6197093
4283 0.3341097
4284 0.4650274
4285 0.1751377
4286 0.02609179
4287 0.1608324
4288 0.902258
4289 0.03986568
4290 0.4004695
4291 0.2652894
4292 0.6882523
4293 0.1013941
4294 0.0277474
4295 0.1558923
4296 0.561775
4297 0.2891801
4298 0.8297492
4299 0.4216684
4300 0.06444151
4301 0.01786652
4302 0.0352118
4303 0.4376047
4304 0.2461878
4305 0.002436488
4306 0.5663829
4307 0.03023186
4308 0.1751966
4309 0.02297385
4310 0.1510793
4311 0.8945762
4312 0.227682
4313 0.5437738
4314 0.5359996
4315 0.5867684
4316 0.1869615
4317 0.1259235
4318 0.1116686
4319 0.09929617
4320 0.01539735
4321 0.0222337
4322 0.1595592
4323 0.03134591
4324 0.2157732
4325 0.004557664
4326 0.9645078
4327 0.6668024
4328 0.0412484
4329 0.1385828
4330 0.8967589
4331 0.4505804
4332 0.8431458
4333 0.08876172
4334 0.03285132
4335 0.8909793
4336 0.3731238
4337 0.08694193
4338 0.2307341
4339 0.7427848
4340 0.08194099
4341 0.4899885
4342 0.9639922
4343 0.1292665
4344 0.1200933
4345 0.1958729
4346 0.1205424
4347 0.8828016
4348 0.2041402
4349 0.08399153
4350 0.09305294
4351 0.5244838
4352 0.4334436
4353 0.183339
4354 0.07711712
4355 0.9724341
4356 0.1110589
4357 0.09982237
4358 0.120077
4359 0.003944366
4360 0.1153666
4361 0.06793525
4362 0.05640605
4363 0.6028493
4364 0.87682
4365 0.1248004
4366 0.03896231
4367 0.03358689
4368 0.2625715
4369 0.1782292
4370 0.4805926
4371 0.4660763
4372 0.1405937
4373 0.06118868
4374 0.1190556
4375 0.2734063
4376 0.9268696
4377 0.7967198
4378 0.2555449
4379 0.7777393
4380 0.1127669
4381 0.3228936
4382 0.05935209
4383 0.419604
4384 0.3081066
4385 0.9751557
4386 0.1644118
4387 0.1580331
4388 0.2278288
4389 0.04702186
4390 0.04955238
4391 0.2063627
4392 0.1272322
4393 0.4395909
4394 0.1989214
4395 0.2187657
4396 0.009111501
4397 0.5674525
4398 0.01954582
4399 0.07208341
4400 0.8549734
4401 0.03864561
4402 0.4275071
4403 0.0259674
4404 0.02681164
4405 0.9183098
4406 0.04440398
4407 0.546082
4408 0.930037
4409 0.218159
4410 0.01217368
4411 0.02970459
4412 0.2103787
4413 0.01274118
4414 0.01597095
4415 0.2593371
4416 0.03091272
4417 0.2345583
4418 0.2713488
4419 0.05410255
4420 0.1608819
4421 0.03356753
4422 0.002091388
4423 0.2630101
4424 0.7065641
4425 0.951643
4426 0.3283167
4427 0.1035763
4428 0.4296211
4429 0.5619754
4430 0.107025
4431 0.007189471
4432 0.3767506
4433 0.006927993
4434 0.948186
4435 0.08593671
4436 0.01551486
4437 0.1330171
4438 0.00629648
4439 0.8146541
4440 0.004872347
4441 0.178378
4442 0.7824507
4443 0.4309637
4444 0.06886363
4445 0.5449034
4446 0.05449657
4447 0.847923
4448 0.5088789
4449 0.1235155
4450 0.9049165
4451 0.5252386
4452 0.8571632
4453 0.2354691
4454 0.05516684
4455 0.5779114
4456 0.9829545
4457 0.6260987
4458 0.2475699
4459 0.08531228
4460 0.3616397
4461 0.03049169
4462 0.5951831
4463 0.0410797
4464 0.6641702
4465 0.4689771
4466 0.04111797
4467 0.2457821
4468 0.6679052
4469 0.9897911
4470 0.5934556
4471 0.6894962
4472 0.09668524
4473 0.281438
4474 0.3067211
4475 0.3744073
4476 0.02396086
4477 0.9993177
4478 0.2416547
4479 0.993446
4480 0.5066879
4481 0.2096651
4482 0.06098646
4483 0.5908589
4484 0.01525462
4485 0.02526569
4486 0.02564889
4487 0.9154228
4488 0.4391645
4489 0.01293865
4490 0.003841646
4491 0.4802118
4492 0.6607264
4493 0.08616063
4494 0.7542644
4495 0.07739387
4496 0.2928394
4497 0.000139564
4498 0.05014046
4499 0.09404797
4500 0.1527126
4501 0.6031423
4502 0.006491909
4503 0.1813245
4504 0.3863986
4505 0.7231445
4506 0.3626281
4507 0.0407391
4508 0.7548545
4509 0.5780206
4510 0.1072435
4511 0.02589445
4512 0.003621489
4513 0.4992718
4514 0.1048045
4515 0.401765
4516 0.08211378
4517 0.130034
4518 0.635557
4519 0.6866757
4520 0.249896
4521 0.02966178
4522 0.3100283
4523 0.6475878
4524 0.1149578
4525 0.3737089
4526 0.2307536
4527 0.06128803
4528 0.9496133
4529 0.4328315
4530 0.7739851
4531 0.9821699
4532 0.591112
4533 0.1305023
4534 0.02722602
4535 0.04077088
4536 0.079175
4537 0.03151616
4538 0.1643046
4539 0.06742397
4540 0.3069992
4541 0.07689789
4542 0.1945669
4543 0.3551729
4544 0.006227527
4545 0.2546939
4546 0.1433616
4547 0.2670685
4548 0.3380302
4549 0.3018676
4550 0.09025663
4551 0.08659236
4552 0.2781685
4553 0.3505779
4554 0.0932357
4555 0.07456846
4556 0.9901462
4557 0.1543475
4558 0.0329441
4559 0.5061104
4560 0.2757127
4561 0.04399731
4562 0.1448809
4563 0.3286677
4564 0.05009728
4565 0.02165483
4566 0.04540966
4567 0.01610379
4568 0.2079343
4569 0.04451701
4570 0.9192066
4571 0.4762133
4572 0.4375569
4573 0.9174911
4574 0.0191904
4575 0.06124715
4576 0.01621484
4577 0.9646763
4578 0.4069442
4579 0.512522
4580 0.001596692
4581 0.01726827
4582 0.6598162
4583 0.07506296
4584 0.06546816
4585 0.4275167
4586 0.1331508
4587 0.8853937
4588 0.7017307
4589 0.077083
4590 0.005792557
4591 0.08452075
4592 0.09907354
4593 0.1293831
4594 0.498205
4595 0.7016815
4596 0.3833966
4597 0.5246773
4598 0.947366
4599 0.2496246
4600 0.0004066325
4601 0.09384754
4602 0.7633908
4603 0.4636357
4604 0.06469436
4605 0.667192
4606 0.01417847
4607 0.6541477
4608 0.1809267
4609 0.07118257
4610 0.215614
4611 0.03394497
4612 0.7678036
4613 0.3521107
4614 0.05830225
4615 0.330513
4616 0.889835
4617 0.6693623
4618 0.2899218
4619 0.3188822
4620 0.0800302
4621 0.01852303
4622 0.463616
4623 0.1385129
4624 0.06597836
4625 0.07156824
4626 0.2680781
4627 0.1280368
4628 0.1590619
4629 0.2736841
4630 0.1829878
4631 0.1785949
4632 0.4402392
4633 0.2938506
4634 0.2067044
4635 0.05926255
4636 0.05261442
4637 0.9813806
4638 0.3521628
4639 0.3098347
4640 0.006687454
4641 0.9133573
4642 0.9966037
4643 0.6710423
4644 0.009067317
4645 0.003076402
4646 0.04335851
4647 0.0005010082
4648 0.02337466
4649 0.005958454
4650 0.5580847
4651 0.3665277
4652 0.2069375
4653 0.5673154
4654 0.2847243
4655 0.01464046
4656 0.5523302
4657 0.645473
4658 0.42078
4659 0.6569714
4660 0.003979582
4661 0.4687772
4662 0.1821408
4663 0.05375402
4664 0.5150431
4665 0.12661
4666 0.9861923
4667 0.2601443
4668 0.4501414
4669 0.8177301
4670 0.5079449
4671 0.9030983
4672 0.7332907
4673 0.1108581
4674 0.705321
4675 0.4196284
4676 0.4331598
4677 0.4281982
4678 0.3708315
4679 0.008885812
4680 0.3623962
4681 0.3864338
4682 0.004968862
4683 0.1401713
4684 0.0009797598
4685 0.9448259
4686 0.08443936
4687 0.09694818
4688 0.1212595
4689 0.002525178
4690 0.249152
4691 0.7847553
4692 0.09384687
4693 0.4267217
4694 0.003823903
4695 0.09455938
4696 0.02173817
4697 0.005065639
4698 0.04820376
4699 0.004727213
4700 0.9902365
4701 0.06108777
4702 0.1117414
4703 0.1693927
4704 0.285704
4705 0.04497596
4706 0.3530375
4707 0.8986031
4708 0.1093254
4709 0.1543526
4710 0.6177886
4711 0.9360272
4712 0.4861431
4713 0.9116541
4714 0.2135458
4715 0.6658474
4716 0.04489404
4717 0.9779795
4718 0.926349
4719 0.9149218
4720 0.06063405
4721 0.5777069
4722 0.05049151
4723 0.0367725
4724 0.4222082
4725 0.04256861
4726 0.0006220375
4727 0.6895616
4728 0.06859355
4729 0.1221762
4730 0.5460771
4731 0.0726976
4732 0.113574
4733 0.1042955
4734 0.27063
4735 0.3586491
4736 0.1080913
4737 0.0009731875
4738 0.5989823
4739 0.6786693
4740 0.02281519
4741 0.4516663
4742 0.005681527
4743 0.661594
4744 0.07527855
4745 0.3562064
4746 0.2418047
4747 0.8176933
4748 0.6419485
4749 0.1695683
4750 0.81597
4751 0.7641806
4752 0.0663399
4753 0.5425962
4754 0.4425346
4755 0.7583769
4756 0.09212491
4757 0.1829859
4758 0.01369569
4759 0.07488294
4760 0.005978754
4761 0.3131202
4762 0.07439429
4763 0.08207027
4764 0.03729372
4765 0.09985052
4766 0.014551
4767 0.3932509
4768 0.002558359
4769 0.05986899
4770 0.06731226
4771 0.6254366
4772 0.05405215
4773 0.003631411
4774 0.8277668
4775 0.6748102
4776 0.09762375
4777 0.8932081
4778 0.003750817
4779 0.4302616
4780 0.2472328
4781 0.1836588
4782 0.2579894
4783 0.6163823
4784 0.2156592
4785 0.5623536
4786 0.464644
4787 0.001303003
4788 0.5252335
4789 0.09284444
4790 0.274891
4791 0.09706001
4792 0.8624905
4793 0.116127
4794 0.5876276
4795 0.4403804
4796 0.357712
4797 0.03282243
4798 0.7736404
4799 0.2001643
4800 0.6181645
4801 0.4962076
4802 0.4950142
4803 0.1357514
4804 0.7872604
4805 0.0591508
4806 0.2739263
4807 0.06453153
4808 0.03839915
4809 0.1746904
4810 0.1224682
4811 0.8776528
4812 0.001030408
4813 0.6106947
4814 0.002236882
4815 0.7810489
4816 0.2403686
4817 0.8027638
4818 0.06092152
4819 0.3678195
4820 0.1277096
4821 0.8575097
4822 0.1524611
4823 0.3201598
4824 0.05310236
4825 0.3823629
4826 0.04720946
4827 0.09617057
4828 0.1050023
4829 0.06195633
4830 0.05378581
4831 0.6268879
4832 0.009723062
4833 0.248419
4834 0.05459686
4835 0.01885477
4836 0.8245743
4837 0.1704653
4838 0.3694774
4839 0.10979
4840 0.1305533
4841 0.9734144
4842 0.09753861
4843 0.5106249
4844 0.1992869
4845 0.0632261
4846 0.518314
4847 0.1275743
4848 0.3509587
4849 0.1775118
4850 0.05789708
4851 0.804711
4852 0.3104315
4853 0.0277523
4854 0.02103808
4855 0.9834276
4856 0.3863892
4857 0.002296636
4858 0.432484
4859 0.03751757
4860 0.6200688
4861 0.5131665
4862 0.4337
4863 0.04631907
4864 0.01730043
4865 0.9005506
4866 0.0804332
4867 0.7692775
4868 0.3209306
4869 0.4161873
4870 0.3175621
4871 0.1312602
4872 0.7065142
4873 0.2003368
4874 0.05381657
4875 0.08631879
4876 0.6444984
4877 0.2807064
4878 0.9550069
4879 0.8271079
4880 0.2605825
4881 0.02577831
4882 0.437297
4883 0.9726221
4884 0.6957482
4885 0.05418448
4886 0.4093686
4887 0.09307151
4888 0.06673859
4889 0.08320786
4890 0.2462269
4891 0.5153491
4892 0.4585891
4893 0.5750276
4894 0.6660522
4895 0.0517576
4896 0.4435312
4897 0.02432068
4898 0.05138995
4899 0.6560279
4900 0.6681546
4901 0.4453109
4902 0.3040968
4903 0.166333
4904 0.1970688
4905 0.1222995
4906 0.3180313
4907 0.03571331
4908 0.06592338
4909 0.4698493
4910 0.03203442
4911 0.6066127
4912 0.06892305
4913 0.0222
4914 0.01765051
4915 0.5277162
4916 0.8175092
4917 0.1928325
4918 0.1430096
4919 0.1857696
4920 0.4998583
4921 0.6061011
4922 0.4510464
4923 0.0009935288
4924 0.2848392
4925 0.06760136
4926 0.2810478
4927 0.9826747
4928 0.07801705
4929 0.001522741
4930 0.6740451
4931 0.03921436
4932 0.9879185
4933 0.4704875
4934 0.4834321
4935 0.198457
4936 0.6280024
4937 0.7210612
4938 0.0635095
4939 0.5853161
4940 0.01133929
4941 0.01616411
4942 0.02364277
4943 0.4820672
4944 0.682267
4945 0.086694
4946 0.02410474
4947 0.5375709
4948 0.816773
4949 0.3582058
4950 0.1589984
4951 0.4826674
4952 0.003963075
4953 0.2992709
4954 0.4274703
4955 0.005290438
4956 0.01531464
4957 0.9665935
4958 0.2294453
4959 0.04503814
4960 0.3355565
4961 0.7399745
4962 0.001680279
4963 0.09228743
4964 0.06941795
4965 0.4511968
4966 0.002567744
4967 0.2775569
4968 0.017272
4969 0.08467738
4970 0.0814163
4971 0.2280233
4972 0.004753466
4973 0.0354434
4974 0.9127415
4975 0.09369563
4976 0.4049306
4977 0.01249541
4978 0.1186578
4979 0.0287875
4980 0.08086125
4981 0.1458847
4982 0.7150216
4983 0.7704045
4984 0.153406
4985 0.6461561
4986 0.9124923
4987 0.1186208
4988 0.77291
4989 0.00376499
4990 0.3060748
4991 0.1202695
4992 0.203336
4993 0.8557851
4994 0.2188171
4995 0.9883061
4996 0.1723073
4997 0.9725633
4998 0.2983224
4999 0.3420992
5000 0.001543279
