1 0.41
2 0.062
3 0.135
4 0.616
5 0
6 0.033
7 0
8 0.153
9 0.001
10 0.495
11 0.018
12 0.023
13 0.228
14 0.018
15 0.147
16 0.819
17 0.001
18 0.767
19 0.012
20 0.041
21 0.043
22 0.026
23 0.003
24 0.045
25 0.008
26 0.001
27 0
28 0
29 0.677
30 0.108
31 0.418
32 0.633
33 0.03
34 0
35 0.483
36 0.545
37 0.188
38 0.125
39 0.034
40 0
41 0.097
42 0.606
43 0.774
44 0.572
45 0.001
46 0.001
47 0.96
48 0.004
49 0.552
50 0.198
51 0.043
52 0.412
53 0.04
54 0.007
55 0.129
56 0.295
57 0.006
58 0.177
59 0.55
60 0
61 0.078
62 0
63 0.617
64 0.028
65 0.593
66 0.02
67 0.002
68 0.477
69 0.004
70 0
71 0.531
72 0.588
73 0.002
74 0.142
75 0.619
76 0.066
77 0.479
78 0.224
79 0.214
80 0.044
81 0.692
82 0.258
83 0.142
84 0.702
85 0.466
86 0.285
87 0.032
88 0.319
89 0.055
90 0
91 0
92 0.158
93 0.721
94 0.148
95 0.603
96 0.013
97 0.377
98 0
99 0.608
100 0.424
101 0
102 0.117
103 0.004
104 0.001
105 0.178
106 0.107
107 0.008
108 0.584
109 0.237
110 0
111 0.806
112 0.051
113 0.127
114 0.053
115 0.256
116 0.037
117 0.431
118 0.18
119 0.17
120 0.027
121 0
122 0.29
123 0.124
124 0.036
125 0.242
126 0.327
127 0.759
128 0.012
129 0.163
130 0.066
131 0
132 0.86
133 0.006
134 0
135 0
136 0.076
137 0
138 0
139 0.739
140 0.008
141 0.011
142 0.838
143 0.785
144 0.103
145 0.009
146 0.571
147 0.271
148 0.073
149 0.193
150 0
151 0.44
152 0.023
153 0.384
154 0.241
155 0.653
156 0.232
157 0.658
158 0.148
159 0.069
160 0.204
161 0.106
162 0
163 0.002
164 0.103
165 0.075
166 0.391
167 0.01
168 0.404
169 0.599
170 0.002
171 0.005
172 0.094
173 0
174 0.631
175 0.635
176 0.587
177 0.203
178 0.853
179 0.101
180 0.002
181 0.562
182 0.776
183 0.83
184 0.217
185 0.015
186 0
187 0.594
188 0.414
189 0.055
190 0.593
191 0.687
192 0.001
193 0.399
194 0.001
195 0
196 0.081
197 0.709
198 0.021
199 0.719
200 0.009
201 0.908
202 0.66
203 0.532
204 0.648
205 0.073
206 0.055
207 0.003
208 0.095
209 0.871
210 0.37
211 0.227
212 0.005
213 0.034
214 0
215 0.351
216 0.17
217 0.791
218 0.024
219 0.565
220 0.064
221 0.055
222 0.209
223 0.531
224 0.005
225 0.048
226 0
227 0.52
228 0.027
229 0
230 0.664
231 0.785
232 0.162
233 0.004
234 0.046
235 0.031
236 0.042
237 0.553
238 0.484
239 0
240 0.161
241 0.194
242 0.585
243 0.226
244 0.327
245 0
246 0.649
247 0.101
248 0.005
249 0
250 0.75
251 0.048
252 0.253
253 0.55
254 0.017
255 0.009
256 0.116
257 0.093
258 0.616
259 0.921
260 0.185
261 0.006
262 0.005
263 0.008
264 0.03
265 0.014
266 0
267 0.065
268 0.077
269 0
270 0.271
271 0.05
272 0.001
273 0.005
274 0.005
275 0.68
276 0.888
277 0.669
278 0.033
279 0.319
280 0.1
281 0.157
282 0.334
283 0.063
284 0
285 0.221
286 0
287 0.041
288 0.034
289 0.696
290 0.006
291 0.006
292 0.147
293 0.615
294 0.171
295 0.741
296 0.273
297 0.012
298 0.23
299 0
300 0.005
301 0.26
302 0.423
303 0.402
304 0.654
305 0.011
306 0.371
307 0.092
308 0.726
309 0.775
310 0.208
311 0.583
312 0.095
313 0.082
314 0.107
315 0.136
316 0.157
317 0.042
318 0.319
319 0
320 0.059
321 0.075
322 0.075
323 0.03
324 0
325 0.144
326 0.446
327 0.022
328 0.631
329 0.903
330 0.061
331 0.004
332 0.645
333 0.033
334 0.058
335 0.209
336 0
337 0.005
338 0.003
339 0.076
340 0.609
341 0.033
342 0.02
343 0.096
344 0.497
345 0.488
346 0.295
347 0.405
348 0.038
349 0.006
350 0.022
351 0.316
352 0.19
353 0.527
354 0.048
355 0.017
356 0.042
357 0.012
358 0.065
359 0.662
360 0.031
361 0
362 0.04
363 0.034
364 0.001
365 0.016
366 0.504
367 0
368 0.435
369 0.116
370 0.192
371 0.271
372 0.639
373 0.024
374 0.096
375 0.564
376 0.007
377 0.546
378 0
379 0.121
380 0.039
381 0.223
382 0.036
383 0.096
384 0.152
385 0.759
386 0.606
387 0.021
388 0.374
389 0.192
390 0.445
391 0.189
392 0.228
393 0.172
394 0.057
395 0.012
396 0.622
397 0.004
398 0.373
399 0.068
400 0.731
401 0.185
402 0.052
403 0.011
404 0.11
405 0
406 0.208
407 0
408 0.827
409 0
410 0.018
411 0.515
412 0
413 0.002
414 0.657
415 0
416 0.862
417 0.277
418 0.015
419 0.074
420 0.275
421 0.055
422 0.119
423 0.024
424 0.013
425 0
426 0
427 0.764
428 0.779
429 0
430 0.121
431 0.181
432 0.104
433 0.221
434 0.696
435 0.008
436 0.139
437 0
438 0.005
439 0.347
440 0.377
441 0.035
442 0.249
443 0.129
444 0.272
445 0
446 0.593
447 0.002
448 0.082
449 0.067
450 0.011
451 0.008
452 0.782
453 0.062
454 0.315
455 0.092
456 0.854
457 0.512
458 0.003
459 0.064
460 0.094
461 0.132
462 0.144
463 0.107
464 0.376
465 0.001
466 0.002
467 0.471
468 0.483
469 0
470 0.428
471 0.03
472 0.324
473 0.289
474 0.027
475 0.913
476 0.081
477 0.119
478 0.121
479 0.039
480 0.028
481 0.464
482 0.399
483 0.013
484 0.081
485 0.106
486 0
487 0.075
488 0.018
489 0.037
490 0.356
491 0.419
492 0
493 0.503
494 0.016
495 0.027
496 0.526
497 0
498 0.03
499 0.65
500 0.074
501 0.16
502 0.257
503 0.547
504 0.059
505 0.015
506 0.023
507 0.25
508 0.357
509 0.01
510 0.307
511 0.229
512 0
513 0.005
514 0.888
515 0
516 0.335
517 0.436
518 0.519
519 0.109
520 0.096
521 0.011
522 0
523 0.048
524 0.001
525 0.732
526 0.218
527 0.001
528 0.247
529 0.92
530 0.173
531 0.377
532 0.257
533 0
534 0.557
535 0.001
536 0.87
537 0.422
538 0.22
539 0.877
540 0.011
541 0.141
542 0.006
543 0.012
544 0.186
545 0
546 0.222
547 0.037
548 0.588
549 0.114
550 0.034
551 0
552 0.002
553 0.858
554 0.232
555 0.019
556 0.541
557 0.514
558 0.387
559 0
560 0.612
561 0.072
562 0.907
563 0.143
564 0.166
565 0.276
566 0.003
567 0.522
568 0.841
569 0.149
570 0.943
571 0.132
572 0.008
573 0.223
574 0.145
575 0.002
576 0.749
577 0.255
578 0.142
579 0.007
580 0.001
581 0.474
582 0.089
583 0.123
584 0.02
585 0.383
586 0.126
587 0
588 0
589 0.736
590 0.012
591 0
592 0.014
593 0.01
594 0.002
595 0.001
596 0
597 0.576
598 0.86
599 0.001
600 0.006
601 0
602 0.155
603 0.152
604 0.073
605 0.144
606 0.078
607 0.287
608 0.048
609 0.012
610 0.556
611 0.152
612 0.011
613 0.49
614 0.505
615 0.474
616 0.783
617 0.018
618 0.219
619 0.826
620 0.36
621 0.14
622 0.393
623 0.625
624 0.349
625 0.096
626 0.771
627 0.364
628 0.861
629 0.833
630 0.2
631 0.167
632 0.24
633 0
634 0.005
635 0.003
636 0.547
637 0.396
638 0
639 0
640 0
641 0.015
642 0.086
643 0.154
644 0.824
645 0.005
646 0.093
647 0.075
648 0.071
649 0.008
650 0.189
651 0.04
652 0.771
653 0.114
654 0.509
655 0.302
656 0.002
657 0.031
658 0.027
659 0.01
660 0.027
661 0.828
662 0
663 0
664 0.1
665 0.009
666 0.536
667 0
668 0.394
669 0.152
670 0.592
671 0.068
672 0.094
673 0
674 0.268
675 0.177
676 0.15
677 0.026
678 0.001
679 0
680 0.08
681 0.046
682 0.002
683 0.008
684 0.011
685 0.528
686 0.007
687 0.065
688 0.045
689 0.397
690 0.686
691 0.087
692 0.027
693 0.011
694 0.203
695 0.416
696 0.444
697 0.539
698 0
699 0.097
700 0.693
701 0.889
702 0.347
703 0
704 0.047
705 0.883
706 0.005
707 0
708 0.01
709 0.008
710 0.227
711 0.726
712 0.043
713 0.004
714 0
715 0.487
716 0.293
717 0.004
718 0.016
719 0.021
720 0.349
721 0.813
722 0.592
723 0
724 0.36
725 0.026
726 0.017
727 0.4
728 0.417
729 0.603
730 0.767
731 0.559
732 0.141
733 0.445
734 0.001
735 0.012
736 0.706
737 0.053
738 0.812
739 0.007
740 0.538
741 0.146
742 0.005
743 0.218
744 0
745 0.176
746 0.473
747 0.473
748 0.677
749 0.133
750 0.085
751 0.071
752 0.216
753 0.004
754 0.043
755 0.043
756 0.624
757 0.027
758 0.249
759 0
760 0.096
761 0.363
762 0.43
763 0.044
764 0.911
765 0.196
766 0.276
767 0.105
768 0.22
769 0.014
770 0.011
771 0.026
772 0.556
773 0.414
774 0.62
775 0.538
776 0.045
777 0.002
778 0.05
779 0.946
780 0.458
781 0
782 0.009
783 0.335
784 0.009
785 0
786 0.663
787 0.002
788 0.321
789 0.661
790 0.74
791 0.21
792 0
793 0.584
794 0.121
795 0.004
796 0.494
797 0.29
798 0.626
799 0.339
800 0.055
801 0.014
802 0.629
803 0.649
804 0.005
805 0
806 0.046
807 0.728
808 0.316
809 0
810 0.039
811 0.325
812 0.403
813 0.006
814 0.149
815 0.161
816 0.008
817 0
818 0.002
819 0.024
820 0.035
821 0.025
822 0.007
823 0.017
824 0.656
825 0.003
826 0
827 0.1
828 0.004
829 0
830 0.005
831 0.054
832 0.313
833 0.002
834 0.225
835 0.002
836 0.148
837 0.049
838 0.101
839 0.243
840 0.018
841 0.174
842 0
843 0
844 0.582
845 0.607
846 0.276
847 0.642
848 0.068
849 0.057
850 0.268
851 0.702
852 0.51
853 0.05
854 0.82
855 0.005
856 0.263
857 0.141
858 0.068
859 0.838
860 0.125
861 0.069
862 0.163
863 0.183
864 0.077
865 0.011
866 0.751
867 0.017
868 0.692
869 0.369
870 0.061
871 0.155
872 0.689
873 0.017
874 0
875 0.096
876 0
877 0.001
878 0.145
879 0.831
880 0.822
881 0.214
882 0.156
883 0
884 0.006
885 0.015
886 0.007
887 0.002
888 0.672
889 0.77
890 0.158
891 0.026
892 0.124
893 0.061
894 0.561
895 0.132
896 0.004
897 0.033
898 0.384
899 0.084
900 0.875
901 0.008
902 0.093
903 0.032
904 0.825
905 0.21
906 0.317
907 0.058
908 0
909 0.734
910 0.951
911 0.323
912 0.012
913 0.004
914 0.658
915 0.018
916 0.174
917 0.015
918 0.05
919 0.181
920 0.225
921 0.252
922 0.155
923 0.361
924 0.596
925 0.517
926 0.161
927 0.043
928 0.493
929 0.035
930 0.044
931 0
932 0.148
933 0.005
934 0.25
935 0.64
936 0.246
937 0.066
938 0.001
939 0.616
940 0
941 0.002
942 0.014
943 0
944 0.004
945 0.053
946 0.743
947 0.004
948 0.014
949 0.154
950 0
951 0.221
952 0.721
953 0.006
954 0.006
955 0.001
956 0.274
957 0.013
958 0.833
959 0.349
960 0.199
961 0.001
962 0.009
963 0.085
964 0.402
965 0.761
966 0.037
967 0.361
968 0.48
969 0
970 0.704
971 0.712
972 0.055
973 0.083
974 0.007
975 0.188
976 0
977 0.264
978 0.005
979 0.08
980 0.252
981 0.188
982 0.591
983 0.808
984 0.417
985 0.017
986 0
987 0.744
988 0.7
989 0.305
990 0
991 0.678
992 0.824
993 0.021
994 0.01
995 0.514
996 0.159
997 0.038
998 0.846
999 0.003
1000 0.068
1001 0.001
1002 0
1003 0.608
1004 0.358
1005 0.001
1006 0.063
1007 0.003
1008 0.613
1009 0.119
1010 0.021
1011 0
1012 0.006
1013 0.237
1014 0
1015 0.04
1016 0.337
1017 0
1018 0.023
1019 0.075
1020 0.609
1021 0.715
1022 0.077
1023 0.156
1024 0.003
1025 0.02
1026 0.039
1027 0.067
1028 0.012
1029 0.299
1030 0.11
1031 0.16
1032 0
1033 0.049
1034 0.003
1035 0.136
1036 0.257
1037 0
1038 0.192
1039 0
1040 0.007
1041 0.106
1042 0.277
1043 0.027
1044 0.047
1045 0.23
1046 0.028
1047 0
1048 0.002
1049 0.075
1050 0.569
1051 0
1052 0.091
1053 0.204
1054 0.033
1055 0.02
1056 0.067
1057 0.157
1058 0.003
1059 0.62
1060 0.023
1061 0.808
1062 0.301
1063 0.535
1064 0.658
1065 0.001
1066 0.015
1067 0.384
1068 0.37
1069 0.566
1070 0.551
1071 0.072
1072 0.092
1073 0.006
1074 0.619
1075 0.021
1076 0.386
1077 0.709
1078 0.008
1079 0.487
1080 0.007
1081 0.06
1082 0.455
1083 0.624
1084 0.012
1085 0.115
1086 0.399
1087 0.305
1088 0
1089 0.105
1090 0
1091 0.718
1092 0.014
1093 0
1094 0.296
1095 0.025
1096 0
1097 0
1098 0.642
1099 0.152
1100 0.81
1101 0.349
1102 0
1103 0.006
1104 0.036
1105 0.003
1106 0.13
1107 0.063
1108 0.646
1109 0.182
1110 0.343
1111 0.08
1112 0.008
1113 0.304
1114 0.239
1115 0.003
1116 0.001
1117 0.438
1118 0.165
1119 0.544
1120 0.121
1121 0.3
1122 0.072
1123 0.301
1124 0.809
1125 0.016
1126 0.196
1127 0.419
1128 0.475
1129 0.212
1130 0.001
1131 0.015
1132 0.008
1133 0
1134 0.047
1135 0.713
1136 0.278
1137 0.003
1138 0.174
1139 0.325
1140 0.02
1141 0.805
1142 0.117
1143 0.019
1144 0.799
1145 0
1146 0.013
1147 0.017
1148 0.476
1149 0.453
1150 0.644
1151 0.188
1152 0.004
1153 0.057
1154 0
1155 0.026
1156 0.017
1157 0.751
1158 0.001
1159 0.767
1160 0.042
1161 0.051
1162 0.146
1163 0.02
1164 0.164
1165 0.001
1166 0.178
1167 0.165
1168 0
1169 0.004
1170 0.022
1171 0.014
1172 0.789
1173 0.04
1174 0.294
1175 0.142
1176 0.011
1177 0.444
1178 0.035
1179 0.001
1180 0.533
1181 0.001
1182 0
1183 0.495
1184 0.001
1185 0
1186 0.826
1187 0.146
1188 0.237
1189 0.713
1190 0.175
1191 0.866
1192 0.431
1193 0.018
1194 0.049
1195 0
1196 0.079
1197 0.115
1198 0.101
1199 0.015
1200 0.372
1201 0.383
1202 0
1203 0.782
1204 0
1205 0.026
1206 0.001
1207 0
1208 0.086
1209 0.935
1210 0.234
1211 0.003
1212 0.012
1213 0.161
1214 0.004
1215 0.871
1216 0.005
1217 0.002
1218 0.001
1219 0.025
1220 0.079
1221 0.487
1222 0.248
1223 0.409
1224 0.011
1225 0.636
1226 0.325
1227 0.389
1228 0.49
1229 0.715
1230 0.026
1231 0.071
1232 0.018
1233 0.249
1234 0.342
1235 0.001
1236 0.501
1237 0.01
1238 0.479
1239 0.009
1240 0.285
1241 0
1242 0.057
1243 0.044
1244 0.003
1245 0
1246 0.341
1247 0.339
1248 0.551
1249 0.07
1250 0.123
1251 0.11
1252 0.008
1253 0.004
1254 0.815
1255 0.014
1256 0.228
1257 0.266
1258 0.802
1259 0.128
1260 0.656
1261 0.079
1262 0.13
1263 0.443
1264 0.002
1265 0.773
1266 0.417
1267 0.514
1268 0.414
1269 0.167
1270 0.136
1271 0.787
1272 0.089
1273 0.036
1274 0.084
1275 0.042
1276 0.54
1277 0.004
1278 0.089
1279 0.028
1280 0.608
1281 0.415
1282 0.144
1283 0.047
1284 0.401
1285 0.461
1286 0.001
1287 0.62
1288 0.003
1289 0.027
1290 0.006
1291 0
1292 0.1
1293 0.12
1294 0.002
1295 0
1296 0.205
1297 0.017
1298 0.436
1299 0.606
1300 0.003
1301 0.038
1302 0.458
1303 0.678
1304 0.32
1305 0.693
1306 0.001
1307 0.283
1308 0.04
1309 0.018
1310 0
1311 0.704
1312 0.271
1313 0.006
1314 0.206
1315 0.646
1316 0
1317 0.126
1318 0.705
1319 0.147
1320 0.071
1321 0.143
1322 0
1323 0.356
1324 0.032
1325 0.076
1326 0.123
1327 0.217
1328 0.292
1329 0.002
1330 0
1331 0.405
1332 0.002
1333 0.005
1334 0.699
1335 0.09
1336 0.065
1337 0.096
1338 0.162
1339 0.517
1340 0.359
1341 0.339
1342 0.399
1343 0.383
1344 0.003
1345 0.192
1346 0.034
1347 0.155
1348 0.023
1349 0.007
1350 0.055
1351 0.124
1352 0.012
1353 0.346
1354 0.005
1355 0.389
1356 0.727
1357 0.287
1358 0.038
1359 0.078
1360 0.796
1361 0
1362 0.67
1363 0.019
1364 0.224
1365 0.003
1366 0.009
1367 0.439
1368 0.001
1369 0.052
1370 0.005
1371 0.457
1372 0.363
1373 0.298
1374 0.229
1375 0.006
1376 0.021
1377 0.57
1378 0.207
1379 0.3
1380 0.649
1381 0.434
1382 0.126
1383 0.085
1384 0.054
1385 0.013
1386 0.557
1387 0.046
1388 0.063
1389 0.034
1390 0.005
1391 0.002
1392 0.675
1393 0.021
1394 0.552
1395 0.001
1396 0.004
1397 0.001
1398 0.005
1399 0.145
1400 0.144
1401 0.185
1402 0.273
1403 0.843
1404 0.288
1405 0.001
1406 0.051
1407 0.562
1408 0.059
1409 0.04
1410 0
1411 0
1412 0.152
1413 0.03
1414 0.52
1415 0.827
1416 0.609
1417 0.547
1418 0.184
1419 0.111
1420 0.153
1421 0.006
1422 0.016
1423 0.024
1424 0.873
1425 0.095
1426 0.384
1427 0.005
1428 0.008
1429 0.004
1430 0.271
1431 0
1432 0.228
1433 0.691
1434 0.152
1435 0.019
1436 0.702
1437 0.574
1438 0.83
1439 0.66
1440 0.827
1441 0.731
1442 0.182
1443 0.886
1444 0.742
1445 0.19
1446 0.541
1447 0.037
1448 0.802
1449 0.182
1450 0.309
1451 0.02
1452 0
1453 0.092
1454 0.041
1455 0.292
1456 0.013
1457 0.188
1458 0.549
1459 0.514
1460 0.161
1461 0.001
1462 0.1
1463 0.084
1464 0.713
1465 0.003
1466 0.003
1467 0.586
1468 0.032
1469 0.701
1470 0.011
1471 0.007
1472 0
1473 0.331
1474 0.019
1475 0.181
1476 0.059
1477 0.857
1478 0.027
1479 0.208
1480 0.408
1481 0.164
1482 0.349
1483 0.018
1484 0.126
1485 0.033
1486 0
1487 0.374
1488 0.709
1489 0.001
1490 0.122
1491 0.03
1492 0.101
1493 0.275
1494 0.114
1495 0.054
1496 0.004
1497 0.099
1498 0.72
1499 0
1500 0.51
1501 0.578
1502 0
1503 0.342
1504 0.231
1505 0
1506 0
1507 0
1508 0.02
1509 0.554
1510 0.171
1511 0
1512 0.047
1513 0.664
1514 0.04
1515 0.107
1516 0
1517 0.001
1518 0.112
1519 0
1520 0
1521 0.008
1522 0.666
1523 0.019
1524 0.004
1525 0.023
1526 0.572
1527 0.508
1528 0.387
1529 0.392
1530 0.139
1531 0.061
1532 0.269
1533 0.017
1534 0.659
1535 0.78
1536 0.161
1537 0.03
1538 0.704
1539 0.027
1540 0.013
1541 0.004
1542 0.156
1543 0.065
1544 0.506
1545 0
1546 0
1547 0.061
1548 0
1549 0.378
1550 0.043
1551 0.043
1552 0.21
1553 0
1554 0.002
1555 0.507
1556 0.155
1557 0.205
1558 0.072
1559 0.377
1560 0.136
1561 0.01
1562 0.09
1563 0.604
1564 0.012
1565 0.027
1566 0.361
1567 0
1568 0.008
1569 0.003
1570 0.094
1571 0.072
1572 0.118
1573 0.609
1574 0.229
1575 0.282
1576 0.503
1577 0.406
1578 0.066
1579 0.022
1580 0.031
1581 0.549
1582 0.002
1583 0.6
1584 0.011
1585 0.015
1586 0.035
1587 0
1588 0.442
1589 0.004
1590 0.391
1591 0
1592 0.007
1593 0.542
1594 0.017
1595 0.236
1596 0.292
1597 0.5
1598 0.005
1599 0.03
1600 0.71
1601 0.042
1602 0.067
1603 0.67
1604 0.246
1605 0.106
1606 0.327
1607 0.002
1608 0.107
1609 0.054
1610 0.542
1611 0
1612 0.623
1613 0.197
1614 0.237
1615 0.069
1616 0.106
1617 0.173
1618 0.473
1619 0.802
1620 0.095
1621 0.218
1622 0.293
1623 0.001
1624 0
1625 0.008
1626 0.774
1627 0.636
1628 0.318
1629 0.27
1630 0.028
1631 0.008
1632 0.178
1633 0.296
1634 0.002
1635 0.004
1636 0.128
1637 0
1638 0.019
1639 0.536
1640 0.804
1641 0.757
1642 0.483
1643 0.361
1644 0.001
1645 0.616
1646 0.045
1647 0.589
1648 0.487
1649 0.663
1650 0.313
1651 0.367
1652 0
1653 0.167
1654 0.113
1655 0.004
1656 0.412
1657 0
1658 0.142
1659 0.177
1660 0.203
1661 0.258
1662 0.111
1663 0.011
1664 0.149
1665 0.651
1666 0.005
1667 0.029
1668 0.132
1669 0.324
1670 0.035
1671 0.68
1672 0.02
1673 0.07
1674 0.513
1675 0.165
1676 0.021
1677 0.036
1678 0.004
1679 0.021
1680 0
1681 0.506
1682 0.017
1683 0.286
1684 0.003
1685 0.073
1686 0.016
1687 0.291
1688 0.817
1689 0.152
1690 0.003
1691 0.259
1692 0.112
1693 0.09
1694 0.041
1695 0.215
1696 0.144
1697 0.123
1698 0.468
1699 0.902
1700 0.089
1701 0
1702 0.841
1703 0
1704 0
1705 0.532
1706 0.467
1707 0.714
1708 0.005
1709 0.254
1710 0.024
1711 0.768
1712 0
1713 0.014
1714 0.448
1715 0.198
1716 0.083
1717 0.538
1718 0.129
1719 0.553
1720 0.059
1721 0.387
1722 0.343
1723 0.457
1724 0.867
1725 0.663
1726 0
1727 0
1728 0.604
1729 0.939
1730 0.118
1731 0.023
1732 0.302
1733 0.559
1734 0.735
1735 0.582
1736 0.204
1737 0.006
1738 0.485
1739 0.04
1740 0.024
1741 0.287
1742 0.004
1743 0
1744 0.002
1745 0.457
1746 0.014
1747 0.108
1748 0.002
1749 0.063
1750 0.001
1751 0.11
1752 0.57
1753 0.191
1754 0.137
1755 0.194
1756 0.007
1757 0.237
1758 0.506
1759 0.026
1760 0.241
1761 0.501
1762 0.001
1763 0.001
1764 0.633
1765 0.097
1766 0.545
1767 0.259
1768 0
1769 0.053
1770 0
1771 0.089
1772 0.015
1773 0.26
1774 0.026
1775 0.024
1776 0.692
1777 0
1778 0.152
1779 0.694
1780 0.003
1781 0
1782 0.843
1783 0
1784 0.032
1785 0
1786 0.015
1787 0.007
1788 0.013
1789 0.59
1790 0.018
1791 0.063
1792 0.527
1793 0
1794 0.01
1795 0.149
1796 0.446
1797 0.015
1798 0.174
1799 0.145
1800 0.19
1801 0.084
1802 0.072
1803 0.076
1804 0.006
1805 0.012
1806 0.782
1807 0.007
1808 0.168
1809 0.131
1810 0.337
1811 0.208
1812 0.764
1813 0.039
1814 0.463
1815 0.073
1816 0.074
1817 0.004
1818 0.032
1819 0.769
1820 0.291
1821 0.072
1822 0.113
1823 0.604
1824 0.03
1825 0.12
1826 0.14
1827 0.691
1828 0.595
1829 0
1830 0.066
1831 0.847
1832 0.029
1833 0.341
1834 0.054
1835 0
1836 0.199
1837 0.303
1838 0.031
1839 0
1840 0.491
1841 0.154
1842 0.045
1843 0
1844 0.001
1845 0.308
1846 0.041
1847 0.629
1848 0.106
1849 0.006
1850 0.448
1851 0.795
1852 0.113
1853 0.566
1854 0.263
1855 0.875
1856 0.645
1857 0.306
1858 0.681
1859 0.374
1860 0.159
1861 0.66
1862 0.209
1863 0.014
1864 0.123
1865 0.382
1866 0.391
1867 0
1868 0.433
1869 0
1870 0.002
1871 0.196
1872 0.053
1873 0.681
1874 0.878
1875 0.011
1876 0.498
1877 0.018
1878 0.112
1879 0.761
1880 0.17
1881 0.027
1882 0.822
1883 0.167
1884 0.09
1885 0.029
1886 0.016
1887 0.741
1888 0.753
1889 0.377
1890 0.2
1891 0.127
1892 0.095
1893 0.076
1894 0.449
1895 0.382
1896 0.106
1897 0.047
1898 0
1899 0.033
1900 0.28
1901 0.28
1902 0.003
1903 0.312
1904 0.042
1905 0.008
1906 0.375
1907 0.269
1908 0
1909 0.261
1910 0.075
1911 0.034
1912 0.145
1913 0.328
1914 0
1915 0.438
1916 0.413
1917 0
1918 0.022
1919 0.203
1920 0.817
1921 0.023
1922 0.25
1923 0.817
1924 0.028
1925 0.016
1926 0
1927 0.348
1928 0.139
1929 0.172
1930 0.01
1931 0.043
1932 0
1933 0.078
1934 0.691
1935 0.159
1936 0
1937 0.392
1938 0
1939 0.074
1940 0.319
1941 0.163
1942 0.433
1943 0.426
1944 0.761
1945 0.324
1946 0.044
1947 0.629
1948 0.348
1949 0.885
1950 0
1951 0.106
1952 0
1953 0.586
1954 0.704
1955 0.001
1956 0
1957 0.007
1958 0.098
1959 0.335
1960 0.252
1961 0.001
1962 0.572
1963 0.049
1964 0
1965 0.649
1966 0.084
1967 0.578
1968 0.242
1969 0.445
1970 0.04
1971 0.056
1972 0.001
1973 0.003
1974 0.002
1975 0.047
1976 0.003
1977 0.018
1978 0.586
1979 0.618
1980 0.04
1981 0.681
1982 0.023
1983 0.164
1984 0.018
1985 0.145
1986 0.031
1987 0.492
1988 0.246
1989 0
1990 0.032
1991 0.006
1992 0.367
1993 0.161
1994 0.007
1995 0.248
1996 0.009
1997 0.164
1998 0.245
1999 0.32
2000 0.509
2001 0.602
2002 0.092
2003 0.405
2004 0.161
2005 0.348
2006 0.062
2007 0.407
2008 0.034
2009 0.192
2010 0.752
2011 0.397
2012 0.696
2013 0.189
2014 0.357
2015 0.013
2016 0.03
2017 0.104
2018 0.337
2019 0.145
2020 0.021
2021 0.123
2022 0.695
2023 0
2024 0.726
2025 0.005
2026 0.357
2027 0.003
2028 0.705
2029 0.067
2030 0.312
2031 0.034
2032 0
2033 0.073
2034 0.439
2035 0.068
2036 0.815
2037 0
2038 0.001
2039 0.033
2040 0.007
2041 0.152
2042 0.028
2043 0.32
2044 0.009
2045 0.032
2046 0.013
2047 0.197
2048 0
2049 0.859
2050 0.025
2051 0.653
2052 0.069
2053 0.237
2054 0.024
2055 0.021
2056 0.059
2057 0.001
2058 0
2059 0.73
2060 0.631
2061 0.01
2062 0.091
2063 0.541
2064 0.286
2065 0.546
2066 0.084
2067 0.081
2068 0.012
2069 0.803
2070 0.258
2071 0.509
2072 0.108
2073 0.363
2074 0.276
2075 0.049
2076 0.022
2077 0.181
2078 0.003
2079 0
2080 0.101
2081 0.026
2082 0.04
2083 0.001
2084 0.58
2085 0.036
2086 0.375
2087 0.013
2088 0.27
2089 0.379
2090 0.003
2091 0.264
2092 0.012
2093 0.469
2094 0.136
2095 0.292
2096 0.078
2097 0.205
2098 0.422
2099 0.211
2100 0.366
2101 0.766
2102 0.847
2103 0.237
2104 0.22
2105 0.176
2106 0
2107 0.387
2108 0
2109 0.053
2110 0
2111 0.328
2112 0.009
2113 0.083
2114 0.044
2115 0.587
2116 0
2117 0.753
2118 0.08
2119 0.042
2120 0.498
2121 0.495
2122 0.31
2123 0.58
2124 0.336
2125 0.099
2126 0.106
2127 0.072
2128 0.097
2129 0
2130 0.02
2131 0.002
2132 0.001
2133 0.002
2134 0.161
2135 0.286
2136 0.005
2137 0.218
2138 0.072
2139 0.106
2140 0.341
2141 0.52
2142 0.037
2143 0
2144 0
2145 0.001
2146 0.398
2147 0.366
2148 0.116
2149 0.001
2150 0.003
2151 0.783
2152 0.003
2153 0.002
2154 0.507
2155 0.022
2156 0.001
2157 0.712
2158 0.804
2159 0.756
2160 0.002
2161 0.122
2162 0.019
2163 0.067
2164 0.184
2165 0.447
2166 0.653
2167 0.037
2168 0.839
2169 0.513
2170 0.001
2171 0.225
2172 0.289
2173 0.515
2174 0.792
2175 0.016
2176 0.211
2177 0.037
2178 0.152
2179 0.036
2180 0.082
2181 0.118
2182 0
2183 0.436
2184 0.677
2185 0.038
2186 0.256
2187 0.05
2188 0.494
2189 0.051
2190 0.001
2191 0.376
2192 0.034
2193 0.052
2194 0.01
2195 0.524
2196 0.034
2197 0.008
2198 0.009
2199 0.241
2200 0.006
2201 0.127
2202 0.023
2203 0.01
2204 0.341
2205 0.429
2206 0.004
2207 0.151
2208 0
2209 0.132
2210 0.014
2211 0.11
2212 0.315
2213 0
2214 0.796
2215 0.095
2216 0.003
2217 0.339
2218 0.022
2219 0
2220 0.264
2221 0
2222 0.015
2223 0.163
2224 0.001
2225 0.189
2226 0.001
2227 0.632
2228 0
2229 0.009
2230 0.847
2231 0.044
2232 0.051
2233 0.107
2234 0.447
2235 0.001
2236 0.794
2237 0.079
2238 0.002
2239 0.677
2240 0.176
2241 0.497
2242 0.054
2243 0
2244 0.262
2245 0.058
2246 0.423
2247 0.231
2248 0.002
2249 0.241
2250 0.003
2251 0.001
2252 0.283
2253 0.442
2254 0
2255 0.5
2256 0.059
2257 0.485
2258 0.429
2259 0
2260 0.004
2261 0.001
2262 0.048
2263 0.396
2264 0.07
2265 0.41
2266 0.29
2267 0.262
2268 0.078
2269 0.336
2270 0.733
2271 0.443
2272 0.145
2273 0.021
2274 0.444
2275 0.018
2276 0.342
2277 0.397
2278 0.586
2279 0.033
2280 0.424
2281 0.285
2282 0.01
2283 0.717
2284 0.108
2285 0.015
2286 0.002
2287 0.123
2288 0.033
2289 0.618
2290 0.743
2291 0.007
2292 0
2293 0.514
2294 0.002
2295 0.896
2296 0.011
2297 0.027
2298 0.003
2299 0.065
2300 0.692
2301 0.044
2302 0.043
2303 0.656
2304 0
2305 0.29
2306 0.006
2307 0.38
2308 0.134
2309 0.001
2310 0.59
2311 0.005
2312 0.039
2313 0.066
2314 0.602
2315 0
2316 0.564
2317 0.08
2318 0.048
2319 0.275
2320 0.022
2321 0.105
2322 0.196
2323 0
2324 0.292
2325 0.764
2326 0.163
2327 0.659
2328 0.357
2329 0.568
2330 0.413
2331 0.002
2332 0.189
2333 0.025
2334 0.11
2335 0.452
2336 0.079
2337 0.299
2338 0.247
2339 0.095
2340 0.137
2341 0.006
2342 0.37
2343 0.052
2344 0.035
2345 0.356
2346 0
2347 0.06
2348 0.071
2349 0.634
2350 0
2351 0.003
2352 0.015
2353 0.029
2354 0.237
2355 0.288
2356 0.686
2357 0.244
2358 0.304
2359 0.311
2360 0.021
2361 0.12
2362 0.134
2363 0.57
2364 0.83
2365 0.006
2366 0.869
2367 0
2368 0.915
2369 0.539
2370 0.724
2371 0.007
2372 0.414
2373 0.67
2374 0.11
2375 0.204
2376 0.001
2377 0
2378 0.05
2379 0.301
2380 0.051
2381 0.121
2382 0.071
2383 0.036
2384 0.002
2385 0.044
2386 0.477
2387 0.666
2388 0.26
2389 0.044
2390 0.7
2391 0.107
2392 0.443
2393 0.267
2394 0.007
2395 0.621
2396 0.483
2397 0.585
2398 0.026
2399 0.616
2400 0
2401 0.005
2402 0.467
2403 0.671
2404 0.232
2405 0.749
2406 0.202
2407 0.141
2408 0.225
2409 0.003
2410 0.003
2411 0.014
2412 0.129
2413 0.071
2414 0.01
2415 0
2416 0
2417 0.2
2418 0.275
2419 0.265
2420 0.218
2421 0.004
2422 0.175
2423 0.427
2424 0.446
2425 0.55
2426 0.001
2427 0.333
2428 0.734
2429 0.02
2430 0.17
2431 0.166
2432 0.048
2433 0.125
2434 0.018
2435 0.001
2436 0.572
2437 0.841
2438 0.025
2439 0.011
2440 0.322
2441 0.006
2442 0.365
2443 0.01
2444 0
2445 0.29
2446 0.694
2447 0.002
2448 0.08
2449 0.325
2450 0.101
2451 0.257
2452 0.143
2453 0.011
2454 0
2455 0
2456 0.645
2457 0.006
2458 0.001
2459 0.328
2460 0.809
2461 0.131
2462 0.066
2463 0.048
2464 0
2465 0.248
2466 0.818
2467 0.538
2468 0.006
2469 0.011
2470 0.235
2471 0.011
2472 0.318
2473 0.517
2474 0.04
2475 0.018
2476 0.028
2477 0.964
2478 0.679
2479 0.799
2480 0.212
2481 0
2482 0.194
2483 0.342
2484 0.047
2485 0.04
2486 0
2487 0.064
2488 0.01
2489 0.005
2490 0.03
2491 0.563
2492 0.076
2493 0.05
2494 0.267
2495 0.656
2496 0.136
2497 0.128
2498 0.014
2499 0.105
2500 0.043
2501 0.162
2502 0.189
2503 0.027
2504 0.044
2505 0.43
2506 0.735
2507 0.053
2508 0.858
2509 0.001
2510 0.116
2511 0.338
2512 0.205
2513 0.38
2514 0.693
2515 0.001
2516 0.252
2517 0.031
2518 0
2519 0.046
2520 0.3
2521 0.149
2522 0.64
2523 0.015
2524 0.002
2525 0.042
2526 0.065
2527 0
2528 0.027
2529 0.045
2530 0.361
2531 0.001
2532 0.035
2533 0
2534 0.001
2535 0.744
2536 0.003
2537 0.026
2538 0.249
2539 0.061
2540 0.223
2541 0.037
2542 0.002
2543 0.073
2544 0.109
2545 0.107
2546 0.073
2547 0.748
2548 0.013
2549 0.585
2550 0
2551 0.09
2552 0.042
2553 0.163
2554 0.022
2555 0.001
2556 0.171
2557 0.123
2558 0.609
2559 0.358
2560 0.012
2561 0.056
2562 0.754
2563 0.693
2564 0.034
2565 0.126
2566 0.211
2567 0.42
2568 0.028
2569 0.821
2570 0.01
2571 0.014
2572 0.484
2573 0.241
2574 0.022
2575 0.354
2576 0.123
2577 0.282
2578 0.57
2579 0.346
2580 0.887
2581 0.693
2582 0.002
2583 0
2584 0.497
2585 0.161
2586 0.309
2587 0.191
2588 0.11
2589 0.904
2590 0.026
2591 0
2592 0.038
2593 0.037
2594 0.16
2595 0.383
2596 0.06
2597 0
2598 0.625
2599 0.007
2600 0.638
2601 0.03
2602 0.609
2603 0.852
2604 0.185
2605 0.007
2606 0
2607 0.061
2608 0.498
2609 0.623
2610 0
2611 0.366
2612 0.82
2613 0.316
2614 0.321
2615 0.228
2616 0.003
2617 0.381
2618 0.022
2619 0.535
2620 0.813
2621 0.029
2622 0
2623 0.483
2624 0.234
2625 0.155
2626 0.042
2627 0.09
2628 0.219
2629 0.157
2630 0.568
2631 0.098
2632 0.012
2633 0
2634 0.095
2635 0
2636 0.045
2637 0.004
2638 0.584
2639 0.409
2640 0.319
2641 0.243
2642 0.289
2643 0.05
2644 0.065
2645 0
2646 0.231
2647 0.259
2648 0.086
2649 0.012
2650 0.339
2651 0.009
2652 0
2653 0.002
2654 0.053
2655 0
2656 0
2657 0.037
2658 0.054
2659 0
2660 0.507
2661 0.053
2662 0.002
2663 0.312
2664 0.01
2665 0
2666 0.003
2667 0.018
2668 0.03
2669 0.159
2670 0.219
2671 0.005
2672 0.2
2673 0.039
2674 0.408
2675 0.538
2676 0.124
2677 0.001
2678 0.028
2679 0.006
2680 0.358
2681 0
2682 0.833
2683 0.258
2684 0.017
2685 0.087
2686 0.027
2687 0.009
2688 0.583
2689 0.243
2690 0.033
2691 0.239
2692 0.012
2693 0.138
2694 0.593
2695 0.035
2696 0.428
2697 0.03
2698 0.038
2699 0.425
2700 0.004
2701 0.628
2702 0
2703 0.072
2704 0
2705 0.014
2706 0.559
2707 0.853
2708 0.015
2709 0.045
2710 0
2711 0.336
2712 0.033
2713 0.066
2714 0.004
2715 0
2716 0.205
2717 0.051
2718 0.409
2719 0.272
2720 0.813
2721 0.479
2722 0.107
2723 0.319
2724 0.041
2725 0.44
2726 0.002
2727 0
2728 0.137
2729 0.018
2730 0.569
2731 0.827
2732 0.15
2733 0
2734 0.563
2735 0.246
2736 0.099
2737 0.096
2738 0.007
2739 0.105
2740 0
2741 0.005
2742 0.82
2743 0.001
2744 0
2745 0.008
2746 0.047
2747 0.001
2748 0.496
2749 0.289
2750 0.724
2751 0.233
2752 0.002
2753 0.161
2754 0.001
2755 0.573
2756 0.035
2757 0.434
2758 0.697
2759 0.165
2760 0.039
2761 0.06
2762 0.498
2763 0.409
2764 0.566
2765 0
2766 0.577
2767 0.618
2768 0.003
2769 0.224
2770 0.007
2771 0.097
2772 0.006
2773 0.413
2774 0
2775 0.24
2776 0.862
2777 0.046
2778 0.556
2779 0.638
2780 0.003
2781 0.639
2782 0.423
2783 0.274
2784 0.001
2785 0.009
2786 0.061
2787 0
2788 0.366
2789 0
2790 0
2791 0.003
2792 0.002
2793 0.229
2794 0.004
2795 0.83
2796 0.783
2797 0.108
2798 0.051
2799 0.283
2800 0
2801 0.012
2802 0.479
2803 0
2804 0
2805 0.327
2806 0
2807 0.007
2808 0.327
2809 0.9
2810 0.054
2811 0.351
2812 0.116
2813 0
2814 0.033
2815 0.548
2816 0.429
2817 0.011
2818 0.424
2819 0.542
2820 0.704
2821 0.325
2822 0.103
2823 0.578
2824 0.114
2825 0
2826 0.003
2827 0.09
2828 0.544
2829 0.088
2830 0.005
2831 0.012
2832 0.006
2833 0.001
2834 0.266
2835 0.031
2836 0.16
2837 0.897
2838 0.201
2839 0.281
2840 0.859
2841 0.184
2842 0.366
2843 0.069
2844 0.029
2845 0.062
2846 0
2847 0.501
2848 0.181
2849 0.226
2850 0.067
2851 0
2852 0.123
2853 0.115
2854 0.367
2855 0.201
2856 0.014
2857 0.018
2858 0.003
2859 0.002
2860 0.003
2861 0.469
2862 0.014
2863 0.172
2864 0.021
2865 0.281
2866 0.247
2867 0.314
2868 0.115
2869 0
2870 0.509
2871 0.246
2872 0.004
2873 0.555
2874 0
2875 0.506
2876 0.009
2877 0.108
2878 0.211
2879 0.01
2880 0.016
2881 0.128
2882 0.145
2883 0.35
2884 0.091
2885 0.832
2886 0.023
2887 0.238
2888 0.003
2889 0
2890 0.093
2891 0.074
2892 0.067
2893 0.106
2894 0.403
2895 0.037
2896 0.445
2897 0.47
2898 0.235
2899 0.777
2900 0.056
2901 0.035
2902 0.106
2903 0.009
2904 0.143
2905 0.002
2906 0
2907 0.148
2908 0.291
2909 0.13
2910 0.024
2911 0.084
2912 0.785
2913 0.621
2914 0.363
2915 0.088
2916 0.015
2917 0.057
2918 0.372
2919 0
2920 0.255
2921 0.01
2922 0.033
2923 0.638
2924 0.355
2925 0.137
2926 0.039
2927 0.367
2928 0.062
2929 0.034
2930 0.208
2931 0.214
2932 0.199
2933 0.005
2934 0
2935 0.877
2936 0.005
2937 0.426
2938 0.214
2939 0
2940 0.016
2941 0.164
2942 0.01
2943 0.201
2944 0.023
2945 0.073
2946 0.053
2947 0
2948 0.023
2949 0.092
2950 0.469
2951 0.419
2952 0.768
2953 0.029
2954 0.149
2955 0.303
2956 0.048
2957 0.065
2958 0.004
2959 0.443
2960 0.096
2961 0.789
2962 0.003
2963 0.317
2964 0
2965 0.032
2966 0.264
2967 0.793
2968 0.003
2969 0.562
2970 0.219
2971 0.017
2972 0.081
2973 0.03
2974 0.308
2975 0.111
2976 0.86
2977 0
2978 0.003
2979 0.014
2980 0.004
2981 0.026
2982 0.001
2983 0.027
2984 0.156
2985 0.013
2986 0.001
2987 0.103
2988 0.108
2989 0.103
2990 0.053
2991 0.004
2992 0.257
2993 0.519
2994 0.01
2995 0.034
2996 0.003
2997 0.756
2998 0.006
2999 0
3000 0.275
3001 0.813
3002 0.001
3003 0.056
3004 0.894
3005 0.129
3006 0.58
3007 0.565
3008 0
3009 0.007
3010 0.208
3011 0.833
3012 0.12
3013 0.001
3014 0.699
3015 0.456
3016 0.24
3017 0.014
3018 0.009
3019 0.165
3020 0.127
3021 0.794
3022 0.355
3023 0.005
3024 0
3025 0.06
3026 0.036
3027 0.494
3028 0.326
3029 0.083
3030 0.301
3031 0.4
3032 0.062
3033 0
3034 0
3035 0.405
3036 0
3037 0.044
3038 0.004
3039 0.025
3040 0.322
3041 0.486
3042 0.018
3043 0.882
3044 0.274
3045 0.165
3046 0.796
3047 0.753
3048 0.133
3049 0
3050 0.681
3051 0.3
3052 0.677
3053 0.454
3054 0.016
3055 0.683
3056 0.349
3057 0.193
3058 0.001
3059 0.404
3060 0.007
3061 0
3062 0.185
3063 0.587
3064 0.178
3065 0.018
3066 0.066
3067 0.437
3068 0.005
3069 0.003
3070 0.545
3071 0
3072 0.21
3073 0.199
3074 0.167
3075 0.006
3076 0.003
3077 0.295
3078 0.438
3079 0.041
3080 0.048
3081 0.011
3082 0.001
3083 0.12
3084 0.115
3085 0.257
3086 0.446
3087 0.058
3088 0.072
3089 0.086
3090 0
3091 0
3092 0.714
3093 0.002
3094 0.252
3095 0.486
3096 0.032
3097 0.498
3098 0.28
3099 0.069
3100 0.173
3101 0
3102 0.362
3103 0.001
3104 0.262
3105 0.283
3106 0.256
3107 0.064
3108 0.083
3109 0.549
3110 0.032
3111 0.245
3112 0.652
3113 0.388
3114 0.057
3115 0.233
3116 0.092
3117 0.244
3118 0.293
3119 0
3120 0.006
3121 0.928
3122 0.384
3123 0.036
3124 0.134
3125 0.004
3126 0.23
3127 0
3128 0
3129 0.154
3130 0.226
3131 0.001
3132 0.073
3133 0.515
3134 0.775
3135 0.684
3136 0.02
3137 0.008
3138 0.001
3139 0.414
3140 0.372
3141 0.402
3142 0.529
3143 0.098
3144 0.495
3145 0.651
3146 0.015
3147 0.027
3148 0.58
3149 0.736
3150 0.202
3151 0.158
3152 0.003
3153 0
3154 0.005
3155 0.001
3156 0.004
3157 0.451
3158 0.057
3159 0.672
3160 0
3161 0.904
3162 0.758
3163 0.524
3164 0.011
3165 0.098
3166 0.014
3167 0.021
3168 0.626
3169 0.839
3170 0.417
3171 0.283
3172 0.005
3173 0.194
3174 0.001
3175 0
3176 0.215
3177 0.05
3178 0.013
3179 0.579
3180 0.031
3181 0.026
3182 0.258
3183 0.562
3184 0.593
3185 0.048
3186 0.008
3187 0.17
3188 0.073
3189 0.141
3190 0.783
3191 0.622
3192 0.022
3193 0.63
3194 0.002
3195 0.09
3196 0.599
3197 0.819
3198 0
3199 0.098
3200 0
3201 0.241
3202 0.238
3203 0.309
3204 0.165
3205 0.001
3206 0.516
3207 0.017
3208 0.256
3209 0.011
3210 0.162
3211 0.002
3212 0.021
3213 0
3214 0.875
3215 0.07
3216 0.002
3217 0.017
3218 0.024
3219 0.03
3220 0.075
3221 0.006
3222 0.537
3223 0.027
3224 0.082
3225 0.129
3226 0.4
3227 0.083
3228 0.225
3229 0.002
3230 0.575
3231 0.134
3232 0.098
3233 0
3234 0.012
3235 0.393
3236 0.049
3237 0.021
3238 0.524
3239 0.363
3240 0.683
3241 0.189
3242 0.018
3243 0.496
3244 0.009
3245 0.057
3246 0.002
3247 0.382
3248 0.436
3249 0.549
3250 0.188
3251 0.175
3252 0.044
3253 0.177
3254 0
3255 0.088
3256 0.044
3257 0.046
3258 0.006
3259 0
3260 0.274
3261 0.003
3262 0.023
3263 0.07
3264 0.036
3265 0.007
3266 0.632
3267 0.002
3268 0.833
3269 0.25
3270 0.652
3271 0.119
3272 0.002
3273 0.276
3274 0.435
3275 0
3276 0.066
3277 0.575
3278 0.083
3279 0.532
3280 0.736
3281 0.02
3282 0.486
3283 0.491
3284 0.071
3285 0
3286 0.002
3287 0.594
3288 0.315
3289 0.175
3290 0.001
3291 0.151
3292 0.113
3293 0.661
3294 0.736
3295 0.029
3296 0.05
3297 0
3298 0.014
3299 0
3300 0.666
3301 0.377
3302 0.02
3303 0.196
3304 0.616
3305 0.247
3306 0.013
3307 0.063
3308 0.004
3309 0.53
3310 0.002
3311 0.021
3312 0.125
3313 0.044
3314 0.255
3315 0.199
3316 0.172
3317 0.703
3318 0.031
3319 0.029
3320 0
3321 0.01
3322 0.124
3323 0.267
3324 0.75
3325 0.289
3326 0
3327 0.1
3328 0.039
3329 0.015
3330 0
3331 0.346
3332 0.012
3333 0.382
3334 0.447
3335 0.022
3336 0.896
3337 0
3338 0.04
3339 0.343
3340 0.487
3341 0.094
3342 0.172
3343 0.082
3344 0.427
3345 0.071
3346 0.746
3347 0
3348 0.154
3349 0.024
3350 0.754
3351 0.024
3352 0.207
3353 0
3354 0.471
3355 0.107
3356 0.118
3357 0
3358 0.013
3359 0.006
3360 0.309
3361 0.772
3362 0.022
3363 0.619
3364 0.597
3365 0.118
3366 0.002
3367 0.169
3368 0.169
3369 0.285
3370 0.389
3371 0.632
3372 0
3373 0.004
3374 0.134
3375 0.851
3376 0.795
3377 0.337
3378 0.006
3379 0.149
3380 0.154
3381 0
3382 0.861
3383 0.057
3384 0.355
3385 0.047
3386 0.604
3387 0.053
3388 0.613
3389 0.57
3390 0.001
3391 0.031
3392 0
3393 0.601
3394 0.004
3395 0
3396 0
3397 0.035
3398 0.234
3399 0.031
3400 0.004
3401 0
3402 0.652
3403 0.485
3404 0.47
3405 0.289
3406 0.002
3407 0.531
3408 0.084
3409 0.14
3410 0.36
3411 0.01
3412 0
3413 0.531
3414 0.202
3415 0.576
3416 0.008
3417 0.246
3418 0.003
3419 0.008
3420 0.048
3421 0.25
3422 0.045
3423 0.025
3424 0.03
3425 0.677
3426 0.009
3427 0.432
3428 0.016
3429 0.007
3430 0
3431 0.047
3432 0
3433 0.005
3434 0.002
3435 0.001
3436 0
3437 0.821
3438 0.01
3439 0.827
3440 0.127
3441 0.002
3442 0.512
3443 0.376
3444 0
3445 0
3446 0.258
3447 0.627
3448 0.199
3449 0.341
3450 0.124
3451 0.76
3452 0
3453 0.456
3454 0.509
3455 0.065
3456 0.055
3457 0
3458 0.515
3459 0.299
3460 0.455
3461 0.008
3462 0
3463 0.088
3464 0.452
3465 0.014
3466 0.067
3467 0.184
3468 0.467
3469 0.588
3470 0.52
3471 0.519
3472 0.028
3473 0.423
3474 0.804
3475 0.087
3476 0.214
3477 0.075
3478 0.023
3479 0.659
3480 0.553
3481 0.004
3482 0.187
3483 0
3484 0.017
3485 0.185
3486 0.025
3487 0.121
3488 0.193
3489 0.134
3490 0.001
3491 0.151
3492 0.038
3493 0.013
3494 0.246
3495 0.007
3496 0.666
3497 0.427
3498 0.222
3499 0.074
3500 0.726
3501 0.411
3502 0.003
3503 0.373
3504 0.523
3505 0.401
3506 0.007
3507 0.313
3508 0.018
3509 0
3510 0.295
3511 0.188
3512 0.083
3513 0.285
3514 0.501
3515 0.051
3516 0.136
3517 0.656
3518 0.078
3519 0.082
3520 0.084
3521 0.851
3522 0.018
3523 0.066
3524 0.001
3525 0
3526 0.003
3527 0.197
3528 0.086
3529 0.084
3530 0
3531 0.074
3532 0.083
3533 0.144
3534 0
3535 0
3536 0.135
3537 0.094
3538 0.185
3539 0.038
3540 0.075
3541 0.272
3542 0.035
3543 0
3544 0.005
3545 0.606
3546 0.254
3547 0.077
3548 0
3549 0.002
3550 0
3551 0.019
3552 0.221
3553 0.554
3554 0.013
3555 0.304
3556 0.075
3557 0.036
3558 0.387
3559 0.018
3560 0.182
3561 0.077
3562 0
3563 0.86
3564 0.033
3565 0.331
3566 0.092
3567 0.039
3568 0
3569 0.214
3570 0.008
3571 0.061
3572 0.045
3573 0.201
3574 0.007
3575 0.009
3576 0
3577 0.016
3578 0.518
3579 0.279
3580 0.064
3581 0.143
3582 0.001
3583 0.261
3584 0.012
3585 0.232
3586 0.066
3587 0
3588 0.269
3589 0.006
3590 0.886
3591 0.075
3592 0.419
3593 0.752
3594 0.203
3595 0.027
3596 0.213
3597 0.003
3598 0.054
3599 0.003
3600 0.03
3601 0.281
3602 0.028
3603 0.022
3604 0.277
3605 0.931
3606 0.587
3607 0.154
3608 0.514
3609 0.045
3610 0.87
3611 0
3612 0.006
3613 0
3614 0.167
3615 0.058
3616 0
3617 0.217
3618 0.02
3619 0.012
3620 0.207
3621 0.297
3622 0.219
3623 0.112
3624 0.106
3625 0.36
3626 0
3627 0.001
3628 0.323
3629 0.002
3630 0.927
3631 0.338
3632 0.016
3633 0.849
3634 0
3635 0.578
3636 0.013
3637 0.563
3638 0.544
3639 0.125
3640 0.003
3641 0.317
3642 0.307
3643 0.091
3644 0.417
3645 0.172
3646 0.246
3647 0.212
3648 0
3649 0.459
3650 0.529
3651 0
3652 0.599
3653 0.008
3654 0
3655 0.018
3656 0.023
3657 0.001
3658 0.003
3659 0.002
3660 0.199
3661 0.005
3662 0.076
3663 0.314
3664 0.141
3665 0
3666 0.011
3667 0.303
3668 0.63
3669 0
3670 0.275
3671 0.001
3672 0.645
3673 0.122
3674 0.186
3675 0.104
3676 0.748
3677 0.022
3678 0.083
3679 0
3680 0.005
3681 0.059
3682 0.005
3683 0.124
3684 0
3685 0.169
3686 0.901
3687 0.044
3688 0.591
3689 0.193
3690 0.005
3691 0.001
3692 0.159
3693 0.603
3694 0.273
3695 0.33
3696 0.288
3697 0.252
3698 0.037
3699 0.966
3700 0.709
3701 0.007
3702 0
3703 0.678
3704 0.715
3705 0.099
3706 0.116
3707 0.433
3708 0.003
3709 0.077
3710 0.809
3711 0
3712 0.006
3713 0.102
3714 0.094
3715 0.43
3716 0.642
3717 0.037
3718 0.536
3719 0.246
3720 0.054
3721 0.024
3722 0.302
3723 0.495
3724 0.599
3725 0.51
3726 0.056
3727 0.804
3728 0.429
3729 0.628
3730 0.292
3731 0.649
3732 0.177
3733 0.232
3734 0.518
3735 0.851
3736 0.341
3737 0.588
3738 0
3739 0.131
3740 0.07
3741 0.054
3742 0.001
3743 0.02
3744 0.771
3745 0.167
3746 0.595
3747 0.185
3748 0.238
3749 0.457
3750 0.289
3751 0.552
3752 0.75
3753 0.001
3754 0.04
3755 0.365
3756 0
3757 0.396
3758 0.063
3759 0.031
3760 0.061
3761 0.214
3762 0.043
3763 0.001
3764 0
3765 0
3766 0.001
3767 0.737
3768 0.006
3769 0.001
3770 0.048
3771 0.029
3772 0.166
3773 0.209
3774 0.29
3775 0.282
3776 0.18
3777 0
3778 0.407
3779 0.145
3780 0
3781 0.18
3782 0.611
3783 0.115
3784 0.03
3785 0.003
3786 0.473
3787 0.123
3788 0.639
3789 0
3790 0.068
3791 0.619
3792 0.455
3793 0.01
3794 0
3795 0.425
3796 0.005
3797 0.136
3798 0.016
3799 0.097
3800 0.07
3801 0.395
3802 0.041
3803 0.196
3804 0.61
3805 0.051
3806 0.735
3807 0.005
3808 0.043
3809 0.492
3810 0.781
3811 0.044
3812 0.251
3813 0.16
3814 0.098
3815 0.534
3816 0.035
3817 0.439
3818 0.096
3819 0.451
3820 0
3821 0.161
3822 0.116
3823 0.069
3824 0.009
3825 0.001
3826 0
3827 0.126
3828 0
3829 0
3830 0.007
3831 0.001
3832 0.01
3833 0.464
3834 0.387
3835 0.752
3836 0.273
3837 0.001
3838 0.472
3839 0.568
3840 0.439
3841 0.668
3842 0.073
3843 0.323
3844 0.398
3845 0.855
3846 0.535
3847 0.004
3848 0.117
3849 0.194
3850 0.072
3851 0.25
3852 0.068
3853 0.008
3854 0.351
3855 0.619
3856 0.065
3857 0.67
3858 0.042
3859 0.185
3860 0.023
3861 0.152
3862 0.035
3863 0.116
3864 0.002
3865 0.308
3866 0.264
3867 0.039
3868 0.015
3869 0.312
3870 0.389
3871 0
3872 0.511
3873 0.396
3874 0.619
3875 0.061
3876 0.052
3877 0.949
3878 0.173
3879 0.165
3880 0.34
3881 0.003
3882 0.024
3883 0
3884 0.254
3885 0.137
3886 0.045
3887 0
3888 0.098
3889 0.033
3890 0.075
3891 0.005
3892 0
3893 0.04
3894 0.12
3895 0.036
3896 0.848
3897 0.669
3898 0.088
3899 0.001
3900 0.051
3901 0.726
3902 0.031
3903 0.182
3904 0.078
3905 0.464
3906 0.13
3907 0.049
3908 0.029
3909 0.041
3910 0.004
3911 0.551
3912 0.031
3913 0.002
3914 0.012
3915 0.311
3916 0
3917 0.164
3918 0.082
3919 0.021
3920 0.012
3921 0.004
3922 0.778
3923 0.241
3924 0.008
3925 0.013
3926 0.333
3927 0.023
3928 0.01
3929 0.193
3930 0.004
3931 0.019
3932 0
3933 0
3934 0.004
3935 0.005
3936 0.141
3937 0.033
3938 0.063
3939 0.01
3940 0.006
3941 0.409
3942 0.537
3943 0.211
3944 0.409
3945 0.086
3946 0.047
3947 0
3948 0.109
3949 0.143
3950 0.024
3951 0
3952 0.002
3953 0.099
3954 0.331
3955 0.484
3956 0
3957 0.197
3958 0.629
3959 0.007
3960 0.003
3961 0.146
3962 0.41
3963 0.399
3964 0.002
3965 0.02
3966 0.336
3967 0.081
3968 0.507
3969 0.172
3970 0.374
3971 0.608
3972 0.356
3973 0.55
3974 0.677
3975 0.127
3976 0.022
3977 0.003
3978 0.419
3979 0
3980 0.313
3981 0.629
3982 0.185
3983 0
3984 0.561
3985 0.005
3986 0.026
3987 0.044
3988 0
3989 0.205
3990 0.397
3991 0.305
3992 0.045
3993 0.261
3994 0.028
3995 0.022
3996 0.036
3997 0.103
3998 0.598
3999 0.69
4000 0.906
4001 0.005
4002 0.005
4003 0.173
4004 0.653
4005 0.002
4006 0
4007 0.018
4008 0.026
4009 0.912
4010 0.015
4011 0.022
4012 0.191
4013 0.513
4014 0.002
4015 0.529
4016 0.754
4017 0.643
4018 0.174
4019 0.735
4020 0.008
4021 0.636
4022 0.112
4023 0
4024 0.12
4025 0.109
4026 0.492
4027 0.26
4028 0.013
4029 0
4030 0.306
4031 0.052
4032 0.111
4033 0.132
4034 0.688
4035 0.177
4036 0.003
4037 0.011
4038 0.367
4039 0.135
4040 0.05
4041 0.002
4042 0.03
4043 0.004
4044 0.005
4045 0.159
4046 0.104
4047 0.001
4048 0.002
4049 0
4050 0.041
4051 0
4052 0
4053 0
4054 0.002
4055 0.265
4056 0.647
4057 0.252
4058 0.066
4059 0.301
4060 0.341
4061 0
4062 0.008
4063 0.031
4064 0.421
4065 0.001
4066 0.034
4067 0.219
4068 0.266
4069 0
4070 0.15
4071 0.273
4072 0.168
4073 0.036
4074 0
4075 0.18
4076 0.38
4077 0.241
4078 0
4079 0.1
4080 0.004
4081 0.655
4082 0.316
4083 0.051
4084 0.013
4085 0.41
4086 0.452
4087 0.184
4088 0.092
4089 0
4090 0.001
4091 0.011
4092 0.145
4093 0.198
4094 0.674
4095 0.207
4096 0.001
4097 0.015
4098 0.069
4099 0.301
4100 0.459
4101 0
4102 0.318
4103 0.174
4104 0.127
4105 0.048
4106 0.062
4107 0.178
4108 0.51
4109 0
4110 0.704
4111 0.464
4112 0.083
4113 0.434
4114 0.452
4115 0.124
4116 0.014
4117 0.543
4118 0.205
4119 0.007
4120 0.234
4121 0.715
4122 0.002
4123 0.003
4124 0.107
4125 0.568
4126 0.052
4127 0.146
4128 0.229
4129 0.876
4130 0.524
4131 0.18
4132 0
4133 0.378
4134 0
4135 0.782
4136 0.001
4137 0.537
4138 0.506
4139 0.001
4140 0.202
4141 0.006
4142 0.347
4143 0.004
4144 0.167
4145 0.557
4146 0.281
4147 0.002
4148 0.223
4149 0.13
4150 0.546
4151 0
4152 0.299
4153 0.15
4154 0
4155 0.168
4156 0.227
4157 0.037
4158 0
4159 0.018
4160 0.619
4161 0.169
4162 0.053
4163 0.506
4164 0.404
4165 0.772
4166 0.334
4167 0.129
4168 0.002
4169 0.28
4170 0.015
4171 0.287
4172 0.213
4173 0.007
4174 0.067
4175 0
4176 0
4177 0.324
4178 0.29
4179 0.108
4180 0.328
4181 0.106
4182 0
4183 0
4184 0.767
4185 0.291
4186 0.131
4187 0.013
4188 0.001
4189 0.672
4190 0
4191 0
4192 0.857
4193 0.34
4194 0.437
4195 0.046
4196 0.138
4197 0.024
4198 0.789
4199 0.007
4200 0.255
4201 0.671
4202 0.607
4203 0
4204 0.044
4205 0
4206 0.315
4207 0.013
4208 0.638
4209 0.01
4210 0.094
4211 0.038
4212 0.002
4213 0.121
4214 0.617
4215 0.047
4216 0.461
4217 0.014
4218 0.249
4219 0.294
4220 0
4221 0.83
4222 0.005
4223 0.76
4224 0.45
4225 0.031
4226 0.059
4227 0.058
4228 0.198
4229 0.566
4230 0.001
4231 0.358
4232 0.001
4233 0.011
4234 0.408
4235 0.638
4236 0.004
4237 0.732
4238 0
4239 0.007
4240 0.457
4241 0.047
4242 0.381
4243 0.077
4244 0.483
4245 0.001
4246 0.875
4247 0.117
4248 0.614
4249 0.553
4250 0.044
4251 0.021
4252 0.563
4253 0.213
4254 0.689
4255 0.004
4256 0.023
4257 0
4258 0.017
4259 0.049
4260 0.797
4261 0.66
4262 0.001
4263 0.019
4264 0
4265 0.214
4266 0.728
4267 0.501
4268 0.352
4269 0
4270 0.001
4271 0.002
4272 0
4273 0.605
4274 0.807
4275 0.004
4276 0.427
4277 0.346
4278 0.239
4279 0.038
4280 0.435
4281 0.002
4282 0.271
4283 0.33
4284 0.68
4285 0.024
4286 0.372
4287 0
4288 0.004
4289 0
4290 0.007
4291 0
4292 0.176
4293 0.061
4294 0.181
4295 0
4296 0.113
4297 0.289
4298 0.128
4299 0.004
4300 0.567
4301 0
4302 0.005
4303 0.546
4304 0
4305 0.023
4306 0.337
4307 0.002
4308 0.312
4309 0.748
4310 0
4311 0.181
4312 0.345
4313 0.496
4314 0
4315 0.285
4316 0.536
4317 0.487
4318 0
4319 0.069
4320 0.159
4321 0
4322 0.005
4323 0.961
4324 0.276
4325 0.026
4326 0.655
4327 0.509
4328 0.005
4329 0.029
4330 0.02
4331 0.149
4332 0.78
4333 0
4334 0.354
4335 0.059
4336 0.689
4337 0.003
4338 0.725
4339 0.681
4340 0.052
4341 0.007
4342 0.911
4343 0.001
4344 0.25
4345 0.001
4346 0.374
4347 0.009
4348 0.301
4349 0.198
4350 0.021
4351 0.126
4352 0.016
4353 0.058
4354 0.026
4355 0.314
4356 0.649
4357 0.303
4358 0.002
4359 0.829
4360 0.393
4361 0.1
4362 0.188
4363 0.002
4364 0
4365 0.164
4366 0.115
4367 0.115
4368 0.301
4369 0
4370 0
4371 0.239
4372 0.557
4373 0.003
4374 0.028
4375 0.722
4376 0.922
4377 0.305
4378 0.038
4379 0.039
4380 0.529
4381 0.007
4382 0
4383 0.091
4384 0.022
4385 0.003
4386 0.1
4387 0.228
4388 0
4389 0.228
4390 0.006
4391 0.192
4392 0.865
4393 0.014
4394 0.027
4395 0
4396 0.001
4397 0
4398 0.371
4399 0.261
4400 0.001
4401 0
4402 0.652
4403 0.17
4404 0.152
4405 0.004
4406 0.225
4407 0.042
4408 0.045
4409 0.017
4410 0.556
4411 0.009
4412 0.208
4413 0
4414 0.002
4415 0.439
4416 0
4417 0.034
4418 0.173
4419 0
4420 0.19
4421 0.529
4422 0.077
4423 0.002
4424 0.131
4425 0.036
4426 0.652
4427 0.691
4428 0.849
4429 0.82
4430 0.191
4431 0.268
4432 0.109
4433 0.095
4434 0.011
4435 0.345
4436 0.048
4437 0
4438 0.649
4439 0.483
4440 0.015
4441 0.167
4442 0.471
4443 0.021
4444 0.165
4445 0.392
4446 0.02
4447 0.001
4448 0.183
4449 0.002
4450 0.024
4451 0.415
4452 0.461
4453 0
4454 0.82
4455 0.131
4456 0.37
4457 0.007
4458 0.446
4459 0.287
4460 0.091
4461 0.359
4462 0.464
4463 0.117
4464 0.831
4465 0.795
4466 0.707
4467 0.347
4468 0.141
4469 0.157
4470 0.459
4471 0.055
4472 0
4473 0.06
4474 0.211
4475 0.534
4476 0.378
4477 0.169
4478 0
4479 0.025
4480 0.042
4481 0.072
4482 0
4483 0.536
4484 0.044
4485 0.006
4486 0.169
4487 0.023
4488 0
4489 0.035
4490 0.121
4491 0.001
4492 0.001
4493 0.066
4494 0.247
4495 0.002
4496 0.004
4497 0.825
4498 0.125
4499 0.398
4500 0.085
4501 0.346
4502 0.744
4503 0.406
4504 0.677
4505 0.454
4506 0.903
4507 0.148
4508 0.142
4509 0.309
4510 0.438
4511 0.279
4512 0
4513 0.038
4514 0.486
4515 0.002
4516 0.188
4517 0.034
4518 0.322
4519 0.296
4520 0.73
4521 0.049
4522 0.466
4523 0.009
4524 0.162
4525 0.666
4526 0.453
4527 0.534
4528 0.757
4529 0.172
4530 0.8
4531 0.001
4532 0.282
4533 0.113
4534 0.007
4535 0.032
4536 0.534
4537 0.16
4538 0
4539 0.142
4540 0.69
4541 0.01
4542 0.069
4543 0.462
4544 0.01
4545 0.629
4546 0.216
4547 0.005
4548 0.267
4549 0.136
4550 0.041
4551 0.017
4552 0.687
4553 0.617
4554 0.243
4555 0.021
4556 0.048
4557 0.216
4558 0
4559 0.079
4560 0.348
4561 0.007
4562 0.049
4563 0.017
4564 0.473
4565 0.067
4566 0.02
4567 0.012
4568 0.051
4569 0.201
4570 0.073
4571 0.079
4572 0.014
4573 0.188
4574 0.018
4575 0.007
4576 0.055
4577 0.153
4578 0.113
4579 0.226
4580 0.012
4581 0.031
4582 0.076
4583 0.003
4584 0.341
4585 0.006
4586 0.112
4587 0.801
4588 0.74
4589 0.153
4590 0.085
4591 0.067
4592 0.029
4593 0.731
4594 0.243
4595 0.001
4596 0.484
4597 0.195
4598 0
4599 0.008
4600 0.023
4601 0.331
4602 0.026
4603 0.02
4604 0.137
4605 0.162
4606 0.788
4607 0.579
4608 0.727
4609 0.136
4610 0.273
4611 0.402
4612 0.094
4613 0.758
4614 0.068
4615 0.547
4616 0.001
4617 0.104
4618 0.081
4619 0.194
4620 0.231
4621 0.363
4622 0.136
4623 0.01
4624 0.233
4625 0.006
4626 0
4627 0.004
4628 0.036
4629 0.123
4630 0.038
4631 0.285
4632 0
4633 0.204
4634 0.002
4635 0.041
4636 0.091
4637 0.102
4638 0.75
4639 0.013
4640 0.876
4641 0.046
4642 0.455
4643 0.106
4644 0.404
4645 0.005
4646 0.174
4647 0.193
4648 0.022
4649 0.805
4650 0.214
4651 0.861
4652 0.525
4653 0.051
4654 0.519
4655 0.423
4656 0.164
4657 0
4658 0
4659 0
4660 0.397
4661 0
4662 0.14
4663 0.193
4664 0.693
4665 0.637
4666 0.015
4667 0.063
4668 0.654
4669 0.386
4670 0.38
4671 0.552
4672 0.057
4673 0.223
4674 0
4675 0.062
4676 0.515
4677 0.651
4678 0.027
4679 0
4680 0.096
4681 0.647
4682 0.018
4683 0.344
4684 0.159
4685 0.011
4686 0.213
4687 0.01
4688 0.022
4689 0.162
4690 0.001
4691 0.036
4692 0.74
4693 0.01
4694 0.314
4695 0.042
4696 0.001
4697 0.469
4698 0.722
4699 0.117
4700 0.377
4701 0.099
4702 0.737
4703 0.16
4704 0
4705 0.78
4706 0.239
4707 0.001
4708 0.653
4709 0.28
4710 0.014
4711 0.193
4712 0.102
4713 0
4714 0.155
4715 0.687
4716 0.749
4717 0.656
4718 0.069
4719 0.051
4720 0.808
4721 0.025
4722 0
4723 0.018
4724 0
4725 0.252
4726 0.742
4727 0.831
4728 0.31
4729 0
4730 0
4731 0.177
4732 0.307
4733 0.196
4734 0.148
4735 0.375
4736 0.514
4737 0.793
4738 0.215
4739 0.593
4740 0.001
4741 0.531
4742 0.582
4743 0.091
4744 0.007
4745 0.027
4746 0.051
4747 0.217
4748 0.201
4749 0.004
4750 0.197
4751 0.03
4752 0.26
4753 0.292
4754 0.165
4755 0.692
4756 0.191
4757 0.21
4758 0.13
4759 0.033
4760 0.02
4761 0.246
4762 0.178
4763 0.072
4764 0.559
4765 0.032
4766 0.491
4767 0.002
4768 0.218
4769 0.075
4770 0.023
4771 0
4772 0.552
4773 0.615
4774 0.211
4775 0
4776 0.039
4777 0.866
4778 0.214
4779 0.291
4780 0.434
4781 0.036
4782 0.107
4783 0.009
4784 0
4785 0.084
4786 0.6
4787 0.001
4788 0.06
4789 0.013
4790 0.009
4791 0.574
4792 0.002
4793 0.024
4794 0.006
4795 0.077
4796 0.065
4797 0.271
4798 0.01
4799 0.075
4800 0.024
4801 0
4802 0.581
4803 0
4804 0.014
4805 0.011
4806 0.097
4807 0.13
4808 0
4809 0.023
4810 0.049
4811 0.055
4812 0
4813 0.64
4814 0.097
4815 0.005
4816 0
4817 0.071
4818 0.268
4819 0.006
4820 0.031
4821 0.068
4822 0.093
4823 0.053
4824 0.026
4825 0.647
4826 0.008
4827 0.351
4828 0
4829 0.31
4830 0.047
4831 0.13
4832 0.252
4833 0
4834 0.1
4835 0.826
4836 0.065
4837 0.89
4838 0.149
4839 0.171
4840 0.004
4841 0.478
4842 0.06
4843 0.24
4844 0.198
4845 0.001
4846 0.629
4847 0.033
4848 0.758
4849 0
4850 0.139
4851 0.125
4852 0.019
4853 0.017
4854 0.125
4855 0.06
4856 0.02
4857 0.007
4858 0
4859 0
4860 0.005
4861 0.473
4862 0.092
4863 0.116
4864 0
4865 0.166
4866 0.213
4867 0.604
4868 0.702
4869 0.289
4870 0.872
4871 0.002
4872 0.054
4873 0.013
4874 0.005
4875 0.022
4876 0.777
4877 0.611
4878 0
4879 0.035
4880 0.028
4881 0.647
4882 0.023
4883 0.179
4884 0.051
4885 0.173
4886 0.369
4887 0.073
4888 0.843
4889 0.112
4890 0.692
4891 0.286
4892 0.346
4893 0.157
4894 0.028
4895 0.304
4896 0.001
4897 0.059
4898 0
4899 0.001
4900 0.07
4901 0.036
4902 0.019
4903 0.024
4904 0.627
4905 0.107
4906 0.813
4907 0.663
4908 0.324
4909 0.408
4910 0.827
4911 0.023
4912 0.862
4913 0.011
4914 0.563
4915 0.004
4916 0.02
4917 0.05
4918 0.153
4919 0
4920 0.184
4921 0.005
4922 0.178
4923 0.009
4924 0.594
4925 0.015
4926 0.205
4927 0.447
4928 0.051
4929 0.019
4930 0.245
4931 0.119
4932 0.454
4933 0.716
4934 0.28
4935 0.056
4936 0.182
4937 0.01
4938 0.407
4939 0.708
4940 0.036
4941 0.959
4942 0.345
4943 0.019
4944 0.079
4945 0.531
4946 0.047
4947 0.116
4948 0.002
4949 0.022
4950 0.002
4951 0.765
4952 0.587
4953 0.249
4954 0.026
4955 0.044
4956 0.804
4957 0.611
4958 0.543
4959 0
4960 0.076
4961 0.592
4962 0.438
4963 0.774
4964 0.097
4965 0.457
4966 0.662
4967 0.086
4968 0.135
4969 0.072
4970 0.132
4971 0.195
4972 0.273
4973 0.204
4974 0.014
4975 0.466
4976 0.09
4977 0.265
4978 0.003
4979 0.012
4980 0.086
4981 0.043
4982 0.001
4983 0.002
4984 0.65
4985 0.044
4986 0.015
4987 0.03
4988 0.005
4989 0.767
4990 0
4991 0.123
4992 0.002
4993 0.328
4994 0.123
4995 0.725
4996 0.755
4997 0.159
4998 0.045
4999 0
5000 0
