1 0.4662799
2 0.67802
3 0.6569347
4 0.4999118
5 0.93973
6 0.2538632
7 0.7441936
8 0.2025097
9 0.9216039
10 0.422682
11 0.06518491
12 0.5707975
13 0.9383468
14 0.07484903
15 0.894438
16 0.1798081
17 0.6206458
18 0.5447535
19 0.6168909
20 0.7256344
21 0.7738563
22 0.2924878
23 0.2660784
24 0.6948911
25 0.2510775
26 0.1164195
27 0.7485201
28 0.3550132
29 0.4249352
30 0.8502132
31 0.3353639
32 0.2867357
33 0.7510549
34 0.8874082
35 0.1235936
36 0.2479967
37 0.2796018
38 0.3194729
39 0.9441328
40 0.4472708
41 0.9128584
42 0.9474197
43 0.1630996
44 0.8703877
45 0.7549432
46 0.7500841
47 0.2200437
48 0.06826958
49 0.9081329
50 0.6830086
51 0.7687237
52 0.8510414
53 0.886929
54 0.6374404
55 0.3736776
56 0.03218904
57 0.0928222
58 0.8597643
59 0.1374622
60 0.78372
61 0.07043401
62 0.005082795
63 0.5340806
64 0.6791833
65 0.9761072
66 0.2604227
67 0.1064121
68 0.3555545
69 0.3022326
70 0.809155
71 0.1830945
72 0.2597626
73 0.5639674
74 0.9622976
75 0.960712
76 0.06421583
77 0.5256541
78 0.7316271
79 0.6706525
80 0.8253222
81 0.6690696
82 0.4292617
83 0.1924042
84 0.3998716
85 0.5838304
86 0.6910833
87 0.142769
88 0.8017575
89 0.650151
90 0.006037446
91 0.4018585
92 0.2074205
93 0.05026842
94 0.4662992
95 0.2956163
96 0.4332134
97 0.5541415
98 0.7559992
99 0.3933638
100 0.7560901
101 0.5653067
102 0.666342
103 0.6571764
104 0.2085327
105 0.9481051
106 0.0425769
107 0.3081287
108 0.5843945
109 0.6029568
110 0.006591999
111 0.9003654
112 0.2625784
113 0.9590908
114 0.05571344
115 0.07600036
116 0.3244795
117 0.9400236
118 0.1239163
119 0.23787
120 0.1759349
121 0.4966933
122 0.4005309
123 0.5689944
124 0.7994002
125 0.7487021
126 0.9222482
127 0.8394135
128 0.800251
129 0.02345052
130 0.9721204
131 0.05359268
132 0.4874399
133 0.7234415
134 0.6257115
135 0.1182065
136 0.4639635
137 0.2387282
138 0.02981615
139 0.8598084
140 0.9603905
141 0.7802081
142 0.6598249
143 0.2877584
144 0.4267324
145 0.5295448
146 0.7229062
147 0.7368255
148 0.1209193
149 0.5252959
150 0.228524
151 0.3091213
152 0.6211628
153 0.5982785
154 0.9397715
155 0.5501518
156 0.08133085
157 0.8790798
158 0.04216463
159 0.0105013
160 0.8423629
161 0.2116815
162 0.7517251
163 0.9996946
164 0.3569012
165 0.3632051
166 0.4457952
167 0.8459908
168 0.6799923
169 0.7657035
170 0.5329232
171 0.7555581
172 0.7878668
173 0.2500312
174 0.1362849
175 0.9683599
176 0.7626234
177 0.03267137
178 0.7093549
179 0.07744587
180 0.9752706
181 0.6732532
182 0.1858208
183 0.3499265
184 0.7306687
185 0.2263456
186 0.9723929
187 0.4557208
188 0.4382395
189 0.6103907
190 0.7328188
191 0.8903622
192 0.3933661
193 0.06137859
194 0.005187603
195 0.113888
196 0.5728541
197 0.8425951
198 0.2787414
199 0.8503475
200 0.5720722
201 0.7128419
202 0.2452306
203 0.4732242
204 0.2767701
205 0.7338591
206 0.9565694
207 0.6978395
208 0.5958415
209 0.4634126
210 0.5886917
211 0.9836929
212 0.7953643
213 0.970267
214 0.2749573
215 0.165584
216 0.4611517
217 0.1663649
218 0.2642572
219 0.3087527
220 0.9037978
221 0.2451502
222 0.2971193
223 0.7955946
224 0.4261803
225 0.5890134
226 0.163591
227 0.7194719
228 0.3595978
229 0.7376571
230 0.04938264
231 0.429289
232 0.4592095
233 0.3064924
234 0.737726
235 0.6862348
236 0.1988542
237 0.4580692
238 0.385547
239 0.5962085
240 0.5550967
241 0.8661252
242 0.6267316
243 0.3324315
244 0.6847537
245 0.131551
246 0.1751812
247 0.8468381
248 0.2890593
249 0.0815435
250 0.02362724
251 0.186261
252 0.9641047
253 0.7122176
254 0.7204949
255 0.575052
256 0.0936856
257 0.7161811
258 0.2502131
259 0.1836764
260 0.4646681
261 0.7727121
262 0.000327354
263 0.7655903
264 0.457757
265 0.7984713
266 0.6485194
267 0.788039
268 0.3648305
269 0.9498187
270 0.8949952
271 0.4065816
272 0.7698327
273 0.2212032
274 0.8755038
275 0.8984984
276 0.7983846
277 0.1319018
278 0.6249582
279 0.251654
280 0.3311777
281 0.6229797
282 0.6500076
283 0.3649333
284 0.6851182
285 0.08285384
286 0.9518784
287 0.8505973
288 0.7590342
289 0.3134496
290 0.9357259
291 0.4126928
292 0.5917999
293 0.6728018
294 0.7490823
295 0.7174759
296 0.518523
297 0.4334991
298 0.4228214
299 0.04734359
300 0.1801666
301 0.6015544
302 0.9402405
303 0.06833023
304 0.7572478
305 0.424032
306 0.2877216
307 0.09020181
308 0.9206393
309 0.6458794
310 0.2077856
311 0.1797773
312 0.8395625
313 0.4443057
314 0.7510188
315 0.9264974
316 0.6468653
317 0.510364
318 0.2821421
319 0.3527653
320 0.3069444
321 0.518082
322 0.8875379
323 0.9131349
324 0.3511489
325 0.1489795
326 0.3992687
327 0.9162638
328 0.8756139
329 0.7282139
330 0.1661266
331 0.1422798
332 0.245795
333 0.3048066
334 0.4744864
335 0.9894187
336 0.7550059
337 0.2229165
338 0.2691976
339 0.6973054
340 0.3090087
341 0.6418135
342 0.9373087
343 0.7528106
344 0.6820295
345 0.5905014
346 0.05793275
347 0.7515793
348 0.4448678
349 0.7626948
350 0.01491488
351 0.1973763
352 0.5181311
353 0.9078205
354 0.8504241
355 0.9012552
356 0.4945994
357 0.7609956
358 0.8726197
359 0.118706
360 0.6177857
361 0.6687448
362 0.7880985
363 0.9135289
364 0.3213579
365 0.1789685
366 0.8347182
367 0.5350371
368 0.6502458
369 0.8137703
370 0.950144
371 0.6369292
372 0.1960646
373 0.6822025
374 0.4883281
375 0.8003924
376 0.2400168
377 0.04733598
378 0.9106158
379 0.9581133
380 0.8049775
381 0.5491062
382 0.5370374
383 0.1319529
384 0.4585215
385 0.3493556
386 0.3836714
387 0.5486349
388 0.2451195
389 0.05318497
390 0.7867076
391 0.2132706
392 0.3503223
393 0.195935
394 0.01703071
395 0.6318157
396 0.03691795
397 0.1474132
398 0.5088023
399 0.1824441
400 0.6474547
401 0.1483451
402 0.9138197
403 0.07025324
404 0.8046604
405 0.09202895
406 0.03602648
407 0.4399731
408 0.7599079
409 0.5289234
410 0.09219454
411 0.0814109
412 0.5379935
413 0.7504735
414 0.2111217
415 0.02565998
416 0.07079578
417 0.5655783
418 0.7728467
419 0.7820971
420 0.7044252
421 0.5084624
422 0.564354
423 0.8729881
424 0.7045265
425 0.2198978
426 0.6276812
427 0.1486119
428 0.3261522
429 0.2908367
430 0.03951567
431 0.6002967
432 0.3462429
433 0.8340505
434 0.9684543
435 0.8920558
436 0.1288942
437 0.774214
438 0.04122768
439 0.7079099
440 0.5380608
441 0.9221438
442 0.3213765
443 0.8670328
444 0.04982907
445 0.2217708
446 0.9556292
447 0.107087
448 0.9030916
449 0.003857977
450 0.8395703
451 0.5033027
452 0.6101901
453 0.3750382
454 0.3789499
455 0.4475456
456 0.5923471
457 0.7769844
458 0.09844709
459 0.3002918
460 0.9284335
461 0.2891591
462 0.3269526
463 0.2046526
464 0.155374
465 0.4510654
466 0.1682133
467 0.7425867
468 0.1774756
469 0.9538739
470 0.249531
471 0.5125947
472 0.8877184
473 0.7579476
474 0.1932364
475 0.04292472
476 0.03798072
477 0.6711285
478 0.5236473
479 0.5896958
480 0.5569328
481 0.8677225
482 0.5980454
483 0.7361022
484 0.5556747
485 0.03595224
486 0.9830469
487 0.7765732
488 0.2687762
489 0.609571
490 0.6835623
491 0.5268128
492 0.6036391
493 0.1526791
494 0.3655516
495 0.7273316
496 0.2336593
497 0.4653541
498 0.5385541
499 0.3435348
500 0.2963931
501 0.3878606
502 0.4041788
503 0.5299032
504 0.9364666
505 0.6146601
506 0.6636978
507 0.7228698
508 0.028647
509 0.1552953
510 0.06553129
511 0.8582999
512 0.5833578
513 0.9435978
514 0.2223905
515 0.2366101
516 0.2403454
517 0.7209152
518 0.9169045
519 0.1651646
520 0.2936762
521 0.05398085
522 0.198647
523 0.1559712
524 0.2229103
525 0.8655786
526 0.8790629
527 0.1842998
528 0.1225323
529 0.8952443
530 0.3843923
531 0.3749089
532 0.690744
533 0.756983
534 0.3085609
535 0.8846272
536 0.8068157
537 0.0281581
538 0.472068
539 0.58057
540 0.908738
541 0.2218198
542 0.3670655
543 0.4213986
544 0.4709717
545 0.3348618
546 0.6210409
547 0.1760575
548 0.1614811
549 0.7340629
550 0.8848565
551 0.2943298
552 0.0354868
553 0.6168385
554 0.1827245
555 0.03511923
556 0.9660238
557 0.323738
558 0.02497701
559 0.2545875
560 0.05136999
561 0.821335
562 0.7513847
563 0.07281161
564 0.02060343
565 0.901179
566 0.8715385
567 0.4630534
568 0.580133
569 0.9606085
570 0.9756155
571 0.1959497
572 0.3959681
573 0.6672221
574 0.9155289
575 0.004769051
576 0.9744547
577 0.8322631
578 0.6255005
579 0.6970797
580 0.5895767
581 0.3878023
582 0.999121
583 0.2198218
584 0.1484841
585 0.6080931
586 0.5600071
587 0.9391583
588 0.2292846
589 0.4831872
590 0.3543345
591 0.001883197
592 0.6536647
593 0.5275592
594 0.4756451
595 0.5529403
596 0.6057392
597 0.7847732
598 0.8493826
599 0.17654
600 0.5149066
601 0.3766868
602 0.6561599
603 0.8766554
604 0.1910774
605 0.3233961
606 0.2686663
607 0.6738597
608 0.380432
609 0.2538757
610 0.6089618
611 0.9750636
612 0.2552911
613 0.7857953
614 0.9812588
615 0.6755895
616 0.533683
617 0.2496312
618 0.6483398
619 0.7139624
620 0.6998418
621 0.4087784
622 0.4960362
623 0.6368549
624 0.7425327
625 0.109816
626 0.7533678
627 0.01006978
628 0.7641285
629 0.5173278
630 0.2348536
631 0.4588918
632 0.0254506
633 0.1679941
634 0.2754808
635 0.8685856
636 0.6134908
637 0.1749957
638 0.2313507
639 0.6521274
640 0.3492271
641 0.6527138
642 0.004965221
643 0.2206551
644 0.1908248
645 0.4415515
646 0.008987857
647 0.1541258
648 0.3359368
649 0.8459869
650 0.341945
651 0.7523244
652 0.8901716
653 0.1464964
654 0.1337801
655 0.0652085
656 0.7981815
657 0.3819124
658 0.3915905
659 0.6107562
660 0.4390514
661 0.9586177
662 0.047864
663 0.5090325
664 0.2100199
665 0.4790464
666 0.4309976
667 0.08100394
668 0.472211
669 0.6028003
670 0.3044218
671 0.9303226
672 0.6132735
673 0.8486072
674 0.8867818
675 0.6503402
676 0.1466929
677 0.7888342
678 0.799954
679 0.9152203
680 0.9117204
681 0.7352528
682 0.1259407
683 0.4100153
684 0.6489372
685 0.3295544
686 0.1234892
687 0.06629152
688 0.2287064
689 0.1449795
690 0.868463
691 0.9248909
692 0.626457
693 0.1370583
694 0.531479
695 0.3341916
696 0.401544
697 0.7844473
698 0.8270204
699 0.1617495
700 0.5830829
701 0.6504361
702 0.4173175
703 0.775833
704 0.7379021
705 0.5545786
706 0.5271706
707 0.8478289
708 0.6991754
709 0.6232083
710 0.5141575
711 0.3991446
712 0.3749389
713 0.5795692
714 0.7139226
715 0.1946595
716 0.1654907
717 0.9054172
718 0.1060955
719 0.1482438
720 0.7072593
721 0.5718545
722 0.1243474
723 0.1638113
724 0.951638
725 0.7816299
726 0.6926212
727 0.3878011
728 0.8859659
729 0.7518165
730 0.540758
731 0.8328908
732 0.0332231
733 0.3225505
734 0.425848
735 0.6584841
736 0.9837234
737 0.07864312
738 0.306593
739 0.986265
740 0.1933583
741 0.596475
742 0.1796251
743 0.2901914
744 0.4995549
745 0.06997727
746 0.1885708
747 0.6227382
748 0.8859339
749 0.1812712
750 0.2475553
751 0.1635602
752 0.7307487
753 0.5313319
754 0.1969588
755 0.3451906
756 0.9512175
757 0.4482231
758 0.3876835
759 0.769576
760 0.4748221
761 0.4811086
762 0.6999258
763 0.3695384
764 0.5033082
765 0.8957252
766 0.07901352
767 0.3140599
768 0.051422
769 0.01463963
770 0.3170373
771 0.0912471
772 0.5787004
773 0.4321389
774 0.7228797
775 0.5707106
776 0.2576575
777 0.2692454
778 0.6867573
779 0.2632964
780 0.8519059
781 0.279212
782 0.8493262
783 0.8254873
784 0.3197556
785 0.2168886
786 0.8232884
787 0.5508199
788 0.8800402
789 0.3012029
790 0.3038876
791 0.7268978
792 0.1795646
793 0.2217072
794 0.8000865
795 0.2731359
796 0.2042134
797 0.009279549
798 0.4704823
799 0.465667
800 0.01110697
801 0.992491
802 0.2215173
803 0.1933842
804 0.1986293
805 0.3164764
806 0.4739908
807 0.0300512
808 0.1107207
809 0.1793686
810 0.9910188
811 0.4562354
812 0.6728838
813 0.3276851
814 0.6382092
815 0.8385346
816 0.1937484
817 0.04041557
818 0.004243689
819 0.3537531
820 0.04012171
821 0.1614605
822 0.2509438
823 0.6156782
824 0.8324041
825 0.04918512
826 0.459839
827 0.706932
828 0.5015052
829 0.7646236
830 0.3433522
831 0.6851886
832 0.6048072
833 0.3588088
834 0.6662661
835 0.9090931
836 0.792161
837 0.4498673
838 0.5745036
839 0.8184959
840 0.8526464
841 0.09987218
842 0.6036282
843 0.0440179
844 0.08483656
845 0.7693637
846 0.1061539
847 0.1940378
848 0.7539532
849 0.7382786
850 0.7747517
851 0.8717952
852 0.9235753
853 0.684737
854 0.9825094
855 0.6889117
856 0.732868
857 0.4912237
858 0.09588679
859 0.457031
860 0.9922277
861 0.1823401
862 0.1311661
863 0.9227273
864 0.05711559
865 0.6925139
866 0.5926854
867 0.8393212
868 0.6704333
869 0.04325968
870 0.8797044
871 0.03042989
872 0.1978472
873 0.0610549
874 0.1013067
875 0.08218819
876 0.40721
877 0.5380196
878 0.2231643
879 0.5686591
880 0.4712964
881 0.2059485
882 0.453202
883 0.2730206
884 0.05881856
885 0.1270817
886 0.4448906
887 0.2580403
888 0.1659518
889 0.8589769
890 0.9186497
891 0.8635072
892 0.4605973
893 0.592272
894 0.7834651
895 0.3690232
896 0.2195371
897 0.5839841
898 0.1289785
899 0.1568476
900 0.3887692
901 0.3265738
902 0.2513689
903 0.5801908
904 0.4458199
905 0.1208534
906 0.8689627
907 0.006951355
908 0.9381039
909 0.07000078
910 0.007726572
911 0.465762
912 0.1857607
913 0.01004187
914 0.04806962
915 0.6441297
916 0.9662645
917 0.7848599
918 0.5693893
919 0.4986596
920 0.1788833
921 0.8587343
922 0.8317731
923 0.2522484
924 0.246844
925 0.9360186
926 0.500748
927 0.02198613
928 0.2877546
929 0.7336149
930 0.7414127
931 0.9467735
932 0.1126577
933 0.3160775
934 0.6619246
935 0.719762
936 0.03104696
937 0.0004944527
938 0.4201572
939 0.2947641
940 0.8408379
941 0.740841
942 0.6797941
943 0.9897917
944 0.1102439
945 0.09353189
946 0.761973
947 0.283649
948 0.6400408
949 0.8416671
950 0.7707954
951 0.9773169
952 0.1825987
953 0.7107871
954 0.9785195
955 0.3055822
956 0.6603842
957 0.5146003
958 0.9193078
959 0.3900934
960 0.7420455
961 0.312287
962 0.6658768
963 0.6835028
964 0.1058085
965 0.07581576
966 0.3135619
967 0.3212774
968 0.7231614
969 0.6005215
970 0.6110057
971 0.06949453
972 0.8719231
973 0.2650794
974 0.5449592
975 0.02406809
976 0.9707968
977 0.1417417
978 0.2523932
979 0.822248
980 0.01653892
981 0.9942374
982 0.7417187
983 0.02396245
984 0.7861171
985 0.4445256
986 0.6141309
987 0.803332
988 0.4099956
989 0.3676907
990 0.9556447
991 0.7925101
992 0.6660782
993 0.7681601
994 0.5946622
995 0.09424576
996 0.765381
997 0.3948327
998 0.5118602
999 0.5847571
1000 0.6298976
1001 0.03421436
1002 0.4006444
1003 0.6886972
1004 0.7239281
1005 0.5315236
1006 0.1345745
1007 0.3476239
1008 0.6623166
1009 0.03572813
1010 0.01289671
1011 0.4074634
1012 0.6624797
1013 0.7993153
1014 0.2913174
1015 0.07877433
1016 0.8633913
1017 0.7073972
1018 0.3068868
1019 0.6622152
1020 0.002934279
1021 0.0527528
1022 0.5133784
1023 0.8783815
1024 0.6925051
1025 0.9296686
1026 0.2743529
1027 0.2849018
1028 0.4903702
1029 0.2478647
1030 0.2300445
1031 0.9429677
1032 0.974743
1033 0.3659735
1034 0.8862523
1035 0.8569085
1036 0.8594329
1037 0.694218
1038 0.301073
1039 0.99219
1040 0.006145125
1041 0.2752123
1042 0.7200913
1043 0.1994578
1044 0.8756565
1045 0.8774137
1046 0.8851748
1047 0.93352
1048 0.9564406
1049 0.4695435
1050 0.1498846
1051 0.7063433
1052 0.5913718
1053 0.7877373
1054 0.8233258
1055 0.3765962
1056 0.376111
1057 0.2710358
1058 0.4292326
1059 0.211629
1060 0.106256
1061 0.6081518
1062 0.1101956
1063 0.1357074
1064 0.8822079
1065 0.1444318
1066 0.3537735
1067 0.4563963
1068 0.0934566
1069 0.06884798
1070 0.6983168
1071 0.2252245
1072 0.2974509
1073 0.2712846
1074 0.7201377
1075 0.9217153
1076 0.337111
1077 0.9132284
1078 0.05779266
1079 0.5781136
1080 0.465608
1081 0.4897398
1082 0.4517593
1083 0.4959876
1084 0.3047368
1085 0.8711344
1086 0.2936562
1087 0.06288221
1088 0.6889575
1089 0.8646255
1090 0.06637296
1091 0.7021596
1092 0.8962764
1093 0.7214374
1094 0.2934509
1095 0.3222726
1096 0.599912
1097 0.9688467
1098 0.1244313
1099 0.1962551
1100 0.04226487
1101 0.9947357
1102 0.9155641
1103 0.3508643
1104 0.6229997
1105 0.2791299
1106 0.9222292
1107 0.5310881
1108 0.2903826
1109 0.595687
1110 0.817209
1111 0.3628858
1112 0.7616042
1113 0.05527524
1114 0.1204599
1115 0.8189402
1116 0.3600946
1117 0.65591
1118 0.04276708
1119 0.8496772
1120 0.07512719
1121 0.003446185
1122 0.7107243
1123 0.4299228
1124 0.3401566
1125 0.5935228
1126 0.1995621
1127 0.5373737
1128 0.5395524
1129 0.2398626
1130 0.1869701
1131 0.009091649
1132 0.2114267
1133 0.2643923
1134 0.1313744
1135 0.5152268
1136 0.9090566
1137 0.2324935
1138 0.8748995
1139 0.5838361
1140 0.2053864
1141 0.2290184
1142 0.3458865
1143 0.3659077
1144 0.5389275
1145 0.2978198
1146 0.755834
1147 0.4000017
1148 0.953029
1149 0.6016203
1150 0.1885871
1151 0.3540955
1152 0.2616452
1153 0.5895267
1154 0.7945596
1155 0.4952898
1156 0.09180408
1157 0.1290494
1158 0.04243679
1159 0.186068
1160 0.6054553
1161 0.02236648
1162 0.8529715
1163 0.984882
1164 0.05408149
1165 0.3243096
1166 0.9538127
1167 0.8733601
1168 0.4661696
1169 0.83307
1170 0.7375851
1171 0.08478738
1172 0.3867818
1173 0.02882092
1174 0.4384848
1175 0.01533375
1176 0.7430041
1177 0.2572948
1178 0.7131872
1179 0.2833834
1180 0.1670846
1181 0.7874533
1182 0.7594162
1183 0.03852835
1184 0.3090423
1185 0.5443852
1186 0.03660987
1187 0.01608774
1188 0.2560867
1189 0.4982673
1190 0.4577736
1191 0.9245388
1192 0.2053896
1193 0.199966
1194 0.7289418
1195 0.6833828
1196 0.6520826
1197 0.8581655
1198 0.8156959
1199 0.3539568
1200 0.9379307
1201 0.5714981
1202 0.8045532
1203 0.3844708
1204 0.8326216
1205 0.3425995
1206 0.5680555
1207 0.3359076
1208 0.4029423
1209 0.04512554
1210 0.3819143
1211 0.3514249
1212 0.1161058
1213 0.9707483
1214 0.1137089
1215 0.8926318
1216 0.5237124
1217 0.0632196
1218 0.7063571
1219 0.7976507
1220 0.2521572
1221 0.1462815
1222 0.4640071
1223 0.8580891
1224 0.3842755
1225 0.7857583
1226 0.009016632
1227 0.5109318
1228 0.6034668
1229 0.228894
1230 0.1865299
1231 0.7130596
1232 0.4060363
1233 0.5350408
1234 0.4362782
1235 0.07727157
1236 0.9340446
1237 0.8515234
1238 0.4441461
1239 0.02806078
1240 0.8041197
1241 0.8312106
1242 0.2334795
1243 0.7248489
1244 0.5230854
1245 0.7111825
1246 0.4901328
1247 0.5900471
1248 0.8797294
1249 0.8415476
1250 0.9804596
1251 0.7232037
1252 0.4871196
1253 0.1991555
1254 0.08874433
1255 0.5199502
1256 0.4480249
1257 0.9299011
1258 0.7277254
1259 0.05213508
1260 0.5942917
1261 0.5319462
1262 0.7745186
1263 0.7804369
1264 0.3311588
1265 0.4343641
1266 0.6675894
1267 0.1341173
1268 0.1663306
1269 0.6745074
1270 0.3870933
1271 0.7033508
1272 0.4184197
1273 0.1610805
1274 0.4872184
1275 0.986045
1276 0.1246363
1277 0.09336311
1278 0.3409293
1279 0.813355
1280 0.1579454
1281 0.6129145
1282 0.7997721
1283 0.6170355
1284 0.9127548
1285 0.2465521
1286 0.9357801
1287 0.3013166
1288 0.08281164
1289 0.9954728
1290 0.207194
1291 0.8233963
1292 0.7510542
1293 0.6280988
1294 0.9126363
1295 0.384471
1296 0.5583906
1297 0.5596479
1298 0.387006
1299 0.1145828
1300 0.3460386
1301 0.03550942
1302 0.4590047
1303 0.3002956
1304 0.0214405
1305 0.4302682
1306 0.4479345
1307 0.2770488
1308 0.1008315
1309 0.6604946
1310 0.3108076
1311 0.4953473
1312 0.3014058
1313 0.9028991
1314 0.524686
1315 0.5600052
1316 0.3896535
1317 0.9784766
1318 0.2899241
1319 0.131909
1320 0.6388634
1321 0.0101421
1322 0.9497958
1323 0.05493535
1324 0.3354017
1325 0.3825224
1326 0.1279591
1327 0.9139169
1328 0.6439771
1329 0.07871803
1330 0.8684283
1331 0.9935048
1332 0.4487738
1333 0.199401
1334 0.9332882
1335 0.4219308
1336 0.6982118
1337 0.7335832
1338 0.1484924
1339 0.2566143
1340 0.5169829
1341 0.4645653
1342 0.01719709
1343 0.401821
1344 0.1366779
1345 0.2480526
1346 0.7012463
1347 0.08800654
1348 0.1945476
1349 0.5190695
1350 0.9868235
1351 0.5270763
1352 0.8037053
1353 0.09530615
1354 0.05435227
1355 0.0437764
1356 0.7182939
1357 0.5234085
1358 0.5992565
1359 0.4295155
1360 0.3910413
1361 0.8515815
1362 0.2710104
1363 0.929537
1364 0.4118293
1365 0.5609826
1366 0.09857781
1367 0.8346583
1368 0.7080354
1369 0.7581015
1370 0.7139577
1371 0.320216
1372 0.4975417
1373 0.01183027
1374 0.02591633
1375 0.3383249
1376 0.09949301
1377 0.8983777
1378 0.1003761
1379 0.2253549
1380 0.4403198
1381 0.8272643
1382 0.9705497
1383 0.9430272
1384 0.3535106
1385 0.4772719
1386 0.6732243
1387 0.2711905
1388 0.5721219
1389 0.2136044
1390 0.5826253
1391 0.9594963
1392 0.4590677
1393 0.1069514
1394 0.156049
1395 0.5301522
1396 0.9875465
1397 0.1089725
1398 0.6408098
1399 0.6642227
1400 0.7322493
1401 0.3095943
1402 0.2287324
1403 0.9764775
1404 0.3648423
1405 0.2881518
1406 0.1725991
1407 0.520601
1408 0.104245
1409 0.004313181
1410 0.8831056
1411 0.8336498
1412 0.7272504
1413 0.656158
1414 0.7040282
1415 0.8322184
1416 0.6444642
1417 0.9290808
1418 0.9473147
1419 0.9304581
1420 0.4333182
1421 0.01940153
1422 0.2720989
1423 0.3630582
1424 0.5601661
1425 0.6385375
1426 0.3709307
1427 0.9610924
1428 0.4354863
1429 0.9936478
1430 0.2844178
1431 0.05263906
1432 0.9026979
1433 0.9322701
1434 0.3182305
1435 0.5365843
1436 0.4385619
1437 0.7010381
1438 0.6757102
1439 0.2568854
1440 0.7258329
1441 0.5067209
1442 0.05455064
1443 0.04794195
1444 0.8605638
1445 0.414667
1446 0.7374366
1447 0.7554578
1448 0.4846457
1449 0.6698862
1450 0.7437941
1451 0.8504534
1452 0.3413784
1453 0.0007953493
1454 0.2484145
1455 0.536978
1456 0.8346416
1457 0.1665357
1458 0.1215311
1459 0.3629843
1460 0.1590394
1461 0.1801424
1462 0.3261882
1463 0.4692473
1464 0.5591582
1465 0.3128955
1466 0.4458133
1467 0.6988738
1468 0.7097158
1469 0.3770853
1470 0.9526889
1471 0.82448
1472 0.9495337
1473 0.9850597
1474 0.04472597
1475 0.0703368
1476 0.8669458
1477 0.8143967
1478 0.3972347
1479 0.4686379
1480 0.4533811
1481 0.2121535
1482 0.130828
1483 0.743872
1484 0.4731135
1485 0.2468817
1486 0.9745298
1487 0.986025
1488 0.352113
1489 0.101045
1490 0.7764186
1491 0.3802502
1492 0.09193721
1493 0.8396264
1494 0.7300249
1495 0.4355063
1496 0.549804
1497 0.5928193
1498 0.6332971
1499 0.02324885
1500 0.5285761
1501 0.01788957
1502 0.167565
1503 0.6733173
1504 0.2868088
1505 0.7118249
1506 0.8952913
1507 0.2180255
1508 0.7208545
1509 0.3958807
1510 0.0831904
1511 0.7922154
1512 0.7366891
1513 0.7391763
1514 0.9860104
1515 0.3853788
1516 0.4268207
1517 0.2586319
1518 0.2985864
1519 0.3196617
1520 0.945253
1521 0.01302446
1522 0.8347348
1523 0.3089078
1524 0.178136
1525 0.4607024
1526 0.3298361
1527 0.4810267
1528 0.4405546
1529 0.5227505
1530 0.9246457
1531 0.1537107
1532 0.1528367
1533 0.8744101
1534 0.3781273
1535 0.7876243
1536 0.4686588
1537 0.9183204
1538 0.989109
1539 0.7402552
1540 0.1766853
1541 0.9364402
1542 0.7762156
1543 0.3044717
1544 0.3319813
1545 0.7593143
1546 0.2124082
1547 0.188382
1548 0.8931029
1549 0.4503146
1550 0.2620221
1551 0.1850283
1552 0.6247613
1553 0.8040215
1554 0.252352
1555 0.3219395
1556 0.2670723
1557 0.01655596
1558 0.03269904
1559 0.8091028
1560 0.9110604
1561 0.1449558
1562 0.6886865
1563 0.3540735
1564 0.2296596
1565 0.05328282
1566 0.07654063
1567 0.9109189
1568 0.7374349
1569 0.8319124
1570 0.6518568
1571 0.5491045
1572 0.8445354
1573 0.05377926
1574 0.2513003
1575 0.9237656
1576 0.06781976
1577 0.222703
1578 0.8528115
1579 0.04520861
1580 0.8496793
1581 0.6129137
1582 0.2622832
1583 0.6979037
1584 0.8182151
1585 0.3585963
1586 0.02326765
1587 0.5566439
1588 0.03871825
1589 0.171452
1590 0.6418296
1591 0.4324534
1592 0.4787928
1593 0.040982
1594 0.2608024
1595 0.8792141
1596 0.179285
1597 0.2625686
1598 0.2674766
1599 0.9134964
1600 0.6552848
1601 0.462938
1602 0.04491636
1603 0.7843949
1604 0.7115418
1605 0.2893541
1606 0.6020178
1607 0.7633517
1608 0.3258995
1609 0.3775568
1610 0.5394011
1611 0.6211136
1612 0.1757566
1613 0.8656337
1614 0.7967269
1615 0.60909
1616 0.8872198
1617 0.5928657
1618 0.7340914
1619 0.5880648
1620 0.5026434
1621 0.2778988
1622 0.9229854
1623 0.9213362
1624 0.314637
1625 0.7326385
1626 0.05165451
1627 0.04613017
1628 0.9241285
1629 0.3883961
1630 0.6564168
1631 0.6519575
1632 0.1328896
1633 0.3671994
1634 0.6061148
1635 0.696327
1636 0.4552986
1637 0.2288791
1638 0.9639861
1639 0.262838
1640 0.3709431
1641 0.6219788
1642 0.8427368
1643 0.7075732
1644 0.4046088
1645 0.3744834
1646 0.8569652
1647 0.627512
1648 0.9831224
1649 0.8173059
1650 0.2948702
1651 0.5909994
1652 0.9496789
1653 0.4730291
1654 0.8010913
1655 0.5853805
1656 0.3275842
1657 0.7422208
1658 0.3038492
1659 0.2151245
1660 0.5247937
1661 0.9775236
1662 0.2740121
1663 0.1280746
1664 0.3006849
1665 0.6586455
1666 0.6405834
1667 0.4539943
1668 0.88568
1669 0.95588
1670 0.957637
1671 0.7536693
1672 0.07951043
1673 0.1930167
1674 0.19661
1675 0.9834266
1676 0.6720904
1677 0.6865898
1678 0.6562315
1679 0.4459537
1680 0.5909521
1681 0.3877545
1682 0.2651688
1683 0.1844059
1684 0.2487209
1685 0.06214669
1686 0.8807658
1687 0.9461151
1688 0.5822065
1689 0.5986214
1690 0.0470057
1691 0.9984045
1692 0.8383013
1693 0.8554555
1694 0.6375267
1695 0.8069873
1696 0.68791
1697 0.7188428
1698 0.1756734
1699 0.3521244
1700 0.4546396
1701 0.9706241
1702 0.8505291
1703 0.1874368
1704 0.6590816
1705 0.8474384
1706 0.6789166
1707 0.409058
1708 0.6837534
1709 0.1417682
1710 0.3676237
1711 0.3054944
1712 0.5507935
1713 0.07261796
1714 0.4271235
1715 0.7827565
1716 0.94771
1717 0.850209
1718 0.7223937
1719 0.5548935
1720 0.2526364
1721 0.2953526
1722 0.461697
1723 0.2821929
1724 0.7654495
1725 0.7159007
1726 0.3471506
1727 0.5996436
1728 0.8980933
1729 0.6909748
1730 0.5357922
1731 0.8647123
1732 0.7900598
1733 0.5154679
1734 0.6619787
1735 0.9805834
1736 0.6455459
1737 0.2605366
1738 0.5621539
1739 0.03016011
1740 0.5808682
1741 0.2941425
1742 0.8483045
1743 0.05967489
1744 0.3929959
1745 0.4948894
1746 0.6987966
1747 0.1345324
1748 0.3239919
1749 0.935467
1750 0.7578564
1751 0.710827
1752 0.9450541
1753 0.1226962
1754 0.5755241
1755 0.5270339
1756 0.2659471
1757 0.8574619
1758 0.9781141
1759 0.4353179
1760 0.09883033
1761 0.5199778
1762 0.9665389
1763 0.4796289
1764 0.6389062
1765 0.4976218
1766 0.6251606
1767 0.2708465
1768 0.9516728
1769 0.1551448
1770 0.03358936
1771 0.9645977
1772 0.5323918
1773 0.689079
1774 0.1162747
1775 0.04105377
1776 0.2599983
1777 0.59812
1778 0.9367022
1779 0.2861652
1780 0.509848
1781 0.005693688
1782 0.2248295
1783 0.07576323
1784 0.09419731
1785 0.2840739
1786 0.6299764
1787 0.1293811
1788 0.9104236
1789 0.6319345
1790 0.06391871
1791 0.9921805
1792 0.8335761
1793 0.5417515
1794 0.7969511
1795 0.9483711
1796 0.9910614
1797 0.1877389
1798 0.6202166
1799 0.4845701
1800 0.02803841
1801 0.8784027
1802 0.7199618
1803 0.4237388
1804 0.7877118
1805 0.4265034
1806 0.1331772
1807 0.4720189
1808 0.3258477
1809 0.5183971
1810 0.9810091
1811 0.1607069
1812 0.1725849
1813 0.8707866
1814 0.4881155
1815 0.4919934
1816 0.6242775
1817 0.234549
1818 0.2673957
1819 0.3689432
1820 0.5671704
1821 0.4358557
1822 0.2496112
1823 0.6548201
1824 0.5451112
1825 0.9630642
1826 0.9928216
1827 0.1137667
1828 0.9201931
1829 0.02720872
1830 0.1839267
1831 0.8354815
1832 0.5968047
1833 0.4515427
1834 0.07566767
1835 0.2972975
1836 0.4957884
1837 0.3959696
1838 0.3406987
1839 0.3594307
1840 0.4300701
1841 0.04281055
1842 0.01989065
1843 0.4468342
1844 0.7854652
1845 0.7275462
1846 0.1651166
1847 0.7516904
1848 0.2880398
1849 0.3698186
1850 0.3982108
1851 0.005985519
1852 0.7093926
1853 0.7675826
1854 0.3570979
1855 0.8112242
1856 0.7361846
1857 0.1389138
1858 0.2155999
1859 0.008995514
1860 0.4734847
1861 0.8627738
1862 0.2050876
1863 0.9154114
1864 0.5082183
1865 0.8573186
1866 0.02826622
1867 0.6705469
1868 0.4587608
1869 0.3448223
1870 0.4605745
1871 0.2042261
1872 0.858681
1873 0.563643
1874 0.734915
1875 0.4539569
1876 0.5024435
1877 0.5795041
1878 0.8218713
1879 0.3847057
1880 0.07659764
1881 0.4771427
1882 0.9352093
1883 0.5492355
1884 0.9332476
1885 0.8184913
1886 0.2747874
1887 0.9605027
1888 0.7584093
1889 0.06374677
1890 0.8197422
1891 0.06254575
1892 0.8796965
1893 0.5807372
1894 0.09856876
1895 0.2643496
1896 0.1569396
1897 0.6570546
1898 0.9985738
1899 0.1476907
1900 0.7864462
1901 0.9841134
1902 0.4178586
1903 0.323341
1904 0.9470697
1905 0.8519159
1906 0.9104004
1907 0.8553529
1908 0.9031533
1909 0.997283
1910 0.5941932
1911 0.08684681
1912 0.305331
1913 0.9968953
1914 0.6745622
1915 0.2913904
1916 0.0290473
1917 0.6696539
1918 0.7565982
1919 0.2593158
1920 0.1293409
1921 0.3076735
1922 0.4842371
1923 0.6085156
1924 0.2905781
1925 0.9559731
1926 0.3485275
1927 0.8473345
1928 0.2087042
1929 0.3491172
1930 0.5508892
1931 0.5426671
1932 0.4881711
1933 0.02495324
1934 0.3434307
1935 0.7389423
1936 0.5338298
1937 0.4531814
1938 0.9664169
1939 0.1921117
1940 0.0220741
1941 0.943913
1942 0.4946348
1943 0.7359407
1944 0.3426745
1945 0.3681679
1946 0.7861303
1947 0.113328
1948 0.3631552
1949 0.3384565
1950 0.2533495
1951 0.4066629
1952 0.6228477
1953 0.6405907
1954 0.2312889
1955 0.1788565
1956 0.851687
1957 0.2581005
1958 0.8414303
1959 0.6519797
1960 0.9126344
1961 0.6548999
1962 0.661482
1963 0.8329145
1964 0.4872053
1965 0.5379493
1966 0.5093199
1967 0.01147268
1968 0.2631053
1969 0.06363334
1970 0.05541301
1971 0.5210673
1972 0.385831
1973 0.3547694
1974 0.113596
1975 0.9074656
1976 0.08290942
1977 0.9389231
1978 0.5939014
1979 0.0897293
1980 0.3823246
1981 0.02672427
1982 0.6262538
1983 0.7566387
1984 0.5577597
1985 0.8654221
1986 0.9892386
1987 0.2562076
1988 0.4882364
1989 0.721024
1990 0.4111195
1991 0.05382202
1992 0.2372248
1993 0.2937986
1994 0.1067947
1995 0.7573836
1996 0.8480366
1997 0.9833514
1998 0.08959795
1999 0.07584113
2000 0.23973
2001 0.2288027
2002 0.3942665
2003 0.4310189
2004 0.6592738
2005 0.3356965
2006 0.4075033
2007 0.06652449
2008 0.3251383
2009 0.6898085
2010 0.9399545
2011 0.1550874
2012 0.5620409
2013 0.4156649
2014 0.186161
2015 0.460766
2016 0.6355117
2017 0.7071676
2018 0.7977604
2019 0.66778
2020 0.7435154
2021 0.02744388
2022 0.7849548
2023 0.4175105
2024 0.5629977
2025 0.2179655
2026 0.01491462
2027 0.9203187
2028 0.726741
2029 0.003076451
2030 0.2819279
2031 0.384856
2032 0.9819461
2033 0.9182599
2034 0.7488389
2035 0.879056
2036 0.1004444
2037 0.1310733
2038 0.8345731
2039 0.8454034
2040 0.8086858
2041 0.8544995
2042 0.1358043
2043 0.4620496
2044 0.09235561
2045 0.537311
2046 0.9393459
2047 0.5560269
2048 0.3244976
2049 0.4149895
2050 0.04981484
2051 0.8285305
2052 0.3282287
2053 0.8484855
2054 0.09812648
2055 0.676148
2056 0.9996236
2057 0.2808956
2058 0.4000363
2059 0.08835979
2060 0.8255912
2061 0.085885
2062 0.2170986
2063 0.505704
2064 0.02829844
2065 0.5884475
2066 0.9222922
2067 0.844378
2068 0.5220136
2069 0.2621859
2070 0.05538773
2071 0.3635674
2072 0.3409102
2073 0.9509705
2074 0.9788294
2075 0.1357004
2076 0.03691827
2077 0.1596867
2078 0.02261024
2079 0.232362
2080 0.4623337
2081 0.139038
2082 0.8479603
2083 0.4814188
2084 0.2780379
2085 0.2150837
2086 0.7754279
2087 0.8004526
2088 0.1374808
2089 0.7838859
2090 0.4562036
2091 0.3694323
2092 0.7086882
2093 0.8206017
2094 0.09132006
2095 0.4856084
2096 0.1849369
2097 0.07592169
2098 0.1783475
2099 0.8500656
2100 0.401099
2101 0.4733947
2102 0.6420093
2103 0.5129857
2104 0.9592012
2105 0.5396438
2106 0.5294019
2107 0.2060049
2108 0.7168601
2109 0.8647975
2110 0.5272459
2111 0.8381645
2112 0.7526034
2113 0.2409873
2114 0.1517755
2115 0.1697139
2116 0.2020318
2117 0.3901342
2118 0.3453573
2119 0.1404044
2120 0.9552222
2121 0.7048668
2122 0.7314
2123 0.9647689
2124 0.1089473
2125 0.8866342
2126 0.9005489
2127 0.6328187
2128 0.5362141
2129 0.1606587
2130 0.2060644
2131 0.9252797
2132 0.4828277
2133 0.009033056
2134 0.7525284
2135 0.7173272
2136 0.202397
2137 0.9353634
2138 0.4084511
2139 0.5654729
2140 0.02784986
2141 0.2243482
2142 0.6132153
2143 0.01674652
2144 0.4107664
2145 0.04499419
2146 0.560492
2147 0.00884476
2148 0.7638588
2149 0.6031248
2150 0.8736947
2151 0.1936167
2152 0.4164714
2153 0.467982
2154 0.4298225
2155 0.2763888
2156 0.2496004
2157 0.3879764
2158 0.7120709
2159 0.7150086
2160 0.5803271
2161 0.7248937
2162 0.2739985
2163 0.8181972
2164 0.2990801
2165 0.5623019
2166 0.1238325
2167 0.8011466
2168 0.9884651
2169 0.5615958
2170 0.8503572
2171 0.685703
2172 0.2412564
2173 0.4978844
2174 0.3867689
2175 0.7006647
2176 0.6744331
2177 0.6639727
2178 0.7973073
2179 0.6113973
2180 0.1074885
2181 0.2332452
2182 0.131939
2183 0.9711435
2184 0.5811104
2185 0.07817496
2186 0.8230991
2187 0.6474595
2188 0.1878047
2189 0.1463406
2190 0.6269407
2191 0.3768739
2192 0.07328706
2193 0.007064408
2194 0.2233997
2195 0.3752427
2196 0.4726073
2197 0.5173935
2198 0.6787453
2199 0.1334455
2200 0.6305937
2201 0.6565136
2202 0.4308889
2203 0.6353974
2204 0.2678505
2205 0.3920674
2206 0.1371987
2207 0.5395494
2208 0.1623281
2209 0.5884133
2210 0.7601088
2211 0.5499387
2212 0.9533175
2213 0.9306213
2214 0.6022407
2215 0.5823848
2216 0.1627234
2217 0.6686355
2218 0.1324454
2219 0.9560433
2220 0.7874571
2221 0.1282417
2222 0.7243047
2223 0.4942781
2224 0.3417646
2225 0.5990186
2226 0.04118258
2227 0.4974376
2228 0.04245578
2229 0.6690029
2230 0.4318051
2231 0.4662129
2232 0.8007146
2233 0.7111499
2234 0.9538583
2235 0.7185392
2236 0.3470063
2237 0.8037303
2238 0.9803248
2239 0.1115299
2240 0.740486
2241 0.4899671
2242 0.379473
2243 0.7249268
2244 0.6086083
2245 0.8606342
2246 0.5268983
2247 0.3124802
2248 0.1737038
2249 0.2922616
2250 0.3932702
2251 0.4185376
2252 0.1940075
2253 0.8542953
2254 0.7585137
2255 0.9312916
2256 0.4851315
2257 0.355783
2258 0.8594791
2259 0.3417931
2260 0.7000146
2261 0.4812509
2262 0.50972
2263 0.5472481
2264 0.706187
2265 0.1843668
2266 0.5591572
2267 0.2201962
2268 0.5585891
2269 0.9595171
2270 0.07761777
2271 0.5083206
2272 0.1272976
2273 0.6134574
2274 0.7589536
2275 0.2116969
2276 0.3835907
2277 0.3896888
2278 0.5445416
2279 0.600006
2280 0.6838635
2281 0.4053153
2282 0.5545728
2283 0.6845022
2284 0.8420038
2285 0.5003666
2286 0.001435043
2287 0.7833569
2288 0.7745435
2289 0.6434113
2290 0.5140588
2291 0.4864532
2292 0.1581385
2293 0.540918
2294 0.764643
2295 0.763201
2296 0.3261268
2297 0.7677914
2298 0.03497051
2299 0.4263955
2300 0.9347879
2301 0.2476694
2302 0.7032785
2303 0.629452
2304 0.537109
2305 0.5146586
2306 0.8855016
2307 0.06998625
2308 0.6998015
2309 0.784431
2310 0.4911583
2311 0.9968828
2312 0.6348509
2313 0.8723458
2314 0.9215136
2315 0.8027171
2316 0.9067422
2317 0.4247673
2318 0.7254972
2319 0.3396914
2320 0.2068012
2321 0.4831807
2322 0.3554967
2323 0.01097524
2324 0.472441
2325 0.2670592
2326 0.1783095
2327 0.4964597
2328 0.6779011
2329 0.4152278
2330 0.9574324
2331 0.8249373
2332 0.2058487
2333 0.1780915
2334 0.2775366
2335 0.9448754
2336 0.353623
2337 0.211016
2338 0.4579869
2339 0.618688
2340 0.9616094
2341 0.1469281
2342 0.6923788
2343 0.9747759
2344 0.3695878
2345 0.8427381
2346 0.9153407
2347 0.9570556
2348 0.01012277
2349 0.6136541
2350 0.974893
2351 0.2394601
2352 0.9180997
2353 0.3836281
2354 0.132513
2355 0.1291837
2356 0.01862563
2357 0.9033733
2358 0.5109494
2359 0.09647133
2360 0.6084032
2361 0.4930022
2362 0.6711526
2363 0.2043567
2364 0.1914004
2365 0.03321581
2366 0.3626775
2367 0.637916
2368 0.4485312
2369 0.9754122
2370 0.03603142
2371 0.6954614
2372 0.1523659
2373 0.59923
2374 0.9219587
2375 0.9997579
2376 0.1116547
2377 0.4907026
2378 0.5684407
2379 0.7903355
2380 0.4798037
2381 0.4932694
2382 0.7219949
2383 0.2058845
2384 0.3869
2385 0.5882922
2386 0.275957
2387 0.1959847
2388 0.6736216
2389 0.9999487
2390 0.7097423
2391 0.1329772
2392 0.9472609
2393 0.9407616
2394 0.998294
2395 0.7287974
2396 0.1436122
2397 0.1413223
2398 0.8440348
2399 0.1533387
2400 0.462326
2401 0.9176764
2402 0.1554999
2403 0.6082368
2404 0.8406996
2405 0.4931704
2406 0.2713613
2407 0.2334947
2408 0.2261263
2409 0.2148773
2410 0.2635811
2411 0.7571283
2412 0.3757197
2413 0.06037316
2414 0.2940461
2415 0.3739905
2416 0.9825968
2417 0.8815956
2418 0.2643238
2419 0.6860177
2420 0.8107235
2421 0.2215905
2422 0.01525513
2423 0.679385
2424 0.6847997
2425 0.302683
2426 0.868329
2427 0.4580995
2428 0.9238367
2429 0.8101485
2430 0.6467371
2431 0.5771324
2432 0.7813168
2433 0.6868587
2434 0.5959078
2435 0.8577754
2436 0.8398324
2437 0.4567599
2438 0.664122
2439 0.1953441
2440 0.6103038
2441 0.1401813
2442 0.04123061
2443 0.4487669
2444 0.3274713
2445 0.3630909
2446 0.1625419
2447 0.5790248
2448 0.05311931
2449 0.1996429
2450 0.7762604
2451 0.5973179
2452 0.5545665
2453 0.5685326
2454 0.4152108
2455 0.6017414
2456 0.8745052
2457 0.3806666
2458 0.9897262
2459 0.5780228
2460 0.2170313
2461 0.1488836
2462 0.1488267
2463 0.6037553
2464 0.504202
2465 0.8299347
2466 0.1676952
2467 0.9367594
2468 0.5229109
2469 0.3257532
2470 0.01717047
2471 0.6844763
2472 0.4909882
2473 0.97556
2474 0.9225342
2475 0.5596915
2476 0.42886
2477 0.2394167
2478 0.7217679
2479 0.6031969
2480 0.2175015
2481 0.7788563
2482 0.4362901
2483 0.3191251
2484 0.03816338
2485 0.6287371
2486 0.2728556
2487 0.550137
2488 0.447219
2489 0.5947371
2490 0.7060006
2491 0.641107
2492 0.7281317
2493 0.9937016
2494 0.791365
2495 0.16676
2496 0.9307368
2497 0.2131311
2498 0.5289381
2499 0.979767
2500 0.4134686
2501 0.2947084
2502 0.792348
2503 0.7007378
2504 6.302033e-05
2505 0.414675
2506 0.5439632
2507 0.07986446
2508 0.8846432
2509 0.7191608
2510 0.264088
2511 0.3564706
2512 0.1620788
2513 0.7004026
2514 0.03632984
2515 0.5993685
2516 0.9985507
2517 0.2821233
2518 0.714963
2519 0.2651076
2520 0.3568087
2521 0.6784251
2522 0.4243457
2523 0.9992172
2524 0.3838306
2525 0.5746748
2526 0.2322392
2527 0.5718843
2528 0.7313746
2529 0.5610434
2530 0.6350839
2531 0.089901
2532 0.3066521
2533 0.5072318
2534 0.618735
2535 0.2675743
2536 0.2511606
2537 0.2792859
2538 0.8220531
2539 0.4477368
2540 0.6617679
2541 0.8131945
2542 0.01955005
2543 0.1229349
2544 0.03487771
2545 0.6787159
2546 0.2605752
2547 0.5848833
2548 0.4674291
2549 0.1057888
2550 0.9187081
2551 0.03813333
2552 0.845667
2553 0.3692401
2554 0.5450271
2555 0.1551679
2556 0.3491003
2557 0.2107244
2558 0.7480873
2559 0.4313015
2560 0.2591289
2561 0.3059878
2562 0.6223104
2563 0.2168209
2564 0.9136213
2565 0.868945
2566 0.5339931
2567 0.5491633
2568 0.897286
2569 0.7143672
2570 0.6804825
2571 0.6146514
2572 0.4529126
2573 0.1453298
2574 0.3405877
2575 0.2449227
2576 0.6860073
2577 0.7095116
2578 0.3997571
2579 0.8857955
2580 0.8815993
2581 0.9221842
2582 0.3619878
2583 0.55266
2584 0.3068663
2585 0.1167676
2586 0.0169809
2587 0.8632708
2588 0.9718508
2589 0.02166476
2590 0.8870583
2591 0.372721
2592 0.5634765
2593 0.2579657
2594 0.006671488
2595 0.1200236
2596 0.08615414
2597 0.77248
2598 0.2016133
2599 0.282906
2600 0.8691286
2601 0.7368384
2602 0.3207749
2603 0.3732531
2604 0.3371231
2605 0.05357284
2606 0.9405321
2607 0.7231077
2608 0.5955549
2609 0.5809727
2610 0.4671452
2611 0.1396653
2612 0.6627566
2613 0.431074
2614 0.1641906
2615 0.4671102
2616 0.1918693
2617 0.1275994
2618 0.8621165
2619 0.3242425
2620 0.9704517
2621 0.5748773
2622 0.9087581
2623 0.2048068
2624 0.399256
2625 0.4374111
2626 0.1123246
2627 0.4615565
2628 0.906596
2629 0.1585138
2630 0.02837571
2631 0.06519104
2632 0.3350163
2633 0.8553869
2634 0.6403169
2635 0.0245432
2636 0.5739984
2637 0.3201874
2638 0.9927416
2639 0.2521881
2640 0.8673857
2641 0.7299595
2642 0.5315651
2643 0.5999741
2644 0.3351423
2645 0.1421626
2646 0.478258
2647 0.01312541
2648 0.1408034
2649 0.6248855
2650 0.07938253
2651 0.3366218
2652 0.389276
2653 0.4215148
2654 0.6493914
2655 0.9995075
2656 0.9194938
2657 0.4464554
2658 0.6497039
2659 0.6533764
2660 0.08676541
2661 0.3950626
2662 0.5675298
2663 0.9799537
2664 0.6566189
2665 0.9416461
2666 0.7095574
2667 0.6293288
2668 0.6492704
2669 0.4220906
2670 0.8541753
2671 0.6293175
2672 0.4822732
2673 0.3485944
2674 0.15263
2675 0.1283479
2676 0.02170284
2677 0.1941328
2678 0.8496337
2679 0.8127119
2680 0.4072628
2681 0.7552485
2682 0.8863639
2683 0.5803228
2684 0.916837
2685 0.858988
2686 0.3319075
2687 0.3065779
2688 0.3315104
2689 0.1803423
2690 0.8860203
2691 0.8952862
2692 0.6485491
2693 0.3363974
2694 0.6613378
2695 0.6483209
2696 0.7183079
2697 0.1221641
2698 0.2856323
2699 0.2436006
2700 0.4600945
2701 0.3306483
2702 0.4134815
2703 0.2312197
2704 0.1392191
2705 0.3909129
2706 0.7221827
2707 0.4335538
2708 0.1384349
2709 0.1162243
2710 0.4713104
2711 0.547807
2712 0.7241544
2713 0.7082725
2714 0.9993114
2715 0.5499229
2716 0.7331677
2717 0.6509076
2718 0.4105584
2719 0.2207899
2720 0.1222172
2721 0.340369
2722 0.6325179
2723 0.3160207
2724 0.2717474
2725 0.367627
2726 0.4881852
2727 0.09924109
2728 0.1804387
2729 0.5236149
2730 0.2057009
2731 0.140901
2732 0.2775311
2733 0.3394869
2734 0.4874584
2735 0.08147729
2736 0.1013533
2737 0.964359
2738 0.8945631
2739 0.3264903
2740 0.5317037
2741 0.5404121
2742 0.6440722
2743 0.5259484
2744 0.4898205
2745 0.7831258
2746 0.5507342
2747 0.7343943
2748 0.04081609
2749 0.9383092
2750 0.1049634
2751 0.09371753
2752 0.2435101
2753 0.6953413
2754 0.5681686
2755 0.8467365
2756 0.5959989
2757 0.5489616
2758 0.5388422
2759 0.6092966
2760 0.7468243
2761 0.05992998
2762 0.3330773
2763 0.1413067
2764 0.7485805
2765 0.199827
2766 0.5008152
2767 0.4027776
2768 0.9619557
2769 0.03380963
2770 0.2895526
2771 0.07061373
2772 0.9908951
2773 0.2293662
2774 0.8232807
2775 0.2388431
2776 0.1688931
2777 0.3062814
2778 0.709635
2779 0.4528944
2780 0.6663164
2781 0.3952276
2782 0.29017
2783 0.973444
2784 0.4601274
2785 0.5539532
2786 0.04621243
2787 0.5915344
2788 0.5068052
2789 0.9616944
2790 0.3759862
2791 0.002261479
2792 0.9913037
2793 0.8738036
2794 0.7617116
2795 0.6367542
2796 0.9529494
2797 0.0592094
2798 0.5672273
2799 0.807405
2800 0.7175192
2801 0.5001727
2802 0.1931006
2803 0.3151421
2804 0.1582353
2805 0.5200526
2806 0.382376
2807 0.8807889
2808 0.1555724
2809 0.1378962
2810 0.6736647
2811 0.7030145
2812 0.2573226
2813 0.1157531
2814 0.639512
2815 0.153399
2816 0.9559811
2817 0.003749794
2818 0.9765137
2819 0.4841987
2820 0.1200544
2821 0.9303478
2822 0.857586
2823 0.09580851
2824 0.6115803
2825 0.6707243
2826 0.08189183
2827 0.5879524
2828 0.7575221
2829 0.2702953
2830 0.1301815
2831 0.3554392
2832 0.04460802
2833 0.7593545
2834 0.2862611
2835 0.02276184
2836 0.55371
2837 0.282455
2838 0.9709092
2839 0.4076206
2840 0.6639168
2841 0.4010382
2842 0.2488404
2843 0.8141676
2844 0.06842768
2845 0.2738876
2846 0.9680434
2847 0.6754012
2848 0.7894384
2849 0.5366831
2850 0.901706
2851 0.9826255
2852 0.02320641
2853 0.002129044
2854 0.7266348
2855 0.5361895
2856 0.3734565
2857 0.1612319
2858 0.3716604
2859 0.8905946
2860 0.9076257
2861 0.3249214
2862 0.3869313
2863 0.8480319
2864 0.2991275
2865 0.7192873
2866 0.8813474
2867 0.206067
2868 0.2736403
2869 0.5379993
2870 0.6205602
2871 0.562218
2872 0.589383
2873 0.968259
2874 0.834326
2875 0.9428212
2876 0.08622416
2877 0.09086148
2878 0.5001683
2879 0.7068282
2880 0.441912
2881 0.7180437
2882 0.9353029
2883 0.782602
2884 0.07752814
2885 0.8146212
2886 0.8253867
2887 0.7875481
2888 0.08405596
2889 0.5014154
2890 0.5915282
2891 0.1044291
2892 0.7154952
2893 0.5952178
2894 0.9756519
2895 0.4802797
2896 0.9127349
2897 0.1664097
2898 0.7786931
2899 0.6692435
2900 0.2872869
2901 0.7964493
2902 0.004746371
2903 0.3605467
2904 0.1153377
2905 0.7934138
2906 0.6194855
2907 0.8871573
2908 0.2162436
2909 0.6958908
2910 0.02537098
2911 0.2229726
2912 0.4237525
2913 0.7638865
2914 0.4754618
2915 0.5410978
2916 0.9472726
2917 0.7877179
2918 0.7510856
2919 0.6334371
2920 0.08072603
2921 0.8283357
2922 0.488163
2923 0.2665507
2924 0.5336649
2925 0.2651639
2926 0.7324305
2927 0.5568065
2928 0.5107329
2929 0.3257697
2930 0.4737039
2931 0.005721262
2932 0.08813254
2933 0.6362928
2934 0.618527
2935 0.02397554
2936 0.4224494
2937 0.5689112
2938 0.2429102
2939 0.2072252
2940 0.1240118
2941 0.08685293
2942 0.5943841
2943 0.9908448
2944 0.1054701
2945 0.7073617
2946 0.1421261
2947 0.7453168
2948 0.3423861
2949 0.3124674
2950 0.3796197
2951 0.8059846
2952 0.4835479
2953 0.3282386
2954 0.6944562
2955 0.7621292
2956 0.5867477
2957 0.977144
2958 0.7483016
2959 0.167972
2960 0.7740738
2961 0.04588405
2962 0.6553852
2963 0.5790005
2964 0.06565759
2965 0.1069455
2966 0.5806658
2967 0.5300157
2968 0.8041581
2969 0.7653968
2970 0.3378783
2971 0.9843177
2972 0.8484541
2973 0.6955451
2974 0.4673679
2975 0.7141513
2976 0.9529341
2977 0.5817933
2978 0.4569054
2979 0.8225796
2980 0.3527634
2981 0.3116795
2982 0.0333308
2983 0.7462272
2984 0.8170863
2985 0.4119022
2986 0.5450206
2987 0.4721464
2988 0.2709646
2989 0.5290468
2990 0.1715722
2991 0.3689592
2992 0.5222548
2993 0.06911157
2994 0.3499773
2995 0.3543427
2996 0.2219227
2997 0.4928902
2998 0.5654437
2999 0.1223615
3000 0.2904846
3001 0.01644437
3002 0.9347227
3003 0.9431934
3004 0.7716265
3005 0.9290363
3006 0.4618985
3007 0.7097738
3008 0.8771604
3009 0.3467422
3010 0.5460649
3011 0.1158746
3012 0.8538621
3013 0.7737694
3014 0.9196402
3015 0.06853055
3016 0.7870824
3017 0.4469384
3018 0.08007887
3019 0.3131851
3020 0.5382918
3021 0.6100955
3022 0.9793589
3023 0.8359168
3024 0.5826324
3025 0.3730904
3026 0.2107799
3027 0.1886701
3028 0.9813973
3029 0.9659145
3030 0.03419944
3031 0.02815055
3032 0.5665986
3033 0.3633104
3034 0.09454979
3035 0.2255886
3036 0.7044157
3037 0.07462443
3038 0.7985144
3039 0.5586127
3040 0.1909928
3041 0.5370531
3042 0.1041683
3043 0.8517586
3044 0.7977491
3045 0.2756752
3046 0.4967175
3047 0.9898177
3048 0.392943
3049 0.382096
3050 0.5890512
3051 0.5512196
3052 0.4231415
3053 0.06576811
3054 0.2719964
3055 0.2492424
3056 0.6422083
3057 0.5622328
3058 0.5557378
3059 0.1435452
3060 0.9326314
3061 0.5263971
3062 0.7375453
3063 0.8782007
3064 0.08577787
3065 0.5944531
3066 0.3618216
3067 0.360005
3068 0.5897543
3069 0.8792817
3070 0.9860927
3071 0.9120133
3072 0.3421977
3073 0.0535068
3074 0.2838841
3075 0.8682488
3076 0.9158874
3077 0.1032671
3078 0.8095242
3079 0.01463352
3080 0.5884495
3081 0.561361
3082 0.2597281
3083 0.237821
3084 0.6414392
3085 0.171758
3086 0.3482314
3087 0.1599336
3088 0.3913134
3089 0.7838935
3090 0.4710635
3091 0.5443578
3092 0.1067932
3093 0.4827543
3094 0.2851059
3095 0.7744455
3096 0.5723101
3097 0.190472
3098 0.9876859
3099 0.9833034
3100 0.8975228
3101 0.7056878
3102 0.8911707
3103 0.2711671
3104 0.6994288
3105 0.614783
3106 0.9531831
3107 0.8262737
3108 0.2699152
3109 0.9426452
3110 0.0437725
3111 0.9221333
3112 0.2971197
3113 0.6935681
3114 0.2708692
3115 0.07995232
3116 0.1464646
3117 0.1885515
3118 0.6301291
3119 0.501308
3120 0.6127984
3121 0.4976207
3122 0.4820034
3123 0.52533
3124 0.2081653
3125 0.02459604
3126 0.4667434
3127 0.7918419
3128 0.3943207
3129 0.3431284
3130 0.9376696
3131 0.8005144
3132 0.309275
3133 0.8672166
3134 0.1854704
3135 0.5222819
3136 0.8997211
3137 0.125482
3138 0.5378406
3139 0.08783177
3140 0.8987656
3141 0.8524229
3142 0.7071402
3143 0.2898509
3144 0.08459611
3145 0.03096851
3146 0.6442847
3147 0.6338052
3148 0.02477399
3149 0.04200154
3150 0.9909509
3151 0.3767228
3152 0.1645567
3153 0.3577939
3154 0.8654232
3155 0.03453912
3156 0.6875428
3157 0.05439832
3158 0.8325594
3159 0.4229228
3160 0.02782942
3161 0.1706722
3162 0.7431625
3163 0.8627248
3164 0.1532787
3165 0.3192795
3166 0.3422934
3167 0.7051106
3168 0.8072511
3169 0.7503816
3170 0.202456
3171 0.220628
3172 0.5055815
3173 0.7637053
3174 0.9445794
3175 0.3144758
3176 0.3360428
3177 0.6798272
3178 0.9126765
3179 0.5334428
3180 0.07755023
3181 0.8179261
3182 0.5323165
3183 0.3629325
3184 0.9241609
3185 0.1722473
3186 0.3870154
3187 0.5058076
3188 0.7741363
3189 0.1251215
3190 0.2983749
3191 0.556538
3192 0.8054231
3193 0.684376
3194 0.3553356
3195 0.2501072
3196 0.05714967
3197 0.03009647
3198 0.3982838
3199 0.6604392
3200 0.7603881
3201 0.9427113
3202 0.9310847
3203 0.4282121
3204 0.8641263
3205 0.8118745
3206 0.56874
3207 0.7809605
3208 0.7952237
3209 0.2958027
3210 0.03286897
3211 0.6223479
3212 0.8383707
3213 0.8870584
3214 0.3482145
3215 0.9901685
3216 0.7971947
3217 0.1763679
3218 0.8306161
3219 0.8156738
3220 0.0596911
3221 0.963319
3222 0.7861197
3223 0.4375169
3224 0.5406608
3225 0.7342564
3226 0.8874602
3227 0.9734871
3228 0.3796846
3229 0.06133085
3230 0.3031892
3231 0.2924498
3232 0.5531432
3233 0.3451164
3234 0.6451603
3235 0.8633622
3236 0.2750226
3237 0.421766
3238 0.9671364
3239 0.5027602
3240 0.02364314
3241 0.888689
3242 0.2088779
3243 0.8063872
3244 0.2304111
3245 0.2721198
3246 0.7871745
3247 0.8665008
3248 0.2506034
3249 0.6564748
3250 0.6158445
3251 0.01523468
3252 0.3807234
3253 0.1376242
3254 0.6770829
3255 0.4325854
3256 0.74396
3257 0.06035851
3258 0.1870515
3259 0.9636404
3260 0.4606513
3261 0.2775318
3262 0.018766
3263 0.6332437
3264 0.4155397
3265 0.139254
3266 0.4226157
3267 0.9039758
3268 0.5332728
3269 0.7799623
3270 0.2168733
3271 0.00635958
3272 0.01180951
3273 0.02234031
3274 0.5176909
3275 0.443255
3276 0.6878986
3277 0.03126307
3278 0.6595941
3279 0.3836711
3280 0.8973723
3281 0.365183
3282 0.8083213
3283 0.8165421
3284 0.8149078
3285 0.592445
3286 0.4702721
3287 0.459147
3288 0.8867236
3289 0.8225278
3290 0.2524533
3291 0.7913378
3292 0.8384658
3293 0.2973936
3294 0.4829015
3295 0.8844376
3296 0.4722947
3297 0.6972877
3298 0.51176
3299 0.002767371
3300 0.1384207
3301 0.1551418
3302 0.1728021
3303 0.5142411
3304 0.7698223
3305 0.627475
3306 0.660824
3307 0.09075708
3308 0.4161717
3309 0.3814188
3310 0.04918773
3311 0.4861802
3312 0.6542872
3313 0.6963318
3314 0.3160527
3315 0.7265665
3316 0.0525505
3317 0.9533389
3318 0.7594228
3319 0.3299878
3320 0.9107481
3321 0.4904319
3322 0.6792643
3323 0.7271202
3324 0.4905772
3325 0.3226343
3326 0.1488642
3327 0.4675737
3328 0.9989502
3329 0.4284042
3330 0.318184
3331 0.2884777
3332 0.690912
3333 0.7230662
3334 0.5429294
3335 0.01044641
3336 0.4133587
3337 0.9650475
3338 0.4591577
3339 0.4178318
3340 0.9751916
3341 0.514475
3342 0.6843791
3343 0.9837145
3344 0.9409309
3345 0.3176129
3346 0.826077
3347 0.03012547
3348 0.2710514
3349 0.3841908
3350 0.4056843
3351 0.3806195
3352 0.02564344
3353 0.1695873
3354 0.691077
3355 0.8059671
3356 0.5375458
3357 0.2145962
3358 0.2964968
3359 0.2408513
3360 0.3596518
3361 0.1535124
3362 0.5389016
3363 0.1327698
3364 0.9945287
3365 0.7830016
3366 0.3360981
3367 0.3177907
3368 0.4695922
3369 0.2045653
3370 0.8530749
3371 0.9023478
3372 0.9355466
3373 0.1460694
3374 0.425593
3375 0.7243914
3376 0.03526113
3377 0.2477878
3378 0.09761508
3379 0.5124345
3380 0.01561449
3381 0.1704642
3382 0.1160232
3383 0.6245241
3384 0.7304638
3385 0.468538
3386 0.1894978
3387 0.9335232
3388 0.03741795
3389 0.995407
3390 0.546573
3391 0.2414744
3392 0.8498805
3393 0.4878639
3394 0.8263339
3395 0.08416306
3396 0.3295878
3397 0.05538404
3398 0.003519932
3399 0.1123652
3400 0.7379449
3401 0.8135799
3402 0.5447915
3403 0.3650925
3404 0.6377684
3405 0.8188242
3406 0.399208
3407 0.776603
3408 0.4324377
3409 0.2277812
3410 0.1609457
3411 0.7775106
3412 0.1318623
3413 0.6709215
3414 0.5550879
3415 0.4018458
3416 0.9866753
3417 0.8291597
3418 0.6300123
3419 0.9879991
3420 0.3764238
3421 0.8399143
3422 0.5128973
3423 0.7569859
3424 0.8339408
3425 0.7415307
3426 0.3162058
3427 0.3661359
3428 0.06788222
3429 0.1762438
3430 0.0593257
3431 0.531633
3432 0.408911
3433 0.6394741
3434 0.4293961
3435 0.2549328
3436 0.2175545
3437 0.4726805
3438 0.9559921
3439 0.3787435
3440 0.257243
3441 0.8169762
3442 0.5384774
3443 0.05139643
3444 0.4539138
3445 0.4175497
3446 0.1887904
3447 0.5672228
3448 0.1818149
3449 0.5230905
3450 0.746707
3451 0.3639014
3452 0.7742609
3453 0.8998121
3454 0.491803
3455 0.1750642
3456 0.6200079
3457 0.7541529
3458 0.1994445
3459 0.5206456
3460 0.8106013
3461 0.6796417
3462 0.07273099
3463 0.5053525
3464 0.114756
3465 0.09644573
3466 0.5389865
3467 0.4477645
3468 0.8609507
3469 0.2539953
3470 0.9992936
3471 0.2585604
3472 0.3738546
3473 0.3247911
3474 0.7313152
3475 0.7361648
3476 0.3246448
3477 0.8505072
3478 0.1457772
3479 0.3796646
3480 0.7980691
3481 0.1610479
3482 0.1268296
3483 0.02132495
3484 0.4586074
3485 0.920018
3486 0.04211174
3487 0.8314522
3488 0.3845486
3489 0.04171348
3490 0.4460857
3491 0.9775499
3492 0.2738533
3493 0.03475029
3494 0.6950947
3495 0.819189
3496 0.5166004
3497 0.3182639
3498 0.6468695
3499 0.165737
3500 0.3092464
3501 0.2955996
3502 0.6108841
3503 0.5356863
3504 0.937478
3505 0.3670641
3506 0.9245079
3507 0.393497
3508 0.406375
3509 0.2567096
3510 0.4274966
3511 0.7921348
3512 0.3397664
3513 0.7171397
3514 0.2580238
3515 0.02247044
3516 0.7326345
3517 0.03150917
3518 0.4103013
3519 0.01305057
3520 0.3651301
3521 0.1445139
3522 0.4497477
3523 0.8423358
3524 0.8004799
3525 0.3610505
3526 0.1857925
3527 0.215078
3528 0.1462196
3529 0.8502163
3530 0.1238246
3531 0.02258968
3532 0.2195926
3533 0.07926235
3534 0.2352558
3535 0.808169
3536 0.658832
3537 0.9900354
3538 0.8423663
3539 0.8700586
3540 0.5502991
3541 0.2261751
3542 0.5147025
3543 0.1267087
3544 0.1814292
3545 0.6014789
3546 0.9699234
3547 0.6081754
3548 0.319171
3549 0.3447505
3550 0.8657344
3551 0.7043243
3552 0.1011343
3553 0.6930279
3554 0.3111435
3555 0.4109334
3556 0.1183553
3557 0.5090103
3558 0.306138
3559 0.1196067
3560 0.04514366
3561 0.9961478
3562 0.7754709
3563 0.8895672
3564 0.3525697
3565 0.583339
3566 0.2587241
3567 0.2762466
3568 0.7133365
3569 0.7979417
3570 0.8768809
3571 0.9134707
3572 0.1724069
3573 0.224052
3574 0.1685925
3575 0.6549332
3576 0.3072863
3577 0.2231277
3578 0.7982837
3579 0.9553757
3580 0.9412551
3581 0.4443506
3582 0.6145672
3583 0.2283149
3584 0.9102645
3585 0.2485568
3586 0.5402057
3587 0.467665
3588 0.6134715
3589 0.9184155
3590 0.3151999
3591 0.2079451
3592 0.8161498
3593 0.3471352
3594 0.3888061
3595 0.8080801
3596 0.8260403
3597 0.6591469
3598 0.737919
3599 0.754368
3600 0.4781081
3601 0.4767176
3602 0.3162558
3603 0.3347768
3604 0.6025202
3605 0.3884988
3606 0.9985021
3607 0.2467761
3608 0.1710119
3609 0.4155071
3610 0.9515821
3611 0.4946259
3612 0.2452926
3613 0.4712242
3614 0.06683743
3615 0.5872566
3616 0.10519
3617 0.1088088
3618 0.8648565
3619 0.148848
3620 0.8855091
3621 0.09101583
3622 0.8768546
3623 0.1994433
3624 0.5349389
3625 0.1514866
3626 0.1657186
3627 0.6755505
3628 0.5198516
3629 0.7791999
3630 0.7367147
3631 0.4046915
3632 0.7134405
3633 0.6856649
3634 0.6687524
3635 0.9136589
3636 0.1493837
3637 0.3442924
3638 0.2502763
3639 0.3674385
3640 0.3027743
3641 0.2943507
3642 0.4331351
3643 0.7009595
3644 0.9987275
3645 0.7464216
3646 0.5748765
3647 0.3664305
3648 0.3585236
3649 0.1912386
3650 0.2527261
3651 0.1719345
3652 0.172726
3653 0.6777621
3654 0.7584559
3655 0.5232086
3656 0.6438033
3657 0.3748269
3658 0.08839644
3659 0.6881556
3660 0.6294823
3661 0.8500849
3662 0.5799073
3663 0.6478975
3664 0.8463473
3665 0.1204187
3666 0.2160166
3667 0.4781317
3668 0.5295499
3669 0.6529612
3670 0.3967442
3671 0.2672696
3672 0.19294
3673 0.53417
3674 0.5639815
3675 0.344798
3676 0.4422177
3677 0.4087606
3678 0.1505431
3679 0.2613759
3680 0.1249516
3681 0.5492363
3682 0.6149012
3683 0.5436671
3684 0.2784215
3685 0.07418771
3686 0.7251778
3687 0.01947556
3688 0.2851817
3689 0.4550599
3690 0.1823329
3691 0.815929
3692 0.4028209
3693 0.9039683
3694 0.9223317
3695 0.01857628
3696 0.301847
3697 0.3688082
3698 0.9658198
3699 0.2441192
3700 0.08274355
3701 0.5702574
3702 0.8397196
3703 0.7081228
3704 0.6810122
3705 0.9002807
3706 0.3866336
3707 0.1953815
3708 0.3291052
3709 0.7169177
3710 0.8086876
3711 0.6664855
3712 0.5030795
3713 0.5868078
3714 0.07553185
3715 0.07886379
3716 0.734004
3717 0.818307
3718 0.794743
3719 0.7708466
3720 0.2085375
3721 0.9757287
3722 0.01780063
3723 0.9019765
3724 0.3173325
3725 0.30594
3726 0.3414183
3727 0.2718144
3728 0.4998814
3729 0.1022718
3730 0.1522286
3731 0.96619
3732 0.6764252
3733 0.5021506
3734 0.1257417
3735 0.1774917
3736 0.7727934
3737 0.7092618
3738 0.5017196
3739 0.101521
3740 0.7519909
3741 0.1914223
3742 0.3200924
3743 0.6966674
3744 0.3051102
3745 0.8032271
3746 0.9728278
3747 0.9798288
3748 0.7157229
3749 0.3312765
3750 0.1775851
3751 0.9615223
3752 0.8687673
3753 0.7875114
3754 0.767857
3755 0.264049
3756 0.2150264
3757 0.8980452
3758 0.4609595
3759 0.8269052
3760 0.588266
3761 0.7472743
3762 0.5317244
3763 0.1479248
3764 0.3731123
3765 0.4160462
3766 0.6963452
3767 0.1745754
3768 0.1442225
3769 0.6243551
3770 0.1228842
3771 0.4017859
3772 0.5511007
3773 0.6254456
3774 0.8942419
3775 0.2310969
3776 0.4103884
3777 0.7397971
3778 0.1142438
3779 0.3333102
3780 0.2418121
3781 0.2234438
3782 0.527528
3783 0.6711265
3784 0.7638334
3785 0.6949667
3786 0.4644158
3787 0.09666837
3788 0.1963431
3789 0.6725666
3790 0.3696811
3791 0.1996621
3792 0.8218878
3793 0.7929698
3794 0.7222306
3795 0.7243181
3796 0.5420282
3797 0.3250466
3798 0.3703327
3799 0.2458009
3800 0.6080409
3801 0.1236245
3802 0.3079066
3803 0.5696086
3804 0.06276966
3805 0.5672578
3806 0.2913053
3807 0.04410963
3808 0.7335207
3809 0.2477254
3810 0.08152577
3811 0.5448083
3812 0.03870632
3813 0.5831008
3814 0.2536929
3815 0.4047569
3816 0.9389484
3817 0.4948346
3818 0.6320646
3819 0.6326862
3820 0.8123568
3821 0.2162344
3822 0.8186357
3823 0.7267269
3824 0.747248
3825 0.3208635
3826 0.05008384
3827 0.2689244
3828 0.4644982
3829 0.4731028
3830 0.06747741
3831 0.06912875
3832 0.2987048
3833 0.3990618
3834 0.3288167
3835 0.3776269
3836 0.3536809
3837 0.8920918
3838 0.8171695
3839 0.02445649
3840 0.8139046
3841 0.5868377
3842 0.4242963
3843 0.5623443
3844 0.9961073
3845 0.08800823
3846 0.413568
3847 0.6911121
3848 0.148551
3849 0.5805066
3850 0.4130302
3851 0.1600898
3852 0.6640967
3853 0.8213848
3854 0.1148353
3855 0.1083311
3856 0.05540589
3857 0.2915737
3858 0.09290437
3859 0.08741598
3860 0.5733216
3861 0.4950961
3862 0.6151111
3863 0.6542426
3864 0.7618372
3865 0.1064214
3866 0.168122
3867 0.6803804
3868 0.9724711
3869 0.249659
3870 0.3743802
3871 0.2260009
3872 0.8190122
3873 0.2347187
3874 0.7243071
3875 0.854576
3876 0.611665
3877 0.5883324
3878 0.4024946
3879 0.7696248
3880 0.8186845
3881 0.01550463
3882 0.9912575
3883 0.1534158
3884 0.4972748
3885 0.09397537
3886 0.4569785
3887 0.1952794
3888 0.6562668
3889 0.1842745
3890 0.6241661
3891 0.74868
3892 0.8902172
3893 0.2460751
3894 0.7739091
3895 0.7699835
3896 0.6856184
3897 0.6293926
3898 0.7628888
3899 0.7833331
3900 0.8043517
3901 0.7176403
3902 0.9314379
3903 0.5506101
3904 0.1701278
3905 0.1240446
3906 0.6246557
3907 0.7534363
3908 0.1777653
3909 0.1682999
3910 0.3508187
3911 0.8460637
3912 0.9555183
3913 0.2402857
3914 0.07318732
3915 0.6762599
3916 0.790864
3917 0.2852621
3918 0.3957554
3919 0.8471323
3920 0.8989416
3921 0.468909
3922 0.5431951
3923 0.905836
3924 0.9069028
3925 0.07917368
3926 0.3248886
3927 0.05023337
3928 0.05658765
3929 0.5731949
3930 0.1245231
3931 0.2991626
3932 0.7272671
3933 0.7192406
3934 0.9854686
3935 0.1484149
3936 0.04735903
3937 0.1942613
3938 0.648947
3939 0.3947952
3940 0.334811
3941 0.8565383
3942 0.4558764
3943 0.09360954
3944 0.8772006
3945 0.2824577
3946 0.4153065
3947 0.1918289
3948 0.1001579
3949 0.1565578
3950 0.282532
3951 0.5002105
3952 0.3634608
3953 0.946891
3954 0.3832022
3955 0.6447756
3956 0.9202024
3957 0.8086349
3958 0.7339619
3959 0.3089793
3960 0.3453638
3961 0.4033183
3962 0.2250858
3963 0.9574291
3964 0.9179822
3965 0.1454849
3966 0.8378876
3967 0.06974877
3968 0.1168137
3969 0.767756
3970 0.7441817
3971 0.5762009
3972 0.7445617
3973 0.6637469
3974 0.5346362
3975 0.8770944
3976 0.6213827
3977 0.1523633
3978 0.8283778
3979 0.90506
3980 0.3275071
3981 0.4052673
3982 0.5311088
3983 0.9380656
3984 0.08849892
3985 0.1544709
3986 0.8924979
3987 0.1118168
3988 0.1323421
3989 0.9590909
3990 0.8809175
3991 0.825923
3992 0.05020556
3993 0.1094895
3994 0.1856885
3995 0.8448773
3996 0.7253876
3997 0.292406
3998 0.9784293
3999 0.3881774
4000 0.3737693
4001 0.6815246
4002 0.1077807
4003 0.2281
4004 0.2085495
4005 0.01100539
4006 0.7277465
4007 0.0793089
4008 0.003650251
4009 0.647876
4010 0.7669382
4011 0.4800948
4012 0.8776542
4013 0.7585943
4014 0.5906367
4015 0.7376845
4016 0.7905086
4017 0.4380564
4018 0.3596144
4019 0.3043526
4020 0.9822498
4021 0.004304951
4022 0.5110283
4023 0.9507568
4024 0.8818971
4025 0.8136794
4026 0.6798669
4027 0.5548798
4028 0.4703272
4029 0.2205408
4030 0.6291371
4031 0.3374578
4032 0.7817551
4033 0.9377412
4034 0.3750024
4035 0.6555832
4036 0.04210015
4037 0.4462225
4038 0.6164645
4039 0.5189501
4040 0.8462385
4041 0.6960979
4042 0.9409906
4043 0.2145423
4044 0.3392882
4045 0.9724321
4046 0.07533922
4047 0.3637318
4048 0.8873232
4049 0.6064582
4050 0.4269024
4051 0.8151876
4052 0.992078
4053 0.7952734
4054 0.9461189
4055 0.1894976
4056 0.06014635
4057 0.6685898
4058 0.217114
4059 0.708451
4060 0.9271437
4061 0.0866482
4062 0.9298808
4063 0.8549794
4064 0.8968956
4065 0.9351744
4066 0.5452106
4067 0.7516207
4068 0.2981821
4069 0.3831763
4070 0.9506219
4071 0.1172685
4072 0.331674
4073 0.2392488
4074 0.7290438
4075 0.1452487
4076 0.5446003
4077 0.627969
4078 0.9464046
4079 0.3368742
4080 0.8932654
4081 0.3885823
4082 0.7948496
4083 0.4698995
4084 0.8393656
4085 0.6929447
4086 0.09253802
4087 0.3557779
4088 0.1804637
4089 0.04126689
4090 0.3038416
4091 0.3954916
4092 0.5660477
4093 0.4257868
4094 0.9076181
4095 0.7489379
4096 0.9742765
4097 0.1843578
4098 0.5909058
4099 0.3075244
4100 0.6906329
4101 0.5167506
4102 0.5696132
4103 0.3463369
4104 0.6551759
4105 0.4428265
4106 0.481316
4107 0.9743089
4108 0.7057086
4109 0.3734582
4110 0.9724686
4111 0.6907626
4112 0.2157071
4113 0.4125074
4114 0.3491194
4115 0.09421063
4116 0.5932234
4117 0.5381351
4118 0.2401252
4119 0.5519732
4120 0.3372651
4121 0.9862856
4122 0.6208449
4123 0.769696
4124 0.8820404
4125 0.7207194
4126 0.3043398
4127 0.2226696
4128 0.4356307
4129 0.2652161
4130 0.1317473
4131 0.1790378
4132 0.1919837
4133 0.3356449
4134 0.5977543
4135 0.1851472
4136 0.8868976
4137 0.3949066
4138 0.1539758
4139 0.291265
4140 0.8354895
4141 0.06669407
4142 0.6001328
4143 0.07804967
4144 0.3847603
4145 0.7655817
4146 0.7074391
4147 0.2345803
4148 0.8290897
4149 0.5287935
4150 0.6284349
4151 0.5398009
4152 0.5084469
4153 0.3937983
4154 0.263037
4155 0.0883649
4156 0.5571272
4157 0.6172562
4158 0.8989153
4159 0.6085529
4160 0.6938878
4161 0.7381265
4162 0.1683622
4163 0.5256729
4164 0.6208273
4165 0.729113
4166 0.7973351
4167 0.7463257
4168 0.01153171
4169 0.4606899
4170 0.5313777
4171 0.05403587
4172 0.06892138
4173 0.7604036
4174 0.4101164
4175 0.690383
4176 0.1394301
4177 0.7696811
4178 0.8108251
4179 0.7523287
4180 0.8009656
4181 0.6238065
4182 0.6004914
4183 0.03578165
4184 0.9983072
4185 0.6500344
4186 0.3223608
4187 0.8173897
4188 0.6103376
4189 0.1701513
4190 0.2097955
4191 0.7472173
4192 0.5957915
4193 0.5830354
4194 0.1480901
4195 0.1549577
4196 0.0183554
4197 0.4827298
4198 0.7206686
4199 0.3367545
4200 0.04222811
4201 0.9566825
4202 0.6400403
4203 0.6804835
4204 0.4402844
4205 0.690273
4206 0.5772587
4207 0.07999694
4208 0.80238
4209 0.1181187
4210 0.3464223
4211 0.5482262
4212 0.07630523
4213 0.2629731
4214 0.4826577
4215 0.3677159
4216 0.3928927
4217 0.9659709
4218 0.9262555
4219 0.01788153
4220 0.4120453
4221 0.9701183
4222 0.305648
4223 0.6335366
4224 0.8483514
4225 0.40888
4226 0.4634708
4227 0.06637111
4228 0.7075102
4229 0.5345748
4230 0.4770985
4231 0.6143361
4232 0.2995736
4233 0.7388128
4234 0.8854674
4235 0.0809901
4236 0.8810787
4237 0.2851472
4238 0.6571124
4239 0.1431043
4240 0.02510647
4241 0.789126
4242 0.73759
4243 0.4218123
4244 0.8180609
4245 0.312487
4246 0.06084155
4247 0.802333
4248 0.07792593
4249 0.7785255
4250 0.442957
4251 0.9576737
4252 0.4381252
4253 0.7221103
4254 0.72572
4255 0.9019957
4256 0.4019051
4257 0.6735538
4258 0.5630528
4259 0.843556
4260 0.4283149
4261 0.3549755
4262 0.5908259
4263 0.8320211
4264 0.3526842
4265 0.9689756
4266 0.9476661
4267 0.04399353
4268 0.4769385
4269 0.1380653
4270 0.8831133
4271 0.06726171
4272 0.3153214
4273 0.303218
4274 0.4085992
4275 0.597875
4276 0.1312797
4277 0.7625592
4278 0.671311
4279 0.1159778
4280 0.01971432
4281 0.9009288
4282 0.2468236
4283 0.9504678
4284 0.8626143
4285 0.7320389
4286 0.1213084
4287 0.05475408
4288 0.3777001
4289 0.7432004
4290 0.1767933
4291 0.9218014
4292 0.8077312
4293 0.2497269
4294 0.02258746
4295 0.3987585
4296 0.1991247
4297 0.2916835
4298 0.1626743
4299 0.8611232
4300 0.707644
4301 0.7054939
4302 0.725117
4303 0.3214506
4304 0.3760139
4305 0.5900977
4306 0.6985006
4307 0.8830316
4308 0.445219
4309 0.3316296
4310 0.2087398
4311 0.6161995
4312 0.1967502
4313 0.9731115
4314 0.2269551
4315 0.7687675
4316 0.08503734
4317 0.3943686
4318 0.6580948
4319 0.5695003
4320 0.243118
4321 0.3799073
4322 0.3846909
4323 0.000307441
4324 0.02119856
4325 0.4702578
4326 0.3890363
4327 0.178835
4328 0.904946
4329 0.1303981
4330 0.7210363
4331 0.9309477
4332 0.9983631
4333 0.7772442
4334 0.8642102
4335 0.4471747
4336 0.318657
4337 0.3588848
4338 0.2079098
4339 0.6966707
4340 0.02453592
4341 0.2768461
4342 0.6796657
4343 0.3339859
4344 0.07167812
4345 0.6388699
4346 0.182373
4347 0.2523581
4348 0.7622495
4349 0.5841893
4350 0.46206
4351 0.5965894
4352 0.5358481
4353 0.9989731
4354 0.3130879
4355 0.5288872
4356 0.4862484
4357 0.5402362
4358 0.567096
4359 0.2891743
4360 0.495491
4361 0.6253438
4362 0.7910396
4363 0.8160451
4364 0.726227
4365 0.2360577
4366 0.4900979
4367 0.8378518
4368 0.9801683
4369 0.4197844
4370 0.6713218
4371 0.5113249
4372 0.8861046
4373 0.7581706
4374 0.648797
4375 0.6073933
4376 0.8662954
4377 0.5993937
4378 0.392529
4379 0.9524376
4380 0.1870637
4381 0.2328729
4382 0.8415446
4383 0.9739211
4384 0.2414297
4385 0.351699
4386 0.1812784
4387 0.8185069
4388 0.3945417
4389 0.9121844
4390 0.267966
4391 0.7552184
4392 0.2480346
4393 0.3671549
4394 0.5442124
4395 0.6541647
4396 0.296221
4397 0.3373926
4398 0.1693876
4399 0.5389005
4400 0.09339537
4401 0.6750813
4402 0.9543673
4403 0.526312
4404 0.6953339
4405 0.03602748
4406 0.4915294
4407 0.05572566
4408 0.7526585
4409 0.9919452
4410 0.01833835
4411 0.09521141
4412 0.7285592
4413 0.8547492
4414 0.7120201
4415 0.5742294
4416 0.3485534
4417 0.4434116
4418 0.2097996
4419 0.7379096
4420 0.1860152
4421 0.3778934
4422 0.7775169
4423 0.7815812
4424 0.8538235
4425 0.2969125
4426 0.8101625
4427 0.9135244
4428 0.2182925
4429 0.8276618
4430 0.4516462
4431 0.9101727
4432 0.4090551
4433 0.3137917
4434 0.7238645
4435 0.3675486
4436 0.6327099
4437 0.7606857
4438 0.3746005
4439 0.8414991
4440 0.7482643
4441 0.7161429
4442 0.266715
4443 0.5352533
4444 0.718644
4445 0.4540675
4446 0.7507501
4447 0.5000565
4448 0.08599539
4449 0.7157742
4450 0.8536674
4451 0.251435
4452 0.1635044
4453 0.02611101
4454 0.8264886
4455 0.7484318
4456 0.7333759
4457 0.429547
4458 0.06297012
4459 0.6584011
4460 0.2166426
4461 0.3122143
4462 0.1439177
4463 0.3249487
4464 0.2939239
4465 0.9380922
4466 0.2588075
4467 0.3860596
4468 0.03671937
4469 0.9643429
4470 0.5877934
4471 0.06879971
4472 0.2562175
4473 0.9416331
4474 0.1375857
4475 0.1707817
4476 0.7844391
4477 0.9847307
4478 0.4317743
4479 0.03507245
4480 0.1323196
4481 0.3722209
4482 0.1494214
4483 0.03421618
4484 0.4770022
4485 0.3432258
4486 0.03513522
4487 0.999428
4488 0.360261
4489 0.4319596
4490 0.9772565
4491 0.9695298
4492 0.9350779
4493 0.9480996
4494 0.8307233
4495 0.7844807
4496 0.4426754
4497 0.7203948
4498 0.3046014
4499 0.385648
4500 0.3916573
4501 0.2342201
4502 0.6533363
4503 0.7870049
4504 0.8670275
4505 0.5796283
4506 0.9098584
4507 0.8940109
4508 0.8530423
4509 0.7377996
4510 0.9077971
4511 0.6126385
4512 0.1225384
4513 0.0466797
4514 0.6178744
4515 0.6268799
4516 0.4686662
4517 0.6302989
4518 0.7713913
4519 0.1250227
4520 0.1272116
4521 0.05861969
4522 0.3032522
4523 0.859399
4524 0.8117503
4525 0.109754
4526 0.4900719
4527 0.6930665
4528 0.09602653
4529 0.6057611
4530 0.01521334
4531 0.9643555
4532 0.06233174
4533 0.148889
4534 0.2725005
4535 0.4715911
4536 0.6921281
4537 0.3678917
4538 0.8049241
4539 0.3287173
4540 0.6654323
4541 0.9449536
4542 0.5472734
4543 0.544103
4544 0.016547
4545 0.6666556
4546 0.3989612
4547 0.6883917
4548 0.1608863
4549 0.2757871
4550 0.8180259
4551 0.5591345
4552 0.02149925
4553 0.3733579
4554 0.9378651
4555 0.7744004
4556 0.6705187
4557 0.9761101
4558 0.3940554
4559 0.3721209
4560 0.1481472
4561 0.240377
4562 0.8229892
4563 0.6935208
4564 0.6167739
4565 0.5233165
4566 0.3629705
4567 0.7739099
4568 0.573868
4569 0.1586827
4570 0.03208728
4571 0.9484379
4572 0.2585381
4573 0.9703375
4574 0.8809761
4575 0.3659023
4576 0.965419
4577 0.2028675
4578 0.1767669
4579 0.1535145
4580 0.0002614113
4581 0.2507345
4582 0.8049437
4583 0.05783786
4584 0.4853745
4585 0.01644654
4586 0.08786841
4587 0.3912701
4588 0.1561391
4589 0.6340355
4590 0.3128606
4591 0.5554068
4592 0.07470222
4593 0.6444455
4594 0.2140934
4595 0.7070264
4596 0.8383934
4597 0.2552216
4598 0.02350496
4599 0.1744557
4600 0.3963114
4601 0.7416364
4602 0.2990343
4603 0.8828816
4604 0.4351236
4605 0.9053121
4606 0.2220126
4607 0.1468885
4608 0.5078503
4609 0.4254115
4610 0.5233913
4611 0.6668715
4612 0.1635412
4613 0.581518
4614 0.525214
4615 0.173785
4616 0.3519742
4617 0.6182405
4618 0.6554414
4619 0.6268158
4620 0.1787859
4621 0.8895867
4622 0.7390983
4623 0.001178142
4624 0.1133364
4625 0.2300371
4626 0.9986532
4627 0.06168231
4628 0.6255938
4629 0.3239572
4630 0.3026431
4631 0.1282241
4632 0.1754897
4633 0.6056051
4634 0.1717449
4635 0.8142305
4636 0.5428299
4637 0.7279892
4638 0.7414294
4639 0.2278176
4640 0.4472134
4641 0.03715132
4642 0.5182316
4643 0.01773285
4644 0.6511646
4645 0.1080564
4646 0.8174502
4647 0.4440709
4648 0.2728928
4649 0.8811788
4650 0.7511221
4651 0.05759834
4652 0.739872
4653 0.6668236
4654 0.67056
4655 0.6743295
4656 0.04850267
4657 0.6723563
4658 0.781903
4659 0.8322793
4660 0.1807382
4661 0.6692739
4662 0.8632433
4663 0.339273
4664 0.100128
4665 0.5444362
4666 0.02455568
4667 0.6799411
4668 0.5816566
4669 0.06899229
4670 0.4582396
4671 0.5613202
4672 0.1091764
4673 0.1577246
4674 0.9639737
4675 0.2290876
4676 0.5977644
4677 0.2641467
4678 0.8438224
4679 0.07610424
4680 0.8534051
4681 0.2013366
4682 0.2690872
4683 0.7228318
4684 0.935452
4685 0.1302344
4686 0.09305972
4687 0.2331051
4688 0.7424474
4689 0.5099114
4690 0.2733018
4691 0.5508901
4692 0.187935
4693 0.7382898
4694 0.3098335
4695 0.9322187
4696 0.4673523
4697 0.6806206
4698 0.1984124
4699 0.8500051
4700 0.7777996
4701 0.2681216
4702 0.4015775
4703 0.2098933
4704 0.02602611
4705 0.00564392
4706 0.07784863
4707 0.2030299
4708 0.7879316
4709 0.7588724
4710 0.6172537
4711 0.9260225
4712 0.70256
4713 0.8886275
4714 0.2985013
4715 0.01868765
4716 0.865016
4717 0.7928754
4718 0.05632881
4719 0.8566943
4720 0.9880446
4721 0.3850499
4722 0.6192822
4723 0.6235686
4724 0.1093689
4725 0.7453717
4726 0.4833849
4727 0.4238073
4728 0.294504
4729 0.7234829
4730 0.741383
4731 0.9796158
4732 0.1166048
4733 0.7513573
4734 0.4100097
4735 0.5209985
4736 0.7026966
4737 0.4102256
4738 0.1745235
4739 0.4664261
4740 0.9632113
4741 0.9027461
4742 0.9153129
4743 0.9379968
4744 0.3302527
4745 0.5860699
4746 0.8382463
4747 0.9070442
4748 0.9760349
4749 0.5709309
4750 0.3146627
4751 0.7928652
4752 0.5721602
4753 0.3294638
4754 0.6368834
4755 0.6212913
4756 0.7474307
4757 0.2251123
4758 0.9694037
4759 0.7960215
4760 0.0470486
4761 0.9675273
4762 0.6759197
4763 0.790937
4764 0.1570673
4765 0.7175135
4766 0.04860145
4767 0.5728878
4768 0.6592504
4769 0.9797646
4770 0.3019609
4771 0.2425801
4772 0.6547395
4773 0.03311072
4774 0.1348092
4775 0.7704766
4776 0.394902
4777 0.8840129
4778 0.1880568
4779 0.5999235
4780 0.3094107
4781 0.3424908
4782 0.9065084
4783 0.05302312
4784 0.9537799
4785 0.7509228
4786 0.1734428
4787 0.7965861
4788 0.0693317
4789 0.9309196
4790 0.1461043
4791 0.8282385
4792 0.3780091
4793 0.4683206
4794 0.8767166
4795 0.05025413
4796 0.4693301
4797 0.6687765
4798 0.9934527
4799 0.4004943
4800 0.05444361
4801 0.8822509
4802 0.4705652
4803 0.2905608
4804 0.9453926
4805 0.07759979
4806 0.3569169
4807 0.5499309
4808 0.374096
4809 0.8081939
4810 0.4927691
4811 0.8890252
4812 0.2147474
4813 0.8683327
4814 0.05534982
4815 0.328773
4816 0.1393962
4817 0.3406228
4818 0.9508904
4819 0.5810825
4820 0.7704166
4821 0.882523
4822 0.4470872
4823 0.09578153
4824 0.6397116
4825 0.7162013
4826 0.7965897
4827 0.4148591
4828 0.2078406
4829 0.4274529
4830 0.2963059
4831 0.9455735
4832 0.8677304
4833 0.01744513
4834 0.3161138
4835 0.9429582
4836 0.5530982
4837 0.9225672
4838 0.8657767
4839 0.5926111
4840 0.3250426
4841 0.3572868
4842 0.2725923
4843 0.2267266
4844 0.207563
4845 0.9764861
4846 0.2925432
4847 0.5422622
4848 0.373804
4849 0.9796153
4850 0.8405447
4851 0.5480697
4852 0.2352439
4853 0.2026061
4854 0.4599428
4855 0.9922321
4856 0.4325833
4857 0.643698
4858 0.3568994
4859 0.5833164
4860 0.03302726
4861 0.009042204
4862 0.9210613
4863 0.325025
4864 0.0990338
4865 0.5508023
4866 0.8597504
4867 0.8497134
4868 0.5090413
4869 0.8650844
4870 0.3436329
4871 0.5063929
4872 0.9471049
4873 0.1730115
4874 0.2126084
4875 0.498466
4876 0.8926593
4877 0.3458464
4878 0.5284316
4879 0.7657755
4880 0.5651618
4881 0.1181789
4882 0.4011335
4883 0.3028691
4884 0.4773785
4885 0.7500443
4886 0.5338131
4887 0.5382657
4888 0.515159
4889 0.4953061
4890 0.9432163
4891 0.9164661
4892 0.4223507
4893 0.919731
4894 0.8308705
4895 0.1889082
4896 0.5767596
4897 0.7128501
4898 0.7414055
4899 0.284362
4900 0.2724057
4901 0.1454243
4902 0.6013603
4903 0.6063925
4904 0.6788383
4905 0.7417799
4906 0.8192481
4907 0.7336694
4908 0.154255
4909 0.7594787
4910 0.7980346
4911 0.8167656
4912 0.8348514
4913 0.2966549
4914 0.3891628
4915 0.3911773
4916 0.2395786
4917 0.02037578
4918 0.251843
4919 0.1509531
4920 0.1478582
4921 0.3570673
4922 0.5127382
4923 0.4379497
4924 0.9699683
4925 0.2290866
4926 0.4429503
4927 0.8140745
4928 0.1710185
4929 0.05096362
4930 0.05679329
4931 0.06329757
4932 0.5017698
4933 0.5928297
4934 0.1283848
4935 0.8311021
4936 0.5286938
4937 0.8016161
4938 0.9226703
4939 0.8174124
4940 0.9073166
4941 0.07166997
4942 0.1479292
4943 0.7578813
4944 0.521739
4945 0.6428263
4946 0.3038234
4947 0.1305485
4948 0.9942832
4949 0.8592448
4950 0.8412906
4951 0.944735
4952 0.04635556
4953 0.5647214
4954 0.8048745
4955 0.4257652
4956 0.1059524
4957 0.9423328
4958 0.243165
4959 0.3054022
4960 0.07167298
4961 0.3178973
4962 0.08333922
4963 0.9590098
4964 0.9532723
4965 0.0494646
4966 0.4066576
4967 0.9100662
4968 0.5220104
4969 0.2019251
4970 0.1327791
4971 0.2628075
4972 0.8494252
4973 0.1230428
4974 0.9313696
4975 0.146804
4976 0.9680771
4977 0.1341962
4978 0.2435187
4979 0.2233976
4980 0.6347761
4981 0.4292548
4982 0.3701557
4983 0.6539416
4984 0.6816586
4985 0.1297777
4986 0.454508
4987 0.8390472
4988 0.6826696
4989 0.359859
4990 0.5608142
4991 0.5335833
4992 0.8278758
4993 0.5154665
4994 0.5659746
4995 0.9731991
4996 0.5919119
4997 0.2251057
4998 0.02774854
4999 0.9748972
5000 0.5088934
