1 0.9492635
2 0.4097498
3 0.5533075
4 0.7537421
5 0.04019629
6 0.1545196
7 0.2995724
8 0.8237235
9 0.07521713
10 0.9466494
11 0.3540755
12 0.6262638
13 0.3897296
14 0.2634673
15 0.7045304
16 0.9341227
17 0.5130525
18 0.9979875
19 0.0168764
20 0.2198395
21 0.2332666
22 0.03760107
23 0.7706069
24 0.5899669
25 0.02510624
26 0.1656079
27 0.001691196
28 0.06792115
29 0.9235957
30 0.01984598
31 0.6733712
32 0.8841253
33 0.5965771
34 0.04435827
35 0.4634391
36 0.374285
37 0.7139403
38 0.349541
39 0.6707772
40 0.01548103
41 0.1518942
42 0.5853262
43 0.1459685
44 0.9761624
45 0.02623186
46 0.1151026
47 0.942183
48 0.01415569
49 0.5350558
50 0.6631389
51 0.05860739
52 0.3105565
53 0.6929399
54 0.05863836
55 0.655002
56 0.2927407
57 0.002611482
58 0.2013379
59 0.6507383
60 0.014238
61 0.2537968
62 0.8148724
63 0.6528407
64 0.6224464
65 0.5974698
66 0.06925265
67 0.1435585
68 0.6765759
69 0.4320429
70 3.962441e-06
71 0.6915153
72 0.6418255
73 0.01085536
74 0.3825119
75 0.6935994
76 0.1484499
77 0.4358001
78 0.8078193
79 0.5098228
80 0.09333535
81 0.9621615
82 0.3482563
83 0.3728646
84 0.6003456
85 0.4393968
86 0.4615701
87 0.6133198
88 0.6095013
89 0.7104169
90 0.2456393
91 0.02201578
92 0.2586484
93 0.742383
94 0.2393398
95 0.8360928
96 0.1840431
97 0.7559973
98 0.0141591
99 0.8544095
100 0.38396
101 0.2505466
102 0.1780116
103 0.2535349
104 0.2185453
105 0.6855052
106 0.0919963
107 0.004875479
108 0.3925404
109 0.6170786
110 0.2599767
111 0.9925051
112 0.19324
113 0.2253408
114 0.8630527
115 0.7335549
116 0.2473052
117 0.1825981
118 0.1815939
119 0.1423949
120 0.1483692
121 0.008413741
122 0.3271026
123 0.6172792
124 0.05179608
125 0.2816583
126 0.2081948
127 0.2323386
128 0.1137936
129 0.6693357
130 0.3936089
131 0.3150752
132 0.9155748
133 0.003794162
134 0.188868
135 5.746401e-05
136 0.07502642
137 0.005272452
138 0.03329821
139 0.6559246
140 0.1882781
141 0.03111732
142 0.84428
143 0.7058042
144 0.9251061
145 0.09953466
146 0.597477
147 0.8799492
148 0.3036308
149 0.2867092
150 0.3421862
151 0.4911888
152 0.1953863
153 0.6972691
154 0.7258736
155 0.8576434
156 0.5253355
157 0.8623035
158 0.5420747
159 0.2413353
160 0.2202109
161 0.9954996
162 0.02960491
163 0.1312313
164 0.7153291
165 0.03588176
166 0.4472508
167 0.007377532
168 0.8547116
169 0.9567704
170 0.2992273
171 0.02910101
172 0.5064511
173 0.06235817
174 0.7506121
175 0.7922273
176 0.9355446
177 0.8210597
178 0.9740563
179 0.1474035
180 0.102494
181 0.7307319
182 0.9313676
183 0.9235305
184 0.3372326
185 0.3908366
186 0.2956448
187 0.5520387
188 0.757211
189 0.6741664
190 0.6620887
191 0.6168404
192 0.2627961
193 0.8079587
194 0.4211034
195 0.126814
196 0.1229415
197 0.6516219
198 0.2840756
199 0.8338442
200 0.04110135
201 0.9707611
202 0.9372812
203 0.5165417
204 0.5579954
205 0.2626223
206 0.3959166
207 0.3432194
208 0.04364528
209 0.6117779
210 0.6059359
211 0.2780127
212 0.1276367
213 0.607037
214 0.1165502
215 0.3028668
216 0.201193
217 0.7474646
218 0.6517073
219 0.5658375
220 0.1324543
221 0.3854007
222 0.8385819
223 0.6026028
224 0.0430522
225 0.5464571
226 0.0802436
227 0.7540255
228 0.1057448
229 0.01363502
230 0.9379512
231 0.8058331
232 0.1856935
233 0.05079467
234 0.2377143
235 0.02687688
236 0.4364004
237 0.8488429
238 0.3335457
239 0.06652425
240 0.7784829
241 0.009769419
242 0.5269238
243 0.1635527
244 0.5935572
245 0.00454729
246 0.3335652
247 0.420682
248 0.17844
249 0.02428708
250 0.4304843
251 0.1930419
252 0.842817
253 0.5079058
254 0.194874
255 0.4611203
256 0.2112358
257 0.3622276
258 0.7214585
259 0.9931181
260 0.557558
261 0.1513499
262 0.3403126
263 0.1263168
264 0.1476105
265 0.002709336
266 0.02651557
267 0.08164339
268 0.05380381
269 9.470172e-05
270 0.642212
271 0.6751115
272 0.004223445
273 0.5329726
274 0.1412069
275 0.7691421
276 0.9701332
277 0.7496628
278 0.1631426
279 0.7834031
280 0.3405381
281 0.09943671
282 0.7736276
283 0.3848009
284 0.01882336
285 0.4435299
286 0.03570136
287 0.2526234
288 0.2823941
289 0.7791977
290 0.4568072
291 0.1312282
292 0.6103549
293 0.5290683
294 0.07273174
295 0.8199553
296 0.5099055
297 0.68585
298 0.9732185
299 0.0857091
300 0.177296
301 0.7408796
302 0.4238196
303 0.3475675
304 0.7403054
305 0.3145888
306 0.2056933
307 0.6160559
308 0.7971475
309 0.8827264
310 0.6287887
311 0.3398383
312 0.01346126
313 0.1788494
314 0.2833037
315 0.3145151
316 0.4434418
317 0.1570419
318 0.07992159
319 0.1609538
320 0.335755
321 0.08126307
322 0.7945166
323 0.1877922
324 0.002582159
325 0.11855
326 0.6413413
327 0.005889169
328 0.6025964
329 0.5447001
330 0.7224282
331 0.04852874
332 0.2376801
333 0.2122386
334 0.037663
335 0.552038
336 0.1027123
337 0.7810664
338 0.3306673
339 0.1633535
340 0.9407567
341 0.01180615
342 0.7713962
343 0.01381409
344 0.6475407
345 0.5062798
346 0.2307403
347 0.7688252
348 0.4705581
349 0.04988448
350 0.5389058
351 0.7772629
352 0.7791769
353 0.4817486
354 0.5403133
355 0.2355153
356 0.5413914
357 0.344098
358 0.6198203
359 0.8855912
360 0.04859652
361 0.006199175
362 0.04158437
363 0.5759419
364 0.003539717
365 0.007748448
366 0.9299804
367 0.07651252
368 0.4761784
369 0.1902632
370 0.4131564
371 0.2437217
372 0.9162515
373 0.1999489
374 0.1366762
375 0.3995499
376 0.007826558
377 0.9391992
378 0.003747536
379 0.6119256
380 0.5044028
381 0.2271603
382 0.5055968
383 0.5168963
384 0.3459756
385 0.8284528
386 0.5467941
387 0.07657346
388 0.4507011
389 0.4004833
390 0.5121355
391 0.5540164
392 0.2001565
393 0.4396504
394 0.6246097
395 0.1981763
396 0.9773289
397 0.1546197
398 0.4132311
399 0.3876602
400 0.7320976
401 0.6135124
402 0.553447
403 0.2145175
404 0.04136926
405 0.01282454
406 0.4600814
407 0.1403743
408 0.9369671
409 0.03838796
410 0.479592
411 0.8272856
412 0.06056598
413 0.2117839
414 0.8325425
415 0.1705847
416 0.6122792
417 0.3885674
418 0.2170189
419 0.4655066
420 0.9084371
421 0.6227387
422 0.363768
423 0.576543
424 0.3413507
425 0.4254901
426 0.1980368
427 0.8029688
428 0.7742587
429 0.3336419
430 0.06320904
431 0.1076767
432 0.2878421
433 0.6306226
434 0.8851206
435 0.03153301
436 0.5377917
437 0.004093003
438 0.1424973
439 0.8594204
440 0.949843
441 0.5575347
442 0.2246648
443 0.1551362
444 0.7229532
445 0.1060718
446 0.6489812
447 0.0386247
448 0.1677425
449 0.735735
450 0.4727113
451 0.2049053
452 0.7785093
453 0.5521536
454 0.4592135
455 0.5636265
456 0.7948406
457 0.7994669
458 0.1572956
459 0.2221462
460 0.4307476
461 0.2574435
462 0.9085781
463 0.9102814
464 0.4597133
465 0.01229235
466 0.09575874
467 0.1434398
468 0.9280888
469 0.2929989
470 0.6145898
471 0.07282225
472 0.1798504
473 0.7468213
474 0.3214534
475 0.8040274
476 0.02662454
477 0.2107402
478 0.2782226
479 0.6545657
480 0.09233633
481 0.7307855
482 0.8085052
483 0.009625374
484 0.0609107
485 0.3314337
486 0.1271631
487 0.5099495
488 0.3223708
489 0.03587357
490 0.6154665
491 0.8511428
492 0.02956812
493 0.8789247
494 0.6433705
495 0.04279242
496 0.525997
497 0.002560261
498 0.1115391
499 0.8703782
500 0.449784
501 0.6969883
502 0.3626642
503 0.1486841
504 0.1346923
505 0.4250232
506 0.1209222
507 0.3406824
508 0.8378418
509 0.01699545
510 0.4218836
511 0.5095055
512 0.2939258
513 0.3446837
514 0.9325332
515 0.001039509
516 0.4487846
517 0.7119479
518 0.6063364
519 0.3750039
520 0.1465764
521 0.1817286
522 0.01858967
523 0.07673136
524 0.06763254
525 0.7736103
526 0.111636
527 0.07188862
528 0.2735589
529 0.9829958
530 0.2422651
531 0.1950548
532 0.2531842
533 0.1399672
534 0.9492054
535 0.3538493
536 0.9814614
537 0.7109896
538 0.8116509
539 0.9550892
540 0.2210406
541 0.02238139
542 0.03743897
543 0.2692947
544 0.8035723
545 0.02910128
546 0.3165492
547 0.1653884
548 0.1686631
549 0.3003666
550 0.8039781
551 0.001934325
552 0.08932682
553 0.8721006
554 0.3356628
555 0.5350474
556 0.6607118
557 0.5619284
558 0.8355609
559 0.01503747
560 0.776808
561 0.04447262
562 0.8073207
563 0.3367106
564 0.1059034
565 0.4232033
566 0.1782462
567 0.6934719
568 0.730519
569 0.5007975
570 0.7245749
571 0.4295491
572 0.02343746
573 0.2103566
574 0.05525612
575 0.1730714
576 0.9494031
577 0.3717773
578 0.2429905
579 0.001280049
580 0.9367146
581 0.2895164
582 0.3993282
583 0.2739445
584 0.7183282
585 0.8777223
586 0.3869249
587 0.003808855
588 0.004101242
589 0.9319167
590 0.1819849
591 0.04774729
592 0.4257017
593 0.3384681
594 0.02495532
595 0.001366717
596 0.2959692
597 0.5411948
598 0.663894
599 0.03253135
600 0.4246018
601 0.1336108
602 0.2215019
603 0.2519422
604 0.1474868
605 0.4140578
606 0.215266
607 0.3698883
608 0.301362
609 0.07566274
610 0.6235373
611 0.1303482
612 0.0001995458
613 0.8997956
614 0.4531348
615 0.6601527
616 0.8720197
617 0.02364507
618 0.249675
619 0.8479582
620 0.1751046
621 0.4330136
622 0.5014886
623 0.6769903
624 0.1987592
625 0.1814688
626 0.427727
627 0.5200313
628 0.9925054
629 0.8969363
630 0.3168325
631 0.6723345
632 0.2346095
633 0.001811703
634 0.2765272
635 0.003945996
636 0.2449143
637 0.4218434
638 0.2079076
639 0.002800848
640 0.03535528
641 0.4388776
642 0.2071584
643 0.1357264
644 0.9217283
645 0.4639264
646 0.3268713
647 0.554729
648 0.04333325
649 0.1119869
650 0.2699561
651 0.04147578
652 0.6568264
653 0.287858
654 0.2057909
655 0.6534073
656 0.2283205
657 0.04653812
658 0.433198
659 0.233571
660 0.1021283
661 0.64416
662 0.3044477
663 0.04607159
664 0.5409232
665 0.21632
666 0.5884165
667 0.1872319
668 0.8694168
669 0.3271733
670 0.8525419
671 0.2109517
672 0.1653267
673 0.04769921
674 0.5275591
675 0.4002925
676 0.0558068
677 0.1704512
678 0.01750338
679 0.07862607
680 0.2481324
681 0.2561432
682 0.5606932
683 0.002941723
684 0.0420875
685 0.892412
686 0.1208464
687 0.2097401
688 0.1348328
689 0.6257589
690 0.932498
691 0.2419803
692 0.51404
693 0.1883165
694 0.5883818
695 0.5945012
696 0.6091296
697 0.8680516
698 0.001703355
699 0.6269107
700 0.8305705
701 0.7851165
702 0.5369063
703 0.1260824
704 0.3748452
705 0.9671888
706 0.2010506
707 0.02712105
708 0.1185879
709 0.3751499
710 0.6963744
711 0.357502
712 0.549553
713 0.4820796
714 0.147504
715 0.7648432
716 0.2199088
717 0.3804457
718 0.1556922
719 0.2121239
720 0.3990629
721 0.8216199
722 0.8159684
723 0.1420094
724 0.5775711
725 0.7564831
726 0.0032371
727 0.9102413
728 0.7567606
729 0.5646059
730 0.8408846
731 0.4888849
732 0.09204686
733 0.1893222
734 0.229091
735 0.829752
736 0.7896066
737 0.03443357
738 0.8571018
739 0.03211009
740 0.6783209
741 0.1131602
742 0.0958919
743 0.06596364
744 0.003323054
745 0.3184853
746 0.9794433
747 0.5021713
748 0.7825328
749 0.3988628
750 0.1329229
751 0.228893
752 0.6816041
753 0.1707369
754 0.4053237
755 0.2556516
756 0.7948775
757 0.3929383
758 0.6465216
759 0.3393187
760 0.2704268
761 0.3548053
762 0.3832364
763 0.006298092
764 0.9702098
765 0.4087817
766 0.5130975
767 0.2368953
768 0.3727763
769 0.8492968
770 0.1949062
771 0.0660937
772 0.8590916
773 0.177829
774 0.5942045
775 0.9528262
776 0.6698858
777 0.003878491
778 0.009735338
779 0.8685371
780 0.4145874
781 0.03913015
782 0.06639612
783 0.7122379
784 0.105219
785 0.01515114
786 0.8116982
787 0.5417527
788 0.1545039
789 0.7965215
790 0.7268196
791 0.5322751
792 0.005737217
793 0.6989813
794 0.2026307
795 0.3162711
796 0.2986661
797 0.7882082
798 0.3935092
799 0.3283836
800 0.2786762
801 0.1289682
802 0.995924
803 0.9882251
804 0.3777436
805 0.3564758
806 0.03646359
807 0.2545116
808 0.4737062
809 0.004472305
810 0.169412
811 0.7035177
812 0.2844498
813 0.01174229
814 0.8606179
815 0.1905188
816 0.0648643
817 0.05577294
818 0.1232095
819 0.1212442
820 0.4100109
821 0.2437901
822 0.1332362
823 0.03163458
824 0.6676724
825 0.4192558
826 0.106098
827 0.2171997
828 0.001666713
829 0.2092062
830 0.008420987
831 0.863532
832 0.2665855
833 0.03559974
834 0.2122404
835 0.08388626
836 0.3045622
837 0.3761127
838 0.8422806
839 0.4533582
840 0.005079428
841 0.1873171
842 0.01208999
843 0.2115648
844 0.3940449
845 0.5686915
846 0.0872434
847 0.8560853
848 0.3066963
849 0.19881
850 0.4928463
851 0.9836268
852 0.5490367
853 0.6123997
854 0.8156557
855 0.2068125
856 0.4053447
857 0.05203065
858 0.3048012
859 0.735663
860 0.6832502
861 0.3867619
862 0.2313019
863 0.4092484
864 0.1111766
865 0.5427669
866 0.7300888
867 0.01742848
868 0.8666823
869 0.02557264
870 0.1615797
871 0.615706
872 0.5450649
873 0.4017795
874 0.2489679
875 0.03913634
876 0.1787651
877 0.3021954
878 0.9248411
879 0.8759383
880 0.8843438
881 0.5660548
882 0.2734335
883 0.001206457
884 0.4830341
885 0.06224416
886 0.2185738
887 0.07453395
888 0.235381
889 0.436311
890 0.214637
891 0.2025446
892 0.07920587
893 0.07981681
894 0.401915
895 0.1774261
896 0.01252721
897 0.006795123
898 0.4637446
899 0.3034935
900 0.8630917
901 0.6126307
902 0.4091763
903 0.3717137
904 0.9330187
905 0.4309637
906 0.6403552
907 0.1605859
908 0.02806663
909 0.9469727
910 0.9856097
911 0.7651773
912 0.164525
913 0.1174123
914 0.7367017
915 0.130412
916 0.888943
917 0.06026367
918 0.6803783
919 0.2689416
920 0.2281848
921 0.6104404
922 0.7945694
923 0.1572208
924 0.6177285
925 0.9079382
926 0.3674389
927 0.0994728
928 0.925435
929 0.8675401
930 0.736314
931 0.02838962
932 0.1760735
933 0.1257203
934 0.9434879
935 0.1320512
936 0.3235143
937 0.4717976
938 0.001530871
939 0.5278422
940 0.0004713457
941 0.1171203
942 0.145097
943 0.05186291
944 0.05673596
945 0.02679267
946 0.8889197
947 0.03169972
948 0.3629353
949 0.5960677
950 0.2184701
951 0.5614107
952 0.9867563
953 0.3166712
954 0.1175396
955 0.0384866
956 0.1519283
957 0.4969444
958 0.7155796
959 0.8621671
960 0.06645261
961 0.5291891
962 0.6825631
963 0.1048742
964 0.9600377
965 0.7709518
966 0.3867175
967 0.3577961
968 0.8263253
969 0.3244859
970 0.7046673
971 0.7908056
972 0.1607707
973 0.1142631
974 0.2696681
975 0.3317795
976 0.1839219
977 0.1486581
978 0.06564804
979 0.1371609
980 0.07219626
981 0.2517684
982 0.5489564
983 0.7134018
984 0.4377204
985 0.02825075
986 0.1192685
987 0.532191
988 0.9369895
989 0.1747715
990 0.001229188
991 0.6451901
992 0.4843274
993 0.06569725
994 0.3851963
995 0.9620646
996 0.3881292
997 0.0415491
998 0.9724418
999 0.08338606
1000 0.00490366
1001 0.04349248
1002 0.001885776
1003 0.3145202
1004 0.5262942
1005 0.08679262
1006 0.2721822
1007 0.001596512
1008 0.6023327
1009 0.119022
1010 0.2116718
1011 0.1892389
1012 0.1433356
1013 0.209998
1014 0.01387822
1015 0.3432027
1016 0.3765745
1017 0.1369334
1018 0.3262664
1019 0.2629776
1020 0.8976344
1021 0.7280226
1022 0.5985437
1023 0.5741632
1024 0.0976104
1025 0.1530678
1026 0.1415084
1027 0.1124364
1028 0.08783679
1029 0.3704586
1030 0.4310614
1031 0.1971741
1032 0.1013422
1033 0.07382473
1034 0.1097108
1035 0.116526
1036 0.7351056
1037 0.004910007
1038 0.136716
1039 0.01354339
1040 0.1041201
1041 0.3356086
1042 0.4191966
1043 0.04879495
1044 0.4969875
1045 0.4829532
1046 0.0966055
1047 0.0001811837
1048 0.05502296
1049 0.885475
1050 0.5712681
1051 0.008371299
1052 0.7283184
1053 0.2265876
1054 0.09810342
1055 0.2698589
1056 0.2997928
1057 0.9631951
1058 0.1373177
1059 0.6883926
1060 0.4853018
1061 0.7119635
1062 0.3983983
1063 0.8694541
1064 0.8671921
1065 0.0256978
1066 0.1769755
1067 0.6783733
1068 0.3568869
1069 0.312741
1070 0.3566286
1071 0.6378448
1072 0.4725636
1073 0.06463296
1074 0.7549355
1075 0.2911282
1076 0.7627709
1077 0.8911303
1078 0.2345681
1079 0.8235645
1080 0.002699641
1081 0.5148053
1082 0.6546486
1083 0.9294622
1084 0.3793088
1085 0.00567846
1086 0.3155114
1087 0.8670356
1088 0.0581303
1089 0.1773294
1090 0.006123655
1091 0.8780203
1092 0.01623415
1093 0.07311458
1094 0.8023615
1095 0.09427409
1096 0.1476164
1097 0.002043502
1098 0.829845
1099 0.4749134
1100 0.9306003
1101 0.5595654
1102 0.1116973
1103 0.4383446
1104 0.08326766
1105 0.007635019
1106 0.5427743
1107 0.7173295
1108 0.6048438
1109 0.5768142
1110 0.6088817
1111 0.05598614
1112 0.02744671
1113 0.5717129
1114 0.223046
1115 0.0260451
1116 0.005483829
1117 0.8369178
1118 0.2909761
1119 0.6180496
1120 0.5240522
1121 0.4663524
1122 0.2594051
1123 0.4494204
1124 0.7314723
1125 0.4561126
1126 0.3010805
1127 0.5734296
1128 0.6330347
1129 0.1689487
1130 0.06979626
1131 0.4812803
1132 0.3535679
1133 0.00438673
1134 0.1147934
1135 0.573671
1136 0.3461312
1137 0.03970254
1138 0.175794
1139 0.3154888
1140 0.005825565
1141 0.8964395
1142 0.1534819
1143 0.1893054
1144 0.710636
1145 0.02537943
1146 0.1396844
1147 0.5287372
1148 0.889539
1149 0.6862419
1150 0.8754668
1151 0.9302313
1152 0.1548942
1153 0.184116
1154 0.04653042
1155 0.2148597
1156 0.02133441
1157 0.7247308
1158 0.0427055
1159 0.8806767
1160 0.4688447
1161 0.563586
1162 0.1390513
1163 0.2148077
1164 0.02285563
1165 0.1352946
1166 0.5302699
1167 0.2422274
1168 0.1276269
1169 0.01053829
1170 0.1873482
1171 0.2200628
1172 0.8852233
1173 0.2523184
1174 0.9390863
1175 0.6726518
1176 0.009585026
1177 0.9928644
1178 0.2859745
1179 0.02168976
1180 0.550773
1181 0.4362869
1182 0.07094887
1183 0.9854278
1184 0.05217823
1185 0.05826513
1186 0.6424012
1187 0.7790166
1188 0.1568753
1189 0.926966
1190 0.9474729
1191 0.7726533
1192 0.525819
1193 0.6458477
1194 0.1875263
1195 0.112234
1196 0.2456441
1197 0.1372409
1198 0.07249369
1199 0.4975388
1200 0.3621458
1201 0.08516342
1202 0.1285138
1203 0.9810958
1204 0.09778865
1205 0.08416108
1206 0.4787353
1207 0.003301248
1208 0.4069206
1209 0.4422104
1210 0.00508084
1211 0.09910438
1212 0.1566125
1213 0.7794863
1214 0.08092066
1215 0.9460425
1216 0.1115527
1217 0.2855242
1218 0.2207755
1219 0.2657518
1220 0.4229978
1221 0.2167528
1222 0.6395824
1223 0.3201713
1224 0.04281691
1225 0.8573206
1226 0.3994551
1227 0.3565935
1228 0.9915434
1229 0.7553378
1230 0.06836221
1231 0.2833016
1232 0.1357134
1233 0.3149619
1234 0.6622174
1235 0.1764384
1236 0.8316404
1237 0.002523375
1238 0.4699435
1239 0.05711848
1240 0.06498778
1241 0.06004359
1242 0.2728579
1243 0.1237627
1244 0.7644619
1245 0.1525802
1246 0.09973403
1247 0.5034908
1248 0.549876
1249 0.2762844
1250 0.5265719
1251 0.6341816
1252 0.9058171
1253 0.07908276
1254 0.8103467
1255 0.05359985
1256 0.09130946
1257 0.5021363
1258 0.9346634
1259 0.3875714
1260 0.2210897
1261 0.3122115
1262 0.1071403
1263 0.6557762
1264 0.3365232
1265 0.6430823
1266 0.5484437
1267 0.7825887
1268 0.5410281
1269 0.2811776
1270 0.6586905
1271 0.8170547
1272 0.5441735
1273 0.6805301
1274 0.3244969
1275 0.5764225
1276 0.8783891
1277 0.1457436
1278 0.03984857
1279 0.04061031
1280 0.4319647
1281 0.8758327
1282 0.9007751
1283 0.7874896
1284 0.3309889
1285 0.3580947
1286 0.4371672
1287 0.7467024
1288 0.1879526
1289 0.4861662
1290 0.5554329
1291 0.007499353
1292 0.3309108
1293 0.526486
1294 0.1679629
1295 0.01311158
1296 0.1514711
1297 0.008382043
1298 0.7347043
1299 0.7993612
1300 0.0223828
1301 0.02221996
1302 0.9070598
1303 0.8182323
1304 0.267427
1305 0.6017556
1306 0.03246363
1307 0.203301
1308 0.3580927
1309 0.5208037
1310 0.005512615
1311 0.7568006
1312 0.1866152
1313 0.002861106
1314 0.5781409
1315 0.8012669
1316 0.1377475
1317 0.2064543
1318 0.4120897
1319 0.463191
1320 0.4402318
1321 0.4757128
1322 0.1488538
1323 0.4762034
1324 0.3263269
1325 0.5107448
1326 0.1592461
1327 0.1970405
1328 0.2682776
1329 0.06818851
1330 0.001515828
1331 0.6643396
1332 0.3371875
1333 0.2141925
1334 0.6738387
1335 0.7610637
1336 0.7052156
1337 0.0594554
1338 0.9170121
1339 0.478994
1340 0.4017843
1341 0.2834681
1342 0.1872199
1343 0.5878329
1344 0.42215
1345 0.9445825
1346 0.04176697
1347 0.2497834
1348 0.4583993
1349 0.0164286
1350 0.06288707
1351 0.3407991
1352 0.01879116
1353 0.765181
1354 0.2087035
1355 0.7484899
1356 0.7849936
1357 0.8823189
1358 0.2210139
1359 0.6682417
1360 0.8947437
1361 0.004875484
1362 0.5122215
1363 0.1429567
1364 0.8184004
1365 0.09455491
1366 0.2038397
1367 0.5790847
1368 0.2495874
1369 0.01940306
1370 0.1415983
1371 0.308032
1372 0.8164276
1373 0.6076641
1374 0.1616662
1375 0.4666179
1376 0.379206
1377 0.7384768
1378 0.3279559
1379 0.1938821
1380 0.8442893
1381 0.8102393
1382 0.2402689
1383 0.1995573
1384 0.09720978
1385 0.8727118
1386 0.8179675
1387 0.09305329
1388 0.382535
1389 0.253531
1390 0.1062979
1391 0.03965922
1392 0.835384
1393 0.07490768
1394 0.6590404
1395 0.6771901
1396 0.01878413
1397 0.05183593
1398 0.4904774
1399 0.3975826
1400 0.5228964
1401 0.6270931
1402 0.3131299
1403 0.7989477
1404 0.6094438
1405 0.3819438
1406 0.04687562
1407 0.5596046
1408 0.8545927
1409 0.3130277
1410 0.1067941
1411 0.002529205
1412 0.3185412
1413 0.09743616
1414 0.6783334
1415 0.9637772
1416 0.3019734
1417 0.9312577
1418 0.2307327
1419 0.07086935
1420 0.4258371
1421 0.1799606
1422 0.1456532
1423 0.09708297
1424 0.9886471
1425 0.2600366
1426 0.4730486
1427 0.1701615
1428 0.1565839
1429 0.2765708
1430 0.4159761
1431 0.009538941
1432 0.6564426
1433 0.8175838
1434 0.9014989
1435 0.2328042
1436 0.8409142
1437 0.6570956
1438 0.393133
1439 0.8248003
1440 0.9906407
1441 0.8729994
1442 0.6380251
1443 0.9484661
1444 0.9868253
1445 0.2024714
1446 0.3337297
1447 0.09115396
1448 0.4378549
1449 0.7530187
1450 0.3354528
1451 0.2881034
1452 0.0232851
1453 0.3742833
1454 0.1388221
1455 0.5464852
1456 0.2500224
1457 0.7579742
1458 0.7071386
1459 0.8540159
1460 0.396633
1461 1.24511e-05
1462 0.2748697
1463 0.2358018
1464 0.6687697
1465 0.004243471
1466 0.1191232
1467 0.8043968
1468 0.258898
1469 0.9436662
1470 0.001677229
1471 0.09635862
1472 0.01741583
1473 0.8624831
1474 0.6100109
1475 0.6668017
1476 0.151105
1477 0.9552276
1478 0.1489391
1479 0.355319
1480 0.1241683
1481 0.6986821
1482 0.4908535
1483 0.1978445
1484 0.3331615
1485 0.9043047
1486 0.1657541
1487 0.2929868
1488 0.6296854
1489 0.007520105
1490 0.3943821
1491 0.1722746
1492 0.418261
1493 0.07550462
1494 0.5731358
1495 0.6193929
1496 0.04229974
1497 0.2340713
1498 0.7682767
1499 0.02950889
1500 0.7568616
1501 0.8350757
1502 0.1447375
1503 0.3992396
1504 0.2151673
1505 0.03198767
1506 0.001187744
1507 0.06667962
1508 0.1567457
1509 0.7317081
1510 0.3001043
1511 0.01423207
1512 0.2953221
1513 0.900564
1514 0.1660382
1515 0.4926247
1516 0.01209286
1517 0.2590777
1518 0.3611063
1519 0.0179683
1520 0.4651647
1521 0.0002212617
1522 0.8253762
1523 0.1011702
1524 0.006583967
1525 0.5098799
1526 0.8083835
1527 0.710409
1528 0.8365128
1529 0.3539007
1530 0.7802861
1531 0.007815815
1532 0.03153245
1533 0.1963293
1534 0.551466
1535 0.8464112
1536 0.1683441
1537 0.2399559
1538 0.7716057
1539 0.001570966
1540 0.03433307
1541 0.09105072
1542 0.06810091
1543 0.5305157
1544 0.9424186
1545 0.0651656
1546 0.03191994
1547 0.1996856
1548 0.1260173
1549 0.4659815
1550 0.04115195
1551 0.2824672
1552 0.1244103
1553 0.03956028
1554 0.01611047
1555 0.5986569
1556 0.5279106
1557 0.4344941
1558 0.2217928
1559 0.6173632
1560 0.3511341
1561 0.0481722
1562 0.3384518
1563 0.7386131
1564 0.1373076
1565 0.3852928
1566 0.5623753
1567 0.004338134
1568 0.00858819
1569 0.09754935
1570 0.03522629
1571 0.007099154
1572 0.4280859
1573 0.4444438
1574 0.354112
1575 0.8781694
1576 0.7283554
1577 0.5467669
1578 0.9223406
1579 0.2684326
1580 0.1823702
1581 0.5407734
1582 0.336779
1583 0.7302485
1584 0.0328702
1585 0.002136714
1586 0.3397737
1587 0.05618184
1588 0.1837382
1589 0.05133902
1590 0.7320647
1591 0.007262243
1592 0.01834479
1593 0.3188283
1594 0.06706229
1595 0.252791
1596 0.2467355
1597 0.7179066
1598 0.05577297
1599 0.4852924
1600 0.595254
1601 0.4354251
1602 0.6084105
1603 0.4912043
1604 0.1284323
1605 0.4111005
1606 0.5890562
1607 0.03905673
1608 0.1645812
1609 0.3406376
1610 0.803866
1611 0.009485912
1612 0.3736622
1613 0.6996858
1614 0.8096669
1615 0.3969478
1616 0.668167
1617 0.2736036
1618 0.7034786
1619 0.6383499
1620 0.05657101
1621 0.2177291
1622 0.6276471
1623 0.05084427
1624 0.003206395
1625 0.2776533
1626 0.8095952
1627 0.7815297
1628 0.01599384
1629 0.3745533
1630 0.4651805
1631 0.05261774
1632 0.1727455
1633 0.2962109
1634 0.2078885
1635 0.02894716
1636 0.4452729
1637 0.02311758
1638 0.07204814
1639 0.3918419
1640 0.8460878
1641 0.8176712
1642 0.9545643
1643 0.1359049
1644 0.004319552
1645 0.5241354
1646 0.2114798
1647 0.7377437
1648 0.8564848
1649 0.6723967
1650 0.7824619
1651 0.1783634
1652 0.005060852
1653 0.2933175
1654 0.1093139
1655 0.1430568
1656 0.2771172
1657 0.0124667
1658 0.2391747
1659 0.7505064
1660 0.6838367
1661 0.8521926
1662 0.6599777
1663 0.4812212
1664 0.6865803
1665 0.3907421
1666 0.3718809
1667 0.005310851
1668 0.1949789
1669 0.9581601
1670 0.6543288
1671 0.725069
1672 0.3715656
1673 0.6568235
1674 0.4509406
1675 0.581796
1676 0.02241896
1677 0.1180486
1678 0.003261409
1679 0.04695772
1680 0.2618894
1681 0.4539526
1682 0.1339845
1683 0.4434145
1684 0.00885116
1685 0.2034722
1686 0.162848
1687 0.3307921
1688 0.4930811
1689 0.435796
1690 0.006489771
1691 0.04306217
1692 0.08901108
1693 0.503795
1694 0.1947661
1695 0.2416592
1696 0.8009193
1697 0.1401793
1698 0.5314969
1699 0.9591177
1700 0.2450614
1701 0.001410001
1702 0.3746682
1703 0.01719639
1704 0.07787031
1705 0.2609464
1706 0.5999714
1707 0.8662387
1708 0.2637218
1709 0.5697991
1710 0.1839557
1711 0.9255579
1712 0.193569
1713 0.3942422
1714 0.6966217
1715 0.5710861
1716 0.2154941
1717 0.7417895
1718 0.4508656
1719 0.9956969
1720 0.2732123
1721 0.1702797
1722 0.7643603
1723 0.689813
1724 0.8193535
1725 0.3164687
1726 0.06844688
1727 0.08888953
1728 0.7216746
1729 0.9751499
1730 0.5757243
1731 0.04685807
1732 0.2229709
1733 0.9748179
1734 0.7042492
1735 0.5726337
1736 0.9959005
1737 0.07806725
1738 0.3850251
1739 0.2276996
1740 0.5242133
1741 0.2465213
1742 0.202295
1743 0.002749358
1744 0.1462443
1745 0.9469288
1746 0.001891087
1747 0.5608978
1748 0.4539314
1749 0.2260203
1750 0.09408367
1751 0.3646549
1752 0.6078917
1753 0.5596258
1754 0.6087986
1755 0.4451006
1756 0.2589774
1757 0.8404964
1758 0.419755
1759 0.6231607
1760 0.8098744
1761 0.5001692
1762 0.0588511
1763 0.002604785
1764 0.30747
1765 0.1689755
1766 0.4446707
1767 0.5069514
1768 0.0001769587
1769 0.672027
1770 0.002621651
1771 0.3361667
1772 0.148228
1773 0.2438025
1774 0.2839477
1775 0.6457019
1776 0.8916598
1777 0.05984654
1778 0.3284542
1779 0.5190885
1780 0.0006494894
1781 0.2031243
1782 0.4461398
1783 0.07173488
1784 0.4017311
1785 0.02420796
1786 0.2806414
1787 0.7285123
1788 0.33148
1789 0.615604
1790 0.06475364
1791 0.5210747
1792 0.4354313
1793 0.002686412
1794 0.1673676
1795 0.4865894
1796 0.6106359
1797 0.3198369
1798 0.5521013
1799 0.109983
1800 0.7209988
1801 0.0965577
1802 0.9516566
1803 0.6039639
1804 0.1336197
1805 0.08200152
1806 0.4840386
1807 0.003275031
1808 0.2302432
1809 0.09124515
1810 0.3762895
1811 0.1335394
1812 0.4658368
1813 0.6465607
1814 0.5395261
1815 0.1040632
1816 0.105506
1817 0.3102631
1818 0.2886648
1819 0.8957055
1820 0.7531382
1821 0.5060649
1822 0.1962489
1823 0.3330624
1824 0.07281399
1825 0.244809
1826 0.1616239
1827 0.6692067
1828 0.6744359
1829 0.1092048
1830 0.1949948
1831 0.9383485
1832 0.3457069
1833 0.3660603
1834 0.1741944
1835 0.1568147
1836 0.6814944
1837 0.02252541
1838 0.537102
1839 0.07139643
1840 0.5982469
1841 0.2884615
1842 0.439189
1843 0.2347078
1844 0.3031375
1845 0.626783
1846 0.02264594
1847 0.9591771
1848 0.6459881
1849 0.009533946
1850 0.5862543
1851 0.2270441
1852 0.6500489
1853 0.6408779
1854 0.1136638
1855 0.9536325
1856 0.4265852
1857 0.6411987
1858 0.9066548
1859 0.6036255
1860 0.3314273
1861 0.9922698
1862 0.5225937
1863 0.4054825
1864 0.9452905
1865 0.349495
1866 0.427725
1867 0.2509043
1868 0.4722655
1869 0.01354055
1870 0.6008483
1871 0.6200157
1872 0.2308555
1873 0.8946983
1874 0.8545145
1875 0.02939658
1876 0.7245655
1877 0.4007488
1878 0.2814784
1879 0.6661635
1880 0.943179
1881 0.4662134
1882 0.9879711
1883 0.4094997
1884 0.6721527
1885 0.2449993
1886 0.5140534
1887 0.4853118
1888 0.9275717
1889 0.5688991
1890 0.7562569
1891 0.2833763
1892 0.1925142
1893 0.09686214
1894 0.5515093
1895 0.1988244
1896 0.07203048
1897 0.1714042
1898 0.06862014
1899 0.08517069
1900 0.9240007
1901 0.411096
1902 0.2813752
1903 0.4810971
1904 0.3072032
1905 0.0004158014
1906 0.2217213
1907 0.4518851
1908 0.0001144637
1909 0.1708833
1910 0.2484057
1911 0.6809688
1912 0.772138
1913 0.9914274
1914 0.006541504
1915 0.3199845
1916 0.5514583
1917 0.0004245719
1918 0.08059437
1919 0.8398205
1920 0.9036255
1921 0.03692233
1922 0.1831045
1923 0.8138895
1924 0.07924609
1925 0.1308765
1926 0.1059441
1927 0.7578802
1928 0.300436
1929 0.8079165
1930 0.05904505
1931 0.240071
1932 0.07222973
1933 0.04859564
1934 0.6917372
1935 0.1508417
1936 0.1772686
1937 0.6631707
1938 0.03220121
1939 0.4342736
1940 0.8254824
1941 0.1285787
1942 0.2467224
1943 0.6156167
1944 0.9067506
1945 0.5801944
1946 0.1447648
1947 0.683274
1948 0.4937565
1949 0.9606941
1950 0.1208214
1951 0.272225
1952 0.04750568
1953 0.5809663
1954 0.7400767
1955 0.06291597
1956 0.009327887
1957 0.7530468
1958 0.02204176
1959 0.5639552
1960 0.509767
1961 0.1805912
1962 0.4573464
1963 0.5750765
1964 0.07665033
1965 0.2069632
1966 0.138423
1967 0.934256
1968 0.7130409
1969 0.6128449
1970 0.1818731
1971 0.255816
1972 0.4245501
1973 0.1144322
1974 0.1458028
1975 0.7529374
1976 0.01460051
1977 0.2307915
1978 0.9128829
1979 0.9783068
1980 0.2931336
1981 0.8302609
1982 0.2575351
1983 0.5960181
1984 0.11344
1985 0.9131271
1986 0.2260949
1987 0.8164029
1988 0.006182283
1989 0.005744777
1990 0.1454702
1991 0.1152216
1992 0.2899314
1993 0.09117241
1994 0.007489539
1995 0.8066994
1996 0.504908
1997 0.2210438
1998 0.4298916
1999 0.658906
2000 0.4136836
2001 0.4680831
2002 0.1172288
2003 0.2388629
2004 0.2688114
2005 0.4304074
2006 0.157587
2007 0.5077638
2008 0.06192204
2009 0.06036899
2010 0.8402504
2011 0.4009751
2012 0.8039629
2013 0.2808074
2014 0.5642103
2015 0.09929727
2016 0.7518402
2017 0.4938306
2018 0.2802663
2019 0.2397972
2020 0.7849381
2021 0.1035919
2022 0.7839558
2023 0.002574003
2024 0.9191141
2025 0.3822482
2026 0.9093214
2027 0.04423144
2028 0.6205559
2029 0.1537075
2030 0.7949374
2031 0.4642303
2032 0.03919073
2033 0.1227298
2034 0.5366794
2035 0.06578268
2036 0.8650144
2037 0.01361313
2038 0.05485144
2039 0.4068458
2040 0.1017021
2041 0.1898145
2042 0.9155195
2043 0.1103675
2044 0.2986977
2045 0.2170253
2046 0.01491976
2047 0.6050295
2048 0.001019223
2049 0.8402237
2050 0.6941134
2051 0.6886409
2052 0.8661328
2053 0.957628
2054 0.0702001
2055 0.4368327
2056 0.1038588
2057 0.8751573
2058 0.004822231
2059 0.4133998
2060 0.9830383
2061 0.1910354
2062 0.4415446
2063 0.5745649
2064 0.631657
2065 0.815455
2066 0.845652
2067 0.1026943
2068 0.2021797
2069 0.9698612
2070 0.526516
2071 0.9493639
2072 0.4284043
2073 0.4597271
2074 0.4795062
2075 0.193039
2076 0.1498313
2077 0.8100233
2078 0.2021599
2079 0.08855766
2080 0.02399532
2081 0.1016633
2082 0.008415941
2083 0.0079867
2084 0.3222261
2085 0.2882101
2086 0.5562343
2087 0.5482256
2088 0.5988769
2089 0.2789154
2090 0.302227
2091 0.8568053
2092 0.1031405
2093 0.9681057
2094 0.1037133
2095 0.6298047
2096 0.7363482
2097 0.7160038
2098 0.7955764
2099 0.0212105
2100 0.244768
2101 0.9652428
2102 0.9870294
2103 0.9328579
2104 0.4506335
2105 0.2490387
2106 0.0005424172
2107 0.6871287
2108 0.009409145
2109 0.5467825
2110 0.08841098
2111 0.1439036
2112 0.282325
2113 0.904343
2114 0.1014942
2115 0.5131821
2116 0.09218871
2117 0.9280897
2118 0.1748721
2119 0.01744212
2120 0.5679991
2121 0.9044457
2122 0.3538768
2123 0.5838747
2124 0.7323577
2125 0.2777824
2126 0.06475005
2127 0.6110195
2128 0.3750925
2129 0.001095426
2130 0.3829162
2131 0.06229595
2132 0.006774343
2133 0.02514048
2134 0.3686042
2135 0.5079103
2136 0.4574834
2137 0.1933402
2138 0.3535251
2139 0.08999143
2140 0.285413
2141 0.8306588
2142 0.3162536
2143 0.004363728
2144 0.009576971
2145 0.002940437
2146 0.6527258
2147 0.2356873
2148 0.0006643154
2149 0.3684564
2150 0.4786218
2151 0.9883114
2152 0.2928097
2153 0.000578774
2154 0.4841754
2155 0.1757333
2156 0.1815195
2157 0.9488366
2158 0.9171443
2159 0.9475741
2160 0.11538
2161 0.4470685
2162 0.2546183
2163 0.06456046
2164 0.2571421
2165 0.7263611
2166 0.6242304
2167 0.3796991
2168 0.5408135
2169 0.869814
2170 0.01729407
2171 0.5092189
2172 0.625803
2173 0.5627618
2174 0.7663979
2175 0.04339756
2176 0.5129867
2177 0.1548136
2178 0.3687481
2179 0.4884512
2180 0.2567362
2181 0.3670567
2182 0.0212816
2183 0.3594172
2184 0.5148245
2185 0.3226031
2186 0.3940674
2187 0.1500184
2188 0.385793
2189 0.4082558
2190 0.3659752
2191 0.4266255
2192 0.08749056
2193 0.1502908
2194 0.02182442
2195 0.5146954
2196 0.6073657
2197 0.3414822
2198 0.06184241
2199 0.4460281
2200 0.06138813
2201 0.0461496
2202 0.02480644
2203 0.2859262
2204 0.3113124
2205 0.7743897
2206 0.07296912
2207 0.2593388
2208 0.01266938
2209 0.1568314
2210 0.09880619
2211 0.01326781
2212 0.3332887
2213 0.1020373
2214 0.5287913
2215 0.6740468
2216 0.2195145
2217 0.4117768
2218 0.01995279
2219 0.008308974
2220 0.2069231
2221 0.007565835
2222 0.03853244
2223 0.2990854
2224 0.005388144
2225 0.6073774
2226 0.1665523
2227 0.8753523
2228 0.07041458
2229 0.1283653
2230 0.4298874
2231 0.2862674
2232 0.5540568
2233 0.4592759
2234 0.3801973
2235 0.1407267
2236 0.635262
2237 0.2937758
2238 0.1773892
2239 0.8980119
2240 0.5290395
2241 0.9759383
2242 0.616342
2243 0.1620275
2244 0.6053143
2245 0.4826814
2246 0.7517576
2247 0.9889878
2248 0.01267285
2249 0.9793933
2250 0.2415147
2251 0.03455289
2252 0.8626415
2253 0.4031651
2254 0.0008185165
2255 0.3161888
2256 0.1695007
2257 0.6552072
2258 0.4600012
2259 0.029456
2260 0.07757321
2261 0.05481911
2262 0.05468662
2263 0.4318763
2264 0.1677178
2265 0.7018576
2266 0.7734483
2267 0.4365542
2268 0.2429375
2269 0.3166076
2270 0.5126462
2271 0.5440134
2272 0.6223809
2273 0.4252008
2274 0.8249117
2275 0.02623324
2276 0.8278705
2277 0.6130729
2278 0.6221787
2279 0.04602689
2280 0.6701934
2281 0.764116
2282 0.08252269
2283 0.4712399
2284 0.1790295
2285 0.2957988
2286 0.05809957
2287 0.4834094
2288 0.3700337
2289 0.461934
2290 0.9500071
2291 0.1071783
2292 0.02561079
2293 0.5417005
2294 0.2164263
2295 0.9866961
2296 0.02030383
2297 0.6718573
2298 0.2775853
2299 0.5942579
2300 0.5632827
2301 0.5622091
2302 0.1823002
2303 0.9996483
2304 0.0180879
2305 0.6447755
2306 0.2477628
2307 0.6587771
2308 0.2366882
2309 0.4661572
2310 0.7342992
2311 0.2535751
2312 0.4562034
2313 0.01717137
2314 0.9765312
2315 0.07008222
2316 0.9650344
2317 0.3334313
2318 0.7641434
2319 0.172458
2320 0.1798544
2321 0.07366972
2322 0.9079828
2323 0.01870592
2324 0.9416643
2325 0.5127146
2326 0.3545957
2327 0.3911295
2328 0.5154174
2329 0.679674
2330 0.9694549
2331 0.2723303
2332 0.8720205
2333 0.1705336
2334 0.7089856
2335 0.6369212
2336 0.2643995
2337 0.3700934
2338 0.0441806
2339 0.3973814
2340 0.6115358
2341 0.001231628
2342 0.282771
2343 0.6060592
2344 0.254434
2345 0.4066656
2346 0.01738644
2347 0.01360317
2348 0.6623437
2349 0.5910004
2350 0.01883471
2351 0.6155658
2352 0.2443648
2353 0.3255388
2354 0.3959681
2355 0.2423229
2356 0.5463905
2357 0.1427267
2358 0.9639117
2359 0.1376992
2360 0.1419655
2361 0.3060686
2362 0.09291046
2363 0.4989685
2364 0.9302708
2365 0.08127383
2366 0.7720637
2367 0.2590676
2368 0.7592037
2369 0.5163957
2370 0.9924649
2371 0.09440653
2372 0.3052607
2373 0.9530973
2374 0.234294
2375 0.07719858
2376 0.1482179
2377 0.1519684
2378 0.001540564
2379 0.692469
2380 0.3224189
2381 0.1141829
2382 0.1938629
2383 0.4022928
2384 0.9463862
2385 0.1726863
2386 0.5521296
2387 0.9551802
2388 0.3717695
2389 0.06611683
2390 0.8509707
2391 0.04242254
2392 0.5208717
2393 0.1112973
2394 0.5179475
2395 0.9242077
2396 0.5854342
2397 0.3883497
2398 0.1621515
2399 0.9151433
2400 0.008938238
2401 0.04642095
2402 0.6336511
2403 0.4470199
2404 0.3172149
2405 0.7430177
2406 0.3525858
2407 0.3313072
2408 0.8506792
2409 0.1667189
2410 0.06534672
2411 0.05354794
2412 0.8830353
2413 0.2217163
2414 0.006896282
2415 0.06617948
2416 0.1625913
2417 0.8142452
2418 0.3167452
2419 0.6677144
2420 0.5323381
2421 0.2694686
2422 0.5038051
2423 0.8120301
2424 0.8683328
2425 0.9233486
2426 0.03216956
2427 0.6273634
2428 0.7884424
2429 0.8191899
2430 0.5700614
2431 0.2234398
2432 0.2425556
2433 0.2151494
2434 0.1551748
2435 0.1976285
2436 0.1602858
2437 0.528259
2438 0.1028862
2439 0.01612005
2440 0.4727315
2441 0.2383304
2442 0.5255717
2443 0.1773846
2444 0.005606233
2445 0.1370716
2446 0.6166567
2447 0.002896741
2448 0.174248
2449 0.8335126
2450 0.231686
2451 0.9187728
2452 0.2936902
2453 0.1845381
2454 0.2639619
2455 0.007283277
2456 0.5739187
2457 0.5932796
2458 0.01883986
2459 0.840514
2460 0.5857794
2461 0.09291836
2462 0.07020831
2463 0.66878
2464 0.346025
2465 0.7774285
2466 0.7954184
2467 0.5808816
2468 0.3867444
2469 0.1974578
2470 0.0690727
2471 0.6998134
2472 0.3763618
2473 0.2861577
2474 0.1426982
2475 0.4044629
2476 0.6742742
2477 0.5754275
2478 0.4958079
2479 0.8858467
2480 0.7031483
2481 0.006874836
2482 0.3889498
2483 0.4482662
2484 0.07055154
2485 0.5496945
2486 0.1539573
2487 0.4874252
2488 0.01311879
2489 0.1359125
2490 0.2635607
2491 0.5699532
2492 0.04795528
2493 0.2187324
2494 0.1607436
2495 0.4346945
2496 0.1853736
2497 0.1554315
2498 0.0923384
2499 0.7362375
2500 0.2821488
2501 0.6515219
2502 0.1286275
2503 0.3181474
2504 0.4082848
2505 0.3674652
2506 0.7572987
2507 0.4766742
2508 0.9941344
2509 0.1742776
2510 0.04097528
2511 0.3269481
2512 0.05674605
2513 0.8498149
2514 0.5832016
2515 0.04730147
2516 0.9463852
2517 0.006669624
2518 0.5059985
2519 0.2157287
2520 0.4670598
2521 0.07676159
2522 0.3198536
2523 0.03387824
2524 0.04422005
2525 0.3324058
2526 0.01560767
2527 0.01116655
2528 0.08471569
2529 0.3379773
2530 0.8646264
2531 0.08168631
2532 0.05543986
2533 0.002640502
2534 0.05532682
2535 0.6469535
2536 0.003452327
2537 0.005271896
2538 0.5737079
2539 0.778518
2540 0.5321361
2541 0.4903121
2542 0.123884
2543 0.2598145
2544 0.6097708
2545 0.2020301
2546 0.1095354
2547 0.7028844
2548 0.1232812
2549 0.973318
2550 0.0002693441
2551 0.7174735
2552 0.7322358
2553 0.1237738
2554 0.02015831
2555 0.02269249
2556 0.1649582
2557 0.3675869
2558 0.4740772
2559 0.2662999
2560 0.07333391
2561 0.03569054
2562 0.8146382
2563 0.8088142
2564 0.479299
2565 0.5587965
2566 0.3321853
2567 0.9085953
2568 0.2915883
2569 0.9395359
2570 0.4282943
2571 0.497355
2572 0.554444
2573 0.7638321
2574 0.2936146
2575 0.4529916
2576 0.8372148
2577 0.6367754
2578 0.9198398
2579 0.2430582
2580 0.9761755
2581 0.8960022
2582 0.5251394
2583 0.1051962
2584 0.5389285
2585 0.1364698
2586 0.4370791
2587 0.4769208
2588 0.8238787
2589 0.990807
2590 0.8034547
2591 0.0353406
2592 0.1095408
2593 0.2106055
2594 0.6258536
2595 0.4700262
2596 0.6271624
2597 0.02239245
2598 0.3726586
2599 0.005889882
2600 0.8341192
2601 0.1228101
2602 0.7907846
2603 0.994751
2604 0.1424901
2605 0.1143019
2606 0.05633479
2607 0.6425007
2608 0.3680713
2609 0.5936455
2610 0.3245246
2611 0.3777784
2612 0.493854
2613 0.629485
2614 0.5832809
2615 0.5962028
2616 0.1561026
2617 0.3838754
2618 0.06605942
2619 0.6699869
2620 0.9318521
2621 0.383342
2622 0.04618221
2623 0.1580334
2624 0.5512029
2625 0.4234404
2626 0.2366767
2627 0.6831385
2628 0.5481541
2629 0.4566026
2630 0.7434244
2631 0.1329205
2632 0.09627457
2633 0.01213171
2634 0.1767408
2635 0.09735675
2636 0.09772262
2637 0.09773545
2638 0.9458402
2639 0.5903345
2640 0.4904806
2641 0.4671591
2642 0.2681866
2643 0.41782
2644 0.3251064
2645 0.007700802
2646 0.5286767
2647 0.2647203
2648 0.08489502
2649 0.06361646
2650 0.4327211
2651 0.01397716
2652 0.002103052
2653 0.3338742
2654 0.2598373
2655 0.000213247
2656 0.07057716
2657 0.5749713
2658 0.07321077
2659 0.00444413
2660 0.6162075
2661 0.5729362
2662 0.03072913
2663 0.8757329
2664 0.3502992
2665 0.0547577
2666 0.326974
2667 0.2278996
2668 0.02933738
2669 0.9359795
2670 0.2340694
2671 0.2035365
2672 0.2776197
2673 0.1039007
2674 0.5920177
2675 0.255827
2676 0.738893
2677 0.1112643
2678 0.0478514
2679 0.1237576
2680 0.6697669
2681 0.01625217
2682 0.9166628
2683 0.3266647
2684 0.5738884
2685 0.2075297
2686 0.4411829
2687 0.1824222
2688 0.4347232
2689 0.5909798
2690 0.4035963
2691 0.2524471
2692 0.4826532
2693 0.1498613
2694 0.3776257
2695 0.04100731
2696 0.6520361
2697 0.01640739
2698 0.3449194
2699 0.534568
2700 0.08413156
2701 0.7716708
2702 0.004953517
2703 0.106962
2704 0.118827
2705 0.307045
2706 0.6542057
2707 0.8750599
2708 0.163414
2709 0.00552923
2710 0.008161411
2711 0.8293197
2712 0.7835697
2713 0.1004244
2714 0.2153059
2715 0.2527352
2716 0.0279136
2717 0.07615176
2718 0.2544312
2719 0.7713347
2720 0.8849064
2721 0.4254524
2722 0.3806577
2723 0.6561316
2724 0.1899147
2725 0.4090993
2726 0.1439684
2727 0.00709616
2728 0.4500961
2729 0.5213867
2730 0.8510854
2731 0.9571817
2732 0.2893226
2733 0.03264444
2734 0.6295145
2735 0.05130386
2736 0.2008247
2737 0.6788904
2738 0.2435087
2739 0.8171827
2740 0.01203546
2741 0.1289494
2742 0.7721824
2743 0.184957
2744 0.3543801
2745 0.04325355
2746 0.390248
2747 0.2360355
2748 0.9450108
2749 0.8209931
2750 0.8999547
2751 0.2646691
2752 0.05965713
2753 0.125933
2754 0.08764133
2755 0.9782674
2756 0.5736629
2757 0.9264052
2758 0.8273481
2759 0.5012402
2760 0.6905177
2761 0.2205299
2762 0.7591393
2763 0.5912695
2764 0.5339071
2765 0.2784013
2766 0.8086755
2767 0.5590175
2768 0.3093561
2769 0.3138149
2770 0.1120527
2771 0.3586329
2772 0.5393689
2773 0.6040716
2774 0.01042968
2775 0.3995365
2776 0.9220083
2777 0.1345317
2778 0.7915964
2779 0.8231117
2780 0.009281036
2781 0.742371
2782 0.2256252
2783 0.3574445
2784 0.1458345
2785 0.06813148
2786 0.6372902
2787 0.006439212
2788 0.1070259
2789 0.1042193
2790 0.2317651
2791 0.04975588
2792 0.8735845
2793 0.1040292
2794 0.000872263
2795 0.9802025
2796 0.9663959
2797 0.259258
2798 0.3062666
2799 0.1557938
2800 0.4814277
2801 0.09573677
2802 0.6159979
2803 0.01984865
2804 0.1412906
2805 0.4748717
2806 0.06183943
2807 0.5767814
2808 0.5055687
2809 0.7838113
2810 0.5056352
2811 0.3247724
2812 0.04859107
2813 0.1449551
2814 0.05029291
2815 0.8020585
2816 0.5956917
2817 0.03814834
2818 0.9797738
2819 0.1930331
2820 0.4616038
2821 0.5430216
2822 0.5010963
2823 0.2788879
2824 0.4354372
2825 0.03214401
2826 0.1336518
2827 0.1219097
2828 0.5823474
2829 0.02956349
2830 0.1447084
2831 0.2670438
2832 0.2232986
2833 0.3000494
2834 0.3410581
2835 0.1455696
2836 0.2628506
2837 0.9911714
2838 0.06017563
2839 0.5411504
2840 0.7910855
2841 0.6145248
2842 0.257765
2843 0.147215
2844 0.02248478
2845 0.01574833
2846 0.002396406
2847 0.4978953
2848 0.7934702
2849 0.477445
2850 0.4323723
2851 0.8194443
2852 0.3227981
2853 0.3338308
2854 0.2008372
2855 0.1069384
2856 0.2953174
2857 0.3632017
2858 0.199105
2859 0.3205292
2860 0.03804151
2861 0.8061605
2862 0.1219926
2863 0.5494862
2864 0.0787559
2865 0.1572098
2866 0.5044825
2867 0.5658816
2868 0.245089
2869 0.01411123
2870 0.9474029
2871 0.3137927
2872 0.03301559
2873 0.6543955
2874 0.002686559
2875 0.6341577
2876 0.001276417
2877 0.3184315
2878 0.3087258
2879 0.4653911
2880 0.2166279
2881 0.3584328
2882 0.1545953
2883 0.9932863
2884 0.7747548
2885 0.7690562
2886 0.1525124
2887 0.8183323
2888 0.007776695
2889 0.1276061
2890 0.6694803
2891 0.4279891
2892 0.1043474
2893 0.2022331
2894 0.3743943
2895 0.04356023
2896 0.869317
2897 0.8186398
2898 0.2150699
2899 0.4638418
2900 0.3746593
2901 0.02597045
2902 0.1817325
2903 0.2588637
2904 0.4723545
2905 0.09345899
2906 0.01521025
2907 0.4480799
2908 0.05747685
2909 0.06824764
2910 0.03329085
2911 0.5527293
2912 0.9756853
2913 0.6387274
2914 0.3545262
2915 0.7034674
2916 0.05708452
2917 0.1299123
2918 0.7428295
2919 0.1409032
2920 0.1911888
2921 0.007720912
2922 0.1545569
2923 0.4219555
2924 0.6376384
2925 0.1513598
2926 0.5997007
2927 0.4636569
2928 0.07682996
2929 0.2716793
2930 0.7469672
2931 0.2442122
2932 0.2631866
2933 0.102632
2934 0.1166602
2935 0.9472088
2936 0.6839707
2937 0.4474896
2938 0.825807
2939 0.1818704
2940 0.6674309
2941 0.5263744
2942 0.2797284
2943 0.5459077
2944 0.2919304
2945 0.01578802
2946 0.5999953
2947 0.01994147
2948 0.1288342
2949 0.6426837
2950 0.6932767
2951 0.5059918
2952 0.5221019
2953 0.7295517
2954 0.1401054
2955 0.7611781
2956 0.5488461
2957 0.1132512
2958 0.02544156
2959 0.8974161
2960 0.5653566
2961 0.8164242
2962 0.2307373
2963 0.5730138
2964 0.001938141
2965 0.09669034
2966 0.04186882
2967 0.6524496
2968 0.1182145
2969 0.9591112
2970 0.2297668
2971 0.09056235
2972 0.6530529
2973 0.6856009
2974 0.3768434
2975 0.1248057
2976 0.9582013
2977 0.05275358
2978 0.01569004
2979 0.3033164
2980 0.06320468
2981 0.971257
2982 0.2031911
2983 0.08959977
2984 0.1262166
2985 0.07209648
2986 0.2481117
2987 0.2364012
2988 0.9465817
2989 0.03409292
2990 0.2082936
2991 0.2598849
2992 0.2376149
2993 0.9164169
2994 0.1258521
2995 0.7909609
2996 0.09323222
2997 0.8603109
2998 0.07217637
2999 0.003422576
3000 0.4442978
3001 0.7659078
3002 0.8956105
3003 0.2583575
3004 0.9975056
3005 0.4176233
3006 0.801521
3007 0.5854751
3008 0.01241131
3009 0.2538291
3010 0.3142713
3011 0.8082021
3012 0.742697
3013 0.01736761
3014 0.6169803
3015 0.623673
3016 0.7909604
3017 0.5096697
3018 0.09967138
3019 0.8022442
3020 0.5452996
3021 0.906206
3022 0.5238989
3023 0.4831983
3024 0.01732162
3025 0.05272525
3026 0.3980052
3027 0.2829631
3028 0.4418426
3029 0.09479178
3030 0.3830141
3031 0.1323308
3032 0.1166194
3033 0.0002628716
3034 0.4200408
3035 0.4695352
3036 0.002927623
3037 0.5430675
3038 0.741405
3039 0.8261601
3040 0.5768813
3041 0.9711754
3042 0.05928498
3043 0.9776488
3044 0.5158978
3045 0.3656169
3046 0.8148402
3047 0.8483833
3048 0.3312443
3049 0.0005150821
3050 0.7489046
3051 0.5741845
3052 0.6599761
3053 0.3292716
3054 0.1571645
3055 0.7518829
3056 0.1426658
3057 0.5400557
3058 0.04900084
3059 0.5976371
3060 0.2543794
3061 0.01422348
3062 0.2993842
3063 0.7424585
3064 0.6699073
3065 0.8562772
3066 0.08863985
3067 0.2716172
3068 0.5688408
3069 0.2090391
3070 0.3422258
3071 0.07184847
3072 0.4379175
3073 0.3107654
3074 0.563585
3075 0.4047139
3076 0.1199043
3077 0.6701565
3078 0.3042264
3079 0.0006656654
3080 0.0177343
3081 0.1350983
3082 0.003116634
3083 0.4011553
3084 0.2349514
3085 0.6122054
3086 0.7763474
3087 0.1817929
3088 0.9214843
3089 0.59082
3090 0.5121788
3091 0.1648294
3092 0.6571039
3093 0.1927373
3094 0.8398843
3095 0.3906294
3096 0.8333188
3097 0.5427694
3098 0.356116
3099 0.01912938
3100 0.5475811
3101 0.2254285
3102 0.4141014
3103 0.06256442
3104 0.3983333
3105 0.3088817
3106 0.5286199
3107 0.1894907
3108 0.3050699
3109 0.8683583
3110 0.5668574
3111 0.394669
3112 0.4726868
3113 0.8725431
3114 0.4266242
3115 0.3206147
3116 0.05230481
3117 0.5499133
3118 0.5781309
3119 0.002246131
3120 0.2901396
3121 0.6676413
3122 0.4019316
3123 0.6652831
3124 0.6188287
3125 0.002259599
3126 0.2630589
3127 0.07211391
3128 0.1532868
3129 0.3482181
3130 0.1292517
3131 0.5362801
3132 0.8266849
3133 0.5834279
3134 0.7458963
3135 0.7965566
3136 0.2604847
3137 0.0339163
3138 0.03802205
3139 0.553139
3140 0.6347156
3141 0.1679094
3142 0.2942313
3143 0.4845092
3144 0.6475547
3145 0.4185369
3146 0.2775369
3147 0.1211292
3148 0.8265128
3149 0.5505745
3150 0.2111483
3151 0.1399693
3152 0.01147366
3153 0.06825709
3154 0.01471038
3155 0.3900701
3156 0.0475089
3157 0.7453848
3158 0.07680517
3159 0.8017113
3160 0.01217944
3161 0.9687506
3162 0.2859625
3163 0.5263243
3164 0.01652961
3165 0.6970727
3166 0.3682715
3167 0.8247319
3168 0.7304878
3169 0.9895866
3170 0.9005361
3171 0.9056872
3172 0.6907079
3173 0.6212463
3174 0.02131029
3175 0.008751049
3176 0.7360433
3177 0.3982797
3178 0.1311436
3179 0.7851805
3180 0.2058038
3181 0.1275626
3182 0.654881
3183 0.7488053
3184 0.7442879
3185 0.6295431
3186 0.1876997
3187 0.2736217
3188 0.2880519
3189 0.01773828
3190 0.8107649
3191 0.6598971
3192 0.2245124
3193 0.5309949
3194 0.636032
3195 0.1227669
3196 0.7398023
3197 0.8853202
3198 0.02568544
3199 0.1742873
3200 0.01468874
3201 0.2934332
3202 0.208937
3203 0.5327696
3204 0.8028612
3205 0.1129163
3206 0.8456089
3207 0.007338402
3208 0.6104256
3209 0.6818595
3210 0.4308654
3211 0.2674202
3212 0.002587948
3213 0.0002115105
3214 0.8269741
3215 0.05805013
3216 0.02324606
3217 0.5576349
3218 0.07412773
3219 0.6033904
3220 0.227796
3221 0.02072061
3222 0.6213171
3223 0.08949989
3224 0.00735133
3225 0.1759142
3226 0.6780402
3227 0.2805373
3228 0.3689161
3229 0.1038605
3230 0.6607003
3231 0.1010551
3232 0.6772163
3233 0.00256387
3234 0.2609862
3235 0.1446388
3236 0.358763
3237 0.7631362
3238 0.8506229
3239 0.9257863
3240 0.6561547
3241 0.8157337
3242 0.4073304
3243 0.6549313
3244 0.6131786
3245 0.0662527
3246 0.4227031
3247 0.9825011
3248 0.8862589
3249 0.4037458
3250 0.9133357
3251 0.1844697
3252 0.1361091
3253 0.04570639
3254 0.1088939
3255 0.5208378
3256 0.1507731
3257 0.227696
3258 0.09485318
3259 0.2082306
3260 0.02716116
3261 0.1801075
3262 0.2516265
3263 0.3048911
3264 0.04091098
3265 0.00996314
3266 0.4913624
3267 0.002534337
3268 0.9555028
3269 0.9834531
3270 0.458156
3271 0.07390677
3272 0.2403763
3273 0.2413828
3274 0.4436855
3275 0.06053849
3276 0.1459039
3277 0.6435375
3278 0.3004765
3279 0.4537129
3280 0.9019314
3281 0.42733
3282 0.6802374
3283 0.83106
3284 0.8382562
3285 0.01980961
3286 0.1859568
3287 0.6335868
3288 0.6306821
3289 0.4805776
3290 0.07894387
3291 0.6340918
3292 0.8621016
3293 0.7615037
3294 0.8155092
3295 0.02937358
3296 0.8107787
3297 0.001668706
3298 0.1118974
3299 0.5894802
3300 0.8178843
3301 0.2989638
3302 0.6277058
3303 0.2485668
3304 0.8183187
3305 0.7363191
3306 0.1384274
3307 0.6217785
3308 0.4046081
3309 0.5973691
3310 0.07667045
3311 0.1052581
3312 0.1031189
3313 0.07031803
3314 0.1496402
3315 0.3033534
3316 0.3240301
3317 0.7653305
3318 0.04062691
3319 0.7706457
3320 0.004490505
3321 0.09420959
3322 0.367936
3323 0.8591509
3324 0.9024254
3325 0.9128101
3326 0.03850531
3327 0.04303581
3328 0.4564722
3329 0.1003032
3330 0.0007814394
3331 0.8311916
3332 0.06048427
3333 0.7482371
3334 0.7730062
3335 0.09338526
3336 0.6105007
3337 0.1820783
3338 0.1639689
3339 0.1099079
3340 0.9512442
3341 0.3669215
3342 0.5087166
3343 0.0003881991
3344 0.5121319
3345 0.1969636
3346 0.4095481
3347 0.4142951
3348 0.04315958
3349 0.362574
3350 0.5158396
3351 0.0797492
3352 0.4015497
3353 0.02943229
3354 0.377913
3355 0.05915104
3356 0.2422983
3357 0.1148067
3358 0.5696875
3359 0.0001056013
3360 0.4926736
3361 0.6508178
3362 0.8729947
3363 0.9946911
3364 0.359295
3365 0.3318025
3366 0.07032936
3367 0.6145481
3368 0.120657
3369 0.3976222
3370 0.581427
3371 0.8252467
3372 0.05210685
3373 0.3355717
3374 0.2321055
3375 0.8395668
3376 0.9496049
3377 0.42173
3378 0.03889766
3379 0.05037028
3380 0.6176303
3381 0.08743192
3382 0.6572155
3383 0.2362711
3384 0.4385075
3385 0.3412272
3386 0.08974142
3387 0.6975049
3388 0.7737018
3389 0.7978878
3390 0.01189365
3391 0.007000505
3392 0.0109575
3393 0.5750753
3394 0.07085421
3395 0.1457799
3396 0.05424765
3397 0.9082956
3398 0.331312
3399 0.3209709
3400 0.002112765
3401 0.06929202
3402 0.2119051
3403 0.913447
3404 0.7814585
3405 0.2012351
3406 0.08726657
3407 0.9302395
3408 0.1182618
3409 0.6255696
3410 0.7852222
3411 0.3411632
3412 0.08467786
3413 0.4274948
3414 0.6159528
3415 0.872107
3416 0.4017604
3417 0.5075803
3418 0.05336534
3419 0.03133917
3420 0.1021281
3421 0.1671537
3422 0.03932223
3423 0.2443155
3424 0.2257766
3425 0.6687226
3426 0.1127023
3427 0.9962907
3428 0.2545876
3429 0.443856
3430 0.01284496
3431 0.1416391
3432 0.1169879
3433 0.2888624
3434 0.09106431
3435 0.009510732
3436 0.09971208
3437 0.9620187
3438 0.02365943
3439 0.7955762
3440 0.4922626
3441 0.003255454
3442 0.365422
3443 0.3418991
3444 0.08495189
3445 0.1500644
3446 0.1273499
3447 0.9272791
3448 0.3374297
3449 0.7453619
3450 0.4168289
3451 0.7629782
3452 0.03839905
3453 0.7624866
3454 0.4814627
3455 0.6940019
3456 0.2542808
3457 0.03456886
3458 0.2301095
3459 0.0969148
3460 0.7073614
3461 0.04445325
3462 0.2406607
3463 0.3708648
3464 0.6356151
3465 0.1168362
3466 0.7753755
3467 0.1769322
3468 0.4594005
3469 0.5095586
3470 0.6970804
3471 0.269875
3472 0.3123747
3473 0.5253613
3474 0.7936922
3475 0.6055992
3476 0.6980993
3477 0.7884515
3478 0.4741213
3479 0.9357397
3480 0.8604269
3481 0.07722735
3482 0.4558954
3483 0.08959507
3484 0.3659475
3485 0.2451707
3486 0.06306695
3487 0.5731326
3488 0.5090461
3489 0.4849573
3490 0.1104129
3491 0.6198859
3492 0.6587079
3493 0.07304401
3494 0.3867184
3495 0.8638995
3496 0.811654
3497 0.8090239
3498 0.1587993
3499 0.01413588
3500 0.7625496
3501 0.5026718
3502 0.1756694
3503 0.2710249
3504 0.677248
3505 0.2320521
3506 0.03102205
3507 0.1015612
3508 0.1213347
3509 0.04963087
3510 0.03205261
3511 0.8885742
3512 0.5701365
3513 0.4176417
3514 0.7661887
3515 0.2275324
3516 0.6490558
3517 0.6744528
3518 0.2800841
3519 0.0007806961
3520 0.5409419
3521 0.5617982
3522 0.09700166
3523 0.2581653
3524 0.02428271
3525 0.2998252
3526 0.1361956
3527 0.2072948
3528 0.5586961
3529 0.2865696
3530 0.1214851
3531 0.5155547
3532 0.0608396
3533 0.2868646
3534 0.01744821
3535 0.0006087173
3536 0.09534783
3537 0.3693642
3538 0.6920309
3539 0.3318419
3540 0.3232511
3541 0.6044028
3542 0.5709701
3543 0.0184662
3544 0.4703028
3545 0.4328184
3546 0.3146204
3547 0.1391802
3548 0.02421868
3549 0.4118415
3550 0.06127665
3551 0.06095488
3552 0.739161
3553 0.6264176
3554 0.4576621
3555 0.9764474
3556 0.006074358
3557 0.2976814
3558 0.2796363
3559 0.3078617
3560 0.3881715
3561 0.1892292
3562 0.01379569
3563 0.9958906
3564 0.3172363
3565 0.8127389
3566 0.001471287
3567 0.03898312
3568 0.02123495
3569 0.9649825
3570 0.07270516
3571 0.0119994
3572 0.59438
3573 0.7319953
3574 0.1887727
3575 0.1305392
3576 0.04894076
3577 0.3594328
3578 0.3727619
3579 0.6405312
3580 0.03608301
3581 0.6266649
3582 0.2950964
3583 0.6461656
3584 0.1274706
3585 0.9944891
3586 0.2071571
3587 0.2046534
3588 0.2592609
3589 0.07768247
3590 0.9967336
3591 0.6286392
3592 0.5271917
3593 0.8949358
3594 0.6378695
3595 0.2117839
3596 0.6186899
3597 0.001983118
3598 0.2716808
3599 0.1336321
3600 0.3934816
3601 0.5876623
3602 0.3602507
3603 0.5367798
3604 0.5772401
3605 0.9499748
3606 0.4455162
3607 0.242369
3608 0.5762623
3609 0.4430011
3610 0.8666183
3611 0.1377706
3612 0.2408988
3613 5.608907e-05
3614 0.5321555
3615 0.557168
3616 0.001142199
3617 0.4614931
3618 0.2605277
3619 0.1631207
3620 0.3244172
3621 0.5940833
3622 0.6253001
3623 0.4062604
3624 0.1840039
3625 0.2134349
3626 0.03658417
3627 0.0128775
3628 0.6400096
3629 0.009887956
3630 0.7152874
3631 0.2456815
3632 0.1113228
3633 0.7305889
3634 8.136669e-06
3635 0.8444904
3636 0.08637051
3637 0.9764528
3638 0.7991584
3639 0.0005334823
3640 0.02639162
3641 0.7014937
3642 0.356381
3643 0.1074791
3644 0.541647
3645 0.2375663
3646 0.5798709
3647 0.5971717
3648 0.02327335
3649 0.9364848
3650 0.2417407
3651 0.03984376
3652 0.936439
3653 0.1555963
3654 0.1223497
3655 0.02241383
3656 0.009820509
3657 0.008233178
3658 0.0320067
3659 0.1984277
3660 0.7266252
3661 0.1544953
3662 0.5741953
3663 0.1661277
3664 0.2987918
3665 0.1084129
3666 0.6602306
3667 0.7008505
3668 0.7185335
3669 0.06090835
3670 0.606981
3671 0.06005645
3672 0.8186585
3673 0.4205477
3674 0.7372028
3675 0.5253086
3676 0.3906727
3677 0.306074
3678 0.3271151
3679 0.2564965
3680 0.5898564
3681 0.6577814
3682 0.2292229
3683 0.3304349
3684 0.05046285
3685 0.2363759
3686 0.9338531
3687 0.03283379
3688 0.9547926
3689 0.2138196
3690 0.1308995
3691 0.2950001
3692 0.3700747
3693 0.9205496
3694 0.8225048
3695 0.1761938
3696 0.1463227
3697 0.3094212
3698 0.6148097
3699 0.8964256
3700 0.5262127
3701 0.4638498
3702 0.001829086
3703 0.8033024
3704 0.9518485
3705 0.06656899
3706 0.4244965
3707 0.2640871
3708 0.234115
3709 0.6495412
3710 0.9688533
3711 0.003050341
3712 0.02926254
3713 0.7077912
3714 0.5510901
3715 0.2538797
3716 0.7277866
3717 0.3600871
3718 0.8092476
3719 0.2280788
3720 0.3591153
3721 0.1912764
3722 0.4428147
3723 0.9666194
3724 0.4427914
3725 0.5338808
3726 0.1483118
3727 0.7982084
3728 0.2304457
3729 0.4875303
3730 0.2121787
3731 0.9028277
3732 0.1480022
3733 0.07646988
3734 0.9243584
3735 0.6788569
3736 0.1476429
3737 0.9323332
3738 0.09156977
3739 0.3195178
3740 0.2484674
3741 0.5673856
3742 0.03328424
3743 0.01184228
3744 0.7700541
3745 0.1740043
3746 0.8971546
3747 0.8400519
3748 0.1209681
3749 0.4456826
3750 0.8378786
3751 0.8108281
3752 0.7173714
3753 0.006388357
3754 0.1469769
3755 0.928046
3756 0.2010661
3757 0.688928
3758 0.09467752
3759 0.8402101
3760 0.01661216
3761 0.2241634
3762 0.2837647
3763 0.1078442
3764 0.2862103
3765 0.04003441
3766 0.1611906
3767 0.8249287
3768 0.03494239
3769 0.1014187
3770 0.6442852
3771 0.6257484
3772 0.06643158
3773 0.3868414
3774 0.3692719
3775 0.1127402
3776 0.3529075
3777 0.008946964
3778 0.7438192
3779 0.2098119
3780 0.000934422
3781 0.01650081
3782 0.5973129
3783 0.0102175
3784 0.1849139
3785 0.1527871
3786 0.4799653
3787 0.7450352
3788 0.6688633
3789 0.005875807
3790 0.02688305
3791 0.8464831
3792 0.6072352
3793 0.1289908
3794 0.1189116
3795 0.2537773
3796 0.2642351
3797 0.007503325
3798 0.005861827
3799 0.03738008
3800 0.337242
3801 0.2258648
3802 0.2692993
3803 0.5850986
3804 0.4695322
3805 0.0372298
3806 0.7203462
3807 0.1284231
3808 0.1037616
3809 0.8056519
3810 0.9761503
3811 0.05944622
3812 0.9805422
3813 0.024401
3814 0.09768295
3815 0.9828588
3816 0.09116425
3817 0.7065294
3818 0.07479356
3819 0.8835791
3820 0.1487399
3821 0.1515816
3822 0.373212
3823 0.3152167
3824 0.2665296
3825 0.01228884
3826 0.02113765
3827 0.629002
3828 0.2322111
3829 0.03215565
3830 0.0103024
3831 0.2600378
3832 0.08767029
3833 0.5030885
3834 0.7276753
3835 0.5740686
3836 0.232759
3837 0.439884
3838 0.3892978
3839 0.8834646
3840 0.5673425
3841 0.7522656
3842 0.285111
3843 0.7438044
3844 0.8198155
3845 0.9780073
3846 0.8627919
3847 0.1861621
3848 0.1809269
3849 0.1214651
3850 0.2713924
3851 0.0453762
3852 0.1459707
3853 0.1184409
3854 0.8176982
3855 0.9000797
3856 0.08264179
3857 0.9908037
3858 0.4416952
3859 0.07973573
3860 0.05736539
3861 0.2567406
3862 0.09886397
3863 0.1450762
3864 0.3836296
3865 0.634444
3866 0.8985152
3867 0.1742037
3868 0.6909155
3869 0.4674003
3870 0.08515763
3871 0.01465863
3872 0.4787485
3873 0.5381041
3874 0.7719728
3875 0.4641486
3876 0.3527446
3877 0.5776318
3878 0.4073478
3879 0.766716
3880 0.7843872
3881 0.1377793
3882 0.6761208
3883 0.06899739
3884 0.6027724
3885 0.3796269
3886 0.2237404
3887 0.005851112
3888 0.2381807
3889 0.06130732
3890 0.1964284
3891 0.2221493
3892 0.3951012
3893 0.08008412
3894 0.1786695
3895 0.2392267
3896 0.9800755
3897 0.9182432
3898 0.08117678
3899 0.008476202
3900 0.08615488
3901 0.2901224
3902 0.1856082
3903 0.07946888
3904 0.8801339
3905 0.7504527
3906 0.4528593
3907 0.3094631
3908 0.05754415
3909 0.1645543
3910 0.380045
3911 0.3562305
3912 0.2236603
3913 0.1598079
3914 0.1305148
3915 0.2126133
3916 0.007132957
3917 0.8474028
3918 0.3759811
3919 0.1785687
3920 0.2245555
3921 0.734567
3922 0.6574924
3923 0.9515076
3924 0.04416014
3925 0.0168915
3926 0.704928
3927 0.2036139
3928 0.5871028
3929 0.1448549
3930 0.3169202
3931 0.184501
3932 0.005714255
3933 0.07674834
3934 0.06974777
3935 0.0554828
3936 0.4811062
3937 0.2857885
3938 0.6960349
3939 0.04939608
3940 0.2899378
3941 0.07872471
3942 0.7424523
3943 0.4133455
3944 0.3406201
3945 0.7135458
3946 0.2247128
3947 0.05270688
3948 0.6286441
3949 0.06483283
3950 0.04092303
3951 0.04620516
3952 0.7056647
3953 0.1935762
3954 0.7601653
3955 0.9421658
3956 0.1239288
3957 0.1337562
3958 0.8949867
3959 0.1594238
3960 0.1700741
3961 0.4314238
3962 0.9359263
3963 0.2267902
3964 0.1168623
3965 0.1406424
3966 0.8123233
3967 0.02455101
3968 0.8216894
3969 0.5693831
3970 0.3119263
3971 0.2496377
3972 0.6869835
3973 0.6280274
3974 0.5653519
3975 0.4195469
3976 0.04804035
3977 0.07967906
3978 0.1747721
3979 0.1173521
3980 0.3114511
3981 0.8563118
3982 0.7975085
3983 0.01703148
3984 0.5498691
3985 0.006869156
3986 0.8171026
3987 2.232771e-05
3988 0.02711292
3989 0.2260343
3990 0.9120548
3991 0.7259395
3992 0.5725038
3993 0.2618065
3994 0.4266751
3995 0.003153147
3996 0.4657549
3997 0.1386989
3998 0.940305
3999 0.6288464
4000 0.936334
4001 0.01515092
4002 0.03594984
4003 0.3184818
4004 0.4907201
4005 0.1150321
4006 0.07992099
4007 0.186574
4008 0.2042895
4009 0.8151045
4010 0.5660869
4011 0.005338205
4012 0.6504985
4013 0.302731
4014 0.04381142
4015 0.2540349
4016 0.8046846
4017 0.9591057
4018 0.1262927
4019 0.7045344
4020 0.08542932
4021 0.8744497
4022 0.2327018
4023 0.5823891
4024 0.5334388
4025 0.5898133
4026 0.499534
4027 0.9228833
4028 0.3828088
4029 4.611095e-05
4030 0.6789299
4031 0.1907853
4032 0.6024604
4033 0.6218898
4034 0.9985942
4035 0.3718274
4036 0.007376229
4037 0.0764229
4038 0.4861383
4039 0.6714781
4040 0.469712
4041 0.1985045
4042 0.2532261
4043 0.003090546
4044 0.02906872
4045 0.03328537
4046 0.01408958
4047 0.03310903
4048 0.0828229
4049 0.03434711
4050 0.5464419
4051 0.02632575
4052 0.04408675
4053 0.1506378
4054 0.6718619
4055 0.7302276
4056 0.9831687
4057 0.3662913
4058 0.09099053
4059 0.7211253
4060 0.4005186
4061 0.003492224
4062 0.3312413
4063 0.125882
4064 0.7481592
4065 0.2202871
4066 0.05792502
4067 0.3396958
4068 0.1161656
4069 0.3328537
4070 0.1359524
4071 0.7060853
4072 0.2732514
4073 0.1928475
4074 0.001426456
4075 0.5599135
4076 0.3335316
4077 0.2181131
4078 0.0002376255
4079 0.1544309
4080 0.3092197
4081 0.6896952
4082 0.49263
4083 0.483648
4084 0.04155333
4085 0.420963
4086 0.5470824
4087 0.8226844
4088 0.3942199
4089 0.04188102
4090 0.4541972
4091 0.003915315
4092 0.1982931
4093 0.5659965
4094 0.848108
4095 0.4422607
4096 0.2636116
4097 0.3009143
4098 0.5030689
4099 0.3336682
4100 0.694408
4101 0.03733163
4102 0.6671792
4103 0.9121826
4104 0.2086762
4105 0.05632534
4106 0.1937511
4107 0.8907982
4108 0.7500347
4109 0.2685075
4110 0.8626239
4111 0.6119632
4112 0.7271944
4113 0.4273253
4114 0.3067582
4115 0.3632696
4116 0.4631204
4117 0.8538919
4118 0.4640731
4119 0.3137461
4120 0.3163433
4121 0.8114993
4122 0.2578994
4123 0.2071621
4124 0.2699204
4125 0.5574712
4126 0.2248173
4127 0.2736626
4128 0.2600037
4129 0.8888678
4130 0.6665137
4131 0.3451095
4132 0.08477462
4133 0.7514254
4134 0.04764194
4135 0.9293641
4136 0.1445792
4137 0.7248156
4138 0.8969138
4139 0.2416769
4140 0.103183
4141 0.27529
4142 0.5623472
4143 0.0184953
4144 0.7456616
4145 0.952596
4146 0.2172917
4147 0.001349252
4148 0.6921641
4149 0.1762417
4150 0.5722513
4151 0.1293054
4152 0.6978066
4153 0.9046553
4154 0.007791342
4155 0.1392476
4156 0.1585229
4157 0.07232991
4158 0.04088263
4159 0.329928
4160 0.815578
4161 0.3017438
4162 0.4190927
4163 0.6250705
4164 0.2495357
4165 0.9034697
4166 0.1318874
4167 0.08962806
4168 0.04713205
4169 0.7466071
4170 0.1852098
4171 0.3326072
4172 0.8307979
4173 0.441152
4174 0.1694036
4175 0.02464568
4176 0.1778346
4177 0.3665685
4178 0.2552959
4179 0.08747586
4180 0.9451468
4181 0.6251268
4182 0.04306173
4183 0.01708427
4184 0.8078267
4185 0.1135011
4186 0.1662966
4187 0.5006498
4188 0.2232158
4189 0.7589514
4190 0.02195713
4191 0.1675092
4192 0.9266141
4193 0.3031942
4194 0.7291455
4195 0.1381613
4196 0.3292549
4197 0.07413693
4198 0.8639691
4199 0.4641932
4200 0.207529
4201 0.6483989
4202 0.8236423
4203 0.03398698
4204 0.567256
4205 0.001511673
4206 0.31654
4207 0.008868034
4208 0.5678564
4209 0.04558865
4210 0.2336568
4211 0.4719795
4212 0.1885345
4213 0.4732745
4214 0.5478947
4215 0.4508364
4216 0.5720539
4217 0.01136742
4218 0.5168336
4219 0.7585026
4220 0.1001352
4221 0.7176548
4222 0.1313708
4223 0.8675483
4224 0.3192861
4225 0.2980224
4226 0.2130061
4227 0.3616281
4228 0.64636
4229 0.6246769
4230 0.1330427
4231 0.3155151
4232 0.14584
4233 0.4097762
4234 0.698265
4235 0.5253283
4236 0.1382547
4237 0.8271015
4238 0.01659868
4239 0.3475081
4240 0.5221235
4241 0.09673692
4242 0.6895508
4243 0.07208106
4244 0.6257017
4245 0.2066672
4246 0.9765175
4247 0.9192526
4248 0.7463865
4249 0.4992578
4250 0.1949641
4251 0.07939918
4252 0.4412161
4253 0.6302023
4254 0.7614327
4255 0.09747789
4256 0.004533496
4257 0.5189603
4258 0.03456789
4259 0.7243387
4260 0.9625834
4261 0.7192799
4262 0.1870429
4263 0.1048057
4264 0.02660174
4265 0.2566677
4266 0.9804307
4267 0.3070401
4268 0.5246653
4269 0.001847936
4270 0.05217938
4271 0.5873135
4272 0.04280148
4273 0.6169053
4274 0.9697683
4275 0.5713656
4276 0.08290111
4277 0.6218397
4278 0.8243363
4279 0.06859173
4280 0.5067413
4281 0.1576084
4282 0.725596
4283 0.3691063
4284 0.8764464
4285 0.0704857
4286 0.5309699
4287 0.01510383
4288 0.8436007
4289 0.02674756
4290 0.3493832
4291 0.3779616
4292 0.249527
4293 0.5879284
4294 0.1361587
4295 0.1700605
4296 0.4723992
4297 0.7538017
4298 0.08117282
4299 0.1271915
4300 0.4272197
4301 0.004008688
4302 0.1772401
4303 0.7149008
4304 0.4308319
4305 0.4684727
4306 0.6955263
4307 0.3118374
4308 0.6259998
4309 0.9502595
4310 0.03192168
4311 0.1534652
4312 0.5593772
4313 0.5474283
4314 8.269568e-05
4315 0.3448741
4316 0.7580087
4317 0.6336076
4318 0.2349811
4319 0.03154914
4320 0.6609945
4321 0.1691802
4322 0.6821536
4323 0.8791967
4324 0.5228998
4325 0.5306571
4326 0.7473655
4327 0.5922393
4328 0.006923777
4329 0.2100427
4330 0.3956985
4331 0.3557463
4332 0.6834674
4333 0.001075513
4334 0.4991071
4335 0.2975648
4336 0.5206865
4337 0.01626543
4338 0.5464741
4339 0.8311475
4340 0.01156096
4341 0.2833292
4342 0.9698987
4343 0.02262877
4344 0.5442981
4345 0.1591173
4346 0.9537867
4347 0.1165371
4348 0.1292555
4349 0.3223806
4350 0.04716871
4351 4.664117e-05
4352 0.237082
4353 0.1110762
4354 0.8586229
4355 0.5535365
4356 0.5364799
4357 0.7903592
4358 0.03093334
4359 0.8714075
4360 0.3602384
4361 0.6184846
4362 0.1687487
4363 0.07215092
4364 0.04372237
4365 0.4096433
4366 0.4362972
4367 0.329107
4368 0.3231652
4369 0.005154877
4370 0.02085119
4371 0.8382438
4372 0.7524535
4373 0.1584964
4374 0.05997465
4375 0.4684187
4376 0.7350119
4377 0.5819496
4378 0.05600995
4379 0.2667166
4380 0.6535998
4381 0.04868245
4382 0.01911086
4383 0.05052464
4384 0.6193292
4385 0.1480498
4386 0.7036064
4387 0.3656526
4388 0.02900541
4389 0.4825894
4390 0.1173521
4391 0.5678664
4392 0.9390616
4393 0.5447391
4394 0.03162937
4395 0.01568237
4396 0.02048496
4397 0.1130125
4398 0.467959
4399 0.2496212
4400 0.2334976
4401 0.001101695
4402 0.8310695
4403 0.5483128
4404 0.5463402
4405 0.03775179
4406 0.7155486
4407 0.1533625
4408 0.06826169
4409 0.2455961
4410 0.9600728
4411 0.7543806
4412 0.48884
4413 0.03094207
4414 0.06584583
4415 0.5947097
4416 0.2514087
4417 0.7730482
4418 0.449968
4419 0.01673584
4420 0.8620146
4421 0.6067262
4422 0.3744258
4423 0.2731034
4424 0.2788301
4425 0.1002002
4426 0.6783267
4427 0.7223909
4428 0.8807145
4429 0.8379404
4430 0.2639511
4431 0.8384514
4432 0.4291841
4433 0.05794151
4434 0.04881046
4435 0.5538971
4436 0.2322255
4437 0.02282853
4438 0.5825958
4439 0.9033745
4440 0.03174345
4441 0.8038346
4442 0.4828317
4443 0.6204097
4444 0.5495888
4445 0.3399234
4446 0.2190908
4447 0.2652888
4448 0.3741193
4449 0.4021686
4450 0.1619539
4451 0.2249543
4452 0.7327196
4453 0.1098848
4454 0.9707201
4455 0.2478805
4456 0.4637512
4457 0.222312
4458 0.5475482
4459 0.5295925
4460 0.4337402
4461 0.4221847
4462 0.8102634
4463 0.3103004
4464 0.9005678
4465 0.7719973
4466 0.7015812
4467 0.7322656
4468 0.01420564
4469 0.3312672
4470 0.3880702
4471 0.2933603
4472 6.144022e-05
4473 0.3819456
4474 0.5846865
4475 0.7108217
4476 0.9524605
4477 0.3313579
4478 0.008192806
4479 0.4183817
4480 0.04653265
4481 0.4251138
4482 0.6069658
4483 0.6659988
4484 0.9067694
4485 0.153736
4486 0.6696933
4487 0.1555595
4488 0.001845357
4489 0.07809713
4490 0.6952434
4491 0.007691596
4492 0.01696824
4493 0.2375904
4494 0.5368306
4495 0.01378719
4496 0.2142639
4497 0.8737639
4498 0.2867778
4499 0.1903547
4500 0.3608766
4501 0.3354756
4502 0.5572601
4503 0.543683
4504 0.7365448
4505 0.9139631
4506 0.9931934
4507 0.02577405
4508 0.283574
4509 0.8520817
4510 0.7313584
4511 0.8668097
4512 0.04058713
4513 0.0417323
4514 0.8481718
4515 0.04399263
4516 0.9920615
4517 0.1990734
4518 0.4126141
4519 0.3402102
4520 0.7251189
4521 0.1089936
4522 0.561475
4523 0.1132761
4524 0.3118546
4525 0.60578
4526 0.4471113
4527 0.5448954
4528 0.8342345
4529 0.5840324
4530 0.8660562
4531 0.02739495
4532 0.4276017
4533 0.1992803
4534 0.1199957
4535 0.2706245
4536 0.6084294
4537 0.4992415
4538 0.02215348
4539 0.6788677
4540 0.660911
4541 0.02254299
4542 0.1811671
4543 0.2777823
4544 0.6490581
4545 0.0602031
4546 0.1016412
4547 0.1668396
4548 0.2598854
4549 0.4007485
4550 0.62089
4551 0.3379295
4552 0.3710137
4553 0.7062265
4554 0.1757336
4555 0.6848
4556 0.4405126
4557 0.5969476
4558 0.02184404
4559 0.05089245
4560 0.7173366
4561 0.5878466
4562 0.05173343
4563 0.430146
4564 0.3767584
4565 0.02186914
4566 0.2163581
4567 0.3442798
4568 0.3516967
4569 0.1767684
4570 0.2189998
4571 0.6640933
4572 0.02237951
4573 0.1252014
4574 0.1030273
4575 0.6510676
4576 0.04116861
4577 0.1637191
4578 0.1353991
4579 0.5512976
4580 0.2033867
4581 0.3584231
4582 0.08566637
4583 0.001581028
4584 0.8718408
4585 0.01870037
4586 0.4207559
4587 0.3816694
4588 0.9931825
4589 0.0753782
4590 0.1836839
4591 0.4764032
4592 0.05637361
4593 0.7913182
4594 0.4219656
4595 0.03118257
4596 0.7702618
4597 0.7509028
4598 0.01326346
4599 0.598534
4600 0.8022623
4601 0.3105771
4602 0.08771687
4603 0.8314984
4604 0.3781234
4605 0.296613
4606 0.7757081
4607 0.4806941
4608 0.9982812
4609 0.5237536
4610 0.5961637
4611 0.8276298
4612 0.1873959
4613 0.1705004
4614 0.08438697
4615 0.6158943
4616 0.1141011
4617 0.5418526
4618 0.0126646
4619 0.846073
4620 0.6078029
4621 0.1310841
4622 0.2298778
4623 0.2642927
4624 0.6320309
4625 0.2589207
4626 0.2416274
4627 0.2813567
4628 0.2683901
4629 0.4753807
4630 0.6818058
4631 0.4608464
4632 0.03875968
4633 0.02564277
4634 0.2224831
4635 0.1453563
4636 0.2984828
4637 0.6861335
4638 0.7623079
4639 0.02629504
4640 0.9218633
4641 0.456818
4642 0.2838471
4643 0.6769778
4644 0.5106625
4645 0.4410137
4646 0.5008831
4647 0.4131864
4648 0.5076534
4649 0.8846433
4650 0.2715928
4651 0.9779949
4652 0.7182633
4653 0.2633187
4654 0.4373019
4655 0.5278806
4656 0.1772927
4657 0.01859674
4658 0.1154457
4659 0.0471547
4660 0.5957562
4661 0.1135746
4662 0.05794586
4663 0.05733963
4664 0.7760384
4665 0.9221346
4666 0.1525121
4667 0.1385711
4668 0.8451792
4669 0.4101204
4670 0.8193262
4671 0.4302698
4672 0.4080863
4673 0.4015123
4674 0.01290243
4675 0.8104621
4676 0.6049054
4677 0.6388667
4678 0.0344486
4679 0.0007432474
4680 0.7304425
4681 0.9605601
4682 0.008245746
4683 0.5887373
4684 0.1739074
4685 0.1150197
4686 0.111214
4687 0.02617693
4688 0.2933618
4689 0.5406997
4690 0.5212672
4691 0.4888837
4692 0.8782618
4693 0.9113627
4694 0.1589311
4695 0.8779852
4696 0.06366822
4697 0.7594226
4698 0.9806629
4699 0.4066285
4700 0.3117515
4701 0.4888844
4702 0.8898792
4703 0.836982
4704 0.02486566
4705 0.819993
4706 0.4382167
4707 0.0871974
4708 0.583959
4709 0.6277161
4710 0.06028773
4711 0.8796298
4712 0.1603636
4713 0.05832451
4714 0.1960457
4715 0.7645143
4716 0.5897819
4717 0.7821728
4718 0.06069306
4719 0.8092029
4720 0.8186834
4721 0.05092751
4722 0.01454575
4723 0.001731444
4724 0.00443384
4725 0.5697832
4726 0.9652128
4727 0.9989443
4728 0.4024144
4729 0.1730024
4730 0.02355291
4731 0.584149
4732 0.66803
4733 0.7706483
4734 0.3666611
4735 0.3708505
4736 0.9730584
4737 0.7151746
4738 0.3563744
4739 0.6570105
4740 0.2602711
4741 0.6311931
4742 0.9436095
4743 0.3567074
4744 0.5310437
4745 0.3324108
4746 0.3513083
4747 0.5029224
4748 0.6076091
4749 0.09497848
4750 0.4839294
4751 0.08617943
4752 0.8414778
4753 0.7961345
4754 0.7603065
4755 0.7305405
4756 0.5492522
4757 0.7574235
4758 0.2391738
4759 0.5449839
4760 0.1218846
4761 0.897233
4762 0.05968825
4763 0.2479122
4764 0.3116856
4765 0.2894057
4766 0.595248
4767 0.1190615
4768 0.8704038
4769 0.8344017
4770 0.05007906
4771 0.00780084
4772 0.9554223
4773 0.7091066
4774 0.8398756
4775 0.05053541
4776 0.02238612
4777 0.4178408
4778 0.5707418
4779 0.6279618
4780 0.4665086
4781 0.2470072
4782 0.2114949
4783 0.07006458
4784 0.02417622
4785 0.2211675
4786 0.5098077
4787 0.08310758
4788 0.3415848
4789 0.3705553
4790 0.4597789
4791 0.8345823
4792 0.3599925
4793 0.02937637
4794 0.1809834
4795 0.01781744
4796 0.6927557
4797 0.6378276
4798 0.124943
4799 0.9875003
4800 0.473637
4801 0.1947803
4802 0.8823796
4803 0.1139409
4804 0.2232085
4805 0.3249378
4806 0.02536432
4807 0.4924718
4808 0.7033063
4809 0.4159202
4810 0.1663538
4811 0.4714557
4812 0.001902557
4813 0.8110896
4814 0.7106993
4815 0.08584234
4816 0.000621417
4817 0.1432761
4818 0.21858
4819 0.2009232
4820 0.3360004
4821 0.2803868
4822 0.2328315
4823 0.1753918
4824 0.0175054
4825 0.5070718
4826 0.1564818
4827 0.9640057
4828 0.00617219
4829 0.3132193
4830 0.2954497
4831 0.04387835
4832 0.2959274
4833 0.7067828
4834 0.3131493
4835 0.9172835
4836 0.1929916
4837 0.9679615
4838 0.8664865
4839 0.03221246
4840 0.4424539
4841 0.683336
4842 0.3883297
4843 0.5146812
4844 0.7662275
4845 0.001442674
4846 0.9352492
4847 0.175842
4848 0.8100564
4849 0.04313949
4850 0.139227
4851 0.3611479
4852 0.001266222
4853 0.2129911
4854 0.8057938
4855 0.07055278
4856 0.1030079
4857 0.2042028
4858 0.01929612
4859 0.0002346725
4860 0.001133738
4861 0.5138504
4862 0.2817804
4863 0.0683897
4864 0.3801453
4865 0.676756
4866 0.4695199
4867 0.6950779
4868 0.1973897
4869 0.5071496
4870 0.3800891
4871 0.08493635
4872 0.3202745
4873 0.3262685
4874 0.1985942
4875 0.2361336
4876 0.9140695
4877 0.9938918
4878 0.07421414
4879 0.2156091
4880 0.1415346
4881 0.5948097
4882 0.2401496
4883 0.7850409
4884 0.6930976
4885 0.4516731
4886 0.8431042
4887 0.3959446
4888 0.9526652
4889 0.2904607
4890 0.5869199
4891 0.4798405
4892 0.262424
4893 0.8099398
4894 0.07700187
4895 0.3954621
4896 0.3347683
4897 0.1257476
4898 0.01006124
4899 0.2521912
4900 0.8154122
4901 0.7237828
4902 0.01610937
4903 0.01907611
4904 0.6384239
4905 0.878302
4906 0.8880162
4907 0.9066666
4908 0.5591169
4909 0.9098669
4910 0.9423763
4911 0.1523754
4912 0.8735517
4913 0.8399189
4914 0.7970627
4915 0.1073835
4916 0.0181419
4917 0.2700653
4918 0.04897698
4919 0.1963089
4920 0.5605397
4921 0.04850137
4922 0.7513915
4923 0.07927137
4924 0.8842223
4925 0.184286
4926 0.04710379
4927 0.595843
4928 0.04422661
4929 0.256107
4930 0.3060427
4931 0.328477
4932 0.1758039
4933 0.8257691
4934 0.8340043
4935 0.08126788
4936 0.7569576
4937 0.06345021
4938 0.4519508
4939 0.9320861
4940 0.1291363
4941 0.9219931
4942 0.5331967
4943 0.8564378
4944 0.02456585
4945 0.9343995
4946 0.5664906
4947 0.04321662
4948 0.2216817
4949 0.4560298
4950 0.03421972
4951 0.8289332
4952 0.8906579
4953 0.2674748
4954 0.2978488
4955 0.3448564
4956 0.4039092
4957 0.8935107
4958 0.481825
4959 0.03591269
4960 0.2861178
4961 0.4897381
4962 0.4438226
4963 0.9293696
4964 0.5545966
4965 0.441167
4966 0.5889759
4967 0.9008621
4968 0.7393594
4969 0.3149567
4970 0.1181952
4971 0.2909381
4972 0.357772
4973 0.05897291
4974 0.03310124
4975 0.9478228
4976 0.2806818
4977 0.1891744
4978 0.08501709
4979 0.1152526
4980 0.6324449
4981 0.09365874
4982 0.0277538
4983 0.3926465
4984 0.6927422
4985 0.5137734
4986 0.2836635
4987 0.1065449
4988 0.02823859
4989 0.9131747
4990 0.2898754
4991 0.3253559
4992 0.5363231
4993 0.3301532
4994 0.2366336
4995 0.6917743
4996 0.8332655
4997 0.1095406
4998 0.02279035
4999 0.4097417
5000 0.05940265
