1 0.4248329
2 0.6122942
3 0.2659685
4 0.8345566
5 0.397198
6 0.1587868
7 0.1059693
8 0.05492509
9 0.4417633
10 0.9517901
11 0.2830798
12 0.4260072
13 0.1706967
14 0.748131
15 0.5444264
16 0.6996443
17 0.5792343
18 0.5594505
19 0.5730263
20 0.8167679
21 0.3032257
22 0.1193589
23 0.3691364
24 0.008087379
25 0.8295678
26 0.8971961
27 0.2989106
28 0.9718399
29 0.6073564
30 0.9112242
31 0.02284137
32 0.1123879
33 0.7104022
34 0.5771077
35 0.445704
36 0.8538153
37 0.3161633
38 0.5632085
39 0.09784822
40 0.7568088
41 0.4747789
42 0.8080585
43 0.06507475
44 0.5226235
45 0.9085874
46 0.9411495
47 0.4912882
48 0.2555368
49 0.3405658
50 0.9844846
51 0.9025709
52 0.8731215
53 0.4860632
54 0.7452101
55 0.1133725
56 0.8735916
57 0.4215835
58 0.5092108
59 0.09058001
60 0.1111841
61 0.2959354
62 0.1995243
63 0.5499596
64 0.3755138
65 0.07935138
66 0.1503879
67 0.5074512
68 0.2063106
69 0.18044
70 0.2608314
71 0.3033908
72 0.4589974
73 0.3373625
74 0.02056767
75 0.07818869
76 0.6299928
77 0.3188376
78 0.6374175
79 0.3025605
80 0.9930604
81 0.4507776
82 0.412463
83 0.34886
84 0.6502578
85 0.7302204
86 0.09689581
87 0.2563541
88 0.3915996
89 0.9376873
90 0.7705319
91 0.3091608
92 0.05844123
93 0.8813558
94 0.118239
95 0.3614075
96 0.6266141
97 0.1178058
98 0.6361506
99 0.6095654
100 0.4614215
101 0.2581967
102 0.4342132
103 0.9051705
104 0.6521304
105 0.867304
106 0.4940171
107 0.1677834
108 0.8545687
109 0.6691088
110 0.338456
111 0.2603479
112 0.6304357
113 0.1178322
114 0.9835938
115 0.5347376
116 0.3227197
117 0.361277
118 0.8489743
119 0.1832256
120 0.597273
121 0.1049293
122 0.04999513
123 0.3024121
124 0.5427953
125 0.5561551
126 0.2579936
127 0.2672471
128 0.2689205
129 0.1590701
130 0.377184
131 0.3616247
132 0.4224194
133 0.9641841
134 0.7656671
135 0.348442
136 0.578738
137 0.7736124
138 0.4087224
139 0.021136
140 0.167496
141 0.1085121
142 0.5673972
143 0.1456702
144 0.05643028
145 0.1924859
146 0.4707416
147 0.2361637
148 0.2522602
149 0.8978949
150 0.3411961
151 0.299012
152 0.7202064
153 0.440618
154 0.285225
155 0.05386965
156 7.81302e-05
157 0.4472158
158 0.1664964
159 0.00308253
160 0.7156082
161 0.2452259
162 0.2244473
163 0.09822188
164 0.936967
165 0.5545793
166 0.8219471
167 0.2907261
168 0.02824104
169 0.07880099
170 0.7497179
171 0.6198241
172 0.2781187
173 0.8850776
174 0.5402364
175 0.2042152
176 0.0971441
177 0.1740518
178 0.2881269
179 0.7022249
180 0.9132646
181 0.7257829
182 0.8629625
183 0.1505831
184 0.09709384
185 0.05615654
186 0.7908964
187 0.1956819
188 0.3624925
189 0.4898611
190 0.8687546
191 0.08470633
192 0.01015554
193 0.8861719
194 0.9689435
195 0.8613319
196 0.7857988
197 0.9521908
198 0.04772502
199 0.8809468
200 0.732663
201 0.5134206
202 0.01229417
203 0.2257087
204 0.8913762
205 0.04448033
206 0.9540844
207 0.8702644
208 0.4903275
209 0.8288664
210 0.558564
211 0.357792
212 0.6794801
213 0.1021315
214 0.2816595
215 0.251314
216 0.8811805
217 0.9297508
218 0.06963687
219 0.6474894
220 0.3671283
221 0.8837483
222 0.01482162
223 0.3380757
224 0.1147036
225 0.7581651
226 0.7030221
227 0.7279171
228 0.19318
229 0.2880648
230 0.6502193
231 0.8253149
232 0.9613474
233 0.2460015
234 0.7387145
235 0.8465954
236 0.4164246
237 0.8184976
238 0.08125154
239 0.4130433
240 0.2695827
241 0.4388131
242 0.7060933
243 0.3769687
244 0.1151674
245 0.8518882
246 0.2955523
247 0.4121602
248 0.5109077
249 0.01273398
250 0.6097982
251 0.4074908
252 0.1430627
253 0.389224
254 0.3888031
255 0.3943884
256 0.08809571
257 0.2602669
258 0.06603648
259 0.09243254
260 0.827855
261 0.8450918
262 0.6042058
263 0.9297074
264 0.724609
265 0.72936
266 0.8504761
267 0.7475094
268 0.7583662
269 0.1636067
270 0.6380034
271 0.5236094
272 0.5783832
273 0.7628617
274 0.5686582
275 0.561614
276 0.8250967
277 0.7780107
278 0.3655817
279 0.0004062761
280 0.5180074
281 0.7790577
282 0.6796598
283 0.1248193
284 0.1912741
285 0.7075051
286 0.9868948
287 0.04442017
288 0.2166885
289 0.7719548
290 0.05723118
291 0.417236
292 0.8946639
293 0.4902125
294 0.8703564
295 0.7023449
296 0.02814282
297 0.4956053
298 0.03763346
299 0.5026556
300 0.6551758
301 0.65043
302 0.07105467
303 0.02865108
304 0.1307295
305 0.568472
306 0.4900702
307 0.5862836
308 0.8176442
309 0.1626999
310 0.5926222
311 0.1819142
312 0.2975518
313 0.2738984
314 0.09944168
315 0.8535152
316 0.6599372
317 0.1665776
318 0.5748428
319 0.3043619
320 0.2441278
321 0.352427
322 0.3761977
323 0.2558537
324 0.6948102
325 0.08512898
326 0.9200259
327 0.9729786
328 0.9285966
329 0.1303701
330 0.1992005
331 0.7462109
332 0.9011433
333 0.3923877
334 0.6250894
335 0.6794418
336 0.811157
337 0.55701
338 0.6767565
339 0.01773968
340 0.391317
341 0.4730036
342 0.2760351
343 0.5259091
344 0.329039
345 0.6568496
346 0.6819697
347 0.1214777
348 0.7733354
349 0.118477
350 0.3834937
351 0.4429511
352 0.05514763
353 0.003027567
354 0.7669092
355 0.6311922
356 0.08472951
357 0.120463
358 0.143656
359 0.9277391
360 0.9265705
361 0.7782183
362 0.04477273
363 0.1801343
364 0.9018846
365 0.8356341
366 0.6982157
367 0.2456875
368 0.9512144
369 0.809621
370 0.08400199
371 0.8373202
372 0.1717909
373 0.7263431
374 0.8065527
375 0.4035583
376 0.1547369
377 0.606425
378 0.0732335
379 0.8398334
380 0.5357959
381 0.6766997
382 0.1783754
383 0.3449641
384 0.1881366
385 0.5779182
386 0.490227
387 0.09326585
388 0.74912
389 0.4310903
390 0.02410457
391 0.4242861
392 0.8251466
393 0.2329479
394 0.004211289
395 0.1629978
396 0.8571097
397 0.185143
398 0.2028063
399 0.2711747
400 0.8313378
401 0.3835112
402 0.5304874
403 0.1115609
404 0.05804109
405 0.3702286
406 0.1734733
407 0.8683756
408 0.0622551
409 0.3064011
410 0.6077799
411 0.4192089
412 0.1118395
413 0.218756
414 0.8389218
415 0.03484607
416 0.08319731
417 0.1647569
418 0.4022865
419 0.7363308
420 0.8843192
421 0.9637879
422 0.2050378
423 0.3708723
424 0.5963742
425 0.4489179
426 0.8732985
427 0.216395
428 0.2751459
429 0.07728785
430 0.387489
431 0.03526149
432 0.9693823
433 0.2701641
434 0.392534
435 0.4559602
436 0.2731532
437 0.09455322
438 0.04602925
439 0.1699207
440 0.339023
441 0.7063493
442 0.1127027
443 0.6314797
444 0.1049354
445 0.5234021
446 0.001352591
447 0.8817872
448 0.8155319
449 0.8100211
450 0.8826781
451 0.03686478
452 0.559753
453 0.4858414
454 0.943853
455 0.5585194
456 0.9740787
457 0.2394128
458 0.1692091
459 0.1304966
460 0.8274478
461 0.9313511
462 0.2096294
463 0.06526803
464 0.362727
465 0.1588734
466 0.6068795
467 0.003666962
468 0.0119316
469 0.7538194
470 0.005503056
471 0.4000357
472 0.5439327
473 0.5462959
474 0.7566121
475 0.9676264
476 0.7143995
477 0.953313
478 0.7412092
479 0.1229484
480 0.6705111
481 0.2068385
482 0.01952128
483 0.3032219
484 0.1451964
485 0.1102685
486 0.06641366
487 0.1898151
488 0.4018211
489 0.7892953
490 0.7537283
491 0.162505
492 0.06884079
493 0.3706834
494 0.7273123
495 0.06014564
496 0.8059916
497 0.4526322
498 0.1132245
499 0.1568242
500 0.234087
501 0.7361072
502 0.7551773
503 0.458659
504 0.6460529
505 0.04247473
506 0.8218105
507 0.4573775
508 0.2028791
509 0.03673151
510 0.2402861
511 0.01359244
512 0.9572863
513 0.5059711
514 0.01682222
515 0.1218999
516 0.9919346
517 0.7170631
518 0.8875192
519 0.01409187
520 0.02913099
521 0.01768357
522 0.02572541
523 0.4566019
524 0.01153337
525 0.04324458
526 0.1761859
527 0.01091875
528 0.1886299
529 0.139715
530 0.433444
531 0.3898872
532 0.3980246
533 0.4144451
534 0.05020538
535 0.9148134
536 0.07545829
537 0.8196276
538 0.07556873
539 0.02970418
540 0.8731289
541 0.04351116
542 0.07781247
543 0.6284579
544 0.1944633
545 0.7466488
546 0.05989983
547 0.7403373
548 0.8855932
549 0.8211457
550 0.1631935
551 0.1559948
552 0.06695227
553 0.004073813
554 0.09133168
555 0.044305
556 0.26597
557 0.0956084
558 0.8500175
559 0.1908321
560 0.8899278
561 0.3571887
562 0.7039622
563 0.002590518
564 0.4004547
565 0.07303348
566 0.6840984
567 0.2779285
568 0.4177271
569 0.0228883
570 0.4064712
571 0.6237739
572 0.001793824
573 0.263003
574 0.07443398
575 0.2333965
576 0.9938569
577 0.6805112
578 0.1256358
579 0.5394205
580 0.8102269
581 0.02519124
582 0.8263371
583 0.6698461
584 0.2964313
585 0.3047915
586 0.816949
587 0.7539003
588 0.7051697
589 0.8300421
590 0.6854726
591 0.03939456
592 0.7622481
593 0.07138374
594 0.7174655
595 0.1801732
596 0.6537742
597 0.902143
598 0.5623611
599 0.7728834
600 0.7433179
601 0.223565
602 0.6898219
603 0.22287
604 0.8330655
605 0.5366784
606 0.004487997
607 0.2686741
608 0.7252919
609 0.3808538
610 0.8756845
611 0.9992495
612 0.0758089
613 0.01983997
614 0.6919862
615 0.3547297
616 0.5351609
617 0.01548456
618 0.04060849
619 0.5529385
620 0.7210077
621 0.5051988
622 0.9362094
623 0.1463802
624 0.4593988
625 0.3316192
626 0.1000479
627 0.106801
628 0.4523655
629 0.213801
630 0.04894242
631 0.788142
632 0.5205598
633 0.5936919
634 0.4190864
635 0.3801164
636 0.1308213
637 0.9018054
638 0.8223492
639 0.2056238
640 0.7342163
641 0.4317017
642 0.8901274
643 0.4253754
644 0.4684219
645 0.2745017
646 0.9081318
647 0.006639214
648 0.1649398
649 0.3025133
650 0.8008339
651 0.5558625
652 0.989545
653 0.7796195
654 0.3127966
655 0.04277741
656 0.2041315
657 0.5897884
658 0.5526739
659 0.8054995
660 0.1195049
661 0.7843806
662 0.379113
663 0.7847975
664 0.9069449
665 0.5534312
666 0.4839259
667 0.3337706
668 0.7476983
669 0.7767855
670 0.8441607
671 0.01171178
672 0.3313972
673 0.9580529
674 0.1266606
675 0.218441
676 0.0798552
677 0.9234603
678 0.4989922
679 0.4101836
680 0.4625504
681 0.3777249
682 0.5826872
683 0.9427753
684 0.7588081
685 0.08953014
686 0.3300258
687 0.04863475
688 0.4370008
689 0.2300832
690 0.9475022
691 0.6660655
692 0.005953839
693 0.7828868
694 0.9202847
695 0.2629474
696 0.03995115
697 0.5673754
698 0.4726031
699 0.07392247
700 0.55137
701 0.1831945
702 0.7444057
703 0.1704157
704 0.6456679
705 0.6261842
706 0.7362376
707 0.6762329
708 0.0988117
709 0.04816885
710 0.1862845
711 0.02845922
712 0.05223301
713 0.8117889
714 0.06106922
715 0.3419712
716 0.5474001
717 0.5587718
718 0.1629607
719 0.4501676
720 0.6945636
721 0.5556882
722 0.2162225
723 0.6645383
724 0.7244232
725 0.07866359
726 0.5218524
727 0.1965853
728 0.8251027
729 0.8337588
730 0.7510742
731 0.8067427
732 0.9848104
733 0.504091
734 0.8876903
735 0.7691064
736 0.321845
737 0.3873932
738 0.09485897
739 0.2392667
740 0.1684336
741 0.2153135
742 0.02128091
743 0.655868
744 0.6333225
745 0.8133042
746 0.8383727
747 0.2898342
748 0.7740734
749 0.285862
750 0.7765407
751 0.2053994
752 0.4538035
753 0.6699293
754 0.976247
755 0.8401777
756 0.4355877
757 0.1107016
758 0.02771044
759 0.7608432
760 0.9541328
761 0.8717893
762 0.3996787
763 0.6501561
764 0.7007621
765 0.003726782
766 0.2200721
767 0.5114612
768 0.8843758
769 0.50251
770 0.9870934
771 0.8153288
772 0.1373952
773 0.7996213
774 0.0621351
775 0.1123392
776 0.877451
777 0.7897608
778 0.5158994
779 0.7505999
780 0.7806587
781 0.2670488
782 0.9379878
783 0.1221508
784 0.02782596
785 0.7467764
786 0.271635
787 0.934849
788 0.1764409
789 0.6295853
790 0.4250872
791 0.8650173
792 0.5198981
793 0.3240987
794 0.04191203
795 0.4535343
796 0.009283879
797 0.7038683
798 0.3422116
799 0.4407622
800 0.3016891
801 0.6725006
802 0.05850636
803 0.7377541
804 0.4448311
805 0.6844143
806 0.8251487
807 0.387051
808 0.4667917
809 0.9086199
810 0.7034257
811 0.1964088
812 0.896437
813 0.7852638
814 0.289253
815 0.09920248
816 0.9441655
817 0.05350586
818 0.03341557
819 0.4717603
820 0.7911446
821 0.9396374
822 0.161058
823 0.6309841
824 0.8234309
825 0.02057578
826 0.4883976
827 0.7898622
828 0.1555086
829 0.6402311
830 0.07454175
831 0.1850181
832 0.5538206
833 0.7021466
834 0.8817335
835 0.5324136
836 0.7148942
837 0.5325649
838 0.6611121
839 0.3230701
840 0.0810732
841 0.003407606
842 0.6860723
843 0.9838429
844 0.973674
845 0.6472778
846 0.1111905
847 0.2078881
848 0.06297262
849 0.5947867
850 0.6846777
851 0.3433674
852 0.8571275
853 0.02966536
854 0.5822131
855 0.4611567
856 0.2594566
857 0.2764375
858 0.6503441
859 0.1247486
860 0.09284256
861 0.9191493
862 0.3559128
863 0.6385518
864 0.1325708
865 0.2236005
866 0.7609923
867 0.3050746
868 0.9995181
869 0.569245
870 0.7855552
871 0.3234726
872 0.5088718
873 0.9526806
874 0.6368287
875 0.001234032
876 0.5280976
877 0.402291
878 0.136633
879 0.656311
880 0.127054
881 0.09935056
882 0.4367612
883 0.9763422
884 0.1056029
885 0.7847657
886 0.9631041
887 0.1509299
888 0.9489603
889 0.4278663
890 0.3942065
891 0.9869285
892 0.8192344
893 0.9801541
894 0.7711131
895 0.1482375
896 0.4301193
897 0.6147857
898 0.4835648
899 0.8259103
900 0.1188365
901 0.4076769
902 0.07923854
903 0.9251058
904 0.9882036
905 0.2643798
906 0.02264357
907 0.2196357
908 0.4265644
909 0.5087031
910 0.6925781
911 0.5585931
912 0.6573811
913 0.2802741
914 0.03045868
915 0.8160258
916 0.3344583
917 0.2338628
918 0.8229205
919 0.4121017
920 0.6611523
921 0.175938
922 0.4975744
923 0.9263814
924 0.4392166
925 0.9016175
926 0.2972426
927 0.4314067
928 0.5974586
929 0.8317494
930 0.1637382
931 0.793015
932 0.4843734
933 0.6050852
934 0.6374101
935 0.01725124
936 0.6029547
937 0.8311283
938 0.7281091
939 0.6441027
940 0.565857
941 0.04893719
942 0.04010114
943 0.1781653
944 0.6508796
945 0.3059349
946 0.3991718
947 0.3958254
948 0.3017773
949 0.8645483
950 0.8738038
951 0.5871972
952 0.2016078
953 0.6886417
954 0.9131274
955 0.7848951
956 0.9495206
957 0.9129066
958 0.1778043
959 0.2870771
960 0.4416229
961 0.1194534
962 0.2009409
963 0.3522688
964 0.3203717
965 0.07818324
966 0.4567133
967 0.5215347
968 0.1532744
969 0.7758235
970 0.1150751
971 0.03502569
972 0.1466342
973 0.7596851
974 0.4713577
975 0.4346157
976 0.6311947
977 0.5070728
978 0.6257843
979 0.9907372
980 0.2762084
981 0.635643
982 0.3497707
983 0.09195676
984 0.4154979
985 0.2117135
986 0.7655055
987 0.4935674
988 0.2921494
989 0.6929164
990 0.4775148
991 0.2289431
992 0.07659626
993 0.3421295
994 0.09126334
995 0.176732
996 0.115262
997 0.1918735
998 0.7416463
999 0.5030052
1000 0.9856068
1001 0.003282533
1002 0.4961355
1003 0.5661301
1004 0.4166687
1005 0.5758762
1006 0.3003995
1007 0.8605934
1008 0.3134114
1009 0.8202271
1010 0.5454748
1011 0.3889422
1012 0.6896723
1013 0.4087262
1014 0.6769148
1015 0.3467937
1016 0.4772045
1017 0.4979378
1018 0.7727279
1019 0.2587629
1020 0.4880486
1021 0.6763652
1022 0.7432784
1023 0.7020743
1024 0.6990624
1025 0.05660832
1026 0.2738968
1027 0.246877
1028 0.5288915
1029 0.2404797
1030 0.623843
1031 0.3135546
1032 0.02986488
1033 0.04567076
1034 0.2422279
1035 0.6999762
1036 0.5122539
1037 0.6776204
1038 0.02785908
1039 0.4037688
1040 0.6554792
1041 0.8972592
1042 0.9776113
1043 0.764199
1044 0.08353171
1045 0.5065091
1046 0.07975802
1047 0.2857078
1048 0.5656306
1049 0.1397484
1050 0.3209805
1051 0.4911682
1052 0.7982703
1053 0.1167952
1054 0.2287816
1055 0.2459544
1056 0.463315
1057 0.1247578
1058 0.03648939
1059 0.5014326
1060 0.3641516
1061 0.7965047
1062 0.5947093
1063 0.8390656
1064 0.9174858
1065 0.5235983
1066 0.1928776
1067 0.03813815
1068 0.277371
1069 0.7216956
1070 0.5733987
1071 0.6520775
1072 0.06745942
1073 0.1100286
1074 0.7026472
1075 0.5901764
1076 0.6628991
1077 0.8843515
1078 0.7260944
1079 0.5871903
1080 0.7773413
1081 0.02336603
1082 0.1719335
1083 0.2807256
1084 0.8072858
1085 0.1778004
1086 0.4704782
1087 0.9348848
1088 0.5563631
1089 0.5699319
1090 0.9557553
1091 0.00010479
1092 0.004172584
1093 0.9735771
1094 0.4187092
1095 0.7441907
1096 0.2360181
1097 0.1096301
1098 0.7288732
1099 0.1309572
1100 0.05404236
1101 0.7066204
1102 0.00168973
1103 0.6917775
1104 0.4773938
1105 0.6103164
1106 0.4156275
1107 0.5629572
1108 0.3295842
1109 0.01820662
1110 0.492108
1111 0.9388628
1112 0.8815114
1113 0.01216624
1114 0.1401862
1115 0.08635066
1116 0.04805287
1117 0.003263993
1118 0.5409042
1119 0.2507115
1120 0.4228941
1121 0.5331022
1122 0.8711459
1123 0.4716237
1124 0.5089428
1125 0.5356733
1126 0.8914595
1127 0.08166014
1128 0.01424903
1129 0.04410015
1130 0.00396892
1131 0.9246375
1132 0.09111946
1133 0.5931795
1134 0.2092835
1135 0.6726602
1136 0.7794825
1137 0.9316767
1138 0.6888105
1139 0.01317305
1140 0.7361601
1141 0.9373417
1142 0.3099844
1143 0.2845537
1144 0.04860207
1145 0.2131446
1146 0.1917223
1147 0.4687612
1148 0.9129491
1149 0.6600132
1150 0.6933645
1151 0.03941992
1152 0.3997754
1153 0.6569086
1154 0.3246887
1155 0.2089623
1156 0.739545
1157 0.6382223
1158 0.0155603
1159 0.406863
1160 0.2748587
1161 0.1938092
1162 0.7111646
1163 0.7855766
1164 0.7276259
1165 0.000741536
1166 0.7495205
1167 0.02998574
1168 0.6207251
1169 0.1016309
1170 0.5908979
1171 0.6231934
1172 0.09765544
1173 0.2901979
1174 0.428748
1175 0.5466248
1176 0.2750897
1177 0.5546742
1178 0.7322937
1179 0.3590359
1180 0.6107172
1181 0.4379423
1182 0.1367774
1183 0.04315607
1184 0.07562086
1185 0.9722128
1186 0.6145593
1187 0.169862
1188 0.8869993
1189 0.4437437
1190 0.374668
1191 0.1441742
1192 0.8296879
1193 0.732319
1194 0.3478461
1195 0.1835995
1196 0.6098375
1197 0.8994036
1198 0.3437885
1199 0.7193596
1200 0.09258467
1201 0.8929892
1202 0.07125348
1203 0.4801924
1204 0.8637621
1205 0.2273078
1206 0.3059155
1207 0.001108882
1208 0.6913929
1209 0.5080959
1210 0.6928122
1211 0.7090482
1212 0.08995127
1213 0.06264193
1214 0.1787263
1215 0.1554695
1216 0.7448867
1217 8.454763e-05
1218 0.04445883
1219 0.5363259
1220 0.4903026
1221 0.7535964
1222 0.582627
1223 0.2448996
1224 0.0131251
1225 0.4446873
1226 0.3483488
1227 0.9428011
1228 0.6042565
1229 0.804898
1230 0.1766976
1231 0.3002846
1232 0.5355045
1233 0.03747077
1234 0.5823661
1235 0.9084875
1236 0.8767544
1237 0.4367772
1238 0.4824975
1239 0.9915443
1240 0.7809877
1241 0.2513935
1242 0.7245003
1243 0.8562556
1244 0.1905302
1245 0.5391503
1246 0.9762478
1247 0.09129518
1248 0.0864775
1249 0.9056192
1250 0.1796708
1251 0.2710204
1252 0.6281283
1253 0.5653246
1254 0.04201425
1255 0.2610752
1256 0.5614647
1257 0.6653347
1258 0.8963218
1259 0.2487681
1260 0.2130749
1261 0.5078118
1262 0.1415519
1263 0.6029542
1264 0.6135587
1265 0.8135012
1266 0.206204
1267 0.789005
1268 0.5471465
1269 0.1622782
1270 0.5837451
1271 0.1235934
1272 0.4818802
1273 0.4879126
1274 0.1864338
1275 0.001924303
1276 0.05405993
1277 0.4273176
1278 0.2633937
1279 0.840026
1280 0.01818404
1281 0.08104839
1282 0.9544433
1283 0.2740407
1284 0.6686615
1285 0.1323613
1286 0.6660116
1287 0.2086801
1288 0.7323552
1289 0.889272
1290 0.09306285
1291 0.522173
1292 0.6453285
1293 0.6604556
1294 0.56305
1295 0.2506667
1296 0.2993281
1297 0.2918016
1298 0.02814784
1299 0.2628079
1300 0.2776036
1301 0.7303393
1302 0.09714374
1303 0.1374135
1304 0.5464583
1305 0.6315572
1306 0.07499054
1307 0.9138695
1308 0.07154019
1309 0.4220157
1310 0.1268112
1311 0.9452327
1312 0.1911437
1313 0.9377492
1314 0.7627655
1315 0.879073
1316 0.3124115
1317 0.9793232
1318 0.8200044
1319 0.4293735
1320 0.6166276
1321 0.8074638
1322 0.3532581
1323 0.9150022
1324 0.848852
1325 0.06246805
1326 0.5363671
1327 0.460376
1328 0.3788406
1329 0.8229874
1330 0.7283557
1331 0.8884106
1332 0.1495183
1333 0.2662587
1334 0.647167
1335 0.9374004
1336 0.7414221
1337 0.8315178
1338 0.7851113
1339 0.1403107
1340 0.6365012
1341 0.5088662
1342 0.06076853
1343 0.2037203
1344 0.9573754
1345 0.02462535
1346 0.1341225
1347 0.9731934
1348 0.1027124
1349 0.8636506
1350 0.05932939
1351 0.9090503
1352 0.1098034
1353 0.3190051
1354 0.2949989
1355 0.6333469
1356 0.02245706
1357 0.1087043
1358 0.5038202
1359 0.1117439
1360 0.2309464
1361 0.6445511
1362 0.08059942
1363 0.8054058
1364 0.2413865
1365 0.06527169
1366 0.9478083
1367 0.5200579
1368 0.8410943
1369 0.1815763
1370 0.7649017
1371 0.8040744
1372 0.403403
1373 0.3857614
1374 0.5380632
1375 0.5425136
1376 0.7337994
1377 0.4969656
1378 0.5581914
1379 0.4058553
1380 0.7424452
1381 0.9395685
1382 0.9456159
1383 0.9397116
1384 0.1626653
1385 0.09022947
1386 0.029838
1387 0.9808946
1388 0.6025581
1389 0.08162528
1390 0.743308
1391 0.5880048
1392 0.2346254
1393 0.8378291
1394 0.07462154
1395 0.4339456
1396 0.8356145
1397 0.600756
1398 0.1353266
1399 0.7601401
1400 0.6324271
1401 0.3517106
1402 0.4215271
1403 0.8198492
1404 0.4074474
1405 0.03729091
1406 0.2380529
1407 0.008699152
1408 0.08840388
1409 0.3583101
1410 0.6585291
1411 0.1964028
1412 0.5221005
1413 0.1940379
1414 0.9665484
1415 0.4650667
1416 0.4693211
1417 0.09091402
1418 0.321763
1419 0.8029424
1420 0.801558
1421 0.2180879
1422 0.6324479
1423 0.6035712
1424 0.6164417
1425 0.8070482
1426 0.8933567
1427 0.6311031
1428 0.007115291
1429 0.6422314
1430 0.290295
1431 0.001688242
1432 0.1309361
1433 0.458622
1434 0.7659883
1435 0.3232265
1436 0.07171203
1437 0.005454918
1438 0.02061569
1439 0.7505593
1440 0.4812512
1441 0.6853225
1442 0.9875112
1443 0.708793
1444 0.8391132
1445 0.9514359
1446 0.1921207
1447 0.9583381
1448 0.6819705
1449 0.1534462
1450 0.171374
1451 0.09496867
1452 0.193069
1453 0.2338573
1454 0.08131625
1455 0.2437982
1456 0.7590709
1457 0.3728279
1458 0.05935361
1459 0.9809449
1460 0.01208472
1461 0.5720446
1462 0.2678335
1463 0.505831
1464 0.1197216
1465 0.09038469
1466 0.9007944
1467 0.6525061
1468 0.3898043
1469 0.7840427
1470 0.0499492
1471 0.2004536
1472 0.2396604
1473 0.1740733
1474 0.006110451
1475 0.7137813
1476 0.4061324
1477 0.9462733
1478 0.2514702
1479 0.1355224
1480 0.8287475
1481 0.3545994
1482 0.2932481
1483 0.2578076
1484 0.01466408
1485 0.3705287
1486 0.3843209
1487 0.6787997
1488 0.9298912
1489 0.1174456
1490 0.5236869
1491 0.3871418
1492 0.6029285
1493 0.3697152
1494 0.6125558
1495 0.6038167
1496 0.4801285
1497 0.352074
1498 0.1282325
1499 0.2361399
1500 0.06655135
1501 0.73786
1502 0.4528439
1503 0.1184532
1504 0.4555787
1505 0.7460085
1506 0.173132
1507 0.9125952
1508 0.03578601
1509 0.841846
1510 0.02506433
1511 0.0002130838
1512 0.1193379
1513 0.7935819
1514 0.8069666
1515 0.7079273
1516 0.3491122
1517 0.03488691
1518 0.8228038
1519 0.14871
1520 0.002079932
1521 0.06303801
1522 0.6607865
1523 0.02291802
1524 0.7513063
1525 0.8575912
1526 0.08227719
1527 0.1180326
1528 0.3892659
1529 0.07719522
1530 0.136594
1531 0.5501086
1532 0.1964179
1533 0.2304906
1534 0.313688
1535 0.2915237
1536 0.03141676
1537 0.8395327
1538 0.3258512
1539 0.3918811
1540 0.04531033
1541 0.7590572
1542 0.7936792
1543 0.5105903
1544 0.6456092
1545 0.5379884
1546 0.5247983
1547 0.08411901
1548 0.820432
1549 0.9123305
1550 0.3223764
1551 0.8186512
1552 0.2339258
1553 0.2442955
1554 0.4934746
1555 0.6758109
1556 0.5948931
1557 0.05233428
1558 0.763104
1559 0.8842403
1560 0.623324
1561 0.3621496
1562 0.5918887
1563 0.4667427
1564 0.2314237
1565 0.651684
1566 0.1256803
1567 0.5589478
1568 0.1696907
1569 0.8067045
1570 0.1543839
1571 0.4851437
1572 0.004538632
1573 0.3676466
1574 0.5978873
1575 0.1589519
1576 0.7443325
1577 0.05900658
1578 0.4096981
1579 0.927211
1580 0.3784649
1581 0.4987947
1582 0.5643278
1583 0.5342833
1584 0.009284116
1585 0.5695308
1586 0.1344304
1587 0.02430037
1588 0.09965047
1589 0.1029914
1590 0.05131494
1591 0.9464786
1592 0.7985009
1593 0.2321684
1594 0.5032315
1595 0.1572455
1596 0.2781021
1597 0.1192753
1598 0.8532754
1599 0.3643103
1600 0.6627425
1601 0.3562297
1602 0.5740788
1603 0.3510482
1604 0.8803075
1605 0.7369611
1606 0.1129899
1607 0.103856
1608 0.1310063
1609 0.6055543
1610 0.2292544
1611 0.9436514
1612 0.2811908
1613 0.2117417
1614 0.3077504
1615 0.5336281
1616 0.03594574
1617 0.5486872
1618 0.8517485
1619 0.618701
1620 0.5462942
1621 0.2177259
1622 0.2269338
1623 0.2924351
1624 0.6752444
1625 0.1756398
1626 0.9333762
1627 0.6681179
1628 0.8665646
1629 0.445582
1630 0.558941
1631 0.3436773
1632 0.9805769
1633 0.4000253
1634 0.6451251
1635 0.2909529
1636 0.4486833
1637 0.7760674
1638 0.3716432
1639 0.1637199
1640 0.2334486
1641 0.8438652
1642 0.7016945
1643 0.1606073
1644 0.1251317
1645 0.3231466
1646 0.8218558
1647 0.5361654
1648 0.6616643
1649 0.6371348
1650 0.09819455
1651 0.1382477
1652 0.2929048
1653 0.4892753
1654 0.1865104
1655 0.9915102
1656 0.0259586
1657 0.4050197
1658 0.1498948
1659 0.05320527
1660 0.006580496
1661 0.01392425
1662 0.1599146
1663 0.8026565
1664 0.6960426
1665 0.3528265
1666 0.2685235
1667 0.5644928
1668 0.2005464
1669 0.03323471
1670 0.8086499
1671 0.8434379
1672 0.8689082
1673 0.4754941
1674 0.01394135
1675 0.6677315
1676 0.2465059
1677 0.4391286
1678 0.07483954
1679 0.2882053
1680 0.4010612
1681 0.02711033
1682 0.03496649
1683 0.5424889
1684 0.3103543
1685 0.3616979
1686 0.02888992
1687 0.159435
1688 0.3570139
1689 0.702131
1690 0.2662206
1691 0.1016498
1692 0.3480524
1693 0.3527705
1694 0.2456902
1695 0.5578454
1696 0.5149528
1697 0.06632377
1698 0.9574785
1699 0.1190052
1700 0.6730423
1701 0.02460385
1702 0.9300667
1703 0.2217261
1704 0.2666839
1705 0.9198739
1706 0.193376
1707 0.03093038
1708 0.04497879
1709 0.829415
1710 0.4218005
1711 0.6510696
1712 0.3672317
1713 0.1546922
1714 0.0142702
1715 0.3551247
1716 0.8304555
1717 0.008567149
1718 0.5506665
1719 0.7837083
1720 0.9427951
1721 0.782752
1722 0.05996647
1723 0.9646135
1724 0.7211468
1725 0.1490968
1726 0.6090776
1727 0.0769096
1728 0.1462527
1729 0.8214065
1730 0.211025
1731 0.870144
1732 0.2196157
1733 0.06592474
1734 0.618997
1735 0.1075178
1736 0.1893974
1737 0.006512823
1738 0.6135134
1739 0.8375479
1740 0.2234938
1741 0.4102804
1742 0.5043447
1743 0.06831593
1744 0.7001697
1745 0.1552792
1746 0.8867106
1747 0.4894243
1748 0.789194
1749 0.6076974
1750 0.794924
1751 0.5526464
1752 0.2878813
1753 0.2235201
1754 0.02542753
1755 0.3983367
1756 0.734449
1757 0.02278781
1758 0.7451605
1759 0.7938151
1760 0.7651065
1761 0.2397526
1762 0.9241704
1763 0.2714191
1764 0.9257201
1765 0.126307
1766 0.8400761
1767 0.1683537
1768 0.985158
1769 0.6558598
1770 0.6851275
1771 0.0526485
1772 0.1280936
1773 0.9270471
1774 0.7918023
1775 0.2855762
1776 0.3031703
1777 0.04614001
1778 0.5604334
1779 0.06260211
1780 0.3301279
1781 0.5069104
1782 0.9065236
1783 0.1939859
1784 0.2373793
1785 0.6978728
1786 0.06562651
1787 0.04979519
1788 0.201403
1789 0.2358938
1790 0.2903233
1791 0.2434969
1792 0.06051901
1793 0.004832
1794 0.2357806
1795 0.04662029
1796 0.1719425
1797 0.6421976
1798 0.6946048
1799 0.8951554
1800 0.01705604
1801 0.4117206
1802 0.4595994
1803 0.08874171
1804 0.1007688
1805 0.5171904
1806 0.1786545
1807 0.0527061
1808 0.4882594
1809 0.7796349
1810 0.4187635
1811 0.1143387
1812 0.4606022
1813 0.4411015
1814 0.306615
1815 0.03879702
1816 0.4737531
1817 0.1010201
1818 0.8433598
1819 0.08076749
1820 0.723917
1821 0.9534961
1822 0.127228
1823 0.07944058
1824 0.1405408
1825 0.7424873
1826 0.6450075
1827 0.647509
1828 0.178426
1829 0.1743142
1830 0.2058955
1831 0.0005672614
1832 0.1822237
1833 0.8467017
1834 0.9057068
1835 0.04398536
1836 0.8675539
1837 0.1927314
1838 0.4039947
1839 0.8594043
1840 0.0899895
1841 0.4840129
1842 0.400134
1843 0.7876412
1844 0.2868715
1845 0.229462
1846 0.2892686
1847 0.8913269
1848 0.5464789
1849 0.888709
1850 0.4760858
1851 0.6095184
1852 0.6274187
1853 0.8998771
1854 0.5319106
1855 0.7869794
1856 0.7968926
1857 0.4974858
1858 0.1116682
1859 0.6556473
1860 0.4173947
1861 0.836025
1862 0.3927213
1863 0.1816468
1864 0.3137695
1865 0.4152998
1866 0.0219061
1867 0.2719791
1868 0.7652294
1869 0.9923907
1870 0.9065232
1871 0.8561412
1872 0.790787
1873 0.8949487
1874 0.02423498
1875 0.1396242
1876 0.6791176
1877 0.526394
1878 0.04208214
1879 0.08402586
1880 0.2321849
1881 0.3364616
1882 0.2872355
1883 0.8448091
1884 0.9174516
1885 0.3305802
1886 0.3924302
1887 0.9761236
1888 0.612514
1889 0.5169912
1890 0.3107917
1891 0.3964752
1892 0.05639523
1893 0.9576303
1894 0.7545598
1895 0.3058168
1896 0.03479363
1897 0.6016607
1898 0.0745153
1899 0.8575375
1900 0.1629904
1901 0.005324868
1902 0.01756493
1903 0.3586307
1904 0.4166559
1905 0.9730704
1906 0.9935932
1907 0.5041374
1908 0.4950409
1909 0.005317922
1910 0.9604532
1911 0.4972987
1912 0.619045
1913 0.2990759
1914 0.1766805
1915 0.8492021
1916 0.4602794
1917 0.1891452
1918 0.3791856
1919 0.4998701
1920 0.622045
1921 0.5318576
1922 0.2628224
1923 0.06981887
1924 0.6813915
1925 0.8498572
1926 0.1897049
1927 0.1894004
1928 0.1191131
1929 0.7513773
1930 0.5874663
1931 0.4274617
1932 0.04796293
1933 0.5727778
1934 0.2821893
1935 0.2170968
1936 0.6491178
1937 0.01820474
1938 0.3691281
1939 0.2698683
1940 0.004047586
1941 0.7463373
1942 0.2434088
1943 0.2339731
1944 0.7108927
1945 0.7422116
1946 0.5222926
1947 0.1359039
1948 0.172958
1949 0.7995353
1950 0.2845232
1951 0.001058842
1952 0.4524439
1953 0.4607865
1954 0.5775507
1955 0.1210876
1956 0.9929522
1957 0.4451663
1958 0.7482002
1959 0.4172683
1960 0.4444382
1961 0.5648828
1962 0.4101449
1963 0.4176492
1964 0.284814
1965 0.03929241
1966 0.04976404
1967 0.03337893
1968 0.3717588
1969 0.2171981
1970 0.202931
1971 0.6638236
1972 0.4000052
1973 0.9926186
1974 0.8889482
1975 0.241214
1976 0.04159643
1977 0.3715126
1978 0.09919555
1979 0.09914577
1980 0.3440485
1981 0.4633898
1982 0.01654699
1983 0.424365
1984 0.7650171
1985 0.8185259
1986 0.2249403
1987 0.5580863
1988 0.272063
1989 0.3072365
1990 0.9787188
1991 0.9058631
1992 0.1987334
1993 0.1985812
1994 0.9544684
1995 0.6539949
1996 0.03438329
1997 0.1200497
1998 0.644062
1999 0.5992918
2000 0.3656665
2001 0.279665
2002 0.6939868
2003 0.5221371
2004 0.8561456
2005 0.4904267
2006 0.1516699
2007 0.1498423
2008 0.8305914
2009 0.3179665
2010 0.494926
2011 0.9625425
2012 0.03972717
2013 0.1132431
2014 0.9451803
2015 0.8712264
2016 0.5946325
2017 0.4948708
2018 0.4371051
2019 0.2960284
2020 0.9121019
2021 0.4838785
2022 0.8244667
2023 0.2967773
2024 0.1887944
2025 0.842402
2026 0.902647
2027 0.1897086
2028 0.5201656
2029 0.1426645
2030 0.9217611
2031 0.4681505
2032 0.2488347
2033 0.6780336
2034 0.09021522
2035 0.04885133
2036 0.2132352
2037 0.7863334
2038 0.9168723
2039 0.6165821
2040 0.4828468
2041 0.4315134
2042 0.09676997
2043 0.1502125
2044 0.2182597
2045 0.4981787
2046 0.0370601
2047 0.2440199
2048 0.05231429
2049 0.2938899
2050 0.06324746
2051 0.2718559
2052 0.2061604
2053 0.4725911
2054 0.1656544
2055 0.2585755
2056 0.05429403
2057 0.3432753
2058 0.992477
2059 0.01632175
2060 0.6496092
2061 0.2274431
2062 0.8481415
2063 0.5676757
2064 0.6251388
2065 0.04326764
2066 0.972773
2067 0.5672485
2068 0.5021703
2069 0.9502491
2070 0.1531532
2071 0.9598292
2072 0.0006638414
2073 0.9570926
2074 0.2106512
2075 0.4553918
2076 0.5798334
2077 0.5918031
2078 0.7279816
2079 0.5561697
2080 0.8919605
2081 0.2623129
2082 0.1124091
2083 0.1164252
2084 0.4844651
2085 0.1849145
2086 0.6325007
2087 0.047843
2088 0.1267388
2089 0.4040043
2090 0.6256099
2091 0.2295597
2092 0.02234647
2093 0.05166964
2094 0.1494992
2095 0.3490716
2096 0.6603442
2097 0.956007
2098 0.522349
2099 0.01688562
2100 0.3992795
2101 0.7533991
2102 0.8716689
2103 0.6681295
2104 0.4776226
2105 0.04011605
2106 0.5474992
2107 0.6868241
2108 0.1561961
2109 0.03566287
2110 0.2139154
2111 0.7581735
2112 0.3649613
2113 0.3074872
2114 0.5149336
2115 0.8987932
2116 0.2099935
2117 0.6259593
2118 0.8639585
2119 0.3615622
2120 0.1003607
2121 0.739118
2122 0.5008456
2123 0.647863
2124 0.6535834
2125 0.02919119
2126 0.3817836
2127 0.02802594
2128 0.834401
2129 0.313526
2130 0.6136945
2131 0.04727794
2132 0.0358889
2133 0.806594
2134 0.857453
2135 0.07632046
2136 0.05334907
2137 0.6714883
2138 0.8245766
2139 0.03638102
2140 0.9403241
2141 0.06831481
2142 0.959884
2143 0.5860932
2144 0.6811246
2145 0.1022817
2146 0.001212813
2147 0.4893848
2148 0.8186875
2149 0.5673356
2150 0.5069545
2151 0.466118
2152 0.9897053
2153 0.9912762
2154 0.2176606
2155 0.408352
2156 0.183072
2157 0.1908817
2158 0.6335629
2159 0.9436275
2160 0.3555589
2161 0.2094569
2162 0.6153662
2163 0.3151203
2164 0.1916936
2165 0.1726921
2166 0.4358292
2167 0.7163096
2168 0.2700203
2169 0.8534188
2170 0.7193371
2171 0.8889386
2172 0.01085639
2173 0.3753223
2174 0.05285424
2175 0.771965
2176 0.141828
2177 0.4008
2178 0.2248096
2179 0.3069757
2180 0.1731944
2181 0.855176
2182 0.02158544
2183 0.737188
2184 0.9158862
2185 0.9252954
2186 0.8403875
2187 0.3309393
2188 0.1886529
2189 0.7290743
2190 0.04116693
2191 0.2862811
2192 0.1197629
2193 0.02287123
2194 0.2943886
2195 0.98479
2196 0.2248418
2197 0.4711132
2198 0.4851431
2199 0.5175941
2200 0.5869841
2201 0.8922974
2202 0.01754885
2203 0.06785531
2204 0.001346314
2205 0.3246299
2206 0.05436029
2207 0.8395279
2208 0.8696857
2209 0.6864108
2210 0.7196357
2211 0.596083
2212 0.5481119
2213 0.3891876
2214 0.9233957
2215 0.005036292
2216 0.1095732
2217 0.8416857
2218 0.9397635
2219 0.6970793
2220 0.05285931
2221 0.3338698
2222 0.7922858
2223 0.5145086
2224 0.7209706
2225 0.319105
2226 0.1708204
2227 0.2389219
2228 0.4443602
2229 0.6301339
2230 0.04161596
2231 0.2222937
2232 0.3539011
2233 0.7542594
2234 0.07091958
2235 0.1901861
2236 0.002286382
2237 0.9583623
2238 0.04920723
2239 0.4422443
2240 0.1317881
2241 0.1634557
2242 0.4742183
2243 0.2614083
2244 0.9598333
2245 0.7061591
2246 0.1873605
2247 0.08705049
2248 0.387081
2249 0.1969583
2250 0.1182785
2251 0.03817888
2252 0.3697999
2253 0.3552394
2254 0.6719921
2255 0.8750176
2256 0.8399278
2257 0.3996352
2258 0.001408217
2259 0.6450906
2260 0.1314106
2261 0.623171
2262 0.8219735
2263 0.572827
2264 0.2692081
2265 0.01945656
2266 0.4344476
2267 0.6882951
2268 0.05428682
2269 0.0458487
2270 0.47794
2271 0.94505
2272 0.1991496
2273 0.00850375
2274 0.8199907
2275 0.999495
2276 0.9406846
2277 0.8481931
2278 0.9866322
2279 0.4422942
2280 0.9549823
2281 0.4093074
2282 0.7573324
2283 0.1304211
2284 0.2945062
2285 0.8226119
2286 0.2756932
2287 0.2066319
2288 0.1734046
2289 0.2394547
2290 0.1003848
2291 0.6627662
2292 0.9597109
2293 0.6085177
2294 0.5716017
2295 0.3461481
2296 0.5569884
2297 0.6692975
2298 0.673542
2299 0.7834903
2300 0.06533301
2301 0.2774148
2302 0.428699
2303 0.7709726
2304 0.239946
2305 0.6613008
2306 0.9625084
2307 0.5380713
2308 0.6351099
2309 0.03423342
2310 0.7529619
2311 0.9037748
2312 0.8700513
2313 0.5342507
2314 0.09292998
2315 0.3420065
2316 0.3533816
2317 0.3271755
2318 0.2422213
2319 0.856355
2320 0.006085163
2321 0.9599457
2322 0.1339965
2323 0.6258033
2324 0.4360631
2325 0.06542307
2326 0.5290673
2327 0.1572079
2328 0.4946721
2329 0.05161308
2330 0.004629219
2331 0.6093824
2332 0.6945966
2333 0.9747739
2334 0.6922627
2335 0.08751972
2336 0.3859512
2337 0.6184611
2338 0.3733265
2339 0.513382
2340 0.2060288
2341 0.2540812
2342 0.4280082
2343 0.3532645
2344 0.4323699
2345 0.1078574
2346 0.1976864
2347 0.8648968
2348 0.2310208
2349 0.9768506
2350 0.008718596
2351 0.755477
2352 0.8674567
2353 0.2470592
2354 0.4861798
2355 0.8505293
2356 0.07723213
2357 0.8919118
2358 0.1230977
2359 0.09425514
2360 0.7162737
2361 0.9640271
2362 0.2084594
2363 0.1267513
2364 0.9097193
2365 0.8588929
2366 0.7947304
2367 0.4262862
2368 0.2503868
2369 0.0007483447
2370 0.5470964
2371 0.4821482
2372 0.3989874
2373 0.2813798
2374 0.6823588
2375 0.8547074
2376 0.008043379
2377 0.5631069
2378 0.147145
2379 0.2684574
2380 0.830147
2381 0.3654366
2382 0.6761104
2383 0.3113247
2384 0.04687747
2385 0.2581865
2386 0.1629256
2387 0.3850333
2388 0.1510093
2389 0.7857677
2390 0.6470583
2391 0.1661353
2392 0.03865605
2393 0.5304425
2394 0.7582042
2395 0.03964591
2396 0.9831178
2397 0.02421815
2398 0.8945762
2399 0.2531757
2400 0.2882311
2401 0.4436676
2402 0.5384858
2403 0.07113415
2404 0.4734548
2405 0.8347114
2406 0.6798183
2407 0.04433359
2408 0.4413062
2409 0.841234
2410 0.1726404
2411 0.2408551
2412 0.5639942
2413 0.7700171
2414 0.2683239
2415 0.007633518
2416 0.4043209
2417 0.7981255
2418 0.9428743
2419 0.05224306
2420 0.1879918
2421 0.9315294
2422 0.2400139
2423 0.687834
2424 0.2338486
2425 0.6174124
2426 0.1021916
2427 0.2393094
2428 0.6754014
2429 0.6891977
2430 0.03150972
2431 0.4667453
2432 0.1486633
2433 0.6227487
2434 0.7368982
2435 0.0578313
2436 0.7053415
2437 0.3564815
2438 0.3187404
2439 0.2861137
2440 0.691347
2441 0.003393973
2442 0.3371123
2443 0.8159815
2444 0.8577906
2445 0.03395018
2446 0.1875173
2447 0.07655886
2448 0.9032094
2449 0.03742647
2450 0.5489616
2451 0.3289802
2452 0.5951312
2453 0.2991135
2454 0.9272089
2455 0.4218901
2456 0.4214472
2457 0.6332732
2458 0.8221618
2459 0.1901181
2460 0.5107716
2461 0.2542143
2462 0.3594022
2463 0.2965613
2464 0.7486193
2465 0.5938128
2466 0.9716262
2467 0.06271953
2468 0.4599386
2469 0.06205613
2470 0.3054846
2471 0.1742297
2472 0.9380354
2473 0.4517749
2474 0.2845103
2475 0.877141
2476 0.8513829
2477 0.3330053
2478 0.1545284
2479 0.5450755
2480 0.7640229
2481 0.8695881
2482 0.3447625
2483 0.4818599
2484 0.003904437
2485 0.21373
2486 0.2969053
2487 0.9984058
2488 0.9356647
2489 0.5842444
2490 0.6751844
2491 0.8330232
2492 0.7469323
2493 0.9540896
2494 0.8085855
2495 0.3395672
2496 0.4764196
2497 0.1339958
2498 0.3487993
2499 0.1670563
2500 0.06778354
2501 0.4496248
2502 0.5541824
2503 0.3615677
2504 0.6046334
2505 0.2411524
2506 0.1036182
2507 0.8384063
2508 0.8915881
2509 0.5363086
2510 0.03170818
2511 0.8268068
2512 0.03410202
2513 0.7742569
2514 0.6977357
2515 0.2276086
2516 0.7049961
2517 0.1755728
2518 0.8835
2519 0.9138528
2520 0.9238982
2521 0.3719874
2522 0.6144754
2523 0.073744
2524 0.01644619
2525 0.547866
2526 0.04144388
2527 0.6933742
2528 0.001358231
2529 0.2661202
2530 0.3311704
2531 0.4129895
2532 0.07742713
2533 0.6214529
2534 0.03229656
2535 0.8318607
2536 0.9885235
2537 0.3754645
2538 0.4347992
2539 0.3101633
2540 0.09725645
2541 0.6237521
2542 0.7927381
2543 0.7437329
2544 0.3287301
2545 0.1958875
2546 0.4355141
2547 0.5808022
2548 0.9205053
2549 0.3863406
2550 0.3000056
2551 0.8508141
2552 0.8441482
2553 0.6393251
2554 0.1235465
2555 0.5871758
2556 0.877653
2557 0.7313393
2558 0.6553795
2559 0.7521157
2560 0.845795
2561 0.8729786
2562 0.1620199
2563 0.9743533
2564 0.522638
2565 0.1525686
2566 0.3242667
2567 0.5711844
2568 0.336712
2569 0.2175693
2570 0.5799829
2571 0.6269099
2572 0.8670453
2573 0.2961272
2574 0.8047051
2575 0.1491971
2576 0.8439166
2577 0.7844682
2578 0.02650546
2579 0.5551471
2580 0.1169928
2581 0.9438838
2582 0.2424125
2583 0.742277
2584 0.5017297
2585 0.9570059
2586 0.1072179
2587 0.5205534
2588 0.3574806
2589 0.516224
2590 0.7493228
2591 0.3722185
2592 0.2112069
2593 0.3142412
2594 0.1944445
2595 0.7891858
2596 0.1697123
2597 0.6285898
2598 0.0430034
2599 0.04357734
2600 0.5765607
2601 0.6954301
2602 0.8911408
2603 0.8354125
2604 0.7878392
2605 0.7205686
2606 0.5218464
2607 0.7640538
2608 0.244169
2609 0.96586
2610 0.4224151
2611 0.1563149
2612 0.6953095
2613 0.5219119
2614 0.7484597
2615 0.806291
2616 0.86211
2617 0.3954576
2618 0.9541159
2619 0.1535642
2620 0.5155166
2621 0.7067716
2622 0.2989964
2623 0.2322449
2624 0.9281468
2625 0.0871836
2626 0.003389931
2627 0.2849472
2628 0.7946042
2629 0.09208369
2630 0.4133957
2631 0.6267985
2632 0.594552
2633 0.9680281
2634 0.4673876
2635 0.8491035
2636 0.114693
2637 0.408333
2638 0.4813338
2639 0.9693217
2640 0.5279275
2641 0.4850955
2642 0.9988969
2643 0.2566468
2644 0.9907765
2645 0.7480438
2646 0.3434331
2647 0.5167411
2648 0.6716581
2649 0.7370568
2650 0.3165155
2651 0.7268247
2652 0.2320955
2653 0.6115567
2654 0.7817484
2655 0.4925571
2656 0.3177181
2657 0.2894655
2658 0.9885418
2659 0.01825576
2660 0.9999244
2661 0.03947724
2662 0.4711746
2663 0.2218059
2664 0.0692134
2665 0.27895
2666 0.1787184
2667 0.4770014
2668 0.9681806
2669 0.6414649
2670 0.9287476
2671 0.378963
2672 0.9412348
2673 0.1329259
2674 0.3561598
2675 0.01202909
2676 0.880589
2677 0.6200582
2678 0.7133567
2679 0.5945023
2680 0.09288292
2681 0.9303626
2682 0.8128251
2683 0.9302113
2684 0.1402818
2685 0.1670783
2686 0.1371947
2687 0.7792918
2688 0.8881718
2689 0.25189
2690 0.4483297
2691 0.06125779
2692 0.5309563
2693 0.2211897
2694 0.02508393
2695 0.6585634
2696 0.5444834
2697 0.7289864
2698 0.5251289
2699 0.9300048
2700 0.3133395
2701 0.7418543
2702 0.7816084
2703 0.4616433
2704 0.4092571
2705 0.6542099
2706 0.7287263
2707 0.5127273
2708 0.3742193
2709 0.3792694
2710 0.397626
2711 0.1380061
2712 0.3092843
2713 0.6055948
2714 0.118898
2715 0.09625258
2716 0.8591777
2717 0.3915968
2718 0.196817
2719 0.6527635
2720 0.4722869
2721 0.1119333
2722 0.2202205
2723 0.4445705
2724 0.1081222
2725 0.6677163
2726 0.3536273
2727 0.2871077
2728 0.3832296
2729 0.9533718
2730 0.761658
2731 0.07564936
2732 0.5374874
2733 0.305621
2734 0.1857281
2735 0.1137875
2736 0.2697156
2737 0.6013428
2738 0.2735004
2739 0.8436628
2740 0.4025338
2741 0.5948929
2742 0.1756195
2743 0.1603444
2744 0.5833079
2745 0.1571674
2746 0.2760146
2747 0.07781042
2748 0.832661
2749 0.2961739
2750 0.4901754
2751 0.08134045
2752 0.07106616
2753 0.4915003
2754 0.6690248
2755 0.602172
2756 0.03538795
2757 0.1126003
2758 0.8582451
2759 0.4013789
2760 0.4987095
2761 0.02545908
2762 0.665131
2763 0.9483958
2764 0.7661163
2765 0.1358549
2766 0.2295371
2767 0.27342
2768 0.7238884
2769 0.4089859
2770 0.7842104
2771 0.01555239
2772 0.6727157
2773 0.4041301
2774 0.3724217
2775 0.7441684
2776 0.192982
2777 0.1242139
2778 0.6579243
2779 0.05104231
2780 0.5188697
2781 0.9436422
2782 0.9160838
2783 0.6745714
2784 0.1575442
2785 0.8764901
2786 0.01236157
2787 0.6198335
2788 0.4017201
2789 0.7239828
2790 0.05238937
2791 0.5823567
2792 0.3533889
2793 0.006153009
2794 0.139923
2795 0.9284778
2796 0.5332853
2797 0.4977513
2798 0.3395633
2799 0.703883
2800 0.2907137
2801 0.5737412
2802 0.2038664
2803 0.5439598
2804 0.04412092
2805 0.1149374
2806 0.2665864
2807 0.0377515
2808 0.7766529
2809 0.05769458
2810 0.7234932
2811 0.3011567
2812 0.04913159
2813 0.08917621
2814 0.6422614
2815 0.3634692
2816 0.09712289
2817 0.3858057
2818 0.352002
2819 0.1966649
2820 0.4073981
2821 0.4134022
2822 0.2121549
2823 0.1611535
2824 0.1720043
2825 0.2761616
2826 0.6934476
2827 0.2209392
2828 0.03841076
2829 0.4395954
2830 0.08048351
2831 0.0968211
2832 0.1655938
2833 0.6560172
2834 0.2492229
2835 0.3908223
2836 0.37948
2837 0.08538164
2838 0.1376528
2839 0.1053843
2840 0.9936685
2841 0.02743837
2842 0.7528906
2843 0.773717
2844 0.8316798
2845 0.5643529
2846 0.8674606
2847 0.0113984
2848 0.00682692
2849 0.2372901
2850 0.5875677
2851 0.03802194
2852 0.9927549
2853 0.7862674
2854 0.686906
2855 0.1235866
2856 0.0144009
2857 0.02434908
2858 0.3835471
2859 0.8928155
2860 0.0192601
2861 0.04056812
2862 0.5330676
2863 0.04914174
2864 0.4490394
2865 0.03059825
2866 0.0003824022
2867 0.02810093
2868 0.06357642
2869 0.6783375
2870 0.04405615
2871 0.1551677
2872 0.4035597
2873 0.7002293
2874 0.5934372
2875 0.0709694
2876 0.5632327
2877 0.2018002
2878 0.3566234
2879 0.488127
2880 0.4631046
2881 0.5926149
2882 0.3247508
2883 0.9733846
2884 0.8815014
2885 0.3581913
2886 0.08681956
2887 0.1702702
2888 0.8761798
2889 0.7140045
2890 0.5510597
2891 0.6137158
2892 0.1665274
2893 0.3876111
2894 0.2150157
2895 0.102742
2896 0.6277272
2897 0.7166048
2898 0.02116383
2899 0.6315213
2900 0.8246218
2901 0.4427252
2902 0.2954635
2903 0.186757
2904 0.700989
2905 0.1272013
2906 0.8137739
2907 0.2353584
2908 0.7928186
2909 0.3736449
2910 0.2760319
2911 0.395799
2912 0.04424412
2913 0.9569773
2914 0.1304362
2915 0.8291289
2916 0.5253804
2917 0.04709905
2918 0.5478857
2919 0.5033364
2920 0.2010922
2921 0.9473283
2922 0.1240547
2923 0.4083268
2924 0.05503303
2925 0.6690908
2926 0.9418442
2927 0.05208142
2928 0.7508667
2929 0.8333934
2930 0.4579146
2931 0.8356316
2932 0.5138405
2933 0.3355463
2934 0.1003503
2935 0.9614938
2936 0.6312083
2937 0.8043153
2938 0.1103896
2939 0.7143758
2940 0.9939661
2941 0.3338361
2942 0.4143134
2943 0.9319805
2944 0.8498753
2945 0.9331719
2946 0.1970907
2947 0.873683
2948 0.8818142
2949 0.6579673
2950 0.2570281
2951 0.390227
2952 0.3857057
2953 0.06370078
2954 0.2629244
2955 0.01804145
2956 0.7208426
2957 0.5624584
2958 0.005163273
2959 0.7957564
2960 0.04033371
2961 0.4281746
2962 0.1762877
2963 0.3771934
2964 0.8402906
2965 0.02028285
2966 0.1723011
2967 0.2349318
2968 0.02010722
2969 0.0451604
2970 0.6374616
2971 0.6383476
2972 0.9018907
2973 0.4721911
2974 0.7178596
2975 0.1406266
2976 0.636915
2977 0.4036519
2978 0.7696077
2979 0.9017877
2980 0.08500533
2981 0.4509472
2982 0.7981439
2983 0.8083806
2984 0.3299789
2985 0.5710387
2986 0.03515213
2987 0.8130535
2988 0.6963285
2989 0.005545902
2990 0.5010364
2991 0.4270542
2992 0.3415754
2993 0.2616176
2994 0.128244
2995 0.1363127
2996 0.1792451
2997 0.5829263
2998 0.4160276
2999 0.3183705
3000 0.05341194
3001 0.02691726
3002 0.003421306
3003 0.07997388
3004 0.7050896
3005 0.4479318
3006 0.1043566
3007 0.7206792
3008 0.1431787
3009 0.1281651
3010 0.6286041
3011 0.9716758
3012 0.2780054
3013 0.9696521
3014 0.0918555
3015 0.7742097
3016 0.4290256
3017 0.1173663
3018 0.5206008
3019 0.6725154
3020 0.2883818
3021 0.2380802
3022 0.03801293
3023 0.9345363
3024 0.1713243
3025 0.2410542
3026 0.2325432
3027 0.4686628
3028 0.1305038
3029 0.9670158
3030 0.103221
3031 0.08172145
3032 0.8570545
3033 0.8273404
3034 0.6272861
3035 0.02567573
3036 0.3342232
3037 0.09180452
3038 0.009261272
3039 0.2036138
3040 0.5934003
3041 0.456364
3042 0.6597933
3043 0.2248674
3044 0.5110494
3045 0.7506694
3046 0.4488897
3047 0.6984066
3048 0.1647851
3049 0.4681782
3050 0.1008501
3051 0.02492206
3052 0.2703179
3053 0.3602868
3054 0.006036622
3055 0.6433952
3056 0.6633539
3057 0.7426807
3058 0.9686555
3059 0.00213385
3060 0.8481642
3061 0.06347604
3062 0.07536534
3063 0.6135355
3064 0.7882014
3065 0.6314728
3066 0.9599655
3067 0.3640036
3068 0.8638576
3069 0.1162009
3070 0.03057914
3071 0.2319168
3072 0.7127891
3073 0.3845618
3074 0.2762197
3075 0.6872264
3076 0.7000139
3077 0.1611369
3078 0.1391402
3079 0.7482561
3080 0.2493342
3081 0.09858019
3082 0.5899295
3083 0.3035238
3084 0.9952298
3085 0.5815831
3086 0.5224086
3087 0.3875457
3088 0.6143504
3089 0.1798918
3090 0.7662751
3091 0.7370023
3092 0.4995449
3093 0.3823184
3094 0.9428593
3095 0.09478362
3096 0.7307396
3097 0.1493474
3098 0.8780805
3099 0.3051798
3100 0.7927689
3101 0.0001886893
3102 0.9874278
3103 0.6185482
3104 0.6531814
3105 0.03763156
3106 0.5026051
3107 0.5341362
3108 0.7669367
3109 0.7880448
3110 0.7740835
3111 0.5920261
3112 0.8058423
3113 0.2582027
3114 0.4352385
3115 0.7318916
3116 0.6052014
3117 0.7517068
3118 0.351194
3119 0.004261662
3120 0.8753981
3121 0.4287726
3122 0.2952167
3123 0.9327567
3124 0.7759954
3125 0.4674562
3126 0.3891695
3127 0.3043885
3128 0.3168367
3129 0.2411763
3130 0.1782069
3131 0.7531909
3132 0.4947754
3133 0.2567782
3134 0.06119403
3135 0.3195116
3136 0.301718
3137 0.2691456
3138 0.3198558
3139 0.5399177
3140 0.9874562
3141 0.0357276
3142 0.220436
3143 0.3593716
3144 0.7953227
3145 0.8616461
3146 0.4785956
3147 0.2314105
3148 0.5079542
3149 0.001483904
3150 0.213759
3151 0.8551126
3152 0.6578339
3153 0.4992413
3154 0.4537181
3155 0.5782321
3156 0.8996116
3157 0.5459541
3158 0.04411482
3159 0.01155279
3160 0.3533204
3161 0.1696514
3162 0.6115678
3163 0.0958087
3164 0.3444015
3165 0.3326954
3166 0.9852661
3167 0.568633
3168 0.5392012
3169 0.8949503
3170 0.8082731
3171 0.9729786
3172 0.5060335
3173 0.3096553
3174 0.08018931
3175 0.1691764
3176 0.7702082
3177 0.6733457
3178 0.6324303
3179 0.04198926
3180 0.2842324
3181 0.2798984
3182 0.8743775
3183 0.5349266
3184 0.1287733
3185 0.06402669
3186 0.3700353
3187 0.7165681
3188 0.5141696
3189 0.4730561
3190 0.9749996
3191 0.4157606
3192 0.4076406
3193 0.5786862
3194 0.08568464
3195 0.7185926
3196 0.8010677
3197 0.01989381
3198 0.001093647
3199 0.4406967
3200 0.2259413
3201 0.3959996
3202 0.4995658
3203 0.5920892
3204 0.01074285
3205 0.07473888
3206 0.9181952
3207 0.9804592
3208 0.5112033
3209 0.3334421
3210 0.1801052
3211 0.5035323
3212 0.6879386
3213 0.5620185
3214 0.247479
3215 0.9210404
3216 0.1503001
3217 0.02318486
3218 0.01195503
3219 0.1553613
3220 0.02485022
3221 0.05536579
3222 0.587565
3223 0.6886367
3224 0.264652
3225 0.7163015
3226 0.4976681
3227 0.9311971
3228 0.3772768
3229 0.5116397
3230 0.06798585
3231 0.6904597
3232 0.1864861
3233 0.3780185
3234 0.5412559
3235 0.6114955
3236 0.5710872
3237 0.3801988
3238 0.732844
3239 0.4641278
3240 0.489036
3241 0.351854
3242 0.7431442
3243 0.1500843
3244 0.1595874
3245 0.9874086
3246 0.7357248
3247 0.2571999
3248 0.1801986
3249 0.8295825
3250 0.8904637
3251 0.4617607
3252 0.2797524
3253 0.7546044
3254 0.0001836121
3255 0.3187646
3256 0.71461
3257 0.9565245
3258 0.7616725
3259 0.2605804
3260 0.5670302
3261 0.1305752
3262 0.7146561
3263 0.6227665
3264 0.2061975
3265 0.06878587
3266 0.4971824
3267 0.7180576
3268 0.5887354
3269 0.520087
3270 0.1847444
3271 0.9889667
3272 0.2389829
3273 0.4922471
3274 0.4588637
3275 0.3925914
3276 0.2490692
3277 0.0293067
3278 0.8144118
3279 0.7756616
3280 0.8874827
3281 0.08825732
3282 0.7396539
3283 0.6103589
3284 0.1873074
3285 0.9123
3286 0.7628385
3287 0.9223437
3288 0.7587624
3289 0.4601563
3290 0.1643892
3291 0.5828132
3292 0.4490435
3293 0.1956803
3294 0.2225217
3295 0.6971999
3296 0.195934
3297 0.9729067
3298 0.7528454
3299 0.2664203
3300 0.05786873
3301 0.6310224
3302 0.3723403
3303 0.639358
3304 0.9412554
3305 0.03651929
3306 0.2985744
3307 0.4758027
3308 0.6448711
3309 0.1346499
3310 0.8355213
3311 0.6304322
3312 0.7051702
3313 0.608868
3314 0.0540605
3315 0.6925436
3316 0.9798812
3317 0.5607689
3318 0.3323468
3319 0.5082294
3320 0.9858201
3321 0.1876593
3322 0.01780567
3323 0.6735958
3324 0.6632254
3325 0.09398055
3326 0.9826435
3327 0.7613261
3328 0.4397234
3329 0.1057674
3330 0.06986397
3331 0.6306977
3332 0.6965393
3333 0.4451497
3334 0.2429687
3335 0.2670218
3336 0.1306589
3337 0.7885548
3338 0.8124289
3339 0.00759892
3340 0.3483862
3341 0.3587106
3342 0.6192436
3343 0.4711068
3344 0.4921772
3345 0.4279883
3346 0.2499943
3347 0.05725297
3348 0.9632098
3349 0.348226
3350 0.01749445
3351 0.3118127
3352 0.4446108
3353 0.521166
3354 0.2286156
3355 0.05790606
3356 0.1623363
3357 0.7296461
3358 0.1534632
3359 0.4528448
3360 0.898263
3361 0.5709004
3362 0.9983769
3363 0.9307903
3364 0.2135012
3365 0.1361549
3366 0.09796884
3367 0.03589615
3368 0.83282
3369 0.3978104
3370 0.2590175
3371 0.7437527
3372 0.976432
3373 0.3665649
3374 0.77702
3375 0.3986658
3376 0.5818046
3377 0.2501592
3378 0.152806
3379 0.06310256
3380 0.4551055
3381 0.3497534
3382 0.294431
3383 0.617889
3384 0.3380303
3385 0.09103808
3386 0.09534652
3387 0.04491471
3388 0.7493814
3389 0.9815054
3390 0.4791879
3391 0.3571524
3392 0.9498728
3393 0.4809513
3394 0.04760161
3395 0.5844387
3396 0.0007667491
3397 0.2442626
3398 0.218521
3399 0.3356392
3400 0.9549774
3401 0.1818066
3402 0.4987414
3403 0.8274008
3404 0.9630539
3405 0.384933
3406 0.1962538
3407 0.1956504
3408 0.5483839
3409 0.5513473
3410 0.09710473
3411 0.4310771
3412 0.4920492
3413 0.7475151
3414 0.3102639
3415 0.1962977
3416 0.0864131
3417 0.8315662
3418 0.08278371
3419 0.2000682
3420 0.09472188
3421 0.1545409
3422 0.6353824
3423 0.3092636
3424 0.7670864
3425 0.009528762
3426 0.4114699
3427 0.06170981
3428 0.5188331
3429 0.5801906
3430 0.8202018
3431 0.304244
3432 0.07170839
3433 0.1124995
3434 0.7170513
3435 0.7312382
3436 0.3168944
3437 0.2251664
3438 0.3058521
3439 0.4431818
3440 0.2226016
3441 0.3384286
3442 0.764172
3443 0.1969589
3444 0.7527823
3445 0.2485761
3446 0.3005035
3447 0.5990799
3448 0.2692513
3449 0.5935285
3450 0.5181584
3451 0.4162844
3452 0.07333387
3453 0.9618173
3454 0.08610177
3455 0.8477553
3456 0.03946031
3457 0.5949319
3458 0.7103477
3459 0.1976807
3460 0.08939667
3461 0.8144388
3462 0.02516315
3463 0.7349772
3464 0.3104544
3465 0.6607404
3466 0.2484371
3467 0.7673547
3468 0.3247129
3469 0.1660251
3470 0.0613417
3471 0.273775
3472 0.7894833
3473 0.5532127
3474 0.938641
3475 0.5181266
3476 0.05252242
3477 0.1673141
3478 0.7397449
3479 0.5124391
3480 0.6152291
3481 0.6803164
3482 0.1266315
3483 0.1595695
3484 0.9312421
3485 0.694994
3486 0.6005816
3487 0.001499615
3488 0.4835689
3489 0.07320112
3490 0.5709468
3491 0.5232416
3492 0.1346741
3493 0.02905012
3494 0.01885234
3495 0.2296264
3496 0.8451607
3497 0.8443949
3498 0.3991597
3499 0.07142749
3500 0.6244675
3501 0.4410003
3502 0.9338499
3503 0.49218
3504 0.06120974
3505 0.2339678
3506 0.0878924
3507 0.5285321
3508 0.9018031
3509 0.1153265
3510 0.2915929
3511 0.3230632
3512 0.3474845
3513 0.7657039
3514 0.6526008
3515 0.08972841
3516 0.4871962
3517 0.3144538
3518 0.4963538
3519 0.9140944
3520 0.08903889
3521 0.3480434
3522 0.06459381
3523 0.8976378
3524 0.03550558
3525 0.853344
3526 0.6242681
3527 0.2088309
3528 0.03197416
3529 0.1624833
3530 0.4852807
3531 0.4235132
3532 0.3769548
3533 0.3916738
3534 0.06375735
3535 0.04809701
3536 0.5339555
3537 0.8862973
3538 0.3903381
3539 0.1188506
3540 0.5400969
3541 0.1111282
3542 0.01658201
3543 0.7092767
3544 0.05463245
3545 0.8837137
3546 0.06202084
3547 0.8572156
3548 0.5460415
3549 0.16447
3550 0.4629025
3551 0.1583012
3552 0.04853305
3553 0.2409632
3554 0.9832876
3555 0.1250996
3556 0.3000975
3557 0.2778875
3558 0.3117231
3559 0.1676071
3560 0.4559028
3561 0.6943685
3562 0.03195869
3563 0.5484409
3564 0.9203602
3565 0.7058143
3566 0.7261593
3567 0.09516316
3568 0.9401782
3569 0.5107825
3570 0.4339984
3571 0.3108323
3572 0.04110367
3573 0.790907
3574 0.3085005
3575 0.5677452
3576 0.8411827
3577 0.04621817
3578 0.01362772
3579 0.03196857
3580 0.7984747
3581 0.5535129
3582 0.3058364
3583 0.4916783
3584 0.7525433
3585 0.7637594
3586 0.7994008
3587 0.3870441
3588 0.0579756
3589 0.4729364
3590 0.458921
3591 0.8160339
3592 0.3174513
3593 0.2427148
3594 0.1748683
3595 0.2837399
3596 0.2877904
3597 0.9784533
3598 0.01898554
3599 0.03891867
3600 0.2770167
3601 0.008042354
3602 0.2071138
3603 0.6804799
3604 0.9309825
3605 0.6659725
3606 0.4532927
3607 0.7972755
3608 0.8455711
3609 0.6220001
3610 0.8303468
3611 0.8106495
3612 0.6470717
3613 0.7385256
3614 0.6719124
3615 0.9789027
3616 0.5380699
3617 0.6131975
3618 0.0547955
3619 0.863452
3620 0.8546702
3621 0.2330572
3622 0.9073189
3623 0.07394211
3624 0.9105891
3625 0.7577564
3626 0.001864006
3627 0.3011933
3628 0.1432315
3629 0.01104639
3630 0.847739
3631 0.4982765
3632 0.003355313
3633 0.4125075
3634 0.0705489
3635 0.1950935
3636 0.8746915
3637 0.2539731
3638 0.0763384
3639 0.1432203
3640 0.8814528
3641 0.4283544
3642 0.3783783
3643 0.04549298
3644 0.2041346
3645 0.4829567
3646 0.9703149
3647 0.8477099
3648 0.002438766
3649 0.1779013
3650 0.04499593
3651 0.4349542
3652 0.9220436
3653 0.002581506
3654 0.2835025
3655 0.1789903
3656 0.3044138
3657 0.1460653
3658 0.00215558
3659 0.03937963
3660 0.7586046
3661 0.2990032
3662 0.1538266
3663 0.2278952
3664 0.04304644
3665 0.8573629
3666 0.1059751
3667 0.1508165
3668 0.7008151
3669 0.1643875
3670 0.4100263
3671 0.1852639
3672 0.7568132
3673 0.4809367
3674 0.8794039
3675 0.4302469
3676 0.4094542
3677 0.07225398
3678 0.7166875
3679 0.9535699
3680 0.7833982
3681 0.01194778
3682 0.04092567
3683 0.5644528
3684 0.4759846
3685 0.09864274
3686 0.2781766
3687 0.8011854
3688 0.1978008
3689 0.6951283
3690 0.7931115
3691 0.7861192
3692 0.02928304
3693 0.3651217
3694 0.3667565
3695 0.4100234
3696 0.3323878
3697 0.8958274
3698 0.04475783
3699 0.2268528
3700 0.5291276
3701 0.5838098
3702 0.3897791
3703 0.8003145
3704 0.2134734
3705 0.001032727
3706 0.7275109
3707 0.8652825
3708 0.9592571
3709 0.3699649
3710 0.5359663
3711 0.08440868
3712 0.6499364
3713 0.3982565
3714 0.9148507
3715 0.3770036
3716 0.5628726
3717 0.6831576
3718 0.7259609
3719 0.9201381
3720 0.2303225
3721 0.7758843
3722 0.634643
3723 0.9818382
3724 0.4465455
3725 0.9399755
3726 0.785531
3727 0.5060804
3728 0.4932798
3729 0.8010172
3730 0.07568209
3731 0.8821342
3732 0.5314428
3733 0.2717355
3734 0.9496457
3735 0.329093
3736 0.5570195
3737 0.8456391
3738 0.5073684
3739 0.6685803
3740 0.9645105
3741 0.0687745
3742 0.0437894
3743 0.06046702
3744 0.02171112
3745 0.8924142
3746 0.7119755
3747 0.7903197
3748 0.6248661
3749 0.1064949
3750 0.01775117
3751 0.5077244
3752 0.1435831
3753 0.6170927
3754 0.8788474
3755 0.4632192
3756 0.7132294
3757 0.3890839
3758 0.06101569
3759 0.6159236
3760 0.4632603
3761 0.3376084
3762 0.2199994
3763 0.2259333
3764 0.5988542
3765 0.2545728
3766 0.177675
3767 0.6358861
3768 0.2941068
3769 0.139298
3770 0.865609
3771 0.1428151
3772 0.2946263
3773 0.923637
3774 0.8350294
3775 0.3697201
3776 0.604135
3777 0.9403835
3778 0.6071002
3779 0.0353596
3780 0.08020186
3781 0.8593943
3782 0.2638449
3783 0.1197815
3784 0.6778716
3785 0.8813371
3786 0.0958365
3787 0.895057
3788 0.880812
3789 0.694574
3790 0.2999584
3791 0.09127114
3792 0.4974235
3793 0.5957016
3794 0.7797019
3795 0.3984767
3796 0.04908149
3797 0.9615741
3798 0.2234177
3799 0.01132423
3800 0.2341135
3801 0.9394546
3802 0.2402857
3803 0.7470214
3804 0.467987
3805 0.1307673
3806 0.134472
3807 0.6746196
3808 0.3569162
3809 0.5511567
3810 0.39134
3811 0.8761525
3812 0.9976316
3813 0.731504
3814 0.8203227
3815 0.384329
3816 0.1760639
3817 0.4548395
3818 0.4601872
3819 0.4945915
3820 0.8489745
3821 0.07759521
3822 0.9411602
3823 0.5370207
3824 0.617235
3825 0.3438464
3826 0.1639852
3827 0.2286893
3828 0.7560129
3829 0.2330518
3830 0.02596481
3831 0.3701089
3832 0.007412602
3833 0.3560201
3834 0.1089789
3835 0.7748154
3836 0.6790708
3837 0.6595878
3838 0.08536926
3839 0.126534
3840 0.2343848
3841 0.001456181
3842 0.8056337
3843 0.8088097
3844 0.6222169
3845 0.06179397
3846 0.8986521
3847 0.5170319
3848 0.5160428
3849 0.2925504
3850 0.3679088
3851 0.1352883
3852 0.8196546
3853 0.2569449
3854 0.2565681
3855 0.7389893
3856 0.7662572
3857 0.6999839
3858 0.1667757
3859 0.7712401
3860 0.1905641
3861 0.3236083
3862 0.4621333
3863 0.2495073
3864 0.9604589
3865 0.2851745
3866 0.3650567
3867 0.6919693
3868 0.7034918
3869 0.07348194
3870 0.3575656
3871 0.4627773
3872 0.4089937
3873 0.7892894
3874 0.5275445
3875 0.1880808
3876 0.8226426
3877 0.05042421
3878 0.2930464
3879 0.6992172
3880 0.6094491
3881 0.1803898
3882 0.1277565
3883 0.584174
3884 0.3870138
3885 0.3244099
3886 0.9432061
3887 0.1752391
3888 0.6844886
3889 0.929577
3890 0.03312547
3891 0.5701643
3892 0.001191832
3893 0.333703
3894 0.9795952
3895 0.3505887
3896 0.5194563
3897 0.2927963
3898 0.0141897
3899 0.1642432
3900 0.9803108
3901 0.08271455
3902 0.7083404
3903 0.2337856
3904 0.3000358
3905 0.0714373
3906 0.1984691
3907 0.01694843
3908 0.4102501
3909 0.3606658
3910 0.3008978
3911 0.8554856
3912 0.03231632
3913 0.1343097
3914 0.5801296
3915 0.3398412
3916 0.0879813
3917 0.2923058
3918 0.7254367
3919 0.8747899
3920 0.01283723
3921 0.2936869
3922 0.2335883
3923 0.3570584
3924 0.7698596
3925 0.5511868
3926 0.8210455
3927 0.08083193
3928 0.06922327
3929 0.6029218
3930 0.3473606
3931 0.4234678
3932 0.5084574
3933 0.4156077
3934 0.9107773
3935 0.8753882
3936 0.787296
3937 0.8677763
3938 0.6401514
3939 0.4147913
3940 0.02796775
3941 0.2580962
3942 0.08045727
3943 0.6215252
3944 0.6709128
3945 0.04529799
3946 0.9575539
3947 0.8865856
3948 0.08059819
3949 0.3907365
3950 0.8319657
3951 0.5237366
3952 0.9929888
3953 0.3573062
3954 0.8818272
3955 0.8036059
3956 0.2154635
3957 0.2396007
3958 0.1720674
3959 0.001119102
3960 0.06573408
3961 0.328432
3962 0.1024318
3963 0.2566015
3964 0.9707012
3965 0.07583544
3966 0.3366556
3967 0.2555598
3968 0.100208
3969 0.07538789
3970 0.4875596
3971 0.3519352
3972 0.4649847
3973 0.9656062
3974 0.6655757
3975 0.2014341
3976 0.02338435
3977 0.09430858
3978 0.4535376
3979 0.2514043
3980 0.3760944
3981 0.6078839
3982 0.6244569
3983 0.190984
3984 0.5846663
3985 0.4668505
3986 0.6938877
3987 0.8406251
3988 0.305357
3989 0.3026943
3990 0.9176366
3991 0.5943416
3992 0.1991003
3993 0.6808608
3994 0.05081402
3995 0.5647446
3996 0.7619353
3997 0.4999064
3998 0.4397954
3999 0.4812827
4000 0.6090014
4001 0.7486051
4002 0.1067811
4003 0.7972006
4004 0.8831652
4005 0.3579147
4006 0.5800226
4007 0.7201231
4008 0.2558711
4009 0.04811663
4010 0.1815713
4011 0.6403358
4012 0.2249658
4013 0.3928687
4014 0.2264487
4015 0.492082
4016 0.7417237
4017 0.6955811
4018 0.005642259
4019 0.9333052
4020 0.04470037
4021 0.4840664
4022 0.6648041
4023 0.01619722
4024 0.1438442
4025 0.5363574
4026 0.5424095
4027 0.5559873
4028 0.05285907
4029 0.2449017
4030 0.7420233
4031 0.5685307
4032 0.4629769
4033 0.7280161
4034 0.9555674
4035 0.2154694
4036 0.6688274
4037 0.5168132
4038 0.7237195
4039 0.1737313
4040 0.3079568
4041 0.05929991
4042 0.8397259
4043 0.05647362
4044 0.2745653
4045 0.9127816
4046 0.66616
4047 0.5842396
4048 0.1533025
4049 0.8022483
4050 0.1890674
4051 0.8446585
4052 0.2400262
4053 0.5723462
4054 0.8629042
4055 0.5489103
4056 0.8217103
4057 0.6359968
4058 0.4018342
4059 0.381607
4060 0.2141245
4061 0.2398354
4062 0.009702398
4063 0.4730176
4064 0.57436
4065 0.7007255
4066 0.3533104
4067 0.1228827
4068 0.9797301
4069 0.1899162
4070 0.3418189
4071 0.6677337
4072 0.05658517
4073 0.6630532
4074 0.1494952
4075 0.45388
4076 0.9345255
4077 0.5331111
4078 0.8807876
4079 0.9687322
4080 0.3607693
4081 0.8825785
4082 0.2454504
4083 0.9433578
4084 0.03979845
4085 0.3242125
4086 0.5332456
4087 0.5133572
4088 0.5638571
4089 0.9670424
4090 0.009006983
4091 0.8224653
4092 0.2006559
4093 0.3688433
4094 0.3955592
4095 0.3122422
4096 0.5120292
4097 0.7013897
4098 0.1583293
4099 0.2205769
4100 0.3670789
4101 0.3522823
4102 0.04218625
4103 0.9837706
4104 0.03433347
4105 0.1021426
4106 0.01307351
4107 0.7747572
4108 0.006146847
4109 0.3386623
4110 0.5721275
4111 0.4555125
4112 0.2949081
4113 0.1502501
4114 0.4636143
4115 0.06974723
4116 0.2428978
4117 0.8392243
4118 0.1868812
4119 0.2838021
4120 0.1647231
4121 0.6651671
4122 0.7174814
4123 0.4167721
4124 0.06817613
4125 0.1746861
4126 0.1524308
4127 0.3809139
4128 0.3322872
4129 0.5952418
4130 0.2341053
4131 0.6530872
4132 0.6023733
4133 0.6707281
4134 0.9758598
4135 0.8734371
4136 0.1975999
4137 0.4537693
4138 0.02690836
4139 0.7988557
4140 0.7765583
4141 0.9209845
4142 0.5129779
4143 0.5319692
4144 0.9535292
4145 0.3786328
4146 0.1502102
4147 0.04667202
4148 0.8038631
4149 0.0631716
4150 0.286223
4151 0.493044
4152 0.3058707
4153 0.1655756
4154 0.6433129
4155 0.1489592
4156 0.4546374
4157 0.2288498
4158 0.9982499
4159 0.3199165
4160 0.637057
4161 0.7624102
4162 0.07962714
4163 0.5548374
4164 0.1886554
4165 0.2984693
4166 0.8742069
4167 0.9309951
4168 0.02910872
4169 0.07570661
4170 0.08142542
4171 0.3007183
4172 0.7636081
4173 0.3289336
4174 0.8008942
4175 0.5090845
4176 0.1737977
4177 0.6605034
4178 0.1230613
4179 0.735677
4180 0.3126938
4181 0.1515689
4182 0.4740694
4183 0.8676542
4184 0.8764001
4185 0.6885006
4186 0.7682692
4187 0.4505444
4188 0.380208
4189 0.9279748
4190 0.5472099
4191 0.637937
4192 0.5196031
4193 0.968681
4194 0.4814545
4195 0.1567135
4196 0.997646
4197 0.9808153
4198 0.9886551
4199 0.161229
4200 0.684178
4201 0.3148043
4202 0.6604046
4203 0.7789982
4204 0.01010497
4205 0.09340664
4206 0.7478587
4207 0.9162039
4208 0.402211
4209 0.6495734
4210 0.5904844
4211 0.2248399
4212 0.3002612
4213 0.5637967
4214 0.2297089
4215 0.4989978
4216 0.01059373
4217 0.000527371
4218 0.9056656
4219 0.1573069
4220 0.8845994
4221 0.8439232
4222 0.6931509
4223 0.5716665
4224 0.515623
4225 0.2563761
4226 0.07458981
4227 0.01207474
4228 0.07720316
4229 0.8367047
4230 0.1167761
4231 0.3612215
4232 0.8134431
4233 0.1252523
4234 0.9318635
4235 0.2099673
4236 0.4033265
4237 0.01867391
4238 0.4949494
4239 0.00337855
4240 0.07300947
4241 0.03844699
4242 0.992564
4243 0.06860726
4244 0.4862925
4245 0.9798244
4246 0.0155897
4247 0.2073394
4248 0.5554943
4249 0.5658363
4250 0.01816143
4251 0.3365395
4252 0.8072001
4253 0.09488926
4254 0.8010378
4255 0.1160511
4256 0.2522861
4257 0.3308138
4258 0.213834
4259 0.9825391
4260 0.3440691
4261 0.6718479
4262 0.9074917
4263 0.6754147
4264 0.1394303
4265 0.3328673
4266 0.9982588
4267 0.5424224
4268 0.766956
4269 0.3538537
4270 0.7867047
4271 0.7115706
4272 0.4978058
4273 0.6186456
4274 0.1359987
4275 0.350607
4276 0.07178399
4277 0.4064799
4278 0.02637215
4279 0.257498
4280 0.1125399
4281 0.2537704
4282 0.439572
4283 0.6149351
4284 0.9496837
4285 0.7182249
4286 0.1842071
4287 0.7608978
4288 0.3301235
4289 0.1492015
4290 0.7194864
4291 0.1311018
4292 0.5657325
4293 0.1558168
4294 0.136537
4295 0.47417
4296 0.6928151
4297 0.7826147
4298 0.3648235
4299 0.9897942
4300 0.1240974
4301 0.2560584
4302 0.05872837
4303 0.520247
4304 0.9434182
4305 0.03593657
4306 0.8413084
4307 0.1823561
4308 0.9187703
4309 0.4379231
4310 0.05623441
4311 0.5176744
4312 0.3385583
4313 0.4017818
4314 0.2533595
4315 0.9466151
4316 0.5268379
4317 0.5851908
4318 0.2707302
4319 0.1466989
4320 0.09809441
4321 0.04517145
4322 0.4340224
4323 0.09779014
4324 0.2141295
4325 0.02612938
4326 0.6093482
4327 0.9079671
4328 0.1632523
4329 0.21588
4330 0.2563582
4331 0.9544217
4332 0.5872704
4333 0.4867628
4334 0.1147066
4335 0.989399
4336 0.4448404
4337 0.18446
4338 0.7806461
4339 0.4900513
4340 0.2828434
4341 0.3345308
4342 0.9492763
4343 0.2839847
4344 0.5518133
4345 0.3671477
4346 0.4450891
4347 0.9638612
4348 0.8525074
4349 0.5075246
4350 0.5804142
4351 0.3096073
4352 0.7339769
4353 0.5735659
4354 0.04758386
4355 0.8414582
4356 0.8093646
4357 0.3542449
4358 0.003496442
4359 0.003829314
4360 0.5576722
4361 0.2070177
4362 0.1756831
4363 0.8437845
4364 0.7372492
4365 0.3968109
4366 0.1340185
4367 0.5607431
4368 0.3567762
4369 0.8581703
4370 0.1815746
4371 0.7943404
4372 0.8837732
4373 0.1308876
4374 0.4026606
4375 0.4011225
4376 0.7277511
4377 0.9713132
4378 0.4415466
4379 0.3680183
4380 0.3687608
4381 0.9143727
4382 0.1729491
4383 0.8670295
4384 0.2515563
4385 0.9184111
4386 0.562507
4387 0.6137011
4388 0.9320243
4389 0.1646586
4390 0.1663138
4391 0.8256172
4392 0.3513783
4393 0.7294756
4394 0.0732102
4395 0.4576158
4396 0.1069928
4397 0.6727438
4398 0.06458098
4399 0.3184572
4400 0.8083799
4401 0.3381968
4402 0.9529964
4403 0.2082468
4404 0.139654
4405 0.8173912
4406 0.1183109
4407 0.8544073
4408 0.4167072
4409 0.3273975
4410 0.1210548
4411 0.04721729
4412 0.1262818
4413 0.2321924
4414 0.05512565
4415 0.4019815
4416 0.07589194
4417 0.8432577
4418 0.88395
4419 0.1714576
4420 0.5696536
4421 0.03554174
4422 0.008983808
4423 0.522873
4424 0.5246968
4425 0.2924911
4426 0.5749754
4427 0.1699447
4428 0.3261416
4429 0.8596174
4430 0.3056891
4431 0.01545469
4432 0.8974845
4433 0.04711299
4434 0.9936969
4435 0.1596548
4436 0.04422573
4437 0.3288595
4438 0.02175964
4439 0.5744706
4440 0.05755123
4441 0.3348878
4442 0.7580012
4443 0.1641548
4444 0.03652813
4445 0.5114876
4446 0.3067927
4447 0.5494197
4448 0.5287452
4449 0.5409942
4450 0.4980963
4451 0.9036922
4452 0.8618264
4453 0.716488
4454 0.1136432
4455 0.6223829
4456 0.8215605
4457 0.6479108
4458 0.566059
4459 0.2678158
4460 0.8743687
4461 0.3778383
4462 0.8908463
4463 0.3274274
4464 0.7329549
4465 0.4316946
4466 0.2286661
4467 0.8424214
4468 0.5876901
4469 0.7552414
4470 0.4447837
4471 0.7063206
4472 0.1546
4473 0.6296458
4474 0.945154
4475 0.3887717
4476 0.09048439
4477 0.6086473
4478 0.6338039
4479 0.9456862
4480 0.681501
4481 0.5192259
4482 0.07756785
4483 0.8481936
4484 0.2064292
4485 0.1954651
4486 0.05473938
4487 0.5533196
4488 0.5751081
4489 0.03737246
4490 0.09606806
4491 0.9065269
4492 0.3067509
4493 0.07084374
4494 0.2665432
4495 0.3612041
4496 0.434549
4497 0.008330383
4498 0.4182249
4499 0.6074951
4500 0.3562623
4501 0.6511273
4502 0.0810575
4503 0.7700696
4504 0.2825082
4505 0.6741661
4506 0.2084569
4507 0.2923076
4508 0.6253092
4509 0.7439256
4510 0.3516271
4511 0.1079445
4512 0.02560927
4513 0.947089
4514 0.09081033
4515 0.6088706
4516 0.3796199
4517 0.1781677
4518 0.5162369
4519 0.3341519
4520 0.5634744
4521 0.2198916
4522 0.3076043
4523 0.4560809
4524 0.3332069
4525 0.4432923
4526 0.403083
4527 0.3739899
4528 0.6653446
4529 0.9283364
4530 0.6469643
4531 0.7963943
4532 0.3757071
4533 0.6199639
4534 0.2597038
4535 0.6009782
4536 0.4645475
4537 0.3537048
4538 0.4808322
4539 0.2427276
4540 0.7432651
4541 0.3336014
4542 0.5645737
4543 0.6700549
4544 0.1120771
4545 0.3998066
4546 0.1667359
4547 0.9979746
4548 0.9338191
4549 0.9366962
4550 0.1703776
4551 0.4532172
4552 0.4329011
4553 0.5976876
4554 0.2552695
4555 0.599564
4556 0.3193416
4557 0.5673439
4558 0.04708076
4559 0.4349157
4560 0.3336508
4561 0.2403439
4562 0.3983619
4563 0.9082756
4564 0.2328065
4565 0.01931447
4566 0.2069934
4567 0.02661071
4568 0.9816196
4569 0.2761403
4570 0.5479129
4571 0.7821966
4572 0.8010001
4573 0.6413677
4574 0.02554713
4575 0.3967833
4576 0.02235603
4577 0.5573867
4578 0.8018032
4579 0.3465701
4580 0.02769864
4581 0.1531735
4582 0.9816991
4583 0.4614991
4584 0.5669234
4585 0.6999361
4586 0.1351574
4587 0.5444561
4588 0.6874995
4589 0.6069935
4590 0.008029116
4591 0.05339145
4592 0.9351914
4593 0.7469543
4594 0.8061489
4595 0.6930267
4596 0.9661542
4597 0.9217716
4598 0.6622464
4599 0.224968
4600 0.0007492333
4601 0.5251062
4602 0.6735365
4603 0.6666247
4604 0.1318397
4605 0.9085174
4606 0.1410049
4607 0.1940327
4608 0.8473705
4609 0.08340475
4610 0.6544204
4611 0.4988807
4612 0.6341233
4613 0.9926463
4614 0.1446725
4615 0.842798
4616 0.404116
4617 0.3995739
4618 0.4242961
4619 0.3578166
4620 0.3923306
4621 0.2409895
4622 0.5891771
4623 0.6893125
4624 0.1522905
4625 0.4801587
4626 0.9540218
4627 0.9578061
4628 0.2675326
4629 0.4603017
4630 0.3528183
4631 0.6274306
4632 0.903887
4633 0.9832878
4634 0.04640342
4635 0.4856327
4636 0.02968591
4637 0.882231
4638 0.6476809
4639 0.7096548
4640 0.01425745
4641 0.7999996
4642 0.3754676
4643 0.9015497
4644 0.1318584
4645 0.0497729
4646 0.08204645
4647 0.009377497
4648 0.0414927
4649 0.02049998
4650 0.8020798
4651 0.6944268
4652 0.7259871
4653 0.7748036
4654 0.2814336
4655 0.01322999
4656 0.6834636
4657 0.7631278
4658 0.9939498
4659 0.4002454
4660 0.0328778
4661 0.2309451
4662 0.7514337
4663 0.2889058
4664 0.6789043
4665 0.2776828
4666 0.346214
4667 0.3264356
4668 0.6601717
4669 0.6414471
4670 0.5704719
4671 0.8872133
4672 0.5642763
4673 0.3430879
4674 0.9664469
4675 0.7428548
4676 0.8246345
4677 0.4142733
4678 0.7697301
4679 0.1232177
4680 0.5519301
4681 0.9427098
4682 0.03749739
4683 0.2776944
4684 0.01387507
4685 0.924696
4686 0.5084301
4687 0.1811143
4688 0.5941672
4689 0.05293175
4690 0.3545023
4691 0.7642915
4692 0.1949544
4693 0.2664833
4694 0.0485028
4695 0.2711347
4696 0.1124397
4697 0.07523363
4698 0.310955
4699 0.07744703
4700 0.718937
4701 0.6494533
4702 0.4201053
4703 0.5508901
4704 0.3289745
4705 0.02675476
4706 0.4098952
4707 0.8789622
4708 0.4968746
4709 0.4740643
4710 0.9815009
4711 0.5865666
4712 0.6943277
4713 0.6960444
4714 0.5363218
4715 0.4706683
4716 0.3412666
4717 0.8379437
4718 0.5160769
4719 0.5271783
4720 0.06418267
4721 0.2184437
4722 0.2482263
4723 0.1952904
4724 0.891825
4725 0.3666612
4726 0.002140432
4727 0.9697137
4728 0.2101074
4729 0.4746532
4730 0.7143075
4731 0.6998183
4732 0.2668796
4733 0.05685005
4734 0.6916576
4735 0.9696796
4736 0.1241973
4737 0.0006821343
4738 0.1265365
4739 0.9240292
4740 0.03943907
4741 0.8127114
4742 0.1253038
4743 0.6864051
4744 0.4928542
4745 0.6084653
4746 0.2946975
4747 0.2065565
4748 0.9603604
4749 0.923419
4750 0.04068995
4751 0.5325215
4752 0.1805842
4753 0.8324839
4754 0.7875444
4755 0.9800679
4756 0.6572458
4757 0.4029184
4758 0.1557958
4759 0.3764191
4760 0.056558
4761 0.9302473
4762 0.1367119
4763 0.5328318
4764 0.1954153
4765 0.1016052
4766 0.04898602
4767 0.9559161
4768 0.01519519
4769 0.207976
4770 0.2140294
4771 0.8973909
4772 0.03223014
4773 0.03303878
4774 0.5228581
4775 0.6956394
4776 0.42643
4777 0.8019043
4778 0.02482555
4779 0.6250207
4780 0.2552999
4781 0.1695047
4782 0.5279174
4783 0.8785924
4784 0.5650958
4785 0.8977693
4786 0.9705757
4787 0.003043919
4788 0.8588784
4789 0.5623697
4790 0.6214329
4791 0.6650271
4792 0.4475477
4793 0.3108003
4794 0.6794901
4795 0.561535
4796 0.5348145
4797 0.102118
4798 0.6913453
4799 0.3294079
4800 0.6310585
4801 0.4925254
4802 0.9696601
4803 0.7135174
4804 0.7003182
4805 0.4320458
4806 0.8315412
4807 0.1931164
4808 0.1514262
4809 0.3504027
4810 0.2657096
4811 0.2788213
4812 0.003846973
4813 0.3437541
4814 0.01194551
4815 0.9336982
4816 0.2102953
4817 0.3879854
4818 0.2083069
4819 0.5387787
4820 0.5531256
4821 0.8122211
4822 0.3813054
4823 0.3546772
4824 0.1519479
4825 0.9752598
4826 0.07625632
4827 0.1680557
4828 0.2452889
4829 0.2030238
4830 0.1749102
4831 0.7300579
4832 0.2730545
4833 0.575639
4834 0.3023771
4835 0.1837453
4836 0.7673345
4837 0.6340733
4838 0.09459256
4839 0.5900615
4840 0.6449131
4841 0.5061856
4842 0.3711217
4843 0.1323859
4844 0.7474488
4845 0.5369127
4846 0.8359969
4847 0.4396095
4848 0.5244288
4849 0.7111027
4850 0.1914895
4851 0.7410998
4852 0.2849169
4853 0.1475887
4854 0.3169903
4855 0.9529673
4856 0.5563709
4857 0.03092299
4858 0.5936831
4859 0.2138029
4860 0.4263194
4861 0.6261114
4862 0.4880833
4863 0.1700519
4864 0.1577115
4865 0.9559278
4866 0.2134122
4867 0.8513409
4868 0.4822861
4869 0.9632734
4870 0.2385372
4871 0.1246787
4872 0.9758492
4873 0.1193644
4874 0.2072963
4875 0.3832234
4876 0.698463
4877 0.09983883
4878 0.8323883
4879 0.2804518
4880 0.4297524
4881 0.1258249
4882 0.432429
4883 0.3341085
4884 0.926733
4885 0.1605984
4886 0.7557345
4887 0.1947237
4888 0.4536871
4889 0.2222355
4890 0.5261963
4891 0.4461733
4892 0.4195752
4893 0.4890488
4894 0.4938113
4895 0.08959947
4896 0.5197378
4897 0.2006137
4898 0.2148272
4899 0.757665
4900 0.6243603
4901 0.6606112
4902 0.7737004
4903 0.5822598
4904 0.7810449
4905 0.3075906
4906 0.5169647
4907 0.252618
4908 0.3991914
4909 0.4742598
4910 0.05673371
4911 0.7892401
4912 0.07610931
4913 0.04872374
4914 0.02778444
4915 0.9430079
4916 0.6189087
4917 0.2726215
4918 0.05004422
4919 0.3748578
4920 0.8437456
4921 0.7323912
4922 0.622939
4923 0.003290088
4924 0.8262619
4925 0.1817049
4926 0.305319
4927 0.4088768
4928 0.3460012
4929 0.03549782
4930 0.7538963
4931 0.2217195
4932 0.7381448
4933 0.4191681
4934 0.5260267
4935 0.5859117
4936 0.5616459
4937 0.9855233
4938 0.3050116
4939 0.9699054
4940 0.08237624
4941 0.09250495
4942 0.04277297
4943 0.841367
4944 0.86469
4945 0.7353132
4946 0.04426821
4947 0.8539969
4948 0.7580202
4949 0.2791018
4950 0.5392854
4951 0.2736645
4952 0.006123136
4953 0.9172556
4954 0.2864383
4955 0.02150728
4956 0.09753996
4957 0.5148852
4958 0.7393163
4959 0.2659947
4960 0.6604583
4961 0.6372318
4962 0.04011913
4963 0.1669952
4964 0.126523
4965 0.6267836
4966 0.02844936
4967 0.8146616
4968 0.09706157
4969 0.1300988
4970 0.1219898
4971 0.1506998
4972 0.02595185
4973 0.7226425
4974 0.5423624
4975 0.5841284
4976 0.4845643
4977 0.1649619
4978 0.5348601
4979 0.1608965
4980 0.2959185
4981 0.5671036
4982 0.65249
4983 0.5356235
4984 0.6636943
4985 0.8000927
4986 0.4903657
4987 0.5546273
4988 0.7681594
4989 0.02893371
4990 0.4519681
4991 0.8112873
4992 0.5333934
4993 0.7809917
4994 0.618657
4995 0.8289629
4996 0.3297097
4997 0.7856023
4998 0.5064575
4999 0.9247077
5000 0.006577223
