1 0.4988027
2 0.02934156
3 0.01976231
4 0.2066722
5 0.02177553
6 0.02180601
7 0.2638732
8 0.02169079
9 0.3485495
10 0.08157533
11 0.007870767
12 0.0431479
13 0.0009067046
14 0.04443981
15 0.132608
16 0.5985242
17 0.04623778
18 0.01596832
19 0.01232012
20 0.06725984
21 0.2275556
22 0.01697774
23 0.2222234
24 0.0009709231
25 0.05739611
26 0.03304883
27 0.02014839
28 0.01290619
29 0.2432777
30 0.2001376
31 0.006040516
32 0.001565903
33 0.3227345
34 0.05961362
35 0.5734413
36 0.555462
37 0.03145447
38 0.4779039
39 0.01788265
40 0.8236075
41 0.874485
42 0.07937699
43 0.04781902
44 0.105344
45 0.05593022
46 0.03947958
47 0.2741587
48 0.02041685
49 0.0162205
50 0.2364197
51 0.2374744
52 0.2237799
53 0.03379059
54 0.7090965
55 0.2223029
56 0.03689681
57 0.08923911
58 0.9827474
59 0.1931365
60 0.02553949
61 0.238923
62 0.007012651
63 0.3629333
64 0.3188004
65 0.004372208
66 0.7560347
67 0.1755501
68 0.02286231
69 0.005369799
70 0.7102531
71 0.01493328
72 0.03617053
73 0.3451522
74 0.002117856
75 0.004389674
76 0.629546
77 0.008263523
78 0.01056485
79 0.03121355
80 0.2761158
81 0.006624092
82 0.08425042
83 0.2086475
84 0.04796385
85 0.08864103
86 0.00213913
87 0.02266563
88 0.1768634
89 0.1564068
90 0.08574752
91 0.040308
92 0.01643763
93 0.1661449
94 0.00151414
95 0.00468579
96 0.7097429
97 0.08195928
98 0.4035719
99 0.03702131
100 0.07907938
101 0.007413853
102 0.005112625
103 0.9348717
104 0.3249171
105 0.0187115
106 0.1907519
107 0.003779912
108 0.265871
109 0.02354357
110 0.2050206
111 0.05477289
112 0.09276258
113 0.02675653
114 0.61051
115 0.7559663
116 0.02329533
117 0.02785244
118 0.05556063
119 0.03203911
120 0.1525036
121 0.3352288
122 0.002963975
123 0.02514991
124 0.5090865
125 0.04311739
126 0.05646555
127 0.9146664
128 0.01228514
129 0.3129045
130 0.005834741
131 0.915718
132 0.009974471
133 0.4051457
134 0.203033
135 0.6649173
136 0.02502041
137 0.1088214
138 0.291956
139 0.4549192
140 0.02747688
141 0.01934681
142 0.03063359
143 0.00217808
144 0.04695525
145 0.01978912
146 0.02961483
147 0.0191096
148 0.02379723
149 0.4621676
150 0.0111371
151 0.02257695
152 0.01060257
153 0.1046655
154 0.01497844
155 0.001815466
156 0.003049409
157 0.05687825
158 0.001538772
159 0.005048883
160 0.8410894
161 0.03352662
162 0.03286685
163 0.5076112
164 0.4229994
165 0.09183724
166 0.2567268
167 0.6716925
168 0.002485085
169 0.001243623
170 0.09846819
171 0.0604989
172 0.02915936
173 0.03740412
174 0.4376424
175 0.003683483
176 0.02189771
177 0.04805722
178 0.01254801
179 0.7880836
180 0.7394497
181 0.04525988
182 0.1373383
183 0.004015525
184 0.008671472
185 0.0165134
186 0.1098063
187 0.6601083
188 0.006966973
189 0.9375581
190 0.116825
191 0.007764179
192 0.003412994
193 0.4886881
194 0.3195253
195 0.03475827
196 0.2665161
197 0.0228162
198 0.002141043
199 0.01205432
200 0.04943956
201 0.2400166
202 0.003591717
203 0.006400735
204 0.1094684
205 0.0127085
206 0.9186973
207 0.01225983
208 0.4961751
209 0.2370437
210 0.08256642
211 0.5682363
212 0.1186864
213 0.02079562
214 0.007900277
215 0.03425485
216 0.4248637
217 0.08600183
218 0.007161773
219 0.7261493
220 0.02581855
221 0.2108872
222 0.9171957
223 0.07527719
224 0.6064957
225 0.0505189
226 0.4504723
227 0.2585813
228 0.003601961
229 0.03092346
230 0.03507402
231 0.2577016
232 0.9813024
233 0.007734266
234 0.03023006
235 0.04543174
236 0.01644392
237 0.07948807
238 0.01464442
239 0.02379173
240 0.008874788
241 0.07335729
242 0.02432626
243 0.205818
244 0.03139434
245 0.1883478
246 0.007507232
247 0.002403473
248 0.02181924
249 0.004514434
250 0.672404
251 0.04382306
252 0.005854221
253 0.02784225
254 0.04114177
255 0.06343464
256 0.02021015
257 0.02206858
258 0.8772985
259 0.02912501
260 0.09469276
261 0.01914024
262 0.02253756
263 0.5291666
264 0.02314155
265 0.1600085
266 0.2767062
267 0.3746669
268 0.01802824
269 0.004474862
270 0.08728637
271 0.02174363
272 0.006444658
273 0.04030904
274 0.5425678
275 0.3848711
276 0.864701
277 0.4877138
278 0.3094264
279 0.003046318
280 0.01715271
281 0.04624053
282 0.3033464
283 0.01645368
284 0.02766391
285 0.02559399
286 0.2992016
287 0.1217986
288 0.02565943
289 0.07219738
290 0.7718661
291 0.0304649
292 0.03970119
293 0.008815554
294 0.4236841
295 0.5098486
296 0.01108633
297 0.3061033
298 0.002601225
299 0.007430741
300 0.8285972
301 0.3447614
302 0.008004895
303 0.001751221
304 0.02067801
305 0.5368833
306 0.04584719
307 0.2197817
308 0.1629803
309 0.5116094
310 0.06993063
311 0.01452828
312 0.6880341
313 0.0188096
314 0.6372266
315 0.7367721
316 0.3537437
317 0.09494608
318 0.3744589
319 0.01302773
320 0.07441914
321 0.02077439
322 0.09552692
323 0.04095344
324 0.01053956
325 0.01978201
326 0.2073946
327 0.6422038
328 0.8369415
329 0.01533734
330 0.002150064
331 0.01187482
332 0.1875987
333 0.4232642
334 0.287125
335 0.9325819
336 0.06625737
337 0.03023677
338 0.112354
339 0.01003314
340 0.7753551
341 0.1199783
342 0.9072831
343 0.3820805
344 0.009615482
345 0.2628028
346 0.03391654
347 0.4290018
348 0.08705435
349 0.005769342
350 0.7528747
351 0.04809475
352 0.004987998
353 0.0001951036
354 0.07783315
355 0.0265001
356 0.1552017
357 0.03009823
358 0.009339485
359 0.03079511
360 0.0801199
361 0.4277393
362 0.01558236
363 0.9089693
364 0.238163
365 0.02283813
366 0.01253516
367 0.02155034
368 0.5973157
369 0.2138867
370 0.9536895
371 0.2073217
372 0.002875731
373 0.08524078
374 0.3586149
375 0.009563706
376 0.02760152
377 0.0118965
378 0.005730165
379 0.03604672
380 0.5081805
381 0.3303654
382 0.01223882
383 0.02138564
384 0.007436369
385 0.6237948
386 0.09138866
387 0.002757267
388 0.04436425
389 0.05562749
390 0.01440512
391 0.02612327
392 0.6574861
393 0.006002784
394 0.001720619
395 0.07822654
396 0.2523673
397 0.01882173
398 0.01698572
399 0.03268083
400 0.1995021
401 0.02140041
402 0.8378055
403 0.002093066
404 0.002017697
405 0.01945399
406 0.1751192
407 0.1916279
408 0.005003483
409 0.1920128
410 0.0385647
411 0.3178547
412 0.973941
413 0.04404019
414 0.9977347
415 0.7346472
416 0.01638215
417 0.004936819
418 0.08349279
419 0.02219035
420 0.02777936
421 0.3381974
422 0.006345002
423 0.01320611
424 0.02758898
425 0.5465997
426 0.1056787
427 0.009031087
428 0.6519342
429 0.003201538
430 0.3595106
431 0.002622867
432 0.08779852
433 0.003496136
434 0.7587031
435 0.2556779
436 0.2500865
437 0.02683777
438 0.0003305151
439 0.03470228
440 0.04903087
441 0.7942956
442 0.837193
443 0.02726246
444 0.006674651
445 0.1630246
446 0.003142451
447 0.03409355
448 0.07113637
449 0.8376204
450 0.7948178
451 0.01464812
452 0.0527643
453 0.7322193
454 0.1212076
455 0.8854216
456 0.02683454
457 0.1513068
458 0.001618665
459 0.001639839
460 0.02622781
461 0.1013896
462 0.007349776
463 0.02644872
464 0.0205279
465 0.8897613
466 0.03911584
467 0.002294386
468 0.03119077
469 0.4399849
470 0.005054446
471 0.1115223
472 0.6940886
473 0.003121043
474 0.07005837
475 0.4133243
476 0.9159784
477 0.01087213
478 0.00483802
479 0.003774683
480 0.3676142
481 0.002179093
482 0.004476554
483 0.02662202
484 0.1139499
485 0.02328107
486 0.001979572
487 0.03142777
488 0.03283237
489 0.03451164
490 0.7068638
491 0.2468515
492 0.02844609
493 0.09926477
494 0.167401
495 0.02215304
496 0.05401242
497 0.02169582
498 0.003268873
499 0.03675178
500 0.5054855
501 0.09124133
502 0.4376467
503 0.9817504
504 0.03323663
505 0.3513664
506 0.363181
507 0.3471761
508 0.02512093
509 0.01272194
510 0.173175
511 0.003433272
512 0.04545418
513 0.05942541
514 0.01074205
515 0.1790861
516 0.1067668
517 0.2301086
518 0.1264884
519 0.0006344672
520 0.002803497
521 0.01807607
522 0.004373716
523 0.02540974
524 0.0009626482
525 0.003222512
526 0.07860709
527 0.002706864
528 0.06400486
529 0.2413366
530 0.1070703
531 0.03083325
532 0.1221131
533 0.8508949
534 0.02503047
535 0.2978249
536 0.02172486
537 0.07956045
538 0.00491218
539 0.002153003
540 0.04251126
541 0.01518359
542 0.00122917
543 0.5598928
544 0.01995096
545 0.8028474
546 0.003550019
547 0.5639302
548 0.3297406
549 0.8206221
550 0.0250494
551 0.515196
552 0.002284575
553 0.04450146
554 0.02060054
555 0.08612031
556 0.002953607
557 0.279562
558 0.03022926
559 0.3429538
560 0.1019417
561 0.04354372
562 0.6843949
563 0.00394033
564 0.02262713
565 0.003552816
566 0.9709676
567 0.03584846
568 0.02181342
569 0.0004198418
570 0.02251115
571 0.9647015
572 0.003958257
573 0.04380973
574 0.01764344
575 0.02215692
576 0.0946705
577 0.1583232
578 0.04606864
579 0.5691401
580 0.1691549
581 0.01348363
582 0.1687207
583 0.1165289
584 0.03415828
585 0.01314187
586 0.5410063
587 0.9842561
588 0.1473591
589 0.7777541
590 0.009967138
591 0.03262528
592 0.6202099
593 0.001086601
594 0.5050624
595 0.01988296
596 0.03861555
597 0.6509265
598 0.02253181
599 0.7484378
600 0.342453
601 0.004963497
602 0.03356949
603 0.007252366
604 0.06509864
605 0.0100876
606 0.000199872
607 0.3907688
608 0.3118731
609 0.266368
610 0.3261837
611 0.4815486
612 0.02023599
613 0.3977479
614 0.3899604
615 0.02077745
616 0.5704851
617 0.003226957
618 0.0003919823
619 0.2345764
620 0.04109705
621 0.523279
622 0.1290366
623 0.5920657
624 0.04677564
625 0.9800488
626 0.00505104
627 0.02163557
628 0.0888197
629 0.019871
630 0.02738155
631 0.6438486
632 0.1042711
633 0.9199737
634 0.6180335
635 0.08384199
636 0.1218099
637 0.5808262
638 0.627288
639 0.9123931
640 0.03542651
641 0.3228247
642 0.5804195
643 0.02281786
644 0.2313084
645 0.008477289
646 0.3219132
647 0.002307143
648 0.06498709
649 0.01810705
650 0.01435903
651 0.05227913
652 0.02258248
653 0.07186016
654 0.02355683
655 0.003113425
656 0.01962754
657 0.9005906
658 0.9718889
659 0.1375934
660 0.00522374
661 0.2206544
662 0.03759295
663 0.9725299
664 0.220437
665 0.07338039
666 0.174548
667 0.04395959
668 0.3749805
669 0.1844138
670 0.01238361
671 0.7188097
672 0.02386969
673 0.1963493
674 0.009956989
675 0.0234137
676 0.004392953
677 0.7715589
678 0.3008434
679 0.05940374
680 0.04937899
681 0.1823681
682 0.1136029
683 0.1631927
684 0.1524565
685 0.000743094
686 0.02619947
687 0.04583821
688 0.08911317
689 0.4836552
690 0.1342802
691 0.07023567
692 0.002704694
693 0.2713356
694 0.1448967
695 0.03563601
696 0.003643246
697 0.07853272
698 0.03055679
699 0.01607348
700 0.03106986
701 0.004326114
702 0.05057421
703 0.6719759
704 0.4135376
705 0.009955947
706 0.01656247
707 0.7162482
708 0.02105649
709 0.02220725
710 0.3997276
711 0.002586151
712 0.01984236
713 0.01401265
714 0.001851496
715 0.03828064
716 0.2230325
717 0.06660676
718 0.7309689
719 0.6233828
720 0.661881
721 0.2453692
722 0.627615
723 0.1751852
724 0.5780084
725 0.021579
726 0.2059311
727 0.003112947
728 0.03851769
729 0.2763812
730 0.05613135
731 0.06235658
732 0.8838016
733 0.0368306
734 0.6408529
735 0.03769514
736 0.9648372
737 0.02389704
738 0.00377793
739 0.05355332
740 0.1218917
741 0.0248375
742 0.003433589
743 0.468795
744 0.800592
745 0.4202448
746 0.1559663
747 0.9233197
748 0.1144254
749 0.01830226
750 0.3516282
751 0.00195913
752 0.01880012
753 0.1489158
754 0.2846207
755 0.5279794
756 0.3124557
757 0.01782051
758 0.001362273
759 0.1529937
760 0.3195911
761 0.1175316
762 0.05142494
763 0.04931189
764 0.06525029
765 0.003336358
766 0.006505434
767 0.03923033
768 0.04651802
769 0.09129334
770 0.05382371
771 0.03011471
772 0.004891062
773 0.7421408
774 0.0147957
775 0.6486245
776 0.01107029
777 0.7540281
778 0.1735316
779 0.2877823
780 0.3099468
781 0.008956384
782 0.1477483
783 0.03475019
784 0.0517206
785 0.01682387
786 0.1200331
787 0.1952422
788 0.07886086
789 0.01010041
790 0.01579739
791 0.4021209
792 0.01884835
793 0.007107363
794 0.01397204
795 0.3029942
796 0.002068022
797 0.01597787
798 0.05292759
799 0.2264369
800 0.972157
801 0.5341202
802 0.9820786
803 0.05259366
804 0.04162697
805 0.2530614
806 0.01704675
807 0.007366174
808 0.3957745
809 0.0475992
810 0.1223144
811 0.1670701
812 0.03535527
813 0.2301485
814 0.03856583
815 0.007477953
816 0.8083438
817 0.01917286
818 0.002208059
819 0.3227115
820 0.04860634
821 0.3334356
822 0.02667711
823 0.2539271
824 0.5497016
825 0.000934532
826 0.03359508
827 0.7469519
828 0.005414278
829 0.03034417
830 0.002051225
831 0.01465283
832 0.01106374
833 0.2051285
834 0.4685306
835 0.06273277
836 0.4564217
837 0.1878615
838 0.0068818
839 0.002911447
840 0.001362282
841 0.004915487
842 0.07443055
843 0.951823
844 0.01548376
845 0.4353891
846 0.01701338
847 0.07883084
848 0.005005187
849 0.09471027
850 0.04819649
851 0.01244949
852 0.1336834
853 0.0004916685
854 0.05597213
855 0.02481147
856 0.03207607
857 0.007321799
858 0.09007826
859 0.04929877
860 0.02285236
861 0.9510653
862 0.9438918
863 0.3923813
864 0.005106331
865 0.0165801
866 0.6494883
867 0.006359375
868 0.02499717
869 0.417573
870 0.05944545
871 0.5781983
872 0.59147
873 0.2518161
874 0.3685406
875 0.003028628
876 0.4517653
877 0.02620567
878 0.1387147
879 0.7753464
880 0.006865896
881 0.02408776
882 0.4540247
883 0.05573449
884 0.002965165
885 0.04215337
886 0.5776477
887 0.003620633
888 0.04173817
889 0.03748253
890 0.0262232
891 0.03593904
892 0.839724
893 0.2194627
894 0.1845758
895 0.6085216
896 0.218372
897 0.04967283
898 0.7740796
899 0.02926972
900 0.2285847
901 0.5728977
902 0.005316096
903 0.07908244
904 0.2610094
905 0.1011895
906 0.002498905
907 0.2089092
908 0.008673736
909 0.1071894
910 0.8193624
911 0.04812504
912 0.3155512
913 0.217316
914 0.001597482
915 0.485317
916 0.0227473
917 0.04163123
918 0.07111243
919 0.004476427
920 0.4898884
921 0.3146596
922 0.8548602
923 0.347559
924 0.6152848
925 0.1315865
926 0.03729673
927 0.6744526
928 0.5767474
929 0.170316
930 0.4697918
931 0.4167266
932 0.1549877
933 0.108481
934 0.7893668
935 0.01084949
936 0.04051861
937 0.010204
938 0.1414957
939 0.7487312
940 0.03942197
941 0.001526028
942 0.001628473
943 0.5289664
944 0.07394107
945 0.1352349
946 0.3080686
947 0.1315068
948 0.623999
949 0.2973266
950 0.2693282
951 0.06792816
952 0.02894924
953 0.2665143
954 0.02938026
955 0.1329655
956 0.03275649
957 0.02306151
958 0.001985603
959 0.06810055
960 0.01535833
961 0.006989347
962 0.01858485
963 0.00131721
964 0.4234505
965 0.0129896
966 0.2125055
967 0.07624149
968 0.0184761
969 0.05930112
970 0.01573685
971 0.004845609
972 0.003166093
973 0.8412782
974 0.04853064
975 0.887977
976 0.4783548
977 0.2771131
978 0.6106181
979 0.7425062
980 0.1228486
981 0.1794073
982 0.03263188
983 0.01497695
984 0.0197874
985 0.03496557
986 0.04122283
987 0.1093379
988 0.005078115
989 0.7907693
990 0.00658042
991 0.08289398
992 0.977448
993 0.03185756
994 0.0163583
995 0.009149849
996 0.02744829
997 0.02381292
998 0.2282227
999 0.3131999
1000 0.08861785
1001 0.0006215089
1002 0.02709736
1003 0.4498247
1004 0.6358874
1005 0.5283863
1006 0.03227767
1007 0.1162096
1008 0.08933888
1009 0.03427101
1010 0.4964454
1011 0.5436746
1012 0.03566801
1013 0.1035651
1014 0.05413204
1015 0.04234955
1016 0.4322401
1017 0.6924372
1018 0.2205726
1019 0.1083332
1020 0.6126865
1021 0.02638637
1022 0.8805586
1023 0.2249685
1024 0.05477973
1025 0.7321104
1026 0.3676321
1027 0.1248949
1028 0.1161766
1029 0.1048391
1030 0.01293744
1031 0.7476893
1032 0.004729256
1033 0.004747143
1034 0.8969209
1035 0.02987504
1036 0.03282338
1037 0.0111833
1038 0.005209926
1039 0.07086199
1040 0.09526133
1041 0.1464
1042 0.5947446
1043 0.2573584
1044 0.005119428
1045 0.0205063
1046 0.02498035
1047 0.04712288
1048 0.03993187
1049 0.003213833
1050 0.01376075
1051 0.02427319
1052 0.2703326
1053 0.006549883
1054 0.9893901
1055 0.0009647104
1056 0.1763565
1057 0.02260847
1058 0.01301599
1059 0.01494922
1060 0.7053384
1061 0.5855819
1062 0.2515557
1063 0.124171
1064 0.05832687
1065 0.2626452
1066 0.009587018
1067 0.005714403
1068 0.02037344
1069 0.02546686
1070 0.1927467
1071 0.4766459
1072 0.01580417
1073 0.01754668
1074 0.06755206
1075 0.1074955
1076 0.2076877
1077 0.5697138
1078 0.07491898
1079 0.02786963
1080 0.2345643
1081 0.0009217161
1082 0.7442742
1083 0.02017448
1084 0.02063296
1085 0.02016986
1086 0.04145306
1087 0.6327856
1088 0.154652
1089 0.931552
1090 0.2584947
1091 0.0008426277
1092 0.0008090539
1093 0.01371003
1094 0.7295864
1095 0.8812882
1096 0.08187161
1097 0.00612675
1098 0.1520176
1099 0.02322394
1100 0.1500923
1101 0.07026388
1102 0.003047813
1103 0.2142321
1104 0.7333688
1105 0.5682175
1106 0.9661423
1107 0.02014305
1108 0.02498553
1109 0.003406709
1110 0.05467888
1111 0.2974664
1112 0.0381954
1113 0.001760063
1114 0.004590472
1115 0.01862622
1116 0.00302391
1117 0.0001264031
1118 0.0502141
1119 0.02200728
1120 0.6338948
1121 0.2090622
1122 0.03399239
1123 0.6287057
1124 0.03069851
1125 0.4828842
1126 0.7058159
1127 0.00172714
1128 0.0009335882
1129 0.297822
1130 0.0007458362
1131 0.9627753
1132 0.02158693
1133 0.2217445
1134 0.02168104
1135 0.9456553
1136 0.2206616
1137 0.04910066
1138 0.5697054
1139 0.0006240802
1140 0.08538029
1141 0.2675271
1142 0.04041323
1143 0.01964601
1144 0.005223754
1145 0.03077072
1146 0.3059147
1147 0.2604846
1148 0.08514533
1149 0.07809745
1150 0.04697379
1151 0.001176103
1152 0.04058168
1153 0.9280077
1154 0.1007222
1155 0.004466422
1156 0.04289683
1157 0.2208394
1158 0.003608565
1159 0.009582082
1160 0.01755156
1161 0.08105877
1162 0.5687628
1163 0.2860326
1164 0.4176338
1165 0.005050288
1166 0.05406045
1167 0.001285627
1168 0.1428272
1169 0.02526045
1170 0.02490098
1171 0.9560245
1172 0.2149528
1173 0.7835937
1174 0.09847403
1175 0.02707783
1176 0.006650692
1177 0.02648379
1178 0.04097698
1179 0.04879343
1180 0.6877069
1181 0.1634877
1182 0.004354459
1183 0.00323868
1184 0.01825971
1185 0.2249708
1186 0.1596548
1187 0.3181744
1188 0.1123907
1189 0.7829757
1190 0.7955632
1191 0.01916217
1192 0.1601516
1193 0.1042085
1194 0.495932
1195 0.08493992
1196 0.0345177
1197 0.4864275
1198 0.9273003
1199 0.2224077
1200 0.004484423
1201 0.1472146
1202 0.04514001
1203 0.8199204
1204 0.2993368
1205 0.01560268
1206 0.03023615
1207 5.642486e-05
1208 0.2194948
1209 0.01275901
1210 0.7968377
1211 0.7215265
1212 0.03189722
1213 0.02862047
1214 0.04919225
1215 0.1262627
1216 0.1192639
1217 7.588804e-05
1218 0.001141434
1219 0.09031926
1220 0.274526
1221 0.3869085
1222 0.482647
1223 0.01460267
1224 0.000328835
1225 0.2187105
1226 0.009626546
1227 0.9657034
1228 0.007138395
1229 0.1875989
1230 0.006391312
1231 0.04713435
1232 0.8921518
1233 0.3800765
1234 0.184592
1235 0.181747
1236 0.4737644
1237 0.1267242
1238 0.1999346
1239 0.07235669
1240 0.05541758
1241 0.146561
1242 0.4233017
1243 0.3743803
1244 0.1775319
1245 0.03255413
1246 0.983145
1247 0.00458398
1248 0.002586047
1249 0.3465621
1250 0.3538705
1251 0.03803188
1252 0.7876659
1253 0.1851249
1254 0.01505368
1255 0.03931026
1256 0.9017126
1257 0.5568886
1258 0.1469672
1259 0.0496549
1260 0.01082528
1261 0.09498735
1262 0.00454727
1263 0.6806373
1264 0.8364091
1265 0.4448966
1266 0.5645288
1267 0.3212692
1268 0.8418967
1269 0.02003227
1270 0.07356399
1271 0.09167373
1272 0.1000513
1273 0.04654918
1274 0.02090029
1275 0.00311971
1276 0.001727991
1277 0.009223356
1278 0.177442
1279 0.05423284
1280 0.003828357
1281 0.1098777
1282 0.5436468
1283 0.001373245
1284 0.127163
1285 0.004930296
1286 0.02425619
1287 0.03337272
1288 0.1997995
1289 0.04616178
1290 0.01143433
1291 0.3439881
1292 0.09612085
1293 0.04370613
1294 0.02530649
1295 0.02832885
1296 0.8474696
1297 0.00621683
1298 0.001328614
1299 0.003948844
1300 0.3099266
1301 0.3860306
1302 0.3453247
1303 0.02610772
1304 0.03094782
1305 0.4224282
1306 0.02398671
1307 0.418463
1308 0.003622154
1309 0.5675421
1310 0.01811867
1311 0.2588655
1312 0.04194339
1313 0.3469467
1314 0.9386495
1315 0.9244626
1316 0.02663907
1317 0.4413753
1318 0.1860197
1319 0.667116
1320 0.2997997
1321 0.0179733
1322 0.04581233
1323 0.03245089
1324 0.1670686
1325 0.002708679
1326 0.7442911
1327 0.4804504
1328 0.2593877
1329 0.1497434
1330 0.4206428
1331 0.1361245
1332 0.04198011
1333 0.1093465
1334 0.04287295
1335 0.0619923
1336 0.2186086
1337 0.4929867
1338 0.59932
1339 0.06204107
1340 0.04210913
1341 0.003828255
1342 0.02925586
1343 0.0813791
1344 0.1046314
1345 0.01345161
1346 0.01800449
1347 0.017991
1348 0.001718827
1349 0.04180551
1350 0.005318846
1351 0.8148133
1352 0.0210327
1353 0.06672657
1354 0.1849159
1355 0.09341629
1356 0.002380587
1357 0.1259723
1358 0.2379734
1359 0.5122091
1360 0.009318697
1361 0.3694137
1362 0.004688032
1363 0.8181453
1364 0.02239905
1365 0.00600297
1366 0.1067071
1367 0.7518625
1368 0.863835
1369 0.7685326
1370 0.08727396
1371 0.06963449
1372 0.4862947
1373 0.8010548
1374 0.2135731
1375 0.02321896
1376 0.6419144
1377 0.04405156
1378 0.8885678
1379 0.009259736
1380 0.5141425
1381 0.009285849
1382 0.1116962
1383 0.4390243
1384 0.04723438
1385 0.01493186
1386 0.002725879
1387 0.6671035
1388 0.0105469
1389 0.01472088
1390 0.04635752
1391 0.02342962
1392 0.0104246
1393 0.1564077
1394 0.01671219
1395 0.2597234
1396 0.4818096
1397 0.187532
1398 0.003086208
1399 0.07055745
1400 0.8976505
1401 0.327886
1402 0.14138
1403 0.2459102
1404 0.04299886
1405 0.3728066
1406 0.006439942
1407 0.001041782
1408 0.006032053
1409 0.03729233
1410 0.01258721
1411 0.1029086
1412 0.09973806
1413 0.01319596
1414 0.979167
1415 0.03771145
1416 0.04602334
1417 0.2163143
1418 0.5232428
1419 0.2712965
1420 0.554186
1421 0.02462786
1422 0.01884424
1423 0.3843991
1424 0.5037168
1425 0.4106236
1426 0.06057259
1427 0.298851
1428 0.006408215
1429 0.06352428
1430 0.007075749
1431 0.06442808
1432 0.002854188
1433 0.03958631
1434 0.03015395
1435 0.2557145
1436 0.008326544
1437 0.001263284
1438 0.00250628
1439 0.7741179
1440 0.03566731
1441 0.05194366
1442 0.6595869
1443 0.7373008
1444 0.2606497
1445 0.5839591
1446 0.01030447
1447 0.03946981
1448 0.2328343
1449 0.01310004
1450 0.02205137
1451 0.0279647
1452 0.003582951
1453 0.3351754
1454 0.01389254
1455 0.03855022
1456 0.4179981
1457 0.006731026
1458 0.002324971
1459 0.07162546
1460 0.009850922
1461 0.02217347
1462 0.9791346
1463 0.5107806
1464 0.002124059
1465 0.0857323
1466 0.9012374
1467 0.05266001
1468 0.006433611
1469 0.0214473
1470 0.001830259
1471 0.5032482
1472 0.02081245
1473 0.1267669
1474 0.002349887
1475 0.1061376
1476 0.1253733
1477 0.1678398
1478 0.02866283
1479 0.02001403
1480 0.1755757
1481 0.02078448
1482 0.002746987
1483 0.02737149
1484 0.004225872
1485 0.8337031
1486 0.5084804
1487 0.1361772
1488 0.02783975
1489 0.003613477
1490 0.5554348
1491 0.05623563
1492 0.7577238
1493 0.02623886
1494 0.3699971
1495 0.1841282
1496 0.01040481
1497 0.2124715
1498 0.01538778
1499 0.02106679
1500 0.0002735249
1501 0.01027581
1502 0.02039556
1503 0.007509605
1504 0.9191947
1505 0.2183243
1506 0.03188389
1507 0.1868828
1508 0.01254082
1509 0.07778567
1510 0.01433178
1511 0.00224389
1512 0.9811278
1513 0.2836826
1514 0.03902639
1515 0.01018358
1516 0.278304
1517 0.01645376
1518 0.3128574
1519 0.03876103
1520 0.0001591543
1521 0.01489041
1522 0.02043591
1523 0.002713421
1524 0.901819
1525 0.8220539
1526 0.0210121
1527 0.01834204
1528 0.01200306
1529 0.0009519121
1530 0.05838936
1531 0.1748141
1532 0.1379582
1533 0.01522064
1534 0.4018936
1535 0.08467983
1536 0.001769589
1537 0.107765
1538 0.01996255
1539 0.4532894
1540 0.007909793
1541 0.05166678
1542 0.08424012
1543 0.01719139
1544 0.2998738
1545 0.03418729
1546 0.04694192
1547 0.001061938
1548 0.09186018
1549 0.105503
1550 0.01811966
1551 0.09815183
1552 0.020134
1553 0.02632808
1554 0.5891144
1555 0.3181432
1556 0.09316974
1557 0.01340851
1558 0.263119
1559 0.313516
1560 0.3851621
1561 0.04798501
1562 0.05217857
1563 0.03670777
1564 0.5137434
1565 0.0346022
1566 0.01822666
1567 0.7054428
1568 0.02578756
1569 0.02081763
1570 0.03362297
1571 0.04018013
1572 0.0005499978
1573 0.2856743
1574 0.06404445
1575 0.01619768
1576 0.1918622
1577 0.001131589
1578 0.1901177
1579 0.2550357
1580 0.02584745
1581 0.6887184
1582 0.0484358
1583 0.5250331
1584 0.002913052
1585 0.1935731
1586 0.03208062
1587 0.1465168
1588 0.01580036
1589 0.00541826
1590 0.0152807
1591 0.9983049
1592 0.2115643
1593 0.3698125
1594 0.1195813
1595 0.003591826
1596 0.2001971
1597 0.004158784
1598 0.4164444
1599 0.1028802
1600 0.1967491
1601 0.2294775
1602 0.2187624
1603 0.2047682
1604 0.7118817
1605 0.3225319
1606 0.1967707
1607 0.003097722
1608 0.01834913
1609 0.3906291
1610 0.02934199
1611 0.4888584
1612 0.368149
1613 0.05698599
1614 0.05013837
1615 0.07568723
1616 0.0161354
1617 0.1432588
1618 0.1182016
1619 0.04911466
1620 0.7853697
1621 0.1898271
1622 0.01654483
1623 0.05318358
1624 0.1395617
1625 0.02466957
1626 0.02720167
1627 0.02574846
1628 0.829892
1629 0.08553199
1630 0.01123631
1631 0.1244771
1632 0.1071268
1633 0.1114081
1634 0.5388593
1635 0.4703189
1636 0.03159021
1637 0.8691633
1638 0.02698098
1639 0.001698663
1640 0.2730834
1641 0.09481702
1642 0.3066058
1643 0.2502163
1644 0.5775579
1645 0.006490023
1646 0.03680781
1647 0.01275373
1648 0.02943114
1649 0.2646166
1650 0.003215925
1651 0.02998615
1652 0.02186751
1653 0.102793
1654 0.02543433
1655 0.490305
1656 0.001196205
1657 0.03448941
1658 0.03898227
1659 0.004975374
1660 0.003823625
1661 0.0002430047
1662 0.01184926
1663 0.4225309
1664 0.8130171
1665 0.03927776
1666 0.1343842
1667 0.01918388
1668 0.2721164
1669 0.01421889
1670 0.9935884
1671 0.4097474
1672 0.03852791
1673 0.5155875
1674 0.001564487
1675 0.04740958
1676 0.02066833
1677 0.9428701
1678 0.02843169
1679 0.1049893
1680 0.03787308
1681 0.0005819172
1682 0.002705876
1683 0.07299926
1684 0.01237255
1685 0.9445117
1686 0.004284194
1687 0.004561323
1688 0.07582397
1689 0.05598916
1690 0.008829842
1691 0.1607431
1692 0.01947939
1693 0.03911188
1694 0.02177549
1695 0.2669077
1696 0.01881039
1697 0.01733676
1698 0.05241942
1699 0.07838957
1700 0.9274845
1701 0.00227089
1702 0.03716182
1703 0.03821698
1704 0.6937887
1705 0.8031106
1706 0.009807106
1707 0.001285569
1708 0.001547209
1709 0.1458475
1710 0.02426028
1711 0.1394275
1712 0.9821372
1713 0.004241695
1714 0.003523123
1715 0.03327831
1716 0.5522301
1717 0.0007624371
1718 0.00387187
1719 0.009626316
1720 0.3596672
1721 0.7399527
1722 0.01719819
1723 0.4049417
1724 0.418724
1725 0.02849957
1726 0.1986528
1727 0.002726911
1728 0.004566767
1729 0.8526315
1730 0.003814977
1731 0.7073571
1732 0.1769257
1733 0.02079786
1734 0.234111
1735 0.003677569
1736 0.4554286
1737 0.002018985
1738 0.02238475
1739 0.2971809
1740 0.846132
1741 0.02452213
1742 0.1677907
1743 0.5131282
1744 0.01979065
1745 0.01233641
1746 0.1759051
1747 0.02545337
1748 0.0498571
1749 0.9145382
1750 0.00543361
1751 0.2813072
1752 0.04930985
1753 0.01921377
1754 0.01197643
1755 0.2660936
1756 0.192469
1757 0.01225503
1758 0.5657471
1759 0.1449199
1760 0.5856116
1761 0.002663417
1762 0.4487417
1763 0.02011765
1764 0.6989246
1765 0.004190675
1766 0.8591124
1767 0.04213457
1768 0.6606571
1769 0.3135646
1770 0.036065
1771 0.003672677
1772 0.009416375
1773 0.1452272
1774 0.2333775
1775 0.0361832
1776 0.005953583
1777 0.007280568
1778 0.260589
1779 0.003867615
1780 0.7121277
1781 0.7063899
1782 0.4546152
1783 0.1111385
1784 0.02161348
1785 0.8872499
1786 0.01835125
1787 0.7031583
1788 0.007204916
1789 0.212115
1790 0.006730884
1791 0.1953374
1792 0.01990255
1793 0.003937342
1794 0.02365203
1795 0.014878
1796 0.5372715
1797 0.3346713
1798 0.6429043
1799 0.6526505
1800 0.003678304
1801 0.06094309
1802 0.05544668
1803 0.01485259
1804 0.01778746
1805 0.03479451
1806 0.02289275
1807 0.002431752
1808 0.9665014
1809 0.4543359
1810 0.2147427
1811 0.0129961
1812 0.06602453
1813 0.05152321
1814 0.02580098
1815 0.03463211
1816 0.8300704
1817 0.02533043
1818 0.1510907
1819 0.1045197
1820 0.3589456
1821 0.08519194
1822 0.006712629
1823 0.005820833
1824 0.006595358
1825 0.5228457
1826 0.7347769
1827 0.3082556
1828 0.02780785
1829 0.02160115
1830 0.03864087
1831 0.002735239
1832 0.01726852
1833 0.09677408
1834 0.3973894
1835 0.001266174
1836 0.1017392
1837 0.004863669
1838 0.06560624
1839 0.05330952
1840 0.005393674
1841 0.1706313
1842 0.009335969
1843 0.5014139
1844 0.02124672
1845 0.02305143
1846 0.02745367
1847 0.03649358
1848 0.1045617
1849 0.5544993
1850 0.05523571
1851 0.06113109
1852 0.8590747
1853 0.7222111
1854 0.1959258
1855 0.04520391
1856 0.08008393
1857 0.03221392
1858 0.01562131
1859 0.5596572
1860 0.5874012
1861 0.6508178
1862 0.008156178
1863 0.4537994
1864 0.0171574
1865 0.1838322
1866 0.003296291
1867 0.03821124
1868 0.4711538
1869 0.02097866
1870 0.2053429
1871 0.2231015
1872 0.006098161
1873 0.8039591
1874 0.0028098
1875 0.299203
1876 0.04776709
1877 0.03917059
1878 0.004489644
1879 0.004874288
1880 0.1842071
1881 0.008819167
1882 0.08248448
1883 0.3455976
1884 0.1328118
1885 0.02909889
1886 0.1768764
1887 0.09197873
1888 0.09460736
1889 0.02481267
1890 0.3005628
1891 0.1465048
1892 0.01874695
1893 0.04640235
1894 0.09037501
1895 0.05408614
1896 0.9067572
1897 0.3159866
1898 0.2945289
1899 0.1248863
1900 0.02237455
1901 0.005562241
1902 0.01180114
1903 0.8752929
1904 0.01344225
1905 0.1260567
1906 0.3009764
1907 0.0256474
1908 0.0552482
1909 0.001595305
1910 0.7898259
1911 0.4839692
1912 0.3859109
1913 0.002292329
1914 0.03471022
1915 0.4657468
1916 0.8563925
1917 0.007107931
1918 0.0262092
1919 0.1332392
1920 0.9280513
1921 0.5861359
1922 0.8300061
1923 0.04375959
1924 0.4943901
1925 0.06430789
1926 0.01745038
1927 0.1291248
1928 0.03525146
1929 0.02749239
1930 0.5603897
1931 0.02530314
1932 0.01454512
1933 0.3600795
1934 0.04143939
1935 0.8524664
1936 0.3247996
1937 0.03604242
1938 0.409582
1939 0.0265148
1940 0.002241825
1941 0.04773169
1942 0.07714216
1943 0.153277
1944 0.1360717
1945 0.05489336
1946 0.02783717
1947 0.01763259
1948 0.7483459
1949 0.8083768
1950 0.0889621
1951 0.001931924
1952 0.007903731
1953 0.5684076
1954 0.5481242
1955 0.0009830073
1956 0.5873214
1957 0.03636381
1958 0.1981819
1959 0.06613603
1960 0.0113177
1961 0.3054133
1962 0.03525671
1963 0.03799445
1964 0.1092643
1965 0.01756855
1966 0.01346639
1967 0.0008622788
1968 0.006036753
1969 0.006769458
1970 0.03662266
1971 0.05236689
1972 0.00694329
1973 0.9548121
1974 0.990016
1975 0.02175512
1976 0.01394237
1977 0.2486913
1978 0.02210827
1979 0.01779397
1980 0.02944173
1981 0.03704891
1982 0.003527042
1983 0.07412056
1984 0.8694145
1985 0.4635917
1986 0.01392711
1987 0.01327763
1988 0.02906834
1989 0.02939572
1990 0.3385373
1991 0.3490546
1992 0.6934932
1993 0.531014
1994 0.4730836
1995 0.3283382
1996 0.005153226
1997 0.831099
1998 0.9617338
1999 0.1074153
2000 0.02367675
2001 0.02536964
2002 0.04501588
2003 0.1477359
2004 0.1503984
2005 0.193009
2006 0.2459291
2007 0.5324542
2008 0.009880897
2009 0.5641927
2010 0.009756453
2011 0.02667085
2012 0.0007957743
2013 0.01557373
2014 0.3786058
2015 0.4448033
2016 0.4628147
2017 0.8524737
2018 0.9789105
2019 0.5683926
2020 0.03027456
2021 0.2705164
2022 0.8894797
2023 0.0757865
2024 0.02593989
2025 0.2609409
2026 0.02091916
2027 0.01656682
2028 0.03664679
2029 0.6224258
2030 0.1537475
2031 0.1236788
2032 0.01277946
2033 0.7589863
2034 0.02335101
2035 0.001276977
2036 0.4150485
2037 0.07167032
2038 0.6351814
2039 0.06561251
2040 0.07248964
2041 0.3124143
2042 0.005104535
2043 0.01941798
2044 0.04087266
2045 0.005926051
2046 0.003430442
2047 0.813516
2048 0.01572884
2049 0.02383237
2050 0.02290437
2051 0.3018369
2052 0.007612505
2053 0.7234819
2054 0.9884039
2055 0.08346522
2056 0.004301734
2057 0.06266131
2058 0.3263569
2059 0.01153103
2060 0.3158557
2061 0.03387347
2062 0.04254972
2063 0.0799509
2064 0.009226788
2065 0.003662085
2066 0.2737881
2067 0.7411882
2068 0.9122194
2069 0.2250382
2070 0.1000435
2071 0.2405229
2072 0.003107885
2073 0.3733009
2074 0.7755765
2075 0.06042629
2076 0.02127634
2077 0.8134534
2078 0.05804669
2079 0.01929229
2080 0.01685412
2081 0.0295902
2082 0.005599746
2083 0.0166915
2084 0.07898542
2085 0.8811565
2086 0.2466241
2087 0.006489673
2088 0.01447422
2089 0.005976776
2090 0.0363984
2091 0.6921511
2092 0.002881015
2093 0.9908259
2094 0.4913647
2095 0.08796545
2096 0.07575961
2097 0.1015618
2098 0.04024905
2099 0.002093405
2100 0.02995988
2101 0.0589192
2102 0.1095681
2103 0.7337437
2104 0.363401
2105 0.01375449
2106 0.733332
2107 0.009509779
2108 0.003728862
2109 0.004386967
2110 0.006195334
2111 0.1598435
2112 0.03758616
2113 0.04307827
2114 0.3477093
2115 0.06432191
2116 0.04662215
2117 0.381203
2118 0.2551599
2119 0.7875747
2120 0.008131342
2121 0.05129007
2122 0.008490965
2123 0.2623267
2124 0.07236408
2125 0.002707892
2126 0.2775829
2127 0.000292132
2128 0.08861988
2129 0.8011554
2130 0.01202948
2131 0.01673588
2132 0.00327277
2133 0.06044795
2134 0.1476705
2135 0.02259827
2136 0.01755436
2137 0.06576773
2138 0.2782388
2139 0.002285192
2140 0.567822
2141 0.02096804
2142 0.05650316
2143 0.01086582
2144 0.05512908
2145 0.01411743
2146 0.001093414
2147 0.1109132
2148 0.1630619
2149 0.0525788
2150 0.1111298
2151 0.02626089
2152 0.1091943
2153 0.07168263
2154 0.006436451
2155 0.1917687
2156 0.08300647
2157 0.02928381
2158 0.01508247
2159 0.1747955
2160 0.01249978
2161 0.3594967
2162 0.210043
2163 0.01041669
2164 0.008537169
2165 0.8764288
2166 0.04587272
2167 0.4654333
2168 0.8585105
2169 0.05105928
2170 0.4107535
2171 0.0330657
2172 0.004375476
2173 0.0242611
2174 0.002901388
2175 0.8563333
2176 0.002740239
2177 0.8559868
2178 0.2105708
2179 0.4594738
2180 0.02505504
2181 0.1970168
2182 0.001532269
2183 0.1760659
2184 0.06576849
2185 0.04511467
2186 0.6203402
2187 0.06073933
2188 0.01809348
2189 0.9467616
2190 0.002530186
2191 0.02658502
2192 0.2281734
2193 0.0003326227
2194 0.1398344
2195 0.05858869
2196 0.007372291
2197 0.2335468
2198 0.0297109
2199 0.6921676
2200 0.7506575
2201 0.1083151
2202 0.01311553
2203 0.01455536
2204 0.004215287
2205 0.005178003
2206 0.01027752
2207 0.01880008
2208 0.1082622
2209 0.08060577
2210 0.1014919
2211 0.167258
2212 0.4437835
2213 0.1908132
2214 0.07046178
2215 0.002614335
2216 0.1201004
2217 0.6573276
2218 0.6597394
2219 0.2327343
2220 0.01828277
2221 0.04233354
2222 0.1093753
2223 0.8508953
2224 0.1605899
2225 0.08975858
2226 0.01389653
2227 0.001922899
2228 0.01952524
2229 0.8935345
2230 0.001244821
2231 0.02196508
2232 0.2146499
2233 0.4666421
2234 0.01863734
2235 0.02268098
2236 0.0004770718
2237 0.235573
2238 0.01231521
2239 0.08253764
2240 0.004056554
2241 0.00382879
2242 0.03238518
2243 0.01418853
2244 0.9958884
2245 0.0154957
2246 0.001185973
2247 0.01792218
2248 0.02077939
2249 0.1745379
2250 0.03713162
2251 0.003234517
2252 0.1085996
2253 0.02031172
2254 0.3395017
2255 0.4711757
2256 0.02226384
2257 0.009502441
2258 0.0002102473
2259 0.07984157
2260 0.03916223
2261 0.03370861
2262 0.04734601
2263 0.1167715
2264 0.03166166
2265 0.002406425
2266 0.02735975
2267 0.5723042
2268 0.0144353
2269 0.002305905
2270 0.1488484
2271 0.2573311
2272 0.5032749
2273 0.001723316
2274 0.05294083
2275 0.05387574
2276 0.6332528
2277 0.0212765
2278 0.04959824
2279 0.06975249
2280 0.02479074
2281 0.4366208
2282 0.2736912
2283 0.03424657
2284 0.6196068
2285 0.1304626
2286 0.003691002
2287 0.2120297
2288 0.00185001
2289 0.008303033
2290 0.002280705
2291 0.5228684
2292 0.190362
2293 0.2065949
2294 0.05834285
2295 0.492958
2296 0.1718233
2297 0.06813822
2298 0.05075279
2299 0.02144753
2300 0.0366639
2301 0.5878471
2302 0.1275384
2303 0.1185195
2304 0.6814439
2305 0.01534591
2306 0.2675051
2307 0.3305466
2308 0.5880765
2309 0.002827887
2310 0.7817836
2311 0.1178478
2312 0.06800952
2313 0.2098505
2314 0.1035036
2315 0.5930206
2316 0.5302226
2317 0.01581748
2318 0.02849285
2319 0.7078602
2320 0.6795369
2321 0.734847
2322 0.02645747
2323 0.3113496
2324 0.02428502
2325 0.006657193
2326 0.4658831
2327 0.03355693
2328 0.007980981
2329 0.003769291
2330 0.001228731
2331 0.1085733
2332 0.02417434
2333 0.2173013
2334 0.05715166
2335 0.06275795
2336 0.5812509
2337 0.8918569
2338 0.8051256
2339 0.03675686
2340 0.02574401
2341 0.1990194
2342 0.01894078
2343 0.02989809
2344 0.06428333
2345 0.7683724
2346 0.09841513
2347 0.09331831
2348 0.09706612
2349 0.08435522
2350 0.0007402148
2351 0.2643319
2352 0.0877393
2353 0.02996673
2354 0.01405703
2355 0.06009221
2356 0.01982672
2357 0.555506
2358 0.0026826
2359 0.002085406
2360 0.8585523
2361 0.9924341
2362 0.03251416
2363 0.04068319
2364 0.06561337
2365 0.9171845
2366 0.15482
2367 0.003447608
2368 0.02675044
2369 0.002644334
2370 0.04127477
2371 0.01564904
2372 0.5351607
2373 0.00149088
2374 0.437299
2375 0.1975408
2376 0.001748513
2377 0.2726795
2378 0.3882567
2379 0.01588261
2380 0.2125368
2381 0.6477032
2382 0.4831991
2383 0.05586713
2384 0.1902877
2385 0.3982333
2386 0.4504209
2387 0.7393743
2388 0.00184292
2389 0.1494418
2390 0.0605414
2391 0.01750154
2392 0.004009917
2393 0.1750706
2394 0.4462057
2395 0.01309614
2396 0.2926944
2397 0.0005230475
2398 0.1789663
2399 0.03396701
2400 0.07337175
2401 0.0220142
2402 0.6253767
2403 0.001291527
2404 0.467001
2405 0.1425865
2406 0.1276892
2407 9.095647e-05
2408 0.5499563
2409 0.456594
2410 0.04102574
2411 0.007733702
2412 0.05061245
2413 0.04475256
2414 0.08194288
2415 0.001577759
2416 0.04605239
2417 0.1536526
2418 0.2599499
2419 0.01674256
2420 0.02082376
2421 0.6378813
2422 0.2758917
2423 0.1093981
2424 0.864079
2425 0.8365915
2426 0.07479077
2427 0.002993676
2428 0.6071169
2429 0.4220028
2430 0.01673996
2431 0.02830053
2432 0.7035628
2433 0.2560721
2434 0.7985664
2435 0.01614716
2436 0.04945945
2437 0.02425105
2438 0.01087391
2439 0.0146636
2440 0.703097
2441 0.001771298
2442 0.9826246
2443 0.1469853
2444 0.08441636
2445 0.0137362
2446 0.01466715
2447 0.005654678
2448 0.03489417
2449 0.01328826
2450 0.1148977
2451 0.0330097
2452 0.03425393
2453 0.00422545
2454 0.3798185
2455 0.04480968
2456 0.2551912
2457 0.03129749
2458 0.9501025
2459 0.00235061
2460 0.2384585
2461 0.1199269
2462 0.7660254
2463 0.701483
2464 0.1478892
2465 0.2791646
2466 0.09106851
2467 0.02070377
2468 0.7915336
2469 0.004432344
2470 0.4968208
2471 0.5282147
2472 0.2366827
2473 0.03842635
2474 0.6619571
2475 0.2247673
2476 0.03746138
2477 0.04124697
2478 0.01912981
2479 0.1114566
2480 0.1822222
2481 0.2467572
2482 0.02290008
2483 0.01535091
2484 0.439818
2485 0.006273802
2486 0.02078799
2487 0.03604891
2488 0.8354602
2489 0.455005
2490 0.006998117
2491 0.0184682
2492 0.1823947
2493 0.2256509
2494 0.07106105
2495 0.4408965
2496 0.02462806
2497 0.00364975
2498 0.01874555
2499 0.01392198
2500 0.01355276
2501 0.9603611
2502 0.5799374
2503 0.04321378
2504 0.06512983
2505 0.02158423
2506 0.002508324
2507 0.6315938
2508 0.2621436
2509 0.5264972
2510 0.001305312
2511 0.7935073
2512 0.00558593
2513 0.1535387
2514 0.04355922
2515 0.4652465
2516 0.03537344
2517 0.02633138
2518 0.1186904
2519 0.3279704
2520 0.02521014
2521 0.3859348
2522 0.5995766
2523 0.02156451
2524 0.002260304
2525 0.1041567
2526 0.005274393
2527 0.04013612
2528 0.0003563556
2529 0.3419259
2530 0.08315071
2531 0.01222923
2532 0.004475988
2533 0.03180157
2534 0.01372815
2535 0.2892377
2536 0.01506186
2537 0.06255694
2538 0.4173659
2539 0.003634432
2540 0.002906353
2541 0.01228006
2542 0.1217351
2543 0.06429614
2544 0.007693266
2545 0.04379667
2546 0.001747858
2547 0.09358848
2548 0.02714358
2549 0.4220304
2550 0.05129558
2551 0.02569774
2552 0.4846627
2553 0.02653352
2554 0.02249807
2555 0.5131624
2556 0.215256
2557 0.097758
2558 0.1435954
2559 0.3436721
2560 0.03959102
2561 0.08375954
2562 0.1990617
2563 0.08505756
2564 0.0114711
2565 0.02433625
2566 0.7947977
2567 0.005475291
2568 0.03069957
2569 0.003350765
2570 0.02979235
2571 0.6382317
2572 0.9440273
2573 0.0334
2574 0.558087
2575 0.1516595
2576 0.04075301
2577 0.9550691
2578 0.002452628
2579 0.1415788
2580 0.03891554
2581 0.03006006
2582 0.004840861
2583 0.2343569
2584 0.6062324
2585 0.6170258
2586 0.0224295
2587 0.03870746
2588 0.360069
2589 0.2324631
2590 0.7020042
2591 0.01084839
2592 0.05583312
2593 0.1596322
2594 0.04529481
2595 0.09872987
2596 0.04279813
2597 0.9866722
2598 0.0145304
2599 0.004758993
2600 0.7821928
2601 0.0236973
2602 0.05710769
2603 0.06803232
2604 0.1487453
2605 0.1127541
2606 0.06478379
2607 0.05090982
2608 0.1046169
2609 0.01209659
2610 0.01401274
2611 0.8069021
2612 0.238041
2613 0.1177978
2614 0.8865365
2615 0.06909102
2616 0.03775953
2617 0.4415896
2618 0.0334919
2619 0.007400171
2620 0.3924258
2621 0.9961225
2622 0.1019982
2623 0.02278454
2624 0.1377428
2625 0.02548608
2626 0.001061903
2627 0.004265796
2628 0.06502905
2629 0.1891279
2630 0.004669487
2631 0.03020675
2632 0.6320046
2633 0.2361557
2634 0.03790805
2635 0.4130296
2636 0.005670486
2637 0.02239734
2638 0.655557
2639 0.1699689
2640 0.05278343
2641 0.01507717
2642 0.4182453
2643 0.007990569
2644 0.189637
2645 0.6712748
2646 0.04731156
2647 0.1483475
2648 0.2089129
2649 0.6310105
2650 0.4272908
2651 0.08604469
2652 0.06594577
2653 0.03655029
2654 0.3012353
2655 0.1109056
2656 0.0526821
2657 0.8868897
2658 0.06865035
2659 0.001081716
2660 0.02689303
2661 0.8564138
2662 0.3375101
2663 0.01720361
2664 0.004740961
2665 0.003516007
2666 0.002902689
2667 0.8591156
2668 0.1362727
2669 0.2114031
2670 0.06702672
2671 0.004828871
2672 0.1336135
2673 0.723134
2674 0.008091336
2675 0.005152283
2676 0.1123561
2677 0.01611016
2678 0.04152601
2679 0.07153342
2680 0.001682469
2681 0.2176913
2682 0.122705
2683 0.08877284
2684 0.1698527
2685 0.005260357
2686 0.003097327
2687 0.05899446
2688 0.1443729
2689 0.04637623
2690 0.1818262
2691 0.02337527
2692 0.5942549
2693 0.009290527
2694 0.000506783
2695 0.5946054
2696 0.04841012
2697 0.01995716
2698 0.05979547
2699 0.9802169
2700 0.2111564
2701 0.09889799
2702 0.7409962
2703 0.0848946
2704 0.2729117
2705 0.39541
2706 0.02924417
2707 0.03205825
2708 0.03171151
2709 0.4257143
2710 0.04209999
2711 0.01953841
2712 0.02222489
2713 0.02284854
2714 0.2374662
2715 0.8987503
2716 0.5552941
2717 0.007703334
2718 0.06543919
2719 0.05009118
2720 0.2140406
2721 0.1095582
2722 0.05990787
2723 0.007459448
2724 0.01443795
2725 0.5259584
2726 0.01071292
2727 0.006806249
2728 0.09090667
2729 0.2457375
2730 0.9158684
2731 0.01915299
2732 0.1055345
2733 0.2478163
2734 0.02282234
2735 0.0006937874
2736 0.4425912
2737 0.7441861
2738 0.5322655
2739 0.3712767
2740 0.06447622
2741 0.02275158
2742 0.04464563
2743 0.006345604
2744 0.0251877
2745 0.04009388
2746 0.06831502
2747 0.01913605
2748 0.508374
2749 0.01974737
2750 0.03728663
2751 0.002415449
2752 0.1551943
2753 0.5290453
2754 0.8867873
2755 0.5208045
2756 0.002246467
2757 0.001375552
2758 0.04296618
2759 0.07274626
2760 0.00471054
2761 0.01275249
2762 0.5811096
2763 0.5484523
2764 0.0199354
2765 0.0230247
2766 0.5824986
2767 0.5379501
2768 0.03865663
2769 0.08259249
2770 0.04375949
2771 0.0003654978
2772 0.02184623
2773 0.04779617
2774 0.3632047
2775 0.2449925
2776 0.3475085
2777 0.08740053
2778 0.4624784
2779 0.1110816
2780 0.0328973
2781 0.004627337
2782 0.0265901
2783 0.51085
2784 0.007636539
2785 0.04870566
2786 0.001460931
2787 0.0672444
2788 0.5871559
2789 0.01414509
2790 0.002219484
2791 0.359782
2792 0.03262511
2793 0.001918596
2794 0.02519689
2795 0.1919937
2796 0.06465575
2797 0.2215701
2798 0.01996577
2799 0.07198087
2800 0.00870702
2801 0.191146
2802 0.003842664
2803 0.1815973
2804 0.003674607
2805 0.6587235
2806 0.009447861
2807 0.002659796
2808 0.01853057
2809 0.001288604
2810 0.02217465
2811 0.01996124
2812 0.01785509
2813 0.005478042
2814 0.4120098
2815 0.4986255
2816 0.02090263
2817 0.6393234
2818 0.002030193
2819 0.7196492
2820 0.1785431
2821 0.3393156
2822 0.02759835
2823 0.03678367
2824 0.2012498
2825 0.1072876
2826 0.2308183
2827 0.1553984
2828 0.01356702
2829 0.00900527
2830 0.003289369
2831 0.06230591
2832 0.06162284
2833 0.1287466
2834 0.006180406
2835 0.3298343
2836 0.03386456
2837 0.01677541
2838 0.00643742
2839 0.0188176
2840 0.1826582
2841 0.002695014
2842 0.1078264
2843 0.1201888
2844 0.5254141
2845 0.02882884
2846 0.1637996
2847 0.001509805
2848 0.002628176
2849 0.1153013
2850 0.8834071
2851 0.382773
2852 0.1449922
2853 0.04438678
2854 0.01468322
2855 0.02549894
2856 0.0004733737
2857 0.003143099
2858 0.6335493
2859 0.8474792
2860 0.00401397
2861 0.002450839
2862 0.04004672
2863 0.9072027
2864 0.03977517
2865 0.0110324
2866 0.02078057
2867 0.01388707
2868 0.002907926
2869 0.181418
2870 0.01612723
2871 0.0198622
2872 0.7726464
2873 0.4158827
2874 0.004678014
2875 0.01644497
2876 0.01134491
2877 0.01570526
2878 0.009048397
2879 0.81333
2880 0.3390906
2881 0.03573082
2882 0.02801984
2883 0.1589381
2884 0.04945963
2885 0.6594238
2886 0.006207654
2887 0.1276801
2888 0.02405434
2889 0.02030246
2890 0.2463677
2891 0.06656287
2892 0.02201407
2893 0.2055351
2894 0.865285
2895 0.002246973
2896 0.1189598
2897 0.9075482
2898 0.002382608
2899 0.03885474
2900 0.08014325
2901 0.5628745
2902 0.03337965
2903 0.03473349
2904 0.04319029
2905 0.03168803
2906 0.04155152
2907 0.02114681
2908 0.1575615
2909 0.3274517
2910 0.958042
2911 0.03225454
2912 0.001854572
2913 0.05077086
2914 0.001740435
2915 0.01199595
2916 0.5616196
2917 0.0004574084
2918 0.3340296
2919 0.425667
2920 0.02266127
2921 0.03153335
2922 0.4312527
2923 0.03247848
2924 0.01680117
2925 0.02476541
2926 0.007733058
2927 0.01545964
2928 0.02503167
2929 0.04671273
2930 0.04142402
2931 0.2429746
2932 0.07819888
2933 0.1266204
2934 0.018428
2935 0.1137738
2936 0.3867124
2937 0.03321991
2938 0.5541611
2939 0.9156001
2940 0.8794149
2941 0.01224772
2942 0.7700144
2943 0.06709817
2944 0.4461309
2945 0.8295104
2946 0.004286851
2947 0.2464132
2948 0.06087023
2949 0.1047895
2950 0.003535326
2951 0.2339514
2952 0.003639523
2953 0.0003104684
2954 0.02573838
2955 0.001668648
2956 0.1137338
2957 0.1568761
2958 0.001335811
2959 0.6534104
2960 0.004271872
2961 0.3599156
2962 0.2448918
2963 0.007060142
2964 0.935247
2965 0.01215364
2966 0.02018048
2967 0.2340263
2968 0.9900436
2969 0.003133454
2970 0.1701102
2971 0.9865476
2972 0.1501939
2973 0.5130738
2974 0.2921974
2975 0.1035425
2976 0.05021124
2977 0.0305745
2978 0.7859566
2979 0.1186039
2980 0.006082995
2981 0.4542857
2982 0.01581714
2983 0.6047064
2984 0.2981985
2985 0.02297708
2986 0.01693798
2987 0.4785027
2988 0.07911618
2989 0.004643412
2990 0.5360427
2991 0.1066106
2992 0.02104911
2993 0.03343259
2994 0.0128099
2995 0.1229516
2996 0.165211
2997 0.3487561
2998 0.1662686
2999 0.02020702
3000 0.02740313
3001 0.003930802
3002 0.001433992
3003 0.01347462
3004 0.03690495
3005 0.4898597
3006 0.01828315
3007 0.03656372
3008 0.004368231
3009 0.5860032
3010 0.9068247
3011 0.08939307
3012 0.02302317
3013 0.1814634
3014 0.01935114
3015 0.6231369
3016 0.0350612
3017 0.02298572
3018 0.3612434
3019 0.09401008
3020 0.1108602
3021 0.7385585
3022 0.01370388
3023 0.2528659
3024 0.01933092
3025 0.7989504
3026 0.02642599
3027 0.003466216
3028 0.2611209
3029 0.07079097
3030 0.7040557
3031 0.01812764
3032 0.8239991
3033 0.2156259
3034 0.2640993
3035 0.002944912
3036 0.7929117
3037 0.01844752
3038 0.008315018
3039 0.7328331
3040 0.2200646
3041 0.7414332
3042 0.8509483
3043 0.935902
3044 0.09816517
3045 0.04958884
3046 0.04142931
3047 0.03005065
3048 0.001700158
3049 0.1139679
3050 0.003502007
3051 0.0145137
3052 0.1285458
3053 0.9898368
3054 0.002259649
3055 0.1317984
3056 0.1468398
3057 0.4984407
3058 0.08033406
3059 0.0008288184
3060 0.2332239
3061 0.01396968
3062 0.006588163
3063 0.03088237
3064 0.0869587
3065 0.2912834
3066 0.7380547
3067 0.8962367
3068 0.6633697
3069 0.02371512
3070 0.1417029
3071 0.005016814
3072 0.274409
3073 0.03803497
3074 0.6033684
3075 0.02379409
3076 0.04244
3077 0.004776497
3078 0.8497132
3079 0.0463279
3080 0.3802454
3081 0.2665802
3082 0.6743314
3083 0.008617144
3084 0.3015765
3085 0.362175
3086 0.06443767
3087 0.3567647
3088 0.01482805
3089 0.0554819
3090 0.8877897
3091 0.30823
3092 0.009520519
3093 0.453553
3094 0.03136696
3095 0.02508061
3096 0.1045709
3097 0.5266783
3098 0.009322952
3099 0.1007527
3100 0.06551109
3101 0.0003191057
3102 0.741686
3103 0.911498
3104 0.03546345
3105 0.01544568
3106 0.01290341
3107 0.08124455
3108 0.4249722
3109 0.8242975
3110 0.1870325
3111 0.251966
3112 0.6265469
3113 0.4853789
3114 0.005666523
3115 0.03188555
3116 0.2252547
3117 0.2497452
3118 0.6174021
3119 0.9813744
3120 0.08209229
3121 0.2624046
3122 0.04352328
3123 0.08586503
3124 0.8146966
3125 0.7134307
3126 0.02030908
3127 0.001846212
3128 0.006737417
3129 0.1944598
3130 0.779909
3131 0.03666132
3132 0.009949236
3133 0.03940009
3134 0.008000205
3135 0.06708066
3136 0.8376317
3137 0.007438521
3138 0.1285651
3139 0.05197172
3140 0.03486037
3141 0.01481632
3142 0.02053606
3143 0.6946295
3144 0.01148315
3145 0.06599912
3146 0.05608276
3147 0.6977501
3148 0.745279
3149 0.001597152
3150 0.03148161
3151 0.04277472
3152 0.1062773
3153 0.6564518
3154 0.02463268
3155 0.1146591
3156 0.02598086
3157 0.02663086
3158 0.0262579
3159 0.009835495
3160 0.08823015
3161 0.004997166
3162 0.6230826
3163 0.002419572
3164 0.06106236
3165 0.4546804
3166 0.04544704
3167 0.06143665
3168 0.1036138
3169 0.02617746
3170 0.7739665
3171 0.01383443
3172 0.003052669
3173 0.2810898
3174 0.5265755
3175 0.02584689
3176 0.03179679
3177 0.06018968
3178 0.1689629
3179 0.002389426
3180 0.1282201
3181 0.02245786
3182 0.07221203
3183 0.09182938
3184 0.001161506
3185 0.003196449
3186 0.007967118
3187 0.03092007
3188 0.02334167
3189 0.4715755
3190 0.04973008
3191 0.02758241
3192 0.04996078
3193 0.06493291
3194 0.04111678
3195 0.02829292
3196 0.1811068
3197 0.006702698
3198 0.002421647
3199 0.06115075
3200 0.02515009
3201 0.9989393
3202 0.05561769
3203 0.3653315
3204 0.000905248
3205 0.4427157
3206 0.0683675
3207 0.7705878
3208 0.1530114
3209 0.0241424
3210 0.5064455
3211 0.1189132
3212 0.7471064
3213 0.9706837
3214 0.07319593
3215 0.875235
3216 0.02575433
3217 0.004654379
3218 0.000936726
3219 0.04769741
3220 0.001256541
3221 0.01943935
3222 0.8661441
3223 0.07470402
3224 0.5813622
3225 0.3817216
3226 0.02189519
3227 0.008826691
3228 0.03477188
3229 0.06295628
3230 0.0007921378
3231 0.872956
3232 0.01894655
3233 0.02060759
3234 0.02721712
3235 0.7218873
3236 0.2861225
3237 0.7317292
3238 0.07618614
3239 0.02760598
3240 0.009874929
3241 0.03431984
3242 0.4489831
3243 0.01551003
3244 0.01048895
3245 0.06767428
3246 0.07127938
3247 0.3487162
3248 0.03106844
3249 0.1508375
3250 0.4226093
3251 0.05049541
3252 0.03110198
3253 0.1416505
3254 0.0004083509
3255 0.005400239
3256 0.1033062
3257 0.5389223
3258 0.05439017
3259 0.5028021
3260 0.1237109
3261 0.004724376
3262 0.04185806
3263 0.6911981
3264 0.02420336
3265 0.004026184
3266 0.07219364
3267 0.4079231
3268 0.1057947
3269 0.7903745
3270 0.959274
3271 0.02265522
3272 0.167676
3273 0.04318957
3274 0.04523495
3275 0.00471682
3276 0.03751528
3277 0.0148552
3278 0.007654717
3279 0.1865349
3280 0.8885977
3281 0.01509765
3282 0.5629388
3283 0.05103118
3284 0.002888957
3285 0.02934953
3286 0.1620713
3287 0.4386619
3288 0.2359402
3289 0.01034027
3290 0.009359731
3291 0.9671588
3292 0.3937694
3293 0.004024019
3294 0.004333026
3295 0.7626009
3296 0.001178323
3297 0.1523537
3298 0.07316952
3299 0.004713471
3300 0.01842834
3301 0.07031775
3302 0.0229495
3303 0.01470616
3304 0.0339776
3305 0.004676514
3306 0.004048068
3307 0.4977486
3308 0.3481883
3309 0.1236331
3310 0.008841245
3311 0.4287997
3312 0.07815647
3313 0.5673618
3314 0.3354463
3315 0.1039639
3316 0.1619628
3317 0.02446441
3318 0.03598334
3319 0.3625575
3320 0.8197567
3321 0.6437129
3322 0.07967006
3323 0.04988987
3324 0.2416487
3325 0.01491968
3326 0.02111365
3327 0.2364157
3328 0.02414876
3329 0.03674129
3330 0.0428241
3331 0.3348842
3332 0.8816047
3333 0.02694031
3334 0.007411483
3335 0.5009316
3336 0.7231734
3337 0.2624526
3338 0.155985
3339 0.0009965526
3340 0.00571736
3341 0.0193875
3342 0.8523641
3343 0.27932
3344 0.08189262
3345 0.1764537
3346 0.02745573
3347 0.0148082
3348 0.01082575
3349 0.01039876
3350 0.004730373
3351 0.8881508
3352 0.03820788
3353 0.1096302
3354 0.0241822
3355 0.003756924
3356 0.03711484
3357 0.2880357
3358 0.1274587
3359 0.03608454
3360 0.0626302
3361 0.1042364
3362 0.06117422
3363 0.005134628
3364 0.614606
3365 0.01464269
3366 0.7300213
3367 0.01550859
3368 0.507599
3369 0.006112788
3370 0.2069959
3371 0.5810118
3372 0.01565998
3373 0.01229366
3374 0.4443137
3375 0.2217718
3376 0.7571534
3377 0.007563012
3378 0.02092936
3379 0.004062495
3380 0.1144757
3381 0.004998069
3382 0.01945942
3383 0.01106825
3384 0.2149222
3385 0.01919048
3386 0.01848369
3387 0.005313552
3388 0.1198033
3389 0.3125839
3390 0.1084702
3391 0.1168279
3392 0.01032711
3393 0.3842332
3394 0.006449027
3395 0.06359803
3396 0.0007131942
3397 0.01185585
3398 0.354211
3399 0.4739474
3400 0.2220046
3401 0.02368699
3402 0.003732441
3403 0.831696
3404 0.1875688
3405 0.01504044
3406 0.03264882
3407 0.01969779
3408 0.04448918
3409 0.8978896
3410 0.0128916
3411 0.1725625
3412 0.06403869
3413 0.9752036
3414 0.162318
3415 0.005148957
3416 0.09490462
3417 0.6060054
3418 0.002005538
3419 0.3063215
3420 0.9630228
3421 0.1123552
3422 0.5196757
3423 0.00609612
3424 0.4976937
3425 0.002738537
3426 0.9036447
3427 0.02006666
3428 0.07764168
3429 0.008677492
3430 0.2118882
3431 0.001420327
3432 0.005701491
3433 0.02002945
3434 0.9530442
3435 0.3089557
3436 0.02362715
3437 0.02845051
3438 0.0087343
3439 0.7031446
3440 0.8393987
3441 0.2173645
3442 0.2496007
3443 0.05425969
3444 0.04713612
3445 0.06306343
3446 0.1614523
3447 0.06705492
3448 0.6069947
3449 0.03506585
3450 0.007075085
3451 0.008681067
3452 0.002146061
3453 0.01895305
3454 0.007873397
3455 0.8555008
3456 0.004834459
3457 0.3541676
3458 0.08522329
3459 0.187961
3460 0.00645852
3461 0.1627505
3462 0.01276929
3463 0.3800594
3464 0.7787775
3465 0.9986489
3466 0.006990202
3467 0.01188754
3468 0.07706004
3469 0.005355636
3470 0.001625992
3471 0.007632797
3472 0.7975288
3473 0.1955482
3474 0.28284
3475 0.04053414
3476 0.005992447
3477 0.02252778
3478 0.1420623
3479 0.009843346
3480 0.007769922
3481 0.3567773
3482 0.03719648
3483 0.978831
3484 0.801578
3485 0.9733903
3486 0.3827191
3487 0.000547565
3488 0.008777935
3489 0.007277591
3490 0.5482077
3491 0.5984847
3492 0.002354411
3493 0.006073721
3494 0.006277352
3495 0.02498979
3496 0.8321525
3497 0.01648952
3498 0.07666029
3499 0.07715201
3500 0.2211201
3501 0.02527973
3502 0.06415591
3503 0.2934953
3504 0.9448726
3505 0.009306173
3506 0.001618534
3507 0.976649
3508 0.8067276
3509 0.00705119
3510 0.07018847
3511 0.01196372
3512 0.6298857
3513 0.1031775
3514 0.8295018
3515 0.1578736
3516 0.02638154
3517 0.06511027
3518 0.08909377
3519 0.2145278
3520 0.1125703
3521 0.02451895
3522 0.02619947
3523 0.04984838
3524 0.01533492
3525 0.01756251
3526 0.8383235
3527 0.02960424
3528 0.003884486
3529 0.02507463
3530 0.1124898
3531 0.04929794
3532 0.05638571
3533 0.02195889
3534 0.003103457
3535 0.01517977
3536 0.05492112
3537 0.9547064
3538 0.4530978
3539 0.00696073
3540 0.02811449
3541 0.0724955
3542 0.001301109
3543 0.9583452
3544 0.01469077
3545 0.2591546
3546 0.005282801
3547 0.8744475
3548 0.5137764
3549 0.01742347
3550 0.9264674
3551 0.02568318
3552 0.04764268
3553 0.9382895
3554 0.4435295
3555 0.9354815
3556 0.06199616
3557 0.005870526
3558 0.2257368
3559 0.03643574
3560 0.7559643
3561 0.6659746
3562 0.01334869
3563 0.7135065
3564 0.311531
3565 0.4626266
3566 0.1797825
3567 0.1762632
3568 0.1539131
3569 0.6906832
3570 0.5912165
3571 0.3150629
3572 0.51647
3573 0.6649038
3574 0.2620779
3575 0.1317793
3576 0.3304548
3577 0.004425095
3578 0.001219683
3579 0.005143968
3580 0.8322096
3581 0.09977931
3582 0.03690131
3583 0.01284259
3584 0.5513675
3585 0.9955131
3586 0.08924468
3587 0.06572461
3588 0.02218385
3589 0.06387688
3590 0.02532501
3591 0.238366
3592 0.06845628
3593 0.7175422
3594 0.03550965
3595 0.0289091
3596 0.01467855
3597 0.3811859
3598 0.001920338
3599 0.003412089
3600 0.01980761
3601 0.0004212068
3602 0.006066936
3603 0.6771385
3604 0.7460348
3605 0.05274906
3606 0.009196923
3607 0.6876331
3608 0.06640306
3609 0.008489982
3610 0.2065806
3611 0.1129772
3612 0.01362025
3613 0.4561352
3614 0.1089332
3615 0.9679315
3616 0.3782044
3617 0.03012239
3618 0.005795675
3619 0.1701887
3620 0.06388431
3621 0.3720585
3622 0.07587311
3623 0.0169149
3624 0.9736768
3625 0.04667797
3626 0.0006210184
3627 0.05646934
3628 0.02677834
3629 0.003844373
3630 0.4281405
3631 0.00761376
3632 0.00351375
3633 0.3125241
3634 0.001855057
3635 0.0543682
3636 0.4257305
3637 0.4482941
3638 0.07204557
3639 0.004566727
3640 0.1680338
3641 0.1384353
3642 0.03846251
3643 0.001980477
3644 0.02121938
3645 0.02450946
3646 0.7828024
3647 0.008161105
3648 0.0019275
3649 0.00580244
3650 0.01238513
3651 0.02105533
3652 0.2174718
3653 0.001591391
3654 0.4233824
3655 0.8093487
3656 0.00742616
3657 0.02402824
3658 0.00151741
3659 0.005216815
3660 0.204413
3661 0.01121151
3662 0.2169976
3663 0.02449705
3664 0.2609402
3665 0.1370104
3666 0.01657635
3667 0.6563114
3668 0.860275
3669 0.6954304
3670 0.04010886
3671 0.8848744
3672 0.4085002
3673 0.02466934
3674 0.04338921
3675 0.1437932
3676 0.09652537
3677 0.01951411
3678 0.04893769
3679 0.0712096
3680 0.2396933
3681 0.0005363086
3682 0.002704233
3683 0.6536135
3684 0.8154854
3685 0.01800403
3686 0.1406678
3687 0.6567875
3688 0.003023023
3689 0.09901531
3690 0.5726385
3691 0.03402249
3692 0.008650559
3693 0.4680308
3694 0.9865626
3695 0.6771326
3696 0.01447088
3697 0.09237265
3698 0.003946347
3699 0.006609188
3700 0.6870213
3701 0.1186618
3702 0.7292492
3703 0.1191549
3704 0.01449874
3705 0.004718189
3706 0.02144295
3707 0.8318038
3708 0.9924488
3709 0.003608126
3710 0.01011043
3711 0.7669739
3712 0.1644204
3713 0.02451309
3714 0.1151376
3715 0.08049243
3716 0.2041196
3717 0.4019432
3718 0.06727447
3719 0.06259655
3720 0.005900715
3721 0.1338352
3722 0.5943021
3723 0.6496033
3724 0.1925123
3725 0.1048675
3726 0.07971091
3727 0.1264262
3728 0.282144
3729 0.1562624
3730 0.01468345
3731 0.03244249
3732 0.0145125
3733 0.03659821
3734 0.1450964
3735 0.001888027
3736 0.04710242
3737 0.1109102
3738 0.01972177
3739 0.03484244
3740 0.2361711
3741 0.01936526
3742 0.01748954
3743 0.01509681
3744 0.1585327
3745 0.687054
3746 0.08677269
3747 0.02267073
3748 0.1524712
3749 0.005289282
3750 0.001735371
3751 0.03842504
3752 0.02063133
3753 0.1133045
3754 0.3868543
3755 0.01001286
3756 0.9396131
3757 0.5574236
3758 0.001127175
3759 0.08437312
3760 0.005750302
3761 0.04816932
3762 0.02481595
3763 0.01500156
3764 0.6773785
3765 0.02835264
3766 0.02086888
3767 0.4758098
3768 0.01139505
3769 0.254128
3770 0.271603
3771 0.02390801
3772 0.004023161
3773 0.01561665
3774 0.6005334
3775 0.2296252
3776 0.1677563
3777 0.02184282
3778 0.09963877
3779 0.003035227
3780 0.002880637
3781 0.09384182
3782 0.3930519
3783 0.8373169
3784 0.02139036
3785 0.3497242
3786 0.006077467
3787 0.6713122
3788 0.0909114
3789 0.05222932
3790 0.02662606
3791 0.2035234
3792 0.3584912
3793 0.02504403
3794 0.2228327
3795 0.146744
3796 0.009641044
3797 0.7729521
3798 0.020602
3799 0.003222501
3800 0.004781797
3801 0.06008724
3802 0.03509562
3803 0.005884539
3804 0.2537064
3805 0.005473011
3806 0.01568281
3807 0.1711727
3808 0.1258684
3809 0.6017372
3810 0.08818397
3811 0.4011664
3812 0.6505853
3813 0.5192981
3814 0.4217815
3815 0.02824997
3816 0.003569658
3817 0.08483165
3818 0.2998335
3819 0.4757578
3820 0.03569086
3821 0.00291912
3822 0.9393844
3823 0.5190944
3824 0.07424108
3825 0.02662264
3826 0.9996709
3827 0.02640021
3828 0.6336641
3829 0.7446642
3830 0.002279264
3831 0.02407982
3832 0.001484756
3833 0.500074
3834 0.01902862
3835 0.06931736
3836 0.2470153
3837 0.280236
3838 0.0891951
3839 0.03181563
3840 0.1716849
3841 0.00199385
3842 0.09350637
3843 0.1630569
3844 0.07144782
3845 0.004547419
3846 0.3546955
3847 0.2000531
3848 0.1106324
3849 0.06816178
3850 0.01450062
3851 0.03001418
3852 0.6075429
3853 0.231535
3854 0.8656917
3855 0.04183056
3856 0.8454122
3857 0.1217366
3858 0.01565846
3859 0.05857796
3860 0.04074141
3861 0.8289427
3862 0.004097463
3863 0.02043834
3864 0.1693985
3865 0.0335384
3866 0.3105011
3867 0.2747726
3868 0.3378729
3869 0.003124531
3870 0.008073345
3871 0.4118833
3872 0.1679719
3873 0.767723
3874 0.6161533
3875 0.02182455
3876 0.06972372
3877 0.01347898
3878 0.9898179
3879 0.1469801
3880 0.3589819
3881 0.005528592
3882 0.01840878
3883 0.1170929
3884 0.03857606
3885 0.04493954
3886 0.03729487
3887 0.6616858
3888 0.0236708
3889 0.03033346
3890 0.01480404
3891 0.04022493
3892 0.0003226813
3893 0.008410908
3894 0.07388863
3895 0.02968439
3896 0.07332494
3897 0.09432839
3898 0.003043605
3899 0.005176073
3900 0.03598966
3901 0.002559867
3902 0.2510333
3903 0.3355318
3904 0.006191798
3905 0.01825989
3906 0.2850377
3907 0.0008026195
3908 0.2836236
3909 0.02530734
3910 0.009688595
3911 0.6333496
3912 0.006731186
3913 0.005779806
3914 0.03753911
3915 0.005531365
3916 0.04322374
3917 0.00786859
3918 0.07044276
3919 0.1138371
3920 0.004264783
3921 0.008177211
3922 0.02901649
3923 0.7432131
3924 0.1284942
3925 0.05050415
3926 0.3769627
3927 0.1009326
3928 0.4359334
3929 0.2769341
3930 0.8601964
3931 0.3793158
3932 0.04696574
3933 0.08252079
3934 0.05927619
3935 0.3240554
3936 0.03288478
3937 0.1189484
3938 0.5731803
3939 0.1030243
3940 0.1319639
3941 0.3501107
3942 0.01436126
3943 0.03958221
3944 0.1619995
3945 0.003354166
3946 0.7173153
3947 0.0574361
3948 0.006870492
3949 0.04952766
3950 0.006178177
3951 0.01797115
3952 0.01322376
3953 0.05441846
3954 0.1632664
3955 0.09996734
3956 0.006324876
3957 0.01890328
3958 0.007167395
3959 0.003341611
3960 0.00118925
3961 0.01183446
3962 0.01442108
3963 0.4049207
3964 0.1969146
3965 0.002366659
3966 0.09755293
3967 0.02426746
3968 0.00592751
3969 0.02222684
3970 0.2688631
3971 0.02258671
3972 0.8162309
3973 0.269961
3974 0.004754825
3975 0.004606481
3976 0.0003972216
3977 0.004494016
3978 0.5310006
3979 0.1113617
3980 0.007889092
3981 0.1240469
3982 0.5383609
3983 0.4059911
3984 0.07350393
3985 0.08302791
3986 0.01391241
3987 0.8408031
3988 0.004599967
3989 0.3808227
3990 0.05481778
3991 0.7501847
3992 0.1385092
3993 0.6992343
3994 0.003702654
3995 0.04081227
3996 0.04416747
3997 0.9984452
3998 0.02506904
3999 0.02847152
4000 0.05901558
4001 0.5464805
4002 0.9235775
4003 0.1498887
4004 0.7742661
4005 0.0332218
4006 0.795595
4007 0.027267
4008 0.4981573
4009 0.006999455
4010 0.02317598
4011 0.7858109
4012 0.02112984
4013 0.006168412
4014 0.02201282
4015 0.3847031
4016 0.3064177
4017 0.2615356
4018 0.002011591
4019 0.9439086
4020 0.7463668
4021 0.07258849
4022 0.6588596
4023 0.002375558
4024 0.3866837
4025 0.1528471
4026 0.08093982
4027 0.08414461
4028 0.002827222
4029 0.03132849
4030 0.9115368
4031 0.06126035
4032 0.5187949
4033 0.01711424
4034 0.6081706
4035 0.5514227
4036 0.09649249
4037 0.3780916
4038 0.7691566
4039 0.01927167
4040 0.03577695
4041 0.01306433
4042 0.1263768
4043 0.01825337
4044 0.1150789
4045 0.2122638
4046 0.351511
4047 0.0606723
4048 0.02538738
4049 0.1037545
4050 0.07822087
4051 0.2357744
4052 0.02257298
4053 0.06314511
4054 0.5245253
4055 0.901282
4056 0.9095517
4057 0.4671557
4058 0.7853442
4059 0.09511968
4060 0.8217659
4061 0.07982208
4062 0.000496348
4063 0.008960735
4064 0.006675801
4065 0.3105126
4066 0.03236083
4067 0.1742846
4068 0.9936576
4069 0.02200304
4070 0.7207266
4071 0.0521067
4072 0.3186115
4073 0.3182768
4074 0.006705382
4075 0.1067501
4076 0.1152068
4077 0.9177604
4078 0.05718208
4079 0.8111497
4080 0.6544319
4081 0.07089046
4082 0.02425057
4083 0.08302071
4084 0.01557501
4085 0.03659461
4086 0.2084212
4087 0.03559826
4088 0.1156305
4089 0.111464
4090 0.0008109506
4091 0.2361911
4092 0.004722568
4093 0.004578226
4094 0.03129176
4095 0.3944783
4096 0.7249152
4097 0.188059
4098 0.003053301
4099 0.008915416
4100 0.002533774
4101 0.755495
4102 0.06870615
4103 0.08234043
4104 0.005989786
4105 0.09442917
4106 0.01664024
4107 0.2967407
4108 0.03254862
4109 0.03319124
4110 0.04898069
4111 0.3640744
4112 0.09727917
4113 0.005182667
4114 0.5761635
4115 0.003380113
4116 0.01100522
4117 0.0970234
4118 0.003391282
4119 0.03446079
4120 0.01780801
4121 0.02002061
4122 0.2046622
4123 0.05862745
4124 0.01708741
4125 0.01899142
4126 0.05871318
4127 0.09000365
4128 0.0139799
4129 0.04811044
4130 0.09482362
4131 0.9849242
4132 0.09837916
4133 0.02364039
4134 0.496639
4135 0.4283933
4136 0.01933168
4137 0.01158948
4138 0.001008077
4139 0.1096187
4140 0.04797385
4141 0.6864844
4142 0.08535012
4143 0.01000088
4144 0.3644127
4145 0.2134204
4146 0.06955212
4147 0.02097772
4148 0.5318145
4149 0.003221056
4150 0.03014363
4151 0.763078
4152 0.7413092
4153 0.01759236
4154 0.03217688
4155 0.05493191
4156 0.1130883
4157 0.02772673
4158 0.1310887
4159 0.02368898
4160 0.1374779
4161 0.3466166
4162 0.005963599
4163 0.3175446
4164 0.0351841
4165 0.570836
4166 0.7524774
4167 0.03563515
4168 0.002575751
4169 0.0232759
4170 0.02153537
4171 0.07931332
4172 0.02826387
4173 0.2986556
4174 0.169398
4175 0.2438566
4176 0.0176306
4177 0.03460122
4178 0.01685551
4179 0.4220029
4180 0.2499022
4181 0.06861781
4182 0.811771
4183 0.3633593
4184 0.4438701
4185 0.7311867
4186 0.4234401
4187 0.006669581
4188 0.02361614
4189 0.06310883
4190 0.1273243
4191 0.193953
4192 0.03115697
4193 0.04518614
4194 0.07471588
4195 0.01986054
4196 0.3152792
4197 0.9714235
4198 0.7506546
4199 0.0978521
4200 0.09297015
4201 0.02836465
4202 0.03773642
4203 0.1272718
4204 0.0005508042
4205 0.004486471
4206 0.02587832
4207 0.5616652
4208 0.04196422
4209 0.006538794
4210 0.1640611
4211 0.003993593
4212 0.8142101
4213 0.0507101
4214 0.01832167
4215 0.9522678
4216 0.004929381
4217 0.002897289
4218 0.5271226
4219 0.00510399
4220 0.02809784
4221 0.05400187
4222 0.001899843
4223 0.5641168
4224 0.4617481
4225 0.9818389
4226 0.01562232
4227 0.002948971
4228 0.01806413
4229 0.350765
4230 0.2790972
4231 0.0161054
4232 0.07270885
4233 0.002548825
4234 0.05815402
4235 0.03193494
4236 0.03083257
4237 0.002975317
4238 0.8447957
4239 0.000514636
4240 0.0211011
4241 0.01280606
4242 0.1181772
4243 0.01647218
4244 0.4593693
4245 0.06847507
4246 0.003606435
4247 0.3153687
4248 0.2137334
4249 0.2265286
4250 0.003678269
4251 0.2327201
4252 0.5857624
4253 0.02358832
4254 0.06667822
4255 0.01875901
4256 0.007330604
4257 0.4722905
4258 0.02761144
4259 0.3199601
4260 0.3459142
4261 0.06029548
4262 0.9210936
4263 0.02849684
4264 0.0025317
4265 0.01314283
4266 0.1168764
4267 0.5053031
4268 0.1232465
4269 0.4612267
4270 0.2042289
4271 0.06052273
4272 0.5884586
4273 0.9718657
4274 0.003035349
4275 0.4867682
4276 0.01745469
4277 0.08218719
4278 0.01133523
4279 0.0023497
4280 0.003617943
4281 0.1962959
4282 0.9578558
4283 0.1148266
4284 0.08090875
4285 0.0170533
4286 0.003832202
4287 0.01207579
4288 0.3012806
4289 0.02215782
4290 0.04301656
4291 0.7376036
4292 0.9201549
4293 0.04568959
4294 0.004875947
4295 0.04734703
4296 0.3704523
4297 0.05046852
4298 0.4476392
4299 0.1021679
4300 0.02981047
4301 0.002622261
4302 0.02042476
4303 0.05811597
4304 0.03510707
4305 0.004038624
4306 0.2638055
4307 0.00650145
4308 0.01364838
4309 0.003400587
4310 0.4962097
4311 0.2622553
4312 0.1210575
4313 0.7788218
4314 0.8315157
4315 0.1786293
4316 0.05157214
4317 0.01656678
4318 0.03612792
4319 0.05770476
4320 0.004003275
4321 0.007048287
4322 0.04161768
4323 0.01924145
4324 0.2193178
4325 0.0015988
4326 0.2859744
4327 0.1930225
4328 0.02206008
4329 0.08038789
4330 0.1406937
4331 0.05064369
4332 0.6753954
4333 0.009568845
4334 0.01877869
4335 0.7286053
4336 0.2777135
4337 0.03653748
4338 0.04956547
4339 0.7619394
4340 0.03184689
4341 0.8447189
4342 0.8246964
4343 0.04529584
4344 0.02870218
4345 0.05796794
4346 0.02099482
4347 0.7544835
4348 0.02664362
4349 0.02596141
4350 0.01117156
4351 0.02669314
4352 0.06881693
4353 0.04048714
4354 0.212082
4355 0.8164553
4356 0.02944503
4357 0.03336768
4358 0.872563
4359 0.005945289
4360 0.03529358
4361 0.03012693
4362 0.02569772
4363 0.2920066
4364 0.300671
4365 0.03756619
4366 0.02151399
4367 0.009863875
4368 0.1575786
4369 0.02262469
4370 0.8328781
4371 0.1752639
4372 0.009658884
4373 0.03233163
4374 0.0186955
4375 0.132984
4376 0.724728
4377 0.4548595
4378 0.1169143
4379 0.1151504
4380 0.02184338
4381 0.0250478
4382 0.008518338
4383 0.07386139
4384 0.428919
4385 0.8050151
4386 0.02325547
4387 0.02323324
4388 0.04671294
4389 0.01813871
4390 0.02321745
4391 0.04435347
4392 0.05009114
4393 0.1787565
4394 0.6612653
4395 0.05311318
4396 0.001747474
4397 0.4206479
4398 0.01405984
4399 0.02854378
4400 0.9326783
4401 0.00746031
4402 0.08122359
4403 0.003261624
4404 0.003805254
4405 0.5441068
4406 0.01190847
4407 0.2095428
4408 0.2664272
4409 0.0969216
4410 0.005262367
4411 0.01317041
4412 0.4223479
4413 0.005053463
4414 0.004410261
4415 0.1347373
4416 0.01849694
4417 0.0432341
4418 0.04995243
4419 0.01148775
4420 0.03953275
4421 0.03059754
4422 0.001618122
4423 0.05196286
4424 0.1014626
4425 0.1899675
4426 0.1306149
4427 0.0425796
4428 0.6356275
4429 0.2080395
4430 0.03527179
4431 0.00801712
4432 0.07077071
4433 0.001809764
4434 0.8508441
4435 0.0375462
4436 0.003799851
4437 0.02917668
4438 0.001361419
4439 0.7846122
4440 0.005615546
4441 0.07105733
4442 0.2799909
4443 0.9656769
4444 0.1776824
4445 0.05836511
4446 0.02285887
4447 0.6075422
4448 0.4768908
4449 0.009623753
4450 0.4894847
4451 0.1087212
4452 0.849858
4453 0.02164666
4454 0.03120654
4455 0.09678407
4456 0.7404095
4457 0.5916921
4458 0.06006116
4459 0.03422689
4460 0.04582493
4461 0.006382738
4462 0.3069678
4463 0.003777706
4464 0.5545596
4465 0.5347894
4466 0.01958289
4467 0.04568047
4468 0.81412
4469 0.5751576
4470 0.8994751
4471 0.1681518
4472 0.05033277
4473 0.07824174
4474 0.05878637
4475 0.3540159
4476 0.01583135
4477 0.4143057
4478 0.0672535
4479 0.9292118
4480 0.07987737
4481 0.02356642
4482 0.03881612
4483 0.2976271
4484 0.005612101
4485 0.001845313
4486 0.0175435
4487 0.588683
4488 0.2557306
4489 0.002985049
4490 0.004475935
4491 0.1448039
4492 0.6716593
4493 0.1209048
4494 0.07571524
4495 0.0087438
4496 0.1337584
4497 0.0009170845
4498 0.01881263
4499 0.02620398
4500 0.02608099
4501 0.5272662
4502 0.005676643
4503 0.03704748
4504 0.6055213
4505 0.1830471
4506 0.7813241
4507 0.01650311
4508 0.193589
4509 0.3654465
4510 0.03374319
4511 0.01609797
4512 0.004097328
4513 0.1013105
4514 0.1352047
4515 0.1954182
4516 0.02948782
4517 0.08066146
4518 0.1121393
4519 0.5229352
4520 0.07170781
4521 0.004162947
4522 0.3142875
4523 0.9595573
4524 0.0352412
4525 0.272943
4526 0.1042934
4527 0.02378342
4528 0.5859887
4529 0.04164515
4530 0.9909511
4531 0.6497046
4532 0.9946247
4533 0.02970661
4534 0.003394695
4535 0.005296093
4536 0.02764277
4537 0.005364157
4538 0.02078482
4539 0.02677906
4540 0.07763309
4541 0.02930497
4542 0.04625006
4543 0.1165723
4544 0.005757265
4545 0.127325
4546 0.1144505
4547 0.04989214
4548 0.03438155
4549 0.04963086
4550 0.04309856
4551 0.02642717
4552 0.1311242
4553 0.1330901
4554 0.0390842
4555 0.02765528
4556 0.2165951
4557 0.02302018
4558 0.01956436
4559 0.6442551
4560 0.2066458
4561 0.02209928
4562 0.03983281
4563 0.05579121
4564 0.02227455
4565 0.02636585
4566 0.007788626
4567 0.01293486
4568 0.03668068
4569 0.00717944
4570 0.5187532
4571 0.1526728
4572 0.06474376
4573 0.6542568
4574 0.01549047
4575 0.008868926
4576 0.01332575
4577 0.381957
4578 0.07673353
4579 0.8813648
4580 0.0002328487
4581 0.00346462
4582 0.2769335
4583 0.009228308
4584 0.006194829
4585 0.1802473
4586 0.1311772
4587 0.5595367
4588 0.7256991
4589 0.02402215
4590 0.007092807
4591 0.1659621
4592 0.02720517
4593 0.01136176
4594 0.2007203
4595 0.7164779
4596 0.07740344
4597 0.1202359
4598 0.58505
4599 0.2978854
4600 0.0002744103
4601 0.008243877
4602 0.9170117
4603 0.2436257
4604 0.03468826
4605 0.2157938
4606 0.004701225
4607 0.477396
4608 0.03053472
4609 0.05657065
4610 0.02117923
4611 0.009234389
4612 0.2318762
4613 0.02863328
4614 0.01699974
4615 0.08179899
4616 0.2300693
4617 0.8352522
4618 0.1467787
4619 0.2651148
4620 0.02740197
4621 0.007907587
4622 0.3041157
4623 0.01070784
4624 0.03212157
4625 0.02855365
4626 0.02943627
4627 0.02669875
4628 0.05695036
4629 0.1132639
4630 0.07282068
4631 0.01694824
4632 0.04734827
4633 0.05549276
4634 0.8557424
4635 0.02300783
4636 0.174593
4637 0.7662047
4638 0.05570841
4639 0.06155869
4640 0.002040177
4641 0.8917485
4642 0.257297
4643 0.3796286
4644 0.008614581
4645 0.002674595
4646 0.02269975
4647 0.002583315
4648 0.01684041
4649 0.001560738
4650 0.06364778
4651 0.08784311
4652 0.01847814
4653 0.1192275
4654 0.2933276
4655 0.01748873
4656 0.3626618
4657 0.4769346
4658 0.09467328
4659 0.8644449
4660 0.004767034
4661 0.9952261
4662 0.01339378
4663 0.007206542
4664 0.3129849
4665 0.02904125
4666 0.2560645
4667 0.1803546
4668 0.2217587
4669 0.865688
4670 0.4159261
4671 0.9302407
4672 0.1702892
4673 0.009728707
4674 0.3738551
4675 0.1492988
4676 0.07485072
4677 0.452254
4678 0.09678074
4679 0.004101902
4680 0.1778574
4681 0.07398655
4682 0.003813637
4683 0.03232873
4684 0.0002770033
4685 0.7393625
4686 0.008916939
4687 0.02995096
4688 0.03365589
4689 0.002808117
4690 0.1264318
4691 0.285308
4692 0.02650766
4693 0.8242468
4694 0.002685587
4695 0.03160944
4696 0.003387587
4697 0.003169078
4698 0.01745129
4699 0.0008601105
4700 0.5488154
4701 0.02276244
4702 0.03431827
4703 0.04034133
4704 0.222576
4705 0.1055723
4706 0.269778
4707 0.5396528
4708 0.03208072
4709 0.01687316
4710 0.2423838
4711 0.5292168
4712 0.2539449
4713 0.7471876
4714 0.05582795
4715 0.9400908
4716 0.005194984
4717 0.7976731
4718 0.4617496
4719 0.4029429
4720 0.05535126
4721 0.6550063
4722 0.006009301
4723 0.005816287
4724 0.08617494
4725 0.01776451
4726 0.001738979
4727 0.311233
4728 0.0279532
4729 0.01961649
4730 0.3301092
4731 0.02058165
4732 0.02414595
4733 0.2848432
4734 0.06287115
4735 0.06751546
4736 0.08527239
4737 0.002600362
4738 0.4607449
4739 0.2583859
4740 0.01603693
4741 0.07895261
4742 0.0005760197
4743 0.1552196
4744 0.007895806
4745 0.1397979
4746 0.1695384
4747 0.08876713
4748 0.1898256
4749 0.03136611
4750 0.1308408
4751 0.8349612
4752 0.03313774
4753 0.2385698
4754 0.1506079
4755 0.462004
4756 0.008679875
4757 0.02864298
4758 0.002908879
4759 0.02947373
4760 0.004439477
4761 0.06238834
4762 0.03833878
4763 0.02497953
4764 0.01985286
4765 0.0980332
4766 0.003092229
4767 0.09162462
4768 0.0005477473
4769 0.009668675
4770 0.02528386
4771 0.1556933
4772 0.1152521
4773 0.004570417
4774 0.6722848
4775 0.6424456
4776 0.01475545
4777 0.4694117
4778 0.005497976
4779 0.07388949
4780 0.2344752
4781 0.213106
4782 0.08616227
4783 0.1730891
4784 0.05825796
4785 0.2227892
4786 0.0612042
4787 0.003479764
4788 0.1711189
4789 0.008903528
4790 0.07400741
4791 0.02700947
4792 0.4935959
4793 0.04305954
4794 0.4569473
4795 0.2750451
4796 0.15373
4797 0.01861317
4798 0.9128232
4799 0.09988047
4800 0.5972026
4801 0.503925
4802 0.1263823
4803 0.01037866
4804 0.9418969
4805 0.01871031
4806 0.01144736
4807 0.01523439
4808 0.006410357
4809 0.0675315
4810 0.04030078
4811 0.2970883
4812 0.001378067
4813 0.06307891
4814 0.003571833
4815 0.4157936
4816 0.3003306
4817 0.1296051
4818 0.02482099
4819 0.1697579
4820 0.00846664
4821 0.4302521
4822 0.02215337
4823 0.2700931
4824 0.02495462
4825 0.02776473
4826 0.02535611
4827 0.04737033
4828 0.04469244
4829 0.02933094
4830 0.02360206
4831 0.469089
4832 0.001096528
4833 0.08116351
4834 0.02286703
4835 0.002653783
4836 0.330996
4837 0.04070197
4838 0.834186
4839 0.01146737
4840 0.0352498
4841 0.3248737
4842 0.01485204
4843 0.5655549
4844 0.04901287
4845 0.02135441
4846 0.1830491
4847 0.02255586
4848 0.1501702
4849 0.04414632
4850 0.02636761
4851 0.2253134
4852 0.3594633
4853 0.004436736
4854 0.003483339
4855 0.876218
4856 0.2074711
4857 0.0001967799
4858 0.242299
4859 0.007220378
4860 0.9686361
4861 0.3500655
4862 0.3556851
4863 0.02309023
4864 0.00484323
4865 0.8108615
4866 0.03916703
4867 0.3014979
4868 0.1600314
4869 0.1012157
4870 0.4892022
4871 0.1431036
4872 0.3760823
4873 0.4027841
4874 0.00865125
4875 0.007575798
4876 0.5634523
4877 0.9515797
4878 0.846548
4879 0.3538255
4880 0.1237893
4881 0.003787834
4882 0.4486436
4883 0.2592974
4884 0.2875716
4885 0.01891614
4886 0.04147102
4887 0.02553129
4888 0.009277206
4889 0.01089725
4890 0.05687156
4891 0.6456081
4892 0.528477
4893 0.7350906
4894 0.1076177
4895 0.01819236
4896 0.3308307
4897 0.005252361
4898 0.02284748
4899 0.5078842
4900 0.7459613
4901 0.2174439
4902 0.04392953
4903 0.03540624
4904 0.02898038
4905 0.04357609
4906 0.1085563
4907 0.01804152
4908 0.02630557
4909 0.4647896
4910 0.01878527
4911 0.1642207
4912 0.05836079
4913 0.008332557
4914 0.01389639
4915 0.1744527
4916 0.2763568
4917 0.1156875
4918 0.6353059
4919 0.07098732
4920 0.1834044
4921 0.4184764
4922 0.2495996
4923 0.0004817037
4924 0.03309406
4925 0.02891661
4926 0.2452253
4927 0.3034585
4928 0.008747427
4929 0.001289948
4930 0.5477017
4931 0.01818934
4932 0.5808095
4933 0.5645066
4934 0.06165976
4935 0.06009397
4936 0.7443409
4937 0.3222674
4938 0.02516618
4939 0.1892409
4940 0.002640312
4941 0.004581119
4942 0.008091147
4943 0.1656956
4944 0.2309567
4945 0.009521971
4946 0.007784416
4947 0.2202194
4948 0.3805911
4949 0.4989438
4950 0.03534146
4951 0.9286621
4952 0.002158621
4953 0.05212455
4954 0.720696
4955 0.002508412
4956 0.003334071
4957 0.25349
4958 0.04878041
4959 0.02102532
4960 0.07076431
4961 0.923516
4962 0.004553802
4963 0.04621765
4964 0.03901088
4965 0.2722253
4966 0.004613206
4967 0.06174766
4968 0.003229225
4969 0.04998583
4970 0.0468597
4971 0.4049906
4972 0.00549094
4973 0.002927109
4974 0.5305926
4975 0.02933664
4976 0.2910661
4977 0.001941679
4978 0.03016694
4979 0.005008997
4980 0.01702955
4981 0.03903575
4982 0.8262346
4983 0.7740542
4984 0.01833218
4985 0.4341761
4986 0.4610722
4987 0.008528377
4988 0.2667602
4989 0.002366973
4990 0.1402434
4991 0.03011189
4992 0.05418354
4993 0.3843674
4994 0.05146426
4995 0.6849475
4996 0.06714704
4997 0.7297787
4998 0.111205
4999 0.05084766
5000 0.003711907
