1 0.9434672
2 0.76893
3 0.6593047
4 0.881035
5 0.3353411
6 0.7304832
7 0.2920127
8 0.7330089
9 0.3316915
10 0.3167243
11 0.1388301
12 0.3315343
13 0.8402612
14 0.7068094
15 0.1102462
16 0.367148
17 0.314221
18 0.549389
19 0.3010559
20 0.7607599
21 0.2446222
22 0.9908623
23 0.9264713
24 0.07663819
25 0.9148138
26 0.1419441
27 0.4500601
28 0.7788134
29 0.3596707
30 0.7322506
31 0.7725336
32 0.3914036
33 0.05726124
34 0.6815674
35 0.9546249
36 0.4708427
37 0.03989911
38 0.4803895
39 0.478255
40 0.1489842
41 0.4645509
42 0.4959656
43 0.02254608
44 0.8504108
45 0.004758522
46 0.1104411
47 0.8813823
48 0.9435132
49 0.5744212
50 0.8212328
51 0.0897956
52 0.8333035
53 0.2215419
54 0.04748273
55 0.3947318
56 0.3570344
57 0.5158689
58 0.7672203
59 0.4802664
60 0.0478738
61 0.2787041
62 0.4706841
63 0.281655
64 0.2017439
65 0.7053257
66 0.4520943
67 0.5175184
68 0.8443394
69 0.180957
70 0.7062934
71 0.9957774
72 0.2692401
73 0.3997348
74 0.4596421
75 0.01303865
76 0.5463663
77 0.1634199
78 0.6699251
79 0.09236749
80 0.8025197
81 0.9433548
82 0.1455244
83 0.9520158
84 0.3564992
85 0.9746745
86 0.06311123
87 0.8269966
88 0.3821409
89 0.666746
90 0.9801037
91 0.1191204
92 0.392666
93 0.0462354
94 0.2321197
95 0.211267
96 0.6597958
97 0.5793753
98 0.2755048
99 0.3860847
100 0.8058452
101 0.1119567
102 0.2772338
103 0.6209887
104 0.02859328
105 0.5823284
106 0.6395195
107 0.4605095
108 0.9113303
109 0.708307
110 0.001501372
111 0.05368513
112 0.02524751
113 0.4774996
114 0.1024792
115 0.08919624
116 0.5997759
117 0.9290808
118 0.0695105
119 0.6785029
120 0.6502721
121 0.636429
122 0.09636239
123 0.4708434
124 0.7258109
125 0.9486189
126 0.7704294
127 0.8458691
128 0.8236838
129 0.4795247
130 0.4759805
131 0.139367
132 0.06699628
133 0.6567628
134 0.6907047
135 0.4655587
136 0.6891644
137 0.07486811
138 0.5718245
139 0.06660764
140 0.06974287
141 0.8199269
142 0.06643162
143 0.4640601
144 0.9920944
145 0.1794029
146 0.3085547
147 0.3947369
148 0.1504053
149 0.8221117
150 0.4206353
151 0.7824496
152 0.0678286
153 0.1802207
154 0.1722812
155 0.1681661
156 0.08643507
157 0.4102075
158 0.07258913
159 0.9252352
160 0.2321075
161 0.1151742
162 0.3104268
163 0.331644
164 0.4375726
165 0.3389836
166 0.6945004
167 0.09765411
168 0.9613604
169 0.2863213
170 0.3695223
171 0.2627766
172 0.3335908
173 0.8503125
174 0.4119235
175 0.9141962
176 0.04001262
177 0.918149
178 0.7057563
179 0.09911934
180 0.5506701
181 0.6250505
182 0.3209181
183 0.2858942
184 0.3838822
185 0.5852256
186 0.6870264
187 0.2140482
188 0.6588632
189 0.428625
190 0.9903761
191 0.5214071
192 0.8938449
193 0.8681126
194 0.2944282
195 0.4879456
196 0.04542433
197 0.9719147
198 0.0005143063
199 0.8963573
200 0.5255926
201 0.7600335
202 0.08128015
203 0.7758419
204 0.2040337
205 0.01881759
206 0.6326804
207 0.1572924
208 0.7197778
209 0.03914398
210 0.03745618
211 0.2937751
212 0.1565483
213 0.0007485403
214 0.4392806
215 0.002990617
216 0.4620217
217 0.1383924
218 0.1065515
219 0.08713741
220 0.06536104
221 0.2853401
222 0.6366408
223 0.7785403
224 0.05342651
225 0.2599443
226 0.7669905
227 0.04310691
228 0.1050175
229 0.09624691
230 0.5939917
231 0.5449166
232 0.04373714
233 0.2659033
234 0.2601331
235 0.1796141
236 0.5172003
237 0.957387
238 0.5019183
239 0.9418212
240 0.3044789
241 0.3956278
242 0.3132129
243 0.4611026
244 0.8600571
245 0.739888
246 0.4966773
247 0.2837586
248 0.7888367
249 0.7155677
250 0.6829755
251 0.4107845
252 0.3530852
253 0.08323151
254 0.6844258
255 0.4342331
256 0.2105935
257 0.2276546
258 0.1877212
259 0.4797859
260 0.2884245
261 0.355843
262 0.008197155
263 0.4610754
264 0.8705466
265 0.6788159
266 0.0004393199
267 0.6922049
268 0.07695542
269 0.9134863
270 0.02282358
271 0.5497665
272 0.3696603
273 0.2114504
274 0.004065246
275 0.7273113
276 0.8694167
277 0.007943388
278 0.8805945
279 0.5243859
280 0.171675
281 0.4564263
282 0.4123228
283 0.5765219
284 0.0532266
285 0.9073069
286 0.142437
287 0.1764654
288 0.07740837
289 0.2708892
290 0.5995039
291 0.10272
292 0.498159
293 0.2380202
294 0.06857061
295 0.6203026
296 0.8300271
297 0.6018896
298 0.3403194
299 0.4774155
300 0.3086484
301 0.05569449
302 0.3364658
303 0.1917767
304 0.2538129
305 0.09801227
306 0.5810031
307 0.1337634
308 0.756002
309 0.1400735
310 0.7601403
311 0.7654728
312 0.146447
313 0.18506
314 0.1068342
315 0.5108172
316 0.734289
317 0.1257997
318 0.3449973
319 0.7977259
320 0.9401951
321 0.6348643
322 0.2009644
323 0.3615686
324 0.02788044
325 0.8801118
326 0.09540206
327 0.6977576
328 0.7937838
329 0.2237099
330 0.5501434
331 0.5036522
332 0.6771196
333 0.3470731
334 0.7467644
335 0.7085359
336 0.9306384
337 0.7012845
338 0.2991814
339 0.572881
340 0.03476351
341 0.03845221
342 0.7468623
343 0.6165693
344 0.795791
345 0.2397196
346 0.6645877
347 0.0161325
348 0.6984333
349 0.1404159
350 0.318355
351 0.8371933
352 0.8380128
353 0.8026162
354 0.1397608
355 0.7742893
356 0.1277214
357 0.5182751
358 0.2735715
359 0.1975611
360 0.3494883
361 0.2454863
362 0.280826
363 0.09068676
364 0.3142038
365 0.8183611
366 0.9549854
367 0.3468803
368 0.4166424
369 0.2141358
370 0.6958877
371 0.1785336
372 0.02391667
373 0.1355959
374 0.815452
375 0.9976603
376 0.3393068
377 0.07001851
378 0.9575634
379 0.4771987
380 0.8181202
381 0.8741286
382 0.1538678
383 0.5079336
384 0.02844031
385 0.7081409
386 0.4264124
387 0.02050933
388 0.3115253
389 0.7454738
390 0.02134398
391 0.2534823
392 0.9069513
393 0.6929756
394 0.4918856
395 0.4212451
396 0.1659944
397 0.2708649
398 0.47541
399 0.4623234
400 0.7644416
401 0.5945656
402 0.1624859
403 0.313643
404 0.5421497
405 0.8412575
406 0.7688634
407 0.3454069
408 0.9985382
409 0.7748346
410 0.03536729
411 0.2414252
412 0.03901863
413 0.968724
414 0.09569574
415 0.9257163
416 0.8670531
417 0.9491216
418 0.41977
419 0.6670554
420 0.6598104
421 0.1463223
422 0.346451
423 0.9997417
424 0.2542205
425 0.4889218
426 0.06994198
427 0.1959558
428 0.1028715
429 0.3299548
430 0.7030781
431 0.6432702
432 0.7930818
433 0.3633938
434 0.3248996
435 0.61605
436 0.7031351
437 0.3444955
438 0.8661104
439 0.5746803
440 0.252222
441 0.401269
442 0.4208781
443 0.1221051
444 0.1942685
445 0.7168177
446 0.9547753
447 0.6175227
448 0.2371849
449 0.2943729
450 0.1034769
451 0.001172872
452 0.3993787
453 0.4202929
454 0.8781261
455 0.3441235
456 0.3987243
457 0.7714705
458 0.5892188
459 0.460362
460 0.7936398
461 0.2428435
462 0.6723318
463 0.6161492
464 0.07694831
465 0.5092147
466 0.05940346
467 0.6197378
468 0.2231444
469 0.5960926
470 0.08540649
471 0.5092783
472 0.6071349
473 0.9834827
474 0.8875254
475 0.7292411
476 0.4935086
477 0.4840012
478 0.443925
479 0.7817777
480 0.4608629
481 0.9606427
482 0.06505451
483 0.8623806
484 0.3655527
485 0.1029555
486 0.9672967
487 0.2609274
488 0.3700902
489 0.9822893
490 0.6246713
491 0.3024863
492 0.271607
493 0.02322277
494 0.5519289
495 0.0469595
496 0.4077572
497 0.2375544
498 0.686365
499 0.8647324
500 0.26997
501 0.4715494
502 0.3920838
503 0.2281561
504 0.9810467
505 0.4259434
506 0.8146497
507 0.8866611
508 0.3693168
509 0.4933467
510 0.4276997
511 0.475024
512 0.06292269
513 0.4321686
514 0.6959344
515 0.704785
516 0.1236749
517 0.6284079
518 0.4839241
519 0.01693873
520 0.1909628
521 0.1541179
522 0.2821977
523 0.2462191
524 0.8102403
525 0.1305497
526 0.641341
527 0.4533398
528 0.6928271
529 0.0729488
530 0.6224103
531 0.6096257
532 0.6236804
533 0.2271071
534 0.3656062
535 0.3498058
536 0.6389012
537 0.723836
538 0.2987766
539 0.9356052
540 0.3915889
541 0.3122132
542 0.2742
543 0.7700155
544 0.3061695
545 0.1211677
546 0.6856376
547 0.8382765
548 0.6526136
549 0.9185522
550 0.4783489
551 0.9364314
552 0.6287658
553 0.1502151
554 0.8339021
555 0.3295661
556 0.6090804
557 0.6363435
558 0.1470494
559 0.1450001
560 0.01874599
561 0.7501695
562 0.1179922
563 0.06840717
564 0.114058
565 0.1364195
566 0.04674979
567 0.4268813
568 0.01123364
569 0.456856
570 0.4636223
571 0.7935613
572 0.07695992
573 0.4242646
574 0.5265656
575 0.3762932
576 0.4861085
577 0.6517846
578 0.6521625
579 0.02622093
580 0.1307278
581 0.4682101
582 0.09863713
583 0.6485031
584 0.8371991
585 0.286654
586 0.8105267
587 0.3535063
588 0.3158962
589 0.09059373
590 0.01793569
591 0.2735902
592 0.992178
593 0.3877527
594 0.03505894
595 0.9445059
596 0.1323844
597 0.6765331
598 0.6467097
599 0.8079367
600 0.972598
601 0.2974145
602 0.9417594
603 0.2217542
604 0.1659974
605 0.7701866
606 0.4615365
607 0.2670724
608 0.0908522
609 0.6366565
610 0.4754245
611 0.5156916
612 0.7566192
613 0.3473783
614 0.44192
615 0.01898235
616 0.5858855
617 0.4897306
618 0.5737139
619 0.0829563
620 0.09887182
621 0.09825624
622 0.2650039
623 0.7218723
624 0.3526275
625 0.4988305
626 0.3986421
627 0.2225753
628 0.9504776
629 0.6368824
630 0.05770889
631 0.7380771
632 0.3825544
633 0.9924669
634 0.05748088
635 0.05867947
636 0.7859211
637 0.1660813
638 0.1703837
639 0.7058972
640 0.5658975
641 0.797495
642 0.7642421
643 0.8691877
644 0.8083297
645 0.715369
646 0.8228983
647 0.907119
648 0.4401332
649 0.2889862
650 0.1747847
651 0.2060908
652 0.02563937
653 0.0182219
654 0.235899
655 0.3523757
656 0.1024355
657 0.1246402
658 0.8911059
659 0.3383243
660 0.2597489
661 0.1133485
662 0.05244641
663 0.1649877
664 0.9969665
665 0.07041658
666 0.429287
667 0.3227538
668 0.3787353
669 0.5238443
670 0.3460166
671 0.5113447
672 0.8136171
673 0.3542614
674 0.5291107
675 0.288345
676 0.1833287
677 0.3909564
678 0.927375
679 0.7406101
680 0.1695385
681 0.4517425
682 0.9175312
683 0.3462352
684 0.8740109
685 0.7231062
686 0.4700669
687 0.7175133
688 0.5713909
689 0.7885596
690 0.4732694
691 0.02874152
692 0.5849343
693 0.68606
694 0.9489881
695 0.03739226
696 0.1038061
697 0.8285086
698 0.000661464
699 0.3007133
700 0.2812897
701 0.3906142
702 0.8621322
703 0.7284622
704 0.6686003
705 0.6981737
706 0.05739461
707 0.8012387
708 0.351094
709 0.5966082
710 0.02963408
711 0.2049972
712 0.457433
713 0.3764203
714 0.5448702
715 0.09528794
716 0.2719375
717 0.346899
718 0.3467952
719 0.2393003
720 0.6174271
721 0.001459297
722 0.5676754
723 0.5989481
724 0.6759032
725 0.08074984
726 0.4900908
727 0.3409988
728 0.01336999
729 0.6033932
730 0.7822474
731 0.1973005
732 0.4083293
733 0.07812989
734 0.003433551
735 0.1152589
736 0.5732403
737 0.6744222
738 0.2495409
739 0.4957142
740 0.706856
741 0.02611352
742 0.2868739
743 0.3650129
744 0.08403553
745 0.705874
746 0.4326519
747 0.5766376
748 0.1255745
749 0.2558075
750 0.3872306
751 0.5834751
752 0.5076126
753 0.0254449
754 0.06544147
755 0.1360716
756 0.3415859
757 0.9118336
758 0.3171294
759 0.05889735
760 0.8917403
761 0.6425729
762 0.1183644
763 0.4771398
764 0.1207464
765 0.1273152
766 0.6237835
767 0.5626081
768 0.09027176
769 0.2174369
770 0.3156135
771 0.4842257
772 0.149521
773 0.5012288
774 0.2751238
775 0.01139818
776 0.2471427
777 0.8484823
778 0.5489805
779 0.1407684
780 0.1062968
781 0.4206375
782 0.1313019
783 0.3918358
784 0.3053314
785 0.1144809
786 0.8385613
787 0.09201374
788 0.00936525
789 0.4628914
790 0.7842524
791 0.6750945
792 0.723191
793 0.9971722
794 0.9578209
795 0.2123776
796 0.02123566
797 0.4691483
798 0.942997
799 0.4230263
800 0.2440927
801 0.994895
802 0.6513795
803 0.6029237
804 0.2905311
805 0.0558702
806 0.09809562
807 0.381038
808 0.7614724
809 0.4930739
810 0.7242929
811 0.8665314
812 0.139014
813 0.739306
814 0.3364104
815 0.2827734
816 0.8345279
817 0.8584049
818 0.9661713
819 0.5894488
820 0.5504336
821 0.9529115
822 0.3399702
823 0.1414995
824 0.3186864
825 0.6327397
826 0.7310729
827 0.9803136
828 0.566297
829 0.5963765
830 0.1447465
831 0.1851516
832 0.01478874
833 0.3067121
834 0.01115319
835 0.4696877
836 0.946212
837 0.8185278
838 0.01502223
839 0.333517
840 0.7435092
841 0.7062418
842 0.1284315
843 0.2527583
844 0.8165816
845 0.2116584
846 0.6121091
847 0.5444204
848 0.9318451
849 0.5044237
850 0.6433727
851 0.08464029
852 0.7536548
853 0.3922236
854 0.8765954
855 0.04918853
856 0.07616862
857 0.5951223
858 0.2448197
859 0.3235985
860 0.6257171
861 0.5124029
862 0.9772647
863 0.07050149
864 0.5521477
865 0.5265184
866 0.8025103
867 0.4327926
868 0.0007199922
869 0.3291633
870 0.2595543
871 0.7639915
872 0.06323911
873 0.8741796
874 0.1177377
875 0.6627673
876 0.0007713732
877 0.1749356
878 0.02251955
879 0.4020173
880 0.6545734
881 0.0389684
882 0.06569922
883 0.03319658
884 0.3109191
885 0.3468714
886 0.3714697
887 0.8306618
888 0.08096102
889 0.3162393
890 0.05853021
891 0.9657212
892 0.6333076
893 0.5957297
894 0.9798829
895 0.374525
896 0.2684047
897 0.2523041
898 0.17138
899 0.881407
900 0.5200505
901 0.1763988
902 0.4836744
903 0.9447724
904 0.9433938
905 0.6912708
906 0.2075727
907 0.8270874
908 0.5279661
909 0.03245504
910 0.3205195
911 0.1630915
912 0.09991396
913 0.02562208
914 0.003641893
915 0.6978567
916 0.4149993
917 0.5605517
918 0.2576129
919 0.6407365
920 0.4398645
921 0.4233492
922 0.04021137
923 0.3568709
924 0.9805534
925 0.8416629
926 0.8046717
927 0.5178516
928 0.1114735
929 0.9982316
930 0.4262821
931 0.8442749
932 0.2989321
933 0.2042065
934 0.07888395
935 0.0275633
936 0.9721281
937 0.2236576
938 0.9844411
939 0.9466405
940 0.3925822
941 0.01936182
942 0.6979837
943 0.4156759
944 0.8956977
945 0.9622242
946 0.5858575
947 0.3945816
948 0.8397131
949 0.4860719
950 0.6852177
951 0.4794508
952 0.06650589
953 0.746096
954 0.9696862
955 0.7718314
956 0.0393127
957 0.1371412
958 0.7026344
959 0.495609
960 0.005428326
961 0.5547646
962 0.5391476
963 0.6837432
964 0.250863
965 0.7014002
966 0.5813788
967 0.2739082
968 0.04207294
969 0.2111259
970 0.8622746
971 0.4124908
972 0.4528906
973 0.02248352
974 0.002205297
975 0.7172256
976 0.170802
977 0.5840528
978 0.3847001
979 0.1766746
980 0.1844012
981 0.5351393
982 0.4324642
983 0.5137085
984 0.5954522
985 0.1063324
986 0.1014614
987 0.371685
988 0.4009557
989 0.9906021
990 0.2007231
991 0.8932255
992 0.377522
993 0.1444699
994 0.246191
995 0.3541112
996 0.551059
997 0.65902
998 0.5325386
999 0.5587006
1000 0.2118647
1001 0.705587
1002 0.1346489
1003 0.3332206
1004 0.6162747
1005 0.5485783
1006 0.02987489
1007 0.3210467
1008 0.3719853
1009 0.6853079
1010 0.09276545
1011 0.3271145
1012 0.0654051
1013 0.8020295
1014 0.1874713
1015 0.3888535
1016 0.3157767
1017 0.5430458
1018 0.3579631
1019 0.6671325
1020 0.4584785
1021 0.2746645
1022 0.7559783
1023 0.05716384
1024 0.9322292
1025 0.7974188
1026 0.01346611
1027 0.5572384
1028 0.7964891
1029 0.6660407
1030 0.8593278
1031 0.6496176
1032 0.1630388
1033 0.07459231
1034 0.8306266
1035 0.4699745
1036 0.7658779
1037 0.3036028
1038 0.556348
1039 0.08683564
1040 0.658436
1041 0.3119656
1042 0.07071363
1043 0.2053175
1044 0.6116947
1045 0.6487268
1046 0.555269
1047 0.3442691
1048 0.3077053
1049 0.5078155
1050 0.3236528
1051 0.1107338
1052 0.3574105
1053 0.01507075
1054 0.00397587
1055 0.703265
1056 0.6752282
1057 0.6025774
1058 0.4565786
1059 0.2847312
1060 0.0984098
1061 0.03018929
1062 0.2361954
1063 0.4148669
1064 0.2552273
1065 0.8225929
1066 0.2404821
1067 0.6557168
1068 0.2423758
1069 0.8740171
1070 0.07369919
1071 0.913313
1072 0.5813373
1073 0.002982145
1074 0.4638919
1075 0.757372
1076 0.2147625
1077 0.3447303
1078 0.1831416
1079 0.4076175
1080 0.4727332
1081 0.7153391
1082 0.03137757
1083 0.7989357
1084 0.2810189
1085 0.6675187
1086 0.8499284
1087 0.6990708
1088 0.5165317
1089 0.8225625
1090 0.6017637
1091 0.6169333
1092 0.5683397
1093 0.5129412
1094 0.6127257
1095 0.7015838
1096 0.1001101
1097 0.264237
1098 0.86278
1099 0.05448446
1100 0.6932121
1101 0.5171871
1102 0.734363
1103 0.9810955
1104 0.5110246
1105 0.1742759
1106 0.09892172
1107 0.5424301
1108 0.2799315
1109 0.3763761
1110 0.2652523
1111 0.3186779
1112 0.6579803
1113 0.4340933
1114 0.1741722
1115 0.1827499
1116 0.3852727
1117 0.3266871
1118 0.1327294
1119 0.7275596
1120 0.666754
1121 0.4912641
1122 0.2005992
1123 0.1638407
1124 0.2559389
1125 0.9791335
1126 0.9213175
1127 0.6098794
1128 0.989681
1129 0.6409684
1130 0.9697265
1131 0.2295329
1132 0.5807129
1133 0.6943374
1134 0.09441589
1135 0.690526
1136 0.6419756
1137 0.2241062
1138 0.5008141
1139 0.3079759
1140 0.2796636
1141 0.7008878
1142 0.4055776
1143 0.08160392
1144 0.8563232
1145 0.8302978
1146 0.02290571
1147 0.04028209
1148 0.02986458
1149 0.6548518
1150 0.3790341
1151 0.5532014
1152 0.4061898
1153 0.8381646
1154 0.3231793
1155 0.7740576
1156 0.1056271
1157 0.6048628
1158 0.02152649
1159 0.5216146
1160 0.08999253
1161 0.3983499
1162 0.6768262
1163 0.3890054
1164 0.325023
1165 0.939737
1166 0.05717838
1167 0.2625075
1168 0.2003742
1169 0.05644959
1170 0.4278408
1171 0.03562915
1172 0.07619088
1173 0.3335667
1174 0.2524817
1175 0.621102
1176 0.6225327
1177 0.3024852
1178 0.2341749
1179 0.2082308
1180 0.2250647
1181 0.252174
1182 0.3274772
1183 0.1674971
1184 0.4372758
1185 0.1831543
1186 0.1724358
1187 0.5754969
1188 0.545194
1189 0.4645259
1190 0.3797911
1191 0.1082097
1192 0.8385851
1193 0.5256198
1194 0.7631306
1195 0.6071042
1196 0.5518257
1197 0.01248237
1198 0.2146093
1199 0.3294465
1200 0.830668
1201 0.4606692
1202 0.1541851
1203 0.08718083
1204 0.07385705
1205 0.7998671
1206 0.1931426
1207 0.07973873
1208 0.1137943
1209 0.4838816
1210 0.04339591
1211 0.306382
1212 0.02122197
1213 0.7032277
1214 0.4679684
1215 0.0004734193
1216 0.9100078
1217 0.06924964
1218 0.8015526
1219 0.7055575
1220 0.2537972
1221 0.8606954
1222 0.6039452
1223 0.4589274
1224 0.3325272
1225 0.7902349
1226 0.02362496
1227 0.3889688
1228 0.1386465
1229 0.3806109
1230 0.1118272
1231 0.1452256
1232 0.0773153
1233 0.05821322
1234 0.166362
1235 0.4471367
1236 0.2345355
1237 0.6270201
1238 0.4366345
1239 0.3007816
1240 0.8435006
1241 0.2582492
1242 0.2056113
1243 0.5466079
1244 0.09029966
1245 0.1697826
1246 0.1103399
1247 0.8550536
1248 0.4667386
1249 0.1293068
1250 0.3878371
1251 0.08145336
1252 0.6647715
1253 0.2547256
1254 0.1182318
1255 0.2665407
1256 0.09980951
1257 0.9659322
1258 0.9033298
1259 0.1726709
1260 0.614576
1261 0.1819838
1262 0.03189311
1263 0.4102072
1264 0.7880518
1265 0.04831004
1266 0.9172148
1267 0.6387272
1268 0.5045992
1269 0.09110952
1270 0.8874972
1271 0.2546442
1272 0.7003967
1273 0.8328665
1274 0.7767392
1275 0.2973169
1276 0.0008698914
1277 0.3857611
1278 0.9282034
1279 0.5926801
1280 0.8298279
1281 0.9535283
1282 0.7464897
1283 0.6617704
1284 0.8119642
1285 0.07889633
1286 0.1092269
1287 0.1266076
1288 0.3713865
1289 0.5124562
1290 0.05380402
1291 0.5989526
1292 0.6915961
1293 0.1237647
1294 0.2083427
1295 0.7403184
1296 0.3709397
1297 0.1427623
1298 0.147144
1299 0.3239425
1300 0.1867214
1301 0.01375507
1302 0.5054279
1303 0.3443482
1304 0.9983749
1305 0.9390197
1306 0.09078143
1307 0.01029556
1308 0.3805855
1309 0.6790728
1310 0.7012251
1311 0.4749868
1312 0.5241827
1313 0.4940642
1314 0.6206015
1315 0.8748111
1316 0.9909228
1317 0.1620077
1318 0.08588857
1319 0.05115674
1320 0.2599507
1321 0.4538666
1322 0.1534232
1323 0.8327114
1324 0.7213803
1325 0.574302
1326 0.4158071
1327 0.06931758
1328 0.631269
1329 0.266009
1330 0.1870562
1331 0.08273906
1332 0.6944479
1333 0.3713393
1334 0.822117
1335 0.4314284
1336 0.01568056
1337 0.2782364
1338 0.7910081
1339 0.3851332
1340 0.2132115
1341 0.4333869
1342 0.5787929
1343 0.8607521
1344 0.7041923
1345 0.4893136
1346 0.2553962
1347 0.9213415
1348 0.8219364
1349 0.560853
1350 0.5016639
1351 0.760357
1352 0.5320362
1353 0.7826724
1354 0.4850037
1355 0.9194649
1356 0.6472882
1357 0.4889737
1358 0.7400979
1359 0.3909698
1360 0.961109
1361 0.8390113
1362 0.8401561
1363 0.4576413
1364 0.8698206
1365 0.3552042
1366 0.6235827
1367 0.3144501
1368 0.03602776
1369 0.4713996
1370 0.3757903
1371 0.2900842
1372 0.7668635
1373 0.4930716
1374 0.9723672
1375 0.1732442
1376 0.2981583
1377 0.8189638
1378 0.6069624
1379 0.9039162
1380 0.6523803
1381 0.7967754
1382 0.9952151
1383 0.8462511
1384 0.4357512
1385 0.1612901
1386 0.8876041
1387 0.8060056
1388 0.1789381
1389 0.8979386
1390 0.499691
1391 0.6623721
1392 0.2672977
1393 0.02099254
1394 0.3110147
1395 0.7108603
1396 0.09119961
1397 0.008374834
1398 0.5246556
1399 0.3518164
1400 0.5955637
1401 0.1662733
1402 0.5795342
1403 0.5363967
1404 0.5579569
1405 0.007790073
1406 0.746933
1407 0.07017243
1408 0.1245768
1409 0.889732
1410 0.7017573
1411 0.05940676
1412 0.4080377
1413 0.9335328
1414 0.5813142
1415 0.7450221
1416 0.3814634
1417 0.9207515
1418 0.3108639
1419 0.7192601
1420 0.9159952
1421 0.3186067
1422 0.3426013
1423 0.1603332
1424 0.6875566
1425 0.5870157
1426 0.4706367
1427 0.9024219
1428 0.1412607
1429 0.8394398
1430 0.3009886
1431 0.6171327
1432 0.4431315
1433 0.3122192
1434 0.8178642
1435 0.02308442
1436 0.5874405
1437 0.01108574
1438 0.253774
1439 0.02140273
1440 0.9179051
1441 0.03971982
1442 0.8984695
1443 0.8145123
1444 0.2105667
1445 0.2141224
1446 0.3661137
1447 0.2908261
1448 0.03686899
1449 0.7716057
1450 0.0018716
1451 0.6693671
1452 0.4716152
1453 0.862508
1454 0.6054208
1455 0.5573219
1456 0.6101215
1457 0.181827
1458 0.757716
1459 0.08181875
1460 0.03240113
1461 0.3572865
1462 0.6475768
1463 0.1209312
1464 0.7625632
1465 0.1227044
1466 0.9765495
1467 0.3628518
1468 0.7374324
1469 0.6822835
1470 0.7727499
1471 0.7111718
1472 0.5742268
1473 0.8569574
1474 0.09308201
1475 0.052577
1476 0.2704189
1477 0.8064162
1478 0.4550739
1479 0.4215942
1480 0.5460987
1481 0.09101357
1482 0.2358901
1483 0.8638675
1484 0.3267938
1485 0.6282636
1486 0.3388954
1487 0.2280173
1488 0.7918779
1489 0.2536271
1490 0.3415214
1491 0.9363598
1492 0.009009538
1493 0.2815572
1494 0.2267117
1495 0.3605084
1496 0.01283365
1497 0.3948058
1498 0.419308
1499 0.2534873
1500 0.1774558
1501 0.8880093
1502 0.7541343
1503 0.9504673
1504 0.3552675
1505 0.7850819
1506 0.899742
1507 0.5992059
1508 0.1525659
1509 0.2005928
1510 0.6571013
1511 0.2522714
1512 0.746363
1513 0.1051522
1514 0.397959
1515 0.759208
1516 0.8621117
1517 0.475618
1518 0.580851
1519 0.7827036
1520 0.003234135
1521 0.1536021
1522 0.1392436
1523 0.5606787
1524 0.4454785
1525 0.8066634
1526 0.7691315
1527 0.9814508
1528 0.03033441
1529 0.8487183
1530 0.962945
1531 0.312437
1532 0.9482852
1533 0.1644163
1534 0.8270755
1535 0.375727
1536 0.6847106
1537 0.3657676
1538 0.9267225
1539 0.5674087
1540 0.4815429
1541 0.3169388
1542 0.7478444
1543 0.04547796
1544 0.8740036
1545 0.8142266
1546 0.7406383
1547 0.2986366
1548 0.2799585
1549 0.6609947
1550 0.6216647
1551 0.9065258
1552 0.4099733
1553 0.9913345
1554 0.2244752
1555 0.1463283
1556 0.2753777
1557 0.5007585
1558 0.6325193
1559 0.1282715
1560 0.5537804
1561 0.4042446
1562 0.8149653
1563 0.8593196
1564 0.007423397
1565 0.1991928
1566 0.9588746
1567 0.9322148
1568 0.4618625
1569 0.8110664
1570 0.1394139
1571 0.1039802
1572 0.9724498
1573 0.6885065
1574 0.6452658
1575 0.2026736
1576 0.274341
1577 0.2727944
1578 0.0397546
1579 0.6381422
1580 0.678759
1581 0.1765986
1582 0.9816077
1583 0.8128276
1584 0.225005
1585 0.9180552
1586 0.1546584
1587 0.6016656
1588 0.03213106
1589 0.08720885
1590 0.8017667
1591 0.4913645
1592 0.2421836
1593 0.7177215
1594 0.3249439
1595 0.8553033
1596 0.7541883
1597 0.6149928
1598 0.9556156
1599 0.3638898
1600 0.3756955
1601 0.1352905
1602 0.612898
1603 0.3644093
1604 0.71328
1605 0.3622262
1606 0.3814516
1607 0.5714456
1608 0.5931566
1609 0.2971281
1610 0.3052417
1611 0.5917387
1612 0.7260248
1613 0.2043117
1614 0.1859601
1615 0.9471718
1616 0.7504485
1617 0.3464058
1618 0.5874736
1619 0.3221025
1620 0.8683149
1621 0.842038
1622 0.5510259
1623 0.7966107
1624 0.179798
1625 0.1604931
1626 0.3493457
1627 0.4259506
1628 0.657045
1629 0.9635446
1630 0.03002818
1631 0.8029729
1632 0.01118434
1633 0.05429809
1634 0.3259398
1635 0.8785803
1636 5.568895e-06
1637 0.03366181
1638 0.06640554
1639 0.4159179
1640 0.398723
1641 0.2800525
1642 0.6514699
1643 0.8174359
1644 0.009196994
1645 0.7655675
1646 0.1161882
1647 0.09204989
1648 0.9751875
1649 0.8334496
1650 0.238974
1651 0.7119714
1652 0.8031851
1653 0.8039236
1654 0.9772475
1655 0.6280428
1656 0.7933676
1657 0.6628451
1658 0.8702574
1659 0.6944727
1660 0.704701
1661 0.7568048
1662 0.1974721
1663 0.05892196
1664 0.3265356
1665 0.3705943
1666 0.08638251
1667 0.02771002
1668 0.1547855
1669 0.3489677
1670 0.2836915
1671 0.9345444
1672 0.117808
1673 0.214491
1674 0.02219493
1675 0.2543714
1676 0.004666367
1677 0.3756714
1678 0.3266705
1679 0.7954362
1680 0.930384
1681 0.9807806
1682 0.2011438
1683 0.03303706
1684 0.5035195
1685 0.6145613
1686 0.1546674
1687 0.7607324
1688 0.7192121
1689 0.2886979
1690 0.6373532
1691 0.2009311
1692 0.758904
1693 0.01708014
1694 0.0131129
1695 0.8559561
1696 0.01583478
1697 0.466737
1698 0.1224439
1699 0.5126792
1700 0.4548485
1701 0.7946996
1702 0.8411589
1703 0.9541558
1704 0.5989534
1705 0.4487644
1706 0.2962369
1707 0.756279
1708 0.05636233
1709 0.06113542
1710 0.7446043
1711 0.7152271
1712 0.2885962
1713 0.08925219
1714 0.7990989
1715 0.6922125
1716 0.4997725
1717 0.06777407
1718 0.09429137
1719 0.746009
1720 0.4300628
1721 0.7930471
1722 0.8162708
1723 0.4321376
1724 0.1490611
1725 0.01209011
1726 0.7599134
1727 0.8465129
1728 0.7118215
1729 0.912478
1730 0.5958263
1731 0.9271443
1732 0.7493346
1733 0.2238907
1734 0.1149835
1735 0.417835
1736 0.1062517
1737 0.2352433
1738 0.7988743
1739 0.4594058
1740 0.8488131
1741 0.2814405
1742 0.06833424
1743 0.1087182
1744 0.6663481
1745 0.1006946
1746 0.6241273
1747 0.1491589
1748 0.214923
1749 0.5746424
1750 0.4372785
1751 0.6883082
1752 0.7657066
1753 0.8324719
1754 0.02132316
1755 0.02834216
1756 0.4359856
1757 0.4071041
1758 0.1845159
1759 0.7642767
1760 0.858701
1761 0.3850336
1762 0.6368737
1763 0.02341474
1764 0.8025999
1765 0.7086533
1766 0.7038497
1767 0.7234701
1768 0.1065438
1769 0.3598344
1770 0.7121424
1771 0.1437879
1772 0.1600441
1773 0.8185416
1774 0.2807556
1775 0.2828665
1776 0.004946018
1777 0.8483224
1778 0.5356984
1779 0.5206833
1780 0.03194919
1781 0.3930292
1782 0.03488502
1783 0.8860441
1784 0.2076487
1785 0.1093849
1786 0.08982808
1787 0.4213777
1788 0.07267645
1789 0.9538207
1790 0.8937256
1791 0.1795122
1792 0.258421
1793 0.03577915
1794 0.5560907
1795 0.1650461
1796 0.07347416
1797 0.8262015
1798 0.1798873
1799 0.9236032
1800 0.2765577
1801 0.5178329
1802 0.01136634
1803 0.6219727
1804 0.7138819
1805 0.996939
1806 0.3458197
1807 0.06410978
1808 0.4408585
1809 0.4142331
1810 0.07065538
1811 0.2223785
1812 0.1800856
1813 0.4828212
1814 0.2353307
1815 0.904403
1816 0.3350565
1817 0.3160196
1818 0.895078
1819 0.2082913
1820 0.7706448
1821 0.2300965
1822 0.03750632
1823 0.8666086
1824 0.8680309
1825 0.9739222
1826 0.3617135
1827 0.8433302
1828 0.01483407
1829 0.1944905
1830 0.2785395
1831 0.6471158
1832 0.001916882
1833 0.5340506
1834 0.64807
1835 0.6589674
1836 0.05826169
1837 0.478165
1838 0.4052371
1839 0.4571113
1840 0.01606105
1841 0.9148067
1842 0.2212365
1843 0.8067219
1844 0.5283061
1845 0.003943981
1846 0.2144926
1847 0.639014
1848 0.005167557
1849 0.5729557
1850 0.2608689
1851 0.5460151
1852 0.9376439
1853 0.7464704
1854 0.9670481
1855 0.02564658
1856 0.2646964
1857 0.005032421
1858 0.5208154
1859 0.9162202
1860 0.7914383
1861 0.3515059
1862 0.7615316
1863 0.3731735
1864 0.2537831
1865 0.236661
1866 0.7671288
1867 0.8142488
1868 0.5739406
1869 0.1633046
1870 0.407002
1871 0.4019227
1872 0.06000323
1873 0.4863575
1874 0.7687604
1875 0.7498622
1876 0.6175055
1877 0.7291194
1878 0.4685926
1879 0.2991372
1880 0.2720108
1881 0.4812403
1882 0.2878099
1883 0.2222003
1884 0.2832011
1885 0.7366565
1886 0.7869615
1887 0.6465773
1888 0.8854325
1889 0.01092155
1890 0.4272511
1891 0.5156672
1892 0.1087668
1893 0.8093421
1894 0.2351771
1895 0.1578251
1896 0.9379657
1897 0.01313342
1898 0.6070266
1899 0.2408013
1900 0.1625729
1901 0.1947242
1902 0.09425691
1903 0.6143551
1904 0.7387144
1905 0.3068153
1906 0.5071108
1907 0.8557035
1908 0.416104
1909 0.3391463
1910 0.03948623
1911 0.5337772
1912 0.7619343
1913 0.518577
1914 0.8187933
1915 0.7419511
1916 0.5091188
1917 0.6982312
1918 0.2887857
1919 0.3957107
1920 0.7719784
1921 0.1501252
1922 0.6469019
1923 0.6742695
1924 0.6585066
1925 0.4046968
1926 0.4454913
1927 0.5853772
1928 0.1691073
1929 0.8408043
1930 0.1911173
1931 0.1843933
1932 0.1106364
1933 0.3226175
1934 0.5644657
1935 0.0009660159
1936 0.6315898
1937 0.2273459
1938 0.3174284
1939 0.9122129
1940 0.8381038
1941 0.8182349
1942 0.1569327
1943 0.3170807
1944 0.8256167
1945 0.6379548
1946 0.47397
1947 0.9558226
1948 0.6870281
1949 0.5070508
1950 0.7957423
1951 0.1236194
1952 0.008223861
1953 0.06607415
1954 0.1245624
1955 0.3011748
1956 0.719054
1957 0.5109703
1958 0.339887
1959 0.9112107
1960 0.8979274
1961 0.5698872
1962 0.6199004
1963 0.9029776
1964 0.1181797
1965 0.6922234
1966 0.5611826
1967 0.6601062
1968 0.5282121
1969 0.6028124
1970 0.5027918
1971 0.3881254
1972 0.2356023
1973 0.4466039
1974 0.9222517
1975 0.130856
1976 0.003237394
1977 0.9650861
1978 0.4983854
1979 0.01348526
1980 0.8803011
1981 0.6149513
1982 0.07807771
1983 0.8761337
1984 0.4039292
1985 0.157148
1986 0.152193
1987 0.08595961
1988 0.841805
1989 0.4568368
1990 0.3037127
1991 0.5659162
1992 0.5608808
1993 0.6317058
1994 0.9103283
1995 0.4872009
1996 0.6916636
1997 0.9838465
1998 0.6431553
1999 0.6870851
2000 0.5161328
2001 0.7995139
2002 0.3345086
2003 0.2569679
2004 0.1764278
2005 0.02326148
2006 0.2181679
2007 0.2071108
2008 0.02846915
2009 0.2429615
2010 0.4542738
2011 0.995367
2012 0.8083418
2013 0.8349301
2014 0.4703004
2015 0.9023584
2016 0.1897104
2017 0.1396669
2018 0.6378723
2019 0.9958133
2020 0.9336408
2021 0.3333413
2022 0.1647874
2023 0.5055906
2024 0.001218055
2025 0.1420181
2026 0.9436955
2027 0.3331345
2028 0.08439954
2029 0.1133802
2030 0.3850304
2031 0.4495085
2032 0.8990479
2033 0.5071874
2034 0.5075841
2035 0.1514745
2036 0.6872876
2037 0.1916298
2038 0.06042612
2039 0.4050638
2040 0.7487536
2041 0.2476365
2042 0.4829287
2043 0.4825696
2044 0.4534752
2045 0.4200478
2046 0.6116485
2047 0.6386434
2048 0.899079
2049 0.003654714
2050 0.5460786
2051 0.7937722
2052 0.4560192
2053 0.4371329
2054 0.3694401
2055 0.9935891
2056 0.6462592
2057 0.1909683
2058 0.02733558
2059 0.2546452
2060 0.5855093
2061 0.3423069
2062 0.5946489
2063 0.53395
2064 0.975503
2065 0.06959885
2066 0.07675945
2067 0.0368185
2068 0.8293797
2069 0.2107299
2070 0.3233455
2071 0.3437675
2072 0.4654947
2073 0.8877103
2074 0.08055499
2075 0.1230818
2076 0.612146
2077 0.4145782
2078 0.7022554
2079 0.7474542
2080 0.8382878
2081 0.5708001
2082 0.9443107
2083 0.4946574
2084 0.2926137
2085 0.9981628
2086 0.8913468
2087 0.2037532
2088 0.07120296
2089 0.7786231
2090 0.09688685
2091 0.1388462
2092 0.113274
2093 0.4915236
2094 0.4475474
2095 0.233069
2096 0.08263264
2097 0.1120668
2098 0.8377225
2099 0.5038451
2100 0.2026446
2101 0.7508886
2102 0.8438293
2103 0.1804388
2104 0.766358
2105 0.9797806
2106 0.1273596
2107 0.4138645
2108 0.3767808
2109 0.8498135
2110 0.003520314
2111 0.5558474
2112 0.528674
2113 0.3377295
2114 0.8268017
2115 0.2857656
2116 0.8913584
2117 0.3172851
2118 0.1190741
2119 0.2127254
2120 0.1967621
2121 0.915624
2122 0.01150401
2123 0.1214241
2124 0.6885691
2125 0.674559
2126 0.4316083
2127 0.3187441
2128 0.1131416
2129 0.6584462
2130 0.5630234
2131 0.7682528
2132 0.6526111
2133 0.01094495
2134 0.7788231
2135 0.9227366
2136 0.1055427
2137 0.7102178
2138 0.6487897
2139 0.8463725
2140 0.1101599
2141 0.2833501
2142 0.4153288
2143 0.1170784
2144 0.4416173
2145 0.6863249
2146 0.5004515
2147 0.2588894
2148 0.844051
2149 0.4610617
2150 0.7297991
2151 0.09109728
2152 0.5419734
2153 0.3508792
2154 0.4861011
2155 0.7418977
2156 0.5792071
2157 0.9318813
2158 0.2258871
2159 0.05231145
2160 0.6958869
2161 0.8221976
2162 0.3458761
2163 0.1717444
2164 0.3113607
2165 0.3774768
2166 0.2073146
2167 0.4108238
2168 0.7335562
2169 0.9024861
2170 0.5871209
2171 0.6492824
2172 0.9579253
2173 0.5994505
2174 0.7301859
2175 0.1999156
2176 0.6317078
2177 0.8571618
2178 0.4507368
2179 0.3845227
2180 0.6613782
2181 0.3512546
2182 0.9121408
2183 0.7405057
2184 0.08705768
2185 0.183969
2186 0.7882483
2187 0.3087739
2188 0.2827006
2189 0.1000453
2190 0.7343297
2191 0.009792836
2192 0.01386568
2193 0.1145653
2194 0.5303283
2195 0.6576843
2196 0.118583
2197 0.1629782
2198 0.2470219
2199 0.5892116
2200 0.6425511
2201 0.3435711
2202 0.7139593
2203 0.298271
2204 0.1236928
2205 0.7244307
2206 0.6825329
2207 0.4996863
2208 0.5893961
2209 0.4767298
2210 0.2108147
2211 0.7570324
2212 0.9650563
2213 0.7021475
2214 0.8752793
2215 0.9944224
2216 0.3888456
2217 0.8351858
2218 0.8274242
2219 0.504491
2220 0.6146444
2221 0.6004879
2222 0.4386863
2223 0.2843961
2224 0.8598522
2225 0.6330093
2226 0.06998863
2227 0.1719781
2228 0.6643429
2229 0.1108851
2230 0.466293
2231 0.272466
2232 0.1612225
2233 0.3896849
2234 0.1224938
2235 0.725755
2236 0.984448
2237 0.02443443
2238 0.7993898
2239 0.247792
2240 0.7863895
2241 0.2100824
2242 0.923396
2243 0.6749431
2244 0.4273586
2245 0.6612109
2246 0.3040959
2247 0.3097871
2248 0.298264
2249 0.4229764
2250 0.3377349
2251 0.3314863
2252 0.02633692
2253 0.135744
2254 0.5419088
2255 0.23686
2256 0.567488
2257 0.5142745
2258 0.01944793
2259 0.875554
2260 0.09112107
2261 0.2811522
2262 0.254962
2263 0.3576037
2264 0.6143559
2265 0.3912436
2266 0.1188024
2267 0.7442877
2268 0.7436452
2269 0.04552995
2270 0.4474987
2271 0.9746913
2272 0.06642906
2273 0.9213375
2274 0.9947197
2275 0.6335222
2276 0.8641164
2277 0.1382031
2278 0.9816851
2279 0.04170761
2280 0.1800506
2281 0.3844629
2282 0.529679
2283 0.850748
2284 0.5822573
2285 0.3629535
2286 0.995994
2287 0.03013674
2288 0.2342786
2289 0.195511
2290 0.5617975
2291 0.3713562
2292 0.02490235
2293 0.001751142
2294 0.3659819
2295 0.1652963
2296 0.9949183
2297 0.1782357
2298 0.4709853
2299 0.3217553
2300 0.9579079
2301 0.3217933
2302 0.01069022
2303 0.04425075
2304 0.1642698
2305 0.7087875
2306 0.2359295
2307 0.2706117
2308 0.8482323
2309 0.9514281
2310 0.2246943
2311 0.6550659
2312 0.3593199
2313 0.9996725
2314 0.6662763
2315 0.603226
2316 0.1278708
2317 0.9885428
2318 0.1133079
2319 0.6490119
2320 0.2334805
2321 0.7319506
2322 0.1294029
2323 0.1341992
2324 0.001371366
2325 0.07828677
2326 0.6989806
2327 0.2489036
2328 0.03370385
2329 0.8719673
2330 7.86528e-05
2331 0.4023936
2332 0.2701876
2333 0.2664519
2334 0.526198
2335 0.2681475
2336 0.1760044
2337 0.8122492
2338 0.4923961
2339 0.5001693
2340 0.166108
2341 0.05427155
2342 0.04128112
2343 0.965009
2344 0.07909092
2345 0.5250827
2346 0.9321758
2347 0.1083962
2348 0.7262345
2349 0.5032437
2350 0.3094583
2351 0.3824583
2352 0.4462502
2353 0.1555778
2354 0.156879
2355 0.2161884
2356 0.9144233
2357 0.7022188
2358 0.1824048
2359 0.06735916
2360 0.03272924
2361 0.04151961
2362 0.6209817
2363 0.02978702
2364 0.3182484
2365 0.5059947
2366 0.1002448
2367 0.5867165
2368 0.7542874
2369 0.9200188
2370 0.222409
2371 0.07443442
2372 0.7877251
2373 0.02406105
2374 0.8135595
2375 0.7164352
2376 0.1486987
2377 0.07701522
2378 0.135615
2379 0.3412189
2380 0.3488183
2381 0.4556795
2382 0.2881219
2383 0.5841665
2384 0.1389869
2385 0.45986
2386 0.9738239
2387 0.5323983
2388 0.4900888
2389 0.3115222
2390 0.4644031
2391 0.001607289
2392 0.02286309
2393 0.6530841
2394 0.9183388
2395 0.2773236
2396 0.2131717
2397 0.5060637
2398 0.9592096
2399 0.9427352
2400 0.9941446
2401 0.1395357
2402 0.9441235
2403 0.1450118
2404 0.1264746
2405 0.04061208
2406 0.2767702
2407 0.1681151
2408 0.7433947
2409 0.9250997
2410 0.05871196
2411 0.004412942
2412 0.2832712
2413 0.5492682
2414 0.6268773
2415 0.6266628
2416 0.8307224
2417 0.3778114
2418 0.9170944
2419 0.3485154
2420 0.363885
2421 0.7044701
2422 0.04119799
2423 0.1686715
2424 0.009958118
2425 0.6450288
2426 0.3424724
2427 0.08113125
2428 0.3814788
2429 0.7336608
2430 0.8169342
2431 0.1690256
2432 0.009788662
2433 0.2681732
2434 0.7640442
2435 0.4720845
2436 0.8163362
2437 0.3093088
2438 0.5191248
2439 0.3476068
2440 0.3360295
2441 0.1436975
2442 0.007168328
2443 0.7663205
2444 0.06183025
2445 0.1262416
2446 0.8979526
2447 0.9586895
2448 0.5654488
2449 0.3669037
2450 0.6760623
2451 0.682756
2452 0.5219109
2453 0.3289601
2454 0.3571667
2455 0.1248644
2456 0.623301
2457 0.5647441
2458 0.9458193
2459 0.08828952
2460 0.9860491
2461 0.9796136
2462 0.7881707
2463 0.1086464
2464 0.009989053
2465 0.8381157
2466 0.5842214
2467 0.8693046
2468 0.6534734
2469 0.1336663
2470 0.1327841
2471 0.615551
2472 0.4134606
2473 0.6163871
2474 0.9418074
2475 0.3491153
2476 0.3890379
2477 0.6172035
2478 0.5273848
2479 0.8127846
2480 0.1008671
2481 0.1778472
2482 0.8436189
2483 0.9811182
2484 0.1039587
2485 0.1810158
2486 0.99808
2487 0.4189267
2488 0.01121748
2489 0.1243679
2490 0.456235
2491 0.09184025
2492 0.2032114
2493 0.2049059
2494 0.8502869
2495 0.06389005
2496 0.2378927
2497 0.9338465
2498 0.3549427
2499 0.611929
2500 0.9306284
2501 0.9208587
2502 0.3304676
2503 0.9187216
2504 0.4570432
2505 0.0936213
2506 0.7149239
2507 0.4575551
2508 0.5036303
2509 0.1307092
2510 0.98853
2511 0.7577081
2512 0.6993399
2513 0.8944787
2514 0.522775
2515 0.6305583
2516 0.2602663
2517 0.9684431
2518 0.1058524
2519 0.7111678
2520 0.8453227
2521 0.07983575
2522 0.667754
2523 0.02948827
2524 0.1858281
2525 0.07960727
2526 0.7978743
2527 0.08767537
2528 0.6705523
2529 0.06880375
2530 0.7782684
2531 0.8021229
2532 0.002714835
2533 0.3589898
2534 0.4139938
2535 0.6185242
2536 0.03021874
2537 0.6851145
2538 0.8451126
2539 0.1044072
2540 0.3782523
2541 0.3973591
2542 0.8715141
2543 0.8723873
2544 0.6763875
2545 0.751096
2546 0.1308289
2547 0.4583861
2548 0.5070983
2549 0.02409311
2550 0.9548845
2551 0.27367
2552 0.8473617
2553 0.2175019
2554 0.01602335
2555 0.5481435
2556 0.6182661
2557 0.07994768
2558 0.3618156
2559 0.01254223
2560 0.7569768
2561 0.02101652
2562 0.2166727
2563 0.2475878
2564 0.7709951
2565 0.9616515
2566 0.2447922
2567 0.232963
2568 0.3587606
2569 0.3969898
2570 0.7660609
2571 0.06867872
2572 0.9813373
2573 0.4219432
2574 0.6846649
2575 0.2834117
2576 0.7608711
2577 0.8177449
2578 0.4195762
2579 0.8801111
2580 0.5696521
2581 0.9793224
2582 0.5854857
2583 0.02891193
2584 0.1696902
2585 0.1016102
2586 0.926928
2587 0.03462738
2588 0.4444368
2589 0.6705179
2590 0.9178384
2591 0.04998462
2592 0.5188126
2593 0.7876356
2594 0.6043822
2595 0.6719677
2596 0.5372209
2597 0.3388234
2598 0.1997664
2599 0.337148
2600 0.0653964
2601 0.8337454
2602 0.9104105
2603 0.5587042
2604 0.8996047
2605 0.1312823
2606 0.8629876
2607 0.394221
2608 0.2135724
2609 0.8917244
2610 0.09749584
2611 0.8831751
2612 0.1567211
2613 0.6794814
2614 0.4474058
2615 0.4636902
2616 0.5544406
2617 0.2476403
2618 0.173051
2619 0.4368426
2620 0.003693689
2621 0.4851312
2622 0.7229771
2623 0.7849721
2624 0.2228576
2625 0.8251914
2626 0.3030129
2627 0.3163529
2628 0.429992
2629 0.5105187
2630 0.7802925
2631 0.2401832
2632 0.2874538
2633 0.8893863
2634 0.3834678
2635 5.323997e-06
2636 0.5328986
2637 0.4471264
2638 0.3995625
2639 0.06990484
2640 0.5588139
2641 0.09588331
2642 0.1021293
2643 0.7723711
2644 0.9910651
2645 0.9306628
2646 0.359823
2647 0.2182028
2648 0.2799648
2649 0.8987601
2650 0.1661817
2651 0.7248252
2652 0.2852228
2653 0.2575128
2654 0.323097
2655 0.003800936
2656 0.6174475
2657 0.840352
2658 0.5823945
2659 0.3271731
2660 0.6662868
2661 0.2034268
2662 0.9503143
2663 0.7288111
2664 0.1517063
2665 0.4255393
2666 0.8065654
2667 0.03076314
2668 0.1436189
2669 0.6406905
2670 0.8608578
2671 0.6662573
2672 0.1574699
2673 0.8153078
2674 0.02071055
2675 0.3463585
2676 0.86631
2677 0.1890875
2678 0.1422228
2679 0.6723237
2680 0.6097884
2681 0.4187922
2682 0.4697481
2683 0.7796896
2684 0.3079823
2685 0.9831432
2686 0.1625659
2687 0.2092537
2688 0.4331479
2689 0.09572475
2690 0.4007994
2691 0.8663303
2692 0.744059
2693 0.7881153
2694 0.2699174
2695 0.2070371
2696 0.1431533
2697 0.002562711
2698 0.372173
2699 0.09194605
2700 0.3821768
2701 0.8141154
2702 0.6928939
2703 0.5883726
2704 0.3831686
2705 0.668888
2706 0.5480889
2707 0.2344756
2708 0.6848956
2709 0.5585794
2710 0.05920252
2711 0.04687526
2712 0.9807239
2713 0.0668859
2714 0.0424742
2715 0.219839
2716 0.2977142
2717 0.1109716
2718 0.2743711
2719 0.0582483
2720 0.6229658
2721 0.7966894
2722 0.3910134
2723 0.218572
2724 0.1431235
2725 0.5179093
2726 0.4114985
2727 0.3545202
2728 0.3058696
2729 0.3037469
2730 0.1543233
2731 0.2512363
2732 0.1259778
2733 0.156474
2734 0.3387106
2735 0.945796
2736 0.6431144
2737 0.1611337
2738 0.4067505
2739 0.8559017
2740 0.803749
2741 0.7118451
2742 0.3903064
2743 0.5091347
2744 0.6828894
2745 0.954378
2746 0.1361067
2747 0.7397172
2748 0.9169137
2749 0.02446381
2750 0.8633936
2751 0.6169974
2752 0.9650823
2753 0.1441176
2754 0.47323
2755 0.1778894
2756 0.130073
2757 0.2321914
2758 0.1170173
2759 0.9826497
2760 0.3977634
2761 0.2172826
2762 0.9077072
2763 0.7520796
2764 0.4635619
2765 0.8293084
2766 0.903491
2767 0.4377344
2768 0.01398986
2769 0.3284253
2770 0.6079086
2771 0.3290821
2772 0.5302334
2773 0.9787454
2774 0.09303488
2775 0.8647597
2776 0.01298319
2777 0.3474362
2778 0.390355
2779 0.931468
2780 0.8195048
2781 0.8787338
2782 0.02013041
2783 0.9432712
2784 0.8226274
2785 0.7072047
2786 0.9326052
2787 0.6229164
2788 0.6737301
2789 0.6222508
2790 0.1111719
2791 0.7600852
2792 0.9488042
2793 0.8619381
2794 0.2134789
2795 0.540586
2796 0.4344496
2797 0.5106218
2798 0.5312157
2799 0.8927781
2800 0.7833817
2801 0.5187652
2802 0.3583047
2803 0.454432
2804 0.05725525
2805 0.2240989
2806 0.8453607
2807 0.2294993
2808 0.6026018
2809 0.9789422
2810 0.001104044
2811 0.05888524
2812 0.6117919
2813 0.7667079
2814 0.2018442
2815 0.3303881
2816 0.4779316
2817 0.6644018
2818 0.5102745
2819 0.574572
2820 0.6451669
2821 0.5843519
2822 0.212655
2823 0.8809731
2824 0.1814542
2825 0.7472034
2826 0.250824
2827 0.229675
2828 0.9044632
2829 0.501003
2830 0.07390979
2831 0.1596651
2832 0.5180097
2833 0.7211053
2834 0.6303738
2835 0.4478025
2836 0.6803801
2837 0.8672137
2838 0.4328775
2839 0.5099867
2840 0.4711749
2841 0.9178155
2842 0.5922627
2843 0.4059603
2844 0.2332736
2845 0.5279303
2846 0.7327228
2847 0.9306396
2848 0.634979
2849 0.3102533
2850 0.4777109
2851 0.05784656
2852 0.162238
2853 0.9886479
2854 0.4081491
2855 0.5600517
2856 0.08160088
2857 0.3301675
2858 0.6855299
2859 0.01189637
2860 0.005706149
2861 0.1162477
2862 0.07991403
2863 0.1748192
2864 0.03674581
2865 0.6943881
2866 0.1173228
2867 0.5110641
2868 0.1845439
2869 0.7968372
2870 0.5312061
2871 0.4235096
2872 0.9550478
2873 0.6165752
2874 0.9428831
2875 0.8191184
2876 0.2489027
2877 0.9981541
2878 0.2740541
2879 0.05535736
2880 0.2198922
2881 0.03623213
2882 0.959401
2883 0.2816156
2884 0.3681537
2885 0.817523
2886 0.5346549
2887 0.8766253
2888 0.233525
2889 0.04128384
2890 0.5339549
2891 0.3915109
2892 0.8808398
2893 0.9690665
2894 0.8276304
2895 0.5628448
2896 0.1260415
2897 0.5472393
2898 0.3600071
2899 0.3348888
2900 0.6398373
2901 0.4857801
2902 0.5189705
2903 0.7084755
2904 0.3342559
2905 0.2905736
2906 0.5035308
2907 0.5286053
2908 0.9831768
2909 0.4652503
2910 0.3570589
2911 0.1043557
2912 0.3363203
2913 0.2909239
2914 0.217303
2915 0.1298463
2916 0.5034913
2917 0.0002973024
2918 0.3904056
2919 0.8519222
2920 0.005780351
2921 0.6843887
2922 0.8218968
2923 0.8774089
2924 0.9127191
2925 0.01722186
2926 0.2206541
2927 0.3337764
2928 0.9277117
2929 0.4208737
2930 0.8642435
2931 0.2420927
2932 0.2944183
2933 0.3896677
2934 0.4431503
2935 0.9422772
2936 0.03013087
2937 0.9594972
2938 0.7436356
2939 0.2965575
2940 0.2371507
2941 0.5684663
2942 0.775878
2943 0.5773516
2944 0.1354783
2945 0.5732775
2946 0.5198018
2947 0.0298665
2948 0.9800381
2949 0.2198196
2950 0.967604
2951 0.1554605
2952 0.4995569
2953 0.0107739
2954 0.4511955
2955 0.5572425
2956 0.7469036
2957 0.5742141
2958 0.3026884
2959 0.001237256
2960 0.2518439
2961 0.4390729
2962 0.9896356
2963 0.2221573
2964 0.1979234
2965 0.3025965
2966 0.7797374
2967 0.1380025
2968 0.5692312
2969 0.6286271
2970 0.2369273
2971 0.8985787
2972 0.7609342
2973 0.8505463
2974 0.8375297
2975 0.03525597
2976 0.8673368
2977 0.3585357
2978 0.9728326
2979 0.8532529
2980 0.8053121
2981 0.3746008
2982 0.3314435
2983 0.7288186
2984 0.03224822
2985 0.925258
2986 0.8330228
2987 0.02554194
2988 0.09391332
2989 0.1258917
2990 0.7746383
2991 0.6310268
2992 0.5113687
2993 0.7522417
2994 0.03136915
2995 0.5718976
2996 0.1626727
2997 0.6683282
2998 0.1181407
2999 0.7875849
3000 0.05358569
3001 0.5472683
3002 0.2536021
3003 0.8188056
3004 0.5882417
3005 0.4839068
3006 0.719556
3007 0.4950586
3008 0.2297229
3009 0.1208181
3010 0.7850493
3011 0.5891734
3012 0.4429308
3013 0.1401131
3014 0.4135967
3015 0.7039754
3016 0.522407
3017 0.6787622
3018 0.440733
3019 0.5634854
3020 0.5262771
3021 0.9607705
3022 0.01650155
3023 0.4156816
3024 0.3444274
3025 0.2913788
3026 0.7695872
3027 0.4607809
3028 0.2368417
3029 0.4988195
3030 0.7871484
3031 0.2609884
3032 0.1657376
3033 0.2308583
3034 0.2835121
3035 0.4324181
3036 0.6204404
3037 0.750011
3038 0.5868108
3039 0.06409129
3040 0.7292561
3041 0.7670112
3042 0.4262921
3043 0.9236678
3044 0.683287
3045 0.8285466
3046 0.496537
3047 0.4834771
3048 0.02436019
3049 0.9237134
3050 0.6631938
3051 0.8584852
3052 0.7004782
3053 0.866345
3054 0.369574
3055 0.7424884
3056 0.001186645
3057 0.1611839
3058 0.1037723
3059 0.7733154
3060 0.5454993
3061 0.04073507
3062 0.1217268
3063 0.6357332
3064 0.2353346
3065 0.8737305
3066 0.7607402
3067 0.2197608
3068 0.7536604
3069 0.8739105
3070 0.4361013
3071 0.8363993
3072 0.3800465
3073 0.7539764
3074 0.1657463
3075 0.5278133
3076 0.76252
3077 0.9591299
3078 0.5757861
3079 0.3542637
3080 0.8691112
3081 0.8905682
3082 0.03567574
3083 0.5077698
3084 0.8922564
3085 0.544282
3086 0.1862013
3087 0.7809592
3088 0.4768404
3089 0.4420021
3090 0.3717718
3091 0.004551332
3092 0.7008564
3093 0.8976849
3094 0.8884984
3095 0.8405747
3096 0.855893
3097 0.7835085
3098 0.5278333
3099 0.2563874
3100 0.1405051
3101 0.5973648
3102 0.07408651
3103 0.2295267
3104 0.2020504
3105 0.5195576
3106 0.1677186
3107 0.2860838
3108 0.5529779
3109 0.01955651
3110 0.2583557
3111 0.7929332
3112 0.5392389
3113 0.4949372
3114 0.4493861
3115 0.3062787
3116 0.896968
3117 0.1079878
3118 0.8541626
3119 0.08047829
3120 0.1946578
3121 0.08735686
3122 0.6031776
3123 0.5104762
3124 0.023582
3125 0.9991444
3126 0.9379976
3127 0.2407496
3128 0.1199272
3129 0.2462605
3130 0.2595543
3131 0.6233864
3132 0.4619823
3133 0.6141552
3134 0.5409643
3135 0.2748632
3136 0.5683886
3137 0.3765648
3138 0.02328426
3139 0.01035539
3140 0.9129218
3141 0.234471
3142 0.7374761
3143 0.9863058
3144 0.0378295
3145 0.6673364
3146 0.3058398
3147 0.6533522
3148 0.631093
3149 0.2111556
3150 0.4064669
3151 0.9627339
3152 0.17814
3153 0.5206868
3154 0.3264671
3155 0.6093599
3156 0.5060822
3157 0.3019575
3158 0.9598509
3159 0.00982675
3160 0.4249422
3161 0.53148
3162 0.5148907
3163 0.4859133
3164 0.2524422
3165 0.04954256
3166 0.2642417
3167 0.5680106
3168 0.002154911
3169 0.9065691
3170 0.4364218
3171 0.9684451
3172 0.9617312
3173 0.9654942
3174 0.1777805
3175 0.2970655
3176 0.9227202
3177 0.498504
3178 0.01711496
3179 0.8651893
3180 0.2428483
3181 0.4051708
3182 0.8537478
3183 0.759552
3184 0.2547111
3185 0.7384934
3186 0.3357204
3187 0.3565403
3188 0.7686282
3189 0.007636327
3190 0.1499986
3191 0.1387905
3192 0.2314489
3193 0.5824889
3194 0.9911459
3195 0.28394
3196 0.9530563
3197 0.05297373
3198 0.4691239
3199 0.3905133
3200 0.02353328
3201 0.5996648
3202 0.2466819
3203 0.4380547
3204 0.1858337
3205 0.2373279
3206 0.7268944
3207 0.739056
3208 0.4594824
3209 0.2908361
3210 0.2096646
3211 0.5117947
3212 0.1364594
3213 0.3931051
3214 0.2808377
3215 0.9930222
3216 0.255725
3217 0.9973969
3218 0.5795868
3219 0.9798788
3220 0.2627502
3221 0.5530626
3222 0.05877875
3223 0.3501809
3224 0.4368569
3225 0.5774391
3226 0.6872436
3227 0.5657074
3228 0.1638701
3229 0.5973919
3230 0.4002431
3231 0.7784104
3232 0.5468817
3233 0.8654864
3234 0.8706953
3235 0.8123847
3236 0.6772377
3237 0.1357509
3238 0.2576074
3239 0.5929598
3240 0.4539463
3241 0.6347004
3242 0.836177
3243 0.943887
3244 0.05049079
3245 0.6551265
3246 0.4758501
3247 0.5044556
3248 0.5479141
3249 0.2104559
3250 0.9519696
3251 0.3352226
3252 0.1947824
3253 0.5593537
3254 0.2869586
3255 0.2817439
3256 0.9174644
3257 0.006260667
3258 0.4256042
3259 0.4428884
3260 0.1185177
3261 0.8861367
3262 0.9751697
3263 0.3731987
3264 0.8110008
3265 0.3160916
3266 0.03255347
3267 0.1431268
3268 0.5944345
3269 0.8321291
3270 0.4213904
3271 0.2142358
3272 0.5321421
3273 0.8183377
3274 0.7941655
3275 0.169716
3276 0.5130185
3277 0.01455082
3278 0.3710314
3279 0.6777614
3280 0.8603901
3281 0.4026259
3282 0.369976
3283 0.614125
3284 0.1552946
3285 0.6980523
3286 0.2313637
3287 0.8679201
3288 0.5245048
3289 0.4386759
3290 0.2113052
3291 0.8827321
3292 0.2593393
3293 0.3112625
3294 0.03613663
3295 0.3345828
3296 0.2413489
3297 0.3987478
3298 0.3158945
3299 0.1423239
3300 0.830457
3301 0.9142806
3302 0.5243336
3303 0.8419963
3304 0.7087148
3305 0.7623387
3306 0.4789824
3307 0.6519447
3308 0.8528663
3309 0.7578053
3310 0.7215263
3311 0.02060813
3312 0.4282883
3313 0.7656846
3314 0.8998975
3315 0.02648967
3316 0.2300414
3317 0.8192677
3318 0.08731427
3319 0.4399539
3320 0.9144642
3321 0.4072467
3322 0.8729063
3323 0.4642217
3324 0.7795523
3325 0.6787291
3326 0.1674444
3327 0.7351801
3328 0.5867459
3329 0.4484992
3330 0.4441496
3331 0.6376824
3332 0.1008068
3333 0.1712149
3334 0.5272338
3335 0.2702375
3336 0.5446684
3337 0.3323231
3338 0.4850834
3339 0.7194742
3340 0.05840064
3341 0.09005837
3342 0.08091166
3343 0.9285576
3344 0.2246726
3345 0.9958094
3346 0.518795
3347 0.8619847
3348 0.8475353
3349 0.6495549
3350 0.8676094
3351 0.137382
3352 0.7198907
3353 0.8393424
3354 0.2737682
3355 0.2272241
3356 0.6982205
3357 0.9306053
3358 0.2140867
3359 0.1236502
3360 0.4534984
3361 0.6133222
3362 0.6169809
3363 0.06311986
3364 0.1929808
3365 0.03855602
3366 0.03645306
3367 0.897185
3368 0.7719369
3369 0.465733
3370 0.8875643
3371 0.3910372
3372 0.267135
3373 0.173032
3374 0.3266385
3375 0.2240282
3376 0.7832159
3377 0.1724833
3378 0.9751761
3379 0.2812533
3380 0.1268859
3381 0.5258359
3382 0.9446978
3383 0.4847656
3384 0.7314694
3385 0.3322957
3386 0.9372494
3387 0.5220489
3388 0.6752339
3389 0.3544029
3390 0.1515375
3391 0.229603
3392 0.9096534
3393 0.1672004
3394 0.6321011
3395 0.5110749
3396 0.8566838
3397 0.04653993
3398 0.8988879
3399 0.7607831
3400 0.6747732
3401 0.3989619
3402 0.4898805
3403 0.9920083
3404 0.3420683
3405 0.5689054
3406 0.8487387
3407 0.6582582
3408 0.2566971
3409 0.5613817
3410 0.9680485
3411 0.7471862
3412 0.1636568
3413 0.1222218
3414 0.7722011
3415 0.267957
3416 0.9960487
3417 0.8175717
3418 0.9619227
3419 0.7276061
3420 0.7187402
3421 0.007535476
3422 0.916334
3423 0.1952222
3424 0.4575152
3425 0.9328657
3426 0.002060068
3427 0.7842296
3428 0.5426038
3429 0.4752868
3430 0.4448392
3431 0.8474793
3432 0.9836118
3433 0.6974299
3434 0.6242982
3435 0.6968636
3436 0.5244004
3437 0.6865245
3438 0.2607964
3439 0.5826725
3440 0.516774
3441 0.4035632
3442 0.1717308
3443 0.0792273
3444 0.8895532
3445 0.6036163
3446 0.3371573
3447 0.9896944
3448 0.7632812
3449 0.05187441
3450 0.07987487
3451 0.01824383
3452 0.3565612
3453 0.00983784
3454 0.1542566
3455 0.2923821
3456 0.3428358
3457 0.02781251
3458 0.5556465
3459 0.2683085
3460 0.03675469
3461 0.2251191
3462 0.0004810006
3463 0.8067347
3464 0.1182326
3465 0.6093738
3466 0.680324
3467 0.8874398
3468 0.478507
3469 0.0985384
3470 0.9053841
3471 0.7351186
3472 0.756618
3473 0.5298496
3474 0.07720641
3475 0.1806592
3476 0.1938786
3477 0.07079515
3478 0.8988455
3479 0.974998
3480 0.760897
3481 0.8875811
3482 0.2364359
3483 0.2904824
3484 0.7082358
3485 0.2842546
3486 0.3878119
3487 0.09388992
3488 0.1764131
3489 0.7544784
3490 0.4007165
3491 0.5492534
3492 0.2706563
3493 0.3332352
3494 0.02841851
3495 0.4979591
3496 0.83597
3497 0.7604879
3498 0.9979509
3499 0.5638998
3500 0.1444704
3501 0.6029531
3502 0.1947304
3503 0.9310443
3504 0.529709
3505 0.5737655
3506 0.4056471
3507 0.9680784
3508 0.6704459
3509 0.6406833
3510 0.8912778
3511 0.2596097
3512 0.9070711
3513 0.2059066
3514 0.2277902
3515 0.1311906
3516 0.1031614
3517 0.5242469
3518 0.4256362
3519 0.1050044
3520 0.5092538
3521 0.7964773
3522 0.007045419
3523 0.8622897
3524 0.09041078
3525 0.7406143
3526 0.02912798
3527 0.2717704
3528 0.3847572
3529 0.1905294
3530 0.04101362
3531 0.143387
3532 0.5125791
3533 0.4246453
3534 0.4491264
3535 0.9118793
3536 0.1931134
3537 0.5316259
3538 0.8634342
3539 0.01039827
3540 0.9981235
3541 0.9931774
3542 0.5865458
3543 0.6949295
3544 0.1970961
3545 0.6786243
3546 0.6956677
3547 0.5486339
3548 0.4922134
3549 0.06342717
3550 0.4556732
3551 0.4087196
3552 0.262564
3553 0.7087322
3554 0.9920107
3555 0.03501029
3556 0.8776009
3557 0.0002482422
3558 0.909925
3559 0.553111
3560 0.7754042
3561 0.2087326
3562 0.2435649
3563 0.246877
3564 0.1095176
3565 0.446248
3566 0.6354425
3567 0.9843962
3568 0.6238621
3569 0.9426374
3570 0.1818343
3571 0.5208251
3572 0.4655702
3573 0.1322925
3574 0.1709731
3575 0.08051965
3576 0.5045561
3577 0.4669516
3578 0.1706312
3579 0.9582757
3580 0.03077921
3581 0.6304024
3582 0.5829161
3583 0.205914
3584 0.1617326
3585 0.01708244
3586 0.8929986
3587 0.7322359
3588 0.8911995
3589 0.391551
3590 0.2920341
3591 0.9141868
3592 0.2842046
3593 0.6237759
3594 0.8355036
3595 0.8128949
3596 0.1172524
3597 0.8389472
3598 0.6980116
3599 0.09782537
3600 0.924892
3601 0.2552273
3602 0.3855639
3603 0.02891659
3604 0.6092526
3605 0.1914541
3606 0.9075608
3607 0.05742022
3608 0.2797963
3609 0.1397463
3610 0.3044719
3611 0.3333951
3612 0.7241066
3613 0.4569058
3614 0.6564926
3615 0.1719196
3616 0.6397696
3617 0.2243842
3618 0.7274932
3619 0.5535023
3620 0.2532466
3621 0.307622
3622 0.0008295486
3623 0.9852686
3624 0.04482287
3625 0.08432761
3626 0.1197205
3627 0.5443174
3628 0.389307
3629 0.014307
3630 0.5027882
3631 0.8392482
3632 0.416974
3633 0.3811814
3634 0.5765031
3635 0.6538946
3636 0.7544154
3637 0.1568496
3638 0.6732757
3639 0.1823835
3640 0.8205196
3641 0.1226525
3642 0.002090629
3643 0.9482527
3644 0.4084734
3645 0.2136408
3646 0.5975286
3647 0.3462836
3648 0.7816909
3649 0.1996141
3650 0.1043741
3651 0.2924321
3652 0.7387523
3653 0.7154691
3654 0.05218621
3655 0.5609505
3656 0.4140448
3657 0.4777609
3658 0.6748566
3659 0.0555493
3660 0.9792484
3661 0.09816383
3662 0.4070885
3663 0.1789971
3664 0.3133071
3665 0.2611815
3666 0.3008727
3667 0.9138888
3668 0.00195884
3669 0.0785065
3670 0.08600253
3671 0.6001351
3672 0.06900141
3673 0.09971851
3674 0.183245
3675 0.8568893
3676 0.1199291
3677 0.5473568
3678 0.7097471
3679 0.640486
3680 0.5629361
3681 0.8617656
3682 0.8316856
3683 0.7123491
3684 0.367694
3685 0.9164279
3686 0.1118448
3687 0.2327266
3688 0.7388093
3689 0.07752199
3690 0.1705694
3691 0.9994923
3692 0.8758764
3693 0.6941717
3694 0.3376917
3695 0.980989
3696 0.2929212
3697 0.3956828
3698 0.889703
3699 0.2934307
3700 0.7116718
3701 0.05036068
3702 0.09748447
3703 0.5041371
3704 0.3078082
3705 0.05958078
3706 0.2256619
3707 0.8326733
3708 0.4799312
3709 0.08083783
3710 0.1009805
3711 0.3919716
3712 0.03625577
3713 0.417129
3714 0.3872264
3715 0.6006708
3716 0.6309967
3717 0.4392639
3718 0.2650945
3719 0.1174336
3720 0.06650048
3721 0.4155579
3722 0.4205366
3723 0.5230336
3724 0.9388131
3725 0.3985157
3726 0.7059452
3727 0.8654839
3728 0.5743103
3729 0.130942
3730 0.4502317
3731 0.6790237
3732 0.01477685
3733 0.6878951
3734 0.5370801
3735 0.3264352
3736 0.319952
3737 0.3016831
3738 0.9984141
3739 0.252402
3740 0.01256822
3741 0.440786
3742 0.6771038
3743 0.8740974
3744 0.3489937
3745 0.9188353
3746 0.1046979
3747 0.6683445
3748 0.2383549
3749 0.5977567
3750 0.6272504
3751 0.1755608
3752 0.1816613
3753 0.7812825
3754 0.2169745
3755 0.3543725
3756 0.8265421
3757 0.1452261
3758 0.6093952
3759 0.2563645
3760 0.3011457
3761 0.4118127
3762 0.1774188
3763 0.5832524
3764 0.881303
3765 0.3203191
3766 0.2181056
3767 0.6034994
3768 0.3491975
3769 0.8386048
3770 0.4117047
3771 0.3459201
3772 0.09693888
3773 0.6520346
3774 0.1692356
3775 0.4353461
3776 0.9901071
3777 0.562615
3778 0.4823156
3779 0.6455488
3780 0.1523022
3781 0.9704545
3782 0.7222524
3783 0.4788044
3784 0.05143476
3785 0.8998421
3786 0.9774863
3787 0.8478308
3788 0.7900288
3789 0.1748429
3790 0.5557683
3791 0.6982757
3792 0.3584493
3793 0.5164816
3794 0.05091068
3795 0.4871479
3796 0.2400908
3797 0.3202821
3798 0.4204835
3799 0.5209352
3800 0.2188328
3801 0.5932558
3802 0.02042579
3803 0.8783123
3804 0.575844
3805 0.8664615
3806 0.9281351
3807 0.1218137
3808 0.1828388
3809 0.07130905
3810 0.006506993
3811 0.2331869
3812 0.5520872
3813 0.04019558
3814 0.5350311
3815 0.3712889
3816 0.887241
3817 0.06974652
3818 0.360599
3819 0.8878407
3820 0.7608855
3821 0.09660834
3822 0.9141477
3823 0.891964
3824 0.4902364
3825 0.3474668
3826 0.02306914
3827 0.5605137
3828 0.8105501
3829 0.8043008
3830 0.008669883
3831 0.8282061
3832 0.9632529
3833 0.3251096
3834 0.4396604
3835 0.5280667
3836 0.777612
3837 0.4965125
3838 0.9514605
3839 0.5729726
3840 0.3211447
3841 0.6358316
3842 0.07929115
3843 0.1369952
3844 0.4011877
3845 0.5581613
3846 0.09711732
3847 0.1661201
3848 0.8188056
3849 0.2338022
3850 0.6610786
3851 0.4703252
3852 0.8461508
3853 0.7848656
3854 0.6588587
3855 0.6668449
3856 0.2497821
3857 0.5591919
3858 0.5800175
3859 0.1585752
3860 0.4542573
3861 0.6320391
3862 0.2938344
3863 0.4563218
3864 0.9985658
3865 0.2925507
3866 0.257268
3867 0.8783852
3868 0.1166599
3869 0.4057459
3870 0.9565353
3871 0.852221
3872 0.3818481
3873 0.3689959
3874 0.4843168
3875 0.1722678
3876 0.3818064
3877 0.3410437
3878 0.05540843
3879 0.7326018
3880 0.9239516
3881 0.2845857
3882 0.4162384
3883 0.1904008
3884 0.6345022
3885 0.8105582
3886 0.2647517
3887 0.5217879
3888 0.6721222
3889 0.9063282
3890 0.1161956
3891 0.5649163
3892 0.02013212
3893 0.4491518
3894 0.2619388
3895 0.1236867
3896 0.6177173
3897 0.974634
3898 0.8396782
3899 0.9769134
3900 0.8989368
3901 0.4626887
3902 0.4928435
3903 0.6515211
3904 0.4332281
3905 0.7954605
3906 0.6620746
3907 0.4657396
3908 0.08664885
3909 0.1288176
3910 0.5567532
3911 0.2058318
3912 0.4000338
3913 0.1490571
3914 0.1346677
3915 0.01222572
3916 0.8874303
3917 0.3646368
3918 0.9284794
3919 0.4869119
3920 0.3151442
3921 0.118091
3922 0.483944
3923 0.2298507
3924 0.2651929
3925 0.1349358
3926 0.4117222
3927 0.05318678
3928 0.2419276
3929 0.7225591
3930 0.1720477
3931 0.8353942
3932 0.3329822
3933 0.6795722
3934 0.9026471
3935 0.7531981
3936 0.01324473
3937 0.03940316
3938 0.1513915
3939 0.3112146
3940 0.5292475
3941 0.5661646
3942 0.983526
3943 0.05806311
3944 0.3233018
3945 0.8206729
3946 0.04756139
3947 0.5285831
3948 0.2947265
3949 0.09029584
3950 0.2543252
3951 0.7551007
3952 0.389402
3953 0.973106
3954 0.3490628
3955 0.93446
3956 0.8621636
3957 0.3488464
3958 0.37411
3959 0.2975408
3960 0.2176659
3961 0.1629515
3962 0.2406348
3963 0.8506573
3964 0.6875526
3965 0.30994
3966 0.5793549
3967 0.9260873
3968 0.2223856
3969 0.609752
3970 0.6673969
3971 0.2528933
3972 0.1331691
3973 0.1653524
3974 0.4469108
3975 0.1769028
3976 0.5450205
3977 0.0008880579
3978 0.7864901
3979 0.08920834
3980 0.9720319
3981 0.7244463
3982 0.1802598
3983 0.5397398
3984 0.1472773
3985 0.5563003
3986 0.02622627
3987 0.61188
3988 0.5748732
3989 0.5215745
3990 0.3959544
3991 0.0837529
3992 0.5350505
3993 0.6589418
3994 0.6718751
3995 0.3974064
3996 0.3814718
3997 0.9476724
3998 0.5832331
3999 0.3956494
4000 0.2920684
4001 0.5959345
4002 0.5135189
4003 0.785349
4004 0.1802664
4005 0.501122
4006 0.0788356
4007 0.6349482
4008 0.435767
4009 0.8133543
4010 0.3383581
4011 0.001351358
4012 0.1254116
4013 0.3956982
4014 0.8995773
4015 0.2030635
4016 0.5569985
4017 0.2929
4018 0.5791594
4019 0.364132
4020 0.5391188
4021 0.6710961
4022 0.6813825
4023 0.06925918
4024 0.1540951
4025 0.06816081
4026 0.8429392
4027 0.6867206
4028 0.3208277
4029 0.5735633
4030 0.2223973
4031 0.9404747
4032 0.3178698
4033 0.7176247
4034 0.2631594
4035 0.9048068
4036 0.4901771
4037 0.7766481
4038 0.2011365
4039 0.1503736
4040 0.5451584
4041 0.3080548
4042 0.2562948
4043 0.2445967
4044 0.7372196
4045 0.4779299
4046 0.7034737
4047 0.6487126
4048 0.7343595
4049 0.9115859
4050 0.9676838
4051 0.214326
4052 0.4699869
4053 0.2999987
4054 0.5412793
4055 0.01246492
4056 0.8710451
4057 0.4186731
4058 0.5795425
4059 0.06497379
4060 0.553695
4061 0.1612016
4062 0.07126062
4063 0.08278564
4064 0.4210528
4065 0.04042668
4066 0.1323221
4067 0.233551
4068 0.54616
4069 0.1616133
4070 0.5432527
4071 0.6001935
4072 0.8877566
4073 0.3531496
4074 0.8742777
4075 0.251918
4076 0.1336956
4077 0.1604086
4078 0.02203854
4079 0.5215897
4080 0.2070038
4081 0.1115261
4082 0.2261204
4083 0.2667888
4084 0.1982506
4085 0.03084771
4086 0.4308036
4087 0.3137199
4088 0.2682445
4089 0.9520169
4090 0.1763573
4091 0.7696505
4092 0.006199752
4093 0.06972209
4094 0.9310756
4095 0.8932837
4096 0.4252506
4097 0.03589772
4098 0.6486442
4099 0.9494553
4100 0.2351343
4101 0.2136253
4102 0.4986463
4103 0.9863539
4104 0.2427297
4105 0.652102
4106 0.1208503
4107 0.9183502
4108 0.9560201
4109 0.7084106
4110 0.2799987
4111 0.02174255
4112 0.1900752
4113 0.4319886
4114 0.5927343
4115 0.2337968
4116 0.7666781
4117 0.03134754
4118 0.2729443
4119 0.4946034
4120 0.47737
4121 0.8756965
4122 0.8734368
4123 0.08185624
4124 0.8108046
4125 0.09115927
4126 0.2397906
4127 0.8578627
4128 0.7742688
4129 0.6831187
4130 0.6403479
4131 0.3067586
4132 0.5292798
4133 0.1837299
4134 0.02813109
4135 0.5849074
4136 0.08431617
4137 0.8259749
4138 0.5450806
4139 0.614422
4140 0.01425974
4141 0.7911547
4142 0.8462595
4143 0.2800379
4144 0.3803442
4145 0.9977765
4146 0.6080494
4147 0.6331145
4148 0.7229836
4149 0.3075195
4150 0.5899385
4151 0.8393194
4152 0.1923164
4153 0.1667092
4154 0.04988124
4155 0.5429644
4156 0.672786
4157 0.04872808
4158 0.9782528
4159 0.1076168
4160 0.9103761
4161 0.4888928
4162 0.00985345
4163 0.2442308
4164 0.1152291
4165 0.5993319
4166 0.5826776
4167 0.2026108
4168 0.2931893
4169 0.8498662
4170 0.07096372
4171 0.2148645
4172 0.6200054
4173 0.1459653
4174 0.8425225
4175 0.02212194
4176 0.3582005
4177 0.286561
4178 0.9767466
4179 0.03349059
4180 0.5879803
4181 0.2142807
4182 0.07760576
4183 0.1735296
4184 0.2725907
4185 0.4445584
4186 0.08490834
4187 0.7431526
4188 0.4446157
4189 0.3132031
4190 0.7834131
4191 0.8556297
4192 0.4079332
4193 0.5609713
4194 0.8335668
4195 0.3851963
4196 0.2461719
4197 0.7252661
4198 0.4775568
4199 0.5314251
4200 0.439167
4201 0.3429629
4202 0.7930346
4203 0.78933
4204 0.834803
4205 0.9849455
4206 0.7758522
4207 0.3258545
4208 0.4120151
4209 0.7540808
4210 0.8514903
4211 0.2245029
4212 0.8281048
4213 0.4930924
4214 0.5468938
4215 0.8984348
4216 0.1129286
4217 0.6060082
4218 0.7178888
4219 0.7286719
4220 0.1213019
4221 0.08853217
4222 0.01000174
4223 0.9370311
4224 0.456203
4225 0.9126527
4226 0.3352432
4227 0.917709
4228 0.4293674
4229 0.2083485
4230 0.5037332
4231 0.008926795
4232 0.8409156
4233 0.2781733
4234 0.1622746
4235 0.475355
4236 0.4352933
4237 0.440074
4238 0.08458854
4239 0.7275706
4240 0.3658573
4241 0.5725439
4242 0.2992643
4243 0.1628041
4244 0.0865155
4245 0.4319032
4246 0.3043586
4247 0.02705968
4248 0.5798833
4249 0.2554676
4250 0.3474423
4251 0.4876168
4252 0.4677596
4253 0.6538385
4254 0.8291261
4255 0.2203225
4256 0.2253114
4257 0.6170738
4258 0.05333265
4259 0.743938
4260 0.03937647
4261 0.3438345
4262 0.2859959
4263 0.4405234
4264 0.9287123
4265 0.08370249
4266 0.5424413
4267 0.8003801
4268 0.908825
4269 3.441301e-05
4270 0.05037281
4271 0.8257817
4272 0.3882064
4273 0.7815689
4274 0.06123857
4275 0.2710823
4276 0.9691413
4277 0.1003565
4278 0.4568998
4279 0.1326551
4280 0.5664118
4281 0.4658897
4282 0.1729388
4283 0.08168742
4284 0.5952004
4285 0.01168394
4286 0.03978712
4287 0.06677823
4288 0.3682175
4289 0.07890116
4290 0.1601495
4291 0.3064429
4292 0.3369242
4293 0.310452
4294 0.5958352
4295 0.5555676
4296 0.3831223
4297 0.2008954
4298 0.07682094
4299 0.5781805
4300 0.8550431
4301 0.4319976
4302 0.7783731
4303 0.165011
4304 0.4011618
4305 0.5599352
4306 0.5671013
4307 0.0906531
4308 0.1038575
4309 0.8643028
4310 0.7644032
4311 0.06269326
4312 0.06991341
4313 0.7699168
4314 0.5648903
4315 0.4400375
4316 0.3818641
4317 0.6391757
4318 0.4107516
4319 0.1292033
4320 0.2231764
4321 0.4363602
4322 0.2027086
4323 0.396821
4324 0.7075139
4325 0.03520266
4326 0.8522137
4327 0.4447098
4328 0.8503058
4329 0.6140252
4330 0.3819807
4331 0.1299002
4332 0.4012905
4333 0.8337188
4334 0.6650933
4335 0.3426974
4336 0.918243
4337 0.07899558
4338 0.6887189
4339 0.6564838
4340 0.1366828
4341 0.6674613
4342 0.9966987
4343 0.2477247
4344 0.2817222
4345 0.15871
4346 0.5369826
4347 0.4820516
4348 0.8632302
4349 0.02901547
4350 0.008028791
4351 0.974398
4352 0.1488014
4353 0.1705412
4354 0.4102519
4355 0.01732687
4356 0.6464633
4357 0.9126631
4358 0.5629399
4359 0.4564647
4360 0.9813941
4361 0.1151115
4362 0.6349559
4363 0.1473031
4364 0.3108135
4365 0.3686016
4366 0.03415601
4367 0.9912067
4368 0.05306023
4369 0.3256048
4370 0.5829439
4371 0.7302199
4372 0.1918659
4373 0.09190368
4374 0.1653863
4375 0.05049722
4376 0.407913
4377 0.424744
4378 0.1480031
4379 0.3664756
4380 0.156746
4381 0.9103905
4382 0.6483265
4383 0.6372623
4384 0.7576101
4385 0.1011972
4386 0.9079683
4387 0.01140847
4388 0.27566
4389 0.2562572
4390 0.6351176
4391 0.5457122
4392 0.4205058
4393 0.9332552
4394 0.8669185
4395 0.08946468
4396 0.2229216
4397 0.169129
4398 0.1877025
4399 0.4993915
4400 0.6350697
4401 0.5209706
4402 0.619953
4403 0.4125634
4404 0.3082631
4405 0.1714611
4406 0.001508509
4407 1.89196e-05
4408 0.7385614
4409 0.2303561
4410 0.8101314
4411 0.1034607
4412 0.3280541
4413 0.8699366
4414 0.7261439
4415 0.8290396
4416 0.4184623
4417 0.3008508
4418 0.5602054
4419 0.1802854
4420 0.01251955
4421 0.6727553
4422 0.6857796
4423 0.3003943
4424 0.9521026
4425 0.8236926
4426 0.5776582
4427 0.4867674
4428 0.1131336
4429 0.0985832
4430 0.4152298
4431 0.3566678
4432 0.9569745
4433 0.6372628
4434 0.8011979
4435 0.01132575
4436 0.1709897
4437 0.06758495
4438 0.690648
4439 0.01907357
4440 0.1750937
4441 0.8923501
4442 0.01904783
4443 0.3189649
4444 0.02772508
4445 0.235192
4446 0.1602776
4447 0.3151124
4448 0.7684693
4449 0.5911432
4450 0.2587626
4451 0.3066391
4452 0.7919385
4453 0.5802916
4454 0.9582207
4455 0.2522724
4456 0.0701486
4457 0.6956238
4458 0.8028871
4459 0.006445047
4460 0.533351
4461 0.7183683
4462 0.6878442
4463 0.5587155
4464 0.361106
4465 0.5948899
4466 0.3515168
4467 0.5399431
4468 0.001276607
4469 0.8344034
4470 0.2133608
4471 0.6413517
4472 0.7109703
4473 0.9977879
4474 0.1177829
4475 0.03236944
4476 0.8480098
4477 0.9204497
4478 0.6967791
4479 0.1125658
4480 0.7454763
4481 0.07949715
4482 0.8550444
4483 0.7861785
4484 0.2405279
4485 0.009409645
4486 0.2159471
4487 0.5106408
4488 0.1909546
4489 0.5149732
4490 0.8701452
4491 0.3663994
4492 0.4654602
4493 0.2415375
4494 0.7356834
4495 0.451694
4496 0.944986
4497 0.5364705
4498 0.479082
4499 0.2098034
4500 0.7874941
4501 0.4112353
4502 0.9255463
4503 0.9397088
4504 0.7920735
4505 0.2837831
4506 5.061127e-05
4507 0.5905517
4508 0.02226104
4509 0.9061518
4510 0.2173221
4511 0.4537169
4512 0.282319
4513 0.7874843
4514 0.7795977
4515 0.04705322
4516 0.0004131331
4517 0.04289141
4518 0.6353702
4519 0.29484
4520 0.9311467
4521 0.6479195
4522 0.05927246
4523 0.8221724
4524 0.1001657
4525 0.3405594
4526 0.3828211
4527 0.632647
4528 0.4594098
4529 0.801496
4530 0.3356491
4531 0.2418956
4532 0.0164801
4533 0.5226989
4534 0.5452028
4535 0.2100659
4536 0.3772285
4537 0.6846622
4538 0.7204242
4539 0.9199945
4540 0.2751329
4541 0.2145197
4542 0.3962493
4543 0.02075743
4544 0.322903
4545 0.8966433
4546 0.5400078
4547 0.3293159
4548 0.9568398
4549 0.9322527
4550 0.2128717
4551 0.000665023
4552 0.2857183
4553 0.7877752
4554 0.3918699
4555 0.6071694
4556 0.6042291
4557 0.1724877
4558 0.4780615
4559 0.8680401
4560 0.1314647
4561 0.976632
4562 0.1745717
4563 0.6694747
4564 0.008665585
4565 0.3938331
4566 0.8122284
4567 0.02769562
4568 0.3358766
4569 0.2079485
4570 0.1964282
4571 0.0205993
4572 0.3539292
4573 0.9270334
4574 0.2223176
4575 0.1766226
4576 0.492628
4577 0.6189672
4578 0.8073785
4579 0.5584252
4580 0.7994013
4581 0.4193245
4582 0.7776181
4583 0.2129136
4584 0.2431187
4585 0.9621266
4586 0.8505307
4587 0.1949074
4588 0.004669291
4589 0.2704423
4590 0.02941099
4591 0.9724026
4592 0.3372881
4593 0.8035582
4594 0.4326706
4595 0.1339153
4596 0.8577564
4597 0.8034403
4598 0.1474078
4599 0.08427277
4600 0.2967429
4601 0.6605772
4602 0.3246607
4603 0.7068532
4604 0.8609891
4605 0.956948
4606 0.01568223
4607 0.5564883
4608 0.2637803
4609 0.2222673
4610 0.3965821
4611 0.8867614
4612 0.7939437
4613 0.1841867
4614 0.2898658
4615 0.6621426
4616 0.6533347
4617 0.7826367
4618 0.63305
4619 0.3131763
4620 0.2857052
4621 0.09912895
4622 0.208469
4623 0.4552732
4624 0.3615131
4625 0.1937146
4626 0.5507164
4627 0.3208689
4628 0.7895498
4629 0.7515186
4630 0.2348574
4631 0.6548
4632 0.06618913
4633 0.3884678
4634 0.06671656
4635 0.591786
4636 0.5085421
4637 0.8819746
4638 0.2791958
4639 0.7102526
4640 0.2260962
4641 0.5022815
4642 0.9585445
4643 0.2597078
4644 0.1856363
4645 0.01207817
4646 0.3895573
4647 0.8203189
4648 0.7376371
4649 0.3960314
4650 0.3991281
4651 0.8679292
4652 0.3004677
4653 0.2576344
4654 0.3359526
4655 0.7227725
4656 0.9037219
4657 0.5641919
4658 0.5606563
4659 0.1732371
4660 0.8691056
4661 0.7971453
4662 0.02216042
4663 0.8829197
4664 0.738386
4665 0.6699322
4666 0.4513996
4667 0.184803
4668 0.154943
4669 0.8267888
4670 0.03952114
4671 0.1531485
4672 0.5368699
4673 0.09399448
4674 0.2505933
4675 0.1932682
4676 0.4559922
4677 0.1878367
4678 0.3721034
4679 0.7667027
4680 0.2435765
4681 0.5786994
4682 0.1673253
4683 0.9053262
4684 0.07939854
4685 0.3922594
4686 0.1271695
4687 0.4322138
4688 0.2949475
4689 0.4479436
4690 0.5821841
4691 0.03559346
4692 0.255753
4693 0.9501958
4694 0.1258649
4695 0.8925422
4696 0.2813619
4697 0.7888414
4698 0.9343688
4699 0.2683839
4700 0.7705509
4701 0.348832
4702 0.4430686
4703 0.5177965
4704 0.9452987
4705 0.2708317
4706 0.8772141
4707 0.8390762
4708 0.8637605
4709 0.6590563
4710 0.7442314
4711 0.3981396
4712 0.6538826
4713 0.1930227
4714 0.0233407
4715 0.68478
4716 0.4053376
4717 0.9774032
4718 0.3145915
4719 0.8022072
4720 0.5283601
4721 0.7588641
4722 0.4909381
4723 0.08877201
4724 0.5406232
4725 0.2700162
4726 0.3859629
4727 0.04687928
4728 0.3830289
4729 0.07040935
4730 0.4961344
4731 0.6622312
4732 0.1807661
4733 0.6421386
4734 0.2289935
4735 0.4480985
4736 0.3284639
4737 0.3731947
4738 0.2265222
4739 0.4531162
4740 0.8852103
4741 0.0518624
4742 0.8039788
4743 0.5210238
4744 0.2746831
4745 0.1184379
4746 0.3235826
4747 0.00487339
4748 0.2714615
4749 0.1264356
4750 0.05548396
4751 0.373758
4752 0.1025664
4753 0.1116394
4754 0.9551853
4755 0.9747291
4756 0.4845835
4757 0.5109525
4758 0.3532133
4759 0.7266116
4760 0.8465027
4761 0.9120891
4762 0.3955806
4763 0.8512577
4764 0.3584929
4765 0.209128
4766 0.8592944
4767 0.329104
4768 0.6530653
4769 0.9091831
4770 0.5788624
4771 0.8387396
4772 0.08722389
4773 0.2286585
4774 0.4782061
4775 0.9423806
4776 0.9277948
4777 0.9908927
4778 0.4538756
4779 0.9495792
4780 0.03485411
4781 0.9375201
4782 0.1436487
4783 0.2163138
4784 0.6308801
4785 0.09628543
4786 0.3308906
4787 0.1631398
4788 0.7822801
4789 0.1823083
4790 0.8713208
4791 0.07936787
4792 0.3912993
4793 0.8173856
4794 0.7881787
4795 0.5231843
4796 0.3061557
4797 0.01996084
4798 0.9306374
4799 0.1519275
4800 0.3687884
4801 0.1503812
4802 0.1553913
4803 0.737196
4804 0.4533914
4805 0.9169455
4806 0.318048
4807 0.04144868
4808 0.01242942
4809 0.3240678
4810 0.9239348
4811 0.4294251
4812 0.146549
4813 0.4244134
4814 0.05019566
4815 0.436916
4816 0.3678227
4817 0.2301301
4818 0.8175509
4819 0.9360382
4820 0.7597909
4821 0.4677196
4822 0.6309099
4823 0.3655621
4824 0.1209854
4825 0.9760271
4826 0.6638698
4827 0.2198709
4828 0.4363528
4829 0.02992875
4830 0.1214865
4831 0.5645157
4832 0.7226102
4833 0.5529506
4834 0.6041303
4835 0.8990603
4836 0.3447114
4837 0.7110894
4838 0.873566
4839 0.008102152
4840 0.7190775
4841 0.7650159
4842 0.855786
4843 0.9641447
4844 0.9268727
4845 0.1735828
4846 0.8789423
4847 0.09901556
4848 0.4015995
4849 0.6945149
4850 0.9247492
4851 0.4788862
4852 0.8134572
4853 0.8179494
4854 0.3862094
4855 0.8807632
4856 0.3868273
4857 0.2535212
4858 0.7240259
4859 0.8457798
4860 0.2319076
4861 0.2589342
4862 0.4852995
4863 0.0697991
4864 0.6979234
4865 0.7380288
4866 0.2110449
4867 0.2532557
4868 0.05946172
4869 0.3521731
4870 0.6140775
4871 0.4105938
4872 0.4913055
4873 0.3096212
4874 0.09983118
4875 0.7223391
4876 0.4505948
4877 0.2720446
4878 0.9982381
4879 0.2198877
4880 0.07687765
4881 0.788898
4882 0.04991736
4883 0.7207884
4884 0.1227296
4885 0.3695871
4886 0.8584074
4887 0.01697462
4888 0.671976
4889 0.6901625
4890 0.001400173
4891 0.3746547
4892 0.3158869
4893 0.235868
4894 0.2179974
4895 3.881185e-05
4896 0.4221461
4897 0.3233719
4898 0.4424466
4899 0.9556375
4900 0.1475543
4901 0.9257981
4902 0.275185
4903 0.5400177
4904 0.5182392
4905 0.03369754
4906 0.7475842
4907 0.4108122
4908 0.8860598
4909 0.3123052
4910 0.1714723
4911 0.7861947
4912 0.306005
4913 0.2162036
4914 0.5574222
4915 0.9072484
4916 0.05610082
4917 0.6180078
4918 0.9727874
4919 0.5455796
4920 0.02031173
4921 0.2551801
4922 0.4670077
4923 0.1073573
4924 0.09088851
4925 0.634315
4926 0.04164411
4927 0.03475365
4928 0.1235141
4929 0.8477161
4930 0.877905
4931 0.09973587
4932 0.6327739
4933 0.3104218
4934 0.5977584
4935 0.4612035
4936 0.3596466
4937 0.4975777
4938 0.2574524
4939 0.1628964
4940 0.5819263
4941 0.6945937
4942 0.9747333
4943 0.847976
4944 0.5593434
4945 0.124374
4946 0.1870213
4947 0.4823091
4948 0.03225232
4949 0.0775801
4950 0.03539111
4951 0.2130619
4952 0.7683139
4953 0.4069881
4954 0.5584328
4955 0.4081876
4956 0.480439
4957 0.3242167
4958 0.8536089
4959 0.8062034
4960 0.8179855
4961 0.9347851
4962 0.4737332
4963 0.2436056
4964 0.3388156
4965 0.07308277
4966 0.9247124
4967 0.9255906
4968 0.3536635
4969 0.2214151
4970 0.2406539
4971 0.3554893
4972 0.3749021
4973 0.09491175
4974 0.7108727
4975 0.3472401
4976 0.6600734
4977 0.246688
4978 0.1242891
4979 0.1604402
4980 0.6729126
4981 0.587882
4982 0.7821603
4983 0.4121898
4984 0.6080251
4985 0.7759125
4986 0.2742389
4987 0.973754
4988 0.08698159
4989 0.1043107
4990 0.3104743
4991 0.1001948
4992 0.6886899
4993 0.3936824
4994 0.3961636
4995 0.3953461
4996 0.911109
4997 0.08307755
4998 0.1957072
4999 0.4986699
5000 0.003619146
