1 0.4752033
2 0.04507099
3 0.02475964
4 0.3257168
5 0.04478339
6 0.02752657
7 0.1992745
8 0.02538196
9 0.3764072
10 0.1806374
11 0.008261666
12 0.06937984
13 0.001686197
14 0.09941204
15 0.2042577
16 0.6293892
17 0.08257479
18 0.04329412
19 0.02627321
20 0.1488022
21 0.4529471
22 0.0199193
23 0.2613535
24 0.0006418212
25 0.1135392
26 0.052847
27 0.04758713
28 0.03677049
29 0.3227105
30 0.3800064
31 0.004993919
32 0.001975567
33 0.5352692
34 0.1070384
35 0.5317047
36 0.6450243
37 0.05095395
38 0.5041356
39 0.0211464
40 0.9511404
41 0.9197787
42 0.1495002
43 0.05290294
44 0.2464433
45 0.1081696
46 0.07358551
47 0.3309911
48 0.04105607
49 0.0431075
50 0.3935671
51 0.4013193
52 0.3627915
53 0.0496336
54 0.7204286
55 0.5603973
56 0.06314263
57 0.1385884
58 0.8525822
59 0.1550967
60 0.03191835
61 0.5160731
62 0.01741551
63 0.6168844
64 0.3365528
65 0.009451144
66 0.5225628
67 0.3989634
68 0.02869405
69 0.0111664
70 0.5494028
71 0.04084869
72 0.06585215
73 0.3435024
74 0.001818301
75 0.00406824
76 0.6297186
77 0.01207086
78 0.02994973
79 0.04242181
80 0.4378093
81 0.01857991
82 0.2880911
83 0.2460035
84 0.1239171
85 0.1880273
86 0.00301015
87 0.04103173
88 0.2277555
89 0.3094709
90 0.1586183
91 0.07761616
92 0.01883433
93 0.2873238
94 0.004031811
95 0.01867601
96 0.6833131
97 0.09201065
98 0.4685237
99 0.06430138
100 0.1904725
101 0.01352215
102 0.00923988
103 0.9845292
104 0.4143511
105 0.05878657
106 0.4786514
107 0.009570692
108 0.413435
109 0.03379485
110 0.2405646
111 0.08612506
112 0.16231
113 0.04462337
114 0.7230189
115 0.9709582
116 0.03061051
117 0.03897731
118 0.1098979
119 0.04264238
120 0.3167773
121 0.2414204
122 0.002342467
123 0.03350011
124 0.5197448
125 0.0679868
126 0.08141662
127 0.6856479
128 0.02700285
129 0.2579543
130 0.01406062
131 0.7273983
132 0.01620255
133 0.5629933
134 0.3954252
135 0.5439451
136 0.03692783
137 0.1983693
138 0.3261341
139 0.2317713
140 0.0428025
141 0.02316339
142 0.08630089
143 0.001750637
144 0.04982382
145 0.02536678
146 0.04275923
147 0.02399644
148 0.03019838
149 0.6286254
150 0.02903923
151 0.03201033
152 0.02312092
153 0.2483501
154 0.03898221
155 0.003484645
156 0.001927757
157 0.1040911
158 0.003544697
159 0.004034872
160 0.9761648
161 0.04496048
162 0.04380889
163 0.3272496
164 0.601633
165 0.2024746
166 0.3799303
167 0.997823
168 0.004707607
169 0.002352376
170 0.1923884
171 0.1370028
172 0.03886466
173 0.06743118
174 0.7439166
175 0.005819914
176 0.03499246
177 0.06483998
178 0.02479279
179 0.7609982
180 0.8463876
181 0.1351877
182 0.2501152
183 0.003512905
184 0.01462672
185 0.01899075
186 0.2462156
187 0.9547498
188 0.007068138
189 0.8786562
190 0.2243695
191 0.007687925
192 0.002512071
193 0.6055059
194 0.4747262
195 0.09469323
196 0.4630056
197 0.07053181
198 0.002246462
199 0.04164535
200 0.09087936
201 0.3125515
202 0.00238657
203 0.006519239
204 0.2261934
205 0.01379327
206 0.929896
207 0.0401626
208 0.8106992
209 0.3611899
210 0.1444989
211 0.4957223
212 0.2790007
213 0.02504546
214 0.01013825
215 0.04672533
216 0.5507572
217 0.2222552
218 0.01441314
219 0.9111184
220 0.03386091
221 0.3688294
222 0.4622912
223 0.1134471
224 0.4021307
225 0.09874723
226 0.6651414
227 0.4353327
228 0.006112643
229 0.04104782
230 0.1034121
231 0.3816939
232 0.9752721
233 0.01814156
234 0.06985255
235 0.1147246
236 0.04725729
237 0.1487662
238 0.01777533
239 0.03622026
240 0.02008203
241 0.1434984
242 0.03565599
243 0.2494973
244 0.04069295
245 0.3315625
246 0.01144007
247 0.006003867
248 0.03231696
249 0.003571871
250 0.6526978
251 0.07024191
252 0.008170664
253 0.04427561
254 0.0643671
255 0.1084628
256 0.02405158
257 0.04193933
258 0.5292891
259 0.03590915
260 0.1759397
261 0.04986847
262 0.03595336
263 0.6278551
264 0.03284025
265 0.328605
266 0.4302699
267 0.4792039
268 0.04987823
269 0.003782708
270 0.1896162
271 0.02867117
272 0.02002618
273 0.1365265
274 0.784631
275 0.6361566
276 0.8524626
277 0.5711583
278 0.3268126
279 0.002010232
280 0.04848639
281 0.1117446
282 0.4053353
283 0.01928171
284 0.03935565
285 0.03495315
286 0.4332517
287 0.08611284
288 0.03950185
289 0.13981
290 0.7590929
291 0.0457943
292 0.08241307
293 0.01692317
294 0.5998728
295 0.7192043
296 0.01176958
297 0.3580151
298 0.004530506
299 0.02081959
300 0.9866906
301 0.4303626
302 0.01675957
303 0.001975437
304 0.02566239
305 0.7940555
306 0.1024338
307 0.3013363
308 0.3390077
309 0.915469
310 0.1237211
311 0.01881083
312 0.551104
313 0.02448229
314 0.4132929
315 0.7726226
316 0.4351404
317 0.1123515
318 0.624664
319 0.0418463
320 0.1058647
321 0.02770384
322 0.1545381
323 0.061501
324 0.01854775
325 0.02497504
326 0.3430383
327 0.7393486
328 0.8654665
329 0.02197128
330 0.002461182
331 0.03510143
332 0.3439514
333 0.7282796
334 0.472922
335 0.9448278
336 0.1320136
337 0.04433332
338 0.1873888
339 0.01042296
340 0.644804
341 0.1845286
342 0.68109
343 0.42369
344 0.01835107
345 0.5416194
346 0.05710928
347 0.8583869
348 0.2623283
349 0.009807414
350 0.9591972
351 0.0898294
352 0.004479698
353 0.0001706544
354 0.1513756
355 0.05899027
356 0.1294573
357 0.0434453
358 0.02070656
359 0.04431115
360 0.2328551
361 0.5235459
362 0.01754247
363 0.6359107
364 0.3912767
365 0.07091016
366 0.05101621
367 0.0275934
368 0.7039529
369 0.3348567
370 0.6560466
371 0.3290766
372 0.006558311
373 0.1503028
374 0.470974
375 0.02336912
376 0.03764451
377 0.02944662
378 0.01123114
379 0.07379236
380 0.7690791
381 0.4184736
382 0.02217665
383 0.06117264
384 0.01298082
385 0.8534504
386 0.1446293
387 0.005543446
388 0.08505495
389 0.08890072
390 0.01562536
391 0.03751196
392 0.7088362
393 0.006564767
394 0.001029978
395 0.09759556
396 0.4321739
397 0.02333893
398 0.0374506
399 0.05052983
400 0.3217318
401 0.06347721
402 0.734659
403 0.003051855
404 0.002469616
405 0.04399466
406 0.1748485
407 0.3456514
408 0.004778407
409 0.2240552
410 0.06660727
411 0.5589981
412 0.6678016
413 0.06349633
414 0.9482293
415 0.3960214
416 0.01898167
417 0.004918709
418 0.1326965
419 0.06660174
420 0.08908179
421 0.4955376
422 0.006586314
423 0.03070587
424 0.04516854
425 0.515267
426 0.2115662
427 0.02118674
428 0.9984579
429 0.002558015
430 0.6418435
431 0.001845683
432 0.1702148
433 0.007012069
434 0.9477726
435 0.3110676
436 0.5340843
437 0.03284534
438 0.0009747517
439 0.04504678
440 0.0771988
441 0.7666251
442 0.5417538
443 0.04083716
444 0.00582882
445 0.2376826
446 0.002087726
447 0.1170844
448 0.1351341
449 0.9447897
450 0.8951
451 0.0162227
452 0.1029273
453 0.6495073
454 0.252606
455 0.7801562
456 0.07888068
457 0.4553394
458 0.003306074
459 0.002007393
460 0.03907551
461 0.2344256
462 0.02642626
463 0.03544379
464 0.02823355
465 0.5809038
466 0.06229671
467 0.001244628
468 0.02354316
469 0.5289387
470 0.004192447
471 0.1618462
472 0.9433787
473 0.007399859
474 0.1389306
475 0.5548023
476 0.8514836
477 0.03064668
478 0.0187639
479 0.008880764
480 0.448749
481 0.005369631
482 0.003642747
483 0.03587876
484 0.1233302
485 0.03526857
486 0.004067817
487 0.04463194
488 0.06487845
489 0.05853275
490 0.7217723
491 0.218319
492 0.03862374
493 0.1438524
494 0.3239083
495 0.02628705
496 0.121591
497 0.04847039
498 0.00646945
499 0.0491213
500 0.4083969
501 0.1732546
502 0.5244197
503 0.8114586
504 0.05040626
505 0.2082128
506 0.4786573
507 0.3795718
508 0.03212459
509 0.01374341
510 0.1923551
511 0.002622181
512 0.08416906
513 0.1061842
514 0.01132177
515 0.4856179
516 0.2167132
517 0.3343626
518 0.2834763
519 0.0009654446
520 0.001992269
521 0.0179771
522 0.004176802
523 0.06974556
524 0.001214485
525 0.002294737
526 0.1000369
527 0.001802233
528 0.08647183
529 0.2042559
530 0.1799722
531 0.072592
532 0.1776019
533 0.7044599
534 0.0289799
535 0.4707662
536 0.02581774
537 0.1613257
538 0.004125711
539 0.004265193
540 0.07576762
541 0.01697118
542 0.002207442
543 0.5811638
544 0.02624317
545 0.9452985
546 0.002718035
547 0.6161891
548 0.4771106
549 0.9293634
550 0.03173165
551 0.3596766
552 0.0015464
553 0.02348732
554 0.02464259
555 0.0693432
556 0.003827062
557 0.2007895
558 0.04933009
559 0.2890597
560 0.2472756
561 0.08867517
562 0.6907675
563 0.002872202
564 0.03028202
565 0.002413982
566 0.8781024
567 0.05287348
568 0.02787356
569 0.0004039524
570 0.02950669
571 0.8566207
572 0.002865299
573 0.07870145
574 0.02064551
575 0.04634919
576 0.193239
577 0.2748881
578 0.06447498
579 0.5602716
580 0.2856202
581 0.01458146
582 0.3119134
583 0.2654525
584 0.04841434
585 0.03057264
586 0.732396
587 0.9324708
588 0.2441533
589 0.8954328
590 0.03439402
591 0.0346697
592 0.6634956
593 0.002162292
594 0.5685704
595 0.02711471
596 0.06370687
597 0.7811496
598 0.03198944
599 0.7565016
600 0.4433815
601 0.004335292
602 0.05443179
603 0.01540863
604 0.1938028
605 0.02298414
606 0.0003176535
607 0.3500682
608 0.3987132
609 0.2989147
610 0.5087283
611 0.6241382
612 0.02412056
613 0.1934115
614 0.4745437
615 0.02740284
616 0.5603046
617 0.00224617
618 0.0006641958
619 0.5293012
620 0.08187354
621 0.5181539
622 0.2407188
623 0.4124758
624 0.1004957
625 0.7867187
626 0.004674882
627 0.02680296
628 0.1414544
629 0.02455298
630 0.0316855
631 0.8179865
632 0.1729372
633 0.9185617
634 0.9054418
635 0.1401913
636 0.1246767
637 0.7263204
638 0.6870391
639 0.767759
640 0.05862984
641 0.3525128
642 0.7359155
643 0.06462092
644 0.2904523
645 0.01848868
646 0.5033597
647 0.001517348
648 0.08493371
649 0.04618427
650 0.04577541
651 0.08825986
652 0.07892987
653 0.161665
654 0.03021867
655 0.002168179
656 0.02435967
657 0.8014448
658 0.8339608
659 0.2438253
660 0.00590946
661 0.3563597
662 0.0843472
663 0.9129686
664 0.3860809
665 0.1664572
666 0.2413021
667 0.07304691
668 0.6013147
669 0.2990485
670 0.04125584
671 0.3232648
672 0.03123508
673 0.3463151
674 0.01845816
675 0.03060987
676 0.00398495
677 0.8632497
678 0.3558711
679 0.1072505
680 0.08271062
681 0.2322761
682 0.2080814
683 0.2728526
684 0.2500892
685 0.0008701505
686 0.03467048
687 0.04671336
688 0.2217474
689 0.8481492
690 0.2603317
691 0.1315561
692 0.001679532
693 0.4670107
694 0.2714564
695 0.05377945
696 0.003735058
697 0.1695148
698 0.1230309
699 0.01859008
700 0.04655623
701 0.006056095
702 0.1000306
703 0.4794706
704 0.4783463
705 0.01688544
706 0.04471334
707 0.8951347
708 0.02545709
709 0.02584824
710 0.3186136
711 0.004566339
712 0.0229487
713 0.03303652
714 0.001953311
715 0.06050303
716 0.3031631
717 0.1110513
718 0.8746454
719 0.5671796
720 0.8541537
721 0.3211607
722 0.4635648
723 0.2707895
724 0.7707765
725 0.03258109
726 0.3907544
727 0.006165416
728 0.1366374
729 0.4007526
730 0.1192124
731 0.1256145
732 0.924803
733 0.06799769
734 0.7841184
735 0.1058188
736 0.7262401
737 0.03303912
738 0.002838724
739 0.0793953
740 0.1350174
741 0.03390398
742 0.002658903
743 0.5234178
744 0.9847016
745 0.6070651
746 0.2998977
747 0.8108427
748 0.1972431
749 0.02268953
750 0.5571048
751 0.005115732
752 0.04061221
753 0.3140857
754 0.4312282
755 0.7001708
756 0.5870037
757 0.02110237
758 0.002777629
759 0.2577115
760 0.4861954
761 0.2201919
762 0.08295645
763 0.1292873
764 0.1208391
765 0.002598274
766 0.010948
767 0.0620376
768 0.08871837
769 0.1685561
770 0.1060617
771 0.0448434
772 0.008816075
773 0.7601651
774 0.01684701
775 0.9722248
776 0.03723066
777 0.8980254
778 0.2459373
779 0.4591085
780 0.4361875
781 0.02111338
782 0.2860717
783 0.04349961
784 0.04307514
785 0.0333812
786 0.1572167
787 0.3233878
788 0.1031732
789 0.03046301
790 0.01992772
791 0.5823007
792 0.04625975
793 0.01337847
794 0.01545277
795 0.3445843
796 0.002093513
797 0.05588011
798 0.08352129
799 0.280516
800 0.7740905
801 0.7484584
802 0.5911927
803 0.09886037
804 0.06976961
805 0.3531731
806 0.0275182
807 0.02076085
808 0.417723
809 0.09676106
810 0.2686733
811 0.1759774
812 0.08668741
813 0.3657032
814 0.05401451
815 0.01652795
816 0.8499718
817 0.02215243
818 0.003762042
819 0.5843968
820 0.1017344
821 0.4778419
822 0.03573194
823 0.4735235
824 0.6312298
825 0.001613301
826 0.07211242
827 0.7606303
828 0.01273392
829 0.1125864
830 0.002994874
831 0.01709137
832 0.02796278
833 0.3120673
834 0.6371273
835 0.1882932
836 0.6502497
837 0.2730964
838 0.02077988
839 0.008031837
840 0.00311307
841 0.003721329
842 0.1358888
843 0.9717864
844 0.04439306
845 0.6667589
846 0.02000932
847 0.1093061
848 0.004433021
849 0.1574919
850 0.09030867
851 0.03711723
852 0.3115776
853 0.000257371
854 0.1909181
855 0.05106453
856 0.04496151
857 0.00741493
858 0.2153207
859 0.06623921
860 0.02762835
861 0.9410046
862 0.8243357
863 0.6298912
864 0.006276812
865 0.03160269
866 0.8190148
867 0.01630482
868 0.06919044
869 0.4627901
870 0.1075154
871 0.9131002
872 0.8716814
873 0.3925863
874 0.4442751
875 0.001988876
876 0.4750167
877 0.03611997
878 0.1388157
879 0.7376733
880 0.007644421
881 0.02954678
882 0.7393199
883 0.1642349
884 0.007047381
885 0.06687842
886 0.687671
887 0.005513427
888 0.1181171
889 0.0669282
890 0.04111688
891 0.06184392
892 0.9478582
893 0.3971219
894 0.3082198
895 0.4226802
896 0.2719103
897 0.1073548
898 0.9744831
899 0.09045986
900 0.189262
901 0.5178296
902 0.01142318
903 0.1668442
904 0.4109257
905 0.1409873
906 0.001664519
907 0.539055
908 0.02727967
909 0.17092
910 0.9687421
911 0.08022718
912 0.4091676
913 0.2355491
914 0.003034117
915 0.581711
916 0.0427907
917 0.06179083
918 0.1478005
919 0.009054567
920 0.7099423
921 0.264143
922 0.7383195
923 0.5194256
924 0.5565865
925 0.2414859
926 0.05618301
927 0.9399449
928 0.8039896
929 0.2883871
930 0.3440131
931 0.6133526
932 0.2331411
933 0.256697
934 0.9760235
935 0.01131826
936 0.06186249
937 0.02308057
938 0.312219
939 0.9306698
940 0.06287414
941 0.002575485
942 0.003160306
943 0.3874869
944 0.1519604
945 0.1781566
946 0.3354476
947 0.1788668
948 0.509905
949 0.4208836
950 0.4217414
951 0.1417859
952 0.04311705
953 0.5018794
954 0.04420921
955 0.2808854
956 0.1146117
957 0.07925949
958 0.003160067
959 0.1034631
960 0.05302937
961 0.01400219
962 0.02271033
963 0.003659202
964 0.3896335
965 0.0147336
966 0.2719582
967 0.1279005
968 0.02253934
969 0.1553965
970 0.01816925
971 0.003832974
972 0.004620653
973 0.9684124
974 0.100311
975 0.8964388
976 0.7112431
977 0.5308478
978 0.8506482
979 0.8191834
980 0.1586524
981 0.2859568
982 0.04545553
983 0.01770836
984 0.02510924
985 0.04607244
986 0.08292623
987 0.1676124
988 0.01415967
989 0.7599375
990 0.02065262
991 0.1115505
992 0.6320856
993 0.04654606
994 0.0190592
995 0.02432931
996 0.03446873
997 0.03079395
998 0.4077891
999 0.3660707
1000 0.1868062
1001 0.0008172708
1002 0.04386404
1003 0.4849405
1004 0.563704
1005 0.7689533
1006 0.04370915
1007 0.2514949
1008 0.1386458
1009 0.05143199
1010 0.7492705
1011 0.4919693
1012 0.05576089
1013 0.1548821
1014 0.09417361
1015 0.0912399
1016 0.4463048
1017 0.9387208
1018 0.3347783
1019 0.1427078
1020 0.8765426
1021 0.04015416
1022 0.8370604
1023 0.3413703
1024 0.1367666
1025 0.4254149
1026 0.3366301
1027 0.3173853
1028 0.2679159
1029 0.1362299
1030 0.03602924
1031 0.586833
1032 0.003765051
1033 0.009791304
1034 0.6398999
1035 0.05053602
1036 0.04992695
1037 0.01794136
1038 0.004136264
1039 0.1336822
1040 0.1669957
1041 0.2501801
1042 0.7097115
1043 0.4498604
1044 0.004599607
1045 0.02722279
1046 0.03154894
1047 0.09131776
1048 0.0729264
1049 0.007347509
1050 0.03625482
1051 0.03277815
1052 0.4611433
1053 0.006710913
1054 0.7049987
1055 0.00272647
1056 0.3833555
1057 0.02944398
1058 0.01413295
1059 0.03945622
1060 0.9809833
1061 0.6493339
1062 0.465044
1063 0.2229838
1064 0.1123441
1065 0.324235
1066 0.02533452
1067 0.004619416
1068 0.02562395
1069 0.03583132
1070 0.2763464
1071 0.6765959
1072 0.01799891
1073 0.02094696
1074 0.1192955
1075 0.1821373
1076 0.4058922
1077 0.7282024
1078 0.1490948
1079 0.04359061
1080 0.4251042
1081 0.001745365
1082 0.5164398
1083 0.02591914
1084 0.07364466
1085 0.02573394
1086 0.0647272
1087 0.7646015
1088 0.2319468
1089 0.9057862
1090 0.4170986
1091 0.0003603471
1092 0.0005432685
1093 0.03268512
1094 0.9855693
1095 0.837888
1096 0.3096762
1097 0.01344481
1098 0.2438776
1099 0.02971784
1100 0.106537
1101 0.1601342
1102 0.002201859
1103 0.4078316
1104 0.6471715
1105 0.5816824
1106 0.8305085
1107 0.03885048
1108 0.0605416
1109 0.002335415
1110 0.09113728
1111 0.4949831
1112 0.07203578
1113 0.001504487
1114 0.01130623
1115 0.02222784
1116 0.00255333
1117 0.0002197686
1118 0.08330922
1119 0.02833815
1120 0.8821147
1121 0.2827702
1122 0.05874489
1123 0.9207597
1124 0.04582146
1125 0.7439696
1126 0.7620307
1127 0.001257654
1128 0.0007107464
1129 0.1567446
1130 0.0003800744
1131 0.9978236
1132 0.02644833
1133 0.3050459
1134 0.04839144
1135 0.9356301
1136 0.4187728
1137 0.09398004
1138 0.6060145
1139 0.001141711
1140 0.1947159
1141 0.4164578
1142 0.05653719
1143 0.02517309
1144 0.004316729
1145 0.04090779
1146 0.2656294
1147 0.3148412
1148 0.177986
1149 0.1613544
1150 0.09087806
1151 0.001068419
1152 0.06084586
1153 0.8423584
1154 0.1431702
1155 0.004154425
1156 0.07302108
1157 0.30054
1158 0.002646567
1159 0.02483063
1160 0.03617812
1161 0.1048791
1162 0.7788725
1163 0.4016905
1164 0.6286725
1165 0.003992187
1166 0.1002644
1167 0.002533236
1168 0.231403
1169 0.0310414
1170 0.03633499
1171 0.9120737
1172 0.1717595
1173 0.8719243
1174 0.1589605
1175 0.03682553
1176 0.01423359
1177 0.04249012
1178 0.07187184
1179 0.07660805
1180 0.6630492
1181 0.3664183
1182 0.008921978
1183 0.005444154
1184 0.02237493
1185 0.3699058
1186 0.362764
1187 0.2656635
1188 0.2329343
1189 0.6698404
1190 0.6516561
1191 0.02314499
1192 0.3783434
1193 0.178742
1194 0.4460494
1195 0.1064969
1196 0.05621475
1197 0.6422172
1198 0.8046265
1199 0.3272636
1200 0.00407713
1201 0.2660456
1202 0.05184798
1203 0.7038778
1204 0.479046
1205 0.01909287
1206 0.04770649
1207 8.81212e-05
1208 0.3218269
1209 0.03625609
1210 0.9515433
1211 0.7176969
1212 0.03976105
1213 0.03548877
1214 0.0685859
1215 0.134585
1216 0.2099078
1217 1.876147e-05
1218 0.001843809
1219 0.150379
1220 0.3343946
1221 0.4851421
1222 0.5131362
1223 0.03392761
1224 0.0002829677
1225 0.2749942
1226 0.01075208
1227 0.9942992
1228 0.01799424
1229 0.3096779
1230 0.008164773
1231 0.07294148
1232 0.7723108
1233 0.8696612
1234 0.3540433
1235 0.3071907
1236 0.5905034
1237 0.294774
1238 0.424785
1239 0.1860801
1240 0.1588705
1241 0.174206
1242 0.5056316
1243 0.5661655
1244 0.1817644
1245 0.04735017
1246 0.9959381
1247 0.006809749
1248 0.002331167
1249 0.4615236
1250 0.2911352
1251 0.05360412
1252 0.7365308
1253 0.3723011
1254 0.01678165
1255 0.07700694
1256 0.9194344
1257 0.5903321
1258 0.2852764
1259 0.07474736
1260 0.02941242
1261 0.1740235
1262 0.003771628
1263 0.6561771
1264 0.9843187
1265 0.5509265
1266 0.4314713
1267 0.518023
1268 0.9682143
1269 0.02481229
1270 0.1300343
1271 0.1011077
1272 0.1760651
1273 0.07633292
1274 0.02580032
1275 0.001982166
1276 0.002298562
1277 0.01096572
1278 0.2012237
1279 0.100103
1280 0.00263434
1281 0.1001624
1282 0.6658496
1283 0.002778188
1284 0.2190428
1285 0.01274415
1286 0.03544429
1287 0.05372682
1288 0.3261773
1289 0.08874806
1290 0.01953955
1291 0.3953358
1292 0.2126054
1293 0.09017853
1294 0.09458268
1295 0.04004194
1296 0.9042434
1297 0.01392395
1298 0.002483786
1299 0.007666262
1300 0.2998282
1301 0.6010324
1302 0.2441988
1303 0.03317384
1304 0.04372176
1305 0.6606263
1306 0.0288415
1307 0.5975592
1308 0.002644297
1309 0.5194903
1310 0.02158891
1311 0.4284264
1312 0.06019807
1313 0.4899341
1314 0.8836921
1315 0.9852627
1316 0.06371238
1317 0.5912234
1318 0.302358
1319 0.9732024
1320 0.5280693
1321 0.04958719
1322 0.07839182
1323 0.08106674
1324 0.288429
1325 0.004515497
1326 0.9616955
1327 0.4746403
1328 0.5468348
1329 0.2455524
1330 0.6040395
1331 0.2436674
1332 0.05788929
1333 0.2765773
1334 0.0737665
1335 0.1528687
1336 0.3472912
1337 0.587267
1338 0.6549437
1339 0.08146063
1340 0.0702302
1341 0.005808264
1342 0.03455053
1343 0.1061524
1344 0.246634
1345 0.01461032
1346 0.02243288
1347 0.04050895
1348 0.001457761
1349 0.09238386
1350 0.004814093
1351 0.8990057
1352 0.02570619
1353 0.1005877
1354 0.2151025
1355 0.19007
1356 0.00219727
1357 0.1210159
1358 0.4822307
1359 0.3498541
1360 0.02275494
1361 0.445801
1362 0.003919359
1363 0.8141569
1364 0.02844306
1365 0.005387787
1366 0.2302673
1367 0.9839623
1368 0.8566688
1369 0.8520754
1370 0.1938255
1371 0.1328255
1372 0.4598396
1373 0.6531187
1374 0.2876872
1375 0.03104358
1376 0.8223477
1377 0.06881155
1378 0.7823883
1379 0.01387298
1380 0.7337402
1381 0.03236621
1382 0.2128759
1383 0.5797295
1384 0.06287842
1385 0.0172333
1386 0.00239582
1387 0.7747572
1388 0.03280336
1389 0.01824204
1390 0.08643185
1391 0.03206648
1392 0.0253972
1393 0.2949799
1394 0.02034
1395 0.3058069
1396 0.5799914
1397 0.3817213
1398 0.008718838
1399 0.1281353
1400 0.9584159
1401 0.335395
1402 0.2071211
1403 0.368572
1404 0.07502472
1405 0.8408806
1406 0.006719325
1407 0.000516172
1408 0.005260407
1409 0.05263296
1410 0.04285016
1411 0.1255007
1412 0.1597121
1413 0.02529297
1414 0.9960535
1415 0.05845169
1416 0.07755997
1417 0.1678008
1418 0.4553561
1419 0.3906319
1420 0.6286431
1421 0.03130106
1422 0.05739021
1423 0.6245828
1424 0.5380728
1425 0.5161778
1426 0.1622911
1427 0.384995
1428 0.005541542
1429 0.1021656
1430 0.0169787
1431 0.02265087
1432 0.002330204
1433 0.06459527
1434 0.04733
1435 0.5465915
1436 0.01332392
1437 0.0009545357
1438 0.002480913
1439 0.9225008
1440 0.05388372
1441 0.1672132
1442 0.7552917
1443 0.7284501
1444 0.4072443
1445 0.6899796
1446 0.02596303
1447 0.08579062
1448 0.4375698
1449 0.01491372
1450 0.02878843
1451 0.03461605
1452 0.008093927
1453 0.3007648
1454 0.02561243
1455 0.05938081
1456 0.6216076
1457 0.01424013
1458 0.002314432
1459 0.1555529
1460 0.00997648
1461 0.03261326
1462 0.7628871
1463 0.7735489
1464 0.003890265
1465 0.08734813
1466 0.9625758
1467 0.09268592
1468 0.01411488
1469 0.06760799
1470 0.003720748
1471 0.3900468
1472 0.02648207
1473 0.1405704
1474 0.001353899
1475 0.1870275
1476 0.3037898
1477 0.2961924
1478 0.05857361
1479 0.02464173
1480 0.2888917
1481 0.0270936
1482 0.004387876
1483 0.0485084
1484 0.005802662
1485 0.675924
1486 0.4676055
1487 0.2907904
1488 0.04201538
1489 0.003580139
1490 0.7934933
1491 0.09251372
1492 0.7082693
1493 0.07116491
1494 0.6101587
1495 0.3830563
1496 0.02587261
1497 0.2504811
1498 0.019763
1499 0.02680599
1500 0.0005506791
1501 0.03111688
1502 0.04314258
1503 0.007030388
1504 0.8796568
1505 0.3455492
1506 0.04320831
1507 0.3389766
1508 0.01358037
1509 0.1951082
1510 0.01558161
1511 0.00145461
1512 0.6653739
1513 0.4842227
1514 0.06525578
1515 0.0233814
1516 0.2994647
1517 0.01834375
1518 0.502083
1519 0.05455062
1520 7.786708e-05
1521 0.01703486
1522 0.0575855
1523 0.001870687
1524 0.9908227
1525 0.9190867
1526 0.02516398
1527 0.02268576
1528 0.03290316
1529 0.0007517409
1530 0.07768106
1531 0.3820522
1532 0.1548178
1533 0.03289237
1534 0.37335
1535 0.118465
1536 0.003518002
1537 0.2082427
1538 0.0567697
1539 0.7639697
1540 0.008158452
1541 0.09764074
1542 0.1817421
1543 0.06575903
1544 0.3908149
1545 0.05648839
1546 0.07456715
1547 0.002304482
1548 0.169878
1549 0.2094931
1550 0.02335762
1551 0.2045
1552 0.03803129
1553 0.03437466
1554 0.55886
1555 0.4077871
1556 0.2746547
1557 0.01467703
1558 0.3801041
1559 0.5135806
1560 0.4537743
1561 0.07859854
1562 0.1105177
1563 0.08377967
1564 0.4131615
1565 0.05459389
1566 0.02171729
1567 0.6582054
1568 0.04638574
1569 0.05255981
1570 0.0567545
1571 0.07930005
1572 0.0002055162
1573 0.310074
1574 0.1969953
1575 0.01978419
1576 0.3839991
1577 0.002395369
1578 0.247644
1579 0.3951466
1580 0.03496002
1581 0.9321306
1582 0.09210161
1583 0.528094
1584 0.001951471
1585 0.3849358
1586 0.04153576
1587 0.09007972
1588 0.01828136
1589 0.005297413
1590 0.01732081
1591 0.9821852
1592 0.3902366
1593 0.6557529
1594 0.2059129
1595 0.003238454
1596 0.4670834
1597 0.005164093
1598 0.600685
1599 0.1616623
1600 0.3908246
1601 0.2642935
1602 0.2982432
1603 0.4535815
1604 0.8381922
1605 0.4258386
1606 0.1671614
1607 0.002347285
1608 0.02296914
1609 0.4533144
1610 0.04066047
1611 0.6403893
1612 0.339532
1613 0.08471721
1614 0.07418402
1615 0.192376
1616 0.01805508
1617 0.217619
1618 0.239697
1619 0.1158037
1620 0.9964723
1621 0.4538501
1622 0.03653882
1623 0.08552747
1624 0.2320318
1625 0.03285744
1626 0.05150217
1627 0.03709568
1628 0.8412793
1629 0.1342915
1630 0.01838997
1631 0.1704663
1632 0.2623682
1633 0.2857877
1634 0.7582576
1635 0.8127322
1636 0.04501226
1637 0.8400763
1638 0.0378391
1639 0.004405694
1640 0.2605344
1641 0.2084369
1642 0.3916024
1643 0.2192644
1644 0.3749359
1645 0.01474327
1646 0.1223141
1647 0.02427147
1648 0.04837405
1649 0.4961313
1650 0.003704658
1651 0.03916461
1652 0.02779201
1653 0.1681321
1654 0.03271397
1655 0.6328489
1656 0.002425609
1657 0.05114283
1658 0.05289157
1659 0.004319566
1660 0.004515969
1661 0.0002514392
1662 0.02344162
1663 0.6155614
1664 0.9621409
1665 0.06011671
1666 0.1667607
1667 0.05879984
1668 0.6197182
1669 0.01559026
1670 0.9447177
1671 0.5221917
1672 0.07700486
1673 0.5032414
1674 0.001653024
1675 0.085409
1676 0.02871037
1677 0.8420379
1678 0.03395752
1679 0.3214868
1680 0.0793024
1681 0.0004170583
1682 0.002774955
1683 0.1328828
1684 0.02606206
1685 0.7466494
1686 0.004294076
1687 0.003861619
1688 0.1214989
1689 0.09530172
1690 0.01036679
1691 0.140287
1692 0.02435291
1693 0.06357662
1694 0.03345943
1695 0.3397909
1696 0.03951643
1697 0.02009008
1698 0.09864407
1699 0.2251983
1700 0.9483486
1701 0.003626916
1702 0.09030748
1703 0.05326478
1704 0.5454441
1705 0.8892863
1706 0.02377819
1707 0.00104536
1708 0.002108507
1709 0.2689513
1710 0.03223146
1711 0.3029758
1712 0.7746581
1713 0.01133176
1714 0.002626047
1715 0.05594244
1716 0.6324342
1717 0.001062737
1718 0.007808933
1719 0.02578031
1720 0.5140014
1721 0.8826014
1722 0.01980402
1723 0.5784929
1724 0.6362391
1725 0.0419259
1726 0.2956838
1727 0.003595234
1728 0.009549932
1729 0.8431242
1730 0.008672664
1731 0.835953
1732 0.1898372
1733 0.02562357
1734 0.3331573
1735 0.006801816
1736 0.3579889
1737 0.002920074
1738 0.0296525
1739 0.4045297
1740 0.619634
1741 0.09762193
1742 0.2412227
1743 0.9979817
1744 0.06201692
1745 0.02182794
1746 0.326788
1747 0.03586532
1748 0.1094824
1749 0.9365129
1750 0.01803104
1751 0.3523081
1752 0.1127924
1753 0.02360395
1754 0.01270607
1755 0.3036182
1756 0.2996884
1757 0.01325072
1758 0.6201466
1759 0.2517065
1760 0.6390255
1761 0.004113477
1762 0.5751422
1763 0.02775576
1764 0.8101238
1765 0.003749403
1766 0.9515203
1767 0.06810078
1768 0.7651386
1769 0.4016306
1770 0.1473516
1771 0.00328649
1772 0.01512291
1773 0.262345
1774 0.4513272
1775 0.05682069
1776 0.0152608
1777 0.006758985
1778 0.5323774
1779 0.003203032
1780 0.5731086
1781 0.9413577
1782 0.5750913
1783 0.1336896
1784 0.02839516
1785 0.9786327
1786 0.02150815
1787 0.4012991
1788 0.01794171
1789 0.2195367
1790 0.01954877
1791 0.209383
1792 0.02431199
1793 0.002890796
1794 0.042471
1795 0.01693722
1796 0.3991086
1797 0.4146482
1798 0.8351192
1799 0.7913602
1800 0.002460156
1801 0.1233913
1802 0.09406113
1803 0.01739998
1804 0.02133814
1805 0.08975807
1806 0.03109218
1807 0.002097626
1808 0.8119623
1809 0.6204094
1810 0.2699854
1811 0.02583779
1812 0.1145522
1813 0.08024477
1814 0.03482175
1815 0.03597787
1816 0.9527976
1817 0.03145633
1818 0.2635855
1819 0.3086237
1820 0.5743379
1821 0.1718552
1822 0.006836589
1823 0.01118933
1824 0.01461103
1825 0.7422285
1826 0.7064565
1827 0.5641221
1828 0.04156409
1829 0.0286791
1830 0.05441155
1831 0.00195244
1832 0.02173737
1833 0.1854792
1834 0.5674796
1835 0.0008660451
1836 0.2269604
1837 0.01343967
1838 0.1140696
1839 0.1040412
1840 0.009863404
1841 0.2466519
1842 0.01717835
1843 0.5756019
1844 0.04154678
1845 0.05301106
1846 0.03634906
1847 0.05818198
1848 0.2581962
1849 0.7194093
1850 0.0881122
1851 0.1044818
1852 0.7850656
1853 0.8394519
1854 0.4609976
1855 0.121846
1856 0.1547932
1857 0.08743804
1858 0.02486777
1859 0.7750577
1860 0.5308159
1861 0.7075028
1862 0.009951671
1863 0.3463281
1864 0.02101925
1865 0.2386556
1866 0.002380087
1867 0.05718374
1868 0.6690713
1869 0.06922524
1870 0.3733996
1871 0.3919653
1872 0.02151589
1873 0.8953715
1874 0.005938072
1875 0.6446931
1876 0.1078544
1877 0.06496773
1878 0.003678245
1879 0.004252476
1880 0.1986344
1881 0.0229983
1882 0.1278261
1883 0.5171627
1884 0.2637743
1885 0.05421733
1886 0.3881345
1887 0.1906464
1888 0.158061
1889 0.03302592
1890 0.3041123
1891 0.2019238
1892 0.0232468
1893 0.1172141
1894 0.1672351
1895 0.08728845
1896 0.6495887
1897 0.5481092
1898 0.2039419
1899 0.2586921
1900 0.0280845
1901 0.005490925
1902 0.01236476
1903 0.7003492
1904 0.03564801
1905 0.244216
1906 0.4343592
1907 0.08225025
1908 0.09834178
1909 0.001317727
1910 0.8673229
1911 0.7715404
1912 0.4530908
1913 0.002646651
1914 0.04497331
1915 0.5645898
1916 0.7260799
1917 0.009157487
1918 0.03493448
1919 0.1969985
1920 0.9313126
1921 0.8645741
1922 0.8221825
1923 0.05077225
1924 0.7412429
1925 0.1245275
1926 0.02141957
1927 0.1463007
1928 0.04575967
1929 0.07805988
1930 0.8022845
1931 0.03462657
1932 0.01639385
1933 0.634475
1934 0.06203172
1935 0.6186852
1936 0.4073065
1937 0.02932307
1938 0.3967305
1939 0.05739056
1940 0.001508097
1941 0.1585216
1942 0.1109295
1943 0.1758485
1944 0.2248274
1945 0.09853995
1946 0.06304093
1947 0.02105636
1948 0.8789847
1949 0.8059361
1950 0.1216709
1951 0.001078551
1952 0.02023482
1953 0.5338017
1954 0.8175326
1955 0.002187358
1956 0.7030194
1957 0.05703235
1958 0.4332605
1959 0.1300439
1960 0.03165323
1961 0.5459328
1962 0.05447756
1963 0.05666734
1964 0.1519364
1965 0.01982316
1966 0.01494497
1967 0.0007525706
1968 0.01235385
1969 0.007595768
1970 0.0568189
1971 0.1022148
1972 0.009239022
1973 0.966895
1974 0.9583628
1975 0.02797419
1976 0.01553575
1977 0.2841764
1978 0.02669236
1979 0.02138475
1980 0.041097
1981 0.05695128
1982 0.002553609
1983 0.1184823
1984 0.9812795
1985 0.5667185
1986 0.01808456
1987 0.03759301
1988 0.04070126
1989 0.03913764
1990 0.4898116
1991 0.4852684
1992 0.9170215
1993 0.4055647
1994 0.6019527
1995 0.4122169
1996 0.004127025
1997 0.7762617
1998 0.8579377
1999 0.2453477
2000 0.03430283
2001 0.03458389
2002 0.1027048
2003 0.4099037
2004 0.2825353
2005 0.2598184
2006 0.5793953
2007 0.3730697
2008 0.02844328
2009 0.4802326
2010 0.01828813
2011 0.04039052
2012 0.0005938538
2013 0.01793698
2014 0.5030398
2015 0.5612481
2016 0.5022396
2017 0.9249271
2018 0.797963
2019 0.9043635
2020 0.07424258
2021 0.5171003
2022 0.8691833
2023 0.1112602
2024 0.03329499
2025 0.3866404
2026 0.07397801
2027 0.03119594
2028 0.05265999
2029 0.9654263
2030 0.2864566
2031 0.1944969
2032 0.02616747
2033 0.7335175
2034 0.02880288
2035 0.001499321
2036 0.778567
2037 0.1396842
2038 0.7704458
2039 0.2081293
2040 0.1454427
2041 0.6699936
2042 0.00401598
2043 0.02389063
2044 0.07329903
2045 0.009752165
2046 0.002525388
2047 0.6064847
2048 0.01780434
2049 0.03146156
2050 0.02915619
2051 0.2921692
2052 0.009500296
2053 0.9672262
2054 0.6320717
2055 0.1164345
2056 0.006659097
2057 0.1075627
2058 0.5066704
2059 0.01224055
2060 0.401771
2061 0.04718288
2062 0.1232867
2063 0.1442579
2064 0.01983798
2065 0.006239373
2066 0.4268238
2067 0.6833888
2068 0.7728122
2069 0.380513
2070 0.1142446
2071 0.3894591
2072 0.001970662
2073 0.5296711
2074 0.546509
2075 0.1015318
2076 0.06235377
2077 0.7409479
2078 0.1132642
2079 0.0444828
2080 0.04996851
2081 0.0394154
2082 0.005540713
2083 0.02985367
2084 0.1551378
2085 0.7832008
2086 0.3367506
2087 0.005538827
2088 0.01887326
2089 0.01319259
2090 0.06539349
2091 0.9534956
2092 0.00212415
2093 0.5980689
2094 0.3499979
2095 0.1306181
2096 0.1749082
2097 0.1961565
2098 0.09150207
2099 0.001237721
2100 0.04129121
2101 0.1143171
2102 0.2434438
2103 0.9257312
2104 0.3975133
2105 0.01512942
2106 0.6726532
2107 0.01334329
2108 0.003261758
2109 0.007084486
2110 0.005862603
2111 0.2632399
2112 0.06976049
2113 0.06734984
2114 0.3949217
2115 0.1141066
2116 0.08073683
2117 0.4514631
2118 0.4699594
2119 0.6371401
2120 0.0174454
2121 0.09278214
2122 0.02473879
2123 0.3551389
2124 0.1291319
2125 0.002772739
2126 0.3082069
2127 0.0001223174
2128 0.1826043
2129 0.619509
2130 0.03322918
2131 0.01925377
2132 0.005737238
2133 0.1100824
2134 0.2591866
2135 0.02721451
2136 0.02012905
2137 0.1263385
2138 0.4645702
2139 0.002326294
2140 0.6793667
2141 0.02559019
2142 0.1050487
2143 0.02155309
2144 0.0965238
2145 0.01593379
2146 0.000636157
2147 0.2612955
2148 0.3149326
2149 0.1051217
2150 0.1730279
2151 0.06784746
2152 0.2685111
2153 0.1398262
2154 0.01260166
2155 0.3966211
2156 0.1069855
2157 0.03747075
2158 0.0611982
2159 0.3204375
2160 0.02487226
2161 0.3075901
2162 0.481707
2163 0.02449578
2164 0.0210581
2165 0.6084832
2166 0.06918872
2167 0.5364367
2168 0.8440315
2169 0.102163
2170 0.6228491
2171 0.05713122
2172 0.00317936
2173 0.06016722
2174 0.006819967
2175 0.9743587
2176 0.005355723
2177 0.8847322
2178 0.5037796
2179 0.4073562
2180 0.03267681
2181 0.3242684
2182 0.001144286
2183 0.288549
2184 0.1382456
2185 0.1116363
2186 0.6872403
2187 0.09206219
2188 0.02209071
2189 0.9524491
2190 0.005298602
2191 0.03618213
2192 0.1894304
2193 0.0003150112
2194 0.1800632
2195 0.1098818
2196 0.01224623
2197 0.2929407
2198 0.04379328
2199 0.6359209
2200 0.6976272
2201 0.2185061
2202 0.01436403
2203 0.01642486
2204 0.00304017
2205 0.004886572
2206 0.01600768
2207 0.06124027
2208 0.2002127
2209 0.1404877
2210 0.1746148
2211 0.2533938
2212 0.7047086
2213 0.2433082
2214 0.1307815
2215 0.001619149
2216 0.116717
2217 0.7125982
2218 0.7803384
2219 0.40366
2220 0.02108991
2221 0.06717158
2222 0.2228591
2223 0.7386474
2224 0.2615328
2225 0.1306136
2226 0.01625021
2227 0.003931421
2228 0.06323439
2229 0.949151
2230 0.001559111
2231 0.04466559
2232 0.4430469
2233 0.5473401
2234 0.02179301
2235 0.02891762
2236 0.000557984
2237 0.3900743
2238 0.01962972
2239 0.1317193
2240 0.003600476
2241 0.003720498
2242 0.1155944
2243 0.03192595
2244 0.9901968
2245 0.04494151
2246 0.002503204
2247 0.02106157
2248 0.04304861
2249 0.4372955
2250 0.05005507
2251 0.00448484
2252 0.1561393
2253 0.02636533
2254 0.5354439
2255 0.5818535
2256 0.03342847
2257 0.01489378
2258 8.16419e-05
2259 0.1397495
2260 0.05451774
2261 0.05286284
2262 0.08707831
2263 0.2154888
2264 0.0424623
2265 0.001499614
2266 0.07998764
2267 0.777724
2268 0.0161455
2269 0.002159251
2270 0.2121436
2271 0.4069452
2272 0.3894197
2273 0.001110796
2274 0.09311158
2275 0.1076229
2276 0.7431393
2277 0.05471961
2278 0.09882965
2279 0.1617183
2280 0.03494231
2281 0.4281418
2282 0.3821391
2283 0.04329693
2284 0.5010761
2285 0.2351468
2286 0.004472713
2287 0.2107399
2288 0.003959892
2289 0.01825543
2290 0.0046233
2291 0.5646704
2292 0.3297517
2293 0.2914532
2294 0.1270768
2295 0.4434399
2296 0.3647115
2297 0.1511241
2298 0.1297702
2299 0.02915155
2300 0.04375167
2301 0.4784257
2302 0.1958906
2303 0.2325336
2304 0.524048
2305 0.04975208
2306 0.3926797
2307 0.6128452
2308 0.6027823
2309 0.002728013
2310 0.7733032
2311 0.2419473
2312 0.1736952
2313 0.431654
2314 0.1004079
2315 0.9521432
2316 0.471491
2317 0.03565031
2318 0.0387332
2319 0.7505258
2320 0.28826
2321 0.8259243
2322 0.03323929
2323 0.5408234
2324 0.03322345
2325 0.01209022
2326 0.4856899
2327 0.04408601
2328 0.02569402
2329 0.003127752
2330 0.0008370042
2331 0.3129418
2332 0.06995927
2333 0.3641062
2334 0.1078026
2335 0.06945233
2336 0.5151758
2337 0.8022837
2338 0.9285895
2339 0.06648206
2340 0.03780822
2341 0.2153238
2342 0.05334022
2343 0.04183417
2344 0.1008235
2345 0.4912319
2346 0.3382806
2347 0.2339108
2348 0.125568
2349 0.1922731
2350 0.0004955229
2351 0.4567375
2352 0.1799878
2353 0.04372287
2354 0.03906071
2355 0.1269557
2356 0.02343044
2357 0.7086453
2358 0.002962358
2359 0.001639135
2360 0.8135874
2361 0.9941912
2362 0.05520274
2363 0.05281013
2364 0.1335109
2365 0.8989197
2366 0.269902
2367 0.008252226
2368 0.03541583
2369 0.001639545
2370 0.08045344
2371 0.04236107
2372 0.8732912
2373 0.009010236
2374 0.6654201
2375 0.3094861
2376 0.001171201
2377 0.3544488
2378 0.8603295
2379 0.04427636
2380 0.3345067
2381 0.9460892
2382 0.5353526
2383 0.088436
2384 0.1199061
2385 0.7396221
2386 0.8419292
2387 0.985526
2388 0.001835296
2389 0.2566757
2390 0.1537747
2391 0.02078344
2392 0.003961896
2393 0.2383963
2394 0.662315
2395 0.01424119
2396 0.4481175
2397 0.001002012
2398 0.3106483
2399 0.04750794
2400 0.1188383
2401 0.03113563
2402 0.5977033
2403 0.002537153
2404 0.7891785
2405 0.2812407
2406 0.2186941
2407 0.0002579779
2408 0.5146737
2409 0.561334
2410 0.06008749
2411 0.01308448
2412 0.09648445
2413 0.07825856
2414 0.2018116
2415 0.001191837
2416 0.07393621
2417 0.2658851
2418 0.4505569
2419 0.01909362
2420 0.02638496
2421 0.7240491
2422 0.2644229
2423 0.1849341
2424 0.6362665
2425 0.7653683
2426 0.08282512
2427 0.009840227
2428 0.6281811
2429 0.6302861
2430 0.02035797
2431 0.0708374
2432 0.4857563
2433 0.4834515
2434 0.9445826
2435 0.01885846
2436 0.1421376
2437 0.03311946
2438 0.025876
2439 0.0364933
2440 0.6997196
2441 0.0009358625
2442 0.7862085
2443 0.284146
2444 0.168503
2445 0.01505196
2446 0.02987433
2447 0.005153103
2448 0.05661345
2449 0.01451829
2450 0.1890572
2451 0.04954385
2452 0.09262998
2453 0.00721965
2454 0.5141059
2455 0.07667933
2456 0.2997468
2457 0.05177715
2458 0.9101012
2459 0.00400558
2460 0.3107895
2461 0.1537406
2462 0.9600779
2463 0.5584951
2464 0.2717484
2465 0.5084921
2466 0.1938278
2467 0.02435941
2468 0.9705824
2469 0.003604075
2470 0.4322493
2471 0.9262198
2472 0.4334958
2473 0.07568717
2474 0.5290477
2475 0.3797656
2476 0.06359215
2477 0.06221037
2478 0.02352591
2479 0.26172
2480 0.3633088
2481 0.3964931
2482 0.03204421
2483 0.03888904
2484 0.1731115
2485 0.008305661
2486 0.02755121
2487 0.07352168
2488 0.866644
2489 0.7062111
2490 0.01606843
2491 0.05808435
2492 0.3274853
2493 0.3860588
2494 0.1286983
2495 0.4077024
2496 0.036057
2497 0.003359756
2498 0.04073529
2499 0.02709118
2500 0.01609313
2501 0.8482109
2502 0.8264413
2503 0.06855237
2504 0.1225092
2505 0.02767933
2506 0.003245632
2507 0.7938118
2508 0.3950815
2509 0.529611
2510 0.001550072
2511 0.9083563
2512 0.009281748
2513 0.3720674
2514 0.09089605
2515 0.3801552
2516 0.05576769
2517 0.03407276
2518 0.2221207
2519 0.5036636
2520 0.07691764
2521 0.3816542
2522 0.6043315
2523 0.02631525
2524 0.0011692
2525 0.2521113
2526 0.004400122
2527 0.08864104
2528 0.0004512687
2529 0.3172898
2530 0.1363685
2531 0.0295163
2532 0.003379765
2533 0.07936541
2534 0.01502397
2535 0.4160022
2536 0.05293197
2537 0.1187647
2538 0.4228753
2539 0.009255142
2540 0.002425653
2541 0.01932526
2542 0.3250638
2543 0.1432485
2544 0.01107669
2545 0.07187421
2546 0.003217641
2547 0.1534654
2548 0.0455143
2549 0.4108296
2550 0.07612756
2551 0.03888158
2552 0.6616225
2553 0.04031502
2554 0.04039013
2555 0.7349163
2556 0.3306169
2557 0.1687933
2558 0.2527186
2559 0.4494421
2560 0.09206919
2561 0.1958231
2562 0.1875581
2563 0.1684436
2564 0.02587386
2565 0.03041149
2566 0.6238808
2567 0.007378687
2568 0.04286169
2569 0.007293542
2570 0.04233643
2571 0.6347821
2572 0.9199375
2573 0.06621935
2574 0.6296446
2575 0.151499
2576 0.08213061
2577 0.9634216
2578 0.001748441
2579 0.2142499
2580 0.0558815
2581 0.04576433
2582 0.01059163
2583 0.3395507
2584 0.5727013
2585 0.7461875
2586 0.02762533
2587 0.06707588
2588 0.6837877
2589 0.4848396
2590 0.7167394
2591 0.02254052
2592 0.07797181
2593 0.1982801
2594 0.06752701
2595 0.1892119
2596 0.06342992
2597 0.8929363
2598 0.01657547
2599 0.004008555
2600 0.9753698
2601 0.08857749
2602 0.09786191
2603 0.1315019
2604 0.257897
2605 0.2436359
2606 0.1180149
2607 0.0817405
2608 0.266192
2609 0.03832024
2610 0.02528074
2611 0.7579895
2612 0.322925
2613 0.1841753
2614 0.996704
2615 0.1458565
2616 0.06573229
2617 0.7477038
2618 0.05121451
2619 0.007091567
2620 0.687955
2621 0.9107241
2622 0.1483086
2623 0.03131261
2624 0.2479367
2625 0.03138146
2626 0.0007758033
2627 0.004183359
2628 0.1359872
2629 0.1534147
2630 0.006524823
2631 0.07463007
2632 0.6207347
2633 0.3856803
2634 0.06006715
2635 0.5958419
2636 0.01000264
2637 0.03024074
2638 0.8694334
2639 0.3160726
2640 0.1152151
2641 0.03860192
2642 0.567138
2643 0.01700244
2644 0.3383804
2645 0.6950563
2646 0.07977341
2647 0.219378
2648 0.4275234
2649 0.8026196
2650 0.3903012
2651 0.1834296
2652 0.08956818
2653 0.05670219
2654 0.5166295
2655 0.3514688
2656 0.07952369
2657 0.6775578
2658 0.1341959
2659 0.001601907
2660 0.0852268
2661 0.6721121
2662 0.3758792
2663 0.03584457
2664 0.004482541
2665 0.006158523
2666 0.006424871
2667 0.9175607
2668 0.3034273
2669 0.3187191
2670 0.1288543
2671 0.007124615
2672 0.2847966
2673 0.8851694
2674 0.02156151
2675 0.004217819
2676 0.2609226
2677 0.03918855
2678 0.07166129
2679 0.1531596
2680 0.002591853
2681 0.3697942
2682 0.2481175
2683 0.1891597
2684 0.4383532
2685 0.01215995
2686 0.007652506
2687 0.1339915
2688 0.2618792
2689 0.07179399
2690 0.2433092
2691 0.02751156
2692 0.8093799
2693 0.02133615
2694 0.0009195202
2695 0.802744
2696 0.07750681
2697 0.05405103
2698 0.1096913
2699 0.9917832
2700 0.4832537
2701 0.2281843
2702 0.8913279
2703 0.1550645
2704 0.3110531
2705 0.4698134
2706 0.04663783
2707 0.04978887
2708 0.04739938
2709 0.411149
2710 0.06465092
2711 0.02407975
2712 0.02864119
2713 0.1071347
2714 0.192476
2715 0.699792
2716 0.6956685
2717 0.01220149
2718 0.08911665
2719 0.09727889
2720 0.2757344
2721 0.1104616
2722 0.09466736
2723 0.01129679
2724 0.01649272
2725 0.7417267
2726 0.01232285
2727 0.01811405
2728 0.2140683
2729 0.3876556
2730 0.8675226
2731 0.0226042
2732 0.1965586
2733 0.2651633
2734 0.028679
2735 0.001593787
2736 0.3821952
2737 0.6983965
2738 0.8724505
2739 0.5653632
2740 0.1270315
2741 0.03586612
2742 0.06202908
2743 0.01143638
2744 0.03854531
2745 0.05212936
2746 0.09999146
2747 0.0233035
2748 0.6035382
2749 0.02620057
2750 0.05501985
2751 0.004279066
2752 0.1211575
2753 0.5174927
2754 0.9747433
2755 0.7597374
2756 0.004082557
2757 0.001528465
2758 0.07718551
2759 0.1365399
2760 0.00994793
2761 0.0137665
2762 0.6069115
2763 0.6661564
2764 0.06554362
2765 0.02881995
2766 0.449263
2767 0.4455816
2768 0.08653602
2769 0.1341797
2770 0.1259383
2771 0.000602172
2772 0.02996706
2773 0.08246273
2774 0.660671
2775 0.3580132
2776 0.292103
2777 0.09713201
2778 0.5204438
2779 0.08510123
2780 0.05052433
2781 0.01331164
2782 0.08168295
2783 0.7277663
2784 0.009179282
2785 0.1010978
2786 0.001143832
2787 0.1257949
2788 0.8851664
2789 0.04526498
2790 0.00426388
2791 0.4214482
2792 0.04610572
2793 0.001243973
2794 0.03202594
2795 0.3385164
2796 0.1624516
2797 0.2858602
2798 0.02604073
2799 0.1597828
2800 0.02059322
2801 0.2736807
2802 0.004878053
2803 0.2689779
2804 0.002762108
2805 0.4357921
2806 0.02196456
2807 0.003366154
2808 0.02397103
2809 0.0007112584
2810 0.03313939
2811 0.03966201
2812 0.02055397
2813 0.01230006
2814 0.4791806
2815 0.4543395
2816 0.02511039
2817 0.9292602
2818 0.004468517
2819 0.517949
2820 0.2371168
2821 0.6073068
2822 0.0362545
2823 0.05182158
2824 0.1921559
2825 0.1414223
2826 0.3258483
2827 0.400902
2828 0.01510338
2829 0.009949059
2830 0.004875172
2831 0.07130281
2832 0.08076404
2833 0.232244
2834 0.008281206
2835 0.3481578
2836 0.07407374
2837 0.01971939
2838 0.009001079
2839 0.0224118
2840 0.3231868
2841 0.002084752
2842 0.232333
2843 0.2180919
2844 0.6157776
2845 0.07061471
2846 0.3131883
2847 0.002837214
2848 0.001901412
2849 0.297606
2850 0.9410391
2851 0.2156003
2852 0.2728871
2853 0.06771539
2854 0.04487184
2855 0.04487793
2856 0.001220893
2857 0.002066309
2858 0.5472002
2859 0.8615675
2860 0.003094169
2861 0.004651334
2862 0.0591396
2863 0.6425271
2864 0.0652028
2865 0.01449843
2866 0.007286773
2867 0.01513537
2868 0.004407564
2869 0.2813845
2870 0.01831027
2871 0.03248926
2872 0.6428984
2873 0.6330976
2874 0.008729582
2875 0.01886357
2876 0.02862032
2877 0.0381943
2878 0.01023901
2879 0.7029319
2880 0.3749727
2881 0.05390859
2882 0.03848218
2883 0.2988239
2884 0.09209894
2885 0.5564306
2886 0.00563924
2887 0.4518479
2888 0.08172108
2889 0.06332518
2890 0.3211594
2891 0.1214565
2892 0.02801248
2893 0.2524039
2894 0.8120124
2895 0.001377854
2896 0.2992256
2897 0.8475834
2898 0.002426021
2899 0.065033
2900 0.1762739
2901 0.5237803
2902 0.0490829
2903 0.04793654
2904 0.07173203
2905 0.0422605
2906 0.09104767
2907 0.0297042
2908 0.2918746
2909 0.3413924
2910 0.7217146
2911 0.04617715
2912 0.001443
2913 0.1368413
2914 0.003851219
2915 0.03527083
2916 0.816762
2917 0.0004923898
2918 0.5927237
2919 0.7070459
2920 0.02877658
2921 0.1083852
2922 0.3092673
2923 0.05214664
2924 0.01986448
2925 0.03586275
2926 0.0201793
2927 0.01742015
2928 0.03706396
2929 0.08792982
2930 0.06949167
2931 0.3533364
2932 0.1314818
2933 0.1706256
2934 0.0333103
2935 0.2232411
2936 0.4541527
2937 0.1160341
2938 0.3445733
2939 0.8510339
2940 0.9150717
2941 0.02082096
2942 0.6510968
2943 0.1872928
2944 0.5626138
2945 0.8617268
2946 0.01339308
2947 0.3617586
2948 0.1145918
2949 0.1995634
2950 0.003650402
2951 0.2763443
2952 0.004435411
2953 0.0004762665
2954 0.03493671
2955 0.001287765
2956 0.2992953
2957 0.2348318
2958 0.001889079
2959 0.8245145
2960 0.003482623
2961 0.65151
2962 0.2221971
2963 0.02047556
2964 0.9952207
2965 0.01284687
2966 0.02484809
2967 0.2346057
2968 0.5034162
2969 0.003119672
2970 0.3569051
2971 0.8955975
2972 0.2726965
2973 0.5001894
2974 0.4694989
2975 0.1142627
2976 0.10911
2977 0.06770221
2978 0.7812096
2979 0.2351878
2980 0.01137234
2981 0.4537379
2982 0.04704806
2983 0.6658742
2984 0.604313
2985 0.03146151
2986 0.01923895
2987 0.6829514
2988 0.1543491
2989 0.003548195
2990 0.525594
2991 0.1617152
2992 0.02692758
2993 0.0481646
2994 0.02246295
2995 0.1271618
2996 0.1694724
2997 0.6457238
2998 0.2228646
2999 0.02546727
3000 0.03219854
3001 0.003137444
3002 0.001855398
3003 0.01530991
3004 0.05964698
3005 0.4765819
3006 0.02164115
3007 0.05660163
3008 0.006930964
3009 0.3799898
3010 0.8187165
3011 0.2197055
3012 0.03051433
3013 0.2979857
3014 0.02413425
3015 0.7948983
3016 0.06728597
3017 0.02884275
3018 0.4080964
3019 0.1764765
3020 0.1457348
3021 0.5404329
3022 0.01556228
3023 0.3704766
3024 0.02414152
3025 0.8260391
3026 0.03881818
3027 0.008269705
3028 0.213078
3029 0.1362676
3030 0.8460745
3031 0.02139569
3032 0.9246908
3033 0.3934828
3034 0.4885109
3035 0.002047726
3036 0.6255225
3037 0.02172526
3038 0.008276448
3039 0.9088667
3040 0.3114682
3041 0.9881246
3042 0.7891931
3043 0.6917833
3044 0.1791382
3045 0.08814918
3046 0.0621787
3047 0.04664736
3048 0.003934408
3049 0.2724038
3050 0.005703231
3051 0.01583669
3052 0.1619262
3053 0.792578
3054 0.001510032
3055 0.212796
3056 0.2319911
3057 0.714893
3058 0.1664298
3059 0.001069993
3060 0.374379
3061 0.01562956
3062 0.00583888
3063 0.06814047
3064 0.1631067
3065 0.3760425
3066 0.8280854
3067 0.8600569
3068 0.7233154
3069 0.03005944
3070 0.09317646
3071 0.01227726
3072 0.3889926
3073 0.05739216
3074 0.4883832
3075 0.06552516
3076 0.1025585
3077 0.0111718
3078 0.7766441
3079 0.1071141
3080 0.3356279
3081 0.2010242
3082 0.6476031
3083 0.01038471
3084 0.4541951
3085 0.4252572
3086 0.1426434
3087 0.3665331
3088 0.05368141
3089 0.07458193
3090 0.8494372
3091 0.423649
3092 0.02222034
3093 0.7608084
3094 0.05056252
3095 0.03867262
3096 0.17727
3097 0.3677162
3098 0.02505913
3099 0.1443531
3100 0.1337371
3101 0.0001948251
3102 0.8156001
3103 0.8182762
3104 0.06008516
3105 0.01725098
3106 0.02924076
3107 0.1406737
3108 0.5234494
3109 0.8130017
3110 0.413681
3111 0.3415779
3112 0.7895821
3113 0.4065997
3114 0.006013522
3115 0.137379
3116 0.3110464
3117 0.4497618
3118 0.5273
3119 0.4224735
3120 0.1726107
3121 0.3075084
3122 0.07964833
3123 0.1799944
3124 0.8029617
3125 0.6302359
3126 0.02628403
3127 0.004996959
3128 0.009941024
3129 0.2084741
3130 0.852
3131 0.0571271
3132 0.02144786
3133 0.06345992
3134 0.009260341
3135 0.1030492
3136 0.6502074
3137 0.01864549
3138 0.167804
3139 0.09926993
3140 0.09641625
3141 0.01638542
3142 0.02559907
3143 0.5737839
3144 0.02081226
3145 0.155256
3146 0.1013295
3147 0.9557669
3148 0.9743645
3149 0.000812909
3150 0.04186634
3151 0.0781678
3152 0.234054
3153 0.6058651
3154 0.03272387
3155 0.1875893
3156 0.06882224
3157 0.03878815
3158 0.03088776
3159 0.01015846
3160 0.1327884
3161 0.01184795
3162 0.8419358
3163 0.009163593
3164 0.09583023
3165 0.7779
3166 0.1262221
3167 0.1149445
3168 0.1682001
3169 0.07830496
3170 0.7847004
3171 0.04661876
3172 0.005340424
3173 0.581509
3174 0.357124
3175 0.03377779
3176 0.07860755
3177 0.1397997
3178 0.3502318
3179 0.004885223
3180 0.1649141
3181 0.05194095
3182 0.1371974
3183 0.2950408
3184 0.001753351
3185 0.006371681
3186 0.01347767
3187 0.1006637
3188 0.05502677
3189 0.4722471
3190 0.1494903
3191 0.07169268
3192 0.07865148
3193 0.1329984
3194 0.05090284
3195 0.08490379
3196 0.3160966
3197 0.005924246
3198 0.001344519
3199 0.1101075
3200 0.03232167
3201 0.7963691
3202 0.1348047
3203 0.4279101
3204 0.0005130726
3205 0.2851417
3206 0.1441966
3207 0.834491
3208 0.2370337
3209 0.03161164
3210 0.8938646
3211 0.1833091
3212 0.9148367
3213 0.8732528
3214 0.1021226
3215 0.8897049
3216 0.03304226
3217 0.00351454
3218 0.001497126
3219 0.06214788
3220 0.0004523171
3221 0.02252062
3222 0.7742755
3223 0.2251352
3224 0.4690128
3225 0.4729568
3226 0.05507846
3227 0.02848356
3228 0.0867188
3229 0.1278639
3230 0.0008963106
3231 0.9937327
3232 0.02398258
3233 0.02596671
3234 0.06093916
3235 0.6868958
3236 0.3575874
3237 0.6106776
3238 0.1648334
3239 0.04021377
3240 0.02126124
3241 0.04907859
3242 0.5308499
3243 0.02109651
3244 0.01976943
3245 0.1439123
3246 0.1547599
3247 0.3186042
3248 0.04375233
3249 0.2629871
3250 0.5542303
3251 0.1147711
3252 0.04616117
3253 0.2692918
3254 0.0001622832
3255 0.01072378
3256 0.213309
3257 0.6558465
3258 0.1490554
3259 0.9305648
3260 0.1992717
3261 0.004021698
3262 0.07500214
3263 0.8979355
3264 0.03076733
3265 0.005073356
3266 0.1431103
3267 0.6249503
3268 0.2373517
3269 0.7028515
3270 0.7240372
3271 0.05374711
3272 0.1881815
3273 0.07205461
3274 0.06942339
3275 0.01136613
3276 0.05481775
3277 0.01636104
3278 0.02492391
3279 0.3114077
3280 0.9591276
3281 0.01733785
3282 0.6162284
3283 0.111177
3284 0.003467772
3285 0.04374373
3286 0.3231289
3287 0.6036143
3288 0.3472596
3289 0.01138344
3290 0.02243301
3291 0.839883
3292 0.410834
3293 0.005747613
3294 0.009679291
3295 0.7421412
3296 0.002867725
3297 0.2823263
3298 0.1573029
3299 0.00462615
3300 0.02155617
3301 0.116689
3302 0.03085419
3303 0.04877585
3304 0.05392075
3305 0.004021468
3306 0.007671901
3307 0.4913927
3308 0.4265217
3309 0.1273332
3310 0.01843295
3311 0.484847
3312 0.1389087
3313 0.5806268
3314 0.2079454
3315 0.2081542
3316 0.3359648
3317 0.03383642
3318 0.06766998
3319 0.6859025
3320 0.8793416
3321 0.9699384
3322 0.05236781
3323 0.08989224
3324 0.3370617
3325 0.01711539
3326 0.07106588
3327 0.3481116
3328 0.03227996
3329 0.04662773
3330 0.04945165
3331 0.567484
3332 0.8224431
3333 0.03777782
3334 0.008163151
3335 0.8520551
3336 0.8684855
3337 0.3793834
3338 0.2731852
3339 0.0008551072
3340 0.01159628
3341 0.02506872
3342 0.7762953
3343 0.3309081
3344 0.1373069
3345 0.408773
3346 0.05146912
3347 0.02293049
3348 0.03371173
3349 0.02488818
3350 0.003771946
3351 0.6879752
3352 0.05957472
3353 0.173087
3354 0.04232419
3355 0.003955114
3356 0.05132091
3357 0.3913346
3358 0.1353694
3359 0.08532825
3360 0.1289061
3361 0.2359679
3362 0.1502273
3363 0.009547916
3364 0.4616081
3365 0.01763699
3366 0.8410892
3367 0.01743313
3368 0.6928243
3369 0.007551835
3370 0.2223711
3371 0.6296311
3372 0.04890881
3373 0.03165028
3374 0.5354605
3375 0.2672425
3376 0.7011758
3377 0.0158734
3378 0.02594179
3379 0.002896941
3380 0.1755112
3381 0.01283572
3382 0.02567104
3383 0.05129104
3384 0.2483127
3385 0.02372511
3386 0.02183503
3387 0.004440724
3388 0.2098112
3389 0.4622255
3390 0.1675654
3391 0.1622527
3392 0.0266601
3393 0.4131675
3394 0.005546003
3395 0.1050603
3396 0.0003346292
3397 0.02528505
3398 0.3077851
3399 0.4277637
3400 0.3927408
3401 0.03027958
3402 0.00620259
3403 0.831086
3404 0.3323093
3405 0.0396471
3406 0.04383236
3407 0.02662304
3408 0.1486102
3409 0.9188263
3410 0.02543082
3411 0.3841724
3412 0.1327263
3413 0.9383515
3414 0.2011104
3415 0.006232872
3416 0.09227001
3417 0.6744505
3418 0.003468669
3419 0.6512542
3420 0.5852045
3421 0.1243405
3422 0.746321
3423 0.01700525
3424 0.7109662
3425 0.001944232
3426 0.7300338
3427 0.02353953
3428 0.134037
3429 0.02275816
3430 0.3299473
3431 0.003260646
3432 0.01030284
3433 0.02416635
3434 0.878781
3435 0.4109326
3436 0.0323088
3437 0.04592137
3438 0.01055908
3439 0.9652457
3440 0.8377441
3441 0.2504391
3442 0.4412668
3443 0.07421683
3444 0.0895899
3445 0.08897292
3446 0.1985322
3447 0.1702858
3448 0.9527067
3449 0.05800589
3450 0.0205083
3451 0.02581832
3452 0.004621194
3453 0.05949945
3454 0.01766804
3455 0.9491449
3456 0.003857172
3457 0.4229917
3458 0.190007
3459 0.1910029
3460 0.005854304
3461 0.2696211
3462 0.01369628
3463 0.4790728
3464 0.9617527
3465 0.8944104
3466 0.007851118
3467 0.02818932
3468 0.2208468
3469 0.006574482
3470 0.0007420856
3471 0.02052075
3472 0.9284644
3473 0.2827947
3474 0.4826021
3475 0.05796272
3476 0.00508345
3477 0.03282757
3478 0.2310887
3479 0.03025311
3480 0.02305882
3481 0.4445194
3482 0.05464303
3483 0.6648372
3484 0.8854767
3485 0.883329
3486 0.6287127
3487 0.0002768496
3488 0.02046885
3489 0.00694539
3490 0.5553045
3491 0.5748235
3492 0.003056808
3493 0.005265259
3494 0.005303245
3495 0.03427032
3496 0.9335949
3497 0.05412653
3498 0.1763866
3499 0.07542283
3500 0.4315017
3501 0.05312181
3502 0.1235678
3503 0.5506695
3504 0.6311194
3505 0.02317413
3506 0.002130373
3507 0.8565432
3508 0.895107
3509 0.01139711
3510 0.1058035
3511 0.02408978
3512 0.5304911
3513 0.185304
3514 0.773404
3515 0.1325054
3516 0.03702481
3517 0.114791
3518 0.2253145
3519 0.3755656
3520 0.1048724
3521 0.03455626
3522 0.03136525
3523 0.09804602
3524 0.01709126
3525 0.06248089
3526 0.9958849
3527 0.03870903
3528 0.003191599
3529 0.03350096
3530 0.3814529
3531 0.07599213
3532 0.146399
3533 0.03443274
3534 0.002981442
3535 0.02237422
3536 0.08758018
3537 0.9953442
3538 0.4331734
3539 0.007243417
3540 0.04027697
3541 0.08312252
3542 0.000764914
3543 0.9380464
3544 0.01657409
3545 0.3923093
3546 0.005554733
3547 0.8691805
3548 0.5238474
3549 0.02081191
3550 0.8421677
3551 0.03412915
3552 0.04797872
3553 0.6895875
3554 0.5846363
3555 0.7078994
3556 0.09507714
3557 0.01387337
3558 0.2503417
3559 0.0538039
3560 0.9975934
3561 0.6748665
3562 0.01454897
3563 0.9672148
3564 0.4546749
3565 0.5313905
3566 0.2840088
3567 0.1470623
3568 0.2599389
3569 0.6316921
3570 0.5404093
3571 0.6270689
3572 0.2872552
3573 0.8329672
3574 0.5598982
3575 0.2061349
3576 0.4538404
3577 0.003982675
3578 0.002116182
3579 0.004178496
3580 0.9441521
3581 0.1702544
3582 0.06866586
3583 0.0461716
3584 0.756909
3585 0.9295615
3586 0.1633717
3587 0.1485325
3588 0.02870393
3589 0.1538888
3590 0.03551751
3591 0.3534179
3592 0.1545223
3593 0.5468586
3594 0.0479177
3595 0.0402821
3596 0.01747788
3597 0.5444585
3598 0.001479387
3599 0.002446597
3600 0.02599607
3601 0.0007541685
3602 0.0116211
3603 0.863066
3604 0.8427316
3605 0.08656347
3606 0.03185023
3607 0.7214715
3608 0.1700188
3609 0.01770228
3610 0.4211939
3611 0.2428276
3612 0.04567275
3613 0.5352925
3614 0.1891883
3615 0.9844737
3616 0.4240383
3617 0.04288223
3618 0.005019151
3619 0.3365525
3620 0.1195671
3621 0.3231214
3622 0.1454404
3623 0.02682939
3624 0.9540058
3625 0.08691875
3626 0.0004736856
3627 0.08813779
3628 0.03367405
3629 0.002585612
3630 0.5397437
3631 0.02212902
3632 0.002415955
3633 0.3418865
3634 0.003921461
3635 0.07775364
3636 0.6040862
3637 0.3815614
3638 0.07337781
3639 0.006886344
3640 0.3252547
3641 0.1968032
3642 0.06884869
3643 0.003611673
3644 0.03027763
3645 0.07705005
3646 0.8576385
3647 0.01667694
3648 0.001000715
3649 0.01800483
3650 0.01344793
3651 0.04802177
3652 0.354177
3653 0.0007591291
3654 0.7711485
3655 0.8040655
3656 0.009537879
3657 0.02983028
3658 0.000849721
3659 0.004328298
3660 0.3156286
3661 0.01623206
3662 0.1953058
3663 0.03138384
3664 0.6978064
3665 0.2757641
3666 0.03118235
3667 0.9468209
3668 0.8100516
3669 0.4870751
3670 0.07836018
3671 0.7850504
3672 0.6161525
3673 0.03920736
3674 0.06653232
3675 0.3393124
3676 0.2369866
3677 0.02293306
3678 0.09833159
3679 0.1642337
3680 0.3548767
3681 0.0009006109
3682 0.002696188
3683 0.8853327
3684 0.9627853
3685 0.02128359
3686 0.331606
3687 0.8239786
3688 0.007212269
3689 0.1712017
3690 0.637591
3691 0.05423859
3692 0.01245512
3693 0.7866259
3694 0.7851265
3695 0.9584173
3696 0.03931738
3697 0.1795566
3698 0.003183721
3699 0.01213928
3700 0.6362307
3701 0.2149394
3702 0.6135121
3703 0.2163877
3704 0.03502452
3705 0.003752339
3706 0.0565999
3707 0.9268012
3708 0.9924021
3709 0.007979775
3710 0.02078722
3711 0.4783087
3712 0.346275
3713 0.03505762
3714 0.2100094
3715 0.1227628
3716 0.4146369
3717 0.4789667
3718 0.1251003
3719 0.1163815
3720 0.02246564
3721 0.289764
3722 0.6069286
3723 0.7509818
3724 0.2525832
3725 0.2028994
3726 0.1790937
3727 0.383368
3728 0.5372875
3729 0.2631333
3730 0.01675727
3731 0.05651403
3732 0.03691185
3733 0.05210767
3734 0.2763688
3735 0.003686189
3736 0.08113676
3737 0.2122203
3738 0.05109717
3739 0.06535465
3740 0.3938535
3741 0.02276297
3742 0.01985854
3743 0.01710012
3744 0.09346278
3745 0.7489014
3746 0.1521475
3747 0.06721638
3748 0.3777338
3749 0.01269114
3750 0.003143709
3751 0.05665002
3752 0.02611803
3753 0.1924848
3754 0.567941
3755 0.03412267
3756 0.9526191
3757 0.8562094
3758 0.001036094
3759 0.1512528
3760 0.01263793
3761 0.0704669
3762 0.0432994
3763 0.01801882
3764 0.8901549
3765 0.03931948
3766 0.02633065
3767 0.5228233
3768 0.02792747
3769 0.2134365
3770 0.4047136
3771 0.02979435
3772 0.02157436
3773 0.04882266
3774 0.6660085
3775 0.2675441
3776 0.2528253
3777 0.07647631
3778 0.1662582
3779 0.003603742
3780 0.006296337
3781 0.205009
3782 0.7359845
3783 0.5507056
3784 0.06699798
3785 0.4936357
3786 0.005611549
3787 0.7382609
3788 0.1886029
3789 0.1855724
3790 0.06322862
3791 0.5383784
3792 0.3985832
3793 0.03856933
3794 0.3569359
3795 0.2001908
3796 0.01404724
3797 0.8529585
3798 0.02646268
3799 0.002245584
3800 0.01254076
3801 0.1058759
3802 0.0659774
3803 0.01912198
3804 0.4982508
3805 0.01179451
3806 0.02002225
3807 0.2665386
3808 0.1699435
3809 0.8438322
3810 0.141516
3811 0.5352542
3812 0.7534598
3813 0.7464534
3814 0.530512
3815 0.04047373
3816 0.007917073
3817 0.1352763
3818 0.5670921
3819 0.4827258
3820 0.104644
3821 0.003504187
3822 0.9765311
3823 0.7750177
3824 0.1409909
3825 0.03908789
3826 0.6877672
3827 0.03509536
3828 0.6713751
3829 0.5541007
3830 0.004041518
3831 0.03256974
3832 0.002364907
3833 0.4521287
3834 0.02267312
3835 0.1305829
3836 0.3445282
3837 0.4975902
3838 0.08833804
3839 0.04087337
3840 0.1897378
3841 0.001172832
3842 0.2074776
3843 0.3081793
3844 0.1368917
3845 0.003515051
3846 0.4887554
3847 0.2693258
3848 0.194149
3849 0.1141882
3850 0.03567916
3851 0.0393197
3852 0.6719048
3853 0.5335525
3854 0.8368138
3855 0.1137233
3856 0.820481
3857 0.2378432
3858 0.03464336
3859 0.1574249
3860 0.05733868
3861 0.8907531
3862 0.008192044
3863 0.02658727
3864 0.3004201
3865 0.07390621
3866 0.3270681
3867 0.3732477
3868 0.5545945
3869 0.004001676
3870 0.02009216
3871 0.4276011
3872 0.228419
3873 0.7749109
3874 0.8326689
3875 0.02785719
3876 0.1384565
3877 0.01477461
3878 0.7407759
3879 0.2514051
3880 0.4277379
3881 0.005146568
3882 0.02285889
3883 0.214557
3884 0.06037038
3885 0.06994503
3886 0.1109113
3887 0.9469741
3888 0.0624075
3889 0.05435548
3890 0.01637299
3891 0.07342694
3892 0.0003264577
3893 0.01625687
3894 0.1572415
3895 0.04616431
3896 0.1140802
3897 0.1396364
3898 0.002024559
3899 0.004971648
3900 0.06212508
3901 0.005256961
3902 0.446761
3903 0.3016455
3904 0.01392849
3905 0.02133996
3906 0.2560308
3907 0.0005548094
3908 0.3198096
3909 0.03457018
3910 0.02125609
3911 0.7787647
3912 0.01146776
3913 0.005566936
3914 0.06095991
3915 0.007629469
3916 0.05352171
3917 0.01147189
3918 0.1344393
3919 0.2326594
3920 0.003691161
3921 0.01142531
3922 0.03945459
3923 0.6033937
3924 0.3137368
3925 0.09150204
3926 0.5707797
3927 0.09441651
3928 0.8987159
3929 0.3573827
3930 0.8556517
3931 0.3931167
3932 0.09603529
3933 0.2816062
3934 0.1141241
3935 0.4655048
3936 0.05833385
3937 0.2266128
3938 0.814288
3939 0.1554223
3940 0.08607629
3941 0.3193853
3942 0.01630659
3943 0.0670251
3944 0.2407847
3945 0.002645146
3946 0.7891963
3947 0.111981
3948 0.006392785
3949 0.08295007
3950 0.01999487
3951 0.04657379
3952 0.04385628
3953 0.1075066
3954 0.3088747
3955 0.2172685
3956 0.01818628
3957 0.02332602
3958 0.007133009
3959 0.002138709
3960 0.002536333
3961 0.03262577
3962 0.01865317
3963 0.3546098
3964 0.3398273
3965 0.005668241
3966 0.1426521
3967 0.03108192
3968 0.0129792
3969 0.03189973
3970 0.52985
3971 0.04444798
3972 0.9474586
3973 0.4303722
3974 0.006409024
3975 0.00491718
3976 0.00088894
3977 0.004085774
3978 0.8141894
3979 0.1468694
3980 0.01860254
3981 0.2904773
3982 0.5646703
3983 0.3244209
3984 0.152601
3985 0.1342198
3986 0.03252234
3987 0.9406282
3988 0.009677992
3989 0.355532
3990 0.179774
3991 0.9459516
3992 0.1558931
3993 0.693703
3994 0.002738549
3995 0.08216789
3996 0.08648983
3997 0.8284928
3998 0.03602255
3999 0.03887078
4000 0.1045622
4001 0.7521166
4002 0.6937826
4003 0.259241
4004 0.8080064
4005 0.05129155
4006 0.9859273
4007 0.03973499
4008 0.4131755
4009 0.00616823
4010 0.0292938
4011 0.9624165
4012 0.02757486
4013 0.01804208
4014 0.02791729
4015 0.4165037
4016 0.4000542
4017 0.4728824
4018 0.001531629
4019 0.9406408
4020 0.7599762
4021 0.1279876
4022 0.6608188
4023 0.001703777
4024 0.2922953
4025 0.2263316
4026 0.1374369
4027 0.1466856
4028 0.001658175
4029 0.04476983
4030 0.9814435
4031 0.1588755
4032 0.5011755
4033 0.05582714
4034 0.7136042
4035 0.9224843
4036 0.1762648
4037 0.7040948
4038 0.9216234
4039 0.0234557
4040 0.06054821
4041 0.01476732
4042 0.2369451
4043 0.02106254
4044 0.1499495
4045 0.3741988
4046 0.5739494
4047 0.1221363
4048 0.0343476
4049 0.2253129
4050 0.1020669
4051 0.444704
4052 0.05300018
4053 0.1440472
4054 0.6995915
4055 0.9269386
4056 0.8819927
4057 0.5165305
4058 0.6567062
4059 0.1498765
4060 0.8421616
4061 0.1134166
4062 0.0008568553
4063 0.01378981
4064 0.03240722
4065 0.4070485
4066 0.05413487
4067 0.4673433
4068 0.9979282
4069 0.02764889
4070 0.5911954
4071 0.1361961
4072 0.2032727
4073 0.5469847
4074 0.0068465
4075 0.2568751
4076 0.219053
4077 0.7937609
4078 0.103136
4079 0.8593558
4080 0.9524439
4081 0.1406378
4082 0.03372818
4083 0.1684088
4084 0.01795832
4085 0.05441497
4086 0.289664
4087 0.05946604
4088 0.1908859
4089 0.2217591
4090 0.0007328446
4091 0.3733886
4092 0.008916323
4093 0.009653909
4094 0.04432245
4095 0.3677069
4096 0.6543644
4097 0.2913733
4098 0.006341412
4099 0.02269456
4100 0.005260575
4101 0.6176381
4102 0.05943977
4103 0.1567426
4104 0.005173482
4105 0.09680074
4106 0.01541698
4107 0.4108458
4108 0.02029896
4109 0.04986096
4110 0.166035
4111 0.391471
4112 0.2518166
4113 0.005467891
4114 0.5400966
4115 0.005648086
4116 0.02731524
4117 0.2228078
4118 0.006031337
4119 0.05046166
4120 0.0216211
4121 0.05696212
4122 0.4124996
4123 0.1206788
4124 0.01986742
4125 0.02526611
4126 0.07659247
4127 0.1374621
4128 0.03804269
4129 0.110232
4130 0.1253138
4131 0.8791435
4132 0.1683829
4133 0.07291578
4134 0.6269963
4135 0.5467237
4136 0.04179417
4137 0.03265327
4138 0.001173137
4139 0.2787618
4140 0.09223714
4141 0.7577614
4142 0.1676166
4143 0.01596586
4144 0.5236052
4145 0.2574977
4146 0.0879215
4147 0.02411024
4148 0.6100771
4149 0.002279161
4150 0.04774472
4151 0.9886627
4152 0.9526145
4153 0.02135726
4154 0.06896345
4155 0.077175
4156 0.1711965
4157 0.03889353
4158 0.2985921
4159 0.03057324
4160 0.2243266
4161 0.450623
4162 0.005665914
4163 0.3842351
4164 0.05888766
4165 0.4722593
4166 0.7898651
4167 0.06309789
4168 0.005949973
4169 0.03429031
4170 0.02592659
4171 0.1219368
4172 0.04478502
4173 0.3086227
4174 0.2849599
4175 0.4814402
4176 0.03722265
4177 0.1222122
4178 0.01975604
4179 0.6347147
4180 0.5070711
4181 0.08961874
4182 0.6965437
4183 0.5469044
4184 0.5598008
4185 0.9175305
4186 0.5223263
4187 0.01652388
4188 0.05625337
4189 0.1234499
4190 0.2194544
4191 0.3916833
4192 0.09005475
4193 0.0790145
4194 0.1503296
4195 0.02436525
4196 0.4710962
4197 0.974251
4198 0.8225962
4199 0.1144101
4200 0.1651549
4201 0.03868463
4202 0.05954988
4203 0.2665968
4204 0.0006998766
4205 0.0096365
4206 0.03847905
4207 0.6934463
4208 0.06823202
4209 0.02103038
4210 0.2458941
4211 0.006010331
4212 0.6188694
4213 0.1281792
4214 0.04149182
4215 0.8628523
4216 0.003789906
4217 0.00182043
4218 0.6801933
4219 0.004628358
4220 0.07742544
4221 0.102922
4222 0.00564761
4223 0.5665098
4224 0.4788362
4225 0.7233852
4226 0.01783835
4227 0.002286917
4228 0.02122757
4229 0.4807402
4230 0.6553734
4231 0.04423443
4232 0.1665018
4233 0.00272918
4234 0.1771226
4235 0.04425533
4236 0.0498203
4237 0.001948686
4238 0.7304361
4239 0.0004806029
4240 0.02581283
4241 0.0139735
4242 0.2233203
4243 0.01924632
4244 0.7380724
4245 0.1397866
4246 0.005253811
4247 0.2786775
4248 0.280143
4249 0.2964513
4250 0.002691466
4251 0.262797
4252 0.7713327
4253 0.02995331
4254 0.1329603
4255 0.02260828
4256 0.008499903
4257 0.4247599
4258 0.05151844
4259 0.4788209
4260 0.3457469
4261 0.1079745
4262 0.9741722
4263 0.04035998
4264 0.006448987
4265 0.03161896
4266 0.2498301
4267 0.758495
4268 0.219831
4269 0.4263145
4270 0.3185454
4271 0.1174107
4272 0.842324
4273 0.8589873
4274 0.002940773
4275 0.8036391
4276 0.02027483
4277 0.129698
4278 0.01223837
4279 0.00357998
4280 0.006020263
4281 0.2132838
4282 0.7863626
4283 0.1945418
4284 0.2214864
4285 0.05720277
4286 0.007221073
4287 0.03147149
4288 0.611831
4289 0.02729585
4290 0.1349851
4291 0.4635508
4292 0.801551
4293 0.06881926
4294 0.009216926
4295 0.07580771
4296 0.4616631
4297 0.1050393
4298 0.7619623
4299 0.1946951
4300 0.04167036
4301 0.003527502
4302 0.02576671
4303 0.1314775
4304 0.0713852
4305 0.00294727
4306 0.3855101
4307 0.008902138
4308 0.03718328
4309 0.005904089
4310 0.2935124
4311 0.4973066
4312 0.1657588
4313 0.6639741
4314 0.8511704
4315 0.3270152
4316 0.08809716
4317 0.04718639
4318 0.06202318
4319 0.07491049
4320 0.004801046
4321 0.01226419
4322 0.07452603
4323 0.0228829
4324 0.2179322
4325 0.001746315
4326 0.5854571
4327 0.3739002
4328 0.02740503
4329 0.1038575
4330 0.3497742
4331 0.1712389
4332 0.9161424
4333 0.01998379
4334 0.02266257
4335 0.8091185
4336 0.3234061
4337 0.05291888
4338 0.09096749
4339 0.9882824
4340 0.04472527
4341 0.6551256
4342 0.8938457
4343 0.07216
4344 0.04676216
4345 0.1070361
4346 0.05004045
4347 0.8181075
4348 0.06450048
4349 0.0374274
4350 0.03113292
4351 0.1013481
4352 0.1529664
4353 0.07629207
4354 0.1271327
4355 0.9203577
4356 0.04430215
4357 0.04965289
4358 0.5415282
4359 0.005097579
4360 0.05262475
4361 0.04050532
4362 0.03395738
4363 0.4287834
4364 0.5570797
4365 0.05981941
4366 0.02647097
4367 0.01145924
4368 0.203969
4369 0.04235589
4370 0.8225663
4371 0.2865519
4372 0.02893922
4373 0.04163175
4374 0.04986133
4375 0.1922105
4376 0.8978834
4377 0.6135443
4378 0.166645
4379 0.2932625
4380 0.05211757
4381 0.08733437
4382 0.01972221
4383 0.1602128
4384 0.365854
4385 0.8889697
4386 0.05035161
4387 0.0634452
4388 0.08041327
4389 0.02489043
4390 0.0301037
4391 0.0740421
4392 0.07230197
4393 0.2806169
4394 0.395384
4395 0.1053856
4396 0.003102259
4397 0.4905507
4398 0.01564457
4399 0.03909425
4400 0.8937635
4401 0.01001823
4402 0.211783
4403 0.007410026
4404 0.008873074
4405 0.7171423
4406 0.02369201
4407 0.342928
4408 0.4953695
4409 0.1488189
4410 0.005175753
4411 0.02020921
4412 0.3058144
4413 0.004741014
4414 0.0079649
4415 0.1875165
4416 0.0221588
4417 0.08493318
4418 0.09876428
4419 0.02166843
4420 0.06689282
4421 0.03208031
4422 0.001319452
4423 0.118072
4424 0.2420596
4425 0.4388436
4426 0.2050029
4427 0.0666716
4428 0.5283853
4429 0.3577118
4430 0.05456512
4431 0.007600537
4432 0.1433964
4433 0.002107583
4434 0.8993228
4435 0.05471499
4436 0.007709914
4437 0.0576163
4438 0.002547095
4439 0.9796217
4440 0.004731968
4441 0.1094954
4442 0.4795523
4443 0.7516632
4444 0.1134865
4445 0.1657416
4446 0.03011942
4447 0.873053
4448 0.4929103
4449 0.03223632
4450 0.75932
4451 0.2400324
4452 0.8537255
4453 0.06384987
4454 0.03913722
4455 0.2070161
4456 0.877973
4457 0.6091648
4458 0.1179755
4459 0.04783602
4460 0.1385186
4461 0.007689415
4462 0.4195987
4463 0.008571007
4464 0.6086085
4465 0.5016371
4466 0.02465141
4467 0.09002188
4468 0.7400414
4469 0.7732137
4470 0.7398263
4471 0.345147
4472 0.06846407
4473 0.1413589
4474 0.1164645
4475 0.3653039
4476 0.01816737
4477 0.668302
4478 0.1164156
4479 0.9680288
4480 0.186667
4481 0.07536486
4482 0.04906542
4483 0.424186
4484 0.005721814
4485 0.004372698
4486 0.02015713
4487 0.7949737
4488 0.3404158
4489 0.006310654
4490 0.003400046
4491 0.2630056
4492 0.9907203
4493 0.102046
4494 0.2677537
4495 0.01958047
4496 0.201487
4497 0.0003206168
4498 0.02470446
4499 0.03883719
4500 0.06396488
4501 0.5651119
4502 0.005006863
4503 0.06605884
4504 0.4899314
4505 0.3698008
4506 0.549911
4507 0.02101799
4508 0.3876822
4509 0.4631301
4510 0.05190974
4511 0.01875356
4512 0.003319876
4513 0.2095009
4514 0.1195857
4515 0.281214
4516 0.04155563
4517 0.1022639
4518 0.2522475
4519 0.9138371
4520 0.1274033
4521 0.01013416
4522 0.3122441
4523 0.8370369
4524 0.05631325
4525 0.3212978
4526 0.157149
4527 0.03202356
4528 0.8046098
4529 0.128758
4530 0.8825239
4531 0.807728
4532 0.7961171
4533 0.04894476
4534 0.007893272
4535 0.009788056
4536 0.03872906
4537 0.008603943
4538 0.05321028
4539 0.03690411
4540 0.1439598
4541 0.04068435
4542 0.08502705
4543 0.201769
4544 0.004928054
4545 0.1789767
4546 0.1288092
4547 0.09505148
4548 0.1087344
4549 0.1019543
4550 0.05956469
4551 0.03861929
4552 0.1911486
4553 0.216797
4554 0.05448821
4555 0.03809239
4556 0.4899936
4557 0.06400616
4558 0.02506382
4559 0.5738455
4560 0.2375009
4561 0.02785748
4562 0.06855841
4563 0.1146986
4564 0.02898194
4565 0.0239093
4566 0.01858085
4567 0.01396045
4568 0.06693714
4569 0.01115262
4570 0.7739512
4571 0.2798531
4572 0.1873607
4573 0.8568023
4574 0.01686116
4575 0.01390739
4576 0.01434865
4577 0.6691713
4578 0.1551007
4579 0.6859934
4580 0.0003595818
4581 0.006127022
4582 0.4337207
4583 0.01960124
4584 0.01790792
4585 0.2777929
4586 0.1328084
4587 0.8115417
4588 0.7137527
4589 0.03390153
4590 0.006510095
4591 0.1204553
4592 0.03973677
4593 0.03702464
4594 0.3190051
4595 0.7092435
4596 0.1619974
4597 0.2320971
4598 0.8040897
4599 0.2736852
4600 0.0002914266
4601 0.02017236
4602 0.839934
4603 0.3381182
4604 0.04464115
4605 0.3847728
4606 0.004832941
4607 0.8580472
4608 0.05692891
4609 0.06367667
4610 0.06293456
4611 0.01073249
4612 0.4253392
4613 0.09027023
4614 0.03027809
4615 0.1513158
4616 0.4702317
4617 0.920562
4618 0.2060958
4619 0.2921252
4620 0.03880624
4621 0.008440202
4622 0.3776499
4623 0.02790619
4624 0.04261223
4625 0.03886066
4626 0.09545387
4627 0.04195882
4628 0.09716202
4629 0.1755219
4630 0.1158019
4631 0.04403371
4632 0.1338582
4633 0.1070345
4634 0.4849093
4635 0.03070447
4636 0.09535112
4637 0.8717707
4638 0.1094068
4639 0.1287694
4640 0.003609263
4641 0.9892789
4642 0.5274681
4643 0.5104516
4644 0.008330093
4645 0.001888819
4646 0.02965129
4647 0.001416002
4648 0.01904694
4649 0.002649306
4650 0.1942617
4651 0.1838083
4652 0.06166146
4653 0.2545283
4654 0.2905349
4655 0.01600473
4656 0.452493
4657 0.5573504
4658 0.1891854
4659 0.8979068
4660 0.003989502
4661 0.7281208
4662 0.03656171
4663 0.01566374
4664 0.4046807
4665 0.06355623
4666 0.5296014
4667 0.2175609
4668 0.318781
4669 0.9755993
4670 0.4608559
4671 0.9169222
4672 0.3315704
4673 0.03213564
4674 0.5216314
4675 0.2499777
4676 0.1640013
4677 0.4402547
4678 0.1870322
4679 0.003557348
4680 0.2544447
4681 0.1529723
4682 0.003366281
4683 0.07075123
4684 0.0003514664
4685 0.8399586
4686 0.02724829
4687 0.05437256
4688 0.05165116
4689 0.001877988
4690 0.1798952
4691 0.4849105
4692 0.04850589
4693 0.6082456
4694 0.002057856
4695 0.04837985
4696 0.006528985
4697 0.002606723
4698 0.02313514
4699 0.001374378
4700 0.7721666
4701 0.03053142
4702 0.05240735
4703 0.07175657
4704 0.2532119
4705 0.06969233
4706 0.3100933
4707 0.7131966
4708 0.04857611
4709 0.04671804
4710 0.393262
4711 0.7737169
4712 0.3543257
4713 0.9118532
4714 0.1014868
4715 0.8567045
4716 0.01416365
4717 0.9079072
4718 0.7340402
4719 0.7185091
4720 0.05809273
4721 0.975557
4722 0.0133073
4723 0.0143874
4724 0.1728334
4725 0.02258141
4726 0.001045394
4727 0.480582
4728 0.03873358
4729 0.05157496
4730 0.4284759
4731 0.02896681
4732 0.05061894
4733 0.1757147
4734 0.1211874
4735 0.1386994
4736 0.09644743
4737 0.001783394
4738 0.8390207
4739 0.4270784
4740 0.01828743
4741 0.177009
4742 0.000864309
4743 0.359039
4744 0.02231422
4745 0.2228273
4746 0.2034193
4747 0.2518855
4748 0.3684445
4749 0.05484561
4750 0.3979739
4751 0.9677608
4752 0.04313785
4753 0.3640157
4754 0.2588003
4755 0.5978996
4756 0.02544601
4757 0.0794865
4758 0.00335247
4759 0.04041886
4760 0.003804161
4761 0.1236907
4762 0.05107545
4763 0.03590575
4764 0.02443777
4765 0.09945165
4766 0.005322586
4767 0.1776551
4768 0.0009814612
4769 0.02429571
4770 0.03594613
4771 0.3205118
4772 0.08052687
4773 0.003670294
4774 0.9099458
4775 0.6592354
4776 0.03861743
4777 0.6608836
4778 0.004581888
4779 0.1488948
4780 0.2408477
4781 0.1993067
4782 0.1439823
4783 0.3317186
4784 0.1023162
4785 0.3590235
4786 0.1841295
4787 0.002406926
4788 0.309104
4789 0.01715567
4790 0.1369102
4791 0.03981552
4792 0.7820494
4793 0.0639846
4794 0.5203817
4795 0.3517436
4796 0.2410765
4797 0.02253015
4798 0.8431408
4799 0.1378812
4800 0.6077813
4801 0.5008376
4802 0.2446149
4803 0.03507012
4804 0.8637751
4805 0.0256939
4806 0.06382749
4807 0.03230085
4808 0.01316253
4809 0.1046742
4810 0.06635066
4811 0.6139688
4812 0.0009786425
4813 0.1700659
4814 0.002779792
4815 0.578607
4816 0.2696366
4817 0.3243062
4818 0.03387217
4819 0.2547138
4820 0.02486665
4821 0.6189259
4822 0.06139389
4823 0.2948407
4824 0.03271872
4825 0.09957801
4826 0.03371886
4827 0.0654289
4828 0.06329892
4829 0.03842275
4830 0.03138601
4831 0.5456797
4832 0.001588895
4833 0.1329291
4834 0.03010594
4835 0.005591264
4836 0.5378311
4837 0.06949399
4838 0.7545336
4839 0.0363189
4840 0.05498908
4841 0.5857556
4842 0.03960355
4843 0.9534061
4844 0.08237173
4845 0.02913613
4846 0.3135937
4847 0.04641602
4848 0.2366919
4849 0.07310207
4850 0.03478065
4851 0.4551605
4852 0.3353724
4853 0.010376
4854 0.004568723
4855 0.9296426
4856 0.2844033
4857 0.0004197313
4858 0.3262891
4859 0.01063143
4860 0.817152
4861 0.4279326
4862 0.3938956
4863 0.0293028
4864 0.005376701
4865 0.8555092
4866 0.05177323
4867 0.4964327
4868 0.2271746
4869 0.193969
4870 0.3978732
4871 0.1372176
4872 0.5219635
4873 0.2916481
4874 0.02233458
4875 0.0194402
4876 0.6043735
4877 0.579954
4878 0.9446202
4879 0.6822337
4880 0.1817445
4881 0.008623672
4882 0.4445415
4883 0.504317
4884 0.4435333
4885 0.02800799
4886 0.1234108
4887 0.04763035
4888 0.01486494
4889 0.03070736
4890 0.1153113
4891 0.5789626
4892 0.4936442
4893 0.6532327
4894 0.2547155
4895 0.03135005
4896 0.3851512
4897 0.006894258
4898 0.02983334
4899 0.5795768
4900 0.7070145
4901 0.3136537
4902 0.08910513
4903 0.06519594
4904 0.06151449
4905 0.0668078
4906 0.1944782
4907 0.02218097
4908 0.0354989
4909 0.4684088
4910 0.02331985
4911 0.3008281
4912 0.06357099
4913 0.01285261
4914 0.01516473
4915 0.3036241
4916 0.4646869
4917 0.1491143
4918 0.3325995
4919 0.1101859
4920 0.305317
4921 0.5086708
4922 0.3381623
4923 0.0005270124
4924 0.08665947
4925 0.03986708
4926 0.2626092
4927 0.5796237
4928 0.02564062
4929 0.0008339126
4930 0.60979
4931 0.02285903
4932 0.7710837
4933 0.5166777
4934 0.1463732
4935 0.0970217
4936 0.6855228
4937 0.5002107
4938 0.03401849
4939 0.3358015
4940 0.002871523
4941 0.005601137
4942 0.01401826
4943 0.2847728
4944 0.4049595
4945 0.01565109
4946 0.01404647
4947 0.3479956
4948 0.5627524
4949 0.4268803
4950 0.07375149
4951 0.6984623
4952 0.002910341
4953 0.1024062
4954 0.5675362
4955 0.002567779
4956 0.005558899
4957 0.5230267
4958 0.09227158
4959 0.02677618
4960 0.1610246
4961 0.830696
4962 0.003213621
4963 0.06278817
4964 0.04972174
4965 0.3468585
4966 0.003500378
4967 0.1159238
4968 0.005494114
4969 0.06379166
4970 0.06094178
4971 0.3096642
4972 0.004869885
4973 0.006027724
4974 0.7834658
4975 0.04253348
4976 0.3450939
4977 0.003764457
4978 0.04801982
4979 0.01050221
4980 0.03585084
4981 0.06291741
4982 0.7702215
4983 0.995338
4984 0.05019295
4985 0.5337873
4986 0.7375095
4987 0.02524692
4988 0.4680078
4989 0.001892523
4990 0.2111313
4991 0.04617017
4992 0.09578703
4993 0.5888786
4994 0.09518215
4995 0.8338144
4996 0.1095133
4997 0.8744006
4998 0.1834891
4999 0.116373
5000 0.002623521
