1 0.4296991
2 0.4654622
3 0.1769684
4 0.7762597
5 0.3330402
6 0.1218436
7 0.1134504
8 0.04972458
9 0.4359125
10 0.9215965
11 0.1794413
12 0.3594973
13 0.1153812
14 0.6558988
15 0.5026703
16 0.6938889
17 0.4884993
18 0.8069553
19 0.4430657
20 0.7306676
21 0.3887962
22 0.07897963
23 0.3595173
24 0.0050307
25 0.709772
26 0.848808
27 0.2622918
28 0.7933485
29 0.5714276
30 0.9809863
31 0.01138183
32 0.0688564
33 0.7847474
34 0.5015712
35 0.4543249
36 0.8344134
37 0.2654418
38 0.5584985
39 0.07267135
40 0.7831102
41 0.5119768
42 0.7074629
43 0.06435133
44 0.6625432
45 0.770498
46 0.7656401
47 0.4765678
48 0.2147552
49 0.2940128
50 0.9471433
51 0.9789778
52 0.8182587
53 0.3774063
54 0.7432162
55 0.1777155
56 0.6956467
57 0.3839011
58 0.5379256
59 0.09567319
60 0.09418081
61 0.3880999
62 0.1530327
63 0.6257106
64 0.3746575
65 0.0622642
66 0.1737176
67 0.6226998
68 0.1421519
69 0.1434058
70 0.2834003
71 0.2495296
72 0.3886426
73 0.3402236
74 0.01415378
75 0.05668007
76 0.6300642
77 0.2307271
78 0.5048262
79 0.2340336
80 0.9359275
81 0.3665288
82 0.5459716
83 0.3390513
84 0.5831282
85 0.8748185
86 0.06186055
87 0.2179814
88 0.3748258
89 0.9842606
90 0.680538
91 0.2778545
92 0.04651577
93 0.8094059
94 0.09175637
95 0.2998723
96 0.6317566
97 0.1154374
98 0.6209733
99 0.4979647
100 0.6212167
101 0.208361
102 0.2905534
103 0.9149642
104 0.6288735
105 0.9244973
106 0.6020486
107 0.1238121
108 0.810622
109 0.4828044
110 0.3301748
111 0.2313646
112 0.5655923
113 0.1082821
114 0.9593331
115 0.5772234
116 0.2293839
117 0.2743489
118 0.9752702
119 0.1541919
120 0.7194749
121 0.11412
122 0.03006508
123 0.2213394
124 0.5414736
125 0.4521367
126 0.2320929
127 0.2973649
128 0.2186196
129 0.1676211
130 0.2680699
131 0.3901738
132 0.3309352
133 0.9265301
134 0.8456668
135 0.3622392
136 0.4237784
137 0.6954024
138 0.4012813
139 0.02785666
140 0.1468564
141 0.08042475
142 0.4774773
143 0.07996624
144 0.05637164
145 0.1450955
146 0.3569096
147 0.1633591
148 0.1660822
149 0.9442199
150 0.2804334
151 0.2313229
152 0.5329743
153 0.5825975
154 0.2322755
155 0.0382809
156 7.743614e-05
157 0.3908981
158 0.1192841
159 0.002103363
160 0.7434869
161 0.1967347
162 0.1816675
163 0.1097004
164 0.9800209
165 0.712259
166 0.7741726
167 0.3407628
168 0.02291681
169 0.0564728
170 0.6828756
171 0.8000746
172 0.2107572
173 0.8998855
174 0.6095438
175 0.1298354
176 0.08920591
177 0.1587249
178 0.2353578
179 0.7081614
180 0.9354297
181 0.6523641
182 0.786363
183 0.07855524
184 0.08058588
185 0.04626334
186 0.9075571
187 0.2360992
188 0.2013591
189 0.5230152
190 0.7857474
191 0.05074992
192 0.006340812
193 0.8599343
194 0.9643194
195 0.7574622
196 0.8627437
197 0.8041522
198 0.03110068
199 0.7307685
200 0.6152507
201 0.4934901
202 0.005303702
203 0.1398625
204 0.9934752
205 0.03208076
206 0.9524281
207 0.6808902
208 0.5430211
209 0.7775212
210 0.4989319
211 0.3712156
212 0.7946234
213 0.07900598
214 0.215011
215 0.2047568
216 0.8494716
217 0.9532297
218 0.06153324
219 0.6870924
220 0.2427263
221 0.8313302
222 0.02302514
223 0.3024901
224 0.1308437
225 0.6431286
226 0.7628933
227 0.8180582
228 0.1292472
229 0.2153837
230 0.5773653
231 0.7778903
232 0.9632364
233 0.1887516
234 0.6229089
235 0.984577
236 0.3379381
237 0.7165746
238 0.06552957
239 0.3181031
240 0.2104642
241 0.4047489
242 0.5135589
243 0.363797
244 0.1032999
245 0.7974109
246 0.2087004
247 0.3111373
248 0.3830687
249 0.008062945
250 0.6138515
251 0.3446424
252 0.1040889
253 0.3143382
254 0.3273771
255 0.3558562
256 0.06843244
257 0.2245213
258 0.08555302
259 0.08282695
260 0.7357833
261 0.7047535
262 0.4607264
263 0.8971646
264 0.5119017
265 0.8195076
266 0.9313078
267 0.7217991
268 0.6458774
269 0.08045516
270 0.5868333
271 0.3431413
272 0.452738
273 0.925467
274 0.6262109
275 0.6347656
276 0.8281793
277 0.7585601
278 0.3641625
279 0.0003200582
280 0.4432734
281 0.6601231
282 0.6528967
283 0.08283736
284 0.1614734
285 0.4579011
286 0.9509104
287 0.04734947
288 0.1829216
289 0.6756295
290 0.08085759
291 0.3285838
292 0.7463998
293 0.3391894
294 0.9228817
295 0.7563198
296 0.02252124
297 0.4831013
298 0.02910434
299 0.371359
300 0.6869181
301 0.6293166
302 0.06349003
303 0.01848013
304 0.1018213
305 0.6206097
306 0.4383262
307 0.556055
308 0.9018651
309 0.213691
310 0.5193481
311 0.1360769
312 0.3177615
313 0.1977882
314 0.1171081
315 0.8465521
316 0.63792
317 0.1628548
318 0.6478049
319 0.2652872
320 0.2273519
321 0.2481165
322 0.3511742
323 0.2234075
324 0.5207005
325 0.07344912
326 0.999619
327 0.9513098
328 0.9235001
329 0.1077501
330 0.1197165
331 0.5738811
332 0.988492
333 0.4620566
334 0.7126222
335 0.70258
336 0.7049716
337 0.4176474
338 0.6107666
339 0.01558167
340 0.4120415
341 0.4380342
342 0.3040371
343 0.5182188
344 0.2482907
345 0.7253389
346 0.544771
347 0.1697647
348 0.9013905
349 0.09628881
350 0.4252357
351 0.3921678
352 0.03834645
353 0.001904395
354 0.6766881
355 0.5195422
356 0.08827189
357 0.1097192
358 0.1154457
359 0.6394185
360 0.9832075
361 0.753593
362 0.03706783
363 0.2094038
364 0.8501804
365 0.6825749
366 0.6000826
367 0.1752238
368 0.9282106
369 0.7560158
370 0.1088826
371 0.7790389
372 0.1195707
373 0.6390999
374 0.7725123
375 0.3062052
376 0.1324473
377 0.4636645
378 0.05900156
379 0.6979749
380 0.5953905
381 0.6508482
382 0.1481891
383 0.3055318
384 0.1555028
385 0.6270715
386 0.4425725
387 0.06545218
388 0.6274459
389 0.3733235
390 0.02248157
391 0.3176434
392 0.8143847
393 0.1441818
394 0.002839402
395 0.1565125
396 0.9329591
397 0.1317416
398 0.1685191
399 0.2294064
400 0.7722056
401 0.3387598
402 0.5490359
403 0.07052182
404 0.03716136
405 0.2993668
406 0.1743078
407 0.8145035
408 0.04517649
409 0.2986333
410 0.8824073
411 0.4967594
412 0.1402143
413 0.1939856
414 0.8487606
415 0.04718724
416 0.06083298
417 0.09318752
418 0.366026
419 0.607722
420 0.775896
421 0.9178086
422 0.1468043
423 0.3081514
424 0.4687909
425 0.4551757
426 0.7741643
427 0.184131
428 0.3200155
429 0.04123586
430 0.4559994
431 0.01837265
432 0.901173
433 0.1834851
434 0.4323703
435 0.4420824
436 0.3627373
437 0.08211715
438 0.03444806
439 0.144546
440 0.2956188
441 0.7121896
442 0.1357426
443 0.4731134
444 0.05676896
445 0.4908443
446 0.0009249728
447 0.9453592
448 0.716038
449 0.8323314
450 0.9031895
451 0.03090532
452 0.7775583
453 0.5007267
454 0.9685001
455 0.5783751
456 0.8689491
457 0.3339199
458 0.1181046
459 0.08026061
460 0.6015338
461 0.9472049
462 0.18158
463 0.06208807
464 0.2647895
465 0.1824834
466 0.4884929
467 0.001366954
468 0.01280269
469 0.7322027
470 0.003654576
471 0.371614
472 0.5853317
473 0.4030787
474 0.6642629
475 0.9263203
476 0.7280668
477 0.800649
478 0.6104252
479 0.09090653
480 0.6492862
481 0.1581989
482 0.01332795
483 0.2258964
484 0.1437374
485 0.09814993
486 0.04817738
487 0.1630911
488 0.6475922
489 0.6263872
490 0.7520305
491 0.1678081
492 0.06565808
493 0.3378824
494 0.8341924
495 0.05429306
496 0.7148143
497 0.3865371
498 0.0881554
499 0.1390893
500 0.2479177
501 0.6578705
502 0.7329523
503 0.4882415
504 0.4893383
505 0.05083934
506 0.7872699
507 0.4515094
508 0.1514794
509 0.02804857
510 0.2374865
511 0.009193462
512 0.7896336
513 0.4432125
514 0.01568292
515 0.1924354
516 0.8910086
517 0.6753242
518 0.973614
519 0.009726186
520 0.01554167
521 0.01778071
522 0.01903944
523 0.6209722
524 0.008692189
525 0.02088644
526 0.1685416
527 0.006823842
528 0.1749011
529 0.1459904
530 0.4012507
531 0.345748
532 0.3720741
533 0.4384854
534 0.04749373
535 0.9792823
536 0.06300372
537 0.9710102
538 0.04020943
539 0.02372542
540 0.9125776
541 0.03511013
542 0.05546066
543 0.6253663
544 0.1501138
545 0.7741016
546 0.0336712
547 0.7292067
548 0.8457346
549 0.8439635
550 0.1269566
551 0.1672868
552 0.03291187
553 0.004914486
554 0.07192321
555 0.04653444
556 0.1615567
557 0.1032461
558 0.8773979
559 0.1988011
560 0.8259786
561 0.32198
562 0.7035586
563 0.001608711
564 0.281163
565 0.02831042
566 0.7018679
567 0.2343587
568 0.2486908
569 0.01379889
570 0.2684635
571 0.64463
572 0.001109919
573 0.2392186
574 0.05858677
575 0.1960611
576 0.8928375
577 0.6373461
578 0.1191005
579 0.5428102
580 0.7485425
581 0.02270159
582 0.7725494
583 0.7943234
584 0.241403
585 0.2464064
586 0.8575063
587 0.7707774
588 0.6488009
589 0.8552288
590 0.534776
591 0.0390853
592 0.7548775
593 0.04875192
594 0.7038745
595 0.1435833
596 0.5270414
597 0.9315215
598 0.4049876
599 0.7727592
600 0.713424
601 0.1135194
602 0.5449032
603 0.1762736
604 0.9378376
605 0.431669
606 0.003300435
607 0.276169
608 0.6878301
609 0.3746006
610 0.9385758
611 0.9635565
612 0.06342155
613 0.02470462
614 0.6709312
615 0.2490707
616 0.5403249
617 0.009256493
618 0.0267656
619 0.6267684
620 0.9414321
621 0.5080068
622 0.9540952
623 0.1624382
624 0.3933277
625 0.3656171
626 0.06682608
627 0.08796082
628 0.4098765
629 0.1426004
630 0.04727559
631 0.823221
632 0.4780329
633 0.6220094
634 0.4709241
635 0.3517128
636 0.1305645
637 0.9368524
638 0.8099024
639 0.2417776
640 0.5849153
641 0.423769
642 0.924473
643 0.3734638
644 0.4506601
645 0.2175269
646 0.9657665
647 0.004340242
648 0.1562006
649 0.2641553
650 0.6325233
651 0.4730523
652 0.8147158
653 0.9277358
654 0.2043342
655 0.01999022
656 0.1415577
657 0.6087388
658 0.5767368
659 0.7350973
660 0.0918181
661 0.7406945
662 0.3398628
663 0.7968141
664 0.9852267
665 0.7165925
666 0.4576201
667 0.2909591
668 0.8063393
669 0.7109008
670 0.925142
671 0.01631915
672 0.2292742
673 0.9615299
674 0.1051156
675 0.1664517
676 0.05327361
677 0.9428933
678 0.4850515
679 0.3676657
680 0.3951586
681 0.3628279
682 0.5406565
683 0.863651
684 0.6990394
685 0.05463262
686 0.2343898
687 0.04852677
688 0.5870897
689 0.2889246
690 0.9524132
691 0.5835891
692 0.003248488
693 0.860339
694 0.8419055
695 0.2251052
696 0.03109348
697 0.5168458
698 0.6561794
699 0.05646451
700 0.4225152
701 0.116296
702 0.6436537
703 0.1914351
704 0.6305132
705 0.4704928
706 0.6072749
707 0.7152364
708 0.07883629
709 0.0450041
710 0.1971396
711 0.02343396
712 0.04576149
713 0.6407646
714 0.03599666
715 0.2897402
716 0.5220424
717 0.4851871
718 0.2017982
719 0.4612337
720 0.732958
721 0.5318701
722 0.2344207
723 0.61846
724 0.7713512
725 0.07307343
726 0.6179918
727 0.1325084
728 0.9916261
729 0.7870163
730 0.9289658
731 0.6995056
732 0.9934695
733 0.7728084
734 0.9177348
735 0.906821
736 0.3512659
737 0.2840638
738 0.0445856
739 0.2168029
740 0.1652824
741 0.1723761
742 0.01455671
743 0.6437107
744 0.6669142
745 0.8710545
746 0.9425913
747 0.3278194
748 0.6940195
749 0.1819293
750 0.8380583
751 0.1482759
752 0.3680354
753 0.7836017
754 0.917069
755 0.8837534
756 0.5194247
757 0.0784578
758 0.02175654
759 0.6996269
760 0.9884857
761 0.7860432
762 0.3467631
763 0.5814267
764 0.6073732
765 0.0027341
766 0.1625295
767 0.4158718
768 0.7360582
769 0.4636714
770 0.833531
771 0.5968154
772 0.1022677
773 0.796773
774 0.04795898
775 0.1457367
776 0.7000862
777 0.8182673
778 0.4858332
779 0.8290477
780 0.7470906
781 0.2216513
782 0.9688559
783 0.1079694
784 0.02925462
785 0.6195758
786 0.2596221
787 0.980366
788 0.1690007
789 0.50417
790 0.2779319
791 0.9200344
792 0.7414486
793 0.2325812
794 0.03330436
795 0.4428276
796 0.007721629
797 0.9340162
798 0.3012903
799 0.4259089
800 0.3344323
801 0.7258066
802 0.07956721
803 0.6259275
804 0.3749775
805 0.6493526
806 0.6280782
807 0.2970272
808 0.4644237
809 0.9119004
810 0.8225612
811 0.1948402
812 0.7806433
813 0.7426251
814 0.2388686
815 0.08349548
816 0.9353519
817 0.04576805
818 0.0261217
819 0.5564361
820 0.6752903
821 0.8917942
822 0.1349279
823 0.7198154
824 0.8054362
825 0.01559138
826 0.4258928
827 0.7883349
828 0.1172818
829 0.8324061
830 0.0481877
831 0.1153642
832 0.4200594
833 0.6600352
834 0.9287433
835 0.6761651
836 0.7727349
837 0.5059672
838 0.500111
839 0.2435879
840 0.05742809
841 0.001935526
842 0.6033274
843 0.9884419
844 0.7860051
845 0.7109095
846 0.07716734
847 0.197449
848 0.04373952
849 0.5361197
850 0.5789905
851 0.2944715
852 0.9408722
853 0.01552493
854 0.7299968
855 0.392173
856 0.2120182
857 0.1748119
858 0.7725796
859 0.1182363
860 0.07627898
861 0.92086
862 0.3922884
863 0.7057756
864 0.09468163
865 0.1903049
866 0.7996996
867 0.2289953
868 0.8349523
869 0.5598631
870 0.6655771
871 0.3731861
872 0.5573993
873 0.8939887
874 0.6183269
875 0.0008772322
876 0.5233526
877 0.292382
878 0.1390182
879 0.6651712
880 0.09441191
881 0.08354832
882 0.5055852
883 0.9243551
884 0.07873672
885 0.6183418
886 0.9371805
887 0.09544397
888 0.8438118
889 0.3628889
890 0.3121981
891 0.8031134
892 0.8403485
893 0.9576802
894 0.7212898
895 0.1647435
896 0.4142395
897 0.822258
898 0.5227163
899 0.6827214
900 0.1249619
901 0.4181869
902 0.06363083
903 0.9515901
904 0.9249418
905 0.2520856
906 0.0127211
907 0.2978191
908 0.3280825
909 0.465575
910 0.7229545
911 0.4664912
912 0.6333213
913 0.2761303
914 0.02442033
915 0.7939361
916 0.2774694
917 0.2056355
918 0.7358473
919 0.2790658
920 0.7199454
921 0.1839356
922 0.5183665
923 0.982566
924 0.4507347
925 0.9977041
926 0.2511406
927 0.4827074
928 0.6513282
929 0.7667208
930 0.1767994
931 0.8507888
932 0.4579126
933 0.7328713
934 0.6706783
935 0.01573968
936 0.475362
937 0.6170929
938 0.832989
939 0.6815758
940 0.4556385
941 0.03350954
942 0.02911065
943 0.1934644
944 0.5883585
945 0.292815
946 0.3974249
947 0.3682305
948 0.3179899
949 0.8178681
950 0.8288784
951 0.7720003
952 0.1728014
953 0.7803284
954 0.7878885
955 0.8811039
956 0.8898937
957 0.9576801
958 0.1143965
959 0.2631175
960 0.3834619
961 0.09635725
962 0.1332027
963 0.2644539
964 0.3267575
965 0.05654164
966 0.4378449
967 0.4625227
968 0.1099948
969 0.6706089
970 0.07310203
971 0.02104181
972 0.09228638
973 0.7839606
974 0.4212378
975 0.472513
976 0.6912584
977 0.5940876
978 0.6696234
979 0.97484
980 0.2639626
981 0.598901
982 0.2729759
983 0.06996918
984 0.2578826
985 0.1738014
986 0.6423873
987 0.4511437
988 0.2374762
989 0.6991116
990 0.3922913
991 0.2157947
992 0.1007392
993 0.2746862
994 0.06625663
995 0.1525443
996 0.09873497
997 0.1481038
998 0.8230047
999 0.4896741
1000 0.9001851
1001 0.002890664
1002 0.3905365
1003 0.5588319
1004 0.429846
1005 0.6345378
1006 0.2325542
1007 0.7934434
1008 0.2941092
1009 0.6012708
1010 0.6077732
1011 0.3977902
1012 0.5385913
1013 0.3770821
1014 0.5715446
1015 0.5633741
1016 0.4750973
1017 0.5444012
1018 0.72316
1019 0.2462095
1020 0.5406906
1021 0.5022692
1022 0.7525693
1023 0.6650206
1024 0.8590595
1025 0.07222843
1026 0.279572
1027 0.3469811
1028 0.6651259
1029 0.2294284
1030 0.5082638
1031 0.334809
1032 0.01879229
1033 0.03913402
1034 0.2686258
1035 0.5514569
1036 0.4001767
1037 0.5132035
1038 0.01511595
1039 0.3719406
1040 0.5923421
1041 0.820401
1042 0.9527092
1043 0.8470376
1044 0.05773556
1045 0.3385931
1046 0.07234068
1047 0.2625894
1048 0.4739783
1049 0.1016245
1050 0.2751507
1051 0.3357196
1052 0.875578
1053 0.08190796
1054 0.2585297
1055 0.1761015
1056 0.5737781
1057 0.1048486
1058 0.02874139
1059 0.403059
1060 0.4074536
1061 0.7828371
1062 0.6894509
1063 0.7571534
1064 0.7814668
1065 0.5000295
1066 0.1660292
1067 0.01911551
1068 0.1829432
1069 0.4939701
1070 0.5410025
1071 0.712916
1072 0.04933516
1073 0.08170001
1074 0.6065731
1075 0.5363157
1076 0.760008
1077 0.9198883
1078 0.6366962
1079 0.4498073
1080 0.8614752
1081 0.01686556
1082 0.1923952
1083 0.1970015
1084 0.9818123
1085 0.1353674
1086 0.3867046
1087 0.9622457
1088 0.5181164
1089 0.598232
1090 0.9760329
1091 7.318741e-05
1092 0.002795125
1093 0.7748426
1094 0.4607397
1095 0.7536536
1096 0.3396967
1097 0.09253767
1098 0.6606573
1099 0.1080017
1100 0.05782223
1101 0.8651586
1102 0.00124294
1103 0.7866405
1104 0.4934611
1105 0.6092263
1106 0.4492919
1107 0.4544276
1108 0.2790827
1109 0.008431443
1110 0.423266
1111 0.99271
1112 0.9119292
1113 0.008828941
1114 0.1155102
1115 0.06892051
1116 0.03006519
1117 0.002379277
1118 0.4572359
1119 0.1796619
1120 0.476882
1121 0.5071354
1122 0.6944028
1123 0.5184398
1124 0.3912242
1125 0.598181
1126 0.8801889
1127 0.04285047
1128 0.008544158
1129 0.04876425
1130 0.002443707
1131 0.9314276
1132 0.0767335
1133 0.5623539
1134 0.1860222
1135 0.6961597
1136 0.855857
1137 0.7842668
1138 0.6825819
1139 0.009642059
1140 0.6737135
1141 0.8845836
1142 0.2547348
1143 0.1978434
1144 0.03043082
1145 0.1725209
1146 0.1997109
1147 0.4542662
1148 0.9568793
1149 0.8276802
1150 0.5897882
1151 0.02309763
1152 0.3295041
1153 0.6735528
1154 0.3033503
1155 0.1169021
1156 0.6020638
1157 0.5991385
1158 0.009857899
1159 0.3266263
1160 0.2348293
1161 0.1845988
1162 0.7552572
1163 0.7445959
1164 0.7895404
1165 0.0008821798
1166 0.6339006
1167 0.02356533
1168 0.5738748
1169 0.08589319
1170 0.4345078
1171 0.648781
1172 0.1037677
1173 0.327651
1174 0.3964939
1175 0.3668213
1176 0.2181184
1177 0.4321737
1178 0.5955958
1179 0.3110675
1180 0.6154196
1181 0.5531094
1182 0.09758428
1183 0.03627134
1184 0.0645228
1185 0.9041468
1186 0.7305925
1187 0.1782055
1188 0.9964171
1189 0.4627479
1190 0.3968112
1191 0.09980228
1192 0.9045198
1193 0.6573869
1194 0.3572696
1195 0.1762321
1196 0.4849464
1197 0.9435119
1198 0.3781085
1199 0.6753623
1200 0.0628406
1201 0.8160078
1202 0.06928322
1203 0.4994261
1204 0.9326196
1205 0.1541638
1206 0.2557588
1207 0.0008288975
1208 0.6509264
1209 0.3957859
1210 0.7247439
1211 0.7100516
1212 0.08293191
1213 0.05914891
1214 0.1639654
1215 0.1535274
1216 0.6739989
1217 4.195915e-05
1218 0.02945237
1219 0.4822881
1220 0.4754662
1221 0.7271572
1222 0.5766438
1223 0.2111718
1224 0.007673981
1225 0.4275995
1226 0.2388221
1227 0.9489035
1228 0.4835439
1229 0.7508653
1230 0.1304281
1231 0.262887
1232 0.5559837
1233 0.06541078
1234 0.6907586
1235 0.8427204
1236 0.8497394
1237 0.5622921
1238 0.5846844
1239 0.9127346
1240 0.6862545
1241 0.2436343
1242 0.7029919
1243 0.9106709
1244 0.1904389
1245 0.4048698
1246 0.9784134
1247 0.07262617
1248 0.04989093
1249 0.8554296
1250 0.188512
1251 0.2274648
1252 0.6377711
1253 0.6586366
1254 0.03415568
1255 0.2380528
1256 0.5915343
1257 0.6594448
1258 0.9959651
1259 0.2230976
1260 0.1844285
1261 0.469276
1262 0.07103921
1263 0.6081313
1264 0.6452371
1265 0.7886246
1266 0.2224667
1267 0.8594483
1268 0.5836107
1269 0.1185384
1270 0.5148853
1271 0.1221656
1272 0.4359501
1273 0.4104309
1274 0.1265594
1275 0.00107588
1276 0.03502774
1277 0.2896497
1278 0.2585182
1279 0.7070212
1280 0.007747882
1281 0.08282046
1282 0.9276192
1283 0.1918356
1284 0.6126179
1285 0.1019616
1286 0.4834162
1287 0.1817315
1288 0.6904184
1289 0.7429268
1290 0.07919767
1291 0.5101826
1292 0.7912009
1293 0.5754193
1294 0.7636212
1295 0.2046376
1296 0.3443669
1297 0.2101418
1298 0.02165487
1299 0.1805866
1300 0.280227
1301 0.7942909
1302 0.1066202
1303 0.1134425
1304 0.3984818
1305 0.6964055
1306 0.06612145
1307 0.9595377
1308 0.0332592
1309 0.4322137
1310 0.08733443
1311 0.8938808
1312 0.1713838
1313 0.8918946
1314 0.7738814
1315 0.8913045
1316 0.2782055
1317 0.978221
1318 0.7587074
1319 0.4737461
1320 0.6996179
1321 0.6495599
1322 0.3073326
1323 0.9226012
1324 0.7821156
1325 0.04440134
1326 0.579443
1327 0.4631689
1328 0.4532339
1329 0.747753
1330 0.8016165
1331 0.8046917
1332 0.1371359
1333 0.3938738
1334 0.5313673
1335 0.9410875
1336 0.7015558
1337 0.8088645
1338 0.7732573
1339 0.1342771
1340 0.5165611
1341 0.3330177
1342 0.05771221
1343 0.1935731
1344 0.8520111
1345 0.02255768
1346 0.1037785
1347 0.7955752
1348 0.05777406
1349 0.9583318
1350 0.04147615
1351 0.9264398
1352 0.0871759
1353 0.2879865
1354 0.2872064
1355 0.5817916
1356 0.01689484
1357 0.1118944
1358 0.5969462
1359 0.1269616
1360 0.1823754
1361 0.6251707
1362 0.04355278
1363 0.8061865
1364 0.1686384
1365 0.03987233
1366 0.9376504
1367 0.5582064
1368 0.8424729
1369 0.216196
1370 0.6730322
1371 0.6979447
1372 0.4101076
1373 0.4088205
1374 0.512107
1375 0.3523978
1376 0.7740929
1377 0.4104631
1378 0.5780938
1379 0.2896113
1380 0.7883091
1381 0.850465
1382 0.8473884
1383 0.9923892
1384 0.1489717
1385 0.06498215
1386 0.01960875
1387 0.9964635
1388 0.4645538
1389 0.0668235
1390 0.619784
1391 0.400062
1392 0.188969
1393 0.7797408
1394 0.06244785
1395 0.4209894
1396 0.811215
1397 0.7103068
1398 0.1104992
1399 0.6556184
1400 0.6618588
1401 0.3507011
1402 0.3986457
1403 0.7695255
1404 0.3506651
1405 0.06692205
1406 0.1496891
1407 0.004139859
1408 0.0517256
1409 0.2843028
1410 0.5208643
1411 0.1901082
1412 0.4735804
1413 0.1554894
1414 0.9702677
1415 0.3756397
1416 0.398884
1417 0.09647014
1418 0.3333575
1419 0.7585712
1420 0.785533
1421 0.1538388
1422 0.5112394
1423 0.6755657
1424 0.609487
1425 0.7784164
1426 0.8068375
1427 0.6062692
1428 0.004282958
1429 0.5410261
1430 0.2106813
1431 0.002063679
1432 0.07090377
1433 0.3803774
1434 0.5821074
1435 0.4101962
1436 0.0614052
1437 0.004006855
1438 0.0164142
1439 0.7785714
1440 0.3827477
1441 0.8530619
1442 0.9662018
1443 0.7108308
1444 0.7962725
1445 0.9269189
1446 0.164447
1447 0.8783237
1448 0.7714208
1449 0.09633913
1450 0.1356312
1451 0.0841881
1452 0.1514583
1453 0.2410799
1454 0.07333086
1455 0.2133022
1456 0.8190882
1457 0.2637177
1458 0.03725142
1459 0.8957477
1460 0.01154804
1461 0.4225086
1462 0.3038837
1463 0.5681176
1464 0.08037107
1465 0.09064918
1466 0.9130922
1467 0.5521147
1468 0.2704619
1469 0.6403687
1470 0.03614075
1471 0.2141593
1472 0.1692749
1473 0.1713455
1474 0.002785117
1475 0.6411654
1476 0.5300283
1477 0.9696025
1478 0.2263036
1479 0.1027763
1480 0.7640495
1481 0.2428187
1482 0.1890485
1483 0.2217181
1484 0.01331476
1485 0.3952309
1486 0.3932592
1487 0.7953612
1488 0.677812
1489 0.07301496
1490 0.5885121
1491 0.3415333
1492 0.6123625
1493 0.3294245
1494 0.6849271
1495 0.7083212
1496 0.3736548
1497 0.3424275
1498 0.1007946
1499 0.1679146
1500 0.04485275
1501 0.5612181
1502 0.3750462
1503 0.06318727
1504 0.4902548
1505 0.7049842
1506 0.1482384
1507 0.998991
1508 0.02824321
1509 0.7413874
1510 0.023176
1511 0.0002364597
1512 0.147173
1513 0.8658871
1514 0.6396746
1515 0.5173192
1516 0.3460071
1517 0.03114012
1518 0.8923093
1519 0.1356424
1520 0.001138381
1521 0.04902873
1522 0.5669344
1523 0.01125098
1524 0.7727557
1525 0.8780153
1526 0.06812949
1527 0.09254068
1528 0.3033191
1529 0.04357725
1530 0.1307675
1531 0.6560977
1532 0.1928739
1533 0.1884964
1534 0.3197126
1535 0.2702599
1536 0.02404657
1537 0.7562223
1538 0.288335
1539 0.4557092
1540 0.03181588
1541 0.6415489
1542 0.9384165
1543 0.4475581
1544 0.6200741
1545 0.8421003
1546 0.4348706
1547 0.06284941
1548 0.7246466
1549 0.819945
1550 0.2219657
1551 0.7466166
1552 0.1974174
1553 0.181862
1554 0.5015143
1555 0.6496068
1556 0.7308668
1557 0.03597613
1558 0.7233896
1559 0.9411156
1560 0.6072691
1561 0.3150448
1562 0.5221865
1563 0.3934212
1564 0.245963
1565 0.5113811
1566 0.08654881
1567 0.5695026
1568 0.1471934
1569 0.679311
1570 0.142742
1571 0.4171378
1572 0.002016551
1573 0.3626299
1574 0.7139106
1575 0.1143655
1576 0.8472881
1577 0.04193968
1578 0.3938104
1579 0.8688237
1580 0.27005
1581 0.5461218
1582 0.4912564
1583 0.534249
1584 0.005472317
1585 0.6616515
1586 0.117685
1587 0.02779765
1588 0.06857291
1589 0.06980456
1590 0.04158832
1591 0.9500942
1592 0.8869985
1593 0.2980499
1594 0.4678033
1595 0.08801009
1596 0.3741742
1597 0.07591453
1598 0.9065946
1599 0.3424277
1600 0.7613268
1601 0.3489676
1602 0.5444831
1603 0.451884
1604 0.9061099
1605 0.7051742
1606 0.117575
1607 0.05002458
1608 0.1020715
1609 0.5913717
1610 0.1876622
1611 0.9840124
1612 0.2865449
1613 0.1957739
1614 0.2682361
1615 0.6843647
1616 0.03195424
1617 0.5089017
1618 0.9685254
1619 0.5248084
1620 0.5826903
1621 0.3107136
1622 0.1974658
1623 0.2580283
1624 0.620454
1625 0.142747
1626 0.8531862
1627 0.4755707
1628 0.8641664
1629 0.4026885
1630 0.4500445
1631 0.3238136
1632 0.9379429
1633 0.5272916
1634 0.6999624
1635 0.3542389
1636 0.3377172
1637 0.7830266
1638 0.2807301
1639 0.1221677
1640 0.2365112
1641 0.9694023
1642 0.6665443
1643 0.165668
1644 0.139963
1645 0.2307404
1646 0.98846
1647 0.4384014
1648 0.5172465
1649 0.719608
1650 0.06275128
1651 0.1196203
1652 0.1909899
1653 0.4480076
1654 0.1443599
1655 0.9579016
1656 0.021066
1657 0.324248
1658 0.1355339
1659 0.03652615
1660 0.006376616
1661 0.008713444
1662 0.1367408
1663 0.8593537
1664 0.7265734
1665 0.2953761
1666 0.2590633
1667 0.4577765
1668 0.2676267
1669 0.02805385
1670 0.8209434
1671 0.8118796
1672 0.934198
1673 0.4791633
1674 0.01132612
1675 0.5596514
1676 0.1907511
1677 0.4710135
1678 0.0680703
1679 0.4007368
1680 0.3442839
1681 0.01523564
1682 0.02508196
1683 0.484021
1684 0.2541226
1685 0.3922951
1686 0.02232176
1687 0.0771131
1688 0.3269521
1689 0.5917488
1690 0.1901625
1691 0.1051498
1692 0.213265
1693 0.2997467
1694 0.2000271
1695 0.5352519
1696 0.4235503
1697 0.05238558
1698 0.8004275
1699 0.2230449
1700 0.6980033
1701 0.02088016
1702 0.7946364
1703 0.1902406
1704 0.2877044
1705 0.9378792
1706 0.160563
1707 0.01778644
1708 0.03014693
1709 0.767728
1710 0.2842827
1711 0.7694116
1712 0.3995139
1713 0.1275362
1714 0.009540158
1715 0.299259
1716 0.8126943
1717 0.006370088
1718 0.3791814
1719 0.6370296
1720 0.9014181
1721 0.8133725
1722 0.04820609
1723 0.9923849
1724 0.7816114
1725 0.1319745
1726 0.5761409
1727 0.04904425
1728 0.1058535
1729 0.8242415
1730 0.1567775
1731 0.8969596
1732 0.2185993
1733 0.05922662
1734 0.5843459
1735 0.07584143
1736 0.2024553
1737 0.006093094
1738 0.3857513
1739 0.7887245
1740 0.2514157
1741 0.6053297
1742 0.47488
1743 0.1017824
1744 0.5796727
1745 0.1289191
1746 0.9684243
1747 0.352347
1748 0.9652749
1749 0.6368309
1750 0.610024
1751 0.5324005
1752 0.4805532
1753 0.1439861
1754 0.02111288
1755 0.3893361
1756 0.6841864
1757 0.02084556
1758 0.7337364
1759 0.7264974
1760 0.7540357
1761 0.1521302
1762 0.8900259
1763 0.2059635
1764 0.9499386
1765 0.07584076
1766 0.8589008
1767 0.1568565
1768 0.9917866
1769 0.6300982
1770 0.8072016
1771 0.03588911
1772 0.1057802
1773 0.8428471
1774 0.8825773
1775 0.2442174
1776 0.2308749
1777 0.02486205
1778 0.6349177
1779 0.03947623
1780 0.3501404
1781 0.5512051
1782 0.8743025
1783 0.1883449
1784 0.1778266
1785 0.7228435
1786 0.05455994
1787 0.06353005
1788 0.1536739
1789 0.2349092
1790 0.2203012
1791 0.2403765
1792 0.0545487
1793 0.003059404
1794 0.2037809
1795 0.03927162
1796 0.1886941
1797 0.6200736
1798 0.7367491
1799 0.9240542
1800 0.007247886
1801 0.377095
1802 0.3996091
1803 0.06695011
1804 0.07776387
1805 0.4588551
1806 0.1456049
1807 0.03272964
1808 0.5158299
1809 0.8387558
1810 0.4050578
1811 0.101541
1812 0.4091656
1813 0.374336
1814 0.2303611
1815 0.03894268
1816 0.5140102
1817 0.08680372
1818 0.7714121
1819 0.1564868
1820 0.7919153
1821 0.920451
1822 0.08984581
1823 0.06509599
1824 0.1174142
1825 0.7878366
1826 0.6514257
1827 0.7160408
1828 0.1543286
1829 0.1382819
1830 0.1799247
1831 0.0005814996
1832 0.1333568
1833 0.7544414
1834 0.9585022
1835 0.02298341
1836 0.7962466
1837 0.1590453
1838 0.3554501
1839 0.9555839
1840 0.07221252
1841 0.4592144
1842 0.2878301
1843 0.7649574
1844 0.242875
1845 0.1986273
1846 0.213319
1847 0.6909479
1848 0.6775259
1849 0.9247711
1850 0.40659
1851 0.5212608
1852 0.6414089
1853 0.9238734
1854 0.6137648
1855 0.9562359
1856 0.7006163
1857 0.4222274
1858 0.09686528
1859 0.7076653
1860 0.428844
1861 0.8241643
1862 0.2638095
1863 0.1949659
1864 0.1948645
1865 0.3973376
1866 0.01425569
1867 0.2331533
1868 0.819255
1869 0.8161533
1870 0.9847147
1871 0.9395463
1872 0.654616
1873 0.9140535
1874 0.02178136
1875 0.1963444
1876 0.6013184
1877 0.4309536
1878 0.02824102
1879 0.05322269
1880 0.2311462
1881 0.2522031
1882 0.2704419
1883 0.9072511
1884 0.9815282
1885 0.2851269
1886 0.5066759
1887 0.8697571
1888 0.5509535
1889 0.3337765
1890 0.3113192
1891 0.3751328
1892 0.05125123
1893 0.8305079
1894 0.6700373
1895 0.2737874
1896 0.04607166
1897 0.6835715
1898 0.08286191
1899 0.9517638
1900 0.1233704
1901 0.005352261
1902 0.01638301
1903 0.3858666
1904 0.3379018
1905 0.9256311
1906 0.9253705
1907 0.4470456
1908 0.43053
1909 0.004306974
1910 0.9764526
1911 0.5535013
1912 0.6034245
1913 0.1827292
1914 0.1479918
1915 0.820479
1916 0.4828621
1917 0.1463521
1918 0.2639384
1919 0.4639594
1920 0.6495547
1921 0.5797056
1922 0.2978316
1923 0.06801134
1924 0.7302591
1925 0.7307127
1926 0.1321207
1927 0.1855928
1928 0.1082674
1929 0.6478605
1930 0.6401896
1931 0.3057419
1932 0.03881754
1933 0.6373084
1934 0.2432763
1935 0.2441432
1936 0.6263011
1937 0.01908765
1938 0.371797
1939 0.2426923
1940 0.0028183
1941 0.9120169
1942 0.2278868
1943 0.2285232
1944 0.6482901
1945 0.6285714
1946 0.430033
1947 0.0940399
1948 0.2135184
1949 0.801064
1950 0.2623826
1951 0.0006595561
1952 0.3637528
1953 0.4689258
1954 0.6266778
1955 0.08630669
1956 0.9658986
1957 0.3623931
1958 0.8221807
1959 0.383047
1960 0.354612
1961 0.6488337
1962 0.3346631
1963 0.3386162
1964 0.2711529
1965 0.03501531
1966 0.0380638
1967 0.01908323
1968 0.2522438
1969 0.1609241
1970 0.1806529
1971 0.5803582
1972 0.245425
1973 0.9911609
1974 0.8958253
1975 0.1751482
1976 0.0341639
1977 0.3638226
1978 0.07753807
1979 0.07712573
1980 0.2660792
1981 0.3741956
1982 0.01066947
1983 0.3803478
1984 0.788023
1985 0.7947722
1986 0.1634443
1987 0.4708449
1988 0.2173256
1989 0.2287986
1990 0.9284709
1991 0.8626845
1992 0.2372319
1993 0.2132978
1994 0.9199956
1995 0.6301118
1996 0.0200226
1997 0.1524015
1998 0.6641389
1999 0.7369295
2000 0.2792446
2001 0.2154764
2002 0.596961
2003 0.63282
2004 0.9488572
2005 0.4661984
2006 0.2221964
2007 0.1644023
2008 0.63143
2009 0.3323437
2010 0.357488
2011 0.754821
2012 0.02205562
2013 0.07220591
2014 0.8988807
2015 0.8412193
2016 0.5860835
2017 0.5287492
2018 0.4656254
2019 0.3527392
2020 0.7868264
2021 0.5815124
2022 0.8290253
2023 0.2731638
2024 0.1461143
2025 0.7924765
2026 0.9096058
2027 0.15589
2028 0.3939065
2029 0.1859996
2030 0.9911018
2031 0.4370278
2032 0.2039147
2033 0.6832324
2034 0.07773677
2035 0.02990917
2036 0.2768039
2037 0.6861788
2038 0.9457912
2039 0.7664804
2040 0.4425406
2041 0.4963548
2042 0.03920277
2043 0.1102405
2044 0.2006124
2045 0.3317368
2046 0.02110396
2047 0.269973
2048 0.04156498
2049 0.2143277
2050 0.05877608
2051 0.2737717
2052 0.1578047
2053 0.5185845
2054 0.1910054
2055 0.2418586
2056 0.04564113
2057 0.3132336
2058 0.9598956
2059 0.01571953
2060 0.6245774
2061 0.1910202
2062 0.7454194
2063 0.5078702
2064 0.4399377
2065 0.03520224
2066 0.9144109
2067 0.5771489
2068 0.527228
2069 0.9751186
2070 0.1508621
2071 0.8972812
2072 0.0004031738
2073 0.9160478
2074 0.2331643
2075 0.4008424
2076 0.4672146
2077 0.6064679
2078 0.627849
2079 0.4686521
2080 0.7251337
2081 0.2021193
2082 0.07391361
2083 0.1040177
2084 0.4460486
2085 0.2208171
2086 0.6008966
2087 0.02504941
2088 0.09999001
2089 0.3091108
2090 0.5128372
2091 0.2756356
2092 0.01456527
2093 0.07148082
2094 0.1632096
2095 0.3213444
2096 0.8162037
2097 0.8623377
2098 0.4399706
2099 0.008254988
2100 0.2956566
2101 0.6490943
2102 0.8019252
2103 0.7038982
2104 0.4704487
2105 0.03186574
2106 0.5599023
2107 0.4439033
2108 0.08073584
2109 0.03016465
2110 0.1270367
2111 0.6979844
2112 0.3175862
2113 0.2663264
2114 0.5047596
2115 0.7604153
2116 0.1930074
2117 0.6096498
2118 0.9259107
2119 0.3833314
2120 0.08315532
2121 0.6197485
2122 0.3827357
2123 0.6172068
2124 0.5732468
2125 0.02296838
2126 0.3754019
2127 0.01457024
2128 0.7466993
2129 0.3373547
2130 0.5124173
2131 0.04115683
2132 0.02884537
2133 0.6862832
2134 0.7830948
2135 0.0662721
2136 0.04394468
2137 0.5874605
2138 0.8989484
2139 0.02389559
2140 0.9160413
2141 0.06066863
2142 0.8682189
2143 0.4355505
2144 0.5766481
2145 0.06454268
2146 0.0009023539
2147 0.6197014
2148 0.9224108
2149 0.4945661
2150 0.4642407
2151 0.4068238
2152 0.9315766
2153 0.8705792
2154 0.1702221
2155 0.5096828
2156 0.1750943
2157 0.1443117
2158 0.5493195
2159 0.9700479
2160 0.2978952
2161 0.2181286
2162 0.6920904
2163 0.248302
2164 0.1548998
2165 0.1998846
2166 0.3590161
2167 0.699967
2168 0.3097735
2169 0.7253005
2170 0.7829271
2171 0.7051501
2172 0.005711661
2173 0.3329079
2174 0.04484203
2175 0.7948775
2176 0.09614382
2177 0.4374079
2178 0.3086782
2179 0.3167798
2180 0.1388801
2181 0.7940907
2182 0.01231006
2183 0.6878392
2184 0.9400191
2185 0.9307529
2186 0.8262214
2187 0.2948011
2188 0.1287965
2189 0.749131
2190 0.03247922
2191 0.2191525
2192 0.1257758
2193 0.0136459
2194 0.283828
2195 0.8570771
2196 0.1761037
2197 0.4537849
2198 0.3717056
2199 0.5282665
2200 0.5978523
2201 0.9888982
2202 0.01727628
2203 0.04867458
2204 0.0007546631
2205 0.1773675
2206 0.04847597
2207 0.6753907
2208 0.7770314
2209 0.6017028
2210 0.6465525
2211 0.5559313
2212 0.6134949
2213 0.3748435
2214 0.7938182
2215 0.002794364
2216 0.1102995
2217 0.8301817
2218 0.9655336
2219 0.7848191
2220 0.04526826
2221 0.2871122
2222 0.7065568
2223 0.5338458
2224 0.6662197
2225 0.2963232
2226 0.1118661
2227 0.1690078
2228 0.3904177
2229 0.6582823
2230 0.02599444
2231 0.1962037
2232 0.4391559
2233 0.7345586
2234 0.05637498
2235 0.1433598
2236 0.001977079
2237 0.9693342
2238 0.04580046
2239 0.3943588
2240 0.06777834
2241 0.09180949
2242 0.6782018
2243 0.2231111
2244 0.9622728
2245 0.5543776
2246 0.1308012
2247 0.0649845
2248 0.328268
2249 0.2884727
2250 0.1094683
2251 0.03094541
2252 0.3445847
2253 0.2429068
2254 0.7444943
2255 0.8469311
2256 0.6112768
2257 0.2969984
2258 0.0007299479
2259 0.5677043
2260 0.1214503
2261 0.4921744
2262 0.6813308
2263 0.5228146
2264 0.2098744
2265 0.008776808
2266 0.3869087
2267 0.7370872
2268 0.04110496
2269 0.0284783
2270 0.4481674
2271 0.8874865
2272 0.2132843
2273 0.005185657
2274 0.6840272
2275 0.843972
2276 0.9722787
2277 0.7235301
2278 0.8312524
2279 0.6105773
2280 0.6536282
2281 0.411492
2282 0.7174267
2283 0.1143382
2284 0.3110619
2285 0.7466587
2286 0.1657667
2287 0.2081822
2288 0.1288687
2289 0.1833902
2290 0.06953045
2291 0.6546139
2292 0.8868102
2293 0.5735093
2294 0.4928291
2295 0.3558116
2296 0.6628885
2297 0.8415649
2298 0.5793227
2299 0.5089309
2300 0.06308731
2301 0.2935777
2302 0.4034813
2303 0.70981
2304 0.260635
2305 0.8978619
2306 0.8944912
2307 0.6251955
2308 0.6325716
2309 0.02512506
2310 0.7564683
2311 0.9887017
2312 0.9790128
2313 0.6348104
2314 0.09452763
2315 0.3909584
2316 0.3642104
2317 0.2776574
2318 0.1926734
2319 0.8460366
2320 0.009835931
2321 0.979482
2322 0.1098872
2323 0.7059802
2324 0.3115814
2325 0.05392432
2326 0.5271466
2327 0.1358338
2328 0.4122458
2329 0.03017963
2330 0.003512472
2331 0.7043493
2332 0.8520746
2333 0.9062965
2334 0.593573
2335 0.08695538
2336 0.3975188
2337 0.635498
2338 0.4159799
2339 0.4282978
2340 0.1723144
2341 0.2517796
2342 0.3555275
2343 0.2711782
2344 0.3780006
2345 0.1273712
2346 0.2992325
2347 0.9986114
2348 0.2188043
2349 0.902204
2350 0.005444777
2351 0.8442564
2352 0.7828831
2353 0.2049182
2354 0.3868358
2355 0.7463009
2356 0.06171126
2357 0.9298322
2358 0.07172071
2359 0.05018123
2360 0.7266645
2361 0.9675385
2362 0.1817956
2363 0.1167969
2364 0.9389524
2365 0.862432
2366 0.7325372
2367 0.2995142
2368 0.191201
2369 0.0004466452
2370 0.4740959
2371 0.3734244
2372 0.4646056
2373 0.2269615
2374 0.7402003
2375 0.7800887
2376 0.005394778
2377 0.539897
2378 0.200266
2379 0.2360305
2380 0.7737412
2381 0.4170267
2382 0.6616558
2383 0.2786148
2384 0.05109306
2385 0.3271875
2386 0.2190621
2387 0.4312898
2388 0.08750548
2389 0.720512
2390 0.5878759
2391 0.1003323
2392 0.02950508
2393 0.492845
2394 0.8104099
2395 0.0302006
2396 0.9558389
2397 0.0168576
2398 0.8267095
2399 0.2101665
2400 0.269136
2401 0.3239618
2402 0.5446527
2403 0.05244608
2404 0.5294628
2405 0.9432781
2406 0.6213377
2407 0.03087016
2408 0.4478831
2409 0.8143028
2410 0.1567467
2411 0.1908687
2412 0.4876109
2413 0.6292661
2414 0.4071483
2415 0.005173153
2416 0.3446471
2417 0.7335074
2418 0.9983255
2419 0.04271785
2420 0.1391212
2421 0.9119737
2422 0.242473
2423 0.6152944
2424 0.2620849
2425 0.6316815
2426 0.1008422
2427 0.1933874
2428 0.6711544
2429 0.7496096
2430 0.03036097
2431 0.3905064
2432 0.1700908
2433 0.7091091
2434 0.765235
2435 0.04863118
2436 0.8539216
2437 0.2631805
2438 0.2558528
2439 0.2509637
2440 0.692991
2441 0.001676135
2442 0.3714681
2443 0.7590061
2444 0.9982633
2445 0.02828568
2446 0.1622481
2447 0.05105417
2448 0.6983219
2449 0.02998601
2450 0.5036204
2451 0.2696017
2452 0.4982496
2453 0.1953483
2454 0.8854266
2455 0.3622697
2456 0.4106886
2457 0.496208
2458 0.8300684
2459 0.1233531
2460 0.4910224
2461 0.2438461
2462 0.4061575
2463 0.3167404
2464 0.6967561
2465 0.6808366
2466 0.9168461
2467 0.05445816
2468 0.4997246
2469 0.03521355
2470 0.3166515
2471 0.2253797
2472 0.9989468
2473 0.3857551
2474 0.3039124
2475 0.8271947
2476 0.68375
2477 0.2812252
2478 0.1122655
2479 0.6802093
2480 0.8584486
2481 0.8218778
2482 0.2602116
2483 0.4070034
2484 0.006348697
2485 0.1579938
2486 0.2144102
2487 0.8229321
2488 0.9290984
2489 0.646903
2490 0.5249738
2491 0.6625806
2492 0.8513898
2493 0.9738102
2494 0.6975138
2495 0.345728
2496 0.3577733
2497 0.07663035
2498 0.2834491
2499 0.1440149
2500 0.05486418
2501 0.4829873
2502 0.6069255
2503 0.3091693
2504 0.5344595
2505 0.1724876
2506 0.0637787
2507 0.8712727
2508 0.8372268
2509 0.5358665
2510 0.02035394
2511 0.8510122
2512 0.03039535
2513 0.8770834
2514 0.5961121
2515 0.2396085
2516 0.5470158
2517 0.1402793
2518 0.7945595
2519 0.9732948
2520 0.8763452
2521 0.3731774
2522 0.613878
2523 0.06478123
2524 0.005268381
2525 0.6577494
2526 0.02604054
2527 0.6063243
2528 0.001221758
2529 0.2712593
2530 0.3095772
2531 0.3182615
2532 0.03848205
2533 0.5437037
2534 0.02730306
2535 0.7884041
2536 0.8136847
2537 0.3444883
2538 0.4340069
2539 0.2298374
2540 0.05295225
2541 0.4977048
2542 0.9022451
2543 0.8998563
2544 0.2522364
2545 0.1807131
2546 0.3038943
2547 0.5220708
2548 0.8345565
2549 0.388924
2550 0.2639417
2551 0.8428801
2552 0.8901693
2553 0.4778947
2554 0.11078
2555 0.6452353
2556 0.8120142
2557 0.6482353
2558 0.6116396
2559 0.7218114
2560 0.9812233
2561 0.7951592
2562 0.1667215
2563 0.8570979
2564 0.395004
2565 0.1163448
2566 0.3469976
2567 0.3660235
2568 0.2613185
2569 0.1494497
2570 0.4170396
2571 0.6279026
2572 0.8717414
2573 0.2546328
2574 0.789065
2575 0.1511783
2576 0.7048298
2577 0.800483
2578 0.01519823
2579 0.5134637
2580 0.1087923
2581 0.7775622
2582 0.1740349
2583 0.6987658
2584 0.5091759
2585 0.9841276
2586 0.08785246
2587 0.4325501
2588 0.4218881
2589 0.618779
2590 0.7464177
2591 0.2973436
2592 0.1930501
2593 0.3026683
2594 0.1768049
2595 0.7091055
2596 0.1531443
2597 0.6523528
2598 0.03701027
2599 0.02905715
2600 0.6161496
2601 0.6128389
2602 0.7416343
2603 0.7330971
2604 0.7229835
2605 0.8487131
2606 0.4610646
2607 0.6203557
2608 0.3714442
2609 0.7540624
2610 0.3424096
2611 0.1853072
2612 0.6491821
2613 0.4792565
2614 0.7709964
2615 0.7099811
2616 0.6927546
2617 0.4631166
2618 0.7071264
2619 0.09725618
2620 0.5782591
2621 0.7250339
2622 0.2831406
2623 0.1824378
2624 0.8399859
2625 0.07694645
2626 0.002636494
2627 0.158363
2628 0.6949129
2629 0.09693495
2630 0.2566723
2631 0.5445171
2632 0.5985402
2633 0.9040207
2634 0.382478
2635 0.9039871
2636 0.09373039
2637 0.2851657
2638 0.5365992
2639 0.9473982
2640 0.4541766
2641 0.3982978
2642 0.9578179
2643 0.1997687
2644 0.9324587
2645 0.7432751
2646 0.2991827
2647 0.482181
2648 0.7535782
2649 0.778726
2650 0.322953
2651 0.6620247
2652 0.2136712
2653 0.4827298
2654 0.8462405
2655 0.6162881
2656 0.2785597
2657 0.3187658
2658 0.8714182
2659 0.01320279
2660 0.8361066
2661 0.05803818
2662 0.4636779
2663 0.1921729
2664 0.04915325
2665 0.1819137
2666 0.1329131
2667 0.5092756
2668 0.9568614
2669 0.60064
2670 0.799454
2671 0.2378872
2672 0.9768499
2673 0.1723797
2674 0.2793983
2675 0.007212865
2676 0.8138397
2677 0.5227059
2678 0.9606433
2679 0.5407638
2680 0.05952682
2681 0.8726215
2682 0.931761
2683 0.9663461
2684 0.2238407
2685 0.125611
2686 0.1047797
2687 0.6897135
2688 0.8107522
2689 0.224941
2690 0.4266681
2691 0.0551256
2692 0.5865513
2693 0.175636
2694 0.01784369
2695 0.7078131
2696 0.451683
2697 0.9310401
2698 0.4664482
2699 0.9362344
2700 0.4072055
2701 0.8696003
2702 0.8108745
2703 0.4254469
2704 0.401507
2705 0.6366721
2706 0.5589487
2707 0.4034496
2708 0.299688
2709 0.3828134
2710 0.3326051
2711 0.1043605
2712 0.2126176
2713 0.7806252
2714 0.125122
2715 0.122552
2716 0.906035
2717 0.2629375
2718 0.182062
2719 0.569495
2720 0.4527969
2721 0.1122849
2722 0.2065708
2723 0.2974903
2724 0.07143705
2725 0.7224218
2726 0.230742
2727 0.2179333
2728 0.5307402
2729 0.889851
2730 0.771381
2731 0.06112824
2732 0.4992081
2733 0.3031457
2734 0.1350455
2735 0.079602
2736 0.2799124
2737 0.6100168
2738 0.3331899
2739 0.899378
2740 0.3699461
2741 0.451767
2742 0.1593014
2743 0.1259135
2744 0.4399508
2745 0.1395393
2746 0.2520551
2747 0.06604084
2748 0.8110888
2749 0.2154446
2750 0.3810634
2751 0.05566695
2752 0.0753244
2753 0.4948683
2754 0.6958938
2755 0.6588319
2756 0.02791156
2757 0.06723665
2758 0.7019746
2759 0.3708242
2760 0.3432027
2761 0.02238955
2762 0.6598425
2763 0.9218019
2764 0.9868046
2765 0.1077483
2766 0.2456496
2767 0.2874319
2768 0.6220554
2769 0.3725317
2770 0.6678437
2771 0.01069743
2772 0.4502936
2773 0.3514626
2774 0.4401103
2775 0.7025157
2776 0.2013633
2777 0.121463
2778 0.6451496
2779 0.05334818
2780 0.406918
2781 0.8280773
2782 0.7554648
2783 0.7297173
2784 0.1173272
2785 0.94805
2786 0.008615802
2787 0.5446297
2788 0.4578759
2789 0.5722118
2790 0.03951891
2791 0.5673666
2792 0.2773742
2793 0.004331547
2794 0.1141562
2795 0.8663687
2796 0.6935845
2797 0.474764
2798 0.236021
2799 0.6132956
2800 0.2280175
2801 0.5398349
2802 0.1275824
2803 0.515244
2804 0.02530982
2805 0.1334274
2806 0.2218103
2807 0.02996439
2808 0.4709084
2809 0.02833644
2810 0.5273939
2811 0.2565624
2812 0.04286727
2813 0.07161417
2814 0.6271493
2815 0.3718308
2816 0.07584054
2817 0.4394308
2818 0.2583681
2819 0.2177962
2820 0.3901757
2821 0.4948508
2822 0.1673344
2823 0.1444266
2824 0.175178
2825 0.2621142
2826 0.6454929
2827 0.3182789
2828 0.03211787
2829 0.3122072
2830 0.06134869
2831 0.09496485
2832 0.1561413
2833 0.6084967
2834 0.1630903
2835 0.3869889
2836 0.32426
2837 0.06549799
2838 0.1102204
2839 0.07742143
2840 0.9225004
2841 0.01803542
2842 0.6954293
2843 0.7075086
2844 0.811396
2845 0.4694884
2846 0.9634785
2847 0.01015478
2848 0.004795018
2849 0.3568594
2850 0.6176126
2851 0.04625358
2852 0.9165372
2853 0.608259
2854 0.5379982
2855 0.113815
2856 0.01176068
2857 0.01170235
2858 0.3982458
2859 0.8898409
2860 0.01282276
2861 0.03236515
2862 0.417622
2863 0.06933483
2864 0.3743209
2865 0.02847832
2866 0.0005126262
2867 0.02490694
2868 0.04376733
2869 0.6332184
2870 0.03785084
2871 0.1335706
2872 0.4239044
2873 0.7639495
2874 0.4063905
2875 0.05119803
2876 0.4645348
2877 0.1708955
2878 0.240601
2879 0.5067018
2880 0.4555242
2881 0.4570098
2882 0.2461611
2883 0.9392953
2884 0.9255329
2885 0.3745129
2886 0.05291689
2887 0.25623
2888 0.9552214
2889 0.5735347
2890 0.5273246
2891 0.5367188
2892 0.1289772
2893 0.3737496
2894 0.2536046
2895 0.04764332
2896 0.7596861
2897 0.7290859
2898 0.01694073
2899 0.5131695
2900 0.9636981
2901 0.4509756
2902 0.2438109
2903 0.1618656
2904 0.569389
2905 0.1136776
2906 0.6923758
2907 0.1848469
2908 0.7217498
2909 0.3707533
2910 0.3087896
2911 0.3069189
2912 0.0235493
2913 0.9051403
2914 0.09125704
2915 0.6545588
2916 0.5819127
2917 0.02966151
2918 0.6248403
2919 0.5677827
2920 0.1471179
2921 0.7978648
2922 0.1362808
2923 0.3342643
2924 0.04785522
2925 0.482308
2926 0.8093553
2927 0.04051694
2928 0.5509441
2929 0.962244
2930 0.3846154
2931 0.7812702
2932 0.458741
2933 0.3176253
2934 0.0921894
2935 0.8637577
2936 0.6152644
2937 0.9686649
2938 0.1210639
2939 0.7271773
2940 0.9862257
2941 0.2681084
2942 0.4345315
2943 0.8147642
2944 0.822763
2945 0.9263614
2946 0.1628925
2947 0.8160375
2948 0.7516902
2949 0.6040173
2950 0.1494742
2951 0.3791702
2952 0.2358652
2953 0.04175304
2954 0.2043304
2955 0.01229541
2956 0.8503262
2957 0.5239888
2958 0.004614029
2959 0.8296362
2960 0.02672982
2961 0.5156589
2962 0.181217
2963 0.2832244
2964 0.8542886
2965 0.01840255
2966 0.120879
2967 0.2357674
2968 0.02842632
2969 0.03486356
2970 0.7441957
2971 0.6614128
2972 0.824762
2973 0.4749155
2974 0.7961007
2975 0.138336
2976 0.5508115
2977 0.3398597
2978 0.7717561
2979 0.9876995
2980 0.07109003
2981 0.4526441
2982 0.6798229
2983 0.795057
2984 0.4110676
2985 0.3927496
2986 0.03265094
2987 0.8585392
2988 0.6268932
2989 0.003055112
2990 0.505127
2991 0.3943954
2992 0.2251154
2993 0.2182398
2994 0.1099564
2995 0.1358958
2996 0.1784465
2997 0.6453157
2998 0.3957362
2999 0.2021067
3000 0.05114423
3001 0.01724904
3002 0.003242761
3003 0.05734841
3004 0.5565762
3005 0.4506737
3006 0.07478645
3007 0.5535743
3008 0.09550878
3009 0.1430677
3010 0.6463582
3011 0.9050819
3012 0.2071809
3013 0.8869994
3014 0.07718649
3015 0.8140394
3016 0.3716364
3017 0.09705584
3018 0.5108718
3019 0.6111127
3020 0.2711072
3021 0.2592745
3022 0.03319998
3023 0.868096
3024 0.1265278
3025 0.275699
3026 0.1917948
3027 0.3308611
3028 0.1369119
3029 0.8309228
3030 0.1317361
3031 0.06413944
3032 0.8773313
3033 0.9116482
3034 0.7131178
3035 0.01462022
3036 0.3566004
3037 0.06670308
3038 0.008984496
3039 0.2472112
3040 0.5641374
3041 0.5022539
3042 0.6718884
3043 0.2546934
3044 0.472975
3045 0.6205747
3046 0.3645347
3047 0.5316736
3048 0.1236627
3049 0.5799867
3050 0.0707161
3051 0.02326906
3052 0.2598305
3053 0.3927998
3054 0.004226813
3055 0.591139
3056 0.6100698
3057 0.7903654
3058 0.9229639
3059 0.001994538
3060 0.7996193
3061 0.04566864
3062 0.0429332
3063 0.513257
3064 0.7068016
3065 0.6056238
3066 0.9793719
3067 0.402143
3068 0.8513444
3069 0.09762673
3070 0.03444806
3071 0.1855267
3072 0.680675
3073 0.3147669
3074 0.2933134
3075 0.5595679
3076 0.6017534
3077 0.1189219
3078 0.172404
3079 0.926936
3080 0.2567013
3081 0.1057682
3082 0.5956647
3083 0.2191769
3084 0.948827
3085 0.5668245
3086 0.4766979
3087 0.386503
3088 0.8236888
3089 0.1665092
3090 0.7746527
3091 0.7064118
3092 0.3772261
3093 0.4497465
3094 0.7205361
3095 0.08623144
3096 0.6555457
3097 0.163919
3098 0.6539078
3099 0.2868606
3100 0.9600076
3101 0.0001663639
3102 0.9717692
3103 0.6364318
3104 0.524373
3105 0.03243354
3106 0.4188575
3107 0.4780454
3108 0.7439242
3109 0.7904779
3110 0.8735
3111 0.5671259
3112 0.8431725
3113 0.2706043
3114 0.2527011
3115 0.8544978
3116 0.5731531
3117 0.8336899
3118 0.366388
3119 0.007208811
3120 0.7779262
3121 0.4184678
3122 0.2576853
3123 0.8422259
3124 0.7797122
3125 0.4826066
3126 0.2600769
3127 0.2196522
3128 0.2243717
3129 0.2385791
3130 0.2174667
3131 0.5771399
3132 0.3722546
3133 0.226142
3134 0.04710618
3135 0.2897493
3136 0.3281358
3137 0.2014046
3138 0.3019427
3139 0.4679037
3140 0.8361257
3141 0.03031795
3142 0.1497232
3143 0.3754228
3144 0.6045139
3145 0.9998867
3146 0.4203548
3147 0.2788412
3148 0.5513111
3149 0.0007740193
3150 0.1738662
3151 0.93347
3152 0.7826581
3153 0.5092046
3154 0.3045846
3155 0.5299406
3156 0.7657842
3157 0.4052267
3158 0.04281767
3159 0.01138844
3160 0.3253246
3161 0.1383442
3162 0.6601202
3163 0.08101353
3164 0.3081469
3165 0.3994262
3166 0.8707493
3167 0.4981906
3168 0.4895671
3169 0.7552842
3170 0.8062194
3171 0.8308897
3172 0.3414572
3173 0.3790908
3174 0.0945514
3175 0.1375571
3176 0.6680879
3177 0.6060732
3178 0.7425455
3179 0.03239764
3180 0.2720692
3181 0.2346779
3182 0.7568613
3183 0.6711576
3184 0.0818646
3185 0.05112927
3186 0.2734813
3187 0.8871386
3188 0.445103
3189 0.4735918
3190 0.8357537
3191 0.3674576
3192 0.3507569
3193 0.5050014
3194 0.08215657
3195 0.9004226
3196 0.8979635
3197 0.009637659
3198 0.0004696216
3199 0.3960364
3200 0.1656383
3201 0.426983
3202 0.6788224
3203 0.5771121
3204 0.005642669
3205 0.08653305
3206 0.9369011
3207 0.9676051
3208 0.4825909
3209 0.2314514
3210 0.2344134
3211 0.4634462
3212 0.7237887
3213 0.5895054
3214 0.2283234
3215 0.9188721
3216 0.1225514
3217 0.01262127
3218 0.00924562
3219 0.1426431
3220 0.00886893
3221 0.04717177
3222 0.6049649
3223 0.8426461
3224 0.2808648
3225 0.6924106
3226 0.4282121
3227 0.8416106
3228 0.340333
3229 0.4627138
3230 0.0415157
3231 0.7178143
3232 0.1382792
3233 0.2244067
3234 0.4518159
3235 0.6196453
3236 0.5508345
3237 0.3990155
3238 0.8876209
3239 0.3515309
3240 0.3653038
3241 0.2810345
3242 0.7233477
3243 0.1198632
3244 0.1299964
3245 0.8806144
3246 0.6631604
3247 0.2630844
3248 0.154995
3249 0.7460894
3250 0.8583837
3251 0.4047072
3252 0.2313887
3253 0.701934
3254 0.0001248366
3255 0.2194076
3256 0.6578394
3257 0.9278444
3258 0.6864895
3259 0.3076949
3260 0.5205762
3261 0.08227958
3262 0.5886758
3263 0.663076
3264 0.1490322
3265 0.05485362
3266 0.4542313
3267 0.7802143
3268 0.7264316
3269 0.5362662
3270 0.2147417
3271 0.8537951
3272 0.2343567
3273 0.4106983
3274 0.3796375
3275 0.2854727
3276 0.2133842
3277 0.02651183
3278 0.6291242
3279 0.7112266
3280 0.9018929
3281 0.062578
3282 0.7282004
3283 0.8047398
3284 0.111164
3285 0.6662419
3286 0.8680774
3287 0.9688963
3288 0.712989
3289 0.2891317
3290 0.1348226
3291 0.6052344
3292 0.4460565
3293 0.1276147
3294 0.1561157
3295 0.7015293
3296 0.1408292
3297 0.9362241
3298 0.9119374
3299 0.1467786
3300 0.04982552
3301 0.5438295
3302 0.2659761
3303 0.545559
3304 0.7247259
3305 0.02421692
3306 0.1982849
3307 0.4788573
3308 0.624556
3309 0.1350925
3310 0.5921985
3311 0.6161455
3312 0.6169876
3313 0.6077545
3314 0.06193854
3315 0.6172297
3316 0.9509845
3317 0.3916618
3318 0.2836539
3319 0.5871624
3320 0.997957
3321 0.2337558
3322 0.0199778
3323 0.5660453
3324 0.6283326
3325 0.06477115
3326 0.8096784
3327 0.7156535
3328 0.3005912
3329 0.09787574
3330 0.06831749
3331 0.7070608
3332 0.7091228
3333 0.3285994
3334 0.1675825
3335 0.3272539
3336 0.1682341
3337 0.7454304
3338 0.7484561
3339 0.005360302
3340 0.2382976
3341 0.2436683
3342 0.633674
3343 0.4579828
3344 0.4421328
3345 0.5283895
3346 0.2125076
3347 0.05310784
3348 0.827229
3349 0.2846522
3350 0.01089347
3351 0.3413037
3352 0.3630095
3353 0.4757448
3354 0.1970913
3355 0.04470409
3356 0.1450859
3357 0.6946198
3358 0.1527209
3359 0.4026003
3360 0.7892446
3361 0.7087936
3362 0.8731613
3363 0.6590852
3364 0.230365
3365 0.09890291
3366 0.1307342
3367 0.03208107
3368 0.8747197
3369 0.247883
3370 0.2557559
3371 0.7341532
3372 0.7665791
3373 0.2891597
3374 0.7542646
3375 0.3867462
3376 0.5928072
3377 0.2015051
3378 0.1137977
3379 0.02477564
3380 0.4203403
3381 0.2540119
3382 0.2127252
3383 0.531167
3384 0.3311244
3385 0.07581062
3386 0.06990201
3387 0.02811667
3388 0.6786833
3389 0.9264223
3390 0.4391884
3391 0.3336321
3392 0.7048331
3393 0.4764756
3394 0.02522051
3395 0.5025142
3396 0.000518592
3397 0.1930496
3398 0.2263448
3399 0.3462467
3400 0.8992534
3401 0.139646
3402 0.3300966
3403 0.8298669
3404 0.8915957
3405 0.3239325
3406 0.164666
3407 0.15352
3408 0.7136351
3409 0.5819356
3410 0.08784827
3411 0.5418591
3412 0.447877
3413 0.7646579
3414 0.2993123
3415 0.1290996
3416 0.08717343
3417 0.8170274
3418 0.05563093
3419 0.2717306
3420 0.1132244
3421 0.1524626
3422 0.6917097
3423 0.2298288
3424 0.8131642
3425 0.006735064
3426 0.4374267
3427 0.05310601
3428 0.4636
3429 0.4455369
3430 0.7641236
3431 0.2205249
3432 0.05822896
3433 0.08481268
3434 0.73162
3435 0.6984585
3436 0.2388967
3437 0.1940511
3438 0.227752
3439 0.490646
3440 0.2624345
3441 0.3307041
3442 0.8475345
3443 0.1805212
3444 0.6333371
3445 0.2268518
3446 0.2904874
3447 0.7495491
3448 0.3224213
3449 0.4757492
3450 0.3987783
3451 0.3159656
3452 0.05266285
3453 0.8873536
3454 0.07617512
3455 0.8667868
3456 0.02227422
3457 0.5786491
3458 0.8614179
3459 0.1972247
3460 0.05521666
3461 0.7476468
3462 0.02196789
3463 0.7102552
3464 0.355256
3465 0.6816771
3466 0.1636746
3467 0.5584725
3468 0.429824
3469 0.1049647
3470 0.02565028
3471 0.2113795
3472 0.8153249
3473 0.5250692
3474 0.9936235
3475 0.3931223
3476 0.03038786
3477 0.1410874
3478 0.6747156
3479 0.3931655
3480 0.4755981
3481 0.6570513
3482 0.1179504
3483 0.1896989
3484 0.9482049
3485 0.7133982
3486 0.6710011
3487 0.0009776088
3488 0.3606882
3489 0.04209959
3490 0.5696471
3491 0.5286387
3492 0.08320524
3493 0.01554503
3494 0.009442264
3495 0.1833124
3496 0.8656657
3497 0.6712834
3498 0.5611099
3499 0.07205559
3500 0.7204375
3501 0.3693911
3502 0.7995058
3503 0.5785322
3504 0.08302502
3505 0.1850503
3506 0.05430964
3507 0.5559007
3508 0.9202939
3509 0.09580713
3510 0.2672825
3511 0.2614486
3512 0.3638003
3513 0.6842836
3514 0.6636025
3515 0.09363792
3516 0.3551877
3517 0.2914223
3518 0.6386927
3519 0.8596375
3520 0.09068196
3521 0.2639295
3522 0.05981775
3523 0.9275006
3524 0.03099701
3525 0.7045311
3526 0.6569427
3527 0.1655097
3528 0.02244415
3529 0.134257
3530 0.5753632
3531 0.3586828
3532 0.5487001
3533 0.3073388
3534 0.04324994
3535 0.0453065
3536 0.4517951
3537 0.8960183
3538 0.3953232
3539 0.08513201
3540 0.3919763
3541 0.108503
3542 0.008259811
3543 0.7301244
3544 0.04231766
3545 0.8296058
3546 0.04739652
3547 0.8586641
3548 0.5442471
3549 0.1067397
3550 0.4945929
3551 0.1316341
3552 0.04865676
3553 0.2720525
3554 0.9438714
3555 0.1560022
3556 0.2713604
3557 0.2090513
3558 0.3072189
3559 0.1495966
3560 0.5006084
3561 0.6927516
3562 0.02668505
3563 0.5956232
3564 0.9860572
3565 0.6895748
3566 0.6747758
3567 0.09951115
3568 0.8553684
3569 0.5212987
3570 0.4436539
3571 0.3905257
3572 0.05156803
3573 0.824859
3574 0.3935
3575 0.522644
3576 0.8015619
3577 0.03336355
3578 0.01088027
3579 0.01999585
3580 0.8221019
3581 0.5028822
3582 0.2709494
3583 0.4210446
3584 0.795454
3585 0.7789941
3586 0.7067338
3587 0.5662841
3588 0.05404521
3589 0.6458435
3590 0.3363546
3591 0.7573065
3592 0.4870318
3593 0.2652579
3594 0.1520843
3595 0.2240889
3596 0.1776296
3597 0.937121
3598 0.01220316
3599 0.01884802
3600 0.201157
3601 0.00598001
3602 0.1537222
3603 0.7221375
3604 0.9517291
3605 0.5515886
3606 0.3813015
3607 0.790306
3608 0.7640667
3609 0.4346193
3610 0.9010718
3611 0.9306161
3612 0.5123888
3613 0.7195806
3614 0.6075098
3615 0.9825051
3616 0.5280152
3617 0.4396052
3618 0.0337233
3619 0.9512165
3620 0.7325905
3621 0.2419761
3622 0.7877995
3623 0.06646384
3624 0.9148729
3625 0.6333956
3626 0.001500212
3627 0.2706446
3628 0.1150271
3629 0.00404479
3630 0.817693
3631 0.3921138
3632 0.002080978
3633 0.4081913
3634 0.05443201
3635 0.1800234
3636 0.9255937
3637 0.2653108
3638 0.07614774
3639 0.112492
3640 0.8240236
3641 0.4016613
3642 0.3284977
3643 0.03549864
3644 0.164483
3645 0.4274169
3646 0.9858437
3647 0.5932537
3648 0.001091573
3649 0.1508389
3650 0.03310824
3651 0.3551882
3652 0.8576366
3653 0.001019783
3654 0.3490058
3655 0.2072662
3656 0.1990321
3657 0.1097076
3658 0.001405421
3659 0.02370469
3660 0.7084042
3661 0.2280001
3662 0.1574038
3663 0.1650164
3664 0.07688995
3665 0.962127
3666 0.09629057
3667 0.1945453
3668 0.7110599
3669 0.184528
3670 0.3617044
3671 0.222437
3672 0.8168946
3673 0.3755056
3674 0.6695532
3675 0.549277
3676 0.5502029
3677 0.05805704
3678 0.6225661
3679 0.8341655
3680 0.7360509
3681 0.008529762
3682 0.03040718
3683 0.6104136
3684 0.5166493
3685 0.07264386
3686 0.3732915
3687 0.8353898
3688 0.1546056
3689 0.6224124
3690 0.7795344
3691 0.6125993
3692 0.02716952
3693 0.4297214
3694 0.3978656
3695 0.458946
3696 0.2657894
3697 0.7936439
3698 0.02961322
3699 0.1708881
3700 0.5388224
3701 0.542854
3702 0.4080619
3703 0.7233793
3704 0.1863572
3705 0.001145236
3706 0.6091372
3707 0.8844247
3708 0.962014
3709 0.2600254
3710 0.4120215
3711 0.1038517
3712 0.7437516
3713 0.298816
3714 0.8279427
3715 0.3424674
3716 0.6644721
3717 0.6641402
3718 0.6293947
3719 0.7798868
3720 0.1960373
3721 0.8834262
3722 0.6323798
3723 0.9603279
3724 0.4263273
3725 0.9414716
3726 0.7122528
3727 0.5962552
3728 0.5809883
3729 0.735344
3730 0.05489747
3731 0.7013462
3732 0.4206284
3733 0.2267966
3734 0.9552178
3735 0.2246707
3736 0.4688435
3737 0.762858
3738 0.4403326
3739 0.5511053
3740 0.9700577
3741 0.05682889
3742 0.03795613
3743 0.04596893
3744 0.02547954
3745 0.879502
3746 0.6281697
3747 0.6476179
3748 0.7432659
3749 0.09020741
3750 0.01438951
3751 0.3971755
3752 0.1128953
3753 0.5618109
3754 0.9336225
3755 0.368337
3756 0.7347737
3757 0.4481902
3758 0.03535622
3759 0.5498334
3760 0.3226525
3761 0.2889202
3762 0.1915477
3763 0.1478081
3764 0.6438763
3765 0.2031305
3766 0.1320366
3767 0.6263286
3768 0.2326046
3769 0.1455428
3770 0.8163559
3771 0.1103638
3772 0.2484772
3773 0.7238611
3774 0.8184253
3775 0.3616117
3776 0.5626916
3777 0.8751946
3778 0.5456386
3779 0.02746919
3780 0.06007383
3781 0.7520403
3782 0.3329403
3783 0.1437956
3784 0.5552614
3785 0.8438856
3786 0.0646492
3787 0.8807971
3788 0.9930457
3789 0.8514921
3790 0.2677306
3791 0.1516714
3792 0.4880367
3793 0.453519
3794 0.7365884
3795 0.3770462
3796 0.04349934
3797 0.9785133
3798 0.162998
3799 0.007347456
3800 0.1712627
3801 0.789503
3802 0.2172463
3803 0.5710192
3804 0.5560265
3805 0.0995655
3806 0.1047143
3807 0.6264558
3808 0.3340475
3809 0.603129
3810 0.3599048
3811 0.84381
3812 0.9793153
3813 0.7764368
3814 0.7920736
3815 0.2956123
3816 0.1301113
3817 0.4110724
3818 0.5449217
3819 0.4968906
3820 0.7548131
3821 0.04907789
3822 0.9484749
3823 0.5961707
3824 0.5488664
3825 0.2707668
3826 0.1955328
3827 0.1788248
3828 0.7484156
3829 0.2553702
3830 0.02181549
3831 0.2694428
3832 0.006700607
3833 0.364408
3834 0.07828445
3835 0.6710599
3836 0.6436344
3837 0.7430796
3838 0.08665452
3839 0.111316
3840 0.2302864
3841 0.0009622542
3842 0.9338966
3843 0.9002222
3844 0.5525513
3845 0.03341016
3846 0.8567518
3847 0.4914588
3848 0.4798793
3849 0.2721901
3850 0.3120145
3851 0.1176294
3852 0.8059474
3853 0.3416379
3854 0.2966792
3855 0.6219648
3856 0.7711358
3857 0.6487982
3858 0.1404555
3859 0.696705
3860 0.1694242
3861 0.3638809
3862 0.313893
3863 0.1835167
3864 0.8804305
3865 0.2585684
3866 0.3623198
3867 0.6586366
3868 0.7851385
3869 0.04836695
3870 0.2605606
3871 0.459922
3872 0.3904163
3873 0.7893717
3874 0.5812985
3875 0.1416316
3876 0.9878308
3877 0.0357903
3878 0.3234264
3879 0.6486309
3880 0.5919365
3881 0.09509637
3882 0.09948617
3883 0.543571
3884 0.3223122
3885 0.2811979
3886 0.7968343
3887 0.2186372
3888 0.5652249
3889 0.8513657
3890 0.02908747
3891 0.4775711
3892 0.001010294
3893 0.2387999
3894 0.8944344
3895 0.2864522
3896 0.4526372
3897 0.2761679
3898 0.007478108
3899 0.09311266
3900 0.7795145
3901 0.058628
3902 0.7861423
3903 0.2403319
3904 0.211205
3905 0.05671696
3906 0.2037455
3907 0.009473369
3908 0.4016637
3909 0.2658005
3910 0.2466019
3911 0.8898552
3912 0.02946643
3913 0.0942732
3914 0.4673352
3915 0.2204116
3916 0.08417507
3917 0.2191901
3918 0.6332113
3919 0.989512
3920 0.009003575
3921 0.2169751
3922 0.1887999
3923 0.3774368
3924 0.859907
3925 0.4768334
3926 0.8810303
3927 0.08234334
3928 0.1070431
3929 0.578756
3930 0.3831382
3931 0.4219193
3932 0.7215435
3933 0.546035
3934 0.9192885
3935 0.8349669
3936 0.6347719
3937 0.7852911
3938 0.6863256
3939 0.3819109
3940 0.03140615
3941 0.2646377
3942 0.05652699
3943 0.5062323
3944 0.6162447
3945 0.02537927
3946 0.9422606
3947 0.9411056
3948 0.0470557
3949 0.3406578
3950 0.6393896
3951 0.4468398
3952 0.8053938
3953 0.3268382
3954 0.9790148
3955 0.9125909
3956 0.166263
3957 0.1566424
3958 0.1142686
3959 0.0006122617
3960 0.04768158
3961 0.2738424
3962 0.08316213
3963 0.2651616
3964 0.8982815
3965 0.05614118
3966 0.3132119
3967 0.1765858
3968 0.07832153
3969 0.06867646
3970 0.5741378
3971 0.2957814
3972 0.5028085
3973 0.9692988
3974 0.4285444
3975 0.1164769
3976 0.01770708
3977 0.06458383
3978 0.5127319
3979 0.2408873
3980 0.2934881
3981 0.7275374
3982 0.6197156
3983 0.2019776
3984 0.5316144
3985 0.4197341
3986 0.5166237
3987 0.8606205
3988 0.2109276
3989 0.307876
3990 0.8313746
3991 0.6347468
3992 0.1952833
3993 0.6826796
3994 0.02689989
3995 0.4803729
3996 0.9724323
3997 0.5274938
3998 0.3297044
3999 0.3339915
4000 0.5259245
4001 0.7931765
4002 0.1356314
4003 0.7319623
4004 0.8761429
4005 0.2948915
4006 0.6179345
4007 0.5279771
4008 0.2692457
4009 0.02197061
4010 0.1356616
4011 0.6743142
4012 0.1684894
4013 0.3213684
4014 0.1605803
4015 0.4861266
4016 0.7039179
4017 0.7784369
4018 0.004283408
4019 0.9340895
4020 0.06671908
4021 0.4251901
4022 0.664742
4023 0.01002422
4024 0.154078
4025 0.5003936
4026 0.4842357
4027 0.4984569
4028 0.01886294
4029 0.2036021
4030 0.7637392
4031 0.7278952
4032 0.466768
4033 0.581561
4034 0.933243
4035 0.2693584
4036 0.5910551
4037 0.5761514
4038 0.7558887
4039 0.1163724
4040 0.2678008
4041 0.04574096
4042 0.7641311
4043 0.04674912
4044 0.2614021
4045 0.9926026
4046 0.739834
4047 0.7879897
4048 0.1289046
4049 0.9268597
4050 0.1800055
4051 0.9341891
4052 0.2148591
4053 0.7523448
4054 0.9028787
4055 0.5823742
4056 0.8271092
4057 0.6260394
4058 0.4237793
4059 0.3542058
4060 0.2539196
4061 0.2252652
4062 0.007223312
4063 0.3476805
4064 0.4856993
4065 0.6712557
4066 0.2969422
4067 0.1963391
4068 0.9810676
4069 0.1381969
4070 0.3620519
4071 0.8061895
4072 0.0648728
4073 0.738283
4074 0.1061806
4075 0.5913712
4076 0.9499849
4077 0.5562163
4078 0.7425869
4079 0.9590498
4080 0.4125894
4081 0.7805222
4082 0.1955503
4083 0.829915
4084 0.03579284
4085 0.2685773
4086 0.5081922
4087 0.4195062
4088 0.5163996
4089 0.8699877
4090 0.006089709
4091 0.7763988
4092 0.1376877
4093 0.2526612
4094 0.3037732
4095 0.3184863
4096 0.5251341
4097 0.6540116
4098 0.1088518
4099 0.1780507
4100 0.2513988
4101 0.3739911
4102 0.04384324
4103 0.8822332
4104 0.01990134
4105 0.1017393
4106 0.0132875
4107 0.7364901
4108 0.0069478
4109 0.2776113
4110 0.7468884
4111 0.4497723
4112 0.4305108
4113 0.1009795
4114 0.4708768
4115 0.05137612
4116 0.199437
4117 0.7709926
4118 0.1263105
4119 0.2364238
4120 0.1145899
4121 0.5462216
4122 0.7979844
4123 0.3808792
4124 0.05421321
4125 0.1372862
4126 0.1440417
4127 0.3499715
4128 0.2857107
4129 0.5298396
4130 0.2222044
4131 0.6728238
4132 0.5426185
4133 0.5467163
4134 0.942034
4135 0.8415714
4136 0.1753884
4137 0.3492863
4138 0.01699545
4139 0.9261878
4140 0.6519654
4141 0.9057681
4142 0.4732843
4143 0.3813055
4144 0.91222
4145 0.3652153
4146 0.1439405
4147 0.04283012
4148 0.7862015
4149 0.03009682
4150 0.2402891
4151 0.5370573
4152 0.3526575
4153 0.1155478
4154 0.5522575
4155 0.1417249
4156 0.4194953
4157 0.18677
4158 0.9290555
4159 0.2108273
4160 0.585536
4161 0.73049
4162 0.05526012
4163 0.5386841
4164 0.1714014
4165 0.3144973
4166 0.8669882
4167 0.7415889
4168 0.02577113
4169 0.07009267
4170 0.06874158
4171 0.2737359
4172 0.5753275
4173 0.32946
4174 0.7393849
4175 0.6035365
4176 0.1542849
4177 0.8405729
4178 0.0803451
4179 0.7953495
4180 0.3909989
4181 0.1460418
4182 0.495309
4183 0.9262654
4184 0.8452606
4185 0.7227107
4186 0.7449227
4187 0.3593687
4188 0.3143907
4189 0.7931995
4190 0.5118945
4191 0.7393854
4192 0.4615968
4193 0.8314338
4194 0.4427068
4195 0.112332
4196 0.9422383
4197 0.9799029
4198 0.9737287
4199 0.1572509
4200 0.6105629
4201 0.2389954
4202 0.5194368
4203 0.8970758
4204 0.006825351
4205 0.071712
4206 0.5451044
4207 0.9545459
4208 0.3398401
4209 0.5064237
4210 0.5496758
4211 0.1421582
4212 0.3259856
4213 0.5095724
4214 0.2019254
4215 0.5285482
4216 0.005820135
4217 0.0003351399
4218 0.9456771
4219 0.09014442
4220 0.781526
4221 0.9694694
4222 0.5384035
4223 0.5713118
4224 0.5143614
4225 0.2869309
4226 0.05324171
4227 0.008907522
4228 0.06099075
4229 0.8019586
4230 0.1700904
4231 0.2949006
4232 0.73458
4233 0.07286172
4234 0.8173123
4235 0.1764256
4236 0.328635
4237 0.009259213
4238 0.5154251
4239 0.002468888
4240 0.06420256
4241 0.03020769
4242 0.893065
4243 0.05529903
4244 0.551441
4245 0.8475548
4246 0.01401118
4247 0.2136857
4248 0.5220736
4249 0.5327137
4250 0.01164634
4251 0.3300806
4252 0.8446907
4253 0.08278732
4254 0.7015885
4255 0.08686628
4256 0.1663939
4257 0.3388339
4258 0.190743
4259 0.9611223
4260 0.3454124
4261 0.5762268
4262 0.9180469
4263 0.4704989
4264 0.1106417
4265 0.2672425
4266 0.8858158
4267 0.6038998
4268 0.6955516
4269 0.3607026
4270 0.7330785
4271 0.6239186
4272 0.5551296
4273 0.6395568
4274 0.07653517
4275 0.4141968
4276 0.05460175
4277 0.3692425
4278 0.02270383
4279 0.1649149
4280 0.07956001
4281 0.250289
4282 0.468484
4283 0.5610072
4284 0.9265291
4285 0.5775056
4286 0.1249188
4287 0.583314
4288 0.4094222
4289 0.1077646
4290 0.8728724
4291 0.1493405
4292 0.5871294
4293 0.1458299
4294 0.09717138
4295 0.3977954
4296 0.6709073
4297 0.6853975
4298 0.431982
4299 0.8787078
4300 0.1117217
4301 0.1631122
4302 0.05409929
4303 0.7123536
4304 0.8747855
4305 0.01931826
4306 0.7928693
4307 0.1364327
4308 0.6990544
4309 0.2900438
4310 0.06764613
4311 0.6113938
4312 0.3195797
4313 0.4248868
4314 0.2901837
4315 0.9686372
4316 0.4490361
4317 0.464242
4318 0.2333367
4319 0.138896
4320 0.06787963
4321 0.04040834
4322 0.3735105
4323 0.07240891
4324 0.2151786
4325 0.01763294
4326 0.6742273
4327 0.979553
4328 0.1189913
4329 0.2041426
4330 0.3656965
4331 0.8655031
4332 0.627909
4333 0.3532933
4334 0.08658625
4335 0.9725094
4336 0.4344941
4337 0.1634604
4338 0.6539181
4339 0.5297235
4340 0.227915
4341 0.3590667
4342 0.96335
4343 0.2510484
4344 0.4355813
4345 0.3340854
4346 0.3660962
4347 0.9509321
4348 0.7114052
4349 0.3750682
4350 0.4410599
4351 0.4978631
4352 0.896121
4353 0.4810682
4354 0.05182875
4355 0.8631272
4356 0.5943622
4357 0.2868333
4358 0.007346228
4359 0.003109899
4360 0.4325682
4361 0.1697062
4362 0.1427316
4363 0.8022563
4364 0.7990803
4365 0.3291497
4366 0.1015295
4367 0.3830627
4368 0.3408955
4369 0.9148761
4370 0.2206198
4371 0.7335915
4372 0.8722114
4373 0.1149374
4374 0.3244954
4375 0.3779818
4376 0.7606005
4377 0.9898083
4378 0.40441
4379 0.492106
4380 0.3012186
4381 0.9000963
4382 0.1453
4383 0.9928797
4384 0.2627674
4385 0.9359406
4386 0.4752352
4387 0.5045772
4388 0.869869
4389 0.132401
4390 0.1324816
4391 0.9306671
4392 0.2981438
4393 0.6766031
4394 0.08696153
4395 0.4107532
4396 0.07083213
4397 0.6556742
4398 0.04346533
4399 0.2426704
4400 0.816103
4401 0.2212023
4402 0.840336
4403 0.1538001
4404 0.1012383
4405 0.8617601
4406 0.09827533
4407 0.8004094
4408 0.5077735
4409 0.3080192
4410 0.08637167
4411 0.04354535
4412 0.1383328
4413 0.1214519
4414 0.04427463
4415 0.3729765
4416 0.06317988
4417 0.7009311
4418 0.750905
4419 0.1436973
4420 0.4708887
4421 0.03528146
4422 0.006958831
4423 0.4765819
4424 0.6376381
4425 0.3834313
4426 0.5296329
4427 0.1573842
4428 0.3424264
4429 0.8077425
4430 0.2581378
4431 0.01033145
4432 0.9550924
4433 0.03102016
4434 0.996153
4435 0.1440175
4436 0.03597154
4437 0.2876069
4438 0.01689424
4439 0.6132207
4440 0.03407363
4441 0.304153
4442 0.8360531
4443 0.1966783
4444 0.04071081
4445 0.6517198
4446 0.2191224
4447 0.5959873
4448 0.5257112
4449 0.4217027
4450 0.561545
4451 0.9929381
4452 0.8614786
4453 0.6196063
4454 0.1000478
4455 0.7507847
4456 0.8484437
4457 0.6450647
4458 0.5000964
4459 0.2204992
4460 0.9805377
4461 0.2263219
4462 0.8372046
4463 0.2478065
4464 0.7215041
4465 0.4382694
4466 0.1606298
4467 0.7064834
4468 0.6021705
4469 0.796829
4470 0.469544
4471 0.8102453
4472 0.142797
4473 0.5590539
4474 0.809014
4475 0.3888096
4476 0.06042378
4477 0.6696585
4478 0.5479152
4479 0.9531661
4480 0.8313852
4481 0.4577722
4482 0.07475938
4483 0.8037623
4484 0.1124006
4485 0.1475943
4486 0.04529394
4487 0.6096042
4488 0.5518751
4489 0.03034678
4490 0.04272847
4491 0.8261085
4492 0.3568478
4493 0.07326702
4494 0.3779918
4495 0.2686494
4496 0.4091197
4497 0.003043871
4498 0.2830202
4499 0.4487153
4500 0.3150848
4501 0.643807
4502 0.05324146
4503 0.6221945
4504 0.2984227
4505 0.776668
4506 0.2310889
4507 0.2040407
4508 0.729488
4509 0.7163981
4510 0.2904074
4511 0.07438258
4512 0.01787965
4513 0.9564851
4514 0.09405521
4515 0.5723841
4516 0.2907642
4517 0.1705834
4518 0.6603283
4519 0.3829869
4520 0.4983263
4521 0.1588384
4522 0.3081896
4523 0.4869066
4524 0.2813115
4525 0.4319649
4526 0.3652989
4527 0.2660736
4528 0.7108006
4529 0.9590483
4530 0.6681413
4531 0.8333313
4532 0.4094393
4533 0.489559
4534 0.1876007
4535 0.4052027
4536 0.3408212
4537 0.2239165
4538 0.413913
4539 0.1933704
4540 0.6538182
4541 0.2567802
4542 0.4797392
4543 0.6087234
4544 0.05874458
4545 0.3747139
4546 0.1647879
4547 0.8318609
4548 0.7857463
4549 0.8980959
4550 0.1544403
4551 0.344338
4552 0.4047294
4553 0.5511008
4554 0.2161028
4555 0.4048014
4556 0.4047126
4557 0.4627913
4558 0.04437522
4559 0.4490102
4560 0.3231317
4561 0.1627653
4562 0.3400453
4563 0.9301569
4564 0.1718203
4565 0.01972681
4566 0.1628929
4567 0.02316305
4568 0.7946353
4569 0.1968665
4570 0.606794
4571 0.7280317
4572 0.9420966
4573 0.6865783
4574 0.02396457
4575 0.3179365
4576 0.02077198
4577 0.6187285
4578 0.9609011
4579 0.3723309
4580 0.017947
4581 0.1010993
4582 0.9549067
4583 0.3224509
4584 0.4265453
4585 0.6511175
4586 0.1361355
4587 0.5969175
4588 0.6900025
4589 0.4285736
4590 0.006324916
4591 0.05804744
4592 0.7449657
4593 0.5980088
4594 0.7499255
4595 0.694828
4596 0.8480037
4597 0.9819198
4598 0.7074635
4599 0.230567
4600 0.0006758814
4601 0.3839743
4602 0.6885702
4603 0.631272
4604 0.117045
4605 0.9806743
4606 0.08682245
4607 0.2512019
4608 0.6829676
4609 0.08224683
4610 0.535748
4611 0.3656853
4612 0.7287381
4613 0.8570103
4614 0.1247987
4615 0.7360667
4616 0.5024282
4617 0.4407145
4618 0.3997338
4619 0.3537629
4620 0.2993308
4621 0.1699612
4622 0.568548
4623 0.5645898
4624 0.1319616
4625 0.3287839
4626 0.8755329
4627 0.7266644
4628 0.2472394
4629 0.4251896
4630 0.3160495
4631 0.51685
4632 0.9803455
4633 0.8579389
4634 0.06238033
4635 0.3261583
4636 0.03260018
4637 0.9047847
4638 0.8447819
4639 0.6328833
4640 0.01240911
4641 0.8183974
4642 0.4667533
4643 0.8618776
4644 0.06774845
4645 0.02489575
4646 0.07386447
4647 0.002793886
4648 0.03627226
4649 0.01670391
4650 0.9083254
4651 0.6340543
4652 0.5869437
4653 0.8945889
4654 0.2850239
4655 0.01348351
4656 0.661206
4657 0.7436153
4658 0.8807026
4659 0.4393677
4660 0.02140074
4661 0.2650365
4662 0.6302135
4663 0.2272636
4664 0.6516921
4665 0.2392978
4666 0.4373388
4667 0.3170119
4668 0.622598
4669 0.6703023
4670 0.5608463
4671 0.8904428
4672 0.6714061
4673 0.2931889
4674 0.921723
4675 0.6824918
4676 0.9698293
4677 0.4168172
4678 0.691405
4679 0.07338473
4680 0.519153
4681 0.9216711
4682 0.02698432
4683 0.2511248
4684 0.008790283
4685 0.9462575
4686 0.3901057
4687 0.16465
4688 0.4626155
4689 0.02394705
4690 0.3357548
4691 0.8406998
4692 0.1743245
4693 0.2906272
4694 0.02567055
4695 0.2286598
4696 0.0800426
4697 0.03862386
4698 0.2237091
4699 0.04987984
4700 0.7632228
4701 0.4210026
4702 0.3388471
4703 0.4592876
4704 0.3223124
4705 0.02916893
4706 0.4009347
4707 0.9161751
4708 0.3892357
4709 0.4057992
4710 0.9164701
4711 0.641211
4712 0.6581908
4713 0.7316346
4714 0.4660964
4715 0.5018391
4716 0.2500584
4717 0.8611195
4718 0.5796821
4719 0.5852312
4720 0.06390402
4721 0.26583
4722 0.1979848
4723 0.146195
4724 0.9736822
4725 0.2445525
4726 0.001520914
4727 0.9219808
4728 0.1729589
4729 0.3816153
4730 0.685531
4731 0.4861303
4732 0.2349733
4733 0.06329312
4734 0.6020535
4735 0.8916193
4736 0.1220712
4737 0.0005582701
4738 0.1705843
4739 0.9936821
4740 0.03535755
4741 0.9433089
4742 0.0826336
4743 0.8046833
4744 0.3817667
4745 0.560793
4746 0.2857842
4747 0.3224213
4748 0.971928
4749 0.7273396
4750 0.08837717
4751 0.5695393
4752 0.149942
4753 0.7804852
4754 0.723289
4755 0.9422159
4756 0.5110024
4757 0.3601409
4758 0.09526365
4759 0.2783351
4760 0.03623125
4761 0.7977312
4762 0.1242037
4763 0.3896716
4764 0.1314566
4765 0.1023593
4766 0.03897862
4767 0.8427908
4768 0.01123041
4769 0.1643555
4770 0.1757364
4771 0.9786076
4772 0.03549889
4773 0.02146194
4774 0.5711584
4775 0.6935424
4776 0.3411262
4777 0.8523797
4778 0.01455169
4779 0.803852
4780 0.2540974
4781 0.1745046
4782 0.4738218
4783 0.9690801
4784 0.4884796
4785 0.8380781
4786 0.8810191
4787 0.001989866
4788 0.8002326
4789 0.4118366
4790 0.549118
4791 0.4903798
4792 0.5101824
4793 0.2648359
4794 0.6656736
4795 0.540721
4796 0.503369
4797 0.0801982
4798 0.7050542
4799 0.3032789
4800 0.6291622
4801 0.494702
4802 0.9290606
4803 0.5548975
4804 0.7154356
4805 0.3089886
4806 0.7225092
4807 0.1599486
4808 0.1231796
4809 0.3133592
4810 0.2352109
4811 0.3586595
4812 0.003007222
4813 0.4962052
4814 0.007545694
4815 0.9823801
4816 0.2163989
4817 0.5073609
4818 0.167609
4819 0.508328
4820 0.4575132
4821 0.8681306
4822 0.3212554
4823 0.3499795
4824 0.1256564
4825 0.909174
4826 0.07079847
4827 0.1541903
4828 0.2142225
4829 0.1621429
4830 0.1413902
4831 0.7127826
4832 0.179318
4833 0.5071878
4834 0.2185106
4835 0.1314281
4836 0.8358858
4837 0.5199744
4838 0.1246114
4839 0.4625405
4840 0.5007672
4841 0.5875154
4842 0.2932895
4843 0.1702565
4844 0.6153738
4845 0.3685164
4846 0.7799441
4847 0.3684442
4848 0.4938382
4849 0.5775401
4850 0.1533592
4851 0.8134957
4852 0.2912907
4853 0.1079132
4854 0.1976672
4855 0.9642099
4856 0.5276484
4857 0.02112563
4858 0.56546
4859 0.1602087
4860 0.4579427
4861 0.6074862
4862 0.4802794
4863 0.1309675
4864 0.0987312
4865 0.9469697
4866 0.1795649
4867 0.913249
4868 0.4534888
4869 0.8559225
4870 0.2513533
4871 0.1260058
4872 0.9294449
4873 0.131275
4874 0.1625527
4875 0.312773
4876 0.6916922
4877 0.1198073
4878 0.8527312
4879 0.3541741
4880 0.3945877
4881 0.09167676
4882 0.4364244
4883 0.4148408
4884 0.9909672
4885 0.1337682
4886 0.8985359
4887 0.1739733
4888 0.3365206
4889 0.1926872
4890 0.4711609
4891 0.4585046
4892 0.4272525
4893 0.5036758
4894 0.6295274
4895 0.08250841
4896 0.5071664
4897 0.1278065
4898 0.1634663
4899 0.7414967
4900 0.6327204
4901 0.6226593
4902 0.9661311
4903 0.4814288
4904 0.6455773
4905 0.2651983
4906 0.4813107
4907 0.1627132
4908 0.2828317
4909 0.4757098
4910 0.05151664
4911 0.8918651
4912 0.07512263
4913 0.04268911
4914 0.02479214
4915 0.8673328
4916 0.7072799
4917 0.2606638
4918 0.05955814
4919 0.3364507
4920 0.7809611
4921 0.7114037
4922 0.5926149
4923 0.002538536
4924 0.7314311
4925 0.1532741
4926 0.3012388
4927 0.4944913
4928 0.2650571
4929 0.01810498
4930 0.7405539
4931 0.1570341
4932 0.783356
4933 0.4282004
4934 0.7000254
4935 0.4962517
4936 0.5726998
4937 0.9647632
4938 0.2290177
4939 0.9492661
4940 0.05712709
4941 0.06558874
4942 0.03872041
4943 0.7741186
4944 0.9444683
4945 0.5100435
4946 0.03976936
4947 0.7966474
4948 0.8309564
4949 0.2921556
4950 0.4468746
4951 0.305193
4952 0.005671764
4953 0.913003
4954 0.3084857
4955 0.01670195
4956 0.06574288
4957 0.5901901
4958 0.6210417
4959 0.1828051
4960 0.5997502
4961 0.6546661
4962 0.01094223
4963 0.1525118
4964 0.1151522
4965 0.5940417
4966 0.01521677
4967 0.6973538
4968 0.06701189
4969 0.1225792
4970 0.1150264
4971 0.1625589
4972 0.0163007
4973 0.5176681
4974 0.6009864
4975 0.428642
4976 0.4710828
4977 0.111473
4978 0.4232188
4979 0.1137618
4980 0.2411257
4981 0.4593554
4982 0.663816
4983 0.5725924
4984 0.547046
4985 0.7746023
4986 0.5557201
4987 0.4231763
4988 0.8458733
4989 0.01875554
4990 0.4258657
4991 0.608565
4992 0.4609197
4993 0.8411558
4994 0.5298332
4995 0.8595731
4996 0.2946729
4997 0.8164245
4998 0.4672665
4999 0.9229526
5000 0.004052878
