1 0.058 0.447
2 0.168 0.789
3 0.664 0.784
4 0.916 0.041
5 0.611 0.345
6 0.779 0.037
7 0.089 0.277
8 0.005 0.131
9 0.22 0.668
10 0.631 0.338
11 0.288 0.523
12 0.072 0.091
13 0.34 0.199
14 0.077 0.194
15 0.654 0.157
16 0.226 0.602
17 0.455 0.027
18 0.234 0.83
19 0.308 0.876
20 0.402 0.326
21 0.041 0.929
22 0.718 0.739
23 0.694 0.613
24 0.402 0.497
25 0.134 0.147
26 0.485 0.347
27 0.495 0.461
28 0.064 0.267
29 0.214 0.131
30 0.332 0.524
31 0.124 0.214
32 0.435 0.374
33 0.848 0.005
34 0.427 0.971
35 0.852 0.942
36 0.551 0.909
37 0.82 0.574
38 0.864 0.156
39 0.506 0.368
40 0.214 0.188
41 0.083 0.661
42 0.695 0.252
43 0.4 0.527
44 0.61 0.668
45 0.012 0.619
46 0.847 0.492
47 0.279 0.372
48 0.074 0.817
49 0.009 0.344
50 0.605 0.305
51 0.446 0.511
52 0.082 0.458
53 0.367 0.249
54 0.563 0.959
55 0.251 0.241
56 0.747 0.618
57 0.761 0.342
58 0.266 0.755
59 0.614 0.727
60 0.659 0.467
61 0.557 0.448
62 0.587 0.883
63 0.249 0.849
64 0.411 0.099
65 0.708 0.232
66 0.449 0.93
67 0.924 0.754
68 0.428 0.555
69 0.638 0.246
70 0.455 0.875
71 0.659 0.262
72 0.219 0.144
73 0.067 0.086
74 0.957 0.019
75 0.255 0.21
76 0.417 0.46
77 0.354 0.602
78 0.378 0.449
79 0.579 0.159
80 0.729 0.697
81 0.198 0.87
82 0.117 0.031
83 0.513 0.885
84 0.854 0.016
85 0.605 0.627
86 0.105 0.747
87 0.558 0.192
88 0.623 0.994
89 0.857 0.325
90 0.279 0.509
91 0.188 0.009
92 0.132 0.052
93 0.163 0.525
94 0.122 0.129
95 0.636 0.408
96 0.834 0.445
97 0.268 0.382
98 0.356 0.736
99 0.099 0.602
100 0.168 0.685
101 0.24 0.772
102 0.207 0.842
103 0.081 0.328
104 0.759 0.157
105 0.686 0.433
106 0.778 0.472
107 0.563 0.073
108 0.144 0.392
109 0.515 0.936
110 0.353 0.308
111 0.815 0.841
112 0.693 0.686
113 0.621 0.257
114 0.168 0.001
115 0.278 0.926
116 0.269 0.308
117 0.912 0.506
118 0.728 0.17
119 0.593 0.078
120 0.789 0.875
121 0.081 0.262
122 0.623 0.839
123 0.541 0.563
124 0.5 0.903
125 0.594 0.701
126 0.949 0.403
127 0.68 0.874
128 0.749 0.134
129 0.667 0.77
130 0.589 0.772
131 0.303 0.128
132 0.684 0.518
133 0.566 0.982
134 0.557 0.344
135 0.633 0.958
136 0.198 0.859
137 0.211 0.151
138 0.214 0.049
139 0.807 0.14
140 0.112 0.922
141 0.506 0.786
142 0.959 0.625
143 0.665 0.401
144 0.751 0.388
145 0.908 0.869
146 0.332 0.381
147 0.749 0.739
148 0.291 0.3
149 0.134 0.766
150 0.949 0.823
151 0.826 0.994
152 0.715 0.827
153 0.935 0.283
154 0.769 0.497
155 0.793 0.908
156 0.584 0.905
157 0.409 0.304
158 0.668 0.581
159 0.717 0.641
160 0.917 0.765
161 0.386 0.433
162 0.228 0.793
163 0.119 0.463
164 0.179 0.152
165 0.385 0.468
166 0.051 0.851
167 0.47 0.99
168 0.179 0.391
169 0.381 0.006
170 0.272 0.089
171 0.077 0.812
172 0.618 0.095
173 0.897 0.608
174 0.213 0.898
175 0.897 0.144
176 0.109 0.175
177 0.052 0.418
178 0.876 0.649
179 0.927 0.433
180 0.526 0.902
181 0.362 0.876
182 0.318 0.053
183 0.603 0.34
184 0.01 0.711
185 0.053 0.102
186 0.359 0.985
187 0.617 0.948
188 0.028 0.802
189 0.109 0.95
190 0.701 0.792
191 0.076 0.821
192 0.181 0.952
193 0.366 0.833
194 0.079 0.552
195 0.979 0.38
196 0.276 0.363
197 0.295 0.531
198 0.516 0.547
199 0.083 0.546
200 0.195 0.599
201 0.366 0.67
202 0.8 0.541
203 0.783 0.941
204 0.672 0.052
205 0.719 0.636
206 0.812 0.498
207 0.592 0.467
208 0.318 0.188
209 0.788 0.418
210 0.662 0.158
211 0.871 0.521
212 0.296 0.893
213 0.341 0.939
214 0.883 0.223
215 0.486 0.785
216 0.223 0.155
217 0.444 0.663
218 0.159 0.77
219 0.041 0.131
220 0.641 0.407
221 0.316 0.825
222 0.825 0.126
223 0.531 0.521
224 0.486 0.649
225 0.295 0.479
226 0.523 0.41
227 0.623 0.843
228 0.148 0.726
229 0.054 0.424
230 0.158 0.714
231 0.507 0.454
232 0.918 0.434
233 0.218 0.558
234 0.458 0.215
235 0.173 0.145
236 0.288 0.315
237 0.135 0.237
238 0.065 0.038
239 0.14 0.536
240 0.343 0.578
241 0.71 0.736
242 0.747 0.657
243 0.581 0.54
244 0.479 0.09
245 0.676 0.699
246 0.805 0.539
247 0.099 0.619
248 0.406 0.38
249 0.909 0.021
250 0.96 0.649
251 0.613 0.552
252 0.569 0.538
253 0.264 0.324
254 0.879 0.613
255 0.485 0.904
256 0.095 0.594
257 0.407 0.449
258 0.463 0.317
259 0.257 0.98
260 0.259 0.325
261 0.812 0.532
262 0.477 0.369
263 0.542 0.551
264 0.574 0.287
265 0.224 0.736
266 0.708 0.593
267 0.291 0.016
268 0.483 0.576
269 0.088 0.708
270 0.359 0.682
271 0.717 0.475
272 0.863 0.846
273 0.42 0.079
274 0.501 0.57
275 0.514 0.177
276 0.86 0.777
277 0.558 0.129
278 0.914 0.696
279 0.07 0.419
280 0.178 0.691
281 0.955 0.797
282 0.299 0.67
283 0.62 0.742
284 0.815 0.612
285 0.94 0.383
286 0.888 0.011
287 0.2 0.095
288 0.144 0.804
289 0.024 0.65
290 0.576 0.021
291 0.382 0.389
292 0.891 0.352
293 0.743 0.673
294 0.445 0.94
295 0.34 0.645
296 0.51 0.495
297 0.367 0.204
298 0.723 0.664
299 0.459 0.328
300 0.636 0.581
301 0.3 0.631
302 0.418 0.481
303 0.278 0.807
304 0.545 0.606
305 0.865 0.04
306 0.839 0.891
307 0.853 0.56
308 0.719 0.748
309 0.597 0.231
310 0.068 0.121
311 0.257 0.051
312 0.895 0.224
313 0.725 0.884
314 0.226 0.893
315 0.676 0.043
316 0.092 0.343
317 0.796 0.923
318 0.508 0.119
319 0.023 0.02
320 0.015 0.651
321 0.883 0.791
322 0.418 0.639
323 0.725 0.105
324 0.296 0.668
325 0.233 0.463
326 0.875 0.521
327 0.375 0.299
328 0.149 0.383
329 0.29 0.983
330 0.909 0.82
331 0.646 0.738
332 0.293 0.955
333 0.18 0.3
334 0.63 0.133
335 0.08 0.805
336 0.01 0.878
337 0.832 0.006
338 0.834 0.017
339 0.153 0.697
340 0.307 0.495
341 0.875 0.482
342 0.62 0.922
343 0.139 0.46
344 0.207 0.433
345 0.682 0.757
346 0.067 0.025
347 0.566 0.483
348 0.107 0.853
349 0.918 0.063
350 0.226 0.182
351 0.162 0.169
352 0.663 0.887
353 0.064 0.915
354 0.641 0.052
355 0.762 0.675
356 0.905 0.249
357 0.705 0.382
358 0.352 0.296
359 0.595 0.057
360 0.289 0.896
361 0.118 0.796
362 0.728 0.746
363 0.694 0.919
364 0.812 0.078
365 0.573 0.257
366 0.115 0.084
367 0.456 0.139
368 0.495 0.806
369 0.902 0.165
370 0.262 0.178
371 0.104 0.647
372 0.006 0.832
373 0.215 0.289
374 0.312 0.365
375 0.55 0.299
376 0.757 0.444
377 0.275 0.781
378 0.128 0.07
379 0.869 0.911
380 0.04 0.822
381 0.609 0.785
382 0.772 0.323
383 0.119 0.329
384 0.891 0.247
385 0.401 0.169
386 0.432 0.915
387 0.53 0.765
388 0.939 0.358
389 0.633 0.537
390 0.318 0.313
391 0.856 0.987
392 0.647 0.287
393 0.711 0.977
394 0.746 0.09
395 0.705 0.332
396 0.839 0.599
397 0.707 0.655
398 0.07 0.837
399 0.324 0.532
400 0.104 0.884
401 0.687 0.033
402 0.715 0.216
403 0.924 0.786
404 0.828 0.085
405 0.468 0.042
406 0.622 0.14
407 0.356 0.197
408 0.723 0.893
409 0.716 0.709
410 0.669 0.919
411 0.482 0.576
412 0.769 0.909
413 0.604 0.689
414 0.219 0.699
415 0.935 0.305
416 0.732 0.676
417 0.191 0.619
418 0.598 0.348
419 0.452 0.257
420 0.655 0.282
421 0.439 0.454
422 0.474 0.388
423 0.506 0.077
424 0.298 0.573
425 0.899 0.223
426 0.32 0.894
427 0.251 0.939
428 0.298 0.279
429 0.684 0.68
430 0.022 0.274
431 0.583 0.021
432 0.727 0.312
433 0.46 0.134
434 0.354 0.441
435 0.019 0.351
436 0.371 0.604
437 0.794 0.02
438 0.292 0.889
439 0.837 0.173
440 0.05 0.217
441 0.531 0.956
442 0.244 0.305
443 0.755 0.034
444 0.764 0.474
445 0.154 0.586
446 0.375 0.626
447 0.331 0.214
448 0.843 0.501
449 0.887 0.857
450 0.43 0.054
451 0.774 0.663
452 0.816 0.81
453 0.726 0.778
454 0.179 0.456
455 0.771 0.927
456 0.367 0.326
457 0.552 0.942
458 0.218 0.175
459 0.17 0.414
460 0.467 0.596
461 0.306 0.253
462 0.758 0.72
463 0.287 0.7
464 0.289 0.003
465 0.389 0.409
466 0.736 0.118
467 0.138 0.935
468 0.713 0.016
469 0.604 0.164
470 0.273 0.302
471 0.426 0.962
472 0.594 0.481
473 0.028 0.614
474 0.468 0
475 0.233 0.26
476 0.123 0.738
477 0.764 0.348
478 0.039 0.56
479 0.893 0.445
480 0.862 0.705
481 0.394 0.39
482 0.809 0.323
483 0.063 0.045
484 0.311 0.583
485 0.699 0.879
486 0.436 0.316
487 0.093 0.56
488 0.951 0.181
489 0.673 0.163
490 0.837 0.975
491 0.374 0.15
492 0.715 0.802
493 0.313 0.454
494 0.683 0.503
495 0.559 0.035
496 0.296 0.408
497 0.048 0.986
498 0.512 0.865
499 0.944 0.949
500 0.159 0.98
501 0.187 0.588
502 0.156 0.044
503 0.111 0.622
504 0.823 0.789
505 0.926 0.437
506 0.638 0.587
507 0.899 0.937
508 0.266 0.611
509 0.305 0.417
510 0.679 0.363
511 0.819 0.168
512 0.888 0.871
513 0.092 0.219
514 0.231 0.83
515 0.433 0.703
516 0.582 0.313
517 0.84 0.715
518 0.58 0.296
519 0.94 0.414
520 0.762 0.393
521 0.497 0.245
522 0.603 0.326
523 0.73 0.374
524 0.354 0.559
525 0.316 0.26
526 0.425 0.354
527 0.808 0.187
528 0.343 0.764
529 0.659 0.041
530 0.076 0.247
531 0.289 0.074
532 0.312 0.536
533 0.568 0.887
534 0.65 0.724
535 0.631 0.704
536 0.368 0.873
537 0.865 0.144
538 0.455 0.227
539 0.828 0.352
540 0.711 0.496
541 0.825 0.321
542 0.385 0.968
543 0.349 0.745
544 0.825 0.639
545 0.543 0.4
546 0.242 0.898
547 0.758 0.974
548 0.751 0.732
549 0.358 0.605
550 0.262 0.123
551 0.256 0.145
552 0.654 0.066
553 0.567 0.746
554 0.449 0.812
555 0.468 0.375
556 0.922 0.47
557 0.322 0.887
558 0.556 0.927
559 0.325 0.129
560 0.233 0.401
561 0.19 0.75
562 0.162 0.881
563 0.77 0.382
564 0.255 0.358
565 0.256 0.912
566 0.577 0.052
567 0.355 0.31
568 0.54 0.14
569 0.46 0.829
570 0.91 0.95
571 0.706 0.886
572 0.401 0.365
573 0.132 0.149
574 0.738 0.24
575 0.247 0.366
576 0.395 0.632
577 0.163 0.233
578 0.243 0.133
579 0.109 0.447
580 0.623 0.212
581 0.306 0.318
582 0.493 0.942
583 0.509 0.871
584 0.035 0.125
585 0.816 0.995
586 0.93 0.994
587 0.28 0.134
588 0.552 0.216
589 0.581 0.914
590 0.489 0.829
591 0.792 0.589
592 0.114 0.634
593 0.742 0.923
594 0.02 0.362
595 0.147 0.889
596 0.051 0.705
597 0.114 0.162
598 0.414 0.794
599 0.625 0.023
600 0.775 0.49
601 0.595 0.436
602 0.179 0.913
603 0.709 0.509
604 0.389 0.114
605 0.184 0.224
606 0.864 0.365
607 0.818 0.941
608 0.363 0.603
609 0.421 0.915
610 0.478 0.962
611 0.96 0.627
612 0.912 0.348
613 0.83 0.168
614 0.369 0.255
615 0.008 0.994
616 0.265 0.03
617 0.405 0.579
618 0.119 0.168
619 0.892 0.259
620 0.564 0.261
621 0.52 0.326
622 0.403 0.759
623 0.836 0.667
624 0.441 0.989
625 0.857 0.348
626 0.346 0.716
627 0.675 0.759
628 0.928 0.671
629 0.176 0.958
630 0.313 0.922
631 0.69 0.59
632 0.728 0.265
633 0.253 0.793
634 0.902 0.994
635 0.098 0.202
636 0.208 0.23
637 0.456 0.307
638 0.145 0.019
639 0.647 0.092
640 0.604 0.151
641 0.421 0.628
642 0.218 0.049
643 0.617 0.735
644 0.665 0.796
645 0.781 0.939
646 0.714 0.445
647 0.048 0.815
648 0.694 0.399
649 0.478 0.704
650 0.909 0.982
651 0.914 0.938
652 0.155 0.374
653 0.003 0.186
654 0.23 0.602
655 0.089 0.316
656 0.691 0.574
657 0.921 0.992
658 0.061 0.841
659 0.184 0.205
660 0.145 0.352
661 0.376 0.875
662 0.244 0.84
663 0.836 0.6
664 0.759 0.437
665 0.459 0.228
666 0.545 0.273
667 0.174 0.544
668 0.521 0.627
669 0.876 0.216
670 0.531 0.797
671 0.094 0.982
672 0.49 0.821
673 0.29 0.926
674 0.665 0.587
675 0.765 0.2
676 0.214 0.669
677 0.188 0.664
678 0.311 0.76
679 0.385 0.284
680 0.263 0.782
681 0.39 0.551
682 0.682 0.401
683 0.941 0.884
684 0.369 0.964
685 0.43 0.827
686 0.188 0.561
687 0.471 0.755
688 0.815 0.193
689 0.397 0.438
690 0.235 0.623
691 0.959 0.886
692 0.15 0.68
693 0.419 0.047
694 0.507 0.069
695 0.681 0.71
696 0.601 0.12
697 0.415 0.854
698 0.647 0.907
699 0.794 0.065
700 0.486 0.965
701 0.865 0.626
702 0.157 0.088
703 0.094 0.399
704 0.788 0.247
705 0.658 0.568
706 0.255 0.296
707 0.654 0.907
708 0.721 0.848
709 0.024 0.231
710 0.135 0.524
711 0.541 0.651
712 0.122 0.394
713 0.196 0.742
714 0.231 0.479
715 0.549 0.01
716 0.751 0.387
717 0.108 0.067
718 0.913 0.497
719 0.344 0.561
720 0.241 0.559
721 0.797 0.352
722 0.584 0.294
723 0.886 0.099
724 0.04 0.225
725 0.892 0.762
726 0.964 0.049
727 0.223 0.667
728 0.285 0.855
729 0.56 0.248
730 0.036 0.851
731 0.014 0.751
732 0.269 0.501
733 0.316 0.315
734 0.514 0.452
735 0.266 0.657
736 0.268 0.175
737 0.197 0.65
738 0.627 0.04
739 0.154 0.662
740 0.48 0.055
741 0.782 0.175
742 0.653 0.583
743 0.735 0.588
744 0.869 0.685
745 0.419 0.932
746 0.851 0.526
747 0.957 0.557
748 0.861 0.792
749 0.047 0.358
750 0.657 0.292
751 0.421 0.632
752 0.769 0.094
753 0.8 0.319
754 0.385 0.097
755 0.071 0.883
756 0.454 0.658
757 0.858 0.063
758 0.879 0.196
759 0.794 0.464
760 0.134 0.009
761 0.893 0.431
762 0.316 0.208
763 0.407 0.108
764 0.708 0.291
765 0.449 0.397
766 0.541 0.553
767 0.076 0.778
768 0.418 0.825
769 0.417 0.262
770 0.037 0.279
771 0.434 0.771
772 0.168 0.136
773 0.051 0.345
774 0.713 0.02
775 0.436 0.154
776 0.743 0.767
777 0.636 0.971
778 0.35 0.524
779 0.611 0.151
780 0.772 0.02
781 0.2 0.769
782 0.168 0.346
783 0.276 0.515
784 0.281 0.863
785 0.575 0.736
786 0.704 0.853
787 0.118 0.761
788 0.465 0.425
789 0.739 0.869
790 0.926 0.462
791 0.925 0.63
792 0.716 0.918
793 0.146 0.876
794 0.69 0.796
795 0.494 0.443
796 0.87 0.558
797 0.143 0.985
798 0.639 0.149
799 0.185 0.164
800 0.765 0.18
801 0.267 0.891
802 0.24 0.393
803 0.743 0.436
804 0.285 0.245
805 0.243 0.362
806 0.883 0.246
807 0.424 0.33
808 0.16 0.162
809 0.125 0.493
810 0.659 0.891
811 0.747 0.728
812 0.138 0.182
813 0.37 0.291
814 0.192 0.779
815 0.298 0.411
816 0.546 0.979
817 0.046 0.924
818 0.182 0.95
819 0.357 0.671
820 0.098 0.415
821 0.264 0.653
822 0.49 0.86
823 0.818 0.756
824 0.25 0.169
825 0.829 0.663
826 0.861 0.528
827 0.695 0.337
828 0.703 0.983
829 0.792 0.017
830 0.59 0.908
831 0.103 0.048
832 0.652 0.41
833 0.072 0.561
834 0.184 0.492
835 0.789 0.659
836 0.679 0.653
837 0.156 0.291
838 0.06 0.853
839 0.721 0.563
840 0.742 0.932
841 0.688 0.872
842 0.299 0.147
843 0.27 0.452
844 0.673 0.126
845 0.386 0.809
846 0.585 0.93
847 0.042 0.434
848 0.746 0.719
849 0.523 0.865
850 0.519 0.875
851 0.779 0.353
852 0.353 0.24
853 0.861 0.232
854 0.189 0.755
855 0.162 0.131
856 0.452 0.236
857 0.067 0.153
858 0.849 0.943
859 0.085 0.711
860 0.282 0.708
861 0.467 0.628
862 0.266 0.679
863 0.877 0.11
864 0.506 0.481
865 0.911 0.523
866 0.419 0.399
867 0.401 0.884
868 0.604 0.36
869 0.96 0.087
870 0.208 0.986
871 0.335 0.744
872 0.84 0.159
873 0.749 0.358
874 0.159 0.002
875 0.188 0.015
876 0.814 0.069
877 0.435 0.627
878 0.47 0.513
879 0.384 0.132
880 0.174 0.958
881 0.773 0.526
882 0.635 0.454
883 0.627 0.472
884 0.217 0.554
885 0.741 0.176
886 0.191 0.422
887 0.3 0.582
888 0.213 0.658
889 0.855 0.29
890 0.336 0.078
891 0.613 0.611
892 0.075 0.884
893 0.716 0.843
894 0.739 0.384
895 0.49 0.602
896 0.812 0.156
897 0.707 0.363
898 0.356 0.891
899 0.586 0.091
900 0.641 0.327
901 0.09 0.303
902 0.197 0.647
903 0.538 0.709
904 0.412 0.901
905 0.898 0.068
906 0.593 0.811
907 0.102 0.079
908 0.786 0.689
909 0.197 0.946
910 0.779 0.69
911 0.363 0.723
912 0.739 0.376
913 0.632 0.447
914 0.416 0.972
915 0.232 0.063
916 0.855 0.266
917 0.355 0.585
918 0.86 0.358
919 0.453 0.125
920 0.633 0.822
921 0.573 0.265
922 0.788 0.22
923 0.165 0.801
924 0.428 0.309
925 0.693 0.37
926 0.071 0.414
927 0.623 0.088
928 0.209 0.544
929 0.014 0.331
930 0.104 0.908
931 0.194 0.461
932 0.219 0.575
933 0.96 0.457
934 0.307 0.822
935 0.968 0.912
936 0.246 0.347
937 0.057 0.184
938 0.026 0.975
939 0.032 0.143
940 0.48 0.587
941 0.53 0.031
942 0.339 0.65
943 0.716 0.456
944 0.16 0.425
945 0.378 0.16
946 0.456 0.421
947 0.887 0.389
948 0.228 0.084
949 0.337 0.169
950 0.411 0.542
951 0.302 0.194
952 0.156 0.781
953 0.185 0.874
954 0.525 0.688
955 0.628 0.288
956 0.064 0.494
957 0.029 0.326
958 0.775 0.903
959 0.313 0.712
960 0.614 0.942
961 0.427 0.513
962 0.11 0.539
963 0.17 0.511
964 0.583 0.892
965 0.286 0.033
966 0.796 0.827
967 0.876 0.551
968 0.386 0.842
969 0.505 0.117
970 0.382 0.645
971 0.528 0.57
972 0.481 0.606
973 0.367 0.255
974 0.622 0.249
975 0.23 0.076
976 0.312 0.887
977 0.045 0.763
978 0.833 0.164
979 0.549 0.974
980 0.218 0.078
981 0.9 0.825
982 0.529 0.884
983 0.486 0.992
984 0.197 0.704
985 0.405 0.157
986 0.166 0.303
987 0.661 0.9
988 0.673 0.791
989 0.536 0.646
990 0.92 0.179
991 0.475 0.419
992 0.769 0.675
993 0.976 0.743
994 0.321 0.854
995 0.464 0.07
996 0.943 0.808
997 0.355 0.275
998 0.319 0.533
999 0.629 0.408
1000 0.286 0.432
1001 0.771 0.949
1002 0.191 0.578
1003 0.047 0.864
1004 0.396 0.444
1005 0.965 0.437
1006 0.453 0.071
1007 0.075 0.822
1008 0.064 0.652
1009 0.055 0.228
1010 0.578 0.613
1011 0.694 0.022
1012 0.124 0.326
1013 0.727 0.051
1014 0.694 0.926
1015 0.243 0.771
1016 0.725 0.119
1017 0.54 0.902
1018 0.075 0.311
1019 0.152 0.93
1020 0.286 0.433
1021 0.414 0.288
1022 0.905 0.194
1023 0.724 0.589
1024 0.234 0.325
1025 0.301 0.809
1026 0.839 0.78
1027 0.594 0.292
1028 0.74 0.104
1029 0.448 0.965
1030 0.873 0.814
1031 0.083 0.935
1032 0.047 0.928
1033 0.338 0.88
1034 0.117 0.841
1035 0.74 0.406
1036 0.723 0.928
1037 0.59 0.247
1038 0.262 0.819
1039 0.26 0.31
1040 0.163 0.332
1041 0.444 0.743
1042 0.431 0.783
1043 0.062 0.268
1044 0.308 0.324
1045 0.729 0.633
1046 0.544 0.706
1047 0.099 0.373
1048 0.213 0.695
1049 0.078 0.95
1050 0.188 0.17
1051 0.438 0.412
1052 0.442 0.202
1053 0.703 0.081
1054 0.79 0.014
1055 0.508 0.263
1056 0.078 0.733
1057 0.873 0.011
1058 0.498 0.895
1059 0.851 0.552
1060 0.343 0.644
1061 0.223 0.05
1062 0.496 0.058
1063 0.913 0.798
1064 0.374 0.641
1065 0.638 0.821
1066 0.268 0.965
1067 0.295 0.042
1068 0.976 0.489
1069 0.689 0.584
1070 0.585 0.087
1071 0.926 0.256
1072 0.568 0.181
1073 0.341 0.914
1074 0.55 0.699
1075 0.423 0.755
1076 0.684 0.392
1077 0.899 0.852
1078 0.137 0.84
1079 0.215 0.891
1080 0.876 0.54
1081 0.942 0.163
1082 0.387 0.682
1083 0.447 0.261
1084 0.964 0.269
1085 0.78 0.19
1086 0.069 0.635
1087 0.215 0.193
1088 0.284 0.673
1089 0.972 0.084
1090 0.25 0.776
1091 0.25 0.24
1092 0.523 0.236
1093 0.876 0.532
1094 0.763 0.167
1095 0.829 0.004
1096 0.283 0.519
1097 0.267 0.322
1098 0.862 0.655
1099 0.031 0.17
1100 0.78 0.962
1101 0.098 0.993
1102 0.254 0.228
1103 0.186 0.275
1104 0.272 0.022
1105 0.238 0.815
1106 0.131 0.239
1107 0.384 0.254
1108 0.298 0.804
1109 0.402 0.192
1110 0.212 0.624
1111 0.617 0.083
1112 0.235 0.626
1113 0.324 0.501
1114 0.901 0.554
1115 0.932 0.871
1116 0.411 0.767
1117 0.666 0.293
1118 0.487 0.813
1119 0.24 0.211
1120 0.255 0.704
1121 0.298 0.561
1122 0.789 0.659
1123 0.905 0.584
1124 0.614 0.782
1125 0.106 0.105
1126 0.551 0.001
1127 0.725 0.96
1128 0.531 0.328
1129 0.597 0.482
1130 0.938 0.143
1131 0.275 0.563
1132 0.851 0.907
1133 0.23 0.94
1134 0.007 0.23
1135 0.005 0.495
1136 0.227 0.51
1137 0.846 0.169
1138 0.218 0.395
1139 0.797 0.518
1140 0.809 0.509
1141 0.781 0.928
1142 0.107 0.833
1143 0.041 0.594
1144 0.85 0.968
1145 0.265 0.214
1146 0.882 0.863
1147 0.349 0.547
1148 0.679 0.708
1149 0.885 0.468
1150 0.609 0.317
1151 0.538 0.341
1152 0.77 0.703
1153 0.257 0.164
1154 0.561 0.965
1155 0.676 0.356
1156 0.601 0.742
1157 0.329 0.89
1158 0.224 0.892
1159 0.583 0.027
1160 0.469 0.271
1161 0.124 0.411
1162 0.509 0.812
1163 0.575 0.001
1164 0.338 0.362
1165 0.11 0.874
1166 0.135 0.178
1167 0.079 0.073
1168 0.139 0.594
1169 0.313 0.779
1170 0.07 0.767
1171 0.168 0.242
1172 0.694 0.249
1173 0.317 0.439
1174 0.859 0.04
1175 0.255 0.311
1176 0.542 0.433
1177 0.3 0.188
1178 0.822 0.023
1179 0.172 0.555
1180 0.292 0.084
1181 0.289 0.635
1182 0.344 0.212
1183 0.62 0.972
1184 0.117 0.717
1185 0.395 0.35
1186 0.529 0.681
1187 0.194 0.514
1188 0.516 0.773
1189 0.158 0.61
1190 0.28 0.294
1191 0.115 0.589
1192 0.382 0.945
1193 0.54 0.66
1194 0.681 0.873
1195 0.36 0.137
1196 0.059 0.545
1197 0.669 0.332
1198 0.308 0.41
1199 0.389 0.884
1200 0.555 0.128
1201 0.599 0.771
1202 0.257 0.787
1203 0.892 0.759
1204 0.009 0.324
1205 0.352 0.114
1206 0.137 0.944
1207 0.06 0.051
1208 0.795 0.647
1209 0.705 0.897
1210 0.248 0.615
1211 0.443 0.329
1212 0.2 0.796
1213 0.237 0.622
1214 0.253 0.292
1215 0.838 0.638
1216 0.709 0.178
1217 0.375 0.064
1218 0.266 0.723
1219 0.948 0.572
1220 0.493 0.34
1221 0.293 0.473
1222 0.504 0.828
1223 0.767 0.879
1224 0.765 0.818
1225 0.043 0.967
1226 0.141 0.321
1227 0.715 0.755
1228 0.628 0.65
1229 0.421 0.714
1230 0.221 0.665
1231 0.28 0.894
1232 0.817 0.281
1233 0.554 0.124
1234 0.413 0.52
1235 0.891 0.356
1236 0.804 0.942
1237 0.424 0.419
1238 0.32 0.622
1239 0.833 0.866
1240 0.918 0.443
1241 0.299 0.426
1242 0.563 0.406
1243 0.795 0.049
1244 0.363 0.091
1245 0.783 0.863
1246 0.854 0.251
1247 0.009 0.841
1248 0.047 0.094
1249 0.622 0.893
1250 0.093 0.291
1251 0.437 0.874
1252 0.543 0.363
1253 0.043 0.006
1254 0.014 0.428
1255 0.321 0.448
1256 0.944 0.192
1257 0.287 0.779
1258 0.929 0.765
1259 0.411 0.491
1260 0.316 0.871
1261 0.89 0.395
1262 0.257 0.188
1263 0.88 0.883
1264 0.293 0.684
1265 0.443 0.469
1266 0.931 0.398
1267 0.835 0.769
1268 0.819 0.552
1269 0.478 0.352
1270 0.178 0.281
1271 0.873 0.676
1272 0.8 0.321
1273 0.495 0.406
1274 0.959 0.161
1275 0.624 0.962
1276 0.335 0.019
1277 0.396 0.254
1278 0.304 0.073
1279 0.222 0.717
1280 0.104 0.362
1281 0.157 0.102
1282 0.954 0.591
1283 0.291 0.558
1284 0.825 0.552
1285 0.8 0.098
1286 0.326 0.569
1287 0.723 0.145
1288 0.558 0.426
1289 0.477 0.586
1290 0.54 0.853
1291 0.548 0.218
1292 0.067 0.967
1293 0.274 0.418
1294 0.001 0.914
1295 0.238 0.485
1296 0.567 0.48
1297 0.481 0.067
1298 0.463 0.633
1299 0.82 0.635
1300 0.407 0.292
1301 0.345 0.883
1302 0.661 0.545
1303 0.815 0.132
1304 0.746 0.679
1305 0.574 0.642
1306 0.303 0.555
1307 0.351 0.435
1308 0.044 0.065
1309 0.61 0.287
1310 0.158 0.769
1311 0.634 0.973
1312 0.933 0.278
1313 0.746 0.384
1314 0.253 0.903
1315 0.825 0.192
1316 0.638 0.376
1317 0.38 0.374
1318 0.392 0.292
1319 0.887 0.692
1320 0.245 0.949
1321 0.84 0.641
1322 0.838 0.445
1323 0.911 0.332
1324 0.579 0.373
1325 0.824 0.648
1326 0.728 0.492
1327 0.534 0.966
1328 0.669 0.5
1329 0.676 0.684
1330 0.64 0.66
1331 0.047 0.324
1332 0.099 0.223
1333 0.294 0.648
1334 0.544 0.582
1335 0.788 0.32
1336 0.064 0.356
1337 0.956 0.322
1338 0.102 0.246
1339 0.502 0.675
1340 0.58 0.167
1341 0.832 0.395
1342 0.943 0.777
1343 0.116 0.963
1344 0.734 0.17
1345 0.95 0.644
1346 0.576 0.614
1347 0.592 0.181
1348 0.322 0.62
1349 0.531 0.585
1350 0.785 0.692
1351 0.35 0.958
1352 0.506 0.887
1353 0.447 0.612
1354 0.358 0.219
1355 0.049 0.564
1356 0.496 0.024
1357 0.21 0.351
1358 0.51 0.318
1359 0.491 0.883
1360 0.579 0.416
1361 0.752 0.342
1362 0.813 0.425
1363 0.127 0.53
1364 0.649 0.764
1365 0.877 0.227
1366 0.459 0.649
1367 0.253 0.153
1368 0.868 0.413
1369 0.319 0.928
1370 0.548 0.747
1371 0.308 0.244
1372 0.554 0.842
1373 0.167 0.25
1374 0.161 0.31
1375 0.228 0.248
1376 0.425 0.968
1377 0.47 0.789
1378 0.518 0.468
1379 0.927 0.872
1380 0.597 0.154
1381 0.032 0.591
1382 0.211 0.324
1383 0.872 0.226
1384 0.161 0.222
1385 0.536 0.005
1386 0.259 0.611
1387 0.288 0.357
1388 0.94 0.267
1389 0.194 0.455
1390 0.216 0.156
1391 0.108 0.055
1392 0.281 0.554
1393 0.782 0.583
1394 0.669 0.402
1395 0.306 0.961
1396 0.821 0.15
1397 0.932 0.13
1398 0.56 0.11
1399 0.336 0.713
1400 0.866 0.495
1401 0.175 0.54
1402 0.292 0.499
1403 0.957 0.926
1404 0.715 0.741
1405 0.686 0.994
1406 0.55 0.525
1407 0.063 0.407
1408 0.09 0.777
1409 0.668 0.023
1410 0.627 0.767
1411 0.346 0.675
1412 0.209 0.369
1413 0.507 0.483
1414 0.277 0.307
1415 0.558 0.342
1416 0.928 0.451
1417 0.512 0.651
1418 0.59 0.337
1419 0.357 0.366
1420 0.259 0.205
1421 0.403 0.948
1422 0.549 0.882
1423 0.196 0.202
1424 0.707 0.126
1425 0.147 0.776
1426 0.735 0.446
1427 0.341 0.618
1428 0.265 0.619
1429 0.75 0.009
1430 0.655 0.16
1431 0.743 0.411
1432 0.565 0.757
1433 0.224 0.086
1434 0.488 0.564
1435 0.269 0.25
1436 0.317 0.313
1437 0.316 0.978
1438 0.626 0.107
1439 0.47 0.023
1440 0.145 0.992
1441 0.825 0.284
1442 0.176 0.868
1443 0.754 0.054
1444 0.914 0.873
1445 0.947 0.237
1446 0.621 0.499
1447 0.585 0.566
1448 0.46 0.384
1449 0.576 0.163
1450 0.357 0.945
1451 0.193 0.211
1452 0.626 0.481
1453 0.294 0.089
1454 0.615 0.161
1455 0.439 0.551
1456 0.937 0.517
1457 0.322 0.883
1458 0.579 0.152
1459 0.2 0.105
1460 0.276 0.146
1461 0.811 0.175
1462 0.7 0.273
1463 0.521 0.123
1464 0.027 0.271
1465 0.677 0.628
1466 0.783 0.229
1467 0.681 0.166
1468 0.831 0.762
1469 0.145 0.409
1470 0.382 0.215
1471 0.287 0.988
1472 0.173 0.962
1473 0.124 0.905
1474 0.288 0.893
1475 0.143 0.035
1476 0.206 0.381
1477 0.454 0.268
1478 0.225 0.871
1479 0.339 0.442
1480 0.648 0.058
1481 0.201 0.699
1482 0.34 0.246
1483 0.925 0.784
1484 0 0.379
1485 0.104 0.429
1486 0.606 0.774
1487 0.852 0.006
1488 0.624 0.793
1489 0.671 0.149
1490 0.467 0.194
1491 0.835 0.546
1492 0.737 0.538
1493 0.274 0.354
1494 0.578 0.645
1495 0.378 0.672
1496 0.522 0.652
1497 0.408 0.377
1498 0.373 0.162
1499 0.404 0.276
1500 0.329 0.34
1501 0.842 0.464
1502 0.724 0.252
1503 0.849 0.718
1504 0.545 0.906
1505 0.088 0.873
1506 0.171 0.069
1507 0.29 0.081
1508 0.088 0.654
1509 0.695 0.095
1510 0.81 0.226
1511 0.245 0.808
1512 0.687 0.354
1513 0.347 0.893
1514 0.057 0.109
1515 0.878 0.315
1516 0.653 0.66
1517 0.634 0.299
1518 0.05 0.543
1519 0.789 0.658
1520 0.405 0.792
1521 0.816 0.702
1522 0.894 0.497
1523 0.341 0.376
1524 0.186 0.165
1525 0.804 0.6
1526 0.43 0.375
1527 0.966 0.953
1528 0.753 0.218
1529 0.288 0.347
1530 0.692 0.12
1531 0.503 0.173
1532 0.303 0.834
1533 0.801 0.414
1534 0.443 0.36
1535 0.899 0.515
1536 0.204 0.665
1537 0.379 0.789
1538 0.794 0.983
1539 0.505 0.128
1540 0.653 0.645
1541 0.626 0.914
1542 0.903 0.898
1543 0.951 0.509
1544 0.242 0.97
1545 0.272 0.174
1546 0.9 0.675
1547 0.501 0.097
1548 0.26 0.189
1549 0.732 0.542
1550 0.962 0.362
1551 0.046 0.257
1552 0.669 0.053
1553 0.51 0.294
1554 0.223 0.223
1555 0.164 0.183
1556 0.964 0.099
1557 0.564 0.662
1558 0.515 0.33
1559 0.143 0.309
1560 0.702 0.988
1561 0.712 0.695
1562 0.868 0.9
1563 0.581 0.812
1564 0.618 0.727
1565 0.137 0.32
1566 0.52 0.032
1567 0.586 0.974
1568 0.576 0.667
1569 0.037 0.661
1570 0.593 0.386
1571 0.236 0.76
1572 0.688 0.332
1573 0.199 0.796
1574 0.448 0.373
1575 0.163 0.848
1576 0.408 0.78
1577 0.467 0.381
1578 0.606 0.517
1579 0.891 0.659
1580 0.366 0.052
1581 0.367 0.29
1582 0.125 0.121
1583 0.964 0.686
1584 0.326 0.937
1585 0.74 0.133
1586 0.923 0.35
1587 0.092 0.549
1588 0.823 0.03
1589 0.517 0.867
1590 0.712 0.293
1591 0.073 0.724
1592 0.639 0.845
1593 0.954 0.698
1594 0.303 0.976
1595 0.575 0.648
1596 0.813 0.533
1597 0.647 0.25
1598 0.506 0.932
1599 0.294 0.985
1600 0.692 0.268
1601 0.952 0.162
1602 0.426 0.907
1603 0.533 0.947
1604 0.073 0.446
1605 0.175 0.39
1606 0.444 0.49
1607 0.813 0.303
1608 0.22 0.735
1609 0.133 0.472
1610 0.008 0.294
1611 0.143 0.386
1612 0.565 0.671
1613 0.858 0.54
1614 0.085 0.418
1615 0.07 0.486
1616 0.828 0.753
1617 0.188 0.467
1618 0.576 0.65
1619 0.47 0.593
1620 0.037 0.881
1621 0.92 0.026
1622 0.533 0.601
1623 0.736 0.185
1624 0.122 0.253
1625 0.898 0.805
1626 0.737 0.045
1627 0.388 0.539
1628 0.857 0.993
1629 0.308 0.495
1630 0.165 0.614
1631 0.707 0.479
1632 0.664 0.341
1633 0.188 0.927
1634 0.739 0.356
1635 0.454 0.145
1636 0.503 0.497
1637 0.809 0.446
1638 0.645 0.253
1639 0.691 0.492
1640 0.076 0.217
1641 0.953 0.927
1642 0.056 0.859
1643 0.337 0.898
1644 0.783 0.185
1645 0.727 0.515
1646 0.301 0.506
1647 0.074 0.979
1648 0.46 0.634
1649 0.453 0.564
1650 0.11 0.529
1651 0.455 0.443
1652 0.948 0.872
1653 0.138 0.128
1654 0.567 0.967
1655 0.236 0.128
1656 0.695 0.313
1657 0.628 0.884
1658 0.854 0.137
1659 0.825 0.618
1660 0.341 0.699
1661 0.952 0.128
1662 0.205 0.415
1663 0.771 0.262
1664 0.1 0.184
1665 0.891 0.968
1666 0.375 0.03
1667 0.073 0.758
1668 0.678 0.848
1669 0.056 0.69
1670 0.539 0.706
1671 0.787 0.369
1672 0.883 0.939
1673 0.707 0.887
1674 0.159 0.037
1675 0.894 0.848
1676 0.665 0.051
1677 0.799 0.535
1678 0.571 0.965
1679 0.264 0.652
1680 0.848 0.317
1681 0.597 0.204
1682 0.157 0.141
1683 0.54 0.928
1684 0.439 0.687
1685 0.591 0.96
1686 0.564 0.611
1687 0.864 0.278
1688 0.691 0.14
1689 0.111 0.861
1690 0.524 0.228
1691 0.411 0.811
1692 0.716 0.45
1693 0.181 0.841
1694 0.71 0.445
1695 0.865 0.957
1696 0.361 0.426
1697 0.343 0.373
1698 0.517 0.124
1699 0.54 0.981
1700 0.577 0.798
1701 0.453 0.085
1702 0.297 0.126
1703 0.678 0.774
1704 0.708 0.561
1705 0.972 0.108
1706 0.101 0.091
1707 0.964 0.565
1708 0.581 0.456
1709 0.97 0.837
1710 0.317 0.181
1711 0.605 0.69
1712 0.179 0.757
1713 0.246 0.801
1714 0.556 0.395
1715 0.62 0.041
1716 0.652 0.905
1717 0.836 0.478
1718 0.382 0.41
1719 0.584 0.081
1720 0.93 0.412
1721 0.756 0.509
1722 0.548 0.486
1723 0.435 0.729
1724 0.562 0.423
1725 0.914 0.134
1726 0.022 0.846
1727 0.89 0.955
1728 0.605 0.873
1729 0.949 0.017
1730 0.248 0.83
1731 0.373 0.516
1732 0.181 0.266
1733 0.669 0.007
1734 0.178 0.42
1735 0.947 0.187
1736 0.962 0.052
1737 0.412 0.282
1738 0.39 0.324
1739 0.806 0.444
1740 0.698 0.703
1741 0.083 0.415
1742 0.726 0.621
1743 0.481 0.924
1744 0.438 0.398
1745 0.437 0.221
1746 0.137 0.561
1747 0.391 0.461
1748 0.74 0.18
1749 0.837 0.46
1750 0.27 0.586
1751 0.028 0.027
1752 0.53 0.231
1753 0.775 0.501
1754 0.175 0.128
1755 0.207 0.877
1756 0.247 0.507
1757 0.443 0.839
1758 0.744 0.694
1759 0.441 0.534
1760 0.166 0.393
1761 0.113 0.727
1762 0.084 0.544
1763 0.488 0.159
1764 0.716 0.239
1765 0.559 0.336
1766 0.448 0.82
1767 0.82 0.749
1768 0.011 0.798
1769 0.772 0.842
1770 0.828 0.317
1771 0.186 0.42
1772 0.748 0.537
1773 0.618 0.915
1774 0.019 0.548
1775 0.443 0.408
1776 0.376 0.488
1777 0.724 0.96
1778 0.023 0.939
1779 0.912 0.68
1780 0.867 0.521
1781 0.513 0.082
1782 0.306 0.453
1783 0.81 0.967
1784 0.276 0.58
1785 0.039 0.194
1786 0.698 0.237
1787 0.465 0.69
1788 0.117 0.884
1789 0.117 0.131
1790 0.05 0.822
1791 0.562 0.18
1792 0.956 0.423
1793 0.217 0.254
1794 0.686 0.432
1795 0.857 0.463
1796 0.096 0.046
1797 0.418 0.121
1798 0.583 0.64
1799 0.692 0.77
1800 0.918 0.462
1801 0.671 0.754
1802 0.741 0.562
1803 0.423 0.09
1804 0.841 0.654
1805 0.733 0.504
1806 0.075 0.343
1807 0.829 0.635
1808 0.704 0.613
1809 0.611 0.78
1810 0.42 0.605
1811 0.857 0.27
1812 0.285 0.73
1813 0.1 0.242
1814 0.179 0.643
1815 0.507 0.49
1816 0.901 0.724
1817 0.507 0.648
1818 0.199 0.694
1819 0.561 0.459
1820 0.06 0.564
1821 0.789 0.182
1822 0.455 0.955
1823 0.625 0.091
1824 0.636 0.483
1825 0.557 0.601
1826 0.876 0.317
1827 0.511 0.512
1828 0.272 0.486
1829 0.831 0.98
1830 0.343 0.449
1831 0.087 0.855
1832 0.16 0.316
1833 0.713 0.693
1834 0.841 0.651
1835 0.633 0.179
1836 0.086 0.442
1837 0.255 0.152
1838 0.284 0.109
1839 0.2 0.929
1840 0.397 0.118
1841 0.677 0.86
1842 0.692 0.425
1843 0.808 0.34
1844 0.35 0.145
1845 0.309 0.945
1846 0.163 0.974
1847 0.014 0.862
1848 0.115 0.954
1849 0.572 0.961
1850 0.918 0.392
1851 0.444 0.792
1852 0.763 0.887
1853 0.724 0.474
1854 0.638 0.308
1855 0.59 0.429
1856 0.146 0.633
1857 0.55 0.066
1858 0.336 0.413
1859 0.798 0.797
1860 0.184 0.109
1861 0.374 0.537
1862 0.267 0.023
1863 0.699 0.124
1864 0.115 0.572
1865 0.206 0.161
1866 0.518 0.119
1867 0.438 0.607
1868 0.566 0.822
1869 0.7 0.802
1870 0.305 0.618
1871 0.2 0.635
1872 0.094 0.659
1873 0.467 0.538
1874 0.912 0.039
1875 0.882 0.329
1876 0.213 0.592
1877 0.13 0.956
1878 0.667 0.285
1879 0.615 0.227
1880 0.898 0.265
1881 0.192 0.069
1882 0.184 0.956
1883 0.71 0.119
1884 0.123 0.541
1885 0.46 0.143
1886 0.397 0.8
1887 0.147 0.673
1888 0.273 0.987
1889 0.792 0.099
1890 0.396 0.494
1891 0.655 0.918
1892 0.343 0.39
1893 0.65 0.19
1894 0.326 0.66
1895 0.279 0.182
1896 0.548 0.431
1897 0.529 0.829
1898 0.787 0.742
1899 0.911 0.72
1900 0.146 0.287
1901 0.712 0.922
1902 0.928 0.924
1903 0.604 0.835
1904 0.207 0.841
1905 0.083 0.063
1906 0.865 0.007
1907 0.245 0.164
1908 0.583 0.749
1909 0.584 0.322
1910 0.622 0.593
1911 0.761 0.082
1912 0.212 0.921
1913 0.379 0.814
1914 0.63 0.749
1915 0.55 0.986
1916 0.534 0.154
1917 0.451 0.415
1918 0.765 0.188
1919 0.323 0.467
1920 0.481 0.524
1921 0.43 0.391
1922 0.902 0.379
1923 0.402 0.692
1924 0.153 0.379
1925 0.572 0.453
1926 0.57 0.859
1927 0.97 0.097
1928 0.585 0.105
1929 0.46 0.853
1930 0.882 0.341
1931 0.078 0.097
1932 0.59 0.915
1933 0.043 0.51
1934 0.221 0.698
1935 0.194 0.487
1936 0.855 0.418
1937 0.642 0.608
1938 0.562 0.235
1939 0.77 0.694
1940 0.529 0.52
1941 0.378 0.693
1942 0.336 0.44
1943 0.433 0.188
1944 0.695 0.461
1945 0.516 0.717
1946 0.823 0.901
1947 0.672 0.315
1948 0.276 0.306
1949 0.062 0.438
1950 0.1 0.234
1951 0.635 0.697
1952 0.18 0.688
1953 0.736 0.231
1954 0.746 0.052
1955 0.696 0.79
1956 0.397 0.863
1957 0.09 0.68
1958 0.945 0.39
1959 0.451 0.145
1960 0.638 0.132
1961 0.138 0.966
1962 0.292 0.924
1963 0.914 0.245
1964 0.864 0.949
1965 0.417 0.563
1966 0.004 0.024
1967 0.388 0.655
1968 0.524 0.887
1969 0.615 0.471
1970 0.01 0.48
1971 0.513 0.346
1972 0.194 0.156
1973 0.33 0.454
1974 0.887 0.158
1975 0.599 0.276
1976 0.603 0.185
1977 0.341 0.596
1978 0.468 0.208
1979 0.4 0.76
1980 0.579 0.678
1981 0.518 0.374
1982 0.378 0.577
1983 0.892 0.311
1984 0.523 0.653
1985 0.688 0.295
1986 0.147 0.393
1987 0.428 0.34
1988 0.94 0.099
1989 0.88 0.624
1990 0.686 0.473
1991 0.676 0.688
1992 0.337 0.53
1993 0.339 0.735
1994 0.582 0.378
1995 0.241 0.38
1996 0.801 0.962
1997 0.884 0.431
1998 0.893 0.101
1999 0.046 0.889
2000 0.879 0.559
2001 0.123 0.801
2002 0.931 0.156
2003 0.213 0.36
2004 0.714 0.23
2005 0.395 0.993
2006 0.176 0.043
2007 0.049 0.668
2008 0.395 0.486
2009 0.296 0.523
2010 0.954 0.709
2011 0.47 0.475
2012 0.684 0.873
2013 0.103 0.156
2014 0.411 0.387
2015 0.923 0.493
2016 0.73 0.101
2017 0.526 0.651
2018 0.619 0.186
2019 0.514 0.95
2020 0.718 0.691
2021 0.549 0.406
2022 0.012 0.868
2023 0.131 0.39
2024 0.907 0.464
2025 0.543 0.665
2026 0.355 0.943
2027 0.402 0.689
2028 0.174 0.453
2029 0.148 0.403
2030 0.483 0.779
2031 0.371 0.093
2032 0.115 0.745
2033 0.73 0.484
2034 0.819 0.166
2035 0.563 0.385
2036 0.919 0.226
2037 0.65 0.096
2038 0.324 0.088
2039 0.534 0.835
2040 0.242 0.933
2041 0.481 0.029
2042 0.747 0.872
2043 0.233 0.225
2044 0.856 0.324
2045 0.055 0.632
2046 0.793 0.282
2047 0.506 0.401
2048 0.33 0.41
2049 0.388 0.874
2050 0.866 0.718
2051 0.297 0.703
2052 0.72 0.574
2053 0.921 0.836
2054 0.548 0.163
2055 0.754 0.941
2056 0.117 0.126
2057 0.399 0.473
2058 0.238 0.238
2059 0.613 0.589
2060 0.275 0.578
2061 0.424 0.189
2062 0.572 0.566
2063 0.79 0.179
2064 0.211 0.782
2065 0.393 0.757
2066 0.612 0.317
2067 0.081 0.432
2068 0.32 0.855
2069 0.136 0.218
2070 0.125 0.867
2071 0.605 0.108
2072 0.612 0.486
2073 0.022 0.797
2074 0.551 0.872
2075 0.554 0.382
2076 0.091 0.44
2077 0.277 0.189
2078 0.949 0.507
2079 0.111 0.713
2080 0.338 0.797
2081 0.675 0.353
2082 0.312 0.228
2083 0.337 0.203
2084 0.681 0.811
2085 0.552 0.811
2086 0.375 0.174
2087 0.792 0.971
2088 0.032 0.026
2089 0.957 0.78
2090 0.25 0.801
2091 0.242 0.717
2092 0.283 0.023
2093 0.396 0.455
2094 0.593 0.933
2095 0.513 0.198
2096 0.865 0.606
2097 0.635 0.961
2098 0.234 0.189
2099 0.154 0.884
2100 0.766 0.512
2101 0.086 0.373
2102 0.205 0.902
2103 0.741 0.352
2104 0.162 0.867
2105 0.744 0.84
2106 0.084 0.17
2107 0.434 0.638
2108 0.407 0.239
2109 0.234 0.798
2110 0.792 0.526
2111 0.517 0.64
2112 0.586 0.728
2113 0.317 0.145
2114 0.803 0.408
2115 0.041 0.052
2116 0.001 0.96
2117 0.599 0.865
2118 0.088 0.026
2119 0.873 0.13
2120 0.177 0.107
2121 0.588 0.233
2122 0.223 0.848
2123 0.107 0.062
2124 0.782 0.675
2125 0.058 0.968
2126 0.111 0.222
2127 0.794 0.516
2128 0.479 0.55
2129 0.917 0.523
2130 0.851 0.875
2131 0.507 0.434
2132 0.438 0.239
2133 0.008 0.772
2134 0.352 0.338
2135 0.131 0.483
2136 0.174 0.249
2137 0.709 0.813
2138 0.162 0.642
2139 0.147 0.177
2140 0.331 0.476
2141 0.468 0.086
2142 0.646 0.005
2143 0.893 0.793
2144 0.208 0.078
2145 0.541 0.891
2146 0.807 0.846
2147 0.73 0.031
2148 0.451 0.206
2149 0.179 0.484
2150 0.782 0.25
2151 0.203 0.636
2152 0.726 0.01
2153 0.536 0.314
2154 0.048 0.253
2155 0.626 0.409
2156 0.728 0.573
2157 0.802 0.73
2158 0.958 0.472
2159 0.129 0.049
2160 0.89 0.859
2161 0.034 0.994
2162 0.389 0.451
2163 0.67 0.388
2164 0.312 0.205
2165 0.466 0.907
2166 0.69 0.374
2167 0.045 0.333
2168 0.596 0.904
2169 0.525 0.997
2170 0.446 0.211
2171 0.646 0.431
2172 0.166 0.824
2173 0.229 0.014
2174 0.506 0.991
2175 0.855 0.52
2176 0.237 0.698
2177 0.838 0.952
2178 0.155 0.023
2179 0.075 0.676
2180 0.094 0.277
2181 0.197 0.411
2182 0.423 0.13
2183 0.798 0.136
2184 0.497 0.199
2185 0.577 0.634
2186 0.175 0.141
2187 0.636 0.819
2188 0.731 0.85
2189 0.8 0.023
2190 0.806 0.855
2191 0.706 0.303
2192 0.329 0.261
2193 0.081 0.116
2194 0.27 0.064
2195 0.618 0.363
2196 0.981 0.422
2197 0.52 0.175
2198 0.888 0.811
2199 0.896 0.35
2200 0.494 0.622
2201 0.202 0.28
2202 0.289 0.396
2203 0.021 0.905
2204 0.847 0.355
2205 0.6 0.72
2206 0.307 0.16
2207 0.447 0.958
2208 0.891 0.811
2209 0.52 0.546
2210 0.732 0.012
2211 0.241 0.801
2212 0.438 0.689
2213 0.879 0.559
2214 0.662 0.46
2215 0.542 0.357
2216 0.573 0.882
2217 0.674 0.026
2218 0.672 0.301
2219 0.379 0.958
2220 0.622 0.934
2221 0.311 0.453
2222 0.715 0.118
2223 0.801 0.021
2224 0.785 0.716
2225 0.506 0.474
2226 0.973 0.06
2227 0.451 0.253
2228 0.625 0.028
2229 0.863 0.17
2230 0.035 0.128
2231 0.076 0.081
2232 0.078 0.852
2233 0.664 0.347
2234 0.692 0.265
2235 0.794 0.755
2236 0.211 0.452
2237 0.449 0.168
2238 0.883 0.355
2239 0.52 0.728
2240 0.079 0.044
2241 0.778 0.319
2242 0.904 0.222
2243 0.638 0.453
2244 0.326 0.067
2245 0.647 0.921
2246 0.224 0.591
2247 0.525 0.627
2248 0.658 0.85
2249 0.799 0.907
2250 0.147 0.776
2251 0.611 0.582
2252 0.92 0.762
2253 0.36 0.873
2254 0.251 0.955
2255 0.298 0.099
2256 0.626 0.743
2257 0.499 0.181
2258 0.2 0.722
2259 0.711 0.96
2260 0.155 0.957
2261 0.077 0.149
2262 0.776 0.447
2263 0.311 0.763
2264 0.858 0.095
2265 0.83 0.077
2266 0.849 0.14
2267 0.123 0.335
2268 0.407 0.74
2269 0.7 0.913
2270 0.134 0.258
2271 0.261 0.158
2272 0.734 0.924
2273 0.869 0.602
2274 0.607 0.379
2275 0.396 0.198
2276 0.041 0.022
2277 0.011 0.007
2278 0.139 0.335
2279 0.878 0.584
2280 0.858 0.234
2281 0.86 0.801
2282 0.729 0.727
2283 0.719 0.436
2284 0.591 0.601
2285 0.471 0.659
2286 0.567 0.705
2287 0.896 0.022
2288 0.887 0.784
2289 0.541 0.254
2290 0.886 0.985
2291 0.133 0.539
2292 0.665 0.87
2293 0.639 0.822
2294 0.497 0.572
2295 0.108 0.977
2296 0.442 0.661
2297 0.118 0.317
2298 0.815 0.111
2299 0.275 0.236
2300 0.799 0
2301 0.35 0.016
2302 0.353 0.698
2303 0.116 0.016
2304 0.956 0.803
2305 0.477 0.017
2306 0.32 0.86
2307 0.297 0.269
2308 0.911 0.595
2309 0.556 0.926
2310 0.621 0.071
2311 0.611 0.235
2312 0.568 0.776
2313 0.668 0.063
2314 0.806 0.522
2315 0.883 0.839
2316 0.523 0.35
2317 0.487 0.156
2318 0.143 0.292
2319 0.806 0.284
2320 0.062 0.192
2321 0.119 0.904
2322 0.343 0.094
2323 0.547 0.365
2324 0.623 0.891
2325 0.288 0.747
2326 0.307 0.65
2327 0.603 0.321
2328 0.017 0.116
2329 0.291 0.426
2330 0.209 0.718
2331 0.437 0.081
2332 0.595 0.787
2333 0.972 0.441
2334 0.072 0.673
2335 0.595 0.554
2336 0.769 0.233
2337 0.354 0.663
2338 0.582 0.129
2339 0.377 0.752
2340 0.401 0.054
2341 0.596 0.413
2342 0.634 0.937
2343 0.461 0.815
2344 0.362 0.952
2345 0.102 0.379
2346 0.777 0.969
2347 0.284 0.647
2348 0.346 0.145
2349 0.738 0.353
2350 0.515 0.518
2351 0.399 0.743
2352 0.674 0.683
2353 0.883 0.523
2354 0.823 0.739
2355 0.583 0.58
2356 0.806 0.974
2357 0.769 0.762
2358 0.964 0.202
2359 0.065 0.015
2360 0.746 0.275
2361 0.271 0.267
2362 0.051 0.25
2363 0.559 0.817
2364 0.509 0.157
2365 0.084 0.331
2366 0.606 0.07
2367 0.39 0.632
2368 0.752 0.399
2369 0.441 0.106
2370 0.236 0.897
2371 0.404 0.102
2372 0.666 0.21
2373 0.615 0.552
2374 0.723 0.932
2375 0.713 0.976
2376 0.77 0.694
2377 0.599 0.492
2378 0.114 0.053
2379 0.251 0.101
2380 0.464 0.992
2381 0.287 0.674
2382 0.555 0.294
2383 0.453 0.209
2384 0.577 0.307
2385 0.928 0.139
2386 0.543 0.399
2387 0.385 0.321
2388 0.839 0.166
2389 0.443 0.055
2390 0.148 0.756
2391 0.805 0.316
2392 0.855 0.04
2393 0.674 0.895
2394 0.486 0.305
2395 0.424 0.757
2396 0.776 0.845
2397 0.386 0.166
2398 0.857 0.632
2399 0.531 0.715
2400 0.336 0.238
2401 0.083 0.75
2402 0.377 0.475
2403 0.922 0.464
2404 0.829 0.874
2405 0.226 0.715
2406 0.368 0.932
2407 0.478 0.194
2408 0.302 0.086
2409 0.667 0.705
2410 0.49 0.937
2411 0.39 0.465
2412 0.109 0.095
2413 0.909 0.118
2414 0.565 0.202
2415 0.473 0.492
2416 0.339 0.844
2417 0.442 0.194
2418 0.437 0.718
2419 0.338 0.598
2420 0.203 0.529
2421 0.159 0.308
2422 0.965 0.35
2423 0.333 0.689
2424 0.807 0.141
2425 0.504 0.961
2426 0.749 0.062
2427 0.681 0.149
2428 0.773 0.428
2429 0.652 0.433
2430 0.94 0.871
2431 0.743 0.407
2432 0.829 0.964
2433 0.114 0.197
2434 0.471 0.322
2435 0.581 0.559
2436 0.773 0.853
2437 0.625 0.161
2438 0.468 0.182
2439 0.818 0.869
2440 0.696 0.788
2441 0.784 0.805
2442 0.811 0.061
2443 0.651 0.722
2444 0.284 0.525
2445 0.328 0.422
2446 0.072 0.371
2447 0.305 0.413
2448 0.285 0.149
2449 0.479 0.183
2450 0.049 0.039
2451 0.281 0.341
2452 0.048 0.856
2453 0.339 0.322
2454 0.043 0.337
2455 0.329 0.898
2456 0.056 0.299
2457 0.109 0.298
2458 0.029 0.272
2459 0.596 0.851
2460 0.333 0.016
2461 0.43 0.219
2462 0.876 0.598
2463 0.599 0.749
2464 0.379 0.308
2465 0.424 0.721
2466 0.059 0.267
2467 0.518 0.728
2468 0.375 0.678
2469 0.888 0.968
2470 0.284 0.663
2471 0.62 0.282
2472 0.807 0.461
2473 0.766 0.261
2474 0.018 0.463
2475 0.454 0.346
2476 0.55 0.374
2477 0.505 0.964
2478 0.072 0.077
2479 0.468 0.396
2480 0.508 0.509
2481 0.612 0.668
2482 0.505 0.587
2483 0.091 0.861
2484 0.551 0.358
2485 0.496 0.215
2486 0.124 0.961
2487 0.483 0.537
2488 0.279 0.447
2489 0.158 0.9
2490 0.316 0.63
2491 0.232 0.42
2492 0.443 0.586
2493 0.782 0.006
2494 0.838 0.41
2495 0.14 0.639
2496 0.702 0.235
2497 0.273 0.459
2498 0.694 0.756
2499 0.279 0.554
2500 0.496 0.58
2501 0.918 0.317
2502 0.582 0.769
2503 0.717 0.449
2504 0.034 0.415
2505 0.808 0.97
2506 0.2 0.448
2507 0.544 0.266
2508 0.589 0.776
2509 0.849 0.173
2510 0.619 0.499
2511 0.296 0.851
2512 0.614 0.078
2513 0.321 0.965
2514 0.088 0.548
2515 0.179 0.655
2516 0.473 0.578
2517 0.472 0.335
2518 0.761 0.42
2519 0.896 0.722
2520 0.399 0.673
2521 0.698 0.111
2522 0.4 0.227
2523 0.299 0.207
2524 0.121 0.193
2525 0.286 0.307
2526 0.975 0.697
2527 0.971 0.377
2528 0.214 0.972
2529 0.69 0.782
2530 0.329 0.289
2531 0.097 0.423
2532 0.152 0.475
2533 0.968 0.438
2534 0.111 0.17
2535 0.559 0.403
2536 0.647 0.859
2537 0.448 0.813
2538 0.633 0.541
2539 0.159 0.979
2540 0.232 0.831
2541 0.254 0.369
2542 0.509 0.662
2543 0.524 0.329
2544 0.227 0.956
2545 0.598 0.598
2546 0.123 0.792
2547 0.882 0.287
2548 0.838 0.885
2549 0.306 0.306
2550 0.307 0.403
2551 0.564 0.56
2552 0.539 0.069
2553 0.517 0.504
2554 0.347 0.261
2555 0.095 0.11
2556 0.428 0.378
2557 0.558 0.396
2558 0.374 0.817
2559 0.374 0.573
2560 0.077 0.404
2561 0.676 0.493
2562 0.268 0.559
2563 0.486 0.536
2564 0.072 0.484
2565 0.331 0.528
2566 0.288 0.233
2567 0.583 0.258
2568 0.673 0.206
2569 0.055 0.831
2570 0.095 0.5
2571 0.189 0.839
2572 0.954 0.733
2573 0.856 0.425
2574 0.523 0.118
2575 0.697 0.885
2576 0.202 0.647
2577 0.654 0.521
2578 0.243 0.098
2579 0.724 0.965
2580 0.606 0.073
2581 0.405 0.627
2582 0.937 0.272
2583 0.623 0.216
2584 0.171 0.273
2585 0.083 0.895
2586 0.703 0.679
2587 0.16 0.196
2588 0.705 0.858
2589 0.568 0.516
2590 0.492 0.539
2591 0.425 0.135
2592 0.415 0.598
2593 0.115 0.141
2594 0.271 0.889
2595 0.311 0.31
2596 0.538 0.117
2597 0.557 0.97
2598 0.457 0.918
2599 0.867 0.672
2600 0.277 0.772
2601 0.225 0.891
2602 0.26 0.954
2603 0.597 0.03
2604 0.728 0.478
2605 0.385 0.249
2606 0.096 0.349
2607 0.639 0.57
2608 0.817 0.336
2609 0.333 0.146
2610 0.537 0.436
2611 0.458 0.278
2612 0.908 0.923
2613 0.29 0.281
2614 0.057 0.392
2615 0.02 0.284
2616 0.919 0.305
2617 0.365 0.42
2618 0.522 0.403
2619 0.939 0.076
2620 0.278 0.132
2621 0.857 0.725
2622 0.789 0.206
2623 0.76 0.728
2624 0.64 0.784
2625 0.584 0.942
2626 0.907 0.197
2627 0.043 0.891
2628 0.33 0.665
2629 0.001 0.815
2630 0.879 0.101
2631 0.146 0.199
2632 0.498 0.973
2633 0.544 0.91
2634 0.307 0.546
2635 0.768 0.11
2636 0.531 0.912
2637 0.06 0.733
2638 0.602 0.139
2639 0.676 0.666
2640 0.708 0.317
2641 0.372 0.369
2642 0.113 0.443
2643 0.474 0.23
2644 0.924 0.89
2645 0.246 0.232
2646 0.231 0.804
2647 0.192 0.588
2648 0.603 0.758
2649 0.191 0.398
2650 0.169 0.114
2651 0.301 0.853
2652 0.911 0.448
2653 0.536 0.145
2654 0.106 0.953
2655 0.432 0.11
2656 0.634 0.766
2657 0.672 0
2658 0.36 0.485
2659 0.256 0.463
2660 0.537 0.91
2661 0.162 0.643
2662 0.534 0.682
2663 0.323 0.496
2664 0.201 0.939
2665 0.59 0.052
2666 0.153 0.635
2667 0.643 0.01
2668 0.758 0.499
2669 0.171 0.614
2670 0.652 0.657
2671 0.908 0.821
2672 0.429 0.76
2673 0.354 0.374
2674 0.265 0.717
2675 0.097 0.138
2676 0.375 0.423
2677 0.542 0.177
2678 0.76 0.844
2679 0.461 0.763
2680 0.748 0.492
2681 0.183 0.729
2682 0.793 0.649
2683 0.348 0.232
2684 0.482 0.571
2685 0.22 0.075
2686 0.768 0.457
2687 0.129 0.779
2688 0.401 0.159
2689 0.482 0.203
2690 0.102 0.393
2691 0.519 0.229
2692 0.116 0.155
2693 0.413 0.413
2694 0.632 0.559
2695 0.601 0.744
2696 0.23 0.596
2697 0.763 0.505
2698 0.826 0.372
2699 0.179 0.446
2700 0.131 0.424
2701 0.193 0.632
2702 0.829 0.608
2703 0.416 0.956
2704 0.82 0.636
2705 0.594 0.218
2706 0.931 0.963
2707 0.422 0.627
2708 0.603 0.271
2709 0.532 0.34
2710 0.614 0.182
2711 0.077 0.752
2712 0.42 0.721
2713 0.746 0.692
2714 0.248 0.034
2715 0.195 0.836
2716 0.855 0.226
2717 0.204 0.91
2718 0.306 0.186
2719 0.31 0.868
2720 0.297 0.786
2721 0.046 0.732
2722 0.798 0.079
2723 0.234 0.878
2724 0.753 0.109
2725 0.838 0.076
2726 0.667 0.178
2727 0.716 0.934
2728 0.366 0.608
2729 0.627 0.135
2730 0.431 0.694
2731 0.634 0.977
2732 0.181 0.386
2733 0.644 0.425
2734 0.793 0.519
2735 0.46 0.871
2736 0.745 0.318
2737 0.584 0.79
2738 0.441 0.055
2739 0.281 0.929
2740 0.04 0.343
2741 0.284 0.815
2742 0.2 0.102
2743 0.063 0.224
2744 0.227 0.293
2745 0.366 0.617
2746 0.029 0.135
2747 0.885 0.442
2748 0.929 0.808
2749 0.922 0.171
2750 0.605 0.731
2751 0.798 0.608
2752 0.917 0.846
2753 0.783 0.614
2754 0.66 0.135
2755 0.787 0.709
2756 0.887 0.129
2757 0.049 0.027
2758 0.323 0.189
2759 0.687 0.975
2760 0.378 0.64
2761 0.802 0.086
2762 0.753 0.351
2763 0.368 0.115
2764 0.408 0.983
2765 0.669 0.935
2766 0.615 0.793
2767 0.006 0.934
2768 0.707 0.063
2769 0.099 0.405
2770 0.014 0.53
2771 0.175 0.583
2772 0.166 0.676
2773 0.677 0.623
2774 0.871 0.78
2775 0.148 0.657
2776 0.373 0.506
2777 0.527 0.885
2778 0.618 0.27
2779 0.44 0.119
2780 0.287 0.089
2781 0.461 0.821
2782 0.073 0.553
2783 0.097 0.798
2784 0.499 0.193
2785 0.18 0.616
2786 0.809 0.148
2787 0.127 0.132
2788 0.136 0.875
2789 0.789 0.187
2790 0.763 0.859
2791 0.425 0.468
2792 0.65 0.289
2793 0.476 0.039
2794 0.829 0.019
2795 0.06 0.62
2796 0.146 0.741
2797 0.784 0.964
2798 0.119 0.874
2799 0.106 0.783
2800 0.543 0.779
2801 0.06 0.22
2802 0.705 0.087
2803 0.613 0.692
2804 0.275 0.939
2805 0.813 0.015
2806 0.979 0.898
2807 0.742 0.505
2808 0.733 0.8
2809 0.463 0.675
2810 0.624 0.431
2811 0.767 0.401
2812 0.285 0.19
2813 0.385 0.883
2814 0.124 0.689
2815 0.678 0.904
2816 0.539 0.386
2817 0.117 0.704
2818 0.358 0.902
2819 0.599 0.734
2820 0.181 0.869
2821 0.085 0.166
2822 0.762 0.152
2823 0.048 0.347
2824 0.37 0.427
2825 0.532 0.553
2826 0.193 0.371
2827 0.704 0.908
2828 0.309 0.724
2829 0.622 0.605
2830 0.809 0.022
2831 0.521 0.121
2832 0.945 0.664
2833 0.286 0.357
2834 0.566 0.49
2835 0.702 0.383
2836 0.849 0.247
2837 0.486 0.522
2838 0.746 0.239
2839 0.656 0.836
2840 0.421 0.768
2841 0.492 0.086
2842 0.188 0.399
2843 0.857 0.965
2844 0.813 0.244
2845 0.654 0.387
2846 0.42 0.477
2847 0.871 0.552
2848 0.155 0.201
2849 0.506 0.295
2850 0.965 0.412
2851 0.127 0.263
2852 0.148 0.816
2853 0.845 0.918
2854 0.868 0.097
2855 0.822 0.746
2856 0.72 0.508
2857 0.933 0.833
2858 0.088 0.546
2859 0.005 0.29
2860 0.396 0.547
2861 0.189 0.637
2862 0.069 0.356
2863 0.203 0.355
2864 0.351 0.275
2865 0.407 0.067
2866 0.669 0.234
2867 0.458 0.106
2868 0.19 0.511
2869 0.823 0.2
2870 0.535 0.734
2871 0.143 0.944
2872 0.313 0.062
2873 0.722 0.386
2874 0.624 0.216
2875 0.059 0.453
2876 0.489 0.122
2877 0.759 0.888
2878 0.328 0.73
2879 0.248 0.318
2880 0.17 0.709
2881 0.863 0.125
2882 0.559 0.631
2883 0.87 0.167
2884 0.56 0.128
2885 0.006 0.505
2886 0.911 0.966
2887 0.65 0.907
2888 0.873 0.874
2889 0.137 0.469
2890 0.651 0.848
2891 0.169 0.256
2892 0.456 0.977
2893 0.46 0.819
2894 0.54 0.037
2895 0.652 0.045
2896 0.362 0.489
2897 0.19 0.108
2898 0.536 0.257
2899 0.363 0.82
2900 0.108 0.965
2901 0.032 0.505
2902 0.14 0.603
2903 0.279 0.1
2904 0.355 0.11
2905 0.367 0.414
2906 0.029 0.124
2907 0.65 0.511
2908 0.829 0.596
2909 0.82 0.323
2910 0.601 0.892
2911 0.057 0.594
2912 0.452 0.831
2913 0.924 0.289
2914 0.947 0.238
2915 0.866 0.565
2916 0.342 0.56
2917 0.432 0.807
2918 0.711 0.747
2919 0.694 0
2920 0.64 0.426
2921 0.279 0.179
2922 0.03 0.107
2923 0.184 0.421
2924 0.118 0.381
2925 0.467 0.544
2926 0.865 0.625
2927 0.502 0.395
2928 0.189 0.044
2929 0.787 0.481
2930 0.291 0.209
2931 0.196 0.646
2932 0.904 0.625
2933 0.85 0.394
2934 0.634 0.353
2935 0.346 0.152
2936 0.066 0.958
2937 0.312 0.643
2938 0.621 0.563
2939 0.162 0.01
2940 0.15 0.94
2941 0.438 0.063
2942 0.551 0.506
2943 0.606 0.908
2944 0 0.344
2945 0.399 0.556
2946 0.528 0.546
2947 0.908 0.146
2948 0.274 0.139
2949 0.11 0.371
2950 0.777 0.013
2951 0.219 0.632
2952 0.164 0.194
2953 0.298 0.435
2954 0.714 0.361
2955 0.107 0.379
2956 0.785 0.482
2957 0.105 0.514
2958 0.731 0.97
2959 0.312 0.75
2960 0.839 0.317
2961 0.139 0.852
2962 0.938 0.366
2963 0.17 0.746
2964 0.257 0.963
2965 0.915 0.019
2966 0.2 0.426
2967 0.207 0.297
2968 0.7 0.649
2969 0.731 0.901
2970 0.769 0.155
2971 0.668 0.274
2972 0.634 0.574
2973 0.217 0.662
2974 0.414 0.034
2975 0.034 0.162
2976 0.663 0.878
2977 0.087 0.679
2978 0.485 0.7
2979 0.638 0.938
2980 0.478 0.189
2981 0.391 0.936
2982 0.339 0.501
2983 0.078 0.967
2984 0.33 0.312
2985 0.802 0.29
2986 0.804 0.479
2987 0.411 0.66
2988 0.448 0.84
2989 0.9 0.926
2990 0.949 0.12
2991 0.799 0.717
2992 0.598 0.476
2993 0.363 0.791
2994 0.18 0.87
2995 0.305 0.659
2996 0.4 0.592
2997 0.445 0.294
2998 0.139 0.415
2999 0.862 0.978
3000 0.718 0.537
3001 0.126 0.746
3002 0.346 0.56
3003 0.59 0.213
3004 0.382 0.366
3005 0.831 0.919
3006 0.757 0.881
3007 0.037 0.265
3008 0.266 0.705
3009 0.705 0.425
3010 0.504 0.19
3011 0.378 0.255
3012 0.628 0.258
3013 0.433 0.966
3014 0.056 0.583
3015 0.595 0.594
3016 0.253 0.145
3017 0.786 0.58
3018 0.388 0.453
3019 0.712 0.142
3020 0.543 0.677
3021 0.16 0.386
3022 0.767 0.319
3023 0.304 0.36
3024 0.715 0.054
3025 0.329 0.698
3026 0.65 0.536
3027 0.1 0.94
3028 0.931 0.02
3029 0.577 0.814
3030 0.175 0.275
3031 0.139 0.299
3032 0.057 0.573
3033 0.821 0.572
3034 0.329 0.126
3035 0.23 0.624
3036 0.261 0.139
3037 0.38 0.506
3038 0.096 0.079
3039 0.098 0.304
3040 0.747 0.346
3041 0.482 0.046
3042 0.583 0.036
3043 0.295 0.86
3044 0.275 0.664
3045 0.953 0.489
3046 0.403 0.235
3047 0.917 0.86
3048 0.762 0.159
3049 0.528 0.128
3050 0.081 0.897
3051 0.828 0.961
3052 0.288 0.461
3053 0.734 0.657
3054 0.951 0.227
3055 0.281 0.273
3056 0.835 0.736
3057 0.935 0.499
3058 0.262 0.171
3059 0.487 0.213
3060 0.613 0.633
3061 0.281 0.698
3062 0.225 0.608
3063 0.71 0.897
3064 0.362 0.087
3065 0.154 0.543
3066 0.121 0.232
3067 0.909 0.657
3068 0.493 0.947
3069 0.092 0.382
3070 0.62 0.01
3071 0.841 0.788
3072 0.186 0.752
3073 0.381 0.197
3074 0.596 0.243
3075 0.039 0.1
3076 0.978 0.493
3077 0.431 0.449
3078 0.133 0.718
3079 0.109 0.314
3080 0.728 0.959
3081 0.027 0.308
3082 0.568 0.01
3083 0.876 0.901
3084 0.733 0.029
3085 0.298 0.362
3086 0.369 0.984
3087 0.242 0.022
3088 0.745 0.863
3089 0.148 0.655
3090 0.676 0.759
3091 0.239 0.392
3092 0.233 0.98
3093 0.505 0.311
3094 0.442 0.03
3095 0.388 0.751
3096 0.536 0.722
3097 0.244 0.56
3098 0.214 0.064
3099 0.652 0.275
3100 0.856 0.02
3101 0.314 0.339
3102 0.941 0.006
3103 0.826 0.416
3104 0.662 0.398
3105 0.099 0.851
3106 0.513 0.606
3107 0.164 0.78
3108 0.038 0.04
3109 0.652 0.491
3110 0.895 0.728
3111 0.458 0.519
3112 0.526 0.88
3113 0.422 0.459
3114 0.017 0.176
3115 0.117 0.197
3116 0.602 0.656
3117 0.655 0.949
3118 0.719 0.811
3119 0.107 0.46
3120 0.829 0.642
3121 0.266 0.496
3122 0.596 0.288
3123 0.546 0.363
3124 0.475 0.742
3125 0.812 0.064
3126 0.378 0.541
3127 0.156 0.487
3128 0.454 0.962
3129 0.815 0.309
3130 0.562 0.53
3131 0.568 0.543
3132 0.222 0.231
3133 0.436 0.189
3134 0.375 0.344
3135 0.136 0.72
3136 0.686 0.725
3137 0.897 0.413
3138 0.808 0.533
3139 0.527 0.284
3140 0.8 0.337
3141 0.101 0.095
3142 0.954 0.482
3143 0.916 0.994
3144 0.647 0.406
3145 0.045 0.643
3146 0.411 0.224
3147 0.451 0.261
3148 0.004 0.044
3149 0.386 0.811
3150 0.488 0.718
3151 0.236 0.738
3152 0.171 0.592
3153 0.01 0.763
3154 0.369 0.652
3155 0.496 0.273
3156 0.027 0.313
3157 0.077 0.034
3158 0.408 0.933
3159 0.648 0.415
3160 0.247 0.142
3161 0.59 0.176
3162 0.43 0.286
3163 0.896 0.867
3164 0.661 0.914
3165 0.46 0.269
3166 0.696 0.434
3167 0.703 0.714
3168 0.627 0.257
3169 0.369 0.794
3170 0.053 0.18
3171 0.698 0.425
3172 0.532 0.815
3173 0.109 0.322
3174 0.122 0.946
3175 0.498 0.915
3176 0.402 0.221
3177 0.774 0.162
3178 0.735 0.101
3179 0.401 0.898
3180 0.937 0.279
3181 0.149 0.963
3182 0.578 0.791
3183 0.081 0.807
3184 0.577 0.301
3185 0.26 0.426
3186 0.515 0.656
3187 0.3 0.369
3188 0.074 0.952
3189 0.401 0.677
3190 0.068 0.307
3191 0.031 0.66
3192 0.735 0.137
3193 0.654 0.647
3194 0.635 0.658
3195 0.768 0.632
3196 0.387 0.69
3197 0.805 0.067
3198 0.872 0.714
3199 0.506 0.968
3200 0.266 0.839
3201 0.075 0.537
3202 0.357 0.817
3203 0.095 0.599
3204 0.365 0.662
3205 0.296 0.516
3206 0.628 0.871
3207 0.832 0.072
3208 0.489 0.264
3209 0.547 0.705
3210 0.636 0.724
3211 0.977 0.604
3212 0.65 0.506
3213 0.031 0.238
3214 0.691 0.02
3215 0.509 0.567
3216 0.65 0.048
3217 0.269 0.893
3218 0.044 0.496
3219 0.106 0.055
3220 0.418 0.539
3221 0.136 0.965
3222 0.327 0.428
3223 0.015 0.144
3224 0.269 0.977
3225 0.736 0.503
3226 0.385 0.389
3227 0.342 0.294
3228 0.52 0.956
3229 0.93 0.473
3230 0.526 0.956
3231 0.27 0.154
3232 0.817 0.766
3233 0.26 0.324
3234 0.213 0.719
3235 0.173 0.858
3236 0.229 0.116
3237 0.464 0.76
3238 0.415 0.876
3239 0.943 0.462
3240 0.592 0.676
3241 0.829 0.204
3242 0.384 0.043
3243 0.774 0.354
3244 0.34 0.69
3245 0.41 0.152
3246 0.779 0.607
3247 0.075 0.942
3248 0.298 0.179
3249 0.173 0.505
3250 0.184 0.094
3251 0.153 0.797
3252 0.736 0.374
3253 0.186 0.026
3254 0.548 0.967
3255 0.464 0.864
3256 0.284 0.497
3257 0.632 0.552
3258 0.832 0.977
3259 0.523 0.743
3260 0.188 0.523
3261 0.481 0.06
3262 0.019 0.743
3263 0.505 0.473
3264 0.816 0.598
3265 0.449 0.306
3266 0.822 0.723
3267 0.737 0.754
3268 0.487 0.271
3269 0.699 0.187
3270 0.416 0.398
3271 0.093 0.517
3272 0.267 0.101
3273 0.214 0.109
3274 0.95 0.668
3275 0.485 0.895
3276 0.526 0.537
3277 0.06 0.489
3278 0.221 0.059
3279 0.741 0.113
3280 0.439 0.237
3281 0.003 0.272
3282 0.103 0.239
3283 0.864 0.491
3284 0.334 0.024
3285 0.799 0.682
3286 0.6 0.171
3287 0.969 0.143
3288 0.157 0.297
3289 0.233 0.059
3290 0.197 0.817
3291 0.594 0.573
3292 0.385 0.65
3293 0.637 0.928
3294 0.785 0.162
3295 0.838 0.632
3296 0.937 0.623
3297 0.605 0.877
3298 0.461 0.492
3299 0.837 0.069
3300 0.736 0.185
3301 0.28 0.795
3302 0.351 0.457
3303 0.748 0.856
3304 0.898 0.985
3305 0.116 0.226
3306 0.874 0.941
3307 0.731 0.407
3308 0.521 0.824
3309 0.744 0.341
3310 0.836 0.813
3311 0.486 0.885
3312 0.092 0.084
3313 0.431 0.301
3314 0.236 0.047
3315 0.036 0.632
3316 0.226 0.311
3317 0.068 0.151
3318 0.02 0.589
3319 0.213 0.24
3320 0.647 0.914
3321 0.828 0.569
3322 0.476 0.65
3323 0.782 0.345
3324 0.549 0.207
3325 0.292 0.486
3326 0.122 0.513
3327 0.9 0.562
3328 0.216 0.464
3329 0.799 0.589
3330 0.614 0.374
3331 0.731 0.431
3332 0.723 0.819
3333 0.712 0.986
3334 0.018 0.774
3335 0.399 0.107
3336 0.356 0.609
3337 0.678 0.822
3338 0.34 0.865
3339 0.381 0.449
3340 0.045 0.591
3341 0.754 0.662
3342 0.322 0.041
3343 0.529 0.878
3344 0.705 0.299
3345 0.338 0.678
3346 0.479 0.36
3347 0.04 0.177
3348 0.754 0.847
3349 0.975 0.886
3350 0.002 0.902
3351 0.851 0.945
3352 0.15 0.084
3353 0.488 0.564
3354 0.575 0.043
3355 0.071 0.459
3356 0.299 0.085
3357 0.925 0.765
3358 0.645 0.083
3359 0.079 0.66
3360 0.941 0.536
3361 0.229 0.481
3362 0.336 0.263
3363 0.418 0.509
3364 0.252 0.98
3365 0.371 0.145
3366 0.638 0.338
3367 0.005 0.745
3368 0.548 0.595
3369 0.428 0.862
3370 0.691 0.188
3371 0.522 0.368
3372 0.128 0.441
3373 0.708 0.185
3374 0.496 0.226
3375 0.852 0.882
3376 0.799 0.701
3377 0.446 0.452
3378 0.067 0.793
3379 0.359 0.046
3380 0.388 0.946
3381 0.755 0.903
3382 0.665 0.991
3383 0.36 0.084
3384 0.016 0.409
3385 0.875 0.107
3386 0.368 0.953
3387 0.38 0.373
3388 0.959 0.26
3389 0.295 0.223
3390 0.117 0.409
3391 0.074 0.51
3392 0.125 0.123
3393 0.55 0.247
3394 0.283 0.2
3395 0.208 0.14
3396 0.122 0.005
3397 0.931 0.23
3398 0.101 0.662
3399 0.216 0.758
3400 0.51 0.78
3401 0.309 0.263
3402 0.78 0.874
3403 0.328 0.787
3404 0.751 0.771
3405 0.244 0.422
3406 0.778 0.818
3407 0.491 0.197
3408 0.155 0.926
3409 0.371 0.712
3410 0.434 0.004
3411 0.712 0.853
3412 0.095 0.001
3413 0.815 0.451
3414 0.549 0.472
3415 0.92 0.234
3416 0.559 0.938
3417 0.606 0.559
3418 0.796 0.217
3419 0.332 0.727
3420 0.708 0.83
3421 0.909 0.475
3422 0.393 0.867
3423 0.868 0.071
3424 0.066 0.24
3425 0.05 0.357
3426 0.691 0.905
3427 0.237 0.393
3428 0.863 0.35
3429 0.077 0.103
3430 0.959 0.145
3431 0.644 0.709
3432 0.054 0.563
3433 0.196 0.433
3434 0.782 0.971
3435 0.782 0.22
3436 0.289 0.13
3437 0.405 0.058
3438 0.398 0.28
3439 0.641 0.424
3440 0.358 0.947
3441 0.126 0.911
3442 0.562 0.519
3443 0.284 0.548
3444 0.915 0.74
3445 0.846 0.93
3446 0.587 0.948
3447 0.565 0.506
3448 0.459 0.434
3449 0.435 0.406
3450 0.813 0.236
3451 0.362 0.933
3452 0.45 0.438
3453 0.863 0.469
3454 0.672 0.255
3455 0.502 0.227
3456 0.41 0.317
3457 0.178 0.843
3458 0.713 0.74
3459 0.515 0.849
3460 0.546 0.551
3461 0.17 0.75
3462 0.228 0.718
3463 0.288 0.346
3464 0.555 0.378
3465 0.566 0.62
3466 0.618 0.769
3467 0.912 0.814
3468 0.518 0.979
3469 0.563 0.433
3470 0.544 0.094
3471 0.015 0.33
3472 0.797 0.885
3473 0.317 0.532
3474 0.203 0.395
3475 0.634 0.271
3476 0.705 0.648
3477 0.081 0.842
3478 0.483 0.526
3479 0.73 0.581
3480 0.461 0.489
3481 0.312 0.285
3482 0.78 0.939
3483 0.722 0.84
3484 0.54 0.687
3485 0.707 0.626
3486 0.379 0.225
3487 0.466 0.557
3488 0.597 0.012
3489 0.757 0.593
3490 0.347 0.254
3491 0.354 0.151
3492 0.907 0.708
3493 0.684 0.514
3494 0.004 0.227
3495 0.549 0.986
3496 0.901 0.96
3497 0.022 0.612
3498 0.087 0.175
3499 0.406 0.105
3500 0.527 0.597
3501 0.583 0.495
3502 0.618 0.067
3503 0.718 0.048
3504 0.267 0.858
3505 0.47 0.329
3506 0.407 0.448
3507 0.221 0.721
3508 0.346 0.2
3509 0.456 0.643
3510 0.31 0.416
3511 0.134 0.863
3512 0.227 0.219
3513 0.379 0.985
3514 0.382 0.719
3515 0.9 0.956
3516 0.648 0.163
3517 0.513 0.86
3518 0.101 0.947
3519 0.745 0.65
3520 0.758 0.162
3521 0.381 0.084
3522 0.295 0.7
3523 0.424 0.344
3524 0.038 0.327
3525 0.845 0.993
3526 0.166 0.827
3527 0.595 0.879
3528 0.466 0.074
3529 0.472 0.515
3530 0.765 0.635
3531 0.645 0.316
3532 0.435 0.587
3533 0.774 0.292
3534 0.239 0.166
3535 0.937 0.469
3536 0.947 0.948
3537 0.504 0.273
3538 0.435 0.862
3539 0.204 0.116
3540 0.869 0.976
3541 0.199 0.769
3542 0.579 0.862
3543 0.795 0.38
3544 0.157 0.451
3545 0.488 0.977
3546 0.005 0.649
3547 0.558 0.654
3548 0.435 0.76
3549 0.798 0.638
3550 0.257 0.057
3551 0.961 0.589
3552 0.835 0.782
3553 0.519 0.225
3554 0.683 0.947
3555 0.965 0.23
3556 0.214 0.438
3557 0.046 0.058
3558 0.078 0.867
3559 0.559 0.37
3560 0.523 0.245
3561 0.147 0.685
3562 0.841 0.504
3563 0.649 0.799
3564 0.58 0.936
3565 0.249 0.071
3566 0.715 0.476
3567 0.864 0.348
3568 0.605 0.227
3569 0.465 0.256
3570 0.535 0.106
3571 0.08 0.552
3572 0.333 0.421
3573 0.229 0.629
3574 0.267 0.644
3575 0.961 0.981
3576 0.802 0.456
3577 0.553 0.426
3578 0.351 0.93
3579 0.708 0.966
3580 0.69 0.977
3581 0.292 0.969
3582 0.829 0.377
3583 0.623 0.569
3584 0.875 0.842
3585 0.62 0.227
3586 0.472 0.219
3587 0.668 0.732
3588 0.646 0.202
3589 0.525 0.853
3590 0.573 0.631
3591 0.329 0.542
3592 0.383 0.68
3593 0.885 0.844
3594 0.916 0.077
3595 0.387 0.16
3596 0.27 0.837
3597 0.639 0.746
3598 0.42 0.364
3599 0.143 0.269
3600 0.594 0.178
3601 0.876 0.726
3602 0.343 0.131
3603 0.506 0.503
3604 0.918 0.231
3605 0.77 0.257
3606 0.625 0.563
3607 0.573 0.142
3608 0.819 0.063
3609 0.665 0.87
3610 0.245 0.126
3611 0.161 0.942
3612 0.903 0.972
3613 0.806 0.612
3614 0.334 0.332
3615 0.848 0.831
3616 0.23 0.198
3617 0.174 0.798
3618 0.363 0.793
3619 0.5 0.177
3620 0.284 0.771
3621 0.332 0.865
3622 0.302 0.929
3623 0.232 0.934
3624 0.933 0.292
3625 0.419 0.813
3626 0.385 0.733
3627 0.396 0.974
3628 0.534 0.609
3629 0.152 0.742
3630 0.638 0.179
3631 0.956 0.285
3632 0.738 0.975
3633 0.716 0.044
3634 0.802 0.38
3635 0.833 0.083
3636 0.228 0.299
3637 0.416 0.415
3638 0.394 0.073
3639 0.248 0.795
3640 0.578 0.5
3641 0.066 0.791
3642 0.664 0.748
3643 0.09 0.912
3644 0.164 0.097
3645 0.242 0.977
3646 0.14 0.671
3647 0.137 0.264
3648 0.115 0.349
3649 0.351 0.816
3650 0.325 0.339
3651 0.025 0.804
3652 0.045 0.637
3653 0.561 0.199
3654 0.886 0.051
3655 0.459 0.758
3656 0.726 0
3657 0.352 0.129
3658 0.083 0.075
3659 0.534 0.779
3660 0.443 0.426
3661 0.176 0.632
3662 0.68 0.243
3663 0.165 0.433
3664 0.194 0.347
3665 0.599 0.229
3666 0.371 0.382
3667 0.272 0.386
3668 0.033 0.56
3669 0.408 0.644
3670 0.216 0.803
3671 0.563 0.353
3672 0.423 0.119
3673 0.208 0.877
3674 0.572 0.828
3675 0.313 0.543
3676 0.436 0.893
3677 0.941 0.232
3678 0.547 0.986
3679 0.325 0.002
3680 0.668 0.172
3681 0.166 0.149
3682 0.625 0.975
3683 0.298 0.954
3684 0.557 0.106
3685 0.39 0.005
3686 0.584 0.658
3687 0.243 0.476
3688 0.765 0.077
3689 0.043 0.95
3690 0.782 0.917
3691 0.328 0.289
3692 0.127 0.406
3693 0.273 0.73
3694 0.241 0.757
3695 0.134 0.473
3696 0.4 0.902
3697 0.759 0.305
3698 0.876 0.299
3699 0.733 0.598
3700 0.878 0.272
3701 0.912 0.286
3702 0.395 0.721
3703 0.338 0.343
3704 0.556 0.809
3705 0.898 0.651
3706 0.654 0.801
3707 0.43 0.295
3708 0.139 0.334
3709 0.644 0.669
3710 0.752 0.15
3711 0.905 0.066
3712 0.338 0.484
3713 0.591 0.918
3714 0.392 0.942
3715 0.719 0.22
3716 0.009 0.407
3717 0.584 0.666
3718 0.596 0.653
3719 0.376 0.518
3720 0.056 0.558
3721 0.245 0.414
3722 0.733 0.279
3723 0.524 0.072
3724 0.068 0.822
3725 0.918 0.516
3726 0.677 0.578
3727 0.922 0.004
3728 0.805 0.482
3729 0.638 0.017
3730 0.709 0.845
3731 0.285 0.158
3732 0.108 0.249
3733 0.551 0.473
3734 0.371 0.894
3735 0.766 0.156
3736 0.058 0.002
3737 0.555 0.386
3738 0.171 0.922
3739 0.765 0.538
3740 0.477 0.32
3741 0.739 0.405
3742 0.567 0.903
3743 0.968 0.229
3744 0.767 0.827
3745 0.581 0.496
3746 0.088 0.198
3747 0.162 0.984
3748 0.252 0.55
3749 0.133 0.868
3750 0.615 0.738
3751 0.276 0.606
3752 0.269 0.17
3753 0.368 0.44
3754 0.137 0.323
3755 0.638 0.298
3756 0.962 0.7
3757 0.512 0.919
3758 0.734 0.994
3759 0.932 0.41
3760 0.282 0.394
3761 0.178 0.672
3762 0.567 0.971
3763 0.089 0.628
3764 0.303 0.016
3765 0.542 0.149
3766 0.012 0.767
3767 0.132 0.609
3768 0.712 0.002
3769 0.419 0.316
3770 0.433 0.061
3771 0.458 0.58
3772 0.657 0.43
3773 0.315 0.37
3774 0.683 0.895
3775 0.226 0.972
3776 0.762 0.938
3777 0.454 0.917
3778 0.219 0.603
3779 0.584 0.116
3780 0.372 0.028
3781 0.051 0.472
3782 0.87 0.164
3783 0.241 0.1
3784 0.17 0.478
3785 0.285 0.974
3786 0.921 0.189
3787 0.618 0.496
3788 0.656 0.265
3789 0.782 0.84
3790 0.039 0.269
3791 0.195 0.434
3792 0.471 0.512
3793 0.783 0.142
3794 0.401 0.734
3795 0.537 0.179
3796 0.633 0.788
3797 0.93 0.581
3798 0.143 0.232
3799 0.197 0.123
3800 0.258 0.843
3801 0.716 0.888
3802 0.092 0.933
3803 0.599 0.052
3804 0.567 0.564
3805 0.686 0.758
3806 0.795 0.073
3807 0.622 0.834
3808 0.493 0.351
3809 0.913 0.758
3810 0.653 0.916
3811 0.665 0.48
3812 0.266 0.857
3813 0.073 0.585
3814 0.245 0.48
3815 0.404 0.559
3816 0.694 0.007
3817 0.557 0.673
3818 0.069 0.309
3819 0.256 0.363
3820 0.706 0.783
3821 0.532 0.689
3822 0.308 0.787
3823 0.234 0.121
3824 0.121 0.713
3825 0.572 0.478
3826 0.406 0.434
3827 0.568 0.613
3828 0.306 0.878
3829 0.74 0.231
3830 0.453 0.337
3831 0.115 0.249
3832 0.965 0.442
3833 0.268 0.796
3834 0.481 0.397
3835 0.822 0.788
3836 0.565 0.093
3837 0.976 0.167
3838 0.651 0.403
3839 0.466 0.169
3840 0.139 0.468
3841 0.105 0.572
3842 0.671 0.729
3843 0.907 0.56
3844 0.607 0.61
3845 0.209 0.305
3846 0.862 0.132
3847 0.829 0.319
3848 0.471 0.922
3849 0.418 0.657
3850 0.551 0.043
3851 0.942 0.09
3852 0.422 0.193
3853 0.555 0.832
3854 0.944 0.459
3855 0.328 0.378
3856 0.617 0.184
3857 0.214 0.9
3858 0.858 0.69
3859 0.425 0.16
3860 0.452 0.932
3861 0.694 0.566
3862 0.357 0.081
3863 0.882 0.483
3864 0.415 0.501
3865 0.935 0.039
3866 0.006 0.375
3867 0.709 0.994
3868 0.639 0.002
3869 0.931 0.429
3870 0.732 0.7
3871 0.972 0.262
3872 0.91 0.919
3873 0.058 0.972
3874 0.776 0.471
3875 0.414 0.98
3876 0.903 0.666
3877 0.894 0.898
3878 0.828 0.13
3879 0.745 0.738
3880 0.916 0.513
3881 0.616 0.684
3882 0.232 0.893
3883 0.429 0.557
3884 0.252 0.659
3885 0.067 0.492
3886 0.547 0.625
3887 0.544 0.582
3888 0.887 0.735
3889 0.659 0.146
3890 0.405 0.347
3891 0.683 0.956
3892 0.081 0.519
3893 0.416 0.328
3894 0.505 0.791
3895 0.922 0.168
3896 0.825 0.554
3897 0.434 0.821
3898 0.415 0.628
3899 0.269 0.182
3900 0.754 0.009
3901 0.427 0.459
3902 0.85 0.303
3903 0.828 0.222
3904 0.716 0.64
3905 0.055 0.003
3906 0.575 0.475
3907 0.671 0.829
3908 0.646 0.513
3909 0.297 0.479
3910 0.177 0.006
3911 0.675 0.86
3912 0.047 0.882
3913 0.01 0.468
3914 0.573 0.818
3915 0.882 0.662
3916 0.057 0.488
3917 0.29 0.102
3918 0.354 0.454
3919 0.602 0.652
3920 0.866 0.409
3921 0.642 0.53
3922 0.855 0.106
3923 0.529 0.294
3924 0.087 0.085
3925 0.384 0.634
3926 0.488 0.747
3927 0.637 0.546
3928 0.062 0.012
3929 0.332 0.6
3930 0.516 0.547
3931 0.084 0.063
3932 0.104 0.502
3933 0.485 0.682
3934 0.709 0.344
3935 0.274 0.412
3936 0.932 0.208
3937 0.078 0.506
3938 0.816 0.728
3939 0.577 0.772
3940 0.197 0.082
3941 0.896 0.617
3942 0.507 0.899
3943 0.803 0.065
3944 0.653 0.762
3945 0.905 0.895
3946 0.181 0.327
3947 0.205 0.793
3948 0.284 0.174
3949 0.672 0.612
3950 0.512 0.432
3951 0.093 0.888
3952 0.083 0.214
3953 0.297 0.27
3954 0.573 0.053
3955 0.864 0.936
3956 0.876 0.281
3957 0.709 0.571
3958 0.413 0.568
3959 0.756 0.041
3960 0.594 0.087
3961 0.476 0.133
3962 0.006 0.586
3963 0.926 0.517
3964 0.529 0.703
3965 0.63 0.901
3966 0.413 0.071
3967 0.831 0.088
3968 0.773 0.393
3969 0.593 0.615
3970 0.878 0.819
3971 0.017 0.234
3972 0.073 0.564
3973 0.612 0.597
3974 0.086 0.863
3975 0.91 0.864
3976 0.754 0.474
3977 0.373 0.284
3978 0.798 0.643
3979 0.482 0.948
3980 0.614 0.757
3981 0.739 0.581
3982 0.366 0.105
3983 0.511 0.925
3984 0.533 0.355
3985 0.145 0.073
3986 0.209 0.558
3987 0.726 0.127
3988 0.455 0.051
3989 0.218 0.422
3990 0.741 0.956
3991 0.113 0.902
3992 0.471 0.246
3993 0.203 0.262
3994 0.691 0.808
3995 0.48 0.89
3996 0.687 0.872
3997 0.554 0.68
3998 0.416 0.774
3999 0.831 0.956
4000 0.139 0.339
4001 0.828 0.302
4002 0.606 0.445
4003 0.072 0.779
4004 0.293 0.625
4005 0.277 0.583
4006 0.245 0.149
4007 0.716 0.126
4008 0.249 0.027
4009 0.639 0.391
4010 0.137 0.702
4011 0.665 0.876
4012 0.295 0.6
4013 0.342 0.911
4014 0.081 0.867
4015 0.338 0.01
4016 0.351 0.665
4017 0.358 0.219
4018 0.641 0.713
4019 0.585 0.027
4020 0.491 0.009
4021 0.191 0.864
4022 0.62 0.935
4023 0.418 0.571
4024 0.168 0.17
4025 0.408 0.188
4026 0.236 0.319
4027 0.508 0.637
4028 0.686 0.51
4029 0.108 0.688
4030 0.567 0.098
4031 0.699 0.427
4032 0.188 0.007
4033 0.086 0.271
4034 0.022 0.277
4035 0.395 0.727
4036 0.044 0.161
4037 0.168 0.891
4038 0.096 0.374
4039 0.265 0.785
4040 0.522 0.294
4041 0.305 0.979
4042 0.525 0.533
4043 0.279 0.607
4044 0.941 0.066
4045 0.607 0.86
4046 0.636 0.21
4047 0.121 0.749
4048 0.172 0.772
4049 0.607 0.67
4050 0.894 0.565
4051 0.56 0.117
4052 0.755 0.278
4053 0.505 0.033
4054 0.847 0.835
4055 0.338 0.696
4056 0.963 0.048
4057 0.276 0.293
4058 0.471 0.834
4059 0.651 0.18
4060 0.427 0.242
4061 0.238 0.959
4062 0.743 0.389
4063 0.556 0.496
4064 0.872 0.821
4065 0.445 0.919
4066 0.051 0.167
4067 0.125 0.699
4068 0.244 0.459
4069 0.353 0.896
4070 0.823 0.257
4071 0.221 0.802
4072 0.551 0.41
4073 0.379 0.703
4074 0.163 0.614
4075 0.445 0.594
4076 0.44 0.882
4077 0.785 0.438
4078 0.616 0.81
4079 0.596 0.547
4080 0.586 0.478
4081 0.423 0.405
4082 0.248 0.299
4083 0.137 0.065
4084 0.195 0.322
4085 0.159 0.039
4086 0.661 0.839
4087 0.151 0.617
4088 0.339 0.266
4089 0.166 0.976
4090 0.389 0.949
4091 0.014 0.921
4092 0.512 0.948
4093 0.017 0.602
4094 0.114 0.816
4095 0.241 0.726
4096 0.05 0.972
4097 0.239 0.058
4098 0.02 0.07
4099 0.85 0.408
4100 0.847 0.561
4101 0.041 0.59
4102 0.647 0.875
4103 0.836 0.162
4104 0.55 0.912
4105 0.192 0.813
4106 0.783 0.686
4107 0.879 0.324
4108 0.973 0.455
4109 0.882 0.804
4110 0.414 0.766
4111 0.065 0.379
4112 0.651 0.182
4113 0.13 0.059
4114 0.731 0.247
4115 0.181 0.89
4116 0.639 0.125
4117 0.143 0.233
4118 0.074 0.133
4119 0.59 0.762
4120 0.626 0.104
4121 0.352 0.946
4122 0.427 0.807
4123 0.259 0.355
4124 0.65 0.888
4125 0.277 0.817
4126 0.917 0.655
4127 0.096 0.896
4128 0.541 0.151
4129 0.482 0.361
4130 0.852 0.6
4131 0.718 0.285
4132 0.563 0.118
4133 0.352 0.864
4134 0.244 0.831
4135 0.243 0.382
4136 0.155 0.815
4137 0.122 0.65
4138 0.141 0.904
4139 0.117 0.951
4140 0.442 0.643
4141 0.176 0.82
4142 0.173 0.825
4143 0.301 0.241
4144 0.275 0.253
4145 0.629 0.43
4146 0.146 0.328
4147 0.774 0.426
4148 0.872 0.584
4149 0.193 0.545
4150 0.508 0.718
4151 0.153 0.067
4152 0.141 0.395
4153 0.911 0.392
4154 0.672 0.358
4155 0.476 0.22
4156 0.486 0.299
4157 0.059 0.527
4158 0.921 0.807
4159 0.582 0.601
4160 0.727 0.441
4161 0.682 0.305
4162 0.402 0.333
4163 0.335 0.645
4164 0.05 0.75
4165 0.343 0.387
4166 0.166 0.323
4167 0.752 0.798
4168 0.439 0.88
4169 0.26 0.943
4170 0.25 0.031
4171 0.899 0.069
4172 0.218 0.381
4173 0.798 0.725
4174 0.928 0.354
4175 0.644 0.227
4176 0.71 0.493
4177 0.663 0.673
4178 0.239 0.335
4179 0.752 0.214
4180 0.055 0.686
4181 0.73 0.926
4182 0.084 0.74
4183 0.172 0.217
4184 0.556 0.631
4185 0.192 0.232
4186 0.623 0.075
4187 0.701 0.555
4188 0.744 0.272
4189 0.145 0.085
4190 0.794 0.792
4191 0.056 0.851
4192 0.593 0.446
4193 0.351 0.023
4194 0.31 0.12
4195 0.803 0.726
4196 0.749 0.724
4197 0.381 0.34
4198 0.867 0.376
4199 0.199 0.963
4200 0.566 0.607
4201 0.837 0.143
4202 0.242 0.448
4203 0.904 0.912
4204 0.218 0.285
4205 0.153 0.854
4206 0.905 0.952
4207 0.64 0.478
4208 0.704 0.461
4209 0.243 0.183
4210 0.871 0.847
4211 0.585 0.388
4212 0.398 0.749
4213 0.727 0.075
4214 0.434 0.624
4215 0.286 0.196
4216 0.648 0.876
4217 0.15 0.327
4218 0.749 0.544
4219 0.571 0.028
4220 0.016 0.023
4221 0.391 0.661
4222 0.249 0.192
4223 0.133 0.314
4224 0.828 0.178
4225 0.025 0.666
4226 0.233 0.637
4227 0.822 0.858
4228 0.09 0.869
4229 0.016 0.265
4230 0.733 0.501
4231 0.69 0.762
4232 0.417 0.757
4233 0.664 0.863
4234 0.664 0.946
4235 0.669 0.041
4236 0.605 0.629
4237 0.488 0.304
4238 0.25 0.466
4239 0.532 0.475
4240 0.288 0.605
4241 0.43 0.349
4242 0.417 0.801
4243 0.67 0.181
4244 0.457 0.147
4245 0.026 0.486
4246 0.38 0.534
4247 0.307 0.136
4248 0.879 0.079
4249 0.889 0.501
4250 0.583 0.364
4251 0.194 0.316
4252 0.126 0.018
4253 0.161 0.056
4254 0.528 0.616
4255 0.898 0.659
4256 0.664 0.235
4257 0.35 0.264
4258 0.352 0.205
4259 0.834 0.501
4260 0.265 0.348
4261 0.121 0.776
4262 0.038 0.833
4263 0.875 0.753
4264 0.703 0.623
4265 0.373 0.619
4266 0.069 0.313
4267 0.071 0.467
4268 0.568 0.383
4269 0.274 0.265
4270 0.582 0.394
4271 0.951 0.27
4272 0.233 0.393
4273 0.936 0.04
4274 0.001 0.077
4275 0.082 0.9
4276 0.112 0.307
4277 0.66 0.639
4278 0.756 0.755
4279 0.874 0.298
4280 0.667 0.703
4281 0.24 0.069
4282 0.44 0.958
4283 0.247 0.899
4284 0.153 0.838
4285 0.265 0.175
4286 0.589 0.61
4287 0.558 0.533
4288 0.961 0.619
4289 0.294 0.114
4290 0.12 0.052
4291 0.712 0.276
4292 0.44 0.816
4293 0.494 0.815
4294 0.84 0.99
4295 0.315 0.181
4296 0.722 0.772
4297 0.695 0.302
4298 0.681 0.809
4299 0.053 0.968
4300 0.122 0.505
4301 0.913 0.643
4302 0.475 0.332
4303 0.43 0.721
4304 0.992 0.293
4305 0.798 0.657
4306 0.791 0.552
4307 0.099 0.825
4308 0.192 0.238
4309 0.408 0.322
4310 0.849 0.84
4311 0.102 0.216
4312 0.333 0.637
4313 0.29 0.83
4314 0.907 0.405
4315 0.134 0.676
4316 0.466 0.158
4317 0.095 0.212
4318 0.673 0.606
4319 0.933 0.831
4320 0.796 0.413
4321 0.022 0.227
4322 0.327 0.638
4323 0.416 0.319
4324 0.516 0.428
4325 0.4 0.742
4326 0.653 0.546
4327 0.866 0.741
4328 0.722 0.738
4329 0.905 0.449
4330 0.509 0.949
4331 0.333 0.708
4332 0.798 0.325
4333 0.516 0.483
4334 0.602 0.067
4335 0.419 0.953
4336 0.823 0.148
4337 0.585 0.602
4338 0.21 0.573
4339 0.243 0.865
4340 0.674 0.059
4341 0.039 0.106
4342 0.656 0.801
4343 0.705 0.529
4344 0.596 0.371
4345 0.462 0.687
4346 0.161 0.593
4347 0.952 0.5
4348 0.256 0.213
4349 0.543 0.792
4350 0.476 0.363
4351 0.462 0.398
4352 0.738 0.185
4353 0.944 0.252
4354 0.879 0.074
4355 0.218 0.368
4356 0.422 0.406
4357 0.266 0.236
4358 0.193 0.392
4359 0.742 0.198
4360 0.231 0.355
4361 0.56 0.731
4362 0.045 0.438
4363 0.14 0.587
4364 0.248 0.792
4365 0.84 0.03
4366 0.381 0.009
4367 0.292 0.205
4368 0.74 0.676
4369 0.471 0.043
4370 0.164 0.021
4371 0.137 0.62
4372 0.468 0.545
4373 0.078 0.055
4374 0.183 0.661
4375 0.137 0.837
4376 0.668 0.319
4377 0.489 0.594
4378 0.077 0.269
4379 0.282 0.155
4380 0.41 0.206
4381 0.294 0.567
4382 0.008 0.214
4383 0.873 0.305
4384 0.884 0.468
4385 0.132 0.052
4386 0.027 0.335
4387 0.022 0.762
4388 0.841 0.275
4389 0.617 0.186
4390 0.414 0.49
4391 0.137 0.75
4392 0.675 0.66
4393 0.224 0.534
4394 0.424 0.981
4395 0.22 0.815
4396 0.566 0.518
4397 0.06 0.345
4398 0.531 0.316
4399 0.593 0.737
4400 0.798 0.442
4401 0.327 0.867
4402 0.897 0.359
4403 0.576 0.843
4404 0.014 0.813
4405 0.4 0.212
4406 0.728 0.816
4407 0.96 0.051
4408 0.523 0.01
4409 0.419 0.945
4410 0.543 0.847
4411 0.897 0.25
4412 0.385 0.598
4413 0.484 0.957
4414 0.144 0.884
4415 0.454 0.245
4416 0.439 0.527
4417 0.113 0.453
4418 0.024 0.989
4419 0.2 0.717
4420 0.185 0.118
4421 0.479 0.521
4422 0.55 0.551
4423 0.517 0.519
4424 0.842 0.544
4425 0.668 0.09
4426 0.63 0.931
4427 0.715 0.504
4428 0.495 0.701
4429 0.755 0.463
4430 0.892 0.118
4431 0.472 0.539
4432 0.657 0.922
4433 0.371 0.959
4434 0.62 0.8
4435 0.715 0.52
4436 0.863 0.252
4437 0.303 0.876
4438 0.439 0.378
4439 0.168 0.32
4440 0.134 0.603
4441 0.283 0.676
4442 0.291 0.019
4443 0.43 0.634
4444 0.063 0.948
4445 0.722 0.746
4446 0.585 0.706
4447 0.923 0.21
4448 0.543 0.619
4449 0.13 0.962
4450 0.595 0.076
4451 0.306 0.529
4452 0.721 0.179
4453 0.941 0.958
4454 0.397 0.891
4455 0.654 0.612
4456 0.804 0.973
4457 0.589 0.49
4458 0.588 0.122
4459 0.256 0.798
4460 0.254 0.86
4461 0.278 0.869
4462 0.259 0.491
4463 0.025 0.349
4464 0.716 0.688
4465 0.872 0.11
4466 0.388 0.588
4467 0.831 0.377
4468 0.534 0.266
4469 0.704 0.223
4470 0.539 0.767
4471 0.808 0.867
4472 0.664 0.394
4473 0.671 0.851
4474 0.143 0.561
4475 0.344 0.859
4476 0.426 0.932
4477 0.079 0.614
4478 0.792 0.873
4479 0.159 0.401
4480 0.18 0.368
4481 0.253 0.734
4482 0.764 0.834
4483 0.738 0.459
4484 0.136 0.557
4485 0.212 0.011
4486 0.609 0.791
4487 0.242 0.153
4488 0.091 0.886
4489 0.458 0.418
4490 0.877 0.245
4491 0.712 0.524
4492 0.849 0.636
4493 0.122 0.826
4494 0.053 0.344
4495 0.817 0.858
4496 0.639 0.369
4497 0.576 0.359
4498 0.912 0.456
4499 0.687 0.266
4500 0.798 0.858
4501 0.325 0.044
4502 0.581 0.212
4503 0.701 0.236
4504 0.942 0.028
4505 0.545 0.323
4506 0.007 0.236
4507 0.958 0.469
4508 0.837 0.857
4509 0.524 0.043
4510 0.962 0.438
4511 0.133 0.464
4512 0.537 0.974
4513 0.206 0.896
4514 0.491 0.883
4515 0.475 0.987
4516 0.725 0.177
4517 0.811 0.927
4518 0.395 0.371
4519 0.51 0.867
4520 0.154 0.52
4521 0.729 0.842
4522 0.528 0.034
4523 0.893 0.211
4524 0.297 0.451
4525 0.284 0.713
4526 0.763 0.38
4527 0.638 0.152
4528 0.462 0.464
4529 0.387 0.295
4530 0.295 0.737
4531 0.299 0.767
4532 0.974 0.829
4533 0.019 0.105
4534 0.523 0.007
4535 0.159 0.415
4536 0.707 0.236
4537 0.61 0.204
4538 0.073 0.18
4539 0.431 0.687
4540 0.491 0.614
4541 0.259 0.827
4542 0.868 0.841
4543 0.799 0.124
4544 0.335 0.56
4545 0.805 0.047
4546 0.783 0.478
4547 0.415 0.172
4548 0.561 0.882
4549 0.312 0.21
4550 0.335 0.363
4551 0.63 0.861
4552 0.722 0.648
4553 0.5 0.246
4554 0.384 0.571
4555 0.622 0.249
4556 0.601 0.797
4557 0.786 0.754
4558 0.37 0.852
4559 0.797 0.726
4560 0.318 0.433
4561 0.554 0.206
4562 0.35 0.718
4563 0.779 0.139
4564 0.23 0.338
4565 0.085 0.255
4566 0.417 0.045
4567 0.042 0.97
4568 0.778 0.933
4569 0.897 0.919
4570 0.252 0.218
4571 0.799 0.911
4572 0.662 0.511
4573 0.776 0.583
4574 0.255 0.232
4575 0.651 0.386
4576 0.195 0.17
4577 0.61 0.398
4578 0.706 0.104
4579 0.166 0.474
4580 0.884 0.333
4581 0.59 0.857
4582 0.059 0.753
4583 0.112 0.489
4584 0.448 0.521
4585 0.926 0.253
4586 0.847 0.751
4587 0.199 0.866
4588 0.2 0.124
4589 0.302 0.006
4590 0.934 0.649
4591 0.81 0.859
4592 0.474 0.414
4593 0.823 0.982
4594 0.486 0.288
4595 0.316 0.171
4596 0.094 0.917
4597 0.744 0.908
4598 0.761 0.623
4599 0.443 0.554
4600 0.516 0.97
4601 0.167 0.621
4602 0.083 0.617
4603 0.272 0.583
4604 0.191 0.34
4605 0.177 0.163
4606 0.935 0.882
4607 0.198 0.073
4608 0.442 0.701
4609 0.941 0.664
4610 0.253 0.289
4611 0.124 0.829
4612 0.422 0.805
4613 0.323 0.577
4614 0.769 0.318
4615 0.875 0.184
4616 0.037 0.978
4617 0.721 0.345
4618 0.814 0.717
4619 0.142 0.268
4620 0.525 0.716
4621 0.091 0.641
4622 0.456 0.058
4623 0.009 0.118
4624 0.172 0.762
4625 0.901 0.577
4626 0.417 0.389
4627 0.791 0.056
4628 0.782 0.408
4629 0.457 0.428
4630 0.752 0.061
4631 0.916 0.605
4632 0.206 0.812
4633 0.707 0.496
4634 0.367 0.069
4635 0.016 0.154
4636 0.15 0.571
4637 0.874 0.116
4638 0.206 0.735
4639 0.612 0.195
4640 0.041 0.386
4641 0.888 0.343
4642 0.263 0.686
4643 0.62 0.758
4644 0.789 0.182
4645 0.131 0.915
4646 0.415 0.045
4647 0.461 0.852
4648 0.724 0.727
4649 0.44 0.406
4650 0.962 0.249
4651 0.941 0.153
4652 0.635 0.378
4653 0.105 0.598
4654 0.73 0.741
4655 0.824 0.649
4656 0.791 0.129
4657 0.443 0.088
4658 0.568 0.416
4659 0.24 0.444
4660 0.824 0.025
4661 0.594 0.834
4662 0.491 0.361
4663 0.693 0.777
4664 0.369 0.123
4665 0.217 0.237
4666 0.629 0.513
4667 0.631 0.249
4668 0.207 0.466
4669 0.739 0.855
4670 0.687 0.893
4671 0.366 0.681
4672 0.754 0.014
4673 0.525 0.438
4674 0.848 0.973
4675 0.412 0.349
4676 0.617 0.912
4677 0.239 0.319
4678 0.738 0.747
4679 0.289 0.035
4680 0.79 0.766
4681 0.895 0.037
4682 0.82 0.79
4683 0.151 0.492
4684 0.234 0.121
4685 0.705 0.074
4686 0.149 0.367
4687 0.7 0.34
4688 0.452 0.297
4689 0.85 0.461
4690 0.605 0.647
4691 0.115 0.493
4692 0.793 0.316
4693 0.698 0.174
4694 0.484 0.712
4695 0.47 0.927
4696 0.235 0.905
4697 0.356 0.268
4698 0.478 0.972
4699 0.609 0.181
4700 0.919 0.965
4701 0.163 0.92
4702 0.892 0.065
4703 0.674 0.034
4704 0.637 0.692
4705 0.397 0.351
4706 0.603 0.672
4707 0.625 0.526
4708 0.626 0.123
4709 0.709 0.167
4710 0.129 0.354
4711 0.585 0.161
4712 0.525 0.439
4713 0.742 0.164
4714 0.55 0.603
4715 0.962 0.185
4716 0.115 0.142
4717 0.665 0.837
4718 0.468 0.414
4719 0.333 0.808
4720 0.358 0.837
4721 0.302 0.532
4722 0.048 0.058
4723 0.235 0.584
4724 0.704 0.109
4725 0.531 0.907
4726 0.124 0.097
4727 0.79 0.404
4728 0.316 0.7
4729 0.151 0.714
4730 0.714 0.047
4731 0.869 0.371
4732 0.117 0.365
4733 0.87 0.366
4734 0.382 0.673
4735 0.183 0.402
4736 0.44 0.135
4737 0.601 0.574
4738 0.733 0.614
4739 0.282 0.841
4740 0.187 0.18
4741 0.162 0.485
4742 0.289 0.287
4743 0.809 0.354
4744 0.05 0.803
4745 0.699 0.28
4746 0.412 0.273
4747 0.451 0.618
4748 0.417 0.035
4749 0.045 0.599
4750 0.309 0.691
4751 0.634 0.286
4752 0.225 0.254
4753 0.474 0.228
4754 0.316 0.679
4755 0.21 0.275
4756 0.714 0.347
4757 0.517 0.809
4758 0.749 0.664
4759 0.632 0.479
4760 0.507 0.441
4761 0.888 0.931
4762 0.14 0.962
4763 0.795 0.855
4764 0.006 0.57
4765 0.269 0.961
4766 0.906 0.365
4767 0.699 0.199
4768 0.551 0.053
4769 0.417 0.373
4770 0.165 0.692
4771 0.44 0.761
4772 0.565 0.837
4773 0.521 0.175
4774 0.063 0.301
4775 0.391 0.442
4776 0.925 0.8
4777 0.023 0.849
4778 0.305 0.756
4779 0.241 0.948
4780 0.438 0.818
4781 0.051 0.449
4782 0.286 0.079
4783 0.904 0.86
4784 0.75 0.974
4785 0.277 0.339
4786 0.218 0.481
4787 0.588 0.402
4788 0.443 0.909
4789 0.676 0.542
4790 0.753 0.158
4791 0.673 0.021
4792 0.19 0.043
4793 0.474 0.125
4794 0.649 0.279
4795 0.411 0.872
4796 0.836 0.9
4797 0.503 0.959
4798 0.948 0.874
4799 0.265 0.746
4800 0.899 0.138
4801 0.696 0.547
4802 0.159 0.082
4803 0.575 0.785
4804 0.179 0.097
4805 0.792 0.153
4806 0.154 0.578
4807 0.371 0.593
4808 0.121 0.454
4809 0.944 0.777
4810 0.08 0.077
4811 0.65 0.076
4812 0.315 0.428
4813 0.526 0.819
4814 0.921 0.642
4815 0.399 0.961
4816 0.698 0.025
4817 0.45 0.793
4818 0.731 0.062
4819 0.328 0.176
4820 0.587 0.907
4821 0.532 0.233
4822 0.478 0.315
4823 0.744 0.076
4824 0.271 0.587
4825 0.603 0.248
4826 0.58 0.25
4827 0.488 0.132
4828 0.249 0.249
4829 0.11 0.44
4830 0.416 0.818
4831 0.495 0.623
4832 0.054 0.263
4833 0.853 0.976
4834 0.295 0.139
4835 0.143 0.104
4836 0.695 0.85
4837 0.472 0.705
4838 0.751 0.023
4839 0.399 0.136
4840 0.946 0.069
4841 0.589 0.861
4842 0.5 0.326
4843 0.005 0.57
4844 0.645 0.338
4845 0.773 0.49
4846 0.668 0.262
4847 0.83 0.635
4848 0.311 0.651
4849 0.752 0.682
4850 0.796 0.529
4851 0.311 0.413
4852 0.248 0.752
4853 0.72 0.163
4854 0.812 0.675
4855 0.748 0.728
4856 0.818 0.629
4857 0.861 0.678
4858 0.002 0.599
4859 0.595 0.101
4860 0.13 0.654
4861 0.688 0.231
4862 0.904 0.957
4863 0.748 0.329
4864 0.092 0.198
4865 0.714 0.686
4866 0.71 0.773
4867 0.58 0.848
4868 0.334 0.883
4869 0.704 0.079
4870 0.389 0.928
4871 0.052 0.798
4872 0.21 0.219
4873 0.954 0.077
4874 0.077 0.979
4875 0.385 0.599
4876 0.177 0.322
4877 0.467 0.323
4878 0.379 0.327
4879 0.309 0.744
4880 0.655 0.533
4881 0.625 0.598
4882 0.833 0.825
4883 0.509 0.986
4884 0.203 0.364
4885 0.892 0.457
4886 0.609 0.684
4887 0.289 0.133
4888 0.708 0.883
4889 0.369 0.54
4890 0.545 0.606
4891 0.841 0.3
4892 0.442 0.636
4893 0.218 0.254
4894 0.397 0.072
4895 0.518 0.751
4896 0.742 0.272
4897 0.605 0.12
4898 0.262 0.82
4899 0.461 0.527
4900 0.17 0.05
4901 0.328 0.149
4902 0.882 0.906
4903 0.169 0.252
4904 0.421 0.477
4905 0.076 0.378
4906 0.182 0.332
4907 0.352 0.651
4908 0.755 0.899
4909 0.552 0.937
4910 0.785 0.526
4911 0.768 0.927
4912 0.594 0.504
4913 0.9 0.523
4914 0.723 0.11
4915 0.139 0.02
4916 0.164 0.349
4917 0.013 0.231
4918 0.874 0.03
4919 0.879 0.971
4920 0.24 0.599
4921 0.597 0.635
4922 0.491 0.719
4923 0.355 0.636
4924 0.518 0.025
4925 0.211 0.272
4926 0.52 0.161
4927 0.222 0.052
4928 0.407 0.024
4929 0.009 0.128
4930 0.68 0.78
4931 0.795 0.428
4932 0.052 0.765
4933 0.066 0.382
4934 0.553 0.696
4935 0.725 0.72
4936 0.141 0.787
4937 0.076 0.084
4938 0.242 0.549
4939 0.091 0.287
4940 0.512 0.78
4941 0.494 0.116
4942 0.49 0.411
4943 0.597 0.36
4944 0.901 0.28
4945 0.357 0.074
4946 0.307 0.971
4947 0.965 0.235
4948 0.741 0.707
4949 0.115 0.179
4950 0.1 0.308
4951 0.851 0.507
4952 0.187 0.852
4953 0.686 0.951
4954 0.3 0.091
4955 0.16 0.458
4956 0.495 0.129
4957 0.889 0.222
4958 0.338 0.743
4959 0.418 0.727
4960 0.13 0.273
4961 0.723 0.754
4962 0.249 0.677
4963 0.497 0.451
4964 0.536 0.931
4965 0.253 0.741
4966 0.72 0.446
4967 0.174 0.31
4968 0.075 0.157
4969 0.426 0.09
4970 0.909 0.233
4971 0.053 0.939
4972 0.857 0.377
4973 0.359 0.882
4974 0.357 0.211
4975 0.17 0.241
4976 0.56 0.023
4977 0.808 0.645
4978 0.279 0.643
4979 0.44 0.896
4980 0.748 0.215
4981 0.078 0.463
4982 0.615 0.667
4983 0.61 0.383
4984 0.769 0.088
4985 0.415 0.405
4986 0.034 0.929
4987 0.134 0.028
4988 0.938 0.639
4989 0.199 0.915
4990 0.986 0.239
4991 0.889 0.28
4992 0.721 0.188
4993 0.921 0.447
4994 0.261 0.93
4995 0.893 0.18
4996 0.306 0.057
4997 0.471 0.419
4998 0.723 0.735
4999 0.181 0.289
5000 0.605 0.01
