1 0.409 0.05
2 0.271 0.004
3 0.341 0.214
4 0.333 0.066
5 0.931 0.204
6 0.397 0.525
7 0.272 0.73
8 0.411 0.699
9 0.93 0.62
10 0.972 0.022
11 0.348 0.078
12 0.954 0.678
13 0.891 0.002
14 0.875 0.199
15 0.505 0.984
16 0.638 0.291
17 0.145 0.727
18 0.851 0.405
19 0.726 0.012
20 0.788 0.451
21 0.926 0.315
22 0.98 0.002
23 0.773 0.371
24 0.897 0.824
25 0.94 0.881
26 0.876 0.707
27 0.791 0.488
28 0.866 0.337
29 0.65 0.605
30 0.851 0.114
31 0.782 0.872
32 0.875 0.219
33 0.128 0.859
34 0.835 0.411
35 0.451 0.011
36 0.501 0.363
37 0.349 0.74
38 0.84 0.271
39 0.138 0.045
40 0.922 0.639
41 0.937 0.438
42 0.562 0.351
43 0.483 0.619
44 0.704 0.68
45 0.758 0.979
46 0.339 0.894
47 0.625 0.777
48 0.64 0.587
49 0.624 0.695
50 0.588 0.059
51 0.747 0.796
52 0.211 0.503
53 0.419 0.067
54 0.593 0.151
55 0.124 0.652
56 0.421 0.425
57 0.475 0.043
58 0.929 0.554
59 0.398 0.71
60 0.879 0.058
61 0.737 0.038
62 0.826 0.065
63 0.93 0.439
64 0.028 0.887
65 0.866 0.96
66 0.962 0.769
67 0.877 0.148
68 0.364 0.81
69 0.967 0.482
70 0.524 0.192
71 0.765 0.846
72 0.857 0.418
73 0.851 0.961
74 0.663 0.424
75 0.787 0.128
76 0.388 0.18
77 0.85 0.118
78 0.755 0.833
79 0.178 0.104
80 0.785 0.036
81 0.825 0.111
82 0.595 0.27
83 0.65 0.054
84 0.607 0.233
85 0.906 0.017
86 0.766 0.24
87 0.606 0.104
88 0.32 0.514
89 0.175 0.623
90 0.803 0.195
91 0.459 0.572
92 0.81 0.483
93 0.967 0.322
94 0.449 0.365
95 0.953 0.134
96 0.083 0.211
97 0.24 0.691
98 0.151 0.468
99 0.799 0.009
100 0.72 0.479
101 0.855 0.131
102 0.314 0.895
103 0.382 0.288
104 0.461 0.705
105 0.781 0.194
106 0.822 0.69
107 0.961 0.322
108 0.861 0.455
109 0.689 0.821
110 0.908 0.174
111 0.137 0.1
112 0.949 0.199
113 0.198 0.309
114 0.612 0.329
115 0.888 0.141
116 0.962 0.461
117 0.572 0.093
118 0.975 0.695
119 0.824 0.12
120 0.846 0.552
121 0.909 0.293
122 0.301 0.417
123 0.839 0.638
124 0.761 0.033
125 0.976 0.754
126 0.771 0.294
127 0.551 0.474
128 0.868 0.1
129 0.943 0.424
130 0.416 0.133
131 0.923 0.65
132 0.808 0.004
133 0.524 0.746
134 0.97 0.788
135 0.69 0.208
136 0.901 0.17
137 0.772 0.931
138 0.931 0.484
139 0.587 0.293
140 0.89 0.898
141 0.493 0.879
142 0.564 0.762
143 0.869 0.606
144 0.08 0.63
145 0.821 0.513
146 0.659 0.617
147 0.339 0.433
148 0.878 0.236
149 0.53 0.039
150 0.424 0.052
151 0.96 0.541
152 0.91 0.204
153 0.87 0.04
154 0.636 0.568
155 0.882 0.147
156 0.799 0.065
157 0.651 0.97
158 0.094 0.677
159 0.922 0.227
160 0.964 0.421
161 0.94 0.526
162 0.558 0.253
163 0.19 0.843
164 0.397 0.325
165 0.786 0.488
166 0.661 0.443
167 0.865 0.908
168 0.859 0.074
169 0.429 0.271
170 0.447 0.559
171 0.946 0.391
172 0.821 0.146
173 0.879 0.862
174 0.83 0.602
175 0.944 0.82
176 0.477 0.252
177 0.338 0.604
178 0.882 0.901
179 0.735 0.021
180 0.023 0.226
181 0.176 0.092
182 0.6 0.16
183 0.651 0.975
184 0.426 0.911
185 0.436 0.487
186 0.878 0.468
187 0.652 0.175
188 0.062 0.895
189 0.952 0.19
190 0.759 0.014
191 0.762 0.419
192 0.649 0.708
193 0.551 0.158
194 0.8 0.147
195 0.52 0.433
196 0.535 0.351
197 0.758 0.036
198 0.662 0.058
199 0.96 0.117
200 0.117 0.501
201 0.659 0.686
202 0.665 0.693
203 0.376 0.975
204 0.732 0.865
205 0.56 0.481
206 0.901 0.892
207 0.62 0.025
208 0.802 0.121
209 0.237 0.107
210 0.828 0.089
211 0.921 0.108
212 0.235 0.056
213 0.675 0.209
214 0.774 0.637
215 0.448 0.044
216 0.457 0.058
217 0.131 0.287
218 0.127 0.959
219 0.747 0.372
220 0.894 0.2
221 0.008 0.562
222 0.216 0.294
223 0.818 0.883
224 0.955 0.612
225 0.868 0.201
226 0.981 0.916
227 0.894 0.488
228 0.822 0.084
229 0.03 0.212
230 0.492 0.516
231 0.398 0.167
232 0.118 0.572
233 0.734 0.188
234 0.668 0.061
235 0.817 0.055
236 0.04 0.489
237 0.673 0.53
238 0.937 0.167
239 0.659 0.155
240 0.831 0.687
241 0.889 0.421
242 0.104 0.445
243 0.844 0.77
244 0.962 0.272
245 0.757 0.283
246 0.983 0.142
247 0.658 0.841
248 0.204 0.712
249 0.844 0.315
250 0.591 0.056
251 0.813 0.343
252 0.809 0.798
253 0.466 0.361
254 0.644 0.861
255 0.885 0.323
256 0.846 0.213
257 0.944 0.064
258 0.766 0.301
259 0.749 0.311
260 0.374 0.358
261 0.637 0.48
262 0.934 0.96
263 0.905 0.213
264 0.734 0.231
265 0.536 0.129
266 0.541 0.09
267 0.782 0.66
268 0.828 0.336
269 0.928 0.824
270 0.978 0.353
271 0.791 0.835
272 0.648 0.334
273 0.677 0.819
274 0.953 0.434
275 0.968 0.608
276 0.913 0.133
277 0.461 0.324
278 0.774 0.106
279 0.891 0.028
280 0.539 0.714
281 0.335 0.702
282 0.85 0.465
283 0.708 0.822
284 0.632 0.328
285 0.658 0.129
286 0.832 0.682
287 0.943 0.397
288 0.947 0.757
289 0.075 0.283
290 0.841 0.008
291 0.861 0.222
292 0.363 0.135
293 0.202 0.147
294 0.322 0.987
295 0.686 0.887
296 0.618 0.221
297 0.501 0.061
298 0.737 0.092
299 0.403 0.06
300 0.822 0.307
301 0.759 0.721
302 0.798 0.586
303 0.817 0.056
304 0.885 0.483
305 0.517 0.401
306 0.335 0.104
307 0.762 0.718
308 0.706 0.11
309 0.515 0.222
310 0.538 0.912
311 0.749 0.029
312 0.481 0.415
313 0.693 0.528
314 0.967 0.053
315 0.697 0.486
316 0.565 0.205
317 0.708 0.07
318 0.895 0.044
319 0.104 0.875
320 0.839 0.286
321 0.462 0.002
322 0.784 0.911
323 0.601 0.957
324 0.947 0.603
325 0.618 0.788
326 0.66 0.517
327 0.394 0.07
328 0.399 0.466
329 0.972 0.102
330 0.309 0.639
331 0.542 0.747
332 0.875 0.056
333 0.348 0.237
334 0.432 0.663
335 0.493 0.322
336 0.261 0.481
337 0.955 0.773
338 0.611 0.894
339 0.442 0.005
340 0.819 0.665
341 0.131 0.41
342 0.052 0.591
343 0.839 0.407
344 0.711 0.005
345 0.749 0.249
346 0.92 0.043
347 0.815 0.988
348 0.912 0.049
349 0.692 0.84
350 0.865 0.16
351 0.945 0.658
352 0.901 0.428
353 0.797 0.802
354 0.402 0.957
355 0.945 0.049
356 0.907 0.854
357 0.616 0.93
358 0.21 0.405
359 0.861 0.285
360 0.533 0.017
361 0.743 0.112
362 0.957 0.45
363 0.853 0.123
364 0.948 0.349
365 0.215 0.213
366 0.32 0.676
367 0.782 0.37
368 0.62 0.35
369 0.949 0.786
370 0.534 0.313
371 0.48 0.068
372 0.867 0.796
373 0.096 0.952
374 0.215 0.117
375 0.828 0.671
376 0.634 0.658
377 0.854 0.342
378 0.725 0.784
379 0.577 0.354
380 0.89 0.249
381 0.382 0.542
382 0.967 0.073
383 0.361 0.117
384 0.628 0.875
385 0.397 0.225
386 0.046 0.033
387 0.671 0.064
388 0.287 0.194
389 0.272 0.052
390 0.627 0.571
391 0.557 0.113
392 0.822 0.805
393 0.278 0.828
394 0.185 0.125
395 0.753 0.595
396 0.322 0.239
397 0.775 0.524
398 0.811 0.365
399 0.769 0.212
400 0.492 0.16
401 0.496 0.044
402 0.302 0.171
403 0.551 0.009
404 0.834 0.057
405 0.927 0.781
406 0.649 0.14
407 0.027 0.892
408 0.884 0.602
409 0.818 0.091
410 0.189 0.023
411 0.539 0.137
412 0.862 0.295
413 0.286 0.171
414 0.635 0.441
415 0.506 0.102
416 0.513 0.041
417 0.111 0.142
418 0.95 0.031
419 0.576 0.075
420 0.708 0.826
421 0.886 0.046
422 0.907 0.09
423 0.108 0.013
424 0.735 0.148
425 0.758 0.886
426 0.621 0.24
427 0.911 0.475
428 0.445 0.052
429 0.547 0.665
430 0.523 0.274
431 0.858 0.007
432 0.121 0.053
433 0.347 0.118
434 0.87 0.274
435 0.451 0.102
436 0.31 0.042
437 0.872 0.155
438 0.264 0.024
439 0.81 0.589
440 0.462 0.077
441 0.844 0.062
442 0.362 0.481
443 0.743 0.589
444 0.377 0.347
445 0.634 0.251
446 0.801 0.441
447 0.483 0.002
448 0.854 0.016
449 0.603 0.225
450 0.651 0.353
451 0.588 0.826
452 0.933 0.921
453 0.78 0.671
454 0.024 0.772
455 0.436 0.001
456 0.219 0.698
457 0.847 0.464
458 0.941 0.505
459 0.056 0.139
460 0.733 0.28
461 0.819 0.757
462 0.636 0.004
463 0.032 0.985
464 0.769 0.018
465 0.286 0.441
466 0.722 0.121
467 0.733 0.401
468 0.666 0.713
469 0.365 0.681
470 0.961 0.299
471 0.342 0.742
472 0.713 0.84
473 0.819 0.012
474 0.893 0.372
475 0.808 0.554
476 0.652 0.384
477 0.794 0.036
478 0.863 0.223
479 0.574 0.98
480 0.387 0.295
481 0.967 0.068
482 0.006 0.984
483 0.952 0.734
484 0.721 0.185
485 0.655 0.897
486 0.633 0.471
487 0.143 0.359
488 0.416 0.012
489 0.657 0
490 0.313 0.395
491 0.015 0.215
492 0.891 0.275
493 0.258 0.315
494 0.484 0.271
495 0.902 0.685
496 0.572 0.475
497 0.55 0.506
498 0.507 0.042
499 0.207 0.183
500 0.344 0.613
501 0.74 0.603
502 0.387 0.611
503 0.397 0.504
504 0.181 0.018
505 0.288 0.115
506 0.316 0.958
507 0.599 0
508 0.923 0.371
509 0.117 0.725
510 0.614 0.1
511 0.772 0.362
512 0.973 0.412
513 0.174 0.503
514 0.906 0.142
515 0.787 0.319
516 0.845 0.258
517 0.772 0.552
518 0.895 0.449
519 0.337 0.017
520 0.484 0.001
521 0.095 0.943
522 0.77 0.138
523 0.356 0.695
524 0.955 0.397
525 0.193 0.87
526 0.947 0.488
527 0.975 0.068
528 0.565 0.431
529 0.231 0.012
530 0.75 0.014
531 0.366 0.461
532 0.898 0.162
533 0.95 0.025
534 0.609 0.316
535 0.495 0.802
536 0.951 0.639
537 0.868 0.032
538 0.822 0.233
539 0.804 0.374
540 0.675 0.728
541 0.609 0.353
542 0.207 0.014
543 0.907 0.152
544 0.905 0.047
545 0.447 0.862
546 0.843 0.236
547 0.967 0.261
548 0.663 0.094
549 0.129 0.538
550 0.77 0.25
551 0.147 0.784
552 0.765 0.612
553 0.513 0.441
554 0.917 0.162
555 0.838 0.194
556 0.834 0.706
557 0.587 0.084
558 0.611 0.394
559 0.48 0.137
560 0.037 0.159
561 0.959 0.259
562 0.768 0.095
563 0.116 0.904
564 0.489 0.234
565 0.713 0.297
566 0.977 0.688
567 0.978 0.746
568 0.73 0.198
569 0.119 0.625
570 0.712 0.585
571 0.314 0.162
572 0.978 0.021
573 0.7 0.114
574 0.508 0.017
575 0.449 0.485
576 0.468 0.484
577 0.517 0.811
578 0.467 0.382
579 0.233 0.96
580 0.061 0.482
581 0.65 0.49
582 0.743 0.661
583 0.793 0.353
584 0.792 0.247
585 0.274 0.465
586 0.138 0.997
587 0.218 0.867
588 0.945 0.261
589 0.892 0.629
590 0.703 0.171
591 0.673 0.103
592 0.459 0.619
593 0.281 0.004
594 0.968 0.12
595 0.451 0.542
596 0.098 0.797
597 0.374 0.581
598 0.407 0.61
599 0.977 0.073
600 0.566 0.609
601 0.841 0.882
602 0.626 0.165
603 0.232 0.481
604 0.925 0.182
605 0.777 0.868
606 0.453 0.847
607 0.015 0.114
608 0.645 0.405
609 0.219 0.833
610 0.536 0.156
611 0.64 0.316
612 0.304 0.049
613 0.841 0.427
614 0.767 0.166
615 0.314 0.96
616 0.51 0.617
617 0.789 0.902
618 0.326 0.003
619 0.679 0.688
620 0.224 0.673
621 0.87 0.472
622 0.554 0.598
623 0.01 0.255
624 0.74 0.545
625 0.569 0.293
626 0.82 0.646
627 0.242 0.488
628 0.74 0.011
629 0.645 0.003
630 0.971 0.926
631 0.716 0.721
632 0.716 0.348
633 0.516 0.4
634 0.754 0.262
635 0.793 0.228
636 0.547 0.068
637 0.804 0.158
638 0.782 0.87
639 0.872 0.847
640 0.799 0.318
641 0.36 0.07
642 0.737 0.211
643 0.951 0.422
644 0.018 0.067
645 0.901 0.34
646 0.036 0.955
647 0.868 0.904
648 0.722 0.407
649 0.849 0.452
650 0.936 0.701
651 0.58 0.359
652 0.26 0.346
653 0.833 0.723
654 0.888 0.597
655 0.801 0.128
656 0.872 0.172
657 0.838 0.756
658 0.602 0.101
659 0.927 0.95
660 0.959 0.101
661 0.765 0.826
662 0.768 0.389
663 0.736 0.061
664 0.526 0.077
665 0.42 0.253
666 0.329 0.179
667 0.261 0.712
668 0.277 0.85
669 0.027 0.142
670 0.827 0.131
671 0.547 0.658
672 0.865 0.095
673 0.676 0.935
674 0.154 0.058
675 0.066 0.398
676 0.12 0.206
677 0.949 0.066
678 0.331 0.026
679 0.116 0.334
680 0.897 0.356
681 0.695 0.433
682 0.458 0.19
683 0.802 0.317
684 0.858 0.894
685 0.508 0.045
686 0.79 0.094
687 0.645 0.056
688 0.648 0.147
689 0.927 0.466
690 0.583 0.213
691 0.774 0.648
692 0.939 0.111
693 0.023 0.362
694 0.667 0.596
695 0.967 0.392
696 0.158 0.448
697 0.92 0.041
698 0.306 0.084
699 0.961 0.031
700 0.288 0.17
701 0.246 0.173
702 0.949 0.201
703 0.745 0.107
704 0.843 0.806
705 0 0.836
706 0.96 0.954
707 0.155 0.226
708 0.96 0.654
709 0.532 0.641
710 0.23 0.065
711 0.699 0.041
712 0.551 0.666
713 0.764 0.29
714 0.314 0.489
715 0.667 0.221
716 0.827 0.273
717 0.741 0.097
718 0.547 0.492
719 0.925 0.019
720 0.672 0.375
721 0.91 0.649
722 0.069 0.635
723 0.752 0.18
724 0.589 0.525
725 0.871 0.615
726 0.102 0.952
727 0 0.556
728 0.231 0.202
729 0.926 0.507
730 0.785 0.88
731 0.825 0.778
732 0.713 0.029
733 0.08 0.565
734 0.378 0.36
735 0.057 0.781
736 0.5 0.755
737 0.765 0.172
738 0.617 0.388
739 0.047 0.42
740 0.924 0.146
741 0.923 0.744
742 0.139 0.566
743 0.604 0.318
744 0.83 0.042
745 0.417 0.563
746 0.371 0.324
747 0.966 0.446
748 0.784 0.068
749 0.592 0.754
750 0.75 0.099
751 0.971 0.768
752 0.123 0.065
753 0.462 0.9
754 0.798 0.225
755 0.56 0.535
756 0.408 0.019
757 0.847 0.33
758 0.898 0.02
759 0.921 0.86
760 0.934 0.325
761 0.617 0.02
762 0.783 0.459
763 0.659 0.188
764 0.712 0.923
765 0.926 0.185
766 0.959 0.184
767 0.973 0.368
768 0.581 0.089
769 0.579 0.396
770 0.147 0.04
771 0.969 0.527
772 0.42 0.028
773 0.571 0.673
774 0.794 0.154
775 0.734 0.967
776 0.977 0.126
777 0.966 0.324
778 0.037 0.829
779 0.838 0.025
780 0.562 0.077
781 0.785 0.366
782 0.813 0.482
783 0.564 0.998
784 0.231 0.433
785 0.751 0.013
786 0.645 0.02
787 0.227 0.091
788 0.862 0.005
789 0.355 0.695
790 0.384 0.598
791 0.868 0.141
792 0.889 0.618
793 0.895 0.611
794 0.32 0.467
795 0.363 0.04
796 0.521 0.259
797 0.977 0.754
798 0.197 0.747
799 0.705 0.105
800 0.647 0.726
801 0.769 0.843
802 0.311 0.071
803 0.885 0.913
804 0.61 0.069
805 0.403 0.793
806 0.824 0.351
807 0.742 0.17
808 0.894 0.82
809 0.638 0.113
810 0.338 0.083
811 0.627 0.182
812 0.278 0.596
813 0.489 0.521
814 0.08 0.141
815 0.177 0.949
816 0.507 0.521
817 0.72 0.841
818 0.973 0.767
819 0.835 0.661
820 0.735 0.042
821 0.894 0.312
822 0.748 0.194
823 0.825 0.197
824 0.874 0.072
825 0.739 0.784
826 0.948 0.676
827 0.526 0.32
828 0.609 0.065
829 0.182 0.579
830 0.608 0.02
831 0.202 0.696
832 0.495 0.609
833 0.913 0.342
834 0.939 0.402
835 0.981 0.288
836 0.405 0.285
837 0.775 0.098
838 0.741 0.014
839 0.135 0.611
840 0.428 0.952
841 0.867 0.65
842 0.58 0.631
843 0.883 0.423
844 0.78 0.04
845 0.459 0.151
846 0.045 0.693
847 0.664 0.178
848 0.828 0.499
849 0.844 0.418
850 0.27 0.852
851 0.142 0.321
852 0.272 0.999
853 0.864 0.912
854 0.242 0.901
855 0.695 0.263
856 0.864 0.179
857 0.809 0.087
858 0.667 0.532
859 0.346 0.626
860 0.69 0.745
861 0.927 0.564
862 0.783 0.211
863 0.484 0.344
864 0.224 0.059
865 0.919 0.927
866 0.772 0.918
867 0.632 0.394
868 0.947 0.151
869 0.863 0.195
870 0.653 0.379
871 0.848 0.384
872 0.573 0.298
873 0.789 0.2
874 0.569 0.045
875 0.968 0.578
876 0.397 0.835
877 0.425 0.563
878 0.897 0.023
879 0.889 0.055
880 0.142 0.569
881 0.503 0.661
882 0.665 0.14
883 0.762 0.138
884 0.648 0.259
885 0.354 0.377
886 0.483 0.05
887 0.371 0.019
888 0.704 0.059
889 0.497 0.223
890 0.77 0.863
891 0.888 0.645
892 0.311 0.109
893 0.097 0.001
894 0.482 0.921
895 0.795 0.926
896 0.55 0.324
897 0.979 0.23
898 0.519 0.699
899 0.968 0.125
900 0.854 0.351
901 0.543 0.641
902 0.571 0.746
903 0.682 0.117
904 0.955 0.666
905 0.535 0.009
906 0.54 0.038
907 0.793 0.976
908 0.695 0.151
909 0.823 0.094
910 0.346 0.718
911 0.322 0.012
912 0.701 0.123
913 0.934 0.614
914 0.472 0.011
915 0.7 0.043
916 0.84 0.007
917 0.699 0.262
918 0.386 0.12
919 0.835 0.062
920 0.935 0.353
921 0.957 0.056
922 0.64 0.334
923 0.927 0.206
924 0.71 0.502
925 0.721 0.119
926 0.228 0.389
927 0.094 0.443
928 0.858 0.84
929 0.101 0.288
930 0.7 0.298
931 0.733 0.697
932 0.541 0.822
933 0.262 0.066
934 0.884 0.493
935 0.92 0.723
936 0.719 0.593
937 0.935 0.105
938 0.524 0.89
939 0.846 0.103
940 0.569 0.941
941 0.351 0.092
942 0.489 0.084
943 0.799 0.008
944 0.666 0.064
945 0.685 0.486
946 0.69 0.007
947 0.431 0.161
948 0.96 0.15
949 0.956 0.776
950 0.863 0.392
951 0.795 0.045
952 0.611 0.778
953 0.023 0.51
954 0.468 0.916
955 0.842 0.005
956 0.861 0.36
957 0.862 0.361
958 0.719 0.81
959 0.764 0.045
960 0.834 0.223
961 0.853 0.509
962 0.054 0.159
963 0.684 0.166
964 0.564 0.961
965 0.027 0.705
966 0.937 0.765
967 0.681 0.592
968 0.628 0.051
969 0.161 0.028
970 0.31 0.816
971 0.825 0.037
972 0.578 0.116
973 0.903 0.74
974 0.887 0.392
975 0.323 0.054
976 0.034 0.005
977 0.914 0.08
978 0.798 0.977
979 0.637 0.093
980 0.823 0.083
981 0.894 0.37
982 0.371 0.635
983 0.978 0.546
984 0.434 0.701
985 0.182 0.476
986 0.621 0.481
987 0.434 0.037
988 0.809 0.705
989 0.387 0.302
990 0.742 0.143
991 0.93 0.187
992 0.938 0.005
993 0.866 0.77
994 0.936 0.236
995 0.319 0.44
996 0.899 0.084
997 0.853 0.128
998 0.657 0.022
999 0.757 0.176
1000 0.919 0.581
1001 0.578 0.631
1002 0.42 0.609
1003 0.004 0.289
1004 0.931 0.642
1005 0.906 0.675
1006 0.611 0.856
1007 0.673 0.158
1008 0.957 0.928
1009 0.743 0
1010 0.91 0.301
1011 0.275 0.103
1012 0.961 0.594
1013 0.728 0.755
1014 0.333 0.286
1015 0.792 0.499
1016 0.5 0.327
1017 0.649 0.226
1018 0.921 0.039
1019 0.963 0.251
1020 0.592 0.144
1021 0.75 0.476
1022 0.689 0.547
1023 0.737 0.958
1024 0.902 0.012
1025 0.551 0.737
1026 0.881 0.287
1027 0.621 0.002
1028 0.573 0.003
1029 0.498 0.221
1030 0.822 0.449
1031 0.792 0.383
1032 0.467 0.463
1033 0.706 0.015
1034 0.339 0.637
1035 0.334 0.82
1036 0.874 0.898
1037 0.944 0.206
1038 0.003 0.288
1039 0.356 0.853
1040 0.865 0.39
1041 0.514 0.008
1042 0.11 0.026
1043 0.855 0.48
1044 0.565 0.041
1045 0.941 0.243
1046 0.811 0.145
1047 0.705 0.485
1048 0.949 0.775
1049 0.861 0.066
1050 0.733 0.67
1051 0.792 0.114
1052 0.754 0.539
1053 0.644 0.429
1054 0.861 0.226
1055 0.13 0.056
1056 0.869 0.983
1057 0.275 0.033
1058 0.953 0.328
1059 0.366 0.21
1060 0.934 0.008
1061 0.926 0.061
1062 0.861 0.104
1063 0.44 0.18
1064 0.91 0.288
1065 0.694 0.079
1066 0.444 0.068
1067 0.454 0.09
1068 0.85 0.171
1069 0.793 0.078
1070 0.894 0.083
1071 0.689 0.163
1072 0.948 0.077
1073 0.964 0.124
1074 0.511 0.022
1075 0.153 0.473
1076 0.546 0.08
1077 0.369 0.088
1078 0.395 0.092
1079 0.959 0.229
1080 0.302 0.078
1081 0.267 0.327
1082 0.418 0.197
1083 0.952 0.283
1084 0.876 0.088
1085 0.395 0.011
1086 0.782 0.463
1087 0.4 0.117
1088 0.388 0.486
1089 0.87 0.994
1090 0.298 0.063
1091 0.589 0.003
1092 0.625 0.139
1093 0.305 0.24
1094 0.713 0.808
1095 0.97 0.657
1096 0.955 0.121
1097 0.507 0.14
1098 0.796 0.731
1099 0.786 0.834
1100 0.036 0.02
1101 0.761 0.182
1102 0.522 0.353
1103 0.547 0.394
1104 0.79 0.468
1105 0.4 0.039
1106 0.727 0.339
1107 0.434 0.094
1108 0.332 0.157
1109 0.833 0.483
1110 0.48 0.052
1111 0.405 0.507
1112 0.574 0.954
1113 0.779 0.333
1114 0.835 0.968
1115 0.688 0.073
1116 0.395 0.05
1117 0.745 0.936
1118 0.381 0.101
1119 0.405 0.383
1120 0.804 0.919
1121 0.854 0.563
1122 0.816 0.609
1123 0.529 0.555
1124 0.697 0.77
1125 0.89 0.9
1126 0.233 0.195
1127 0.592 0.574
1128 0.792 0.56
1129 0.059 0.666
1130 0.737 0.567
1131 0.906 0.196
1132 0.637 0.417
1133 0.619 0.406
1134 0.925 0.694
1135 0.341 0.015
1136 0.899 0.03
1137 0.853 0.523
1138 0.034 0.426
1139 0.859 0.143
1140 0.003 0.289
1141 0.806 0.975
1142 0.857 0.024
1143 0.641 0.398
1144 0.463 0.094
1145 0.634 0.107
1146 0.573 0.442
1147 0.875 0.857
1148 0.607 0.243
1149 0.378 0.112
1150 0.762 0.218
1151 0.305 0.601
1152 0.883 0.211
1153 0.083 0.967
1154 0.929 0.592
1155 0.162 0.766
1156 0.582 0.059
1157 0.87 0.102
1158 0.758 0.051
1159 0.4 0.855
1160 0.64 0.272
1161 0.148 0.582
1162 0.69 0.016
1163 0.963 0.935
1164 0.537 0.358
1165 0.536 0.17
1166 0.659 0.521
1167 0.693 0.669
1168 0.768 0.715
1169 0.908 0.659
1170 0.811 0.521
1171 0.879 0.029
1172 0.137 0.8
1173 0.896 0.218
1174 0.891 0.425
1175 0.573 0.741
1176 0.149 0.852
1177 0.935 0.063
1178 0.858 0.359
1179 0.926 0.455
1180 0.669 0.385
1181 0.7 0.128
1182 0.85 0.058
1183 0.973 0.608
1184 0.804 0.021
1185 0.788 0.253
1186 0.709 0.297
1187 0.418 0.527
1188 0.793 0.861
1189 0.008 0.328
1190 0.825 0.053
1191 0.934 0.581
1192 0.304 0.038
1193 0.389 0.577
1194 0.713 0.171
1195 0.911 0.926
1196 0.591 0.227
1197 0.384 0.974
1198 0.726 0.801
1199 0.817 0.543
1200 0.583 0.035
1201 0.573 0.001
1202 0.951 0.149
1203 0.748 0.052
1204 0.572 0.188
1205 0.829 0.165
1206 0.481 0.763
1207 0.863 0.324
1208 0.951 0.347
1209 0.97 0.065
1210 0.892 0.386
1211 0.969 0.093
1212 0.912 0.074
1213 0.553 0.44
1214 0.724 0.194
1215 0.95 0.147
1216 0.378 0.309
1217 0.041 0.608
1218 0.935 0.432
1219 0.503 0.018
1220 0.1 0.623
1221 0.82 0.216
1222 0.436 0.921
1223 0.899 0.604
1224 0.648 0.027
1225 0.588 0.648
1226 0.884 0.062
1227 0.569 0.091
1228 0.829 0.008
1229 0.84 0.075
1230 0.059 0.466
1231 0.331 0.222
1232 0.577 0.257
1233 0.566 0.705
1234 0.588 0.939
1235 0.069 0.617
1236 0.941 0.499
1237 0.781 0.748
1238 0.744 0.419
1239 0.922 0.431
1240 0.907 0.985
1241 0.889 0.902
1242 0.86 0.236
1243 0.012 0.024
1244 0.845 0.027
1245 0.878 0.74
1246 0.459 0.062
1247 0.784 0.087
1248 0.872 0.796
1249 0.88 0.835
1250 0.844 0.586
1251 0.618 0.655
1252 0.93 0.735
1253 0.939 0.314
1254 0.782 0.057
1255 0.035 0.928
1256 0.275 0.08
1257 0.024 0.241
1258 0.953 0.032
1259 0.153 0.019
1260 0.644 0.975
1261 0.762 0.384
1262 0.755 0.054
1263 0.483 0.185
1264 0.917 0.74
1265 0.951 0.05
1266 0.581 0.801
1267 0.349 0.396
1268 0.279 0.566
1269 0.62 0.301
1270 0.712 0.596
1271 0.697 0.032
1272 0.406 0.665
1273 0.608 0.019
1274 0.421 0.143
1275 0.406 0.185
1276 0.561 0.673
1277 0.692 0.142
1278 0.475 0.038
1279 0.683 0.756
1280 0.777 0.6
1281 0.318 0.428
1282 0.664 0.294
1283 0.432 0.423
1284 0.719 0.282
1285 0.79 0.302
1286 0.871 0.104
1287 0.088 0.181
1288 0.869 0.697
1289 0.9 0.108
1290 0.863 0.793
1291 0.81 0.526
1292 0.13 0.01
1293 0.355 0.085
1294 0.903 0.494
1295 0.426 0.484
1296 0.22 0.426
1297 0.6 0.31
1298 0.373 0.062
1299 0.805 0.647
1300 0.524 0.463
1301 0.582 0.07
1302 0.917 0.741
1303 0.518 0.105
1304 0.309 0.018
1305 0.978 0.162
1306 0.651 0.895
1307 0.902 0.782
1308 0.899 0.004
1309 0.844 0.283
1310 0.132 0.862
1311 0.484 0.649
1312 0.701 0.64
1313 0.201 0.351
1314 0.623 0.72
1315 0.276 0.137
1316 0.888 0.55
1317 0.423 0.252
1318 0.885 0.999
1319 0.785 0.477
1320 0.734 0.448
1321 0.758 0.268
1322 0.131 0.526
1323 0.797 0.34
1324 0.898 0.032
1325 0.951 0.372
1326 0.446 0.49
1327 0.885 0.244
1328 0.898 0.912
1329 0.438 0.016
1330 0.585 0.747
1331 0.781 0.446
1332 0.202 0.319
1333 0.562 0.871
1334 0.066 0.683
1335 0.88 0.011
1336 0.037 0.519
1337 0.383 0.952
1338 0.628 0.247
1339 0.848 0.459
1340 0.262 0.691
1341 0.608 0.557
1342 0.849 0.905
1343 0.837 0.324
1344 0.165 0.485
1345 0.778 0.048
1346 0.574 0.514
1347 0.002 0.114
1348 0.916 0.959
1349 0.717 0.376
1350 0.59 0.054
1351 0.716 0.568
1352 0.824 0.149
1353 0.746 0.149
1354 0.596 0.035
1355 0.966 0.348
1356 0.487 0.136
1357 0.109 0.28
1358 0.051 0.868
1359 0.951 0.129
1360 0.648 0.498
1361 0.373 0.191
1362 0.316 0.05
1363 0.242 0.023
1364 0.638 0.047
1365 0.445 0.257
1366 0.448 0.297
1367 0.711 0.788
1368 0.227 0.312
1369 0.876 0.321
1370 0.85 0.374
1371 0.831 0.245
1372 0.649 0.33
1373 0.724 0.464
1374 0.7 0.675
1375 0.649 0.957
1376 0.981 0.838
1377 0.907 0.717
1378 0.974 0.179
1379 0.511 0.141
1380 0.735 0.732
1381 0.633 0.312
1382 0.945 0.632
1383 0.388 0.143
1384 0.734 0.257
1385 0.532 0.169
1386 0.871 0.289
1387 0.728 0.098
1388 0.658 0.962
1389 0.451 0.562
1390 0.655 0.678
1391 0.889 0.477
1392 0.953 0.647
1393 0.298 0.051
1394 0.297 0.09
1395 0.479 0.341
1396 0.374 0.072
1397 0.793 0.327
1398 0.343 0.121
1399 0.317 0.917
1400 0.641 0.415
1401 0.955 0.632
1402 0.647 0.247
1403 0.375 0.485
1404 0.772 0.254
1405 0.933 0.813
1406 0.964 0.354
1407 0.382 0.139
1408 0.833 0.66
1409 0.523 0.61
1410 0.346 0.011
1411 0.778 0.167
1412 0.754 0.45
1413 0.467 0.003
1414 0.917 0.879
1415 0.812 0.442
1416 0.931 0.009
1417 0.966 0.917
1418 0.925 0.118
1419 0.935 0.491
1420 0.921 0.678
1421 0.571 0.826
1422 0.641 0.26
1423 0.296 0
1424 0.036 0.384
1425 0.804 0.299
1426 0.674 0.323
1427 0.744 0.166
1428 0.969 0.335
1429 0.849 0.02
1430 0.932 0.397
1431 0.525 0.33
1432 0.476 0.02
1433 0.289 0.074
1434 0.054 0.022
1435 0.865 0.921
1436 0.768 0.534
1437 0.465 0.165
1438 0.914 0.868
1439 0.599 0.681
1440 0.662 0.847
1441 0.836 0.747
1442 0.897 0.038
1443 0.935 0.09
1444 0.909 0.251
1445 0.632 0.215
1446 0.975 0.286
1447 0.889 0.577
1448 0.837 0.069
1449 0.748 0.027
1450 0.645 0.566
1451 0.635 0.02
1452 0.876 0.013
1453 0.947 0.092
1454 0.874 0.066
1455 0.396 0.986
1456 0.026 0.645
1457 0.642 0.014
1458 0.813 0.902
1459 0.839 0.23
1460 0.949 0.863
1461 0.65 0.136
1462 0.915 0.025
1463 0.677 0.002
1464 0.652 0.752
1465 0.617 0.454
1466 0.415 0.043
1467 0.621 0.072
1468 0.371 0.977
1469 0.89 0.617
1470 0.964 0.916
1471 0.519 0.482
1472 0.306 0.101
1473 0.34 0.869
1474 0.494 0.502
1475 0.202 0.053
1476 0.585 0.007
1477 0.609 0.044
1478 0.823 0.331
1479 0.716 0.146
1480 0.139 0.763
1481 0.78 0.213
1482 0.717 0.034
1483 0.773 0.511
1484 0.9 0.668
1485 0.244 0.694
1486 0.94 0.749
1487 0.707 0.395
1488 0.837 0.22
1489 0.766 0.014
1490 0.429 0.859
1491 0.015 0.295
1492 0.726 0.43
1493 0.9 0.376
1494 0.834 0.759
1495 0.784 0.588
1496 0.758 0.307
1497 0.362 0.035
1498 0.907 0.518
1499 0.79 0.063
1500 0.577 0.012
1501 0.854 0.241
1502 0.034 0.672
1503 0.817 0.324
1504 0.636 0.403
1505 0.434 0.868
1506 0.173 0.429
1507 0.587 0.878
1508 0.934 0.214
1509 0.688 0.151
1510 0.949 0.546
1511 0.921 0.003
1512 0.607 0.071
1513 0.973 0.392
1514 0.894 0.561
1515 0.313 0.956
1516 0.549 0.798
1517 0.624 0.796
1518 0.621 0.168
1519 0.472 0.763
1520 0.004 0.779
1521 0.937 0.01
1522 0.554 0.78
1523 0.374 0.742
1524 0.863 0.753
1525 0.497 0.276
1526 0.96 0.75
1527 0.259 0.913
1528 0.599 0.097
1529 0.514 0.009
1530 0.658 0.806
1531 0.901 0.065
1532 0.727 0.102
1533 0.847 0.314
1534 0.799 0.746
1535 0.563 0.352
1536 0.237 0.311
1537 0.898 0.021
1538 0.452 0.006
1539 0.566 0.3
1540 0.89 0.418
1541 0.805 0.85
1542 0.926 0.321
1543 0.288 0.144
1544 0.595 0.323
1545 0.552 0.698
1546 0.23 0.242
1547 0.431 0.993
1548 0.469 0.013
1549 0.81 0.254
1550 0.453 0.124
1551 0.068 0.152
1552 0.8 0.942
1553 0.942 0.835
1554 0.28 0.442
1555 0.92 0.328
1556 0.449 0.859
1557 0.895 0.125
1558 0.195 0.035
1559 0.822 0.699
1560 0.478 0.852
1561 0.758 0.22
1562 0.584 0.033
1563 0.888 0.028
1564 0.87 0.01
1565 0.953 0.792
1566 0.756 0.398
1567 0.928 0.778
1568 0.298 0.027
1569 0.899 0.024
1570 0.603 0.422
1571 0.268 0.389
1572 0.464 0.374
1573 0.232 0.024
1574 0.549 0.013
1575 0.914 0.021
1576 0.207 0.093
1577 0.952 0.723
1578 0.572 0.17
1579 0.015 0.473
1580 0.373 0.176
1581 0.941 0.979
1582 0.529 0.025
1583 0.897 0.701
1584 0.115 0.596
1585 0.859 0.103
1586 0.773 0.027
1587 0.794 0.01
1588 0.584 0.035
1589 0.77 0.963
1590 0.334 0.408
1591 0.7 0.309
1592 0.789 0.416
1593 0.864 0.962
1594 0.87 0.055
1595 0.326 0.175
1596 0.786 0.394
1597 0.238 0.751
1598 0.373 0.368
1599 0.896 0
1600 0.578 0.07
1601 0.395 0.435
1602 0.923 0.197
1603 0.762 0.434
1604 0.385 0.1
1605 0.163 0.214
1606 0.758 0.27
1607 0.775 0.102
1608 0.811 0.824
1609 0.854 0.526
1610 0.805 0.465
1611 0.842 0.549
1612 0.897 0.831
1613 0.391 0.348
1614 0.594 0.297
1615 0.963 0.191
1616 0.406 0.05
1617 0.882 0.003
1618 0.538 0.653
1619 0.396 0.237
1620 0.459 0.05
1621 0.958 0.622
1622 0.391 0.63
1623 0.706 0.95
1624 0.59 0.012
1625 0.654 0.185
1626 0.188 0.582
1627 0.059 0.928
1628 0.063 0.009
1629 0.918 0.795
1630 0.852 0.206
1631 0.956 0.932
1632 0.306 0.047
1633 0.681 0.124
1634 0.464 0.053
1635 0.48 0.157
1636 0.048 0.764
1637 0.661 0.904
1638 0.669 0.463
1639 0.927 0.299
1640 0.902 0.117
1641 0.65 0.46
1642 0.367 0.419
1643 0.865 0.473
1644 0.388 0.565
1645 0.432 0.218
1646 0.375 0.017
1647 0.828 0.143
1648 0.245 0.377
1649 0.592 0.847
1650 0.867 0.075
1651 0.955 0.575
1652 0.569 0.003
1653 0.646 0.035
1654 0.923 0.195
1655 0.22 0.945
1656 0.703 0.292
1657 0.136 0.589
1658 0.419 0.156
1659 0.835 0.05
1660 0.95 0.395
1661 0.599 0.031
1662 0.862 0.524
1663 0.854 0.032
1664 0.217 0.071
1665 0.266 0.061
1666 0.368 0.232
1667 0.807 0.763
1668 0.648 0.358
1669 0.926 0.236
1670 0.455 0.763
1671 0.015 0.419
1672 0.67 0.94
1673 0.615 0.583
1674 0.625 0.227
1675 0.787 0.704
1676 0.55 0.356
1677 0.745 0.039
1678 0.539 0.365
1679 0.882 0.969
1680 0.539 0.124
1681 0.867 0.714
1682 0.881 0.665
1683 0.899 0.019
1684 0.332 0.09
1685 0.906 0.147
1686 0.111 0.026
1687 0.447 0.011
1688 0.849 0.836
1689 0.412 0.888
1690 0.461 0.879
1691 0.886 0.679
1692 0.685 0.834
1693 0.793 0.123
1694 0.982 0.837
1695 0.868 0.647
1696 0.807 0.251
1697 0.614 0.891
1698 0.913 0.449
1699 0.809 0.658
1700 0.567 0.005
1701 0.805 0.039
1702 0.067 0.043
1703 0.404 0.007
1704 0.612 0.222
1705 0.534 0.266
1706 0.313 0.46
1707 0.799 0.457
1708 0.876 0.873
1709 0.947 0.67
1710 0.5 0.047
1711 0.73 0.703
1712 0.824 0.306
1713 0.534 0.058
1714 0.951 0.747
1715 0.657 0.272
1716 0.962 0.263
1717 0.755 0.12
1718 0.348 0.102
1719 0.866 0.025
1720 0.96 0.536
1721 0.959 0.26
1722 0.536 0.674
1723 0.475 0.056
1724 0.533 0.023
1725 0.85 0.262
1726 0.933 0.178
1727 0.751 0.186
1728 0.97 0.089
1729 0.676 0.16
1730 0.57 0.575
1731 0.9 0.843
1732 0.691 0.609
1733 0.45 0.272
1734 0.913 0.301
1735 0.86 0.175
1736 0.79 0.841
1737 0.451 0.394
1738 0.356 0.149
1739 0.721 0.137
1740 0.849 0.514
1741 0.183 0.266
1742 0.577 0.162
1743 0.59 0.707
1744 0.845 0.875
1745 0.618 0.501
1746 0.9 0.022
1747 0.745 0.911
1748 0.914 0.209
1749 0.725 0.076
1750 0.191 0.944
1751 0.809 0.684
1752 0.775 0.098
1753 0.18 0.015
1754 0.559 0.005
1755 0.902 0.61
1756 0.667 0.009
1757 0.072 0.039
1758 0.87 0.766
1759 0.283 0.624
1760 0.755 0.191
1761 0.469 0.145
1762 0.871 0.235
1763 0.422 0.481
1764 0.533 0.501
1765 0.187 0.132
1766 0.983 0.566
1767 0.24 0.814
1768 0.734 0.804
1769 0.716 0.258
1770 0.219 0.093
1771 0.289 0.248
1772 0.556 0.441
1773 0.488 0.037
1774 0.786 0.077
1775 0.699 0.84
1776 0.314 0.165
1777 0.561 0.244
1778 0.758 0.39
1779 0.396 0.555
1780 0.568 0.025
1781 0.492 0.001
1782 0.833 0.08
1783 0.545 0.001
1784 0.299 0.981
1785 0.896 0.921
1786 0.091 0.663
1787 0.819 0.669
1788 0.863 0.241
1789 0.455 0.118
1790 0.201 0.143
1791 0.474 0.007
1792 0.788 0.926
1793 0.901 0.283
1794 0.984 0.551
1795 0.935 0.027
1796 0.464 0.394
1797 0.971 0.987
1798 0.928 0.707
1799 0.809 0.37
1800 0.291 0.024
1801 0.491 0.823
1802 0.822 0.219
1803 0.582 0.287
1804 0.317 0.408
1805 0.908 0.043
1806 0.512 0.108
1807 0.557 0.661
1808 0.715 0.098
1809 0.248 0.012
1810 0.783 0.607
1811 0.438 0.081
1812 0.872 0.392
1813 0.254 0.086
1814 0.841 0.767
1815 0.616 0.812
1816 0.299 0.032
1817 0.951 0.639
1818 0.517 0.956
1819 0.822 0.873
1820 0.448 0.714
1821 0.946 0.331
1822 0.559 0.18
1823 0.572 0.167
1824 0.892 0.002
1825 0.369 0.664
1826 0.709 0.087
1827 0.641 0.5
1828 0.904 0.616
1829 0.717 0.566
1830 0.853 0.218
1831 0.527 0.001
1832 0.867 0.236
1833 0.531 0.114
1834 0.749 0.203
1835 0.225 0.003
1836 0.888 0.359
1837 0.868 0.592
1838 0.845 0.267
1839 0.371 0.893
1840 0.423 0.151
1841 0.769 0.69
1842 0.272 0.78
1843 0.971 0.783
1844 0.962 0.06
1845 0.974 0.497
1846 0.538 0.104
1847 0.939 0.103
1848 0.283 0.171
1849 0.478 0.025
1850 0.553 0.567
1851 0.518 0.154
1852 0.776 0.486
1853 0.612 0.793
1854 0.628 0.192
1855 0.889 0.934
1856 0.842 0.227
1857 0.237 0.293
1858 0.727 0.424
1859 0.32 0.32
1860 0.928 0.124
1861 0.696 0.606
1862 0.633 0.064
1863 0.524 0.013
1864 0.808 0.005
1865 0.097 0.85
1866 0.91 0.66
1867 0.722 0.003
1868 0.488 0.899
1869 0.981 0.39
1870 0.611 0
1871 0.508 0.145
1872 0.55 0.044
1873 0.375 0.304
1874 0.861 0.231
1875 0.752 0.122
1876 0.881 0.654
1877 0.325 0.016
1878 0.738 0.033
1879 0.559 0.118
1880 0.614 0.874
1881 0.555 0.177
1882 0.673 0.333
1883 0.33 0.721
1884 0.889 0.329
1885 0.478 0.23
1886 0.919 0.094
1887 0.55 0.027
1888 0.837 0.337
1889 0.638 0.2
1890 0.898 0.014
1891 0.453 0.635
1892 0.912 0.053
1893 0.759 0.039
1894 0.265 0.681
1895 0.316 0.776
1896 0.612 0.437
1897 0.851 0.719
1898 0.686 0.018
1899 0.808 0.131
1900 0.891 0.208
1901 0.317 0.386
1902 0.986 0.664
1903 0.904 0.638
1904 0.714 0.236
1905 0.687 0.301
1906 0.89 0.971
1907 0.637 0.069
1908 0.64 0.164
1909 0.675 0.343
1910 0.702 0.084
1911 0.811 0.251
1912 0.379 0.101
1913 0.112 0.057
1914 0.709 0.155
1915 0.945 0.275
1916 0.708 0.199
1917 0.869 0.087
1918 0.377 0.929
1919 0.07 0.623
1920 0.409 0.458
1921 0.083 0.573
1922 0.872 0.759
1923 0.323 0.018
1924 0.865 0.69
1925 0.518 0.275
1926 0.721 0.043
1927 0.551 0.108
1928 0.725 0.093
1929 0.167 0.025
1930 0.6 0.942
1931 0.918 0.274
1932 0.551 0.323
1933 0.712 0.101
1934 0.739 0.278
1935 0.955 0.122
1936 0.864 0.077
1937 0.89 0.35
1938 0.863 0.086
1939 0.006 0.638
1940 0.811 0.225
1941 0.597 0.756
1942 0.832 0.118
1943 0.507 0.001
1944 0.612 0.231
1945 0.335 0.083
1946 0.175 0.032
1947 0.86 0.035
1948 0.836 0.551
1949 0.846 0.107
1950 0.586 0.898
1951 0.86 0.933
1952 0.568 0.515
1953 0.625 0.298
1954 0.239 0.467
1955 0.923 0.729
1956 0.859 0.686
1957 0.823 0.925
1958 0.585 0.11
1959 0.773 0.769
1960 0.122 0.18
1961 0.884 0.272
1962 0.97 0.109
1963 0.567 0.095
1964 0.648 0.002
1965 0.891 0.215
1966 0.854 0.234
1967 0.906 0.833
1968 0.923 0.453
1969 0.419 0.733
1970 0.871 0.008
1971 0.925 0.933
1972 0.216 0.066
1973 0.377 0.965
1974 0.958 0.316
1975 0.716 0.33
1976 0.834 0.203
1977 0.127 0.439
1978 0.598 0.011
1979 0.656 0.051
1980 0.071 0.815
1981 0.686 0.272
1982 0.196 0.871
1983 0.965 0.115
1984 0.527 0.231
1985 0.952 0.772
1986 0.511 0.498
1987 0.942 0.458
1988 0.636 0.284
1989 0.416 0.263
1990 0.931 0.683
1991 0.669 0.814
1992 0.056 0.327
1993 0.895 0.223
1994 0.841 0.152
1995 0.885 0.199
1996 0.251 0.057
1997 0.725 0.465
1998 0.688 0.832
1999 0.017 0.886
2000 0.804 0.32
2001 0.828 0.527
2002 0.533 0.067
2003 0.769 0.368
2004 0.987 0.757
2005 0.932 0.826
2006 0.193 0.101
2007 0.547 0.67
2008 0.751 0.087
2009 0.799 0.026
2010 0.797 0.179
2011 0.883 0.767
2012 0.256 0.421
2013 0.807 0.198
2014 0.096 0.093
2015 0.924 0.265
2016 0.216 0.784
2017 0.364 0.016
2018 0.774 0.825
2019 0.271 0.031
2020 0.25 0.441
2021 0.936 0.768
2022 0.448 0.536
2023 0.922 0.443
2024 0.069 0.842
2025 0.311 0.313
2026 0.666 0.257
2027 0.843 0.133
2028 0.908 0.32
2029 0.717 0.702
2030 0.277 0.044
2031 0.707 0.005
2032 0.831 0.342
2033 0.847 0.36
2034 0.144 0.111
2035 0.116 0.018
2036 0.356 0.61
2037 0.708 0.067
2038 0.609 0.565
2039 0.356 0.909
2040 0.854 0.091
2041 0.889 0.67
2042 0.281 0.023
2043 0.486 0.18
2044 0.859 0.217
2045 0.365 0.14
2046 0.784 0.173
2047 0.893 0.177
2048 0.949 0.048
2049 0.834 0.085
2050 0.061 0.879
2051 0.248 0.331
2052 0.712 0.499
2053 0.518 0.783
2054 0.882 0.133
2055 0.895 0.849
2056 0.553 0.33
2057 0.352 0.292
2058 0.957 0.001
2059 0.324 0.079
2060 0.847 0.065
2061 0.732 0.246
2062 0.761 0.778
2063 0.194 0.283
2064 0.873 0.071
2065 0.665 0.104
2066 0.659 0.703
2067 0.236 0.428
2068 0.939 0.336
2069 0.839 0.132
2070 0.731 0.372
2071 0.111 0.35
2072 0.801 0.192
2073 0.876 0.218
2074 0.71 0.799
2075 0.387 0.117
2076 0.372 0.227
2077 0.196 0.107
2078 0.916 0.076
2079 0.597 0.207
2080 0.782 0.065
2081 0.728 0.949
2082 0.776 0.052
2083 0.926 0.398
2084 0.881 0.222
2085 0.572 0.689
2086 0.508 0.187
2087 0.519 0.215
2088 0.762 0.345
2089 0.802 0.148
2090 0.726 0.092
2091 0.875 0.008
2092 0.663 0.319
2093 0.946 0.069
2094 0.753 0.617
2095 0.599 0.199
2096 0.189 0.011
2097 0.917 0.531
2098 0.909 0.151
2099 0.699 0.244
2100 0.261 0.714
2101 0.784 0.591
2102 0.812 0.416
2103 0.649 0.081
2104 0.873 0.084
2105 0.926 0.62
2106 0.933 0.001
2107 0.763 0.334
2108 0.663 0.055
2109 0.827 0.424
2110 0.176 0.005
2111 0.699 0.555
2112 0.893 0.511
2113 0.099 0.43
2114 0.634 0.701
2115 0.456 0.343
2116 0.896 0.808
2117 0.788 0.775
2118 0.933 0.599
2119 0.501 0.752
2120 0.127 0.203
2121 0.905 0.434
2122 0.69 0.195
2123 0.337 0.929
2124 0.088 0.03
2125 0.46 0.016
2126 0.342 0.376
2127 0.747 0.464
2128 0.325 0.018
2129 0.581 0.12
2130 0.854 0.023
2131 0.859 0.288
2132 0.906 0.022
2133 0.57 0.042
2134 0.703 0.031
2135 0.209 0.069
2136 0.943 0.278
2137 0.904 0.553
2138 0.528 0.007
2139 0.953 0.978
2140 0.33 0.409
2141 0.942 0.911
2142 0.419 0.46
2143 0.059 0.6
2144 0.784 0.982
2145 0.434 0.314
2146 0.855 0.041
2147 0.593 0.423
2148 0.772 0.518
2149 0.364 0.151
2150 0.455 0.978
2151 0.817 0.051
2152 0.542 0.339
2153 0.217 0.979
2154 0.226 0.802
2155 0.045 0.979
2156 0.898 0.102
2157 0.888 0.964
2158 0.245 0.085
2159 0.582 0.738
2160 0.74 0.043
2161 0.971 0.114
2162 0.066 0.566
2163 0.978 0.855
2164 0.866 0.976
2165 0.671 0.09
2166 0.884 0.891
2167 0.515 0.653
2168 0.86 0.032
2169 0.258 0.244
2170 0.781 0.518
2171 0.295 0.043
2172 0.821 0.056
2173 0.896 0.839
2174 0.875 0.191
2175 0.705 0.412
2176 0.638 0.516
2177 0.527 0.254
2178 0.091 0.868
2179 0.558 0.166
2180 0.671 0.042
2181 0.658 0.646
2182 0.938 0.094
2183 0.723 0.883
2184 0.961 0.264
2185 0.785 0.345
2186 0.17 0.933
2187 0.581 0.011
2188 0.837 0.978
2189 0.664 0.59
2190 0.082 0.292
2191 0.876 0.505
2192 0.569 0.682
2193 0.698 0.565
2194 0.27 0.793
2195 0.557 0.663
2196 0.687 0.785
2197 0.824 0.02
2198 0.78 0.477
2199 0.684 0.37
2200 0.491 0.02
2201 0.485 0.062
2202 0.716 0.552
2203 0.052 0.093
2204 0.385 0.258
2205 0.929 0.559
2206 0.807 0.334
2207 0.71 0.654
2208 0.666 0.954
2209 0.437 0.623
2210 0.053 0.501
2211 0.675 0.079
2212 0.784 0.1
2213 0.588 0.452
2214 0.642 0.949
2215 0.011 0.776
2216 0.964 0.6
2217 0.386 0.035
2218 0.815 0.005
2219 0.46 0.64
2220 0.661 0.552
2221 0.511 0.011
2222 0.023 0.652
2223 0.701 0.362
2224 0.73 0.351
2225 0.588 0.007
2226 0.75 0.56
2227 0.843 0.058
2228 0.685 0.217
2229 0.715 0.193
2230 0.174 0.852
2231 0.959 0.727
2232 0.671 0.45
2233 0.674 0.944
2234 0.916 0.427
2235 0.707 0.026
2236 0.728 0.652
2237 0.81 0.465
2238 0.846 0.588
2239 0.837 0.787
2240 0.173 0.221
2241 0.981 0.203
2242 0.648 0.727
2243 0.789 0.063
2244 0.655 0.062
2245 0.741 0.048
2246 0.16 0.189
2247 0.871 0.853
2248 0.505 0.069
2249 0.814 0.025
2250 0.308 0.583
2251 0.874 0.483
2252 0.881 0.204
2253 0.51 0.326
2254 0.881 0.059
2255 0.915 0.106
2256 0.201 0.046
2257 0.371 0.603
2258 0.915 0.013
2259 0.903 0.215
2260 0.42 0.62
2261 0.876 0.207
2262 0.738 0.873
2263 0.968 0.214
2264 0.967 0.9
2265 0.4 0.407
2266 0.62 0.156
2267 0.951 0.881
2268 0.357 0.002
2269 0.083 0.155
2270 0.408 0.395
2271 0.906 0.724
2272 0.332 0.677
2273 0.865 0.881
2274 0.796 0.053
2275 0.969 0.578
2276 0.371 0.039
2277 0.698 0.078
2278 0.732 0.047
2279 0.365 0.12
2280 0.435 0.372
2281 0.689 0.359
2282 0.952 0.374
2283 0.642 0.02
2284 0.123 0.104
2285 0.874 0.776
2286 0.341 0.03
2287 0.357 0.623
2288 0.886 0.022
2289 0.55 0.088
2290 0.863 0.04
2291 0.844 0.709
2292 0.447 0.185
2293 0.35 0.134
2294 0.205 0.389
2295 0.056 0.458
2296 0.546 0.048
2297 0.274 0.861
2298 0.788 0.168
2299 0.04 0.311
2300 0.829 0.342
2301 0.168 0.203
2302 0.789 0.919
2303 0.536 0.335
2304 0.77 0.04
2305 0.037 0.498
2306 0.583 0.073
2307 0.79 0.217
2308 0.855 0.868
2309 0.239 0.801
2310 0.677 0.562
2311 0.92 0.319
2312 0.261 0.458
2313 0.644 0.22
2314 0.898 0.203
2315 0.816 0.796
2316 0.254 0.03
2317 0.447 0.466
2318 0.987 0.917
2319 0.287 0.042
2320 0.679 0.536
2321 0.526 0.108
2322 0.783 0.117
2323 0.493 0.365
2324 0.843 0.039
2325 0.311 0.009
2326 0.976 0.15
2327 0.956 0.214
2328 0.581 0.014
2329 0.879 0.413
2330 0.661 0.69
2331 0.754 0.097
2332 0.957 0.405
2333 0.798 0.783
2334 0.885 0.358
2335 0.983 0.516
2336 0.227 0.992
2337 0.946 0.785
2338 0.466 0.078
2339 0.296 0.944
2340 0.687 0.569
2341 0.647 0.126
2342 0.02 0.8
2343 0.807 0.116
2344 0.64 0.607
2345 0.82 0.729
2346 0.887 0.13
2347 0.673 0.248
2348 0.808 0.313
2349 0.88 0.094
2350 0.69 0.121
2351 0.251 0.585
2352 0.767 0.57
2353 0.979 0.011
2354 0.821 0.154
2355 0.421 0.969
2356 0.644 0.127
2357 0.785 0.578
2358 0.843 0.447
2359 0.723 0.301
2360 0.948 0.032
2361 0.116 0.265
2362 0.699 0.231
2363 0.471 0
2364 0.811 0.038
2365 0.856 0.073
2366 0.458 0.039
2367 0.478 0.244
2368 0.033 0.534
2369 0.662 0.456
2370 0.756 0.397
2371 0.845 0.001
2372 0.8 0.045
2373 0.557 0.007
2374 0.64 0.978
2375 0.675 0.401
2376 0.916 0.142
2377 0.793 0.264
2378 0.94 0.546
2379 0.027 0.515
2380 0.098 0.32
2381 0.817 0.383
2382 0.845 0.304
2383 0.93 0.468
2384 0.881 0.484
2385 0.734 0.343
2386 0.946 0.243
2387 0.623 0.32
2388 0.966 0.501
2389 0.809 0.168
2390 0.559 0.517
2391 0.653 0.746
2392 0.895 0.758
2393 0.655 0.561
2394 0.825 0.614
2395 0.787 0.408
2396 0.329 0.255
2397 0.759 0.68
2398 0.476 0.098
2399 0.724 0.41
2400 0.874 0.936
2401 0.741 0.033
2402 0.785 0.068
2403 0.895 0.397
2404 0.334 0.646
2405 0.671 0.285
2406 0.971 0.343
2407 0.568 0.417
2408 0.824 0.163
2409 0.95 0.749
2410 0.743 0.602
2411 0.902 0.386
2412 0.94 0.868
2413 0.501 0.028
2414 0.771 0.913
2415 0.942 0.199
2416 0.055 0.672
2417 0.741 0.033
2418 0.535 0.051
2419 0.804 0.042
2420 0.901 0.105
2421 0.125 0.016
2422 0.904 0.497
2423 0.97 0.915
2424 0.794 0.65
2425 0.768 0.183
2426 0.737 0.453
2427 0.243 0.122
2428 0.897 0.762
2429 0.596 0.624
2430 0.871 0.621
2431 0.855 0.403
2432 0.618 0.357
2433 0.857 0.222
2434 0.478 0.791
2435 0.44 0.477
2436 0.077 0.846
2437 0.402 0.922
2438 0.761 0.28
2439 0.879 0.113
2440 0.804 0.814
2441 0.086 0.027
2442 0.494 0.118
2443 0.819 0.315
2444 0.782 0.418
2445 0.662 0.828
2446 0.898 0.323
2447 0.834 0.458
2448 0.802 0.786
2449 0.078 0.184
2450 0.42 0.31
2451 0.693 0.085
2452 0.794 0.162
2453 0.592 0.425
2454 0.684 0.632
2455 0.13 0.429
2456 0.154 0.115
2457 0.741 0.199
2458 0.703 0.077
2459 0.745 0.889
2460 0.172 0.105
2461 0.41 0.629
2462 0.921 0.201
2463 0.45 0.29
2464 0.558 0.062
2465 0.88 0.888
2466 0.778 0.771
2467 0.918 0.931
2468 0.091 0.334
2469 0.651 0.001
2470 0.876 0.371
2471 0.664 0.035
2472 0.923 0.909
2473 0.942 0.155
2474 0.935 0.592
2475 0.697 0.011
2476 0.732 0.974
2477 0.819 0.685
2478 0.572 0.038
2479 0.83 0.313
2480 0.222 0.718
2481 0.877 0.506
2482 0.189 0.601
2483 0.872 0.477
2484 0.04 0.803
2485 0.651 0.823
2486 0.889 0.32
2487 0.851 0.09
2488 0.98 0.177
2489 0.146 0.078
2490 0.883 0.115
2491 0.321 0.057
2492 0.829 0.514
2493 0.772 0.879
2494 0.698 0.801
2495 0.387 0.108
2496 0.723 0.104
2497 0.573 0.022
2498 0.245 0.052
2499 0.839 0.116
2500 0.293 0.097
2501 0.501 0.054
2502 0.118 0.844
2503 0.179 0.34
2504 0.805 0.473
2505 0.739 0.361
2506 0.881 0.887
2507 0.906 0.846
2508 0.428 0.739
2509 0.94 0.021
2510 0.666 0.118
2511 0.885 0.231
2512 0.139 0.716
2513 0.321 0.259
2514 0.344 0
2515 0.516 0.033
2516 0.44 0.095
2517 0.808 0.554
2518 0.388 0.399
2519 0.441 0.744
2520 0.545 0.071
2521 0.294 0.006
2522 0.903 0.489
2523 0.754 0.145
2524 0.763 0.174
2525 0.608 0.151
2526 0.77 0.121
2527 0.514 0.357
2528 0.957 0.562
2529 0.075 0.101
2530 0.621 0.265
2531 0.704 0.385
2532 0.028 0.67
2533 0.959 0.98
2534 0.719 0.033
2535 0.603 0.434
2536 0.76 0.88
2537 0.748 0.044
2538 0.884 0.675
2539 0.751 0.096
2540 0.943 0.154
2541 0.553 0.064
2542 0.971 0.605
2543 0.688 0.969
2544 0.854 0.012
2545 0.566 0.529
2546 0.776 0.941
2547 0.267 0.159
2548 0.292 0.461
2549 0.75 0.15
2550 0.921 0.946
2551 0.9 0.983
2552 0.054 0.13
2553 0.899 0.967
2554 0.556 0.295
2555 0.912 0.362
2556 0.892 0.06
2557 0.023 0.077
2558 0.256 0.16
2559 0.718 0.217
2560 0.895 0.541
2561 0.198 0.025
2562 0.408 0.032
2563 0.775 0.722
2564 0.723 0.61
2565 0.395 0.109
2566 0.778 0.7
2567 0.736 0.451
2568 0.366 0.022
2569 0.916 0.407
2570 0.203 0.108
2571 0.965 0.841
2572 0.708 0.411
2573 0.4 0.225
2574 0.794 0.314
2575 0.616 0.735
2576 0.843 0.216
2577 0.127 0.289
2578 0.747 0.331
2579 0.875 0.582
2580 0.098 0.305
2581 0.602 0.129
2582 0.934 0.002
2583 0.2 0.092
2584 0.555 0.18
2585 0.925 0.452
2586 0.623 0.349
2587 0.839 0.028
2588 0.304 0.185
2589 0.814 0.081
2590 0.918 0.621
2591 0.837 0.506
2592 0.393 0.329
2593 0.703 0.252
2594 0.027 0.375
2595 0.59 0.028
2596 0.968 0.936
2597 0.097 0.311
2598 0.719 0.909
2599 0.614 0.012
2600 0.039 0.367
2601 0.586 0.894
2602 0.93 0.194
2603 0.203 0.143
2604 0.426 0.809
2605 0.275 0.868
2606 0.291 0.239
2607 0.553 0.455
2608 0.586 0.751
2609 0.782 0.163
2610 0.534 0.316
2611 0.601 0.002
2612 0.12 0.003
2613 0.663 0.399
2614 0.38 0.094
2615 0.394 0.088
2616 0.849 0.117
2617 0.807 0.171
2618 0.895 0.995
2619 0.915 0.436
2620 0.915 0.132
2621 0.658 0.954
2622 0.846 0.026
2623 0.081 0.751
2624 0.445 0.293
2625 0.501 0.223
2626 0.707 0.304
2627 0.822 0.593
2628 0.717 0.282
2629 0.646 0.101
2630 0.876 0.414
2631 0.055 0.634
2632 0.398 0.284
2633 0.882 0.04
2634 0.723 0.084
2635 0.874 0.101
2636 0.602 0.027
2637 0.289 0.593
2638 0.563 0.271
2639 0.406 0.045
2640 0.662 0.07
2641 0.78 0.579
2642 0.566 0.419
2643 0.954 0.546
2644 0.407 0.015
2645 0.507 0.105
2646 0.862 0.516
2647 0.155 0.799
2648 0.846 0.115
2649 0.853 0.22
2650 0.518 0.747
2651 0.881 0.071
2652 0.343 0.924
2653 0.75 0.601
2654 0.927 0.655
2655 0.793 0.967
2656 0.451 0.39
2657 0.954 0.585
2658 0.86 0.735
2659 0.318 0.852
2660 0.362 0.547
2661 0.935 0.253
2662 0.253 0.07
2663 0.47 0.082
2664 0.87 0.065
2665 0.383 0.778
2666 0.778 0.461
2667 0.941 0.998
2668 0.948 0.367
2669 0.116 0.871
2670 0.942 0.448
2671 0.761 0.08
2672 0.485 0.067
2673 0.303 0.755
2674 0.896 0.212
2675 0.667 0.392
2676 0.3 0.189
2677 0.894 0.39
2678 0.94 0.674
2679 0.869 0.102
2680 0.775 0.905
2681 0.679 0.054
2682 0.941 0.193
2683 0.984 0.049
2684 0.794 0.117
2685 0.204 0.631
2686 0.836 0.004
2687 0.768 0.246
2688 0.348 0.189
2689 0.859 0.258
2690 0.839 0.025
2691 0.584 0.433
2692 0.622 0.621
2693 0.709 0.064
2694 0.241 0.799
2695 0.867 0.664
2696 0.663 0.326
2697 0.659 0.031
2698 0.286 0.228
2699 0.919 0.028
2700 0.769 0.195
2701 0.757 0.027
2702 0.938 0.936
2703 0.227 0.32
2704 0.918 0.51
2705 0.25 0.405
2706 0.849 0.727
2707 0.797 0.513
2708 0.756 0.199
2709 0.925 0.256
2710 0.758 0.102
2711 0.702 0.645
2712 0.889 0.943
2713 0.415 0.756
2714 0.786 0.65
2715 0.88 0.054
2716 0.898 0.43
2717 0.916 0.369
2718 0.823 0.97
2719 0.525 0.651
2720 0.968 0.264
2721 0.226 0.752
2722 0.554 0.079
2723 0.913 0.984
2724 0.411 0.075
2725 0.486 0.089
2726 0.542 0.139
2727 0.544 0.141
2728 0.022 0.201
2729 0.459 0.056
2730 0.978 0.45
2731 0.807 0.141
2732 0.671 0.73
2733 0.08 0.503
2734 0.952 0.878
2735 0.441 0.484
2736 0.831 0.117
2737 0.453 0.582
2738 0.935 0.357
2739 0.683 0.505
2740 0.72 0.119
2741 0.529 0.051
2742 0.92 0.215
2743 0.528 0.615
2744 0.925 0.538
2745 0.644 0.024
2746 0.207 0.138
2747 0.561 0.155
2748 0.902 0.77
2749 0.186 0.737
2750 0.451 0.322
2751 0.863 0.074
2752 0.414 0.026
2753 0.446 0.737
2754 0.552 0.269
2755 0.827 0.732
2756 0.173 0.044
2757 0.664 0.284
2758 0.874 0.156
2759 0.427 0.695
2760 0.805 0.315
2761 0.559 0.505
2762 0.973 0.516
2763 0.259 0.952
2764 0.484 0.731
2765 0.821 0.144
2766 0.533 0.406
2767 0.607 0.243
2768 0.844 0.077
2769 0.086 0.674
2770 0.85 0.119
2771 0.553 0.144
2772 0.891 0.005
2773 0.917 0.399
2774 0.805 0.257
2775 0.064 0.516
2776 0.937 0.246
2777 0.929 0.491
2778 0.14 0.879
2779 0.879 0.147
2780 0.231 0.019
2781 0.97 0.189
2782 0.513 0.173
2783 0.942 0.531
2784 0.496 0.271
2785 0.868 0.702
2786 0.681 0.779
2787 0.603 0.722
2788 0.192 0.299
2789 0.812 0.432
2790 0.743 0.174
2791 0.86 0.557
2792 0.787 0.343
2793 0.757 0.002
2794 0.373 0.073
2795 0.644 0.503
2796 0.159 0.406
2797 0.823 0.077
2798 0.675 0.071
2799 0.601 0.462
2800 0.404 0.358
2801 0.763 0.018
2802 0.943 0.253
2803 0.472 0.102
2804 0.499 0.622
2805 0.908 0.242
2806 0.975 0.329
2807 0.775 0.609
2808 0.86 0.849
2809 0.92 0.666
2810 0.574 0.718
2811 0.086 0.94
2812 0.233 0.893
2813 0.495 0.035
2814 0.956 0.141
2815 0.191 0.018
2816 0.883 0.468
2817 0.884 0.532
2818 0.809 0.552
2819 0.888 0.636
2820 0.883 0.062
2821 0.266 0.363
2822 0.541 0.053
2823 0.766 0.23
2824 0.596 0.139
2825 0.608 0.332
2826 0.91 0.968
2827 0.68 0.221
2828 0.708 0.086
2829 0.451 0.739
2830 0.841 0.588
2831 0.926 0.057
2832 0.375 0.242
2833 0.568 0.979
2834 0.564 0.225
2835 0.801 0.512
2836 0.417 0.906
2837 0.952 0.326
2838 0.041 0.982
2839 0.022 0.612
2840 0.908 0.25
2841 0.029 0.441
2842 0.462 0.22
2843 0.774 0.148
2844 0.234 0.009
2845 0.698 0.557
2846 0.752 0.476
2847 0.802 0.426
2848 0.892 0.077
2849 0.854 0.333
2850 0.202 0.581
2851 0.693 0.372
2852 0.403 0.868
2853 0.387 0.584
2854 0.951 0.79
2855 0.862 0.171
2856 0.557 0.299
2857 0.865 0.211
2858 0.399 0.04
2859 0.18 0.779
2860 0.822 0.883
2861 0.577 0.557
2862 0.143 0.956
2863 0.026 0.825
2864 0.949 0.137
2865 0.786 0.07
2866 0.143 0.325
2867 0.276 0.051
2868 0.646 0.02
2869 0.551 0.312
2870 0.75 0.481
2871 0.571 0.041
2872 0.966 0.59
2873 0.347 0.031
2874 0.116 0.385
2875 0.792 0.947
2876 0.28 0.563
2877 0.67 0.822
2878 0.766 0.049
2879 0.973 0.979
2880 0.903 0.622
2881 0.81 0.455
2882 0.899 0.768
2883 0.842 0.597
2884 0.638 0.689
2885 0.714 0.658
2886 0.974 0.282
2887 0.76 0.481
2888 0.894 0.213
2889 0.692 0.062
2890 0.302 0.041
2891 0.888 0.523
2892 0.94 0.032
2893 0.748 0.4
2894 0.484 0.426
2895 0.832 0.793
2896 0.465 0.161
2897 0.966 0.337
2898 0.761 0.667
2899 0.937 0.008
2900 0.786 0.189
2901 0.706 0.969
2902 0.598 0.285
2903 0.622 0.153
2904 0.761 0.36
2905 0.937 0.796
2906 0.569 0.286
2907 0.206 0.268
2908 0.656 0.387
2909 0.581 0.127
2910 0.794 0.876
2911 0.243 0.306
2912 0.933 0.259
2913 0.682 0.745
2914 0.486 0.041
2915 0.448 0.684
2916 0.459 0.943
2917 0.703 0.158
2918 0.948 0.099
2919 0.726 0.595
2920 0.206 0.173
2921 0.842 0.708
2922 0.956 0.894
2923 0.836 0.941
2924 0.622 0.043
2925 0.648 0.343
2926 0.75 0.07
2927 0.358 0.461
2928 0.025 0.859
2929 0.963 0.229
2930 0.864 0.984
2931 0.506 0.192
2932 0.539 0.329
2933 0.857 0.147
2934 0.646 0.233
2935 0.823 0.197
2936 0.861 0.479
2937 0.717 0.012
2938 0.081 0.873
2939 0.533 0.004
2940 0.803 0.118
2941 0.92 0.006
2942 0.509 0.024
2943 0.477 0.248
2944 0.777 0.693
2945 0.87 0.118
2946 0.084 0.669
2947 0.333 0.539
2948 0.854 0.162
2949 0.878 0.028
2950 0.683 0.916
2951 0.395 0.91
2952 0.428 0
2953 0.087 0.725
2954 0.274 0.463
2955 0.744 0.406
2956 0.764 0.077
2957 0.724 0.033
2958 0.822 0.053
2959 0.615 0.225
2960 0.954 0.225
2961 0.864 0.011
2962 0.55 0.446
2963 0.05 0.23
2964 0.223 0.208
2965 0.741 0.181
2966 0.802 0.726
2967 0.569 0.213
2968 0.22 0.716
2969 0.523 0.015
2970 0.389 0.367
2971 0.702 0.009
2972 0.604 0.205
2973 0.107 0.06
2974 0.755 0.649
2975 0.368 0.425
2976 0.521 0.166
2977 0.943 0.397
2978 0.895 0.064
2979 0.7 0.057
2980 0.776 0.537
2981 0.959 0.048
2982 0.259 0.209
2983 0.21 0.336
2984 0.535 0.268
2985 0.138 0.067
2986 0.866 0.028
2987 0.829 0.98
2988 0.815 0.335
2989 0.821 0.225
2990 0.698 0.265
2991 0.548 0.898
2992 0.327 0.992
2993 0.127 0.612
2994 0.574 0.044
2995 0.289 0.016
2996 0.469 0.9
2997 0.86 0.092
2998 0.788 0.26
2999 0.811 0.52
3000 0.861 0.097
3001 0.931 0.043
3002 0.901 0.035
3003 0.746 0.078
3004 0.776 0.04
3005 0.767 0.968
3006 0.669 0.182
3007 0.794 0.18
3008 0.488 0.108
3009 0.926 0.304
3010 0.77 0.074
3011 0.789 0.289
3012 0.204 0.095
3013 0.971 0.952
3014 0.854 0.242
3015 0.884 0.125
3016 0.801 0.413
3017 0.949 0.082
3018 0.274 0.116
3019 0.839 0.917
3020 0.78 0.856
3021 0.647 0.657
3022 0.669 0.896
3023 0.587 0.315
3024 0.77 0.034
3025 0.057 0.867
3026 0.746 0.547
3027 0.806 0.354
3028 0.714 0.116
3029 0.487 0.097
3030 0.417 0.81
3031 0.866 0.312
3032 0.805 0.161
3033 0.885 0.316
3034 0.647 0.009
3035 0.011 0.33
3036 0.846 0.264
3037 0.661 0.143
3038 0.645 0.911
3039 0.533 0.14
3040 0.897 0.044
3041 0.534 0.239
3042 0.793 0.142
3043 0.689 0.739
3044 0.144 0.105
3045 0.453 0.309
3046 0.114 0.466
3047 0.948 0.261
3048 0.832 0.403
3049 0.849 0.632
3050 0.382 0.051
3051 0.844 0.511
3052 0.956 0.215
3053 0.446 0.286
3054 0.437 0.97
3055 0.559 0.291
3056 0.316 0.042
3057 0.306 0.01
3058 0.499 0.222
3059 0.759 0.372
3060 0.691 0.274
3061 0.665 0.143
3062 0.819 0.377
3063 0.88 0.285
3064 0.915 0.683
3065 0.906 0.027
3066 0.561 0.262
3067 0.944 0.65
3068 0.926 0.843
3069 0.659 0.197
3070 0.013 0.176
3071 0.916 0.174
3072 0.415 0.626
3073 0.798 0.908
3074 0.707 0.973
3075 0.628 0.162
3076 0.768 0.261
3077 0.554 0.063
3078 0.608 0.591
3079 0.928 0.086
3080 0.937 0.67
3081 0.236 0.191
3082 0.925 0.873
3083 0.238 0.392
3084 0.971 0.752
3085 0.642 0.692
3086 0.796 0.436
3087 0.978 0.091
3088 0.506 0.004
3089 0.165 0.956
3090 0.438 0.007
3091 0.258 0.027
3092 0.68 0.07
3093 0 0.754
3094 0.08 0.681
3095 0.716 0.656
3096 0.205 0.867
3097 0.509 0.129
3098 0.896 0.349
3099 0.221 0.936
3100 0.575 0.232
3101 0.921 0.739
3102 0.597 0.495
3103 0.776 0.863
3104 0.851 0.72
3105 0.294 0.037
3106 0.92 0.774
3107 0.021 0.324
3108 0.548 0.128
3109 0.642 0.229
3110 0.942 0.028
3111 0.958 0.857
3112 0.468 0.397
3113 0.592 0.759
3114 0.602 0.022
3115 0.8 0.384
3116 0.132 0.363
3117 0.92 0.984
3118 0.125 0.539
3119 0.934 0.227
3120 0.36 0.327
3121 0.715 0.014
3122 0.042 0.038
3123 0.599 0.474
3124 0.428 0.786
3125 0.97 0.107
3126 0.807 0.058
3127 0.695 0.831
3128 0.824 0.153
3129 0.394 0.567
3130 0.883 0.522
3131 0.897 0.433
3132 0.692 0.044
3133 0.948 0.739
3134 0.722 0.664
3135 0.867 0.127
3136 0.143 0.227
3137 0.873 0.574
3138 0.166 0.926
3139 0.91 0.126
3140 0.189 0.69
3141 0.784 0.156
3142 0.323 0.095
3143 0.735 0.036
3144 0.638 0.718
3145 0.323 0.63
3146 0.923 0.184
3147 0.916 0.01
3148 0.733 0.952
3149 0.302 0.068
3150 0.526 0.031
3151 0.814 0.088
3152 0.894 0.474
3153 0.05 0.776
3154 0.36 0.666
3155 0.603 0.098
3156 0.141 0.596
3157 0.877 0.908
3158 0.072 0.188
3159 0.858 0.8
3160 0.717 0.464
3161 0.258 0.977
3162 0.614 0.137
3163 0.832 0.522
3164 0.938 0.837
3165 0.909 0.512
3166 0.187 0.379
3167 0.884 0.256
3168 0.562 0.121
3169 0.83 0.432
3170 0.726 0.232
3171 0.246 0.4
3172 0.551 0.139
3173 0.774 0.05
3174 0.619 0.887
3175 0.756 0.819
3176 0.877 0.945
3177 0.825 0.099
3178 0.21 0.646
3179 0.165 0.004
3180 0.624 0.334
3181 0.906 0.069
3182 0.786 0.564
3183 0.926 0.574
3184 0.811 0.582
3185 0.149 0.816
3186 0.882 0.059
3187 0.023 0.417
3188 0.808 0.879
3189 0.56 0.023
3190 0.016 0.83
3191 0.746 0.278
3192 0.517 0.864
3193 0.168 0.724
3194 0.498 0.747
3195 0.889 0.524
3196 0.712 0.545
3197 0.436 0.624
3198 0.916 0.763
3199 0.813 0.402
3200 0.856 0.201
3201 0.696 0.696
3202 0.389 0.405
3203 0.808 0.837
3204 0.546 0.636
3205 0.596 0.845
3206 0.974 0.267
3207 0.078 0.58
3208 0.6 0.239
3209 0.65 0.116
3210 0.84 0.078
3211 0.778 0.321
3212 0.863 0.947
3213 0.478 0.009
3214 0.815 0.776
3215 0.931 0.198
3216 0.711 0.558
3217 0.739 0.818
3218 0.669 0.051
3219 0.539 0.05
3220 0.977 0.08
3221 0.804 0.074
3222 0.51 0.053
3223 0.863 0.482
3224 0.764 0.417
3225 0.303 0.567
3226 0.723 0.058
3227 0.423 0.947
3228 0.943 0.062
3229 0.742 0.911
3230 0.9 0.069
3231 0.057 0.763
3232 0.648 0.003
3233 0.42 0.307
3234 0.8 0.293
3235 0.331 0.334
3236 0.818 0.287
3237 0.377 0.209
3238 0.333 0.4
3239 0.616 0.476
3240 0.201 0.116
3241 0.678 0.143
3242 0.59 0.94
3243 0.479 0.14
3244 0.845 0.797
3245 0.865 0.189
3246 0.745 0.818
3247 0.018 0.035
3248 0.07 0.698
3249 0.575 0.033
3250 0.8 0.076
3251 0.465 0.177
3252 0.466 0.324
3253 0.84 0.629
3254 0.851 0.377
3255 0.031 0.921
3256 0.627 0.015
3257 0.497 0.267
3258 0.623 0.005
3259 0.577 0.056
3260 0.927 0.285
3261 0.635 0.302
3262 0.921 0.407
3263 0.383 0.145
3264 0.695 0.082
3265 0.883 0.325
3266 0.43 0.349
3267 0.264 0.007
3268 0.74 0.288
3269 0.361 0.593
3270 0.889 0.262
3271 0.51 0.615
3272 0.094 0.803
3273 0.081 0.53
3274 0.745 0.951
3275 0.031 0.736
3276 0.754 0.139
3277 0.717 0.324
3278 0.817 0.022
3279 0.962 0.094
3280 0.094 0.575
3281 0.846 0.07
3282 0.854 0.97
3283 0.505 0.849
3284 0.209 0.052
3285 0.543 0.039
3286 0.515 0.384
3287 0.759 0.099
3288 0.912 0.047
3289 0.142 0.869
3290 0.285 0.197
3291 0.227 0.066
3292 0.647 0.779
3293 0.629 0.154
3294 0.915 0.712
3295 0.906 0.613
3296 0.378 0.229
3297 0.178 0.135
3298 0.735 0.921
3299 0.592 0.2
3300 0.982 0.944
3301 0.311 0.069
3302 0.876 0.56
3303 0.038 0.581
3304 0.97 0.314
3305 0.297 0.386
3306 0.758 0.02
3307 0.414 0.065
3308 0.939 0.865
3309 0.084 0.466
3310 0.688 0.561
3311 0.833 0.63
3312 0.706 0.392
3313 0.611 0.254
3314 0.206 0.564
3315 0.871 0.038
3316 0.859 0.018
3317 0.983 0.897
3318 0.914 0.021
3319 0.423 0.049
3320 0.209 0.335
3321 0.76 0.73
3322 0.026 0.711
3323 0.578 0.124
3324 0.822 0.046
3325 0.231 0.3
3326 0.745 0.258
3327 0.676 0.806
3328 0.717 0.369
3329 0.846 0.15
3330 0.528 0.081
3331 0.655 0.388
3332 0.151 0.359
3333 0.909 0.376
3334 0.586 0.436
3335 0.978 0.502
3336 0.987 0.503
3337 0.917 0.03
3338 0.24 0.337
3339 0.792 0.007
3340 0.873 0.899
3341 0.875 0.214
3342 0.532 0.934
3343 0.257 0.01
3344 0.247 0.336
3345 0.817 0.15
3346 0.428 0.144
3347 0.259 0.723
3348 0.826 0.081
3349 0.343 0.221
3350 0.7 0.397
3351 0.153 0.007
3352 0.972 0.491
3353 0.88 0.908
3354 0.688 0.14
3355 0.966 0.082
3356 0.92 0.198
3357 0.319 0.347
3358 0.979 0.037
3359 0.853 0.11
3360 0.961 0.332
3361 0.319 0.066
3362 0.398 0.11
3363 0.914 0.003
3364 0.274 0.654
3365 0.749 0.279
3366 0.385 0.336
3367 0.86 0.605
3368 0.808 0.754
3369 0.496 0.963
3370 0.012 0.039
3371 0.855 0.573
3372 0.975 0.806
3373 0.462 0.167
3374 0.813 0.327
3375 0.847 0.669
3376 0.269 0.16
3377 0.969 0.704
3378 0.555 0.361
3379 0.135 0.505
3380 0.887 0.926
3381 0.818 0.194
3382 0.871 0.769
3383 0.519 0
3384 0.337 0.245
3385 0.461 0.752
3386 0.909 0.092
3387 0.821 0.099
3388 0.223 0.016
3389 0.748 0.318
3390 0.746 0.176
3391 0.965 0.051
3392 0.885 0.133
3393 0.645 0.177
3394 0.048 0.5
3395 0.232 0.178
3396 0.913 0.57
3397 0.186 0.388
3398 0.435 0.517
3399 0.671 0.907
3400 0.853 0.315
3401 0.555 0.544
3402 0.85 0.044
3403 0.779 0.944
3404 0.278 0.147
3405 0.966 0.63
3406 0.941 0.959
3407 0.885 0.001
3408 0.092 0.104
3409 0.553 0.116
3410 0.383 0.396
3411 0.442 0.511
3412 0.359 0.129
3413 0.17 0.884
3414 0.539 0.203
3415 0.401 0.05
3416 0.46 0.612
3417 0.537 0.7
3418 0.882 0.201
3419 0.566 0.017
3420 0.383 0.896
3421 0.518 0.049
3422 0.457 0.383
3423 0.612 0.349
3424 0.838 0.267
3425 0.053 0.882
3426 0.82 0.773
3427 0.693 0.115
3428 0.906 0.067
3429 0.755 0.072
3430 0.68 0.74
3431 0.603 0.082
3432 0.952 0.49
3433 0.791 0.014
3434 0.926 0.235
3435 0.488 0.537
3436 0.512 0.016
3437 0.299 0.52
3438 0.563 0.105
3439 0.151 0.613
3440 0.717 0.621
3441 0.762 0.974
3442 0.406 0.22
3443 0.242 0.094
3444 0.826 0.81
3445 0.658 0.562
3446 0.499 0.122
3447 0.973 0.569
3448 0.527 0.151
3449 0.607 0.808
3450 0.93 0.978
3451 0.408 0.804
3452 0.148 0
3453 0.748 0.493
3454 0.839 0.676
3455 0.934 0.43
3456 0.085 0.139
3457 0.553 0.028
3458 0.793 0.268
3459 0.199 0.104
3460 0.893 0.194
3461 0.869 0.596
3462 0.826 0.467
3463 0.45 0.365
3464 0.802 0.017
3465 0.634 0.22
3466 0.919 0.665
3467 0.465 0.191
3468 0.216 0.137
3469 0.642 0.212
3470 0.952 0.891
3471 0.771 0.186
3472 0.705 0.192
3473 0.15 0.157
3474 0.982 0.188
3475 0.664 0.169
3476 0.861 0.683
3477 0.753 0.027
3478 0.973 0.512
3479 0.948 0.17
3480 0.781 0.102
3481 0.752 0.801
3482 0.402 0.581
3483 0.478 0.082
3484 0.373 0.271
3485 0.192 0.947
3486 0.675 0.398
3487 0.73 0.507
3488 0.883 0.966
3489 0.795 0.788
3490 0.462 0.466
3491 0.169 0.217
3492 0.048 0.124
3493 0.975 0.631
3494 0.663 0.111
3495 0.548 0.708
3496 0.578 0.42
3497 0.394 0.063
3498 0.787 0.132
3499 0.762 0.379
3500 0.931 0.267
3501 0.984 0.728
3502 0.689 0.754
3503 0.278 0.235
3504 0.965 0.295
3505 0.309 0.523
3506 0.895 0.876
3507 0.8 0.09
3508 0.913 0.562
3509 0.757 0.077
3510 0.657 0.408
3511 0.911 0.627
3512 0.758 0.442
3513 0.17 0.559
3514 0.702 0.026
3515 0.772 0.249
3516 0.027 0.503
3517 0.128 0.284
3518 0.214 0.584
3519 0.897 0.288
3520 0.499 0.662
3521 0.936 0.664
3522 0.858 0.168
3523 0.864 0.076
3524 0.93 0.167
3525 0.787 0.331
3526 0.731 0.131
3527 0.494 0.726
3528 0.951 0.976
3529 0.89 0.496
3530 0.672 0.717
3531 0.704 0.543
3532 0.703 0.023
3533 0.658 0.321
3534 0.472 0
3535 0.937 0.026
3536 0.199 0.1
3537 0.582 0.168
3538 0.91 0.169
3539 0.226 0.11
3540 0.727 0.947
3541 0.603 0.217
3542 0.639 0.635
3543 0.781 0.003
3544 0.545 0.9
3545 0.566 0.088
3546 0.543 0.075
3547 0.925 0.804
3548 0.419 0.139
3549 0.099 0.058
3550 0.972 0.172
3551 0.97 0.288
3552 0.859 0.012
3553 0.702 0.077
3554 0.962 0.291
3555 0.712 0.696
3556 0.893 0.228
3557 0.904 0.418
3558 0.098 0.147
3559 0.845 0.286
3560 0.912 0.568
3561 0.838 0.093
3562 0.899 0.352
3563 0.25 0.109
3564 0.11 0.511
3565 0.933 0.06
3566 0.921 0.538
3567 0.962 0.77
3568 0.579 0.639
3569 0.554 0.738
3570 0.913 0.93
3571 0.371 0.036
3572 0.774 0.271
3573 0.93 0.429
3574 0.405 0.628
3575 0.419 0.661
3576 0.909 0.929
3577 0.921 0.204
3578 0.622 0.113
3579 0.033 0.829
3580 0.068 0.044
3581 0.328 0.033
3582 0.506 0.66
3583 0.688 0.675
3584 0.848 0.127
3585 0.082 0.744
3586 0.485 0.058
3587 0.909 0.274
3588 0.235 0.039
3589 0.68 0.352
3590 0.735 0.529
3591 0.668 0.735
3592 0.865 0.97
3593 0.742 0.663
3594 0.95 0.483
3595 0.723 0.044
3596 0.628 0.289
3597 0.714 0.014
3598 0.958 0.741
3599 0.944 0.353
3600 0.22 0.001
3601 0.452 0.002
3602 0.75 0.447
3603 0.959 0.633
3604 0.836 0.226
3605 0.847 0.814
3606 0.892 0.482
3607 0.934 0.589
3608 0.512 0.867
3609 0.5 0.623
3610 0.9 0.096
3611 0.891 0.391
3612 0.451 0.729
3613 0.446 0.67
3614 0.793 0.547
3615 0.474 0.293
3616 0.877 0.14
3617 0.164 0.565
3618 0.436 0.603
3619 0.798 0.172
3620 0.551 0.129
3621 0.165 0.631
3622 0.055 0.43
3623 0.872 0.225
3624 0.198 0.259
3625 0.178 0.218
3626 0.006 0.525
3627 0.635 0.154
3628 0.667 0.091
3629 0.893 0.349
3630 0.856 0.884
3631 0.454 0.471
3632 0.006 0.512
3633 0.773 0.804
3634 0.606 0.927
3635 0.956 0.951
3636 0.952 0.504
3637 0.643 0.103
3638 0.714 0.734
3639 0.973 0.845
3640 0.644 0.072
3641 0.431 0.591
3642 0.928 0.182
3643 0.572 0.014
3644 0.518 0.747
3645 0.552 0.039
3646 0.863 0.138
3647 0.93 0.468
3648 0.193 0.284
3649 0.901 0.179
3650 0.414 0.049
3651 0.564 0.516
3652 0.567 0.701
3653 0.739 0.402
3654 0.33 0.178
3655 0.401 0.412
3656 0.432 0.055
3657 0.925 0.097
3658 0.542 0.335
3659 0.773 0.226
3660 0.103 0.516
3661 0.661 0.751
3662 0.962 0.612
3663 0.757 0.338
3664 0.938 0.238
3665 0.761 0.279
3666 0.84 0.479
3667 0.77 0.347
3668 0.881 0.031
3669 0.078 0.48
3670 0.955 0.226
3671 0.923 0.093
3672 0.949 0.807
3673 0.791 0.035
3674 0.693 0.169
3675 0.87 0.058
3676 0.842 0.328
3677 0.664 0.259
3678 0.847 0.316
3679 0.834 0.042
3680 0.72 0.952
3681 0.136 0.944
3682 0.642 0.218
3683 0.64 0.717
3684 0.695 0.41
3685 0.58 0.283
3686 0.876 0.781
3687 0.717 0.214
3688 0.72 0.038
3689 0.542 0.778
3690 0.901 0.005
3691 0.728 0.214
3692 0.347 0.357
3693 0.777 0.484
3694 0.294 0.003
3695 0.494 0.126
3696 0.8 0.153
3697 0.035 0.755
3698 0.814 0.611
3699 0.841 0.925
3700 0.64 0.943
3701 0.802 0.091
3702 0.675 0.552
3703 0.047 0.515
3704 0.391 0.004
3705 0.14 0.29
3706 0.687 0.482
3707 0.712 0.109
3708 0.547 0.054
3709 0.954 0.873
3710 0.864 0.927
3711 0.927 0.201
3712 0.007 0.831
3713 0.966 0.62
3714 0.402 0.031
3715 0.044 0.611
3716 0.7 0.308
3717 0.463 0.658
3718 0.662 0.75
3719 0.568 0.242
3720 0.805 0.966
3721 0.49 0.024
3722 0.979 0.957
3723 0.957 0.212
3724 0.013 0.344
3725 0.78 0.915
3726 0.747 0.081
3727 0.884 0.451
3728 0.881 0.322
3729 0.61 0.106
3730 0.753 0.253
3731 0.818 0.003
3732 0.878 0.506
3733 0.935 0.012
3734 0.862 0.553
3735 0.497 0.324
3736 0.318 0.204
3737 0.977 0.099
3738 0.217 0.035
3739 0.312 0.893
3740 0.5 0.224
3741 0.721 0.048
3742 0.654 0.024
3743 0.849 0.195
3744 0.403 0.077
3745 0.783 0.019
3746 0.894 0.84
3747 0.798 0.37
3748 0.453 0.272
3749 0.574 0.379
3750 0.72 0.564
3751 0.717 0.545
3752 0.727 0.149
3753 0.914 0.788
3754 0.489 0.645
3755 0.792 0.632
3756 0.632 0.092
3757 0.376 0.253
3758 0.12 0.022
3759 0.42 0.094
3760 0.008 0.918
3761 0.436 0.002
3762 0.747 0.002
3763 0.635 0.108
3764 0.622 0.13
3765 0.896 0.595
3766 0.612 0.437
3767 0.85 0.912
3768 0.258 0.084
3769 0.724 0.462
3770 0.903 0.157
3771 0.439 0.067
3772 0.654 0.666
3773 0.429 0.071
3774 0.838 0.728
3775 0.636 0.018
3776 0.973 0.937
3777 0.819 0.09
3778 0.887 0.054
3779 0.339 0.134
3780 0.962 0.076
3781 0.673 0.098
3782 0.678 0.054
3783 0.745 0.298
3784 0.565 0.665
3785 0.09 0.158
3786 0.331 0.009
3787 0.946 0.263
3788 0.558 0.499
3789 0.302 0.136
3790 0.969 0.364
3791 0.306 0.431
3792 0.349 0.043
3793 0.694 0.5
3794 0.92 0.983
3795 0.854 0.92
3796 0.963 0.81
3797 0.466 0
3798 0.749 0.215
3799 0.912 0.122
3800 0.05 0.138
3801 0.286 0.004
3802 0.636 0.09
3803 0.375 0.188
3804 0.355 0.221
3805 0.713 0.073
3806 0.974 0.445
3807 0.433 0.473
3808 0.43 0.279
3809 0.824 0.847
3810 0.146 0.046
3811 0.401 0.003
3812 0.823 0.941
3813 0.722 0.222
3814 0.892 0.244
3815 0.179 0.237
3816 0.929 0.567
3817 0.265 0.875
3818 0.481 0.829
3819 0.537 0.577
3820 0.766 0.315
3821 0.381 0.28
3822 0.581 0.021
3823 0.265 0.23
3824 0.63 0.038
3825 0.937 0.83
3826 0.123 0.649
3827 0.962 0.134
3828 0.915 0.016
3829 0.338 0.869
3830 0.926 0.344
3831 0.712 0.056
3832 0.032 0.383
3833 0.606 0.295
3834 0.674 0.304
3835 0.699 0.01
3836 0.329 0.655
3837 0.221 0.294
3838 0.908 0.311
3839 0.462 0.081
3840 0.184 0.003
3841 0.612 0.028
3842 0.757 0.303
3843 0.25 0.015
3844 0.872 0.751
3845 0.027 0.637
3846 0.833 0.972
3847 0.939 0.56
3848 0.224 0.319
3849 0.837 0.13
3850 0.68 0.249
3851 0.892 0.506
3852 0.1 0.021
3853 0.866 0.056
3854 0.715 0.091
3855 0.958 0.891
3856 0.838 0.206
3857 0.75 0.776
3858 0.935 0.942
3859 0.906 0.075
3860 0.832 0.177
3861 0.555 0.191
3862 0.739 0.38
3863 0.927 0.777
3864 0.085 0.49
3865 0.851 0.596
3866 0.168 0.19
3867 0.958 0.881
3868 0.439 0.187
3869 0.117 0.94
3870 0.483 0.11
3871 0.434 0.104
3872 0.756 0.199
3873 0.747 0.28
3874 0.948 0.764
3875 0.259 0.057
3876 0.415 0.005
3877 0.523 0.103
3878 0.571 0.446
3879 0.499 0.641
3880 0.814 0.967
3881 0.684 0.794
3882 0.649 0.228
3883 0.838 0.606
3884 0.667 0.314
3885 0.922 0.397
3886 0.595 0.073
3887 0.884 0.495
3888 0.938 0.9
3889 0.737 0.932
3890 0.493 0.211
3891 0.19 0.611
3892 0.954 0.665
3893 0.903 0.928
3894 0.081 0.112
3895 0.805 0.935
3896 0.804 0.153
3897 0.387 0.203
3898 0.435 0.096
3899 0.36 0.005
3900 0.184 0.053
3901 0.754 0.627
3902 0.934 0.755
3903 0.516 0.781
3904 0.438 0.665
3905 0.945 0.288
3906 0.399 0.986
3907 0.738 0.179
3908 0.393 0.088
3909 0.934 0.841
3910 0.622 0.5
3911 0.677 0.647
3912 0.881 0.462
3913 0.631 0.25
3914 0.447 0.377
3915 0.269 0.059
3916 0.755 0.375
3917 0.784 0.293
3918 0.656 0.007
3919 0.609 0.004
3920 0.811 0.884
3921 0.317 0.607
3922 0.889 0.005
3923 0.086 0.407
3924 0.453 0.287
3925 0.916 0.399
3926 0.893 0.292
3927 0.821 0.335
3928 0.855 0.516
3929 0.143 0.934
3930 0.786 0.665
3931 0.528 0.092
3932 0.713 0.046
3933 0.941 0.424
3934 0.177 0.936
3935 0.683 0.813
3936 0.379 0.303
3937 0.502 0.047
3938 0.654 0.367
3939 0.384 0.228
3940 0.013 0.375
3941 0.095 0.18
3942 0.339 0.023
3943 0.819 0.197
3944 0.789 0.664
3945 0.718 0.167
3946 0.596 0.4
3947 0.822 0.449
3948 0.808 0.088
3949 0.949 0.022
3950 0.795 0.191
3951 0.861 0.02
3952 0.424 0.003
3953 0.491 0.007
3954 0.651 0.651
3955 0.848 0.587
3956 0.944 0.774
3957 0.662 0.422
3958 0.109 0.041
3959 0.878 0.67
3960 0.763 0.15
3961 0.41 0.049
3962 0.12 0.07
3963 0.525 0.679
3964 0.133 0.324
3965 0.778 0.058
3966 0.072 0.867
3967 0.93 0.399
3968 0.633 0.249
3969 0.337 0.254
3970 0.813 0.015
3971 0.504 0.889
3972 0.686 0.089
3973 0.467 0.858
3974 0.689 0.091
3975 0.866 0.092
3976 0.888 0.381
3977 0.102 0.882
3978 0.519 0.485
3979 0.736 0.955
3980 0.705 0.045
3981 0.064 0.393
3982 0.478 0.602
3983 0.662 0.81
3984 0.529 0.931
3985 0.503 0.559
3986 0.543 0.872
3987 0.846 0.006
3988 0.129 0.909
3989 0.54 0.151
3990 0.573 0.878
3991 0.636 0.49
3992 0.534 0.737
3993 0.405 0.147
3994 0.896 0.871
3995 0.562 0.965
3996 0.819 0.736
3997 0.921 0.816
3998 0.825 0.324
3999 0.741 0.36
4000 0.81 0.524
4001 0.506 0.014
4002 0.375 0.585
4003 0.61 0.779
4004 0.77 0.604
4005 0.058 0.794
4006 0.774 0.103
4007 0.917 0.382
4008 0.962 0
4009 0.929 0.367
4010 0.924 0.684
4011 0.379 0.324
4012 0.615 0.035
4013 0.895 0.544
4014 0.66 0.333
4015 0.94 0.21
4016 0.949 0.349
4017 0.955 0.991
4018 0.348 0.077
4019 0.558 0.005
4020 0.952 0.49
4021 0.693 0.263
4022 0.931 0.117
4023 0.897 0.634
4024 0.941 0.148
4025 0.904 0
4026 0.448 0.37
4027 0.597 0.407
4028 0.97 0.93
4029 0.803 0.826
4030 0.885 0.77
4031 0.457 0.605
4032 0.377 0.144
4033 0.885 0.027
4034 0.69 0.936
4035 0.565 0.683
4036 0.628 0.202
4037 0.229 0.587
4038 0.616 0.004
4039 0.726 0.126
4040 0.849 0.642
4041 0.499 0.122
4042 0.748 0.872
4043 0.865 0.708
4044 0.351 0.519
4045 0.457 0.802
4046 0.921 0.078
4047 0.766 0.798
4048 0.797 0.456
4049 0.879 0.639
4050 0.648 0.107
4051 0.97 0.461
4052 0.804 0.114
4053 0.326 0.029
4054 0.142 0.532
4055 0.938 0.034
4056 0.876 0.781
4057 0.282 0.059
4058 0.795 0.747
4059 0.706 0.016
4060 0.22 0.035
4061 0.658 0.013
4062 0.356 0.313
4063 0.848 0.068
4064 0.449 0.087
4065 0.351 0.156
4066 0.271 0.026
4067 0.749 0.172
4068 0.498 0.053
4069 0.863 0.831
4070 0.8 0.012
4071 0.832 0.835
4072 0.949 0.525
4073 0.63 0.053
4074 0.875 0.445
4075 0.156 0.014
4076 0.316 0.618
4077 0.605 0.208
4078 0.877 0.827
4079 0.798 0.942
4080 0.925 0.512
4081 0.33 0.283
4082 0.713 0.672
4083 0.748 0.081
4084 0.291 0.018
4085 0.421 0.135
4086 0.6 0.049
4087 0.504 0.169
4088 0.637 0.085
4089 0.746 0.833
4090 0.764 0.051
4091 0.418 0.299
4092 0.768 0.104
4093 0.762 0.4
4094 0.813 0.832
4095 0.745 0.697
4096 0.834 0.741
4097 0.552 0.85
4098 0.883 0.744
4099 0.229 0.173
4100 0.793 0.115
4101 0.632 0.035
4102 0.588 0.002
4103 0.716 0.016
4104 0.753 0.235
4105 0.065 0.444
4106 0.218 0.271
4107 0.536 0.149
4108 0.307 0.163
4109 0.787 0.007
4110 0.606 0.054
4111 0.803 0.225
4112 0.162 0.012
4113 0.965 0.925
4114 0.956 0.37
4115 0.745 0.734
4116 0.598 0.728
4117 0.922 0.534
4118 0.312 0.622
4119 0.662 0.706
4120 0.691 0.074
4121 0.152 0.075
4122 0.769 0.775
4123 0.399 0.389
4124 0.808 0.502
4125 0.225 0.35
4126 0.641 0.868
4127 0.174 0.55
4128 0.737 0.053
4129 0.905 0.61
4130 0.815 0.404
4131 0.421 0.568
4132 0.547 0.773
4133 0.984 0.188
4134 0.948 0.579
4135 0.216 0.113
4136 0.445 0.199
4137 0.892 0.107
4138 0.41 0.015
4139 0.421 0.822
4140 0.364 0.075
4141 0.879 0.428
4142 0.512 0.487
4143 0.965 0.503
4144 0.325 0.704
4145 0.934 0.414
4146 0.808 0.351
4147 0.432 0.544
4148 0.899 0.846
4149 0.514 0.512
4150 0.498 0.022
4151 0.175 0.4
4152 0.798 0.168
4153 0.967 0.492
4154 0.653 0.577
4155 0.858 0.349
4156 0.799 0.479
4157 0.676 0.067
4158 0.526 0.611
4159 0.24 0.232
4160 0.599 0.711
4161 0.864 0.007
4162 0.326 0.027
4163 0.786 0.216
4164 0.936 0.322
4165 0.504 0.127
4166 0.856 0.878
4167 0.053 0.593
4168 0.708 0.705
4169 0.585 0.261
4170 0.379 0.716
4171 0.883 0.044
4172 0.074 0.04
4173 0.919 0.348
4174 0.797 0.041
4175 0.898 0.072
4176 0.937 0.583
4177 0.957 0.473
4178 0.857 0.975
4179 0.568 0.552
4180 0.129 0.498
4181 0.513 0.198
4182 0.549 0.408
4183 0.88 0.115
4184 0.838 0.928
4185 0.638 0.637
4186 0.776 0.482
4187 0.825 0.018
4188 0.879 0.484
4189 0.869 0.315
4190 0.961 0.737
4191 0.587 0.001
4192 0.916 0.549
4193 0.854 0.446
4194 0.922 0.872
4195 0.794 0.131
4196 0.654 0.249
4197 0.763 0.899
4198 0.719 0.068
4199 0.882 0.303
4200 0.048 0.841
4201 0.272 0.552
4202 0.831 0.991
4203 0.804 0.532
4204 0.597 0.492
4205 0.198 0.745
4206 0.904 0.39
4207 0.934 0.964
4208 0.944 0.217
4209 0.925 0.8
4210 0.957 0.468
4211 0.813 0.179
4212 0.945 0.828
4213 0.763 0.668
4214 0.215 0.428
4215 0.974 0.604
4216 0.918 0.2
4217 0.865 0.53
4218 0.83 0.229
4219 0.522 0.14
4220 0.022 0.167
4221 0.795 0.291
4222 0.619 0.014
4223 0.792 0.461
4224 0.918 0.146
4225 0.483 0.156
4226 0.695 0.815
4227 0.074 0.65
4228 0.715 0.483
4229 0.526 0.914
4230 0.447 0.813
4231 0.378 0.38
4232 0.746 0.569
4233 0.326 0.094
4234 0.669 0.177
4235 0.7 0.514
4236 0.859 0.119
4237 0.492 0.204
4238 0.064 0.917
4239 0.664 0.552
4240 0.093 0.679
4241 0.73 0.012
4242 0.887 0.234
4243 0.479 0.135
4244 0.902 0.105
4245 0.798 0.781
4246 0.5 0.418
4247 0.84 0.897
4248 0.085 0.119
4249 0.967 0.188
4250 0.739 0.518
4251 0.867 0.976
4252 0.928 0.86
4253 0.946 0.662
4254 0.686 0.821
4255 0.627 0.627
4256 0.799 0.002
4257 0.159 0.197
4258 0.269 0.35
4259 0.291 0.82
4260 0.842 0.024
4261 0.87 0.899
4262 0.742 0.045
4263 0.067 0.254
4264 0.854 0.068
4265 0.151 0.631
4266 0.213 0.358
4267 0.799 0.134
4268 0.611 0.029
4269 0.906 0.853
4270 0.013 0.853
4271 0.63 0.887
4272 0.935 0.166
4273 0.902 0.068
4274 0.897 0.34
4275 0.414 0.8
4276 0.641 0.027
4277 0.852 0.177
4278 0.89 0.782
4279 0.942 0.223
4280 0.918 0.084
4281 0.506 0.079
4282 0.442 0.02
4283 0.487 0.08
4284 0.966 0.094
4285 0.704 0.246
4286 0.823 0.738
4287 0.726 0.035
4288 0.333 0.014
4289 0.891 0.955
4290 0.556 0.598
4291 0.904 0.793
4292 0.777 0.245
4293 0.917 0.88
4294 0.953 0.452
4295 0.929 0.408
4296 0.507 0.011
4297 0.443 0.08
4298 0.411 0.535
4299 0.849 0.929
4300 0.579 0.94
4301 0.042 0.938
4302 0.879 0.855
4303 0.04 0.625
4304 0.082 0.811
4305 0.581 0.156
4306 0.64 0.085
4307 0.514 0.336
4308 0.189 0.639
4309 0.011 0.29
4310 0.002 0.316
4311 0.407 0.03
4312 0.903 0.806
4313 0.822 0.027
4314 0.434 0.645
4315 0.267 0.971
4316 0.01 0.53
4317 0.911 0.857
4318 0.404 0.966
4319 0.333 0.162
4320 0.854 0
4321 0.01 0.885
4322 0.789 0.886
4323 0.507 0.122
4324 0.898 0.626
4325 0.432 0.404
4326 0.205 0.98
4327 0.834 0.98
4328 0.654 0.19
4329 0.758 0.476
4330 0.161 0.971
4331 0.613 0.193
4332 0.756 0.766
4333 0.568 0.321
4334 0.025 0.913
4335 0.893 0.475
4336 0.868 0.295
4337 0.269 0.009
4338 0.511 0.945
4339 0.305 0.651
4340 0.903 0.188
4341 0.792 0.785
4342 0.955 0.075
4343 0.212 0.112
4344 0.244 0.194
4345 0.49 0.894
4346 0.758 0.665
4347 0.822 0.509
4348 0.612 0.649
4349 0.917 0.584
4350 0.945 0.651
4351 0.224 0.116
4352 0.742 0.841
4353 0.421 0.126
4354 0.924 0.953
4355 0.783 0.854
4356 0.924 0.258
4357 0.162 0.41
4358 0.398 0.068
4359 0.643 0.027
4360 0.833 0.804
4361 0.738 0.099
4362 0.835 0.059
4363 0.3 0.11
4364 0.49 0.76
4365 0.275 0.916
4366 0.978 0.981
4367 0.833 0.956
4368 0.966 0.747
4369 0.528 0.096
4370 0.758 0.732
4371 0.099 0.442
4372 0.784 0.009
4373 0.012 0.929
4374 0.89 0.672
4375 0.457 0.049
4376 0.543 0.786
4377 0.511 0.604
4378 0.938 0.039
4379 0.229 0.737
4380 0.891 0.524
4381 0.957 0.861
4382 0.876 0.211
4383 0.653 0.038
4384 0.149 0.987
4385 0.464 0.071
4386 0.152 0.72
4387 0.41 0.207
4388 0.955 0.877
4389 0.707 0.012
4390 0.598 0.094
4391 0.637 0.011
4392 0.506 0.401
4393 0.868 0.569
4394 0.77 0.598
4395 0.788 0.094
4396 0.484 0.612
4397 0.911 0.387
4398 0.489 0.662
4399 0.859 0.321
4400 0.564 0.099
4401 0.893 0.018
4402 0.929 0.467
4403 0.582 0.126
4404 0.579 0.032
4405 0.297 0.81
4406 0.537 0.49
4407 0.721 0.98
4408 0.944 0.536
4409 0.973 0.857
4410 0.658 0.051
4411 0.077 0.302
4412 0.048 0.355
4413 0.279 0.117
4414 0.669 0.148
4415 0.076 0.447
4416 0.107 0.029
4417 0.899 0.05
4418 0.883 0.544
4419 0.93 0.008
4420 0.256 0.089
4421 0.833 0.806
4422 0.937 0.03
4423 0.866 0.707
4424 0.453 0.242
4425 0.659 0.006
4426 0.895 0.718
4427 0.907 0.582
4428 0.757 0.44
4429 0.107 0.654
4430 0.548 0.049
4431 0.911 0.536
4432 0.803 0.013
4433 0.819 0.921
4434 0.926 0.208
4435 0.608 0.032
4436 0.708 0.033
4437 0.511 0.308
4438 0.69 0.039
4439 0.097 0.205
4440 0.864 0.037
4441 0.553 0.22
4442 0.93 0.74
4443 0.635 0.983
4444 0.588 0.002
4445 0.482 0.025
4446 0.187 0.162
4447 0.411 0.523
4448 0.893 0.093
4449 0.967 0.22
4450 0.801 0.338
4451 0.847 0.433
4452 0.109 0.153
4453 0.98 0.966
4454 0.811 0.322
4455 0.379 0.208
4456 0.465 0.087
4457 0.81 0.27
4458 0.522 0.135
4459 0.181 0.098
4460 0.877 0.334
4461 0.778 0.684
4462 0.573 0.543
4463 0.837 0.869
4464 0.813 0.073
4465 0.959 0.817
4466 0.468 0.662
4467 0.315 0.644
4468 0.172 0.206
4469 0.617 0.127
4470 0.918 0.073
4471 0.828 0.778
4472 0.895 0.431
4473 0.354 0.919
4474 0.652 0.158
4475 0.826 0.721
4476 0.864 0.524
4477 0.762 0.64
4478 0.795 0.063
4479 0.939 0.966
4480 0.69 0.891
4481 0.855 0.862
4482 0.935 0.356
4483 0.111 0.361
4484 0.756 0.002
4485 0.948 0.494
4486 0.923 0.232
4487 0.922 0.105
4488 0.258 0.237
4489 0.82 0.363
4490 0.357 0.734
4491 0.75 0.186
4492 0.884 0.037
4493 0.891 0.229
4494 0.482 0.193
4495 0.561 0.127
4496 0.175 0.029
4497 0.878 0.671
4498 0.281 0.03
4499 0.911 0.367
4500 0.225 0.437
4501 0.178 0.002
4502 0.895 0.127
4503 0.485 0.014
4504 0.926 0.792
4505 0.974 0.053
4506 0.568 0.171
4507 0.903 0.308
4508 0.959 0.444
4509 0.762 0.981
4510 0.87 0.721
4511 0.917 0.338
4512 0.893 0.235
4513 0.908 0.613
4514 0.852 0.718
4515 0.441 0.013
4516 0.72 0.247
4517 0.232 0.729
4518 0.555 0.577
4519 0.902 0.462
4520 0.401 0.665
4521 0.872 0.795
4522 0.883 0.262
4523 0.94 0.293
4524 0.279 0.625
4525 0.872 0.275
4526 0.484 0.075
4527 0.673 0.06
4528 0.877 0.001
4529 0.793 0.519
4530 0.968 0.376
4531 0.633 0.45
4532 0.319 0.679
4533 0.301 0.955
4534 0.295 0.747
4535 0.73 0.753
4536 0.082 0.433
4537 0.453 0.045
4538 0.733 0.159
4539 0.606 0.112
4540 0.924 0.875
4541 0.753 0.062
4542 0.192 0.957
4543 0.733 0.302
4544 0.366 0.48
4545 0.602 0.253
4546 0.756 0.081
4547 0.745 0.073
4548 0.814 0.191
4549 0.367 0.043
4550 0.41 0.204
4551 0.597 0.001
4552 0.357 0.544
4553 0.945 0.305
4554 0.569 0.332
4555 0.956 0.142
4556 0.255 0.068
4557 0.962 0.491
4558 0.171 0.413
4559 0.316 0.157
4560 0.158 0.462
4561 0.59 0.045
4562 0.221 0.065
4563 0.941 0.446
4564 0.638 0.311
4565 0.825 0.085
4566 0.553 0.314
4567 0.925 0.815
4568 0.647 0.096
4569 0.133 0.892
4570 0.814 0.549
4571 0.785 0.595
4572 0.914 0.158
4573 0.435 0.321
4574 0.274 0.902
4575 0.604 0.765
4576 0.528 0.023
4577 0.282 0.282
4578 0.484 0.451
4579 0.782 0.248
4580 0.574 0.551
4581 0.062 0.059
4582 0.713 0.112
4583 0.298 0.203
4584 0.817 0.172
4585 0.899 0.411
4586 0.773 0.582
4587 0.869 0.188
4588 0.63 0.673
4589 0.667 0.717
4590 0.522 0.13
4591 0.907 0.363
4592 0.894 0.793
4593 0.899 0.78
4594 0.421 0.758
4595 0.575 0.11
4596 0.939 0.819
4597 0.546 0.223
4598 0.786 0.641
4599 0.459 0.057
4600 0.879 0.093
4601 0.47 0.065
4602 0.911 0.282
4603 0.233 0.427
4604 0.812 0.013
4605 0.653 0.009
4606 0.158 0.072
4607 0.279 0.908
4608 0.866 0.731
4609 0.647 0.214
4610 0.947 0.29
4611 0.727 0.108
4612 0.578 0.068
4613 0.564 0.984
4614 0.938 0.755
4615 0.788 0.193
4616 0.336 0.026
4617 0.686 0.599
4618 0.922 0.035
4619 0.805 0.419
4620 0.602 0.337
4621 0.88 0.027
4622 0.757 0.067
4623 0.767 0.75
4624 0.436 0.681
4625 0.808 0.151
4626 0.602 0.089
4627 0.915 0.559
4628 0.976 0.726
4629 0.94 0.369
4630 0.006 0.859
4631 0.49 0.815
4632 0.539 0.213
4633 0.684 0.436
4634 0.776 0.138
4635 0.977 0.784
4636 0.877 0.753
4637 0.58 0.618
4638 0.766 0.07
4639 0.452 0.067
4640 0.847 0.006
4641 0.917 0.656
4642 0.782 0.265
4643 0.809 0.086
4644 0.494 0.909
4645 0.813 0.503
4646 0.609 0.445
4647 0.559 0.006
4648 0.876 0.378
4649 0.863 0.139
4650 0.851 0.431
4651 0.688 0.686
4652 0.853 0.102
4653 0.225 0.132
4654 0.846 0.443
4655 0.587 0.007
4656 0.757 0.793
4657 0.333 0.503
4658 0.431 0.026
4659 0.533 0.098
4660 0.698 0.869
4661 0.954 0.01
4662 0.729 0.396
4663 0.133 0.751
4664 0.154 0.688
4665 0.924 0.355
4666 0.819 0.004
4667 0.847 0.066
4668 0.254 0.036
4669 0.473 0.024
4670 0.966 0.291
4671 0.76 0.733
4672 0.326 0.264
4673 0.907 0.016
4674 0.681 0.117
4675 0.402 0.068
4676 0.916 0.939
4677 0.858 0.658
4678 0.592 0.019
4679 0.286 0.281
4680 0.925 0.342
4681 0.337 0.962
4682 0.839 0.358
4683 0.575 0.317
4684 0.536 0.169
4685 0.447 0.373
4686 0.824 0.528
4687 0.961 0.046
4688 0.715 0.305
4689 0.45 0.893
4690 0.961 0.574
4691 0.681 0.347
4692 0.03 0.398
4693 0.03 0.692
4694 0.844 0.705
4695 0.251 0.438
4696 0.69 0.452
4697 0.833 0.767
4698 0.873 0.643
4699 0.876 0.398
4700 0.759 0.369
4701 0.679 0.67
4702 0.05 0.39
4703 0.744 0.09
4704 0.024 0.04
4705 0.113 0.887
4706 0.876 0.404
4707 0.804 0.032
4708 0.939 0.885
4709 0.681 0.187
4710 0.838 0.425
4711 0.432 0.459
4712 0.083 0.801
4713 0.968 0.785
4714 0.958 0.431
4715 0.82 0.129
4716 0.916 0.425
4717 0.54 0.011
4718 0.817 0.8
4719 0.824 0.272
4720 0.974 0.483
4721 0.611 0.403
4722 0.583 0.216
4723 0.506 0.574
4724 0.045 0.884
4725 0.833 0.068
4726 0.708 0.842
4727 0.926 0.651
4728 0.06 0.969
4729 0.357 0.082
4730 0.775 0.244
4731 0.913 0.939
4732 0.233 0.685
4733 0.246 0.783
4734 0.398 0.238
4735 0.394 0.317
4736 0.865 0.664
4737 0.84 0.028
4738 0.954 0.538
4739 0.278 0.092
4740 0.98 0.837
4741 0.794 0.192
4742 0.905 0.21
4743 0.702 0.006
4744 0.243 0.335
4745 0.539 0.937
4746 0.627 0.34
4747 0.659 0.141
4748 0.482 0.024
4749 0.939 0.051
4750 0.975 0.363
4751 0.826 0.547
4752 0.701 0.164
4753 0.655 0.054
4754 0.71 0.708
4755 0.623 0.169
4756 0.774 0.771
4757 0.809 0.96
4758 0.22 0.244
4759 0.239 0.358
4760 0.623 0.102
4761 0.714 0.954
4762 0.53 0.974
4763 0.699 0.146
4764 0.827 0.905
4765 0.462 0.266
4766 0.922 0.155
4767 0.637 0.795
4768 0.277 0.143
4769 0.813 0.559
4770 0.439 0.555
4771 0.913 0.592
4772 0.742 0.125
4773 0.914 0.843
4774 0.829 0.146
4775 0.257 0.794
4776 0.771 0.938
4777 0.324 0.383
4778 0.579 0.59
4779 0.697 0.135
4780 0.022 0.299
4781 0.929 0.773
4782 0.879 0.205
4783 0.667 0.096
4784 0.318 0.009
4785 0.699 0.017
4786 0.841 0.117
4787 0.848 0.352
4788 0.396 0.554
4789 0.782 0.168
4790 0.74 0.443
4791 0.976 0.968
4792 0.362 0.091
4793 0.32 0.839
4794 0.407 0.425
4795 0.257 0.783
4796 0.78 0.054
4797 0.405 0.521
4798 0.699 0.138
4799 0.454 0.149
4800 0.453 0.677
4801 0.437 0.095
4802 0.645 0.106
4803 0.138 0.237
4804 0.752 0.898
4805 0.816 0.71
4806 0.81 0.13
4807 0.869 0.395
4808 0.272 0.945
4809 0.341 0.013
4810 0.019 0.501
4811 0.923 0.703
4812 0.038 0.316
4813 0.95 0.264
4814 0.643 0.029
4815 0.738 0.23
4816 0.697 0.092
4817 0.065 0.875
4818 0.405 0.44
4819 0.862 0.267
4820 0.892 0.306
4821 0.768 0.767
4822 0.972 0.804
4823 0.328 0.472
4824 0.823 0.076
4825 0.381 0.476
4826 0.665 0.091
4827 0.859 0.849
4828 0.733 0.248
4829 0.968 0.089
4830 0.961 0.777
4831 0.342 0.259
4832 0.2 0.681
4833 0.572 0.236
4834 0.12 0.594
4835 0.695 0.008
4836 0.693 0.219
4837 0.628 0.097
4838 0.776 0.28
4839 0.903 0.231
4840 0.476 0.009
4841 0.276 0.103
4842 0.616 0.038
4843 0.67 0.502
4844 0.749 0.892
4845 0.896 0.116
4846 0.137 0.04
4847 0.816 0.132
4848 0.778 0.234
4849 0.931 0.563
4850 0.35 0.145
4851 0.439 0.278
4852 0.89 0.986
4853 0.771 0.017
4854 0.05 0.698
4855 0.503 0.343
4856 0.225 0.094
4857 0.392 0.93
4858 0.666 0.211
4859 0.75 0.234
4860 0.919 0.207
4861 0.887 0.312
4862 0.57 0.045
4863 0.165 0.194
4864 0.935 0.188
4865 0.804 0.017
4866 0.779 0.253
4867 0.537 0.836
4868 0.885 0.076
4869 0.762 0.087
4870 0.792 0.863
4871 0.817 0.439
4872 0.763 0.243
4873 0.554 0.355
4874 0.742 0.068
4875 0.161 0.764
4876 0.923 0.288
4877 0.938 0.328
4878 0.187 0.002
4879 0.919 0.334
4880 0.91 0.025
4881 0.664 0.102
4882 0.023 0.166
4883 0.681 0.225
4884 0.888 0.073
4885 0.982 0.184
4886 0.856 0.978
4887 0.902 0.888
4888 0.95 0.624
4889 0.807 0.187
4890 0.8 0.073
4891 0.624 0.075
4892 0.689 0.238
4893 0.152 0.172
4894 0.205 0.446
4895 0.79 0.138
4896 0.134 0.172
4897 0.958 0.854
4898 0.826 0.346
4899 0.569 0.037
4900 0.495 0.189
4901 0.662 0.008
4902 0.839 0.862
4903 0.305 0.447
4904 0.821 0.326
4905 0.906 0.529
4906 0.791 0.35
4907 0.419 0.707
4908 0.518 0.368
4909 0.468 0.537
4910 0.883 0.032
4911 0.917 0.049
4912 0.913 0.14
4913 0.837 0.081
4914 0.886 0.332
4915 0.659 0.692
4916 0.873 0.821
4917 0.241 0.779
4918 0.722 0.464
4919 0.858 0.454
4920 0.806 0.263
4921 0.972 0.051
4922 0.721 0.239
4923 0.246 0.028
4924 0.367 0.463
4925 0.867 0.887
4926 0.943 0.066
4927 0.785 0.561
4928 0.557 0.037
4929 0.737 0.603
4930 0.782 0.58
4931 0.734 0.138
4932 0.624 0.953
4933 0.652 0.334
4934 0.736 0.667
4935 0.363 0.061
4936 0.469 0.031
4937 0.921 0.806
4938 0.806 0.076
4939 0.217 0.458
4940 0.57 0.189
4941 0.135 0.5
4942 0.802 0.619
4943 0.696 0.181
4944 0.901 0.189
4945 0.781 0.005
4946 0.474 0.308
4947 0.879 0.183
4948 0.538 0.438
4949 0.631 0.248
4950 0.289 0.593
4951 0.656 0.416
4952 0.844 0.054
4953 0.43 0.239
4954 0.815 0.043
4955 0.934 0.122
4956 0.502 0.752
4957 0.854 0.03
4958 0.539 0.052
4959 0.828 0.301
4960 0.834 0.574
4961 0.012 0.709
4962 0.409 0.695
4963 0.914 0.053
4964 0.789 0.129
4965 0.538 0.062
4966 0.459 0.047
4967 0.289 0.125
4968 0.549 0.896
4969 0.513 0.997
4970 0.831 0.075
4971 0.975 0.884
4972 0.798 0.771
4973 0.606 0.493
4974 0.298 0.433
4975 0.433 0.345
4976 0.78 0.91
4977 0.417 0.283
4978 0.941 0.759
4979 0.788 0.456
4980 0.18 0.023
4981 0.65 0.555
4982 0.87 0.133
4983 0.763 0.051
4984 0.593 0.039
4985 0.967 0.244
4986 0.633 0.712
4987 0.519 0.554
4988 0.794 0.525
4989 0.786 0.077
4990 0.573 0.02
4991 0.346 0.015
4992 0.848 0.618
4993 0.015 0.237
4994 0.516 0.081
4995 0.909 0.631
4996 0.859 0.267
4997 0.815 0.364
4998 0.851 0.738
4999 0.439 0.446
5000 0.682 0.095
