1 0.9 0.007
2 0.553 0.061
3 0.584 0.034
4 0.683 0.004
5 0.493 0.096
6 0.397 0.13
7 0.481 0.099
8 0.964 0.122
9 0.881 0.117
10 0.539 0.496
11 0.953 0.078
12 0.93 0.072
13 0.159 0.046
14 0.596 0.493
15 0.88 0.98
16 0.646 0.933
17 0.98 0.501
18 0.842 0.203
19 0.78 0.124
20 0.716 0.042
21 0.051 0.058
22 0.781 0.492
23 0.895 0.035
24 0.566 0.105
25 0.838 0.116
26 0.569 0.04
27 0.962 0.043
28 0.425 0.294
29 0.534 0.607
30 0.873 0.154
31 0.787 0.078
32 0.173 0.025
33 0.281 0.967
34 0.59 0.058
35 0.529 0.239
36 0.878 0.232
37 0.499 0.218
38 0.846 0.261
39 0.784 0.009
40 0.94 0.06
41 0.868 0.125
42 0.822 0.073
43 0.762 0.103
44 0.095 0.462
45 0.52 0.129
46 0.684 0.61
47 0.265 0.668
48 0.858 0.065
49 0.789 0.292
50 0.398 0.013
51 0.795 0.151
52 0.422 0.129
53 0.265 0.163
54 0.177 0.819
55 0.895 0.664
56 0.829 0.019
57 0.749 0.029
58 0.794 0.042
59 0.017 0.323
60 0.409 0.127
61 0.009 0.044
62 0.598 0.166
63 0.703 0.106
64 0.592 0.139
65 0.04 0.436
66 0.676 0.182
67 0.648 0.002
68 0.545 0.021
69 0.934 0.181
70 0.971 0.306
71 0.623 0.032
72 0.764 0.124
73 0.949 0.112
74 0.777 0.008
75 0.772 0.58
76 0.544 0.014
77 0.382 0.132
78 0.84 0.827
79 0.712 0.114
80 0.671 0.048
81 0.14 0.038
82 0.873 0.755
83 0.518 0.491
84 0.108 0.741
85 0.865 0.163
86 0.002 0.945
87 0.254 0.445
88 0.416 0.368
89 0.819 0.004
90 0.752 0
91 0.837 0.239
92 0.015 0.869
93 0.685 0.699
94 0.78 0.062
95 0.905 0.962
96 0.418 0.036
97 0.957 0.243
98 0.789 0.058
99 0.721 0.007
100 0.89 0.684
101 0.102 0.88
102 0.704 0.177
103 0.594 0.015
104 0.932 0.4
105 0.847 0.095
106 0.82 0.09
107 0.113 0.443
108 0.079 0.713
109 0.668 0.261
110 0.89 0.083
111 0.369 0.063
112 0.41 0.018
113 0.723 0.035
114 0.875 0.186
115 0.145 0.589
116 0.753 0.046
117 0.135 0.109
118 0.863 0.552
119 0.832 0.022
120 0.985 0.247
121 0.562 0.005
122 0.647 0.002
123 0.627 0.036
124 0.754 0.143
125 0.548 0.92
126 0.71 0.033
127 0.453 0.033
128 0.709 0.182
129 0.312 0.075
130 0.226 0.065
131 0.876 0.007
132 0.645 0.014
133 0.926 0.92
134 0.315 0.976
135 0.9 0.329
136 0.787 0.382
137 0.902 0.772
138 0.569 0.523
139 0.911 0.629
140 0.492 0.001
141 0.617 0.011
142 0.439 0.019
143 0.889 0.454
144 0.784 0.101
145 0.102 0.95
146 0.419 0.384
147 0.618 0.554
148 0.949 0.211
149 0.293 0.039
150 0.154 0.003
151 0.906 0.494
152 0.913 0.015
153 0.826 0.497
154 0.785 0.157
155 0.692 0.372
156 0.898 0.913
157 0.796 0.368
158 0.422 0.381
159 0.293 0.003
160 0.703 0.051
161 0.915 0.914
162 0.892 0.024
163 0.267 0.682
164 0.078 0.629
165 0.729 0.583
166 0.864 0.344
167 0.689 0.109
168 0.695 0.025
169 0.167 0.544
170 0.891 0.383
171 0.627 0.27
172 0.943 0.055
173 0.713 0.091
174 0.84 0.124
175 0.773 0.248
176 0.746 0.207
177 0.544 0.032
178 0.619 0.117
179 0.736 0.2
180 0.787 0.156
181 0.443 0.79
182 0.281 0.146
183 0.47 0.36
184 0.123 0.752
185 0.483 0.132
186 0.754 0.198
187 0.226 0
188 0.968 0.405
189 0.667 0.009
190 0.939 0.067
191 0.855 0.134
192 0.31 0.472
193 0.575 0.205
194 0.548 0.004
195 0.412 0.009
196 0.793 0.015
197 0.365 0.044
198 0.561 0.18
199 0.747 0.082
200 0.931 0.619
201 0.677 0.82
202 0.914 0.232
203 0.221 0.586
204 0.658 0.004
205 0.805 0.306
206 0.976 0.074
207 0.675 0.165
208 0.675 0.637
209 0.53 0.522
210 0.798 0.944
211 0.952 0.346
212 0.802 0.538
213 0.664 0.062
214 0.452 0.04
215 0.915 0.03
216 0.538 0.09
217 0.922 0.436
218 0.411 0.093
219 0.458 0.119
220 0.837 0.438
221 0.767 0.032
222 0.795 0.342
223 0.883 0.135
224 0.592 0.084
225 0.988 0.397
226 0.709 0.432
227 0.49 0.32
228 0.675 0.87
229 0.285 0.849
230 0.519 0.933
231 0.936 0.589
232 0.901 0.195
233 0.664 0.13
234 0.11 0.665
235 0.601 0.002
236 0.932 0.419
237 0.782 0.084
238 0.902 0.008
239 0.937 0.423
240 0.505 0.013
241 0.372 0.085
242 0.981 0.006
243 0.585 0.18
244 0.536 0.151
245 0.609 0.165
246 0.541 0.485
247 0.852 0.335
248 0.574 0.015
249 0.866 0.363
250 0.844 0.18
251 0.534 0.184
252 0.844 0.536
253 0.908 0.643
254 0.528 0.891
255 0.914 0.261
256 0.456 0.177
257 0.661 0.056
258 0.601 0.278
259 0.102 0.935
260 0.376 0.387
261 0.516 0.052
262 0.599 0.039
263 0.074 0.066
264 0.942 0.808
265 0.98 0.462
266 0.356 0.078
267 0.846 0.246
268 0.892 0.257
269 0.719 0.138
270 0.901 0.044
271 0.967 0.596
272 0.781 0.565
273 0.852 0.603
274 0.39 0.038
275 0.5 0.583
276 0.862 0.035
277 0.758 0.227
278 0.834 0.434
279 0.6 0.208
280 0.761 0.198
281 0.763 0.034
282 0.467 0.13
283 0.854 0.736
284 0.93 0.657
285 0.939 0.522
286 0.222 0.803
287 0.208 0.009
288 0.43 0.037
289 0.902 0.193
290 0.77 0.703
291 0.927 0.032
292 0.976 0.569
293 0.822 0.513
294 0.959 0.389
295 0.849 0.288
296 0.859 0.731
297 0.709 0.219
298 0.038 0.445
299 0.706 0.059
300 0.799 0.225
301 0.57 0.006
302 0.96 0.14
303 0.448 0.092
304 0.749 0.562
305 0.973 0.866
306 0.838 0.944
307 0.738 0.057
308 0.8 0.606
309 0.803 0.166
310 0.457 0.117
311 0.905 0.295
312 0.739 0.087
313 0.813 0.317
314 0.752 0.566
315 0.41 0.028
316 0.58 0.013
317 0.494 0.895
318 0.118 0.026
319 0.058 0.011
320 0.656 0.121
321 0.579 0.074
322 0.959 0.239
323 0.681 0.056
324 0.375 0.721
325 0.598 0.05
326 0.761 0.19
327 0.848 0.023
328 0.817 0.208
329 0.035 0.199
330 0.782 0.078
331 0.738 0.503
332 0.83 0.838
333 0.316 0.94
334 0.796 0.104
335 0.844 0.193
336 0.321 0.414
337 0.682 0.52
338 0.847 0.452
339 0.67 0
340 0.773 0.485
341 0.862 0.284
342 0.862 0.425
343 0.121 0.026
344 0.045 0.759
345 0.439 0.001
346 0.601 0.856
347 0.801 0.138
348 0.964 0.01
349 0.905 0.054
350 0.902 0.093
351 0.92 0.011
352 0.418 0.206
353 0.93 0.129
354 0.95 0.855
355 0.756 0.594
356 0.759 0.388
357 0.237 0.139
358 0.848 0.977
359 0.861 0.245
360 0.749 0.014
361 0.744 0.436
362 0.649 0.113
363 0.692 0.03
364 0.379 0.315
365 0.085 0.672
366 0.312 0.018
367 0.668 0.113
368 0.54 0.075
369 0.949 0.723
370 0.803 0.987
371 0.934 0.432
372 0.951 0.984
373 0.497 0.308
374 0.195 0.035
375 0.921 0.47
376 0.118 0.864
377 0.905 0.455
378 0.701 0.06
379 0.884 0.568
380 0.728 0.098
381 0.763 0.064
382 0.89 0.215
383 0.302 0.238
384 0.531 0.667
385 0.71 0.205
386 0.828 0.238
387 0.366 0.452
388 0.869 0.19
389 0.93 0.889
390 0.571 0.978
391 0.82 0.418
392 0.312 0.142
393 0.816 0.16
394 0.67 0.216
395 0.963 0.169
396 0.931 0.462
397 0.8 0.039
398 0.548 0.035
399 0.326 0.206
400 0.837 0.577
401 0.818 0.074
402 0.607 0.392
403 0.372 0.046
404 0.899 0.183
405 0.894 0.931
406 0.69 0.332
407 0.869 0.05
408 0.883 0.712
409 0.679 0.001
410 0.466 0.106
411 0.687 0.005
412 0.703 0.011
413 0.604 0.069
414 0.327 0.014
415 0.898 0.361
416 0.797 0.002
417 0.668 0.073
418 0.088 0.933
419 0.652 0.078
420 0.658 0.19
421 0.795 0.412
422 0.602 0.182
423 0.544 0.001
424 0.649 0.092
425 0.68 0.006
426 0.836 0.536
427 0.32 0.023
428 0.708 0.388
429 0.13 0.055
430 0.737 0.515
431 0.325 0.515
432 0.988 0.184
433 0.981 0.978
434 0.979 0.799
435 0.488 0.165
436 0.824 0.623
437 0.664 0.007
438 0.598 0.19
439 0.799 0.005
440 0.474 0.003
441 0.859 0.067
442 0.382 0.019
443 0.918 0.05
444 0.732 0.013
445 0.632 0.002
446 0.166 0.43
447 0.8 0.402
448 0.389 0.311
449 0.171 0.232
450 0.75 0.092
451 0.858 0.131
452 0.142 0.053
453 0.904 0.201
454 0.677 0.366
455 0.972 0.109
456 0.64 0.077
457 0.747 0.595
458 0.833 0.199
459 0.934 0.183
460 0.438 0.024
461 0.127 0
462 0.921 0.388
463 0.779 0.419
464 0.804 0.419
465 0.838 0.009
466 0.702 0.56
467 0.292 0.075
468 0.841 0.891
469 0.633 0.309
470 0.755 0.188
471 0.945 0.035
472 0.898 0.14
473 0.199 0.023
474 0.83 0.499
475 0.644 0.158
476 0.91 0.014
477 0.951 0.275
478 0.931 0.211
479 0.968 0.389
480 0.487 0.094
481 0.766 0.196
482 0.613 0.4
483 0.869 0.6
484 0.899 0.429
485 0.946 0.052
486 0.918 0.437
487 0.919 0.008
488 0.68 0.191
489 0.635 0.864
490 0.202 0.041
491 0.963 0.045
492 0.765 0.178
493 0.039 0.819
494 0.625 0.066
495 0.67 0.065
496 0.938 0.586
497 0.075 0.67
498 0.74 0.882
499 0.866 0.648
500 0.923 0.02
501 0.839 0.078
502 0.787 0.037
503 0.908 0
504 0.231 0.527
505 0.811 0.585
506 0.709 0.06
507 0.212 0.125
508 0.51 0.022
509 0.692 0.293
510 0.944 0.125
511 0.8 0.594
512 0.649 0.102
513 0.938 0.383
514 0.837 0.442
515 0.573 0.019
516 0.579 0.693
517 0.061 0.731
518 0.811 0.203
519 0.736 0.023
520 0.547 0
521 0.958 0.137
522 0.504 0.015
523 0.273 0.243
524 0.313 0.134
525 0.711 0.844
526 0.708 0.068
527 0.952 0.33
528 0.92 0.205
529 0.849 0.271
530 0.703 0
531 0.303 0.03
532 0.927 0.052
533 0.712 0.088
534 0.928 0.298
535 0.698 0.394
536 0.883 0.094
537 0.596 0.007
538 0.459 0.315
539 0.499 0.186
540 0.299 0.565
541 0.278 0.031
542 0.804 0.058
543 0.083 0.939
544 0.92 0.687
545 0.955 0.177
546 0.695 0.118
547 0.744 0.876
548 0.419 0.062
549 0.448 0.128
550 0.7 0.082
551 0.58 0.009
552 0.234 0.081
553 0.795 0.016
554 0.98 0.087
555 0.772 0.009
556 0.793 0.625
557 0.799 0.018
558 0.718 0.052
559 0.702 0.084
560 0.352 0.001
561 0.644 0.647
562 0.753 0.043
563 0.916 0.151
564 0.66 0.778
565 0.463 0.358
566 0.307 0.019
567 0.914 0.13
568 0.938 0.891
569 0.722 0.165
570 0.32 0.364
571 0.922 0.597
572 0.671 0.072
573 0.405 0.02
574 0.791 0.287
575 0.558 0.605
576 0.643 0.032
577 0.848 0.565
578 0.967 0.261
579 0.901 0.48
580 0.743 0.285
581 0.471 0.273
582 0.736 0.565
583 0.667 0.681
584 0.981 0.447
585 0.714 0.295
586 0.846 0.076
587 0.811 0.407
588 0.864 0.957
589 0.953 0.222
590 0.863 0.873
591 0.559 0.731
592 0.724 0.821
593 0.927 0.457
594 0.831 0.561
595 0.906 0.317
596 0.932 0.073
597 0.944 0.94
598 0.45 0.116
599 0.626 0.003
600 0.808 0.101
601 0.596 0.018
602 0.761 0.826
603 0.619 0
604 0.761 0.867
605 0.765 0.165
606 0.707 0.034
607 0.194 0.041
608 0.728 0.546
609 0.868 0.042
610 0.824 0.009
611 0.093 0.602
612 0.809 0.087
613 0.199 0.916
614 0.951 0.432
615 0.919 0.123
616 0.858 0.157
617 0.602 0.881
618 0.652 0.142
619 0.633 0.004
620 0.803 0.023
621 0.138 0.142
622 0.858 0.287
623 0.9 0.628
624 0.265 0.293
625 0.813 0.472
626 0.553 0.117
627 0.872 0.045
628 0.818 0.001
629 0.348 0.001
630 0.936 0.255
631 0.109 0.236
632 0.248 0.225
633 0.932 0.297
634 0.436 0.512
635 0.835 0.855
636 0.809 0.125
637 0.719 0.135
638 0.842 0.36
639 0.211 0.12
640 0.766 0.034
641 0.559 0.003
642 0.752 0.169
643 0.97 0.045
644 0.629 0.412
645 0.954 0.148
646 0.04 0.889
647 0.172 0.119
648 0.736 0.039
649 0.934 0.125
650 0.822 0.291
651 0.439 0.126
652 0.231 0.215
653 0.681 0.629
654 0.622 0.162
655 0.568 0.018
656 0.867 0.45
657 0.52 0.032
658 0.501 0.124
659 0.916 0.212
660 0.438 0.039
661 0.848 0.251
662 0.036 0.642
663 0.697 0.001
664 0.028 0.556
665 0.748 0.042
666 0.874 0.081
667 0.857 0.363
668 0.704 0.152
669 0.054 0
670 0.959 0.182
671 0.94 0.899
672 0.065 0.932
673 0.711 0.19
674 0.866 0.453
675 0.75 0.86
676 0.529 0.013
677 0.359 0.733
678 0.019 0.091
679 0.569 0.073
680 0.51 0.065
681 0.627 0.023
682 0.918 0.453
683 0.913 0.934
684 0.117 0.044
685 0.558 0.524
686 0.257 0.094
687 0.222 0.881
688 0.793 0.012
689 0.95 0.964
690 0.121 0.368
691 0.784 0.242
692 0.689 0.035
693 0.818 0.105
694 0.678 0.266
695 0.759 0.081
696 0.562 0.085
697 0.821 0.067
698 0.98 0.83
699 0.866 0.155
700 0.819 0.262
701 0.712 0.301
702 0.875 0.222
703 0.374 0.116
704 0.644 0.058
705 0.915 0.321
706 0.548 0.208
707 0.112 0.935
708 0.963 0.001
709 0.528 0.016
710 0.82 0.329
711 0.748 0.097
712 0.819 0.592
713 0.202 0.036
714 0.881 0.207
715 0.866 0.223
716 0.031 0.069
717 0.857 0.012
718 0.485 0.501
719 0.961 0.076
720 0.873 0.569
721 0.915 0.084
722 0.338 0.066
723 0.01 0.197
724 0.692 0.104
725 0.563 0.453
726 0.578 0.051
727 0.642 0.022
728 0.945 0.695
729 0.544 0.722
730 0.868 0.191
731 0.772 0.028
732 0.098 0.441
733 0.905 0.004
734 0.321 0.019
735 0.067 0.038
736 0.603 0.106
737 0.869 0.067
738 0.574 0.141
739 0.719 0.037
740 0.902 0.137
741 0.512 0.033
742 0.51 0.718
743 0.748 0.846
744 0.877 0.163
745 0.614 0.068
746 0.2 0.367
747 0.695 0.066
748 0.158 0.247
749 0.717 0.277
750 0.812 0.748
751 0.805 0.01
752 0.325 0.039
753 0.491 0.171
754 0.826 0.672
755 0.935 0.599
756 0.537 0.089
757 0.376 0.142
758 0.796 0.773
759 0.964 0.392
760 0.799 0.006
761 0.336 0.756
762 0.573 0.048
763 0.836 0.498
764 0.748 0.015
765 0.353 0.135
766 0.472 0.018
767 0.682 0.024
768 0.456 0.096
769 0.791 0.005
770 0.807 0.008
771 0.599 0.028
772 0.649 0.091
773 0.15 0.984
774 0.653 0.268
775 0.71 0.07
776 0.704 0.011
777 0.225 0.961
778 0.601 0.005
779 0.678 0.212
780 0.655 0.165
781 0.402 0.013
782 0.907 0.049
783 0.815 0.923
784 0.737 0.17
785 0.39 0.087
786 0.428 0.019
787 0.292 0.006
788 0.644 0.076
789 0.637 0.165
790 0.641 0.23
791 0.718 0.089
792 0.204 0.969
793 0.799 0.136
794 0.974 0.476
795 0.693 0.079
796 0.957 0.148
797 0.804 0.922
798 0.668 0.558
799 0.621 0.13
800 0.818 0.013
801 0.901 0.073
802 0.204 0.013
803 0.814 0.713
804 0.29 0.023
805 0.949 0.082
806 0.573 0.152
807 0.948 0.157
808 0.743 0.104
809 0.567 0.107
810 0.865 0.13
811 0.597 0.104
812 0.753 0.015
813 0.4 0.16
814 0.899 0.103
815 0.964 0.264
816 0.942 0.033
817 0.685 0.841
818 0.029 0.707
819 0.922 0.136
820 0.886 0.911
821 0.482 0.147
822 0.455 0.023
823 0.459 0.01
824 0.115 0.18
825 0.515 0.047
826 0.195 0.019
827 0.817 0.567
828 0.889 0.524
829 0.918 0.626
830 0.954 0.522
831 0.472 0.172
832 0.833 0.041
833 0.574 0.405
834 0.973 0.216
835 0.507 0.071
836 0.723 0.039
837 0.826 0.935
838 0.829 0.032
839 0.699 0.257
840 0.983 0.186
841 0.285 0.974
842 0.475 0.2
843 0.944 0.256
844 0.625 0.657
845 0.542 0.131
846 0.232 0.053
847 0.523 0.961
848 0.732 0.137
849 0.844 0.037
850 0.08 0.907
851 0.618 0.167
852 0.579 0.136
853 0.764 0.31
854 0.889 0.518
855 0.778 0.015
856 0.581 0.169
857 0.589 0.251
858 0.651 0.119
859 0.962 0.96
860 0.434 0.028
861 0.463 0.17
862 0.957 0.143
863 0.948 0.23
864 0.79 0.717
865 0.736 0.647
866 0.985 0.938
867 0.657 0.063
868 0.498 0.065
869 0.505 0.001
870 0.839 0.02
871 0.636 0.059
872 0.666 0.009
873 0.85 0.016
874 0.477 0.011
875 0.904 0.392
876 0.969 0.555
877 0.524 0.001
878 0.447 0.018
879 0.916 0.923
880 0.536 0.026
881 0.662 0.068
882 0.825 0.264
883 0.38 0.12
884 0.4 0.233
885 0.773 0.003
886 0.975 0.02
887 0.956 0.747
888 0.667 0.009
889 0.777 0.273
890 0.951 0.252
891 0.798 0.009
892 0.939 0.605
893 0.951 0.178
894 0.958 0.06
895 0.29 0.067
896 0.963 0.464
897 0.107 0.986
898 0.477 0.003
899 0.726 0.111
900 0.911 0.707
901 0.208 0.957
902 0.909 0.551
903 0.627 0.056
904 0.736 0.003
905 0.84 0.057
906 0.077 0.375
907 0.075 0.05
908 0.685 0.475
909 0.617 0.012
910 0.041 0.155
911 0.092 0.056
912 0.617 0.726
913 0.35 0.001
914 0.835 0.237
915 0.653 0.012
916 0.761 0.054
917 0.674 0.099
918 0.818 0.001
919 0.408 0.04
920 0.872 0.56
921 0.657 0.076
922 0.652 0.004
923 0.533 0.523
924 0.8 0.017
925 0.942 0.157
926 0.41 0.91
927 0.212 0.033
928 0.175 0.923
929 0.958 0.524
930 0.088 0.956
931 0.646 0.532
932 0.555 0.113
933 0.924 0.046
934 0.54 0.029
935 0.253 0.059
936 0.806 0.568
937 0.337 0.527
938 0.971 0.511
939 0.424 0.352
940 0.958 0
941 0.915 0.003
942 0.395 0.553
943 0.93 0.773
944 0.918 0.485
945 0.82 0.177
946 0.106 0.717
947 0.552 0
948 0.616 0.728
949 0.911 0.429
950 0.924 0.893
951 0.33 0.066
952 0.421 0.62
953 0.941 0.263
954 0.971 0.252
955 0.323 0.061
956 0.799 0.033
957 0.563 0.199
958 0.788 0.292
959 0.706 0.085
960 0.611 0.081
961 0.747 0.168
962 0.693 0.052
963 0.971 0.171
964 0.686 0.115
965 0.803 0.274
966 0.964 0.35
967 0.183 0.367
968 0.511 0.028
969 0.644 0.34
970 0.96 0.041
971 0.182 0.026
972 0.945 0.652
973 0.785 0.286
974 0.887 0.391
975 0.774 0.121
976 0.826 0.977
977 0.772 0.101
978 0.945 0.088
979 0.889 0.023
980 0.784 0.04
981 0.761 0.019
982 0.641 0.564
983 0.648 0.099
984 0.971 0.332
985 0.681 0.002
986 0.703 0.439
987 0.261 0.976
988 0.674 0.355
989 0 0.789
990 0.203 0.81
991 0.831 0.073
992 0.167 0.933
993 0.537 0.01
994 0.626 0.137
995 0.86 0.352
996 0.109 0.522
997 0.906 0.233
998 0.757 0.503
999 0.28 0.679
1000 0.894 0.279
1001 0.587 0.19
1002 0.173 0.037
1003 0.767 0.349
1004 0.034 0.606
1005 0.923 0.976
1006 0.502 0.475
1007 0.584 0.051
1008 0.516 0.037
1009 0.081 0.572
1010 0.916 0.07
1011 0.938 0.245
1012 0.848 0.094
1013 0.766 0.142
1014 0.656 0.151
1015 0.525 0.079
1016 0.976 0.813
1017 0.906 0.047
1018 0.294 0.012
1019 0.296 0.609
1020 0.905 0.436
1021 0.954 0.929
1022 0.676 0.623
1023 0.98 0.693
1024 0.928 0.126
1025 0.848 0.181
1026 0.923 0.6
1027 0.811 0.136
1028 0.876 0.261
1029 0.63 0.732
1030 0.559 0.567
1031 0.654 0.065
1032 0.204 0.606
1033 0.981 0.036
1034 0.809 0.918
1035 0.182 0.159
1036 0.832 0.531
1037 0.876 0.733
1038 0.44 0.686
1039 0.918 0.013
1040 0.121 0.741
1041 0.587 0.014
1042 0.409 0.015
1043 0.894 0.025
1044 0.342 0.073
1045 0.432 0.297
1046 0.137 0.015
1047 0.884 0.075
1048 0.543 0.023
1049 0.567 0.007
1050 0.868 0.879
1051 0.803 0.258
1052 0.48 0.03
1053 0.667 0.013
1054 0.337 0.027
1055 0.909 0.14
1056 0.518 0.465
1057 0.868 0.27
1058 0.693 0.157
1059 0.957 0.603
1060 0.843 0.368
1061 0.301 0.01
1062 0.417 0.39
1063 0.969 0.772
1064 0.155 0.521
1065 0.542 0.552
1066 0.203 0.45
1067 0.967 0.531
1068 0.515 0
1069 0.749 0.055
1070 0.718 0.033
1071 0.919 0.421
1072 0.581 0.591
1073 0.363 0.048
1074 0.369 0.857
1075 0.676 0.703
1076 0.988 0.235
1077 0.966 0.522
1078 0.823 0.027
1079 0.976 0.156
1080 0.893 0.001
1081 0.981 0.158
1082 0.856 0.137
1083 0.273 0.124
1084 0.694 0.048
1085 0.598 0.591
1086 0.957 0.849
1087 0.909 0.072
1088 0.667 0.517
1089 0.96 0.006
1090 0.841 0.494
1091 0.922 0.103
1092 0.897 0.057
1093 0.798 0.181
1094 0.302 0.085
1095 0.967 0.9
1096 0.533 0.676
1097 0.941 0.015
1098 0.524 0.212
1099 0.726 0.009
1100 0.756 0.001
1101 0.785 0.197
1102 0.205 0.116
1103 0.345 0.08
1104 0.19 0.428
1105 0.362 0.713
1106 0.091 0.627
1107 0.922 0.618
1108 0.593 0.047
1109 0.298 0.035
1110 0.248 0.525
1111 0.824 0.213
1112 0.919 0.021
1113 0.344 0.896
1114 0.804 0.767
1115 0.977 0.677
1116 0.932 0.775
1117 0.785 0.136
1118 0.515 0.19
1119 0.283 0.102
1120 0.545 0.005
1121 0.901 0.86
1122 0.93 0.468
1123 0.715 0.066
1124 0.327 0.495
1125 0.774 0.098
1126 0.339 0.258
1127 0.911 0.035
1128 0.949 0.963
1129 0.951 0.108
1130 0.945 0.542
1131 0.607 0.121
1132 0.175 0.012
1133 0.083 0.154
1134 0.771 0.721
1135 0.938 0.377
1136 0.925 0.519
1137 0.93 0.045
1138 0.252 0.071
1139 0.012 0.789
1140 0.004 0.622
1141 0.667 0.59
1142 0.759 0.112
1143 0.396 0.425
1144 0.016 0.746
1145 0.049 0.804
1146 0.29 0.06
1147 0.448 0.489
1148 0.344 0.43
1149 0.898 0.536
1150 0.986 0.786
1151 0.315 0.401
1152 0.719 0.094
1153 0.56 0.865
1154 0.641 0.024
1155 0.784 0.013
1156 0.229 0.091
1157 0.885 0.607
1158 0.351 0.546
1159 0.628 0.366
1160 0.893 0.197
1161 0.786 0.004
1162 0.816 0.277
1163 0.518 0.169
1164 0.9 0.262
1165 0.806 0.064
1166 0.922 0.312
1167 0.672 0.125
1168 0.359 0.011
1169 0.803 0.276
1170 0.856 0.102
1171 0.563 0.014
1172 0.609 0.501
1173 0.617 0.328
1174 0.82 0.968
1175 0.741 0.221
1176 0.418 0.776
1177 0.633 0.434
1178 0.742 0.393
1179 0.972 0.15
1180 0.775 0.097
1181 0.668 0.062
1182 0.572 0.005
1183 0.963 0.451
1184 0.85 0.032
1185 0.122 0.45
1186 0.097 0
1187 0.004 0.179
1188 0.905 0.213
1189 0.239 0.047
1190 0.232 0.105
1191 0.124 0.818
1192 0.728 0.556
1193 0.896 0.367
1194 0.94 0.064
1195 0.493 0.364
1196 0.434 0.258
1197 0.912 0.195
1198 0.627 0.125
1199 0.912 0.249
1200 0.987 0.023
1201 0.802 0.303
1202 0.77 0.733
1203 0.755 0.651
1204 0.776 0.501
1205 0.177 0.036
1206 0.724 0.671
1207 0.77 0.039
1208 0.891 0.289
1209 0.859 0.749
1210 0.806 0.23
1211 0.85 0.959
1212 0.973 0.232
1213 0.853 0.006
1214 0.929 0.735
1215 0.522 0.283
1216 0.966 0.163
1217 0.472 0.063
1218 0.725 0.057
1219 0.894 0.275
1220 0.804 0.039
1221 0.862 0.349
1222 0.059 0.914
1223 0.638 0.495
1224 0.834 0.436
1225 0.653 0.088
1226 0.963 0.819
1227 0.75 0.052
1228 0.794 0.134
1229 0.731 0.015
1230 0.88 0.055
1231 0.943 0.623
1232 0.862 0.056
1233 0.883 0.498
1234 0.015 0.78
1235 0.467 0.11
1236 0.834 0.275
1237 0.04 0.863
1238 0.716 0.237
1239 0.928 0.518
1240 0.88 0.007
1241 0.894 0.306
1242 0.124 0.978
1243 0.575 0.063
1244 0.006 0.874
1245 0.667 0.081
1246 0.625 0.055
1247 0.609 0.1
1248 0.879 0.09
1249 0.793 0.72
1250 0.917 0.063
1251 0.719 0.656
1252 0.622 0.001
1253 0.221 0.892
1254 0.889 0.052
1255 0.95 0.689
1256 0.112 0.781
1257 0.919 0.301
1258 0.631 0.041
1259 0.801 0.212
1260 0.89 0.128
1261 0.33 0.001
1262 0.599 0.04
1263 0.165 0.134
1264 0.937 0.54
1265 0.389 0.02
1266 0.831 0.047
1267 0.516 0.373
1268 0.327 0.131
1269 0.96 0.312
1270 0.743 0.674
1271 0.572 0.058
1272 0.624 0.08
1273 0.34 0.477
1274 0.798 0.412
1275 0.502 0.321
1276 0.449 0.061
1277 0.593 0.03
1278 0.844 0.082
1279 0.658 0.849
1280 0.594 0.143
1281 0.842 0.015
1282 0.858 0.084
1283 0.653 0.181
1284 0.618 0.085
1285 0.949 0.151
1286 0.756 0.001
1287 0.683 0.028
1288 0.745 0.143
1289 0.408 0.072
1290 0.156 0.04
1291 0.904 0.097
1292 0.721 0.082
1293 0.364 0.114
1294 0.966 0.095
1295 0.344 0.943
1296 0.45 0.138
1297 0.967 0.734
1298 0.93 0.033
1299 0.359 0.816
1300 0.98 0.919
1301 0.707 0.286
1302 0.299 0.94
1303 0.802 0.901
1304 0.684 0.61
1305 0.555 0.078
1306 0.862 0.678
1307 0.913 0.076
1308 0.503 0.008
1309 0.982 0.9
1310 0.485 0.03
1311 0.887 0.792
1312 0.07 0.87
1313 0.624 0.105
1314 0.293 0.001
1315 0.889 0.41
1316 0.373 0.314
1317 0.961 0.121
1318 0.835 0.053
1319 0.924 0.718
1320 0.89 0.331
1321 0.785 0.038
1322 0.72 0.479
1323 0.731 0.107
1324 0.813 0.908
1325 0.782 0.951
1326 0.782 0.028
1327 0.856 0.107
1328 0.954 0.041
1329 0.582 0.392
1330 0.809 0.001
1331 0.334 0.013
1332 0.144 0.985
1333 0.351 0.361
1334 0.511 0.315
1335 0.12 0.772
1336 0.607 0
1337 0.273 0.931
1338 0.895 0.102
1339 0.569 0.712
1340 0.69 0.044
1341 0.697 0.069
1342 0.809 0.657
1343 0.949 0.82
1344 0.584 0.064
1345 0.348 0.025
1346 0.768 0.034
1347 0.975 0.556
1348 0.796 0.106
1349 0.492 0.134
1350 0.586 0.046
1351 0.776 0.072
1352 0.84 0.406
1353 0.409 0.028
1354 0.799 0.149
1355 0.965 0.229
1356 0.221 0.033
1357 0.305 0.626
1358 0.44 0.038
1359 0.92 0.018
1360 0.235 0.428
1361 0.503 0.011
1362 0.339 0.987
1363 0.614 0.588
1364 0.406 0.77
1365 0.937 0.393
1366 0.274 0.943
1367 0.953 0.787
1368 0.689 0.338
1369 0.47 0.183
1370 0.883 0.882
1371 0.744 0.042
1372 0.982 0.443
1373 0.84 0.137
1374 0.567 0.288
1375 0.957 0.898
1376 0.868 0.108
1377 0.714 0.431
1378 0.84 0.287
1379 0.817 0.049
1380 0.976 0.506
1381 0.566 0.329
1382 0.591 0.071
1383 0.634 0.63
1384 0.731 0.377
1385 0.937 0.368
1386 0.503 0.001
1387 0.591 0.071
1388 0.449 0.594
1389 0.715 0.251
1390 0.946 0.921
1391 0.96 0.348
1392 0.903 0.164
1393 0.808 0.191
1394 0.752 0.323
1395 0.816 0.044
1396 0.694 0.016
1397 0.9 0.46
1398 0.646 0.771
1399 0.567 0.098
1400 0.298 0.767
1401 0.953 0.375
1402 0.674 0.081
1403 0.669 0.076
1404 0.151 0.006
1405 0.163 0.951
1406 0.977 0.327
1407 0.122 0.914
1408 0.873 0.941
1409 0.89 0.401
1410 0.806 0.471
1411 0.59 0.006
1412 0.777 0.517
1413 0.653 0.545
1414 0.158 0.021
1415 0.905 0.003
1416 0.693 0.333
1417 0.798 0.302
1418 0.521 0.1
1419 0.446 0.635
1420 0.944 0.219
1421 0.691 0.253
1422 0.795 0.015
1423 0.698 0.576
1424 0.014 0.547
1425 0.689 0.061
1426 0.552 0.133
1427 0.614 0.055
1428 0.632 0.665
1429 0.957 0.005
1430 0.918 0.15
1431 0.84 0.824
1432 0.934 0.568
1433 0.811 0.153
1434 0.741 0.014
1435 0.786 0.355
1436 0.962 0.677
1437 0.911 0.321
1438 0.937 0.297
1439 0.585 0.006
1440 0.874 0.578
1441 0.082 0.639
1442 0.087 0.105
1443 0.354 0.122
1444 0.471 0.003
1445 0.924 0.153
1446 0.567 0
1447 0.946 0.509
1448 0.641 0.177
1449 0.103 0.041
1450 0.392 0.114
1451 0.547 0.203
1452 0.784 0.113
1453 0.672 0.032
1454 0.476 0.012
1455 0.65 0.019
1456 0.601 0.155
1457 0.877 0.894
1458 0.707 0.031
1459 0.651 0.279
1460 0.814 0.363
1461 0.712 0.888
1462 0.927 0.718
1463 0.227 0.492
1464 0.83 0.772
1465 0.975 0.571
1466 0.116 0.539
1467 0.547 0.005
1468 0.931 0.079
1469 0.359 0.176
1470 0.944 0.8
1471 0.829 0.291
1472 0.837 0.161
1473 0.02 0.818
1474 0.007 0.993
1475 0.009 0.782
1476 0.022 0.847
1477 0.157 0.188
1478 0.936 0.184
1479 0.926 0.02
1480 0.857 0.609
1481 0.949 0.603
1482 0.937 0.046
1483 0.895 0.079
1484 0.518 0.455
1485 0.918 0.765
1486 0.794 0.211
1487 0.871 0.275
1488 0.961 0.006
1489 0.748 0.623
1490 0.905 0.242
1491 0.818 0.154
1492 0.727 0.178
1493 0.927 0.103
1494 0.849 0.005
1495 0.916 0.012
1496 0.651 0.472
1497 0.447 0.307
1498 0.932 0.005
1499 0.607 0.002
1500 0.927 0.078
1501 0.655 0.107
1502 0.789 0.034
1503 0.22 0.083
1504 0.024 0.763
1505 0.789 0.628
1506 0.628 0.075
1507 0.473 0.005
1508 0.845 0.173
1509 0.708 0.589
1510 0.915 0.305
1511 0.93 0.863
1512 0.818 0.716
1513 0.672 0.548
1514 0.811 0.214
1515 0.832 0.532
1516 0.89 0.652
1517 0.809 0.007
1518 0.939 0.093
1519 0.844 0.586
1520 0.668 0
1521 0.148 0.009
1522 0.973 0.048
1523 0.351 0.77
1524 0.971 0.9
1525 0.487 0.645
1526 0.947 0.399
1527 0.608 0.04
1528 0.456 0.028
1529 0.804 0.08
1530 0.435 0.323
1531 0.434 0.042
1532 0.471 0.409
1533 0.781 0.936
1534 0.355 0.315
1535 0.773 0.27
1536 0.839 0.221
1537 0.902 0.067
1538 0.514 0.014
1539 0.891 0.329
1540 0.816 0.094
1541 0.696 0.049
1542 0.731 0.977
1543 0.721 0.071
1544 0.509 0.354
1545 0.831 0.184
1546 0.94 0.343
1547 0.654 0.947
1548 0.539 0.125
1549 0.369 0.073
1550 0.924 0.06
1551 0.415 0.118
1552 0.797 0.42
1553 0.264 0.007
1554 0.501 0.002
1555 0.415 0.169
1556 0.975 0.56
1557 0.078 0.506
1558 0.147 0.067
1559 0.645 0.006
1560 0.82 0.19
1561 0.564 0.053
1562 0.461 0.252
1563 0.601 0.01
1564 0.965 0.524
1565 0.76 0.016
1566 0.113 0.118
1567 0.706 0.02
1568 0.941 0.12
1569 0.135 0.461
1570 0.245 0.01
1571 0.974 0.73
1572 0.75 0.199
1573 0.862 0.722
1574 0.389 0.024
1575 0.142 0.401
1576 0.449 0.209
1577 0.74 0.037
1578 0.557 0.614
1579 0.217 0.258
1580 0.162 0.157
1581 0.948 0.558
1582 0.46 0.007
1583 0.263 0.01
1584 0.659 0.154
1585 0.393 0.489
1586 0.753 0.003
1587 0.826 0.449
1588 0.419 0.156
1589 0.081 0.878
1590 0.813 0.097
1591 0.07 0.231
1592 0.812 0.002
1593 0.812 0.506
1594 0.926 0.493
1595 0.881 0.01
1596 0.315 0.181
1597 0.859 0.395
1598 0.19 0.493
1599 0.837 0.375
1600 0.921 0.667
1601 0.917 0.674
1602 0.389 0.071
1603 0.472 0.221
1604 0.913 0.29
1605 0.672 0.966
1606 0.669 0.598
1607 0.827 0.072
1608 0.58 0.024
1609 0.507 0.86
1610 0.982 0.478
1611 0.476 0.097
1612 0.721 0.783
1613 0.697 0.028
1614 0.926 0.29
1615 0.819 0.026
1616 0.972 0.438
1617 0.816 0.02
1618 0.806 0.049
1619 0.767 0.045
1620 0.966 0
1621 0.833 0.102
1622 0.903 0.879
1623 0.634 0.163
1624 0.863 0.218
1625 0.566 0.312
1626 0.198 0.066
1627 0.824 0.058
1628 0.769 0.139
1629 0.517 0.417
1630 0.342 0.007
1631 0.762 0.356
1632 0.645 0.119
1633 0.982 0.808
1634 0.766 0.382
1635 0.893 0.541
1636 0.965 0.04
1637 0.056 0.859
1638 0.672 0.546
1639 0.173 0.027
1640 0.063 0.807
1641 0.654 0.148
1642 0.09 0.791
1643 0.792 0.187
1644 0.907 0.047
1645 0.877 0.358
1646 0.801 0.797
1647 0.705 0.089
1648 0.431 0.325
1649 0.214 0.049
1650 0.734 0.349
1651 0.4 0.007
1652 0.942 0.177
1653 0.881 0.147
1654 0.104 0.847
1655 0.386 0.642
1656 0.39 0.171
1657 0.764 0.158
1658 0.89 0.197
1659 0.703 0.167
1660 0.821 0
1661 0.4 0.001
1662 0.647 0.053
1663 0.006 0.508
1664 0.463 0.637
1665 0.785 0.386
1666 0.461 0.108
1667 0.705 0.439
1668 0.974 0.567
1669 0.702 0.891
1670 0.784 0.006
1671 0.724 0.046
1672 0.894 0.292
1673 0.349 0.078
1674 0.864 0.059
1675 0.332 0.137
1676 0.135 0.166
1677 0.804 0.045
1678 0.384 0.436
1679 0.636 0.055
1680 0.979 0.258
1681 0.304 0.133
1682 0.707 0.846
1683 0.704 0.067
1684 0.826 0.673
1685 0.839 0.338
1686 0.859 0.138
1687 0.966 0.43
1688 0.841 0.411
1689 0.852 0.391
1690 0.028 0.971
1691 0.551 0.399
1692 0.917 0.059
1693 0.532 0.169
1694 0.603 0.165
1695 0.833 0.646
1696 0.908 0.056
1697 0.919 0.083
1698 0.808 0.016
1699 0.855 0.746
1700 0.781 0.015
1701 0.659 0.079
1702 0.979 0.143
1703 0.886 0.089
1704 0.865 0.087
1705 0.79 0.175
1706 0.96 0.964
1707 0.601 0.066
1708 0.603 0.108
1709 0.839 0.049
1710 0.656 0.044
1711 0.852 0.896
1712 0.209 0.01
1713 0.685 0.047
1714 0.957 0.119
1715 0.833 0.255
1716 0.864 0.038
1717 0.401 0.115
1718 0.928 0.017
1719 0.592 0.676
1720 0.836 0.232
1721 0.942 0.054
1722 0.688 0.466
1723 0.428 0.082
1724 0.433 0.119
1725 0.549 0.553
1726 0.912 0.062
1727 0.307 0.209
1728 0.878 0.207
1729 0.867 0.918
1730 0.71 0.007
1731 0.659 0.913
1732 0.328 0.024
1733 0.91 0.221
1734 0.835 0.142
1735 0.839 0.384
1736 0.151 0.012
1737 0.962 0.142
1738 0.789 0.313
1739 0.898 0.248
1740 0.062 0.655
1741 0.643 0.437
1742 0.698 0.076
1743 0.923 0.077
1744 0.217 0.076
1745 0.1 0.634
1746 0.599 0.18
1747 0.949 0.281
1748 0.726 0.628
1749 0.855 0.05
1750 0.663 0.006
1751 0.594 0.258
1752 0.579 0.288
1753 0.749 0.121
1754 0.504 0.136
1755 0.751 0.366
1756 0.205 0.659
1757 0.446 0.732
1758 0.743 0.087
1759 0.946 0.542
1760 0.683 0.015
1761 0.936 0.45
1762 0.66 0.321
1763 0.872 0.022
1764 0.887 0.46
1765 0.723 0.174
1766 0.643 0.907
1767 0.549 0.029
1768 0.947 0.65
1769 0.78 0.057
1770 0.469 0.125
1771 0.197 0.043
1772 0.292 0.001
1773 0.263 0.086
1774 0.94 0.434
1775 0.965 0.513
1776 0.435 0.143
1777 0.607 0.151
1778 0.626 0.29
1779 0.945 0.662
1780 0.045 0.031
1781 0.171 0.617
1782 0.959 0.072
1783 0.27 0.099
1784 0.688 0.38
1785 0.612 0.174
1786 0.464 0.047
1787 0.649 0.801
1788 0.968 0.833
1789 0.241 0.117
1790 0.59 0.008
1791 0.645 0.023
1792 0.722 0.121
1793 0.771 0.083
1794 0.444 0.034
1795 0.559 0.001
1796 0.929 0.012
1797 0.235 0.293
1798 0.841 0.074
1799 0.523 0.07
1800 0.203 0.665
1801 0.845 0.02
1802 0.414 0.042
1803 0.868 0.412
1804 0.408 0.364
1805 0.049 0.021
1806 0.749 0.162
1807 0.411 0.046
1808 0.879 0.004
1809 0.933 0.1
1810 0.904 0.347
1811 0.715 0.58
1812 0.355 0.968
1813 0.767 0.148
1814 0.343 0.038
1815 0.442 0.249
1816 0.971 0.039
1817 0.044 0.768
1818 0.963 0.149
1819 0.684 0.007
1820 0.9 0.458
1821 0.661 0.047
1822 0.435 0.026
1823 0.797 0.025
1824 0.279 0.274
1825 0.755 0.235
1826 0.049 0.82
1827 0.668 0.045
1828 0.972 0.221
1829 0.073 0.41
1830 0.779 0.009
1831 0.849 0.045
1832 0.63 0.416
1833 0.97 0.464
1834 0.191 0.824
1835 0.635 0.002
1836 0.864 0.164
1837 0.808 0.682
1838 0.877 0.74
1839 0.255 0.3
1840 0.632 0.291
1841 0.869 0.033
1842 0.88 0.766
1843 0.786 0.298
1844 0.621 0.735
1845 0.758 0.034
1846 0.938 0.103
1847 0.593 0.314
1848 0.936 0.562
1849 0.849 0.201
1850 0.715 0.582
1851 0.582 0.006
1852 0.627 0.341
1853 0.481 0.017
1854 0.404 0.389
1855 0.694 0.02
1856 0.919 0.175
1857 0.676 0.381
1858 0.719 0.579
1859 0.936 0.632
1860 0.506 0.141
1861 0.6 0.19
1862 0.254 0.939
1863 0.654 0.001
1864 0.609 0.408
1865 0.204 0.735
1866 0.972 0.05
1867 0.728 0.132
1868 0.272 0.1
1869 0.945 0.004
1870 0.791 0.232
1871 0.22 0.219
1872 0.858 0.484
1873 0.795 0.116
1874 0.491 0.551
1875 0.795 0.312
1876 0.441 0.036
1877 0.969 0.351
1878 0.373 0.032
1879 0.935 0.08
1880 0.816 0.002
1881 0.963 0.82
1882 0.948 0.005
1883 0.753 0.816
1884 0.813 0.17
1885 0.915 0.374
1886 0.814 0.028
1887 0.799 0.03
1888 0.875 0.002
1889 0.674 0.123
1890 0.861 0.032
1891 0.271 0.863
1892 0.927 0.006
1893 0.343 0.946
1894 0.097 0.973
1895 0.653 0.487
1896 0.275 0.081
1897 0.89 0.744
1898 0.284 0.825
1899 0.344 0.008
1900 0.128 0.285
1901 0.826 0.093
1902 0.738 0.299
1903 0.827 0.408
1904 0.891 0.054
1905 0.861 0.94
1906 0.591 0.394
1907 0.216 0.903
1908 0.245 0.063
1909 0.536 0.046
1910 0.851 0.17
1911 0.527 0.036
1912 0.173 0.02
1913 0.944 0.923
1914 0.299 0.056
1915 0.312 0.449
1916 0.932 0.196
1917 0.918 0.499
1918 0.718 0.845
1919 0.549 0.201
1920 0.294 0.503
1921 0.192 0.251
1922 0.655 0.055
1923 0.356 0.02
1924 0.893 0.317
1925 0.245 0.19
1926 0.019 0.842
1927 0.586 0.01
1928 0.227 0.043
1929 0.85 0.079
1930 0.741 0.03
1931 0.855 0.495
1932 0.847 0.197
1933 0.727 0.2
1934 0.623 0.178
1935 0.963 0.062
1936 0.297 0.16
1937 0.342 0.649
1938 0.922 0.17
1939 0.481 0.014
1940 0.732 0.012
1941 0.555 0.106
1942 0.936 0.6
1943 0.475 0.121
1944 0.924 0.699
1945 0.859 0.961
1946 0.558 0.177
1947 0.557 0.122
1948 0.92 0.022
1949 0.851 0.649
1950 0.422 0.073
1951 0.424 0.005
1952 0.884 0.002
1953 0.859 0.806
1954 0.916 0.322
1955 0.864 0.131
1956 0.85 0.036
1957 0.415 0.172
1958 0.881 0.132
1959 0.046 0.039
1960 0.928 0.104
1961 0.299 0.037
1962 0.745 0.143
1963 0.739 0.205
1964 0.858 0.489
1965 0.547 0.01
1966 0.803 0.07
1967 0.9 0.334
1968 0.302 0.197
1969 0.872 0.231
1970 0.351 0.011
1971 0.908 0.481
1972 0.821 0.504
1973 0.917 0.06
1974 0.81 0.127
1975 0.897 0.006
1976 0.698 0.725
1977 0.278 0.163
1978 0.932 0.011
1979 0.336 0.101
1980 0.658 0.588
1981 0.55 0.005
1982 0.448 0.049
1983 0.57 0.067
1984 0.849 0.137
1985 0.669 0.235
1986 0.935 0.04
1987 0.751 0.014
1988 0.878 0.538
1989 0.898 0.01
1990 0.421 0.009
1991 0.93 0.623
1992 0.125 0.234
1993 0.643 0.093
1994 0.587 0.647
1995 0.481 0.739
1996 0.203 0.987
1997 0.563 0.393
1998 0.226 0.416
1999 0.943 0.04
2000 0.905 0.07
2001 0.168 0.041
2002 0.453 0.377
2003 0.934 0.035
2004 0.779 0.058
2005 0.283 0.006
2006 0.688 0.208
2007 0.783 0.102
2008 0.208 0.75
2009 0.475 0.013
2010 0.832 0.022
2011 0.725 0.133
2012 0.591 0.334
2013 0.48 0.143
2014 0.515 0.123
2015 0.873 0.254
2016 0.968 0.008
2017 0.795 0.021
2018 0.386 0.038
2019 0.547 0
2020 0.202 0.096
2021 0.825 0.912
2022 0.715 0.184
2023 0.443 0.002
2024 0.513 0.321
2025 0.694 0.031
2026 0.277 0.037
2027 0.649 0.148
2028 0.46 0.169
2029 0.704 0.025
2030 0.311 0.024
2031 0.96 0.461
2032 0.455 0.033
2033 0.689 0.272
2034 0.671 0.569
2035 0.649 0.736
2036 0.786 0.06
2037 0.801 0.002
2038 0.358 0.044
2039 0.799 0.439
2040 0.727 0.212
2041 0.574 0.053
2042 0.628 0.078
2043 0.858 0.506
2044 0.495 0.073
2045 0.64 0.066
2046 0.812 0.001
2047 0.836 0.7
2048 0.769 0.024
2049 0.948 0.72
2050 0.963 0.149
2051 0.599 0.006
2052 0.525 0.03
2053 0.494 0.217
2054 0.49 0.012
2055 0.095 0.026
2056 0.108 0.562
2057 0.883 0.332
2058 0.976 0.146
2059 0.949 0.324
2060 0.476 0.191
2061 0.962 0.595
2062 0.457 0.306
2063 0.892 0.324
2064 0.662 0.278
2065 0.494 0.166
2066 0.791 0.024
2067 0.658 0.694
2068 0.518 0.002
2069 0.507 0.002
2070 0.822 0.087
2071 0.173 0.012
2072 0.953 0.565
2073 0.164 0.152
2074 0.626 0.008
2075 0.757 0.16
2076 0.836 0.653
2077 0.41 0
2078 0.914 0.711
2079 0.909 0.124
2080 0.598 0.646
2081 0.528 0.168
2082 0.55 0.1
2083 0.938 0.178
2084 0.255 0.092
2085 0.877 0.269
2086 0.757 0.726
2087 0.376 0.061
2088 0.607 0.03
2089 0.866 0.828
2090 0.866 0.506
2091 0.974 0.575
2092 0.951 0.11
2093 0.835 0.582
2094 0.965 0.674
2095 0.606 0.111
2096 0.554 0.014
2097 0.11 0.043
2098 0.875 0.019
2099 0.949 0.264
2100 0.236 0.092
2101 0.133 0.908
2102 0.863 0.051
2103 0.833 0.02
2104 0.823 0.71
2105 0.905 0.038
2106 0.659 0.011
2107 0.57 0.007
2108 0.86 0.153
2109 0.671 0.457
2110 0.652 0.218
2111 0.662 0.803
2112 0.437 0.053
2113 0.836 0.113
2114 0.557 0.008
2115 0.934 0.814
2116 0.056 0.501
2117 0.626 0.944
2118 0.766 0.02
2119 0.76 0.247
2120 0.453 0.049
2121 0.96 0.107
2122 0.776 0.011
2123 0.943 0.435
2124 0.865 0.585
2125 0.972 0.308
2126 0.87 0.469
2127 0.476 0.01
2128 0.895 0.016
2129 0.582 0.006
2130 0.514 0.016
2131 0.855 0.251
2132 0.974 0.441
2133 0.974 0.784
2134 0.9 0.68
2135 0.775 0.273
2136 0.849 0.926
2137 0.198 0.819
2138 0.316 0.882
2139 0.937 0.108
2140 0.255 0.019
2141 0.821 0.213
2142 0.017 0.509
2143 0.8 0.218
2144 0.008 0.879
2145 0.395 0.089
2146 0.744 0.453
2147 0.955 0.944
2148 0.082 0.68
2149 0.958 0.79
2150 0.596 0.026
2151 0.777 0.851
2152 0.047 0.941
2153 0.858 0.507
2154 0.66 0.02
2155 0.924 0.218
2156 0.742 0.048
2157 0.852 0.482
2158 0.889 0.139
2159 0.324 0.005
2160 0.936 0.686
2161 0.817 0.33
2162 0.714 0
2163 0.826 0.149
2164 0.589 0.031
2165 0.655 0.049
2166 0.526 0.268
2167 0.713 0.084
2168 0.682 0.146
2169 0.342 0.006
2170 0.798 0.064
2171 0.398 0.44
2172 0.262 0.422
2173 0.909 0.017
2174 0.029 0.005
2175 0.44 0.177
2176 0.893 0.124
2177 0.899 0.024
2178 0.875 0.161
2179 0.471 0.109
2180 0.552 0.001
2181 0.153 0.604
2182 0.756 0.364
2183 0.252 0.23
2184 0.237 0.028
2185 0.946 0.217
2186 0.668 0.071
2187 0.849 0.068
2188 0.825 0.382
2189 0.807 0.005
2190 0.157 0
2191 0.223 0.06
2192 0.866 0.128
2193 0.22 0.122
2194 0.75 0.587
2195 0.613 0.35
2196 0.737 0.243
2197 0.228 0.308
2198 0.181 0.036
2199 0.859 0.125
2200 0.341 0.218
2201 0.235 0.008
2202 0.919 0.538
2203 0.188 0.517
2204 0.853 0.01
2205 0.391 0.061
2206 0.889 0.015
2207 0.676 0.053
2208 0.536 0.087
2209 0.917 0.004
2210 0.687 0.363
2211 0.793 0.887
2212 0.974 0.357
2213 0.772 0.155
2214 0.06 0.832
2215 0.694 0.374
2216 0.04 0.26
2217 0.916 0.213
2218 0.855 0.062
2219 0.215 0.039
2220 0.315 0
2221 0.639 0.034
2222 0.642 0.555
2223 0.023 0.709
2224 0.837 0.229
2225 0.66 0.652
2226 0.453 0.076
2227 0.754 0.428
2228 0.699 0.181
2229 0.338 0.981
2230 0.838 0.049
2231 0.666 0.122
2232 0.408 0.033
2233 0.928 0.185
2234 0.867 0.433
2235 0.666 0.216
2236 0.86 0.006
2237 0.824 0.277
2238 0.944 0.364
2239 0.917 0.13
2240 0.348 0.135
2241 0.485 0.065
2242 0.546 0.711
2243 0.201 0.019
2244 0.566 0.02
2245 0.566 0.002
2246 0.217 0.132
2247 0.969 0.686
2248 0.384 0.089
2249 0.089 0.906
2250 0.628 0.01
2251 0.211 0.021
2252 0.717 0.221
2253 0.867 0.68
2254 0.841 0.003
2255 0.618 0.062
2256 0.555 0.14
2257 0.649 0.169
2258 0.514 0.257
2259 0.475 0.144
2260 0.279 0.372
2261 0.906 0.135
2262 0.687 0.048
2263 0.856 0.45
2264 0.891 0.9
2265 0.879 0.392
2266 0.52 0.007
2267 0.69 0.04
2268 0.147 0.895
2269 0.725 0.64
2270 0.683 0.076
2271 0.603 0.75
2272 0.492 0.744
2273 0.764 0.402
2274 0.97 0.253
2275 0.891 0.098
2276 0.693 0.232
2277 0.503 0.291
2278 0.754 0.08
2279 0.547 0.113
2280 0.933 0.158
2281 0.964 0.016
2282 0.033 0.627
2283 0.97 0.718
2284 0.891 0.034
2285 0.622 0.556
2286 0.71 0.039
2287 0.841 0.369
2288 0.472 0.034
2289 0.915 0.166
2290 0.963 0.428
2291 0.367 0.946
2292 0.881 0.391
2293 0.848 0.318
2294 0.776 0.285
2295 0.639 0.211
2296 0.378 0.024
2297 0.176 0.024
2298 0.755 0.066
2299 0.89 0.11
2300 0.516 0.241
2301 0.81 0.101
2302 0.973 0.021
2303 0.912 0.611
2304 0.853 0.609
2305 0.737 0.092
2306 0.969 0.252
2307 0.974 0.542
2308 0.051 0.055
2309 0.834 0.015
2310 0.75 0.218
2311 0.638 0.385
2312 0.223 0.048
2313 0.763 0.227
2314 0.966 0.641
2315 0.876 0.41
2316 0.66 0.237
2317 0.934 0.135
2318 0.593 0.458
2319 0.599 0.001
2320 0.655 0.006
2321 0.723 0.243
2322 0.802 0.003
2323 0.931 0.394
2324 0.949 0.017
2325 0.87 0.258
2326 0.47 0.545
2327 0.899 0.78
2328 0.701 0.15
2329 0.772 0.356
2330 0.859 0.075
2331 0.918 0.242
2332 0.71 0.092
2333 0.892 0.521
2334 0.803 0.107
2335 0.82 0.02
2336 0.039 0.765
2337 0.821 0.783
2338 0.804 0.495
2339 0.87 0.427
2340 0.69 0.987
2341 0.209 0.673
2342 0.724 0.158
2343 0.689 0.015
2344 0.445 0.049
2345 0.063 0.542
2346 0.92 0.304
2347 0.653 0.068
2348 0.691 0.062
2349 0.394 0.059
2350 0.67 0.019
2351 0.759 0.053
2352 0.753 0.326
2353 0.776 0.166
2354 0.884 0.033
2355 0.621 0.503
2356 0.398 0.502
2357 0.801 0.022
2358 0.889 0.283
2359 0.338 0.058
2360 0.536 0.015
2361 0.618 0.011
2362 0.569 0.465
2363 0.672 0.685
2364 0.661 0.008
2365 0.575 0.071
2366 0.387 0.383
2367 0.809 0.059
2368 0.535 0.089
2369 0.419 0.014
2370 0.835 0.309
2371 0.024 0.533
2372 0.274 0.319
2373 0.896 0.109
2374 0.755 0.476
2375 0.484 0.012
2376 0.719 0.127
2377 0.091 0.726
2378 0.758 0.173
2379 0.943 0.49
2380 0.633 0.903
2381 0.745 0.122
2382 0.816 0.34
2383 0.373 0.787
2384 0.454 0.077
2385 0.722 0.224
2386 0.823 0.869
2387 0.974 0.277
2388 0.851 0.302
2389 0.629 0.029
2390 0.45 0.004
2391 0.97 0.854
2392 0.723 0.12
2393 0.852 0.508
2394 0.904 0.869
2395 0.962 0.147
2396 0.677 0.411
2397 0.428 0.281
2398 0.635 0.036
2399 0.61 0.559
2400 0.243 0.248
2401 0.959 0.475
2402 0.353 0.107
2403 0.565 0.034
2404 0.672 0.527
2405 0.926 0.021
2406 0.879 0.456
2407 0.881 0.531
2408 0.921 0.042
2409 0.69 0.035
2410 0.126 0.035
2411 0.336 0.036
2412 0.34 0.025
2413 0.718 0.403
2414 0.9 0.402
2415 0.964 0
2416 0.915 0.009
2417 0.78 0.054
2418 0.876 0.556
2419 0.825 0.258
2420 0.199 0.007
2421 0.134 0.947
2422 0.718 0.004
2423 0.577 0.136
2424 0.759 0.287
2425 0.702 0.179
2426 0.914 0.09
2427 0.829 0.039
2428 0.972 0.032
2429 0.81 0.813
2430 0.901 0.233
2431 0.264 0.001
2432 0.932 0.051
2433 0.412 0.027
2434 0.356 0.172
2435 0.963 0.01
2436 0.78 0.768
2437 0.652 0.071
2438 0.093 0.985
2439 0.601 0.099
2440 0.954 0.225
2441 0.668 0.011
2442 0.919 0.531
2443 0.965 0.472
2444 0.662 0.935
2445 0.401 0.001
2446 0.71 0.144
2447 0.967 0.375
2448 0.826 0.209
2449 0.317 0.01
2450 0.639 0.151
2451 0.516 0.601
2452 0.785 0.193
2453 0.795 0.642
2454 0.753 0.118
2455 0.118 0.006
2456 0.532 0.282
2457 0.948 0.458
2458 0.649 0.013
2459 0.336 0.03
2460 0.824 0.313
2461 0.744 0.087
2462 0.984 0.626
2463 0.686 0.01
2464 0.707 0.011
2465 0.455 0.122
2466 0.581 0.078
2467 0.643 0.262
2468 0.821 0.124
2469 0.923 0.025
2470 0.878 0.072
2471 0.842 0.228
2472 0.97 0.577
2473 0.848 0.486
2474 0.653 0.206
2475 0.922 0.715
2476 0.767 0.123
2477 0.407 0.406
2478 0.857 0.401
2479 0.155 0.24
2480 0.94 0.41
2481 0.822 0.812
2482 0.907 0.914
2483 0.764 0.125
2484 0.84 0.382
2485 0.863 0.578
2486 0.091 0.709
2487 0.874 0.239
2488 0.844 0.493
2489 0.694 0.323
2490 0.61 0.971
2491 0.708 0.009
2492 0.365 0.127
2493 0.629 0.058
2494 0.539 0.289
2495 0.849 0.123
2496 0.782 0.18
2497 0.981 0.844
2498 0.856 0.542
2499 0.917 0.489
2500 0.947 0.598
2501 0.784 0.136
2502 0.915 0.532
2503 0.689 0.068
2504 0.882 0.352
2505 0.625 0.014
2506 0.171 0.622
2507 0.958 0.153
2508 0.604 0.056
2509 0.913 0.057
2510 0.091 0.113
2511 0.973 0.351
2512 0.878 0.463
2513 0.154 0.045
2514 0.692 0.094
2515 0.612 0.081
2516 0.082 0
2517 0.668 0.352
2518 0.914 0.091
2519 0.91 0.276
2520 0.098 0.285
2521 0.771 0.644
2522 0.607 0.809
2523 0.331 0.074
2524 0.509 0.147
2525 0.757 0.375
2526 0.87 0.745
2527 0.781 0.22
2528 0.517 0.422
2529 0.713 0.103
2530 0.765 0.018
2531 0.977 0.03
2532 0.579 0.178
2533 0.905 0.017
2534 0.832 0.303
2535 0.431 0.133
2536 0.945 0.028
2537 0.599 0.005
2538 0.452 0.198
2539 0.437 0.035
2540 0.258 0.069
2541 0.464 0.073
2542 0.718 0.002
2543 0.587 0.24
2544 0.567 0.037
2545 0.887 0.048
2546 0.953 0.032
2547 0.947 0.284
2548 0.867 0.353
2549 0.736 0.07
2550 0.795 0.587
2551 0.739 0.413
2552 0.85 0.65
2553 0.67 0.45
2554 0.797 0.356
2555 0.945 0.687
2556 0.88 0.208
2557 0.389 0.099
2558 0.429 0.327
2559 0.643 0.347
2560 0.392 0.778
2561 0.445 0.348
2562 0.809 0.061
2563 0.576 0.479
2564 0.902 0.045
2565 0.671 0.575
2566 0.239 0.834
2567 0.917 0.318
2568 0.743 0
2569 0.892 0.405
2570 0.69 0.024
2571 0.943 0.982
2572 0.728 0.033
2573 0.707 0.053
2574 0.918 0.464
2575 0.799 0.13
2576 0.956 0.699
2577 0.425 0.326
2578 0.58 0.098
2579 0.752 0.178
2580 0.455 0.586
2581 0.753 0.6
2582 0.813 0.406
2583 0.756 0.223
2584 0.904 0.155
2585 0.16 0.296
2586 0.932 0.715
2587 0.513 0.071
2588 0.788 0.657
2589 0.509 0.057
2590 0.133 0.617
2591 0.956 0.552
2592 0.254 0.027
2593 0.153 0.043
2594 0.937 0.105
2595 0.882 0.023
2596 0.914 0.569
2597 0.833 0.029
2598 0.817 0.205
2599 0.835 0.644
2600 0.397 0.69
2601 0.55 0.004
2602 0.837 0.087
2603 0.739 0.138
2604 0.96 0.973
2605 0.553 0.022
2606 0.133 0.002
2607 0.93 0.915
2608 0.806 0.708
2609 0.669 0.362
2610 0.524 0.083
2611 0.621 0.192
2612 0.42 0.551
2613 0.935 0.057
2614 0.435 0.145
2615 0.952 0.366
2616 0.756 0.036
2617 0.247 0.377
2618 0.935 0.139
2619 0.86 0.145
2620 0.138 0.7
2621 0.857 0.048
2622 0.929 0.049
2623 0.386 0.18
2624 0.7 0.488
2625 0.897 0.121
2626 0.76 0.357
2627 0.077 0.128
2628 0.85 0.117
2629 0.904 0.637
2630 0.961 0.614
2631 0.58 0.041
2632 0.965 0.031
2633 0.79 0.243
2634 0.751 0.019
2635 0.907 0.703
2636 0.847 0.721
2637 0.752 0.045
2638 0.95 0.57
2639 0.662 0.288
2640 0.577 0.086
2641 0.883 0.114
2642 0.117 0.086
2643 0.895 0.273
2644 0.857 0.117
2645 0.604 0.284
2646 0.589 0.135
2647 0.541 0.044
2648 0.902 0.494
2649 0.489 0.025
2650 0.572 0.052
2651 0.507 0.002
2652 0.276 0.202
2653 0.79 0.433
2654 0.798 0.078
2655 0.549 0.054
2656 0.429 0.368
2657 0.188 0.985
2658 0.946 0.165
2659 0.241 0.396
2660 0.922 0.399
2661 0.136 0.014
2662 0.64 0.348
2663 0.594 0.971
2664 0.811 0.609
2665 0.789 0.082
2666 0.642 0.034
2667 0.961 0.014
2668 0.875 0.236
2669 0.255 0.011
2670 0.014 0.443
2671 0.644 0.81
2672 0.549 0.099
2673 0.487 0.008
2674 0.556 0.085
2675 0.423 0.044
2676 0.888 0.19
2677 0.9 0.42
2678 0.545 0.211
2679 0.872 0.099
2680 0.855 0.024
2681 0.803 0.116
2682 0.297 0.001
2683 0.712 0.07
2684 0.746 0.317
2685 0.791 0.141
2686 0.403 0.492
2687 0.722 0.073
2688 0.551 0.178
2689 0.852 0.277
2690 0.928 0.227
2691 0.866 0.006
2692 0.913 0.018
2693 0.811 0.052
2694 0.798 0.022
2695 0.743 0.048
2696 0.84 0.719
2697 0.024 0.855
2698 0.806 0.41
2699 0.204 0.057
2700 0.971 0.29
2701 0.868 0.855
2702 0.989 0.853
2703 0.589 0.355
2704 0.943 0.291
2705 0.938 0.497
2706 0.503 0.012
2707 0.869 0.007
2708 0.294 0.097
2709 0.931 0.56
2710 0.359 0.049
2711 0.794 0.489
2712 0.87 0.116
2713 0.361 0.04
2714 0.871 0.14
2715 0.239 0.366
2716 0.628 0.006
2717 0.823 0.562
2718 0.612 0.12
2719 0.91 0.051
2720 0.646 0.433
2721 0.55 0.04
2722 0.895 0.339
2723 0.412 0.014
2724 0.537 0.159
2725 0.743 0.021
2726 0.77 0.445
2727 0.638 0.138
2728 0.316 0.139
2729 0.9 0.229
2730 0.702 0.896
2731 0.825 0.084
2732 0.825 0.098
2733 0.635 0.17
2734 0.421 0.013
2735 0.314 0.717
2736 0.65 0.019
2737 0.91 0.462
2738 0.586 0.002
2739 0.67 0.135
2740 0.71 0.053
2741 0.056 0.005
2742 0.952 0.649
2743 0.915 0.551
2744 0.84 0.03
2745 0.074 0.678
2746 0.832 0.037
2747 0.66 0.068
2748 0.883 0.221
2749 0.824 0.032
2750 0.667 0.003
2751 0.873 0.296
2752 0.945 0.058
2753 0.389 0.963
2754 0.709 0.309
2755 0.924 0.212
2756 0.873 0.96
2757 0.078 0.032
2758 0.289 0.025
2759 0.931 0.092
2760 0.929 0.146
2761 0.901 0.132
2762 0.775 0.512
2763 0.939 0.027
2764 0.409 0.173
2765 0.557 0.021
2766 0.328 0.068
2767 0.588 0.54
2768 0.975 0.249
2769 0.891 0.066
2770 0.965 0.908
2771 0.977 0.612
2772 0.546 0.002
2773 0.499 0.577
2774 0.568 0.061
2775 0.833 0.15
2776 0.037 0.538
2777 0.894 0.786
2778 0.453 0.054
2779 0.688 0.808
2780 0.537 0.321
2781 0.647 0.008
2782 0.928 0.934
2783 0.25 0.135
2784 0.571 0.004
2785 0.844 0.725
2786 0.623 0.014
2787 0.967 0.012
2788 0.559 0.465
2789 0.909 0.175
2790 0.773 0.03
2791 0.784 0.045
2792 0.577 0.014
2793 0.569 0.364
2794 0.872 0.119
2795 0.857 0.073
2796 0.816 0.395
2797 0.975 0.004
2798 0.196 0.274
2799 0.862 0.143
2800 0.562 0.833
2801 0.592 0.052
2802 0.928 0.178
2803 0.586 0.099
2804 0.039 0.775
2805 0.503 0.658
2806 0.683 0.012
2807 0.865 0.177
2808 0.694 0.135
2809 0.603 0.018
2810 0.753 0.302
2811 0.789 0.203
2812 0.538 0.261
2813 0.139 0.61
2814 0.569 0.907
2815 0.032 0.611
2816 0.386 0.495
2817 0.64 0.091
2818 0.604 0.25
2819 0.51 0.14
2820 0.735 0.626
2821 0.964 0.882
2822 0.777 0.051
2823 0.611 0.438
2824 0.498 0.832
2825 0.917 0.544
2826 0.839 0.008
2827 0.905 0.211
2828 0.712 0.009
2829 0.287 0.224
2830 0.524 0.043
2831 0.144 0.648
2832 0.748 0.019
2833 0.909 0.631
2834 0.431 0.008
2835 0.257 0.981
2836 0.032 0.901
2837 0.91 0.042
2838 0.459 0.003
2839 0.88 0.891
2840 0.741 0.02
2841 0.383 0.062
2842 0.698 0.116
2843 0.622 0.072
2844 0.941 0.195
2845 0.498 0.047
2846 0.684 0.266
2847 0.55 0.032
2848 0.044 0.832
2849 0.837 0.298
2850 0.66 0.015
2851 0.943 0.085
2852 0.964 0.149
2853 0.583 0.458
2854 0.595 0.094
2855 0.681 0.091
2856 0.654 0.048
2857 0.596 0.668
2858 0.604 0.057
2859 0.796 0.153
2860 0.196 0.005
2861 0.596 0.794
2862 0.952 0.468
2863 0.605 0.138
2864 0.282 0.018
2865 0.205 0.087
2866 0.946 0.19
2867 0.879 0.002
2868 0.145 0.205
2869 0.323 0.002
2870 0.886 0.761
2871 0.477 0.023
2872 0.78 0.284
2873 0.841 0.226
2874 0.975 0.196
2875 0.7 0.071
2876 0.567 0.015
2877 0.116 0.572
2878 0.838 0.317
2879 0.493 0.551
2880 0.887 0.902
2881 0.369 0.052
2882 0.951 0.705
2883 0.843 0.335
2884 0.933 0.397
2885 0.875 0.366
2886 0.886 0.726
2887 0.8 0.338
2888 0.697 0.014
2889 0.908 0.275
2890 0.222 0.312
2891 0.425 0.637
2892 0.053 0.792
2893 0.745 0.115
2894 0.314 0.015
2895 0.518 0.222
2896 0.152 0.412
2897 0.736 0.062
2898 0.777 0.817
2899 0.611 0.285
2900 0.838 0.287
2901 0.044 0.866
2902 0.652 0.373
2903 0.656 0.002
2904 0.983 0.712
2905 0.882 0.018
2906 0.926 0.021
2907 0.1 0.87
2908 0.85 0.147
2909 0.646 0.15
2910 0.65 0.006
2911 0.491 0.012
2912 0.779 0.287
2913 0.625 0.883
2914 0.585 0.047
2915 0.903 0.032
2916 0.322 0.098
2917 0.569 0.589
2918 0.855 0.462
2919 0.285 0.119
2920 0.953 0.727
2921 0.851 0.052
2922 0.764 0.595
2923 0.941 0.074
2924 0.639 0.226
2925 0.079 0.423
2926 0.485 0.019
2927 0.81 0.436
2928 0.6 0
2929 0.835 0.272
2930 0.945 0.105
2931 0.874 0.708
2932 0.777 0.253
2933 0.878 0.014
2934 0.763 0.341
2935 0.722 0.072
2936 0.627 0.006
2937 0.857 0.032
2938 0.601 0.04
2939 0.754 0.006
2940 0.287 0.298
2941 0.835 0.264
2942 0.039 0.562
2943 0.435 0.21
2944 0.03 0.494
2945 0.603 0.947
2946 0.535 0
2947 0.872 0.17
2948 0.92 0.012
2949 0.232 0.186
2950 0.442 0.042
2951 0.898 0.92
2952 0.722 0.129
2953 0.655 0.872
2954 0.844 0.207
2955 0.379 0.836
2956 0.815 0.813
2957 0.852 0.062
2958 0.635 0.558
2959 0.449 0.344
2960 0.967 0.864
2961 0.637 0.136
2962 0.802 0.066
2963 0.733 0.822
2964 0.666 0.157
2965 0.079 0.411
2966 0.965 0.011
2967 0.412 0.07
2968 0.897 0.607
2969 0.778 0.128
2970 0.469 0.935
2971 0.546 0.006
2972 0.229 0.437
2973 0.069 0.055
2974 0.622 0.537
2975 0.77 0.005
2976 0.785 0.368
2977 0.561 0.844
2978 0.978 0.801
2979 0.735 0.279
2980 0.19 0.971
2981 0.883 0.155
2982 0.571 0.164
2983 0.865 0.547
2984 0.951 0.833
2985 0.744 0.012
2986 0.273 0.349
2987 0.754 0.009
2988 0.726 0.302
2989 0.706 0.075
2990 0.948 0.1
2991 0.735 0.033
2992 0.977 0.369
2993 0.722 0.206
2994 0.678 0.532
2995 0.02 0.058
2996 0.833 0.12
2997 0.613 0.009
2998 0.954 0.462
2999 0.913 0.061
3000 0.313 0.813
3001 0.496 0.18
3002 0.872 0.132
3003 0.784 0.038
3004 0.674 0.017
3005 0.4 0.079
3006 0.823 0.025
3007 0.912 0.199
3008 0.682 0.132
3009 0.84 0.536
3010 0.323 0.617
3011 0.762 0.166
3012 0.719 0.445
3013 0.543 0.006
3014 0.656 0.641
3015 0.299 0.022
3016 0.926 0.188
3017 0.803 0.049
3018 0.525 0.278
3019 0.522 0.855
3020 0.585 0.643
3021 0.461 0.537
3022 0.866 0.006
3023 0.939 0.104
3024 0.817 0.137
3025 0.611 0.064
3026 0.656 0.484
3027 0.459 0.43
3028 0.671 0.03
3029 0.235 0.218
3030 0.304 0.153
3031 0.503 0
3032 0.879 0.115
3033 0.867 0.13
3034 0.757 0.386
3035 0.575 0.901
3036 0.912 0.354
3037 0.533 0.067
3038 0.654 0.258
3039 0.803 0.476
3040 0.681 0.128
3041 0.414 0.867
3042 0.857 0.72
3043 0.905 0.009
3044 0.746 0.413
3045 0.839 0.109
3046 0.686 0.161
3047 0.647 0.065
3048 0.803 0.781
3049 0.855 0.104
3050 0.931 0.231
3051 0.873 0.625
3052 0.095 0.322
3053 0.819 0.179
3054 0.861 0.08
3055 0.206 0.222
3056 0.907 0.901
3057 0.065 0.924
3058 0.587 0.167
3059 0.9 0.002
3060 0.546 0.122
3061 0.491 0.264
3062 0.7 0.018
3063 0.313 0.022
3064 0.655 0.579
3065 0.224 0.094
3066 0.843 0.003
3067 0.677 0.03
3068 0.805 0.525
3069 0.062 0.104
3070 0.804 0.029
3071 0.908 0.072
3072 0.888 0.589
3073 0.879 0.12
3074 0.447 0.268
3075 0.694 0.34
3076 0.524 0.045
3077 0.101 0.936
3078 0.707 0.068
3079 0.485 0.382
3080 0.92 0.112
3081 0.539 0.193
3082 0.78 0.042
3083 0.951 0.935
3084 0.708 0.095
3085 0.549 0.014
3086 0.948 0.019
3087 0.93 0.062
3088 0.059 0.843
3089 0.739 0.203
3090 0.696 0.638
3091 0.449 0.58
3092 0.636 0.379
3093 0.171 0.922
3094 0.846 0.689
3095 0.934 0.169
3096 0.627 0.954
3097 0.205 0.751
3098 0.641 0.571
3099 0.501 0.217
3100 0.514 0.052
3101 0.243 0.061
3102 0.348 0.278
3103 0.875 0.626
3104 0.789 0.514
3105 0.385 0.006
3106 0.866 0.101
3107 0.944 0.594
3108 0.232 0.663
3109 0.72 0.708
3110 0.953 0.079
3111 0.002 0.24
3112 0.965 0.413
3113 0.736 0.026
3114 0.426 0.001
3115 0.78 0.178
3116 0.853 0.403
3117 0.491 0.048
3118 0.115 0.12
3119 0.581 0.106
3120 0.923 0.746
3121 0.662 0.056
3122 0.447 0.444
3123 0.814 0.31
3124 0.147 0.992
3125 0.313 0.003
3126 0.283 0.008
3127 0.22 0.269
3128 0.771 0.179
3129 0.91 0.218
3130 0.589 0.042
3131 0.815 0.312
3132 0.383 0.937
3133 0.811 0.041
3134 0.964 0.183
3135 0.652 0.095
3136 0.964 0.705
3137 0.533 0.009
3138 0.84 0.118
3139 0.663 0.197
3140 0.449 0.048
3141 0.723 0.276
3142 0.879 0.006
3143 0.948 0.856
3144 0.871 0.08
3145 0.491 0.197
3146 0.902 0.612
3147 0.364 0.12
3148 0.877 0.025
3149 0.609 0.657
3150 0.505 0.167
3151 0.94 0.203
3152 0.278 0.426
3153 0.781 0.139
3154 0.786 0.175
3155 0.379 0.211
3156 0.889 0.349
3157 0.275 0.846
3158 0.731 0.069
3159 0.388 0.125
3160 0.303 0.014
3161 0.902 0.152
3162 0.894 0.168
3163 0.918 0.204
3164 0.943 0.038
3165 0.749 0.366
3166 0.821 0.338
3167 0.45 0.242
3168 0.884 0.017
3169 0.097 0.015
3170 0.289 0.021
3171 0.894 0.545
3172 0.843 0.366
3173 0.841 0.018
3174 0.689 0.131
3175 0.133 0.547
3176 0.897 0.01
3177 0.299 0.309
3178 0.641 0.042
3179 0.594 0.654
3180 0.403 0.672
3181 0.822 0.083
3182 0.757 0.181
3183 0.759 0.63
3184 0.772 0.197
3185 0.354 0.742
3186 0.598 0.989
3187 0.893 0.079
3188 0.606 0.114
3189 0.588 0
3190 0.789 0.198
3191 0.65 0.388
3192 0.252 0.801
3193 0.531 0.066
3194 0.895 0.014
3195 0.944 0.363
3196 0.732 0.251
3197 0.813 0.339
3198 0.509 0.084
3199 0.763 0.363
3200 0.911 0.033
3201 0.111 0.74
3202 0.714 0.105
3203 0.572 0.399
3204 0.863 0.205
3205 0.666 0.172
3206 0.378 0.041
3207 0.384 0.162
3208 0.803 0.018
3209 0.856 0.931
3210 0.091 0.9
3211 0.705 0.147
3212 0.933 0.531
3213 0.847 0.271
3214 0.929 0.066
3215 0.927 0.081
3216 0.898 0.151
3217 0.935 0.608
3218 0.908 0.131
3219 0.819 0.013
3220 0.846 0.024
3221 0.487 0.617
3222 0.916 0.489
3223 0.58 0.089
3224 0.939 0.186
3225 0.613 0.093
3226 0.697 0.294
3227 0.946 0.044
3228 0.25 0.019
3229 0.977 0.25
3230 0.954 0.213
3231 0.658 0.088
3232 0.93 0.025
3233 0.938 0.018
3234 0.791 0.336
3235 0.545 0.096
3236 0.306 0.032
3237 0.259 0.173
3238 0.884 0.04
3239 0.401 0.059
3240 0.599 0.069
3241 0.787 0.531
3242 0.512 0.139
3243 0.508 0.201
3244 0.118 0.007
3245 0.758 0.007
3246 0.828 0.085
3247 0.977 0.698
3248 0.844 0.762
3249 0.759 0.73
3250 0.426 0.474
3251 0.602 0.709
3252 0.046 0.088
3253 0.958 0.019
3254 0.675 0.516
3255 0.677 0.309
3256 0.557 0.013
3257 0.9 0.18
3258 0.976 0.201
3259 0.411 0.29
3260 0.527 0.991
3261 0.637 0.225
3262 0.923 0.585
3263 0.935 0.018
3264 0.107 0.051
3265 0.94 0.494
3266 0.752 0.476
3267 0.791 0.109
3268 0.859 0.1
3269 0.692 0.002
3270 0.745 0.072
3271 0.623 0.049
3272 0.823 0.388
3273 0.925 0.167
3274 0.979 0.341
3275 0.747 0.668
3276 0.909 0.217
3277 0.929 0.145
3278 0.547 0
3279 0.845 0.26
3280 0.748 0.001
3281 0.713 0.048
3282 0.881 0.535
3283 0.886 0.956
3284 0.613 0.539
3285 0.6 0.002
3286 0.696 0.515
3287 0.443 0.527
3288 0.765 0.181
3289 0.803 0.136
3290 0.953 0.159
3291 0.13 0.665
3292 0.838 0.001
3293 0.926 0.063
3294 0.667 0.005
3295 0.738 0.747
3296 0.943 0.403
3297 0.803 0.035
3298 0.817 0.113
3299 0.618 0.235
3300 0.761 0.039
3301 0.745 0.007
3302 0.629 0.47
3303 0.959 0.414
3304 0.509 0.367
3305 0.368 0.02
3306 0.871 0.035
3307 0.676 0.013
3308 0.546 0.368
3309 0.579 0.26
3310 0.641 0.493
3311 0.064 0.468
3312 0.935 0.472
3313 0.923 0.163
3314 0.792 0.077
3315 0.926 0.836
3316 0.64 0.144
3317 0.76 0.068
3318 0.319 0.312
3319 0.601 0.004
3320 0.224 0.562
3321 0.147 0.01
3322 0.845 0.098
3323 0.091 0.599
3324 0.976 0.852
3325 0.354 0.271
3326 0.64 0.018
3327 0.861 0.459
3328 0.886 0.213
3329 0.929 0.01
3330 0.705 0.318
3331 0.181 0.512
3332 0.934 0.105
3333 0.544 0.044
3334 0.948 0.713
3335 0.662 0.009
3336 0.942 0.036
3337 0.9 0.195
3338 0.493 0.066
3339 0.079 0.888
3340 0.839 0.153
3341 0.211 0.094
3342 0.849 0.168
3343 0.974 0.063
3344 0.666 0.004
3345 0.57 0.526
3346 0.186 0.557
3347 0.827 0.528
3348 0.061 0.581
3349 0.189 0.019
3350 0.742 0.015
3351 0.885 0.855
3352 0.903 0.056
3353 0.852 0.744
3354 0.597 0.081
3355 0.495 0.573
3356 0.958 0.453
3357 0.538 0.069
3358 0.656 0.033
3359 0.406 0.403
3360 0.907 0.045
3361 0.907 0.009
3362 0.886 0.432
3363 0.343 0.565
3364 0.695 0.155
3365 0.88 0.477
3366 0.753 0.492
3367 0.121 0.108
3368 0.407 0.055
3369 0.844 0.036
3370 0.621 0.47
3371 0.941 0.71
3372 0.974 0.234
3373 0.762 0.063
3374 0.541 0.301
3375 0.675 0.003
3376 0.866 0.352
3377 0.89 0.151
3378 0.753 0.039
3379 0.523 0.005
3380 0.963 0.33
3381 0.658 0.415
3382 0.926 0.836
3383 0.905 0.066
3384 0.594 0.028
3385 0.531 0.005
3386 0.886 0.462
3387 0.864 0.834
3388 0.787 0.167
3389 0.844 0.405
3390 0.152 0.002
3391 0.896 0.022
3392 0.046 0.868
3393 0.089 0.942
3394 0.58 0.344
3395 0.942 0.893
3396 0.512 0.301
3397 0.429 0.015
3398 0.727 0.105
3399 0.537 0.338
3400 0.849 0.115
3401 0.765 0.505
3402 0.531 0.008
3403 0.927 0.291
3404 0.896 0.691
3405 0.708 0.321
3406 0.864 0.129
3407 0.761 0.459
3408 0.713 0.21
3409 0.73 0.024
3410 0.979 0.271
3411 0.774 0.238
3412 0.949 0.218
3413 0.934 0.401
3414 0.635 0.651
3415 0.746 0.002
3416 0.83 0.089
3417 0.496 0.574
3418 0.21 0.456
3419 0.503 0.008
3420 0.876 0.151
3421 0.823 0.138
3422 0.926 0.012
3423 0.502 0.001
3424 0.826 0.128
3425 0.873 0.247
3426 0.66 0.336
3427 0.935 0.549
3428 0.712 0.419
3429 0.875 0.897
3430 0.559 0.011
3431 0.944 0
3432 0.936 0.075
3433 0.386 0.574
3434 0.828 0.261
3435 0.971 0.772
3436 0.898 0.097
3437 0.483 0.051
3438 0.557 0.159
3439 0.915 0.665
3440 0.888 0.003
3441 0.803 0.112
3442 0.146 0.628
3443 0.217 0.024
3444 0.698 0.959
3445 0.521 0.274
3446 0.099 0.001
3447 0.87 0.377
3448 0.843 0.701
3449 0.719 0.101
3450 0.649 0.15
3451 0.742 0.317
3452 0.808 0.948
3453 0.881 0.156
3454 0.922 0.055
3455 0.539 0.757
3456 0.071 0.384
3457 0.361 0.078
3458 0.785 0.461
3459 0.76 0.815
3460 0.11 0.733
3461 0.832 0.875
3462 0.79 0.166
3463 0.392 0.936
3464 0.815 0.059
3465 0.746 0.002
3466 0.728 0.306
3467 0.766 0.101
3468 0.848 0.069
3469 0.068 0.757
3470 0.148 0.006
3471 0.962 0.394
3472 0.456 0.383
3473 0.912 0.041
3474 0.652 0.07
3475 0.696 0.064
3476 0.661 0.306
3477 0.77 0.059
3478 0.87 0.253
3479 0.45 0.012
3480 0.448 0.098
3481 0.078 0.919
3482 0.969 0.371
3483 0.847 0.174
3484 0.566 0.029
3485 0.243 0.032
3486 0.711 0.204
3487 0.939 0.274
3488 0.473 0.286
3489 0.849 0.285
3490 0.591 0.186
3491 0.428 0.131
3492 0.803 0.046
3493 0.987 0.056
3494 0.927 0.692
3495 0.764 0.214
3496 0.798 0.97
3497 0.065 0.018
3498 0.659 0.096
3499 0.778 0.324
3500 0.527 0.234
3501 0.809 0.12
3502 0.609 0.162
3503 0.029 0.74
3504 0.893 0.162
3505 0.622 0.359
3506 0.757 0.003
3507 0.595 0.039
3508 0.846 0.008
3509 0.875 0.56
3510 0.96 0.211
3511 0.716 0.59
3512 0.351 0.587
3513 0.809 0.727
3514 0.292 0.104
3515 0.859 0.007
3516 0.801 0.254
3517 0.771 0.097
3518 0.781 0.042
3519 0.794 0.28
3520 0.831 0.354
3521 0.558 0.372
3522 0.13 0
3523 0.728 0.024
3524 0.887 0.192
3525 0.327 0.204
3526 0.731 0.126
3527 0.936 0.899
3528 0.564 0.087
3529 0.024 0.588
3530 0.653 0.124
3531 0.632 0.212
3532 0.765 0.254
3533 0.765 0.172
3534 0.982 0.648
3535 0.67 0.107
3536 0.325 0.019
3537 0.974 0.035
3538 0.549 0.104
3539 0.194 0.01
3540 0.919 0.105
3541 0.263 0.026
3542 0.982 0.158
3543 0.886 0.191
3544 0.896 0.196
3545 0.538 0.09
3546 0.782 0.075
3547 0.013 0.32
3548 0.811 0.521
3549 0.889 0.36
3550 0.146 0.225
3551 0.457 0.036
3552 0.855 0.215
3553 0.943 0.072
3554 0.181 0.006
3555 0.752 0.283
3556 0.632 0.694
3557 0.702 0.205
3558 0.917 0.329
3559 0.765 0.171
3560 0.467 0.192
3561 0.572 0.142
3562 0.799 0.221
3563 0.563 0
3564 0.968 0.229
3565 0.973 0.08
3566 0.808 0.173
3567 0.881 0.676
3568 0.659 0.33
3569 0.613 0.336
3570 0.716 0.007
3571 0.345 0.043
3572 0.428 0.023
3573 0.02 0.689
3574 0.252 0.771
3575 0.86 0.087
3576 0.947 0.268
3577 0.569 0.454
3578 0.913 0.977
3579 0.632 0.451
3580 0.938 0.049
3581 0.73 0.109
3582 0.773 0.379
3583 0.889 0.097
3584 0.714 0.309
3585 0.386 0.306
3586 0.731 0.045
3587 0.214 0.2
3588 0.11 0.575
3589 0.76 0.151
3590 0.366 0.008
3591 0.953 0.967
3592 0.847 0.035
3593 0.546 0.066
3594 0.855 0.034
3595 0.391 0.499
3596 0.951 0.005
3597 0.839 0.821
3598 0.92 0.727
3599 0.871 0.587
3600 0.537 0.095
3601 0.638 0.248
3602 0.935 0.244
3603 0.833 0.235
3604 0.155 0.116
3605 0.913 0.104
3606 0.801 0.275
3607 0.913 0.854
3608 0.841 0.057
3609 0.143 0.329
3610 0.836 0.226
3611 0.89 0.154
3612 0.677 0.082
3613 0.732 0.283
3614 0.467 0.043
3615 0.412 0.762
3616 0.416 0.324
3617 0.823 0.004
3618 0.656 0.195
3619 0.835 0.65
3620 0.447 0.044
3621 0.753 0.093
3622 0.064 0.051
3623 0.856 0.005
3624 0.962 0.817
3625 0.94 0.95
3626 0.925 0.086
3627 0.922 0.341
3628 0.602 0.014
3629 0.686 0.14
3630 0.94 0.066
3631 0.678 0.135
3632 0.845 0.968
3633 0.958 0.106
3634 0.813 0.017
3635 0.717 0.884
3636 0.136 0.625
3637 0.901 0.514
3638 0.071 0.085
3639 0.724 0.117
3640 0.819 0.175
3641 0.599 0.057
3642 0.062 0.066
3643 0.927 0.178
3644 0.642 0.211
3645 0.477 0.923
3646 0.916 0.147
3647 0.729 0.046
3648 0.913 0.11
3649 0.926 0.013
3650 0.664 0.032
3651 0.891 0.757
3652 0.703 0.028
3653 0.903 0.153
3654 0.859 0.09
3655 0.465 0.224
3656 0.841 0.838
3657 0.532 0.172
3658 0.937 0.233
3659 0.886 0.169
3660 0.221 0.074
3661 0.554 0.879
3662 0.731 0.031
3663 0.288 0.222
3664 0.445 0.161
3665 0.791 0.035
3666 0.84 0.028
3667 0.352 0.924
3668 0.604 0.188
3669 0.724 0.095
3670 0.521 0.13
3671 0.892 0.007
3672 0.51 0.132
3673 0.808 0.074
3674 0.697 0.059
3675 0.597 0.031
3676 0.787 0.086
3677 0.877 0.883
3678 0.024 0.975
3679 0.305 0.382
3680 0.847 0.034
3681 0.871 0.138
3682 0.047 0.841
3683 0.737 0.076
3684 0.347 0.034
3685 0.628 0.157
3686 0.327 0.003
3687 0.727 0.071
3688 0.323 0.016
3689 0.571 0.444
3690 0.465 0.088
3691 0.942 0.254
3692 0.061 0.252
3693 0.396 0.006
3694 0.964 0.63
3695 0.001 0.663
3696 0.97 0.809
3697 0.748 0.483
3698 0.707 0.88
3699 0.853 0.002
3700 0.902 0.293
3701 0.897 0.102
3702 0.803 0.344
3703 0.944 0.295
3704 0.82 0.438
3705 0.651 0.226
3706 0.974 0.669
3707 0.728 0.271
3708 0.451 0.035
3709 0.735 0.47
3710 0.944 0.271
3711 0.089 0.651
3712 0.534 0.23
3713 0.565 0.296
3714 0.511 0.094
3715 0.769 0.565
3716 0.781 0.326
3717 0.868 0.421
3718 0.624 0.889
3719 0.644 0.073
3720 0.536 0.046
3721 0.899 0.236
3722 0.804 0.01
3723 0.946 0.075
3724 0.754 0.005
3725 0.888 0.253
3726 0.905 0.088
3727 0.417 0.017
3728 0.959 0.215
3729 0.838 0.081
3730 0.027 0
3731 0.593 0.115
3732 0.984 0.131
3733 0.788 0.032
3734 0.424 0.76
3735 0.647 0.067
3736 0.693 0.018
3737 0.207 0.232
3738 0.965 0.411
3739 0.703 0.111
3740 0.929 0.133
3741 0.139 0.014
3742 0.852 0.586
3743 0.906 0.09
3744 0.561 0.035
3745 0.752 0.001
3746 0.399 0.382
3747 0.875 0.026
3748 0.297 0.048
3749 0.838 0.1
3750 0.834 0.642
3751 0.784 0.15
3752 0.363 0.198
3753 0.735 0.484
3754 0.674 0.036
3755 0.826 0.415
3756 0.615 0.027
3757 0.182 0.832
3758 0.87 0.176
3759 0.837 0.513
3760 0.915 0.551
3761 0.47 0.049
3762 0.925 0.161
3763 0.408 0.067
3764 0.696 0.006
3765 0.868 0.811
3766 0.354 0.278
3767 0.85 0.042
3768 0.211 0.497
3769 0.746 0.113
3770 0.752 0.626
3771 0.543 0.059
3772 0.89 0.336
3773 0.055 0.464
3774 0.916 0.496
3775 0.832 0.85
3776 0.519 0.27
3777 0.815 0.024
3778 0.44 0.365
3779 0.721 0.002
3780 0.937 0.038
3781 0.926 0.049
3782 0.73 0.449
3783 0.836 0.111
3784 0.768 0.485
3785 0.886 0.321
3786 0.504 0.002
3787 0.923 0.271
3788 0.966 0.171
3789 0.808 0.007
3790 0.57 0.004
3791 0.898 0.009
3792 0.617 0.301
3793 0.9 0.162
3794 0.527 0.274
3795 0.741 0.239
3796 0.922 0.027
3797 0.756 0.092
3798 0.526 0.191
3799 0.945 0.878
3800 0.345 0.305
3801 0.208 0.587
3802 0.763 0.784
3803 0.481 0.006
3804 0.672 0.231
3805 0.884 0.001
3806 0.741 0
3807 0.066 0.375
3808 0.831 0.038
3809 0.579 0.619
3810 0.481 0.817
3811 0.488 0.458
3812 0.458 0.991
3813 0.774 0.035
3814 0.088 0.003
3815 0.8 0.083
3816 0.917 0.376
3817 0.64 0.744
3818 0.75 0.161
3819 0.661 0.042
3820 0.739 0.226
3821 0.77 0.331
3822 0.67 0.455
3823 0.125 0.65
3824 0.714 0.018
3825 0.659 0.225
3826 0.013 0.413
3827 0.876 0.029
3828 0.598 0.034
3829 0.237 0.01
3830 0.272 0.501
3831 0.801 0.064
3832 0.941 0.545
3833 0.924 0.494
3834 0.485 0.955
3835 0.716 0.791
3836 0.163 0.864
3837 0.948 0.01
3838 0.661 0.278
3839 0.531 0.299
3840 0.062 0.238
3841 0.532 0
3842 0.434 0.432
3843 0.961 0.182
3844 0.53 0.009
3845 0.94 0.411
3846 0.106 0.861
3847 0.944 0.709
3848 0.52 0.411
3849 0.789 0.176
3850 0.959 0.284
3851 0.808 0.054
3852 0.654 0.044
3853 0.94 0.14
3854 0.289 0.279
3855 0.753 0.066
3856 0.633 0.538
3857 0.482 0.272
3858 0.374 0.038
3859 0.369 0.287
3860 0.664 0.004
3861 0.317 0.015
3862 0.481 0.172
3863 0.716 0.493
3864 0.847 0.437
3865 0.747 0.02
3866 0.737 0.192
3867 0.814 0.362
3868 0.598 0.173
3869 0.537 0.031
3870 0.707 0.199
3871 0.377 0.136
3872 0.59 0.01
3873 0.321 0.094
3874 0.5 0.021
3875 0.564 0.119
3876 0.566 0.006
3877 0.779 0.027
3878 0.702 0.244
3879 0.942 0.312
3880 0.796 0.906
3881 0.677 0.108
3882 0.122 0.438
3883 0.495 0
3884 0.757 0.053
3885 0.921 0.428
3886 0.913 0.024
3887 0.157 0.795
3888 0.294 0.081
3889 0.409 0.048
3890 0.652 0.68
3891 0.96 0.222
3892 0.251 0.002
3893 0.221 0.462
3894 0.692 0.238
3895 0.671 0.816
3896 0.555 0.096
3897 0.643 0.073
3898 0.316 0.87
3899 0.162 0.428
3900 0.243 0.202
3901 0.65 0.254
3902 0.891 0.933
3903 0.722 0.132
3904 0.86 0.016
3905 0.147 0.036
3906 0.856 0.043
3907 0.212 0.357
3908 0.71 0.778
3909 0.737 0.443
3910 0.333 0.28
3911 0.61 0.162
3912 0.904 0.937
3913 0.48 0.018
3914 0.948 0.116
3915 0.763 0.242
3916 0.872 0.199
3917 0.558 0.056
3918 0.975 0.663
3919 0.607 0.394
3920 0.957 0.66
3921 0.359 0.207
3922 0.954 0.023
3923 0.487 0.06
3924 0.956 0.11
3925 0.425 0.159
3926 0.504 0.203
3927 0.91 0.042
3928 0.862 0.127
3929 0.898 0.272
3930 0.384 0.002
3931 0.743 0.737
3932 0.775 0.004
3933 0.689 0.532
3934 0.954 0.672
3935 0.449 0.028
3936 0.901 0.932
3937 0.913 0.252
3938 0.622 0.599
3939 0.881 0.604
3940 0.625 0.07
3941 0.839 0.784
3942 0.91 0.92
3943 0.752 0.73
3944 0.797 0.267
3945 0.919 0.237
3946 0.9 0.886
3947 0.781 0.07
3948 0.658 0.122
3949 0.72 0.062
3950 0.791 0.93
3951 0.875 0.451
3952 0.898 0.902
3953 0.519 0.147
3954 0.62 0.3
3955 0.44 0.057
3956 0.479 0.582
3957 0.372 0.138
3958 0.842 0.525
3959 0.696 0.191
3960 0.836 0.005
3961 0.844 0.223
3962 0.665 0.241
3963 0.082 0.951
3964 0.766 0.004
3965 0.781 0.912
3966 0.836 0.024
3967 0.656 0.893
3968 0.937 0.652
3969 0.876 0.062
3970 0.242 0.042
3971 0.692 0.037
3972 0.742 0.299
3973 0.843 0.513
3974 0.325 0.715
3975 0.632 0.008
3976 0.473 0.916
3977 0.379 0
3978 0.02 0.942
3979 0.917 0.158
3980 0.922 0.021
3981 0.887 0.694
3982 0.808 0.547
3983 0.732 0.098
3984 0.834 0.217
3985 0.69 0.027
3986 0.612 0.068
3987 0.886 0.684
3988 0.755 0.172
3989 0.538 0.675
3990 0.974 0.678
3991 0.874 0.015
3992 0.931 0.335
3993 0.348 0.239
3994 0.429 0.004
3995 0.358 0.724
3996 0.326 0.869
3997 0.186 0.055
3998 0.724 0.444
3999 0.289 0.059
4000 0.843 0.035
4001 0.904 0.156
4002 0.371 0.079
4003 0.719 0.855
4004 0.927 0.844
4005 0.19 0.925
4006 0.94 0.385
4007 0.785 0.031
4008 0.662 0.551
4009 0.04 0.024
4010 0.184 0.598
4011 0.252 0.171
4012 0.83 0.69
4013 0.53 0.002
4014 0.925 0.929
4015 0.817 0.719
4016 0.87 0.095
4017 0.883 0.459
4018 0.812 0.048
4019 0.779 0.038
4020 0.956 0.268
4021 0.199 0.012
4022 0.588 0.953
4023 0.637 0.397
4024 0.481 0.047
4025 0.896 0.097
4026 0.785 0.042
4027 0.905 0.036
4028 0.938 0.067
4029 0.339 0.012
4030 0.971 0.092
4031 0.632 0.019
4032 0.437 0.251
4033 0.908 0.651
4034 0.919 0.196
4035 0.892 0.096
4036 0.93 0.211
4037 0.936 0.157
4038 0.151 0.866
4039 0.947 0.834
4040 0.629 0.389
4041 0.822 0.946
4042 0.136 0.964
4043 0.666 0.01
4044 0.624 0.117
4045 0.92 0.162
4046 0.972 0.774
4047 0.271 0.032
4048 0.705 0.248
4049 0.612 0.467
4050 0.701 0.864
4051 0.685 0.085
4052 0.757 0.39
4053 0.554 0.251
4054 0.537 0.03
4055 0.939 0.075
4056 0.841 0.184
4057 0.762 0.25
4058 0.781 0.163
4059 0.553 0.075
4060 0.976 0.235
4061 0.923 0.034
4062 0.803 0.047
4063 0.954 0.388
4064 0.817 0.696
4065 0.388 0.779
4066 0.929 0.085
4067 0.967 0.145
4068 0.207 0.837
4069 0.821 0.006
4070 0.935 0.974
4071 0.976 0.39
4072 0.924 0.194
4073 0.623 0.027
4074 0.922 0.692
4075 0.053 0.529
4076 0.86 0.157
4077 0.658 0.039
4078 0.494 0.318
4079 0.963 0.3
4080 0.644 0.21
4081 0.776 0.077
4082 0.713 0.006
4083 0.871 0.127
4084 0.354 0.038
4085 0.743 0.322
4086 0.832 0.082
4087 0.355 0.041
4088 0.563 0.088
4089 0.58 0.169
4090 0.556 0.022
4091 0.822 0.269
4092 0.868 0.28
4093 0.498 0.063
4094 0.42 0.007
4095 0.386 0.431
4096 0.805 0.051
4097 0.065 0.005
4098 0.831 0.278
4099 0.914 0.002
4100 0.856 0.24
4101 0.977 0.492
4102 0.624 0.331
4103 0.139 0.101
4104 0.12 0.65
4105 0.481 0.206
4106 0.941 0.215
4107 0.783 0.008
4108 0.912 0.777
4109 0.855 0.171
4110 0.902 0.389
4111 0.387 0.207
4112 0.531 0.354
4113 0.547 0.434
4114 0.798 0.638
4115 0.157 0.723
4116 0.866 0.388
4117 0.72 0.04
4118 0.571 0.415
4119 0.738 0.69
4120 0.498 0.106
4121 0.784 0.943
4122 0.757 0.037
4123 0.911 0.326
4124 0.955 0.126
4125 0.892 0.157
4126 0.521 0.195
4127 0.779 0.755
4128 0.267 0.484
4129 0.909 0.054
4130 0.639 0.361
4131 0.944 0.736
4132 0.555 0.016
4133 0.895 0.594
4134 0.904 0.151
4135 0.548 0.023
4136 0.922 0.203
4137 0.222 0.823
4138 0.171 0.801
4139 0.764 0.195
4140 0.907 0.056
4141 0.951 0.93
4142 0.556 0.036
4143 0.768 0.556
4144 0.881 0.463
4145 0.966 0.338
4146 0.818 0.418
4147 0.571 0.147
4148 0.709 0.512
4149 0.953 0.044
4150 0.499 0.113
4151 0.55 0.265
4152 0.636 0.21
4153 0.278 0.012
4154 0.785 0.281
4155 0.937 0.864
4156 0.864 0.358
4157 0.15 0.039
4158 0.973 0.95
4159 0.756 0.123
4160 0.872 0.201
4161 0.274 0.17
4162 0.879 0.084
4163 0.931 0.633
4164 0.872 0.118
4165 0.67 0.832
4166 0.951 0.102
4167 0.12 0.86
4168 0.827 0.37
4169 0.055 0.17
4170 0.726 0.002
4171 0.749 0.786
4172 0.233 0.264
4173 0.883 0.006
4174 0.776 0.233
4175 0.142 0.003
4176 0.913 0.402
4177 0.758 0.109
4178 0.454 0.105
4179 0.835 0.534
4180 0.628 0.57
4181 0.951 0.737
4182 0.873 0.023
4183 0.198 0.778
4184 0.938 0.396
4185 0.865 0.073
4186 0.918 0.667
4187 0.672 0.011
4188 0.826 0.34
4189 0.844 0.254
4190 0.794 0.314
4191 0.145 0.641
4192 0.537 0
4193 0.951 0.083
4194 0.869 0.116
4195 0.804 0
4196 0.303 0.311
4197 0.529 0.449
4198 0.902 0.513
4199 0.564 0.122
4200 0.342 0.243
4201 0.864 0.644
4202 0.905 0.682
4203 0.219 0.003
4204 0.969 0.269
4205 0.789 0.144
4206 0.86 0.952
4207 0.207 0.34
4208 0.818 0.278
4209 0.736 0.024
4210 0.972 0.756
4211 0.963 0.334
4212 0.37 0.003
4213 0.445 0.016
4214 0.738 0.196
4215 0.846 0.415
4216 0.512 0.371
4217 0.889 0.694
4218 0.509 0.114
4219 0.731 0.68
4220 0.244 0.087
4221 0.793 0.057
4222 0.92 0.001
4223 0.083 0.916
4224 0.343 0.16
4225 0.491 0.049
4226 0.59 0.012
4227 0.96 0.199
4228 0.28 0.01
4229 0.721 0.058
4230 0.712 0.015
4231 0.559 0.015
4232 0.928 0.875
4233 0.187 0.009
4234 0.736 0.168
4235 0.078 0.492
4236 0.529 0.497
4237 0.868 0.236
4238 0.805 0.005
4239 0.73 0.061
4240 0.915 0.075
4241 0.683 0.286
4242 0.961 0.589
4243 0.413 0.179
4244 0.657 0.949
4245 0.419 0.237
4246 0.665 0.625
4247 0.664 0.081
4248 0.345 0.075
4249 0.847 0.01
4250 0.961 0.161
4251 0.555 0.038
4252 0.798 0.175
4253 0.431 0.051
4254 0.882 0.636
4255 0.341 0.378
4256 0.949 0.486
4257 0.171 0.432
4258 0.811 0.157
4259 0.37 0.122
4260 0.827 0.138
4261 0.754 0.193
4262 0.422 0.748
4263 0.909 0.365
4264 0.927 0.277
4265 0.878 0.664
4266 0.846 0.645
4267 0.819 0.038
4268 0.487 0.015
4269 0.812 0.556
4270 0.195 0.821
4271 0.02 0.858
4272 0.522 0.05
4273 0.711 0.07
4274 0.723 0.072
4275 0.634 0.154
4276 0.801 0.775
4277 0.647 0.022
4278 0.973 0.846
4279 0.917 0.023
4280 0.66 0.019
4281 0.958 0.173
4282 0.958 0.953
4283 0.869 0.061
4284 0.145 0.252
4285 0.289 0.023
4286 0.782 0.01
4287 0.721 0.051
4288 0.524 0.001
4289 0.119 0.279
4290 0.688 0.191
4291 0.91 0.406
4292 0.93 0.546
4293 0.411 0.014
4294 0.887 0.444
4295 0.544 0.165
4296 0.94 0.209
4297 0.555 0.036
4298 0.482 0.991
4299 0.966 0.035
4300 0.346 0.014
4301 0.655 0.758
4302 0.406 0.024
4303 0.462 0.663
4304 0.758 0.042
4305 0.948 0.945
4306 0.544 0.346
4307 0.934 0.712
4308 0.865 0.082
4309 0.769 0.007
4310 0.786 0.322
4311 0.693 0.002
4312 0.729 0.362
4313 0.803 0.555
4314 0.794 0.03
4315 0.328 0.01
4316 0.238 0.005
4317 0.909 0.057
4318 0.787 0.486
4319 0.655 0.024
4320 0.938 0.079
4321 0.576 0.357
4322 0.338 0.092
4323 0.572 0.024
4324 0.152 0.162
4325 0.681 0.001
4326 0.942 0.831
4327 0.744 0.057
4328 0.946 0.235
4329 0.844 0.434
4330 0.325 0.049
4331 0.912 0.278
4332 0.705 0.04
4333 0.766 0.001
4334 0.653 0.109
4335 0.853 0.397
4336 0.828 0.373
4337 0.876 0.465
4338 0.873 0.19
4339 0.694 0.044
4340 0.582 0.41
4341 0.459 0.768
4342 0.778 0.13
4343 0.621 0.847
4344 0.879 0.485
4345 0.401 0.286
4346 0.897 0.076
4347 0.925 0.019
4348 0.457 0.1
4349 0.258 0.545
4350 0.705 0.421
4351 0.915 0.052
4352 0.714 0.076
4353 0.402 0.255
4354 0.928 0.075
4355 0.954 0.221
4356 0.449 0.301
4357 0.918 0.063
4358 0.786 0.005
4359 0.927 0.065
4360 0.309 0.795
4361 0.817 0.15
4362 0.917 0.401
4363 0.666 0.748
4364 0.881 0.162
4365 0.779 0.111
4366 0.347 0.374
4367 0.832 0.056
4368 0.696 0.081
4369 0.528 0.318
4370 0.921 0.116
4371 0.923 0.44
4372 0.717 0.181
4373 0.981 0.213
4374 0.726 0.044
4375 0.805 0.045
4376 0.486 0.101
4377 0.718 0.024
4378 0.779 0.619
4379 0.551 0.13
4380 0.308 0.765
4381 0.1 0.047
4382 0.873 0.256
4383 0.799 0.152
4384 0.932 0.645
4385 0.157 0.008
4386 0.703 0.371
4387 0.689 0.021
4388 0.233 0.107
4389 0.7 0.291
4390 0.646 0.06
4391 0.409 0.132
4392 0.844 0.432
4393 0.79 0.114
4394 0.223 0.51
4395 0.609 0.099
4396 0.604 0.112
4397 0.092 0.125
4398 0.236 0.011
4399 0.415 0.235
4400 0.917 0.134
4401 0.953 0.106
4402 0.847 0.051
4403 0.914 0.1
4404 0.242 0.001
4405 0.698 0.25
4406 0.737 0.04
4407 0.809 0.055
4408 0.915 0.919
4409 0.597 0.014
4410 0.389 0.032
4411 0.665 0.041
4412 0.582 0.164
4413 0.587 0.007
4414 0.323 0.019
4415 0.006 0.178
4416 0.714 0.248
4417 0.477 0.052
4418 0.818 0.065
4419 0.522 0.312
4420 0.24 0.023
4421 0.108 0.419
4422 0.884 0.274
4423 0.535 0.014
4424 0.961 0.702
4425 0.614 0.031
4426 0.551 0.071
4427 0.966 0.728
4428 0.893 0.371
4429 0.977 0.386
4430 0.821 0.069
4431 0.491 0.015
4432 0.919 0.374
4433 0.954 0.728
4434 0.705 0
4435 0.203 0.306
4436 0.735 0.176
4437 0.682 0.044
4438 0.886 0.131
4439 0.054 0.863
4440 0.775 0.043
4441 0.632 0.066
4442 0.21 0.715
4443 0.798 0.574
4444 0.693 0.003
4445 0.875 0.605
4446 0.205 0.289
4447 0.279 0.991
4448 0.82 0.495
4449 0.793 0.119
4450 0.944 0.097
4451 0.618 0.125
4452 0.537 0.732
4453 0.956 0.076
4454 0.656 0.02
4455 0.932 0.974
4456 0.752 0.149
4457 0.394 0.052
4458 0.16 0
4459 0.916 0.367
4460 0.392 0.06
4461 0.609 0.11
4462 0.683 0.301
4463 0.324 0.088
4464 0.897 0.066
4465 0.837 0.017
4466 0.75 0.04
4467 0.395 0.025
4468 0.842 0.097
4469 0.761 0.564
4470 0.796 0.34
4471 0.937 0.008
4472 0.822 0.015
4473 0.963 0.611
4474 0.698 0.102
4475 0.741 0.005
4476 0.829 0.028
4477 0.817 0.106
4478 0.843 0.111
4479 0.844 0.026
4480 0.635 0.37
4481 0.694 0.563
4482 0.562 0.096
4483 0.649 0.019
4484 0.556 0.019
4485 0.699 0.065
4486 0.679 0.006
4487 0.592 0.146
4488 0.573 0.455
4489 0.648 0.773
4490 0.396 0.112
4491 0.878 0.005
4492 0.677 0.096
4493 0.25 0.019
4494 0.518 0.544
4495 0.765 0.006
4496 0.541 0.05
4497 0.942 0.101
4498 0.882 0.264
4499 0.899 0.339
4500 0.559 0.126
4501 0.673 0.397
4502 0.948 0.35
4503 0.812 0.014
4504 0.873 0.072
4505 0.878 0.116
4506 0.214 0.17
4507 0.17 0.023
4508 0.88 0.073
4509 0.686 0.358
4510 0.429 0.013
4511 0.733 0.149
4512 0.961 0.23
4513 0.804 0.068
4514 0.326 0.075
4515 0.765 0.358
4516 0.901 0.816
4517 0.742 0.039
4518 0.59 0.709
4519 0.766 0.115
4520 0.719 0.051
4521 0.746 0.026
4522 0.754 0.144
4523 0.829 0.559
4524 0.897 0.415
4525 0.842 0.846
4526 0.884 0.442
4527 0.85 0.068
4528 0.725 0.785
4529 0.964 0.823
4530 0.843 0.086
4531 0.618 0.053
4532 0.68 0.263
4533 0.92 0.652
4534 0.818 0.061
4535 0.97 0.012
4536 0.922 0.183
4537 0.108 0.88
4538 0.696 0.468
4539 0.634 0.039
4540 0.844 0.273
4541 0.128 0.718
4542 0.624 0.008
4543 0.637 0.094
4544 0.84 0.712
4545 0.57 0.789
4546 0.742 0
4547 0.882 0.44
4548 0.294 0.031
4549 0.905 0.026
4550 0.692 0.03
4551 0.881 0.565
4552 0.953 0.268
4553 0.645 0.032
4554 0.74 0.009
4555 0.744 0.321
4556 0.912 0.019
4557 0.762 0.014
4558 0.61 0.276
4559 0.195 0.017
4560 0.402 0.019
4561 0.823 0.351
4562 0.318 0.004
4563 0.317 0.089
4564 0.922 0.264
4565 0.174 0.022
4566 0.956 0.249
4567 0.414 0.345
4568 0.495 0.014
4569 0.75 0.089
4570 0.925 0.124
4571 0.152 0.54
4572 0.776 0.486
4573 0.61 0.304
4574 0.688 0.295
4575 0.269 0.336
4576 0.535 0.094
4577 0.655 0.259
4578 0.21 0.043
4579 0.417 0.028
4580 0.948 0.03
4581 0.936 0.24
4582 0.501 0.037
4583 0.307 0.113
4584 0.712 0.306
4585 0.831 0.767
4586 0.953 0.206
4587 0.864 0.019
4588 0.58 0.151
4589 0.952 0.872
4590 0.667 0.001
4591 0.2 0.37
4592 0.621 0.171
4593 0.922 0.19
4594 0.971 0.372
4595 0.614 0.452
4596 0.888 0.429
4597 0.605 0.008
4598 0.591 0.072
4599 0.939 0.876
4600 0.853 0.392
4601 0.88 0.009
4602 0.932 0.123
4603 0.505 0.376
4604 0.908 0
4605 0.842 0.103
4606 0.488 0.073
4607 0.098 0.716
4608 0.929 0.113
4609 0.831 0.076
4610 0.478 0.524
4611 0.571 0.561
4612 0.881 0.159
4613 0.443 0.082
4614 0.381 0.005
4615 0.92 0.034
4616 0.548 0.314
4617 0.67 0.051
4618 0.329 0.743
4619 0.79 0.366
4620 0.499 0.015
4621 0.657 0.264
4622 0.912 0.051
4623 0.813 0.012
4624 0.481 0.001
4625 0.775 0.113
4626 0.91 0.083
4627 0.875 0.15
4628 0.477 0.055
4629 0.851 0.951
4630 0.963 0.55
4631 0.953 0.237
4632 0.515 0.18
4633 0.969 0.366
4634 0.04 0.772
4635 0.033 0.942
4636 0.606 0.735
4637 0.709 0.519
4638 0.929 0.474
4639 0.482 0
4640 0.926 0.199
4641 0.469 0.068
4642 0.839 0.591
4643 0.896 0.279
4644 0.957 0.156
4645 0.826 0.307
4646 0.742 0.172
4647 0.782 0.025
4648 0.646 0.135
4649 0.61 0.006
4650 0.207 0.015
4651 0.899 0.412
4652 0.583 0.017
4653 0.97 0.89
4654 0.556 0.18
4655 0.305 0.469
4656 0.976 0.69
4657 0.775 0.072
4658 0.591 0
4659 0.662 0.021
4660 0.189 0.318
4661 0.745 0.187
4662 0.725 0.671
4663 0.026 0.22
4664 0.687 0.108
4665 0.702 0.039
4666 0.859 0.255
4667 0.885 0.025
4668 0.933 0.908
4669 0.804 0.48
4670 0.874 0.053
4671 0.708 0.149
4672 0.457 0.029
4673 0.078 0.589
4674 0.854 0.158
4675 0.938 0.643
4676 0.943 0.05
4677 0.911 0.276
4678 0.982 0.762
4679 0.608 0.391
4680 0.132 0.448
4681 0.894 0.149
4682 0.67 0.286
4683 0.359 0.243
4684 0.913 0.484
4685 0.406 0.043
4686 0.468 0.081
4687 0.229 0.167
4688 0.553 0.546
4689 0.85 0.009
4690 0.933 0.204
4691 0.195 0.073
4692 0.475 0.123
4693 0.681 0.037
4694 0.85 0.027
4695 0.619 0.345
4696 0.373 0.642
4697 0.805 0.014
4698 0.362 0.812
4699 0.774 0.783
4700 0.873 0.028
4701 0.961 0.143
4702 0.598 0.486
4703 0.947 0.699
4704 0.678 0.424
4705 0.006 0.974
4706 0.9 0.204
4707 0.868 0.093
4708 0.029 0.952
4709 0.638 0.186
4710 0.973 0.484
4711 0.829 0.429
4712 0.78 0.436
4713 0.508 0.001
4714 0.957 0.171
4715 0.457 0.015
4716 0.744 0.26
4717 0.777 0.243
4718 0.517 0.257
4719 0.988 0.445
4720 0.03 0.849
4721 0.893 0.119
4722 0.949 0.917
4723 0.729 0.062
4724 0.165 0.353
4725 0.647 0.763
4726 0.898 0.51
4727 0.981 0.514
4728 0.91 0.392
4729 0.141 0.056
4730 0.611 0.075
4731 0.545 0.023
4732 0.35 0.047
4733 0.368 0.004
4734 0.795 0.184
4735 0.091 0.873
4736 0.656 0.583
4737 0.977 0.282
4738 0.187 0.006
4739 0.506 0.03
4740 0.627 0.014
4741 0.955 0.214
4742 0.962 0.405
4743 0.65 0.651
4744 0.844 0.009
4745 0.422 0.201
4746 0.314 0.486
4747 0.504 0.071
4748 0.842 0.165
4749 0.749 0.094
4750 0.84 0.031
4751 0.846 0.436
4752 0.32 0.1
4753 0.229 0.009
4754 0.981 0.731
4755 0.185 0.703
4756 0.905 0.657
4757 0.797 0.377
4758 0.922 0.024
4759 0.969 0.363
4760 0.735 0.634
4761 0.677 0.012
4762 0.521 0.001
4763 0.186 0.185
4764 0.489 0.541
4765 0.718 0.362
4766 0.596 0.158
4767 0.917 0.135
4768 0.286 0.019
4769 0.671 0.5
4770 0.89 0.195
4771 0.818 0.11
4772 0.965 0.773
4773 0.873 0.076
4774 0.858 0.486
4775 0.677 0.494
4776 0.916 0.354
4777 0.192 0.076
4778 0.459 0.206
4779 0.473 0.025
4780 0.036 0.711
4781 0.861 0.554
4782 0.925 0.493
4783 0.697 0.92
4784 0.968 0.207
4785 0.827 0.651
4786 0.893 0.045
4787 0.095 0.926
4788 0.95 0.322
4789 0.9 0.094
4790 0.307 0.027
4791 0.849 0.443
4792 0.72 0.171
4793 0.88 0.989
4794 0.571 0.083
4795 0.65 0.604
4796 0.665 0.083
4797 0.463 0.009
4798 0.73 0.164
4799 0.674 0.098
4800 0.91 0.176
4801 0.713 0.14
4802 0.503 0.006
4803 0.764 0.055
4804 0.517 0
4805 0.442 0.003
4806 0.537 0.047
4807 0.048 0.7
4808 0.767 0.004
4809 0.302 0.02
4810 0.207 0.036
4811 0.082 0.741
4812 0.632 0.037
4813 0.398 0.587
4814 0.964 0.573
4815 0.505 0.382
4816 0.913 0.362
4817 0.507 0.291
4818 0.846 0.418
4819 0.437 0.128
4820 0.51 0.015
4821 0.948 0.296
4822 0.737 0.028
4823 0.593 0.052
4824 0.277 0.168
4825 0.802 0.122
4826 0.175 0.45
4827 0.357 0.159
4828 0.38 0.524
4829 0.67 0.018
4830 0.47 0.884
4831 0.768 0.045
4832 0.524 0.401
4833 0.911 0.022
4834 0.745 0.263
4835 0.885 0.274
4836 0.731 0.043
4837 0.88 0.228
4838 0.736 0.006
4839 0.68 0.003
4840 0.099 0.429
4841 0.699 0.15
4842 0.066 0.704
4843 0.625 0.053
4844 0.876 0.339
4845 0.841 0.249
4846 0.952 0.061
4847 0.569 0.25
4848 0.532 0.029
4849 0.9 0.627
4850 0.339 0.69
4851 0.565 0.172
4852 0.595 0.085
4853 0.835 0.741
4854 0.928 0.182
4855 0.877 0.097
4856 0.391 0.27
4857 0.81 0.649
4858 0.334 0.546
4859 0.522 0.283
4860 0.69 0.638
4861 0.814 0.513
4862 0.844 0.537
4863 0.624 0.243
4864 0.872 0.675
4865 0.961 0.154
4866 0.568 0.712
4867 0.623 0.393
4868 0.885 0.663
4869 0.947 0.284
4870 0.908 0.321
4871 0.423 0.02
4872 0.586 0.198
4873 0.662 0.104
4874 0.957 0.005
4875 0.757 0.067
4876 0.022 0.892
4877 0.814 0.24
4878 0.829 0.164
4879 0.692 0.176
4880 0.48 0.062
4881 0.479 0.31
4882 0.761 0.284
4883 0.835 0.164
4884 0.541 0.007
4885 0.371 0.03
4886 0.747 0.063
4887 0.913 0.012
4888 0.807 0.109
4889 0.726 0.142
4890 0.021 0.677
4891 0.827 0.31
4892 0.973 0
4893 0.654 0.282
4894 0.745 0.01
4895 0.87 0.025
4896 0.419 0.011
4897 0.882 0.056
4898 0.962 0.881
4899 0.414 0.457
4900 0.887 0.95
4901 0.439 0.008
4902 0.05 0.418
4903 0.846 0.708
4904 0.885 0.459
4905 0.273 0.162
4906 0.885 0.064
4907 0.832 0.471
4908 0.425 0.009
4909 0.825 0.024
4910 0.67 0.039
4911 0.538 0.076
4912 0.401 0.26
4913 0.962 0.575
4914 0.663 0.075
4915 0.707 0.034
4916 0.969 0.865
4917 0.647 0.101
4918 0.792 0.049
4919 0.93 0.022
4920 0.519 0.002
4921 0.42 0.069
4922 0.917 0.015
4923 0.748 0.497
4924 0.188 0.012
4925 0.621 0.003
4926 0.666 0.041
4927 0.879 0
4928 0.981 0.526
4929 0.617 0.268
4930 0.536 0.057
4931 0.657 0.007
4932 0.743 0.078
4933 0.091 0.84
4934 0.537 0.195
4935 0.489 0.033
4936 0.786 0.137
4937 0.724 0.659
4938 0.224 0.003
4939 0.663 0.01
4940 0.189 0.801
4941 0.733 0.004
4942 0.95 0.06
4943 0.788 0.033
4944 0.713 0.31
4945 0.7 0.16
4946 0.074 0.234
4947 0.638 0.094
4948 0.694 0.34
4949 0.936 0.507
4950 0.587 0.818
4951 0.007 0.743
4952 0.216 0.447
4953 0.281 0.075
4954 0.978 0.044
4955 0.708 0.086
4956 0.642 0.168
4957 0.859 0.101
4958 0.463 0.981
4959 0.567 0.487
4960 0.565 0.21
4961 0.764 0.203
4962 0.683 0.047
4963 0.923 0.22
4964 0.677 0.219
4965 0.303 0.185
4966 0.906 0.226
4967 0.873 0.929
4968 0.615 0.427
4969 0.741 0.078
4970 0.037 0.756
4971 0.863 0.395
4972 0.547 0.083
4973 0.369 0.031
4974 0.02 0.136
4975 0.854 0.014
4976 0.187 0.475
4977 0.242 0.342
4978 0.31 0.265
4979 0.505 0.038
4980 0.412 0.015
4981 0.741 0.121
4982 0.585 0.186
4983 0.031 0.771
4984 0.797 0.708
4985 0.915 0.14
4986 0.524 0.003
4987 0.771 0.043
4988 0.842 0.003
4989 0.369 0.192
4990 0.601 0.003
4991 0.733 0.015
4992 0.966 0.147
4993 0.001 0.181
4994 0.899 0.846
4995 0.038 0.291
4996 0.091 0.399
4997 0.93 0.229
4998 0.884 0.683
4999 0.802 0.515
5000 0.525 0.001
