1 0.1662787
2 0.47929
3 0.02503189
4 0.1949662
5 0.3752027
6 0.3919185
7 0.450804
8 0.01905361
9 0.854436
10 0.8960334
11 0.1683832
12 0.9842515
13 0.2811029
14 0.6846215
15 0.3485758
16 0.6198455
17 0.09603954
18 0.1298017
19 0.5586751
20 0.05372401
21 0.1010798
22 0.5485493
23 0.4200671
24 0.1368694
25 0.2844546
26 0.04687303
27 0.42269
28 0.8035242
29 0.08720033
30 0.09812766
31 0.05216944
32 0.8903298
33 0.1197646
34 0.6870993
35 0.2406577
36 0.6638126
37 0.9557816
38 0.5440977
39 0.1685003
40 0.1429515
41 0.1377045
42 0.2149574
43 0.217346
44 0.5623791
45 0.01259415
46 0.4506886
47 0.393299
48 0.2882716
49 0.5110934
50 0.5086567
51 0.795144
52 0.5410042
53 0.03796782
54 0.01560692
55 0.3728257
56 0.2827636
57 0.1940212
58 0.03246453
59 0.5187929
60 0.4903291
61 0.4489874
62 0.301941
63 0.162411
64 0.04184523
65 0.05025967
66 0.2463054
67 0.5811967
68 0.569093
69 0.009738963
70 0.2766514
71 0.04173519
72 0.3743717
73 0.05654746
74 0.3085601
75 0.5990308
76 0.7809351
77 0.3925707
78 0.1386565
79 0.5024578
80 0.184939
81 0.7409595
82 0.7114541
83 0.4099121
84 0.02079968
85 0.03853869
86 0.1775085
87 0.1366944
88 0.0405531
89 0.02105157
90 0.163379
91 0.08643673
92 0.3141644
93 0.06069078
94 0.2296308
95 0.5084635
96 0.2385614
97 0.2655386
98 0.4513856
99 0.07069646
100 0.2117227
101 0.1201033
102 0.07663606
103 0.05765641
104 0.1142183
105 0.7684716
106 0.7113264
107 0.6720639
108 0.2861706
109 0.0822408
110 0.7284763
111 0.1134331
112 0.3501222
113 0.1815478
114 0.04780942
115 0.8962273
116 0.04960027
117 0.3488977
118 0.03718786
119 0.1298305
120 0.05215376
121 0.7936877
122 0.6621157
123 0.7278825
124 0.07220062
125 0.1170887
126 0.08721902
127 0.01285524
128 0.4889658
129 0.2206732
130 0.4810415
131 0.04517134
132 0.05738363
133 0.6695174
134 0.3725585
135 0.5179763
136 0.1687503
137 0.1938318
138 0.2968526
139 0.0960882
140 0.360066
141 0.02390562
142 0.2403307
143 0.8368773
144 0.6318494
145 0.921962
146 0.2894608
147 0.08335891
148 0.5233293
149 0.3894712
150 0.3202477
151 0.5946485
152 0.3872347
153 0.1934581
154 0.162185
155 0.5978353
156 0.1419949
157 0.5033967
158 0.1362618
159 0.2637863
160 0.7230665
161 0.5475563
162 0.6371187
163 0.2447352
164 0.1686411
165 0.3029911
166 0.5128925
167 0.1996928
168 0.2472404
169 0.9532265
170 0.1085269
171 0.724891
172 0.5294461
173 0.3698781
174 0.560522
175 0.9966635
176 0.6141977
177 0.2599983
178 0.1407081
179 0.7995438
180 0.1846987
181 0.2927349
182 0.0447854
183 0.650043
184 0.06134896
185 0.5591118
186 0.04431344
187 0.1816682
188 0.4207046
189 0.4084298
190 0.2609921
191 0.2310255
192 0.2199412
193 0.4456755
194 0.2720209
195 0.1487772
196 0.4183987
197 0.9987548
198 0.4411419
199 0.814799
200 0.1142446
201 0.7100846
202 0.2352633
203 0.2603133
204 0.289564
205 0.4341731
206 0.3698376
207 0.601739
208 0.449261
209 0.07867571
210 0.7958517
211 0.1211419
212 0.9088439
213 0.5069623
214 0.02511465
215 0.04599799
216 0.6800294
217 0.2509559
218 0.7832103
219 0.1493986
220 0.3441923
221 0.3951691
222 0.7971811
223 0.5581446
224 0.4706447
225 0.5892348
226 0.4731266
227 0.2952749
228 0.3252767
229 0.9230119
230 0.0577165
231 0.009503013
232 0.3019766
233 0.5444121
234 0.5513417
235 0.5440493
236 0.2629196
237 0.1901549
238 0.776193
239 0.07824509
240 0.3703194
241 0.5896194
242 0.1127171
243 0.326192
244 0.5808351
245 0.6842464
246 0.4314312
247 0.06206732
248 0.7707364
249 0.2949657
250 0.2881276
251 0.6493172
252 0.2244588
253 0.2334902
254 0.3996952
255 0.004747552
256 0.05297051
257 0.9667803
258 0.09558809
259 0.02138549
260 0.1638366
261 0.8290739
262 0.01562986
263 0.07008314
264 0.523334
265 0.9506311
266 0.9682374
267 0.2071951
268 0.7986219
269 0.03056482
270 0.01330282
271 0.1262021
272 0.04608857
273 0.421036
274 0.6249617
275 0.07258704
276 0.1425942
277 0.6017051
278 0.1472359
279 0.9794197
280 0.2580738
281 0.8660475
282 0.4227978
283 0.5996461
284 0.9962646
285 0.2414655
286 0.4776299
287 0.06446523
288 0.549441
289 0.4007205
290 0.6266535
291 0.6790683
292 0.08568478
293 0.2907969
294 0.4370171
295 0.2209783
296 0.3801715
297 0.3230536
298 0.8232022
299 0.08790672
300 0.7903343
301 0.3556159
302 0.2517091
303 0.9101582
304 0.2644384
305 0.1433887
306 0.8181839
307 0.2982506
308 0.5068878
309 0.9892589
310 0.7888245
311 0.2718786
312 0.01141234
313 0.325865
314 0.2577913
315 0.3183443
316 0.1816664
317 0.9975475
318 0.7270062
319 0.7130568
320 0.2288527
321 0.2692402
322 0.1761352
323 0.3096181
324 0.2589101
325 0.006594756
326 0.5138175
327 0.2483342
328 0.1117036
329 0.2077399
330 0.4373114
331 0.707103
332 0.4831959
333 0.657785
334 0.3190174
335 0.343738
336 0.8494983
337 0.9685776
338 0.3610885
339 0.5144175
340 0.3681527
341 0.02421135
342 0.1463959
343 0.3046354
344 0.1184383
345 0.5723034
346 0.01011952
347 0.5145582
348 0.48233
349 0.1400301
350 0.868055
351 0.9937996
352 0.02856475
353 0.1726465
354 0.03508169
355 0.5425513
356 0.3894771
357 0.05098188
358 0.1552341
359 0.9238986
360 0.8642262
361 0.04165502
362 0.8198197
363 0.1684358
364 0.5394292
365 0.1020822
366 0.2884997
367 0.3134212
368 0.8327445
369 0.8294669
370 0.9930127
371 0.139818
372 0.04637975
373 0.2491571
374 0.05337123
375 0.881185
376 0.5624102
377 0.1142144
378 0.8815223
379 0.007014015
380 0.6206158
381 0.9651939
382 0.4045144
383 0.8925824
384 0.6957854
385 0.1050059
386 0.2817082
387 0.1713731
388 0.4001748
389 0.2953589
390 0.4545533
391 0.6718675
392 0.1983021
393 0.6301592
394 0.5289877
395 0.8642971
396 0.1051252
397 0.3089146
398 0.4024767
399 0.1108072
400 0.2257968
401 0.168507
402 0.325631
403 0.01255806
404 0.1551861
405 0.1945164
406 0.06393109
407 0.7022887
408 0.1351346
409 0.7450849
410 0.199268
411 0.2172475
412 0.2067404
413 0.6412729
414 0.1205025
415 0.01527959
416 0.4551621
417 0.3870982
418 0.3217683
419 0.7558902
420 0.334492
421 0.6221113
422 0.2675818
423 0.1221311
424 0.1472758
425 0.4697346
426 0.2568189
427 0.2409765
428 0.05558387
429 0.7314189
430 0.03860723
431 0.1453518
432 0.1387354
433 0.6794995
434 0.8906174
435 0.5943271
436 0.3205673
437 0.0264127
438 0.4010869
439 0.0958514
440 0.5111125
441 0.3194901
442 0.9906333
443 0.6206874
444 0.9869066
445 0.8696704
446 0.9841824
447 0.3400306
448 0.2147222
449 0.06486088
450 0.5033294
451 0.8687877
452 0.5149685
453 0.307522
454 0.6693878
455 0.5877734
456 0.1648563
457 0.6168019
458 0.249458
459 0.08042775
460 0.118005
461 0.3378645
462 0.6513644
463 0.47366
464 0.2806974
465 0.8039413
466 0.4664247
467 0.1880858
468 0.2618886
469 0.684837
470 0.8416554
471 0.3667441
472 0.08680377
473 0.4951234
474 0.2994609
475 0.07251732
476 0.785098
477 0.1393032
478 0.705579
479 0.267936
480 0.3468342
481 0.1737553
482 0.4945937
483 0.8041242
484 0.2472913
485 0.6683369
486 0.1601596
487 0.279491
488 0.9716232
489 0.2242251
490 0.3290857
491 0.5627588
492 0.1605241
493 0.910507
494 0.08571758
495 0.06178663
496 0.250238
497 0.5327215
498 0.9933288
499 0.3674648
500 0.2450058
501 0.1558091
502 0.6944977
503 0.799467
504 0.09182127
505 0.09843322
506 0.3527734
507 0.3239338
508 0.05146807
509 0.5691976
510 0.4498578
511 0.1165927
512 0.0955018
513 0.3822019
514 0.7780032
515 0.3576367
516 0.9787749
517 0.4842327
518 0.2034407
519 0.9511078
520 0.006461211
521 0.3269892
522 0.09990728
523 0.1414505
524 0.2342605
525 0.6577308
526 0.9326855
527 0.9097217
528 0.3914197
529 0.8691065
530 0.8306877
531 0.1062459
532 0.01470899
533 0.6504775
534 0.2792138
535 0.08060798
536 0.312227
537 0.7511794
538 0.08997988
539 0.1858404
540 0.004548305
541 0.3027286
542 0.4639894
543 0.726393
544 0.4733452
545 0.2152887
546 0.5542443
547 0.7379735
548 0.2259971
549 0.8583854
550 0.6919126
551 0.3877816
552 0.2872717
553 0.0903372
554 0.2944528
555 0.3361378
556 0.2960536
557 0.6780239
558 0.3667357
559 0.7237525
560 0.4112792
561 0.6501227
562 0.7080455
563 0.04151827
564 0.01822254
565 0.2485452
566 0.3900039
567 0.8341569
568 0.1356938
569 0.7569215
570 0.5850781
571 0.5053493
572 0.3768378
573 0.07381289
574 0.8201556
575 0.9565349
576 0.01166847
577 0.8105987
578 0.2057963
579 0.158547
580 0.2002271
581 0.0193177
582 0.1034537
583 0.1912756
584 0.5444879
585 0.1248242
586 0.6673238
587 0.06051801
588 0.1180232
589 0.07103327
590 0.3681354
591 0.4195689
592 0.6130707
593 0.1205184
594 0.6722311
595 0.1520441
596 0.0864349
597 0.7870132
598 0.3771316
599 0.9733755
600 0.7814889
601 0.1173667
602 0.7888014
603 0.6985454
604 0.04747818
605 0.05516851
606 0.5248842
607 0.7369238
608 0.1556143
609 0.2268227
610 0.3644434
611 0.9122315
612 0.6797188
613 0.01302889
614 0.4748834
615 0.05004092
616 0.9979996
617 0.4319815
618 0.2051225
619 0.3871427
620 0.3726568
621 0.2191924
622 0.5724038
623 0.02007947
624 0.4256451
625 0.1394366
626 0.1653181
627 0.2301327
628 0.09311665
629 0.6459576
630 0.5225257
631 0.4845544
632 0.4916829
633 0.2532567
634 0.5435438
635 0.3505145
636 0.4020842
637 0.6261229
638 0.3348848
639 0.36087
640 0.2287656
641 0.1805719
642 0.1004478
643 0.8945956
644 0.9047053
645 0.1827955
646 0.1049384
647 0.2556522
648 0.5555478
649 0.4593717
650 0.04822154
651 0.302288
652 0.9434116
653 0.22777
654 0.3132344
655 0.500378
656 0.136011
657 0.4224581
658 0.449932
659 0.1194342
660 0.4185698
661 0.1034487
662 0.0377159
663 0.7125895
664 0.1739272
665 0.5979093
666 0.1137767
667 0.3314935
668 0.1665105
669 0.2159413
670 0.3895613
671 0.7047356
672 0.2126369
673 0.6872491
674 0.3123734
675 0.1374877
676 0.7290016
677 0.1906957
678 0.04783656
679 0.4200953
680 0.6733299
681 0.3979159
682 0.02015843
683 0.1152701
684 0.0141789
685 0.6850697
686 0.1141504
687 0.05819304
688 0.6411269
689 0.4638025
690 0.23219
691 0.2941468
692 0.1062655
693 0.9777244
694 0.7459807
695 0.6538043
696 0.08358548
697 0.6069676
698 0.4722067
699 0.1000028
700 0.1718243
701 0.8198956
702 0.5931371
703 0.4360149
704 0.8404567
705 0.2521027
706 0.2687373
707 0.8003844
708 0.03795395
709 0.7658829
710 0.2140909
711 0.7343875
712 0.6929563
713 0.1543402
714 0.8281425
715 0.05875599
716 0.7797173
717 0.8788267
718 0.7634872
719 0.8098718
720 0.7143423
721 0.2813569
722 0.7949918
723 0.8244538
724 0.1280704
725 0.4281813
726 0.9701389
727 0.143815
728 0.9723613
729 0.5160946
730 0.4942726
731 0.6390142
732 0.07549024
733 0.01673117
734 0.4520001
735 0.3334173
736 0.7980518
737 0.461952
738 0.729203
739 0.1861549
740 0.2082791
741 0.1557144
742 0.01710175
743 0.216894
744 0.5650295
745 0.145575
746 0.7662148
747 0.7667469
748 0.554074
749 0.4107417
750 0.1627891
751 0.5498823
752 0.2720177
753 0.1456264
754 0.07092252
755 0.2241223
756 0.4982962
757 0.8030135
758 0.06654932
759 0.1731868
760 0.483084
761 0.5404029
762 0.03763443
763 0.4650514
764 0.04693332
765 0.0547644
766 0.5625888
767 0.2304459
768 0.3922997
769 0.8800557
770 0.7298966
771 0.3150191
772 0.1148878
773 0.1687203
774 0.5159967
775 0.2857885
776 0.02399976
777 0.4597073
778 0.633485
779 0.4169374
780 0.1600543
781 0.8170253
782 0.3835338
783 0.5084853
784 0.1759067
785 0.12067
786 0.3324523
787 0.3194049
788 0.01738626
789 0.309962
790 0.2441863
791 0.3140945
792 0.2103372
793 0.06427235
794 0.1418686
795 0.194125
796 0.6528579
797 0.4963281
798 0.2330249
799 0.2889042
800 0.674128
801 0.8811059
802 0.03606342
803 0.5375244
804 0.6231836
805 0.5190029
806 0.8760582
807 0.2190054
808 0.008334868
809 0.7440496
810 0.3572746
811 0.211582
812 0.2949227
813 0.01341513
814 0.3250611
815 0.1095604
816 0.5840568
817 0.1014463
818 0.3560881
819 0.4811596
820 0.2745685
821 0.2837271
822 0.5796517
823 0.0698876
824 0.3681648
825 0.5536294
826 0.8534627
827 0.3138141
828 0.2759797
829 0.5081315
830 0.4059257
831 0.4392091
832 0.7361635
833 0.7958299
834 0.577443
835 0.2783309
836 0.121966
837 0.8535904
838 0.03851279
839 0.4949152
840 0.1193154
841 0.2312593
842 0.1627386
843 0.6980149
844 0.6850034
845 0.4556475
846 0.06803717
847 0.4107186
848 0.2163869
849 0.9921714
850 0.4712118
851 0.09662924
852 0.1931435
853 0.0328868
854 0.3683542
855 0.008736719
856 0.3367513
857 0.4171171
858 0.3516851
859 0.1496835
860 0.9162545
861 0.8248022
862 0.553001
863 0.1384426
864 0.634201
865 0.4251153
866 0.411039
867 0.5780263
868 0.4434878
869 0.4809271
870 0.01558808
871 0.8940919
872 0.2374585
873 0.8751883
874 0.1704508
875 0.4595357
876 0.176051
877 0.495086
878 0.293916
879 0.5692067
880 0.7438443
881 0.3716099
882 0.9948618
883 0.2084435
884 0.7084159
885 0.9737314
886 0.3751056
887 0.01847623
888 0.06132363
889 0.4554376
890 0.3390035
891 0.5504773
892 0.3421498
893 0.07644676
894 0.4465878
895 0.2142339
896 0.4834279
897 0.9188959
898 0.7057781
899 0.3641955
900 0.03653495
901 0.125714
902 0.3985359
903 0.3120111
904 0.3601326
905 0.591786
906 0.9708123
907 0.2758705
908 0.6882239
909 0.3949769
910 0.2168053
911 0.6388043
912 0.5727207
913 0.9407897
914 0.412541
915 0.4824593
916 0.5278771
917 0.1948712
918 0.2337877
919 0.5032791
920 0.4748234
921 0.1112672
922 0.1896408
923 0.152522
924 0.02548167
925 0.03327688
926 0.3515219
927 0.8448339
928 0.5384739
929 0.01806938
930 0.2518509
931 0.09048091
932 0.1332473
933 0.2812226
934 0.08789107
935 0.01104105
936 0.6832724
937 0.1417457
938 0.0386747
939 0.4619114
940 0.8138708
941 0.1242104
942 0.5206771
943 0.2060785
944 0.2901324
945 0.6629829
946 0.02942707
947 0.3721034
948 0.5361173
949 0.3482186
950 0.3417121
951 0.2566749
952 0.1990238
953 0.144463
954 0.9812575
955 0.9021005
956 0.3609452
957 0.3401972
958 0.6977691
959 0.2493675
960 0.7990715
961 0.1353296
962 0.3406503
963 0.07765604
964 0.7707308
965 0.1046566
966 0.1962733
967 0.8683393
968 0.289959
969 0.4378476
970 0.3929318
971 0.8550548
972 0.8031852
973 0.1288446
974 0.48576
975 0.8016325
976 0.4796937
977 0.2668139
978 0.6219151
979 0.1304472
980 0.477295
981 0.2262205
982 0.617417
983 0.4608342
984 0.6520545
985 0.6717748
986 0.4163341
987 0.1292527
988 0.1079628
989 0.8195912
990 0.08865379
991 0.7323246
992 0.1282274
993 0.1832695
994 0.4631939
995 0.2491995
996 0.03898228
997 0.505354
998 0.2984623
999 0.3166036
1000 0.3592462
1001 0.26581
1002 0.3846921
1003 0.2195217
1004 0.08190452
1005 0.2684438
1006 0.01165994
1007 0.05781987
1008 0.3457737
1009 0.1428767
1010 0.7480151
1011 0.2597335
1012 0.1762222
1013 0.07267676
1014 0.6393719
1015 0.5754692
1016 0.2813943
1017 0.3540206
1018 0.2382564
1019 0.3052223
1020 0.7195289
1021 0.01352962
1022 0.121432
1023 0.5896047
1024 0.7102542
1025 0.755175
1026 0.5835236
1027 0.6694889
1028 0.7540186
1029 0.4582125
1030 0.08543792
1031 0.466184
1032 0.4778034
1033 0.7480887
1034 0.342641
1035 0.5150783
1036 0.3233074
1037 0.8636207
1038 0.04938063
1039 0.6899378
1040 0.06172188
1041 0.3180264
1042 0.0004635315
1043 0.9617081
1044 0.5662399
1045 0.556884
1046 0.1594549
1047 0.3140878
1048 0.5545281
1049 0.2713308
1050 0.8468629
1051 0.5204084
1052 0.5914734
1053 0.07213999
1054 0.9274217
1055 0.02316539
1056 0.05123255
1057 0.9140064
1058 0.3360052
1059 0.4306884
1060 0.7555084
1061 0.02452181
1062 0.4089756
1063 0.05427146
1064 0.216291
1065 0.3519046
1066 0.7709232
1067 0.8136985
1068 0.4269447
1069 0.7179565
1070 0.05731095
1071 0.4939632
1072 0.8449836
1073 0.746903
1074 0.6880158
1075 0.3580686
1076 0.6878995
1077 0.5524422
1078 0.1235974
1079 0.264994
1080 0.2083447
1081 0.7341482
1082 0.4276733
1083 0.491838
1084 0.9163277
1085 0.04378527
1086 0.5639089
1087 0.7764026
1088 0.2521443
1089 0.05792088
1090 0.5320397
1091 0.340595
1092 0.6781476
1093 0.8330635
1094 0.3018578
1095 0.006992112
1096 0.03847647
1097 0.8281834
1098 0.5295751
1099 0.8959399
1100 0.5287071
1101 0.7006919
1102 0.07014775
1103 0.2447337
1104 0.4847389
1105 0.1132273
1106 0.09258668
1107 0.8411208
1108 0.1609401
1109 0.2258513
1110 0.2102408
1111 0.4088548
1112 0.04518436
1113 0.4332244
1114 0.8009962
1115 0.6696319
1116 0.5555909
1117 0.1785065
1118 0.3193031
1119 0.7433912
1120 0.4613843
1121 0.6395018
1122 0.2375397
1123 0.1839069
1124 0.2408845
1125 0.4834757
1126 0.439137
1127 0.3701466
1128 0.4169816
1129 0.3510702
1130 0.9504302
1131 0.9344844
1132 0.7276762
1133 0.1514513
1134 0.1359488
1135 0.03294185
1136 0.03692171
1137 0.03342669
1138 0.1100059
1139 0.5323337
1140 0.4654788
1141 0.2207859
1142 0.7495291
1143 0.1993062
1144 0.4294735
1145 0.3315297
1146 0.07941395
1147 0.1844637
1148 0.07292575
1149 0.9219082
1150 0.3204949
1151 0.6640259
1152 0.2882079
1153 0.6400435
1154 0.9209652
1155 0.7142853
1156 0.3646841
1157 0.1859785
1158 0.6677368
1159 0.03535464
1160 0.2214495
1161 0.1396796
1162 0.4874894
1163 0.04255718
1164 0.2715534
1165 0.8423764
1166 0.4751275
1167 0.4047458
1168 0.1947406
1169 0.3214635
1170 0.8382759
1171 0.03266487
1172 0.8367473
1173 0.0141198
1174 0.2203726
1175 0.6611676
1176 0.794843
1177 0.8929562
1178 0.2381648
1179 0.2984589
1180 0.8736684
1181 0.925606
1182 0.1940808
1183 0.1769146
1184 0.542804
1185 0.7995757
1186 0.3032202
1187 0.02763438
1188 0.07247123
1189 0.4239821
1190 0.2359212
1191 0.795143
1192 0.4104724
1193 0.1618953
1194 0.08687912
1195 0.00858144
1196 0.2559215
1197 0.3607621
1198 0.5468799
1199 0.1295317
1200 0.4312906
1201 0.2062233
1202 0.2564559
1203 0.5433042
1204 0.6282679
1205 0.239513
1206 0.410845
1207 0.4950843
1208 0.4055432
1209 0.188419
1210 0.8485245
1211 0.1511526
1212 0.6302552
1213 0.2377656
1214 0.7493609
1215 0.8316299
1216 0.1404678
1217 0.1230701
1218 0.7181376
1219 0.1146445
1220 0.001059457
1221 0.2565878
1222 0.9066015
1223 0.6059986
1224 0.3612543
1225 0.6735376
1226 0.3186809
1227 0.5218446
1228 0.5494616
1229 0.9146409
1230 0.01879386
1231 0.0662685
1232 0.6223702
1233 0.04236795
1234 0.396255
1235 0.1544442
1236 0.0096824
1237 0.3200552
1238 0.3593561
1239 0.08448122
1240 0.0675026
1241 0.9366462
1242 0.06988409
1243 0.9253275
1244 0.4994768
1245 0.03612711
1246 0.4472748
1247 0.7455012
1248 0.345932
1249 0.219111
1250 0.1066135
1251 0.02349041
1252 0.2343019
1253 0.4795539
1254 0.08552893
1255 0.179838
1256 0.3565247
1257 0.7554841
1258 0.5566602
1259 0.5875983
1260 0.1814388
1261 0.02390483
1262 0.4730445
1263 0.6969913
1264 0.2432199
1265 0.08156337
1266 0.6120607
1267 0.6635815
1268 0.2195339
1269 0.4176517
1270 0.6433734
1271 0.5916097
1272 0.8282207
1273 0.08470158
1274 0.03210018
1275 0.5197134
1276 0.7835753
1277 0.2813878
1278 0.04538656
1279 0.5630602
1280 0.2581404
1281 0.9008049
1282 0.8692555
1283 0.5239875
1284 0.2964509
1285 0.4830395
1286 0.2421596
1287 0.08222646
1288 0.04828389
1289 0.211476
1290 0.8437424
1291 0.7716775
1292 0.08563132
1293 0.6670209
1294 0.14548
1295 0.07168848
1296 0.8141047
1297 0.4941534
1298 0.6257382
1299 0.337713
1300 0.7043768
1301 0.03542496
1302 0.3799671
1303 0.0643972
1304 0.2226305
1305 0.1071635
1306 0.5224729
1307 0.5593346
1308 0.1010107
1309 0.3708108
1310 0.4429796
1311 0.9808282
1312 0.05992239
1313 0.09344294
1314 0.4461959
1315 0.488674
1316 0.3022158
1317 0.1650496
1318 0.1587739
1319 0.03912428
1320 0.7114784
1321 0.1511908
1322 0.1909749
1323 0.05670054
1324 0.1061283
1325 0.264479
1326 0.1741381
1327 0.1570971
1328 0.08850617
1329 0.1766153
1330 0.8492183
1331 0.1696829
1332 0.7065307
1333 0.137779
1334 0.2477444
1335 0.5032792
1336 0.4930568
1337 0.1890247
1338 0.7106645
1339 0.09753428
1340 0.4597729
1341 0.961758
1342 0.3970265
1343 0.2917897
1344 0.3468535
1345 0.2878466
1346 0.06082389
1347 0.07503757
1348 0.6161502
1349 0.9681571
1350 0.746328
1351 0.5580995
1352 0.1367715
1353 0.1458212
1354 0.2763512
1355 0.3861379
1356 0.1233502
1357 0.2874898
1358 0.4416458
1359 0.3878801
1360 0.09552329
1361 0.3671512
1362 0.443027
1363 0.4495405
1364 0.1903663
1365 0.8030985
1366 0.565934
1367 0.5179828
1368 0.03664897
1369 0.7940638
1370 0.1126798
1371 0.03426238
1372 0.04344989
1373 0.4545501
1374 0.9692295
1375 0.7449801
1376 0.2972372
1377 0.1211966
1378 0.4138751
1379 0.4273809
1380 0.8713355
1381 0.5082487
1382 0.9278812
1383 0.1148158
1384 0.209849
1385 0.7998187
1386 0.05578485
1387 0.1994977
1388 0.08315671
1389 0.02000953
1390 0.5777071
1391 0.1997124
1392 0.4859304
1393 0.2825254
1394 0.805993
1395 0.1808207
1396 0.9455261
1397 0.2572862
1398 0.9128497
1399 0.05988439
1400 0.06447947
1401 0.7113276
1402 0.6308153
1403 0.6679213
1404 0.3903717
1405 0.09437555
1406 0.4898443
1407 0.2829426
1408 0.2039889
1409 0.5814731
1410 0.1964466
1411 0.123277
1412 0.7798651
1413 0.3729728
1414 0.2579055
1415 0.1026415
1416 0.2845423
1417 0.2221506
1418 0.01580691
1419 0.1501932
1420 0.6536084
1421 0.3820124
1422 0.03885552
1423 0.2901162
1424 0.2498366
1425 0.9396515
1426 0.8901088
1427 0.1041452
1428 0.354302
1429 0.5440525
1430 0.6296018
1431 0.1709353
1432 0.3147784
1433 0.4051159
1434 0.5338024
1435 0.767984
1436 0.3486481
1437 0.9173179
1438 0.5411582
1439 0.260781
1440 0.5692426
1441 0.2522377
1442 0.8741647
1443 0.08843854
1444 0.3386791
1445 0.2252198
1446 0.3278
1447 0.08721546
1448 0.05846988
1449 0.01719714
1450 0.01341458
1451 0.5560387
1452 0.6109763
1453 0.783367
1454 0.9395752
1455 0.5692635
1456 0.1503202
1457 0.1168479
1458 0.1459949
1459 0.133492
1460 0.3324143
1461 0.625931
1462 0.003980733
1463 0.1741789
1464 0.4867143
1465 0.1633634
1466 0.07298956
1467 0.5948858
1468 0.2310386
1469 0.2745391
1470 0.4496506
1471 0.3828591
1472 0.1591634
1473 0.5142841
1474 0.008661092
1475 0.4878216
1476 0.07325288
1477 0.5565987
1478 0.7795445
1479 0.6858471
1480 0.212137
1481 0.02603039
1482 0.2615746
1483 0.6832487
1484 0.5055466
1485 0.9143278
1486 0.1328265
1487 0.4392982
1488 0.2233321
1489 0.2994349
1490 0.8101693
1491 0.2017259
1492 0.1808819
1493 0.1478817
1494 0.2363093
1495 0.3133304
1496 0.09558351
1497 0.4808153
1498 0.3462156
1499 0.4861194
1500 0.6448008
1501 0.7315226
1502 0.09381619
1503 0.6435955
1504 0.5602289
1505 0.2779841
1506 0.1545296
1507 0.3158158
1508 0.009534479
1509 0.1468277
1510 0.432035
1511 0.06860227
1512 0.01853746
1513 0.342799
1514 0.9877062
1515 0.08596602
1516 0.3159658
1517 0.5901768
1518 0.8800598
1519 0.7072084
1520 0.8111632
1521 0.8044058
1522 0.5267768
1523 0.8280466
1524 0.6917196
1525 0.3616133
1526 0.5693429
1527 0.3459769
1528 0.673129
1529 0.298228
1530 0.5359154
1531 0.3976435
1532 0.4602608
1533 0.9862301
1534 0.1914337
1535 0.0552094
1536 0.08163365
1537 0.6991304
1538 0.1295757
1539 0.2547933
1540 0.3480615
1541 0.2980371
1542 0.5182669
1543 0.06490271
1544 0.3634628
1545 0.4149328
1546 0.1922158
1547 0.3776568
1548 0.05102487
1549 0.3104227
1550 0.4358497
1551 0.6102765
1552 0.9257105
1553 0.05518103
1554 0.8687842
1555 0.05856157
1556 0.01295766
1557 0.3539361
1558 0.608125
1559 0.354741
1560 0.7345448
1561 0.02747626
1562 0.2834834
1563 0.2064849
1564 0.08303621
1565 0.6408402
1566 0.02088042
1567 0.4479396
1568 0.3427297
1569 0.07767394
1570 0.3373876
1571 0.4038937
1572 0.1347611
1573 0.2007902
1574 0.3470316
1575 0.6335882
1576 0.1377312
1577 0.228756
1578 0.1046557
1579 0.7653831
1580 0.05494219
1581 0.6072316
1582 0.1198088
1583 0.3672137
1584 0.2690536
1585 0.2791127
1586 0.9876533
1587 0.5559118
1588 0.6668549
1589 0.069377
1590 0.7004021
1591 0.4372499
1592 0.5630659
1593 0.958765
1594 0.02681781
1595 0.68477
1596 0.09773344
1597 0.05221461
1598 0.4739229
1599 0.2680908
1600 0.06379502
1601 0.1764556
1602 0.3418402
1603 0.7929695
1604 0.6047636
1605 0.3238579
1606 0.4700995
1607 0.8579116
1608 0.7697694
1609 0.02998271
1610 0.9180163
1611 0.6273072
1612 0.07416302
1613 0.8050907
1614 0.1508676
1615 0.1849882
1616 0.5748063
1617 0.3788314
1618 0.03810256
1619 0.0616225
1620 0.5466431
1621 0.7377685
1622 0.08313747
1623 0.2037743
1624 0.6780078
1625 0.2015568
1626 0.1411611
1627 0.2397882
1628 0.4200654
1629 0.2018595
1630 0.7399805
1631 0.859061
1632 0.03158515
1633 0.7697659
1634 0.07717146
1635 0.3517078
1636 0.34176
1637 0.3091168
1638 0.02776141
1639 0.4165722
1640 0.1442449
1641 0.2981693
1642 0.8528208
1643 0.2622006
1644 0.8481829
1645 0.3358771
1646 0.936014
1647 0.2376832
1648 0.5569901
1649 0.4766113
1650 0.1858996
1651 0.07007715
1652 0.3923379
1653 0.008042286
1654 0.6037025
1655 0.5989491
1656 0.3864638
1657 0.5045931
1658 0.3069357
1659 0.6847219
1660 0.8886611
1661 0.5779818
1662 0.6862852
1663 0.4755244
1664 0.1516866
1665 0.3439957
1666 0.3046073
1667 0.7436839
1668 0.4292915
1669 0.07695733
1670 0.006005714
1671 0.1692779
1672 0.1522814
1673 0.4491072
1674 0.3611531
1675 0.04721181
1676 0.3976887
1677 0.1601647
1678 0.6516986
1679 0.8997284
1680 0.2244318
1681 0.2267019
1682 0.22795
1683 0.2080336
1684 0.494799
1685 0.5509465
1686 0.2706066
1687 0.2644639
1688 0.8746999
1689 0.3007533
1690 0.6385659
1691 0.8748909
1692 0.5098851
1693 0.6650206
1694 0.7663476
1695 0.2564945
1696 0.9595725
1697 0.8127686
1698 0.00895065
1699 0.1705097
1700 0.2580737
1701 0.8746116
1702 0.08615189
1703 0.6801523
1704 0.3533038
1705 0.127843
1706 0.5470567
1707 0.3705468
1708 0.1794473
1709 0.09260688
1710 0.1293516
1711 0.8775476
1712 0.4189317
1713 0.9417116
1714 0.1631618
1715 0.5701205
1716 0.2203363
1717 0.86719
1718 0.5921857
1719 0.1791599
1720 0.8305418
1721 0.5640195
1722 0.3786746
1723 0.5766307
1724 0.9648896
1725 0.8627456
1726 0.5568876
1727 0.03993702
1728 0.2907074
1729 0.3739135
1730 0.2484819
1731 0.4348458
1732 0.5273532
1733 0.5577555
1734 0.8315034
1735 0.2690987
1736 0.3166341
1737 0.2023168
1738 0.02610542
1739 0.1105823
1740 0.0141584
1741 0.3279344
1742 0.7677382
1743 0.8812925
1744 0.8767682
1745 0.4816705
1746 0.4640105
1747 0.09442821
1748 0.2571243
1749 0.7007903
1750 0.1509135
1751 0.09291269
1752 0.9978368
1753 0.2272751
1754 0.2939649
1755 0.2018699
1756 0.4588026
1757 0.2233045
1758 0.2170553
1759 0.8816883
1760 0.4158116
1761 0.1530683
1762 0.2091397
1763 0.109685
1764 0.04980034
1765 0.2750179
1766 0.2596525
1767 0.1808842
1768 0.9245923
1769 0.7732482
1770 0.4636911
1771 0.2931817
1772 0.003683274
1773 0.1631919
1774 0.170832
1775 0.1849749
1776 0.6685106
1777 0.9114176
1778 0.06893432
1779 0.674816
1780 0.2043246
1781 0.2519413
1782 0.948016
1783 0.5235935
1784 0.4592157
1785 0.2584762
1786 0.4961247
1787 0.6455997
1788 0.0256662
1789 0.1402644
1790 0.179957
1791 0.1972504
1792 0.8355989
1793 0.4570898
1794 0.2463822
1795 0.04754376
1796 0.3698268
1797 0.04535326
1798 0.3892811
1799 0.04276419
1800 0.5859044
1801 0.1017243
1802 0.3512553
1803 0.08478999
1804 0.03152281
1805 0.7384539
1806 0.5335713
1807 0.05843924
1808 0.4119212
1809 0.9875326
1810 0.7199476
1811 0.1355834
1812 0.7792114
1813 0.346337
1814 0.3440176
1815 0.4527767
1816 0.3737093
1817 0.7085128
1818 0.3505732
1819 0.07616726
1820 0.09900629
1821 0.477518
1822 0.1562289
1823 0.6992998
1824 0.4832734
1825 0.2542507
1826 0.3037563
1827 0.05594035
1828 0.199229
1829 0.835866
1830 0.2315884
1831 0.1066527
1832 0.8634454
1833 0.4803363
1834 0.260485
1835 0.05021685
1836 0.2834307
1837 0.5520888
1838 0.1453746
1839 0.1186598
1840 0.9739846
1841 0.4713389
1842 0.2502168
1843 0.3967248
1844 0.4120293
1845 0.19462
1846 0.3183364
1847 0.47896
1848 0.3166535
1849 0.5413899
1850 0.5268199
1851 0.2115492
1852 0.6520212
1853 0.2710948
1854 0.1214146
1855 0.4964614
1856 0.5227214
1857 0.4376685
1858 0.1919935
1859 0.6888332
1860 0.6902756
1861 0.2208556
1862 0.2537928
1863 0.3999397
1864 0.06678288
1865 0.5676139
1866 0.3382897
1867 0.1562207
1868 0.057379
1869 0.3014577
1870 0.8787051
1871 0.2885571
1872 0.5982136
1873 0.5942417
1874 0.2060304
1875 0.142796
1876 0.6710058
1877 0.2592123
1878 0.6771194
1879 0.2224519
1880 0.3858961
1881 0.195715
1882 0.6381855
1883 0.1558513
1884 0.5858875
1885 0.8147822
1886 0.0782427
1887 0.8150667
1888 0.4397634
1889 0.1787711
1890 0.4702913
1891 0.4374255
1892 0.9601215
1893 0.1535395
1894 0.04950934
1895 0.02724662
1896 0.166135
1897 0.2413218
1898 0.3930856
1899 0.1910094
1900 0.2148357
1901 0.06651411
1902 0.4958401
1903 0.07902539
1904 0.9560357
1905 0.2541857
1906 0.5818292
1907 0.1811792
1908 0.3229478
1909 0.4193189
1910 0.1716016
1911 0.201548
1912 0.9668315
1913 0.1382598
1914 0.652761
1915 0.08864419
1916 0.05977528
1917 0.5154292
1918 0.3828896
1919 0.1928502
1920 0.5481978
1921 0.3666666
1922 0.8944623
1923 0.8515754
1924 0.6424469
1925 0.1677837
1926 0.04467504
1927 0.1074161
1928 0.7480127
1929 0.3118964
1930 0.4591521
1931 0.1303735
1932 0.2013664
1933 0.2383295
1934 0.4963135
1935 0.9740902
1936 0.2691723
1937 0.1708949
1938 0.9379305
1939 0.7782553
1940 0.9451738
1941 0.08344699
1942 0.1719712
1943 0.8275157
1944 0.0548388
1945 0.2376256
1946 0.8185418
1947 0.1138895
1948 0.04547707
1949 0.04528957
1950 0.393834
1951 0.6187164
1952 0.05842771
1953 0.2556431
1954 0.4771398
1955 0.1292096
1956 0.9322978
1957 0.09064928
1958 0.4941632
1959 0.002380416
1960 0.3541944
1961 0.9860507
1962 0.8991932
1963 0.1797255
1964 0.01851709
1965 0.3461478
1966 0.5570757
1967 0.6826835
1968 0.03420093
1969 0.08479971
1970 0.2868099
1971 0.1032685
1972 0.2024519
1973 0.9840803
1974 0.8770286
1975 0.7385254
1976 0.162971
1977 0.850461
1978 0.05105633
1979 0.0670924
1980 0.08021856
1981 0.1248717
1982 0.2401379
1983 0.9190907
1984 0.004525437
1985 0.03879111
1986 0.1679338
1987 0.3557269
1988 0.2751073
1989 0.2520646
1990 0.2459736
1991 0.5600445
1992 0.2464014
1993 0.3191439
1994 0.3080646
1995 0.3510421
1996 0.8029603
1997 0.233262
1998 0.2427716
1999 0.5839595
2000 0.3359882
2001 0.5658797
2002 0.4951854
2003 0.5408514
2004 0.1636862
2005 0.6363219
2006 0.6064968
2007 0.2106554
2008 0.0870644
2009 0.685684
2010 0.199899
2011 0.8908389
2012 0.1300611
2013 0.6875744
2014 0.6294659
2015 0.3128801
2016 0.0838218
2017 0.7182685
2018 0.1430454
2019 0.2785199
2020 0.1780424
2021 0.1212129
2022 0.01279297
2023 0.8175938
2024 0.3614973
2025 0.1094786
2026 0.3330762
2027 0.586258
2028 0.05862029
2029 0.688316
2030 0.03190273
2031 0.3597254
2032 0.1454312
2033 0.1919782
2034 0.05612318
2035 0.07268001
2036 0.3659098
2037 0.1718478
2038 0.3879649
2039 0.2002277
2040 0.1892539
2041 0.136804
2042 0.06453601
2043 0.7825047
2044 0.4600959
2045 0.003247031
2046 0.5810429
2047 0.918595
2048 0.4961027
2049 0.08806023
2050 0.564331
2051 0.4462294
2052 0.1082489
2053 0.313799
2054 0.7337995
2055 0.1392932
2056 0.2255478
2057 0.6199582
2058 0.4157217
2059 0.3581928
2060 0.9693778
2061 0.06216167
2062 0.06881849
2063 0.6360854
2064 0.0101426
2065 0.8787602
2066 0.2980695
2067 0.1106182
2068 0.1128975
2069 0.6808375
2070 0.1785408
2071 0.4511091
2072 0.8099698
2073 0.4645353
2074 0.242547
2075 0.3588481
2076 0.300224
2077 0.008398922
2078 0.2182179
2079 0.5975356
2080 0.3491807
2081 0.1457594
2082 0.68975
2083 0.4264296
2084 0.2166097
2085 0.5558171
2086 0.6436408
2087 0.6754618
2088 0.3363553
2089 0.3127037
2090 0.3874968
2091 0.3437081
2092 0.9157468
2093 0.9623466
2094 0.2079926
2095 0.6707493
2096 0.3382023
2097 0.1955599
2098 0.1635126
2099 0.5677635
2100 0.3103671
2101 0.1574413
2102 0.4416118
2103 0.5940128
2104 0.05226398
2105 0.2090247
2106 0.04460047
2107 0.138122
2108 0.576993
2109 0.1889966
2110 0.5501793
2111 0.03549776
2112 0.9575473
2113 0.6736361
2114 0.297568
2115 0.2836311
2116 0.422496
2117 0.116756
2118 0.01058675
2119 0.2323417
2120 0.3946161
2121 0.1860724
2122 0.5525421
2123 0.007648261
2124 0.2327717
2125 0.9315924
2126 0.1453762
2127 0.1716437
2128 0.7106455
2129 0.01342471
2130 0.1142805
2131 0.3185021
2132 0.5724568
2133 0.3844581
2134 0.1660292
2135 0.4953312
2136 0.1438493
2137 0.2027924
2138 0.092318
2139 0.04653361
2140 0.09704454
2141 0.1931794
2142 0.1992938
2143 0.8198164
2144 0.2165589
2145 0.4102452
2146 0.1179002
2147 0.8426735
2148 0.1557309
2149 0.7402564
2150 0.9453275
2151 0.5652158
2152 0.2921075
2153 0.07845789
2154 0.07571308
2155 0.02517744
2156 0.08411363
2157 0.06512707
2158 0.5338551
2159 0.2552066
2160 0.0483892
2161 0.1158067
2162 0.3532545
2163 0.3188022
2164 0.1463889
2165 0.5931412
2166 0.2208592
2167 0.05154524
2168 0.7801402
2169 0.08899721
2170 0.02934062
2171 0.5461465
2172 0.2982977
2173 0.3085015
2174 0.5958594
2175 0.2698146
2176 0.5545167
2177 0.6280228
2178 0.5951543
2179 0.6113328
2180 0.2170675
2181 0.1768765
2182 0.079252
2183 0.06269454
2184 0.05303443
2185 0.2330041
2186 0.2629242
2187 0.3524267
2188 0.6496889
2189 0.1393864
2190 0.1587572
2191 0.3703708
2192 0.3088465
2193 0.5468912
2194 0.4277173
2195 0.1462175
2196 0.4100898
2197 0.2570478
2198 0.3557381
2199 0.7529536
2200 0.6462941
2201 0.7850597
2202 0.3716218
2203 0.1196833
2204 0.09852395
2205 0.0661593
2206 0.7979324
2207 0.08826297
2208 0.7385167
2209 0.4765234
2210 0.8776278
2211 0.1977115
2212 0.3614145
2213 0.1670291
2214 0.004724778
2215 0.03751066
2216 0.9501206
2217 0.6857618
2218 0.6364244
2219 0.1523999
2220 0.05983448
2221 0.5131432
2222 0.03229031
2223 0.5926644
2224 0.9627097
2225 0.2350351
2226 0.176335
2227 0.6080197
2228 0.1411668
2229 0.9802065
2230 0.1508247
2231 0.4485247
2232 0.1886062
2233 0.08505125
2234 0.2461774
2235 0.8381673
2236 0.8291239
2237 0.544765
2238 0.127321
2239 0.8441984
2240 0.7511149
2241 0.8964901
2242 0.1291763
2243 0.2143067
2244 0.6720072
2245 0.08116379
2246 0.3025669
2247 0.1847169
2248 0.1183432
2249 0.03002845
2250 0.1026339
2251 0.1405354
2252 0.2657334
2253 0.0384614
2254 0.326608
2255 0.1062423
2256 0.07270019
2257 0.456029
2258 0.05252728
2259 0.3407008
2260 0.08162307
2261 0.281672
2262 0.008171624
2263 0.5151913
2264 0.3316359
2265 0.8477069
2266 0.2952901
2267 0.3042244
2268 0.3880475
2269 0.2495033
2270 0.1739664
2271 0.2520513
2272 0.1546197
2273 0.3784178
2274 0.8136846
2275 0.0427665
2276 0.533143
2277 0.09091741
2278 0.2935709
2279 0.7891376
2280 0.5561379
2281 0.7630892
2282 0.2006916
2283 0.06344341
2284 0.1791299
2285 0.0310562
2286 0.1405558
2287 0.9803454
2288 0.2918293
2289 0.6459183
2290 0.6436701
2291 0.7676551
2292 0.5757028
2293 0.1836557
2294 0.1144758
2295 0.9743226
2296 0.1921066
2297 0.1554996
2298 0.3434435
2299 0.6629571
2300 0.5238124
2301 0.9140273
2302 0.6362023
2303 0.3355737
2304 0.4378721
2305 0.07038456
2306 0.8041716
2307 0.2200822
2308 0.02579436
2309 0.2024741
2310 0.1755248
2311 0.3300228
2312 0.04745352
2313 0.7466369
2314 0.4469568
2315 0.7385459
2316 0.666902
2317 0.2916919
2318 0.5541205
2319 0.3311337
2320 0.9619842
2321 0.1664463
2322 0.3131864
2323 0.7867049
2324 0.3367688
2325 0.2217033
2326 0.0840713
2327 0.6529945
2328 0.4579948
2329 0.5464843
2330 0.1644898
2331 0.06026308
2332 0.2399042
2333 0.225545
2334 0.2654491
2335 0.6665137
2336 0.1483947
2337 0.9252023
2338 0.2659626
2339 0.3149687
2340 0.3381068
2341 0.355799
2342 0.5112784
2343 0.02445789
2344 0.8590623
2345 0.7654796
2346 0.7983547
2347 0.9645775
2348 0.8829756
2349 0.1778918
2350 0.822834
2351 0.03127617
2352 0.2706171
2353 0.1843902
2354 0.8974426
2355 0.1102862
2356 0.6044231
2357 0.6617561
2358 0.838611
2359 0.2125828
2360 0.1614076
2361 0.5345072
2362 0.1401248
2363 0.5146453
2364 0.5087648
2365 0.9247078
2366 0.6495387
2367 0.06691989
2368 0.3420257
2369 0.2650317
2370 0.1371066
2371 0.1929712
2372 0.6349278
2373 0.5466166
2374 0.1789828
2375 0.9572236
2376 0.4805703
2377 0.2873738
2378 0.7925071
2379 0.4854236
2380 0.4307211
2381 0.08187397
2382 0.1313771
2383 0.02810701
2384 0.2152385
2385 0.3701988
2386 0.687173
2387 0.1657005
2388 0.4187224
2389 0.1447338
2390 0.4166944
2391 0.5184874
2392 0.691588
2393 0.1287133
2394 0.30403
2395 0.08687597
2396 0.5805104
2397 0.5323964
2398 0.2955713
2399 0.1551556
2400 0.7511798
2401 0.8160679
2402 0.2956664
2403 0.4623907
2404 0.8119633
2405 0.7921195
2406 0.5241737
2407 0.7016354
2408 0.3672169
2409 0.6190607
2410 0.02628715
2411 0.3697361
2412 0.6198223
2413 0.6873264
2414 0.9092717
2415 0.04060002
2416 0.1458983
2417 0.06273004
2418 0.04033908
2419 0.9874478
2420 0.4465164
2421 0.5621462
2422 0.06408868
2423 0.1881687
2424 0.8571066
2425 0.2714662
2426 0.3579182
2427 0.9565597
2428 0.2932525
2429 0.4299216
2430 0.9598623
2431 0.0009757304
2432 0.1772486
2433 0.6718216
2434 0.03883003
2435 0.5677477
2436 0.3889092
2437 0.2397
2438 0.9914473
2439 0.5859286
2440 0.09738989
2441 0.04633993
2442 0.4335225
2443 0.5333707
2444 0.2306386
2445 0.09487462
2446 0.1162788
2447 0.5032763
2448 0.4887469
2449 0.4332788
2450 0.5716263
2451 0.08496996
2452 0.9631253
2453 0.07367841
2454 0.654689
2455 0.784092
2456 0.4081821
2457 0.02112988
2458 0.6349514
2459 0.1278381
2460 0.03332009
2461 0.1156382
2462 0.5045971
2463 0.3779848
2464 0.9236357
2465 0.8626327
2466 0.8464101
2467 0.1229951
2468 0.0635468
2469 0.4980895
2470 0.5349061
2471 0.8451837
2472 0.1503325
2473 0.2744231
2474 0.09341887
2475 0.09639984
2476 0.2269069
2477 0.1327015
2478 0.08244112
2479 0.4523911
2480 0.2749985
2481 0.5744871
2482 0.4249219
2483 0.6180924
2484 0.8209215
2485 0.6359431
2486 0.7513197
2487 0.3244799
2488 0.1268301
2489 0.6604215
2490 0.3094448
2491 0.3948435
2492 0.4713397
2493 0.2315595
2494 0.4621748
2495 0.09895139
2496 0.6014991
2497 0.3586948
2498 0.8021368
2499 0.7469333
2500 0.06004963
2501 0.08114024
2502 0.4498505
2503 0.7438597
2504 0.08540539
2505 0.0009227716
2506 0.4306385
2507 0.02933141
2508 0.1758998
2509 0.8625667
2510 0.05877564
2511 0.8950115
2512 0.5088466
2513 0.7329794
2514 0.8186419
2515 0.005636096
2516 0.06642525
2517 0.5907717
2518 0.3375544
2519 0.4228228
2520 0.9520414
2521 0.08192693
2522 0.4658283
2523 0.2749505
2524 0.8973168
2525 0.5715843
2526 0.2867585
2527 0.4781476
2528 0.953672
2529 0.5118301
2530 0.3868381
2531 0.2758782
2532 0.1185908
2533 0.2963644
2534 0.06849535
2535 0.09429612
2536 0.693126
2537 0.9541142
2538 0.1894435
2539 0.4014592
2540 0.06885617
2541 0.2032748
2542 0.6746685
2543 0.204286
2544 0.130484
2545 0.618519
2546 0.6774947
2547 0.261713
2548 0.5868581
2549 0.3555656
2550 0.5137983
2551 0.3996169
2552 0.5674021
2553 0.09809493
2554 0.2380348
2555 0.1974643
2556 0.2195044
2557 0.1932119
2558 0.6954786
2559 0.5925228
2560 0.09208665
2561 0.1946431
2562 0.07236582
2563 0.1224637
2564 0.5537137
2565 0.3987938
2566 0.199708
2567 0.7878723
2568 0.1459934
2569 0.2971363
2570 0.007065088
2571 0.5540922
2572 0.04008249
2573 0.6636503
2574 0.2238696
2575 0.2962452
2576 0.08089075
2577 0.004391646
2578 0.2637406
2579 0.009305069
2580 0.01950381
2581 0.1026465
2582 0.7811363
2583 0.01640252
2584 0.5051228
2585 0.02976062
2586 0.7309274
2587 0.6864627
2588 0.8478556
2589 0.1465993
2590 0.5724635
2591 0.2340493
2592 0.4308737
2593 0.5154793
2594 0.1387243
2595 0.1401822
2596 0.09458068
2597 0.6310409
2598 0.2757129
2599 0.3515481
2600 0.9048126
2601 0.08487404
2602 0.8018352
2603 0.4678225
2604 0.1516119
2605 0.1339502
2606 0.6482229
2607 0.145642
2608 0.5326156
2609 0.4281201
2610 0.2947757
2611 0.2410381
2612 0.4133155
2613 0.2088665
2614 0.2609466
2615 0.5783566
2616 0.1040307
2617 0.1114348
2618 0.6165334
2619 0.3177917
2620 0.2364584
2621 0.415731
2622 0.5974238
2623 0.3171388
2624 0.6923155
2625 0.2391817
2626 0.3912399
2627 0.5347549
2628 0.5167219
2629 0.2436739
2630 0.3021927
2631 0.2295714
2632 0.164271
2633 0.03488623
2634 0.02787213
2635 0.1675734
2636 0.7104617
2637 0.2273617
2638 0.8266364
2639 0.5973165
2640 0.7404016
2641 0.8537052
2642 0.3574056
2643 0.06390321
2644 0.6259392
2645 0.8428999
2646 0.1502239
2647 0.6754026
2648 0.8921454
2649 0.2556145
2650 0.3357011
2651 0.8040344
2652 0.2308442
2653 0.553208
2654 0.3709774
2655 0.4811636
2656 0.113084
2657 0.4213533
2658 0.9731644
2659 0.2123754
2660 0.4412907
2661 0.3368537
2662 0.3744533
2663 0.04596129
2664 0.1792432
2665 0.3017664
2666 0.493726
2667 0.5344682
2668 0.4261322
2669 0.7698274
2670 0.540812
2671 0.877037
2672 0.5009069
2673 0.2127831
2674 0.3847463
2675 0.890681
2676 0.20408
2677 0.3006021
2678 0.1666366
2679 0.3335324
2680 0.2005237
2681 0.5918058
2682 0.1165067
2683 0.02246208
2684 0.2335495
2685 0.188646
2686 0.3730886
2687 0.2637621
2688 0.138789
2689 0.1671205
2690 0.3394349
2691 0.09333633
2692 0.7095081
2693 0.8410449
2694 0.2861984
2695 0.1176126
2696 0.3999173
2697 0.2358126
2698 0.2814082
2699 0.1909085
2700 0.2443882
2701 0.5117588
2702 0.4460426
2703 0.4683481
2704 0.2209974
2705 0.8348666
2706 0.2187967
2707 0.5554404
2708 0.8058601
2709 0.1334362
2710 0.6988943
2711 0.3632037
2712 0.01667764
2713 0.331964
2714 0.9664766
2715 0.09768668
2716 0.4043594
2717 0.0547681
2718 0.1134949
2719 0.09785765
2720 0.8627356
2721 0.05084144
2722 0.2987125
2723 0.02268048
2724 0.3591252
2725 0.2777455
2726 0.5235155
2727 0.6426801
2728 0.5204306
2729 0.1384842
2730 0.2855164
2731 0.08909308
2732 0.04597251
2733 0.02374476
2734 0.5773573
2735 0.5555737
2736 0.0728781
2737 0.09716186
2738 0.07635313
2739 0.09705459
2740 0.5134455
2741 0.2478013
2742 0.04677703
2743 0.7324179
2744 0.712746
2745 0.2877601
2746 0.4211232
2747 0.1915767
2748 0.4271207
2749 0.489097
2750 0.7590391
2751 0.362294
2752 0.01310878
2753 0.8325413
2754 0.1841393
2755 0.2327253
2756 0.2384784
2757 0.09137697
2758 0.9268923
2759 0.263747
2760 0.08236313
2761 0.05189024
2762 0.07533353
2763 0.03853909
2764 0.01081613
2765 0.9484158
2766 0.5165793
2767 0.2763604
2768 0.9797178
2769 0.6680061
2770 0.3062746
2771 0.1644075
2772 0.0913145
2773 0.3148164
2774 0.02126658
2775 0.03332822
2776 0.06864207
2777 0.3449269
2778 0.4599005
2779 0.4300724
2780 0.06618717
2781 0.5479385
2782 0.2831907
2783 0.05391352
2784 0.5980433
2785 0.752298
2786 0.09680048
2787 0.9876773
2788 0.1927917
2789 0.3942316
2790 0.007894637
2791 0.07295186
2792 0.6088777
2793 0.434331
2794 0.4199238
2795 0.5295568
2796 0.6594546
2797 0.4009242
2798 0.5393007
2799 0.02131837
2800 0.07024316
2801 0.2196411
2802 0.197949
2803 0.01735823
2804 0.1992041
2805 0.6800557
2806 0.1531953
2807 0.7612233
2808 0.08505738
2809 0.5054583
2810 0.4212351
2811 0.8965954
2812 0.8765715
2813 0.2859481
2814 0.03399954
2815 0.08462626
2816 0.4934897
2817 0.1742173
2818 0.1274799
2819 0.2467114
2820 0.4948253
2821 0.2051667
2822 0.1085958
2823 0.4066814
2824 0.9511648
2825 0.2310639
2826 0.5590287
2827 0.8153114
2828 0.861151
2829 0.02058671
2830 0.8520472
2831 0.7603098
2832 0.7428723
2833 0.2067941
2834 0.6042952
2835 0.2690075
2836 0.4202059
2837 0.6713282
2838 0.3541364
2839 0.736838
2840 0.04494625
2841 0.1310443
2842 0.1599893
2843 0.02792005
2844 0.01200269
2845 0.3102837
2846 0.8381917
2847 0.4027616
2848 0.05216053
2849 0.1835999
2850 0.2356565
2851 0.3785602
2852 0.1054021
2853 0.1412288
2854 0.1788112
2855 0.02488526
2856 0.3225567
2857 0.863937
2858 0.06430272
2859 0.1964737
2860 0.8461455
2861 0.6113064
2862 0.2997492
2863 0.2732169
2864 0.2544084
2865 0.3779076
2866 0.2839306
2867 0.0437493
2868 0.03967447
2869 0.2051455
2870 0.2042359
2871 0.3219356
2872 0.9807039
2873 0.7627542
2874 0.4379237
2875 0.4162981
2876 0.04104172
2877 0.1951266
2878 0.4587891
2879 0.04253619
2880 0.1241875
2881 0.9822225
2882 0.1173829
2883 0.06816575
2884 0.09064259
2885 0.07043799
2886 0.809357
2887 0.1243846
2888 0.6237164
2889 0.02816426
2890 0.628704
2891 0.7793967
2892 0.0396399
2893 0.1601111
2894 0.5901871
2895 0.679544
2896 0.2626782
2897 0.6688781
2898 0.0334767
2899 0.4802839
2900 0.1479631
2901 0.4819149
2902 0.2186236
2903 0.2976963
2904 0.6181245
2905 0.7124546
2906 0.1667198
2907 0.272988
2908 0.02617283
2909 0.1527967
2910 0.5096926
2911 0.2631505
2912 0.3790215
2913 0.1671948
2914 0.9856292
2915 0.5895188
2916 0.3405712
2917 0.6457798
2918 0.04813702
2919 0.931473
2920 0.07321292
2921 0.3160199
2922 0.002017692
2923 0.2617296
2924 0.4696289
2925 0.5975191
2926 0.9682122
2927 0.2113908
2928 0.6822954
2929 0.04887631
2930 0.7041296
2931 0.3691642
2932 0.4780585
2933 0.3200195
2934 0.2264233
2935 0.04873994
2936 0.09506596
2937 0.2516067
2938 0.8008669
2939 0.8582174
2940 0.7847421
2941 0.03713779
2942 0.3397378
2943 0.1919609
2944 0.2741894
2945 0.4641221
2946 0.1047091
2947 0.07701792
2948 0.5364559
2949 0.5418062
2950 0.1634391
2951 0.3499795
2952 0.2009982
2953 0.5271366
2954 0.2729883
2955 0.1968664
2956 0.1076071
2957 0.3038749
2958 0.8881219
2959 0.9127276
2960 0.1650637
2961 0.3926298
2962 0.4181545
2963 0.4603297
2964 0.1199686
2965 0.03352666
2966 0.2052569
2967 0.486813
2968 0.654477
2969 0.4193056
2970 0.07195227
2971 0.5719355
2972 0.04172279
2973 0.4023392
2974 0.2091526
2975 0.09016028
2976 0.1610966
2977 0.01821823
2978 0.1185716
2979 0.969311
2980 0.5851859
2981 0.9397734
2982 0.5200377
2983 0.2856169
2984 0.1863814
2985 0.5525896
2986 0.3759957
2987 0.3881735
2988 0.03461065
2989 0.2932479
2990 0.7121651
2991 0.03123594
2992 0.4839399
2993 0.02569084
2994 0.2114981
2995 0.5106698
2996 0.05418196
2997 0.1375078
2998 0.6632418
2999 0.8443253
3000 0.2683168
3001 0.1773576
3002 0.2814107
3003 0.1594871
3004 0.1118066
3005 0.7556524
3006 0.03031129
3007 0.2369269
3008 0.087288
3009 0.1876388
3010 0.8184268
3011 0.1775683
3012 0.01046069
3013 0.25065
3014 0.4143905
3015 0.5730323
3016 0.1983221
3017 0.6769184
3018 0.01226205
3019 0.3561365
3020 0.2233072
3021 0.4850714
3022 0.2434408
3023 0.2694643
3024 0.4250078
3025 0.1852485
3026 0.8976632
3027 0.06256011
3028 0.2767384
3029 0.05592023
3030 0.9919127
3031 0.2941771
3032 0.01793396
3033 0.04004194
3034 0.02977765
3035 0.6354259
3036 0.1616451
3037 0.2708139
3038 0.4129094
3039 0.839559
3040 0.3172058
3041 0.3683562
3042 0.3563027
3043 0.416686
3044 0.3309621
3045 0.326257
3046 0.684131
3047 0.3517187
3048 0.03296238
3049 0.2000282
3050 0.1016173
3051 0.5202165
3052 0.3198717
3053 0.2677657
3054 0.5014753
3055 0.06552228
3056 0.5107597
3057 0.8909723
3058 0.3487489
3059 0.2802693
3060 0.7878831
3061 0.7744375
3062 0.8607732
3063 0.05180269
3064 0.2782003
3065 0.4274212
3066 0.764914
3067 0.5505782
3068 0.01617148
3069 0.1427578
3070 0.2249564
3071 0.5555927
3072 0.596606
3073 0.3907283
3074 0.6544123
3075 0.2516098
3076 0.3032705
3077 0.283647
3078 0.1858428
3079 0.6836814
3080 0.08769914
3081 0.7646872
3082 0.349444
3083 0.2073081
3084 0.05446154
3085 0.2369235
3086 0.07573852
3087 0.01454678
3088 0.224637
3089 0.5008627
3090 0.4200503
3091 0.2452233
3092 0.6468655
3093 0.3267055
3094 0.2572706
3095 0.6680188
3096 0.1477818
3097 0.7702418
3098 0.08102455
3099 0.1183686
3100 0.2967602
3101 0.2160945
3102 0.4208599
3103 0.3016105
3104 0.6636049
3105 0.1245758
3106 0.3692516
3107 0.4500866
3108 0.2250171
3109 0.3681098
3110 0.3587647
3111 0.7354478
3112 0.2990906
3113 0.6697647
3114 0.9390549
3115 0.6178249
3116 0.2170172
3117 0.07506847
3118 0.09140024
3119 0.08468707
3120 0.01484724
3121 0.712533
3122 0.06403786
3123 0.6227574
3124 0.5807717
3125 0.1711055
3126 0.6418095
3127 0.2792449
3128 0.1625334
3129 0.5451469
3130 0.1430014
3131 0.3665321
3132 0.9199424
3133 0.06879439
3134 0.2768439
3135 0.4271883
3136 0.001635469
3137 0.9519646
3138 0.04281083
3139 0.08026232
3140 0.1325
3141 0.2165633
3142 0.7373176
3143 0.188198
3144 0.8458518
3145 0.07082743
3146 0.04292302
3147 0.1257795
3148 0.5473327
3149 0.5151216
3150 0.3280053
3151 0.308318
3152 0.1499682
3153 0.6818385
3154 0.3133452
3155 0.6138204
3156 0.2775645
3157 0.2277422
3158 0.3451343
3159 0.9375827
3160 0.02000556
3161 0.4192884
3162 0.2590228
3163 0.5486367
3164 0.2667908
3165 0.01632295
3166 0.5768915
3167 0.9980601
3168 0.09622344
3169 0.9894216
3170 0.3579768
3171 0.1107618
3172 0.0823447
3173 0.8558514
3174 0.2688708
3175 0.1586912
3176 0.1859224
3177 0.8255326
3178 0.1932728
3179 0.5309251
3180 0.2358074
3181 0.5726989
3182 0.1450228
3183 0.771525
3184 0.4917625
3185 0.7393144
3186 0.6220355
3187 0.2717905
3188 0.55697
3189 0.3385152
3190 0.4883215
3191 0.08403074
3192 0.5981138
3193 0.7162021
3194 0.3855069
3195 0.8595038
3196 0.2917199
3197 0.3123873
3198 0.7138105
3199 0.6608018
3200 0.5266415
3201 0.01084557
3202 0.2284582
3203 0.7915956
3204 0.8885136
3205 0.892412
3206 0.3002669
3207 0.1596802
3208 0.4332703
3209 0.4716723
3210 0.03087526
3211 0.7204783
3212 0.06383095
3213 0.9264364
3214 0.1527631
3215 0.7195314
3216 0.2035523
3217 0.8732969
3218 0.9165515
3219 0.05211512
3220 0.1552373
3221 0.1944697
3222 0.6214608
3223 0.7368938
3224 0.2474804
3225 0.30245
3226 0.4749284
3227 0.01936854
3228 0.3383703
3229 0.7493537
3230 0.1049552
3231 0.06351182
3232 0.6397038
3233 0.4268588
3234 0.4721661
3235 0.03232335
3236 0.05461772
3237 0.1190549
3238 0.257899
3239 0.1993296
3240 0.2359557
3241 0.9586612
3242 0.1880416
3243 0.1009676
3244 0.281989
3245 0.7756619
3246 0.6332787
3247 0.115551
3248 0.03814289
3249 0.1154419
3250 0.08491384
3251 0.2292746
3252 0.239062
3253 0.1857999
3254 0.2489315
3255 0.4197933
3256 0.3047879
3257 0.9293176
3258 0.3772581
3259 0.2776669
3260 0.3238984
3261 0.100445
3262 0.2647004
3263 0.03819024
3264 0.9508267
3265 0.3850859
3266 0.4436256
3267 0.07849309
3268 0.7995854
3269 0.2100816
3270 0.9514253
3271 0.3130854
3272 0.2020726
3273 0.3639963
3274 0.5173363
3275 0.7124703
3276 0.6098336
3277 0.1267981
3278 0.103957
3279 0.994522
3280 0.5401581
3281 0.6070552
3282 0.7005794
3283 0.4958651
3284 0.03820542
3285 0.1968243
3286 0.3723587
3287 0.4111182
3288 0.6253182
3289 0.4145018
3290 0.382014
3291 0.1333016
3292 0.1645702
3293 0.7009892
3294 0.8414291
3295 0.2230373
3296 0.3563665
3297 0.1619567
3298 0.2113493
3299 0.27618
3300 0.1455205
3301 0.1628775
3302 0.3364502
3303 0.6582978
3304 0.7360256
3305 0.3502479
3306 0.07919785
3307 0.4394187
3308 0.23492
3309 0.2088769
3310 0.4025233
3311 0.8789497
3312 0.9168423
3313 0.3647824
3314 0.07279051
3315 0.1259634
3316 0.2632267
3317 0.2413659
3318 0.2708022
3319 0.8350599
3320 0.02631253
3321 0.08620092
3322 0.9221456
3323 0.4525847
3324 0.0976593
3325 0.3520127
3326 0.1143795
3327 0.5843309
3328 0.829467
3329 0.2677596
3330 0.2455096
3331 0.2884228
3332 0.501818
3333 0.07416041
3334 0.3475952
3335 0.4804838
3336 0.5777605
3337 0.4170082
3338 0.7442424
3339 0.3292313
3340 0.4037135
3341 0.4064538
3342 0.1418932
3343 0.08738879
3344 0.1434923
3345 0.4305205
3346 0.02174229
3347 0.5137598
3348 0.02747253
3349 0.1439131
3350 0.7153205
3351 0.2609782
3352 0.09095071
3353 0.5506932
3354 0.2700483
3355 0.506748
3356 0.2757924
3357 0.1261321
3358 0.7671285
3359 0.49484
3360 0.9301222
3361 0.4084058
3362 0.4357651
3363 0.2158406
3364 0.5033082
3365 0.7538061
3366 0.2133096
3367 0.1497951
3368 0.529104
3369 0.8251427
3370 0.3065004
3371 0.592023
3372 0.1128401
3373 0.04496988
3374 0.9845072
3375 0.3083003
3376 0.7053083
3377 0.05304798
3378 0.2790382
3379 0.0370905
3380 0.5914592
3381 0.9017735
3382 0.2018747
3383 0.6981184
3384 0.05517485
3385 0.4435094
3386 0.0206567
3387 0.0650674
3388 0.8690939
3389 0.8806196
3390 0.05674625
3391 0.3485382
3392 0.8796089
3393 0.3415811
3394 0.1353328
3395 0.151817
3396 0.4267174
3397 0.2363905
3398 0.02111786
3399 0.5575628
3400 0.6802538
3401 0.2221251
3402 0.07984639
3403 0.2720535
3404 0.4152365
3405 0.4493672
3406 0.5714083
3407 0.6660753
3408 0.260063
3409 0.04006869
3410 0.06851072
3411 0.2209196
3412 0.2108812
3413 0.3791908
3414 0.3136911
3415 0.7271631
3416 0.245839
3417 0.7235298
3418 0.7680068
3419 0.6360784
3420 0.5260533
3421 0.2753605
3422 0.4884055
3423 0.1487686
3424 0.1516329
3425 0.1617985
3426 0.1060813
3427 0.2965843
3428 0.7811708
3429 0.3814109
3430 0.9727848
3431 0.1125451
3432 0.7214933
3433 0.1266589
3434 0.6569088
3435 0.08463238
3436 0.5098398
3437 0.07443302
3438 0.184835
3439 0.1824014
3440 0.1339527
3441 0.6484295
3442 0.03424076
3443 0.5041214
3444 0.1959699
3445 0.1652181
3446 0.1077165
3447 0.91048
3448 0.07688558
3449 0.5219463
3450 0.2656102
3451 0.2757123
3452 0.1749799
3453 0.5090742
3454 0.9273256
3455 0.6902993
3456 0.4760613
3457 0.6860626
3458 0.3389525
3459 0.3643811
3460 0.6606958
3461 0.3642785
3462 0.5747164
3463 0.1870881
3464 0.7185424
3465 0.02429316
3466 0.3409666
3467 0.1214566
3468 0.1201665
3469 0.2418295
3470 0.9100702
3471 0.4762204
3472 0.06064068
3473 0.1782013
3474 0.1840117
3475 0.7974077
3476 0.2344436
3477 0.3018215
3478 0.2405969
3479 0.6008691
3480 0.8893602
3481 0.1062201
3482 0.2610293
3483 0.414723
3484 0.845152
3485 0.5858199
3486 0.9991342
3487 0.04583634
3488 0.1247172
3489 0.3848281
3490 0.3783954
3491 0.07495512
3492 0.4123131
3493 0.7180088
3494 0.0328779
3495 0.2808065
3496 0.5724548
3497 0.748191
3498 0.5790282
3499 0.2511343
3500 0.9362252
3501 0.07267126
3502 0.9018844
3503 0.1160546
3504 0.06859923
3505 0.2729993
3506 0.01317945
3507 0.7427917
3508 0.2669362
3509 0.04942408
3510 0.1535451
3511 0.2631515
3512 0.08811965
3513 0.4995524
3514 0.2066044
3515 0.3574831
3516 0.2567197
3517 0.9653887
3518 0.1041472
3519 0.6024449
3520 0.7017868
3521 0.9322727
3522 0.6020454
3523 0.8340038
3524 0.5958455
3525 0.1679224
3526 0.7932799
3527 0.3851711
3528 0.6612269
3529 0.7762899
3530 0.738181
3531 0.8712058
3532 0.2371091
3533 0.4011724
3534 0.4722374
3535 0.64667
3536 0.6326487
3537 0.60791
3538 0.01929232
3539 0.2654228
3540 0.1349807
3541 0.1509791
3542 0.3150675
3543 0.4567454
3544 0.3528441
3545 0.5037452
3546 0.5589724
3547 0.0507378
3548 0.2751287
3549 0.1203741
3550 0.1809115
3551 0.5882005
3552 0.4748681
3553 0.0763395
3554 0.5033126
3555 0.9278803
3556 0.1834529
3557 0.1054234
3558 0.426076
3559 0.01445308
3560 0.4095429
3561 0.212491
3562 0.2527141
3563 0.6988031
3564 0.5430613
3565 0.5545666
3566 0.2036878
3567 0.05418489
3568 0.09320808
3569 0.1631532
3570 0.3169816
3571 0.3357666
3572 0.3327754
3573 0.3657705
3574 0.0311104
3575 0.1329744
3576 0.5497673
3577 0.2407813
3578 0.07759712
3579 0.4146709
3580 0.002083374
3581 0.06857514
3582 0.454612
3583 0.7780562
3584 0.5131906
3585 0.7720647
3586 0.2105717
3587 0.2613505
3588 0.03310933
3589 0.6274522
3590 0.8104856
3591 0.7638941
3592 0.2429914
3593 0.123754
3594 0.1342749
3595 0.6527343
3596 0.3750357
3597 0.9838982
3598 0.3692354
3599 0.1166429
3600 0.2420868
3601 0.3912575
3602 0.5164021
3603 0.4909128
3604 0.568154
3605 0.02581202
3606 0.3093201
3607 0.2150816
3608 0.1620268
3609 0.1970846
3610 0.3569106
3611 0.01235753
3612 0.271322
3613 0.8606662
3614 0.409644
3615 0.1424542
3616 0.4832114
3617 0.4173089
3618 0.5182132
3619 0.2281627
3620 0.009061665
3621 0.5056753
3622 0.6340597
3623 0.2131224
3624 0.2000863
3625 0.5252697
3626 0.2092481
3627 0.2021864
3628 0.09035781
3629 0.04557143
3630 0.1964873
3631 0.7993191
3632 0.3541604
3633 0.2931097
3634 0.07404306
3635 0.5172403
3636 0.1964382
3637 0.3046149
3638 0.3106976
3639 0.1731181
3640 0.2823562
3641 0.1067277
3642 0.0179721
3643 0.5769452
3644 0.6452094
3645 0.5007111
3646 0.1877539
3647 0.05768573
3648 0.1071982
3649 0.01863639
3650 0.3772194
3651 0.5728267
3652 0.4585339
3653 0.6472345
3654 0.05440506
3655 0.1787315
3656 0.8984964
3657 0.177053
3658 0.143901
3659 0.8656378
3660 0.3008179
3661 0.5269262
3662 0.1274529
3663 0.6313166
3664 0.305783
3665 0.172764
3666 0.03025914
3667 0.2524412
3668 0.9760763
3669 0.9942607
3670 0.9639175
3671 0.07802009
3672 0.7771744
3673 0.8202731
3674 0.9762359
3675 0.9337113
3676 0.1350078
3677 0.8688157
3678 0.4360068
3679 0.7342504
3680 0.1108237
3681 0.3598826
3682 0.1518378
3683 0.2849251
3684 0.8272713
3685 0.4874167
3686 0.06300252
3687 0.09431342
3688 0.7060924
3689 0.9213659
3690 0.0793886
3691 0.2137181
3692 0.08611842
3693 0.4199192
3694 0.5203396
3695 0.1479474
3696 0.1195032
3697 0.9124938
3698 0.02125261
3699 0.02499755
3700 0.5358272
3701 0.008366909
3702 0.08253712
3703 0.8796137
3704 0.3661365
3705 0.05283575
3706 0.01505864
3707 0.3258704
3708 0.2575503
3709 0.09819756
3710 0.9157429
3711 0.275766
3712 0.7534829
3713 0.9576104
3714 0.2411442
3715 0.4413936
3716 0.9669097
3717 0.06701282
3718 0.6627462
3719 0.006856141
3720 0.8575445
3721 0.8573034
3722 0.8631193
3723 0.574421
3724 0.3928301
3725 0.130073
3726 0.5465828
3727 0.03578403
3728 0.6502634
3729 0.5594074
3730 0.1334731
3731 0.181444
3732 0.3375483
3733 0.9327519
3734 0.6581587
3735 0.5552521
3736 0.4237522
3737 0.05294459
3738 0.4720614
3739 0.9713067
3740 0.6930817
3741 0.06838381
3742 0.9357188
3743 0.1153297
3744 0.7159377
3745 0.003221633
3746 0.01319224
3747 0.02909951
3748 0.3377038
3749 0.1196123
3750 0.1069075
3751 0.709348
3752 0.4815928
3753 0.7077754
3754 0.3090251
3755 0.8358306
3756 0.8463561
3757 0.886364
3758 0.3158632
3759 0.02422431
3760 0.6931047
3761 0.5506748
3762 0.1342143
3763 0.3907867
3764 0.1326192
3765 0.0501886
3766 0.6192833
3767 0.1815547
3768 0.1662173
3769 0.5467186
3770 0.1452413
3771 0.6758183
3772 0.9169647
3773 0.2744984
3774 0.1750615
3775 0.3538679
3776 0.4316664
3777 0.446418
3778 0.1423088
3779 0.05025622
3780 0.04865544
3781 0.08808635
3782 0.2860663
3783 0.05838451
3784 0.04430584
3785 0.1030196
3786 0.05733222
3787 0.6879134
3788 0.3547668
3789 0.9295048
3790 0.2743373
3791 0.9203763
3792 0.494224
3793 0.276666
3794 0.4523577
3795 0.2705753
3796 0.9599362
3797 0.3483483
3798 0.0458162
3799 0.1536159
3800 0.7253329
3801 0.8997941
3802 0.3955912
3803 0.04149
3804 0.8965799
3805 0.9146134
3806 0.4727325
3807 0.4105833
3808 0.05541393
3809 0.7843901
3810 0.3191672
3811 0.69426
3812 0.053458
3813 0.8456963
3814 0.9542862
3815 0.1264035
3816 0.7113632
3817 0.7202425
3818 0.2016855
3819 0.8508054
3820 0.2688962
3821 0.6006678
3822 0.9628965
3823 0.7491247
3824 0.1396361
3825 0.4176691
3826 0.9956181
3827 0.9913653
3828 0.3271839
3829 0.8544092
3830 0.04344229
3831 0.4854558
3832 0.2257158
3833 0.09335764
3834 0.0974956
3835 0.5563284
3836 0.1207765
3837 0.2506922
3838 0.0748792
3839 0.34536
3840 0.2385028
3841 0.2829073
3842 0.73567
3843 0.04436504
3844 0.9783123
3845 0.4820423
3846 0.1098113
3847 0.59354
3848 0.2461982
3849 0.1296856
3850 0.07638159
3851 0.6918199
3852 0.4582807
3853 0.0552003
3854 0.6518231
3855 0.04757525
3856 0.1337319
3857 0.8940408
3858 0.4509178
3859 0.121143
3860 0.7895166
3861 0.5798348
3862 0.4125792
3863 0.796433
3864 0.3124209
3865 0.4814853
3866 0.5375069
3867 0.05553096
3868 0.747564
3869 0.8510083
3870 0.1320444
3871 0.06045375
3872 0.2779953
3873 0.3022615
3874 0.001623095
3875 0.4272106
3876 0.7703365
3877 0.608512
3878 0.4882526
3879 0.19597
3880 0.1316294
3881 0.4894342
3882 0.08359366
3883 0.5964465
3884 0.1728776
3885 0.3477757
3886 0.2474998
3887 0.171603
3888 0.106939
3889 0.04580878
3890 0.8607314
3891 0.1726149
3892 0.9164901
3893 0.5042887
3894 0.07106965
3895 0.05321424
3896 0.5204834
3897 0.2096734
3898 0.3583136
3899 0.1704387
3900 0.9437304
3901 0.1035792
3902 0.4401139
3903 0.3752796
3904 0.414535
3905 0.4315107
3906 0.2974031
3907 0.7467688
3908 0.311671
3909 0.08307999
3910 0.7290232
3911 0.9465471
3912 0.9452683
3913 0.1823845
3914 0.04746003
3915 0.1500799
3916 0.4321774
3917 0.3020935
3918 0.4708977
3919 0.936118
3920 0.3717577
3921 0.2436846
3922 0.5980306
3923 0.06871963
3924 0.2224341
3925 0.9066983
3926 0.7953847
3927 0.9710188
3928 0.5535858
3929 0.2819444
3930 0.06430653
3931 0.3311243
3932 0.5620552
3933 0.1051483
3934 0.6114783
3935 0.5355237
3936 0.9916879
3937 0.2629163
3938 0.07953277
3939 0.4764481
3940 0.1157355
3941 0.06543068
3942 0.07534542
3943 0.0397261
3944 0.2116972
3945 0.9918747
3946 0.4701417
3947 0.1294612
3948 0.1865728
3949 0.5873143
3950 0.3967328
3951 0.8220907
3952 0.01955484
3953 0.1507093
3954 0.9155636
3955 0.9825054
3956 0.07842421
3957 0.4737768
3958 0.09187074
3959 0.2503882
3960 0.5678323
3961 0.7168519
3962 0.2603243
3963 0.3426299
3964 0.4639076
3965 0.1183165
3966 0.1859719
3967 0.1543186
3968 0.1706529
3969 0.1805067
3970 0.05381766
3971 0.2867618
3972 0.6187356
3973 0.5590953
3974 0.003721411
3975 0.1737514
3976 0.07354916
3977 0.4123318
3978 0.23536
3979 0.2077445
3980 0.1815084
3981 0.5366396
3982 0.7669817
3983 0.2989953
3984 0.03108906
3985 0.4258125
3986 0.9997349
3987 0.7084913
3988 0.4541369
3989 0.02484531
3990 0.203325
3991 0.01306738
3992 0.1787311
3993 0.9926642
3994 0.8083009
3995 0.256946
3996 0.7834565
3997 0.2383558
3998 0.09757967
3999 0.02568528
4000 0.4792207
4001 0.08214384
4002 0.1368654
4003 0.3489616
4004 0.04271033
4005 0.2088743
4006 0.6537267
4007 0.2678155
4008 0.7512272
4009 0.07122062
4010 0.5551421
4011 0.4319495
4012 0.5113866
4013 0.5340521
4014 0.007142786
4015 0.4960057
4016 0.0804781
4017 0.2346148
4018 0.200762
4019 0.8246251
4020 0.1806982
4021 0.5585419
4022 0.006575958
4023 0.04074897
4024 0.8532697
4025 0.3144061
4026 0.6061651
4027 0.4900644
4028 0.2637664
4029 0.02379119
4030 0.08534665
4031 0.3458032
4032 0.110259
4033 0.7204976
4034 0.3059284
4035 0.1096931
4036 0.748429
4037 0.8744987
4038 0.4133952
4039 0.2618065
4040 0.4936844
4041 0.1100888
4042 0.6365749
4043 0.8856787
4044 0.4987657
4045 0.1422697
4046 0.1425704
4047 0.3159445
4048 0.09554019
4049 0.2591037
4050 0.2311916
4051 0.4502794
4052 0.3566308
4053 0.1474132
4054 0.2243368
4055 0.562009
4056 0.03767324
4057 0.5679966
4058 0.1751607
4059 0.5634199
4060 0.7538872
4061 0.6379189
4062 0.3831325
4063 0.3819512
4064 0.8380341
4065 0.2258765
4066 0.05971622
4067 0.0650515
4068 0.7968523
4069 0.09539436
4070 0.01381965
4071 0.5005109
4072 0.3022798
4073 0.2946284
4074 0.1785548
4075 0.7600377
4076 0.9154191
4077 0.1850483
4078 0.9627657
4079 0.4464986
4080 0.6949767
4081 0.4614417
4082 0.02808626
4083 0.8907765
4084 0.9210544
4085 0.9942525
4086 0.422132
4087 0.2977941
4088 0.1975675
4089 0.02381337
4090 0.04057554
4091 0.1043686
4092 0.04027254
4093 0.03790524
4094 0.4829616
4095 0.6837393
4096 0.03496939
4097 0.7217872
4098 0.4232458
4099 0.1110902
4100 0.8676601
4101 0.1326012
4102 0.1317543
4103 0.1055374
4104 0.02580003
4105 0.1159515
4106 0.005388705
4107 0.3192855
4108 0.4988534
4109 0.7427972
4110 0.1341098
4111 0.1041042
4112 0.1474498
4113 0.1857426
4114 0.1850188
4115 0.1445389
4116 0.07923709
4117 0.2210468
4118 0.07729183
4119 0.2450094
4120 0.5569948
4121 0.08573606
4122 0.3850329
4123 0.6234975
4124 0.2970626
4125 0.4864813
4126 0.1269803
4127 0.122949
4128 0.2970023
4129 0.4423992
4130 0.4784286
4131 0.8589855
4132 0.8090363
4133 0.1875362
4134 0.4033703
4135 0.09097692
4136 0.10554
4137 0.5343294
4138 0.3505551
4139 0.6516889
4140 0.501175
4141 0.2343756
4142 0.6574328
4143 0.5127306
4144 0.08581889
4145 0.3928264
4146 0.0720862
4147 0.6645534
4148 0.5012221
4149 0.289364
4150 0.6287741
4151 0.7639361
4152 0.183617
4153 0.4867443
4154 0.2202211
4155 0.8842558
4156 0.3477536
4157 0.288577
4158 0.6537489
4159 0.1667205
4160 0.2710884
4161 0.1817524
4162 0.1346085
4163 0.1435261
4164 0.1600585
4165 0.1398646
4166 0.2132474
4167 0.5490439
4168 0.2359462
4169 0.6225351
4170 0.1527543
4171 0.3824784
4172 0.5492851
4173 0.3431279
4174 0.6062852
4175 0.1115264
4176 0.7186541
4177 0.04807911
4178 0.7054621
4179 0.1158066
4180 0.005562576
4181 0.4526003
4182 0.1051238
4183 0.5546014
4184 0.3057178
4185 0.1179343
4186 0.1685445
4187 0.1208603
4188 0.4064032
4189 0.3863377
4190 0.6615392
4191 0.04815939
4192 0.01199783
4193 0.1078464
4194 0.9962718
4195 0.5016583
4196 0.5468473
4197 0.6402312
4198 0.3750083
4199 0.7752677
4200 0.8446475
4201 0.5063877
4202 0.1785994
4203 0.8253153
4204 0.09169543
4205 0.02672229
4206 0.5905837
4207 0.847244
4208 0.3540063
4209 0.344021
4210 0.3108005
4211 0.3793448
4212 0.119381
4213 0.7107186
4214 0.9184991
4215 0.05061669
4216 0.940279
4217 0.05927925
4218 0.9315859
4219 0.9528466
4220 0.004089904
4221 0.2241709
4222 0.7638185
4223 0.340905
4224 0.3563913
4225 0.8530025
4226 0.0693845
4227 0.876218
4228 0.9683153
4229 0.7632858
4230 0.08489501
4231 0.6905924
4232 0.2745247
4233 0.04871059
4234 0.1595882
4235 0.8218268
4236 0.1690103
4237 0.2830825
4238 0.1164262
4239 0.6398173
4240 0.9155943
4241 0.3228717
4242 0.5255686
4243 0.9963225
4244 0.1634089
4245 0.4437106
4246 0.09845715
4247 0.2600145
4248 0.4687057
4249 0.1430721
4250 0.1629066
4251 0.1066384
4252 0.8655796
4253 0.550586
4254 0.530517
4255 0.3762699
4256 0.3826036
4257 0.2248247
4258 0.2826272
4259 0.6832203
4260 0.9086146
4261 0.5740897
4262 0.5081967
4263 0.2731848
4264 0.2099496
4265 0.4504542
4266 0.4034911
4267 0.1801675
4268 0.4443383
4269 0.4658412
4270 0.5798702
4271 0.6125777
4272 0.7292055
4273 0.02640884
4274 0.4802705
4275 0.06631614
4276 0.4040174
4277 0.08499687
4278 0.1820418
4279 0.8958331
4280 0.09166206
4281 0.1660768
4282 0.2031295
4283 0.8286527
4284 0.2948574
4285 0.9343084
4286 0.1494798
4287 0.1964096
4288 0.2933763
4289 0.03493961
4290 0.06635397
4291 0.9685527
4292 0.9232408
4293 0.08889827
4294 0.6720684
4295 0.2561908
4296 0.1224658
4297 0.2478168
4298 0.8829165
4299 0.4528905
4300 0.4933352
4301 0.09884296
4302 0.1709861
4303 0.5351097
4304 0.2317309
4305 0.02900545
4306 0.7595554
4307 0.1941959
4308 0.6205136
4309 0.1686877
4310 0.0293736
4311 0.03782315
4312 0.3834971
4313 0.6493393
4314 0.2164213
4315 0.008716079
4316 0.9117786
4317 0.05054526
4318 0.03498536
4319 0.6366074
4320 0.9395085
4321 0.1228344
4322 0.6464897
4323 0.1432252
4324 0.228277
4325 0.6338705
4326 0.4108448
4327 0.4879855
4328 0.627171
4329 0.2491855
4330 0.3456027
4331 0.07996675
4332 0.4606124
4333 0.4350638
4334 0.5153513
4335 0.0133612
4336 0.8951465
4337 0.5962652
4338 0.09647061
4339 0.2998895
4340 0.1373553
4341 0.3830785
4342 0.2502294
4343 0.006785928
4344 0.5350941
4345 0.2890983
4346 0.05670898
4347 0.8184796
4348 0.447014
4349 0.5059539
4350 0.2578656
4351 0.2031947
4352 0.04303343
4353 0.06670588
4354 0.7501168
4355 0.02787984
4356 0.5030345
4357 0.2012681
4358 0.2210525
4359 0.124158
4360 0.3340881
4361 0.2225169
4362 0.04700602
4363 0.5651842
4364 0.9171129
4365 0.05142367
4366 0.4075381
4367 0.7575329
4368 0.5890993
4369 0.7526176
4370 0.7594351
4371 0.1833978
4372 0.6805059
4373 0.03424054
4374 0.1579849
4375 0.2442767
4376 0.2778985
4377 0.6508582
4378 0.1322802
4379 0.2137874
4380 0.06870404
4381 0.08756134
4382 0.2724109
4383 0.2003653
4384 0.9059679
4385 0.229748
4386 0.5301252
4387 0.2588322
4388 0.06038816
4389 0.04241302
4390 0.8369406
4391 0.7493756
4392 0.517843
4393 0.406674
4394 0.2130536
4395 0.2532992
4396 0.02725127
4397 0.5071297
4398 0.8787577
4399 0.1325233
4400 0.1023979
4401 0.009855519
4402 0.1953324
4403 0.8589674
4404 0.3280148
4405 0.1537175
4406 0.1040281
4407 0.245799
4408 0.08053032
4409 0.9002687
4410 0.2879342
4411 0.1494171
4412 0.9553726
4413 0.2411822
4414 0.2531854
4415 0.6559305
4416 0.5271699
4417 0.7230617
4418 0.2733815
4419 0.1556117
4420 0.3887747
4421 0.06539203
4422 0.08593869
4423 0.8968637
4424 0.6254187
4425 0.6087315
4426 0.9484723
4427 0.4200974
4428 0.3304802
4429 0.7707445
4430 0.9634663
4431 0.07131979
4432 0.3664828
4433 0.6999886
4434 0.2451233
4435 0.01219323
4436 0.4733139
4437 0.04390473
4438 0.7813721
4439 0.3854329
4440 0.1853422
4441 0.1315403
4442 0.2197507
4443 0.08919548
4444 0.3860397
4445 0.2565463
4446 0.02182441
4447 0.5116874
4448 0.2529631
4449 0.7295565
4450 0.6836368
4451 0.07648837
4452 0.6127129
4453 0.06584773
4454 0.7300713
4455 0.0394766
4456 0.2510436
4457 0.1066901
4458 0.2267384
4459 0.8563234
4460 0.8959183
4461 0.2040097
4462 0.9192579
4463 0.1116703
4464 0.1618289
4465 0.1918138
4466 0.1454598
4467 0.179999
4468 0.3628427
4469 0.1537853
4470 0.4775121
4471 0.8784563
4472 0.6753024
4473 0.5862779
4474 0.5881577
4475 0.06002529
4476 0.02894606
4477 0.3979392
4478 0.6535129
4479 0.6216213
4480 0.3696413
4481 0.09891865
4482 0.5822269
4483 0.4101773
4484 0.09759897
4485 0.2521584
4486 0.3639503
4487 0.1600289
4488 0.5519581
4489 0.5252586
4490 0.2542439
4491 0.5882015
4492 0.7495962
4493 0.5464407
4494 0.2158363
4495 0.2435805
4496 0.4227334
4497 0.3890069
4498 0.06246371
4499 0.2952514
4500 0.358279
4501 0.1226538
4502 0.5739068
4503 0.8256119
4504 0.2074007
4505 0.1281102
4506 0.4075706
4507 0.224885
4508 0.7408644
4509 0.8785779
4510 0.1840934
4511 0.9907744
4512 0.4390899
4513 0.1568055
4514 0.06120229
4515 0.2185636
4516 0.9152825
4517 0.1210313
4518 0.7023733
4519 0.9026854
4520 0.513621
4521 0.2638783
4522 0.678812
4523 0.3205057
4524 0.4285105
4525 0.1580625
4526 0.7983652
4527 0.473581
4528 0.1727207
4529 0.7587402
4530 0.6677817
4531 0.1832846
4532 0.3776691
4533 0.3650578
4534 0.3237227
4535 0.4242562
4536 0.2074252
4537 0.5180559
4538 0.02371805
4539 0.4906932
4540 0.494974
4541 0.2854621
4542 0.3805624
4543 0.2804331
4544 0.1484594
4545 0.2665173
4546 0.1425053
4547 0.07196663
4548 0.2427824
4549 0.04031134
4550 0.7763838
4551 0.1328785
4552 0.1021495
4553 0.3676354
4554 0.684225
4555 0.08049081
4556 0.3926906
4557 0.3121182
4558 0.6615788
4559 0.9279033
4560 0.06075879
4561 0.6402828
4562 0.3633537
4563 0.1586385
4564 0.616692
4565 0.2728709
4566 0.01171201
4567 0.3109447
4568 0.09323017
4569 0.4005677
4570 0.2786648
4571 0.2845381
4572 0.5955089
4573 0.7679248
4574 0.3477919
4575 0.1740755
4576 0.9214595
4577 0.4616871
4578 0.166244
4579 0.06603604
4580 0.2309446
4581 0.2156674
4582 0.8846104
4583 0.002371366
4584 0.950208
4585 0.7527107
4586 0.03721317
4587 0.4059525
4588 0.4074801
4589 0.4828405
4590 0.3462132
4591 0.004180813
4592 0.4496908
4593 0.8925726
4594 0.09453294
4595 0.7264783
4596 0.04647309
4597 0.2931316
4598 0.2276029
4599 0.04838426
4600 0.3453665
4601 0.1709821
4602 0.3578975
4603 0.6616523
4604 0.09917951
4605 0.5763192
4606 0.9313961
4607 0.1024183
4608 0.4318658
4609 0.993077
4610 0.4300535
4611 0.01537315
4612 0.6127443
4613 0.4857093
4614 0.5936675
4615 0.571031
4616 0.3013476
4617 0.4071736
4618 0.1214417
4619 0.8810532
4620 0.4062978
4621 0.38368
4622 0.7219173
4623 0.03740226
4624 0.807506
4625 0.5604637
4626 0.231687
4627 0.2489053
4628 0.0200853
4629 0.04332833
4630 0.6355725
4631 0.8740764
4632 0.3109167
4633 0.6611654
4634 0.5945934
4635 0.2671814
4636 0.1774697
4637 0.02675092
4638 0.1197644
4639 0.7906713
4640 0.2588884
4641 0.02431443
4642 0.1183454
4643 0.08968933
4644 0.755327
4645 0.58136
4646 0.1435381
4647 0.1368766
4648 0.4745654
4649 0.05818105
4650 0.5968818
4651 0.06278249
4652 0.3210515
4653 0.3087601
4654 0.04776541
4655 0.2619062
4656 0.3048122
4657 0.2763938
4658 0.1875777
4659 0.3094552
4660 0.1831296
4661 0.704575
4662 0.6772791
4663 0.4732931
4664 0.3238353
4665 0.1194409
4666 0.00108215
4667 0.00177731
4668 0.01071518
4669 0.03184098
4670 0.8416978
4671 0.0462403
4672 0.05142149
4673 0.0447599
4674 0.03483088
4675 0.1686313
4676 0.962909
4677 0.4177118
4678 0.8662833
4679 0.3596855
4680 0.6125771
4681 0.5301573
4682 0.05326863
4683 0.06132341
4684 0.8348645
4685 0.1172886
4686 0.004627205
4687 0.7047493
4688 0.6541177
4689 0.5257397
4690 0.1690677
4691 0.6378805
4692 0.1057047
4693 0.1432803
4694 0.3436255
4695 0.03130677
4696 0.9212833
4697 0.3701171
4698 0.06254835
4699 0.2892698
4700 0.2631159
4701 0.03824235
4702 0.1073139
4703 0.02284555
4704 0.4048784
4705 0.03266184
4706 0.7908161
4707 0.608604
4708 0.2981345
4709 0.8569975
4710 0.2403017
4711 0.1754782
4712 0.9111307
4713 0.3462464
4714 0.1776167
4715 0.2590119
4716 0.03549816
4717 0.06326045
4718 0.6143551
4719 0.06282317
4720 0.1345623
4721 0.4460432
4722 0.9411357
4723 0.2376455
4724 0.6473131
4725 0.3161899
4726 0.3851206
4727 0.6600471
4728 0.3253726
4729 0.5563253
4730 0.5565488
4731 0.7115977
4732 0.01001843
4733 0.6019912
4734 0.4144043
4735 0.8326817
4736 0.9280313
4737 0.01643509
4738 0.8392458
4739 0.596143
4740 0.02404509
4741 0.1808583
4742 0.7704064
4743 0.2061696
4744 0.2090214
4745 0.5670866
4746 0.3357744
4747 0.3939146
4748 0.4181012
4749 0.7038955
4750 0.1634653
4751 0.5269908
4752 0.6273666
4753 0.314468
4754 0.3375045
4755 0.5092137
4756 0.2877837
4757 0.5624931
4758 0.1909832
4759 0.2690437
4760 0.5111639
4761 0.1353856
4762 0.5845952
4763 0.02958352
4764 0.6038672
4765 0.2296707
4766 0.7982783
4767 0.04729327
4768 0.9169791
4769 0.594021
4770 0.1987916
4771 0.09373811
4772 0.2406711
4773 0.776
4774 0.141993
4775 0.6274932
4776 0.3385897
4777 0.1432764
4778 0.0909172
4779 0.07033235
4780 0.3284942
4781 0.05407856
4782 0.1384
4783 0.02586337
4784 0.2127
4785 0.3820304
4786 0.5468043
4787 0.2023981
4788 0.3704386
4789 0.4065433
4790 0.2805631
4791 0.1667502
4792 0.07254568
4793 0.2499988
4794 0.5565417
4795 0.3829681
4796 0.5027234
4797 0.2883122
4798 0.4657272
4799 0.2320687
4800 0.09330075
4801 0.2407649
4802 0.0214852
4803 0.4635262
4804 0.7246897
4805 0.233051
4806 0.887801
4807 0.4632998
4808 0.5309168
4809 0.880254
4810 0.3368682
4811 0.6540915
4812 0.2326333
4813 0.2403784
4814 0.545228
4815 0.2497192
4816 0.5214872
4817 0.1875315
4818 0.1737428
4819 0.08126703
4820 0.2716672
4821 0.7750965
4822 0.4391289
4823 0.270642
4824 0.9189284
4825 0.116408
4826 0.9809593
4827 0.7296383
4828 0.1828512
4829 0.08646077
4830 0.6290765
4831 0.02411136
4832 0.2500012
4833 0.3756666
4834 0.1312383
4835 0.3661067
4836 0.2993693
4837 0.5860895
4838 0.9525886
4839 0.2004599
4840 0.3485021
4841 0.3812767
4842 0.1564121
4843 0.4297163
4844 0.1504328
4845 0.3101203
4846 0.1824106
4847 0.818225
4848 0.3006749
4849 0.6161231
4850 0.7299551
4851 0.8975022
4852 0.2169103
4853 0.9555787
4854 0.3643383
4855 0.1127766
4856 0.3428069
4857 0.080993
4858 0.4554646
4859 0.1390243
4860 0.627171
4861 0.2541763
4862 0.3226786
4863 0.1027293
4864 0.078642
4865 0.8990219
4866 0.07171423
4867 0.8596267
4868 0.438631
4869 0.02515663
4870 0.1047886
4871 0.2285634
4872 0.6492045
4873 0.1784862
4874 0.05748826
4875 0.1857461
4876 0.7176925
4877 0.5086369
4878 0.06067173
4879 0.2828153
4880 0.494227
4881 0.2350212
4882 0.05800704
4883 0.4163935
4884 0.222084
4885 0.8602104
4886 0.07889257
4887 0.9916075
4888 0.9594519
4889 0.1448086
4890 0.5585071
4891 0.0692843
4892 0.02497014
4893 0.09579485
4894 0.2505814
4895 0.48564
4896 0.6621257
4897 0.2334454
4898 0.5767338
4899 0.4745925
4900 0.1131497
4901 0.8004912
4902 0.400828
4903 0.2859829
4904 0.4335603
4905 0.3115724
4906 0.6547483
4907 0.5370044
4908 0.9672233
4909 0.7428797
4910 0.213009
4911 0.5937048
4912 0.8079915
4913 0.1550725
4914 0.2391221
4915 0.09273205
4916 0.9252507
4917 0.204487
4918 0.296924
4919 0.4814549
4920 0.5267216
4921 0.245167
4922 0.9320722
4923 0.1794099
4924 0.7251565
4925 0.3368806
4926 0.6658152
4927 0.2717586
4928 0.8722328
4929 0.778845
4930 0.1523581
4931 0.1687637
4932 0.1705639
4933 0.05411514
4934 0.4829567
4935 0.1398782
4936 0.5117384
4937 0.29721
4938 0.372047
4939 0.5529437
4940 0.2271125
4941 0.33916
4942 0.7951547
4943 0.2778146
4944 0.7972472
4945 0.5191175
4946 0.2939066
4947 0.3640969
4948 0.7611758
4949 0.8776954
4950 0.8098217
4951 0.8261905
4952 0.9739206
4953 0.2725471
4954 0.05696631
4955 0.3592472
4956 0.3110675
4957 0.02721687
4958 0.03446335
4959 0.2376687
4960 0.06687355
4961 0.2833036
4962 0.5558904
4963 0.3102074
4964 0.07991552
4965 0.07213083
4966 0.0166596
4967 0.3585859
4968 0.4046519
4969 0.1331789
4970 0.1752464
4971 0.3425545
4972 0.4758246
4973 0.6571567
4974 0.4103835
4975 0.6401064
4976 0.7902135
4977 0.6316161
4978 0.1135379
4979 0.64232
4980 0.5388327
4981 0.5158653
4982 0.7538616
4983 0.5031731
4984 0.09326661
4985 0.18268
4986 0.8563271
4987 0.1368782
4988 0.5218293
4989 0.2087776
4990 0.7163283
4991 0.2902541
4992 0.3591726
4993 0.3707375
4994 0.2428833
4995 0.1251365
4996 0.6591383
4997 0.8322948
4998 0.07695801
4999 0.5816024
5000 0.3822065
