1 0.8515384
2 0.7984568
3 0.1358276
4 0.7474737
5 0.06726629
6 0.04615173
7 0.8015562
8 0.6865214
9 0.09281719
10 0.3400799
11 0.5356116
12 0.5745395
13 0.6892078
14 0.5655564
15 0.2564029
16 0.3809648
17 0.4764341
18 0.2602303
19 0.07787001
20 0.4611331
21 0.5612402
22 0.8445488
23 0.3022758
24 0.6368622
25 0.2861603
26 0.742265
27 0.09875972
28 0.6947783
29 0.9052704
30 0.7897811
31 0.3059147
32 0.850607
33 0.2524016
34 0.3025175
35 0.3227111
36 0.4137325
37 0.2222478
38 0.5651766
39 0.4963523
40 0.4984209
41 0.6096977
42 0.3981105
43 0.3695245
44 0.2139421
45 0.137118
46 0.8128718
47 0.5926089
48 0.6112942
49 0.1620993
50 0.3467907
51 0.1110991
52 0.6157531
53 0.1542469
54 0.4204
55 0.1454402
56 0.5715576
57 0.1242951
58 0.6266741
59 0.1439973
60 0.1410909
61 0.0322083
62 0.421211
63 0.248698
64 0.224325
65 0.04955177
66 0.4773827
67 0.3049804
68 0.2636135
69 0.1792634
70 0.05858394
71 0.4441217
72 0.4764339
73 0.3361723
74 0.4040981
75 0.1241215
76 0.6191887
77 0.4499172
78 0.5519567
79 0.8060165
80 0.2136114
81 0.7255137
82 0.2883795
83 0.3119953
84 0.1697929
85 0.3067837
86 0.7389699
87 0.8055955
88 0.1580303
89 0.2036557
90 0.002413175
91 0.270272
92 0.8684458
93 0.9364908
94 0.8085441
95 0.9010126
96 0.1721653
97 0.1752842
98 0.1567511
99 0.7946934
100 0.754288
101 0.423716
102 0.4244921
103 0.1506522
104 0.2801743
105 0.2826272
106 0.8697164
107 0.1133888
108 0.371524
109 0.7704094
110 0.883165
111 0.89656
112 0.1628562
113 0.412689
114 0.2773781
115 0.5212447
116 0.3246392
117 0.3692753
118 0.2679753
119 0.4779816
120 0.1181768
121 0.06066252
122 0.3125413
123 0.1539018
124 0.2779204
125 0.5616678
126 0.5774036
127 0.6540816
128 0.4137691
129 0.1700187
130 0.6020782
131 0.4916093
132 0.4908497
133 0.2657768
134 0.3395376
135 0.5262638
136 0.1561969
137 0.3936407
138 0.1300747
139 0.7034099
140 0.1891013
141 0.09213209
142 0.5564526
143 0.1203688
144 0.6017095
145 0.1412619
146 0.7660892
147 0.8400861
148 0.3419812
149 0.648826
150 0.1179497
151 0.4557774
152 0.1356504
153 0.08558595
154 0.2040209
155 0.8412562
156 0.4551053
157 0.6169201
158 0.1062425
159 0.0244619
160 0.7567718
161 0.9699767
162 0.1842546
163 0.1670623
164 0.2983876
165 0.6637078
166 0.2407449
167 0.9441665
168 0.6649905
169 0.1941948
170 0.3883774
171 0.3758372
172 0.19643
173 0.04246155
174 0.3045196
175 0.3651895
176 0.1146982
177 0.3584784
178 0.1893559
179 0.8186063
180 0.9483718
181 0.05784807
182 0.1735209
183 0.1318805
184 0.8887945
185 0.2086853
186 0.500368
187 0.5872734
188 0.3904955
189 0.274086
190 0.4792033
191 0.874306
192 0.1743832
193 0.6909914
194 0.339073
195 0.3757691
196 0.9817634
197 0.06563152
198 0.5448827
199 0.0283421
200 0.345245
201 0.8707902
202 0.03020852
203 0.8387093
204 0.748914
205 0.4849885
206 0.3248301
207 0.5232333
208 0.8860045
209 0.5283792
210 0.8456607
211 0.9408562
212 0.5472159
213 0.6747633
214 0.3735161
215 0.01870121
216 0.2942785
217 0.4363448
218 0.9120498
219 0.8699895
220 0.659767
221 0.7109419
222 0.2602011
223 0.4255546
224 0.7729114
225 0.8082584
226 0.3285188
227 0.7589418
228 0.3592655
229 0.8314757
230 0.9651347
231 0.890198
232 0.5438398
233 0.06699875
234 0.2454408
235 0.1319588
236 0.05798097
237 0.4985015
238 0.42941
239 0.3008153
240 0.163254
241 0.1765609
242 0.378474
243 0.705825
244 0.6697328
245 0.3951224
246 0.5521935
247 0.1662255
248 0.1378391
249 0.2039568
250 0.5708796
251 0.8587119
252 0.8305372
253 0.868576
254 0.9280392
255 0.4034654
256 0.1462033
257 0.6652565
258 0.6058112
259 0.7964283
260 0.3501081
261 0.2634894
262 0.3536986
263 0.8271195
264 0.8238653
265 0.1761801
266 0.08742484
267 0.1842848
268 0.3039269
269 0.09473427
270 0.5816348
271 0.2166213
272 0.509115
273 0.09163904
274 0.119073
275 0.1520178
276 0.07392353
277 0.3415454
278 0.8597227
279 0.3706546
280 0.1352309
281 0.6982403
282 0.4362779
283 0.3100524
284 0.09013773
285 0.8772068
286 0.7215922
287 0.1056741
288 0.7837111
289 0.8137524
290 0.7313254
291 0.02778433
292 0.8079335
293 0.1398909
294 0.3246361
295 0.7566765
296 0.1427851
297 0.04668579
298 0.09844541
299 0.3381107
300 0.2811074
301 0.6591502
302 0.1026254
303 0.2789889
304 0.0253536
305 0.6836776
306 0.430165
307 0.2644038
308 0.2766901
309 0.9445528
310 0.2854848
311 0.808126
312 0.3724039
313 0.6145357
314 0.09406478
315 0.4382563
316 0.7443238
317 0.2643829
318 0.6589372
319 0.4511444
320 0.4208134
321 0.0626816
322 0.7657202
323 0.1390136
324 0.0986865
325 0.2040594
326 0.1584236
327 0.8584527
328 0.4556278
329 0.3420802
330 0.5568674
331 0.7054293
332 0.8326311
333 0.3081043
334 0.06284435
335 0.2137344
336 0.7215926
337 0.2439238
338 0.004859862
339 0.3324757
340 0.3720267
341 0.2475334
342 0.7028645
343 0.8084001
344 0.05878038
345 0.5305407
346 0.1810994
347 0.6932778
348 0.624788
349 0.3176743
350 0.2704355
351 0.9268437
352 0.5003951
353 0.2855931
354 0.6221074
355 0.8227841
356 0.1965992
357 0.09112383
358 0.6005245
359 0.9803717
360 0.3520029
361 0.1819932
362 0.5917718
363 0.2952922
364 0.3659523
365 0.8273699
366 0.2444403
367 0.6557767
368 0.4082546
369 0.2999466
370 0.8419162
371 0.04568766
372 0.4257785
373 0.3660275
374 0.293483
375 0.140684
376 0.2144169
377 0.1419157
378 0.09326459
379 0.01988253
380 0.4209065
381 0.7776916
382 0.8442846
383 0.6245744
384 0.04902281
385 0.1690215
386 0.1628113
387 0.04520038
388 0.02883662
389 0.1746321
390 0.8927966
391 0.7916877
392 0.1718381
393 0.4620971
394 0.564383
395 0.8381008
396 0.2018409
397 0.3176428
398 0.7569616
399 0.04871844
400 0.3579478
401 0.5450919
402 0.3111412
403 0.7515219
404 0.4459687
405 0.3333742
406 0.6913157
407 0.5367301
408 0.6808749
409 0.7732107
410 0.3027586
411 0.2003695
412 0.8604078
413 0.3226569
414 0.3027371
415 0.4893813
416 0.2553696
417 0.5146807
418 0.7599138
419 0.207383
420 0.1045641
421 0.2227843
422 0.5543544
423 0.522779
424 0.8704045
425 0.5185775
426 0.2987492
427 0.2490226
428 0.6538766
429 0.3450832
430 0.5941192
431 0.07014792
432 0.4089067
433 0.5263038
434 0.7865931
435 0.7625876
436 0.1899721
437 0.7950357
438 0.5978458
439 0.648071
440 0.4395819
441 0.1895363
442 0.5640324
443 0.3304202
444 0.4431665
445 0.2083977
446 0.4150813
447 0.8916201
448 0.5642529
449 0.4136312
450 0.2392042
451 0.05032453
452 0.4011093
453 0.1848991
454 0.2912859
455 0.3606427
456 0.5423513
457 0.421389
458 0.25881
459 0.3244076
460 0.5791841
461 0.9394144
462 0.6569278
463 0.591853
464 0.1851351
465 0.2929323
466 0.6596765
467 0.753409
468 0.3117139
469 0.02473565
470 0.1302788
471 0.8026904
472 0.7916124
473 0.3227024
474 0.8149425
475 0.5601825
476 0.07202482
477 0.06581212
478 0.844071
479 0.850276
480 0.6579281
481 0.9191568
482 0.5600536
483 0.6569249
484 0.507604
485 0.6390325
486 0.1873455
487 0.712008
488 0.6506934
489 0.9586606
490 0.04144199
491 0.4943767
492 0.01214913
493 0.6618864
494 0.7692289
495 0.6357782
496 0.7128059
497 0.03138666
498 0.7918779
499 0.1664179
500 0.01677947
501 0.4140945
502 0.5541281
503 0.7289877
504 0.6518473
505 0.009526006
506 0.2248495
507 0.6350833
508 0.5321136
509 0.54227
510 0.2958713
511 0.3665405
512 0.00601994
513 0.3180343
514 0.4589366
515 0.5718503
516 0.2175666
517 0.6281647
518 0.7661228
519 0.1735291
520 0.0109323
521 0.5372598
522 0.09485298
523 0.5131192
524 0.2021623
525 0.7664756
526 0.2081594
527 0.309414
528 0.7120783
529 0.4604857
530 0.0255543
531 0.06852309
532 0.07804019
533 0.6387503
534 0.4965376
535 0.7702464
536 0.3666898
537 0.3778565
538 0.2800033
539 0.03876015
540 0.7684401
541 0.7038735
542 0.276078
543 0.9502857
544 0.5300551
545 0.2573642
546 0.4340589
547 0.09620532
548 0.5685369
549 0.1151352
550 0.8254676
551 0.1725335
552 0.7862103
553 0.1326024
554 0.6599373
555 0.04667736
556 0.8756983
557 0.4833029
558 0.6286245
559 0.1480941
560 0.2611242
561 0.2346388
562 0.009279106
563 0.3954172
564 0.02527206
565 0.6976847
566 0.5362444
567 0.4745232
568 0.008731147
569 0.2125462
570 0.1089498
571 0.3961438
572 0.5906201
573 0.04386293
574 0.7555651
575 0.6660723
576 0.4670879
577 0.3043314
578 0.3561607
579 0.8994836
580 0.9513685
581 0.3021222
582 0.7093946
583 0.06190452
584 0.4004826
585 0.9156754
586 0.6702205
587 0.9006199
588 0.6409361
589 0.2077198
590 0.1184694
591 0.661707
592 0.1180575
593 0.5007759
594 0.7202811
595 0.3760984
596 0.2150999
597 0.4883042
598 0.4126827
599 0.9160003
600 0.2904909
601 0.2647892
602 0.06490778
603 0.8892814
604 0.2721526
605 0.05539966
606 0.5889068
607 0.3346523
608 0.3276417
609 0.06461544
610 0.6627825
611 0.5088464
612 0.8804918
613 0.242413
614 0.5308877
615 0.04508004
616 0.4137657
617 0.913728
618 0.5038466
619 0.6001481
620 0.1297152
621 0.4615415
622 0.1676914
623 0.7483923
624 0.447064
625 0.8221283
626 0.5964207
627 0.9895209
628 0.418614
629 0.5278803
630 0.9745892
631 0.2730595
632 0.9331016
633 0.42052
634 0.5006253
635 0.3577408
636 0.7927937
637 0.8514427
638 0.8066387
639 0.07375915
640 0.1988659
641 0.4555469
642 0.2700792
643 0.839453
644 0.5982906
645 0.3484691
646 0.9092033
647 0.1272954
648 0.4101461
649 0.5596341
650 0.5922343
651 0.2956413
652 0.2804168
653 0.7986303
654 0.143264
655 0.5240317
656 0.566796
657 0.8191554
658 0.4817851
659 0.2896514
660 0.188781
661 0.8544065
662 0.3662587
663 0.4825945
664 0.4436322
665 0.8182242
666 0.3732797
667 0.3608469
668 0.667537
669 0.07173522
670 0.6290254
671 0.7742636
672 0.3018971
673 0.03865424
674 0.1673596
675 0.3840879
676 0.6370534
677 0.3194858
678 0.3351534
679 0.9106432
680 0.2044414
681 0.5188139
682 0.309915
683 0.5788662
684 0.6083435
685 0.3672516
686 0.2980636
687 0.2156401
688 0.4811179
689 0.2858573
690 0.9290808
691 0.03693381
692 0.4493523
693 0.8955472
694 0.4499276
695 0.6547
696 0.5169134
697 0.8089918
698 0.6273805
699 0.2155057
700 0.2386487
701 0.07131265
702 0.8847087
703 0.7569876
704 0.5033587
705 0.08136963
706 0.1509314
707 0.3965631
708 0.6895589
709 0.4791711
710 0.2947603
711 0.5305979
712 0.184983
713 0.9227062
714 0.6683554
715 0.7456169
716 0.6816993
717 0.6660531
718 0.3938532
719 0.1130426
720 0.1943306
721 0.637566
722 0.6315554
723 0.4699515
724 0.1629154
725 0.4607806
726 0.7348071
727 0.3195725
728 0.3231441
729 0.2554813
730 0.8362712
731 0.07799733
732 0.266623
733 0.03744836
734 0.7533361
735 0.7636816
736 0.2132264
737 0.6896951
738 0.3094035
739 0.7789808
740 0.7477535
741 0.4802978
742 0.5077931
743 0.05512846
744 0.5098468
745 0.2305115
746 0.5837865
747 0.4639109
748 0.7126458
749 0.3863456
750 0.8385432
751 0.1720259
752 0.3331683
753 0.2258158
754 0.09379641
755 0.6899961
756 0.7881204
757 0.3785333
758 0.9083511
759 0.6979111
760 0.8318019
761 0.4029843
762 0.7271083
763 0.688721
764 0.1484966
765 0.5163226
766 0.4795183
767 0.5796785
768 0.3709049
769 0.7227559
770 0.5179481
771 0.4971943
772 0.6461083
773 0.2527671
774 0.9222671
775 0.742567
776 0.4241279
777 0.6811405
778 0.426047
779 0.3974128
780 0.5284522
781 0.2291471
782 0.7277159
783 0.6833499
784 0.6142093
785 0.8798537
786 0.3698122
787 0.6695576
788 0.1393745
789 0.9481995
790 0.1285772
791 0.5076499
792 0.1348558
793 0.2807972
794 0.7061848
795 0.632444
796 0.3818184
797 0.6507352
798 0.689593
799 0.2516003
800 0.7415572
801 0.2120523
802 0.6072337
803 0.8131397
804 0.6745711
805 0.6203816
806 0.6386391
807 0.2231573
808 0.9623774
809 0.6096123
810 0.3084842
811 0.7632137
812 0.3148239
813 0.1582706
814 0.6039885
815 0.2679545
816 0.8092153
817 0.7810023
818 0.7727021
819 0.5902901
820 0.1891397
821 0.9663595
822 0.6354997
823 0.4720899
824 0.6090773
825 0.3720051
826 0.01991961
827 0.6680384
828 0.5892129
829 0.5799277
830 0.7780506
831 0.8607002
832 0.4060872
833 0.03680539
834 0.5109525
835 0.7213135
836 0.5603622
837 0.1639672
838 0.09171221
839 0.69879
840 0.3819855
841 0.7343669
842 0.9093901
843 0.5793234
844 0.2254278
845 0.5689814
846 0.5950987
847 0.5654566
848 0.1003692
849 0.4271273
850 0.3032724
851 0.9081176
852 0.8445349
853 0.2723606
854 0.2994398
855 0.3231867
856 0.09690601
857 0.2125225
858 0.5070999
859 0.2291434
860 0.4944842
861 0.7463143
862 0.3250482
863 0.8592857
864 0.2066106
865 0.6607306
866 0.3080171
867 0.485249
868 0.6463566
869 0.5781376
870 0.2391122
871 0.4281612
872 0.8570215
873 0.1940839
874 0.3560978
875 0.8280093
876 0.2802151
877 0.9003057
878 0.04553848
879 0.402499
880 0.6270015
881 0.751745
882 0.8059338
883 0.4812789
884 0.3418139
885 0.6562532
886 0.2759542
887 0.2005675
888 0.9178117
889 0.5637007
890 0.4668127
891 0.1346706
892 0.08009132
893 0.7806373
894 0.270584
895 0.6289609
896 0.05069084
897 0.2771035
898 0.1856753
899 0.1877963
900 0.7821204
901 0.427917
902 0.4909685
903 0.358588
904 0.7490607
905 0.7994377
906 0.8329804
907 0.4506113
908 0.8141825
909 0.05214829
910 0.1307538
911 0.6514034
912 0.8522802
913 0.2638804
914 0.4093069
915 0.3974254
916 0.5442253
917 0.637308
918 0.6158941
919 0.2926149
920 0.1361434
921 0.8512977
922 0.08932454
923 0.724852
924 0.7744754
925 0.9749507
926 0.6047309
927 0.8324293
928 0.5751972
929 0.6553956
930 0.5693274
931 0.5064277
932 0.5950292
933 0.445303
934 0.1505555
935 0.531058
936 0.03335338
937 0.7640681
938 0.3553805
939 0.2375678
940 0.1236126
941 0.1923898
942 0.7115553
943 0.7641074
944 0.1992133
945 0.8275498
946 0.2724525
947 0.4640361
948 0.6591148
949 0.3470388
950 0.1893553
951 0.3909008
952 0.006144174
953 0.4377297
954 0.1621274
955 0.7679188
956 0.2780597
957 0.613145
958 0.4193592
959 0.3270314
960 0.3270198
961 0.04546321
962 0.4332479
963 0.03040859
964 0.3068328
965 0.282376
966 0.6135852
967 0.1852265
968 0.2775705
969 0.400858
970 0.786864
971 0.1317029
972 0.9434973
973 0.7658559
974 0.06755754
975 0.7759715
976 0.3735994
977 0.484795
978 0.121414
979 0.1617409
980 0.2341971
981 0.7695998
982 0.2053905
983 0.1454943
984 0.3259612
985 0.1075875
986 0.6018785
987 0.7846653
988 0.4548615
989 0.7479033
990 0.1574488
991 0.261577
992 0.2202929
993 0.3012181
994 0.5289292
995 0.3733445
996 0.4446771
997 0.7513936
998 0.7365227
999 0.5585723
1000 0.09883503
1001 0.7547327
1002 0.03407589
1003 0.8682678
1004 0.7397513
1005 0.4649967
1006 0.2166746
1007 0.4696379
1008 0.707031
1009 0.06510333
1010 0.1830348
1011 0.515237
1012 0.5895964
1013 0.05134859
1014 0.2755236
1015 0.3463856
1016 0.3531199
1017 0.04668522
1018 0.4095546
1019 0.09053567
1020 0.5005988
1021 0.6297893
1022 0.27561
1023 0.6290761
1024 0.8809592
1025 0.3320492
1026 0.01027193
1027 0.3216328
1028 0.235811
1029 0.2439067
1030 0.5762656
1031 0.1310288
1032 0.5733288
1033 0.5777794
1034 0.4733916
1035 0.2347655
1036 0.1803497
1037 0.08688923
1038 0.6373926
1039 0.6603873
1040 0.7560298
1041 0.9661478
1042 0.5701477
1043 0.1550496
1044 0.1377552
1045 0.3376012
1046 0.1176525
1047 0.257354
1048 0.3667827
1049 0.2055528
1050 0.6204094
1051 0.7643683
1052 0.5122193
1053 0.08098482
1054 0.4152604
1055 0.1654431
1056 0.93389
1057 0.7767656
1058 0.4623761
1059 0.2717433
1060 0.7229333
1061 0.9251922
1062 0.7417578
1063 0.8738405
1064 0.3259869
1065 0.1799039
1066 0.4640619
1067 0.7536081
1068 0.1321439
1069 0.4746638
1070 0.7383361
1071 0.06529275
1072 0.4459606
1073 0.3691124
1074 0.4227011
1075 0.227669
1076 0.375484
1077 0.7555792
1078 0.848641
1079 0.6387635
1080 0.671496
1081 0.1638574
1082 0.9100682
1083 0.9387079
1084 0.3745138
1085 0.5459164
1086 0.85724
1087 0.5653801
1088 0.445056
1089 0.6487903
1090 0.519502
1091 0.169611
1092 0.407418
1093 0.4926897
1094 0.6744406
1095 0.3993955
1096 0.7653792
1097 0.04285795
1098 0.4542072
1099 0.8811127
1100 0.3895641
1101 0.07439983
1102 0.7174564
1103 0.0604616
1104 0.8461471
1105 0.6450397
1106 0.2997886
1107 0.3490208
1108 0.1851339
1109 0.07543308
1110 0.4099012
1111 0.4454341
1112 0.09252408
1113 0.5537509
1114 0.4672214
1115 0.5447844
1116 0.5477454
1117 0.9411815
1118 0.09910426
1119 0.8562654
1120 0.3726553
1121 0.6064698
1122 0.790097
1123 0.139227
1124 0.5858607
1125 0.1432988
1126 0.5049026
1127 0.3209766
1128 0.3555785
1129 0.2097917
1130 0.6070418
1131 0.5073161
1132 0.1145873
1133 0.2163018
1134 0.1333296
1135 0.1274218
1136 0.5987199
1137 0.3365498
1138 0.1832812
1139 0.2386908
1140 0.9363806
1141 0.536126
1142 0.5760472
1143 0.6089773
1144 0.6603627
1145 0.4845698
1146 0.4094299
1147 0.2595532
1148 0.9111688
1149 0.4695083
1150 0.8982095
1151 0.4719715
1152 0.03653557
1153 0.9731332
1154 0.4393267
1155 0.7987003
1156 0.4015171
1157 0.835597
1158 0.8709552
1159 0.01038881
1160 0.2450116
1161 0.5492296
1162 0.8315419
1163 0.2217886
1164 0.6697062
1165 0.01484983
1166 0.4486157
1167 0.2893012
1168 0.1866531
1169 0.1034513
1170 0.184396
1171 0.2950086
1172 0.6790842
1173 0.3379268
1174 0.8145008
1175 0.4543644
1176 0.2624148
1177 0.4780806
1178 0.5764203
1179 0.4128387
1180 0.3436644
1181 0.6638118
1182 0.03109067
1183 0.9605928
1184 0.2870461
1185 0.198763
1186 0.1892444
1187 0.8182912
1188 0.287494
1189 0.01812747
1190 0.1578622
1191 0.5942264
1192 0.7109107
1193 0.4843789
1194 0.4238605
1195 0.686457
1196 0.7229486
1197 0.5124264
1198 0.8958122
1199 0.3510922
1200 0.5869491
1201 0.7424281
1202 0.1364112
1203 0.7585099
1204 0.8460856
1205 0.8067855
1206 0.6878601
1207 0.916651
1208 0.6602841
1209 0.3489484
1210 0.09702032
1211 0.1750211
1212 0.4027635
1213 0.02912603
1214 0.6935277
1215 0.2197918
1216 0.1303575
1217 0.7438891
1218 0.8173753
1219 0.325352
1220 0.5639346
1221 0.8773121
1222 0.4687817
1223 0.3803436
1224 0.3838917
1225 0.4234084
1226 0.891212
1227 0.7271169
1228 0.3468699
1229 0.677167
1230 0.5853822
1231 0.3330638
1232 0.3632062
1233 0.00669361
1234 0.5436566
1235 0.05699051
1236 0.6494921
1237 0.685958
1238 0.3187624
1239 0.02789953
1240 0.1692135
1241 0.2093473
1242 0.5448779
1243 0.3953733
1244 0.763106
1245 0.2091019
1246 0.5129506
1247 0.9471768
1248 0.3281458
1249 0.5989109
1250 0.3676242
1251 0.2263359
1252 0.3247862
1253 0.9887993
1254 0.5653633
1255 0.4441743
1256 0.9899676
1257 0.4962187
1258 0.3965185
1259 0.4342489
1260 0.7212097
1261 0.266768
1262 0.6594394
1263 0.2541525
1264 0.3895103
1265 0.2319074
1266 0.27455
1267 0.1365852
1268 0.28107
1269 0.5794581
1270 0.6739747
1271 0.2098505
1272 0.7597015
1273 0.1277305
1274 0.611924
1275 0.7008524
1276 0.7599116
1277 0.04621503
1278 0.1712991
1279 0.4626357
1280 0.01677435
1281 0.1980297
1282 0.4834931
1283 0.00824724
1284 0.05859052
1285 0.78045
1286 0.7706872
1287 0.002308646
1288 0.8385072
1289 0.3021379
1290 0.2289201
1291 0.8649986
1292 0.5202067
1293 0.09217685
1294 0.6286552
1295 0.04931039
1296 0.3902241
1297 0.6618678
1298 0.3635631
1299 0.07760077
1300 0.3959783
1301 0.0274837
1302 0.4062578
1303 0.3677739
1304 0.7307271
1305 0.3695666
1306 0.1714002
1307 0.08096488
1308 0.3042568
1309 0.9318292
1310 0.3005198
1311 0.6477757
1312 0.5567464
1313 0.3618418
1314 0.8532829
1315 0.8986925
1316 0.2632542
1317 0.9766155
1318 0.5607026
1319 0.6098495
1320 0.8631648
1321 0.2001306
1322 0.4024452
1323 0.2408179
1324 0.05139903
1325 0.8714261
1326 0.5563032
1327 0.9363972
1328 0.6632396
1329 0.3796628
1330 0.07077935
1331 0.2607811
1332 0.09092536
1333 0.09768947
1334 0.3329667
1335 0.08421013
1336 0.8324452
1337 0.2164668
1338 0.7708125
1339 0.08223502
1340 0.8349204
1341 0.2995834
1342 0.39938
1343 0.2610296
1344 0.04159583
1345 0.1370826
1346 0.1263221
1347 0.9369061
1348 0.2939183
1349 0.03027478
1350 0.01259255
1351 0.4139142
1352 0.3711113
1353 0.2351891
1354 0.79115
1355 0.01020138
1356 0.6644987
1357 0.6868964
1358 0.9701831
1359 0.7484504
1360 0.7809639
1361 0.6651888
1362 0.2938443
1363 0.6155473
1364 0.5541227
1365 0.3146652
1366 0.8020023
1367 0.7676831
1368 0.6769065
1369 0.2854379
1370 0.3709813
1371 0.06275153
1372 0.7275112
1373 0.3498651
1374 0.2022169
1375 0.1599711
1376 0.5975252
1377 0.5508394
1378 0.3413304
1379 0.8693201
1380 0.359275
1381 0.4974738
1382 0.3076539
1383 0.9071236
1384 0.4970044
1385 0.8010464
1386 0.1033793
1387 0.8541652
1388 0.9468779
1389 0.1777343
1390 0.2697985
1391 0.5668782
1392 0.1244226
1393 0.08758641
1394 0.08062441
1395 0.2532101
1396 0.172653
1397 0.2644728
1398 0.1796638
1399 0.7286066
1400 0.3653789
1401 0.1048467
1402 0.2334912
1403 0.5995665
1404 0.7629774
1405 0.6613981
1406 0.8723555
1407 0.9131141
1408 0.712449
1409 0.1728099
1410 0.8209969
1411 0.4777366
1412 0.9595637
1413 0.5655412
1414 0.2713837
1415 0.1422541
1416 0.1016558
1417 0.1092457
1418 0.8131368
1419 0.04906832
1420 0.8797323
1421 0.8833543
1422 0.7491694
1423 0.2780133
1424 0.04751702
1425 0.1428951
1426 0.2088084
1427 0.6793967
1428 0.5933486
1429 0.4050629
1430 0.08139874
1431 0.4493055
1432 0.4104677
1433 0.7446647
1434 0.5989944
1435 0.1068731
1436 0.4570541
1437 0.2561745
1438 0.229364
1439 0.7733068
1440 0.5939428
1441 0.2526101
1442 0.248485
1443 0.9315125
1444 0.7097053
1445 0.6608368
1446 0.6617114
1447 0.4743595
1448 0.3453622
1449 0.8983786
1450 0.5711343
1451 0.3707569
1452 0.4083399
1453 0.1672331
1454 0.5108699
1455 0.6974738
1456 0.781087
1457 0.6525731
1458 0.631719
1459 0.7180538
1460 0.627067
1461 0.5366551
1462 0.8848115
1463 0.738834
1464 0.1015074
1465 0.4323777
1466 0.6621658
1467 0.2036985
1468 0.8347573
1469 0.02457566
1470 0.5083063
1471 0.821219
1472 0.4088369
1473 0.9110806
1474 0.6776646
1475 0.09515573
1476 0.2023462
1477 0.114327
1478 0.3525574
1479 0.4229725
1480 0.552379
1481 0.6386609
1482 0.9752626
1483 0.889059
1484 0.8633914
1485 0.2948292
1486 0.05857224
1487 0.2069351
1488 0.1355027
1489 0.2292296
1490 0.2624958
1491 0.3895422
1492 0.2641264
1493 0.7095497
1494 0.123864
1495 0.1086732
1496 0.5123227
1497 0.5917774
1498 0.04644786
1499 0.721243
1500 0.8290184
1501 0.5289451
1502 0.1810624
1503 0.3522152
1504 0.5231445
1505 0.5136455
1506 0.5656981
1507 0.4687265
1508 0.5432902
1509 0.2598193
1510 0.700797
1511 0.5467948
1512 0.7082285
1513 0.6356312
1514 0.3585313
1515 0.1172412
1516 0.2733244
1517 0.8014126
1518 0.1794738
1519 0.3269099
1520 0.1470279
1521 0.2340905
1522 0.5470827
1523 0.008996058
1524 0.9242407
1525 0.1947109
1526 0.1275117
1527 0.1098925
1528 0.6159782
1529 0.04701436
1530 0.2559211
1531 0.5919193
1532 0.4851957
1533 0.6897208
1534 0.6518577
1535 0.7758639
1536 0.8262722
1537 0.4655421
1538 0.4210225
1539 0.4195726
1540 0.04113314
1541 0.03983964
1542 0.2605831
1543 0.359637
1544 0.2215005
1545 0.002560866
1546 0.1946889
1547 0.2908435
1548 0.04804769
1549 0.5236173
1550 0.1077302
1551 0.3253332
1552 0.39313
1553 0.9867993
1554 0.8856061
1555 0.7887118
1556 0.7625102
1557 0.1058693
1558 0.09596632
1559 0.5883893
1560 0.2683747
1561 0.4855692
1562 0.09261628
1563 0.4959605
1564 0.3034264
1565 0.7133111
1566 0.3305277
1567 0.8339012
1568 0.7411824
1569 0.7514001
1570 0.7491465
1571 0.5772472
1572 0.3992848
1573 0.1477449
1574 0.5428377
1575 0.7367246
1576 0.6436743
1577 0.6482894
1578 0.8623978
1579 0.2820472
1580 0.660727
1581 0.7452352
1582 0.7682676
1583 0.3123203
1584 0.8660647
1585 0.1615353
1586 0.8171843
1587 0.222329
1588 0.798683
1589 0.3701765
1590 0.2462986
1591 0.03346427
1592 0.2151011
1593 0.7679322
1594 0.6576228
1595 0.2217623
1596 0.4991185
1597 0.8532731
1598 0.1544123
1599 0.3765258
1600 0.05224305
1601 0.7925259
1602 0.8712675
1603 0.08348715
1604 0.4009022
1605 0.803821
1606 0.2676278
1607 0.1309145
1608 0.8370229
1609 0.3206021
1610 0.08851454
1611 0.2177628
1612 0.02908407
1613 0.498125
1614 0.1893718
1615 0.2516451
1616 0.3495548
1617 0.5890337
1618 0.1622987
1619 0.5091348
1620 0.6528521
1621 0.1433396
1622 0.9299963
1623 0.3358314
1624 0.686041
1625 0.2224069
1626 0.4093785
1627 0.1758291
1628 0.7173628
1629 0.08654012
1630 0.7565219
1631 0.8556739
1632 0.7527278
1633 0.587792
1634 0.3428624
1635 0.6548598
1636 0.101197
1637 0.7460369
1638 0.4061294
1639 0.2833777
1640 0.9154848
1641 0.4288594
1642 0.9346543
1643 0.1481329
1644 0.3165593
1645 0.7315263
1646 0.09343967
1647 0.2709718
1648 0.9780117
1649 0.01038542
1650 0.6124938
1651 0.4248389
1652 0.1954813
1653 0.1142101
1654 0.351234
1655 0.1058441
1656 0.05317576
1657 0.9540206
1658 0.7128431
1659 0.4364225
1660 0.8619234
1661 0.8958763
1662 0.1782315
1663 0.4921488
1664 0.2493147
1665 0.5512822
1666 0.6841036
1667 0.8687209
1668 0.6165864
1669 0.3867305
1670 0.2950662
1671 0.1012259
1672 0.8012214
1673 0.6204973
1674 0.5568582
1675 0.8606481
1676 0.5326637
1677 0.286433
1678 0.007500391
1679 0.9182344
1680 0.8929497
1681 0.395487
1682 0.04987384
1683 0.3257602
1684 0.6198379
1685 0.3610547
1686 0.4429274
1687 0.2807773
1688 0.630254
1689 0.1688501
1690 0.105947
1691 0.2644271
1692 0.1401046
1693 0.2086464
1694 0.863522
1695 0.2719552
1696 0.7993752
1697 0.9255234
1698 0.6784959
1699 0.6504764
1700 0.1494671
1701 0.308528
1702 0.1820931
1703 0.330636
1704 0.5563405
1705 0.5621104
1706 0.8772394
1707 0.8667017
1708 0.05449543
1709 0.5791544
1710 0.4381935
1711 0.2071563
1712 0.5705536
1713 0.3318452
1714 0.4570283
1715 0.2761438
1716 0.479808
1717 0.4512484
1718 0.05071394
1719 0.9406386
1720 0.8960176
1721 0.1147201
1722 0.6599289
1723 0.8585819
1724 0.3342645
1725 0.313243
1726 0.8152549
1727 0.6219368
1728 0.1562279
1729 0.6524827
1730 0.3517051
1731 0.5767636
1732 0.8489525
1733 0.6589463
1734 0.8609339
1735 0.3079699
1736 0.3826287
1737 0.3391967
1738 0.9506798
1739 0.687098
1740 0.616516
1741 0.7893215
1742 0.5594069
1743 0.3136874
1744 0.3068546
1745 0.1240492
1746 0.5597806
1747 0.03278927
1748 0.6784547
1749 0.03348343
1750 0.7266194
1751 0.9384048
1752 0.5892363
1753 0.3345122
1754 0.4030076
1755 0.2225322
1756 0.5169158
1757 0.5643642
1758 0.1862897
1759 0.5118516
1760 0.8063318
1761 0.2206111
1762 0.5562528
1763 0.2214758
1764 0.9156721
1765 0.05504729
1766 0.915778
1767 0.5934805
1768 0.2973864
1769 0.5541276
1770 0.4957503
1771 0.3483881
1772 0.1157511
1773 0.4789889
1774 0.5459769
1775 0.3038266
1776 0.1322676
1777 0.7696487
1778 0.371172
1779 0.3716957
1780 0.3658664
1781 0.3136061
1782 0.04039162
1783 0.3161289
1784 0.8112139
1785 0.0856543
1786 0.4368807
1787 0.6647843
1788 0.5068441
1789 0.2238937
1790 0.008610772
1791 0.5041574
1792 0.6949677
1793 0.7096519
1794 0.4150944
1795 0.7963033
1796 0.3183377
1797 0.4203762
1798 0.6714388
1799 0.7934438
1800 0.0829332
1801 0.5157156
1802 0.8843083
1803 0.5104436
1804 0.717556
1805 0.2277471
1806 0.07882416
1807 0.940244
1808 0.02627582
1809 0.8649163
1810 0.5917963
1811 0.3094912
1812 0.6216752
1813 0.04859563
1814 0.4526126
1815 0.6543248
1816 0.4242693
1817 0.8230364
1818 0.4783207
1819 0.3961457
1820 0.6652557
1821 0.1574456
1822 0.7812256
1823 0.4665055
1824 0.5114274
1825 0.8592817
1826 0.8446602
1827 0.5808413
1828 0.9062289
1829 0.348106
1830 0.4255535
1831 0.6248911
1832 0.1651391
1833 0.2515287
1834 0.3848258
1835 0.5303444
1836 0.7737149
1837 0.4029929
1838 0.5412579
1839 0.436134
1840 0.8546488
1841 0.3389707
1842 0.7946231
1843 0.1612291
1844 0.3470231
1845 0.9416505
1846 0.4566687
1847 0.7719028
1848 0.4850965
1849 0.5837791
1850 0.5335798
1851 0.9289012
1852 0.1129198
1853 0.09698238
1854 0.9018474
1855 0.3401226
1856 0.1977829
1857 0.2348051
1858 0.314934
1859 0.591239
1860 0.1446885
1861 0.7033692
1862 0.9297769
1863 0.5396981
1864 0.4065668
1865 0.2300167
1866 0.1621212
1867 0.1109383
1868 0.8043346
1869 0.32857
1870 0.1342761
1871 0.3067097
1872 0.2953334
1873 0.5049801
1874 0.4366975
1875 0.09859229
1876 0.01560778
1877 0.8370636
1878 0.4004885
1879 0.3670928
1880 0.8816391
1881 0.6513441
1882 0.4300817
1883 0.7642132
1884 0.1342571
1885 0.5310675
1886 0.2511985
1887 0.8766927
1888 0.1990067
1889 0.881109
1890 0.4684147
1891 0.4362681
1892 0.06414549
1893 0.2670306
1894 0.4927793
1895 0.2243751
1896 0.8171945
1897 0.5490189
1898 0.8040259
1899 0.1778813
1900 0.4675085
1901 0.2137858
1902 0.3427953
1903 0.3285675
1904 0.2162066
1905 0.1762661
1906 0.572222
1907 0.4373936
1908 0.09000003
1909 0.7961492
1910 0.7952619
1911 0.4619021
1912 0.531651
1913 0.6317834
1914 0.300417
1915 0.1552397
1916 0.5015228
1917 0.8491898
1918 0.2392068
1919 0.2315819
1920 0.9760558
1921 0.563928
1922 0.5544519
1923 0.6273628
1924 0.1426442
1925 0.6639341
1926 0.4752497
1927 0.1579933
1928 0.5555143
1929 0.4288774
1930 0.3673867
1931 0.1545415
1932 0.1079105
1933 0.8571769
1934 0.125277
1935 0.637374
1936 0.2937871
1937 0.7826216
1938 0.9007414
1939 0.4903236
1940 0.2813578
1941 0.3261762
1942 0.8245703
1943 0.8440975
1944 0.1897276
1945 0.504572
1946 0.2203984
1947 0.9583949
1948 0.5488187
1949 0.500533
1950 0.8192195
1951 0.3017001
1952 0.4856327
1953 0.7563845
1954 0.5940005
1955 0.7256711
1956 0.7074882
1957 0.8614133
1958 0.8455412
1959 0.9054731
1960 0.1846476
1961 0.776077
1962 0.1756623
1963 0.9247939
1964 0.212871
1965 0.1774433
1966 0.4792224
1967 0.3219197
1968 0.4599525
1969 0.6902336
1970 0.7404195
1971 0.3640779
1972 0.4065482
1973 0.6396801
1974 0.5952392
1975 0.0557815
1976 0.1280886
1977 0.7286338
1978 0.9782178
1979 0.5770293
1980 0.6597481
1981 0.8548169
1982 0.7350555
1983 0.1248635
1984 0.6600452
1985 0.1357308
1986 0.251118
1987 0.4014626
1988 0.7617443
1989 0.7996638
1990 0.8053298
1991 0.2248205
1992 0.6081467
1993 0.4856071
1994 0.2082264
1995 0.8374375
1996 0.1847279
1997 0.5087284
1998 0.3987385
1999 0.3209379
2000 0.3107687
2001 0.04289862
2002 0.5774959
2003 0.1874599
2004 0.01227382
2005 0.114115
2006 0.5650271
2007 0.5040198
2008 0.4585516
2009 0.1607596
2010 0.4482856
2011 0.4674889
2012 0.2372378
2013 0.9110253
2014 0.2923944
2015 0.6297031
2016 0.05008302
2017 0.006713465
2018 0.1167171
2019 0.7276913
2020 0.8295278
2021 0.2501469
2022 0.2355938
2023 0.3941253
2024 0.6050006
2025 0.5211248
2026 0.4906666
2027 0.796768
2028 0.4998676
2029 0.1608202
2030 0.3520015
2031 0.7197935
2032 0.228495
2033 0.7963012
2034 0.7222505
2035 0.6525028
2036 0.9027716
2037 0.8472486
2038 0.4257369
2039 0.4824554
2040 0.1919204
2041 0.7525289
2042 0.7374674
2043 0.6599469
2044 0.7268715
2045 0.3565363
2046 0.620111
2047 0.6369835
2048 0.7635744
2049 0.3155956
2050 0.4237238
2051 0.5915572
2052 0.3372527
2053 0.4029501
2054 0.4926593
2055 0.2134113
2056 0.5388818
2057 0.4831815
2058 0.3625784
2059 0.2624205
2060 0.5932721
2061 0.2718877
2062 0.6140696
2063 0.3698489
2064 0.1041201
2065 0.5987814
2066 0.4715882
2067 0.2048091
2068 0.8641796
2069 0.2143874
2070 0.535226
2071 0.2312761
2072 0.4244219
2073 0.350495
2074 0.3952933
2075 0.6626769
2076 0.8730521
2077 0.3732805
2078 0.5266048
2079 0.1533963
2080 0.5528334
2081 0.6884405
2082 0.7143893
2083 0.873831
2084 0.9049002
2085 0.808996
2086 0.6932079
2087 0.5510657
2088 0.4205809
2089 0.5482694
2090 0.3041003
2091 0.114784
2092 0.5401214
2093 0.4835381
2094 0.7847695
2095 0.0312978
2096 0.5749824
2097 0.8328955
2098 0.5842716
2099 0.7739577
2100 0.7077359
2101 0.6544303
2102 0.4285697
2103 0.3284467
2104 0.3230415
2105 0.1411176
2106 0.3655778
2107 0.08020623
2108 0.9682094
2109 0.2985832
2110 0.3246662
2111 0.01871415
2112 0.8769191
2113 0.6476202
2114 0.7758261
2115 0.652237
2116 0.5028547
2117 0.7971584
2118 0.758593
2119 0.6722839
2120 0.6554723
2121 0.603118
2122 0.8625358
2123 0.5250954
2124 0.4220335
2125 0.06854075
2126 0.2747466
2127 0.5196382
2128 0.3461385
2129 0.2332666
2130 0.2081824
2131 0.3302927
2132 0.09266752
2133 0.8514982
2134 0.1441922
2135 0.07641353
2136 0.5479093
2137 0.3315368
2138 0.7010053
2139 0.4550167
2140 0.5776791
2141 0.2134333
2142 0.5402388
2143 0.6227474
2144 0.1026229
2145 0.6995571
2146 0.008068595
2147 0.2638525
2148 0.5120632
2149 0.4467647
2150 0.3434675
2151 0.1163434
2152 0.2644669
2153 0.5364168
2154 0.1408227
2155 0.2376014
2156 0.177194
2157 0.9745136
2158 0.07923137
2159 0.05309417
2160 0.8744382
2161 0.07967837
2162 0.8625642
2163 0.02846954
2164 0.2650885
2165 0.882424
2166 0.144811
2167 0.619305
2168 0.7592353
2169 0.1846218
2170 0.4714646
2171 0.3293156
2172 0.6412498
2173 0.5983568
2174 0.7400437
2175 0.6481295
2176 0.3860739
2177 0.1608987
2178 0.7690781
2179 0.7863895
2180 0.8114175
2181 0.2376422
2182 0.5059901
2183 0.009342315
2184 0.2782602
2185 0.6126101
2186 0.4660102
2187 0.7332879
2188 0.1130846
2189 0.6289046
2190 0.3045851
2191 0.1279399
2192 0.1587294
2193 0.5491026
2194 0.7538129
2195 0.6804032
2196 0.8212939
2197 0.7922082
2198 0.008272181
2199 0.2336491
2200 0.4229851
2201 0.5417131
2202 0.7062294
2203 0.6457702
2204 0.4769564
2205 0.3186692
2206 0.8410896
2207 0.3776244
2208 0.01483436
2209 0.3089168
2210 0.5857522
2211 0.4434193
2212 0.3453031
2213 0.1590073
2214 0.7230065
2215 0.06548533
2216 0.9006118
2217 0.07090861
2218 0.3623375
2219 0.3666536
2220 0.2350331
2221 0.7282873
2222 0.8192063
2223 0.6263425
2224 0.1869822
2225 0.6702005
2226 0.6058697
2227 0.5650939
2228 0.1285175
2229 0.2645809
2230 0.7825429
2231 0.9368586
2232 0.1238834
2233 0.7499384
2234 0.3906027
2235 0.7967306
2236 0.8536871
2237 0.140287
2238 0.1616858
2239 0.8990021
2240 0.2200637
2241 0.1657075
2242 0.4875676
2243 0.4059099
2244 0.4774033
2245 0.553325
2246 0.412959
2247 0.6286877
2248 0.7583738
2249 0.4272558
2250 0.3616245
2251 0.587787
2252 0.5876077
2253 0.5833468
2254 0.147971
2255 0.4626764
2256 0.2504073
2257 0.2539523
2258 0.3969335
2259 0.7953012
2260 0.9147044
2261 0.4321402
2262 0.01919348
2263 0.2587532
2264 0.256875
2265 0.4925552
2266 0.4865506
2267 0.5461914
2268 0.8646311
2269 0.2847394
2270 0.3246495
2271 0.1689334
2272 0.7235532
2273 0.6199404
2274 0.3267358
2275 0.5699635
2276 0.6992232
2277 0.08235372
2278 0.5048591
2279 0.696685
2280 0.5410159
2281 0.05389343
2282 0.617656
2283 0.3466896
2284 0.05616057
2285 0.7221184
2286 0.5070059
2287 0.806961
2288 0.3954198
2289 0.2515427
2290 0.104304
2291 0.140494
2292 0.7175703
2293 0.7711084
2294 0.4920793
2295 0.4236121
2296 0.5353005
2297 0.5488225
2298 0.8907171
2299 0.6062134
2300 0.7221052
2301 0.6524593
2302 0.02417367
2303 0.121338
2304 0.5939242
2305 0.2283848
2306 0.2732189
2307 0.06613543
2308 0.5471316
2309 0.1512857
2310 0.09652117
2311 0.5859455
2312 0.1835227
2313 0.2495147
2314 0.7378811
2315 0.3335783
2316 0.5299628
2317 0.5317684
2318 0.274946
2319 0.4363432
2320 0.0339361
2321 0.2377947
2322 0.00201085
2323 0.8399992
2324 0.01777447
2325 0.1580643
2326 0.5918108
2327 0.472053
2328 0.4493785
2329 0.819385
2330 0.4681936
2331 0.6616516
2332 0.6580426
2333 0.4202313
2334 0.5046954
2335 0.3725668
2336 0.01628432
2337 0.09206693
2338 0.06991236
2339 0.1218573
2340 0.3266176
2341 0.4660498
2342 0.07773745
2343 0.0503173
2344 0.4815121
2345 0.1828369
2346 0.7392187
2347 0.3573558
2348 0.6913966
2349 0.8586329
2350 0.4239755
2351 0.3330695
2352 0.3215542
2353 0.1351151
2354 0.3110861
2355 0.4607739
2356 0.2256843
2357 0.1821503
2358 0.3748445
2359 0.8006097
2360 0.4843922
2361 0.7384123
2362 0.9126116
2363 0.924298
2364 0.1285107
2365 0.9795623
2366 0.2153908
2367 0.9176349
2368 0.6983345
2369 0.7474521
2370 0.31766
2371 0.6534418
2372 0.3453683
2373 0.0349134
2374 0.6430826
2375 0.1937952
2376 0.3554742
2377 0.7425679
2378 0.7027518
2379 0.3061445
2380 0.6942061
2381 0.2774751
2382 0.4711279
2383 0.4249558
2384 0.6309811
2385 0.3976535
2386 0.6869773
2387 0.1083264
2388 0.315543
2389 0.3585812
2390 0.1206284
2391 0.3293628
2392 0.2270601
2393 0.4983942
2394 0.6181359
2395 0.2292883
2396 0.499366
2397 0.7142523
2398 0.6970082
2399 0.8502242
2400 0.6647868
2401 0.8137674
2402 0.3963687
2403 0.2486519
2404 0.4413187
2405 0.4914959
2406 0.2669827
2407 0.4701955
2408 0.6564559
2409 0.2566738
2410 0.07033193
2411 0.1238065
2412 0.8433151
2413 0.3132961
2414 0.8941998
2415 0.02519043
2416 0.4865627
2417 0.2788195
2418 0.04503281
2419 0.5572642
2420 0.6464762
2421 0.07637871
2422 0.2615914
2423 0.294382
2424 0.1191896
2425 0.3271656
2426 0.4804751
2427 0.1601785
2428 0.9329119
2429 0.5218028
2430 0.7108623
2431 0.1050359
2432 0.7457971
2433 0.1870585
2434 0.4263001
2435 0.4914122
2436 0.6987107
2437 0.4684948
2438 0.4442354
2439 0.5228667
2440 0.09588891
2441 0.2946066
2442 0.03908603
2443 0.3088079
2444 0.2346677
2445 0.3359955
2446 0.6624837
2447 0.5045104
2448 0.4624789
2449 0.1285264
2450 0.03572212
2451 0.1925094
2452 0.292807
2453 0.3234496
2454 0.2250009
2455 0.1200453
2456 0.1986474
2457 0.8011363
2458 0.2977901
2459 0.3974181
2460 0.5039586
2461 0.6501415
2462 0.3000854
2463 0.3915604
2464 0.1742081
2465 0.01180347
2466 0.465628
2467 0.4144367
2468 0.1453786
2469 0.7519574
2470 0.7819296
2471 0.398396
2472 0.7668344
2473 0.2201507
2474 0.03516858
2475 0.3857248
2476 0.0602027
2477 0.04234148
2478 0.12768
2479 0.2860028
2480 0.9964981
2481 0.4564374
2482 0.4333813
2483 0.8989557
2484 0.6793035
2485 0.7504764
2486 0.4268189
2487 0.8041728
2488 0.4001584
2489 0.793057
2490 0.3017472
2491 0.5638801
2492 0.142806
2493 0.6411905
2494 0.5448232
2495 0.4493492
2496 0.8728999
2497 0.9140823
2498 0.4343511
2499 0.7264717
2500 0.3278139
2501 0.7587711
2502 0.2530982
2503 0.8306335
2504 0.4766745
2505 0.5985441
2506 0.94087
2507 0.5193706
2508 0.6862092
2509 0.09565348
2510 0.946136
2511 0.9200551
2512 0.3357311
2513 0.4176564
2514 0.4993226
2515 0.3369078
2516 0.07369086
2517 0.05839872
2518 0.2135197
2519 0.7208867
2520 0.3384254
2521 0.4018134
2522 0.3829529
2523 0.629889
2524 0.08101225
2525 0.2040834
2526 0.8029875
2527 0.2323403
2528 0.7399412
2529 0.8254285
2530 0.6569526
2531 0.2914817
2532 0.3436877
2533 0.00652646
2534 0.5985592
2535 0.1252646
2536 0.7642552
2537 0.2811289
2538 0.6934452
2539 0.7095942
2540 0.6809872
2541 0.3491567
2542 0.3157229
2543 0.9414766
2544 0.8287356
2545 0.6038652
2546 0.09899814
2547 0.8800235
2548 0.4173937
2549 0.5402265
2550 0.7333683
2551 0.7424949
2552 0.2402552
2553 0.8702072
2554 0.3784944
2555 0.8017725
2556 0.3621375
2557 0.5170616
2558 0.4811459
2559 0.2574407
2560 0.7650004
2561 0.2052871
2562 0.7673284
2563 0.3736621
2564 0.01021688
2565 0.1154092
2566 0.9336849
2567 0.3310488
2568 0.6558733
2569 0.4637573
2570 0.7664571
2571 0.6799855
2572 0.4282897
2573 0.240334
2574 0.8985396
2575 0.9115475
2576 0.3679914
2577 0.5441444
2578 0.5320694
2579 0.1617436
2580 0.4122729
2581 0.2447312
2582 0.5804946
2583 0.1243396
2584 0.1678284
2585 0.8109592
2586 0.822378
2587 0.07870916
2588 0.294332
2589 0.1974296
2590 0.4663829
2591 0.8535924
2592 0.3971191
2593 0.1699231
2594 0.1700699
2595 0.329188
2596 0.4817566
2597 0.7073146
2598 0.3981679
2599 0.2907097
2600 0.6253558
2601 0.4119405
2602 0.5800191
2603 0.4285949
2604 0.6342907
2605 0.9502985
2606 0.6958235
2607 0.8015527
2608 0.494151
2609 0.8286207
2610 0.7228816
2611 0.4862621
2612 0.758071
2613 0.2094231
2614 0.4228417
2615 0.7101914
2616 0.1609234
2617 0.3853332
2618 0.6165901
2619 0.3361373
2620 0.4844298
2621 0.5586615
2622 0.6616074
2623 0.1206354
2624 0.6144598
2625 0.3178911
2626 0.1264538
2627 0.2957917
2628 0.5665272
2629 0.3506958
2630 0.6471653
2631 0.1661508
2632 0.7394886
2633 0.160351
2634 0.2363968
2635 0.537861
2636 0.7506147
2637 0.4477561
2638 0.6297328
2639 0.1199481
2640 0.2224481
2641 0.2005008
2642 0.3942119
2643 0.1505522
2644 0.3184275
2645 0.7260367
2646 0.2929683
2647 0.4302412
2648 0.7928063
2649 0.6162843
2650 0.3660137
2651 0.4695859
2652 0.175353
2653 0.7161832
2654 0.2934695
2655 0.1439573
2656 0.05189674
2657 0.368103
2658 0.7829485
2659 0.09607246
2660 0.6443214
2661 0.9133345
2662 0.1478866
2663 0.4926998
2664 0.4016107
2665 0.4423852
2666 0.04103059
2667 0.4827009
2668 0.4384175
2669 0.5931117
2670 0.3781514
2671 0.8256293
2672 0.3609641
2673 0.2088576
2674 0.8453356
2675 0.5695214
2676 0.2699861
2677 0.1689635
2678 0.6498048
2679 0.6803151
2680 0.7921514
2681 0.2954194
2682 0.10286
2683 0.7120716
2684 0.6895074
2685 0.8399047
2686 0.5252924
2687 0.3716969
2688 0.4829363
2689 0.5429039
2690 0.7321688
2691 0.8669027
2692 0.7506999
2693 0.03948635
2694 0.3036516
2695 0.2377931
2696 0.1014793
2697 0.5535949
2698 0.7114678
2699 0.7421073
2700 0.8669578
2701 0.6750842
2702 0.3162529
2703 0.3318155
2704 0.4228438
2705 0.7172156
2706 0.2624008
2707 0.6767127
2708 0.9519355
2709 0.2744857
2710 0.3103249
2711 0.3470363
2712 0.7027872
2713 0.7648935
2714 0.9301792
2715 0.6642376
2716 0.8417818
2717 0.1716206
2718 0.9329392
2719 0.01889401
2720 0.8537886
2721 0.03905111
2722 0.5712857
2723 0.3971727
2724 0.545609
2725 0.3963842
2726 0.4523808
2727 0.3955486
2728 0.3642848
2729 0.1521791
2730 0.1313384
2731 0.5866151
2732 0.4789275
2733 0.3690208
2734 0.3339584
2735 0.2382022
2736 0.1069214
2737 0.2597246
2738 0.2417912
2739 0.6537677
2740 0.5594381
2741 0.5941974
2742 0.06867878
2743 0.8188087
2744 0.2139643
2745 0.6825471
2746 0.9468573
2747 0.4254063
2748 0.3646242
2749 0.1077519
2750 0.9413598
2751 0.7089057
2752 0.4296389
2753 0.876021
2754 0.5143574
2755 0.5604482
2756 0.3989532
2757 0.894527
2758 0.7230752
2759 0.4561321
2760 0.2097163
2761 0.7729454
2762 0.3195214
2763 0.01730991
2764 0.3970809
2765 0.06078841
2766 0.4931768
2767 0.8166458
2768 0.9453532
2769 0.2114944
2770 0.5055113
2771 0.2844328
2772 0.5609733
2773 0.2091547
2774 0.2915042
2775 0.5415392
2776 0.8173371
2777 0.6425914
2778 0.5720085
2779 0.8046949
2780 0.08918311
2781 0.2713398
2782 0.06219579
2783 0.1230116
2784 0.6667703
2785 0.818892
2786 0.704037
2787 0.03884869
2788 0.6044856
2789 0.4795578
2790 0.2451126
2791 0.4090625
2792 0.3941036
2793 0.4526995
2794 0.5759693
2795 0.3188656
2796 0.6413962
2797 0.1852758
2798 0.9545749
2799 0.6880541
2800 0.5442866
2801 0.5641102
2802 0.1991454
2803 0.5917646
2804 0.08844746
2805 0.6510564
2806 0.50248
2807 0.4304948
2808 0.3749041
2809 0.7549531
2810 0.5904293
2811 0.9186413
2812 0.4325307
2813 0.3252337
2814 0.1911458
2815 0.5891695
2816 0.5249298
2817 0.4520611
2818 0.9573909
2819 0.2140116
2820 0.5303966
2821 0.8891094
2822 0.6650801
2823 0.3228054
2824 0.1144123
2825 0.1872779
2826 0.001152117
2827 0.4149199
2828 0.6626249
2829 0.6572599
2830 0.6451248
2831 0.2840922
2832 0.7437542
2833 0.8670773
2834 0.2632825
2835 0.7058394
2836 0.5855186
2837 0.2266838
2838 0.5918032
2839 0.4678284
2840 0.8106846
2841 0.7644734
2842 0.3607355
2843 0.5331082
2844 0.05628243
2845 0.4038923
2846 0.4957874
2847 0.4677008
2848 0.8931949
2849 0.643044
2850 0.9434932
2851 0.1158173
2852 0.318411
2853 0.8849831
2854 0.3029529
2855 0.2653819
2856 0.1126193
2857 0.4128932
2858 0.6330564
2859 0.1665957
2860 0.8506912
2861 0.1588233
2862 0.5381761
2863 0.3895083
2864 0.1773766
2865 0.07612964
2866 0.5583682
2867 0.5568923
2868 0.04246005
2869 0.8659362
2870 0.8013584
2871 0.5082637
2872 0.05122323
2873 0.1149537
2874 0.3328733
2875 0.4283321
2876 0.4969013
2877 0.3489884
2878 0.6604038
2879 0.5046356
2880 0.2542872
2881 0.3939454
2882 0.8159761
2883 0.4808761
2884 0.7481068
2885 0.4750248
2886 0.1919228
2887 0.2993858
2888 0.3631843
2889 0.510567
2890 0.5440484
2891 0.6417139
2892 0.1888948
2893 0.07937661
2894 0.4049544
2895 0.7842118
2896 0.4022319
2897 0.04767422
2898 0.853964
2899 0.6953178
2900 0.3955135
2901 0.7683131
2902 0.4061596
2903 0.2734494
2904 0.8665029
2905 0.3143309
2906 0.4083518
2907 0.4005476
2908 0.5438195
2909 0.3857979
2910 0.5690696
2911 0.3161983
2912 0.4044519
2913 0.4691175
2914 0.8435897
2915 0.7670438
2916 0.7725225
2917 0.3442897
2918 0.2178744
2919 0.1639845
2920 0.4494735
2921 0.266268
2922 0.4849417
2923 0.2084112
2924 0.1039442
2925 0.103267
2926 0.1871705
2927 0.8680671
2928 0.481755
2929 0.08251668
2930 0.029173
2931 0.5583558
2932 0.606718
2933 0.8573133
2934 0.3994557
2935 0.4656601
2936 0.8000791
2937 0.6397908
2938 0.404409
2939 0.8043695
2940 0.009073575
2941 0.428357
2942 0.1981548
2943 0.1691173
2944 0.8955
2945 0.5009219
2946 0.6870782
2947 0.3658473
2948 0.7905247
2949 0.4971628
2950 0.3666243
2951 0.745878
2952 0.8443217
2953 0.7099331
2954 0.6275608
2955 0.5953908
2956 0.3692406
2957 0.5422706
2958 0.7229758
2959 0.2463306
2960 0.7472721
2961 0.4069993
2962 0.668515
2963 0.2968376
2964 0.2489301
2965 0.65795
2966 0.5540325
2967 0.5783232
2968 0.4003083
2969 0.3234512
2970 0.1259194
2971 0.115689
2972 0.8014417
2973 0.6910386
2974 0.5099314
2975 0.8046174
2976 0.5395118
2977 0.313064
2978 0.2986273
2979 0.08733796
2980 0.7179902
2981 0.6217708
2982 0.6661193
2983 0.8158049
2984 0.3685446
2985 0.1540046
2986 0.1534505
2987 0.008767487
2988 0.4225276
2989 0.9179098
2990 0.2959144
2991 0.9265704
2992 0.1632172
2993 0.3001407
2994 0.2531434
2995 0.6533516
2996 0.9526659
2997 0.470672
2998 0.6332646
2999 0.6804015
3000 0.6231436
3001 0.8169185
3002 0.5920956
3003 0.9908713
3004 0.4363212
3005 0.5530735
3006 0.8192363
3007 0.3791881
3008 0.31064
3009 0.5707974
3010 0.7415032
3011 0.846023
3012 0.4577521
3013 0.9732866
3014 0.6054497
3015 0.8084424
3016 0.5582738
3017 0.3511257
3018 0.7866727
3019 0.3198794
3020 0.2060543
3021 0.3308945
3022 0.5074009
3023 0.6748778
3024 0.4684705
3025 0.007414387
3026 0.4736878
3027 0.9761385
3028 0.1451669
3029 0.2762394
3030 0.02161874
3031 0.4716019
3032 0.4307026
3033 0.7744836
3034 0.6080905
3035 0.3183353
3036 0.4529044
3037 0.92918
3038 0.4515426
3039 0.5567106
3040 0.3980478
3041 0.346422
3042 0.638528
3043 0.4560533
3044 0.0974628
3045 0.08476659
3046 0.770176
3047 0.9840005
3048 0.572267
3049 0.572909
3050 0.4829432
3051 0.2394678
3052 0.6508391
3053 0.7408879
3054 0.1128222
3055 0.6301189
3056 0.040179
3057 0.6223631
3058 0.7785736
3059 0.08933507
3060 0.9825585
3061 0.5984785
3062 0.6664445
3063 0.6867984
3064 0.5819016
3065 0.3406528
3066 0.1938803
3067 0.4227641
3068 0.2341933
3069 0.4722319
3070 0.2198979
3071 0.7057256
3072 0.6041869
3073 0.5476813
3074 0.484498
3075 0.8803669
3076 0.3238336
3077 0.2576431
3078 0.1538006
3079 0.7864184
3080 0.2091594
3081 0.1375149
3082 0.725195
3083 0.495652
3084 0.01089985
3085 0.3247834
3086 0.4115022
3087 0.614311
3088 0.5247533
3089 0.07483918
3090 0.4186924
3091 0.5543835
3092 0.8240785
3093 0.3089526
3094 0.4075521
3095 0.1351018
3096 0.5662778
3097 0.6974585
3098 0.08916595
3099 0.3437665
3100 0.3111135
3101 0.4433594
3102 0.493773
3103 0.7632237
3104 0.6650291
3105 0.5818035
3106 0.2658819
3107 0.66123
3108 0.6563064
3109 0.4509941
3110 0.06420688
3111 0.4100691
3112 0.3849358
3113 0.5106813
3114 0.6147806
3115 0.4626125
3116 0.5065192
3117 0.8153429
3118 0.1073882
3119 0.5168281
3120 0.1835763
3121 0.8248257
3122 0.7472874
3123 0.3300768
3124 0.2465657
3125 0.7839367
3126 0.2489106
3127 0.1324989
3128 0.6411209
3129 0.8832465
3130 0.7455993
3131 0.5944931
3132 0.7234346
3133 0.03286983
3134 0.5731827
3135 0.009243234
3136 0.3339805
3137 0.6881871
3138 0.768948
3139 0.3371617
3140 0.1459692
3141 0.3630266
3142 0.3755872
3143 0.2699167
3144 0.4148354
3145 0.4049408
3146 0.3678481
3147 0.2815871
3148 0.3782007
3149 0.6434789
3150 0.22256
3151 0.2002575
3152 0.3273658
3153 0.1959283
3154 0.3174224
3155 0.2481744
3156 0.2523415
3157 0.233129
3158 0.2545232
3159 0.7488551
3160 0.06161108
3161 0.7099323
3162 0.3078441
3163 0.4727036
3164 0.2655802
3165 0.5832369
3166 0.05862942
3167 0.1820266
3168 0.06396125
3169 0.8597324
3170 0.7054486
3171 0.1555266
3172 0.6401129
3173 0.196931
3174 0.4477144
3175 0.1825411
3176 0.4483838
3177 0.8111536
3178 0.3437015
3179 0.06071937
3180 0.3342732
3181 0.5557077
3182 0.7553861
3183 0.3248427
3184 0.04681715
3185 0.3385569
3186 0.2174526
3187 0.7387856
3188 0.2268943
3189 0.7238553
3190 0.9756985
3191 0.5999355
3192 0.6547518
3193 0.02158042
3194 0.3750937
3195 0.4350679
3196 0.6745917
3197 0.7688151
3198 0.1594736
3199 0.8254454
3200 0.6881412
3201 0.3072667
3202 0.7586645
3203 0.217511
3204 0.6273467
3205 0.8700968
3206 0.434719
3207 0.4685709
3208 0.3289246
3209 0.04026235
3210 0.3393872
3211 0.232982
3212 0.8014289
3213 0.3297346
3214 0.4012196
3215 0.285261
3216 0.5711315
3217 0.2729443
3218 0.4696609
3219 0.2755056
3220 0.22335
3221 0.271229
3222 0.3650864
3223 0.4136581
3224 0.2625826
3225 0.1154744
3226 0.1494316
3227 0.8285647
3228 0.7749715
3229 0.168622
3230 0.1929975
3231 0.1706075
3232 0.04609126
3233 0.2240899
3234 0.4820578
3235 0.3496479
3236 0.2887076
3237 0.6905841
3238 0.5272567
3239 0.3043406
3240 0.36744
3241 0.3443543
3242 0.5292717
3243 0.2958606
3244 0.2678847
3245 0.8236286
3246 0.8682718
3247 0.4232519
3248 0.4320022
3249 0.1717674
3250 0.07583476
3251 0.6750121
3252 0.358809
3253 0.5504515
3254 0.8886118
3255 0.4475335
3256 0.3146071
3257 0.1172035
3258 0.2787992
3259 0.1788106
3260 0.5843719
3261 0.8410613
3262 0.826851
3263 0.5755806
3264 0.7693122
3265 0.1185588
3266 0.1108857
3267 0.5736235
3268 0.2075242
3269 0.9565432
3270 0.01114468
3271 0.8304315
3272 0.8514308
3273 0.1320332
3274 0.514195
3275 0.7099801
3276 0.2465347
3277 0.3072796
3278 0.0279986
3279 0.6164984
3280 0.1276856
3281 0.0950112
3282 0.8794382
3283 0.5275376
3284 0.2665847
3285 0.1356384
3286 0.01140834
3287 0.3375121
3288 0.2674212
3289 0.6623443
3290 0.04677059
3291 0.5289547
3292 0.2116423
3293 0.7728945
3294 0.9769809
3295 0.2634589
3296 0.2985185
3297 0.7922884
3298 0.002438909
3299 0.246736
3300 0.1022187
3301 0.5230162
3302 0.9171843
3303 0.6045447
3304 0.8221499
3305 0.2590759
3306 0.729085
3307 0.5107685
3308 0.594652
3309 0.2924725
3310 0.6796718
3311 0.7197389
3312 0.1586987
3313 0.6418354
3314 0.315646
3315 0.005691847
3316 0.6991963
3317 0.5890839
3318 0.7623933
3319 0.587916
3320 0.439634
3321 0.6110706
3322 0.6174383
3323 0.8361229
3324 0.7451909
3325 0.8067362
3326 0.8322045
3327 0.7918333
3328 0.7081519
3329 0.1926344
3330 0.7089021
3331 0.4285661
3332 0.04855568
3333 0.6344539
3334 0.255631
3335 0.4193823
3336 0.1375565
3337 0.6490015
3338 0.1725445
3339 0.2898421
3340 0.1631788
3341 0.02919146
3342 0.8201113
3343 0.5047663
3344 0.6294853
3345 0.05279048
3346 0.2222861
3347 0.6242103
3348 0.6928246
3349 0.2684171
3350 0.7081651
3351 0.6320425
3352 0.5212136
3353 0.6799061
3354 0.6560802
3355 0.5739873
3356 0.6265288
3357 0.113252
3358 0.1357387
3359 0.7192564
3360 0.6973554
3361 0.5073926
3362 0.7308917
3363 0.8759053
3364 0.01635362
3365 0.4573189
3366 0.05546495
3367 0.2337032
3368 0.2893529
3369 0.8592366
3370 0.330563
3371 0.3510988
3372 0.4377437
3373 0.3789671
3374 0.1559139
3375 0.5462753
3376 0.4455029
3377 0.6504059
3378 0.1249008
3379 0.5046889
3380 0.9033859
3381 0.2066383
3382 0.4551518
3383 0.06435305
3384 0.2331322
3385 0.6002511
3386 0.08812423
3387 0.6773632
3388 0.6294688
3389 0.1587492
3390 0.2435255
3391 0.6701143
3392 0.5360223
3393 0.8822362
3394 0.7004582
3395 0.7559331
3396 0.8504572
3397 0.7629941
3398 0.6913168
3399 0.2103056
3400 0.337356
3401 0.229501
3402 0.6306791
3403 0.3121348
3404 0.5393705
3405 0.3922158
3406 0.6918468
3407 0.7745292
3408 0.3509064
3409 0.6646322
3410 0.5836125
3411 0.5662133
3412 0.4527005
3413 0.4219594
3414 0.8140246
3415 0.9597322
3416 0.1796149
3417 0.4903561
3418 0.213959
3419 0.3972924
3420 0.3760747
3421 0.229453
3422 0.8694345
3423 0.2653628
3424 0.2457986
3425 0.9135563
3426 0.1003667
3427 0.8350747
3428 0.5197603
3429 0.3934533
3430 0.6942994
3431 0.5097836
3432 0.5206696
3433 0.010714
3434 0.07641712
3435 0.3488954
3436 0.8946193
3437 0.03539393
3438 0.1327152
3439 0.1233354
3440 0.2130204
3441 0.6138973
3442 0.5418288
3443 0.8087045
3444 0.8240433
3445 0.9757085
3446 0.60836
3447 0.7751223
3448 0.1737441
3449 0.3173974
3450 0.09462292
3451 0.7713282
3452 0.8240092
3453 0.5409803
3454 0.0766815
3455 0.0197569
3456 0.5490121
3457 0.1018567
3458 0.2114127
3459 0.7140312
3460 0.481244
3461 0.3516252
3462 0.02441823
3463 0.4946348
3464 0.3789842
3465 0.860648
3466 0.5979726
3467 0.9187311
3468 0.5893021
3469 0.7518935
3470 0.6338901
3471 0.4267637
3472 0.5109664
3473 0.1678735
3474 0.1113022
3475 0.342691
3476 0.9173068
3477 0.5534783
3478 0.07597932
3479 0.0807152
3480 0.1109125
3481 0.4192971
3482 0.2172141
3483 0.2094132
3484 0.4349353
3485 0.8512015
3486 0.6422629
3487 0.657591
3488 0.2386464
3489 0.6479281
3490 0.4875699
3491 0.9108278
3492 0.2068669
3493 0.1620157
3494 0.4149782
3495 0.5422092
3496 0.1080845
3497 0.3024475
3498 0.4221689
3499 0.9461188
3500 0.356458
3501 0.3002729
3502 0.3057982
3503 0.06929507
3504 0.2329073
3505 0.5982765
3506 0.8570956
3507 0.4277659
3508 0.06527648
3509 0.7478793
3510 0.1850908
3511 0.561364
3512 0.2425602
3513 0.1866747
3514 0.3410007
3515 0.3068933
3516 0.03598941
3517 0.312064
3518 0.5647464
3519 0.4375847
3520 0.7776209
3521 0.8751791
3522 0.3512393
3523 0.2863956
3524 0.4154192
3525 0.1501603
3526 0.001108178
3527 0.4710016
3528 0.5161712
3529 0.6584732
3530 0.6736753
3531 0.7041563
3532 0.7472134
3533 0.2660052
3534 0.09621777
3535 0.9105299
3536 0.5953542
3537 0.864687
3538 0.6476605
3539 0.7056879
3540 0.2128925
3541 0.3683622
3542 0.1746818
3543 0.5876536
3544 0.4266016
3545 0.9676941
3546 0.5246785
3547 0.1822135
3548 0.9408952
3549 0.6400396
3550 0.2427226
3551 0.1498873
3552 0.3147698
3553 0.4053827
3554 0.04099884
3555 0.5768028
3556 0.3726181
3557 0.2887504
3558 0.7427256
3559 0.7181942
3560 0.6058899
3561 0.5619319
3562 0.5290715
3563 0.823769
3564 0.1876055
3565 0.7649833
3566 0.6877109
3567 0.7460942
3568 0.3508178
3569 0.04243893
3570 0.5634418
3571 0.3103964
3572 0.8822115
3573 0.1906178
3574 0.8467307
3575 0.2875148
3576 0.3241105
3577 0.2593912
3578 0.9546866
3579 0.4407793
3580 0.2417432
3581 0.7016198
3582 0.09784176
3583 0.3905025
3584 0.02971587
3585 0.5058458
3586 0.599465
3587 0.8957323
3588 0.06878695
3589 0.4526267
3590 0.1469729
3591 0.6991007
3592 0.3239879
3593 0.01148956
3594 0.1306099
3595 0.2898179
3596 0.6756295
3597 0.4984916
3598 0.3163743
3599 0.3377131
3600 0.8760332
3601 0.9026225
3602 0.4323801
3603 0.3382833
3604 0.6154275
3605 0.7245255
3606 0.2350925
3607 0.1622742
3608 0.454079
3609 0.1252845
3610 0.1567182
3611 0.6225521
3612 0.9639789
3613 0.6806997
3614 0.8821547
3615 0.5934148
3616 0.721549
3617 0.5063692
3618 0.3326849
3619 0.2432571
3620 0.1688406
3621 0.1249254
3622 0.2405582
3623 0.09659181
3624 0.346786
3625 0.3372557
3626 0.3685873
3627 0.03139123
3628 0.3525448
3629 0.3027961
3630 0.4823601
3631 0.5901549
3632 0.1117284
3633 0.9537539
3634 0.009441119
3635 0.7477217
3636 0.2283488
3637 0.1759838
3638 0.2194741
3639 0.5507341
3640 0.8957307
3641 0.8298381
3642 0.1243833
3643 0.5342939
3644 0.2480683
3645 0.3718435
3646 0.1908791
3647 0.5442102
3648 0.7278946
3649 0.6039161
3650 0.2138621
3651 0.1743549
3652 0.4677941
3653 0.7967434
3654 0.6611772
3655 0.7081543
3656 0.347144
3657 0.2060745
3658 0.6202347
3659 0.045736
3660 0.4527413
3661 0.9457314
3662 0.7604926
3663 0.52256
3664 0.3110285
3665 0.2274662
3666 0.4079418
3667 0.7923569
3668 0.5894823
3669 0.6994511
3670 0.01286554
3671 0.8059288
3672 0.08021108
3673 0.5417814
3674 0.10998
3675 0.4619586
3676 0.3347393
3677 0.7927785
3678 0.5386063
3679 0.2999601
3680 0.9075541
3681 0.0675099
3682 0.824846
3683 0.4233107
3684 0.7265768
3685 0.7645431
3686 0.03793822
3687 0.6264361
3688 0.6324421
3689 0.03766608
3690 0.684901
3691 0.7691899
3692 0.7352942
3693 0.3298036
3694 0.3386131
3695 0.5137132
3696 0.6952743
3697 0.5081359
3698 0.4071441
3699 0.5706634
3700 0.6735651
3701 0.6388797
3702 0.6836629
3703 0.7796135
3704 0.6339028
3705 0.1214355
3706 0.6025213
3707 0.06063253
3708 0.6912557
3709 0.4018055
3710 0.6866842
3711 0.4342392
3712 0.132346
3713 0.3838963
3714 0.7785457
3715 0.8868609
3716 0.102242
3717 0.6650298
3718 0.4031633
3719 0.2481025
3720 0.5579616
3721 0.4599626
3722 0.2390962
3723 0.09719486
3724 0.5361075
3725 0.1953154
3726 0.1526839
3727 0.2238537
3728 0.04082827
3729 0.8609552
3730 0.07984694
3731 0.7124871
3732 0.5828943
3733 0.8787092
3734 0.9073042
3735 0.5210174
3736 0.4298855
3737 0.380781
3738 0.3942839
3739 0.3742024
3740 0.9372951
3741 0.3249161
3742 0.7719679
3743 0.4896985
3744 0.08782603
3745 0.4078085
3746 0.7127402
3747 0.8778343
3748 0.6786726
3749 0.9771497
3750 0.005811344
3751 0.07461937
3752 0.4431025
3753 0.0450551
3754 0.4006059
3755 0.3648441
3756 0.365845
3757 0.9624561
3758 0.08894364
3759 0.5642028
3760 0.07862098
3761 0.03981537
3762 0.251765
3763 0.6200656
3764 0.2102727
3765 0.8051937
3766 0.3374902
3767 0.3031046
3768 0.7271232
3769 0.2948125
3770 0.4308355
3771 0.5903483
3772 0.9697139
3773 0.6852161
3774 0.8619021
3775 0.09885893
3776 0.3425806
3777 0.7766433
3778 0.5361858
3779 0.6124101
3780 0.140662
3781 0.07649595
3782 0.6269366
3783 0.09694644
3784 0.1966847
3785 0.5272396
3786 0.1148839
3787 0.08332442
3788 0.3750644
3789 0.4936558
3790 0.5730461
3791 0.5940417
3792 0.7915166
3793 0.752829
3794 0.7319527
3795 0.06978765
3796 0.6622444
3797 0.5993496
3798 0.6607147
3799 0.1820261
3800 0.03799235
3801 0.5077289
3802 0.3415607
3803 0.7312782
3804 0.6044809
3805 0.5442269
3806 0.3663543
3807 0.06033389
3808 0.7350723
3809 0.6227249
3810 0.5122429
3811 0.1234026
3812 0.743747
3813 0.1732952
3814 0.6649832
3815 0.6013863
3816 0.2590597
3817 0.1646069
3818 0.4662674
3819 0.09556297
3820 0.1676721
3821 0.3501299
3822 0.4328595
3823 0.4835704
3824 0.0550772
3825 0.3055893
3826 0.5672059
3827 0.5186322
3828 0.7821327
3829 0.5741849
3830 0.4870345
3831 0.1131053
3832 0.2860393
3833 0.7623151
3834 0.4072606
3835 0.81603
3836 0.02138222
3837 0.2511742
3838 0.1649793
3839 0.3612893
3840 0.1080615
3841 0.1247708
3842 0.2725554
3843 0.6739441
3844 0.171293
3845 0.7330152
3846 0.06916131
3847 0.1936986
3848 0.2960025
3849 0.4850591
3850 0.4372011
3851 0.5689284
3852 0.1503667
3853 0.7067666
3854 0.2295395
3855 0.6648268
3856 0.9261545
3857 0.3865387
3858 0.7971499
3859 0.7096785
3860 0.08746975
3861 0.1359591
3862 0.2563093
3863 0.4923977
3864 0.6396524
3865 0.33479
3866 0.7975234
3867 0.5252283
3868 0.2015545
3869 0.61271
3870 0.4938499
3871 0.1513722
3872 0.3954735
3873 0.1415674
3874 0.3583313
3875 0.3428618
3876 0.4511995
3877 0.7230792
3878 0.7514029
3879 0.8798386
3880 0.2701819
3881 0.1217269
3882 0.9563881
3883 0.08283672
3884 0.280165
3885 0.03310294
3886 0.6239756
3887 0.2536161
3888 0.7448469
3889 0.7892411
3890 0.4298894
3891 0.01321569
3892 0.2924477
3893 0.5475585
3894 0.7461768
3895 0.3863926
3896 0.4105336
3897 0.8843973
3898 0.4986726
3899 0.2491702
3900 0.6059008
3901 0.08945423
3902 0.5546132
3903 0.2546752
3904 0.1972964
3905 0.7514902
3906 0.7719129
3907 0.1085837
3908 0.1497315
3909 0.1471861
3910 0.9719296
3911 0.07816691
3912 0.1060176
3913 0.4387745
3914 0.5912496
3915 0.2870888
3916 0.04492828
3917 0.483205
3918 0.5940853
3919 0.9776139
3920 0.4296815
3921 0.5750496
3922 0.8771294
3923 0.1137997
3924 0.550962
3925 0.5362047
3926 0.0725394
3927 0.7762982
3928 0.5167073
3929 0.1753915
3930 0.7774935
3931 0.0163814
3932 0.4627092
3933 0.1893528
3934 0.5553435
3935 0.4412361
3936 0.3430373
3937 0.1342806
3938 0.622605
3939 0.5551326
3940 0.005316009
3941 0.7647947
3942 0.6454595
3943 0.3637953
3944 0.3280587
3945 0.6261886
3946 0.128817
3947 0.5400139
3948 0.3574548
3949 0.315063
3950 0.2541379
3951 0.6028183
3952 0.4510964
3953 0.16197
3954 0.281698
3955 0.1430648
3956 0.5770943
3957 0.5019321
3958 0.5181729
3959 0.5566182
3960 0.8323322
3961 0.8917227
3962 0.4746837
3963 0.05975491
3964 0.6398591
3965 0.3388221
3966 0.8646055
3967 0.5495394
3968 0.5660989
3969 0.7400643
3970 0.9346597
3971 0.4176404
3972 0.9876184
3973 0.3877152
3974 0.547033
3975 0.3634333
3976 0.9915646
3977 0.8911229
3978 0.7165558
3979 0.9025098
3980 0.09070124
3981 0.008748693
3982 0.2506081
3983 0.4506374
3984 0.2697787
3985 0.3178111
3986 0.7138855
3987 0.04146021
3988 0.2382702
3989 0.6521832
3990 0.3376167
3991 0.5586552
3992 0.08542994
3993 0.2822772
3994 0.04969747
3995 0.7681016
3996 0.8787293
3997 0.6487058
3998 0.5118496
3999 0.8157921
4000 0.1281926
4001 0.2329488
4002 0.3810329
4003 0.2059338
4004 0.3768912
4005 0.8529205
4006 0.3959454
4007 0.1569731
4008 0.3274051
4009 0.756153
4010 0.2045262
4011 0.4935774
4012 0.7029863
4013 0.09866416
4014 0.3566804
4015 0.2814395
4016 0.7591183
4017 0.007930897
4018 0.498827
4019 0.8222808
4020 0.1598341
4021 0.3137498
4022 0.265816
4023 0.9159824
4024 0.4232456
4025 0.733056
4026 0.2834659
4027 0.2160566
4028 0.6925167
4029 0.2347751
4030 0.5962176
4031 0.5610658
4032 0.2647574
4033 0.2397183
4034 0.05871995
4035 0.9731288
4036 0.6741146
4037 0.3405283
4038 0.4636045
4039 0.6905223
4040 0.3545624
4041 0.2476988
4042 0.530938
4043 0.6637355
4044 0.3055702
4045 0.9261865
4046 0.6259755
4047 0.8679737
4048 0.1825015
4049 0.1185908
4050 0.01031164
4051 0.6990924
4052 0.6054128
4053 0.1653897
4054 0.7734966
4055 0.3403719
4056 0.1645452
4057 0.3027734
4058 0.333532
4059 0.002315587
4060 0.9055174
4061 0.8369199
4062 0.2243323
4063 0.6710701
4064 0.5982512
4065 0.5740162
4066 0.2206519
4067 0.4402403
4068 0.1175151
4069 0.2249325
4070 0.3062198
4071 0.5503963
4072 0.4788248
4073 0.642062
4074 0.6104326
4075 0.7853958
4076 0.2975402
4077 0.6502118
4078 0.7682562
4079 0.19338
4080 0.5035947
4081 0.8171954
4082 0.2446424
4083 0.183207
4084 0.07939618
4085 0.6346529
4086 0.1879962
4087 0.6761523
4088 0.9097956
4089 0.4658859
4090 0.3860198
4091 0.9277096
4092 0.3259683
4093 0.4927084
4094 0.3129177
4095 0.06059959
4096 0.05359985
4097 0.5139283
4098 0.09224552
4099 0.9106743
4100 0.7637066
4101 0.7176932
4102 0.4981672
4103 0.5568526
4104 0.7011661
4105 0.4797046
4106 0.2729178
4107 0.5157321
4108 0.3556565
4109 0.5152513
4110 0.8474765
4111 0.8268577
4112 0.2735293
4113 0.598309
4114 0.6432891
4115 0.792012
4116 0.6278747
4117 0.8630753
4118 0.07381713
4119 0.05996317
4120 0.318722
4121 0.7448899
4122 0.7233647
4123 0.2985909
4124 0.8799995
4125 0.7170471
4126 0.2689169
4127 0.2815079
4128 0.7267077
4129 0.7268704
4130 0.8786226
4131 0.5784823
4132 0.4554018
4133 0.3259786
4134 0.9062152
4135 0.9413588
4136 0.4992141
4137 0.9144379
4138 0.4806335
4139 0.8336013
4140 0.3612605
4141 0.1734909
4142 0.1796213
4143 0.1332211
4144 0.2717768
4145 0.2897713
4146 0.8757664
4147 0.270717
4148 0.8394609
4149 0.2233655
4150 0.001622849
4151 0.5292114
4152 0.5026021
4153 0.8700583
4154 0.6692289
4155 0.09064798
4156 0.4635939
4157 0.9069897
4158 0.4314305
4159 0.7023253
4160 0.7746597
4161 0.3573205
4162 0.3869388
4163 0.953508
4164 0.6471999
4165 0.3429286
4166 0.5844398
4167 0.3722293
4168 0.2822032
4169 0.5505433
4170 0.8395142
4171 0.3408987
4172 0.9418018
4173 0.7620131
4174 0.9612666
4175 0.2583999
4176 0.5280478
4177 0.3845204
4178 0.2037235
4179 0.4460471
4180 0.2520136
4181 0.5652673
4182 0.5952689
4183 0.7321823
4184 0.3880156
4185 0.445267
4186 0.1325691
4187 0.5047033
4188 0.3479724
4189 0.4963277
4190 0.6121567
4191 0.296575
4192 0.6977214
4193 0.09855631
4194 0.1873543
4195 0.08796409
4196 0.4947728
4197 0.1216751
4198 0.1947915
4199 0.3264032
4200 0.3963378
4201 0.1846334
4202 0.5383769
4203 0.3382703
4204 0.07358067
4205 0.6919267
4206 0.3314689
4207 0.6380163
4208 0.5208455
4209 0.249951
4210 0.5010124
4211 0.5437828
4212 0.0889251
4213 0.01147421
4214 0.3838927
4215 0.3667451
4216 0.8933263
4217 0.6407196
4218 0.9412847
4219 0.1615583
4220 0.7507695
4221 0.5324878
4222 0.7960035
4223 0.677315
4224 0.6008059
4225 0.799481
4226 0.7852874
4227 0.2435082
4228 0.9118946
4229 0.5897166
4230 0.4510868
4231 0.578233
4232 0.9847363
4233 0.2682474
4234 0.7059121
4235 0.5477578
4236 0.1317633
4237 0.9606588
4238 0.7091141
4239 0.7062442
4240 0.2828572
4241 0.4288074
4242 0.1865166
4243 0.3584444
4244 0.3237849
4245 0.6603835
4246 0.920365
4247 0.6406138
4248 0.3578215
4249 0.04308646
4250 0.1422071
4251 0.06273318
4252 0.2354716
4253 0.1270761
4254 0.3122855
4255 0.3449823
4256 0.4591481
4257 0.4986424
4258 0.6402846
4259 0.6393018
4260 0.9187673
4261 0.9083459
4262 0.6561706
4263 0.3194723
4264 0.3001184
4265 0.685806
4266 0.06937868
4267 0.5091495
4268 0.2662884
4269 0.06261171
4270 0.3221966
4271 0.5283582
4272 0.06326609
4273 0.2806817
4274 0.3239796
4275 0.7102615
4276 0.6452514
4277 0.9135347
4278 0.4243786
4279 0.1229982
4280 0.5145452
4281 0.8351182
4282 0.372257
4283 0.5322524
4284 0.3249074
4285 0.9038368
4286 0.05587537
4287 0.6413108
4288 0.9110827
4289 0.6489725
4290 0.01610052
4291 0.8688657
4292 0.3234537
4293 0.8611111
4294 0.1915399
4295 0.2207241
4296 0.06046865
4297 0.4589387
4298 0.1641502
4299 0.4913801
4300 0.1383037
4301 0.6242259
4302 0.1606302
4303 0.8677523
4304 0.9875061
4305 0.07199594
4306 0.6421778
4307 0.5898167
4308 0.6989184
4309 0.1880188
4310 0.6926378
4311 0.7568673
4312 0.6032423
4313 0.8801046
4314 0.595719
4315 0.5412217
4316 0.5754148
4317 0.8223172
4318 0.5738084
4319 0.447179
4320 0.6784759
4321 0.3996757
4322 0.2166469
4323 0.7009183
4324 0.1761937
4325 0.05272935
4326 0.5809613
4327 0.6648307
4328 0.65885
4329 0.7325375
4330 0.6189096
4331 0.776915
4332 0.623431
4333 0.2943768
4334 0.02893989
4335 0.7660627
4336 0.729989
4337 0.3934729
4338 0.6568603
4339 0.4175887
4340 0.90286
4341 0.8258304
4342 0.1066749
4343 0.5152055
4344 0.6716614
4345 0.6753596
4346 0.3157228
4347 0.7663273
4348 0.652819
4349 0.6063247
4350 0.8671945
4351 0.5187813
4352 0.5464451
4353 0.885141
4354 0.8474064
4355 0.788291
4356 0.4030492
4357 0.3359266
4358 0.363206
4359 0.6117952
4360 0.5293325
4361 0.5953871
4362 0.7161577
4363 0.07257165
4364 0.5796061
4365 0.271759
4366 0.4328343
4367 0.02302144
4368 0.3357161
4369 0.4564825
4370 0.659675
4371 0.3272524
4372 0.5094138
4373 0.8380829
4374 0.712655
4375 0.6445751
4376 0.3565532
4377 0.5602049
4378 0.4315532
4379 0.2480437
4380 0.2533827
4381 0.9148739
4382 0.3179237
4383 0.6239754
4384 0.362808
4385 0.7589107
4386 0.869056
4387 0.7907879
4388 0.2665953
4389 0.5595616
4390 0.3692615
4391 0.5628473
4392 0.3848805
4393 0.8214403
4394 0.02955259
4395 0.9563261
4396 0.3394587
4397 0.8098062
4398 0.5017422
4399 0.3944854
4400 0.895513
4401 0.7720851
4402 0.9480788
4403 0.4727019
4404 0.3636923
4405 0.8024772
4406 0.3364959
4407 0.4692865
4408 0.4944568
4409 0.2336655
4410 0.188853
4411 0.3598474
4412 0.1123633
4413 0.6178785
4414 0.6548449
4415 0.4284171
4416 0.4164882
4417 0.496703
4418 0.7004559
4419 0.4821592
4420 0.5321162
4421 0.7214765
4422 0.9264344
4423 0.752216
4424 0.03362059
4425 0.9455144
4426 0.1939011
4427 0.2895036
4428 0.8375516
4429 0.350946
4430 0.2557314
4431 0.3951989
4432 0.9608748
4433 0.6266365
4434 0.4909258
4435 0.7585941
4436 0.2953565
4437 0.5086808
4438 0.3797176
4439 0.6654051
4440 0.6429549
4441 0.03701557
4442 0.5548825
4443 0.7392024
4444 0.1813793
4445 0.1262644
4446 0.9022263
4447 0.5690719
4448 0.4872956
4449 0.1557506
4450 0.122843
4451 0.2544165
4452 0.4345285
4453 0.01445839
4454 0.5283588
4455 0.7992495
4456 0.5012796
4457 0.1238991
4458 0.8316248
4459 0.2022797
4460 0.1898686
4461 0.2935614
4462 0.5340479
4463 0.9296062
4464 0.8555979
4465 0.3711441
4466 0.219393
4467 0.4960816
4468 0.3405191
4469 0.914872
4470 0.134074
4471 0.3579678
4472 0.5035235
4473 0.7036115
4474 0.5806617
4475 0.4238969
4476 0.6087029
4477 0.3517245
4478 0.690775
4479 0.6047302
4480 0.07866529
4481 0.7631908
4482 0.2542384
4483 0.8744485
4484 0.751975
4485 0.09026729
4486 0.4225383
4487 0.470137
4488 0.1985938
4489 0.4555149
4490 0.2456097
4491 0.5308349
4492 0.7070522
4493 0.2310505
4494 0.02504875
4495 0.006214048
4496 0.9363174
4497 0.7930704
4498 0.1796954
4499 0.9164101
4500 0.601101
4501 0.6324373
4502 0.2024573
4503 0.3215011
4504 0.05664721
4505 0.3683612
4506 0.8702611
4507 0.7715211
4508 0.272662
4509 0.01334983
4510 0.9547642
4511 0.3657201
4512 0.9726382
4513 0.6964536
4514 0.5633735
4515 0.3940727
4516 0.7429141
4517 0.8102217
4518 0.8290012
4519 0.1977879
4520 0.1713722
4521 0.4092775
4522 0.5483129
4523 0.2017117
4524 0.3951413
4525 0.01661591
4526 0.2630424
4527 0.562369
4528 0.3740098
4529 0.008042737
4530 0.2171258
4531 0.7118075
4532 0.9270589
4533 0.3921791
4534 0.08668258
4535 0.6256373
4536 0.08833135
4537 0.2992524
4538 0.431306
4539 0.08250567
4540 0.7003632
4541 0.2901477
4542 0.4715132
4543 0.07692731
4544 0.1969598
4545 0.8139457
4546 0.1182783
4547 0.5641415
4548 0.9881005
4549 0.6794752
4550 0.4762294
4551 0.05986407
4552 0.142015
4553 0.2365741
4554 0.2332097
4555 0.6570093
4556 0.586635
4557 0.4824078
4558 0.3646151
4559 0.3987269
4560 0.9117367
4561 0.659164
4562 0.6273712
4563 0.4564345
4564 0.4845808
4565 0.01850793
4566 0.5993354
4567 0.1097512
4568 0.2306854
4569 0.1788403
4570 0.4816886
4571 0.8215873
4572 0.5872124
4573 0.5733157
4574 0.5616835
4575 0.6639543
4576 0.593631
4577 0.4803719
4578 0.8434469
4579 0.1097818
4580 0.4957949
4581 0.1684832
4582 0.1249414
4583 0.7447781
4584 0.3677083
4585 0.0593292
4586 0.59026
4587 0.4380912
4588 0.03320364
4589 0.2707752
4590 0.6811919
4591 0.4916277
4592 0.161803
4593 0.6386681
4594 0.1567425
4595 0.8719174
4596 0.7252849
4597 0.5300251
4598 0.2229665
4599 0.4436681
4600 0.4684361
4601 0.3499946
4602 0.1354058
4603 0.3187116
4604 0.5491064
4605 0.1954268
4606 0.3239433
4607 0.5781378
4608 0.7630191
4609 0.3995734
4610 0.9001608
4611 0.09964031
4612 0.3047869
4613 0.9893208
4614 0.8277082
4615 0.6376433
4616 0.2654503
4617 0.825608
4618 0.6543088
4619 0.6921919
4620 0.5316408
4621 0.2071525
4622 0.6090744
4623 0.1217744
4624 0.1750889
4625 0.4775687
4626 0.5456924
4627 0.2270152
4628 0.4500051
4629 0.5073923
4630 0.9552752
4631 0.4700881
4632 0.6836542
4633 0.8782318
4634 0.6691714
4635 0.5735472
4636 0.4096219
4637 0.4886664
4638 0.8419258
4639 0.8457018
4640 0.1426366
4641 0.6203642
4642 0.1869267
4643 0.1338415
4644 0.8058685
4645 0.4183882
4646 0.1492974
4647 0.8179247
4648 0.2699018
4649 0.7266172
4650 0.5706902
4651 0.991272
4652 0.4378496
4653 0.04952738
4654 0.3281627
4655 0.8358317
4656 0.0003031473
4657 0.5806238
4658 0.5257312
4659 0.8338272
4660 0.5156395
4661 0.009243903
4662 0.2788212
4663 0.4703287
4664 0.4392483
4665 0.1840537
4666 0.05751252
4667 0.2213919
4668 0.7820981
4669 0.4480859
4670 0.7017334
4671 0.4611763
4672 0.7405525
4673 0.8028003
4674 0.190971
4675 0.6835556
4676 0.8866981
4677 0.6543778
4678 0.3014016
4679 0.1257085
4680 0.04710694
4681 0.6611531
4682 0.5629884
4683 0.1543725
4684 0.658224
4685 0.2020187
4686 0.7291819
4687 0.4041242
4688 0.3487179
4689 0.5633034
4690 0.2982254
4691 0.01607768
4692 0.5842048
4693 0.4983742
4694 0.1477511
4695 0.3071992
4696 0.8675612
4697 0.4114467
4698 0.3555831
4699 0.3687271
4700 0.5618595
4701 0.6233832
4702 0.6554662
4703 0.2245198
4704 0.7780065
4705 0.574747
4706 0.1379324
4707 0.4104225
4708 0.43643
4709 0.1687335
4710 0.4030734
4711 0.8263306
4712 0.02724264
4713 0.745078
4714 0.8212367
4715 0.6179549
4716 0.4110357
4717 0.6412614
4718 0.9236227
4719 0.8121825
4720 0.6912983
4721 0.5282882
4722 0.8414017
4723 0.1929402
4724 0.3808138
4725 0.2882156
4726 0.2726808
4727 0.5346025
4728 0.3851366
4729 0.8956616
4730 0.1930498
4731 0.6252283
4732 0.3392642
4733 0.3907127
4734 0.4056831
4735 0.3244399
4736 0.1041928
4737 0.8112726
4738 0.9658302
4739 0.1161829
4740 0.3648955
4741 0.7201019
4742 0.8788712
4743 0.246106
4744 0.6869615
4745 0.1301681
4746 0.726939
4747 0.4286128
4748 0.8230393
4749 0.3631845
4750 0.6818443
4751 0.3282063
4752 0.2945488
4753 0.004799959
4754 0.4520806
4755 0.4118662
4756 0.1795449
4757 0.0770444
4758 0.2145995
4759 0.7230066
4760 0.6720856
4761 0.5130009
4762 0.695413
4763 0.8874379
4764 0.2474159
4765 0.5914143
4766 0.2716709
4767 0.9613848
4768 0.03691993
4769 0.2410871
4770 0.7751009
4771 0.762092
4772 0.2121509
4773 0.247717
4774 0.8261582
4775 0.2495289
4776 0.5172037
4777 0.660831
4778 0.3239201
4779 0.04064853
4780 0.9088096
4781 0.3029305
4782 0.3375425
4783 0.2354727
4784 0.1576248
4785 0.4649534
4786 0.5726078
4787 0.3234114
4788 0.6565451
4789 0.3888523
4790 0.05156159
4791 0.1246671
4792 0.01568884
4793 0.2433091
4794 0.9108449
4795 0.5910162
4796 0.3470328
4797 0.06243507
4798 0.7664855
4799 0.7151821
4800 0.6044779
4801 0.7000249
4802 0.07706398
4803 0.7085175
4804 0.04758139
4805 0.1470579
4806 0.5240474
4807 0.5587121
4808 0.3304044
4809 0.646366
4810 0.4259112
4811 0.4939038
4812 0.6786538
4813 0.4073641
4814 0.3467306
4815 0.3350437
4816 0.3363886
4817 0.6734302
4818 0.6805379
4819 0.1697571
4820 0.05805529
4821 0.5278007
4822 0.2777186
4823 0.6526325
4824 0.3607451
4825 0.06876361
4826 0.9538082
4827 0.3470711
4828 0.3771871
4829 0.5527247
4830 0.3422116
4831 0.5534701
4832 0.7464622
4833 0.06292519
4834 0.8184218
4835 0.7049607
4836 0.5566678
4837 0.6395551
4838 0.6895328
4839 0.367793
4840 0.2329816
4841 0.4775084
4842 0.6177238
4843 0.6849998
4844 0.2448128
4845 0.2693587
4846 0.2895938
4847 0.3751939
4848 0.6243209
4849 0.6573269
4850 0.2421801
4851 0.2156021
4852 0.03355706
4853 0.4702486
4854 0.7115756
4855 0.4079891
4856 0.1527066
4857 0.2031814
4858 0.6578206
4859 0.8219894
4860 0.003978632
4861 0.1993599
4862 0.108622
4863 0.5335466
4864 0.5513535
4865 0.010097
4866 0.6278482
4867 0.09410272
4868 0.8498055
4869 0.4954631
4870 0.8407349
4871 0.7244651
4872 0.0830734
4873 0.4692135
4874 0.3419022
4875 0.8531365
4876 0.6965776
4877 0.7539469
4878 0.2113959
4879 0.6412604
4880 0.2512398
4881 0.7217258
4882 0.2941297
4883 0.3273218
4884 0.7161001
4885 0.2372217
4886 0.3051206
4887 0.148158
4888 0.8731647
4889 0.2830403
4890 0.0990722
4891 0.05117047
4892 0.4963121
4893 0.5183028
4894 0.4591159
4895 0.08119108
4896 0.8333566
4897 0.1627988
4898 0.3799102
4899 0.7947032
4900 0.5148895
4901 0.951971
4902 0.1116209
4903 0.3241351
4904 0.1036513
4905 0.4325592
4906 0.235725
4907 0.7490537
4908 0.7504088
4909 0.1884634
4910 0.8425878
4911 0.6184808
4912 0.8043173
4913 0.3328321
4914 0.4637012
4915 0.5890641
4916 0.470536
4917 0.5817771
4918 0.930261
4919 0.5129921
4920 0.4283116
4921 0.156693
4922 0.6720036
4923 0.5800875
4924 0.6000735
4925 0.3941171
4926 0.8113118
4927 0.1004955
4928 0.7544534
4929 0.3071424
4930 0.4092332
4931 0.6611926
4932 0.5582542
4933 0.1992951
4934 0.4526126
4935 0.9353927
4936 0.5682628
4937 0.2604442
4938 0.4243102
4939 0.5058486
4940 0.3340341
4941 0.2133659
4942 0.8016525
4943 0.254657
4944 0.4563068
4945 0.2364012
4946 0.7710655
4947 0.7174922
4948 0.1280439
4949 0.2786932
4950 0.3976344
4951 0.5323636
4952 0.8133599
4953 0.5523821
4954 0.2378801
4955 0.2901118
4956 0.07589632
4957 0.6789983
4958 0.4328618
4959 0.3400124
4960 0.3643398
4961 0.6852683
4962 0.1999738
4963 0.3534839
4964 0.8807585
4965 0.4998643
4966 0.2657416
4967 0.8368039
4968 0.5224134
4969 0.04399559
4970 0.4358316
4971 0.3292018
4972 0.8811926
4973 0.01765691
4974 0.4161854
4975 0.9392956
4976 0.5138482
4977 0.6026987
4978 0.4952861
4979 0.753801
4980 0.4128648
4981 0.0781467
4982 0.431135
4983 0.1883078
4984 0.5266184
4985 0.3910675
4986 0.5644489
4987 0.5897238
4988 0.5884537
4989 0.499723
4990 0.1424931
4991 0.303211
4992 0.6579805
4993 0.7227891
4994 0.6574524
4995 0.02044954
4996 0.7026034
4997 0.598337
4998 0.1804395
4999 0.6852131
5000 0.7971374
