1 0.4894896
2 0.2399522
3 0.4098132
4 0.9259607
5 0.1231979
6 0.7227709
7 0.9582813
8 0.4251076
9 0.2843499
10 0.6052983
11 0.2882054
12 0.4289915
13 0.2913598
14 0.4686679
15 0.6822236
16 0.5177308
17 0.2442593
18 0.0440498
19 0.06284823
20 0.04389559
21 0.3356381
22 0.9728157
23 0.3081076
24 0.3573893
25 0.7498428
26 0.2273631
27 0.9149576
28 0.3518959
29 0.5750732
30 0.2413935
31 0.7273141
32 0.07494596
33 0.9330127
34 0.6956321
35 0.111132
36 0.3844537
37 0.6738567
38 0.8083335
39 0.3800012
40 0.4249098
41 0.3020019
42 0.8026385
43 0.505458
44 0.9159297
45 0.972901
46 0.6631947
47 0.03348783
48 0.6453326
49 0.5762375
50 0.8037069
51 0.656461
52 0.6254831
53 0.0404569
54 0.833413
55 0.9026892
56 0.1264819
57 0.8677992
58 0.442143
59 0.9842284
60 0.5854552
61 0.1743235
62 0.4578354
63 0.8670915
64 0.2962073
65 0.337361
66 0.793008
67 0.2546562
68 0.1889491
69 0.2548256
70 0.1652147
71 0.1163619
72 0.4865466
73 0.5180058
74 0.3970384
75 0.06513871
76 0.1737966
77 0.2520641
78 0.8018568
79 0.5686818
80 0.9845535
81 0.004280754
82 0.6035198
83 0.4177707
84 0.01134744
85 0.8813751
86 0.5985194
87 0.7009348
88 0.3236522
89 0.6544898
90 0.3553043
91 0.02731858
92 0.5354607
93 0.1081279
94 0.6656633
95 0.236549
96 0.4484471
97 0.9806197
98 0.2533601
99 0.2560109
100 0.3082823
101 0.5802057
102 0.9687934
103 0.1247293
104 0.5353868
105 0.08992549
106 0.4403519
107 0.7504676
108 0.3141123
109 0.4056765
110 0.6332952
111 0.2716983
112 0.909555
113 0.4364579
114 0.1797093
115 0.1956824
116 0.05026797
117 0.1833866
118 0.682731
119 0.4500159
120 0.3453126
121 0.4792632
122 0.3966407
123 0.6803626
124 0.281854
125 0.2299583
126 0.00398291
127 0.9209687
128 0.2573833
129 0.6387879
130 0.7764624
131 0.2925073
132 0.5645861
133 0.3327798
134 0.3430878
135 0.2914571
136 0.6340575
137 0.4958846
138 0.6101844
139 0.6918875
140 0.3983716
141 0.4820732
142 0.08340622
143 0.9454791
144 0.7827717
145 0.8831894
146 0.9342936
147 0.4598115
148 0.1841379
149 0.5250955
150 0.3708541
151 0.1845136
152 0.9793952
153 0.4178291
154 0.6907084
155 0.2090147
156 0.1955746
157 0.9810864
158 0.5960249
159 0.5481886
160 0.9355969
161 0.6015453
162 0.2999478
163 0.3595076
164 0.6987162
165 0.2311923
166 0.7667455
167 0.2631082
168 0.4829192
169 0.1649607
170 0.3576565
171 0.807409
172 0.2663601
173 0.3447282
174 0.4236186
175 0.2224411
176 0.219272
177 0.2085731
178 0.1139607
179 0.7632508
180 0.2948388
181 0.9189393
182 0.1939349
183 0.1253637
184 0.9417241
185 0.2534767
186 0.9013225
187 0.755543
188 0.07828148
189 0.9881947
190 0.1254551
191 0.7841389
192 0.4649524
193 0.8479512
194 0.3233187
195 0.2314464
196 0.8524081
197 0.5913067
198 0.8760571
199 0.008132897
200 0.6642446
201 0.9693597
202 0.9095252
203 0.178969
204 0.5504132
205 0.3182187
206 0.3524175
207 0.8009718
208 0.1214995
209 0.7111645
210 0.2448566
211 0.7628752
212 0.3585573
213 0.118783
214 0.830159
215 0.6442868
216 0.7148866
217 0.966578
218 0.7545089
219 0.3711777
220 0.5429298
221 0.3291378
222 0.7882676
223 0.4515272
224 0.09314755
225 0.8613886
226 0.7887575
227 0.6244405
228 0.9783508
229 0.006217912
230 0.2267266
231 0.002071881
232 0.3396422
233 0.6864173
234 0.9687692
235 0.6570344
236 0.5629545
237 0.1103983
238 0.7457188
239 0.1202728
240 0.7918833
241 0.6833917
242 0.2299784
243 0.7710184
244 0.8750479
245 0.8155778
246 0.3988638
247 0.3910392
248 0.2564644
249 0.434186
250 0.3009636
251 0.4423145
252 0.3206785
253 0.001703603
254 0.1741807
255 0.8601925
256 0.1775074
257 0.5506949
258 0.510632
259 0.8723268
260 0.9048046
261 0.4182676
262 0.6498372
263 0.2084983
264 0.1835099
265 0.4729691
266 0.6980324
267 0.9744957
268 0.1080856
269 0.8545529
270 0.5413867
271 0.5653757
272 0.7073435
273 0.38084
274 0.60756
275 0.5681757
276 0.6438955
277 0.4053863
278 0.07489712
279 0.1644509
280 0.1365213
281 0.3410812
282 0.5327709
283 0.5594769
284 0.6665974
285 0.6033031
286 0.4893875
287 0.587336
288 0.220085
289 0.6886046
290 0.6135705
291 0.8413461
292 0.1461643
293 0.02080939
294 0.7506128
295 0.8429498
296 0.8428296
297 0.6690388
298 0.6834869
299 0.3096489
300 0.7205735
301 0.3985539
302 0.5873016
303 0.9334188
304 0.7386575
305 0.1197332
306 0.8107806
307 0.3656049
308 0.2254347
309 0.5582577
310 0.9066156
311 0.8877679
312 0.6983002
313 0.2953968
314 0.5598122
315 0.4909665
316 0.9305834
317 0.7635962
318 0.2172936
319 0.4089955
320 0.9163569
321 0.9713695
322 0.8848557
323 0.8813341
324 0.111654
325 0.2523084
326 0.509512
327 0.07608762
328 0.784615
329 0.7604621
330 0.05371753
331 0.7335394
332 0.08794827
333 0.9462807
334 0.965332
335 0.1226056
336 0.9845535
337 0.3939199
338 0.7095096
339 0.9824202
340 0.7950561
341 0.4112525
342 0.923375
343 0.3083655
344 0.2335694
345 0.9023859
346 0.1346274
347 0.8915885
348 0.5651105
349 0.4647475
350 0.425891
351 0.5841768
352 0.4291058
353 0.438972
354 0.1845826
355 0.4626051
356 0.5726974
357 0.3837306
358 0.626921
359 0.5482683
360 0.8386071
361 0.6666953
362 0.1552888
363 0.2000745
364 0.1633257
365 0.02865025
366 0.5837008
367 0.4474138
368 0.9291268
369 0.6598529
370 0.4899735
371 0.7516496
372 0.9741841
373 0.004289414
374 0.5000915
375 0.7459816
376 0.02624341
377 0.7927192
378 0.8153263
379 0.5144798
380 0.7303076
381 0.2420234
382 0.674212
383 0.84463
384 0.6807359
385 0.611605
386 0.6264092
387 0.4637342
388 0.7505159
389 0.9075667
390 0.7108961
391 0.06286833
392 0.7894698
393 0.2234931
394 0.3574898
395 0.1965993
396 0.4315708
397 0.6647664
398 0.616658
399 0.7439581
400 0.8154438
401 0.3792481
402 0.338257
403 0.6080956
404 0.4319342
405 0.6936173
406 0.02886081
407 0.1686488
408 0.9736472
409 0.2237336
410 0.8509759
411 0.8246924
412 0.8872023
413 0.856566
414 0.07495904
415 0.03450497
416 0.3619285
417 0.7430195
418 0.4105053
419 0.6377187
420 0.8672993
421 0.4668498
422 0.1654473
423 0.7747186
424 0.9880532
425 0.02700116
426 0.1817307
427 0.4830175
428 0.861904
429 0.1376982
430 0.3948523
431 0.7334315
432 0.07916351
433 0.7918778
434 0.6985167
435 0.2410915
436 0.2301824
437 0.5913914
438 0.3893089
439 0.6122842
440 0.326741
441 0.4448117
442 0.5401206
443 0.9672805
444 0.06642102
445 0.6264307
446 0.2070777
447 0.9374313
448 0.2135268
449 0.4371075
450 0.325347
451 0.7343534
452 0.06761773
453 0.8328211
454 0.1822847
455 0.03602466
456 0.5387145
457 0.4524574
458 0.2584617
459 0.0728772
460 0.02342746
461 0.6900682
462 0.1890544
463 0.901249
464 0.8345889
465 0.3936112
466 0.5396913
467 0.3742963
468 0.857569
469 0.6577886
470 0.5738839
471 0.1005228
472 0.1207767
473 0.4192282
474 0.7055079
475 0.5520186
476 0.6200638
477 0.537542
478 0.6616878
479 0.4008788
480 0.7391801
481 0.6193021
482 0.1966773
483 0.584832
484 0.04112934
485 0.04742897
486 0.7309116
487 0.7536476
488 0.0273238
489 0.4562966
490 0.1366035
491 0.7019701
492 0.5618963
493 0.994406
494 0.8945086
495 0.2984326
496 0.303087
497 0.2526114
498 0.1688706
499 0.9453558
500 0.6121698
501 0.427826
502 0.7423635
503 0.08587248
504 0.7853334
505 0.6020997
506 0.4808652
507 0.09518988
508 0.1800191
509 0.2525631
510 0.6983647
511 0.463156
512 0.08808722
513 0.2721609
514 0.2846046
515 0.002544999
516 0.7811035
517 0.5121522
518 0.4804829
519 0.9774687
520 0.7862717
521 0.4346492
522 0.6479634
523 0.3554772
524 0.416245
525 0.887298
526 0.9436073
527 0.692149
528 0.1212018
529 0.5651675
530 0.3340947
531 0.08220634
532 0.5966359
533 0.3881333
534 0.3386411
535 0.3145642
536 0.4851367
537 0.3997667
538 0.9379539
539 0.6308362
540 0.6083145
541 0.9043088
542 0.1891694
543 0.4520815
544 0.9629195
545 0.167948
546 0.8057391
547 0.2242703
548 0.6580968
549 0.01625166
550 0.5772607
551 0.8022895
552 0.5880992
553 0.09420036
554 0.3466846
555 0.003668517
556 0.4601921
557 0.6079827
558 0.9469094
559 0.2177625
560 0.373057
561 0.4818568
562 0.7416812
563 0.3016652
564 0.3056966
565 0.4626955
566 0.02435699
567 0.1264914
568 0.9519879
569 0.7504751
570 0.7900267
571 0.01276928
572 0.08708039
573 0.7732639
574 0.4333451
575 0.07019974
576 0.1789226
577 0.5276882
578 0.2347607
579 0.9965006
580 0.423744
581 0.0233706
582 0.5989912
583 0.400133
584 0.5141218
585 0.9109372
586 0.7866782
587 0.3141546
588 0.5047479
589 0.06682445
590 0.06463598
591 0.7093747
592 0.5856597
593 0.383908
594 0.8092176
595 0.8451367
596 0.9451714
597 0.2426147
598 0.174466
599 0.8708004
600 0.8541536
601 0.4415955
602 0.0820719
603 0.8943027
604 0.4521261
605 0.8491695
606 0.2020568
607 0.5895055
608 0.8186076
609 0.2632691
610 0.3862694
611 0.4877978
612 0.7618844
613 0.968955
614 0.2478313
615 0.1972666
616 0.9598554
617 0.8644044
618 0.5947549
619 0.1967821
620 0.1402686
621 0.8267791
622 0.9411541
623 0.3036946
624 0.4307026
625 0.7076312
626 0.8624358
627 0.3243762
628 0.2703881
629 0.3555457
630 0.5066553
631 0.3819822
632 0.9977161
633 0.5522108
634 0.7383594
635 0.4968353
636 0.1568936
637 0.146262
638 0.02099645
639 0.9439598
640 0.239295
641 0.1504905
642 0.6026749
643 0.9013409
644 0.6096862
645 0.1326542
646 0.1825919
647 0.4633428
648 0.8986783
649 0.3782958
650 0.9218418
651 0.6210181
652 0.8706915
653 0.5910474
654 0.687121
655 0.5019411
656 0.9107484
657 0.6418073
658 0.4638968
659 0.7863589
660 0.3215949
661 0.02824536
662 0.03918702
663 0.04317252
664 0.9299784
665 0.2975413
666 0.6664937
667 0.728147
668 0.234444
669 0.07898875
670 0.1094615
671 0.4588013
672 0.53268
673 0.8642257
674 0.5333675
675 0.08621041
676 0.1794701
677 0.0417654
678 0.7554703
679 0.2126804
680 0.7935423
681 0.7612644
682 0.6098073
683 0.6131036
684 0.5877124
685 0.9166371
686 0.4479174
687 0.8092729
688 0.3515922
689 0.02689635
690 0.2999513
691 0.8688033
692 0.9487577
693 0.3530132
694 0.3140601
695 0.6410391
696 0.1090337
697 0.04072555
698 0.053624
699 0.9476183
700 0.4719404
701 0.1108075
702 0.6848128
703 0.516751
704 0.6106361
705 0.3411549
706 0.3894516
707 0.01526255
708 0.8107332
709 0.01873178
710 0.3718906
711 0.1227435
712 0.3869227
713 0.9114575
714 0.4365802
715 0.001241953
716 0.8896621
717 0.945734
718 0.3118805
719 0.7119474
720 0.220612
721 0.9453264
722 0.2514139
723 0.4051669
724 0.6181324
725 0.1882865
726 0.1850975
727 0.7265123
728 0.5627079
729 0.9532367
730 0.7307354
731 0.7855982
732 0.6523379
733 0.8936611
734 0.3394692
735 0.4154417
736 0.8297756
737 0.08006349
738 0.7423706
739 0.060683
740 0.8123749
741 0.7628985
742 0.8454116
743 0.4546606
744 0.5295805
745 0.5028239
746 0.3073221
747 0.7117179
748 0.2825226
749 0.7283103
750 0.6291552
751 0.795727
752 0.2166583
753 0.6680508
754 0.006189669
755 0.6258173
756 0.1290808
757 0.8500532
758 0.1441853
759 0.8423441
760 0.3044021
761 0.3247156
762 0.7376709
763 0.1041194
764 0.7167516
765 0.7208192
766 0.619251
767 0.3185588
768 0.4628973
769 0.1667301
770 0.3302903
771 0.8929317
772 0.5979604
773 0.5649908
774 0.3662876
775 0.8124911
776 0.9939896
777 0.9234211
778 0.4111612
779 0.06326634
780 0.8977218
781 0.2962337
782 0.8113138
783 0.1174555
784 0.9637545
785 0.842944
786 0.4330919
787 0.3562197
788 0.2681116
789 0.1709667
790 0.02787261
791 0.70477
792 0.8384619
793 0.5689186
794 0.0274306
795 0.01181574
796 0.165702
797 0.1112629
798 0.18476
799 0.04156168
800 0.09771447
801 0.7941267
802 0.1069406
803 0.8263962
804 0.4393309
805 0.1288357
806 0.2414562
807 0.8168286
808 0.6617196
809 0.9450363
810 0.2745058
811 0.61993
812 0.2003419
813 0.4891469
814 0.2563186
815 0.7589329
816 0.1399036
817 0.6614268
818 0.1372555
819 0.3573533
820 0.9682591
821 0.187789
822 0.211397
823 0.2326027
824 0.9958279
825 0.4430203
826 0.3735568
827 0.2465942
828 0.4108376
829 0.6498255
830 0.5476874
831 0.1910753
832 0.4921972
833 0.3347429
834 0.3923889
835 0.7929413
836 0.2650564
837 0.9100745
838 0.3948778
839 0.5198339
840 0.5026335
841 0.8246559
842 0.9627119
843 0.4788413
844 0.2199219
845 0.02999104
846 0.5717148
847 0.6190711
848 0.664453
849 0.3513043
850 0.1137931
851 0.2190231
852 0.3388238
853 0.7153779
854 0.01339396
855 0.5092852
856 0.7816096
857 0.07756086
858 0.3170225
859 0.2510499
860 0.4249099
861 0.9379983
862 0.03476325
863 0.8134256
864 0.2614763
865 0.5593603
866 0.1579437
867 0.3062179
868 0.106659
869 0.9234286
870 0.2748991
871 0.7064457
872 0.562703
873 0.9798571
874 0.6876831
875 0.7196184
876 0.5985194
877 0.2448617
878 0.2881789
879 0.5823583
880 0.6070402
881 0.04442971
882 0.0464119
883 0.9318334
884 0.3615735
885 0.3925565
886 0.447345
887 0.4376121
888 0.7586447
889 0.7655846
890 0.4916173
891 0.2581164
892 0.6586544
893 0.9149835
894 0.3011735
895 0.07495776
896 0.4461004
897 0.02787631
898 0.9684038
899 0.5571095
900 0.6317929
901 0.4183476
902 0.6402661
903 0.5495941
904 0.3056654
905 0.302076
906 0.9635345
907 0.2789359
908 0.9244744
909 0.04776582
910 0.6131641
911 0.6937182
912 0.1852342
913 0.04615062
914 0.2131727
915 0.4721251
916 0.4929888
917 0.1133011
918 0.3218916
919 0.8725139
920 0.8425058
921 0.1625935
922 0.5006348
923 0.4345162
924 0.68728
925 0.0886573
926 0.3161972
927 0.9332827
928 0.4005265
929 0.01106228
930 0.8347476
931 0.3308944
932 0.8736232
933 0.7175713
934 0.999192
935 0.2919384
936 0.3547641
937 0.3839203
938 0.7564665
939 0.8894128
940 0.87927
941 0.7508333
942 0.5425684
943 0.849175
944 0.5395322
945 0.1898144
946 0.645988
947 0.592475
948 0.64774
949 0.1847322
950 0.3229119
951 0.8946553
952 0.6208305
953 0.5432776
954 0.1242367
955 0.5978065
956 0.2434969
957 0.649916
958 0.8397505
959 0.8702011
960 0.5304823
961 0.8816267
962 0.03061011
963 0.08189449
964 0.7907421
965 0.1894426
966 0.6131817
967 0.6183513
968 0.5242842
969 0.2920787
970 0.7650845
971 0.06690873
972 0.0009108313
973 0.1150869
974 0.680599
975 0.4084774
976 0.1447688
977 0.1968338
978 0.247977
979 0.7102351
980 0.8764621
981 0.7627763
982 0.8428291
983 0.5808112
984 0.776646
985 0.1029947
986 0.4478293
987 0.09190208
988 0.2016635
989 0.649082
990 0.3548393
991 0.9876483
992 0.5661988
993 0.6326502
994 0.2975462
995 0.5809859
996 0.5180496
997 0.741878
998 0.1977299
999 0.5900328
1000 0.02229896
1001 0.1375556
1002 0.6561285
1003 0.7808612
1004 0.4539629
1005 0.8832755
1006 0.1726842
1007 0.9450645
1008 0.03904605
1009 0.765639
1010 0.002277225
1011 0.1175993
1012 0.6117949
1013 0.5659048
1014 0.8460773
1015 0.4464173
1016 0.5459229
1017 0.3134828
1018 0.6840984
1019 0.7362834
1020 0.8091599
1021 0.7173669
1022 0.685908
1023 0.2941723
1024 0.4842635
1025 0.6060539
1026 0.670612
1027 0.6917541
1028 0.3384948
1029 0.5767644
1030 0.8116537
1031 0.6321815
1032 0.4729382
1033 0.8165069
1034 0.5274728
1035 0.1693299
1036 0.3991554
1037 0.7931483
1038 0.5843232
1039 0.4955928
1040 0.5250312
1041 0.83486
1042 0.5280422
1043 0.7375781
1044 0.2088538
1045 0.6738324
1046 0.210845
1047 0.3421434
1048 0.8619151
1049 0.7144612
1050 0.145585
1051 0.1926522
1052 0.4076646
1053 0.8725222
1054 0.3143912
1055 0.08853896
1056 0.7557748
1057 0.7251366
1058 0.7092286
1059 0.4173596
1060 0.03654683
1061 0.4230804
1062 0.9669313
1063 0.3484508
1064 0.9416996
1065 0.9852058
1066 0.02813415
1067 0.2995854
1068 0.03975842
1069 0.4673636
1070 0.0563244
1071 0.06245245
1072 0.1523393
1073 0.7933352
1074 0.5358024
1075 0.8172989
1076 0.7531097
1077 0.9569854
1078 0.6712649
1079 0.8120022
1080 0.2620231
1081 0.6584655
1082 0.2683348
1083 0.908649
1084 0.03076797
1085 0.3286247
1086 0.4888744
1087 0.1578287
1088 0.828267
1089 0.8200126
1090 0.01292907
1091 0.4084416
1092 0.999192
1093 0.9689341
1094 0.9292025
1095 0.3548305
1096 0.8245489
1097 0.7626618
1098 0.9478713
1099 0.7099735
1100 0.8925962
1101 0.8107863
1102 0.2930375
1103 0.6547374
1104 0.9128103
1105 0.3467769
1106 0.5105433
1107 0.560132
1108 0.269974
1109 0.7404538
1110 0.4975412
1111 0.7828055
1112 0.5492654
1113 0.5594739
1114 0.5710058
1115 0.1132287
1116 0.07356439
1117 0.01577243
1118 0.3711782
1119 0.1827851
1120 0.1952113
1121 0.6551867
1122 0.6414285
1123 0.9183961
1124 0.7726539
1125 0.5055994
1126 0.9215046
1127 0.9797833
1128 0.5282613
1129 0.1853647
1130 0.7852837
1131 0.2175488
1132 0.1900212
1133 0.1116891
1134 0.6392708
1135 0.9599077
1136 0.8074538
1137 0.3231348
1138 0.7918438
1139 0.6978217
1140 0.2441348
1141 0.7753567
1142 0.8335215
1143 0.2170768
1144 0.2634711
1145 0.7072839
1146 0.3882777
1147 0.6529464
1148 0.8572851
1149 0.7599906
1150 0.01221784
1151 0.720314
1152 0.625581
1153 0.5846523
1154 0.8912779
1155 0.8743115
1156 0.4424312
1157 0.7370272
1158 0.1001762
1159 0.3981521
1160 0.9858152
1161 0.8561629
1162 0.3256888
1163 0.9383793
1164 0.7845409
1165 0.2246369
1166 0.8296594
1167 0.8776665
1168 0.1790764
1169 0.2703022
1170 0.8576396
1171 0.9639166
1172 0.2803891
1173 0.5491978
1174 0.1287835
1175 0.9731056
1176 0.9602057
1177 0.01214878
1178 0.5044657
1179 0.7603787
1180 0.6157449
1181 0.06365099
1182 0.6092345
1183 0.7563478
1184 0.7903533
1185 0.9616399
1186 0.1359009
1187 0.07623778
1188 0.7468539
1189 0.2168275
1190 0.3125598
1191 0.2906188
1192 0.4940191
1193 0.5316899
1194 0.7468922
1195 0.2628828
1196 0.9733927
1197 0.199505
1198 0.4388948
1199 0.1877421
1200 0.03824313
1201 0.4616073
1202 0.7765322
1203 0.9288819
1204 0.6368058
1205 0.7668151
1206 0.7400634
1207 0.3934838
1208 0.2802351
1209 0.09588496
1210 0.1086157
1211 0.2896976
1212 0.01800142
1213 0.1931606
1214 0.0956874
1215 0.3393608
1216 0.5100077
1217 0.8566029
1218 0.3152318
1219 0.7353942
1220 0.4371798
1221 0.5966446
1222 0.3252112
1223 0.1117963
1224 0.3359434
1225 0.1317985
1226 0.8527358
1227 0.9227181
1228 0.8990665
1229 0.2964799
1230 0.7407916
1231 0.7536198
1232 0.5506252
1233 0.1231766
1234 0.4829736
1235 0.2065848
1236 0.8760485
1237 0.3009308
1238 0.2775132
1239 0.3108078
1240 0.7624363
1241 0.1950275
1242 0.666318
1243 0.2553987
1244 0.8231553
1245 0.3325758
1246 0.4700395
1247 0.672688
1248 0.7977526
1249 0.8487256
1250 0.8637409
1251 0.7419999
1252 0.6948757
1253 0.7607303
1254 0.4616618
1255 0.6360867
1256 0.4948916
1257 0.7200211
1258 0.4634096
1259 0.2446165
1260 0.8078716
1261 0.0507905
1262 0.6669931
1263 0.8819605
1264 0.3928888
1265 0.7359819
1266 0.5312542
1267 0.07712556
1268 0.9364205
1269 0.3703755
1270 0.9135973
1271 0.4094731
1272 0.07800791
1273 0.1083048
1274 0.4085816
1275 0.9529619
1276 0.7314878
1277 0.6219732
1278 0.5977235
1279 0.4774463
1280 0.1133047
1281 0.9831492
1282 0.2172829
1283 0.09331407
1284 0.6558578
1285 0.3809787
1286 0.3949489
1287 0.27538
1288 0.7387056
1289 0.2220139
1290 0.9523013
1291 0.6696744
1292 0.3322683
1293 0.7811585
1294 0.8851252
1295 0.439252
1296 0.5976704
1297 0.5750617
1298 0.01169398
1299 0.5723708
1300 0.6394103
1301 0.3248426
1302 0.8136082
1303 0.6165418
1304 0.6529193
1305 0.8383021
1306 0.4247853
1307 0.479106
1308 0.328841
1309 0.6055225
1310 0.1175808
1311 0.5273629
1312 0.1263755
1313 0.05562955
1314 0.01798712
1315 0.6286875
1316 0.6933074
1317 0.6729634
1318 0.6147124
1319 0.1294785
1320 0.6322406
1321 0.9088111
1322 0.846604
1323 0.2942339
1324 0.5702422
1325 0.757646
1326 0.1391174
1327 0.8947078
1328 0.8654212
1329 0.2424531
1330 0.7188027
1331 0.9584776
1332 0.8840403
1333 0.09058966
1334 0.530409
1335 0.1895155
1336 0.4332563
1337 0.6152543
1338 0.6908328
1339 0.04652309
1340 0.06649434
1341 0.9366349
1342 0.6035145
1343 0.5593889
1344 0.1544665
1345 0.008044836
1346 0.7142211
1347 0.5476073
1348 0.002858406
1349 0.004232053
1350 0.6736526
1351 0.5043196
1352 0.6471965
1353 0.9170564
1354 0.2455417
1355 0.2611637
1356 0.6151882
1357 0.433103
1358 0.3699121
1359 0.8320077
1360 0.1675526
1361 0.7585037
1362 0.5626024
1363 0.1079022
1364 0.1116347
1365 0.2792493
1366 0.8921951
1367 0.03142404
1368 0.4774983
1369 0.3582891
1370 0.1629652
1371 0.5115665
1372 0.8457472
1373 0.3584065
1374 0.7536927
1375 0.2944957
1376 0.06311851
1377 0.2657179
1378 0.3900804
1379 0.7515248
1380 0.5061102
1381 0.4155854
1382 0.5338341
1383 0.09401827
1384 0.4798506
1385 0.1875674
1386 0.5045309
1387 0.3329025
1388 0.5920092
1389 0.9108738
1390 0.848818
1391 0.7224309
1392 0.6046558
1393 0.2425815
1394 0.7326239
1395 0.9996332
1396 0.4030758
1397 0.127672
1398 0.008107673
1399 0.919847
1400 0.6834673
1401 0.04997737
1402 0.8069459
1403 0.6404258
1404 0.4799552
1405 0.5219276
1406 0.7779922
1407 0.5232275
1408 0.436704
1409 0.5985606
1410 0.5049638
1411 0.8850503
1412 0.3382041
1413 0.7231496
1414 0.0371159
1415 0.704979
1416 0.6498143
1417 0.5539701
1418 0.171371
1419 0.3082626
1420 0.3410392
1421 0.2073773
1422 0.5828945
1423 0.5382319
1424 0.3888926
1425 0.4780246
1426 0.38553
1427 0.4514407
1428 0.9408236
1429 0.6304474
1430 0.6804067
1431 0.533321
1432 0.7073846
1433 0.3580957
1434 0.03191086
1435 0.2296572
1436 0.4733312
1437 0.3350523
1438 0.7866317
1439 0.4151699
1440 0.9408783
1441 0.3819466
1442 0.2345664
1443 0.7762938
1444 0.3603371
1445 0.01103908
1446 0.07575833
1447 0.196712
1448 0.7938471
1449 0.5141308
1450 0.6568376
1451 0.4275346
1452 0.6971397
1453 0.5320487
1454 0.9840173
1455 0.3911343
1456 0.4171487
1457 0.4983475
1458 0.04237848
1459 0.2574533
1460 0.4917501
1461 0.05981925
1462 0.2087242
1463 0.5595884
1464 0.2892508
1465 0.04318948
1466 0.006536436
1467 0.3481385
1468 0.2694461
1469 0.317667
1470 0.1257904
1471 0.5438498
1472 0.9229372
1473 0.0379732
1474 0.6257563
1475 0.2071854
1476 0.9061657
1477 0.7799584
1478 0.02543658
1479 0.8854411
1480 0.753723
1481 0.8495941
1482 0.1835415
1483 0.7217566
1484 0.2929355
1485 0.9810246
1486 0.5894721
1487 0.3450687
1488 0.3719003
1489 0.7129987
1490 0.6756465
1491 0.6833154
1492 0.9929445
1493 0.3577575
1494 0.98406
1495 0.9897928
1496 0.3567749
1497 0.9810864
1498 0.9804936
1499 0.9730863
1500 0.9740565
1501 0.2102633
1502 0.8268685
1503 0.08234653
1504 0.2740022
1505 0.9799702
1506 0.7548391
1507 0.9609262
1508 0.4714573
1509 0.6815646
1510 0.190036
1511 0.4606815
1512 0.5778492
1513 0.8196107
1514 0.7850493
1515 0.16096
1516 0.586828
1517 0.6434142
1518 0.6304203
1519 0.1592911
1520 0.08454521
1521 0.1557214
1522 0.1665037
1523 0.7263163
1524 0.08647384
1525 0.5811993
1526 0.3003702
1527 0.4439681
1528 0.04855553
1529 0.8748194
1530 0.8365115
1531 0.7679024
1532 0.8685146
1533 0.4963068
1534 0.7262877
1535 0.06190814
1536 0.9425039
1537 0.2412986
1538 0.04183566
1539 0.5632436
1540 0.3742837
1541 0.4986374
1542 0.6705602
1543 0.9447452
1544 0.1055561
1545 0.1835571
1546 0.3059048
1547 0.4034814
1548 0.3478361
1549 0.6311237
1550 0.6754505
1551 0.6208378
1552 0.9005502
1553 0.4011528
1554 0.4865821
1555 0.505483
1556 0.09316204
1557 0.5843492
1558 0.9186867
1559 0.1481593
1560 0.5974124
1561 0.03688377
1562 0.8256138
1563 0.3539918
1564 0.108047
1565 0.3372409
1566 0.2525374
1567 0.568455
1568 0.6257128
1569 0.9475036
1570 0.9677092
1571 0.4365802
1572 0.2630828
1573 0.2866438
1574 0.1144155
1575 0.6347641
1576 0.03269791
1577 0.7451245
1578 0.4362222
1579 0.7011382
1580 0.794776
1581 0.5940961
1582 0.5444642
1583 0.641668
1584 0.8181629
1585 0.7250359
1586 0.2297411
1587 0.04636813
1588 0.8681031
1589 0.7796156
1590 0.8950152
1591 0.2839174
1592 0.5125388
1593 0.09027878
1594 0.3034847
1595 0.4819625
1596 0.1421521
1597 0.4625964
1598 0.1299864
1599 0.961963
1600 0.1346493
1601 0.9499477
1602 0.971743
1603 0.6682897
1604 0.1412954
1605 0.4327854
1606 0.6774304
1607 0.6799196
1608 0.4342377
1609 0.5198236
1610 0.4938619
1611 0.5526025
1612 0.4663526
1613 0.5200789
1614 0.3161937
1615 0.01291177
1616 0.1034039
1617 0.5821789
1618 0.6823704
1619 0.2529879
1620 0.5539996
1621 0.351374
1622 0.9823968
1623 0.743564
1624 0.06874816
1625 0.4347264
1626 0.1778162
1627 0.2281756
1628 0.105331
1629 0.729977
1630 0.2530936
1631 0.05865949
1632 0.6149384
1633 0.8294494
1634 0.3039898
1635 0.3056937
1636 0.5548629
1637 0.8268705
1638 0.4405977
1639 0.4670362
1640 0.4980392
1641 0.6911001
1642 0.03987197
1643 0.1302784
1644 0.9457268
1645 0.4314277
1646 0.3186875
1647 0.3180992
1648 0.5318927
1649 0.02126251
1650 0.2587581
1651 0.422595
1652 0.3869618
1653 0.7407529
1654 0.5327374
1655 0.2963061
1656 0.2159921
1657 0.1210112
1658 0.8670865
1659 0.1846039
1660 0.4240643
1661 0.5003797
1662 0.03030307
1663 0.2421956
1664 0.9103631
1665 0.1407069
1666 0.07998108
1667 0.3310219
1668 0.1184441
1669 0.5018488
1670 0.6553985
1671 0.885774
1672 0.932158
1673 0.68539
1674 0.004269377
1675 0.6165515
1676 0.8615355
1677 0.2178373
1678 0.9758225
1679 0.07746094
1680 0.7642027
1681 0.9563758
1682 0.2777667
1683 0.9342884
1684 0.08329003
1685 0.1660595
1686 0.8129815
1687 0.8423334
1688 0.1035821
1689 0.8624286
1690 0.8240506
1691 0.05299056
1692 0.8125316
1693 0.9076096
1694 0.06499088
1695 0.6197247
1696 0.2380392
1697 0.3528567
1698 0.6837598
1699 0.3870306
1700 0.5647577
1701 0.5704091
1702 0.7279829
1703 0.1871071
1704 0.4783899
1705 0.3775462
1706 0.374973
1707 0.9549904
1708 0.05473283
1709 0.187197
1710 0.05933731
1711 0.7697538
1712 0.011416
1713 0.7386108
1714 0.03217267
1715 0.2336154
1716 0.3125119
1717 0.9732543
1718 0.2745783
1719 0.6095829
1720 0.4919016
1721 0.05665704
1722 0.4383918
1723 0.9815934
1724 0.1967059
1725 0.1303594
1726 0.9911297
1727 0.1036948
1728 0.5305158
1729 0.9343865
1730 0.8357186
1731 0.9376058
1732 0.5483447
1733 0.1760207
1734 0.3730732
1735 0.9212384
1736 0.9510346
1737 0.04224705
1738 0.1825614
1739 0.124402
1740 0.4748136
1741 0.8017837
1742 0.4794549
1743 0.9480459
1744 0.5037189
1745 0.3995701
1746 0.6588362
1747 0.9195523
1748 0.4248039
1749 0.8357625
1750 0.665185
1751 0.5052792
1752 0.1859734
1753 0.395752
1754 0.1593861
1755 0.7641287
1756 0.7918816
1757 0.693816
1758 0.9282594
1759 0.4859929
1760 0.6506452
1761 0.9548553
1762 0.2741794
1763 0.3513754
1764 0.7191084
1765 0.6147263
1766 0.8120818
1767 0.4058373
1768 0.5045489
1769 0.01530906
1770 0.06221087
1771 0.4009465
1772 0.439396
1773 0.8603882
1774 0.4519223
1775 0.2814752
1776 0.4310093
1777 0.1452093
1778 0.08925028
1779 0.8280005
1780 0.6945452
1781 0.2484581
1782 0.06909844
1783 0.9441064
1784 0.05846095
1785 0.1611543
1786 0.7253086
1787 0.9525326
1788 0.1381896
1789 0.9623023
1790 0.08059266
1791 0.126522
1792 0.6687295
1793 0.9831044
1794 0.3289149
1795 0.9299586
1796 0.2550251
1797 0.04926006
1798 0.7281027
1799 0.6814109
1800 0.07955005
1801 0.8842234
1802 0.8287872
1803 0.3017055
1804 0.005079863
1805 0.2056495
1806 0.9568223
1807 0.9056578
1808 0.3865111
1809 0.3963626
1810 0.3356969
1811 0.9342182
1812 0.3408514
1813 0.1263398
1814 0.5156089
1815 0.2982869
1816 0.07533861
1817 0.8948924
1818 0.7644555
1819 0.8433094
1820 0.4404977
1821 0.2484458
1822 0.07485987
1823 0.2422203
1824 0.02783312
1825 0.9033
1826 0.6557903
1827 0.671363
1828 0.1458325
1829 0.3185552
1830 0.6970886
1831 0.4508839
1832 0.8671782
1833 0.3110292
1834 0.1280528
1835 0.07426925
1836 0.7536209
1837 0.999192
1838 0.2647268
1839 0.08738789
1840 0.5791698
1841 0.8394315
1842 0.7590122
1843 0.6809055
1844 0.9964346
1845 0.9323372
1846 0.7720298
1847 0.5353884
1848 0.5750985
1849 0.8650914
1850 0.3162844
1851 0.1319414
1852 0.3447425
1853 0.3736639
1854 0.6018282
1855 0.0957158
1856 0.6082444
1857 0.9772451
1858 0.5609866
1859 0.9896874
1860 0.9107875
1861 0.755347
1862 0.7415548
1863 0.580576
1864 0.5180644
1865 0.5895288
1866 0.6381114
1867 0.8330509
1868 0.9203268
1869 0.6265032
1870 0.1953434
1871 0.9004723
1872 0.4588426
1873 0.3299404
1874 0.04426884
1875 0.5282436
1876 0.7827215
1877 0.6459051
1878 0.1305029
1879 0.210052
1880 0.0174631
1881 0.3072633
1882 0.582045
1883 0.6978934
1884 0.8441626
1885 0.4965573
1886 0.8425248
1887 0.5587255
1888 0.5833817
1889 0.284376
1890 0.8796013
1891 0.119732
1892 0.3230026
1893 0.3060973
1894 0.1010897
1895 0.6377704
1896 0.4083489
1897 0.8342918
1898 0.2525891
1899 0.03747855
1900 0.05470795
1901 0.2671394
1902 0.343527
1903 0.2029797
1904 0.6514919
1905 0.5926004
1906 0.5698165
1907 0.9488558
1908 0.04473609
1909 0.9241916
1910 0.1312929
1911 0.5817682
1912 0.6868598
1913 0.08225903
1914 0.2131763
1915 0.5485352
1916 0.7511929
1917 0.6453178
1918 0.9342607
1919 0.9749653
1920 0.5899494
1921 0.3276145
1922 0.6406525
1923 0.03720218
1924 0.7622324
1925 0.3277448
1926 0.03343214
1927 0.05431921
1928 0.1920209
1929 0.07606463
1930 0.9097148
1931 0.5406264
1932 0.2900909
1933 0.9137203
1934 0.1905453
1935 0.8440361
1936 0.3003783
1937 0.6479583
1938 0.8735877
1939 0.5834798
1940 0.1171087
1941 0.911414
1942 0.1689836
1943 0.2142035
1944 0.9249346
1945 0.9224153
1946 0.5533852
1947 0.306984
1948 0.8549989
1949 0.9055667
1950 0.1028362
1951 0.2016633
1952 0.2608901
1953 0.9849259
1954 0.4170111
1955 0.1792172
1956 0.7752525
1957 0.6889375
1958 0.426435
1959 0.210825
1960 0.6417817
1961 0.2277425
1962 0.2480348
1963 0.3612682
1964 0.672235
1965 0.7731562
1966 0.9525847
1967 0.534013
1968 0.639724
1969 0.6062429
1970 0.8641819
1971 0.9099691
1972 0.4446678
1973 0.2250576
1974 0.7852837
1975 0.2589103
1976 0.5666536
1977 0.3719213
1978 0.1869847
1979 0.1022369
1980 0.1213505
1981 0.04481934
1982 0.3185552
1983 0.2967841
1984 0.1088907
1985 0.2209302
1986 0.4959125
1987 0.3223031
1988 0.8192713
1989 0.2355993
1990 0.6085724
1991 0.4071271
1992 0.5393825
1993 0.4149612
1994 0.7524447
1995 0.1447401
1996 0.6215046
1997 0.5547169
1998 0.2848136
1999 0.7955984
2000 0.9860283
2001 0.513587
2002 0.2868711
2003 0.6653382
2004 0.4358773
2005 0.9083138
2006 0.1908028
2007 0.4342672
2008 0.7708471
2009 0.6635685
2010 0.9491873
2011 0.889493
2012 0.3798692
2013 0.563686
2014 0.5118505
2015 0.3572048
2016 0.2378604
2017 0.4958086
2018 0.9504802
2019 0.7793355
2020 0.2449719
2021 0.1620443
2022 0.8362702
2023 0.5171613
2024 0.09279246
2025 0.8807649
2026 0.7347167
2027 0.2955834
2028 0.3858993
2029 0.592652
2030 0.7165587
2031 0.4503825
2032 0.5530361
2033 0.1348943
2034 0.9412379
2035 0.8637352
2036 0.6093858
2037 0.2048697
2038 0.9194824
2039 0.3444186
2040 0.8706592
2041 0.0820338
2042 0.1822208
2043 0.2677512
2044 0.925957
2045 0.9175814
2046 0.3466393
2047 0.3261219
2048 0.08088725
2049 0.2091429
2050 0.7546348
2051 0.6508622
2052 0.5563636
2053 0.2636007
2054 0.8171105
2055 0.2481166
2056 0.1065615
2057 0.2541135
2058 0.6382429
2059 3.890981e-05
2060 0.09691035
2061 0.115382
2062 0.4428615
2063 0.2331164
2064 0.0002146435
2065 0.2913419
2066 0.1370866
2067 0.07239842
2068 0.352066
2069 0.2481997
2070 0.2290312
2071 0.06850342
2072 0.2495062
2073 0.8917277
2074 0.8581489
2075 0.873837
2076 0.6491537
2077 0.6080232
2078 0.3324829
2079 0.2246154
2080 0.9037605
2081 0.291451
2082 0.6197561
2083 0.5758099
2084 0.9015224
2085 0.8162108
2086 0.6649266
2087 0.3985059
2088 0.359115
2089 0.5898041
2090 0.2078454
2091 0.3595436
2092 0.3978992
2093 0.1226053
2094 0.7075964
2095 0.4789949
2096 0.9632348
2097 0.1587755
2098 0.09318971
2099 0.4849112
2100 0.2484346
2101 0.2722385
2102 0.4148611
2103 0.6606225
2104 0.5537351
2105 0.2095412
2106 0.08658879
2107 0.481722
2108 0.7270075
2109 0.4001215
2110 0.7103113
2111 0.01244964
2112 0.1057225
2113 0.5234978
2114 0.3688273
2115 0.5426536
2116 0.6354364
2117 0.8193721
2118 0.07315056
2119 0.7569137
2120 0.1694781
2121 0.1654808
2122 0.779782
2123 0.753285
2124 0.9607737
2125 0.6773045
2126 0.771113
2127 0.310674
2128 0.8488856
2129 0.758457
2130 0.9426845
2131 0.5253648
2132 0.005455202
2133 0.7124729
2134 0.02067675
2135 0.1028037
2136 0.5365391
2137 0.4495074
2138 0.5420855
2139 0.4912126
2140 0.8615912
2141 0.05521534
2142 0.5825196
2143 0.6939522
2144 0.3640653
2145 0.8041691
2146 0.1289048
2147 0.0632958
2148 0.564866
2149 0.07185222
2150 0.3213894
2151 0.3898495
2152 0.6733637
2153 0.4241359
2154 0.5959243
2155 0.05406133
2156 0.9758215
2157 0.2574467
2158 0.4233399
2159 0.7044217
2160 0.8667889
2161 0.1719092
2162 0.3997296
2163 0.2128497
2164 0.02161445
2165 0.1587525
2166 0.9881297
2167 0.7064457
2168 0.004260693
2169 0.9084485
2170 0.5206308
2171 0.7153034
2172 0.3201816
2173 0.2679681
2174 0.4079408
2175 0.233036
2176 0.2894343
2177 0.7589134
2178 0.4700696
2179 0.5791487
2180 0.7500548
2181 0.9944645
2182 0.2235259
2183 0.8267751
2184 0.3505451
2185 0.5716363
2186 0.0267757
2187 0.02348938
2188 0.9047912
2189 0.9127361
2190 0.3151274
2191 0.7087607
2192 0.3177969
2193 0.07793853
2194 0.8424592
2195 0.2299102
2196 0.07285424
2197 0.5128013
2198 0.5217288
2199 0.3799975
2200 0.2682728
2201 0.4347305
2202 0.04607217
2203 0.2320954
2204 0.002245307
2205 0.9912247
2206 0.422602
2207 0.6815134
2208 0.296176
2209 0.9112921
2210 0.1065069
2211 0.1816855
2212 0.3841577
2213 0.6110988
2214 0.4585635
2215 0.2349362
2216 0.999192
2217 0.5675491
2218 0.8432627
2219 0.2039914
2220 0.435629
2221 0.882119
2222 0.6075459
2223 0.0198199
2224 0.1277245
2225 0.9460759
2226 0.8573954
2227 0.3516925
2228 0.9937899
2229 0.8045197
2230 0.7105701
2231 0.2940858
2232 0.5380522
2233 0.2313709
2234 0.2047839
2235 0.2924108
2236 0.6389178
2237 0.5114705
2238 0.4089888
2239 0.1451461
2240 0.02248238
2241 0.7398264
2242 0.1247901
2243 0.1683389
2244 0.7524942
2245 0.1496797
2246 0.4758176
2247 0.2782385
2248 0.2662637
2249 0.2517284
2250 0.2564354
2251 0.5704907
2252 0.5107424
2253 0.8001261
2254 0.2824288
2255 0.04858491
2256 0.763753
2257 0.08693832
2258 0.7730439
2259 0.4309846
2260 0.9926154
2261 0.07884683
2262 0.5051671
2263 0.3726629
2264 0.9556963
2265 0.852623
2266 0.7972355
2267 0.1273136
2268 0.6677459
2269 0.005921594
2270 0.3121221
2271 0.9548459
2272 0.3027618
2273 0.9964912
2274 0.3286343
2275 0.7784453
2276 0.2301376
2277 0.04308639
2278 0.1246453
2279 0.8619982
2280 0.1403982
2281 0.7296235
2282 0.4942302
2283 0.2990156
2284 0.1887441
2285 0.7866646
2286 0.5572308
2287 0.9210071
2288 0.3570555
2289 0.7373312
2290 0.9737361
2291 0.3194289
2292 0.4975441
2293 0.3389318
2294 0.06888203
2295 0.930301
2296 0.02431254
2297 0.8163904
2298 0.07878248
2299 0.09512823
2300 0.3091587
2301 0.5145845
2302 0.457246
2303 0.1653029
2304 0.5450102
2305 0.8306955
2306 0.6513286
2307 0.6863078
2308 0.9652834
2309 0.6768647
2310 0.2382971
2311 0.4983584
2312 0.6768625
2313 0.8039352
2314 0.9194244
2315 0.04914977
2316 0.02434627
2317 0.03640248
2318 0.3706188
2319 0.321149
2320 0.6867339
2321 0.6484526
2322 0.5944206
2323 0.1178351
2324 0.0237746
2325 0.3721762
2326 0.9036182
2327 0.3321468
2328 0.08671396
2329 0.04023893
2330 0.1525354
2331 0.7129746
2332 0.9494228
2333 0.8598018
2334 0.4183384
2335 0.2722441
2336 0.7616519
2337 0.4995221
2338 0.2523081
2339 0.1893432
2340 0.2131651
2341 0.3257888
2342 0.2747559
2343 0.8863236
2344 0.7841323
2345 0.7634657
2346 0.09471343
2347 0.05046884
2348 0.6031469
2349 0.748136
2350 0.3549113
2351 0.01143986
2352 0.374832
2353 0.8426161
2354 0.7277331
2355 0.1608501
2356 0.5618963
2357 0.1778224
2358 0.6677942
2359 0.6097107
2360 0.4610917
2361 0.5399902
2362 0.0258156
2363 0.7282868
2364 0.6345679
2365 0.3789271
2366 0.3966445
2367 0.5492433
2368 0.7624356
2369 0.8610114
2370 0.4164838
2371 0.5158135
2372 0.6029922
2373 0.5665385
2374 0.6673805
2375 0.4019122
2376 0.1408245
2377 0.5508691
2378 0.2862689
2379 0.03046361
2380 0.3681164
2381 0.6864024
2382 0.2194884
2383 0.02773178
2384 0.1006086
2385 0.3899393
2386 0.7283837
2387 0.5016091
2388 0.8343861
2389 0.3746039
2390 0.5319364
2391 0.8094087
2392 0.4057982
2393 0.826438
2394 0.7961979
2395 0.847771
2396 0.7158604
2397 0.01191438
2398 0.9193396
2399 0.7997602
2400 0.8724759
2401 0.6538953
2402 0.5723816
2403 0.6270715
2404 0.4167223
2405 0.9604247
2406 0.5695738
2407 0.8710001
2408 0.5903065
2409 0.6940428
2410 0.5015211
2411 0.5129683
2412 0.5293337
2413 0.8709999
2414 0.3276771
2415 0.376145
2416 0.5692676
2417 0.8960099
2418 0.5339584
2419 0.07118902
2420 0.8045059
2421 0.0824134
2422 0.9373376
2423 0.770838
2424 0.1156952
2425 0.9478812
2426 0.296474
2427 0.5654082
2428 0.9657221
2429 0.9988425
2430 0.5538086
2431 0.04470194
2432 0.9681057
2433 0.9998509
2434 0.5364971
2435 0.1402893
2436 0.9067365
2437 0.002912464
2438 0.505916
2439 0.3489653
2440 0.483026
2441 0.8833424
2442 0.8112922
2443 0.1668115
2444 0.9938909
2445 0.7381461
2446 0.7992354
2447 0.6128173
2448 0.3475193
2449 0.5702747
2450 0.318679
2451 0.5340575
2452 0.5824462
2453 0.17904
2454 0.8487119
2455 0.1908518
2456 0.8438101
2457 0.2060141
2458 0.8174478
2459 0.4058522
2460 0.3404507
2461 0.1021049
2462 0.1660959
2463 0.8097495
2464 0.9664195
2465 0.05798692
2466 0.3260956
2467 0.7822947
2468 0.6615548
2469 0.6663206
2470 0.5419131
2471 0.1766971
2472 0.05428048
2473 0.1964238
2474 0.7080165
2475 0.3197644
2476 0.2972193
2477 0.6224222
2478 0.8573709
2479 0.1488737
2480 0.1349357
2481 0.4529917
2482 0.682216
2483 0.4894145
2484 0.3350339
2485 0.4231926
2486 0.9135344
2487 0.8240543
2488 0.7284424
2489 0.5254726
2490 0.2710762
2491 0.2326643
2492 0.009188541
2493 0.265455
2494 0.04635647
2495 0.5575175
2496 0.868462
2497 0.8107033
2498 0.8432684
2499 0.1332384
2500 0.6338713
2501 0.2535579
2502 0.683742
2503 0.8614752
2504 0.8997567
2505 0.09382612
2506 0.1997145
2507 0.4300262
2508 0.5571815
2509 0.2473386
2510 0.3375736
2511 0.9913382
2512 0.5111164
2513 0.9509612
2514 0.2018637
2515 0.7959827
2516 0.4805844
2517 0.5253001
2518 0.8141125
2519 0.4304738
2520 0.2510108
2521 0.3602613
2522 0.2750219
2523 0.9130338
2524 0.8901966
2525 0.1565519
2526 0.375464
2527 0.04666481
2528 0.3918241
2529 0.1982395
2530 0.1213225
2531 0.181758
2532 0.9123532
2533 0.3765745
2534 0.3399395
2535 0.2967758
2536 0.9823355
2537 0.6521561
2538 0.7104792
2539 0.6912918
2540 0.1274349
2541 0.0003484985
2542 0.429347
2543 0.379743
2544 0.5618383
2545 0.2981903
2546 0.1817239
2547 0.9929445
2548 0.5756546
2549 0.2520141
2550 0.9617321
2551 0.1643146
2552 0.5584153
2553 0.202542
2554 0.3370368
2555 0.5383918
2556 0.7171959
2557 0.3703959
2558 0.1356384
2559 0.05273505
2560 0.614871
2561 0.5114641
2562 0.08414468
2563 0.5545399
2564 0.9049823
2565 0.3689093
2566 0.395134
2567 0.4609405
2568 0.3195867
2569 0.3962018
2570 0.3724243
2571 0.4135875
2572 0.2556382
2573 0.6679578
2574 0.4178828
2575 0.2475919
2576 0.4754416
2577 0.9767047
2578 0.8406949
2579 0.3576719
2580 0.8718995
2581 0.1059655
2582 0.8531193
2583 0.3359615
2584 0.3397357
2585 0.3028537
2586 0.8228539
2587 0.05163918
2588 0.1908866
2589 0.6333412
2590 0.8395194
2591 0.5402497
2592 0.5520713
2593 0.7619717
2594 0.5246383
2595 0.1013431
2596 0.3470868
2597 0.2645711
2598 0.2623685
2599 0.9209313
2600 0.956357
2601 0.8375775
2602 0.4870707
2603 0.5999082
2604 0.5936616
2605 0.6894612
2606 0.5337698
2607 0.04958997
2608 0.04570409
2609 0.6785453
2610 0.948898
2611 0.6011454
2612 0.454984
2613 0.1057524
2614 0.5074793
2615 0.4174189
2616 0.7109022
2617 0.7138037
2618 0.9759243
2619 0.1564124
2620 0.4421082
2621 0.0414811
2622 0.3877694
2623 0.2212451
2624 0.1345801
2625 0.1354214
2626 0.4375684
2627 0.5990105
2628 0.05963176
2629 0.7080799
2630 0.6856797
2631 0.1579145
2632 0.2714663
2633 0.9669458
2634 0.2829293
2635 0.1457173
2636 0.4629316
2637 0.5191492
2638 0.2065154
2639 0.1830057
2640 0.8057922
2641 0.5434965
2642 0.05220834
2643 0.2076987
2644 0.7102637
2645 0.8749492
2646 0.1957339
2647 0.5748037
2648 0.452611
2649 0.08083313
2650 0.7981225
2651 0.09068539
2652 0.09815796
2653 0.07109618
2654 0.6542228
2655 0.9979821
2656 0.6604722
2657 0.6430561
2658 0.5088648
2659 0.4478675
2660 0.2040979
2661 0.5412142
2662 0.1751689
2663 0.7656007
2664 0.6198162
2665 0.4930595
2666 0.6159128
2667 0.04158305
2668 0.5944753
2669 0.7667442
2670 0.4979431
2671 0.1466093
2672 0.8629871
2673 0.443639
2674 0.9560869
2675 0.8075747
2676 0.6130984
2677 0.6638535
2678 0.9079055
2679 0.7835434
2680 0.3827519
2681 0.1896963
2682 0.9016455
2683 0.7069053
2684 0.1023965
2685 0.2216234
2686 0.9104446
2687 0.4752215
2688 0.5579163
2689 0.09856271
2690 0.130765
2691 0.9673574
2692 0.9801142
2693 0.633436
2694 0.1326083
2695 0.5148866
2696 0.02365312
2697 0.2846046
2698 0.9261323
2699 0.6610851
2700 0.3617394
2701 0.7348356
2702 0.9699282
2703 0.2218348
2704 0.536754
2705 0.9427096
2706 0.8979351
2707 0.870993
2708 0.3989686
2709 0.3179947
2710 0.9010415
2711 0.3868836
2712 0.4536173
2713 0.262185
2714 0.100401
2715 0.3182896
2716 0.5945906
2717 0.2464995
2718 0.1475976
2719 0.6278251
2720 0.9507032
2721 0.3706388
2722 0.6432225
2723 0.4076491
2724 0.2073515
2725 0.743119
2726 0.5521558
2727 0.5924595
2728 0.9933561
2729 0.246372
2730 0.53355
2731 0.7976
2732 0.2276084
2733 0.5545178
2734 0.07615886
2735 0.9199811
2736 0.6845977
2737 0.5245516
2738 0.4692339
2739 0.3863209
2740 0.1340532
2741 0.2801805
2742 0.4826214
2743 0.233034
2744 0.6870487
2745 0.8464521
2746 0.1404136
2747 0.7279098
2748 0.2630632
2749 0.7930572
2750 0.717023
2751 0.85037
2752 0.9708981
2753 0.3199589
2754 0.07564467
2755 0.9578657
2756 0.4380905
2757 0.5830097
2758 0.6709869
2759 0.566453
2760 0.7733263
2761 0.02678132
2762 0.9140377
2763 0.5258356
2764 0.8442962
2765 0.4203187
2766 0.6412465
2767 0.7060604
2768 0.163561
2769 0.2584966
2770 0.254288
2771 0.1163946
2772 0.2065324
2773 0.3607424
2774 0.5495294
2775 0.2738204
2776 0.3534291
2777 0.9957945
2778 0.5845549
2779 0.8904538
2780 0.4584378
2781 0.9149968
2782 0.3092149
2783 0.9928677
2784 0.200907
2785 0.2076987
2786 0.8070344
2787 0.3913095
2788 0.8480387
2789 0.238682
2790 0.1797846
2791 0.9603952
2792 0.5890246
2793 0.1418666
2794 0.8509286
2795 0.489173
2796 0.4155178
2797 0.8459093
2798 0.248573
2799 0.1045599
2800 0.8120818
2801 0.9549095
2802 0.6564944
2803 0.1130339
2804 0.7075926
2805 0.411107
2806 0.0799564
2807 0.4410248
2808 0.7402237
2809 0.5146976
2810 0.2999644
2811 0.5267853
2812 0.2084994
2813 0.6778707
2814 0.1603864
2815 0.4319603
2816 0.1426168
2817 0.02320211
2818 0.1466077
2819 0.125648
2820 0.8760491
2821 0.8338209
2822 0.8199926
2823 0.01862248
2824 0.6184186
2825 0.1447461
2826 0.2333023
2827 0.7869411
2828 0.9500357
2829 0.1416295
2830 0.5345489
2831 0.1787157
2832 0.03300246
2833 0.7798386
2834 0.1726848
2835 0.03840404
2836 0.4335538
2837 0.3648621
2838 0.4362404
2839 0.2672429
2840 0.7355243
2841 0.2167647
2842 0.4737413
2843 0.902724
2844 0.6232484
2845 0.2740776
2846 0.7203055
2847 0.1426873
2848 0.8552551
2849 0.935332
2850 0.4368868
2851 0.02820134
2852 0.897524
2853 0.95701
2854 0.7256249
2855 0.3050592
2856 0.8364213
2857 0.6702168
2858 0.3327145
2859 0.9756097
2860 0.6734001
2861 0.9359363
2862 0.1942644
2863 0.4468052
2864 0.798724
2865 0.2664897
2866 0.7898408
2867 0.5780457
2868 0.9220051
2869 0.2420502
2870 0.05921758
2871 0.2097602
2872 0.1156414
2873 0.8180614
2874 0.9290531
2875 0.7562321
2876 0.9288551
2877 0.1970673
2878 0.2660528
2879 0.1069101
2880 0.02816206
2881 0.005283996
2882 0.07142096
2883 0.7098556
2884 0.3524089
2885 0.4805512
2886 0.02160996
2887 0.5113472
2888 0.09898204
2889 0.05045576
2890 0.9436381
2891 0.03577005
2892 0.5233161
2893 0.02212611
2894 0.1794807
2895 0.6532871
2896 0.7544653
2897 0.948487
2898 0.6197087
2899 0.4513821
2900 0.8571493
2901 0.401693
2902 0.5311595
2903 0.1703416
2904 0.651981
2905 0.5522787
2906 0.9882175
2907 0.3902907
2908 0.06873624
2909 0.7900415
2910 0.8632034
2911 0.2467813
2912 0.3747181
2913 0.2187086
2914 0.009837469
2915 0.9513136
2916 0.9579884
2917 0.8067221
2918 0.7385027
2919 0.3097792
2920 0.4247211
2921 0.4711998
2922 0.6772948
2923 0.003227852
2924 0.03534255
2925 0.4776974
2926 0.3519539
2927 0.4698419
2928 0.03363588
2929 0.09931095
2930 0.2131045
2931 0.8977254
2932 0.8108008
2933 0.9460731
2934 0.1748711
2935 0.4511468
2936 0.5928224
2937 0.3812692
2938 0.0157982
2939 0.3405866
2940 0.5673437
2941 0.9177903
2942 0.2129097
2943 0.5299803
2944 0.8929479
2945 0.8432001
2946 0.4303192
2947 0.2975849
2948 0.1024613
2949 0.1807601
2950 0.5648234
2951 0.1203499
2952 0.2912168
2953 0.8163979
2954 0.8681425
2955 0.1035134
2956 0.3347285
2957 0.5574956
2958 0.3087093
2959 0.04338609
2960 0.0503454
2961 0.0005967225
2962 0.4375684
2963 0.05527734
2964 0.2452614
2965 0.1265264
2966 0.6729273
2967 0.7107734
2968 0.3312757
2969 0.7273167
2970 0.9059046
2971 0.7795536
2972 0.8666301
2973 0.9730172
2974 0.8409394
2975 0.8724087
2976 0.5581822
2977 0.525679
2978 0.6799128
2979 0.3053885
2980 0.9669285
2981 0.08917224
2982 0.02159436
2983 0.3236282
2984 0.7661645
2985 0.2496145
2986 0.30439
2987 0.1192411
2988 0.4145386
2989 0.6790493
2990 0.9103939
2991 0.6529984
2992 0.6251942
2993 0.1946667
2994 0.9327165
2995 0.3382325
2996 0.3988416
2997 0.2582803
2998 0.8839177
2999 0.03636351
3000 0.3578945
3001 0.692083
3002 0.273611
3003 0.6182642
3004 0.5507171
3005 0.6613039
3006 0.4886916
3007 0.5597162
3008 0.6506314
3009 0.01105239
3010 0.6530964
3011 0.2070654
3012 0.8117854
3013 0.9754992
3014 0.4058602
3015 0.8225141
3016 0.7569181
3017 0.3306389
3018 0.3865571
3019 0.4842569
3020 0.2496212
3021 0.7716866
3022 0.6620539
3023 0.7579716
3024 0.56198
3025 0.2607455
3026 0.4268531
3027 0.1702649
3028 0.2700856
3029 0.5857535
3030 0.336587
3031 0.6030685
3032 0.3342025
3033 0.003345652
3034 0.01316772
3035 0.3538302
3036 0.8361237
3037 0.4060921
3038 0.9049825
3039 0.6790822
3040 0.6824226
3041 0.07663769
3042 0.8351742
3043 0.827906
3044 0.8807557
3045 0.4015408
3046 0.07253743
3047 0.8108877
3048 0.5499253
3049 0.4729253
3050 0.4271955
3051 0.6698208
3052 0.1070319
3053 0.2693584
3054 0.7455613
3055 0.5777959
3056 0.4686084
3057 0.3119213
3058 0.2735183
3059 0.2410569
3060 0.01056573
3061 0.008116264
3062 0.02163519
3063 0.9085588
3064 0.5572691
3065 0.4905241
3066 0.05291919
3067 0.9094049
3068 0.0343332
3069 0.1566282
3070 0.1761862
3071 0.8043017
3072 0.9728396
3073 0.863509
3074 0.2334646
3075 0.9289802
3076 0.6554912
3077 0.29011
3078 0.5933185
3079 0.156319
3080 0.6459995
3081 0.6718801
3082 0.7715649
3083 0.4262531
3084 0.2315506
3085 0.077477
3086 0.7517485
3087 0.5528266
3088 0.4662201
3089 0.0716914
3090 0.4900352
3091 0.08444066
3092 0.6333517
3093 0.4876624
3094 0.8828169
3095 0.08162637
3096 0.4291183
3097 0.4231511
3098 0.2888253
3099 0.8665566
3100 0.9656
3101 0.1195503
3102 0.5676848
3103 0.8599555
3104 0.6689702
3105 0.2794501
3106 0.8324604
3107 0.5865768
3108 0.9191486
3109 0.1205108
3110 0.5378192
3111 0.8834683
3112 0.8432397
3113 0.4283707
3114 0.4968964
3115 0.579667
3116 0.9716215
3117 0.3734385
3118 0.05422471
3119 0.03081251
3120 0.9880923
3121 0.075417
3122 0.6513583
3123 0.5893355
3124 0.1323718
3125 0.1701838
3126 0.1470688
3127 0.912583
3128 0.8379905
3129 0.1814956
3130 0.8418058
3131 0.0756489
3132 0.01369107
3133 0.8721808
3134 0.2490329
3135 0.9063565
3136 0.9601066
3137 0.812005
3138 0.9533448
3139 0.1811372
3140 0.314238
3141 0.02774176
3142 0.6336866
3143 0.8024364
3144 0.9887736
3145 0.9250216
3146 0.3254056
3147 0.6869034
3148 0.09973884
3149 0.4660377
3150 0.9928655
3151 0.09788213
3152 0.1382722
3153 0.0812058
3154 0.06856692
3155 0.1800658
3156 0.613822
3157 0.6171853
3158 0.09498759
3159 0.07551516
3160 0.2173505
3161 0.9980209
3162 0.5091574
3163 0.4881881
3164 0.08643065
3165 0.5339979
3166 0.9221646
3167 0.6322541
3168 0.8569059
3169 0.02197993
3170 0.6003039
3171 0.4912461
3172 0.6446451
3173 0.7427544
3174 0.5654206
3175 0.01048399
3176 0.5763837
3177 0.5339412
3178 0.6557789
3179 0.1257492
3180 0.05278603
3181 0.735712
3182 0.2961616
3183 0.1860618
3184 0.3772909
3185 0.9697182
3186 0.5601195
3187 0.7694469
3188 0.6022045
3189 0.490709
3190 0.3624675
3191 0.5455392
3192 0.1355321
3193 0.4982194
3194 0.7492673
3195 0.4957534
3196 0.1303501
3197 0.08659859
3198 0.7834891
3199 0.1077383
3200 0.4202812
3201 0.6571109
3202 0.9406152
3203 0.5894471
3204 0.2302987
3205 0.8060405
3206 0.5147258
3207 0.08098243
3208 0.9834145
3209 0.4119904
3210 0.4907461
3211 0.4542077
3212 0.407049
3213 0.3690423
3214 0.526072
3215 0.7879647
3216 0.1565219
3217 0.9503249
3218 0.4604564
3219 0.6423432
3220 0.836767
3221 0.3220494
3222 0.8636717
3223 0.1017177
3224 0.6691534
3225 0.2215439
3226 0.9058675
3227 0.2004192
3228 0.8040203
3229 0.5003667
3230 0.8483482
3231 0.5442749
3232 0.00243974
3233 0.767248
3234 0.6676352
3235 0.1721083
3236 0.1055081
3237 0.902383
3238 0.36191
3239 0.5747039
3240 0.3853523
3241 0.1318928
3242 0.7970663
3243 0.4663558
3244 0.6825493
3245 0.02861408
3246 0.1271351
3247 0.1044092
3248 0.6193428
3249 0.7634226
3250 0.04509734
3251 0.4989879
3252 0.1013229
3253 0.2241338
3254 0.4541962
3255 0.3588469
3256 0.2031513
3257 0.6198929
3258 0.4461472
3259 0.2935176
3260 0.1264712
3261 0.9236239
3262 0.3176079
3263 0.6757058
3264 0.2507105
3265 0.5996301
3266 0.4331158
3267 0.2830622
3268 0.4892422
3269 0.1284717
3270 0.1324444
3271 0.9154032
3272 0.944994
3273 0.2270105
3274 0.7949483
3275 0.1020421
3276 0.6968594
3277 0.1654447
3278 0.6133109
3279 0.6131011
3280 0.1820621
3281 0.7426665
3282 0.09418947
3283 0.9938613
3284 0.1695734
3285 0.150991
3286 0.1531165
3287 0.2542825
3288 0.9565368
3289 0.3754929
3290 0.589597
3291 0.3584607
3292 0.5881825
3293 0.1552814
3294 0.005170423
3295 0.7843983
3296 0.7116731
3297 0.4072167
3298 0.4604591
3299 0.8554914
3300 0.5397821
3301 0.5013815
3302 0.5398428
3303 0.9472889
3304 0.3434691
3305 0.07493659
3306 0.6506216
3307 0.1658986
3308 0.2628828
3309 0.9061634
3310 0.03248618
3311 0.4174743
3312 0.1196426
3313 0.04324078
3314 0.9279355
3315 0.3526485
3316 0.3942124
3317 0.7805431
3318 0.8933646
3319 0.8367684
3320 0.2220407
3321 0.6173465
3322 0.977156
3323 0.0468114
3324 0.6890862
3325 0.6888477
3326 0.1945462
3327 0.6334113
3328 0.2730903
3329 0.6761981
3330 0.4917838
3331 0.7872987
3332 0.4904421
3333 0.2159921
3334 0.9910272
3335 0.1754219
3336 0.009489463
3337 0.8666911
3338 0.5042008
3339 0.5396966
3340 0.3394202
3341 0.7313678
3342 0.1698833
3343 0.03414511
3344 0.7799143
3345 0.6787168
3346 0.446534
3347 0.4910667
3348 0.1443867
3349 0.1004735
3350 0.9910014
3351 0.4616953
3352 0.8639685
3353 0.973975
3354 0.9004334
3355 0.5664163
3356 0.6174783
3357 0.1762863
3358 0.09273716
3359 0.6247308
3360 0.4248789
3361 0.2321768
3362 0.2121168
3363 0.6930715
3364 0.9942234
3365 0.9250532
3366 0.7832499
3367 0.5702348
3368 0.9852023
3369 0.8279935
3370 0.8926899
3371 0.6186628
3372 0.8232357
3373 0.6375252
3374 0.2831956
3375 0.672197
3376 0.03089342
3377 0.2292263
3378 0.9640108
3379 0.7773738
3380 0.8909426
3381 0.1086308
3382 0.3676042
3383 0.4239054
3384 0.9581441
3385 0.2563586
3386 0.4082295
3387 0.7007646
3388 0.9611947
3389 0.2827786
3390 0.9126561
3391 0.367353
3392 0.1846494
3393 0.5116014
3394 0.38734
3395 0.3355712
3396 0.3180866
3397 0.09263393
3398 0.8179819
3399 0.7771566
3400 0.2732579
3401 0.3674091
3402 0.3769251
3403 0.6431714
3404 0.1909039
3405 0.1786453
3406 0.03089749
3407 0.623826
3408 0.1572055
3409 0.5985273
3410 0.1051916
3411 0.6629918
3412 0.9913865
3413 0.01791463
3414 0.3125536
3415 0.9379505
3416 0.2734837
3417 0.1404192
3418 0.2107936
3419 0.4115248
3420 0.246946
3421 0.5237654
3422 0.2769505
3423 0.2989378
3424 0.7619523
3425 0.9666846
3426 0.6715199
3427 0.6053759
3428 0.7642556
3429 0.5458777
3430 0.06458503
3431 0.7954074
3432 0.02695676
3433 0.5196792
3434 0.4281614
3435 0.5281803
3436 0.2858824
3437 0.9367781
3438 0.2882086
3439 0.4882908
3440 0.09248766
3441 0.5422239
3442 0.4968011
3443 0.5617177
3444 0.7532405
3445 0.2869576
3446 0.9875106
3447 0.8660519
3448 0.2327037
3449 0.4239238
3450 0.947472
3451 0.4431732
3452 0.424929
3453 0.8435646
3454 0.9253363
3455 0.734615
3456 0.6579631
3457 0.1965749
3458 0.7667563
3459 0.0393119
3460 0.4377144
3461 0.1249795
3462 0.0857152
3463 0.229395
3464 0.6920475
3465 0.9935563
3466 0.9864428
3467 0.5018182
3468 0.6948952
3469 0.01241957
3470 0.5319332
3471 0.5233375
3472 0.06332384
3473 0.8143911
3474 0.6333056
3475 0.3549622
3476 0.678019
3477 0.2578118
3478 0.09629552
3479 0.1687593
3480 0.127601
3481 0.4587501
3482 0.7512278
3483 0.1956295
3484 0.4609427
3485 0.06689724
3486 0.6013944
3487 0.09085875
3488 0.8594807
3489 0.9670067
3490 0.8292442
3491 0.9418773
3492 0.1255282
3493 0.978495
3494 0.8344678
3495 0.7868705
3496 0.1103106
3497 0.571872
3498 0.3020121
3499 0.2750674
3500 0.7823403
3501 0.1928038
3502 0.4727551
3503 0.2521222
3504 0.675199
3505 0.197952
3506 0.4128195
3507 0.1975127
3508 0.652282
3509 0.7031376
3510 0.7564573
3511 0.4515877
3512 0.4054784
3513 0.8164882
3514 0.03988427
3515 0.3766092
3516 0.999192
3517 0.7230154
3518 0.6963761
3519 0.6046078
3520 0.543331
3521 0.05049474
3522 0.6425655
3523 0.8508566
3524 0.6492832
3525 0.4909733
3526 0.4136557
3527 0.2447879
3528 0.7716189
3529 0.4075269
3530 0.03507625
3531 0.2393774
3532 0.9991888
3533 0.4591022
3534 0.0008223348
3535 0.980237
3536 0.9096288
3537 0.33459
3538 0.6418928
3539 0.2730177
3540 0.6305678
3541 0.1910081
3542 0.3426552
3543 0.5635654
3544 0.7334057
3545 0.4867102
3546 0.8358252
3547 0.9161194
3548 0.8661262
3549 0.02574645
3550 0.5680322
3551 0.9483363
3552 0.5498253
3553 0.001379843
3554 0.8366025
3555 0.583965
3556 0.8633633
3557 0.1213165
3558 0.1539584
3559 0.244338
3560 0.2066123
3561 0.6717581
3562 0.04583321
3563 0.7643163
3564 0.4716804
3565 0.07117457
3566 0.3925376
3567 0.554015
3568 0.4520839
3569 0.147968
3570 0.3997465
3571 0.6499221
3572 0.4265004
3573 0.1951935
3574 0.4888501
3575 0.2363135
3576 0.5899346
3577 0.9203763
3578 0.178675
3579 0.3327645
3580 0.0241869
3581 0.3233454
3582 0.9526307
3583 0.481281
3584 0.7174052
3585 0.6811291
3586 0.01656687
3587 0.9009533
3588 0.5020502
3589 0.9052413
3590 0.9830624
3591 0.6684118
3592 0.437484
3593 0.7499808
3594 0.02570748
3595 0.6857082
3596 0.8351614
3597 0.4635115
3598 0.6348473
3599 0.8222224
3600 0.4706304
3601 0.4118208
3602 0.7337548
3603 0.3591976
3604 0.9667402
3605 0.9995109
3606 0.2191399
3607 0.97758
3608 0.4267401
3609 0.4765919
3610 0.6849993
3611 0.2307994
3612 0.5407239
3613 0.8353464
3614 0.6684123
3615 0.4376476
3616 0.6032118
3617 0.3188901
3618 0.09140434
3619 0.6055892
3620 0.3876067
3621 0.862135
3622 0.2602238
3623 0.3087012
3624 0.1879694
3625 0.378435
3626 0.6234413
3627 0.9643159
3628 0.1335738
3629 0.02805771
3630 0.04283227
3631 0.5118081
3632 0.2279625
3633 0.7407768
3634 0.3279716
3635 0.3825978
3636 0.9884148
3637 0.4230885
3638 0.03402811
3639 0.8419535
3640 0.7813166
3641 0.1845818
3642 0.4002839
3643 0.9589273
3644 0.8213206
3645 0.7916533
3646 0.6977891
3647 0.3830881
3648 0.1761974
3649 0.6834241
3650 0.2795045
3651 0.855841
3652 0.7752625
3653 0.757022
3654 0.6641754
3655 0.9831741
3656 0.6587071
3657 0.9234418
3658 0.06743395
3659 0.7888541
3660 0.5043274
3661 0.8071167
3662 0.891601
3663 0.6032603
3664 0.9488638
3665 0.3181995
3666 0.5824305
3667 0.6010865
3668 0.2843634
3669 0.441392
3670 0.3516292
3671 0.4878175
3672 0.5085417
3673 0.5266965
3674 0.2082027
3675 0.5518686
3676 0.6588287
3677 0.255702
3678 0.7898943
3679 0.6074573
3680 0.1208284
3681 0.30634
3682 0.4378213
3683 0.2182542
3684 0.1450441
3685 0.1165389
3686 0.493868
3687 0.8026826
3688 0.5902536
3689 0.9903429
3690 0.01753829
3691 0.1454509
3692 0.2327845
3693 0.9370835
3694 0.7912502
3695 0.9144724
3696 0.1762088
3697 0.7532486
3698 0.4392678
3699 0.5863808
3700 0.4532374
3701 0.9988655
3702 0.5795572
3703 0.0831285
3704 0.7888651
3705 0.7648943
3706 0.4649122
3707 0.7075219
3708 0.7503519
3709 0.4591377
3710 0.7077713
3711 0.493846
3712 0.511899
3713 0.6494355
3714 0.3423317
3715 0.1011311
3716 0.9207348
3717 0.8723453
3718 0.04372961
3719 0.8891823
3720 0.2568239
3721 0.8686031
3722 0.4449691
3723 0.1452134
3724 0.4599534
3725 0.9522886
3726 0.7444636
3727 0.6912182
3728 0.5749413
3729 0.2781553
3730 0.9504787
3731 0.5523336
3732 0.2018729
3733 0.4526002
3734 0.1449628
3735 0.6965184
3736 0.2639569
3737 0.7131483
3738 0.8879978
3739 0.1279996
3740 0.3647083
3741 0.9955784
3742 0.2731756
3743 0.9980405
3744 0.05841478
3745 0.08909322
3746 0.7527152
3747 0.4569975
3748 0.1395094
3749 0.3684367
3750 0.07300461
3751 0.3871109
3752 0.5065568
3753 0.9589566
3754 0.9819152
3755 0.2044399
3756 0.317594
3757 0.0623606
3758 0.08789373
3759 0.9938123
3760 0.2453742
3761 0.8763264
3762 0.4041871
3763 0.8796801
3764 0.7107699
3765 0.7460489
3766 0.3330619
3767 0.4437278
3768 0.6434512
3769 0.9181247
3770 0.821891
3771 0.5856679
3772 0.2485986
3773 0.5488404
3774 0.5301242
3775 0.7919072
3776 0.856975
3777 0.7541106
3778 0.4938747
3779 0.3962377
3780 0.3141144
3781 0.07427517
3782 0.9119762
3783 0.9032792
3784 0.5995601
3785 0.2402336
3786 0.7820825
3787 0.6845131
3788 0.2055103
3789 0.2011803
3790 0.6993226
3791 0.573519
3792 0.9048323
3793 0.06951088
3794 0.6166516
3795 0.4229095
3796 0.3942123
3797 0.5648529
3798 0.9614387
3799 0.5576467
3800 0.5724444
3801 0.4696467
3802 0.9179837
3803 0.744049
3804 0.09677894
3805 0.9151751
3806 0.3292688
3807 0.3601868
3808 0.2322686
3809 0.008716732
3810 0.8097296
3811 0.05687572
3812 0.9643063
3813 0.8171077
3814 0.3904354
3815 0.367025
3816 0.3237358
3817 0.6556986
3818 0.5766511
3819 0.2633358
3820 0.3498131
3821 0.5999076
3822 0.6541467
3823 0.8466959
3824 0.8469824
3825 0.7735875
3826 0.8723435
3827 0.8502956
3828 0.4714448
3829 0.3183725
3830 0.6989554
3831 0.7502607
3832 0.7097423
3833 0.9154158
3834 0.5471238
3835 0.2663737
3836 0.7546989
3837 0.8097053
3838 0.5218974
3839 0.9297676
3840 0.08573756
3841 0.7669284
3842 0.2461204
3843 0.96384
3844 0.116343
3845 0.3212723
3846 0.6479175
3847 0.9390642
3848 0.5620208
3849 0.2704382
3850 0.7715286
3851 0.9740648
3852 0.2645273
3853 0.2784101
3854 0.954095
3855 0.7717024
3856 0.2549044
3857 0.5777969
3858 0.8891868
3859 0.1683379
3860 0.9582331
3861 0.5672936
3862 0.9352351
3863 0.9079834
3864 0.9830382
3865 0.8426162
3866 0.6284296
3867 0.2341313
3868 0.2241028
3869 0.04925789
3870 0.06126917
3871 0.4770169
3872 0.8956845
3873 0.2015805
3874 0.1751648
3875 0.09011634
3876 0.4904267
3877 0.1345291
3878 0.789861
3879 0.7841943
3880 0.5833741
3881 0.8820158
3882 0.3041557
3883 0.847067
3884 0.3570331
3885 0.9389137
3886 0.6238818
3887 0.4419771
3888 0.3253252
3889 0.7385616
3890 0.3017055
3891 0.6001791
3892 0.185298
3893 0.8460362
3894 0.3725935
3895 0.09479812
3896 0.06372731
3897 0.118155
3898 0.8926598
3899 0.5616529
3900 0.02577752
3901 0.6208092
3902 0.003006776
3903 0.5157506
3904 0.008308582
3905 0.4619041
3906 0.888267
3907 0.7119432
3908 0.7651672
3909 0.6948048
3910 0.998243
3911 0.05757268
3912 0.7468223
3913 0.1997705
3914 0.9731635
3915 0.345111
3916 0.6943777
3917 0.939806
3918 0.02890186
3919 0.3443701
3920 0.2570481
3921 0.64274
3922 0.6589924
3923 0.1828665
3924 0.2066422
3925 0.1016803
3926 0.1830683
3927 0.05966043
3928 0.4568893
3929 0.7574646
3930 0.7457581
3931 0.4873758
3932 0.6296325
3933 0.004807963
3934 0.9223667
3935 0.5369993
3936 0.1414762
3937 0.5593554
3938 0.6083957
3939 0.765064
3940 0.6538043
3941 0.2293549
3942 0.2632151
3943 0.5864322
3944 0.5923847
3945 0.2271121
3946 0.1450022
3947 0.06508242
3948 0.2682935
3949 0.4886624
3950 0.3256221
3951 0.2575139
3952 0.1444161
3953 0.08485701
3954 0.6345209
3955 0.308348
3956 0.1350161
3957 0.3586998
3958 0.7151512
3959 0.5233288
3960 0.02099047
3961 0.7051007
3962 0.7991047
3963 0.7045114
3964 0.2810984
3965 0.8436337
3966 0.6122379
3967 0.5273143
3968 0.4039367
3969 0.2953995
3970 0.3237919
3971 0.5334406
3972 0.311099
3973 0.07479253
3974 0.8661441
3975 0.7105283
3976 0.8934578
3977 0.5862593
3978 0.3373478
3979 0.6498333
3980 0.1703416
3981 0.3450214
3982 0.5041601
3983 0.000579419
3984 0.9536217
3985 0.296199
3986 0.5901964
3987 0.5394073
3988 0.3743634
3989 0.9221427
3990 0.5577354
3991 0.5899494
3992 0.4738257
3993 0.9803224
3994 0.02375926
3995 0.6687903
3996 0.1726578
3997 0.4990163
3998 0.5365903
3999 0.3979143
4000 0.2874353
4001 0.5165318
4002 0.1090495
4003 0.9449192
4004 0.2661072
4005 0.453371
4006 0.7373917
4007 0.5000721
4008 0.7506814
4009 0.84689
4010 0.6115226
4011 0.1818766
4012 0.06179519
4013 0.3650186
4014 0.9635822
4015 0.8232357
4016 0.002461038
4017 0.8442336
4018 0.9795152
4019 0.05422758
4020 0.4880849
4021 0.01994101
4022 0.1489772
4023 0.1215024
4024 0.1308044
4025 0.8058486
4026 0.8536643
4027 0.8503346
4028 0.8407766
4029 0.6333411
4030 0.7635252
4031 0.7523439
4032 0.5607991
4033 0.2462935
4034 0.4981952
4035 0.6584855
4036 0.781412
4037 0.5686726
4038 0.4782017
4039 0.2919169
4040 0.1611274
4041 0.9784031
4042 0.6927025
4043 0.7114298
4044 0.8860234
4045 0.8667519
4046 0.1818294
4047 0.8370551
4048 0.8394419
4049 0.4057412
4050 0.9016848
4051 0.3139626
4052 0.7814523
4053 0.08841728
4054 0.7207783
4055 0.9945253
4056 0.654964
4057 0.6491494
4058 0.6210181
4059 0.6132732
4060 0.2237444
4061 0.2003934
4062 0.6303311
4063 0.5634074
4064 0.07679297
4065 0.32342
4066 0.5870146
4067 0.3836586
4068 0.01245318
4069 0.381521
4070 0.2487546
4071 0.4307797
4072 0.1596227
4073 0.6638775
4074 0.2503283
4075 0.6429292
4076 0.6789965
4077 0.6089379
4078 0.8237363
4079 0.08437632
4080 0.2806487
4081 0.005357947
4082 0.9596053
4083 0.05045306
4084 0.289199
4085 0.7771769
4086 0.7887224
4087 0.2416392
4088 0.4199414
4089 0.2235662
4090 0.9900087
4091 0.5374165
4092 0.5124304
4093 0.6992065
4094 0.1196297
4095 0.2641499
4096 0.9073386
4097 0.340432
4098 0.08240341
4099 0.6502531
4100 0.8848877
4101 0.5049311
4102 0.9434605
4103 0.9210857
4104 0.8989398
4105 0.5948708
4106 0.1593842
4107 0.4700371
4108 0.6021081
4109 0.2500721
4110 0.1886619
4111 0.8219371
4112 0.154822
4113 0.3508727
4114 0.5547509
4115 0.00821002
4116 0.9256297
4117 0.5265036
4118 0.1737083
4119 0.5022364
4120 0.7905374
4121 0.2497819
4122 0.178961
4123 0.6122714
4124 0.9685267
4125 0.0770761
4126 0.6690271
4127 0.8557599
4128 0.2922343
4129 0.8648318
4130 0.9210071
4131 0.2375133
4132 0.785863
4133 0.6133932
4134 0.7912455
4135 0.0108799
4136 0.2056
4137 0.1130668
4138 0.08473177
4139 0.7589219
4140 0.4148604
4141 0.5222679
4142 0.920967
4143 0.71204
4144 0.2198921
4145 0.8170096
4146 0.8934606
4147 0.8548676
4148 0.1841624
4149 0.2161877
4150 0.9681705
4151 0.6681489
4152 0.5966433
4153 0.05188709
4154 0.3707425
4155 0.4641766
4156 0.8885726
4157 0.9353771
4158 0.9905862
4159 0.1097292
4160 0.8982547
4161 0.4710696
4162 0.6825841
4163 0.2285898
4164 0.177166
4165 0.03876111
4166 0.3476791
4167 0.06436572
4168 0.6344908
4169 0.3489338
4170 0.9132742
4171 0.114502
4172 0.4206214
4173 0.3027908
4174 0.09914599
4175 0.3048262
4176 0.798808
4177 0.2268267
4178 0.3465711
4179 0.4303579
4180 0.03993226
4181 0.8891364
4182 0.2832205
4183 0.3944581
4184 0.4919081
4185 0.7600064
4186 0.4218386
4187 0.77839
4188 0.4548708
4189 0.3788999
4190 0.7439581
4191 0.5420543
4192 0.8983217
4193 0.10279
4194 0.3486788
4195 0.7652097
4196 0.7553378
4197 0.3425982
4198 0.7154733
4199 0.797475
4200 0.852443
4201 0.8295984
4202 0.9840741
4203 0.998645
4204 0.7515267
4205 0.5715168
4206 0.05680995
4207 0.8323769
4208 0.9736388
4209 0.9846804
4210 0.4335675
4211 0.8973227
4212 0.6439147
4213 0.9770766
4214 0.3110007
4215 0.7127351
4216 0.9257231
4217 0.5523138
4218 0.4531057
4219 0.6167848
4220 0.3047748
4221 0.5514058
4222 0.6721507
4223 0.4929197
4224 0.6086604
4225 0.7253912
4226 0.675199
4227 0.1239584
4228 0.6636706
4229 0.9877845
4230 0.865529
4231 0.2274372
4232 0.5415038
4233 0.4651661
4234 0.05674651
4235 0.9743661
4236 0.2323773
4237 0.7636704
4238 0.3986495
4239 0.519969
4240 0.8160148
4241 0.9642155
4242 0.9867935
4243 0.9834034
4244 0.999192
4245 0.4256552
4246 0.7895664
4247 0.3395694
4248 0.6993497
4249 0.1271308
4250 0.6474852
4251 0.8248609
4252 0.4611038
4253 0.6300077
4254 0.9379975
4255 0.4076237
4256 0.818412
4257 0.04138616
4258 0.2527922
4259 0.496225
4260 0.8408288
4261 0.6574599
4262 0.2327234
4263 0.2236586
4264 0.430174
4265 0.6068605
4266 0.5683642
4267 0.9340304
4268 0.7760672
4269 0.9216373
4270 0.2491613
4271 0.09953766
4272 0.6664958
4273 0.8338156
4274 0.6500295
4275 0.5189778
4276 0.7566223
4277 0.7951942
4278 0.5579747
4279 0.6333479
4280 0.1728168
4281 0.5877117
4282 0.4830175
4283 0.2406213
4284 0.6423785
4285 0.4343334
4286 0.03744994
4287 0.6585515
4288 0.4513332
4289 0.2442409
4290 0.3156308
4291 0.3792932
4292 0.04141423
4293 0.6992816
4294 0.3570972
4295 0.05049808
4296 0.737154
4297 0.09804012
4298 0.4738867
4299 0.9448034
4300 0.644118
4301 0.8708716
4302 0.9726344
4303 0.7380018
4304 0.4111497
4305 0.1286515
4306 0.9046293
4307 0.5463564
4308 0.2884487
4309 0.7854443
4310 0.4828265
4311 0.0851027
4312 0.3926006
4313 0.6958416
4314 0.1000996
4315 0.7445644
4316 0.6589294
4317 0.5095032
4318 0.3279115
4319 0.9843779
4320 0.4043492
4321 0.6849622
4322 0.09650366
4323 0.9750847
4324 0.6012944
4325 0.1956175
4326 0.5444845
4327 0.5459944
4328 0.6961282
4329 0.1088465
4330 0.3014799
4331 0.8939801
4332 0.4934655
4333 0.3072156
4334 0.3048714
4335 0.3827627
4336 0.7048166
4337 0.5357395
4338 0.3138631
4339 0.761842
4340 0.4261564
4341 0.8051557
4342 0.4839536
4343 0.8032132
4344 0.5821927
4345 0.6751836
4346 0.328474
4347 0.08741457
4348 0.2122749
4349 0.1488006
4350 0.8688661
4351 0.4847564
4352 0.0932597
4353 0.1961904
4354 0.2333976
4355 0.8503557
4356 0.1341109
4357 0.3042666
4358 0.9427723
4359 0.4870707
4360 0.6558053
4361 0.5177956
4362 0.7845409
4363 0.7850538
4364 0.7796156
4365 0.5208446
4366 0.2927485
4367 0.3308617
4368 0.3216928
4369 0.1249288
4370 0.5567917
4371 0.7163457
4372 0.5445084
4373 0.96813
4374 0.6639109
4375 0.516072
4376 0.4870539
4377 0.8383874
4378 0.2473993
4379 0.3354017
4380 0.8103698
4381 0.5320631
4382 0.1798394
4383 0.1250042
4384 0.2373181
4385 0.968849
4386 0.1703502
4387 0.6602392
4388 0.05770669
4389 0.9130336
4390 0.003686057
4391 0.2367396
4392 0.6025538
4393 0.9234876
4394 0.2978591
4395 0.6542569
4396 0.1200961
4397 0.2669873
4398 0.1387832
4399 0.4844235
4400 0.2749041
4401 0.285272
4402 0.073767
4403 0.2154804
4404 0.7559259
4405 0.5447224
4406 0.6016755
4407 0.2607922
4408 0.01427949
4409 0.7504218
4410 0.9309573
4411 0.3765916
4412 0.6834241
4413 0.2683987
4414 0.2125822
4415 0.5189333
4416 0.9623414
4417 0.7996299
4418 0.0707384
4419 0.03970185
4420 0.5285183
4421 0.132072
4422 0.8110982
4423 0.8598067
4424 0.6860391
4425 0.6777955
4426 0.08020223
4427 0.2596686
4428 0.2136455
4429 0.7469499
4430 0.9155495
4431 0.4938835
4432 0.1906589
4433 0.7894243
4434 0.03547957
4435 0.5618097
4436 0.2367227
4437 0.886608
4438 0.6407474
4439 0.1256577
4440 0.01629549
4441 0.3469796
4442 0.9895645
4443 0.6981168
4444 0.8904231
4445 0.4402012
4446 0.3766821
4447 0.8682772
4448 0.1133366
4449 0.9596534
4450 0.7698673
4451 0.1596183
4452 0.7885301
4453 0.08482479
4454 0.5342379
4455 0.5438675
4456 0.4764776
4457 0.6638048
4458 0.2753135
4459 0.6919315
4460 0.3236541
4461 0.7310456
4462 0.515883
4463 0.9335085
4464 0.7870521
4465 0.9874483
4466 0.6269787
4467 0.4672664
4468 0.2980002
4469 0.58314
4470 0.2287489
4471 0.08758582
4472 0.9867665
4473 0.0913603
4474 0.4086769
4475 0.1800148
4476 0.9132315
4477 0.0446798
4478 0.3481922
4479 0.000623772
4480 0.274466
4481 0.6401457
4482 0.6175036
4483 0.02317828
4484 0.8243041
4485 0.6665667
4486 0.8492028
4487 0.8207005
4488 0.1715785
4489 0.8543294
4490 0.4043536
4491 0.890165
4492 0.07720438
4493 0.2106941
4494 0.9533343
4495 0.06919878
4496 0.6584158
4497 0.8051728
4498 0.8454433
4499 0.759656
4500 0.497617
4501 0.9621634
4502 0.2449951
4503 0.4363368
4504 0.2951539
4505 0.1361335
4506 0.3998777
4507 0.3358029
4508 0.1642064
4509 0.1991206
4510 0.3637382
4511 0.06095126
4512 0.7023699
4513 0.2006467
4514 0.8166353
4515 0.6329197
4516 0.1560118
4517 0.786627
4518 0.1454775
4519 0.9374402
4520 0.6827205
4521 0.2896652
4522 0.1709181
4523 0.1364995
4524 0.2481284
4525 0.6153326
4526 0.6687774
4527 0.6220311
4528 0.6441554
4529 0.539204
4530 0.1472318
4531 0.205254
4532 0.08718428
4533 0.574951
4534 0.4204642
4535 0.2334301
4536 0.4739029
4537 0.9423897
4538 0.2969467
4539 0.7646767
4540 0.8888525
4541 0.2884323
4542 0.5518251
4543 0.4523659
4544 0.2000463
4545 0.8670739
4546 0.7120617
4547 0.7579244
4548 0.9295328
4549 0.5460773
4550 0.48991
4551 0.8346332
4552 0.3958445
4553 0.2527751
4554 0.09177349
4555 0.7848592
4556 0.6527131
4557 0.4859782
4558 0.2056843
4559 0.4267154
4560 0.8888691
4561 0.6011999
4562 0.6611714
4563 0.9822892
4564 0.9886446
4565 0.09462801
4566 0.5473122
4567 0.2477629
4568 0.4831026
4569 0.9023108
4570 0.5266528
4571 0.2217657
4572 0.3412648
4573 0.0569949
4574 0.7549099
4575 0.505062
4576 0.3653827
4577 0.06486966
4578 0.624622
4579 0.8977976
4580 0.8628983
4581 0.9273272
4582 0.9979914
4583 0.03471264
4584 0.8395385
4585 0.9258614
4586 0.5869111
4587 0.6371946
4588 0.4545388
4589 0.01678427
4590 0.5220679
4591 0.5067825
4592 0.1230241
4593 0.8186993
4594 0.3971703
4595 0.9489236
4596 0.128694
4597 0.09448998
4598 0.7626218
4599 0.2405753
4600 0.2222059
4601 0.3170558
4602 0.4308383
4603 0.4237296
4604 0.3818494
4605 0.603659
4606 0.7248015
4607 0.6571595
4608 0.6204752
4609 0.8757132
4610 0.6077541
4611 0.9233192
4612 0.418266
4613 0.3164049
4614 0.316961
4615 0.858792
4616 0.7530391
4617 0.08124309
4618 0.8733579
4619 0.2575705
4620 0.9939909
4621 0.1127204
4622 0.6943757
4623 0.7320967
4624 0.6227963
4625 0.540726
4626 0.2511056
4627 0.01255821
4628 0.3753138
4629 0.0631161
4630 0.2141326
4631 0.1888859
4632 0.6525135
4633 0.5367109
4634 0.8332276
4635 0.4220885
4636 0.5046454
4637 0.8009806
4638 0.8927221
4639 0.5044448
4640 0.7569846
4641 0.04536302
4642 0.2964227
4643 0.8083835
4644 0.5663326
4645 0.12893
4646 0.7006485
4647 0.559495
4648 0.2572256
4649 0.8650012
4650 0.03308346
4651 0.1195793
4652 0.8512834
4653 0.1488737
4654 0.3609199
4655 0.9175435
4656 0.8171555
4657 0.5963491
4658 0.9629038
4659 0.6359074
4660 0.1019197
4661 0.2193874
4662 0.7043274
4663 0.4800259
4664 0.9127901
4665 0.5826283
4666 0.01621007
4667 0.5481398
4668 0.01567897
4669 0.03274046
4670 0.7918313
4671 0.4706717
4672 0.5845444
4673 0.8059474
4674 0.06158698
4675 0.8506894
4676 0.1027979
4677 0.8433231
4678 0.3799746
4679 0.7058514
4680 0.5444845
4681 0.5430035
4682 0.8159167
4683 0.1214976
4684 0.1657258
4685 0.6893058
4686 0.7035302
4687 0.7828622
4688 0.03931874
4689 0.679576
4690 0.2238422
4691 0.6740365
4692 0.8311155
4693 0.02490216
4694 0.7981396
4695 0.722272
4696 0.3717495
4697 0.482379
4698 0.2000409
4699 0.738787
4700 0.505521
4701 0.5542909
4702 0.03111675
4703 0.04602274
4704 0.5146384
4705 0.07461885
4706 0.01781801
4707 0.1043234
4708 0.4375625
4709 0.0774008
4710 0.8377628
4711 0.5885326
4712 0.6221022
4713 0.1284758
4714 0.1530456
4715 0.849287
4716 0.009871307
4717 0.05671106
4718 0.6331768
4719 0.8174725
4720 0.5260986
4721 0.3095744
4722 0.1537163
4723 0.8327389
4724 0.8670072
4725 0.9800916
4726 0.5188687
4727 0.277592
4728 0.698623
4729 0.2254884
4730 0.08881274
4731 0.1678353
4732 0.885092
4733 0.862091
4734 0.2817852
4735 0.4072964
4736 0.1970823
4737 0.3239206
4738 0.214138
4739 0.5324408
4740 0.9651621
4741 0.1175969
4742 0.7594699
4743 0.6231822
4744 0.485957
4745 0.891168
4746 0.8379192
4747 0.8748047
4748 0.766581
4749 0.8299831
4750 0.100493
4751 0.5464322
4752 0.6332443
4753 0.634455
4754 0.5093906
4755 0.499281
4756 0.6199246
4757 0.635265
4758 0.03388646
4759 0.8342075
4760 0.7526579
4761 0.2813441
4762 0.9648951
4763 0.9006152
4764 0.5752671
4765 0.4496443
4766 0.847525
4767 0.01302009
4768 0.3161062
4769 0.482623
4770 0.6462989
4771 0.6838214
4772 0.7185526
4773 0.1828349
4774 0.3706884
4775 0.1114743
4776 0.9079359
4777 0.07256307
4778 0.6815627
4779 0.8643741
4780 0.6336866
4781 0.1824475
4782 0.58603
4783 0.4174442
4784 0.5270521
4785 0.02402475
4786 0.2963434
4787 0.6252116
4788 0.5269586
4789 0.8537077
4790 0.2233006
4791 0.6452182
4792 0.4238862
4793 0.9274085
4794 0.7455669
4795 0.9368047
4796 0.5017336
4797 0.2426028
4798 0.8813512
4799 0.3259527
4800 0.1036033
4801 0.7805888
4802 0.7739557
4803 0.2609863
4804 0.03723015
4805 0.7793355
4806 0.4816819
4807 0.3460329
4808 0.7465816
4809 0.3266362
4810 0.5547862
4811 0.5930603
4812 0.06669316
4813 0.976145
4814 0.09923491
4815 0.4067053
4816 0.4826954
4817 0.207758
4818 0.04245773
4819 0.5283303
4820 0.5043982
4821 0.9855696
4822 0.3811761
4823 0.9144211
4824 0.6224976
4825 0.7507202
4826 0.3500966
4827 0.4270689
4828 0.7775786
4829 0.7868772
4830 0.7850797
4831 0.3506307
4832 0.4120793
4833 0.2773723
4834 0.7374174
4835 0.7293897
4836 0.6114347
4837 0.7967894
4838 0.2286631
4839 0.4354814
4840 0.09153368
4841 0.580946
4842 0.2775271
4843 0.7339501
4844 0.3261102
4845 0.8331485
4846 0.8675037
4847 0.7160667
4848 0.771399
4849 0.3781117
4850 0.252096
4851 0.6172405
4852 0.302736
4853 0.9076763
4854 0.9518843
4855 0.5961006
4856 0.6670533
4857 0.3683769
4858 0.2274313
4859 0.5278358
4860 0.5472429
4861 0.06086551
4862 0.574786
4863 0.4575059
4864 0.02601567
4865 0.6900412
4866 0.5463958
4867 0.1666507
4868 0.8944271
4869 0.6534531
4870 0.9848728
4871 0.9290444
4872 0.8343562
4873 0.6724764
4874 0.1162273
4875 0.1286577
4876 0.3549213
4877 0.5749625
4878 0.5773015
4879 0.4070588
4880 0.7393248
4881 0.1694348
4882 0.9084448
4883 0.4099574
4884 0.4174743
4885 0.3841861
4886 0.6131741
4887 0.3212223
4888 0.8217123
4889 0.4392015
4890 0.9586269
4891 0.2299271
4892 0.7498799
4893 0.7683786
4894 0.5741865
4895 0.7955008
4896 0.02047688
4897 0.8543677
4898 0.8373002
4899 0.9355441
4900 0.8047775
4901 0.7126978
4902 0.5273268
4903 0.887211
4904 0.3683424
4905 0.8215459
4906 0.2971153
4907 0.8806825
4908 0.8347942
4909 0.03381941
4910 0.4151967
4911 0.8624286
4912 0.5356009
4913 0.5836514
4914 0.9302168
4915 0.7476542
4916 0.1289489
4917 0.5083221
4918 0.03668582
4919 0.521548
4920 0.5969358
4921 0.3178766
4922 0.4111966
4923 0.9279355
4924 0.9368347
4925 0.8352158
4926 0.3614327
4927 0.8121094
4928 0.3575241
4929 0.04638839
4930 0.6240688
4931 0.7356884
4932 0.8733699
4933 0.8877439
4934 0.8174461
4935 0.2630187
4936 0.7236269
4937 0.3185062
4938 0.7839228
4939 0.01085956
4940 0.9523425
4941 0.4166386
4942 0.1553288
4943 0.8746591
4944 0.3232078
4945 0.9485663
4946 0.2193427
4947 0.4621756
4948 0.08381509
4949 0.8045625
4950 0.6897108
4951 0.08708039
4952 0.3888795
4953 0.7207522
4954 0.1040348
4955 0.6994636
4956 0.5749407
4957 0.9584452
4958 0.3895111
4959 0.5357794
4960 0.2551127
4961 0.1171938
4962 0.8457926
4963 0.006150076
4964 0.7057218
4965 0.02407372
4966 0.5570054
4967 0.3269284
4968 0.64129
4969 0.01894691
4970 0.8431415
4971 0.3611719
4972 0.3012015
4973 0.8072857
4974 0.9672547
4975 0.9811422
4976 0.8300424
4977 0.1788251
4978 0.7536366
4979 0.4567567
4980 0.6786567
4981 0.7982202
4982 0.2932389
4983 0.5222497
4984 0.7763811
4985 0.5449443
4986 0.93822
4987 0.5809402
4988 0.02463118
4989 0.1403679
4990 0.9172165
4991 0.574757
4992 0.2283969
4993 0.9258629
4994 0.4801886
4995 0.7430859
4996 0.8909545
4997 0.5173915
4998 0.1165398
4999 0.5349906
5000 0.5389474
