1 0.4884917
2 0.8893335
3 0.9987153
4 0.1316581
5 0.4968601
6 0.315543
7 0.4122514
8 0.04908027
9 0.02467094
10 0.05358776
11 0.451373
12 0.457157
13 0.9388617
14 0.3568016
15 0.5670158
16 0.1045411
17 0.5269615
18 0.4259592
19 0.5027797
20 0.03650568
21 0.7670052
22 0.02598684
23 0.256352
24 0.08792201
25 0.1624278
26 0.08638775
27 0.2063259
28 0.6860693
29 0.1401368
30 0.4393335
31 0.1396389
32 0.08575424
33 0.3755627
34 0.7647493
35 0.2427818
36 0.2303618
37 0.2616892
38 0.2075542
39 0.1896789
40 0.732144
41 0.9988601
42 0.468695
43 0.05533044
44 0.4383773
45 0.8170172
46 0.4182355
47 0.4177061
48 0.3582159
49 0.1060249
50 0.4704393
51 0.01865536
52 0.9918891
53 0.4721235
54 0.3149688
55 0.004639375
56 0.2741966
57 0.7203671
58 0.6855866
59 0.344158
60 0.8124852
61 0.7652786
62 0.5076822
63 0.4851064
64 0.8762659
65 0.05460582
66 0.03639021
67 0.4918836
68 0.7313155
69 0.8300456
70 0.8006081
71 0.6671349
72 0.1504283
73 0.2345988
74 0.2405289
75 0.7937389
76 0.919665
77 0.7344905
78 0.1107384
79 0.1508127
80 0.9792218
81 0.1013811
82 0.210195
83 0.2545396
84 0.1930444
85 0.3559969
86 0.7509571
87 0.1859667
88 0.09781786
89 0.3628502
90 0.02766107
91 0.03484944
92 0.6952722
93 0.495299
94 0.1105634
95 0.7580079
96 0.009159825
97 0.002535657
98 0.350276
99 0.7040834
100 0.7576895
101 0.6715777
102 0.7809488
103 0.4325666
104 0.3079577
105 0.3209919
106 0.1939916
107 0.1843705
108 0.8320696
109 0.2236259
110 0.4842095
111 0.05996974
112 0.4195357
113 0.08655907
114 0.1746203
115 0.3518643
116 0.7893677
117 0.4162733
118 0.0167551
119 0.3959301
120 0.717198
121 0.2717556
122 0.03980521
123 0.8436425
124 0.09909011
125 0.7030706
126 0.4215568
127 0.1445577
128 0.2590046
129 0.5374323
130 0.08282291
131 0.7287597
132 0.0612285
133 0.08533625
134 0.1573896
135 0.8122597
136 0.2472434
137 0.2933051
138 0.4926484
139 0.2710853
140 0.6291681
141 0.2427667
142 0.6032191
143 0.5304545
144 0.08420003
145 0.5642779
146 0.1646588
147 0.211682
148 0.3699717
149 0.6976847
150 0.8450752
151 0.3714629
152 0.7287428
153 0.07955248
154 0.1660694
155 0.6661463
156 0.3696137
157 0.05535611
158 0.7747389
159 0.131996
160 0.1446344
161 0.9196163
162 0.4276414
163 0.04065198
164 0.3109747
165 0.101348
166 0.04221736
167 0.4251306
168 0.4175352
169 0.4690621
170 0.4484923
171 0.3434825
172 0.1421934
173 0.8214023
174 0.6290914
175 0.1922079
176 0.3554145
177 0.09379577
178 0.9976164
179 0.4293813
180 0.4272721
181 0.7019952
182 0.1213602
183 0.2000403
184 0.05205143
185 0.2239736
186 0.2668802
187 0.1007733
188 0.1435931
189 0.907756
190 0.9380071
191 0.6509435
192 0.9963634
193 0.1099393
194 0.1679358
195 0.7408284
196 0.8510197
197 0.6028671
198 0.2039595
199 0.04930604
200 0.05494011
201 0.5366928
202 0.08280064
203 0.3130464
204 0.8619638
205 0.2631741
206 0.04643347
207 0.4118584
208 0.06809472
209 0.9040646
210 0.4418635
211 0.368531
212 0.8446659
213 0.8228406
214 0.3426019
215 0.08807358
216 0.5877584
217 0.3467451
218 0.4332209
219 0.5946276
220 0.2199221
221 0.466726
222 0.612232
223 0.6479988
224 0.3329257
225 0.2440338
226 0.01110577
227 0.232076
228 0.3734834
229 0.2453352
230 0.7925983
231 0.03859498
232 0.2397225
233 0.7591415
234 0.01834441
235 0.09300411
236 0.634062
237 0.1913872
238 0.3691185
239 0.4072196
240 0.3369253
241 0.5840821
242 0.4018418
243 0.9062009
244 0.5287673
245 0.8134435
246 0.8484198
247 0.5653554
248 0.9472822
249 0.4107584
250 0.2886972
251 0.4864487
252 0.02527201
253 0.5435833
254 0.9871156
255 0.311397
256 0.3370187
257 0.3382724
258 0.2757287
259 0.2507367
260 0.5569805
261 0.5023267
262 0.1642549
263 0.9176526
264 0.2960528
265 0.1646189
266 0.971121
267 0.7695321
268 0.6192011
269 0.5164265
270 0.4642746
271 0.753737
272 0.07335114
273 0.01422714
274 0.459504
275 0.07388787
276 0.7975982
277 0.4649102
278 0.1117056
279 0.1542811
280 0.9043001
281 0.2321572
282 0.603666
283 0.02989879
284 0.5335778
285 0.7291514
286 0.02931285
287 0.9348988
288 0.1393062
289 0.07071396
290 0.114814
291 0.1548498
292 0.7857849
293 0.1320698
294 0.01516574
295 0.9991135
296 0.343426
297 0.4096333
298 0.2033744
299 0.5493847
300 0.9809293
301 0.8491899
302 0.3563754
303 0.9155285
304 0.04148362
305 0.5301129
306 0.3017764
307 0.8949487
308 0.2440692
309 0.05455699
310 0.2403219
311 0.1831103
312 0.5420406
313 0.1560622
314 0.7002804
315 0.3378969
316 0.4654356
317 0.845058
318 0.7302547
319 0.6914562
320 0.3989184
321 0.153789
322 0.2910774
323 0.2100026
324 0.7365369
325 0.2876293
326 0.3428698
327 0.2056263
328 0.1822126
329 0.0147659
330 0.03032606
331 0.7671185
332 0.1141602
333 0.6362493
334 0.249216
335 0.8844854
336 0.4205683
337 0.6103335
338 0.27089
339 0.1962937
340 0.1511698
341 0.4981282
342 0.3522396
343 0.1544152
344 0.6906214
345 0.5400019
346 0.4940951
347 0.2923965
348 0.3588241
349 0.2871904
350 0.05721778
351 0.3266747
352 0.07511851
353 0.6432377
354 0.2378642
355 0.07303173
356 0.02368205
357 0.7491163
358 0.08545825
359 0.1389463
360 0.304739
361 0.0550348
362 0.546646
363 0.9640015
364 0.3845055
365 0.5663129
366 0.6674626
367 0.5723152
368 0.4731963
369 0.05217748
370 0.06950318
371 0.347387
372 0.8370611
373 0.07956281
374 0.279219
375 0.6418616
376 0.9284597
377 0.4472514
378 0.2885273
379 0.3044184
380 0.7420376
381 0.6786902
382 0.512516
383 0.1363428
384 0.4910656
385 0.1213773
386 0.9283275
387 0.2885937
388 0.9359026
389 0.1036908
390 0.02314075
391 0.1304863
392 0.3573262
393 0.9435571
394 0.8939331
395 0.4122898
396 0.32365
397 0.6445434
398 0.5949983
399 0.0457686
400 0.3345261
401 0.8454798
402 0.738479
403 0.3415775
404 0.2269032
405 0.906328
406 0.7247791
407 0.1077381
408 0.3136065
409 0.0006913519
410 0.9723941
411 0.6616031
412 0.4409138
413 0.2741096
414 0.5943311
415 0.8041002
416 0.8098634
417 0.1147938
418 0.1068991
419 0.1171162
420 0.935121
421 0.5582167
422 0.2642337
423 0.3528726
424 0.0308427
425 0.6589103
426 0.1891795
427 0.4417404
428 0.02301831
429 0.7214163
430 0.5597131
431 0.8064948
432 0.118844
433 0.3503877
434 0.9065352
435 0.3286305
436 0.4876856
437 0.3512637
438 0.4750691
439 0.5338348
440 0.381985
441 0.2502917
442 0.5011361
443 0.5291809
444 0.7166869
445 0.0411471
446 0.3699757
447 0.150297
448 0.04184446
449 0.05367595
450 0.04432978
451 0.4864373
452 0.03159997
453 0.7428645
454 0.1254662
455 0.2914191
456 0.8388488
457 0.6838617
458 0.2758115
459 0.03692523
460 0.4989833
461 0.2712955
462 0.04828689
463 0.9987797
464 0.3726941
465 0.2603565
466 0.03404913
467 0.2760445
468 0.5553486
469 0.5493634
470 0.130064
471 0.09154081
472 0.01816632
473 0.2114208
474 0.8784352
475 0.2327498
476 0.07897576
477 0.2659137
478 0.9092098
479 0.888144
480 0.3101377
481 0.8357583
482 0.4922177
483 0.8439645
484 0.3920867
485 0.7329305
486 0.01910341
487 0.8242973
488 0.9114282
489 0.7518312
490 0.3595187
491 0.9887902
492 0.08899256
493 0.1890132
494 0.5437107
495 0.1457753
496 0.1477372
497 0.6031281
498 0.07378505
499 0.5899631
500 0.9734844
501 0.4820321
502 0.7534944
503 0.3144322
504 0.5540917
505 0.5692787
506 0.2175316
507 0.6136
508 0.7532067
509 0.8703201
510 0.4091284
511 0.03692236
512 0.02316013
513 0.1050994
514 0.8224201
515 0.3588297
516 0.6844472
517 0.4333766
518 0.2324887
519 0.5011911
520 0.002725415
521 0.6653266
522 0.7815387
523 0.4415701
524 0.2093981
525 0.3468566
526 0.20246
527 0.6713169
528 0.2101065
529 0.3563056
530 0.4714223
531 0.6585993
532 0.2557135
533 0.115649
534 0.3963379
535 0.6537686
536 0.8875063
537 0.4036644
538 0.4581752
539 0.1217781
540 0.8431356
541 0.8763336
542 0.1920366
543 0.1381765
544 0.7454126
545 0.8625048
546 0.2974163
547 0.2373984
548 0.7171548
549 0.8754551
550 0.96113
551 0.8799874
552 0.9984744
553 0.1777783
554 0.7460678
555 0.6740081
556 0.8975554
557 0.3890785
558 0.9879873
559 0.5999039
560 0.2696475
561 0.167985
562 0.02130253
563 0.9012784
564 0.1561291
565 0.8075134
566 0.2624043
567 0.248847
568 0.9639861
569 0.9377965
570 0.05556645
571 0.09753756
572 0.5554908
573 0.1710823
574 0.1270548
575 0.5134173
576 0.2989923
577 0.0001002384
578 0.3761848
579 0.2952141
580 0.6384646
581 0.1705105
582 0.8124801
583 0.4028488
584 0.1971534
585 0.120063
586 0.1234019
587 0.17392
588 0.2654973
589 0.8577037
590 0.1613719
591 0.4333001
592 0.7367891
593 0.5161245
594 0.9598682
595 0.654257
596 0.3385892
597 0.3314031
598 0.6963766
599 0.6164458
600 0.4217516
601 0.395068
602 0.9983731
603 0.03154494
604 0.05121839
605 0.8949992
606 0.3681285
607 0.6980827
608 0.7814782
609 0.3175571
610 0.871646
611 0.4144278
612 0.3124087
613 0.6189202
614 0.6629654
615 0.5060684
616 0.348546
617 0.9276304
618 0.09571683
619 0.2214985
620 0.3328536
621 0.3936093
622 0.4996827
623 0.06639706
624 0.2673689
625 0.6290063
626 0.5622248
627 0.8416763
628 0.05006619
629 0.01051113
630 0.2741666
631 0.3262182
632 0.07328525
633 0.04473498
634 0.8642741
635 0.9523507
636 0.4890842
637 0.9577162
638 0.7732152
639 0.3778075
640 0.3598531
641 0.9557815
642 0.1204604
643 0.1561756
644 0.7297085
645 0.1383652
646 0.5418195
647 0.5816776
648 0.1978162
649 0.5878081
650 0.8871133
651 0.1733857
652 0.09910418
653 0.2971886
654 0.5689251
655 0.05433202
656 0.7396614
657 0.8156145
658 0.08426078
659 0.2505835
660 0.0502383
661 0.9931869
662 0.0314585
663 0.6999993
664 0.6185746
665 0.1562392
666 0.8560064
667 0.554183
668 0.639358
669 0.3044781
670 0.3375039
671 0.3660653
672 0.6607978
673 0.07054906
674 0.8990096
675 0.3711893
676 0.9445122
677 0.3790599
678 0.2971113
679 0.7626876
680 0.9318005
681 0.8303245
682 0.8527428
683 0.2946831
684 0.124873
685 0.03037899
686 0.9980125
687 0.8993621
688 0.5156534
689 0.2910409
690 0.08331841
691 0.4655514
692 0.5701495
693 0.4783256
694 0.7226403
695 0.1760249
696 0.6002113
697 0.6742371
698 0.1845026
699 0.7393983
700 0.3245421
701 0.2012304
702 0.8679864
703 0.2712599
704 0.6180102
705 0.7861349
706 0.1490664
707 0.6929992
708 0.7829785
709 0.04679273
710 0.1568239
711 0.3393962
712 0.3244448
713 0.03377256
714 0.2644821
715 0.4500858
716 0.6753958
717 0.9937896
718 0.805286
719 0.03222363
720 0.4763366
721 0.1067909
722 0.9044406
723 0.1082083
724 0.9413488
725 0.02646542
726 0.08324576
727 0.1391324
728 0.5629515
729 0.05812776
730 0.7335176
731 0.66127
732 0.3583794
733 0.4705023
734 0.08949601
735 0.5628684
736 0.2353283
737 0.04918122
738 0.2540331
739 0.4367966
740 0.2593135
741 0.03448673
742 0.336274
743 0.04564824
744 0.06371715
745 0.518572
746 0.4155174
747 0.5566204
748 0.6601885
749 0.4017375
750 0.1686109
751 0.7571725
752 0.8642461
753 0.4809022
754 0.7526587
755 0.8892191
756 0.2924864
757 0.3786136
758 0.2082592
759 0.2189442
760 0.3477896
761 0.4475651
762 0.8236936
763 0.4790768
764 0.1577212
765 0.6704747
766 0.01502882
767 0.9049136
768 0.9087201
769 0.7998942
770 0.3500877
771 0.9944964
772 0.2639766
773 0.8400383
774 0.2399306
775 0.09339759
776 0.07404281
777 0.8983101
778 0.3485437
779 0.06098347
780 0.3062949
781 0.5655396
782 0.4886811
783 0.3353916
784 0.1256662
785 0.3748612
786 0.03016512
787 0.3949926
788 0.3447524
789 0.6792173
790 0.3378802
791 0.0179305
792 0.2758772
793 0.09218975
794 0.5721389
795 0.7312592
796 0.9395232
797 0.996513
798 0.8580894
799 0.2146435
800 0.1667033
801 0.2208119
802 0.5908696
803 0.431976
804 0.7307649
805 0.2501956
806 0.2354666
807 0.5259529
808 0.629125
809 0.1563078
810 0.8097423
811 0.3203719
812 0.6911611
813 0.5630613
814 0.6883434
815 0.3347635
816 0.1112976
817 0.7395346
818 0.04172867
819 0.07153409
820 0.2873661
821 0.3504797
822 0.1569357
823 0.5564743
824 0.4459356
825 0.8491298
826 0.5834104
827 0.1097122
828 0.1391562
829 0.8447057
830 0.6314978
831 0.9272263
832 0.2065272
833 0.8891799
834 0.2093917
835 0.05657932
836 0.5482839
837 0.3263285
838 0.2092605
839 0.3168536
840 0.6348756
841 0.4266319
842 0.5786891
843 0.6043229
844 0.8535972
845 0.1078305
846 0.2300942
847 0.2704935
848 0.9291598
849 0.2024812
850 0.8773796
851 0.4331747
852 0.199394
853 0.2453384
854 0.2593106
855 0.6477191
856 0.5246431
857 0.6205915
858 0.5944093
859 0.5767853
860 0.7343407
861 0.1791435
862 0.07480255
863 0.1160481
864 0.6614883
865 0.3465752
866 0.4992184
867 0.4155126
868 0.4482196
869 0.5180315
870 0.4425239
871 0.7432914
872 0.3936147
873 0.9276685
874 0.3651673
875 0.2433598
876 0.5010904
877 0.2389378
878 0.3491564
879 0.6934046
880 0.3897461
881 0.6953246
882 0.7430277
883 0.2713544
884 0.3530014
885 0.0997713
886 0.9188092
887 0.09369934
888 0.3070485
889 0.5533343
890 0.05823132
891 0.280734
892 0.1443091
893 0.01080475
894 0.8173921
895 0.2728886
896 0.07588326
897 0.487659
898 0.01292641
899 0.1244767
900 0.3030791
901 0.1018959
902 0.2998632
903 0.610953
904 0.9379867
905 0.2681384
906 0.4041948
907 0.04705642
908 0.0905861
909 0.496577
910 0.191663
911 0.09835337
912 0.712052
913 0.8137648
914 0.7929983
915 0.2167906
916 0.5974903
917 0.5945638
918 0.3782535
919 0.1166202
920 0.181622
921 0.8555597
922 0.9439741
923 0.6973778
924 0.871017
925 0.9476788
926 0.01210762
927 0.005325931
928 0.05932355
929 0.1496407
930 0.6921688
931 0.4020077
932 0.3184559
933 0.1648412
934 0.0858359
935 0.02923206
936 0.1689026
937 0.9551258
938 0.007545324
939 0.8672421
940 0.3935854
941 0.2966011
942 0.2931924
943 0.2393943
944 0.7311346
945 0.4685703
946 0.5663454
947 0.8440146
948 0.3465124
949 0.7926646
950 0.9784267
951 0.03323407
952 0.03392642
953 0.8517527
954 0.9814251
955 0.3313978
956 0.6902681
957 0.09587716
958 0.5794721
959 0.1580142
960 0.4954494
961 0.431813
962 0.06754488
963 0.2094985
964 0.426983
965 0.1240786
966 0.1155978
967 0.1942622
968 0.59956
969 0.7185999
970 0.9295751
971 0.6028717
972 0.02969788
973 0.9377405
974 0.6087752
975 0.2448682
976 0.3137544
977 0.6627397
978 0.1860994
979 0.4994695
980 0.137343
981 0.4643243
982 0.1624596
983 0.2668131
984 0.3434157
985 0.6119394
986 0.1772198
987 0.1074065
988 0.07674966
989 0.8128105
990 0.7697637
991 0.8851142
992 0.007184277
993 0.3922436
994 0.348425
995 0.2842861
996 0.292255
997 0.3079831
998 0.2123792
999 0.7575796
1000 0.4306787
1001 0.7326967
1002 0.9301345
1003 0.09709754
1004 0.04688214
1005 0.0773295
1006 0.06191936
1007 0.5132718
1008 0.4615861
1009 0.8499102
1010 0.4959601
1011 0.7665347
1012 0.06248476
1013 0.03700647
1014 0.04042864
1015 0.9056349
1016 0.01440624
1017 0.2606442
1018 0.04781311
1019 0.1614877
1020 0.07889418
1021 0.2606085
1022 0.6276244
1023 0.1087597
1024 0.07719853
1025 0.2468497
1026 0.0176944
1027 0.3807073
1028 0.1938878
1029 0.03109027
1030 0.4109951
1031 0.9378747
1032 0.1111238
1033 0.004242557
1034 0.293157
1035 0.5672615
1036 0.8624685
1037 0.1349547
1038 0.4022503
1039 0.5002706
1040 0.2021584
1041 0.9056578
1042 0.2780378
1043 0.3274632
1044 0.2668299
1045 0.6278502
1046 0.3646994
1047 0.9760977
1048 0.8090944
1049 0.07593659
1050 0.6203353
1051 0.2754631
1052 0.9826739
1053 0.4766644
1054 0.04012554
1055 0.1965192
1056 0.2005303
1057 0.2308546
1058 0.6560562
1059 0.6529479
1060 0.4685884
1061 0.2158669
1062 0.2130317
1063 0.9463754
1064 0.1977688
1065 0.2264896
1066 0.8223317
1067 0.7018307
1068 0.7503511
1069 0.1550425
1070 0.027003
1071 0.8173193
1072 0.4947377
1073 0.2016118
1074 0.1317951
1075 0.3927766
1076 0.4754241
1077 0.6126148
1078 0.4738893
1079 0.1814047
1080 0.01662222
1081 0.2730402
1082 0.6016731
1083 0.2749333
1084 0.1011026
1085 0.2363394
1086 0.4492486
1087 0.6865096
1088 0.3534736
1089 0.2359506
1090 0.3727209
1091 0.3104381
1092 0.8661657
1093 0.06245086
1094 0.3826211
1095 0.8600652
1096 0.1898708
1097 0.3296279
1098 0.8276147
1099 0.6864988
1100 0.2410955
1101 0.01308953
1102 0.6106712
1103 0.4114058
1104 0.314851
1105 0.1937007
1106 0.1529342
1107 0.2092155
1108 0.5471995
1109 0.1453542
1110 0.05542117
1111 0.3573456
1112 0.1609014
1113 0.4852606
1114 0.17578
1115 0.3642871
1116 0.823681
1117 0.07536289
1118 0.380738
1119 0.08430991
1120 0.3121754
1121 0.01167648
1122 0.02156621
1123 0.6145432
1124 0.5287092
1125 0.707099
1126 0.9173974
1127 0.167319
1128 0.4374874
1129 0.04920882
1130 0.4032733
1131 0.2756728
1132 0.1598511
1133 0.1202869
1134 0.1759277
1135 0.2985253
1136 0.2912817
1137 0.1527476
1138 0.9440399
1139 0.08914376
1140 0.8592742
1141 0.8860104
1142 0.8878078
1143 0.1395725
1144 0.08803079
1145 0.652261
1146 0.2954816
1147 0.4791597
1148 0.2002208
1149 0.0466448
1150 0.7424301
1151 0.5328815
1152 0.4760169
1153 0.9770469
1154 0.7758202
1155 0.6832587
1156 0.111317
1157 0.2417525
1158 0.6804611
1159 0.006631132
1160 0.9477129
1161 0.3928327
1162 0.9552083
1163 0.3644557
1164 0.1160221
1165 0.9470077
1166 0.1631243
1167 0.8943765
1168 0.9921304
1169 0.3028975
1170 0.2694187
1171 0.6258568
1172 0.2611054
1173 0.1739547
1174 0.2830403
1175 0.2698803
1176 0.2404664
1177 0.08908333
1178 0.6213831
1179 0.7880415
1180 0.4832269
1181 0.8082637
1182 0.4177343
1183 0.2009299
1184 0.4349178
1185 0.5631213
1186 0.03494504
1187 0.8747714
1188 0.5356403
1189 0.07860246
1190 0.2702018
1191 0.2213321
1192 0.563391
1193 0.3650793
1194 0.4845971
1195 0.3157037
1196 0.7695754
1197 0.4165634
1198 0.2953517
1199 0.7414443
1200 0.848156
1201 0.9285021
1202 0.2638232
1203 0.1219143
1204 0.9043922
1205 0.08710422
1206 0.513758
1207 0.9251567
1208 0.9227842
1209 0.5731721
1210 0.162607
1211 0.0256819
1212 0.06870233
1213 0.3751238
1214 0.9240158
1215 0.7840654
1216 0.2544511
1217 0.477956
1218 0.1853758
1219 0.2144629
1220 0.2851031
1221 0.2066314
1222 0.05084628
1223 0.2388241
1224 0.6905655
1225 0.1009256
1226 0.7186411
1227 0.267581
1228 0.4744143
1229 0.4748958
1230 0.346086
1231 0.1557474
1232 0.1966699
1233 0.1813547
1234 0.7449453
1235 0.4271234
1236 0.1670733
1237 0.2467611
1238 0.06759077
1239 0.03884586
1240 0.4583474
1241 0.2290936
1242 0.03833349
1243 0.01525077
1244 0.07681765
1245 0.6856265
1246 0.6550733
1247 0.02581723
1248 0.1037119
1249 0.3188427
1250 0.9886292
1251 0.1639182
1252 0.02710791
1253 0.1892683
1254 0.6204581
1255 0.4578899
1256 0.1901383
1257 0.9177834
1258 0.2736334
1259 0.4047865
1260 0.3656426
1261 0.9580338
1262 0.2589041
1263 0.3739867
1264 0.01397203
1265 0.3394977
1266 0.2015192
1267 0.006760767
1268 0.04975522
1269 0.7197824
1270 0.02255067
1271 0.4604602
1272 0.2010422
1273 0.450108
1274 0.5812723
1275 0.8406562
1276 0.1781772
1277 0.6137713
1278 0.4027434
1279 0.74876
1280 0.4739564
1281 0.1358378
1282 0.3140314
1283 0.1307865
1284 0.05905153
1285 0.06598285
1286 0.002942438
1287 0.06264813
1288 0.2522199
1289 0.1323758
1290 0.5476252
1291 0.3313865
1292 0.1015284
1293 0.06691077
1294 0.130433
1295 0.162895
1296 0.3366678
1297 0.6379918
1298 0.7083492
1299 0.7324745
1300 0.8585621
1301 0.2878615
1302 0.05967536
1303 0.3637019
1304 0.4936798
1305 0.9962787
1306 0.01965624
1307 0.6637052
1308 0.1347177
1309 0.9011308
1310 0.9415816
1311 0.2319282
1312 0.3557326
1313 0.28238
1314 0.2635858
1315 0.798101
1316 0.3096581
1317 0.5553046
1318 0.183089
1319 0.09461315
1320 0.3739918
1321 0.7273186
1322 0.00654246
1323 0.003683009
1324 0.9360165
1325 0.4139827
1326 0.04265818
1327 0.7965356
1328 0.126062
1329 0.5238063
1330 0.1289479
1331 0.299691
1332 0.5451488
1333 0.01222597
1334 0.01250661
1335 0.02546669
1336 0.6814601
1337 0.9992758
1338 0.03807097
1339 0.2894872
1340 0.9259157
1341 0.8175558
1342 0.8846044
1343 0.6401482
1344 0.3111472
1345 0.8061325
1346 0.7613593
1347 0.0442073
1348 0.08455457
1349 0.1680929
1350 0.1100306
1351 0.1861033
1352 0.6560417
1353 0.4303415
1354 0.3039619
1355 0.1355824
1356 0.7936482
1357 0.8437131
1358 0.4929131
1359 0.4151869
1360 0.09533333
1361 0.6860225
1362 0.7162608
1363 0.3493992
1364 0.1550501
1365 0.02453733
1366 0.08992174
1367 0.7795861
1368 0.4093648
1369 0.09998922
1370 0.1456367
1371 0.6690958
1372 0.4637936
1373 0.9682315
1374 0.9449336
1375 0.2167367
1376 0.4151674
1377 0.2260413
1378 0.4993018
1379 0.1001753
1380 0.5359263
1381 0.03501667
1382 0.2714262
1383 0.1613652
1384 0.1399817
1385 0.04684298
1386 0.275252
1387 0.3185587
1388 0.6640252
1389 0.7134042
1390 0.2421906
1391 0.261702
1392 0.4893314
1393 0.2017481
1394 0.6246183
1395 0.1757143
1396 0.900782
1397 0.4164073
1398 0.9249256
1399 0.8495133
1400 0.03714688
1401 0.08848145
1402 0.5691404
1403 0.02965395
1404 0.03679881
1405 0.344896
1406 0.0324704
1407 0.1812084
1408 0.7885781
1409 0.1045876
1410 0.4479035
1411 0.3966842
1412 0.07956491
1413 0.65507
1414 0.09003733
1415 0.5666011
1416 0.1997881
1417 0.5996241
1418 0.1916852
1419 0.101863
1420 0.8071893
1421 0.2710899
1422 0.3843829
1423 0.8363109
1424 0.005978529
1425 0.6936338
1426 0.4618868
1427 0.5410054
1428 0.3563763
1429 0.1122326
1430 0.1746537
1431 0.2078346
1432 0.5551029
1433 0.3280961
1434 0.3789135
1435 0.08724607
1436 0.2264758
1437 0.6249095
1438 0.2492373
1439 0.6175592
1440 0.827632
1441 0.2978397
1442 0.04031289
1443 0.6712106
1444 0.09062616
1445 0.9214013
1446 0.2635217
1447 0.1985552
1448 0.1044894
1449 0.6087741
1450 0.4275368
1451 0.5811753
1452 0.04586104
1453 0.5710212
1454 0.6113514
1455 0.03593981
1456 0.4768493
1457 0.1647303
1458 0.7989284
1459 0.3769385
1460 0.5110397
1461 0.4052541
1462 0.9613071
1463 0.6560991
1464 0.7521711
1465 0.4877752
1466 0.3522541
1467 0.7472711
1468 0.7031631
1469 0.1948515
1470 0.2412717
1471 0.1759293
1472 0.1225114
1473 0.9339541
1474 0.8140385
1475 0.2845985
1476 0.1598503
1477 0.2686486
1478 0.8170187
1479 0.9753128
1480 0.7223627
1481 0.5803866
1482 0.5247053
1483 0.5253975
1484 0.1179618
1485 0.1064425
1486 0.4940965
1487 0.7290459
1488 0.2908285
1489 0.9483156
1490 0.05740678
1491 0.8907357
1492 0.877254
1493 0.7635546
1494 0.7002435
1495 0.271612
1496 0.1370225
1497 0.4853601
1498 0.422435
1499 0.5368245
1500 0.9786312
1501 0.3046446
1502 0.6045387
1503 0.1790055
1504 0.8149951
1505 0.7160179
1506 0.2756321
1507 0.3180798
1508 0.1076352
1509 0.3287034
1510 0.8021922
1511 0.1376586
1512 0.1283676
1513 0.5667015
1514 0.5978824
1515 0.208675
1516 0.2718727
1517 0.2379885
1518 0.8246132
1519 0.4502429
1520 0.1086005
1521 0.5839806
1522 0.06904045
1523 0.682991
1524 0.592455
1525 0.06330022
1526 0.8193182
1527 0.787116
1528 0.5965134
1529 0.03110335
1530 0.03853817
1531 0.2648684
1532 0.00104703
1533 0.2861045
1534 0.2264846
1535 0.2323269
1536 0.2787375
1537 0.02543041
1538 0.06086997
1539 0.8175035
1540 0.6288223
1541 0.2217526
1542 0.1575719
1543 0.08113128
1544 0.5599601
1545 0.5499783
1546 0.2447641
1547 0.03895327
1548 0.1150926
1549 0.361367
1550 0.0282189
1551 0.4378054
1552 0.0335246
1553 0.4781558
1554 0.7155056
1555 0.8382503
1556 0.6243558
1557 0.9368346
1558 0.2435399
1559 0.2790538
1560 0.3392349
1561 0.3696986
1562 0.7977154
1563 0.7777482
1564 0.2820417
1565 0.9066354
1566 0.1528546
1567 0.03312347
1568 0.05523369
1569 0.2510686
1570 0.1264665
1571 0.3971108
1572 0.03657258
1573 0.5049551
1574 0.9081343
1575 0.2886069
1576 0.2838333
1577 0.8620691
1578 0.07949033
1579 0.7698304
1580 0.5926282
1581 0.4240121
1582 0.6101297
1583 0.7805411
1584 0.6467874
1585 0.4611609
1586 0.592334
1587 0.2645714
1588 0.00859747
1589 0.6479659
1590 0.3577347
1591 0.02530648
1592 0.04766228
1593 0.884095
1594 0.8714699
1595 0.1867465
1596 0.7068555
1597 0.4558413
1598 0.5663403
1599 0.734506
1600 0.7659643
1601 0.2379975
1602 0.1219358
1603 0.8726556
1604 0.005271865
1605 0.7203246
1606 0.5505135
1607 0.2291391
1608 0.6813892
1609 0.2763528
1610 0.6848
1611 0.9597997
1612 0.1353448
1613 0.3133012
1614 0.5838086
1615 0.5691044
1616 0.03929342
1617 0.3070782
1618 0.4763092
1619 0.8681895
1620 0.1416584
1621 0.9576259
1622 0.1912624
1623 0.5121993
1624 0.2861462
1625 0.8558382
1626 0.288925
1627 0.2161189
1628 0.2633746
1629 0.5314651
1630 0.1206766
1631 0.5905287
1632 0.2281342
1633 0.2333832
1634 0.08741148
1635 0.4571321
1636 0.3278819
1637 0.5520615
1638 0.1094687
1639 0.3470139
1640 0.04148588
1641 0.9587455
1642 0.3749595
1643 0.0979962
1644 0.742203
1645 0.4731017
1646 0.3288654
1647 0.2969065
1648 0.726748
1649 0.5157121
1650 0.09179763
1651 0.1266283
1652 0.5413916
1653 0.1401606
1654 0.9217784
1655 0.3071264
1656 0.8861218
1657 0.2060419
1658 0.9579301
1659 0.6758991
1660 0.4728007
1661 0.7171932
1662 0.4945185
1663 0.1482232
1664 0.7585465
1665 0.7482638
1666 0.8065684
1667 0.6085252
1668 0.1221774
1669 0.5048473
1670 0.388985
1671 0.2541704
1672 0.01317406
1673 0.01102535
1674 0.963739
1675 0.30643
1676 0.9161689
1677 0.3167595
1678 0.7514593
1679 0.7509448
1680 0.04482391
1681 0.1313452
1682 0.7318944
1683 0.01176046
1684 0.1766753
1685 0.5492676
1686 0.2374562
1687 0.3756175
1688 0.7743381
1689 0.5504832
1690 0.1572991
1691 0.35617
1692 0.5119407
1693 0.1320839
1694 0.2343983
1695 0.7519474
1696 0.3644451
1697 0.06655953
1698 0.7676192
1699 0.288152
1700 0.5290956
1701 0.4367444
1702 0.1835757
1703 0.1551596
1704 0.4566488
1705 0.1899231
1706 0.2045597
1707 0.9367396
1708 0.236299
1709 0.4991644
1710 0.08083435
1711 0.999739
1712 0.02899514
1713 0.6017817
1714 0.7146521
1715 0.9184677
1716 0.1253112
1717 0.5688085
1718 0.595832
1719 0.7290114
1720 0.3894168
1721 0.01623431
1722 0.9568511
1723 0.4238129
1724 0.07301922
1725 0.5002613
1726 0.02401305
1727 0.6488892
1728 0.1416567
1729 0.479644
1730 0.5590844
1731 0.5264209
1732 0.6940814
1733 0.6134742
1734 0.2015329
1735 0.6764573
1736 0.2107885
1737 0.9316765
1738 0.8602768
1739 0.1265482
1740 0.8966899
1741 0.3698721
1742 0.6337588
1743 0.6203794
1744 0.605613
1745 0.2244349
1746 0.0913848
1747 0.2708537
1748 0.1463993
1749 0.2623371
1750 0.1680809
1751 0.2610144
1752 0.6555557
1753 0.1030953
1754 0.9421285
1755 0.5766775
1756 0.3018926
1757 0.8629237
1758 0.5197847
1759 0.9090157
1760 0.5336519
1761 0.1322953
1762 0.2271705
1763 0.3701119
1764 0.2693967
1765 0.2139461
1766 0.789032
1767 0.1622531
1768 0.3597607
1769 0.01385626
1770 0.9955032
1771 0.5184468
1772 0.2048395
1773 0.7667018
1774 0.1857551
1775 0.8268401
1776 0.215701
1777 0.8467191
1778 0.4463411
1779 0.363072
1780 0.2474792
1781 0.2757673
1782 0.1509701
1783 0.5100244
1784 0.6460544
1785 0.3415546
1786 0.8784285
1787 0.6981431
1788 0.2974018
1789 0.289353
1790 0.7736645
1791 0.06038204
1792 0.3807858
1793 0.8779962
1794 0.3096815
1795 0.6408262
1796 0.2713484
1797 0.8306303
1798 0.6210714
1799 0.1292295
1800 0.8847902
1801 0.01803793
1802 0.05555261
1803 0.8472445
1804 0.805372
1805 0.2020999
1806 0.5350656
1807 0.574842
1808 0.06779317
1809 0.3660259
1810 0.5505627
1811 0.2504622
1812 0.5763947
1813 0.481535
1814 0.7327837
1815 0.7011999
1816 0.3658201
1817 0.1176793
1818 0.7315304
1819 0.5099082
1820 0.8986867
1821 0.4271467
1822 0.3608038
1823 0.794102
1824 0.5486432
1825 0.0983832
1826 0.3164936
1827 0.7531786
1828 0.8882087
1829 0.5580468
1830 0.1745608
1831 0.2651056
1832 0.1194393
1833 0.6543334
1834 0.6391426
1835 0.6769947
1836 0.1257625
1837 0.2046404
1838 0.9520737
1839 0.07438931
1840 0.630142
1841 0.1012479
1842 0.07975149
1843 0.3007434
1844 0.06001487
1845 0.2568584
1846 0.6505825
1847 0.864637
1848 0.5495682
1849 0.09145469
1850 0.3984343
1851 0.1142562
1852 0.3581456
1853 0.640169
1854 0.3450717
1855 0.4079702
1856 0.3149029
1857 0.3340292
1858 0.3668659
1859 0.2678059
1860 0.08302632
1861 0.3239974
1862 0.07132809
1863 0.8839904
1864 0.49199
1865 0.5746129
1866 0.03523126
1867 0.2940707
1868 0.4029091
1869 0.08760735
1870 0.5222173
1871 0.2563737
1872 0.1406772
1873 0.5723419
1874 0.1497852
1875 0.5159566
1876 0.3881462
1877 0.5245341
1878 0.3030576
1879 0.353244
1880 0.06420211
1881 0.8119369
1882 0.6002611
1883 0.3400975
1884 0.6772321
1885 0.8247538
1886 0.2920035
1887 0.06367113
1888 0.9959759
1889 0.4721374
1890 0.9397575
1891 0.6146883
1892 0.2234846
1893 0.3327462
1894 0.7547579
1895 0.2706806
1896 0.03007185
1897 0.3807541
1898 0.278681
1899 0.5097858
1900 0.4895691
1901 0.522504
1902 0.7536648
1903 0.6665167
1904 0.0914172
1905 0.2647121
1906 0.1046404
1907 0.4618619
1908 0.1377283
1909 0.02743319
1910 0.3753487
1911 0.2634746
1912 0.8269711
1913 0.1009911
1914 0.4458661
1915 0.7001019
1916 0.4661345
1917 0.5095241
1918 0.618767
1919 0.373633
1920 0.3925741
1921 0.2847885
1922 0.100452
1923 0.4870555
1924 0.9024271
1925 0.001470832
1926 0.3439282
1927 0.6793059
1928 0.1817296
1929 0.8386258
1930 0.04469803
1931 0.08413405
1932 0.8076956
1933 0.1245365
1934 0.2518052
1935 0.5255636
1936 0.7036826
1937 0.2009893
1938 0.3679606
1939 0.5822533
1940 0.6315124
1941 0.7775158
1942 0.339317
1943 0.6663678
1944 0.2175771
1945 0.2039907
1946 0.1850813
1947 0.2937295
1948 0.1446914
1949 0.4172233
1950 0.6030117
1951 0.324131
1952 0.7330485
1953 0.8473309
1954 0.2284142
1955 0.6846518
1956 0.5622575
1957 0.801205
1958 0.7760332
1959 0.4920648
1960 0.4467148
1961 0.8498274
1962 0.6634764
1963 0.2562231
1964 0.2194242
1965 0.5390273
1966 0.2589888
1967 0.7297739
1968 0.5014218
1969 0.3785341
1970 0.04601704
1971 0.5996374
1972 0.01971482
1973 0.6465007
1974 0.9644549
1975 0.5570755
1976 0.2505015
1977 0.02952241
1978 0.2492637
1979 0.4986473
1980 0.6381735
1981 0.7396513
1982 0.4201271
1983 0.3231793
1984 0.3306364
1985 0.8758792
1986 0.4224284
1987 0.9408126
1988 0.1283597
1989 0.6179452
1990 0.6844821
1991 0.2773518
1992 0.02018135
1993 0.1264964
1994 0.502451
1995 0.7461784
1996 0.3196671
1997 0.7896326
1998 0.6618553
1999 0.03388759
2000 0.8881277
2001 0.8124563
2002 0.3603276
2003 0.90674
2004 0.1085497
2005 0.2321551
2006 0.5144579
2007 0.01196956
2008 0.003127598
2009 0.6267354
2010 0.5764093
2011 0.965952
2012 0.3238663
2013 0.8058307
2014 0.56849
2015 0.3903701
2016 0.01782373
2017 0.7659445
2018 0.04781651
2019 0.3886143
2020 0.8985068
2021 0.5908687
2022 0.5953074
2023 0.2071695
2024 0.507817
2025 0.4395525
2026 0.6312761
2027 0.145432
2028 0.7715399
2029 0.8475157
2030 0.0112437
2031 0.09527557
2032 0.3940212
2033 0.5242016
2034 0.156719
2035 0.2564434
2036 0.01661332
2037 0.2936772
2038 0.8562016
2039 0.2190038
2040 0.67578
2041 0.06872986
2042 0.1088602
2043 0.6210655
2044 0.5079972
2045 0.1504461
2046 0.008839401
2047 0.2909118
2048 0.9092479
2049 0.2153055
2050 0.329432
2051 0.6415184
2052 0.6816704
2053 0.08089402
2054 0.5776509
2055 0.5162566
2056 0.002930178
2057 0.7649364
2058 0.5193461
2059 0.459594
2060 0.1259622
2061 0.7428626
2062 0.04882855
2063 0.5071808
2064 0.3179968
2065 0.5093238
2066 0.0674792
2067 0.03205109
2068 0.5166263
2069 0.1524192
2070 0.4238421
2071 0.2672456
2072 0.6007654
2073 0.7702602
2074 0.2345702
2075 0.3388619
2076 0.3952734
2077 0.06552636
2078 0.3598433
2079 0.9417667
2080 0.6568635
2081 0.03479522
2082 0.4049428
2083 0.7141968
2084 0.7171106
2085 0.2627131
2086 0.9029014
2087 0.2368298
2088 0.1046018
2089 0.9221033
2090 0.0489745
2091 0.2990983
2092 0.8853219
2093 0.7054998
2094 0.7620204
2095 0.233006
2096 0.9559119
2097 0.7783037
2098 0.2729521
2099 0.507757
2100 0.8073029
2101 0.2449664
2102 0.09002248
2103 0.9003258
2104 0.09291822
2105 0.3358135
2106 0.9064468
2107 0.3944537
2108 0.5352642
2109 0.1292134
2110 0.04419525
2111 0.9544723
2112 0.750983
2113 0.40358
2114 0.2379386
2115 0.087952
2116 0.9056591
2117 0.955663
2118 0.1931223
2119 0.846182
2120 0.4754261
2121 0.5179372
2122 0.558683
2123 0.5708053
2124 0.01469024
2125 0.6601282
2126 0.2639738
2127 0.05642147
2128 0.5330339
2129 0.7978434
2130 0.4651905
2131 0.02917823
2132 0.8498259
2133 0.7191149
2134 0.09258702
2135 0.3356123
2136 0.6857919
2137 0.7510285
2138 0.9149277
2139 0.1013647
2140 0.3879269
2141 0.1086551
2142 0.3931972
2143 0.7238455
2144 0.1831926
2145 0.3246004
2146 0.2765025
2147 0.115508
2148 0.8638114
2149 0.1831556
2150 0.516916
2151 0.01869207
2152 0.324995
2153 0.504316
2154 0.8588689
2155 0.07836311
2156 0.1580965
2157 0.4440587
2158 0.2740108
2159 0.4304472
2160 0.2552058
2161 0.4167891
2162 0.4921835
2163 0.1865303
2164 0.2671625
2165 0.7275231
2166 0.05071336
2167 0.3527666
2168 0.7695689
2169 0.2346949
2170 0.04699356
2171 0.7670745
2172 0.7393208
2173 0.8168923
2174 0.2144557
2175 0.4936188
2176 0.9729982
2177 0.2207606
2178 0.05259743
2179 0.08473472
2180 0.4684842
2181 0.1419183
2182 0.3540407
2183 0.493053
2184 0.2352835
2185 0.3365128
2186 0.8308599
2187 0.2429922
2188 0.5296226
2189 0.3773026
2190 0.5432116
2191 0.1105005
2192 0.831185
2193 0.5370229
2194 0.2798401
2195 0.6277474
2196 0.481064
2197 0.5615945
2198 0.6526646
2199 0.732847
2200 0.8932978
2201 0.8866182
2202 0.1784696
2203 0.05685456
2204 0.5879309
2205 0.3021403
2206 0.9243105
2207 0.6737067
2208 0.8032493
2209 0.2061538
2210 0.899737
2211 0.5798186
2212 0.4425625
2213 0.380778
2214 0.1905854
2215 0.5209373
2216 0.8138843
2217 0.7909007
2218 0.1622139
2219 0.4345666
2220 0.3108929
2221 0.1440191
2222 0.944731
2223 0.5621275
2224 0.882215
2225 0.22695
2226 0.4972176
2227 0.07462983
2228 0.209145
2229 0.8093112
2230 0.1684442
2231 0.8753563
2232 0.7483505
2233 0.4481056
2234 0.6797736
2235 0.1794597
2236 0.3801299
2237 0.4783715
2238 0.3554795
2239 0.2683639
2240 0.1082495
2241 0.7755048
2242 0.03224075
2243 0.3122383
2244 0.2320914
2245 0.0211348
2246 0.4579298
2247 0.5175382
2248 0.1569416
2249 0.9306729
2250 0.4392511
2251 0.7339651
2252 0.2574921
2253 0.6849961
2254 0.3928932
2255 0.9985328
2256 0.3791193
2257 0.9905
2258 0.03950572
2259 0.2780778
2260 0.1847351
2261 0.8600505
2262 0.03884505
2263 0.9562936
2264 0.4431544
2265 0.2470058
2266 0.07931323
2267 0.08291689
2268 0.5011725
2269 0.1234463
2270 0.9311702
2271 0.8107166
2272 0.3543982
2273 0.3322625
2274 0.01804433
2275 0.5953461
2276 0.5592899
2277 0.01046041
2278 0.2638555
2279 0.2630101
2280 0.1300836
2281 0.8439952
2282 0.1048795
2283 0.630913
2284 0.1812429
2285 0.3863403
2286 0.4749334
2287 0.6925801
2288 0.05856687
2289 0.6034933
2290 0.5289682
2291 0.8537523
2292 0.2675426
2293 0.2608693
2294 0.5986231
2295 0.1240051
2296 0.04782981
2297 0.8291361
2298 0.250231
2299 0.06412419
2300 0.8086758
2301 0.8484828
2302 0.1613244
2303 0.335469
2304 0.21634
2305 0.2500061
2306 0.1238724
2307 0.01656825
2308 0.7405357
2309 0.02253006
2310 0.7477989
2311 0.2735868
2312 0.4117153
2313 0.2490794
2314 0.3291165
2315 0.2900601
2316 0.9581405
2317 0.4082571
2318 0.4250436
2319 0.3174947
2320 0.6852354
2321 0.9246644
2322 0.4000597
2323 0.6094948
2324 0.03350773
2325 0.5827791
2326 0.4063059
2327 0.9060433
2328 0.7407211
2329 0.5771601
2330 0.04945456
2331 0.2748231
2332 0.3566219
2333 0.4540573
2334 0.2746006
2335 0.6690589
2336 0.07100586
2337 0.6309584
2338 0.07941632
2339 0.3532001
2340 0.2245562
2341 0.02445627
2342 0.1299002
2343 0.8494428
2344 0.9639027
2345 0.7177133
2346 0.01443171
2347 0.4065607
2348 0.8506195
2349 0.9261843
2350 0.5224115
2351 0.5993091
2352 0.9883931
2353 0.9463013
2354 0.3227755
2355 0.3842687
2356 0.718401
2357 0.4609172
2358 0.6805689
2359 0.8849714
2360 0.3710443
2361 0.9117621
2362 0.07229656
2363 0.5452356
2364 0.283185
2365 0.9501508
2366 0.4790761
2367 0.5635861
2368 0.2301011
2369 0.4341374
2370 0.615816
2371 0.1027822
2372 0.4965625
2373 0.5817123
2374 0.4243087
2375 0.3193758
2376 0.3205518
2377 0.07647474
2378 0.4751487
2379 0.05360395
2380 0.9554241
2381 0.9932799
2382 0.6229696
2383 0.1404867
2384 0.4490164
2385 0.6410029
2386 0.8993953
2387 0.5699168
2388 0.2355356
2389 0.4243732
2390 0.5248327
2391 0.02798592
2392 0.02919029
2393 0.1435505
2394 0.4378472
2395 0.6451168
2396 0.4049113
2397 0.4683597
2398 0.08622894
2399 0.9120135
2400 0.03901546
2401 0.9511663
2402 0.1608404
2403 0.5739925
2404 0.7027839
2405 0.6112408
2406 0.9338035
2407 0.9779841
2408 0.9804515
2409 0.909825
2410 0.1731647
2411 0.560603
2412 0.5265741
2413 0.7375535
2414 0.4985475
2415 0.6376487
2416 0.07232714
2417 0.1723055
2418 0.4688996
2419 0.6161986
2420 0.7481574
2421 0.7849676
2422 0.2339457
2423 0.4587235
2424 0.3852972
2425 0.4717051
2426 0.9947512
2427 0.01220169
2428 0.2035197
2429 0.2947864
2430 0.5594638
2431 0.1161404
2432 0.4230395
2433 0.2642385
2434 0.2444073
2435 0.1654836
2436 0.1114161
2437 0.3570778
2438 0.2494172
2439 0.675648
2440 0.06749383
2441 0.02642113
2442 0.1287087
2443 0.6448315
2444 0.9295818
2445 0.3621788
2446 0.6706972
2447 0.7263991
2448 0.6634879
2449 0.1426732
2450 0.5499729
2451 0.2811783
2452 0.7460775
2453 0.3019081
2454 0.467401
2455 0.3592283
2456 0.3753756
2457 0.377658
2458 0.7102732
2459 0.6492819
2460 0.5185448
2461 0.5870487
2462 0.4460482
2463 0.8796131
2464 0.6029065
2465 0.7691806
2466 0.1178702
2467 0.5201176
2468 0.2011832
2469 0.3685236
2470 0.9867151
2471 0.07486248
2472 0.1346687
2473 0.115756
2474 0.8128658
2475 0.8015613
2476 0.4993934
2477 0.1483953
2478 0.2216284
2479 0.4489089
2480 0.195195
2481 0.8092745
2482 0.006397017
2483 0.2240769
2484 0.4350706
2485 0.3119692
2486 0.6228213
2487 0.8251088
2488 0.3909689
2489 0.6898542
2490 0.6909258
2491 0.183843
2492 0.7776779
2493 0.3509329
2494 0.2989761
2495 0.4304576
2496 0.184412
2497 0.5048213
2498 0.06531063
2499 0.1106254
2500 0.4929605
2501 0.003386348
2502 0.1533488
2503 0.6811535
2504 0.02427808
2505 0.7799456
2506 0.193687
2507 0.2920002
2508 0.6023736
2509 0.5913104
2510 0.3615386
2511 0.973641
2512 0.4237714
2513 0.3394692
2514 0.4506682
2515 0.7599266
2516 0.2112908
2517 0.9792337
2518 0.9627825
2519 0.8214826
2520 0.06747458
2521 0.6541376
2522 0.2981737
2523 0.9552551
2524 0.08712723
2525 0.2106045
2526 0.1092545
2527 0.9954489
2528 0.4960247
2529 0.9225739
2530 0.811444
2531 0.9652144
2532 0.1968457
2533 0.2339731
2534 0.2167845
2535 0.7891094
2536 0.352518
2537 0.5108986
2538 0.1160598
2539 0.2898319
2540 0.2667519
2541 0.7663117
2542 0.7311277
2543 0.4442749
2544 0.1203694
2545 0.1915517
2546 0.3003341
2547 0.3420811
2548 0.5466697
2549 0.1580559
2550 0.08047018
2551 0.7741156
2552 0.1050719
2553 0.3450444
2554 0.2468901
2555 0.009129159
2556 0.2832496
2557 0.7020964
2558 0.5453266
2559 0.8944042
2560 0.08427778
2561 0.244143
2562 0.6453122
2563 0.7233255
2564 0.2038802
2565 0.5339529
2566 0.6165407
2567 0.04329212
2568 0.3127719
2569 0.9524794
2570 0.7396725
2571 0.05038255
2572 0.582252
2573 0.4662623
2574 0.4870994
2575 0.3974515
2576 0.6339688
2577 0.4040769
2578 0.5863523
2579 0.5283232
2580 0.4949283
2581 0.9455996
2582 0.3649145
2583 0.6043214
2584 0.5789376
2585 0.9473224
2586 0.5782735
2587 0.48898
2588 0.03403713
2589 0.6172247
2590 0.1229063
2591 0.6279059
2592 0.9121955
2593 0.2569756
2594 0.1010764
2595 0.9540511
2596 0.4608636
2597 0.8607551
2598 0.2702064
2599 0.029665
2600 0.2443131
2601 0.1998919
2602 0.6274475
2603 0.04514799
2604 0.8194997
2605 0.2275408
2606 0.8622865
2607 0.1747543
2608 0.638137
2609 0.5689597
2610 0.3880865
2611 0.6593069
2612 0.5116048
2613 0.1951058
2614 0.01942615
2615 0.5734663
2616 0.6822189
2617 0.910889
2618 0.1038649
2619 0.05183657
2620 0.5593841
2621 0.115569
2622 0.1340358
2623 0.5398946
2624 0.08165231
2625 0.3679873
2626 0.230858
2627 0.6031558
2628 0.8449761
2629 0.9575167
2630 0.04692845
2631 0.4187419
2632 0.8510028
2633 0.6313018
2634 0.0904859
2635 0.2378719
2636 0.05222836
2637 0.05852974
2638 0.9956133
2639 0.1468232
2640 0.09767179
2641 0.9677793
2642 0.2557322
2643 0.1716697
2644 0.9299554
2645 0.4739249
2646 0.3902495
2647 0.1505338
2648 0.07146937
2649 0.07520417
2650 0.2143847
2651 0.9301314
2652 0.8618405
2653 0.3783343
2654 0.8993388
2655 0.06536092
2656 0.5356906
2657 0.6285642
2658 0.1836076
2659 0.818057
2660 0.2889372
2661 0.1569818
2662 0.9530998
2663 0.02162969
2664 0.826339
2665 0.4796357
2666 0.6182313
2667 0.4187638
2668 0.2890033
2669 0.2894275
2670 0.1980016
2671 0.3348443
2672 0.5790205
2673 0.375668
2674 0.6098262
2675 0.3366657
2676 0.3898331
2677 0.3376376
2678 0.1466897
2679 0.1051246
2680 0.06707494
2681 0.4059635
2682 0.06639889
2683 0.4742473
2684 0.5665231
2685 0.8673201
2686 0.6846302
2687 0.8802883
2688 0.1868238
2689 0.6422596
2690 0.6417932
2691 0.1545423
2692 0.7945505
2693 0.3069592
2694 0.145332
2695 0.6575215
2696 0.9301864
2697 0.2301071
2698 0.2364496
2699 0.5919144
2700 0.1541758
2701 0.5629837
2702 0.01636559
2703 0.2892748
2704 0.3050227
2705 0.3358718
2706 0.464003
2707 0.02942957
2708 0.8984151
2709 0.3357732
2710 0.1979159
2711 0.2928027
2712 0.5692404
2713 0.9375185
2714 0.312281
2715 0.7362526
2716 0.3162155
2717 0.6892733
2718 0.8635231
2719 0.02117004
2720 0.8200419
2721 0.1200208
2722 0.7245941
2723 0.01947257
2724 0.1887179
2725 0.5431847
2726 0.05226262
2727 0.05100599
2728 0.009866207
2729 0.8045644
2730 0.4343572
2731 0.5921068
2732 0.1280432
2733 0.3923844
2734 0.3661047
2735 0.132005
2736 0.8423954
2737 0.7519162
2738 0.448794
2739 0.1767379
2740 0.5246672
2741 0.01571131
2742 0.7393492
2743 0.1965376
2744 0.8864116
2745 0.8733501
2746 0.09954265
2747 0.1091707
2748 0.322004
2749 0.05497103
2750 0.9104827
2751 0.8371469
2752 0.06187868
2753 0.8690786
2754 0.6009743
2755 0.2069671
2756 0.1564864
2757 0.4476717
2758 0.7444043
2759 0.7397717
2760 0.3742822
2761 0.4915068
2762 0.01066715
2763 0.05477
2764 0.8206448
2765 0.03628938
2766 0.5426317
2767 0.5205912
2768 0.840641
2769 0.9435786
2770 0.2472991
2771 0.9034639
2772 0.4015442
2773 0.6514206
2774 0.9025236
2775 0.7583099
2776 0.8918371
2777 0.3488898
2778 0.6772941
2779 0.7354984
2780 0.2905377
2781 0.578483
2782 0.2064161
2783 0.4476345
2784 0.153113
2785 0.5415723
2786 0.4368878
2787 0.9078034
2788 0.8880133
2789 0.905117
2790 0.8601718
2791 0.1028687
2792 0.8724778
2793 0.3428061
2794 0.3252745
2795 0.7486461
2796 0.4262521
2797 0.8112994
2798 0.5495421
2799 0.6326926
2800 0.04384312
2801 0.6757711
2802 0.1097515
2803 0.4040187
2804 0.6414894
2805 0.4844387
2806 0.8532022
2807 0.7154924
2808 0.4768781
2809 0.3049349
2810 0.0104937
2811 0.9825737
2812 0.8832152
2813 0.1724832
2814 0.6457728
2815 0.797638
2816 0.2561886
2817 0.8623897
2818 0.08315665
2819 0.336191
2820 0.1066853
2821 0.6134595
2822 0.1510991
2823 0.4055621
2824 0.02517233
2825 0.3104956
2826 0.1532065
2827 0.4999078
2828 0.7517882
2829 0.2607085
2830 0.04380275
2831 0.2328109
2832 0.7685269
2833 0.1867048
2834 0.5860386
2835 0.7050399
2836 0.6541782
2837 0.5127304
2838 0.05239911
2839 0.980554
2840 0.1463899
2841 0.6804309
2842 0.1536818
2843 0.2995649
2844 0.8623772
2845 0.3978592
2846 0.2211477
2847 0.4929375
2848 0.2581318
2849 0.9744678
2850 0.6766493
2851 0.6105128
2852 0.01726551
2853 0.3964004
2854 0.01507611
2855 0.1307944
2856 0.2652508
2857 0.6895386
2858 0.4505315
2859 0.8762507
2860 0.7061034
2861 0.6427399
2862 0.4546941
2863 0.4764652
2864 0.2621615
2865 0.9004114
2866 0.3218434
2867 0.5174605
2868 0.05064639
2869 0.6151192
2870 0.9851565
2871 0.8047483
2872 0.7711754
2873 0.9269078
2874 0.4354417
2875 0.2158683
2876 0.06386901
2877 0.7349888
2878 0.2738884
2879 0.08202734
2880 0.9285823
2881 0.5586414
2882 0.1648536
2883 0.6289407
2884 0.6034834
2885 0.03564943
2886 0.1587445
2887 0.4218473
2888 0.3975929
2889 0.9208692
2890 0.1473235
2891 0.7921125
2892 0.3611719
2893 0.894064
2894 0.4427045
2895 0.2835063
2896 0.5825373
2897 0.4927109
2898 0.9445387
2899 0.02859629
2900 0.05909483
2901 0.9429803
2902 0.331575
2903 0.1427499
2904 0.9389894
2905 0.8945575
2906 0.4077569
2907 0.4937666
2908 0.5090853
2909 0.5114856
2910 0.9041362
2911 0.9912748
2912 0.8562062
2913 0.03517473
2914 0.3061128
2915 0.804014
2916 0.4095103
2917 0.3203268
2918 0.2966375
2919 0.06239589
2920 0.3498414
2921 0.3076452
2922 0.3164946
2923 0.694981
2924 0.326618
2925 0.1217993
2926 0.8564969
2927 0.8812432
2928 0.1142172
2929 0.1366039
2930 0.7401616
2931 0.2259196
2932 0.5986248
2933 0.6493412
2934 0.0911778
2935 0.9954158
2936 0.6057363
2937 0.4718306
2938 0.2666356
2939 0.3185069
2940 0.609996
2941 0.2154022
2942 0.3084718
2943 0.1410272
2944 0.1181276
2945 0.9874118
2946 0.4393646
2947 0.1902704
2948 0.2731351
2949 0.8244382
2950 0.9510991
2951 0.1579651
2952 0.5868965
2953 0.03780057
2954 0.8071474
2955 0.7892568
2956 0.3733981
2957 0.1434781
2958 0.8763448
2959 0.6374869
2960 0.4115193
2961 0.09911999
2962 0.7692146
2963 0.1826233
2964 0.8425761
2965 0.7513
2966 0.1036178
2967 0.8854379
2968 0.4302108
2969 0.18191
2970 0.1365318
2971 0.7375408
2972 0.3753752
2973 0.5191012
2974 0.02715738
2975 0.05275606
2976 0.2680258
2977 0.9015532
2978 0.5532984
2979 0.5009457
2980 0.7646093
2981 0.5744811
2982 0.6984476
2983 0.1928028
2984 0.674965
2985 0.2039005
2986 0.8587145
2987 0.1450985
2988 0.7913598
2989 0.4612414
2990 0.9803741
2991 0.7920912
2992 0.2578154
2993 0.6841962
2994 0.3376549
2995 0.4602209
2996 0.688116
2997 0.01143801
2998 0.3308792
2999 0.6386347
3000 0.79736
3001 0.818004
3002 0.05139089
3003 0.2709976
3004 0.3601536
3005 0.9938141
3006 0.396568
3007 0.9251741
3008 0.4625747
3009 0.4224485
3010 0.2323805
3011 0.4502547
3012 0.1474888
3013 0.03324419
3014 0.05639309
3015 0.2858634
3016 0.7185592
3017 0.677736
3018 0.02157337
3019 0.3173874
3020 0.6978491
3021 0.3227126
3022 0.5170436
3023 0.3571545
3024 0.6375836
3025 0.6691162
3026 0.1509958
3027 0.0842305
3028 0.842774
3029 0.3684108
3030 0.656157
3031 0.07313379
3032 0.648018
3033 0.0694179
3034 0.8279656
3035 0.1854001
3036 0.3129885
3037 0.08435853
3038 0.1359819
3039 0.7289545
3040 0.4347619
3041 0.6387304
3042 0.9379623
3043 0.733203
3044 0.520881
3045 0.2760306
3046 0.6052744
3047 0.8506418
3048 0.6215652
3049 0.5593977
3050 0.5412078
3051 0.1776351
3052 0.09793122
3053 0.1090904
3054 0.5838771
3055 0.3395807
3056 0.2429103
3057 0.1977765
3058 0.2816282
3059 0.4818566
3060 0.9134112
3061 0.3894003
3062 0.6984688
3063 0.4006371
3064 0.1179587
3065 0.5404592
3066 0.145312
3067 0.08149556
3068 0.2448668
3069 0.1334238
3070 0.09465635
3071 0.136795
3072 0.5163675
3073 0.7381383
3074 0.1135546
3075 0.0432011
3076 0.7424754
3077 0.6080122
3078 0.8261077
3079 0.9278264
3080 0.4602349
3081 0.8080981
3082 0.2920783
3083 0.8957706
3084 0.2650804
3085 0.6014044
3086 0.2371176
3087 0.005692243
3088 0.3651026
3089 0.3562642
3090 0.2323538
3091 0.2848124
3092 0.1434785
3093 0.04818479
3094 0.1125427
3095 0.6179092
3096 0.03328213
3097 0.9481189
3098 0.5357635
3099 0.7414419
3100 0.1480267
3101 0.6301394
3102 0.7510934
3103 0.08446358
3104 0.02580435
3105 0.5519412
3106 0.70373
3107 0.3327826
3108 0.7606089
3109 0.6270829
3110 0.6981669
3111 0.06997558
3112 0.3420777
3113 0.3441178
3114 0.9918072
3115 0.07326419
3116 0.4751178
3117 0.2685694
3118 0.8748954
3119 0.7756497
3120 0.9679044
3121 0.3935734
3122 0.6703091
3123 0.2688386
3124 0.02911618
3125 0.04525446
3126 0.05493486
3127 0.8177708
3128 0.07332646
3129 0.509442
3130 0.8337711
3131 0.4356797
3132 0.2271275
3133 0.5541648
3134 0.2389843
3135 0.7027461
3136 0.9856388
3137 0.1336272
3138 0.05281847
3139 0.8973193
3140 0.4962891
3141 0.02275299
3142 0.3328656
3143 0.2394374
3144 0.3571524
3145 0.9443553
3146 0.9989978
3147 0.7098135
3148 0.7855191
3149 0.2303584
3150 0.5972548
3151 0.0437783
3152 0.8211525
3153 0.148545
3154 0.7181952
3155 0.1244775
3156 0.1085144
3157 0.4722998
3158 0.3158749
3159 0.06587974
3160 0.798268
3161 0.5614582
3162 0.3003416
3163 0.1983936
3164 0.1672997
3165 0.4282152
3166 0.4970392
3167 0.4677179
3168 0.2725862
3169 0.05890028
3170 0.5330547
3171 0.1322871
3172 0.6545365
3173 0.3629387
3174 0.5785908
3175 0.5688689
3176 0.4007051
3177 0.5828582
3178 0.8893385
3179 0.1224761
3180 0.09192215
3181 0.3195803
3182 0.4491513
3183 0.9693596
3184 0.255865
3185 0.7775471
3186 0.04505608
3187 0.6478921
3188 0.3957595
3189 0.1270421
3190 0.4302275
3191 0.1014008
3192 0.0527339
3193 0.9517519
3194 0.1284469
3195 0.3960295
3196 0.4848736
3197 0.8972925
3198 0.2983807
3199 0.2554494
3200 0.2830746
3201 0.1712312
3202 0.5379435
3203 0.2111189
3204 0.3244067
3205 0.8338401
3206 0.5273705
3207 0.546151
3208 0.2275604
3209 0.1080531
3210 0.7890827
3211 0.1917326
3212 0.1825009
3213 0.7256667
3214 0.3179702
3215 0.4995603
3216 0.344927
3217 0.06830048
3218 0.9316571
3219 0.7809335
3220 0.7875035
3221 0.4639108
3222 0.86729
3223 0.2596436
3224 0.8961057
3225 0.7096981
3226 0.1312076
3227 0.4013719
3228 0.8835572
3229 0.8781907
3230 0.08394926
3231 0.9772372
3232 0.2943226
3233 0.03520427
3234 0.05958409
3235 0.030438
3236 0.8588479
3237 0.9625957
3238 0.8826602
3239 0.4520588
3240 0.2328386
3241 0.7541597
3242 0.002558133
3243 0.8048335
3244 0.1239993
3245 0.212998
3246 0.6640327
3247 0.3891901
3248 0.7926356
3249 0.8560156
3250 0.04390821
3251 0.1122495
3252 0.03512426
3253 0.7715874
3254 0.659698
3255 0.3683565
3256 0.5769193
3257 0.7097328
3258 0.4257923
3259 0.5993536
3260 0.5664457
3261 0.3673398
3262 0.1132219
3263 0.1734729
3264 0.9743662
3265 0.9561949
3266 0.2270313
3267 0.5806325
3268 0.4692587
3269 0.2792337
3270 0.1031054
3271 0.175109
3272 0.4989911
3273 0.04905101
3274 0.4201517
3275 0.008978668
3276 0.267141
3277 0.02240006
3278 0.03425439
3279 0.05549888
3280 0.1338865
3281 0.8194043
3282 0.4055048
3283 0.7047969
3284 0.5091158
3285 0.4389465
3286 0.7820143
3287 0.7071121
3288 0.1856607
3289 0.795345
3290 0.4561625
3291 0.1537121
3292 0.1015861
3293 0.3074335
3294 0.8526777
3295 0.664884
3296 0.7594183
3297 0.006930238
3298 0.5911916
3299 0.5167434
3300 0.6180469
3301 0.6117539
3302 0.009216975
3303 0.09789673
3304 0.9357178
3305 0.3970601
3306 0.5516828
3307 0.3052844
3308 0.4182224
3309 0.1066084
3310 0.9665049
3311 0.5695732
3312 0.8696496
3313 0.7952657
3314 0.5973238
3315 0.1548466
3316 0.7613852
3317 0.9634801
3318 0.3060439
3319 0.3968845
3320 0.3736325
3321 0.7669114
3322 0.3571314
3323 0.8224472
3324 0.4208071
3325 0.1908346
3326 0.5015955
3327 0.2564137
3328 0.5492
3329 0.4276754
3330 0.1771592
3331 0.6617761
3332 0.8043842
3333 0.6133341
3334 0.6291228
3335 0.5562026
3336 0.1672995
3337 0.9592077
3338 0.6225752
3339 0.4782407
3340 0.140412
3341 0.06419996
3342 0.5274001
3343 0.5436749
3344 0.5221513
3345 0.3444417
3346 0.8563446
3347 0.6331138
3348 0.7259512
3349 0.3148576
3350 0.3944516
3351 0.5873343
3352 0.1354469
3353 0.7433337
3354 0.6785512
3355 0.335898
3356 0.8431429
3357 0.423834
3358 0.7171972
3359 0.3718066
3360 0.6065575
3361 0.3211287
3362 0.8383099
3363 0.3866746
3364 0.007645243
3365 0.1153594
3366 0.7402519
3367 0.7121909
3368 0.9402094
3369 0.1241183
3370 0.5670145
3371 0.08317256
3372 0.5665453
3373 0.3080188
3374 0.1970647
3375 0.4937898
3376 0.3803609
3377 0.8801595
3378 0.1879124
3379 0.9051171
3380 0.6707812
3381 0.08675168
3382 0.3641986
3383 0.1494032
3384 0.5591492
3385 0.05156431
3386 0.7413581
3387 0.8008277
3388 0.5615071
3389 0.01507411
3390 0.3417824
3391 0.4704147
3392 0.4429077
3393 0.3095806
3394 0.405097
3395 0.4282039
3396 0.2605394
3397 0.3410018
3398 0.06772667
3399 0.3506455
3400 0.9785208
3401 0.277422
3402 0.169143
3403 0.9535434
3404 0.2873687
3405 0.1993303
3406 0.06387592
3407 0.4367264
3408 0.363333
3409 0.5021386
3410 0.1133138
3411 0.6664155
3412 0.3386722
3413 0.5931869
3414 0.5521826
3415 0.5000087
3416 0.2852921
3417 0.3239461
3418 0.4698428
3419 0.3787178
3420 0.1283274
3421 0.4826876
3422 0.07640154
3423 0.8944064
3424 0.1773447
3425 0.038761
3426 0.7982967
3427 0.118868
3428 0.04135136
3429 0.9342295
3430 0.6589793
3431 0.4562895
3432 0.2059611
3433 0.9553963
3434 0.1473299
3435 0.2982202
3436 0.08175784
3437 0.008093035
3438 0.07358582
3439 0.9429407
3440 0.4770738
3441 0.4858717
3442 0.207832
3443 0.4520198
3444 0.1857368
3445 0.162468
3446 0.525099
3447 0.9856067
3448 0.8315369
3449 0.8702805
3450 0.05836948
3451 0.1497662
3452 0.2101354
3453 0.3587224
3454 0.06937204
3455 0.2181373
3456 0.8983621
3457 0.9325843
3458 0.02345309
3459 0.2191826
3460 0.6842546
3461 0.7007512
3462 0.9907807
3463 0.9109505
3464 0.6299567
3465 0.9968546
3466 0.4188695
3467 0.8282297
3468 0.2198889
3469 0.351724
3470 0.2680509
3471 0.09195708
3472 0.9101629
3473 0.9926675
3474 0.2194264
3475 0.1363912
3476 0.9308204
3477 0.08695534
3478 0.6311294
3479 0.6704475
3480 0.2441953
3481 0.1212807
3482 0.8279113
3483 0.2546125
3484 0.9316217
3485 0.5292932
3486 0.7877882
3487 0.7917748
3488 0.5927672
3489 0.8484531
3490 0.5699959
3491 0.8435535
3492 0.06556258
3493 0.884484
3494 0.1675161
3495 0.1368502
3496 0.2985872
3497 0.2501897
3498 0.1473184
3499 0.892157
3500 0.7185929
3501 0.2556712
3502 0.5230064
3503 0.8586069
3504 0.9045284
3505 0.2022213
3506 0.3494033
3507 0.159719
3508 0.5927267
3509 0.9898144
3510 0.754088
3511 0.6512762
3512 0.1470495
3513 0.6554724
3514 0.4190191
3515 0.6384612
3516 0.7006226
3517 0.3436368
3518 0.7842584
3519 0.3944801
3520 0.4216038
3521 0.5788148
3522 0.2115522
3523 0.8013722
3524 0.9910406
3525 0.4528802
3526 0.4009206
3527 0.6573796
3528 0.6566762
3529 0.733668
3530 0.3513732
3531 0.8557533
3532 0.8305383
3533 0.8902529
3534 0.1963422
3535 0.4349768
3536 0.2660399
3537 0.520443
3538 0.194326
3539 0.5788185
3540 0.1167099
3541 0.749661
3542 0.8120779
3543 0.4864583
3544 0.9596814
3545 0.3130124
3546 0.2430583
3547 0.02229153
3548 0.0354259
3549 0.7216467
3550 0.3000881
3551 0.4547084
3552 0.4309396
3553 0.398858
3554 0.2456851
3555 0.02765036
3556 0.008746915
3557 0.06791546
3558 0.01799472
3559 0.4152
3560 0.2621031
3561 0.1057733
3562 0.03917067
3563 0.09510928
3564 0.9943422
3565 0.7464799
3566 0.6451201
3567 0.2711455
3568 0.1820029
3569 0.405363
3570 0.4831355
3571 0.8249965
3572 0.3055466
3573 0.7554651
3574 0.1788488
3575 0.005757877
3576 0.0606311
3577 0.7446596
3578 0.402991
3579 0.3557574
3580 0.1829822
3581 0.02803904
3582 0.1759317
3583 0.7845174
3584 0.2969594
3585 0.09708626
3586 0.4216793
3587 0.7887013
3588 0.1014096
3589 0.0348237
3590 0.1147614
3591 0.4070354
3592 0.6266897
3593 0.7239221
3594 0.7095261
3595 0.3295845
3596 0.2438314
3597 0.004302771
3598 0.2505326
3599 0.529823
3600 0.3007601
3601 0.5600738
3602 0.07100878
3603 0.1810853
3604 0.7423816
3605 0.05558019
3606 0.1014696
3607 0.334383
3608 0.7589408
3609 0.3959803
3610 0.04479453
3611 0.8306102
3612 0.6045033
3613 0.7631181
3614 0.6966254
3615 0.2372534
3616 0.8282568
3617 0.7126209
3618 0.03462479
3619 0.903918
3620 0.8660161
3621 0.5822505
3622 0.1017826
3623 0.6664315
3624 0.4119971
3625 0.03474419
3626 0.08625736
3627 0.8495101
3628 0.4087505
3629 0.6195787
3630 0.1413969
3631 0.06388686
3632 0.2418706
3633 0.3851641
3634 0.5998866
3635 0.9673159
3636 0.7884229
3637 0.5127388
3638 0.9527958
3639 0.5802245
3640 0.5207899
3641 0.2954001
3642 0.3158206
3643 0.7517685
3644 0.03645024
3645 0.2277736
3646 0.1215787
3647 0.05682103
3648 0.5580782
3649 0.4842853
3650 0.6785176
3651 0.02147395
3652 0.1887574
3653 0.3096386
3654 0.2535153
3655 0.5764751
3656 0.4858605
3657 0.7228227
3658 0.6421874
3659 0.4165566
3660 0.2655436
3661 0.9701661
3662 0.3293328
3663 0.7266478
3664 0.3263552
3665 0.9267673
3666 0.5623773
3667 0.8084287
3668 0.5481396
3669 0.8164771
3670 0.3404087
3671 0.7770907
3672 0.03007043
3673 0.8400457
3674 0.4328891
3675 0.857326
3676 0.8433315
3677 0.3948273
3678 0.6032356
3679 0.9268455
3680 0.3772795
3681 0.5910297
3682 0.1610763
3683 0.2653875
3684 0.4514221
3685 0.1553858
3686 0.8781453
3687 0.3154335
3688 0.3555213
3689 0.1860959
3690 0.3052345
3691 0.1163799
3692 0.3788862
3693 0.8241274
3694 0.09733049
3695 0.5846386
3696 0.7854096
3697 0.5296459
3698 0.1630361
3699 0.2042809
3700 0.3802024
3701 0.1137592
3702 0.5159635
3703 0.1754647
3704 0.133817
3705 0.9310349
3706 0.141159
3707 0.3038644
3708 0.252364
3709 0.6938526
3710 0.9339034
3711 0.306515
3712 0.333502
3713 0.4361012
3714 0.8432113
3715 0.1677552
3716 0.02250705
3717 0.3201975
3718 0.1778936
3719 0.577465
3720 0.7152786
3721 0.6003678
3722 0.6184287
3723 0.2659161
3724 0.4758747
3725 0.5612738
3726 0.1981919
3727 0.08912738
3728 0.5856105
3729 0.1178782
3730 0.6033842
3731 0.5680052
3732 0.9637016
3733 0.9113861
3734 0.6429873
3735 0.3550001
3736 0.1553666
3737 0.3400587
3738 0.9102071
3739 0.6327267
3740 0.5294497
3741 0.7443051
3742 0.5880304
3743 0.3237105
3744 0.1781034
3745 0.6996283
3746 0.3393094
3747 0.2572838
3748 0.9173247
3749 0.03228462
3750 0.4655774
3751 0.09723695
3752 0.244053
3753 0.3454104
3754 0.6631076
3755 0.5609408
3756 0.4050317
3757 0.9830792
3758 0.4446599
3759 0.2925145
3760 0.74996
3761 0.8371383
3762 0.8705448
3763 0.6686913
3764 0.3955287
3765 0.428002
3766 0.6756705
3767 0.5401086
3768 0.1127632
3769 0.8098522
3770 0.2244933
3771 0.1451665
3772 0.2687389
3773 0.5871778
3774 0.0189464
3775 0.6281312
3776 0.09077054
3777 0.1542694
3778 0.6146579
3779 0.06664906
3780 0.2566217
3781 0.1105588
3782 0.2072537
3783 0.7898634
3784 0.1978242
3785 0.2603584
3786 0.1893178
3787 0.3471393
3788 0.820808
3789 0.6300135
3790 0.2135664
3791 0.7706197
3792 0.3312444
3793 0.4250378
3794 0.2864259
3795 0.4170931
3796 0.9788135
3797 0.857092
3798 0.1037656
3799 0.1256595
3800 0.1404201
3801 0.7696434
3802 0.1077863
3803 0.7388716
3804 0.3275587
3805 0.3940387
3806 0.5449718
3807 0.01539139
3808 0.06011825
3809 0.6054857
3810 0.5955144
3811 0.7990402
3812 0.07930112
3813 0.9439172
3814 0.2268554
3815 0.3929574
3816 0.7032666
3817 0.3851256
3818 0.1188897
3819 0.1663204
3820 0.6554569
3821 0.9192997
3822 0.09837261
3823 0.2282148
3824 0.2813833
3825 0.4856527
3826 0.1473174
3827 0.4863347
3828 0.3232503
3829 0.01877636
3830 0.6877378
3831 0.262654
3832 0.9336315
3833 0.8074958
3834 0.1544298
3835 0.005665184
3836 0.4379302
3837 0.7799882
3838 0.09055265
3839 0.5907297
3840 0.2101084
3841 0.548706
3842 0.8498268
3843 0.3905048
3844 0.2604027
3845 0.7600852
3846 0.1506976
3847 0.4432598
3848 0.1836933
3849 0.250522
3850 0.7745853
3851 0.06331911
3852 0.169745
3853 0.07747791
3854 0.4865379
3855 0.6619974
3856 0.5212901
3857 0.7754332
3858 0.132674
3859 0.8966867
3860 0.02790577
3861 0.9677359
3862 0.7718387
3863 0.1691236
3864 0.06737431
3865 0.07549582
3866 0.4826394
3867 0.2501582
3868 0.6716962
3869 0.9414334
3870 0.7843976
3871 0.1203687
3872 0.585056
3873 0.1213503
3874 0.6293837
3875 0.8329447
3876 0.8672306
3877 0.5077661
3878 0.0820724
3879 0.7161137
3880 0.6540113
3881 0.8526368
3882 0.7773407
3883 0.6728927
3884 0.2641868
3885 0.155898
3886 0.3613813
3887 0.3846107
3888 0.4160377
3889 0.6943493
3890 0.9776475
3891 0.9382186
3892 0.1343393
3893 0.5392852
3894 0.7210074
3895 0.1112813
3896 0.3167333
3897 0.1208166
3898 0.4745823
3899 0.9202939
3900 0.5723599
3901 0.9940731
3902 0.05556945
3903 0.982026
3904 0.2658446
3905 0.9652409
3906 0.1177206
3907 0.1125011
3908 0.8435053
3909 0.5007796
3910 0.3129637
3911 0.1954299
3912 0.09012563
3913 0.3752938
3914 0.6508192
3915 0.0318105
3916 0.3782131
3917 0.2851933
3918 0.4722431
3919 0.1926912
3920 0.4809924
3921 0.8819928
3922 0.4308326
3923 0.3987158
3924 0.3220399
3925 0.6685598
3926 0.2517375
3927 0.4393223
3928 0.06166153
3929 0.05602606
3930 0.4218293
3931 0.1344391
3932 0.4818656
3933 0.305085
3934 0.4425918
3935 0.05991953
3936 0.02231406
3937 0.9666541
3938 0.5757644
3939 0.5676644
3940 0.8946719
3941 0.4435762
3942 0.9124517
3943 0.6187359
3944 0.5369764
3945 0.8948179
3946 0.3421844
3947 0.2033639
3948 0.3345577
3949 0.6967232
3950 0.5508893
3951 0.08621262
3952 0.327631
3953 0.973667
3954 0.6873898
3955 0.7504249
3956 0.8396969
3957 0.9761686
3958 0.4035276
3959 0.04413448
3960 0.1597213
3961 0.9481217
3962 0.1689918
3963 0.3032919
3964 0.03157649
3965 0.07932896
3966 0.02804086
3967 0.2911123
3968 0.8891872
3969 0.9241921
3970 0.4782368
3971 0.4560394
3972 0.7128915
3973 0.519969
3974 0.8889144
3975 0.2526629
3976 0.4225454
3977 0.4112689
3978 0.3272178
3979 0.03048997
3980 0.5162185
3981 0.01261809
3982 0.5950974
3983 0.4150141
3984 0.9120533
3985 0.06914635
3986 0.6615088
3987 0.7724017
3988 0.4419916
3989 0.845914
3990 0.3043376
3991 0.9775515
3992 0.1096624
3993 0.9990613
3994 0.5433073
3995 0.9111098
3996 0.7719393
3997 0.1079321
3998 0.03775443
3999 0.2134624
4000 0.03983737
4001 0.03991096
4002 0.6109175
4003 0.4346536
4004 0.04549714
4005 0.03196885
4006 0.6309563
4007 0.08355432
4008 0.4500721
4009 0.7745493
4010 0.09028073
4011 0.9025952
4012 0.3132719
4013 0.8022106
4014 0.6108524
4015 0.9896971
4016 0.7978516
4017 0.4901256
4018 0.4202173
4019 0.1682487
4020 0.1449035
4021 0.6626155
4022 0.3086936
4023 0.7535036
4024 0.8012743
4025 0.9401502
4026 0.01455376
4027 0.8427697
4028 0.06025134
4029 0.9869479
4030 0.1951163
4031 0.1604518
4032 0.3719548
4033 0.1692425
4034 0.8241913
4035 0.05162458
4036 0.7225712
4037 0.3473618
4038 0.6301172
4039 0.06893031
4040 0.498289
4041 0.5473094
4042 0.5616209
4043 0.3305963
4044 0.9055025
4045 0.314165
4046 0.03910917
4047 0.4369075
4048 0.4512327
4049 0.4897533
4050 0.2833593
4051 0.6503955
4052 0.3269064
4053 0.6519628
4054 0.8458279
4055 0.01405859
4056 0.6628826
4057 0.4208336
4058 0.1313746
4059 0.240572
4060 0.1783974
4061 0.4738132
4062 0.6961607
4063 0.6722607
4064 0.6075949
4065 0.1311921
4066 0.8943051
4067 0.4494686
4068 0.3032113
4069 0.006141796
4070 0.3793463
4071 0.9565328
4072 0.1991976
4073 0.7303664
4074 0.6998769
4075 0.4231992
4076 0.5339943
4077 0.3668233
4078 0.09566522
4079 0.5298055
4080 0.5413745
4081 0.9349851
4082 0.1273396
4083 0.6734608
4084 0.9587644
4085 0.1912986
4086 0.8996346
4087 0.3860565
4088 0.3175432
4089 0.3198772
4090 0.3946305
4091 0.7001775
4092 0.3530042
4093 0.09152423
4094 0.2557696
4095 0.8596292
4096 0.1924344
4097 0.6081647
4098 0.4722391
4099 0.8685479
4100 0.8202105
4101 0.5174188
4102 0.1555935
4103 0.3418139
4104 0.1261656
4105 0.02799797
4106 0.4387235
4107 0.07844839
4108 0.2140157
4109 0.1276996
4110 0.8859555
4111 0.09746805
4112 0.02707564
4113 0.4941728
4114 0.2663835
4115 0.2238616
4116 0.4399255
4117 0.8230567
4118 0.6308653
4119 0.4202119
4120 0.4029324
4121 0.07319721
4122 0.6392405
4123 0.007872041
4124 0.5059398
4125 0.8341008
4126 0.6620637
4127 0.1899677
4128 0.4973254
4129 0.5488116
4130 0.05193717
4131 0.9309974
4132 0.9590367
4133 0.01454669
4134 0.9755125
4135 0.4382048
4136 0.8033874
4137 0.4080512
4138 0.4745514
4139 0.2871622
4140 0.4368732
4141 0.2138334
4142 0.118369
4143 0.7094348
4144 0.93433
4145 0.3215459
4146 0.3139903
4147 0.7836288
4148 0.3803699
4149 0.6157225
4150 0.5171432
4151 0.7520168
4152 0.7166379
4153 0.1227564
4154 0.5863999
4155 0.3932981
4156 0.9946836
4157 0.7561766
4158 0.1870603
4159 0.1388473
4160 0.8440932
4161 0.234597
4162 0.5711835
4163 0.01688012
4164 0.1487346
4165 0.879496
4166 0.4358631
4167 0.8021237
4168 0.05325144
4169 0.5238952
4170 0.7083172
4171 0.2698556
4172 0.2356876
4173 0.4450366
4174 0.8570355
4175 0.908016
4176 0.859345
4177 0.83115
4178 0.450933
4179 0.4832112
4180 0.539148
4181 0.6180604
4182 0.09858162
4183 0.310111
4184 0.1347514
4185 0.2125339
4186 0.02837751
4187 0.1389457
4188 0.2716774
4189 0.07525126
4190 0.9192382
4191 0.9157566
4192 0.07792554
4193 0.6603543
4194 0.100817
4195 0.3107605
4196 0.2946023
4197 0.2802482
4198 0.1631285
4199 0.4821704
4200 0.8609823
4201 0.8250319
4202 0.5728967
4203 0.4518751
4204 0.7892958
4205 0.1732501
4206 0.2075454
4207 0.1326311
4208 0.09671911
4209 0.6105224
4210 0.09934451
4211 0.706783
4212 0.7351912
4213 0.3643201
4214 0.5343895
4215 0.1313621
4216 0.1322233
4217 0.1951248
4218 0.2391134
4219 0.2243053
4220 0.06280282
4221 0.9425732
4222 0.4417203
4223 0.8633051
4224 0.3988935
4225 0.6649804
4226 0.5125296
4227 0.7951629
4228 0.1715374
4229 0.6919525
4230 0.3110008
4231 0.3722233
4232 0.9928737
4233 0.6689338
4234 0.04721734
4235 0.4365278
4236 0.8830915
4237 0.3684287
4238 0.9988174
4239 0.441814
4240 0.7797002
4241 0.3375532
4242 0.5526283
4243 0.9078844
4244 0.3719916
4245 0.6496592
4246 0.4435404
4247 0.03339089
4248 0.2450225
4249 0.05455588
4250 0.622046
4251 0.9455033
4252 0.6504222
4253 0.08474208
4254 0.395618
4255 0.4700835
4256 0.9100235
4257 0.113249
4258 0.6677438
4259 0.2324158
4260 0.6423083
4261 0.4133939
4262 0.2632783
4263 0.6194509
4264 0.2061776
4265 0.5507928
4266 0.005865567
4267 0.5041809
4268 0.5272902
4269 0.1144132
4270 0.07119804
4271 0.6005911
4272 0.1874263
4273 0.04935494
4274 0.1812441
4275 0.5896937
4276 0.9326229
4277 0.2483768
4278 0.1178034
4279 0.08202356
4280 0.05648025
4281 0.1522117
4282 0.8227713
4283 0.07338137
4284 0.8254755
4285 0.2689265
4286 0.7648895
4287 0.05277414
4288 0.377298
4289 0.02475849
4290 0.09214232
4291 0.5215241
4292 0.126056
4293 0.3283452
4294 0.09821264
4295 0.5312529
4296 0.9826568
4297 0.5709341
4298 0.1518765
4299 0.398484
4300 0.06784412
4301 0.3162138
4302 0.6676761
4303 0.06234369
4304 0.3687786
4305 0.2076385
4306 0.3316118
4307 0.836003
4308 0.2161543
4309 0.6263958
4310 0.1035174
4311 0.3035574
4312 0.4626735
4313 0.172731
4314 0.5363076
4315 0.8022784
4316 0.2105141
4317 0.7754555
4318 0.8178951
4319 0.3467809
4320 0.3523713
4321 0.2298425
4322 0.3092848
4323 0.007503858
4324 0.1580105
4325 0.6069019
4326 0.5341587
4327 0.4654481
4328 0.6341711
4329 0.2443993
4330 0.8052288
4331 0.1399173
4332 0.1610555
4333 0.9459166
4334 0.1223778
4335 0.1941591
4336 0.3939147
4337 0.1033473
4338 0.3247236
4339 0.7178374
4340 0.9224115
4341 0.2239484
4342 0.1678562
4343 0.3555149
4344 0.1766791
4345 0.1968613
4346 0.3315231
4347 0.7713921
4348 0.1343492
4349 0.151114
4350 0.08271949
4351 0.3905582
4352 0.4598609
4353 0.3006521
4354 0.6379197
4355 0.4773871
4356 0.9138363
4357 0.1277752
4358 0.3964679
4359 0.3451392
4360 0.07284174
4361 0.4533811
4362 0.845724
4363 0.1847399
4364 0.569169
4365 0.9074915
4366 0.7595473
4367 0.7720998
4368 0.3637439
4369 0.3692591
4370 0.7529179
4371 0.2243166
4372 0.3389535
4373 0.3471478
4374 0.4796899
4375 0.8912875
4376 0.2931515
4377 0.3198035
4378 0.4046281
4379 0.5013234
4380 0.6219123
4381 0.3018155
4382 0.7270396
4383 0.06970284
4384 0.8072183
4385 0.7505095
4386 0.6291727
4387 0.3851171
4388 0.5435731
4389 0.2543144
4390 0.1009583
4391 0.07081838
4392 0.413067
4393 0.6238397
4394 0.2674985
4395 0.3522579
4396 0.5527504
4397 0.2984862
4398 0.01398712
4399 0.6714477
4400 0.5216561
4401 0.1551284
4402 0.7396784
4403 0.07410404
4404 0.7085437
4405 0.4629864
4406 0.6287731
4407 0.02310801
4408 0.2523837
4409 0.2020018
4410 0.7516916
4411 0.9483421
4412 0.7088912
4413 0.09796529
4414 0.2574726
4415 0.5349463
4416 0.5206888
4417 0.8911363
4418 0.881169
4419 0.9104078
4420 0.2180333
4421 0.2882521
4422 0.351527
4423 0.3911688
4424 0.2387309
4425 0.147455
4426 0.2426287
4427 0.673591
4428 0.5030434
4429 0.007716419
4430 0.8252991
4431 0.2726914
4432 0.3928309
4433 0.07364327
4434 0.9238605
4435 0.0322036
4436 0.3248267
4437 0.3538922
4438 0.5401457
4439 0.171203
4440 0.7214696
4441 0.6936685
4442 0.4992628
4443 0.1664311
4444 0.5294003
4445 0.2307292
4446 0.02534624
4447 0.2497708
4448 0.8834773
4449 0.08617429
4450 0.531864
4451 0.08011319
4452 0.5047523
4453 0.03337106
4454 0.9261775
4455 0.8327202
4456 0.2873558
4457 0.3299364
4458 0.5643394
4459 0.9974672
4460 0.7139964
4461 0.03543368
4462 0.5536237
4463 0.2086061
4464 0.8799908
4465 0.4251532
4466 0.735016
4467 0.2277447
4468 0.3286308
4469 0.9781892
4470 0.4034768
4471 0.47511
4472 0.04269274
4473 0.0459508
4474 0.6170571
4475 0.1003985
4476 0.6614928
4477 0.246014
4478 0.08169305
4479 0.3837803
4480 0.824649
4481 0.01529681
4482 0.6234496
4483 0.07836068
4484 0.8070543
4485 0.3077728
4486 0.305189
4487 0.5218945
4488 0.7749358
4489 0.06183498
4490 0.4879438
4491 0.865331
4492 0.7327886
4493 0.9392356
4494 0.3791717
4495 0.3360644
4496 0.6729578
4497 0.8702789
4498 0.4712819
4499 0.1003863
4500 0.3536323
4501 0.8718885
4502 0.3952232
4503 0.743174
4504 0.04226691
4505 0.7651276
4506 0.233441
4507 0.3271517
4508 0.2523806
4509 0.5904501
4510 0.4402765
4511 0.4893043
4512 0.5390492
4513 0.469557
4514 0.9584308
4515 0.8517294
4516 0.9881809
4517 0.07844662
4518 0.8957825
4519 0.3366641
4520 0.3665654
4521 0.4011612
4522 0.5017267
4523 0.6844771
4524 0.0368874
4525 0.6604261
4526 0.7891941
4527 0.2200765
4528 0.02155846
4529 0.1038904
4530 0.438636
4531 0.5959479
4532 0.1435991
4533 0.3685474
4534 0.8275284
4535 0.1505157
4536 0.4552582
4537 0.1082017
4538 0.737455
4539 0.4766227
4540 0.3967252
4541 0.4307856
4542 0.7558012
4543 0.570294
4544 0.3592313
4545 0.04979051
4546 0.5114363
4547 0.03394808
4548 0.02901795
4549 0.6951579
4550 0.2918616
4551 0.1002802
4552 0.8388973
4553 0.4780832
4554 0.75395
4555 0.04678481
4556 0.584405
4557 0.9182133
4558 0.5984236
4559 0.9208042
4560 0.1247435
4561 0.9421739
4562 0.6244989
4563 0.1494825
4564 0.8685409
4565 0.007111164
4566 0.2097921
4567 0.7206594
4568 0.5489517
4569 0.6291244
4570 0.01416256
4571 0.8410292
4572 0.3687807
4573 0.7589483
4574 0.04051843
4575 0.5114363
4576 0.2186244
4577 0.5928169
4578 0.403026
4579 0.3369764
4580 0.1226618
4581 0.2779429
4582 0.589475
4583 0.07749085
4584 0.6904428
4585 0.6954313
4586 0.1232039
4587 0.02110174
4588 0.8207095
4589 0.2287804
4590 0.4800427
4591 0.4319382
4592 0.8958316
4593 0.09408353
4594 0.9309676
4595 0.6149137
4596 0.5562252
4597 0.9794145
4598 0.4276697
4599 0.955247
4600 0.2790667
4601 0.9244273
4602 0.0226155
4603 0.4624421
4604 0.619931
4605 0.06812195
4606 0.9094164
4607 0.2458163
4608 0.335975
4609 0.5834955
4610 0.1975275
4611 0.1848692
4612 0.05036204
4613 0.1867367
4614 0.460166
4615 0.2588052
4616 0.7687991
4617 0.03744009
4618 0.4957099
4619 0.480932
4620 0.8739551
4621 0.000619086
4622 0.3238951
4623 0.105279
4624 0.3724642
4625 0.2136712
4626 0.6055197
4627 0.4238799
4628 0.6077638
4629 0.6058097
4630 0.7260876
4631 0.8017681
4632 0.6222933
4633 0.5916581
4634 0.08693033
4635 0.4159041
4636 0.7971154
4637 0.1370584
4638 0.3622915
4639 0.6191995
4640 0.7017949
4641 0.455283
4642 0.1372562
4643 0.130048
4644 0.7485658
4645 0.22954
4646 0.7211373
4647 0.6534343
4648 0.1094886
4649 0.4666586
4650 0.4104651
4651 0.4980203
4652 0.2372729
4653 0.6567101
4654 0.4871483
4655 0.3115711
4656 0.2902112
4657 0.2242079
4658 0.3566325
4659 0.06587773
4660 0.1088135
4661 0.2130477
4662 0.3440842
4663 0.2165645
4664 0.2781249
4665 0.4415527
4666 0.7838684
4667 0.9203788
4668 0.002560423
4669 0.2251162
4670 0.311678
4671 0.04351473
4672 0.8791314
4673 0.8064767
4674 0.5432804
4675 0.2465924
4676 0.09249783
4677 0.5578921
4678 0.4548304
4679 0.8471495
4680 0.1900719
4681 0.3211037
4682 0.1201924
4683 0.07566402
4684 0.1947453
4685 0.06126883
4686 0.427346
4687 0.3729844
4688 0.04024939
4689 0.1781366
4690 0.4557062
4691 0.5549495
4692 0.09154859
4693 0.6025396
4694 0.5407901
4695 0.6065545
4696 0.4204751
4697 0.1973695
4698 0.8467997
4699 0.2198038
4700 0.4944819
4701 0.2526519
4702 0.8395451
4703 0.07879833
4704 0.8239849
4705 0.4058653
4706 0.7846998
4707 0.04781834
4708 0.7175763
4709 0.09761842
4710 0.8963417
4711 0.1605205
4712 0.1848753
4713 0.1861549
4714 0.3012258
4715 0.8464901
4716 0.09279478
4717 0.1864358
4718 0.2509904
4719 0.9679963
4720 0.3577503
4721 0.9466342
4722 0.1334419
4723 0.7956709
4724 0.06465645
4725 0.9610585
4726 0.804146
4727 0.4068453
4728 0.8351736
4729 0.9948193
4730 0.4621382
4731 0.1406946
4732 0.1407501
4733 0.3734474
4734 0.4066664
4735 0.229963
4736 0.2458851
4737 0.2152625
4738 0.3867257
4739 0.06616104
4740 0.2201825
4741 0.4194365
4742 0.4521028
4743 0.3228128
4744 0.177082
4745 0.7573013
4746 0.258862
4747 0.04065249
4748 0.05138011
4749 0.7225963
4750 0.1551979
4751 0.08740964
4752 0.4164072
4753 0.1537306
4754 0.3474243
4755 0.816348
4756 0.3005228
4757 0.5260199
4758 0.6368379
4759 0.9473564
4760 0.7813197
4761 0.1306838
4762 0.6861849
4763 0.5233248
4764 0.7451653
4765 0.5926183
4766 0.1406139
4767 0.0925922
4768 0.4437316
4769 0.428238
4770 0.2888674
4771 0.5702739
4772 0.3942504
4773 0.6912854
4774 0.9257414
4775 0.3819334
4776 0.5477328
4777 0.6648466
4778 0.8595221
4779 0.09821837
4780 0.511699
4781 0.9071569
4782 0.09537821
4783 0.8063521
4784 0.611164
4785 0.2926831
4786 0.8925031
4787 0.6696041
4788 0.2942397
4789 0.331264
4790 0.2156507
4791 0.6416473
4792 0.1436031
4793 0.2279226
4794 0.5337621
4795 0.02483735
4796 0.01713045
4797 0.5715426
4798 0.507218
4799 0.8928426
4800 0.4200994
4801 0.06698491
4802 0.324219
4803 0.4429158
4804 0.7612834
4805 0.368425
4806 0.4452771
4807 0.4601196
4808 0.5311421
4809 0.331956
4810 0.1864259
4811 0.1616447
4812 0.2708625
4813 0.6910823
4814 0.8528562
4815 0.9422735
4816 0.6805505
4817 0.1785903
4818 0.5653142
4819 0.5466124
4820 0.3040563
4821 0.8810101
4822 0.6260123
4823 0.06581253
4824 0.3338534
4825 0.3042717
4826 0.5925524
4827 0.0216336
4828 0.5927479
4829 0.6147075
4830 0.2976882
4831 0.5098045
4832 0.4611806
4833 0.1086355
4834 0.756396
4835 0.8871616
4836 0.3300741
4837 0.2922575
4838 0.6520616
4839 0.7462581
4840 0.4200895
4841 0.07793097
4842 0.2529513
4843 0.2869173
4844 0.3314663
4845 0.7341432
4846 0.5425447
4847 0.5948304
4848 0.1889213
4849 0.9276414
4850 0.2068098
4851 0.8653498
4852 0.8644125
4853 0.3162997
4854 0.6109909
4855 0.3847477
4856 0.3202827
4857 0.7863925
4858 0.320748
4859 0.6834386
4860 0.588283
4861 0.382805
4862 0.411387
4863 0.9768584
4864 0.9618386
4865 0.4532758
4866 0.1306194
4867 0.2449107
4868 0.9050812
4869 0.3158548
4870 0.779013
4871 0.3966815
4872 0.1612572
4873 0.05596277
4874 0.396495
4875 0.003626886
4876 0.8758237
4877 0.4850181
4878 0.3640543
4879 0.0234503
4880 0.9624551
4881 0.4018458
4882 0.4199333
4883 0.07109556
4884 0.1413796
4885 0.1441752
4886 0.580189
4887 0.4272182
4888 0.130393
4889 0.6908788
4890 0.0907618
4891 0.2702849
4892 0.01013741
4893 0.7513292
4894 0.7060135
4895 0.4385689
4896 0.6843485
4897 0.2830291
4898 0.02178467
4899 0.9444281
4900 0.881346
4901 0.7046715
4902 0.0965417
4903 0.9862612
4904 0.07686757
4905 0.7697048
4906 0.696419
4907 0.3349483
4908 0.06587763
4909 0.3248454
4910 0.3814707
4911 0.7910039
4912 0.2762654
4913 0.5362939
4914 0.1124082
4915 0.2067142
4916 0.2116441
4917 0.5426189
4918 0.1218604
4919 0.2276459
4920 0.6159887
4921 0.5657779
4922 0.5379255
4923 0.2068673
4924 0.8067856
4925 0.3369603
4926 0.5550845
4927 0.466052
4928 0.9897856
4929 0.7072228
4930 0.5676328
4931 0.1692267
4932 0.6194464
4933 0.6276633
4934 0.6130359
4935 0.6533993
4936 0.2492091
4937 0.2773588
4938 0.2191417
4939 0.6155966
4940 0.2322447
4941 0.04773731
4942 0.06337006
4943 0.05843904
4944 0.4370832
4945 0.2687799
4946 0.8791608
4947 0.6805555
4948 0.5527196
4949 0.04698061
4950 0.355834
4951 0.6659634
4952 0.3184362
4953 0.03774957
4954 0.2140344
4955 0.5899764
4956 0.9796833
4957 0.3925687
4958 0.8877367
4959 0.1905669
4960 0.5656119
4961 0.8866992
4962 0.01148814
4963 0.289629
4964 0.7996852
4965 0.4463176
4966 0.4089056
4967 0.6237996
4968 0.1992991
4969 0.06866784
4970 0.4528979
4971 0.6848138
4972 0.4154437
4973 0.1424441
4974 0.8884188
4975 0.7573073
4976 0.6419117
4977 0.7645998
4978 0.4396632
4979 0.5187341
4980 0.0463352
4981 0.2436498
4982 0.05604595
4983 0.5996595
4984 0.7797318
4985 0.2800416
4986 0.9052187
4987 0.4698892
4988 0.9661165
4989 0.3335027
4990 0.3024763
4991 0.8127147
4992 0.3154518
4993 0.8725424
4994 0.5330462
4995 0.7064355
4996 0.2841164
4997 0.18816
4998 0.5488094
4999 0.005540516
5000 0.1749163
