1 0.2443005
2 0.8510547
3 0.2055803
4 0.5002832
5 0.8908895
6 0.3529015
7 0.5125527
8 0.7448978
9 0.1419141
10 0.6897776
11 0.158147
12 0.7690987
13 0.1560873
14 0.7395394
15 0.6503245
16 0.2545576
17 0.7926522
18 0.02452331
19 0.9306777
20 0.9592683
21 0.8116409
22 0.4726912
23 0.7953835
24 0.7554549
25 0.5791235
26 0.1205663
27 0.4474158
28 0.1785399
29 0.2832828
30 0.1339628
31 0.3558096
32 0.0525321
33 0.4433853
34 0.3406327
35 0.05853731
36 0.1920917
37 0.3295387
38 0.3928977
39 0.7397405
40 0.215109
41 0.8312853
42 0.5758182
43 0.2515504
44 0.449334
45 0.4895797
46 0.3251076
47 0.01821736
48 0.3178571
49 0.2833672
50 0.3855038
51 0.3220281
52 0.6547843
53 0.02284449
54 0.573183
55 0.4385035
56 0.9063615
57 0.41768
58 0.7569267
59 0.4837711
60 0.2883862
61 0.8734194
62 0.7525215
63 0.4188525
64 0.8212895
65 0.8166547
66 0.3922442
67 0.8277545
68 0.8853215
69 0.8461526
70 0.09520548
71 0.06953249
72 0.2532016
73 0.7086415
74 0.7629843
75 0.9545481
76 0.8950826
77 0.1294631
78 0.382116
79 0.6671635
80 0.4902241
81 0.003119097
82 0.3027586
83 0.7626734
84 0.009235585
85 0.535084
86 0.2934157
87 0.6171934
88 0.1630821
89 0.6545046
90 0.7807386
91 0.9705425
92 0.2619715
93 0.06622762
94 0.6287413
95 0.1258586
96 0.2349315
97 0.4825371
98 0.8443102
99 0.1350047
100 0.8299056
101 0.2865204
102 0.4599032
103 0.9088963
104 0.2707711
105 0.05655218
106 0.2191507
107 0.610683
108 0.8236148
109 0.2076299
110 0.3120748
111 0.8395845
112 0.5336727
113 0.7220861
114 0.8837013
115 0.8621999
116 0.03226938
117 0.09838844
118 0.6335168
119 0.2363121
120 0.8088462
121 0.74248
122 0.7649305
123 0.6342437
124 0.14946
125 0.1189484
126 0.002299675
127 0.438516
128 0.1372593
129 0.6348225
130 0.5726284
131 0.1477674
132 0.6880785
133 0.1723854
134 0.7995345
135 0.1544939
136 0.6237782
137 0.2528627
138 0.6642105
139 0.6449559
140 0.7863561
141 0.2425253
142 0.9350925
143 0.4843466
144 0.5954514
145 0.422112
146 0.4480211
147 0.7127056
148 0.1091976
149 0.266262
150 0.1862161
151 0.09360706
152 0.469835
153 0.2099066
154 0.6394009
155 0.8746225
156 0.1180181
157 0.4806347
158 0.6860933
159 0.2706096
160 0.5079872
161 0.6383568
162 0.8114473
163 0.183001
164 0.6195665
165 0.8538192
166 0.573997
167 0.8091784
168 0.7241062
169 0.8965874
170 0.1815073
171 0.3912646
172 0.8468536
173 0.1735272
174 0.7679153
175 0.1160564
176 0.8625132
177 0.1128502
178 0.9261514
179 0.5778429
180 0.8374309
181 0.4583847
182 0.1072997
183 0.9007665
184 0.5153707
185 0.1274504
186 0.5140244
187 0.3727912
188 0.05079602
189 0.4778572
190 0.9132905
191 0.5914168
192 0.7548311
193 0.5650497
194 0.8141631
195 0.8624484
196 0.4260318
197 0.6759378
198 0.5340837
199 0.005965191
200 0.6346653
201 0.4615197
202 0.5255845
203 0.09371331
204 0.6777089
205 0.8284661
206 0.1818475
207 0.3969667
208 0.8866441
209 0.634689
210 0.1255134
211 0.5899274
212 0.1832902
213 0.8772518
214 0.5704732
215 0.6676726
216 0.3482681
217 0.5017328
218 0.6090254
219 0.7622745
220 0.2683763
221 0.8190473
222 0.583892
223 0.2254912
224 0.9287162
225 0.553668
226 0.3775707
227 0.3079093
228 0.5031361
229 0.004583347
230 0.8732122
231 0.001278859
232 0.1753913
233 0.6425949
234 0.4704605
235 0.6440374
236 0.6477107
237 0.06189114
238 0.6186119
239 0.06655861
240 0.3791699
241 0.3334248
242 0.1165208
243 0.5879967
244 0.4198442
245 0.3908344
246 0.2175166
247 0.1944287
248 0.8544387
249 0.7693666
250 0.1535166
251 0.7431929
252 0.8064491
253 0.001853441
254 0.0925464
255 0.5558105
256 0.09109193
257 0.2727856
258 0.7091203
259 0.4145777
260 0.5279412
261 0.2091039
262 0.6443574
263 0.1123754
264 0.1010556
265 0.2431514
266 0.3455471
267 0.5009574
268 0.9257686
269 0.5665326
270 0.2657736
271 0.6908226
272 0.3493734
273 0.1904628
274 0.2994463
275 0.2799403
276 0.3161167
277 0.2095936
278 0.04325203
279 0.08857596
280 0.08680474
281 0.1742517
282 0.2634331
283 0.2738
284 0.6257611
285 0.2956852
286 0.7239669
287 0.6584773
288 0.1119469
289 0.6403443
290 0.6788524
291 0.4108491
292 0.8999731
293 0.01388995
294 0.365436
295 0.5548515
296 0.5649898
297 0.3299581
298 0.334451
299 0.1639037
300 0.3500436
301 0.7839362
302 0.2906732
303 0.4624407
304 0.3586343
305 0.9199824
306 0.4006933
307 0.76509
308 0.1234884
309 0.2745239
310 0.5240202
311 0.4232006
312 0.6383973
313 0.8037132
314 0.7046332
315 0.2420746
316 0.5164912
317 0.5901786
318 0.120346
319 0.2092778
320 0.4437887
321 0.4712153
322 0.4216755
323 0.5407486
324 0.07141495
325 0.1301971
326 0.2667633
327 0.04171419
328 0.3769316
329 0.3654882
330 0.03085813
331 0.6175371
332 0.9263683
333 0.4671748
334 0.4795766
335 0.07803287
336 0.4903625
337 0.7741484
338 0.6062597
339 0.481359
340 0.3888139
341 0.2112522
342 0.4408468
343 0.8104778
344 0.846173
345 0.4361282
346 0.9083219
347 0.4311322
348 0.6823043
349 0.7221074
350 0.7610117
351 0.672175
352 0.2279321
353 0.232672
354 0.1025633
355 0.7501621
356 0.279626
357 0.7865096
358 0.6638579
359 0.283508
360 0.4136207
361 0.330943
362 0.08262177
363 0.1060897
364 0.9011172
365 0.02242356
366 0.6569347
367 0.7126108
368 0.4354538
369 0.3237437
370 0.2421061
371 0.3626092
372 0.4908776
373 0.004018625
374 0.7207535
375 0.361357
376 0.9787871
377 0.3858475
378 0.3953961
379 0.7104551
380 0.3572324
381 0.1231891
382 0.6366404
383 0.542189
384 0.3327305
385 0.6657365
386 0.6585735
387 0.2293933
388 0.3630218
389 0.5279146
390 0.6109925
391 0.04775385
392 0.5888817
393 0.8517721
394 0.8083972
395 0.8647521
396 0.7084116
397 0.6427245
398 0.6545527
399 0.3756593
400 0.5410045
401 0.7959886
402 0.1705984
403 0.6674443
404 0.214197
405 0.3367934
406 0.02030116
407 0.8704203
408 0.4594576
409 0.1130447
410 0.5681657
411 0.5712501
412 0.5403606
413 0.4139039
414 0.05014412
415 0.02097405
416 0.2126059
417 0.3622458
418 0.2094323
419 0.668544
420 0.541799
421 0.2351569
422 0.08558636
423 0.3910231
424 0.4842516
425 0.01483816
426 0.8909483
427 0.7274425
428 0.5571183
429 0.9076641
430 0.7762385
431 0.596454
432 0.04159251
433 0.3828344
434 0.633531
435 0.8559219
436 0.8246949
437 0.6674856
438 0.7786194
439 0.2982764
440 0.1774084
441 0.219238
442 0.2647929
443 0.464601
444 0.04721929
445 0.3074148
446 0.1064834
447 0.4974184
448 0.8626886
449 0.7369295
450 0.1637198
451 0.351725
452 0.04553119
453 0.5764864
454 0.09990492
455 0.02576293
456 0.6901862
457 0.7578971
458 0.1317225
459 0.05076862
460 0.9782419
461 0.6277055
462 0.8867171
463 0.4260928
464 0.5402627
465 0.1968228
466 0.6774646
467 0.1918355
468 0.4109353
469 0.6445666
470 0.2897084
471 0.05572621
472 0.9165972
473 0.7643127
474 0.6303256
475 0.6883229
476 0.3016172
477 0.2648837
478 0.638197
479 0.2009077
480 0.5725424
481 0.3013836
482 0.8644064
483 0.6856341
484 0.02457498
485 0.02739016
486 0.359202
487 0.3721421
488 0.9687665
489 0.2316609
490 0.9016017
491 0.6386607
492 0.2800269
493 0.4829582
494 0.4308939
495 0.1563135
496 0.1519409
497 0.1299139
498 0.08714022
499 0.5203095
500 0.3003499
501 0.2152967
502 0.6055922
503 0.04500835
504 0.5922367
505 0.2966476
506 0.2391676
507 0.913327
508 0.1033162
509 0.1319551
510 0.6362246
511 0.7408341
512 0.05145182
513 0.8481614
514 0.8269989
515 0.003262194
516 0.3755267
517 0.2585411
518 0.2442831
519 0.451583
520 0.5774716
521 0.2222699
522 0.3181347
523 0.1852209
524 0.7707914
525 0.4237297
526 0.4677336
527 0.6114704
528 0.06521046
529 0.6848293
530 0.1723524
531 0.04400983
532 0.2944982
533 0.7783258
534 0.7785304
535 0.1573829
536 0.7431541
537 0.779975
538 0.5015838
539 0.6576716
540 0.2976181
541 0.4339766
542 0.1099005
543 0.233461
544 0.5048341
545 0.08742129
546 0.5615311
547 0.1134594
548 0.3209292
549 0.01243232
550 0.2827359
551 0.3859486
552 0.2895755
553 0.9239819
554 0.1737301
555 0.005560697
556 0.2274722
557 0.3068397
558 0.5144573
559 0.1160885
560 0.1868813
561 0.7081007
562 0.3667115
563 0.7900798
564 0.1666643
565 0.7363289
566 0.01924796
567 0.9040444
568 0.5037912
569 0.6000097
570 0.3776323
571 0.009098682
572 0.04623519
573 0.6072431
574 0.7295727
575 0.03884255
576 0.0949018
577 0.270583
578 0.1193361
579 0.4973609
580 0.7528623
581 0.02257698
582 0.2964936
583 0.2044989
584 0.7310192
585 0.525006
586 0.3824826
587 0.16793
588 0.2498889
589 0.03689893
590 0.03441975
591 0.3444841
592 0.2928963
593 0.2009015
594 0.5512784
595 0.4092819
596 0.4493483
597 0.1225077
598 0.8953857
599 0.5448316
600 0.4090484
601 0.2219088
602 0.05661844
603 0.5190007
604 0.2228766
605 0.5292221
606 0.1163938
607 0.2923263
608 0.3952816
609 0.143187
610 0.2049106
611 0.2438051
612 0.5950752
613 0.4801076
614 0.8329351
615 0.1069026
616 0.4668372
617 0.4205181
618 0.6919993
619 0.8819846
620 0.0730389
621 0.5635222
622 0.4929089
623 0.1557228
624 0.7299153
625 0.6123699
626 0.5377531
627 0.1703227
628 0.1378708
629 0.793219
630 0.7313269
631 0.1930381
632 0.4751685
633 0.275977
634 0.3571929
635 0.2508552
636 0.08154933
637 0.8927838
638 0.01386845
639 0.4988391
640 0.1472139
641 0.08239037
642 0.292882
643 0.4303812
644 0.6873027
645 0.0678423
646 0.1030247
647 0.7354652
648 0.5121463
649 0.7767198
650 0.4403529
651 0.3085318
652 0.5376963
653 0.2909088
654 0.3352521
655 0.2575398
656 0.4492541
657 0.6597659
658 0.2335132
659 0.3757231
660 0.1636412
661 0.02129944
662 0.9654092
663 0.02707474
664 0.4483682
665 0.1507845
666 0.3275722
667 0.3500223
668 0.1198001
669 0.9411029
670 0.9240936
671 0.241864
672 0.2648715
673 0.5325456
674 0.2618517
675 0.05644961
676 0.0920668
677 0.03114674
678 0.3746577
679 0.8615197
680 0.3806072
681 0.3783295
682 0.3089727
683 0.6566179
684 0.6714092
685 0.5382958
686 0.7404039
687 0.5670123
688 0.1889217
689 0.01477527
690 0.8150291
691 0.5417242
692 0.4569093
693 0.7649344
694 0.1647141
695 0.6506699
696 0.05707178
697 0.9645863
698 0.9616213
699 0.444234
700 0.7413928
701 0.9065319
702 0.3399313
703 0.2673631
704 0.2984279
705 0.8076277
706 0.7652947
707 0.01340654
708 0.567505
709 0.01237091
710 0.1904687
711 0.06595245
712 0.7846135
713 0.4393804
714 0.217415
715 0.00160254
716 0.5465106
717 0.4981152
718 0.1703996
719 0.3496099
720 0.1122489
721 0.460056
722 0.1278673
723 0.2043608
724 0.3098722
725 0.1006267
726 0.1010015
727 0.6149176
728 0.2755978
729 0.4923475
730 0.6185767
731 0.3825994
732 0.3219917
733 0.4207004
734 0.177719
735 0.7782213
736 0.5428269
737 0.04252833
738 0.3584296
739 0.9334991
740 0.579883
741 0.3687402
742 0.550792
743 0.754464
744 0.2628423
745 0.2560261
746 0.824617
747 0.3473321
748 0.1507816
749 0.6005923
750 0.6541913
751 0.5509277
752 0.1216663
753 0.33441
754 0.006816604
755 0.6702548
756 0.9112474
757 0.4135078
758 0.09094617
759 0.4046852
760 0.8219395
761 0.7960777
762 0.616815
763 0.05891791
764 0.6319224
765 0.3509081
766 0.6734113
767 0.1702714
768 0.2315386
769 0.08657611
770 0.8201336
771 0.4222445
772 0.6366532
773 0.6606027
774 0.7886922
775 0.3927766
776 0.4907502
777 0.5333982
778 0.2118663
779 0.9557511
780 0.5276401
781 0.1499584
782 0.3905978
783 0.07679021
784 0.4701485
785 0.4043564
786 0.760152
787 0.1792617
788 0.1460344
789 0.1047606
790 0.9737384
791 0.3445009
792 0.411106
793 0.6930701
794 0.02092188
795 0.01766696
796 0.1021471
797 0.8965252
798 0.8516225
799 0.02887217
800 0.05542511
801 0.3817668
802 0.05676042
803 0.5474218
804 0.2184082
805 0.8837497
806 0.1217613
807 0.5711865
808 0.6384708
809 0.4449199
810 0.7908617
811 0.3024297
812 0.1033496
813 0.2428138
814 0.1343715
815 0.3713196
816 0.09829374
817 0.3246863
818 0.07553811
819 0.7702172
820 0.4684476
821 0.8800144
822 0.8716656
823 0.1284367
824 0.4931111
825 0.2210552
826 0.7883484
827 0.1272643
828 0.2100739
829 0.6564818
830 0.2713393
831 0.1072857
832 0.2457231
833 0.8005558
834 0.7689352
835 0.5864589
836 0.1419766
837 0.519388
838 0.7547416
839 0.267481
840 0.7284327
841 0.5637386
842 0.4681917
843 0.2403545
844 0.8728182
845 0.9673689
846 0.6929264
847 0.3044214
848 0.3202212
849 0.8013201
850 0.9171384
851 0.1125244
852 0.7883777
853 0.3627252
854 0.01181243
855 0.7192791
856 0.3746545
857 0.04251951
858 0.8135962
859 0.8608317
860 0.7514431
861 0.4583818
862 0.02733509
863 0.3978599
864 0.1332456
865 0.2758229
866 0.09287367
867 0.1557226
868 0.06155531
869 0.5179748
870 0.8225508
871 0.3459692
872 0.285129
873 0.4863265
874 0.33413
875 0.6039684
876 0.2961205
877 0.8480434
878 0.1456512
879 0.6905435
880 0.6646195
881 0.02608497
882 0.03427144
883 0.5057337
884 0.7579654
885 0.749618
886 0.2247857
887 0.7358909
888 0.3830991
889 0.3708159
890 0.7408992
891 0.1387693
892 0.3207463
893 0.4356051
894 0.8220905
895 0.04020305
896 0.2236921
897 0.01872678
898 0.4729081
899 0.2747583
900 0.6664558
901 0.7747771
902 0.312727
903 0.2735489
904 0.155446
905 0.8335591
906 0.4718565
907 0.1528709
908 0.5233315
909 0.03497354
910 0.3025072
911 0.3392508
912 0.09479962
913 0.03272222
914 0.1338503
915 0.7514945
916 0.245379
917 0.0607092
918 0.174493
919 0.4303049
920 0.5308975
921 0.8896274
922 0.7202617
923 0.217027
924 0.3366573
925 0.05193995
926 0.1690849
927 0.4631262
928 0.7754136
929 0.007004561
930 0.4199588
931 0.1780456
932 0.524681
933 0.60419
934 0.4731563
935 0.1665086
936 0.8013447
937 0.793664
938 0.6125392
939 0.5433256
940 0.429626
941 0.3758243
942 0.7025646
943 0.418351
944 0.7037708
945 0.8838814
946 0.3165553
947 0.2989176
948 0.6280742
949 0.09821855
950 0.1658243
951 0.4227479
952 0.6323228
953 0.69601
954 0.9142032
955 0.2963417
956 0.8646202
957 0.3182383
958 0.4111927
959 0.5370463
960 0.2630952
961 0.5505068
962 0.02267755
963 0.04454366
964 0.3805187
965 0.8762867
966 0.6791013
967 0.6666416
968 0.7095304
969 0.1580667
970 0.3867044
971 0.9397216
972 0.000682231
973 0.07139027
974 0.3317785
975 0.2219022
976 0.08365262
977 0.09944467
978 0.8045778
979 0.5971241
980 0.4151637
981 0.3714849
982 0.4038513
983 0.667942
984 0.3761665
985 0.05754402
986 0.7412688
987 0.05362333
988 0.8719402
989 0.6649597
990 0.182757
991 0.4670242
992 0.2790358
993 0.3139063
994 0.1505293
995 0.2858301
996 0.729368
997 0.5858348
998 0.865887
999 0.2894361
1000 0.01543493
1001 0.07249678
1002 0.3265423
1003 0.589625
1004 0.2256203
1005 0.4202245
1006 0.09427802
1007 0.4971319
1008 0.02857489
1009 0.5877858
1010 0.003037772
1011 0.9209444
1012 0.2998609
1013 0.2782329
1014 0.4059634
1015 0.733221
1016 0.7141133
1017 0.8033031
1018 0.626651
1019 0.3588276
1020 0.548676
1021 0.6039486
1022 0.6267322
1023 0.1645941
1024 0.2434972
1025 0.6577877
1026 0.6411366
1027 0.6359759
1028 0.1756652
1029 0.6880798
1030 0.5595725
1031 0.6743881
1032 0.2369015
1033 0.5619413
1034 0.6978788
1035 0.8830297
1036 0.7580911
1037 0.5744514
1038 0.2936314
1039 0.7242943
1040 0.2650578
1041 0.4003636
1042 0.2629519
1043 0.3575715
1044 0.1217703
1045 0.6519127
1046 0.8581557
1047 0.1786072
1048 0.4166824
1049 0.6216274
1050 0.894463
1051 0.8497639
1052 0.7617863
1053 0.4286555
1054 0.1581273
1055 0.0590665
1056 0.3775664
1057 0.6181058
1058 0.6385475
1059 0.7641306
1060 0.02218097
1061 0.2113014
1062 0.4719049
1063 0.7491647
1064 0.4562911
1065 0.4802147
1066 0.01577334
1067 0.1518509
1068 0.02712791
1069 0.233093
1070 0.03790188
1071 0.9547828
1072 0.0795435
1073 0.5879765
1074 0.6958925
1075 0.3909999
1076 0.3626022
1077 0.5026459
1078 0.328201
1079 0.5594162
1080 0.8548307
1081 0.6571747
1082 0.1384828
1083 0.4485573
1084 0.01845241
1085 0.1660014
1086 0.249287
1087 0.8834188
1088 0.55454
1089 0.5821477
1090 0.9866252
1091 0.7682684
1092 0.4968207
1093 0.4761052
1094 0.496408
1095 0.8056112
1096 0.5566778
1097 0.3766763
1098 0.5028938
1099 0.6034277
1100 0.5390515
1101 0.5560091
1102 0.1487067
1103 0.6417236
1104 0.4416904
1105 0.1810711
1106 0.7231149
1107 0.2776203
1108 0.1379831
1109 0.3615856
1110 0.7234456
1111 0.3820365
1112 0.2766503
1113 0.2767355
1114 0.2797491
1115 0.06470431
1116 0.04514648
1117 0.009160285
1118 0.7891506
1119 0.1053066
1120 0.1124545
1121 0.6567784
1122 0.6566851
1123 0.4400664
1124 0.5952502
1125 0.2527802
1126 0.4412382
1127 0.4898176
1128 0.7080306
1129 0.09526455
1130 0.5927652
1131 0.1163642
1132 0.8581845
1133 0.9164126
1134 0.3123992
1135 0.4546453
1136 0.3931088
1137 0.1620678
1138 0.5556783
1139 0.6148792
1140 0.8528452
1141 0.5707659
1142 0.5586132
1143 0.8699465
1144 0.1336745
1145 0.6356262
1146 0.1962199
1147 0.3225797
1148 0.4194338
1149 0.3667447
1150 0.009571931
1151 0.3586303
1152 0.6753862
1153 0.6935998
1154 0.4246453
1155 0.4137734
1156 0.7299611
1157 0.3562156
1158 0.05282746
1159 0.198192
1160 0.483275
1161 0.4220843
1162 0.1797005
1163 0.4972717
1164 0.5714739
1165 0.1219368
1166 0.4017397
1167 0.5383469
1168 0.09364125
1169 0.13701
1170 0.4156484
1171 0.5052521
1172 0.1408301
1173 0.2722477
1174 0.07277121
1175 0.5026946
1176 0.4953565
1177 0.980124
1178 0.2517404
1179 0.6045775
1180 0.3023125
1181 0.03688559
1182 0.6527734
1183 0.36973
1184 0.5728323
1185 0.4870272
1186 0.9079885
1187 0.03990253
1188 0.3624677
1189 0.8522043
1190 0.1615942
1191 0.1578382
1192 0.2443649
1193 0.2687611
1194 0.6005216
1195 0.8343432
1196 0.4679788
1197 0.8760436
1198 0.2170588
1199 0.108903
1200 0.02359791
1201 0.2294785
1202 0.5872051
1203 0.4624739
1204 0.6267342
1205 0.5654716
1206 0.6040969
1207 0.2047544
1208 0.1426041
1209 0.05031911
1210 0.9235307
1211 0.1538873
1212 0.01166709
1213 0.1069653
1214 0.05247318
1215 0.1711354
1216 0.2525165
1217 0.4106387
1218 0.7767946
1219 0.5922228
1220 0.2163375
1221 0.6632654
1222 0.8034639
1223 0.9222776
1224 0.7633985
1225 0.06874118
1226 0.4160092
1227 0.5132382
1228 0.4374514
1229 0.8292017
1230 0.3587035
1231 0.3608779
1232 0.2720721
1233 0.9120968
1234 0.2380779
1235 0.8544115
1236 0.5397269
1237 0.17171
1238 0.8062508
1239 0.7952906
1240 0.3661211
1241 0.1045389
1242 0.3271244
1243 0.1411445
1244 0.4009886
1245 0.1773757
1246 0.2372044
1247 0.3314097
1248 0.3966591
1249 0.5487149
1250 0.4157871
1251 0.3613599
1252 0.6257985
1253 0.5873875
1254 0.7082246
1255 0.6446467
1256 0.7406086
1257 0.6036046
1258 0.7361449
1259 0.1239161
1260 0.5712422
1261 0.955345
1262 0.3314947
1263 0.4292471
1264 0.1978647
1265 0.3635294
1266 0.6928311
1267 0.04812759
1268 0.4433537
1269 0.2004883
1270 0.4578585
1271 0.2315755
1272 0.9272474
1273 0.05728562
1274 0.2050947
1275 0.460616
1276 0.5762094
1277 0.647645
1278 0.642058
1279 0.7297177
1280 0.06956057
1281 0.4893527
1282 0.1103974
1283 0.9359502
1284 0.3180548
1285 0.7560289
1286 0.2042821
1287 0.1492606
1288 0.6007747
1289 0.1187052
1290 0.5077522
1291 0.6157852
1292 0.1693219
1293 0.5678617
1294 0.5137903
1295 0.7484866
1296 0.2936352
1297 0.6843867
1298 0.006616251
1299 0.6782524
1300 0.6297899
1301 0.8118739
1302 0.5603519
1303 0.6572367
1304 0.6226926
1305 0.5525122
1306 0.7516808
1307 0.2392197
1308 0.1650494
1309 0.2975778
1310 0.9247656
1311 0.7083552
1312 0.0832542
1313 0.02966767
1314 0.01062149
1315 0.6660611
1316 0.6289947
1317 0.6227966
1318 0.3025289
1319 0.07832823
1320 0.3084128
1321 0.5261439
1322 0.4043974
1323 0.1479029
1324 0.2811799
1325 0.3721706
1326 0.8713972
1327 0.4354361
1328 0.5540803
1329 0.1253928
1330 0.3659992
1331 0.5100984
1332 0.5174809
1333 0.05052888
1334 0.6933355
1335 0.1001485
1336 0.2272092
1337 0.661991
1338 0.6388649
1339 0.02784522
1340 0.9517538
1341 0.5229376
1342 0.2980518
1343 0.2761622
1344 0.08475011
1345 0.9895162
1346 0.6057895
1347 0.2776989
1348 0.9884824
1349 0.002987758
1350 0.6232091
1351 0.7268517
1352 0.3230295
1353 0.4449943
1354 0.8535302
1355 0.1446683
1356 0.6456688
1357 0.2202727
1358 0.2013413
1359 0.4032683
1360 0.09868601
1361 0.381611
1362 0.2791467
1363 0.05888163
1364 0.06045581
1365 0.1421066
1366 0.5262622
1367 0.02135694
1368 0.7423329
1369 0.1802736
1370 0.08661544
1371 0.7024478
1372 0.4179318
1373 0.8090726
1374 0.5652967
1375 0.7997145
1376 0.942426
1377 0.1368285
1378 0.7710218
1379 0.5819671
1380 0.2492388
1381 0.2082176
1382 0.6864536
1383 0.05396372
1384 0.7038823
1385 0.09959798
1386 0.2475579
1387 0.1689638
1388 0.6622244
1389 0.4454071
1390 0.5498997
1391 0.3488954
1392 0.6725852
1393 0.8557716
1394 0.3541367
1395 0.4923555
1396 0.2114831
1397 0.07614112
1398 0.007028987
1399 0.4992906
1400 0.6158768
1401 0.02900819
1402 0.3957807
1403 0.3115094
1404 0.7321082
1405 0.2629712
1406 0.3801126
1407 0.6895714
1408 0.223693
1409 0.297177
1410 0.709672
1411 0.4221613
1412 0.7774724
1413 0.6080582
1414 0.02194603
1415 0.3487405
1416 0.3213054
1417 0.6686506
1418 0.09109655
1419 0.1602556
1420 0.1706909
1421 0.1060392
1422 0.6789604
1423 0.2710469
1424 0.2059625
1425 0.2385486
1426 0.2081019
1427 0.738307
1428 0.5172075
1429 0.3081484
1430 0.3320642
1431 0.7041417
1432 0.6230521
1433 0.1843209
1434 0.0191136
1435 0.1185531
1436 0.7498785
1437 0.1727211
1438 0.6007429
1439 0.2067192
1440 0.5106812
1441 0.7875013
1442 0.1185549
1443 0.374919
1444 0.7680181
1445 0.007317924
1446 0.04825276
1447 0.1108203
1448 0.3865557
1449 0.7074017
1450 0.3297032
1451 0.7553693
1452 0.3448633
1453 0.711572
1454 0.4701108
1455 0.1963198
1456 0.2079065
1457 0.2515839
1458 0.03309035
1459 0.1333924
1460 0.2444229
1461 0.9548486
1462 0.1331247
1463 0.6789655
1464 0.1506573
1465 0.02503904
1466 0.005227233
1467 0.807178
1468 0.137745
1469 0.1636329
1470 0.9176236
1471 0.714938
1472 0.5142505
1473 0.02231662
1474 0.3073337
1475 0.1063601
1476 0.4354869
1477 0.5855176
1478 0.0139889
1479 0.5197796
1480 0.5861778
1481 0.5503167
1482 0.09784669
1483 0.6145996
1484 0.148271
1485 0.4790241
1486 0.6788297
1487 0.7871661
1488 0.1866025
1489 0.3507802
1490 0.330363
1491 0.6189128
1492 0.4821874
1493 0.1796116
1494 0.466324
1495 0.4804194
1496 0.1808562
1497 0.4823297
1498 0.4828252
1499 0.4783865
1500 0.4639375
1501 0.1070853
1502 0.3985571
1503 0.06067684
1504 0.8272856
1505 0.5065618
1506 0.3661499
1507 0.4701342
1508 0.7142041
1509 0.3400371
1510 0.8801141
1511 0.2279671
1512 0.2925386
1513 0.5777478
1514 0.3782112
1515 0.09900067
1516 0.6738232
1517 0.6386197
1518 0.3059573
1519 0.08671012
1520 0.04931716
1521 0.09041056
1522 0.8931201
1523 0.3544764
1524 0.05030243
1525 0.2855363
1526 0.8311669
1527 0.2206227
1528 0.02735201
1529 0.5369911
1530 0.4030134
1531 0.3697247
1532 0.4231561
1533 0.7428946
1534 0.5860591
1535 0.04212676
1536 0.4615755
1537 0.1261279
1538 0.02500493
1539 0.2802106
1540 0.1877628
1541 0.7203604
1542 0.3302947
1543 0.4940085
1544 0.9231415
1545 0.1039973
1546 0.8064938
1547 0.2045394
1548 0.8028644
1549 0.3092882
1550 0.6217063
1551 0.6798179
1552 0.428617
1553 0.7558689
1554 0.2407299
1555 0.6866189
1556 0.9111459
1557 0.2864658
1558 0.4427235
1559 0.07644244
1560 0.3019082
1561 0.02797678
1562 0.3979233
1563 0.181192
1564 0.9150915
1565 0.1737688
1566 0.8219459
1567 0.6933378
1568 0.3086694
1569 0.4450125
1570 0.4716258
1571 0.2179164
1572 0.1330386
1573 0.1435885
1574 0.9112231
1575 0.3067018
1576 0.02160936
1577 0.5821534
1578 0.7358255
1579 0.6185706
1580 0.3836044
1581 0.6628292
1582 0.2688114
1583 0.3215462
1584 0.3963774
1585 0.6209349
1586 0.8682995
1587 0.02452271
1588 0.4182264
1589 0.3805647
1590 0.4285868
1591 0.1467575
1592 0.2658556
1593 0.9375869
1594 0.8222899
1595 0.23955
1596 0.9111025
1597 0.2325615
1598 0.07036071
1599 0.4523923
1600 0.9156961
1601 0.4532539
1602 0.4986952
1603 0.6480975
1604 0.8844289
1605 0.7289679
1606 0.344704
1607 0.6251048
1608 0.2323623
1609 0.6973756
1610 0.2604472
1611 0.6874006
1612 0.2423281
1613 0.7289605
1614 0.1647301
1615 0.008203828
1616 0.07401825
1617 0.2945228
1618 0.3361558
1619 0.8477429
1620 0.7095367
1621 0.7888482
1622 0.4646152
1623 0.3745289
1624 0.9509805
1625 0.2150538
1626 0.8910999
1627 0.8661284
1628 0.05527866
1629 0.6125221
1630 0.1354078
1631 0.03177404
1632 0.310555
1633 0.3925272
1634 0.1541546
1635 0.8037783
1636 0.700659
1637 0.5532475
1638 0.2287101
1639 0.2414435
1640 0.7183491
1641 0.6057571
1642 0.02351265
1643 0.07876742
1644 0.5090006
1645 0.2128538
1646 0.1693909
1647 0.1617214
1648 0.2640799
1649 0.01687453
1650 0.1324172
1651 0.2243441
1652 0.7895544
1653 0.3578805
1654 0.6915433
1655 0.1505495
1656 0.1103706
1657 0.9182988
1658 0.4114288
1659 0.1079405
1660 0.2104196
1661 0.2471426
1662 0.01619417
1663 0.852193
1664 0.4451565
1665 0.08234579
1666 0.05409568
1667 0.7881277
1668 0.07058335
1669 0.7195699
1670 0.6523891
1671 0.530037
1672 0.5265995
1673 0.3344701
1674 0.004450107
1675 0.6625903
1676 0.5326059
1677 0.8536601
1678 0.4804193
1679 0.04170505
1680 0.3799746
1681 0.5126855
1682 0.8234291
1683 0.4647452
1684 0.04937621
1685 0.09804425
1686 0.5712839
1687 0.4163664
1688 0.05352089
1689 0.4159403
1690 0.4023872
1691 0.02912816
1692 0.3908018
1693 0.4342639
1694 0.03788045
1695 0.6459748
1696 0.134567
1697 0.8000368
1698 0.3494753
1699 0.7736773
1700 0.2854326
1701 0.6867809
1702 0.3548844
1703 0.09646627
1704 0.236692
1705 0.7983934
1706 0.7888651
1707 0.4944102
1708 0.03252797
1709 0.8900181
1710 0.03709765
1711 0.5827414
1712 0.008693635
1713 0.606222
1714 0.02463132
1715 0.1263328
1716 0.7859287
1717 0.4606917
1718 0.8390735
1719 0.6806493
1720 0.7338371
1721 0.9521033
1722 0.2304419
1723 0.5018648
1724 0.1002737
1725 0.0673191
1726 0.4842021
1727 0.05432074
1728 0.262406
1729 0.4471933
1730 0.3994151
1731 0.4452392
1732 0.2709801
1733 0.88024
1734 0.1853083
1735 0.4618946
1736 0.5184699
1737 0.02277143
1738 0.8863866
1739 0.07069009
1740 0.2406155
1741 0.3852871
1742 0.2378552
1743 0.5111698
1744 0.2593735
1745 0.2091063
1746 0.6264025
1747 0.4477976
1748 0.7126254
1749 0.5628363
1750 0.3306066
1751 0.7140211
1752 0.1078308
1753 0.20019
1754 0.08461451
1755 0.3826492
1756 0.3817221
1757 0.6286282
1758 0.4335987
1759 0.2399727
1760 0.6175347
1761 0.4441115
1762 0.1464256
1763 0.1885672
1764 0.6229227
1765 0.3143867
1766 0.3896068
1767 0.7517181
1768 0.7187857
1769 0.01057486
1770 0.9468365
1771 0.2002439
1772 0.2246503
1773 0.4089264
1774 0.2376428
1775 0.8317162
1776 0.7711553
1777 0.07896314
1778 0.04622636
1779 0.569978
1780 0.3380296
1781 0.8541519
1782 0.03929459
1783 0.4566017
1784 0.9278655
1785 0.8928301
1786 0.3530275
1787 0.4646103
1788 0.07177319
1789 0.4535581
1790 0.9364406
1791 0.07201731
1792 0.6369107
1793 0.4778203
1794 0.1739403
1795 0.5005163
1796 0.1318946
1797 0.03463625
1798 0.3523063
1799 0.6418592
1800 0.04624253
1801 0.5302307
1802 0.4087007
1803 0.1523132
1804 0.9880165
1805 0.8408538
1806 0.5151111
1807 0.4340746
1808 0.7744209
1809 0.1996259
1810 0.1693947
1811 0.4524166
1812 0.1739197
1813 0.8795582
1814 0.2572146
1815 0.1525309
1816 0.9430576
1817 0.4254511
1818 0.6001365
1819 0.5731704
1820 0.7341195
1821 0.8314961
1822 0.9405162
1823 0.1234721
1824 0.01533878
1825 0.5263239
1826 0.6245351
1827 0.3303671
1828 0.07572183
1829 0.1724334
1830 0.3398439
1831 0.7294664
1832 0.5461142
1833 0.1568826
1834 0.9161611
1835 0.04153433
1836 0.3711002
1837 0.474051
1838 0.1380879
1839 0.04633258
1840 0.2837168
1841 0.4057699
1842 0.3632873
1843 0.3422784
1844 0.4712678
1845 0.502914
1846 0.5747145
1847 0.7191261
1848 0.6830186
1849 0.5418464
1850 0.7968709
1851 0.9024695
1852 0.7897888
1853 0.7890373
1854 0.2945568
1855 0.06039429
1856 0.2994125
1857 0.4709966
1858 0.2781734
1859 0.4927922
1860 0.4333232
1861 0.3634123
1862 0.6051746
1863 0.6773776
1864 0.7240991
1865 0.2934271
1866 0.652292
1867 0.4006309
1868 0.4413675
1869 0.6700664
1870 0.11836
1871 0.5224196
1872 0.2352539
1873 0.1659111
1874 0.0314491
1875 0.2587558
1876 0.5812839
1877 0.3172655
1878 0.0787336
1879 0.8757864
1880 0.01081673
1881 0.1609933
1882 0.6541956
1883 0.3426903
1884 0.5588625
1885 0.2497695
1886 0.4033246
1887 0.2773239
1888 0.6532145
1889 0.1456884
1890 0.4241627
1891 0.06935831
1892 0.167896
1893 0.1545224
1894 0.05615331
1895 0.6455809
1896 0.205119
1897 0.5492299
1898 0.1401717
1899 0.02085518
1900 0.03590282
1901 0.1450345
1902 0.1743618
1903 0.8479891
1904 0.3215281
1905 0.2918189
1906 0.2798522
1907 0.455731
1908 0.9591213
1909 0.4412574
1910 0.06771666
1911 0.2893429
1912 0.3352156
1913 0.05541244
1914 0.8582088
1915 0.7122178
1916 0.5772074
1917 0.3160011
1918 0.5305148
1919 0.459558
1920 0.2896557
1921 0.1634275
1922 0.662593
1923 0.02004475
1924 0.5848849
1925 0.80514
1926 0.9702612
1927 0.03592035
1928 0.1038734
1929 0.9385491
1930 0.4551317
1931 0.2756589
1932 0.163535
1933 0.4447844
1934 0.1054075
1935 0.5688157
1936 0.1589668
1937 0.3193013
1938 0.5471855
1939 0.2956962
1940 0.9252197
1941 0.4405255
1942 0.8773789
1943 0.1121409
1944 0.4591412
1945 0.5156565
1946 0.6788883
1947 0.1553141
1948 0.5440894
1949 0.4266924
1950 0.05409063
1951 0.1150606
1952 0.1355053
1953 0.4628674
1954 0.2062335
1955 0.1013478
1956 0.556588
1957 0.3421872
1958 0.2154416
1959 0.8641079
1960 0.659331
1961 0.1235001
1962 0.1298901
1963 0.7632042
1964 0.3254447
1965 0.3771108
1966 0.5051672
1967 0.2630546
1968 0.31015
1969 0.29591
1970 0.4194983
1971 0.4434806
1972 0.7090965
1973 0.1135375
1974 0.594129
1975 0.8421322
1976 0.669551
1977 0.7887453
1978 0.09977188
1979 0.9108318
1980 0.9053863
1981 0.0255959
1982 0.1738545
1983 0.1597291
1984 0.05975277
1985 0.1224478
1986 0.250133
1987 0.1632232
1988 0.3926861
1989 0.8584131
1990 0.6688808
1991 0.7719851
1992 0.2662518
1993 0.2065389
1994 0.3725453
1995 0.08075634
1996 0.667883
1997 0.2723021
1998 0.8301716
1999 0.574731
2000 0.4797749
2001 0.2566336
2002 0.8406805
2003 0.6330711
2004 0.7551253
2005 0.4380325
2006 0.1037447
2007 0.2214003
2008 0.3693504
2009 0.6589368
2010 0.4652676
2011 0.5463324
2012 0.1964823
2013 0.6800093
2014 0.2563042
2015 0.1824937
2016 0.1213812
2017 0.2459201
2018 0.4545299
2019 0.3816423
2020 0.859368
2021 0.08329753
2022 0.4202385
2023 0.7018503
2024 0.9133215
2025 0.4183774
2026 0.6057948
2027 0.8245505
2028 0.2156319
2029 0.2905141
2030 0.3516577
2031 0.7255541
2032 0.687649
2033 0.07707779
2034 0.5024492
2035 0.4106924
2036 0.6304845
2037 0.135015
2038 0.4493467
2039 0.1768008
2040 0.4312086
2041 0.05022281
2042 0.894088
2043 0.8367276
2044 0.50586
2045 0.4616479
2046 0.1745857
2047 0.1741382
2048 0.9448992
2049 0.1076342
2050 0.5831613
2051 0.6353787
2052 0.2776621
2053 0.1407424
2054 0.5751006
2055 0.1254103
2056 0.9315076
2057 0.8544429
2058 0.669729
2059 5.732559e-05
2060 0.06164357
2061 0.06045236
2062 0.7542313
2063 0.1371755
2064 0.0004165275
2065 0.1468545
2066 0.9148137
2067 0.04944286
2068 0.767742
2069 0.1286823
2070 0.838358
2071 0.9453159
2072 0.8211108
2073 0.4395749
2074 0.5434325
2075 0.5496247
2076 0.640373
2077 0.3004246
2078 0.167122
2079 0.1165417
2080 0.4337864
2081 0.1512591
2082 0.3029886
2083 0.2826115
2084 0.5187206
2085 0.5486311
2086 0.6437996
2087 0.2006532
2088 0.7537168
2089 0.6974802
2090 0.1067299
2091 0.8031001
2092 0.7840885
2093 0.8928617
2094 0.3487466
2095 0.2471199
2096 0.5054489
2097 0.09681398
2098 0.04944391
2099 0.240872
2100 0.8457547
2101 0.8001104
2102 0.2156064
2103 0.6076821
2104 0.2716458
2105 0.109272
2106 0.9348941
2107 0.2391277
2108 0.3570298
2109 0.2041611
2110 0.344793
2111 0.01049469
2112 0.0579293
2113 0.722373
2114 0.1886084
2115 0.7150219
2116 0.6611885
2117 0.3976427
2118 0.05812573
2119 0.3678198
2120 0.09088981
2121 0.8924387
2122 0.3757533
2123 0.3644394
2124 0.4971067
2125 0.3355845
2126 0.5682322
2127 0.8237588
2128 0.5313947
2129 0.5964291
2130 0.4586724
2131 0.2586895
2132 0.006088138
2133 0.3470302
2134 0.9747878
2135 0.05973528
2136 0.2711784
2137 0.2228255
2138 0.2769103
2139 0.2414845
2140 0.4151986
2141 0.0295514
2142 0.6693183
2143 0.3399977
2144 0.1839142
2145 0.5724991
2146 0.07501951
2147 0.03591674
2148 0.6813361
2149 0.04216988
2150 0.7923854
2151 0.1938352
2152 0.3310073
2153 0.7435461
2154 0.6758507
2155 0.9442322
2156 0.4713301
2157 0.831424
2158 0.7764259
2159 0.3391811
2160 0.5389006
2161 0.08839998
2162 0.1991627
2163 0.1083056
2164 0.01441631
2165 0.08416763
2166 0.4730692
2167 0.3443084
2168 0.003758876
2169 0.4291192
2170 0.7055634
2171 0.3531651
2172 0.8125501
2173 0.8364893
2174 0.769034
2175 0.1194072
2176 0.8374809
2177 0.3657713
2178 0.2320578
2179 0.2834822
2180 0.5791886
2181 0.4968467
2182 0.8281821
2183 0.3970655
2184 0.800113
2185 0.2801034
2186 0.01670491
2187 0.01685858
2188 0.4256876
2189 0.5081858
2190 0.1661234
2191 0.3472737
2192 0.8245733
2193 0.04851242
2194 0.574166
2195 0.8151231
2196 0.0441729
2197 0.6983427
2198 0.7251144
2199 0.7694092
2200 0.134474
2201 0.2176727
2202 0.03357384
2203 0.1170237
2204 0.002758078
2205 0.4668405
2206 0.2144796
2207 0.6331239
2208 0.8038376
2209 0.4513995
2210 0.05737634
2211 0.09678704
2212 0.7941377
2213 0.3014522
2214 0.7505971
2215 0.8519707
2216 0.4724904
2217 0.2794035
2218 0.4141737
2219 0.8827793
2220 0.7574028
2221 0.534854
2222 0.30328
2223 0.01482586
2224 0.06813662
2225 0.4502607
2226 0.4159377
2227 0.1764037
2228 0.4699312
2229 0.5582932
2230 0.6095537
2231 0.1513837
2232 0.7077571
2233 0.123068
2234 0.1059594
2235 0.1564404
2236 0.3121753
2237 0.6649067
2238 0.7588073
2239 0.9098806
2240 0.01718796
2241 0.6006643
2242 0.9115173
2243 0.8929077
2244 0.6058111
2245 0.08101544
2246 0.2375794
2247 0.8412095
2248 0.1346897
2249 0.1340486
2250 0.8342811
2251 0.6746134
2252 0.2517079
2253 0.5785408
2254 0.1430997
2255 0.0296903
2256 0.6091426
2257 0.05382963
2258 0.6053712
2259 0.7292738
2260 0.4994421
2261 0.04765688
2262 0.2491151
2263 0.1859379
2264 0.5121062
2265 0.5534076
2266 0.3819987
2267 0.9153858
2268 0.3249769
2269 0.003599963
2270 0.1647765
2271 0.5130588
2272 0.7907808
2273 0.4787963
2274 0.1750949
2275 0.5947148
2276 0.1407642
2277 0.02294833
2278 0.9176134
2279 0.55027
2280 0.07185122
2281 0.3511849
2282 0.7266891
2283 0.1552181
2284 0.1049159
2285 0.3779084
2286 0.2732488
2287 0.5279075
2288 0.1838658
2289 0.5882294
2290 0.4740525
2291 0.8037727
2292 0.2466809
2293 0.8154832
2294 0.9526973
2295 0.4445843
2296 0.02026761
2297 0.5858225
2298 0.9184592
2299 0.9168145
2300 0.8202366
2301 0.2593759
2302 0.2289378
2303 0.09249723
2304 0.2677311
2305 0.4133538
2306 0.3293252
2307 0.6234657
2308 0.4563043
2309 0.6452456
2310 0.1209927
2311 0.2473962
2312 0.3291716
2313 0.3835944
2314 0.5158281
2315 0.03119329
2316 0.0183011
2317 0.02026288
2318 0.7870879
2319 0.7756648
2320 0.3434565
2321 0.6493779
2322 0.6784471
2323 0.06165682
2324 0.9777363
2325 0.1849023
2326 0.5145461
2327 0.1741869
2328 0.04524214
2329 0.02390806
2330 0.08037861
2331 0.3440854
2332 0.4602758
2333 0.5481421
2334 0.2069016
2335 0.8144297
2336 0.3833563
2337 0.7391377
2338 0.1296405
2339 0.8680139
2340 0.1104044
2341 0.8126746
2342 0.1413247
2343 0.4310463
2344 0.5901777
2345 0.3761677
2346 0.0541774
2347 0.03868599
2348 0.6613996
2349 0.3728075
2350 0.8023959
2351 0.008865439
2352 0.186496
2353 0.4192766
2354 0.6087263
2355 0.9025154
2356 0.2811762
2357 0.09760524
2358 0.6529874
2359 0.6737206
2360 0.2298198
2361 0.2653324
2362 0.0154947
2363 0.6065424
2364 0.655588
2365 0.2058888
2366 0.1987168
2367 0.7005943
2368 0.3666171
2369 0.5327694
2370 0.7417265
2371 0.7299754
2372 0.304147
2373 0.6934024
2374 0.6500704
2375 0.7691593
2376 0.07424828
2377 0.270439
2378 0.1463736
2379 0.9683168
2380 0.1911611
2381 0.6353118
2382 0.86815
2383 0.01530079
2384 0.06771513
2385 0.2007435
2386 0.6071046
2387 0.2512909
2388 0.5474634
2389 0.7595881
2390 0.69589
2391 0.5430755
2392 0.2059921
2393 0.5687408
2394 0.5763104
2395 0.4162648
2396 0.3492532
2397 0.008966643
2398 0.5203309
2399 0.3897813
2400 0.5411505
2401 0.6430796
2402 0.2899052
2403 0.6729083
2404 0.763882
2405 0.459286
2406 0.6989355
2407 0.5380895
2408 0.6713859
2409 0.6385051
2410 0.7280697
2411 0.7321922
2412 0.6997346
2413 0.5390568
2414 0.182512
2415 0.1982487
2416 0.6713345
2417 0.5071755
2418 0.2679264
2419 0.03796822
2420 0.389394
2421 0.9418278
2422 0.4438102
2423 0.3763404
2424 0.9261123
2425 0.4624159
2426 0.8128146
2427 0.2821855
2428 0.4701639
2429 0.4794808
2430 0.2712788
2431 0.02546976
2432 0.5016817
2433 0.4788236
2434 0.7206734
2435 0.9049261
2436 0.4502813
2437 0.9942189
2438 0.2530662
2439 0.7979522
2440 0.7429872
2441 0.5321213
2442 0.3988765
2443 0.1160445
2444 0.4966569
2445 0.6015812
2446 0.3870763
2447 0.6563738
2448 0.1812372
2449 0.6686867
2450 0.17593
2451 0.6789878
2452 0.2847184
2453 0.09186431
2454 0.556828
2455 0.869914
2456 0.4061875
2457 0.1083221
2458 0.3968605
2459 0.7435751
2460 0.785983
2461 0.05650852
2462 0.09825479
2463 0.5721583
2464 0.4637841
2465 0.04114196
2466 0.8065573
2467 0.3737565
2468 0.6294874
2469 0.6306081
2470 0.2679611
2471 0.8700755
2472 0.9439086
2473 0.8861997
2474 0.5909456
2475 0.8086695
2476 0.8110146
2477 0.6664419
2478 0.5368829
2479 0.08651565
2480 0.9018049
2481 0.7229346
2482 0.3351464
2483 0.688833
2484 0.798417
2485 0.7514645
2486 0.5367919
2487 0.3957732
2488 0.3576499
2489 0.7082244
2490 0.1375995
2491 0.1187909
2492 0.008339862
2493 0.1369507
2494 0.02680051
2495 0.2746134
2496 0.4225707
2497 0.5694483
2498 0.5588739
2499 0.9186187
2500 0.6443232
2501 0.1376474
2502 0.6244901
2503 0.4115967
2504 0.5198159
2505 0.0507401
2506 0.1181373
2507 0.2251357
2508 0.6578515
2509 0.1379376
2510 0.176432
2511 0.4825245
2512 0.2623993
2513 0.5135261
2514 0.1181088
2515 0.3878946
2516 0.2385271
2517 0.2592146
2518 0.3923302
2519 0.2149397
2520 0.8550811
2521 0.1846586
2522 0.1542095
2523 0.4333544
2524 0.5347363
2525 0.08726759
2526 0.7907178
2527 0.03094489
2528 0.7705941
2529 0.8680453
2530 0.06778329
2531 0.09433307
2532 0.5155074
2533 0.797613
2534 0.8038993
2535 0.1636786
2536 0.4741058
2537 0.6463941
2538 0.5837857
2539 0.3420088
2540 0.07818376
2541 0.9985601
2542 0.7465739
2543 0.7548476
2544 0.2759744
2545 0.156481
2546 0.09751929
2547 0.4836068
2548 0.673091
2549 0.8582927
2550 0.5041112
2551 0.08429384
2552 0.6898166
2553 0.1037815
2554 0.1682188
2555 0.2720895
2556 0.3535111
2557 0.185675
2558 0.07248849
2559 0.03052738
2560 0.3026873
2561 0.7255351
2562 0.931994
2563 0.7147039
2564 0.4356652
2565 0.1918951
2566 0.1998052
2567 0.2375172
2568 0.1790469
2569 0.7768826
2570 0.1856964
2571 0.7588391
2572 0.8564353
2573 0.3371944
2574 0.7590974
2575 0.8351037
2576 0.7049075
2577 0.5001091
2578 0.4046554
2579 0.1819067
2580 0.4108993
2581 0.9195266
2582 0.5691517
2583 0.7756518
2584 0.1707629
2585 0.1522549
2586 0.4033369
2587 0.04167917
2588 0.8800406
2589 0.6548513
2590 0.4080861
2591 0.7062179
2592 0.7028638
2593 0.3712939
2594 0.2707841
2595 0.9153431
2596 0.1773106
2597 0.8222048
2598 0.1360376
2599 0.4434995
2600 0.458975
2601 0.5471321
2602 0.7119308
2603 0.293481
2604 0.290827
2605 0.3401739
2606 0.2662635
2607 0.9611637
2608 0.03570733
2609 0.3284107
2610 0.4546991
2611 0.6788215
2612 0.2248794
2613 0.05806913
2614 0.2514031
2615 0.2162775
2616 0.6187898
2617 0.628779
2618 0.4596648
2619 0.0830453
2620 0.2184344
2621 0.02442955
2622 0.2005012
2623 0.8751569
2624 0.8604692
2625 0.07991732
2626 0.7594085
2627 0.2954115
2628 0.94725
2629 0.3472188
2630 0.6381247
2631 0.08823827
2632 0.1504782
2633 0.4668308
2634 0.144803
2635 0.07629822
2636 0.2304313
2637 0.6900964
2638 0.1117426
2639 0.1012069
2640 0.5875702
2641 0.7060597
2642 0.04437336
2643 0.1059359
2644 0.3472498
2645 0.5567502
2646 0.8826807
2647 0.2798789
2648 0.741007
2649 0.0422571
2650 0.5556826
2651 0.06927233
2652 0.05216422
2653 0.04396302
2654 0.3171624
2655 0.4755116
2656 0.3264505
2657 0.6318075
2658 0.2518559
2659 0.7408784
2660 0.1042583
2661 0.2721259
2662 0.09968059
2663 0.5800109
2664 0.3096484
2665 0.7157112
2666 0.3089003
2667 0.02326586
2668 0.2935489
2669 0.3689348
2670 0.7298526
2671 0.8935006
2672 0.4133586
2673 0.2408462
2674 0.4890098
2675 0.3862365
2676 0.6534646
2677 0.3218227
2678 0.4340478
2679 0.5813375
2680 0.7871111
2681 0.09691743
2682 0.5267124
2683 0.3468182
2684 0.05531379
2685 0.1207366
2686 0.4538969
2687 0.7312594
2688 0.6760153
2689 0.9034537
2690 0.0769265
2691 0.489433
2692 0.4761801
2693 0.312732
2694 0.07635075
2695 0.6979455
2696 0.0134259
2697 0.8270699
2698 0.5195833
2699 0.6369762
2700 0.1905297
2701 0.3642057
2702 0.4735167
2703 0.111793
2704 0.6843728
2705 0.4656039
2706 0.5456315
2707 0.4245682
2708 0.7664779
2709 0.163629
2710 0.5039346
2711 0.7627642
2712 0.2284337
2713 0.133704
2714 0.9192046
2715 0.1638578
2716 0.6729335
2717 0.1308568
2718 0.9125868
2719 0.3095861
2720 0.5065447
2721 0.1865083
2722 0.3174062
2723 0.7625568
2724 0.8608481
2725 0.6121022
2726 0.6770848
2727 0.6764461
2728 0.4883616
2729 0.1357084
2730 0.7098212
2731 0.3843959
2732 0.1195914
2733 0.7010336
2734 0.9272287
2735 0.4500138
2736 0.6154123
2737 0.2586096
2738 0.7250446
2739 0.2029255
2740 0.07527207
2741 0.8130318
2742 0.2387535
2743 0.1181284
2744 0.6354004
2745 0.4027509
2746 0.07232154
2747 0.6123213
2748 0.8510246
2749 0.5777296
2750 0.6135151
2751 0.546818
2752 0.4592189
2753 0.8041206
2754 0.9223134
2755 0.4982639
2756 0.2191311
2757 0.6903124
2758 0.3279792
2759 0.2817867
2760 0.3746138
2761 0.01757791
2762 0.4347686
2763 0.7037146
2764 0.4214358
2765 0.7736518
2766 0.6489838
2767 0.3459778
2768 0.8992533
2769 0.8215495
2770 0.8524106
2771 0.921677
2772 0.1083003
2773 0.7950931
2774 0.2718096
2775 0.8471034
2776 0.1819023
2777 0.4754878
2778 0.6661823
2779 0.435165
2780 0.2285736
2781 0.4525772
2782 0.1574333
2783 0.4940148
2784 0.1080733
2785 0.1056407
2786 0.3891516
2787 0.7403113
2788 0.5367999
2789 0.8434898
2790 0.09291607
2791 0.4651206
2792 0.6898179
2793 0.0760365
2794 0.5543956
2795 0.7077099
2796 0.215365
2797 0.5346978
2798 0.1321811
2799 0.06085011
2800 0.3927468
2801 0.4509488
2802 0.3216542
2803 0.06202425
2804 0.3428797
2805 0.2043616
2806 0.04340109
2807 0.2186179
2808 0.6183279
2809 0.2581298
2810 0.8100847
2811 0.2660966
2812 0.1106398
2813 0.6437167
2814 0.09547838
2815 0.2259253
2816 0.08124244
2817 0.0127743
2818 0.8796208
2819 0.9118952
2820 0.4224159
2821 0.53381
2822 0.3911918
2823 0.01148163
2824 0.3100915
2825 0.9069347
2826 0.1182582
2827 0.5781833
2828 0.516564
2829 0.09287157
2830 0.273379
2831 0.1066858
2832 0.9721065
2833 0.5749263
2834 0.1035116
2835 0.02531007
2836 0.7343666
2837 0.7843721
2838 0.2296608
2839 0.1420396
2840 0.354309
2841 0.133783
2842 0.2357918
2843 0.4293571
2844 0.6471246
2845 0.1593088
2846 0.6249566
2847 0.07831896
2848 0.5563191
2849 0.5049526
2850 0.7571404
2851 0.9708346
2852 0.5247746
2853 0.5060631
2854 0.3508138
2855 0.1540034
2856 0.4160499
2857 0.6266927
2858 0.176595
2859 0.4927391
2860 0.3265312
2861 0.5104935
2862 0.8575895
2863 0.7140344
2864 0.5789392
2865 0.1381738
2866 0.5741267
2867 0.2962031
2868 0.519451
2869 0.1234598
2870 0.03343267
2871 0.8574749
2872 0.06879117
2873 0.5667656
2874 0.4598454
2875 0.599982
2876 0.4461026
2877 0.114858
2878 0.1474255
2879 0.05567755
2880 0.01926628
2881 0.007639306
2882 0.03812698
2883 0.3436351
2884 0.7901416
2885 0.2393671
2886 0.01289588
2887 0.7110675
2888 0.05874456
2889 0.04350277
2890 0.4949251
2891 0.02316495
2892 0.7217511
2893 0.01363725
2894 0.09377177
2895 0.640502
2896 0.5884448
2897 0.4571638
2898 0.3028655
2899 0.2301594
2900 0.4230318
2901 0.2001555
2902 0.722585
2903 0.09410868
2904 0.6308109
2905 0.6643211
2906 0.4729351
2907 0.2037795
2908 0.04690337
2909 0.3868942
2910 0.5214937
2911 0.1286512
2912 0.1864698
2913 0.8750728
2914 0.007043179
2915 0.5028655
2916 0.4628774
2917 0.3871183
2918 0.598484
2919 0.1599963
2920 0.21074
2921 0.7329249
2922 0.6529696
2923 0.003394805
2924 0.02491942
2925 0.2379073
2926 0.7924431
2927 0.2335701
2928 0.02111164
2929 0.05268857
2930 0.1083601
2931 0.5152658
2932 0.5704521
2933 0.4634385
2934 0.1005938
2935 0.2255872
2936 0.2919975
2937 0.2020036
2938 0.00994539
2939 0.7675236
2940 0.6758237
2941 0.4430027
2942 0.8804597
2943 0.6976606
2944 0.4369525
2945 0.5492455
2946 0.7377764
2947 0.7759656
2948 0.05762456
2949 0.09204793
2950 0.2779794
2951 0.06861311
2952 0.8132769
2953 0.5650529
2954 0.5361939
2955 0.06569181
2956 0.8153815
2957 0.7104529
2958 0.1563261
2959 0.0294463
2960 0.03291564
2961 0.00146977
2962 0.7592472
2963 0.03168614
2964 0.1261322
2965 0.06656082
2966 0.3398667
2967 0.6324434
2968 0.1666003
2969 0.3570649
2970 0.5330361
2971 0.5843246
2972 0.5332176
2973 0.5017748
2974 0.5626994
2975 0.5514487
2976 0.2771412
2977 0.26812
2978 0.6335631
2979 0.8087467
2980 0.4992797
2981 0.05094173
2982 0.01718681
2983 0.8195644
2984 0.3691468
2985 0.8514159
2986 0.163635
2987 0.08242389
2988 0.7436131
2989 0.6268628
2990 0.4541988
2991 0.3198008
2992 0.6626912
2993 0.8581565
2994 0.4918432
2995 0.1967752
2996 0.2036408
2997 0.1445782
2998 0.5291194
2999 0.02978785
3000 0.180914
3001 0.3380866
3002 0.1487121
3003 0.3062478
3004 0.2723143
3005 0.3218245
3006 0.2465372
3007 0.6713042
3008 0.321053
3009 0.007366687
3010 0.623089
3011 0.8677817
3012 0.3900982
3013 0.4573285
3014 0.7713879
3015 0.4031237
3016 0.3699989
3017 0.1774714
3018 0.7602644
3019 0.7246408
3020 0.1315771
3021 0.5815912
3022 0.6227446
3023 0.600506
3024 0.2798418
3025 0.1363255
3026 0.7645163
3027 0.09259428
3028 0.8395315
3029 0.2959365
3030 0.1860398
3031 0.6359404
3032 0.1664356
3033 0.004958579
3034 0.01266458
3035 0.178799
3036 0.528566
3037 0.2073684
3038 0.4337254
3039 0.6438077
3040 0.6430518
3041 0.9349077
3042 0.4189159
3043 0.3985861
3044 0.425979
3045 0.7508289
3046 0.9488142
3047 0.3905082
3048 0.2699535
3049 0.7466769
3050 0.7749176
3051 0.3356309
3052 0.06503803
3053 0.1481381
3054 0.6223746
3055 0.2859051
3056 0.7317599
3057 0.8051975
3058 0.1382687
3059 0.8633907
3060 0.00604222
3061 0.006260979
3062 0.01264833
3063 0.4398162
3064 0.6599082
3065 0.7026569
3066 0.03044693
3067 0.437674
3068 0.01900263
3069 0.08313369
3070 0.8838466
3071 0.581807
3072 0.4637603
3073 0.412522
3074 0.1182033
3075 0.4406741
3076 0.3196151
3077 0.1549934
3078 0.6616299
3079 0.0922623
3080 0.3161462
3081 0.623443
3082 0.3742295
3083 0.7417973
3084 0.1253655
3085 0.04233854
3086 0.5855668
3087 0.7131614
3088 0.2299442
3089 0.0551172
3090 0.2438672
3091 0.9386284
3092 0.3164125
3093 0.7207414
3094 0.4232282
3095 0.04721228
3096 0.2140778
3097 0.208429
3098 0.1513435
3099 0.5385381
3100 0.4660942
3101 0.06734651
3102 0.7082603
3103 0.412339
3104 0.6594459
3105 0.1411979
3106 0.4032305
3107 0.6858967
3108 0.4559978
3109 0.9178481
3110 0.2657987
3111 0.4216164
3112 0.5639065
3113 0.7472234
3114 0.706489
3115 0.2855869
3116 0.4914939
3117 0.7751633
3118 0.03685376
3119 0.02064816
3120 0.5005585
3121 0.04066407
3122 0.6316219
3123 0.2891763
3124 0.8873994
3125 0.08846129
3126 0.07589844
3127 0.517506
3128 0.4172251
3129 0.8730574
3130 0.4139185
3131 0.9437188
3132 0.01131927
3133 0.5555299
3134 0.125463
3135 0.5244804
3136 0.4932828
3137 0.388432
3138 0.4625728
3139 0.8929406
3140 0.8055824
3141 0.9778225
3142 0.6578919
3143 0.3870262
3144 0.4792053
3145 0.5117239
3146 0.8182132
3147 0.3335333
3148 0.05214753
3149 0.2313975
3150 0.4838248
3151 0.9282847
3152 0.08056087
3153 0.9427329
3154 0.04304548
3155 0.1079836
3156 0.6747935
3157 0.3014761
3158 0.05846916
3159 0.05427727
3160 0.8401502
3161 0.4833757
3162 0.2522386
3163 0.2482957
3164 0.04996506
3165 0.2665139
3166 0.5134001
3167 0.3089112
3168 0.5466814
3169 0.01732027
3170 0.2977344
3171 0.2416547
3172 0.65271
3173 0.6016518
3174 0.7013715
3175 0.008270895
3176 0.2813405
3177 0.6897811
3178 0.3319458
3179 0.06962839
3180 0.9417238
3181 0.3657522
3182 0.8299419
3183 0.8800443
3184 0.7825036
3185 0.4649791
3186 0.2756796
3187 0.5868754
3188 0.2984106
3189 0.7315894
3190 0.1821933
3191 0.2727611
3192 0.07666207
3193 0.2442319
3194 0.360919
3195 0.2463946
3196 0.06749034
3197 0.04515322
3198 0.3771562
3199 0.05666429
3200 0.7666407
3201 0.3235581
3202 0.5277437
3203 0.6446252
3204 0.1204978
3205 0.5901845
3206 0.2563294
3207 0.9427098
3208 0.4917832
3209 0.7813081
3210 0.2457573
3211 0.7524413
3212 0.7670581
3213 0.1953851
3214 0.2591523
3215 0.5775931
3216 0.1008787
3217 0.4625384
3218 0.2287845
3219 0.3153065
3220 0.5641275
3221 0.1634288
3222 0.4169047
3223 0.05349021
3224 0.3280081
3225 0.8355281
3226 0.4399908
3227 0.8707336
3228 0.3871185
3229 0.2465829
3230 0.5650787
3231 0.6709227
3232 0.001525248
3233 0.5726595
3234 0.32514
3235 0.8697557
3236 0.9308993
3237 0.545802
3238 0.1821865
3239 0.2831602
3240 0.7802452
3241 0.07245271
3242 0.3831359
3243 0.7323059
3244 0.335563
3245 0.01834094
3246 0.06563957
3247 0.06323899
3248 0.6630345
3249 0.3715819
3250 0.9502817
3251 0.2532223
3252 0.9252781
3253 0.8491604
3254 0.2278057
3255 0.7878268
3256 0.1105641
3257 0.6723476
3258 0.2242836
3259 0.1577738
3260 0.06517941
3261 0.5291991
3262 0.1600137
3263 0.3323211
3264 0.8501714
3265 0.6696804
3266 0.7586213
3267 0.8063017
3268 0.7334192
3269 0.9203475
3270 0.8755202
3271 0.5229436
3272 0.5232689
3273 0.1148306
3274 0.5675176
3275 0.06531122
3276 0.3399632
3277 0.09935829
3278 0.6629378
3279 0.2993659
3280 0.09512747
3281 0.3591571
3282 0.04903024
3283 0.4791665
3284 0.889001
3285 0.90572
3286 0.08615619
3287 0.1354124
3288 0.4587041
3289 0.1916625
3290 0.291729
3291 0.1838468
3292 0.668694
3293 0.08106963
3294 0.002998766
3295 0.5868083
3296 0.3469676
3297 0.2045979
3298 0.2313992
3299 0.4156014
3300 0.2697824
3301 0.2526759
3302 0.2692835
3303 0.5180172
3304 0.1784415
3305 0.9292886
3306 0.3196199
3307 0.08783102
3308 0.8355238
3309 0.5341558
3310 0.0192445
3311 0.2081155
3312 0.06294283
3313 0.02887965
3314 0.5161235
3315 0.1885514
3316 0.2033039
3317 0.3811803
3318 0.4270464
3319 0.5488756
3320 0.1163842
3321 0.3038073
3322 0.5057968
3323 0.9651475
3324 0.6438622
3325 0.3466326
3326 0.1141127
3327 0.3118477
3328 0.8379501
3329 0.6489561
3330 0.2441445
3331 0.5875004
3332 0.7246359
3333 0.1094052
3334 0.4907436
3335 0.8899618
3336 0.008043518
3337 0.5536456
3338 0.7294133
3339 0.7084043
3340 0.1707319
3341 0.5849379
3342 0.8478682
3343 0.02026361
3344 0.5764851
3345 0.3375243
3346 0.7411189
3347 0.7091066
3348 0.9110686
3349 0.05600078
3350 0.4920154
3351 0.7276926
3352 0.5481112
3353 0.4688738
3354 0.5389845
3355 0.2770913
3356 0.6622173
3357 0.09920623
3358 0.05183052
3359 0.3047166
3360 0.2145921
3361 0.862444
3362 0.8413128
3363 0.6472816
3364 0.4790502
3365 0.5125812
3366 0.5859292
3367 0.2842022
3368 0.4769557
3369 0.3986606
3370 0.4381153
3371 0.303924
3372 0.5793955
3373 0.6629258
3374 0.8374704
3375 0.3373271
3376 0.01815291
3377 0.8710137
3378 0.5038799
3379 0.3768276
3380 0.5342083
3381 0.06934758
3382 0.183166
3383 0.2112084
3384 0.4944508
3385 0.8363864
3386 0.2091827
3387 0.5993153
3388 0.5079246
3389 0.8236707
3390 0.4449359
3391 0.7920752
3392 0.09345351
3393 0.2570982
3394 0.201806
3395 0.7913975
3396 0.1664846
3397 0.05613617
3398 0.3951016
3399 0.3731453
3400 0.8231286
3401 0.7586605
3402 0.7603347
3403 0.3185844
3404 0.1178806
3405 0.09677616
3406 0.02529373
3407 0.3047054
3408 0.08857384
3409 0.3000776
3410 0.06084765
3411 0.6267903
3412 0.470949
3413 0.01231123
3414 0.8193221
3415 0.5213244
3416 0.1433096
3417 0.0802124
3418 0.8624929
3419 0.7673353
3420 0.858418
3421 0.2592238
3422 0.8480868
3423 0.1557553
3424 0.370981
3425 0.4874413
3426 0.6537819
3427 0.6706255
3428 0.3714539
3429 0.7047409
3430 0.04396263
3431 0.5433972
3432 0.01754054
3433 0.6902625
3434 0.2126703
3435 0.2620318
3436 0.1459313
3437 0.5168746
3438 0.8083325
3439 0.7345326
3440 0.05271284
3441 0.7020388
3442 0.2448566
3443 0.6823894
3444 0.3640765
3445 0.1460434
3446 0.4748043
3447 0.4241291
3448 0.8236039
3449 0.7609775
3450 0.4974717
3451 0.2194971
3452 0.7663054
3453 0.4076421
3454 0.4390612
3455 0.3588476
3456 0.6178165
3457 0.8714088
3458 0.3686215
3459 0.9667757
3460 0.2163084
3461 0.06833128
3462 0.9411163
3463 0.827572
3464 0.3353498
3465 0.4692487
3466 0.479772
3467 0.7093948
3468 0.338465
3469 0.0106054
3470 0.6903858
3471 0.2564334
3472 0.9435606
3473 0.3912148
3474 0.6612919
3475 0.7996736
3476 0.6173977
3477 0.144825
3478 0.9304164
3479 0.8738032
3480 0.06573205
3481 0.2314549
3482 0.6048949
3483 0.1000219
3484 0.7254484
3485 0.9536189
3486 0.6684301
3487 0.05140961
3488 0.4189387
3489 0.4874221
3490 0.4082468
3491 0.5144195
3492 0.06856334
3493 0.4673813
3494 0.5591537
3495 0.5696814
3496 0.06416185
3497 0.2831003
3498 0.8095321
3499 0.1569294
3500 0.5744316
3501 0.104585
3502 0.739564
3503 0.1365544
3504 0.6323637
3505 0.102411
3506 0.2054579
3507 0.1186901
3508 0.6494829
3509 0.6011327
3510 0.5706865
3511 0.7208701
3512 0.783309
3513 0.3941218
3514 0.02363137
3515 0.7680737
3516 0.5002702
3517 0.6297163
3518 0.3423886
3519 0.2948472
3520 0.2754367
3521 0.03145497
3522 0.6478681
3523 0.4096336
3524 0.6418329
3525 0.7215587
3526 0.2135213
3527 0.8376136
3528 0.5654756
3529 0.2071205
3530 0.01920224
3531 0.1318333
3532 0.4990274
3533 0.2295381
3534 0.0005602534
3535 0.4995207
3536 0.4392091
3537 0.1681091
3538 0.6465747
3539 0.1425256
3540 0.3053315
3541 0.1127377
3542 0.7811284
3543 0.2788385
3544 0.5885034
3545 0.2409214
3546 0.5598055
3547 0.538733
3548 0.4182842
3549 0.9720271
3550 0.7029066
3551 0.5056505
3552 0.7143615
3553 0.002830405
3554 0.4038464
3555 0.2889041
3556 0.41126
3557 0.06779056
3558 0.904982
3559 0.12433
3560 0.1103431
3561 0.6339755
3562 0.02913405
3563 0.6110497
3564 0.7519671
3565 0.04048151
3566 0.7812093
3567 0.6917583
3568 0.743608
3569 0.9071688
3570 0.2002563
3571 0.3167802
3572 0.729811
3573 0.1011517
3574 0.2441719
3575 0.8436361
3576 0.2938965
3577 0.4468951
3578 0.8598756
3579 0.8181638
3580 0.9731708
3581 0.7914546
3582 0.5018773
3583 0.7314941
3584 0.3508411
3585 0.6333226
3586 0.01416321
3587 0.4326085
3588 0.2490489
3589 0.4310318
3590 0.4775429
3591 0.6550023
3592 0.2176227
3593 0.3659336
3594 0.01677858
3595 0.6236547
3596 0.4072971
3597 0.7309456
3598 0.3120123
3599 0.5581602
3600 0.234015
3601 0.7581673
3602 0.5896944
3603 0.1790169
3604 0.4759062
3605 0.4716151
3606 0.8646559
3607 0.5053464
3608 0.740837
3609 0.7334184
3610 0.6365102
3611 0.8190383
3612 0.7100097
3613 0.4009027
3614 0.6120705
3615 0.7476473
3616 0.2998042
3617 0.8165856
3618 0.9150471
3619 0.297841
3620 0.7883295
3621 0.4287191
3622 0.8480241
3623 0.159516
3624 0.09737514
3625 0.7884139
3626 0.3042659
3627 0.5001122
3628 0.07615606
3629 0.01662213
3630 0.02755858
3631 0.260283
3632 0.1255823
3633 0.59045
3634 0.818148
3635 0.1978534
3636 0.4754644
3637 0.209573
3638 0.01848594
3639 0.410064
3640 0.3812958
3641 0.883971
3642 0.2007192
3643 0.50759
3644 0.4063402
3645 0.3842217
3646 0.6141469
3647 0.1945628
3648 0.872156
3649 0.3326042
3650 0.1421892
3651 0.5432293
3652 0.3741498
3653 0.3799814
3654 0.6359841
3655 0.4830779
3656 0.6604714
3657 0.435787
3658 0.03962431
3659 0.3847869
3660 0.2486968
3661 0.3873335
3662 0.5474283
3663 0.2946143
3664 0.5209682
3665 0.7777234
3666 0.2865162
3667 0.3036233
3668 0.8328849
3669 0.2254554
3670 0.1767711
3671 0.2397592
3672 0.7122138
3673 0.6758649
3674 0.8673631
3675 0.6787764
3676 0.3213877
3677 0.1322715
3678 0.5972756
3679 0.2992527
3680 0.9206834
3681 0.1519335
3682 0.2188718
3683 0.8644756
3684 0.0851293
3685 0.06771364
3686 0.6996886
3687 0.5766605
3688 0.3011588
3689 0.4965701
3690 0.9835109
3691 0.9099462
3692 0.1215424
3693 0.444356
3694 0.3787315
3695 0.4345262
3696 0.09371387
3697 0.3628754
3698 0.7526824
3699 0.6491371
3700 0.2266469
3701 0.4837472
3702 0.2858527
3703 0.944745
3704 0.3825705
3705 0.3672804
3706 0.7566602
3707 0.6144217
3708 0.3816191
3709 0.2405916
3710 0.3488932
3711 0.7138325
3712 0.6957118
3713 0.3223572
3714 0.1767875
3715 0.0615762
3716 0.4387936
3717 0.5407839
3718 0.02442645
3719 0.4361808
3720 0.1397093
3721 0.535423
3722 0.221493
3723 0.9100231
3724 0.2278914
3725 0.501326
3726 0.3606924
3727 0.6330329
3728 0.2828848
3729 0.8438686
3730 0.4606101
3731 0.2733651
3732 0.1135421
3733 0.2235318
3734 0.07432315
3735 0.3395218
3736 0.1380968
3737 0.3449644
3738 0.5202994
3739 0.06770361
3740 0.7671827
3741 0.4841091
3742 0.8216958
3743 0.4711844
3744 0.936964
3745 0.9305313
3746 0.5919882
3747 0.7378027
3748 0.07252762
3749 0.8035459
3750 0.9360787
3751 0.7741903
3752 0.2526752
3753 0.5079253
3754 0.4666661
3755 0.8671364
3756 0.80992
3757 0.0367765
3758 0.04731126
3759 0.4766399
3760 0.1431147
3761 0.5436468
3762 0.7571359
3763 0.4151544
3764 0.3500758
3765 0.6139224
3766 0.810459
3767 0.7618498
3768 0.6407795
3769 0.5292482
3770 0.4145705
3771 0.2894228
3772 0.126713
3773 0.2689863
3774 0.2647791
3775 0.3848325
3776 0.4175574
3777 0.6047146
3778 0.7139439
3779 0.7904259
3780 0.8217785
3781 0.0389727
3782 0.43956
3783 0.5326802
3784 0.2966569
3785 0.1290908
3786 0.3822492
3787 0.3324805
3788 0.1151745
3789 0.1164278
3790 0.6140091
3791 0.2819161
3792 0.4408624
3793 0.04373017
3794 0.3126783
3795 0.226349
3796 0.7856173
3797 0.6664728
3798 0.4963869
3799 0.2755819
3800 0.682682
3801 0.7378578
3802 0.4447973
3803 0.5941747
3804 0.05455699
3805 0.4494959
3806 0.173568
3807 0.1879988
3808 0.1184658
3809 0.9896063
3810 0.5834017
3811 0.02964854
3812 0.4786413
3813 0.5752436
3814 0.7850874
3815 0.1885263
3816 0.1640911
3817 0.3173656
3818 0.6686518
3819 0.1455793
3820 0.1787179
3821 0.2929441
3822 0.6442376
3823 0.4046589
3824 0.4061203
3825 0.3713359
3826 0.4213605
3827 0.5540659
3828 0.2355981
3829 0.7994448
3830 0.6296487
3831 0.61388
3832 0.348076
3833 0.5198028
3834 0.7125485
3835 0.1483045
3836 0.3633237
3837 0.3845516
3838 0.2569224
3839 0.5294517
3840 0.04565329
3841 0.5868342
3842 0.8604618
3843 0.4739306
3844 0.0634177
3845 0.1620513
3846 0.3191516
3847 0.5066256
3848 0.6717567
3849 0.8151862
3850 0.5918911
3851 0.461883
3852 0.8484765
3853 0.1534093
3854 0.4416588
3855 0.5904073
3856 0.8558254
3857 0.6810122
3858 0.4434864
3859 0.1029855
3860 0.5071116
3861 0.7038529
3862 0.453489
3863 0.4528735
3864 0.4783161
3865 0.5630007
3866 0.6682723
3867 0.8525466
3868 0.1159855
3869 0.9441491
3870 0.03537636
3871 0.2457649
3872 0.5350176
3873 0.1020524
3874 0.89382
3875 0.05329755
3876 0.2458921
3877 0.07457014
3878 0.3790295
3879 0.3780816
3880 0.2851309
3881 0.4332628
3882 0.1541928
3883 0.4028584
3884 0.1792505
3885 0.5156855
3886 0.3047789
3887 0.7260766
3888 0.8157575
3889 0.3613992
3890 0.1522746
3891 0.685333
3892 0.1031956
3893 0.5465184
3894 0.1854682
3895 0.9353885
3896 0.05701074
3897 0.07001051
3898 0.5431974
3899 0.7004648
3900 0.01396261
3901 0.6658882
3902 0.9905858
3903 0.7140063
3904 0.005548802
3905 0.744722
3906 0.5182432
3907 0.351052
3908 0.3758796
3909 0.6146716
3910 0.4779695
3911 0.03498764
3912 0.36727
3913 0.1015156
3914 0.4868503
3915 0.1731814
3916 0.3401885
3917 0.4647583
3918 0.9753768
3919 0.1718228
3920 0.1362877
3921 0.316154
3922 0.6182101
3923 0.1014492
3924 0.8680107
3925 0.06461602
3926 0.8514067
3927 0.9555868
3928 0.741964
3929 0.368838
3930 0.3629977
3931 0.2405131
3932 0.3065634
3933 0.005922545
3934 0.5289244
3935 0.7203341
3936 0.08849212
3937 0.2761102
3938 0.6788265
3939 0.3737115
3940 0.6431832
3941 0.11843
3942 0.8310294
3943 0.6702141
3944 0.6563043
3945 0.1157821
3946 0.07802898
3947 0.9400651
3948 0.139086
3949 0.6983124
3950 0.1636474
3951 0.8271365
3952 0.9005353
3953 0.04612207
3954 0.6208283
3955 0.1568789
3956 0.07527583
3957 0.1825495
3958 0.6328514
3959 0.2682696
3960 0.9721384
3961 0.6218821
3962 0.3843385
3963 0.6320908
3964 0.1452369
3965 0.5459363
3966 0.301061
3967 0.2670392
3968 0.7461369
3969 0.1490247
3970 0.7918765
3971 0.7117414
3972 0.1606874
3973 0.9391661
3974 0.4195713
3975 0.6062546
3976 0.4379712
3977 0.2862508
3978 0.172382
3979 0.3187887
3980 0.09495822
3981 0.8094572
3982 0.2489778
3983 0.0004283781
3984 0.4604885
3985 0.81812
3986 0.6410125
3987 0.6848757
3988 0.7640009
3989 0.4621284
3990 0.6838548
3991 0.2883176
3992 0.2336401
3993 0.5001768
3994 0.01434046
3995 0.3299728
3996 0.08806498
3997 0.7100272
3998 0.687001
3999 0.1982949
4000 0.8236632
4001 0.25443
4002 0.0620521
4003 0.5039274
4004 0.1358584
4005 0.7010207
4006 0.615246
4007 0.7300386
4008 0.3617226
4009 0.5599778
4010 0.6465613
4011 0.8644772
4012 0.03708886
4013 0.1859567
4014 0.4923088
4015 0.5782795
4016 0.001960331
4017 0.4049655
4018 0.4828142
4019 0.03717049
4020 0.2505635
4021 0.01211285
4022 0.9118158
4023 0.07253723
4024 0.07090548
4025 0.3888331
4026 0.5489343
4027 0.4161829
4028 0.4215628
4029 0.6440281
4030 0.5940743
4031 0.5977107
4032 0.2776284
4033 0.831187
4034 0.2465061
4035 0.645651
4036 0.3764498
4037 0.6513775
4038 0.6962623
4039 0.1571998
4040 0.8779262
4041 0.4690931
4042 0.3387044
4043 0.3455182
4044 0.5401766
4045 0.4148613
4046 0.1061223
4047 0.536851
4048 0.4115382
4049 0.2036668
4050 0.4275682
4051 0.7986641
4052 0.5973834
4053 0.9398549
4054 0.5828733
4055 0.4800888
4056 0.3334697
4057 0.3187685
4058 0.3074705
4059 0.3012198
4060 0.1140282
4061 0.1130093
4062 0.6590222
4063 0.2782858
4064 0.04578301
4065 0.791051
4066 0.2890874
4067 0.7866736
4068 0.01257665
4069 0.1903197
4070 0.1317807
4071 0.2180995
4072 0.08358502
4073 0.3337987
4074 0.1291552
4075 0.6508349
4076 0.3308518
4077 0.2992653
4078 0.3947948
4079 0.0519503
4080 0.8401487
4081 0.003127628
4082 0.4888465
4083 0.03559205
4084 0.1518937
4085 0.5741334
4086 0.3774526
4087 0.1417532
4088 0.7577579
4089 0.1158617
4090 0.501297
4091 0.2679542
4092 0.722298
4093 0.3490713
4094 0.06625144
4095 0.8472169
4096 0.4547807
4097 0.1715117
4098 0.9435028
4099 0.3154161
4100 0.4290676
4101 0.2535258
4102 0.5056217
4103 0.5246448
4104 0.5247329
4105 0.6901571
4106 0.08148225
4107 0.2399937
4108 0.6834394
4109 0.1334529
4110 0.1076512
4111 0.3945509
4112 0.08185813
4113 0.1799931
4114 0.7124778
4115 0.006907018
4116 0.4986209
4117 0.2621248
4118 0.1032894
4119 0.7332858
4120 0.382596
4121 0.8574895
4122 0.09306062
4123 0.6467161
4124 0.4535995
4125 0.9409325
4126 0.6047107
4127 0.4071372
4128 0.8111208
4129 0.5420257
4130 0.5283638
4131 0.1225993
4132 0.378869
4133 0.309697
4134 0.5939471
4135 0.987857
4136 0.1072943
4137 0.07611282
4138 0.9267102
4139 0.366661
4140 0.7476732
4141 0.261009
4142 0.4353243
4143 0.6092597
4144 0.112565
4145 0.4068131
4146 0.5366736
4147 0.5473415
4148 0.8910375
4149 0.138355
4150 0.4758833
4151 0.6129438
4152 0.2951028
4153 0.02989655
4154 0.1925476
4155 0.23266
4156 0.4336929
4157 0.4394921
4158 0.4925173
4159 0.9008319
4160 0.5157634
4161 0.2332184
4162 0.6479754
4163 0.8543284
4164 0.09145104
4165 0.02259528
4166 0.7986516
4167 0.03522394
4168 0.3119962
4169 0.1767067
4170 0.4515729
4171 0.06472994
4172 0.7556449
4173 0.159192
4174 0.9323784
4175 0.1548667
4176 0.581571
4177 0.1144103
4178 0.1723619
4179 0.7722227
4180 0.02774476
4181 0.4235098
4182 0.8200685
4183 0.2101854
4184 0.7400286
4185 0.6121986
4186 0.7793135
4187 0.3753518
4188 0.7600582
4189 0.7903965
4190 0.6238064
4191 0.26788
4192 0.4419002
4193 0.05309515
4194 0.1744219
4195 0.3764705
4196 0.6113106
4197 0.8159547
4198 0.6207691
4199 0.3830202
4200 0.5531079
4201 0.418986
4202 0.4955616
4203 0.4825119
4204 0.5931463
4205 0.285405
4206 0.0339428
4207 0.4066276
4208 0.4892238
4209 0.4780039
4210 0.2158089
4211 0.5174927
4212 0.3188702
4213 0.4896403
4214 0.1562127
4215 0.6250603
4216 0.4568543
4217 0.2757512
4218 0.7485744
4219 0.648073
4220 0.8146198
4221 0.2710251
4222 0.6270297
4223 0.7225614
4224 0.2991225
4225 0.3485025
4226 0.6309601
4227 0.06421577
4228 0.6187641
4229 0.4898211
4230 0.5493122
4231 0.845573
4232 0.7120638
4233 0.7407282
4234 0.03181911
4235 0.5067999
4236 0.122784
4237 0.3669576
4238 0.7872248
4239 0.2545711
4240 0.5687668
4241 0.4508611
4242 0.4854729
4243 0.5029153
4244 0.4807478
4245 0.2126882
4246 0.5900312
4247 0.1789857
4248 0.6031532
4249 0.9136098
4250 0.6333429
4251 0.4123988
4252 0.2344604
4253 0.6401477
4254 0.4576253
4255 0.2044233
4256 0.5670762
4257 0.9676524
4258 0.1324586
4259 0.2433664
4260 0.5724928
4261 0.665081
4262 0.1230289
4263 0.8460741
4264 0.2213632
4265 0.6662975
4266 0.2790874
4267 0.503267
4268 0.6067095
4269 0.5261833
4270 0.1311959
4271 0.06006909
4272 0.3250956
4273 0.5762399
4274 0.3179314
4275 0.2574587
4276 0.3710612
4277 0.5612548
4278 0.6742695
4279 0.6713435
4280 0.8969833
4281 0.2979817
4282 0.7266628
4283 0.8037201
4284 0.314597
4285 0.7502177
4286 0.02457238
4287 0.6597306
4288 0.7463629
4289 0.8452753
4290 0.8301602
4291 0.7734034
4292 0.02853058
4293 0.3419618
4294 0.1789231
4295 0.03010403
4296 0.5960072
4297 0.9270262
4298 0.7162513
4299 0.5005757
4300 0.6515921
4301 0.4195433
4302 0.5005413
4303 0.3580932
4304 0.2076726
4305 0.06692628
4306 0.43089
4307 0.2734898
4308 0.8418808
4309 0.3817085
4310 0.7485427
4311 0.04520633
4312 0.1978783
4313 0.3444319
4314 0.05727039
4315 0.5929161
4316 0.6511497
4317 0.685001
4318 0.1710204
4319 0.4828152
4320 0.2026657
4321 0.6378737
4322 0.9006673
4323 0.4597421
4324 0.6754002
4325 0.8676506
4326 0.6854765
4327 0.2733034
4328 0.3366048
4329 0.9230884
4330 0.8340748
4331 0.5271638
4332 0.7018555
4333 0.8055734
4334 0.8342123
4335 0.1905107
4336 0.3421826
4337 0.7052485
4338 0.8158997
4339 0.5605845
4340 0.7652005
4341 0.5842228
4342 0.2458917
4343 0.5859422
4344 0.2868922
4345 0.6278639
4346 0.1653023
4347 0.9273172
4348 0.1080806
4349 0.898828
4350 0.5432951
4351 0.7187706
4352 0.9404759
4353 0.09949865
4354 0.1280691
4355 0.5390609
4356 0.07082781
4357 0.8094736
4358 0.4473199
4359 0.7127702
4360 0.3316258
4361 0.256162
4362 0.567044
4363 0.5867995
4364 0.3833612
4365 0.2648465
4366 0.1496283
4367 0.1769842
4368 0.161607
4369 0.88793
4370 0.692109
4371 0.5931815
4372 0.6824981
4373 0.4612928
4374 0.3263083
4375 0.7256626
4376 0.2406714
4377 0.5624333
4378 0.1248247
4379 0.7662327
4380 0.3913158
4381 0.2729062
4382 0.8680791
4383 0.08738297
4384 0.8604188
4385 0.4585445
4386 0.8773966
4387 0.6345775
4388 0.03214928
4389 0.4414721
4390 0.003266504
4391 0.1422197
4392 0.2965613
4393 0.5063897
4394 0.8142032
4395 0.3200077
4396 0.06237225
4397 0.8202874
4398 0.07284602
4399 0.7126703
4400 0.8347262
4401 0.8204229
4402 0.04361061
4403 0.1097913
4404 0.6154523
4405 0.269555
4406 0.3049104
4407 0.1344768
4408 0.01513251
4409 0.3732001
4410 0.4563651
4411 0.1906638
4412 0.3343134
4413 0.1392159
4414 0.1157694
4415 0.2584611
4416 0.4704783
4417 0.5878799
4418 0.9496085
4419 0.02127463
4420 0.2608154
4421 0.9158869
4422 0.3873742
4423 0.5468235
4424 0.3351155
4425 0.3419751
4426 0.04559335
4427 0.855654
4428 0.1323771
4429 0.6199427
4430 0.4508404
4431 0.2456935
4432 0.1091857
4433 0.5892453
4434 0.9730469
4435 0.7023576
4436 0.8466349
4437 0.5300959
4438 0.6655002
4439 0.06854007
4440 0.01368526
4441 0.1871135
4442 0.4806301
4443 0.6287335
4444 0.5411675
4445 0.7471199
4446 0.7913048
4447 0.5432184
4448 0.07120646
4449 0.4705961
4450 0.3775473
4451 0.09445322
4452 0.3803619
4453 0.05021342
4454 0.2618011
4455 0.6851761
4456 0.719593
4457 0.3213547
4458 0.831847
4459 0.6283405
4460 0.8225377
4461 0.3532444
4462 0.2552557
4463 0.4517462
4464 0.568528
4465 0.496969
4466 0.3091958
4467 0.7355393
4468 0.8197881
4469 0.2898903
4470 0.8690642
4471 0.9256957
4472 0.4744513
4473 0.05017357
4474 0.2029236
4475 0.8908204
4476 0.4406181
4477 0.02940682
4478 0.1777946
4479 0.0007449256
4480 0.8250333
4481 0.3145111
4482 0.3006329
4483 0.01459426
4484 0.5552888
4485 0.3312777
4486 0.5470949
4487 0.5801294
4488 0.0906493
4489 0.4175473
4490 0.2022984
4491 0.4169246
4492 0.9344119
4493 0.8776236
4494 0.4719494
4495 0.0419888
4496 0.3233072
4497 0.3904829
4498 0.4029956
4499 0.3785127
4500 0.7015886
4501 0.5077877
4502 0.125671
4503 0.2211737
4504 0.1489515
4505 0.9148331
4506 0.7581393
4507 0.1703027
4508 0.1003472
4509 0.1015047
4510 0.1835037
4511 0.04078832
4512 0.3434452
4513 0.8811394
4514 0.573727
4515 0.3161185
4516 0.09187378
4517 0.5738112
4518 0.9013808
4519 0.5110027
4520 0.3313486
4521 0.1499408
4522 0.1086489
4523 0.8863396
4524 0.8236718
4525 0.6665093
4526 0.6497917
4527 0.3039246
4528 0.646648
4529 0.7197187
4530 0.08549499
4531 0.8762721
4532 0.9409974
4533 0.2810571
4534 0.2176125
4535 0.119311
4536 0.6992848
4537 0.4574133
4538 0.1636401
4539 0.3667389
4540 0.5476853
4541 0.8294516
4542 0.2708656
4543 0.2239099
4544 0.1145096
4545 0.536219
4546 0.3485254
4547 0.5865375
4548 0.5158846
4549 0.2727196
4550 0.7231042
4551 0.3978517
4552 0.198232
4553 0.8547601
4554 0.05113613
4555 0.5774373
4556 0.6518314
4557 0.2466005
4558 0.1046112
4559 0.2250528
4560 0.4231565
4561 0.3053701
4562 0.3221815
4563 0.4950115
4564 0.4828438
4565 0.05681333
4566 0.6846833
4567 0.846775
4568 0.7373112
4569 0.5253891
4570 0.2705425
4571 0.8362182
4572 0.1721762
4573 0.03093936
4574 0.3644656
4575 0.2504877
4576 0.1905626
4577 0.03760034
4578 0.666421
4579 0.4314837
4580 0.4116202
4581 0.5237218
4582 0.4856179
4583 0.02313459
4584 0.405344
4585 0.5080926
4586 0.2870309
4587 0.6473146
4588 0.698018
4589 0.009890323
4590 0.676219
4591 0.6927791
4592 0.07166169
4593 0.3948771
4594 0.7176507
4595 0.4996065
4596 0.07910459
4597 0.9327741
4598 0.3815764
4599 0.1249939
4600 0.8506405
4601 0.1606644
4602 0.7655598
4603 0.7453946
4604 0.1915114
4605 0.6754261
4606 0.3566336
4607 0.6465087
4608 0.6273658
4609 0.4283532
4610 0.6723244
4611 0.454637
4612 0.2093012
4613 0.1625385
4614 0.1647945
4615 0.4250883
4616 0.5598055
4617 0.946379
4618 0.5442306
4619 0.1308271
4620 0.4715381
4621 0.9285506
4622 0.6447125
4623 0.6168914
4624 0.3088298
4625 0.6557515
4626 0.1384207
4627 0.01023535
4628 0.187297
4629 0.9390038
4630 0.8520956
4631 0.09860937
4632 0.3191409
4633 0.2774385
4634 0.4189295
4635 0.725454
4636 0.2554338
4637 0.3873114
4638 0.5301765
4639 0.7333463
4640 0.3647609
4641 0.9561615
4642 0.152556
4643 0.3899127
4644 0.2778333
4645 0.06704262
4646 0.6014071
4647 0.2752072
4648 0.8388676
4649 0.5375336
4650 0.0203311
4651 0.06495832
4652 0.4052879
4653 0.08659758
4654 0.1808792
4655 0.5189292
4656 0.3976369
4657 0.6776116
4658 0.451366
4659 0.6476303
4660 0.05407461
4661 0.1163672
4662 0.6020671
4663 0.2361018
4664 0.5338791
4665 0.6699626
4666 0.009368625
4667 0.2688991
4668 0.9818092
4669 0.01969111
4670 0.5746776
4671 0.2403317
4672 0.6859039
4673 0.3896341
4674 0.04043922
4675 0.4081895
4676 0.9351934
4677 0.4031871
4678 0.7797743
4679 0.606339
4680 0.6864383
4681 0.2711286
4682 0.5640966
4683 0.9117026
4684 0.08918131
4685 0.6161633
4686 0.3437162
4687 0.3790276
4688 0.02405809
4689 0.6517994
4690 0.8718499
4691 0.6518193
4692 0.4185655
4693 0.9664416
4694 0.3802932
4695 0.3508871
4696 0.7597597
4697 0.2403536
4698 0.1031137
4699 0.3716338
4700 0.2538378
4701 0.6964336
4702 0.02087981
4703 0.03768285
4704 0.6917341
4705 0.03978416
4706 0.9795795
4707 0.05418707
4708 0.7394855
4709 0.04847663
4710 0.4169528
4711 0.2910529
4712 0.673832
4713 0.9093671
4714 0.08254117
4715 0.549532
4716 0.005631681
4717 0.04717312
4718 0.6367013
4719 0.5618604
4720 0.2605296
4721 0.1579523
4722 0.08832077
4723 0.563898
4724 0.4150545
4725 0.466677
4726 0.7217583
4727 0.8181509
4728 0.6317235
4729 0.852692
4730 0.9248195
4731 0.09429456
4732 0.4297188
4733 0.5450041
4734 0.1466635
4735 0.2138086
4736 0.8695223
4737 0.1700699
4738 0.109636
4739 0.2701289
4740 0.4588089
4741 0.07006297
4742 0.5646032
4743 0.6696944
4744 0.2405177
4745 0.5322807
4746 0.5733306
4747 0.422885
4748 0.3723785
4749 0.5698862
4750 0.05443213
4751 0.7027172
4752 0.3085616
4753 0.3101811
4754 0.7285497
4755 0.2546888
4756 0.6460071
4757 0.6690425
4758 0.9535961
4759 0.4190152
4760 0.6172838
4761 0.1453496
4762 0.4544281
4763 0.5462664
4764 0.6896798
4765 0.7322902
4766 0.5668681
4767 0.009202901
4768 0.1595768
4769 0.7250365
4770 0.3179457
4771 0.6248645
4772 0.3453111
4773 0.09742701
4774 0.7577985
4775 0.06092059
4776 0.4556482
4777 0.04015483
4778 0.3327856
4779 0.4177308
4780 0.6580088
4781 0.1038257
4782 0.2877404
4783 0.736122
4784 0.6803716
4785 0.01311151
4786 0.8042906
4787 0.3069886
4788 0.2610297
4789 0.5495473
4790 0.8415828
4791 0.314441
4792 0.2118977
4793 0.5144621
4794 0.5947064
4795 0.4626659
4796 0.2480422
4797 0.8613992
4798 0.5450578
4799 0.816897
4800 0.06347457
4801 0.378347
4802 0.3746499
4803 0.8509518
4804 0.02438964
4805 0.3819424
4806 0.251892
4807 0.183368
4808 0.6096789
4809 0.7845236
4810 0.2717605
4811 0.2919142
4812 0.03745471
4813 0.4935556
4814 0.05286349
4815 0.7718709
4816 0.2557326
4817 0.864821
4818 0.03005882
4819 0.2669852
4820 0.2606926
4821 0.4698038
4822 0.7661004
4823 0.5370661
4824 0.6593006
4825 0.6186985
4826 0.7932407
4827 0.7533612
4828 0.3840718
4829 0.5802308
4830 0.3853807
4831 0.1748423
4832 0.2052503
4833 0.1399838
4834 0.3737194
4835 0.6090407
4836 0.2980807
4837 0.3812366
4838 0.1177465
4839 0.2180455
4840 0.04796248
4841 0.6852111
4842 0.1694898
4843 0.3575767
4844 0.1638664
4845 0.4106725
4846 0.5618167
4847 0.3495992
4848 0.3802783
4849 0.196045
4850 0.1286389
4851 0.3081357
4852 0.8307211
4853 0.4424541
4854 0.4622751
4855 0.2893966
4856 0.6418792
4857 0.1841545
4858 0.1161716
4859 0.2598165
4860 0.2667492
4861 0.03237356
4862 0.6769717
4863 0.744766
4864 0.01436656
4865 0.6185353
4866 0.2721295
4867 0.8828319
4868 0.5259759
4869 0.662187
4870 0.473064
4871 0.4582664
4872 0.5591263
4873 0.3263407
4874 0.9134927
4875 0.0733819
4876 0.8005183
4877 0.6863518
4878 0.6980791
4879 0.2029513
4880 0.3581865
4881 0.09253758
4882 0.4456936
4883 0.2031059
4884 0.2087362
4885 0.1939236
4886 0.6370045
4887 0.7826666
4888 0.5621146
4889 0.2188735
4890 0.4524245
4891 0.1199627
4892 0.3759389
4893 0.6024052
4894 0.6975688
4895 0.5847504
4896 0.9777205
4897 0.4118815
4898 0.5421463
4899 0.5212996
4900 0.396455
4901 0.3515008
4902 0.7192942
4903 0.4331097
4904 0.8034585
4905 0.4089963
4906 0.1508122
4907 0.4295355
4908 0.5601231
4909 0.02442401
4910 0.7701091
4911 0.4166988
4912 0.7053328
4913 0.2867346
4914 0.4456741
4915 0.3618312
4916 0.8916233
4917 0.6940183
4918 0.02325409
4919 0.696197
4920 0.6541079
4921 0.1623079
4922 0.2130192
4923 0.5165067
4924 0.5165803
4925 0.4039133
4926 0.1910693
4927 0.3962804
4928 0.1795021
4929 0.9533415
4930 0.3075459
4931 0.355622
4932 0.5187911
4933 0.4347446
4934 0.3904974
4935 0.1368936
4936 0.6039975
4937 0.1597945
4938 0.5749632
4939 0.9872839
4940 0.4814493
4941 0.717518
4942 0.0797757
4943 0.4185193
4944 0.8189498
4945 0.453658
4946 0.1126224
4947 0.2297622
4948 0.04479572
4949 0.5458314
4950 0.3360146
4951 0.04636928
4952 0.1930076
4953 0.6163636
4954 0.0605251
4955 0.608612
4956 0.2835303
4957 0.4569211
4958 0.1966786
4959 0.2650672
4960 0.8189894
4961 0.9061293
4962 0.5726833
4963 0.004124534
4964 0.3427545
4965 0.01401127
4966 0.2739931
4967 0.7914186
4968 0.6430972
4969 0.01723923
4970 0.4048305
4971 0.7711346
4972 0.8330715
4973 0.3916068
4974 0.4538422
4975 0.4733835
4976 0.5607691
4977 0.09708008
4978 0.5779027
4979 0.2362729
4980 0.3328128
4981 0.5881929
4982 0.8347049
4983 0.2585691
4984 0.5902329
4985 0.2771772
4986 0.4503142
4987 0.2854964
4988 0.9697696
4989 0.9148158
4990 0.5204093
4991 0.2816132
4992 0.1325586
4993 0.5186482
4994 0.7346858
4995 0.6027428
4996 0.5395796
4997 0.2542734
4998 0.9241148
4999 0.2729208
5000 0.2678271
