1 0.0827955
2 0.08688061
3 0.6464777
4 0.460655
5 0.1000272
6 0.01260011
7 0.4893768
8 0.09795569
9 0.204242
10 0.5074743
11 0.6001744
12 0.1859197
13 0.195759
14 0.4745018
15 0.4528623
16 0.2243337
17 0.3226747
18 0.4287395
19 0.009487849
20 0.6008412
21 0.4290264
22 0.4354347
23 0.3317849
24 0.4500176
25 0.08471994
26 0.1854988
27 0.4919036
28 0.141495
29 0.3436743
30 0.4985029
31 0.1744912
32 0.4125253
33 0.3114104
34 0.4700878
35 0.105658
36 0.6358403
37 0.1953679
38 0.06499013
39 0.5284957
40 0.09358796
41 0.7338029
42 0.05013043
43 0.3287569
44 0.1708344
45 0.6752183
46 0.04590897
47 0.405045
48 0.210368
49 0.06834277
50 0.1427089
51 0.4751385
52 0.09603039
53 0.08088933
54 0.5592844
55 0.7681627
56 0.2291125
57 0.2852496
58 0.09215131
59 0.2124436
60 0.4002373
61 0.2976637
62 0.04339796
63 0.9034792
64 0.5948249
65 0.264814
66 0.1632956
67 0.02618258
68 0.4867398
69 0.1834769
70 0.5581918
71 0.3669628
72 0.5493293
73 0.06105601
74 0.05930581
75 0.5866368
76 0.5741214
77 0.3042278
78 0.4154677
79 0.3828579
80 0.6633572
81 0.5814698
82 0.02218173
83 0.5198806
84 0.2528512
85 0.2721467
86 0.4342036
87 0.239025
88 0.2690301
89 0.3950779
90 0.08468391
91 0.07437479
92 0.07197877
93 0.0683659
94 0.2603585
95 0.3083026
96 0.1072421
97 0.1079954
98 0.2816006
99 0.778042
100 0.2232898
101 0.3979663
102 0.21905
103 0.2989051
104 0.1984834
105 0.2264916
106 0.3451463
107 0.1966392
108 0.1448486
109 0.1098708
110 0.2423364
111 0.2541928
112 0.1607929
113 0.1438967
114 0.2528017
115 0.3988154
116 0.3671264
117 0.5400541
118 0.4259568
119 0.2692845
120 0.3709221
121 0.219193
122 0.4636158
123 0.01903878
124 0.1040014
125 0.007821059
126 0.1882493
127 0.142451
128 0.3247661
129 0.09732402
130 0.3645677
131 0.04629064
132 0.4532956
133 0.1090682
134 0.3505053
135 0.7643234
136 0.5987532
137 0.4359643
138 0.06632705
139 0.2443604
140 0.7753862
141 0.1508862
142 0.3357891
143 0.3693
144 0.08127135
145 0.02097253
146 0.04028183
147 0.02536598
148 0.6369872
149 0.24749
150 0.7095556
151 0.2988463
152 0.04196833
153 0.5895057
154 0.004895311
155 0.5107807
156 0.1385789
157 0.5682924
158 0.1106931
159 0.1888349
160 0.02814659
161 0.1961196
162 0.5066553
163 0.4460187
164 0.6754565
165 0.554707
166 0.08157149
167 0.3301815
168 0.3025749
169 0.180155
170 0.3184156
171 0.3905401
172 0.1296715
173 0.1978033
174 0.06943686
175 0.2510203
176 0.3989181
177 0.09236288
178 0.3704806
179 0.5608212
180 0.3535935
181 0.3988905
182 0.1859036
183 0.2059168
184 0.8798412
185 0.09927353
186 0.01938551
187 0.08851468
188 0.5009976
189 0.3128504
190 0.08010793
191 0.06861223
192 0.06852654
193 0.02034104
194 0.3015521
195 0.7317995
196 0.08238599
197 0.3155479
198 0.04317896
199 0.1395275
200 0.1574761
201 0.03031162
202 0.7747771
203 0.1983147
204 0.6786216
205 0.2248676
206 0.6021256
207 0.119589
208 0.4682938
209 0.1315111
210 0.5139288
211 0.2247375
212 0.03547358
213 0.007311165
214 0.105731
215 0.1070743
216 0.0597977
217 0.03849838
218 0.1017555
219 0.1893813
220 0.2125599
221 0.06311491
222 0.4892394
223 0.3867818
224 0.2144904
225 0.2704883
226 0.2834667
227 0.02885145
228 0.1483737
229 0.05720324
230 0.6193203
231 0.3469857
232 0.3575425
233 0.2638085
234 0.3812875
235 0.3351076
236 0.1428831
237 0.04150409
238 0.368537
239 0.05607535
240 0.1739763
241 0.169438
242 0.4608963
243 0.1300449
244 0.2290637
245 0.09054926
246 0.238901
247 0.02373876
248 0.4493797
249 0.02476511
250 0.1731455
251 0.01857911
252 0.8751604
253 0.2618432
254 0.02621351
255 0.3959944
256 0.3299597
257 0.07720028
258 0.636557
259 0.8043655
260 0.7518199
261 0.04339289
262 0.4088839
263 0.8007802
264 0.2435017
265 0.2693319
266 0.1105915
267 0.241228
268 0.02261071
269 0.02851762
270 0.3354284
271 0.1222391
272 0.1874876
273 0.2601739
274 0.08387109
275 0.0975961
276 0.1483182
277 0.4928456
278 0.04800964
279 0.1799749
280 0.0119565
281 0.1197157
282 0.4186028
283 0.3165834
284 0.4586741
285 0.1445597
286 0.265123
287 0.04164608
288 0.4687623
289 0.3452935
290 0.6768733
291 0.3081735
292 0.1948477
293 0.1610167
294 0.3239564
295 0.5291532
296 0.07072643
297 0.4962603
298 0.1923531
299 0.4087372
300 0.09690934
301 0.1862455
302 0.0450506
303 0.08092112
304 0.3278356
305 0.2986265
306 0.2294073
307 0.4647402
308 0.07126395
309 0.7309625
310 0.4625205
311 0.2703578
312 0.2594821
313 0.4974633
314 0.06863542
315 0.1320128
316 0.3390261
317 0.3615461
318 0.364928
319 0.3056162
320 0.3914139
321 0.07077084
322 0.2767387
323 0.1848889
324 0.177956
325 0.3176001
326 0.1225237
327 0.6388979
328 0.4940229
329 0.151215
330 0.1941617
331 0.2539819
332 0.7169685
333 0.1235965
334 0.4737341
335 0.05417377
336 0.360038
337 0.2637731
338 0.1847583
339 0.3122683
340 0.2816975
341 0.4961339
342 0.3075801
343 0.2654488
344 0.1300976
345 0.07089103
346 0.1606065
347 0.3961351
348 0.09257856
349 0.1460104
350 0.02244684
351 0.1726392
352 0.6223933
353 0.3012286
354 0.08746636
355 0.4627203
356 0.5256112
357 0.03057542
358 0.52977
359 0.02231494
360 0.4194274
361 0.4276999
362 0.09027997
363 0.2104749
364 0.3520425
365 0.2028393
366 0.400147
367 0.131523
368 0.3626498
369 0.3293988
370 0.1161029
371 0.1095771
372 0.2230899
373 0.3950165
374 0.1359966
375 0.07413655
376 0.1023245
377 0.3335402
378 0.2096705
379 0.4015265
380 0.5940128
381 0.09314511
382 0.4494659
383 0.2208811
384 0.3159695
385 0.408579
386 0.1837219
387 0.1298376
388 0.2824335
389 0.05727938
390 0.09030832
391 0.3705633
392 0.3292904
393 0.6510253
394 0.3126169
395 0.1174584
396 0.1290562
397 0.1448873
398 0.2180515
399 0.1674488
400 0.4610757
401 0.1277693
402 0.1841502
403 0.3027035
404 0.2243972
405 0.07341187
406 0.06243205
407 0.03929455
408 0.2886657
409 0.1224317
410 0.6025689
411 0.6879031
412 0.4517084
413 0.2539025
414 0.01246672
415 0.3997971
416 0.3792429
417 0.02300971
418 0.3390938
419 0.124408
420 0.2438918
421 0.5642099
422 0.3882042
423 0.04273969
424 0.07539436
425 0.1760635
426 0.1026928
427 0.1710903
428 0.202542
429 0.1463737
430 0.5845275
431 0.1975628
432 0.5721542
433 0.4682286
434 0.2762855
435 0.235894
436 0.4212966
437 0.2946342
438 0.2378626
439 0.3614039
440 0.1476536
441 0.1631649
442 0.560184
443 0.3655611
444 0.114543
445 0.510204
446 0.02904752
447 0.1075183
448 0.004796197
449 0.1468891
450 0.1507309
451 0.2718347
452 0.273672
453 0.2411623
454 0.7185011
455 0.3457934
456 0.1312951
457 0.09538962
458 0.5212407
459 0.3920866
460 0.3046251
461 0.1636219
462 0.03941487
463 0.1844571
464 0.2935639
465 0.5294265
466 0.3565801
467 0.1612775
468 0.2894585
469 0.3431781
470 0.2141499
471 0.03085471
472 0.3845159
473 0.1475791
474 0.5778666
475 0.322032
476 0.484232
477 0.1123579
478 0.01821642
479 0.1165907
480 0.363783
481 0.1990076
482 0.002409687
483 0.6225027
484 0.4869703
485 0.5601722
486 0.2048846
487 0.03095275
488 0.2308521
489 0.2020706
490 0.128306
491 0.7267704
492 0.3482515
493 0.01073267
494 0.08192855
495 0.0749358
496 0.4137192
497 0.3429756
498 0.4580026
499 0.1737752
500 0.2493699
501 0.4083682
502 0.3179647
503 0.6550611
504 0.4873485
505 0.0347521
506 0.2609611
507 0.5179068
508 0.4102763
509 0.009463041
510 0.517927
511 0.102125
512 0.4000135
513 0.01522356
514 0.182264
515 0.006639677
516 0.6886458
517 0.3375058
518 0.02313268
519 0.4514749
520 0.4815682
521 0.2100703
522 0.3142983
523 0.3128403
524 0.03620263
525 0.07103218
526 0.301043
527 0.07416533
528 0.1034916
529 0.6556509
530 0.1305804
531 0.1290529
532 0.4298124
533 0.2694232
534 0.2126743
535 0.6582054
536 0.1486859
537 0.4947019
538 0.1214619
539 0.2553079
540 0.2392837
541 0.03245106
542 0.2737643
543 0.2011052
544 0.3130289
545 0.3408502
546 0.04284923
547 0.3896646
548 0.346207
549 0.09309066
550 0.1458605
551 0.3873573
552 0.2181646
553 0.1106331
554 0.3187658
555 0.1897129
556 0.07386031
557 0.1613381
558 0.4148211
559 0.04386282
560 0.3940143
561 0.1781534
562 0.4616788
563 0.1254484
564 0.1161768
565 0.4554735
566 0.1112995
567 0.1068195
568 0.2948538
569 0.09438544
570 0.1332564
571 0.5209326
572 0.07181431
573 0.5878087
574 0.1503035
575 0.2537883
576 0.3251844
577 0.5071347
578 0.314745
579 0.2957164
580 0.6149807
581 0.02344152
582 0.1368509
583 0.2033774
584 0.4357996
585 0.4226431
586 0.7963432
587 0.191862
588 0.08554326
589 0.1626386
590 0.1309103
591 0.6501801
592 0.09070491
593 0.4972368
594 0.3610829
595 0.355822
596 0.3096783
597 0.1136382
598 0.1361658
599 0.08801648
600 0.2301633
601 0.2250978
602 0.05345847
603 0.1545286
604 0.129454
605 0.2795082
606 0.3913894
607 0.1479582
608 0.1160103
609 0.003305113
610 0.2584681
611 0.1236061
612 0.2743734
613 0.6996981
614 0.1027228
615 0.1979391
616 0.2187699
617 0.07500919
618 0.353823
619 0.7564883
620 0.3272501
621 0.1599697
622 0.585684
623 0.4230161
624 0.3513287
625 0.5181654
626 0.07419037
627 0.3726683
628 0.1707372
629 0.4479412
630 0.1793362
631 0.257494
632 0.1839484
633 0.1672123
634 0.01209609
635 0.4417895
636 0.08373399
637 0.18105
638 0.397801
639 0.09552254
640 0.1030275
641 0.199787
642 0.1713044
643 0.6890885
644 0.3586669
645 0.1477373
646 0.1529528
647 0.05944652
648 0.2840192
649 0.02107693
650 0.005043764
651 0.3212983
652 0.2587213
653 0.390788
654 0.7299195
655 0.2106026
656 0.07029476
657 0.3966634
658 0.4318007
659 0.1978939
660 0.4988382
661 0.1450518
662 0.01440459
663 0.5157294
664 0.08546338
665 0.3989468
666 0.8495022
667 0.6360077
668 0.1045182
669 0.1568221
670 0.02371329
671 0.1948102
672 0.02549863
673 0.4930105
674 0.4115494
675 0.4544713
676 0.2272617
677 0.07797066
678 0.461867
679 0.5640004
680 0.4840459
681 0.02080685
682 0.4066568
683 0.08432405
684 0.2719891
685 0.05115695
686 0.4245611
687 0.1437858
688 0.1572836
689 0.05596437
690 0.2916236
691 0.4711866
692 0.5812348
693 0.4147758
694 0.4965635
695 0.1846773
696 0.06996912
697 0.02304331
698 0.3270969
699 0.5224471
700 0.5919813
701 0.2190126
702 0.1508351
703 0.2379898
704 0.1230682
705 0.4754568
706 0.2484284
707 0.02657392
708 0.4494983
709 0.3994623
710 0.3059681
711 0.1624667
712 0.5605325
713 0.7177688
714 0.4324062
715 0.05676554
716 0.5631942
717 0.1603083
718 0.003493049
719 0.3102107
720 0.5346544
721 0.494373
722 0.519565
723 0.202801
724 0.5578586
725 0.4765669
726 0.3389457
727 0.1249748
728 0.3505303
729 0.0526263
730 0.1604216
731 0.1415585
732 0.08554531
733 0.3283299
734 0.2002865
735 0.5490522
736 0.6013027
737 0.3081775
738 0.4748725
739 0.5187763
740 0.1805946
741 0.09868133
742 0.315147
743 0.5202771
744 0.07215802
745 0.2656274
746 0.7290687
747 0.06178559
748 0.0523454
749 0.1530694
750 0.2007029
751 0.05545342
752 0.3179547
753 0.1126055
754 0.05047452
755 0.4707484
756 0.08429757
757 0.3649192
758 0.1627156
759 0.006261959
760 0.3642388
761 0.7305634
762 0.6306391
763 0.03202005
764 0.3500254
765 0.4764074
766 0.01978613
767 0.4043834
768 0.06680316
769 0.3691025
770 0.100043
771 0.3366548
772 0.4499383
773 0.3178137
774 0.108606
775 0.01312004
776 0.1037568
777 0.2375346
778 0.3186915
779 0.4401191
780 0.06028731
781 0.007596129
782 0.3099644
783 0.2087267
784 0.2278658
785 0.326958
786 0.1949615
787 0.1606731
788 0.4506999
789 0.4526681
790 0.3796247
791 0.1669229
792 0.3092905
793 0.3270721
794 0.189441
795 0.3554888
796 0.4933934
797 0.1332688
798 0.6865494
799 0.2516389
800 0.07403875
801 0.1704731
802 0.234585
803 0.1291038
804 0.4969001
805 0.1195623
806 0.2291765
807 0.02742631
808 0.3676088
809 0.01945844
810 0.3093285
811 0.07282032
812 0.2543229
813 0.06970219
814 0.2779813
815 0.3381127
816 0.4459453
817 0.2961356
818 0.1609149
819 0.8808421
820 0.4774771
821 0.57081
822 0.2018901
823 0.1136872
824 0.04763543
825 0.2566457
826 0.2825098
827 0.68305
828 0.2973935
829 0.4939064
830 0.540743
831 0.5064191
832 0.4365526
833 0.4950603
834 0.4911145
835 0.8333436
836 0.1438639
837 0.4114878
838 0.3620539
839 0.2560125
840 0.104397
841 0.3159476
842 0.1066963
843 0.5924952
844 0.4327785
845 0.2052062
846 0.2531772
847 0.2752045
848 0.1592314
849 0.5661906
850 0.2554511
851 0.1531286
852 0.3332322
853 0.413565
854 0.2958921
855 0.08207669
856 0.308399
857 0.5122691
858 0.07973637
859 0.04004527
860 0.2335749
861 0.05905506
862 0.1690478
863 0.6801605
864 0.2368793
865 0.1401714
866 0.5978912
867 0.5485817
868 0.09401489
869 0.2079992
870 0.5227537
871 0.1323585
872 0.2511717
873 0.3427735
874 0.4225623
875 0.1811315
876 0.6747833
877 0.5990723
878 0.1500268
879 0.3005624
880 0.2081247
881 0.03622154
882 0.6218472
883 0.08869781
884 0.1054933
885 0.0697338
886 0.1655107
887 0.1152186
888 0.4690244
889 0.3543235
890 0.1332066
891 0.1727307
892 0.08756244
893 0.03533744
894 0.3508349
895 0.2495878
896 0.4761007
897 0.0858817
898 0.1103757
899 0.3804071
900 0.5391047
901 0.6400489
902 0.6007299
903 0.1807834
904 0.7066677
905 0.02173278
906 0.3339419
907 0.08003163
908 0.06537024
909 0.6527235
910 0.5142305
911 0.4200048
912 0.1119275
913 0.1643287
914 0.5463092
915 0.6608794
916 0.1375933
917 0.08017106
918 0.4558775
919 0.2485422
920 0.7211319
921 0.0310139
922 0.3088241
923 0.1273561
924 0.1136945
925 0.266621
926 0.08572294
927 0.1018439
928 0.4944536
929 0.1833964
930 0.1226906
931 0.07794338
932 0.3473779
933 0.4014209
934 0.5972237
935 0.0459867
936 0.482542
937 0.04919168
938 0.176279
939 0.1624194
940 0.02567962
941 0.1838465
942 0.28579
943 0.223577
944 0.6721045
945 0.04791024
946 0.1893868
947 0.4264368
948 0.4888929
949 0.3894971
950 0.1782974
951 0.06079047
952 0.512243
953 0.242287
954 0.1295066
955 0.1015484
956 0.5107643
957 0.1187936
958 0.003225582
959 0.7336164
960 0.7120438
961 0.4191175
962 0.07056143
963 0.1174406
964 0.0984387
965 0.2372019
966 0.3298319
967 0.4688782
968 0.4565413
969 0.792558
970 0.5192665
971 0.4328518
972 0.589494
973 0.02493716
974 0.5159324
975 0.5836266
976 0.0528282
977 0.007273192
978 0.3228103
979 0.1395563
980 0.4712795
981 0.823353
982 0.4983555
983 0.3776365
984 0.018644
985 0.0449082
986 0.6515031
987 0.002275862
988 0.1510595
989 0.2151823
990 0.234583
991 0.4281608
992 0.3625224
993 0.5279973
994 0.2369534
995 0.107284
996 0.1007784
997 0.2772006
998 0.3712478
999 0.4654066
1000 0.4637361
1001 0.5448434
1002 0.3054455
1003 0.6173084
1004 0.2802237
1005 0.623857
1006 0.5278057
1007 0.1435617
1008 0.1038456
1009 0.2990076
1010 0.04511362
1011 0.146873
1012 0.3422317
1013 0.1676998
1014 0.1477392
1015 0.06943995
1016 0.6566177
1017 0.0735795
1018 0.7076565
1019 0.6005087
1020 0.5160362
1021 0.1006961
1022 0.2060302
1023 0.4297756
1024 0.3247476
1025 0.3128862
1026 0.2997883
1027 0.1356673
1028 0.3544295
1029 0.8242759
1030 0.009062424
1031 0.1233874
1032 0.2839023
1033 0.1962312
1034 0.4136513
1035 0.3710272
1036 0.07874124
1037 0.1484506
1038 0.07735913
1039 0.0680326
1040 0.3845864
1041 0.2553371
1042 0.3571755
1043 0.06453683
1044 0.3774254
1045 0.2912492
1046 0.2522417
1047 0.1869834
1048 0.0366182
1049 0.4661054
1050 0.4097444
1051 0.4826973
1052 0.7122313
1053 0.24841
1054 0.406979
1055 0.102802
1056 0.1100883
1057 0.1033154
1058 0.343483
1059 0.2045796
1060 0.07921828
1061 0.09980416
1062 0.009665676
1063 0.7242817
1064 0.1124029
1065 0.09561182
1066 0.2716805
1067 0.4396435
1068 0.2911516
1069 0.06186116
1070 0.7468054
1071 0.2691517
1072 0.7570942
1073 0.5748638
1074 0.08711716
1075 0.8433243
1076 0.1836315
1077 0.5063332
1078 0.4159583
1079 0.6502004
1080 0.4238387
1081 0.3089753
1082 0.0601493
1083 0.3357372
1084 0.07561545
1085 0.01734049
1086 0.04324805
1087 0.3921712
1088 0.4872382
1089 0.7704792
1090 0.001701338
1091 0.7436194
1092 0.2763342
1093 0.05860106
1094 0.6954666
1095 0.2923794
1096 0.6493658
1097 0.109467
1098 0.4830628
1099 0.3564048
1100 0.5483246
1101 0.02766977
1102 0.577326
1103 0.3676811
1104 0.2737203
1105 0.3609602
1106 0.0778928
1107 0.1146523
1108 0.5548642
1109 0.7272708
1110 0.4540214
1111 0.06267837
1112 0.5072431
1113 0.3412169
1114 0.006559726
1115 0.3152595
1116 0.141051
1117 0.05879848
1118 0.2373734
1119 0.5159735
1120 0.4545245
1121 0.4974589
1122 0.2178538
1123 0.1034823
1124 0.3293127
1125 0.3193632
1126 0.1949033
1127 0.1853559
1128 0.1097681
1129 0.7027351
1130 0.2908237
1131 0.01013341
1132 0.212603
1133 0.6270866
1134 0.06959
1135 0.08281903
1136 0.04967631
1137 0.3468487
1138 0.04762719
1139 0.1142587
1140 0.04633701
1141 0.04613878
1142 0.3214258
1143 0.1552009
1144 0.2605994
1145 0.7251968
1146 0.3812027
1147 0.2456458
1148 0.6883466
1149 0.4303923
1150 0.07135455
1151 0.653262
1152 0.3112862
1153 0.2675343
1154 0.1765893
1155 0.2017866
1156 0.6881427
1157 0.2210596
1158 0.1669065
1159 0.2270879
1160 0.5569572
1161 0.1139165
1162 0.6592994
1163 0.04970538
1164 0.5525477
1165 0.451147
1166 0.09148084
1167 0.05272541
1168 0.5113354
1169 0.2794317
1170 0.1323074
1171 0.2292053
1172 0.02417989
1173 0.2928608
1174 0.1520887
1175 0.5272481
1176 0.08825403
1177 0.1006031
1178 0.1144059
1179 0.3869821
1180 0.32042
1181 0.5692881
1182 0.1573154
1183 0.478788
1184 0.287237
1185 0.5838894
1186 0.2508204
1187 0.1232486
1188 0.1383852
1189 0.06863545
1190 0.2118433
1191 0.08084113
1192 0.2229016
1193 0.06212249
1194 0.06510921
1195 0.05959635
1196 0.1878825
1197 0.2080372
1198 0.05179414
1199 0.01868839
1200 0.7377008
1201 0.318238
1202 0.6539934
1203 0.1292079
1204 0.2994919
1205 0.3709399
1206 0.2348582
1207 0.3320054
1208 0.05718604
1209 0.2091963
1210 0.03911418
1211 0.1660878
1212 0.3723403
1213 0.1313554
1214 0.03985663
1215 0.2236199
1216 0.0835795
1217 0.4673363
1218 0.2885064
1219 0.09109136
1220 0.1083081
1221 0.4365992
1222 0.5338209
1223 0.697278
1224 0.6548398
1225 0.4666509
1226 0.1737439
1227 0.05854034
1228 0.1065407
1229 0.3446666
1230 0.1568753
1231 0.06838456
1232 0.3669329
1233 0.09562158
1234 0.2404071
1235 0.1395301
1236 0.02413305
1237 0.2096074
1238 0.3301396
1239 0.3357859
1240 0.1095036
1241 0.1980364
1242 0.0100099
1243 0.6757301
1244 0.007121543
1245 0.3390178
1246 0.6974088
1247 0.1563329
1248 0.02944395
1249 0.05150467
1250 0.3758458
1251 0.3204033
1252 0.58271
1253 0.3391372
1254 0.7133617
1255 0.1469705
1256 0.05334047
1257 0.6062764
1258 0.3040381
1259 0.07888717
1260 0.5095494
1261 0.2319807
1262 0.1524225
1263 0.1406034
1264 0.3754393
1265 0.1082443
1266 0.3265056
1267 0.04193189
1268 0.303509
1269 0.6991998
1270 0.2050097
1271 0.05005356
1272 0.3337299
1273 0.08587869
1274 0.7154828
1275 0.2434481
1276 0.5858932
1277 0.218607
1278 0.5789175
1279 0.2350025
1280 0.4768762
1281 0.134187
1282 0.5201464
1283 0.4005109
1284 0.01910578
1285 0.6204079
1286 0.2573233
1287 0.288888
1288 0.213028
1289 0.1074662
1290 0.3684724
1291 0.4661502
1292 0.3453375
1293 0.07684276
1294 0.5925934
1295 0.02949719
1296 0.4911015
1297 0.3522554
1298 0.3208219
1299 0.6109552
1300 0.5597346
1301 0.6199794
1302 0.4408705
1303 0.6458357
1304 0.1738449
1305 0.5391191
1306 0.3754351
1307 0.06555475
1308 0.3580486
1309 0.8587825
1310 0.1636344
1311 0.614393
1312 0.4900011
1313 0.4099365
1314 0.06315668
1315 0.1117907
1316 0.3974474
1317 0.2140827
1318 0.542006
1319 0.2137558
1320 0.3789407
1321 0.4075766
1322 0.5071029
1323 0.3738962
1324 0.3722983
1325 0.07215178
1326 0.1345132
1327 0.3816106
1328 0.7124775
1329 0.03416243
1330 0.5720971
1331 0.6025342
1332 0.1739005
1333 0.3787714
1334 0.1684403
1335 0.2480265
1336 0.1350391
1337 0.319508
1338 0.03788027
1339 0.0083382
1340 0.2245358
1341 0.1665135
1342 0.2513345
1343 0.3976496
1344 0.232086
1345 0.3405259
1346 0.260056
1347 0.6314251
1348 0.09296852
1349 0.2322867
1350 0.09374405
1351 0.4086741
1352 0.3387932
1353 0.1039405
1354 0.172444
1355 0.5270093
1356 0.7845497
1357 0.008614795
1358 0.5918902
1359 0.1090804
1360 0.1954126
1361 0.6305893
1362 0.07281861
1363 0.3837696
1364 0.3857808
1365 0.2779107
1366 0.2038294
1367 0.2656236
1368 0.6282814
1369 0.2755185
1370 0.2877759
1371 0.4280684
1372 0.1365876
1373 0.3217039
1374 0.6588602
1375 0.03547848
1376 0.1129229
1377 0.6086104
1378 0.5984983
1379 0.03339602
1380 0.1672797
1381 0.2629029
1382 0.0696586
1383 0.08653484
1384 0.04979271
1385 0.2385943
1386 0.577776
1387 0.4329385
1388 0.1740047
1389 0.2671605
1390 0.4137349
1391 0.01888047
1392 0.2339328
1393 0.3663701
1394 0.4142679
1395 0.02319259
1396 0.2730287
1397 0.07176807
1398 0.2105584
1399 0.02727823
1400 0.5858768
1401 0.2479519
1402 0.122768
1403 0.1149399
1404 0.1960665
1405 0.438618
1406 0.1065501
1407 0.4147087
1408 0.2850788
1409 0.2432236
1410 0.3636513
1411 0.1571175
1412 0.09477476
1413 0.05727623
1414 0.1643815
1415 0.4105619
1416 0.1664189
1417 0.8661045
1418 0.2560148
1419 0.1435549
1420 0.01201697
1421 0.498863
1422 0.7810708
1423 0.2195067
1424 0.3184191
1425 0.2311758
1426 0.1003736
1427 0.1901729
1428 0.2002587
1429 0.669364
1430 0.6981292
1431 0.2534135
1432 0.4087514
1433 0.191204
1434 0.2539032
1435 0.08779343
1436 0.4536466
1437 0.6647579
1438 0.166615
1439 0.3113233
1440 0.4407619
1441 0.06915494
1442 0.04109811
1443 0.02859225
1444 0.4165422
1445 0.1600679
1446 0.2675229
1447 0.008711085
1448 0.1544143
1449 0.1217316
1450 0.1149215
1451 0.1567851
1452 0.07398964
1453 0.320575
1454 0.1051438
1455 0.8054191
1456 0.07181392
1457 0.09697023
1458 0.5249879
1459 0.4567364
1460 0.3296665
1461 0.558888
1462 0.7021788
1463 0.1447518
1464 0.1855369
1465 0.3375992
1466 0.1740397
1467 0.3076898
1468 0.4364554
1469 0.7955095
1470 0.2679406
1471 0.4558639
1472 0.3094699
1473 0.2593171
1474 0.6235054
1475 0.02775234
1476 0.3686585
1477 0.04455087
1478 0.3352931
1479 0.6043043
1480 0.6980249
1481 0.3363092
1482 0.3707181
1483 0.3049286
1484 0.5124251
1485 0.1781277
1486 0.1057242
1487 0.07016105
1488 0.4078009
1489 0.2068745
1490 0.2688295
1491 0.5387747
1492 0.3266059
1493 0.3821643
1494 0.006739796
1495 0.1619948
1496 0.05508857
1497 0.06996309
1498 0.2904889
1499 0.05083885
1500 0.2702063
1501 0.2509092
1502 0.1140573
1503 0.5948262
1504 0.3833071
1505 0.228114
1506 0.2420856
1507 0.3308899
1508 0.1363807
1509 0.5509058
1510 0.4490044
1511 0.2902868
1512 0.03503636
1513 0.5230293
1514 0.1843658
1515 0.2612797
1516 0.3725317
1517 0.4119068
1518 0.4201442
1519 0.2766556
1520 0.5767384
1521 0.1564012
1522 0.196561
1523 0.1081654
1524 0.1387905
1525 0.2525707
1526 0.5291068
1527 0.4316585
1528 0.3870493
1529 0.4523239
1530 0.3429348
1531 0.2204803
1532 0.3671961
1533 0.3932382
1534 0.2138847
1535 0.2914232
1536 0.1395262
1537 0.06263948
1538 0.06064351
1539 0.1456342
1540 0.1430908
1541 0.4281153
1542 0.1016157
1543 0.7452205
1544 0.05122426
1545 0.3732538
1546 0.08539914
1547 0.5353194
1548 0.3794429
1549 0.2473124
1550 0.220492
1551 0.4711454
1552 0.1833386
1553 0.3490394
1554 0.3023832
1555 0.05962183
1556 0.5380285
1557 0.1152286
1558 0.4793626
1559 0.5212634
1560 0.08149183
1561 0.533637
1562 0.3487266
1563 0.3679619
1564 0.5883119
1565 0.4111737
1566 0.2850317
1567 0.7117156
1568 0.03404242
1569 0.2040473
1570 0.1088935
1571 0.4923456
1572 0.2351254
1573 0.09776303
1574 0.04839615
1575 0.09685725
1576 0.01649207
1577 0.4595531
1578 0.4720619
1579 0.182345
1580 0.4657434
1581 0.004366279
1582 0.1677165
1583 0.2070982
1584 0.1560783
1585 0.2120362
1586 0.581268
1587 0.2560436
1588 0.3785398
1589 0.2367068
1590 0.6909247
1591 0.1779121
1592 0.4535471
1593 0.418349
1594 0.1407514
1595 0.09254471
1596 0.04359655
1597 0.341544
1598 0.3420952
1599 0.5153999
1600 0.4104164
1601 0.2285816
1602 0.2774828
1603 0.06975043
1604 0.01800963
1605 0.3212086
1606 0.3059039
1607 0.2465723
1608 0.2138565
1609 0.3947836
1610 0.2048215
1611 0.2896644
1612 0.2865343
1613 0.2208857
1614 0.2394683
1615 0.2099216
1616 0.007728214
1617 0.2379965
1618 0.3292916
1619 0.4491908
1620 0.1179394
1621 0.5631312
1622 0.4294801
1623 0.08516015
1624 0.2282105
1625 0.08794637
1626 0.2476437
1627 0.147553
1628 0.1224528
1629 0.3807975
1630 0.2829603
1631 0.6224321
1632 0.0524883
1633 0.1185034
1634 0.1212833
1635 0.5906643
1636 0.4976183
1637 0.378676
1638 0.4684384
1639 0.2716599
1640 0.4698855
1641 0.1874372
1642 0.1038346
1643 0.6535032
1644 0.4663883
1645 0.5178878
1646 0.1866614
1647 0.4356635
1648 0.009289651
1649 0.03076507
1650 0.6356064
1651 0.3532903
1652 0.1095717
1653 0.511767
1654 0.1696137
1655 0.2742936
1656 0.1473511
1657 0.1700231
1658 0.03792347
1659 0.7094023
1660 0.1177189
1661 0.1074029
1662 0.2407771
1663 0.06785464
1664 0.4662579
1665 0.5814994
1666 0.1173435
1667 0.3543137
1668 0.5968522
1669 0.4788004
1670 0.1957008
1671 0.1819163
1672 0.01796202
1673 0.03996308
1674 0.1068044
1675 0.06229168
1676 0.233795
1677 0.3351806
1678 0.4266126
1679 0.2011331
1680 0.1544012
1681 0.2847257
1682 0.4860615
1683 0.233709
1684 0.157239
1685 0.2844102
1686 0.2923069
1687 0.3021564
1688 0.345513
1689 0.1928726
1690 0.03483976
1691 0.179878
1692 0.2969075
1693 0.518138
1694 0.1380626
1695 0.4433014
1696 0.3540577
1697 0.2033981
1698 0.4878742
1699 0.3458707
1700 0.176212
1701 0.1968417
1702 0.3408022
1703 0.1088516
1704 0.3541868
1705 0.1665078
1706 0.3378101
1707 0.31662
1708 0.2845677
1709 0.3646287
1710 0.4728527
1711 0.2066998
1712 0.5427077
1713 0.1603188
1714 0.1232927
1715 0.2646916
1716 0.09654739
1717 0.1156899
1718 0.3702501
1719 0.3212635
1720 0.4289225
1721 0.2516445
1722 0.2239604
1723 0.2453263
1724 0.446742
1725 0.2270776
1726 0.4369426
1727 0.6157945
1728 0.1693189
1729 0.2378011
1730 0.05556132
1731 0.2065863
1732 0.09516781
1733 0.6879226
1734 0.0127586
1735 0.01659327
1736 0.09719567
1737 0.7154757
1738 0.2762831
1739 0.4227074
1740 0.2686092
1741 0.009066982
1742 0.2550678
1743 0.1255046
1744 0.04498333
1745 0.1569392
1746 0.06681481
1747 0.3705714
1748 0.6189373
1749 0.1403041
1750 0.5201975
1751 0.04381793
1752 0.3798668
1753 0.4701507
1754 0.1874249
1755 0.2750061
1756 0.005484516
1757 0.2020172
1758 0.1715948
1759 0.3409363
1760 0.07065104
1761 0.1420806
1762 0.01947128
1763 0.4086393
1764 0.2308458
1765 0.4064922
1766 0.7454059
1767 0.001977258
1768 0.4781576
1769 0.05416862
1770 0.1031541
1771 0.3883307
1772 0.1450806
1773 0.1492765
1774 0.4889293
1775 0.5772431
1776 0.2782098
1777 0.2593215
1778 0.01482839
1779 0.1863682
1780 0.26611
1781 0.3610653
1782 0.53871
1783 0.3364946
1784 0.3671998
1785 0.5082668
1786 0.4192801
1787 0.173382
1788 0.277078
1789 0.1705523
1790 0.1273223
1791 0.09917964
1792 0.7720428
1793 0.1746067
1794 0.505359
1795 0.1778181
1796 0.2135328
1797 0.4494363
1798 0.1819701
1799 0.1707914
1800 0.4856513
1801 0.3529339
1802 0.1248131
1803 0.3978471
1804 0.2648828
1805 0.07305444
1806 0.1243851
1807 0.0685234
1808 0.1711138
1809 0.1885868
1810 0.3890789
1811 0.03922945
1812 0.3858772
1813 0.05275335
1814 0.09743555
1815 0.4321885
1816 0.3241703
1817 0.1451026
1818 0.1755158
1819 0.2193134
1820 0.2312785
1821 0.1974851
1822 0.4266274
1823 0.1110699
1824 0.3999957
1825 0.2892784
1826 0.2575555
1827 0.3033975
1828 0.06430358
1829 0.4977443
1830 0.2439066
1831 0.596461
1832 0.2401902
1833 0.5820128
1834 0.3774999
1835 0.105837
1836 0.1491444
1837 0.3096148
1838 0.07227348
1839 0.7377054
1840 0.3666778
1841 0.2391966
1842 0.4810494
1843 0.1144419
1844 0.307493
1845 0.4564047
1846 0.2716681
1847 0.2110105
1848 0.6626305
1849 0.3270551
1850 0.5357089
1851 0.02702252
1852 0.2090208
1853 0.2905678
1854 0.06370589
1855 0.3446003
1856 0.4390154
1857 0.491591
1858 0.4107258
1859 0.4011845
1860 0.04462391
1861 0.3632366
1862 0.06354628
1863 0.004325856
1864 0.09110098
1865 0.4439624
1866 0.2534237
1867 0.1144815
1868 0.2303375
1869 0.1239087
1870 0.01950239
1871 0.1938871
1872 0.2537781
1873 0.148157
1874 0.3452353
1875 0.09989384
1876 0.401197
1877 0.5137309
1878 0.7124096
1879 0.242003
1880 0.2219119
1881 0.1794755
1882 0.1806635
1883 0.7209195
1884 0.8619303
1885 0.6122958
1886 0.05454606
1887 0.5599918
1888 0.5222492
1889 0.04125778
1890 0.1340098
1891 0.3488099
1892 0.7860141
1893 0.3240023
1894 0.6773131
1895 0.587602
1896 0.1732836
1897 0.5782505
1898 0.3718696
1899 0.1298743
1900 0.5684453
1901 0.3139531
1902 0.08875693
1903 0.2187833
1904 0.2406703
1905 0.03611096
1906 0.432236
1907 0.4028805
1908 0.3178977
1909 0.369053
1910 0.5116148
1911 0.66673
1912 0.08008179
1913 0.3381833
1914 0.124002
1915 0.2359775
1916 0.1415014
1917 0.1611664
1918 0.613145
1919 0.1194762
1920 0.252322
1921 0.2122621
1922 0.1526432
1923 0.1058941
1924 0.6416331
1925 0.5014428
1926 0.006788129
1927 0.3456184
1928 0.776286
1929 0.8062302
1930 0.1344767
1931 0.3531366
1932 0.3738562
1933 0.3396096
1934 0.1149471
1935 0.3123553
1936 0.1837124
1937 0.2890461
1938 0.1288171
1939 0.3359926
1940 0.2228953
1941 0.2370079
1942 0.3789357
1943 0.230051
1944 0.2955272
1945 0.04259024
1946 0.3086474
1947 0.2322122
1948 0.4988912
1949 0.5321404
1950 0.2397664
1951 0.214241
1952 0.3711624
1953 0.1722488
1954 0.2968408
1955 0.1704977
1956 0.2559246
1957 0.208103
1958 0.8368993
1959 0.5333836
1960 0.5630039
1961 0.1137017
1962 0.02454452
1963 0.3431992
1964 0.03702926
1965 0.03077543
1966 0.1585007
1967 0.6710647
1968 0.000532873
1969 0.3201157
1970 0.4190141
1971 0.2833459
1972 0.6050542
1973 0.6601371
1974 0.1587804
1975 0.2796982
1976 0.05957029
1977 0.3209668
1978 0.4496816
1979 0.3960983
1980 0.1342493
1981 0.4538213
1982 0.6274233
1983 0.09883606
1984 0.2957491
1985 0.7659546
1986 0.4612139
1987 0.01153889
1988 0.1792311
1989 0.2739493
1990 0.3626094
1991 0.3016887
1992 0.5946874
1993 0.02547441
1994 0.3073384
1995 0.6115924
1996 0.3665962
1997 0.2828258
1998 0.3628738
1999 0.1633271
2000 0.4569372
2001 0.1692158
2002 0.215057
2003 0.3928945
2004 0.033957
2005 0.411309
2006 0.6267216
2007 0.1971131
2008 0.2615152
2009 0.330053
2010 0.01218109
2011 0.2042881
2012 0.02689675
2013 0.1085869
2014 0.4536266
2015 0.3360759
2016 0.3874098
2017 0.5924469
2018 0.4681324
2019 0.3582841
2020 0.1649906
2021 0.3110315
2022 0.1238314
2023 0.02838912
2024 0.2443686
2025 0.1793314
2026 0.5754512
2027 0.3759255
2028 0.6578372
2029 0.7114737
2030 0.6496792
2031 0.1157505
2032 0.2754372
2033 0.09492449
2034 0.6716637
2035 0.1339423
2036 0.2299014
2037 0.02606257
2038 0.0644351
2039 0.6336266
2040 0.3697542
2041 0.3153904
2042 0.04266003
2043 0.2869929
2044 0.3354062
2045 0.1912243
2046 0.2148171
2047 0.6289628
2048 0.3647547
2049 0.2779458
2050 0.5431059
2051 0.4252705
2052 0.3140654
2053 0.07036463
2054 0.1043067
2055 0.3677979
2056 0.021956
2057 0.6181462
2058 0.5200295
2059 0.6432204
2060 0.3576866
2061 0.1271243
2062 0.1684242
2063 0.233403
2064 0.3419911
2065 0.4827064
2066 0.106043
2067 0.2796728
2068 0.1219418
2069 0.2511502
2070 0.02882064
2071 0.3783279
2072 0.2659225
2073 0.2904292
2074 0.1699508
2075 0.3844022
2076 0.3407052
2077 0.4152407
2078 0.1508705
2079 0.003493356
2080 0.01936548
2081 0.1639391
2082 0.4157874
2083 0.2819178
2084 0.2643046
2085 0.1110566
2086 0.5194043
2087 0.2045291
2088 0.2638032
2089 0.4847087
2090 0.349865
2091 0.03492889
2092 0.1221943
2093 0.2403305
2094 0.05624247
2095 0.1959386
2096 0.02397658
2097 0.495716
2098 0.04638072
2099 0.4591457
2100 0.1159775
2101 0.146416
2102 0.239381
2103 0.4191025
2104 0.3031182
2105 0.08039722
2106 0.1820079
2107 0.1132268
2108 0.1821618
2109 0.3512981
2110 0.1059638
2111 0.6438817
2112 0.02269008
2113 0.1021011
2114 0.2614558
2115 0.4619703
2116 0.2174425
2117 0.5972129
2118 0.3339449
2119 0.5351257
2120 0.1047759
2121 0.2767629
2122 0.4877322
2123 0.0888915
2124 0.5332527
2125 0.1594236
2126 0.2468361
2127 0.4090042
2128 0.4941745
2129 0.1378537
2130 0.6271953
2131 0.2313244
2132 0.3226742
2133 0.4500904
2134 0.1199502
2135 0.09198945
2136 0.1884788
2137 0.120041
2138 0.2414241
2139 0.5679121
2140 0.2196348
2141 0.2220932
2142 0.3963882
2143 0.6283871
2144 0.2081503
2145 0.1601388
2146 0.1744592
2147 0.5227722
2148 0.533648
2149 0.3625924
2150 0.0752372
2151 0.1175171
2152 0.06784802
2153 0.351818
2154 0.27438
2155 0.1788774
2156 0.01645414
2157 0.5011738
2158 0.01832273
2159 0.6893389
2160 0.2805873
2161 0.2458151
2162 0.2108708
2163 0.2264223
2164 0.3688594
2165 0.3951564
2166 0.05459324
2167 0.5482949
2168 0.02879085
2169 0.2654116
2170 0.481522
2171 0.2321038
2172 0.3917211
2173 0.1102943
2174 0.3401867
2175 0.07103677
2176 0.3012632
2177 0.3747122
2178 0.2110507
2179 0.626169
2180 0.2146674
2181 0.1667985
2182 0.03963094
2183 0.09198267
2184 0.2055768
2185 0.03620948
2186 0.2549641
2187 0.119116
2188 0.4556339
2189 0.2268658
2190 0.4429713
2191 0.4110368
2192 0.161096
2193 0.3311575
2194 0.2388537
2195 0.2227793
2196 0.4366487
2197 0.2334009
2198 0.07350364
2199 0.05390259
2200 0.3622324
2201 0.4385646
2202 0.2028981
2203 0.14551
2204 0.1235247
2205 0.3223019
2206 0.4545673
2207 0.4622413
2208 0.3589402
2209 0.1818588
2210 0.06488589
2211 0.5877554
2212 0.331981
2213 0.2868039
2214 0.01754873
2215 0.1103238
2216 0.1468235
2217 0.444014
2218 0.1242769
2219 0.2029087
2220 0.3159189
2221 0.0697641
2222 0.6532619
2223 0.4623597
2224 0.02137562
2225 0.1353261
2226 0.418533
2227 0.4783827
2228 0.2351509
2229 0.1668763
2230 0.2154183
2231 0.2031336
2232 0.4971902
2233 0.08265808
2234 0.09632397
2235 0.3371339
2236 0.5764271
2237 0.1610505
2238 0.1327983
2239 0.1927409
2240 0.2959778
2241 0.1525995
2242 0.4175503
2243 0.0162859
2244 0.4161345
2245 0.4291639
2246 0.007128337
2247 0.07884808
2248 0.3352857
2249 0.1101741
2250 0.2137216
2251 0.1563275
2252 0.3327694
2253 0.3971711
2254 0.5399505
2255 0.4955921
2256 0.6018289
2257 0.44676
2258 0.1184893
2259 0.1501008
2260 0.3856862
2261 0.7374279
2262 0.2879279
2263 0.04383238
2264 0.3621805
2265 0.09785032
2266 0.05781889
2267 0.08733249
2268 0.2707428
2269 0.5973126
2270 0.348087
2271 0.1910147
2272 0.03850869
2273 0.202263
2274 0.8419695
2275 0.3100546
2276 0.3232442
2277 0.1279337
2278 0.6451388
2279 0.03618422
2280 0.2506108
2281 0.2130416
2282 0.4256243
2283 0.1164011
2284 0.6558589
2285 0.399393
2286 0.1302918
2287 0.6756119
2288 0.1705116
2289 0.08181188
2290 0.2240824
2291 0.4306963
2292 0.2016428
2293 0.04369095
2294 0.00432953
2295 0.1729294
2296 0.1270088
2297 0.4139244
2298 0.4070763
2299 0.1799382
2300 0.01968073
2301 0.2764676
2302 0.06485512
2303 0.4954602
2304 0.5451175
2305 0.2131386
2306 0.5687875
2307 0.1033126
2308 0.2296212
2309 0.114889
2310 0.1277069
2311 0.2692857
2312 0.3126431
2313 0.1195722
2314 0.4780438
2315 0.2055559
2316 0.1772583
2317 0.2442299
2318 0.6169638
2319 0.7528721
2320 0.1747184
2321 0.4221581
2322 0.07535495
2323 0.3138665
2324 0.1184299
2325 0.1517234
2326 0.2474474
2327 0.3719555
2328 0.4125801
2329 0.2076799
2330 0.2988242
2331 0.06999145
2332 0.4446225
2333 0.2213949
2334 0.3436904
2335 0.0614294
2336 0.1516286
2337 0.5563313
2338 0.4434094
2339 0.4940702
2340 0.2876094
2341 0.3477815
2342 0.1337032
2343 0.0005233867
2344 0.399458
2345 0.1287739
2346 0.393345
2347 0.4546098
2348 0.09829357
2349 0.3025968
2350 0.1806278
2351 0.3368823
2352 0.7991147
2353 0.6136918
2354 0.578939
2355 0.2758512
2356 0.3624437
2357 0.3920773
2358 0.2123154
2359 0.1258969
2360 0.5058064
2361 0.2122098
2362 0.4566403
2363 0.009498209
2364 0.03321845
2365 0.3205541
2366 0.1329783
2367 0.4420863
2368 0.3109835
2369 0.02129866
2370 0.1973726
2371 0.07801774
2372 0.004812142
2373 0.3731728
2374 0.1613626
2375 0.1814942
2376 0.04187738
2377 0.3996646
2378 0.5114512
2379 0.899296
2380 0.5307937
2381 0.1375657
2382 0.6035311
2383 0.03494457
2384 0.6414858
2385 0.07112424
2386 0.2516764
2387 0.1265248
2388 0.01818399
2389 0.2794206
2390 0.3095587
2391 0.2217766
2392 0.6991209
2393 0.07157236
2394 0.1728098
2395 0.1105285
2396 0.05316608
2397 0.3492922
2398 0.01184906
2399 0.3245812
2400 0.01464282
2401 0.1168913
2402 0.1800943
2403 0.2399342
2404 0.04272671
2405 0.09035311
2406 0.1773046
2407 0.6135194
2408 0.6960149
2409 0.5071793
2410 0.6628888
2411 0.5732131
2412 0.01191067
2413 0.2355884
2414 0.346896
2415 0.4363259
2416 0.1214628
2417 0.2485603
2418 0.04069042
2419 0.3361853
2420 0.6457753
2421 0.3087979
2422 0.3339747
2423 0.1094401
2424 0.6071202
2425 0.1543121
2426 0.4870544
2427 0.3224357
2428 0.609906
2429 0.6384617
2430 0.0684552
2431 0.04219259
2432 0.2954427
2433 0.01593931
2434 0.2595288
2435 0.06687589
2436 0.3913514
2437 0.1403607
2438 0.6228937
2439 0.2995114
2440 0.2776458
2441 0.2822708
2442 0.1292253
2443 0.4274679
2444 0.4484582
2445 0.5659997
2446 0.3539599
2447 0.5194306
2448 0.2520533
2449 0.2628518
2450 0.03915131
2451 0.3505186
2452 0.1472908
2453 0.306456
2454 0.2415205
2455 0.195008
2456 0.3295792
2457 0.1202341
2458 0.04110009
2459 0.02412383
2460 0.3163434
2461 0.1062803
2462 0.3128679
2463 0.01763282
2464 0.2074842
2465 0.1960295
2466 0.6272224
2467 0.1138174
2468 0.3459015
2469 0.3002616
2470 0.6114833
2471 0.3904226
2472 0.04258307
2473 0.3317605
2474 0.1337639
2475 0.07291927
2476 0.4744943
2477 0.7390405
2478 0.1427548
2479 0.2456379
2480 0.3692094
2481 0.3128318
2482 0.07241415
2483 0.1681634
2484 0.756719
2485 0.78349
2486 0.1905313
2487 0.03206923
2488 0.4630835
2489 0.1104145
2490 0.412473
2491 0.05361107
2492 0.2608901
2493 0.7210615
2494 0.1340418
2495 0.05050307
2496 0.1338446
2497 0.4679579
2498 0.1854884
2499 0.3428754
2500 0.1861563
2501 0.2217296
2502 0.5120907
2503 0.810016
2504 0.04637156
2505 0.221446
2506 0.242529
2507 0.5312717
2508 0.1507016
2509 0.4024159
2510 0.0821957
2511 0.2281383
2512 0.07987844
2513 0.4102473
2514 0.01950658
2515 0.3546247
2516 0.2495728
2517 0.5229853
2518 0.3279694
2519 0.07522913
2520 0.09544955
2521 0.4534839
2522 0.311766
2523 0.6011516
2524 0.08100067
2525 0.7547596
2526 0.5225323
2527 0.02405461
2528 0.101649
2529 0.09402629
2530 0.1094807
2531 0.4718687
2532 0.414963
2533 0.05287516
2534 0.2310483
2535 0.1315244
2536 0.2938162
2537 0.4694751
2538 0.03823618
2539 0.0872008
2540 0.07841682
2541 0.5755057
2542 0.274782
2543 0.7650254
2544 0.08831678
2545 0.4225102
2546 0.08479814
2547 0.2437977
2548 0.3547291
2549 0.1533679
2550 0.06818276
2551 0.3873524
2552 0.1238122
2553 0.2536277
2554 0.2456641
2555 0.2627888
2556 0.1969886
2557 0.09474396
2558 0.09863946
2559 0.05795332
2560 0.6507161
2561 0.345499
2562 0.4336744
2563 0.1853559
2564 0.04889064
2565 0.08446503
2566 0.2300565
2567 0.1500699
2568 0.4795561
2569 0.1983499
2570 0.3756242
2571 0.1462495
2572 0.09652625
2573 0.3004411
2574 0.3490785
2575 0.1732656
2576 0.1436072
2577 0.03062236
2578 0.03746408
2579 0.2890859
2580 0.3079649
2581 0.5179359
2582 0.3722509
2583 0.2800863
2584 0.8746244
2585 0.1884259
2586 0.1730724
2587 0.07297992
2588 0.1383375
2589 0.321518
2590 0.1924104
2591 0.06128739
2592 0.6510175
2593 0.2220096
2594 0.1868013
2595 0.5928121
2596 0.3954453
2597 0.04757448
2598 0.1843801
2599 0.2231908
2600 0.4948733
2601 0.09497068
2602 0.6045633
2603 0.2818865
2604 0.2592601
2605 0.2125302
2606 0.2118501
2607 0.01838103
2608 0.300017
2609 0.08579436
2610 0.3970607
2611 0.3480457
2612 0.2250221
2613 0.2277967
2614 0.05632635
2615 0.01730638
2616 0.1175752
2617 0.5434419
2618 0.02195094
2619 0.2248413
2620 0.2014636
2621 0.4180217
2622 0.5097384
2623 0.116888
2624 0.3722974
2625 0.1498527
2626 0.06077792
2627 0.2070871
2628 0.2149574
2629 0.5585134
2630 0.3221589
2631 0.2554182
2632 0.1713807
2633 0.5289145
2634 0.0572514
2635 0.7736901
2636 0.5736262
2637 0.003906924
2638 0.02801273
2639 0.05656366
2640 0.09989156
2641 0.0415045
2642 0.1405997
2643 0.009969521
2644 0.7114045
2645 0.1007865
2646 0.09038066
2647 0.1487597
2648 0.2445296
2649 0.3076356
2650 0.1398269
2651 0.3866613
2652 0.5976777
2653 0.5212643
2654 0.09072352
2655 0.470882
2656 0.3662534
2657 0.129141
2658 0.4570563
2659 0.3049757
2660 0.4520132
2661 0.02997804
2662 0.06914854
2663 0.03214228
2664 0.3533397
2665 0.3138714
2666 0.3738815
2667 0.3237448
2668 0.331564
2669 0.3005072
2670 0.1933102
2671 0.04721916
2672 0.2810086
2673 0.2449753
2674 0.1409431
2675 0.5650304
2676 0.1023981
2677 0.1079011
2678 0.0759814
2679 0.05758893
2680 0.2885834
2681 0.09789884
2682 0.3170532
2683 0.2394735
2684 0.06222444
2685 0.08552809
2686 0.3904321
2687 0.6738931
2688 0.1285631
2689 0.5295064
2690 0.6957269
2691 0.3524147
2692 0.1412204
2693 0.1111471
2694 0.6486068
2695 0.2018974
2696 0.0753406
2697 0.3285718
2698 0.1906938
2699 0.06866905
2700 0.01935235
2701 0.2227754
2702 0.1450202
2703 0.5055774
2704 0.3268848
2705 0.4520439
2706 0.09737063
2707 0.3448868
2708 0.305363
2709 0.0287364
2710 0.1248749
2711 0.4147394
2712 0.5312677
2713 0.3590988
2714 0.2157165
2715 0.2116096
2716 0.5579857
2717 0.574123
2718 0.1777506
2719 0.669632
2720 0.1242325
2721 0.3131914
2722 0.08540956
2723 0.3137784
2724 0.1567829
2725 0.2539971
2726 0.2005762
2727 0.2685856
2728 0.4204334
2729 0.6153144
2730 0.1735076
2731 0.1583965
2732 0.5373016
2733 0.5397023
2734 0.6738399
2735 0.4799976
2736 0.1309597
2737 0.2850467
2738 0.1264837
2739 0.5002205
2740 0.1980088
2741 0.4694633
2742 0.6205173
2743 0.3489469
2744 0.5245884
2745 0.5311616
2746 0.6432497
2747 0.1647057
2748 0.04362778
2749 0.6254854
2750 0.6782042
2751 0.3883016
2752 0.4719632
2753 0.006689259
2754 0.05561869
2755 0.2778951
2756 0.4340766
2757 0.3057725
2758 0.3934724
2759 0.1148315
2760 0.2797061
2761 0.2667376
2762 0.1507034
2763 0.4712676
2764 0.2069734
2765 0.2848524
2766 0.235913
2767 0.732306
2768 0.05859725
2769 0.1418821
2770 0.07235084
2771 0.7042144
2772 0.1660015
2773 0.391867
2774 0.3148782
2775 0.2929972
2776 0.9199069
2777 0.0873985
2778 0.2443211
2779 0.4696766
2780 0.2434247
2781 0.08127144
2782 0.0362443
2783 0.299704
2784 0.1157449
2785 0.2546324
2786 0.2648204
2787 0.1481852
2788 0.1371061
2789 0.2242379
2790 0.1946507
2791 0.407089
2792 0.602987
2793 0.7055144
2794 0.2586219
2795 0.004331716
2796 0.2436001
2797 0.03622853
2798 0.5080873
2799 0.3873048
2800 0.1859107
2801 0.1015361
2802 0.7227401
2803 0.4489515
2804 0.3847455
2805 0.235217
2806 0.4370156
2807 0.4510665
2808 0.1058373
2809 0.01297775
2810 0.4376844
2811 0.4927526
2812 0.1303904
2813 0.2127036
2814 0.3418874
2815 0.7515503
2816 0.2950518
2817 0.1130162
2818 0.4562526
2819 0.06649341
2820 0.1765677
2821 0.6450532
2822 0.03636878
2823 0.06307056
2824 0.2035811
2825 0.1117139
2826 0.1522558
2827 0.5238778
2828 0.270284
2829 0.01584176
2830 0.1834092
2831 0.08752217
2832 0.4530929
2833 0.6499667
2834 0.06060042
2835 0.2024056
2836 0.1010928
2837 0.09048341
2838 0.07423124
2839 0.1188533
2840 0.1586696
2841 0.4001761
2842 0.2560012
2843 0.2027715
2844 0.04806581
2845 0.6512151
2846 0.1732435
2847 0.2374273
2848 0.07968803
2849 0.2740781
2850 0.1005117
2851 0.0602392
2852 0.3890181
2853 0.4204994
2854 0.2144813
2855 0.4186571
2856 0.08535154
2857 0.2445865
2858 0.4071905
2859 0.2308395
2860 0.283962
2861 0.3241959
2862 0.02258658
2863 0.1202784
2864 0.3664796
2865 0.7098676
2866 0.2936289
2867 0.202307
2868 0.319926
2869 0.2821716
2870 0.6696336
2871 0.120996
2872 0.1383831
2873 0.2490882
2874 0.01801588
2875 0.2740792
2876 0.07769246
2877 0.2796622
2878 0.1564369
2879 0.004750769
2880 0.07336255
2881 0.1566414
2882 0.2157145
2883 0.4644271
2884 0.03424862
2885 0.3074785
2886 0.4114535
2887 0.009282767
2888 0.1714403
2889 0.494128
2890 0.04309651
2891 0.158638
2892 0.1077698
2893 0.3498381
2894 0.1241032
2895 0.2947449
2896 0.2699489
2897 0.2708283
2898 0.08541808
2899 0.4972833
2900 0.5611444
2901 0.3525139
2902 0.5933991
2903 0.4052438
2904 0.3586263
2905 0.3010016
2906 0.262596
2907 0.4143168
2908 0.6951602
2909 0.006403303
2910 0.1814588
2911 0.2826376
2912 0.1007493
2913 0.1692235
2914 0.6113497
2915 0.3360917
2916 0.6580486
2917 0.264822
2918 0.3566401
2919 0.1338021
2920 0.06599028
2921 0.5350506
2922 0.2943769
2923 0.3487487
2924 0.3318342
2925 0.1231934
2926 0.2774461
2927 0.2303896
2928 0.509711
2929 0.5045228
2930 0.2607821
2931 0.4730813
2932 0.09572046
2933 0.9494105
2934 0.7950956
2935 0.4573034
2936 0.1258776
2937 0.3498486
2938 0.06467547
2939 0.1272698
2940 0.1919694
2941 0.2256638
2942 0.1733282
2943 0.3177477
2944 0.08022756
2945 0.1499725
2946 0.2593429
2947 0.7712329
2948 0.1818746
2949 0.2078354
2950 0.1280148
2951 0.1870297
2952 0.3664799
2953 0.0960234
2954 0.1555759
2955 0.1891963
2956 0.3723501
2957 0.3807301
2958 0.7063082
2959 0.1564502
2960 0.219982
2961 0.2043384
2962 0.3053349
2963 0.5353966
2964 0.05377144
2965 0.02760543
2966 0.1449396
2967 0.8121786
2968 0.1107514
2969 0.02919166
2970 0.006447748
2971 0.1765297
2972 0.1399483
2973 0.340052
2974 0.6836813
2975 0.3245654
2976 0.1773423
2977 0.3659833
2978 0.1547182
2979 0.01369698
2980 0.4072505
2981 0.141364
2982 0.1038754
2983 0.07374591
2984 0.7864458
2985 0.09171589
2986 0.3195279
2987 0.7382875
2988 0.4182872
2989 0.1801856
2990 0.1652655
2991 0.2233438
2992 0.1713476
2993 0.0387991
2994 0.1689615
2995 0.2016876
2996 0.06798826
2997 0.3739993
2998 0.09943097
2999 0.1720993
3000 0.3132144
3001 0.09003839
3002 0.3864197
3003 0.06906591
3004 0.1735501
3005 0.3257688
3006 0.1139407
3007 0.05938457
3008 0.05254139
3009 0.3818952
3010 0.5364622
3011 0.3047889
3012 0.05957896
3013 0.07444235
3014 0.07270778
3015 0.182939
3016 0.1347335
3017 0.03184547
3018 0.2222435
3019 0.3990424
3020 0.1390153
3021 0.4386364
3022 0.09820935
3023 0.2991975
3024 0.4095763
3025 0.1080068
3026 0.4921516
3027 0.2759242
3028 0.3354465
3029 0.03465505
3030 0.3485853
3031 0.2167684
3032 0.6039436
3033 0.1683751
3034 0.526003
3035 0.01339294
3036 0.2179658
3037 0.5977204
3038 0.3792649
3039 0.4550864
3040 0.04874977
3041 0.322834
3042 0.02623722
3043 0.3721337
3044 0.2371376
3045 0.1330489
3046 0.0318535
3047 0.08880011
3048 0.03388429
3049 0.171693
3050 0.6605907
3051 0.3237833
3052 0.2522786
3053 0.1735898
3054 0.6967932
3055 0.5308159
3056 0.1623794
3057 0.725204
3058 0.4181981
3059 0.2015688
3060 0.209509
3061 0.6239059
3062 0.2570148
3063 0.3853668
3064 0.01500981
3065 0.5426002
3066 0.6871763
3067 0.03713972
3068 0.598512
3069 0.07503129
3070 0.09272764
3071 0.3034091
3072 0.2848292
3073 0.4868527
3074 0.1897005
3075 0.7282396
3076 0.1393494
3077 0.03092278
3078 0.2734157
3079 0.3676392
3080 0.04158795
3081 0.1018372
3082 0.3393752
3083 0.1006999
3084 0.6645147
3085 0.1201428
3086 0.05578586
3087 0.2119182
3088 0.2774106
3089 0.4685201
3090 0.4971672
3091 0.1015532
3092 0.3681701
3093 0.5329427
3094 0.4295717
3095 0.01566269
3096 0.3848039
3097 0.6955835
3098 0.3963216
3099 0.2766035
3100 0.1771742
3101 0.1117149
3102 0.7160318
3103 0.09233812
3104 0.1544519
3105 0.1807702
3106 0.5006409
3107 0.01385897
3108 0.3668875
3109 0.206821
3110 0.07209039
3111 0.1479957
3112 0.4345895
3113 0.4268948
3114 0.2299315
3115 0.1600244
3116 0.1312726
3117 0.5770145
3118 0.1677873
3119 0.4667995
3120 0.2783616
3121 0.4669062
3122 0.1714208
3123 0.1179187
3124 0.2800146
3125 0.4265073
3126 0.1502809
3127 0.4109832
3128 0.427413
3129 0.2340936
3130 0.2374908
3131 0.09301722
3132 0.03516398
3133 0.1956997
3134 0.7842155
3135 0.301419
3136 0.6575361
3137 0.3049343
3138 0.1037037
3139 0.1932213
3140 0.2220496
3141 0.4183812
3142 0.06187581
3143 0.3795429
3144 0.4334639
3145 0.2525317
3146 0.3359719
3147 0.2964917
3148 0.09395313
3149 0.1950322
3150 0.3244289
3151 0.6908627
3152 0.3434798
3153 0.4700413
3154 0.2832684
3155 0.5521604
3156 0.2879948
3157 0.5451158
3158 0.2055593
3159 0.3409537
3160 0.2377897
3161 0.1711985
3162 0.07654092
3163 0.2110174
3164 0.1718631
3165 0.1512307
3166 0.1269492
3167 0.2906904
3168 0.291312
3169 0.08198138
3170 0.3703363
3171 0.3488604
3172 0.3411253
3173 0.399172
3174 0.2868493
3175 0.2439122
3176 0.3741955
3177 0.6163195
3178 0.0381063
3179 0.7333537
3180 0.1053315
3181 0.61948
3182 0.04188479
3183 0.07547906
3184 0.224514
3185 0.4877707
3186 0.6587398
3187 0.02335619
3188 0.3568104
3189 0.3070177
3190 0.1792572
3191 0.1982304
3192 0.7324006
3193 0.3269726
3194 0.4505985
3195 0.1121018
3196 0.1124375
3197 0.3183147
3198 0.1122498
3199 0.1032388
3200 0.4329867
3201 0.2511784
3202 0.4147214
3203 0.221061
3204 0.2984859
3205 0.5484381
3206 0.8175601
3207 0.6108337
3208 0.5456148
3209 0.5587736
3210 0.1508753
3211 0.6824755
3212 0.4392053
3213 0.4435076
3214 0.2543322
3215 0.3311175
3216 0.1347723
3217 0.106296
3218 0.3849002
3219 0.05540714
3220 0.1280114
3221 0.4540284
3222 0.4562464
3223 0.4915052
3224 0.08550803
3225 0.2875959
3226 0.3092977
3227 0.3122696
3228 0.2522035
3229 0.1285359
3230 0.43699
3231 0.04266004
3232 0.3502791
3233 0.3424217
3234 0.5483695
3235 0.5852783
3236 0.4279872
3237 0.06393879
3238 0.491778
3239 0.2733246
3240 0.5207263
3241 0.2514096
3242 0.2793329
3243 0.04179302
3244 0.6844669
3245 0.0469156
3246 0.06446179
3247 0.4419365
3248 0.461098
3249 0.3914842
3250 0.2076554
3251 0.5303967
3252 0.5249306
3253 0.0817548
3254 0.1748134
3255 0.5905402
3256 0.3369066
3257 0.2266448
3258 0.1089074
3259 0.3125876
3260 0.4335074
3261 0.1387808
3262 0.2964424
3263 0.4000758
3264 0.2582908
3265 0.08985708
3266 0.5293073
3267 0.584684
3268 0.2824259
3269 0.01449554
3270 0.1902531
3271 0.2882443
3272 0.2866873
3273 0.4817275
3274 0.5653041
3275 0.3370861
3276 0.5262277
3277 0.0414252
3278 0.3273038
3279 0.3426891
3280 0.4133774
3281 0.2936718
3282 0.108367
3283 0.6143977
3284 0.5572145
3285 0.1432562
3286 0.1871555
3287 0.3508208
3288 0.1243917
3289 0.2172109
3290 0.428242
3291 0.1260694
3292 0.2639749
3293 0.2802917
3294 0.4187733
3295 0.07891509
3296 0.1351679
3297 0.1573877
3298 0.7328268
3299 0.01316433
3300 0.6256603
3301 0.2252878
3302 0.2000943
3303 0.007063018
3304 0.5747449
3305 0.07008874
3306 0.1634419
3307 0.4194905
3308 0.2487013
3309 0.1118584
3310 0.6170216
3311 0.04929387
3312 0.4010544
3313 0.4415744
3314 0.2176142
3315 0.5686962
3316 0.4430331
3317 0.4827388
3318 0.1597445
3319 0.1927256
3320 0.2494026
3321 0.2674816
3322 0.7588949
3323 0.2329314
3324 0.04732382
3325 0.1872454
3326 0.128569
3327 0.5527662
3328 0.05211011
3329 0.07550464
3330 0.1277303
3331 0.04623548
3332 0.5003328
3333 0.01436866
3334 0.1129439
3335 0.3162414
3336 0.2912475
3337 0.4107787
3338 0.6834011
3339 0.4231643
3340 0.2229123
3341 0.1762718
3342 0.5152634
3343 0.2338505
3344 0.1012753
3345 0.3263293
3346 0.3274215
3347 0.7858979
3348 0.3728974
3349 0.1121229
3350 0.1083613
3351 0.437689
3352 0.1144007
3353 0.3488418
3354 0.578573
3355 0.3776282
3356 0.2354711
3357 0.3820604
3358 0.2104028
3359 0.07743161
3360 0.5382293
3361 0.05461535
3362 0.02505641
3363 0.2419717
3364 0.1373759
3365 0.12966
3366 0.09064895
3367 0.4662213
3368 0.4079274
3369 0.3876774
3370 0.3932326
3371 0.231461
3372 0.1465126
3373 0.4365347
3374 0.001833602
3375 0.3592838
3376 0.3067545
3377 0.08233531
3378 0.4696228
3379 0.6765189
3380 0.2548887
3381 0.6598483
3382 0.3351279
3383 0.2378836
3384 0.5451401
3385 0.03436773
3386 0.3375314
3387 0.1019325
3388 0.1024675
3389 0.5834869
3390 0.2654899
3391 0.5302849
3392 0.2861437
3393 0.2608431
3394 0.291137
3395 0.2288262
3396 0.1285003
3397 0.2478966
3398 0.3236628
3399 0.01280553
3400 0.09134109
3401 0.1489255
3402 0.1568268
3403 0.2261832
3404 0.5987042
3405 0.08888029
3406 0.09847338
3407 0.280499
3408 0.3094888
3409 0.4191835
3410 0.2276524
3411 0.1236555
3412 0.201014
3413 0.316236
3414 0.2111203
3415 0.7648513
3416 0.1852334
3417 0.02257771
3418 0.2154625
3419 0.8106206
3420 0.02123495
3421 0.2931739
3422 0.3017337
3423 0.1906546
3424 0.2191051
3425 0.05062392
3426 0.1764276
3427 0.528097
3428 0.4319164
3429 0.01572591
3430 0.3703622
3431 0.02876644
3432 0.2661452
3433 0.02926432
3434 0.2053484
3435 0.5835215
3436 0.4927075
3437 0.3589293
3438 0.06763797
3439 0.3924803
3440 0.0757327
3441 0.1728112
3442 0.7355198
3443 0.518926
3444 0.377391
3445 0.4539352
3446 0.227055
3447 0.1866891
3448 0.3546969
3449 0.6909224
3450 0.1956067
3451 0.1728314
3452 0.2254159
3453 0.03822245
3454 0.1078333
3455 0.04960349
3456 0.2381262
3457 0.07765501
3458 0.09687353
3459 0.6503871
3460 0.2393478
3461 0.1262532
3462 0.4632233
3463 0.4251075
3464 0.1524539
3465 0.02801841
3466 0.3368252
3467 0.1443326
3468 0.09875175
3469 0.4177755
3470 0.1338472
3471 0.1805323
3472 0.4042056
3473 0.09517669
3474 0.1165401
3475 0.05310081
3476 0.4305544
3477 0.5713253
3478 0.1306667
3479 0.02496726
3480 0.1423774
3481 0.2237729
3482 0.4302735
3483 0.3075763
3484 0.2740933
3485 0.2421805
3486 0.1092668
3487 0.07235568
3488 0.05979064
3489 0.1648777
3490 0.5090795
3491 0.235751
3492 0.0992778
3493 0.7398872
3494 0.1658925
3495 0.2638671
3496 0.1972803
3497 0.3958941
3498 0.6094155
3499 0.02533863
3500 0.09758393
3501 0.2110819
3502 0.1589692
3503 0.238654
3504 0.1587612
3505 0.3719013
3506 0.4102665
3507 0.2615803
3508 0.2818082
3509 0.2706144
3510 0.3107561
3511 0.2628663
3512 0.3431802
3513 0.425597
3514 0.1056482
3515 0.3260944
3516 0.1386475
3517 0.1894797
3518 0.1346161
3519 0.06083556
3520 0.238139
3521 0.2494339
3522 0.5323984
3523 0.2323627
3524 0.2610219
3525 0.2186575
3526 0.09555604
3527 0.4199193
3528 0.2311664
3529 0.3459425
3530 0.749833
3531 0.206192
3532 0.8402852
3533 0.4436358
3534 0.4604533
3535 0.1267818
3536 0.1274402
3537 0.2005432
3538 0.03327175
3539 0.2772155
3540 0.2844321
3541 0.4439006
3542 0.07857517
3543 0.3310588
3544 0.4629761
3545 0.0286289
3546 0.1522359
3547 0.3791745
3548 0.5591582
3549 0.4388046
3550 0.1428952
3551 0.2942871
3552 0.1039061
3553 0.3165783
3554 0.3064674
3555 0.2976593
3556 0.10303
3557 0.7319774
3558 0.3339256
3559 0.130476
3560 0.4200639
3561 0.1491333
3562 0.6573334
3563 0.4158599
3564 0.25926
3565 0.1110482
3566 0.1926172
3567 0.0979122
3568 0.3185397
3569 0.07786722
3570 0.2916923
3571 0.31474
3572 0.5351133
3573 0.04973883
3574 0.4034951
3575 0.1754682
3576 0.4093011
3577 0.4772788
3578 0.03898036
3579 0.08350593
3580 0.2607201
3581 0.07794058
3582 0.4055946
3583 0.2189495
3584 0.09029767
3585 0.2344192
3586 0.2198521
3587 0.488983
3588 0.253459
3589 0.4830085
3590 0.3302814
3591 0.07694
3592 0.5370748
3593 0.2356652
3594 0.3296864
3595 0.02468773
3596 0.01381312
3597 0.08237377
3598 0.1857837
3599 0.1201323
3600 0.4343628
3601 0.6342692
3602 0.03274983
3603 0.04924569
3604 0.5494736
3605 0.09578654
3606 0.1064977
3607 0.03335654
3608 0.23243
3609 0.3603283
3610 0.3095905
3611 0.2474958
3612 0.03955378
3613 0.5180719
3614 0.1277144
3615 0.286789
3616 0.2904721
3617 0.698164
3618 0.6317244
3619 0.1591325
3620 0.2105469
3621 0.6641311
3622 0.1009503
3623 0.5869205
3624 0.5209719
3625 0.09776419
3626 0.06919367
3627 0.324038
3628 0.2347514
3629 0.04422675
3630 0.3736661
3631 0.02970918
3632 0.2570574
3633 0.203644
3634 0.1566379
3635 0.1732884
3636 0.1918066
3637 0.0960609
3638 0.2741222
3639 0.4477613
3640 0.4609675
3641 0.3875379
3642 0.1832367
3643 0.4368445
3644 0.3142514
3645 0.1253962
3646 0.4470412
3647 0.4272501
3648 0.3214462
3649 0.06256062
3650 0.08384562
3651 0.02218972
3652 0.05363673
3653 0.5995491
3654 0.1451287
3655 0.1552802
3656 0.2228194
3657 0.7402903
3658 0.1077195
3659 0.06539431
3660 0.06257444
3661 0.220076
3662 0.2525931
3663 0.4591547
3664 0.1374445
3665 0.7086446
3666 0.1190553
3667 0.1826237
3668 0.1620991
3669 0.2499368
3670 0.4864289
3671 0.1331422
3672 0.04821171
3673 0.71401
3674 0.4670758
3675 0.3883177
3676 0.5790699
3677 0.2325372
3678 0.6013148
3679 0.08647569
3680 0.4563029
3681 0.4136028
3682 0.02741282
3683 0.5132667
3684 0.1193976
3685 0.4076254
3686 0.05646639
3687 0.02280545
3688 0.1826009
3689 0.02279772
3690 0.4417221
3691 0.1970854
3692 0.3093803
3693 0.02902157
3694 0.3221383
3695 0.1274218
3696 0.5576808
3697 0.2668924
3698 0.7656932
3699 0.06473869
3700 0.4660978
3701 0.04519576
3702 0.2475845
3703 0.001204547
3704 0.2063785
3705 0.1791722
3706 0.4940744
3707 0.1316913
3708 0.3995647
3709 0.5839567
3710 0.02848598
3711 0.08985902
3712 0.009274344
3713 0.8757026
3714 0.2697281
3715 0.2784047
3716 0.345276
3717 0.01722267
3718 0.1791193
3719 0.5108573
3720 0.5298251
3721 0.4380911
3722 0.1576933
3723 0.1930949
3724 0.1423512
3725 0.1445575
3726 0.05194707
3727 0.2052156
3728 0.100511
3729 0.3649866
3730 0.1043662
3731 0.5094758
3732 0.4363089
3733 0.6309544
3734 0.08211033
3735 0.2184238
3736 0.5709771
3737 0.02564584
3738 0.4909622
3739 0.6303934
3740 0.1795213
3741 0.04002938
3742 0.06235128
3743 0.07042328
3744 0.1203388
3745 0.3765353
3746 0.08834787
3747 0.4600067
3748 0.002270627
3749 0.01943499
3750 0.08411697
3751 0.4493797
3752 0.4906204
3753 0.1785581
3754 0.6592725
3755 0.6532599
3756 0.3503722
3757 0.05412253
3758 0.4402035
3759 0.4141742
3760 0.1221199
3761 0.2783999
3762 0.6338229
3763 0.3719933
3764 0.6509779
3765 0.7867622
3766 0.1756687
3767 0.3998058
3768 0.117559
3769 0.3814509
3770 0.1210781
3771 0.2909117
3772 0.1672303
3773 0.5027092
3774 0.2558295
3775 0.3698789
3776 0.5638683
3777 0.1983188
3778 0.2385198
3779 0.4142271
3780 0.3420257
3781 0.601202
3782 0.3414512
3783 0.2483916
3784 0.2688716
3785 0.08189578
3786 0.6679208
3787 0.569023
3788 0.1590851
3789 0.5410906
3790 0.1057142
3791 0.04378764
3792 0.3417797
3793 0.0998846
3794 0.4432397
3795 0.06501372
3796 0.6540957
3797 0.2036104
3798 0.5651715
3799 0.5655824
3800 0.2078347
3801 0.1568076
3802 0.05211341
3803 0.04209687
3804 0.0645192
3805 0.3603979
3806 0.1534584
3807 0.7812871
3808 0.1393801
3809 0.08915468
3810 0.3618122
3811 0.6108526
3812 0.006420209
3813 0.5942792
3814 0.1828904
3815 0.7342624
3816 0.2026744
3817 0.4454337
3818 0.1667109
3819 0.7093936
3820 0.7209025
3821 0.3408501
3822 0.223542
3823 0.2995819
3824 0.7423387
3825 0.1795286
3826 0.1295806
3827 0.07279822
3828 0.5350947
3829 0.3519438
3830 0.1685497
3831 0.4050136
3832 0.5357609
3833 0.5064155
3834 0.1213418
3835 0.1296469
3836 0.02801811
3837 0.03623626
3838 0.1845527
3839 0.08647535
3840 0.194236
3841 0.167587
3842 0.1010215
3843 0.09458293
3844 0.06930133
3845 0.0321645
3846 0.1309244
3847 0.2229213
3848 0.6149342
3849 0.002578963
3850 0.2261805
3851 0.2277336
3852 0.0661983
3853 0.4926386
3854 0.001630054
3855 0.2922812
3856 0.5371497
3857 0.156064
3858 0.7495923
3859 0.04372394
3860 0.2824487
3861 0.06498479
3862 0.09263596
3863 0.3195341
3864 0.225237
3865 0.05408885
3866 0.7989589
3867 0.4985827
3868 0.3662886
3869 0.1755338
3870 0.4966252
3871 0.8002783
3872 0.112143
3873 0.08496525
3874 0.5889185
3875 0.1088207
3876 0.2092016
3877 0.17783
3878 0.4833047
3879 0.1069907
3880 0.1013981
3881 0.03144845
3882 0.03406872
3883 0.1456147
3884 0.6580469
3885 0.1093001
3886 0.005063681
3887 0.08851984
3888 0.4358899
3889 0.7910538
3890 0.1188219
3891 0.1495145
3892 0.05513409
3893 0.05646151
3894 0.3414221
3895 0.1662818
3896 0.4743067
3897 0.0895216
3898 0.5158776
3899 0.4532915
3900 0.2247598
3901 0.06733543
3902 0.416392
3903 0.5559362
3904 0.434561
3905 0.09266141
3906 0.2834523
3907 0.3085468
3908 0.02044164
3909 0.1317478
3910 0.231562
3911 0.06298305
3912 0.5117709
3913 0.1790682
3914 0.1334736
3915 0.3121453
3916 0.3149674
3917 0.4341047
3918 0.1493483
3919 0.1419436
3920 0.004187294
3921 0.03462721
3922 0.1090862
3923 0.3793889
3924 0.1738395
3925 0.300207
3926 0.1753065
3927 0.0733069
3928 0.3426669
3929 0.6514991
3930 0.2137207
3931 0.2141024
3932 0.1075305
3933 0.2764438
3934 0.322733
3935 0.4070489
3936 0.1414063
3937 0.338318
3938 0.3970826
3939 0.1601392
3940 0.2758852
3941 0.4668671
3942 0.213511
3943 0.6536727
3944 0.1571862
3945 0.1928264
3946 0.173813
3947 0.1493875
3948 0.459967
3949 0.5224574
3950 0.1046977
3951 0.1186636
3952 0.6662164
3953 0.2324503
3954 0.1693111
3955 0.09842394
3956 0.08184687
3957 0.2835657
3958 0.6350469
3959 0.07837571
3960 0.1990661
3961 0.1749114
3962 0.08402005
3963 0.1139214
3964 0.524637
3965 0.2216672
3966 0.2195846
3967 0.2982007
3968 0.1758628
3969 0.003181255
3970 0.1127193
3971 0.8402576
3972 0.5310289
3973 0.6563197
3974 0.07127355
3975 0.159163
3976 0.02231107
3977 0.4453695
3978 0.4548297
3979 0.2944414
3980 0.4905844
3981 0.006828562
3982 0.0690529
3983 0.462157
3984 0.1061943
3985 0.09455938
3986 0.7206347
3987 0.01765888
3988 0.5232598
3989 0.5192979
3990 0.4203868
3991 0.287015
3992 0.4713295
3993 0.2741242
3994 0.3364631
3995 0.1488115
3996 0.1422567
3997 0.4896963
3998 0.2478823
3999 0.6654445
4000 0.01314225
4001 0.05843112
4002 0.005266196
4003 0.1164946
4004 0.1975865
4005 0.2701478
4006 0.09344875
4007 0.7254192
4008 0.003803253
4009 0.5154253
4010 0.2969333
4011 0.882479
4012 0.1967868
4013 0.5991437
4014 0.2083852
4015 0.07167531
4016 0.3877543
4017 0.2427831
4018 0.2189098
4019 0.4858225
4020 0.08570635
4021 0.08628841
4022 0.3539903
4023 0.332368
4024 0.4692886
4025 0.7809445
4026 0.4971894
4027 0.05739918
4028 0.5138048
4029 0.4138379
4030 0.1587989
4031 0.5629218
4032 0.2661588
4033 0.1940826
4034 0.3392027
4035 0.2382087
4036 0.3901669
4037 0.2860608
4038 0.1922541
4039 0.3611146
4040 0.7300102
4041 0.2480656
4042 0.3970457
4043 0.07164124
4044 0.4098419
4045 0.1017372
4046 0.3428342
4047 0.2119457
4048 0.4252037
4049 0.3762128
4050 0.8642792
4051 0.02312212
4052 0.04892839
4053 0.09629679
4054 0.09978245
4055 0.5940562
4056 0.1075278
4057 0.7167765
4058 0.02539451
4059 0.1618263
4060 0.05919394
4061 0.2636094
4062 0.4204526
4063 0.203778
4064 0.2723768
4065 0.3935701
4066 0.07722025
4067 0.3665405
4068 0.4720963
4069 0.3837521
4070 0.152008
4071 0.2385845
4072 0.04682561
4073 0.2834349
4074 0.5149277
4075 0.5988165
4076 0.03819185
4077 0.5045744
4078 0.01264677
4079 0.1530147
4080 0.04197565
4081 0.03271708
4082 0.1486409
4083 0.1562581
4084 0.4385254
4085 0.2732185
4086 0.2654354
4087 0.6570708
4088 0.4815118
4089 0.4175856
4090 0.3340316
4091 0.02419359
4092 0.05708677
4093 0.4178123
4094 0.1771747
4095 0.1589487
4096 0.2034612
4097 0.07270247
4098 0.2965261
4099 0.2403258
4100 0.190106
4101 0.2685139
4102 0.2426196
4103 0.1107689
4104 0.1322478
4105 0.02586196
4106 0.6112546
4107 0.04468743
4108 0.01467258
4109 0.5950095
4110 0.2724639
4111 0.1474035
4112 0.1533246
4113 0.2953295
4114 0.214585
4115 0.4901866
4116 0.134492
4117 0.2781028
4118 0.3159346
4119 0.4674186
4120 0.2954662
4121 0.6703179
4122 0.3127785
4123 0.1087774
4124 0.3562345
4125 0.0861604
4126 0.08879805
4127 0.03973159
4128 0.3755981
4129 0.03137795
4130 0.02657598
4131 0.2147568
4132 0.1171061
4133 0.2833151
4134 0.5295589
4135 0.1319956
4136 0.1761054
4137 0.3114981
4138 0.2510133
4139 0.323849
4140 0.070143
4141 0.4400357
4142 0.1830727
4143 0.3601886
4144 0.2541967
4145 0.07907163
4146 0.3673915
4147 0.3571337
4148 0.2577847
4149 0.2813347
4150 0.1850958
4151 0.1543772
4152 0.3603325
4153 0.2721179
4154 0.2147103
4155 0.07346916
4156 0.5663679
4157 0.2040162
4158 0.5944654
4159 0.3153477
4160 0.1278655
4161 0.6707903
4162 0.04464685
4163 0.1098368
4164 0.3728045
4165 0.324665
4166 0.3921648
4167 0.1340603
4168 0.6569252
4169 0.0602847
4170 0.04915305
4171 0.4394547
4172 0.3399038
4173 0.06093105
4174 0.03308175
4175 0.1522365
4176 0.4357606
4177 0.1682037
4178 0.400453
4179 0.04451917
4180 0.3231285
4181 0.05872517
4182 0.3678259
4183 0.2750032
4184 0.2372659
4185 0.5587581
4186 0.1635497
4187 0.1591435
4188 0.5363077
4189 0.09761503
4190 0.684233
4191 0.3010117
4192 0.121506
4193 0.0835745
4194 0.002371981
4195 0.01863391
4196 0.5204124
4197 0.7637036
4198 0.03216701
4199 0.3177467
4200 0.07566777
4201 0.03015827
4202 0.2563531
4203 0.6397905
4204 0.645684
4205 0.6339289
4206 0.1234031
4207 0.1174791
4208 0.08818786
4209 0.3647109
4210 0.03693512
4211 0.2269036
4212 0.6911372
4213 0.06982186
4214 0.2520466
4215 0.4925374
4216 0.1283783
4217 0.5453797
4218 0.07528669
4219 0.2243487
4220 0.4644397
4221 0.2357739
4222 0.09485002
4223 0.06491165
4224 0.09093186
4225 0.04225114
4226 0.483837
4227 0.1235861
4228 0.2458323
4229 0.5656875
4230 0.4202018
4231 0.363614
4232 0.2697787
4233 0.4131479
4234 0.6811035
4235 0.7313757
4236 0.4237557
4237 0.3211667
4238 0.3752933
4239 0.4513585
4240 0.3102335
4241 0.2245808
4242 0.06496487
4243 0.609972
4244 0.3374908
4245 0.04061431
4246 0.1518337
4247 0.0927253
4248 0.05921424
4249 0.01503127
4250 0.05144613
4251 0.2069941
4252 0.4789071
4253 0.07013682
4254 0.1342207
4255 0.8457488
4256 0.1039371
4257 0.1632763
4258 0.7771569
4259 0.1621167
4260 0.1424917
4261 0.03640566
4262 0.1251206
4263 0.2107548
4264 0.228398
4265 0.4895653
4266 0.02644668
4267 0.1708617
4268 0.04065396
4269 0.2465785
4270 0.4537006
4271 0.240147
4272 0.4023053
4273 0.1632439
4274 0.7899847
4275 0.06380212
4276 0.004057213
4277 0.172586
4278 0.2547655
4279 0.1655494
4280 0.1253358
4281 0.5731901
4282 0.1477067
4283 0.1530215
4284 0.2770748
4285 0.1937058
4286 0.1236956
4287 0.08621538
4288 0.1258049
4289 0.07736637
4290 0.5821868
4291 0.1975376
4292 0.3740743
4293 0.1891175
4294 0.2545308
4295 0.1978547
4296 0.1914458
4297 0.4332962
4298 0.404865
4299 0.7073017
4300 0.432173
4301 0.4397177
4302 0.2708196
4303 0.2658006
4304 0.3791369
4305 0.2393147
4306 0.04520743
4307 0.1462493
4308 0.3952663
4309 0.2786765
4310 0.3824108
4311 0.1010929
4312 0.3865723
4313 0.03211191
4314 0.1516922
4315 0.08975349
4316 0.01547965
4317 0.1329123
4318 0.7650698
4319 0.5149819
4320 0.4693859
4321 0.146972
4322 0.6942669
4323 0.2307363
4324 0.3233534
4325 0.3866959
4326 0.289471
4327 0.4925626
4328 0.09186345
4329 0.07907868
4330 0.5467714
4331 0.05746363
4332 0.2305091
4333 0.1639319
4334 0.5401137
4335 0.514079
4336 0.09562723
4337 0.7800554
4338 0.1702185
4339 0.2524629
4340 0.3339714
4341 0.2618318
4342 0.4536292
4343 0.5698696
4344 0.4684725
4345 0.1689031
4346 0.02166443
4347 0.2184762
4348 0.03520175
4349 0.2547686
4350 0.4152569
4351 0.4349868
4352 0.4004022
4353 0.1098843
4354 0.01290325
4355 0.1005775
4356 0.6578047
4357 0.5436758
4358 0.7454828
4359 0.215043
4360 0.2557152
4361 0.02381325
4362 0.106519
4363 0.376619
4364 0.2228123
4365 0.6339783
4366 0.6657145
4367 0.6424689
4368 0.1260107
4369 0.2789434
4370 0.1665789
4371 0.4853023
4372 0.4923442
4373 0.08319372
4374 0.1563255
4375 0.6069235
4376 0.1677483
4377 0.2507221
4378 0.4486213
4379 0.1111332
4380 0.3526439
4381 0.04200944
4382 0.4068324
4383 0.6691282
4384 0.6496525
4385 0.3195046
4386 0.3833432
4387 0.273976
4388 0.08218984
4389 0.8055729
4390 0.1204996
4391 0.1059303
4392 0.5237398
4393 0.112253
4394 0.1324607
4395 0.3339485
4396 0.3838915
4397 0.3602642
4398 0.07468046
4399 0.1497776
4400 0.5365794
4401 0.8666399
4402 0.1475051
4403 0.1569217
4404 0.2329719
4405 0.6039903
4406 0.1589991
4407 0.1781077
4408 0.07802684
4409 0.1330834
4410 0.2543541
4411 0.3480915
4412 0.8581709
4413 0.4324588
4414 0.38203
4415 0.5988091
4416 0.1726137
4417 0.4444666
4418 0.1312337
4419 0.4810091
4420 0.1783303
4421 0.5598843
4422 0.08906634
4423 0.4964389
4424 0.4575649
4425 0.2413245
4426 0.1271037
4427 0.4124915
4428 0.01575867
4429 0.1342237
4430 0.2424672
4431 0.09228331
4432 0.4498709
4433 0.05520159
4434 0.303069
4435 0.3277199
4436 0.2516089
4437 0.5793608
4438 0.05031788
4439 0.106426
4440 0.5474936
4441 0.2690941
4442 0.175803
4443 0.07009797
4444 0.2571329
4445 0.650712
4446 0.256979
4447 0.4598453
4448 0.3263568
4449 0.03387086
4450 0.1705649
4451 0.7580317
4452 0.7042199
4453 0.09623751
4454 0.1204835
4455 0.01342909
4456 0.3177161
4457 0.273731
4458 0.2390533
4459 0.08961689
4460 0.6343469
4461 0.5235927
4462 0.4635857
4463 0.1428134
4464 0.4007403
4465 0.2612679
4466 0.2446615
4467 0.04759168
4468 0.213592
4469 0.1333408
4470 0.04481291
4471 0.04097195
4472 0.06607946
4473 0.0140372
4474 0.4548773
4475 0.1072341
4476 0.2201793
4477 0.1851426
4478 0.501389
4479 0.267673
4480 0.5428551
4481 0.7727291
4482 0.2096689
4483 0.07243237
4484 0.2100169
4485 0.4350008
4486 0.3430188
4487 0.1308843
4488 0.259202
4489 0.2979864
4490 0.2984496
4491 0.3451238
4492 0.2927423
4493 0.2331582
4494 0.1500628
4495 0.06459487
4496 0.1923316
4497 0.1510816
4498 0.4744051
4499 0.4412263
4500 0.04352349
4501 0.2157331
4502 0.2886413
4503 0.0880076
4504 0.1033806
4505 0.2657571
4506 0.1467888
4507 0.07773898
4508 0.3777687
4509 0.5879531
4510 0.6002027
4511 0.229933
4512 0.1599903
4513 0.1924329
4514 0.2713087
4515 0.4569768
4516 0.4885994
4517 0.3983699
4518 0.2632473
4519 0.069061
4520 0.4661246
4521 0.1020666
4522 0.3500175
4523 0.1151677
4524 0.2750049
4525 0.4486293
4526 0.306632
4527 0.6121542
4528 0.07912062
4529 0.3597733
4530 0.01293395
4531 0.03126624
4532 0.4707499
4533 0.1845362
4534 0.297126
4535 0.5649828
4536 0.2229517
4537 0.15417
4538 0.5553352
4539 0.09883438
4540 0.1146352
4541 0.3089873
4542 0.3426594
4543 0.2303848
4544 0.4514625
4545 0.5026857
4546 0.3896295
4547 0.02025152
4548 0.07283584
4549 0.03144359
4550 0.02301112
4551 0.861081
4552 0.4984451
4553 0.7809636
4554 0.478585
4555 0.2810608
4556 0.03186987
4557 0.3748836
4558 0.09453955
4559 0.6475051
4560 0.04163363
4561 0.1346319
4562 0.180234
4563 0.325552
4564 0.4000893
4565 0.04518215
4566 0.5238172
4567 0.1469115
4568 0.3267232
4569 0.2140326
4570 0.545444
4571 0.2180528
4572 0.3773902
4573 0.9442565
4574 0.08903493
4575 0.3384768
4576 0.01942136
4577 0.600572
4578 0.1645302
4579 0.195594
4580 0.1070304
4581 0.1199922
4582 0.4950354
4583 0.3937915
4584 0.5393838
4585 0.2912492
4586 0.04837198
4587 0.4471289
4588 0.02305438
4589 0.217053
4590 0.2666686
4591 0.302144
4592 0.1153531
4593 0.775908
4594 0.4190524
4595 0.7633328
4596 0.2521696
4597 0.2444273
4598 0.676778
4599 0.200565
4600 0.4640473
4601 0.2885975
4602 0.04240212
4603 0.5002767
4604 0.5179369
4605 0.5252029
4606 0.03711265
4607 0.5034123
4608 0.3283062
4609 0.05524477
4610 0.3900405
4611 0.1616154
4612 0.8288955
4613 0.1888364
4614 0.2598691
4615 0.1626384
4616 0.8313147
4617 0.317208
4618 0.06368268
4619 0.1100746
4620 0.01785913
4621 0.01670689
4622 0.1865309
4623 0.05781525
4624 0.288616
4625 0.4560635
4626 0.7111274
4627 0.1322281
4628 0.1888879
4629 0.4643422
4630 0.3246364
4631 0.430675
4632 0.5532267
4633 0.5035472
4634 0.07151231
4635 0.06102548
4636 0.09104511
4637 0.03177759
4638 0.2141178
4639 0.1982826
4640 0.250937
4641 0.2571445
4642 0.1798223
4643 0.2642767
4644 0.267097
4645 0.4227027
4646 0.07577983
4647 0.7550526
4648 0.04659124
4649 0.5513875
4650 0.5335992
4651 0.5106268
4652 0.2738662
4653 0.1373926
4654 0.06581326
4655 0.1815493
4656 0.1581912
4657 0.1796752
4658 0.0409519
4659 0.2266558
4660 0.1379102
4661 0.1103319
4662 0.2727375
4663 0.08669433
4664 0.2873845
4665 0.06700983
4666 0.2119562
4667 0.3110717
4668 0.306339
4669 0.413378
4670 0.1311958
4671 0.3148048
4672 0.02170464
4673 0.3753001
4674 0.5675817
4675 0.5463985
4676 0.1613226
4677 0.06364519
4678 0.3321567
4679 0.2882951
4680 0.154512
4681 0.1978575
4682 0.2346332
4683 0.1269005
4684 0.1176227
4685 0.6815502
4686 0.1071274
4687 0.6010316
4688 0.0495737
4689 0.300374
4690 0.1806513
4691 0.2541918
4692 0.3984139
4693 0.3714656
4694 0.03030351
4695 0.7529572
4696 0.2250367
4697 0.3731542
4698 0.1321021
4699 0.04287659
4700 0.07125577
4701 0.2877715
4702 0.1514002
4703 0.0004525206
4704 0.2145545
4705 0.289872
4706 0.01475017
4707 0.08798813
4708 0.4304933
4709 0.02921104
4710 0.5101372
4711 0.4436251
4712 0.1142475
4713 0.5839427
4714 0.3672941
4715 0.4090542
4716 0.3102721
4717 0.4319359
4718 0.002820186
4719 0.2010533
4720 0.03321052
4721 0.3387953
4722 0.2934434
4723 0.1674159
4724 0.8311702
4725 0.454572
4726 0.2560836
4727 0.2962353
4728 0.4778311
4729 0.04094202
4730 0.1924517
4731 0.232206
4732 0.1375872
4733 0.1718427
4734 0.4451736
4735 0.2933601
4736 0.2466739
4737 0.3818918
4738 0.2855423
4739 0.1433774
4740 0.2406423
4741 0.6568928
4742 0.3097036
4743 0.2465071
4744 0.2557786
4745 0.1935591
4746 0.4494684
4747 0.1362406
4748 0.05906131
4749 0.1796705
4750 0.1001481
4751 0.1473256
4752 0.03415589
4753 0.04721838
4754 0.3481714
4755 0.4761629
4756 0.6035427
4757 0.2017086
4758 0.08718522
4759 0.03461194
4760 0.1028737
4761 0.1013895
4762 0.3362997
4763 0.7785985
4764 0.06477075
4765 0.7588507
4766 0.3198729
4767 0.2087782
4768 0.3381996
4769 0.6042453
4770 0.3690037
4771 0.291028
4772 0.6938354
4773 0.4824491
4774 0.6884066
4775 0.2004906
4776 0.2825578
4777 0.0489558
4778 0.119533
4779 0.3588787
4780 0.09952323
4781 0.1094275
4782 0.09661299
4783 0.7388245
4784 0.1949135
4785 0.4521615
4786 0.2242732
4787 0.02788778
4788 0.2371846
4789 0.2951071
4790 0.6888064
4791 0.3645521
4792 0.288249
4793 0.5337525
4794 0.1336143
4795 0.096797
4796 0.03622769
4797 0.1826412
4798 0.06157933
4799 0.5430916
4800 0.3143521
4801 0.2001075
4802 0.3511528
4803 0.099589
4804 0.09860135
4805 0.07470215
4806 0.3921837
4807 0.5855345
4808 0.1234813
4809 0.2741528
4810 0.1179256
4811 0.4371498
4812 0.1496637
4813 0.744894
4814 0.2768322
4815 0.5156702
4816 0.02010517
4817 0.1195946
4818 0.3298138
4819 0.1127293
4820 0.3380635
4821 0.1483531
4822 0.0405691
4823 0.002209514
4824 0.1311123
4825 0.4065392
4826 0.4802424
4827 0.1559341
4828 0.004679039
4829 0.2076614
4830 0.009682131
4831 0.8321628
4832 0.3889917
4833 0.8604642
4834 0.2507714
4835 0.01492707
4836 0.3675089
4837 0.3446994
4838 0.4235232
4839 0.3718108
4840 0.03370462
4841 0.07279315
4842 0.1773603
4843 0.2895898
4844 0.1167225
4845 0.04836146
4846 0.2157051
4847 0.2568173
4848 0.2194148
4849 0.6276027
4850 0.07047772
4851 0.3673512
4852 0.04674416
4853 0.680856
4854 0.1380324
4855 0.3432482
4856 0.175766
4857 0.4412558
4858 0.5448797
4859 0.1364235
4860 0.04262576
4861 0.4010784
4862 0.2325415
4863 0.0754603
4864 0.3856673
4865 0.09136527
4866 0.06742731
4867 0.4645184
4868 0.3252311
4869 0.4409086
4870 0.3621444
4871 0.07284
4872 0.266523
4873 0.3545096
4874 0.2141843
4875 0.1465917
4876 0.459787
4877 0.46788
4878 0.1971057
4879 0.240035
4880 0.1263358
4881 0.1201402
4882 0.2050974
4883 0.01486118
4884 0.03644407
4885 0.2034903
4886 0.1039517
4887 0.131835
4888 0.1417647
4889 0.2921772
4890 0.05212237
4891 0.05612268
4892 0.4756773
4893 0.2846934
4894 0.0801377
4895 0.2934415
4896 0.4333279
4897 0.1594447
4898 0.6871423
4899 0.2079962
4900 0.1981259
4901 0.2992645
4902 0.2814362
4903 0.07007463
4904 0.1590965
4905 0.3891383
4906 0.3458936
4907 0.7039957
4908 0.1782664
4909 0.8695175
4910 0.1626884
4911 0.2683659
4912 0.2574099
4913 0.1210709
4914 0.1145676
4915 0.2383441
4916 0.1516625
4917 0.115287
4918 0.08300697
4919 0.01734652
4920 0.4398584
4921 0.5059828
4922 0.4228531
4923 0.5626064
4924 0.2057775
4925 0.4070108
4926 0.4504081
4927 0.4111788
4928 0.01398549
4929 0.0827933
4930 0.3568338
4931 0.113552
4932 0.08908067
4933 0.4112331
4934 0.2952945
4935 0.7033579
4936 0.6284683
4937 0.5160788
4938 0.2816031
4939 0.5093447
4940 0.3317756
4941 0.2379443
4942 0.113974
4943 0.03153245
4944 0.3135777
4945 0.05623642
4946 0.4247511
4947 0.2735045
4948 0.0628823
4949 0.07530335
4950 0.3388086
4951 0.4415837
4952 0.1280579
4953 0.04027565
4954 0.3562146
4955 0.2415495
4956 0.1667975
4957 0.4012454
4958 0.1144963
4959 0.1323616
4960 0.2770196
4961 0.1851677
4962 0.2399322
4963 0.4438151
4964 0.270136
4965 0.8028419
4966 0.534645
4967 0.4892264
4968 0.105981
4969 0.2206714
4970 0.168884
4971 0.1875279
4972 0.2772638
4973 0.5935265
4974 0.2869939
4975 0.1669933
4976 0.2489229
4977 0.02315802
4978 0.09021004
4979 0.1505781
4980 0.3502612
4981 0.5721722
4982 0.7516692
4983 0.2681048
4984 0.2118263
4985 0.3837756
4986 0.05253535
4987 0.3546532
4988 0.2694555
4989 0.5606106
4990 0.2500322
4991 0.1067758
4992 0.5781464
4993 0.4272786
4994 0.3409218
4995 0.3742889
4996 0.4468209
4997 0.3183549
4998 0.101653
4999 0.01837468
5000 0.03988644
