1 0.1548418
2 0.06589025
3 0.158537
4 0.1570931
5 0.01239139
6 0.0268469
7 0.2263834
8 0.2288771
9 0.0523144
10 0.1812273
11 0.1277604
12 0.04386654
13 0.0427186
14 0.09561856
15 0.07010558
16 0.04299543
17 0.1142444
18 0.130759
19 0.09566877
20 0.2343641
21 0.4121255
22 0.05679826
23 0.05340298
24 0.009258691
25 0.2360084
26 0.1544083
27 0.3812972
28 0.560641
29 0.02752074
30 0.01811382
31 0.116947
32 0.09663577
33 0.07542858
34 0.07530346
35 0.05059837
36 0.1056769
37 0.1793367
38 0.01391988
39 0.0172703
40 0.3481469
41 0.2488968
42 0.05545229
43 0.004581561
44 0.001280776
45 0.003492052
46 0.379352
47 0.3348706
48 0.2151735
49 0.001866926
50 0.1120125
51 0.242802
52 0.03007183
53 0.04322775
54 0.0865201
55 0.008344792
56 0.36054
57 0.1358889
58 0.02009405
59 0.04970215
60 0.120347
61 0.2116576
62 0.07212056
63 0.2667093
64 0.04271154
65 0.07878577
66 0.2454566
67 0.1354264
68 0.226643
69 0.2330533
70 0.2833831
71 0.02254397
72 0.4215622
73 0.03966336
74 0.08313295
75 0.3342043
76 0.04764713
77 0.02760112
78 0.3865087
79 0.06511264
80 0.5392974
81 0.02024548
82 0.1556829
83 0.05062004
84 0.02098854
85 0.2128642
86 0.07098149
87 0.09518598
88 0.1777734
89 0.04703965
90 0.02582729
91 0.05066155
92 0.07162919
93 0.4951178
94 0.08373845
95 0.2441164
96 0.02463017
97 0.2680291
98 0.0412441
99 0.1576895
100 0.4295764
101 0.2056789
102 0.4511188
103 0.1729298
104 0.1101589
105 0.2339401
106 0.1655075
107 0.1208907
108 0.005558912
109 0.1233213
110 0.3926851
111 0.0192053
112 0.1196677
113 0.0091374
114 0.3178414
115 0.02275556
116 0.1676019
117 0.2940417
118 0.2024221
119 0.1612912
120 0.4238644
121 0.284757
122 0.04132831
123 0.1435717
124 0.01254383
125 0.1679806
126 0.1705147
127 0.5408939
128 0.148084
129 0.3080063
130 0.2579915
131 0.2327294
132 0.3782219
133 0.03675421
134 0.007204314
135 0.03737882
136 0.6001781
137 0.05601188
138 0.07715084
139 0.4497398
140 0.3629986
141 0.01466818
142 0.4648676
143 0.06928545
144 0.03534332
145 0.0775655
146 0.007544333
147 0.1713502
148 0.02082055
149 0.1512263
150 0.4852638
151 0.02720231
152 0.1192347
153 0.0907711
154 0.0787595
155 0.1691277
156 0.2610578
157 0.05119307
158 0.2021076
159 0.07680644
160 0.1455037
161 0.1046979
162 0.3669078
163 0.8279468
164 0.1014866
165 0.09157126
166 0.007372798
167 0.1240867
168 0.1494475
169 0.09879427
170 0.249664
171 0.1273926
172 0.03761869
173 0.1176419
174 0.011964
175 0.02733448
176 0.2838969
177 0.02606879
178 0.03456838
179 0.1733923
180 0.4207927
181 0.04007468
182 0.1537479
183 0.3728252
184 0.7436056
185 0.07195328
186 0.05157276
187 0.1785088
188 0.1657699
189 0.2989341
190 0.423701
191 0.1172892
192 0.1129135
193 0.3619581
194 0.05352142
195 0.1576803
196 0.0003482442
197 0.5160903
198 0.2203462
199 0.1382528
200 0.05389509
201 0.176389
202 0.0154383
203 0.3265202
204 0.02869645
205 0.01152492
206 0.4036091
207 0.2090477
208 0.1640433
209 0.1236858
210 0.2624887
211 0.02046581
212 0.186483
213 0.07559423
214 0.02227952
215 0.08557248
216 0.1463124
217 0.3900456
218 0.018425
219 0.1354565
220 0.02401679
221 0.2752362
222 0.06480652
223 0.04555841
224 0.1053813
225 0.03965468
226 0.1346854
227 0.1662104
228 0.009532662
229 0.5451509
230 0.1793471
231 0.07328638
232 0.07346528
233 0.03688645
234 0.3756833
235 0.1570666
236 0.1088212
237 0.3256861
238 0.1081365
239 0.0184548
240 0.01164078
241 0.1787224
242 0.2518966
243 0.001374948
244 0.3590805
245 0.2204774
246 0.1043688
247 0.1731931
248 0.101382
249 0.3371938
250 0.176114
251 0.1274187
252 0.05729512
253 0.04816747
254 0.2001104
255 0.2300252
256 0.06079841
257 0.1852409
258 0.09650505
259 0.06932203
260 0.4315701
261 0.1492856
262 0.1032755
263 0.08866695
264 0.1944578
265 0.08308542
266 0.01062912
267 0.07849741
268 0.06012969
269 0.02786933
270 0.04895709
271 0.08581875
272 0.06342495
273 0.2786154
274 5.067515e-05
275 0.1883231
276 0.3207654
277 0.4069025
278 0.2006079
279 0.09848778
280 0.5663002
281 0.08072959
282 0.2166862
283 0.05386741
284 0.325597
285 0.2103563
286 0.007047961
287 0.184807
288 0.3489772
289 0.3898176
290 0.2078562
291 0.5359693
292 0.04791455
293 0.1115058
294 0.03332423
295 0.683249
296 0.0248871
297 0.005296754
298 0.02242827
299 0.2151248
300 0.2365176
301 0.06053346
302 0.363885
303 0.06899847
304 0.2934424
305 0.09932377
306 0.086873
307 0.04901584
308 0.5677765
309 0.02515453
310 0.01560483
311 0.351415
312 0.1448192
313 0.1511118
314 0.1687268
315 0.3310125
316 0.03510548
317 0.1859242
318 0.190024
319 0.4461775
320 0.1467011
321 0.041696
322 0.2328323
323 0.2577329
324 0.2445965
325 0.07439225
326 0.3394703
327 0.1603363
328 0.3101879
329 0.07473641
330 0.2279858
331 0.5262865
332 0.07815066
333 0.1697202
334 0.01671434
335 0.2242494
336 0.1079125
337 0.05350386
338 0.06957694
339 0.05412598
340 0.01308736
341 0.097111
342 0.1349377
343 0.2832768
344 0.1172617
345 0.02481421
346 0.2169093
347 0.01733656
348 0.1677537
349 0.2582089
350 0.05992041
351 0.3315324
352 0.4339737
353 0.4505639
354 0.1471122
355 0.1887104
356 0.1048199
357 0.1749547
358 0.2232472
359 0.2409055
360 0.007522402
361 0.4527986
362 0.3992972
363 0.4207933
364 0.04689097
365 0.03696434
366 0.03038955
367 0.2831633
368 0.06247478
369 0.1876879
370 0.1978475
371 0.1722157
372 0.340534
373 0.04781896
374 0.1066835
375 0.08324222
376 0.1175794
377 0.2614579
378 0.07811026
379 0.01085865
380 0.1216441
381 0.008178614
382 0.1404053
383 0.03567244
384 0.1433774
385 0.07840746
386 0.2252386
387 0.2891902
388 0.05482666
389 0.4450534
390 0.02842428
391 0.2738316
392 0.163903
393 0.2882042
394 0.4249586
395 0.1149925
396 0.1005799
397 0.07462599
398 0.1232717
399 0.3273834
400 0.1041592
401 0.08928096
402 0.05717651
403 0.3298075
404 0.1728641
405 0.1966037
406 0.119958
407 0.2139816
408 0.07798177
409 0.6399651
410 0.04993087
411 0.1531884
412 0.005351649
413 0.1361256
414 0.03781873
415 0.0503279
416 0.006516112
417 0.06213525
418 0.1523902
419 0.05108106
420 0.02362412
421 0.04530558
422 0.2471595
423 0.09559416
424 0.4073987
425 0.6033245
426 0.2986509
427 0.296984
428 0.05827357
429 0.3739878
430 0.3628108
431 0.04591964
432 0.5282099
433 0.006054445
434 0.002693674
435 0.07514406
436 0.04196387
437 0.08202838
438 0.01443245
439 0.1529539
440 0.003809865
441 0.1165063
442 0.01685743
443 0.01684328
444 0.1650635
445 0.3442362
446 0.04832753
447 0.2937959
448 0.03393148
449 0.1043137
450 0.06202303
451 0.3008605
452 0.01476387
453 0.157572
454 0.6671503
455 0.01708863
456 0.05377791
457 0.0383065
458 0.003569306
459 0.1945685
460 0.1743046
461 0.1429671
462 0.105098
463 0.02336832
464 0.03868925
465 0.03062236
466 0.03122467
467 0.01840599
468 0.007232401
469 0.1295158
470 0.0238528
471 0.03944521
472 0.313922
473 0.03874528
474 0.008854525
475 0.01558659
476 0.2050819
477 0.2855953
478 0.06771252
479 0.2003901
480 0.100871
481 0.5441716
482 0.1383971
483 0.1821908
484 0.5087247
485 0.3094082
486 0.2832642
487 0.01996228
488 0.09855348
489 0.117307
490 0.1769253
491 0.326207
492 0.2326712
493 0.1068631
494 0.09856766
495 0.1140332
496 0.07723707
497 0.01345062
498 0.09587312
499 0.1010987
500 0.1966348
501 0.2380437
502 0.04975354
503 0.008352587
504 0.1372659
505 0.1185817
506 0.2229898
507 0.01996673
508 0.176481
509 0.1180035
510 0.1542116
511 0.03127807
512 0.1645636
513 0.6048222
514 0.01441931
515 0.006631403
516 0.2052988
517 0.1563925
518 0.2720753
519 0.02743027
520 0.1787374
521 0.08877896
522 0.4116492
523 0.03773888
524 0.1908441
525 0.04171602
526 0.005833924
527 0.01077469
528 0.6390586
529 0.02472354
530 0.2002893
531 0.144107
532 0.06047274
533 0.08813633
534 0.1494242
535 0.0442904
536 0.06980872
537 0.04424593
538 0.09989445
539 0.2646167
540 0.2383977
541 0.1195586
542 0.003305008
543 0.4762997
544 0.5041924
545 0.312475
546 0.08674347
547 0.1351491
548 0.04423741
549 0.2020587
550 0.2431807
551 0.09933473
552 0.01756052
553 0.03905771
554 0.1105403
555 0.2075007
556 0.2152515
557 0.1323211
558 0.06082669
559 0.2545534
560 0.2665525
561 0.2240486
562 0.08152547
563 0.0344594
564 0.1868195
565 0.3702957
566 0.09266089
567 0.1071317
568 0.1415167
569 0.1037205
570 0.02555955
571 0.2291095
572 0.355908
573 0.1340653
574 0.1591554
575 0.09083178
576 0.1766809
577 0.2131691
578 0.08351564
579 0.01949616
580 0.1160397
581 0.0190837
582 0.007616991
583 0.01291139
584 0.04361726
585 0.01343905
586 0.2308059
587 0.09453682
588 0.1376926
589 0.20498
590 0.1820924
591 0.3886591
592 0.006995589
593 0.003370151
594 0.02487871
595 0.1004907
596 0.08900853
597 0.2378292
598 0.06798837
599 0.1569982
600 0.0657967
601 0.02942134
602 0.03305054
603 0.001461425
604 0.03317482
605 0.08149979
606 0.3546562
607 0.6305627
608 0.1444636
609 0.02988337
610 0.3213655
611 0.06794317
612 0.1778512
613 0.1851729
614 0.1674955
615 0.003288761
616 0.0018571
617 0.5326909
618 0.02128167
619 0.2623658
620 0.06455286
621 0.1481633
622 0.006276661
623 0.2037914
624 0.5001145
625 0.09162631
626 0.05489792
627 0.09278334
628 0.06772932
629 0.02076357
630 0.1720082
631 0.07733493
632 0.01219427
633 0.04495142
634 0.07330853
635 0.5160204
636 0.5327632
637 0.1077475
638 0.05434533
639 0.1119955
640 0.05009293
641 0.01730373
642 0.1351173
643 0.07014493
644 0.02325193
645 0.2222802
646 0.1296159
647 0.1001346
648 0.08776272
649 0.001524041
650 0.01861747
651 0.01835595
652 0.0163457
653 0.09014808
654 0.04007905
655 0.04518589
656 0.06540539
657 0.1000201
658 0.08645297
659 0.1783103
660 0.056064
661 0.1886288
662 0.04344852
663 0.1137122
664 0.008005316
665 0.2703363
666 0.2240815
667 0.04564627
668 0.09935171
669 0.2132066
670 0.02297793
671 0.2844127
672 0.3045763
673 0.01808365
674 0.08918219
675 0.2031381
676 0.1755133
677 0.6248864
678 0.1173563
679 0.0980602
680 0.1200859
681 0.08779676
682 0.06131746
683 0.5985984
684 0.07999671
685 0.6405275
686 0.2896628
687 0.0595392
688 0.02852082
689 0.07124681
690 0.1368964
691 0.2423202
692 0.211727
693 0.1514849
694 0.08912409
695 0.1450243
696 0.1384926
697 0.1594315
698 0.06391901
699 0.1579267
700 0.1179255
701 0.03458509
702 0.3413613
703 0.03164765
704 0.297699
705 0.1327296
706 0.1130804
707 0.1163227
708 0.1395107
709 0.01273882
710 0.0304036
711 0.04019332
712 0.2728575
713 0.1216116
714 0.01947449
715 0.05758446
716 0.1816906
717 0.01407263
718 0.0167679
719 0.03194154
720 0.1395513
721 0.07595913
722 0.01641672
723 0.02782066
724 0.1257858
725 0.1441279
726 0.4339884
727 0.03948443
728 0.2112154
729 0.3049267
730 0.2253185
731 0.06775711
732 0.08413488
733 0.1796535
734 0.01267896
735 0.3642338
736 0.3076831
737 0.1183295
738 0.06132338
739 0.1140995
740 0.1573401
741 0.2926038
742 0.01967622
743 0.1539852
744 0.07061336
745 0.09468682
746 0.1431514
747 0.4156087
748 0.1144107
749 0.1156024
750 0.04372425
751 0.2290282
752 0.1739553
753 0.02073391
754 0.4805303
755 0.3698464
756 0.1478999
757 0.07003002
758 0.05172213
759 0.1535126
760 0.447191
761 0.1026907
762 0.2357157
763 0.05344277
764 0.06080902
765 0.05658648
766 0.006566832
767 0.005546933
768 0.1575168
769 0.06513406
770 0.02265342
771 0.06541231
772 0.005862955
773 0.08777673
774 0.1778819
775 0.2560069
776 0.06605979
777 0.1178899
778 0.2210132
779 0.03331867
780 0.2650179
781 0.2207796
782 0.09192019
783 0.07710888
784 0.09430378
785 0.1014461
786 0.11743
787 0.04064014
788 0.01447766
789 0.06245681
790 0.02997299
791 0.008179735
792 0.2118983
793 0.03680732
794 0.2506288
795 0.01205732
796 0.07258572
797 0.2638576
798 0.2627078
799 0.02259539
800 0.1006945
801 0.1057543
802 0.1831253
803 0.3077639
804 0.1125122
805 0.04587821
806 0.07303834
807 0.05169309
808 0.03537183
809 0.1408949
810 0.1852922
811 0.1345794
812 0.1068101
813 0.006967699
814 0.1029919
815 0.4270148
816 0.2224962
817 0.1383563
818 0.07589512
819 0.255954
820 0.1386084
821 0.08306857
822 0.4401601
823 0.1560558
824 0.06441385
825 0.02759952
826 0.6017649
827 0.2871505
828 0.03416527
829 0.277706
830 0.3499444
831 0.05829035
832 0.3657209
833 0.4481038
834 0.06113031
835 0.3755493
836 0.4407822
837 0.1317977
838 0.05976436
839 0.06325911
840 0.03716773
841 0.02455156
842 0.151032
843 0.03025817
844 0.1287157
845 0.2742096
846 0.3657009
847 0.1586094
848 0.1826533
849 0.0415306
850 0.1630132
851 0.03524277
852 0.5595618
853 0.245081
854 0.1459684
855 0.1276042
856 0.2620707
857 0.1778507
858 0.03219622
859 0.2167291
860 0.1699743
861 0.6635762
862 0.1463988
863 0.5026527
864 0.319018
865 0.3066333
866 0.04394783
867 0.01507153
868 0.1313753
869 0.05265575
870 0.01383405
871 0.1864642
872 0.05033039
873 0.1427783
874 0.0007448203
875 0.4172358
876 0.02232744
877 0.04202918
878 0.06201921
879 0.09998746
880 0.3187116
881 0.1698915
882 0.1088292
883 0.1015961
884 0.09278073
885 0.09184811
886 0.1634558
887 0.3656309
888 0.1145393
889 0.246311
890 0.2253624
891 0.2686961
892 0.1295801
893 0.3666625
894 0.02308978
895 0.328911
896 0.2178071
897 0.5112547
898 0.09017075
899 0.01477694
900 0.249185
901 0.004957531
902 0.5607295
903 0.6569549
904 0.1383744
905 0.01014505
906 0.06373819
907 0.2507295
908 0.37155
909 0.159972
910 0.001559116
911 0.008913685
912 0.02406769
913 0.196619
914 0.2983736
915 0.03773494
916 0.0725648
917 0.04847413
918 0.4224402
919 0.04717887
920 0.1985135
921 0.07899983
922 0.008272414
923 0.4281195
924 0.5658836
925 0.2564272
926 0.004431647
927 0.1649095
928 0.3421427
929 0.2888191
930 0.2579879
931 0.001448082
932 0.3852816
933 0.2290312
934 0.06325597
935 0.02439129
936 0.2543239
937 0.1597423
938 0.2552261
939 0.01586314
940 0.2563163
941 0.1694493
942 0.1815497
943 0.4725836
944 0.01748341
945 0.3605166
946 0.1617753
947 0.131523
948 0.05226323
949 0.02449305
950 0.1476926
951 0.4411878
952 0.1161669
953 0.09718832
954 0.2531915
955 0.4025083
956 0.1237307
957 0.5456263
958 0.06521595
959 0.02178909
960 0.3424564
961 0.2022103
962 0.1191767
963 0.04440724
964 0.5488381
965 0.27756
966 0.007350351
967 0.1313952
968 0.6026536
969 0.04667248
970 0.166969
971 0.05075663
972 0.05461182
973 0.195051
974 0.3625623
975 0.0914137
976 0.1619172
977 0.05781879
978 0.4846808
979 0.009448737
980 0.2535535
981 0.0861088
982 0.03893978
983 0.07907274
984 0.2139062
985 0.1276693
986 0.2093623
987 0.0444921
988 0.1334742
989 0.02562749
990 0.6160918
991 0.1180675
992 0.02345691
993 0.3863622
994 0.3690585
995 0.1077648
996 0.2479921
997 0.5135765
998 0.1108862
999 0.02639805
1000 0.04252662
1001 0.1977957
1002 0.1902256
1003 0.05489652
1004 0.3136727
1005 0.2402402
1006 0.01838224
1007 0.3267379
1008 0.3665211
1009 0.02856845
1010 0.1515235
1011 0.5371206
1012 0.2894594
1013 0.2212794
1014 0.4076932
1015 0.008346073
1016 0.2182079
1017 0.0717264
1018 0.1244684
1019 0.03713084
1020 0.07482519
1021 0.0844095
1022 0.135601
1023 0.2229746
1024 0.1905643
1025 0.133772
1026 0.05392041
1027 0.3881181
1028 0.1563746
1029 0.1157994
1030 0.07829144
1031 0.2198242
1032 0.3402672
1033 0.506654
1034 0.01980485
1035 0.1400979
1036 0.09276156
1037 0.2218498
1038 0.1241011
1039 0.04016215
1040 0.2478256
1041 0.06152628
1042 0.00901881
1043 0.2780352
1044 0.005206043
1045 0.1321476
1046 0.06485616
1047 0.05209152
1048 0.09136224
1049 0.02925627
1050 0.02403452
1051 0.1423681
1052 0.1245635
1053 0.03250466
1054 0.575708
1055 0.08089028
1056 0.1663834
1057 0.1078207
1058 0.1253681
1059 0.01121296
1060 0.2062495
1061 0.1452058
1062 0.2316948
1063 0.1707556
1064 0.2884038
1065 0.02470766
1066 0.13824
1067 0.1794644
1068 0.1177995
1069 0.3327637
1070 0.03988346
1071 0.1776753
1072 0.4216085
1073 0.3568727
1074 0.007128435
1075 0.2034253
1076 0.462549
1077 0.05804977
1078 0.03508042
1079 0.3585616
1080 0.6590586
1081 0.5534207
1082 0.1852372
1083 0.2713393
1084 0.1426138
1085 0.475023
1086 0.2383044
1087 0.2177306
1088 0.6898819
1089 0.2492824
1090 0.2117989
1091 0.1604336
1092 0.02687376
1093 0.4747355
1094 0.07026549
1095 0.2112821
1096 0.2659661
1097 0.07154638
1098 0.3225809
1099 0.2005433
1100 0.2327347
1101 0.4517681
1102 0.01919225
1103 0.080342
1104 0.3823966
1105 0.122163
1106 0.1467397
1107 0.2635023
1108 0.08115819
1109 0.3157472
1110 0.03618336
1111 0.07097407
1112 0.192787
1113 0.5077656
1114 0.006028228
1115 0.1020831
1116 0.1479033
1117 0.05832403
1118 0.2114185
1119 0.1238211
1120 0.03389947
1121 0.06451332
1122 0.1819245
1123 0.336241
1124 0.0713272
1125 0.106619
1126 0.2334696
1127 0.5648144
1128 0.3029584
1129 0.2595144
1130 0.1015549
1131 0.1843829
1132 0.03728223
1133 0.06719764
1134 0.4089203
1135 0.07417322
1136 0.1111338
1137 0.09803119
1138 0.003232165
1139 0.111683
1140 0.3089079
1141 0.05612116
1142 0.3453922
1143 0.09173723
1144 0.317868
1145 0.2159009
1146 0.09226819
1147 0.03275636
1148 0.005185586
1149 0.001674513
1150 0.07606846
1151 0.3393001
1152 0.0120592
1153 0.1462683
1154 0.2957565
1155 0.1798641
1156 0.1061827
1157 0.3286751
1158 0.05480538
1159 0.2293068
1160 0.1175382
1161 0.2193325
1162 0.1759509
1163 0.05794881
1164 0.1449836
1165 0.09555908
1166 0.1503202
1167 0.2730761
1168 0.04067937
1169 0.1714633
1170 0.00452482
1171 0.273025
1172 0.05101112
1173 0.04242873
1174 0.1230575
1175 0.3617193
1176 0.1028644
1177 0.3048373
1178 0.4724259
1179 0.6297873
1180 0.2194817
1181 0.2432441
1182 0.2035239
1183 0.3695935
1184 0.2266033
1185 0.2928998
1186 0.7120677
1187 0.0171303
1188 0.6929198
1189 0.06093974
1190 0.06144317
1191 0.1284977
1192 0.0507818
1193 0.1357052
1194 0.02229634
1195 0.1137768
1196 0.08729671
1197 0.3172584
1198 0.2561588
1199 0.09754857
1200 0.009675581
1201 0.0519746
1202 0.02608862
1203 0.2800203
1204 0.06673425
1205 0.2714104
1206 0.1852308
1207 0.1161175
1208 0.3047191
1209 0.5204644
1210 0.2089342
1211 0.4273312
1212 0.07327467
1213 0.04843869
1214 0.5227436
1215 0.1284956
1216 0.08631922
1217 0.5342805
1218 0.2377474
1219 0.1949432
1220 0.07571767
1221 0.03752424
1222 0.03265674
1223 0.2674624
1224 0.3164007
1225 0.09247325
1226 0.01091032
1227 0.2732059
1228 0.2401266
1229 0.3070475
1230 0.1444681
1231 0.1002838
1232 0.1672461
1233 0.168671
1234 0.1941457
1235 0.05243314
1236 0.03359261
1237 0.03308529
1238 0.238641
1239 0.4330383
1240 0.6543587
1241 0.5553009
1242 0.3983545
1243 0.3304588
1244 0.08126727
1245 0.1145217
1246 0.1184344
1247 0.07703715
1248 0.008101636
1249 0.1513702
1250 0.2314653
1251 0.01465394
1252 0.1676886
1253 0.1808385
1254 0.1559137
1255 0.3661873
1256 0.1577444
1257 0.3445862
1258 0.01060885
1259 0.4433995
1260 0.3631214
1261 0.009743753
1262 0.272652
1263 0.0262043
1264 0.02548297
1265 0.004932761
1266 0.6512475
1267 0.03729547
1268 0.182965
1269 0.06691958
1270 0.2244417
1271 0.0876178
1272 0.2615042
1273 0.007884611
1274 0.09861154
1275 0.4459087
1276 0.05427562
1277 0.02767364
1278 0.3708487
1279 0.1860113
1280 0.245679
1281 0.005312648
1282 0.02756102
1283 0.4129101
1284 0.01818526
1285 0.3822678
1286 0.003097369
1287 0.3812179
1288 0.1453518
1289 0.2887871
1290 0.1030061
1291 0.2239028
1292 0.07595782
1293 0.04470546
1294 0.05116168
1295 0.162631
1296 0.3741826
1297 0.2146163
1298 0.1613354
1299 0.02210335
1300 0.05428361
1301 0.3209635
1302 0.2429698
1303 0.423367
1304 0.005237114
1305 0.48901
1306 0.4240205
1307 0.4211256
1308 0.1568167
1309 0.4327893
1310 0.04156078
1311 0.1678697
1312 0.2031587
1313 0.07523243
1314 0.01262341
1315 0.07611744
1316 0.1632267
1317 0.1155778
1318 0.3821624
1319 0.09328077
1320 0.02623177
1321 0.07678673
1322 0.1502174
1323 0.1117997
1324 0.1293799
1325 0.3029582
1326 0.008593329
1327 0.1988108
1328 0.06603301
1329 0.3433099
1330 0.2244281
1331 0.3544221
1332 0.2278643
1333 0.02539563
1334 0.2165451
1335 0.1082191
1336 0.03183935
1337 0.1370154
1338 0.04164582
1339 0.2783883
1340 0.01760495
1341 0.2117181
1342 0.1997617
1343 0.181082
1344 0.2207506
1345 0.1429237
1346 0.014189
1347 0.02968536
1348 0.5297507
1349 0.5109977
1350 0.2484014
1351 0.256074
1352 0.4981787
1353 0.01748694
1354 0.1543399
1355 0.2052148
1356 0.1572636
1357 0.1568409
1358 0.1632611
1359 0.06051318
1360 0.298451
1361 0.04562738
1362 0.3046506
1363 0.1461271
1364 0.1334488
1365 0.1588323
1366 0.1083951
1367 0.1551215
1368 0.05892876
1369 0.0953741
1370 0.07923015
1371 0.01898671
1372 0.3619874
1373 0.07169422
1374 0.3172102
1375 0.05203359
1376 0.4455823
1377 0.2739377
1378 0.2602077
1379 0.0136179
1380 0.02662798
1381 0.2633738
1382 0.2517259
1383 0.2849885
1384 0.0753919
1385 0.0969801
1386 0.1017231
1387 0.07245197
1388 0.3917711
1389 0.3423098
1390 0.2296113
1391 0.1129914
1392 0.08487313
1393 0.2262627
1394 0.02828031
1395 0.1427282
1396 0.0107514
1397 0.01284365
1398 0.1617678
1399 0.178638
1400 0.03259635
1401 0.07632219
1402 0.04250975
1403 0.129063
1404 0.03693466
1405 0.03446065
1406 0.09250568
1407 0.04234855
1408 0.46999
1409 0.7464059
1410 0.1398977
1411 0.01105943
1412 0.2790324
1413 0.1213866
1414 0.1000977
1415 0.7642374
1416 0.3498871
1417 0.05917364
1418 0.2714309
1419 0.07271961
1420 0.04082939
1421 0.04712524
1422 0.06795106
1423 0.05653899
1424 0.2483302
1425 0.1221277
1426 0.4041523
1427 0.002852498
1428 0.1418081
1429 0.02401335
1430 0.01663507
1431 0.5259609
1432 0.2673659
1433 0.07419079
1434 0.0006603991
1435 0.04227617
1436 0.0128815
1437 0.2770028
1438 0.6187293
1439 0.03524851
1440 0.03621271
1441 0.06721447
1442 0.1350793
1443 0.102033
1444 0.157103
1445 0.1346516
1446 0.0225845
1447 0.03667877
1448 0.03667614
1449 0.0901716
1450 0.1130886
1451 0.2754848
1452 0.1191774
1453 0.06693202
1454 0.02637989
1455 0.2466426
1456 0.01140983
1457 0.119515
1458 0.1770706
1459 0.4730038
1460 0.08588424
1461 0.02192502
1462 0.2344161
1463 0.0328515
1464 0.1556746
1465 0.02945606
1466 0.06629192
1467 0.2044063
1468 0.1819339
1469 0.200187
1470 0.5520177
1471 0.06146293
1472 0.04581542
1473 0.2236813
1474 0.127152
1475 0.5474278
1476 0.1986396
1477 0.06352894
1478 0.05075825
1479 0.2550631
1480 0.1966377
1481 0.2452062
1482 0.1289108
1483 0.08556208
1484 0.1622057
1485 0.2635648
1486 0.2728371
1487 0.05352677
1488 0.0914719
1489 0.3943253
1490 0.01611631
1491 0.5707329
1492 0.1294912
1493 0.1999085
1494 0.443717
1495 0.01520291
1496 0.1156608
1497 0.001297996
1498 0.06162965
1499 0.6040216
1500 0.2877878
1501 0.05573219
1502 0.3321062
1503 0.2118914
1504 0.0683178
1505 0.06436802
1506 0.05608431
1507 0.08625138
1508 0.1139817
1509 0.05157087
1510 0.2110045
1511 0.004460844
1512 0.1331052
1513 0.01114872
1514 0.01715939
1515 0.02761544
1516 0.4373488
1517 0.1014114
1518 0.3614463
1519 0.07861311
1520 0.07635097
1521 0.05098319
1522 0.1527365
1523 0.4298607
1524 0.3762236
1525 0.003477005
1526 0.04867352
1527 0.01285494
1528 0.2767039
1529 0.211217
1530 0.05390785
1531 0.2189453
1532 0.2158569
1533 0.07756683
1534 0.5181261
1535 0.2084389
1536 0.1291363
1537 0.32985
1538 0.4046243
1539 0.3167768
1540 0.5174389
1541 0.2400096
1542 0.06964411
1543 0.37538
1544 0.06765684
1545 0.1678231
1546 0.3577458
1547 0.1613189
1548 0.05757396
1549 0.3717146
1550 0.4723576
1551 0.06225106
1552 0.2846911
1553 0.1549466
1554 0.2466625
1555 0.1897853
1556 0.04353035
1557 0.1812482
1558 0.1890258
1559 0.02579989
1560 0.3719458
1561 0.3997437
1562 0.2806946
1563 0.007503845
1564 0.1555641
1565 0.1288026
1566 0.03332647
1567 0.4888954
1568 0.1394714
1569 0.09661589
1570 0.1004487
1571 0.1835827
1572 0.0756293
1573 0.04269728
1574 0.06433984
1575 0.08889349
1576 0.01923409
1577 0.4028895
1578 0.05934264
1579 0.02064957
1580 0.3591689
1581 0.3034963
1582 0.1037237
1583 0.04057014
1584 0.004032244
1585 0.03686011
1586 0.1040709
1587 0.262159
1588 0.02942388
1589 0.07510868
1590 0.1811614
1591 0.03446459
1592 0.1092429
1593 0.01168799
1594 0.1088079
1595 0.6576909
1596 0.543551
1597 0.4958789
1598 0.2102348
1599 0.5893308
1600 0.1105845
1601 0.04625526
1602 0.06781371
1603 0.04316675
1604 0.3169822
1605 0.1214339
1606 0.03267175
1607 0.06752608
1608 0.1491286
1609 0.1256836
1610 0.1282384
1611 0.2097563
1612 0.1760645
1613 0.2964535
1614 0.07358352
1615 0.3269484
1616 0.3205899
1617 0.1739473
1618 0.1057403
1619 0.5976134
1620 0.1998439
1621 0.0232238
1622 0.5729554
1623 0.2178623
1624 0.0970016
1625 0.1335786
1626 0.05760721
1627 0.08346499
1628 0.1210737
1629 0.01116286
1630 0.01779635
1631 0.02776453
1632 0.2001893
1633 0.03391051
1634 0.009068377
1635 0.05272982
1636 0.01950024
1637 0.0476415
1638 0.3719325
1639 0.09036636
1640 0.2030595
1641 0.1529482
1642 0.0902547
1643 0.2826048
1644 0.1773518
1645 0.0914335
1646 0.01410805
1647 0.08766466
1648 0.1476964
1649 0.05081185
1650 0.01740817
1651 0.2062099
1652 0.3622927
1653 0.002148593
1654 0.1498353
1655 0.2812025
1656 0.08974567
1657 0.02796743
1658 0.05074663
1659 0.1669436
1660 0.3808163
1661 0.02246028
1662 0.01745611
1663 0.4492413
1664 0.05087731
1665 0.0708473
1666 0.03201166
1667 0.121306
1668 0.3007506
1669 0.3939768
1670 0.524394
1671 0.2914188
1672 0.01847207
1673 0.06125305
1674 0.01064948
1675 0.1549783
1676 0.1266926
1677 0.2886055
1678 0.008625366
1679 0.04001017
1680 0.4903846
1681 0.1643295
1682 0.3639658
1683 0.1630857
1684 0.2827705
1685 0.1954165
1686 0.3871329
1687 0.0151892
1688 0.3013356
1689 0.5365275
1690 0.130772
1691 0.2240876
1692 0.4364838
1693 0.1585791
1694 0.1778388
1695 0.09293195
1696 0.05808402
1697 0.3924636
1698 0.2667138
1699 0.1898846
1700 0.1522951
1701 0.1265934
1702 0.6501781
1703 0.4686119
1704 0.1527687
1705 0.08441323
1706 0.01118601
1707 0.2453937
1708 0.2375536
1709 0.2810744
1710 0.0988077
1711 0.285105
1712 0.1779221
1713 0.07737184
1714 0.1705364
1715 0.5487829
1716 0.3696589
1717 0.2946956
1718 0.1692754
1719 0.01587704
1720 0.0487033
1721 0.1224327
1722 0.1716296
1723 0.06464149
1724 0.2210169
1725 0.2060446
1726 0.2132393
1727 0.05628109
1728 0.5945987
1729 0.07246883
1730 0.009453849
1731 0.09919466
1732 0.03359209
1733 0.1032499
1734 0.09393676
1735 0.1068914
1736 0.2132993
1737 0.1437677
1738 0.0520239
1739 0.07000928
1740 0.2174804
1741 0.3722565
1742 0.1655393
1743 0.007683609
1744 0.03003208
1745 0.3016378
1746 0.004016097
1747 0.03966397
1748 0.09005537
1749 0.1129862
1750 0.1908989
1751 0.05939023
1752 0.08358336
1753 0.4589933
1754 0.04917285
1755 0.1152282
1756 0.2418329
1757 0.07367354
1758 0.1297517
1759 0.07725802
1760 0.002837399
1761 0.3266112
1762 0.2958701
1763 0.2751188
1764 0.5700098
1765 0.1963707
1766 0.1307394
1767 0.1257106
1768 0.03170856
1769 0.03912616
1770 0.2448238
1771 0.01000839
1772 0.1040406
1773 0.06579315
1774 0.01390935
1775 0.08440348
1776 0.03353185
1777 0.03778496
1778 0.1263091
1779 0.06090407
1780 0.3142314
1781 0.4147726
1782 0.2536301
1783 0.04085505
1784 0.3393385
1785 0.131546
1786 0.07789583
1787 0.2080494
1788 0.3454125
1789 0.5141239
1790 0.06711999
1791 0.05599561
1792 0.1581668
1793 0.06042668
1794 0.2380871
1795 0.1185032
1796 0.6092697
1797 0.05845758
1798 0.04526488
1799 0.5315061
1800 0.2364272
1801 0.09649029
1802 0.1607538
1803 0.2214103
1804 0.03090721
1805 0.03026911
1806 0.01115528
1807 0.4086174
1808 0.2840364
1809 0.06060215
1810 0.101311
1811 0.1678397
1812 0.3486025
1813 0.02598527
1814 0.04307054
1815 0.163082
1816 0.3456962
1817 0.5122818
1818 0.2036876
1819 0.02224422
1820 0.08431728
1821 0.1517403
1822 0.01574864
1823 0.0392107
1824 0.01396834
1825 0.1467502
1826 0.3253113
1827 0.4409418
1828 0.1263649
1829 0.006276995
1830 0.2060114
1831 0.3871176
1832 0.5119507
1833 0.5038497
1834 0.2742307
1835 0.6155437
1836 0.01989931
1837 0.3054919
1838 0.2187897
1839 0.02288028
1840 0.016085
1841 0.3149187
1842 0.04188198
1843 0.04524701
1844 0.1556915
1845 0.4017232
1846 0.2104694
1847 0.08377076
1848 0.07298239
1849 0.3316561
1850 0.1533401
1851 0.3777303
1852 0.4695792
1853 0.007327269
1854 0.03042899
1855 0.08083118
1856 0.1862052
1857 0.3633607
1858 0.3138708
1859 0.1667173
1860 0.01958659
1861 0.2247162
1862 0.2463016
1863 0.1421106
1864 0.006947226
1865 0.3299825
1866 0.1209769
1867 0.3036214
1868 0.06503712
1869 0.1498964
1870 0.00307022
1871 0.1875468
1872 0.09874965
1873 0.6331137
1874 0.04781523
1875 0.2648843
1876 0.06354399
1877 0.09583178
1878 0.1769022
1879 0.04579059
1880 0.09652491
1881 0.0280505
1882 0.1062484
1883 0.5560735
1884 0.04879528
1885 0.01346409
1886 0.2176524
1887 0.03634721
1888 0.5822815
1889 0.09561638
1890 0.180131
1891 0.02596119
1892 0.4898427
1893 0.2387281
1894 0.1430184
1895 0.2187146
1896 0.05944579
1897 0.02023232
1898 0.1567453
1899 0.1902798
1900 0.1402767
1901 0.2554659
1902 0.3746681
1903 0.06145549
1904 0.004823512
1905 0.1515958
1906 0.07390922
1907 0.06596695
1908 0.06266415
1909 0.02660184
1910 0.1352703
1911 0.1182049
1912 0.2234493
1913 0.4283776
1914 0.2407706
1915 0.04885576
1916 0.106362
1917 0.01413716
1918 0.06945948
1919 0.1357444
1920 0.03756279
1921 0.03913723
1922 0.05062631
1923 0.1410757
1924 0.1389748
1925 0.2857218
1926 0.2256967
1927 0.3957818
1928 0.1038109
1929 0.06584509
1930 0.04828685
1931 0.04948053
1932 0.3150267
1933 0.1804521
1934 0.2670014
1935 0.0663075
1936 0.09754839
1937 0.1122995
1938 0.2226351
1939 0.1983384
1940 0.3340526
1941 0.2764575
1942 0.3444092
1943 0.4984613
1944 0.6648947
1945 0.2137448
1946 0.2307315
1947 0.1012142
1948 0.1671799
1949 0.277126
1950 0.1852095
1951 0.3253638
1952 0.0101527
1953 0.01654729
1954 0.1221961
1955 0.07867889
1956 0.04224473
1957 0.1995193
1958 0.4565296
1959 0.05696798
1960 0.321562
1961 0.3090976
1962 0.7213762
1963 0.002922757
1964 0.2636943
1965 0.05746402
1966 0.03580998
1967 0.09371718
1968 0.02475197
1969 0.2480569
1970 0.0588812
1971 0.04087181
1972 0.02844966
1973 0.07655897
1974 0.02612743
1975 0.01228983
1976 0.04576397
1977 0.04900689
1978 0.5080837
1979 0.07588185
1980 0.03409919
1981 0.1599521
1982 0.03123589
1983 0.183452
1984 0.1673629
1985 0.2800776
1986 0.007755106
1987 0.1523747
1988 0.2310262
1989 0.1133657
1990 0.3939372
1991 0.5844632
1992 0.114516
1993 0.1545
1994 0.003742753
1995 0.2672406
1996 0.3172132
1997 0.06972225
1998 0.08097278
1999 0.0613468
2000 0.09757653
2001 0.01928174
2002 0.1123418
2003 0.0832704
2004 0.09856165
2005 0.03335502
2006 0.0672673
2007 0.07546127
2008 0.04144372
2009 0.1501633
2010 0.2383128
2011 0.1262936
2012 0.03637915
2013 0.2273482
2014 0.5779101
2015 0.1816686
2016 0.1124898
2017 0.1695888
2018 0.172946
2019 0.2413934
2020 0.5536413
2021 0.146414
2022 0.1606942
2023 0.2505694
2024 0.1148619
2025 0.1504001
2026 0.06932569
2027 0.4012198
2028 0.2708807
2029 0.127435
2030 0.0506721
2031 0.0357889
2032 0.2068104
2033 0.3136706
2034 0.1327292
2035 0.2770582
2036 0.007020605
2037 0.07779618
2038 0.505177
2039 0.1015874
2040 0.3541953
2041 0.04912052
2042 0.2690105
2043 0.1759002
2044 0.1217829
2045 0.3375363
2046 0.05830761
2047 0.003896739
2048 0.2767751
2049 0.1963294
2050 0.01609718
2051 0.1770888
2052 0.08597164
2053 0.6397643
2054 0.2635078
2055 0.0126171
2056 0.0428236
2057 0.04020108
2058 0.01694049
2059 0.1429042
2060 0.1649638
2061 0.2662853
2062 0.4966062
2063 0.1581235
2064 0.02320935
2065 0.1237025
2066 0.1917534
2067 0.3115812
2068 0.07763597
2069 0.1551293
2070 0.1529755
2071 0.6093127
2072 0.2353913
2073 0.3668675
2074 0.5783582
2075 0.1686109
2076 0.1746331
2077 0.5644639
2078 0.1174719
2079 0.2203801
2080 0.243918
2081 0.3611281
2082 0.02141516
2083 0.03877027
2084 0.1212845
2085 0.1686766
2086 0.2006312
2087 0.1095126
2088 0.052065
2089 0.2185788
2090 0.07158658
2091 0.2295156
2092 0.05425312
2093 0.2379408
2094 0.1979474
2095 0.1778001
2096 0.02490787
2097 0.2552021
2098 0.01705356
2099 0.0144871
2100 0.2435565
2101 0.05036121
2102 0.2457572
2103 0.003354573
2104 0.02349414
2105 0.3022795
2106 0.0624205
2107 0.4351714
2108 0.1336226
2109 0.3144871
2110 0.4223531
2111 0.1717339
2112 0.02003726
2113 0.1088276
2114 0.2966872
2115 0.1672701
2116 0.06123088
2117 0.1393768
2118 0.2950395
2119 0.6514491
2120 0.06134157
2121 0.01057707
2122 0.1942258
2123 0.04723905
2124 0.3071187
2125 0.4894357
2126 0.001493918
2127 0.01128543
2128 0.3126933
2129 0.03398126
2130 0.4588202
2131 0.1680576
2132 0.09248516
2133 0.02528363
2134 0.230493
2135 0.3874342
2136 0.01860168
2137 0.2466642
2138 0.0003188554
2139 0.1627575
2140 0.05299668
2141 0.185843
2142 0.1071373
2143 0.3031479
2144 0.2982664
2145 0.3116735
2146 0.2953044
2147 0.04378098
2148 0.09364746
2149 0.06854903
2150 0.06515633
2151 0.3601617
2152 0.08550127
2153 0.248061
2154 0.1178387
2155 0.2434019
2156 0.03278627
2157 0.05431278
2158 0.1069487
2159 0.2204959
2160 0.3949015
2161 0.8738683
2162 0.112716
2163 0.02176031
2164 0.1230138
2165 0.7201949
2166 0.2254431
2167 0.09443869
2168 0.05985333
2169 0.03759832
2170 0.09734983
2171 0.03048158
2172 0.2146915
2173 0.02020235
2174 0.09018234
2175 0.01247836
2176 0.04581568
2177 0.0985162
2178 0.1530757
2179 0.4212246
2180 0.0397413
2181 0.4141114
2182 0.3918942
2183 0.0238348
2184 0.0491496
2185 0.3730961
2186 0.09317916
2187 0.4245982
2188 0.04561949
2189 0.5179866
2190 0.1786424
2191 0.03261823
2192 0.07038064
2193 0.2034277
2194 0.1151111
2195 0.1958395
2196 0.03315111
2197 0.110498
2198 0.2259745
2199 0.1293437
2200 0.6339862
2201 0.07695486
2202 0.1730822
2203 0.608356
2204 0.2035579
2205 0.04588851
2206 0.1957453
2207 0.1906177
2208 0.3322985
2209 0.04922106
2210 0.0477113
2211 0.324503
2212 0.5522473
2213 0.1081901
2214 0.1137679
2215 0.008555947
2216 0.2527337
2217 0.03387884
2218 0.1612672
2219 0.6210122
2220 0.1845962
2221 0.2291975
2222 0.09342191
2223 0.08428066
2224 0.4687733
2225 0.1512961
2226 0.03257459
2227 0.2975733
2228 0.2327002
2229 0.01368594
2230 0.03898556
2231 0.1261773
2232 0.09446139
2233 0.1032534
2234 0.164879
2235 0.1918474
2236 0.1593719
2237 0.1876166
2238 0.3118843
2239 0.3233703
2240 0.226116
2241 0.06544981
2242 0.1236197
2243 0.280747
2244 0.6122471
2245 0.027984
2246 0.1971851
2247 0.001786655
2248 0.0116368
2249 0.2728772
2250 0.03584587
2251 0.06485804
2252 0.04576122
2253 0.005062227
2254 0.1698787
2255 0.1406239
2256 0.1821057
2257 0.4930442
2258 0.03860011
2259 0.3483868
2260 0.1625366
2261 0.1390745
2262 0.05632434
2263 0.1057888
2264 0.2708446
2265 0.1134703
2266 0.2297958
2267 0.04163113
2268 0.1683965
2269 0.07611448
2270 0.3509477
2271 0.2839864
2272 0.2421039
2273 0.03783672
2274 0.02375768
2275 0.03160528
2276 0.02910826
2277 0.2208496
2278 0.1344956
2279 0.2750389
2280 0.02345246
2281 0.01883597
2282 0.5109612
2283 0.1966359
2284 0.5550122
2285 0.09489298
2286 0.005688833
2287 0.3607833
2288 0.05876608
2289 0.2290535
2290 0.3428816
2291 0.05445081
2292 0.3213891
2293 0.3826821
2294 0.02328644
2295 0.02785065
2296 0.2341882
2297 0.4827821
2298 0.1666337
2299 0.1506422
2300 0.435404
2301 0.09399803
2302 0.5156488
2303 0.1003107
2304 0.111527
2305 0.006363444
2306 0.02861409
2307 0.1177265
2308 0.3891925
2309 0.03397961
2310 0.2290242
2311 0.1531531
2312 0.03538144
2313 0.4502912
2314 0.07823661
2315 0.1747447
2316 0.1029856
2317 0.1960818
2318 0.1325245
2319 0.0993053
2320 0.0582735
2321 0.09316181
2322 0.3716878
2323 0.008165957
2324 0.1332803
2325 0.03706851
2326 0.02606619
2327 0.1704686
2328 0.3414304
2329 0.563839
2330 0.04604327
2331 0.05768768
2332 0.2230239
2333 0.07193563
2334 0.06709593
2335 0.1988997
2336 0.2079911
2337 0.2221727
2338 0.1856609
2339 0.2368206
2340 0.002131629
2341 0.09970949
2342 0.03063526
2343 0.03279086
2344 0.01116593
2345 0.05980477
2346 0.313029
2347 0.08749983
2348 0.08612183
2349 0.1261766
2350 0.03625746
2351 0.006941377
2352 0.1429626
2353 0.47708
2354 0.03529017
2355 0.09494379
2356 0.0002879511
2357 0.2375703
2358 0.2530642
2359 0.1017278
2360 0.01805708
2361 0.09983213
2362 0.100677
2363 0.00208914
2364 0.05206771
2365 0.1308511
2366 0.5345707
2367 0.02252696
2368 0.1693698
2369 0.03090615
2370 0.2821996
2371 0.04578215
2372 0.118796
2373 0.1480254
2374 0.1684508
2375 0.04058201
2376 0.2046777
2377 0.4365463
2378 0.1685982
2379 0.3023753
2380 0.005957756
2381 0.1119033
2382 0.2277612
2383 0.05891258
2384 0.08470737
2385 0.6443916
2386 0.09304044
2387 0.1358349
2388 0.1865111
2389 0.02324066
2390 0.05688065
2391 0.01138776
2392 0.1617862
2393 0.5209517
2394 0.2479985
2395 0.4289824
2396 0.1819535
2397 0.1259533
2398 0.1301499
2399 9.038156e-05
2400 0.08175087
2401 0.1393411
2402 0.08509586
2403 0.07396764
2404 0.0897676
2405 0.1022682
2406 0.3796065
2407 0.02165505
2408 0.006964902
2409 0.05778272
2410 0.01219194
2411 0.09057354
2412 0.4371312
2413 0.04445225
2414 0.4015662
2415 0.1160276
2416 0.2389606
2417 0.1053566
2418 0.08700408
2419 0.05835187
2420 0.3409017
2421 0.3646251
2422 0.3722516
2423 0.3682725
2424 0.1917667
2425 0.7803008
2426 0.1961566
2427 0.2798858
2428 0.1826727
2429 0.0654605
2430 0.2341616
2431 0.2485073
2432 0.1587988
2433 0.08745698
2434 0.19956
2435 0.1797945
2436 0.03940796
2437 0.2539933
2438 0.03499815
2439 0.07714886
2440 0.6942033
2441 0.2326182
2442 0.404031
2443 0.086793
2444 0.06360785
2445 0.08043512
2446 0.3745194
2447 0.4712527
2448 0.1395239
2449 0.1787803
2450 0.5104117
2451 0.02842294
2452 0.4635154
2453 0.1915922
2454 0.2527025
2455 0.06521711
2456 0.01437145
2457 0.1231014
2458 0.3226635
2459 0.6230294
2460 0.3287996
2461 0.04307167
2462 0.005860659
2463 0.08262018
2464 0.05563694
2465 0.3410589
2466 0.5160821
2467 0.05421721
2468 0.10036
2469 0.02542427
2470 0.02474509
2471 0.01115489
2472 0.06647583
2473 0.01389467
2474 0.3241255
2475 0.2402912
2476 0.05009747
2477 0.2322951
2478 0.2603871
2479 0.3030804
2480 0.3841243
2481 0.3057903
2482 0.201756
2483 0.07798696
2484 0.6846992
2485 0.00338425
2486 0.2599063
2487 0.4354157
2488 0.00655502
2489 0.1233146
2490 0.2884731
2491 0.101991
2492 0.2686767
2493 0.004514991
2494 0.1344819
2495 0.2990122
2496 0.2609885
2497 0.09096962
2498 0.2590471
2499 0.1559378
2500 0.08205774
2501 0.2109539
2502 0.0159804
2503 0.2895942
2504 0.3150487
2505 0.01114358
2506 0.1841861
2507 0.1164051
2508 0.1258683
2509 0.1087409
2510 0.4234542
2511 0.1388541
2512 0.02239957
2513 0.1496638
2514 0.1340469
2515 0.04503913
2516 0.5393556
2517 0.00110325
2518 0.1936973
2519 0.2346335
2520 0.05796852
2521 0.283888
2522 0.3869634
2523 0.03386139
2524 0.2972413
2525 0.2081007
2526 0.008148467
2527 0.3919857
2528 0.04445269
2529 0.006296846
2530 0.1542257
2531 0.01493983
2532 0.1816892
2533 0.214774
2534 0.3589331
2535 0.1260553
2536 0.2564828
2537 0.02710058
2538 0.2904677
2539 0.2168629
2540 0.002548725
2541 0.184586
2542 0.1698476
2543 0.1230797
2544 0.02111519
2545 0.1360097
2546 0.3367175
2547 0.001381328
2548 0.3017825
2549 0.01842066
2550 0.2437132
2551 0.2787773
2552 0.05945324
2553 0.01447745
2554 0.2256102
2555 0.2809412
2556 0.1986616
2557 0.3757438
2558 0.4618035
2559 0.1738188
2560 0.03639835
2561 0.2185439
2562 0.06068567
2563 0.3298347
2564 0.1096794
2565 0.09127522
2566 0.1295675
2567 0.1680126
2568 0.04278529
2569 0.07392091
2570 0.03476965
2571 0.03727257
2572 0.2390186
2573 0.2550595
2574 0.1407939
2575 0.0366836
2576 0.8187662
2577 0.02453803
2578 0.0140852
2579 0.07751842
2580 0.06283572
2581 0.4957875
2582 0.2142886
2583 0.1039566
2584 0.04482873
2585 0.08168118
2586 0.3229727
2587 0.1757011
2588 0.01942884
2589 0.270207
2590 0.3750228
2591 0.05604622
2592 0.03076797
2593 0.2980831
2594 0.1716799
2595 0.4205146
2596 0.3249183
2597 0.1945343
2598 0.4695752
2599 0.07017217
2600 0.0002050378
2601 0.01772594
2602 0.1099048
2603 0.1901689
2604 0.2554309
2605 0.09212926
2606 0.1741803
2607 0.07397716
2608 0.305613
2609 0.0585084
2610 0.05794001
2611 0.02481938
2612 0.4404461
2613 0.04694325
2614 0.1665813
2615 0.09161962
2616 0.3198638
2617 0.05190161
2618 0.1091748
2619 0.4464127
2620 0.3711317
2621 0.08078368
2622 0.5061842
2623 0.1422452
2624 0.001108422
2625 0.6108383
2626 0.1358685
2627 0.21432
2628 0.3430845
2629 0.0559598
2630 0.02478211
2631 0.1998634
2632 0.2501194
2633 0.1972007
2634 0.1613241
2635 0.2223626
2636 0.01033396
2637 0.0848554
2638 0.2554802
2639 0.03867501
2640 0.007473751
2641 0.03148653
2642 0.05679331
2643 0.07246187
2644 0.116137
2645 0.1947111
2646 0.004141759
2647 0.1280278
2648 0.2564076
2649 0.2796751
2650 0.2853041
2651 0.3389279
2652 0.4756303
2653 0.2008174
2654 0.03282822
2655 0.6395904
2656 0.1571781
2657 0.4731535
2658 0.001279729
2659 0.5005722
2660 0.07021449
2661 0.009580668
2662 0.03576263
2663 0.2436054
2664 0.07417099
2665 0.4041559
2666 0.07413962
2667 0.1246839
2668 0.3234307
2669 0.01887444
2670 0.0398136
2671 0.2511033
2672 0.4629068
2673 0.1650048
2674 0.2485112
2675 0.1626403
2676 0.07714193
2677 0.3334802
2678 0.03236553
2679 0.1546967
2680 0.3062576
2681 0.0523545
2682 0.03030333
2683 0.06631719
2684 0.3423777
2685 0.3752424
2686 0.04810263
2687 0.02335518
2688 0.035124
2689 0.06771194
2690 0.1717909
2691 0.008652231
2692 0.1577288
2693 0.09354656
2694 0.01000442
2695 0.2605691
2696 0.03054427
2697 0.1406574
2698 0.1438484
2699 0.06377456
2700 0.2525312
2701 0.08743782
2702 0.3276852
2703 0.5725584
2704 0.1724747
2705 0.5078246
2706 0.02902303
2707 0.2940324
2708 0.09472955
2709 0.04451524
2710 0.430225
2711 0.3279059
2712 0.5428371
2713 0.2300785
2714 0.6309103
2715 0.1304597
2716 0.006429593
2717 0.09198298
2718 0.001754658
2719 0.04652597
2720 0.1971327
2721 0.2709841
2722 0.2258362
2723 0.3372659
2724 0.2258753
2725 0.01011608
2726 0.1302804
2727 0.3827913
2728 0.3226937
2729 0.6503935
2730 0.153719
2731 0.1957202
2732 0.113187
2733 0.01936379
2734 0.03138225
2735 0.3210032
2736 0.1546676
2737 0.4452169
2738 0.1349947
2739 0.3038719
2740 0.2098599
2741 0.400114
2742 0.0978545
2743 0.08655081
2744 0.204761
2745 0.281915
2746 0.2049891
2747 0.01011498
2748 0.03886653
2749 0.07652969
2750 0.1440653
2751 0.01768778
2752 0.2457427
2753 0.0005793685
2754 0.1924735
2755 0.09387497
2756 0.0949551
2757 0.05778895
2758 0.5597903
2759 0.02894569
2760 0.09488268
2761 0.03247451
2762 0.09512031
2763 0.08776295
2764 0.05497824
2765 0.05015366
2766 0.1890217
2767 0.3865381
2768 0.5614796
2769 0.2764366
2770 0.04929802
2771 0.2388931
2772 0.05720448
2773 0.08915622
2774 0.2397001
2775 0.1316093
2776 0.3304133
2777 0.1619441
2778 0.02396754
2779 0.3377264
2780 0.1980404
2781 0.04176772
2782 0.05196594
2783 0.03942435
2784 0.01155176
2785 0.0653389
2786 0.007580197
2787 0.01976293
2788 0.03160061
2789 0.1660824
2790 0.03060234
2791 0.01236755
2792 0.03468939
2793 0.3000659
2794 0.0524823
2795 0.09947396
2796 0.1367019
2797 0.01780257
2798 0.00386194
2799 0.1756437
2800 0.0312848
2801 0.1577938
2802 0.4708629
2803 0.09952008
2804 0.006109802
2805 0.06824516
2806 0.3080701
2807 0.2225788
2808 0.1082264
2809 0.2300941
2810 0.2377725
2811 0.1664501
2812 0.4306745
2813 0.2289486
2814 0.5824273
2815 0.3307833
2816 0.2803257
2817 0.02339027
2818 0.1038752
2819 0.2484814
2820 0.1827805
2821 0.0621898
2822 0.1732576
2823 0.07138809
2824 0.3779094
2825 0.0268732
2826 0.05101283
2827 0.02347357
2828 0.2126975
2829 0.1412347
2830 0.02045539
2831 0.1727904
2832 0.1706438
2833 0.09387855
2834 0.1533766
2835 0.3838906
2836 0.3422164
2837 0.0295748
2838 0.1277679
2839 0.1687277
2840 0.04505727
2841 0.3002917
2842 0.1284172
2843 0.08073397
2844 0.7641976
2845 0.3196259
2846 0.2211684
2847 0.04486925
2848 0.05806431
2849 0.07095818
2850 0.4946131
2851 0.1014546
2852 0.2220989
2853 0.2140479
2854 0.3293046
2855 0.09077068
2856 0.07658775
2857 0.4529514
2858 0.00887706
2859 0.1673766
2860 0.05961525
2861 0.02623573
2862 0.4039143
2863 0.066949
2864 0.1070423
2865 0.1373382
2866 0.1148817
2867 0.09545369
2868 0.51003
2869 0.341094
2870 0.1907842
2871 0.07923035
2872 0.1009496
2873 0.2418122
2874 0.08099282
2875 0.09086701
2876 0.2088083
2877 0.3266422
2878 0.1688389
2879 0.1636859
2880 0.1386711
2881 0.07699977
2882 0.1261956
2883 0.03995478
2884 0.0198255
2885 0.1865593
2886 0.1597295
2887 0.2154465
2888 0.03377704
2889 0.2679677
2890 0.3095205
2891 0.3229559
2892 0.3894939
2893 0.2530348
2894 0.02322471
2895 0.06230977
2896 0.5084726
2897 0.1872497
2898 0.1320277
2899 0.01621213
2900 0.5419323
2901 0.2410863
2902 0.1170521
2903 0.1120037
2904 0.2720091
2905 0.4367928
2906 0.7218417
2907 0.4755431
2908 0.4566193
2909 0.2110754
2910 0.3509985
2911 0.2251298
2912 0.02351607
2913 0.4045478
2914 0.2061727
2915 0.07862033
2916 0.1537599
2917 0.158816
2918 0.002210781
2919 0.1335805
2920 0.1023864
2921 0.1258164
2922 0.5995867
2923 0.09695288
2924 0.2831644
2925 0.1494012
2926 0.09266936
2927 0.06990221
2928 0.07304225
2929 0.06274491
2930 0.07424669
2931 0.2184404
2932 0.003938851
2933 0.05479212
2934 0.3940223
2935 0.03435752
2936 0.2668713
2937 0.1648148
2938 0.07814298
2939 0.1096349
2940 0.1122418
2941 0.09869573
2942 0.1747604
2943 0.01211253
2944 0.02216019
2945 0.2439386
2946 0.0987171
2947 0.007168239
2948 0.1678933
2949 0.2745391
2950 0.07000846
2951 0.03765282
2952 0.002067207
2953 0.2813001
2954 0.2055202
2955 0.09843725
2956 0.1120974
2957 0.1475103
2958 0.0120292
2959 0.03454815
2960 0.2197733
2961 0.2021987
2962 0.08651943
2963 0.1899107
2964 0.04679007
2965 0.01199814
2966 0.3052926
2967 0.05437052
2968 0.01396362
2969 0.3668071
2970 0.7398234
2971 0.05409361
2972 0.2684906
2973 0.1017791
2974 0.3957657
2975 0.02774676
2976 0.471023
2977 0.3509506
2978 0.02443002
2979 0.06613685
2980 0.01194694
2981 0.4507876
2982 0.06115263
2983 0.1657033
2984 0.01277096
2985 0.1533442
2986 0.1481678
2987 0.1652628
2988 0.1030926
2989 0.1867886
2990 0.259344
2991 0.1308358
2992 0.05839708
2993 0.3133277
2994 0.1699345
2995 0.5399388
2996 0.1136644
2997 0.2250024
2998 0.2350947
2999 0.2545548
3000 0.01300342
3001 0.2818548
3002 0.3502597
3003 0.2461315
3004 0.04026941
3005 0.1026491
3006 0.0649603
3007 0.1507871
3008 0.2922656
3009 0.05371942
3010 0.4548548
3011 0.02647763
3012 0.05542563
3013 0.3842822
3014 0.1530213
3015 0.004907387
3016 0.3673752
3017 0.349153
3018 0.1110265
3019 0.2027598
3020 0.310729
3021 0.03018037
3022 0.1282867
3023 0.3548341
3024 0.1434779
3025 0.07210124
3026 0.1776868
3027 0.008512163
3028 0.1639976
3029 0.2604136
3030 0.3843164
3031 0.4042984
3032 0.1301412
3033 0.1138879
3034 0.09253098
3035 0.1969861
3036 0.2206441
3037 0.1251456
3038 0.2060817
3039 0.4793983
3040 0.1834436
3041 0.1020795
3042 0.0477966
3043 0.0386936
3044 0.2275715
3045 0.04552046
3046 0.005303771
3047 0.05148157
3048 0.04288717
3049 0.1632574
3050 0.2244653
3051 0.008428294
3052 0.3948472
3053 0.2688007
3054 0.1674242
3055 0.04885032
3056 0.070351
3057 0.0919951
3058 0.2697095
3059 0.2178853
3060 0.2394665
3061 0.06883126
3062 0.06021196
3063 0.2540846
3064 0.5726203
3065 0.1561777
3066 0.05534485
3067 0.1254513
3068 0.05065569
3069 0.08017844
3070 0.06476005
3071 0.03922957
3072 0.03222529
3073 0.3559947
3074 0.2481116
3075 0.1866411
3076 0.07431973
3077 0.0819977
3078 0.1182107
3079 0.03091945
3080 0.3010095
3081 0.3089071
3082 0.3115826
3083 0.08035668
3084 0.3113938
3085 0.09859259
3086 0.2070205
3087 0.003625655
3088 0.1182847
3089 0.185201
3090 0.6217585
3091 0.03333696
3092 0.3236878
3093 0.1800305
3094 0.06907844
3095 0.08631461
3096 0.02655522
3097 0.2637104
3098 0.03931588
3099 0.09633019
3100 0.190093
3101 0.1442618
3102 0.1820538
3103 0.2219168
3104 0.05280054
3105 0.1527823
3106 0.02290673
3107 0.3533885
3108 0.186043
3109 0.1301412
3110 0.1590541
3111 0.2916612
3112 0.3098254
3113 0.4594533
3114 0.2579571
3115 0.03816117
3116 0.0176478
3117 0.3742626
3118 0.3523488
3119 0.4430626
3120 0.08718307
3121 0.1318859
3122 0.04688031
3123 0.2854148
3124 0.1686824
3125 0.1027492
3126 0.1961415
3127 0.6577021
3128 0.2367068
3129 0.3695716
3130 0.08946182
3131 0.3492952
3132 0.2135874
3133 0.04314889
3134 0.2737017
3135 0.1604607
3136 0.01891718
3137 0.09820692
3138 0.05422249
3139 0.08137539
3140 0.04198182
3141 0.01150459
3142 0.2869383
3143 0.2497589
3144 0.0991453
3145 0.01256782
3146 0.008386139
3147 0.02890889
3148 0.3976023
3149 0.1655552
3150 0.06892449
3151 0.2259978
3152 0.04358669
3153 0.2700185
3154 0.06588065
3155 0.2247308
3156 0.4006156
3157 0.4039994
3158 0.0616992
3159 0.284383
3160 0.01179516
3161 0.02919976
3162 0.1016772
3163 0.08350442
3164 0.08736647
3165 0.3642241
3166 0.04467884
3167 0.1164069
3168 0.05421678
3169 0.0296479
3170 0.01543947
3171 0.1322238
3172 0.182403
3173 0.08351065
3174 0.1366117
3175 0.8340902
3176 0.1385052
3177 0.2635266
3178 0.1753513
3179 0.1757989
3180 0.0105469
3181 0.185851
3182 0.1617568
3183 0.05431526
3184 0.1068353
3185 0.1984985
3186 0.03091742
3187 0.1627885
3188 0.0993089
3189 0.02191636
3190 0.1296744
3191 0.03288777
3192 0.1503681
3193 0.01884451
3194 0.1308484
3195 0.01715455
3196 0.07120723
3197 0.3788736
3198 0.1053025
3199 0.05082913
3200 0.2072359
3201 0.1320189
3202 0.05050264
3203 0.02287835
3204 0.2139495
3205 0.01065323
3206 0.4573508
3207 0.06306497
3208 0.04022782
3209 0.3007775
3210 0.3563119
3211 0.2994465
3212 0.5047286
3213 0.1881802
3214 0.03455083
3215 0.5633842
3216 0.3425558
3217 0.1997203
3218 0.2512268
3219 0.2877149
3220 0.1958693
3221 0.3715019
3222 0.06447069
3223 0.1495627
3224 0.3437656
3225 0.1613413
3226 0.4935506
3227 0.1317724
3228 0.07341072
3229 0.09990019
3230 0.5087179
3231 0.065544
3232 0.0527094
3233 0.006339093
3234 0.04542884
3235 0.0103458
3236 0.05223132
3237 0.001264228
3238 0.2369988
3239 0.107572
3240 0.408201
3241 0.1520431
3242 0.07844611
3243 0.0158748
3244 0.6388163
3245 0.07778387
3246 0.7697831
3247 0.1937164
3248 0.06233062
3249 0.2562934
3250 0.02312208
3251 0.02981442
3252 0.009886682
3253 0.04366302
3254 0.234544
3255 0.01238169
3256 0.3666783
3257 0.0884162
3258 0.1405049
3259 0.0861486
3260 0.1924028
3261 0.02407032
3262 0.06262271
3263 0.07781886
3264 0.5576384
3265 0.5169792
3266 0.3879594
3267 0.2456961
3268 0.1558244
3269 0.1230396
3270 0.02563053
3271 0.1509336
3272 0.04591281
3273 0.2797878
3274 0.00855568
3275 0.05014906
3276 0.2943608
3277 0.009464353
3278 0.2065267
3279 0.1316016
3280 0.0558224
3281 0.2596691
3282 0.1243336
3283 0.02892783
3284 0.2731954
3285 0.6927857
3286 0.427299
3287 0.1166115
3288 0.06686976
3289 0.1102293
3290 0.2032041
3291 0.124983
3292 0.04961175
3293 0.01090158
3294 0.4293601
3295 0.1335493
3296 0.3062617
3297 0.1585532
3298 0.1895762
3299 0.1736501
3300 0.1335367
3301 0.05665825
3302 0.01021498
3303 0.004573795
3304 0.2000237
3305 0.1354131
3306 0.2859543
3307 0.0692227
3308 0.02371771
3309 0.6924676
3310 0.3413054
3311 0.5006977
3312 0.4162759
3313 0.07577299
3314 0.09887832
3315 0.1238062
3316 0.005512934
3317 0.1422283
3318 0.1061812
3319 0.008118475
3320 0.04533264
3321 0.1923518
3322 0.004667887
3323 0.1604661
3324 0.0575243
3325 0.370493
3326 0.01884719
3327 0.1879207
3328 0.07774631
3329 0.1760665
3330 0.2131813
3331 0.04313341
3332 0.315335
3333 0.08130781
3334 0.1459321
3335 0.1676625
3336 0.03623661
3337 0.02128773
3338 0.1738991
3339 0.2022569
3340 0.1554798
3341 0.6508092
3342 0.2872299
3343 0.04739599
3344 0.2934399
3345 0.4035325
3346 0.1424022
3347 0.002700017
3348 0.1045614
3349 0.270135
3350 0.171373
3351 0.350717
3352 0.2918924
3353 0.2694768
3354 0.430442
3355 0.3164328
3356 0.05336621
3357 0.1719339
3358 0.003473812
3359 0.04638472
3360 0.3027883
3361 0.2300967
3362 0.1438444
3363 0.1941159
3364 0.05423744
3365 0.1931822
3366 0.4331852
3367 0.1877607
3368 0.3091381
3369 0.04792464
3370 0.4888531
3371 0.3910303
3372 0.04204983
3373 0.2090239
3374 0.1908998
3375 0.05081359
3376 0.08494618
3377 0.06825063
3378 0.04105713
3379 0.2066505
3380 0.3042604
3381 0.1658913
3382 0.08984255
3383 0.026289
3384 0.02403839
3385 0.3159002
3386 0.03748049
3387 0.07358454
3388 0.1027472
3389 0.3621191
3390 0.1116551
3391 0.04013026
3392 0.2617325
3393 0.299238
3394 0.2768632
3395 0.2231968
3396 0.01852471
3397 0.08537473
3398 0.4675235
3399 0.3759366
3400 0.5260065
3401 0.0910873
3402 0.1647348
3403 0.3588898
3404 0.1581559
3405 0.2131698
3406 0.1830867
3407 0.1036665
3408 0.1951159
3409 0.09300632
3410 0.07895818
3411 0.0300247
3412 0.5104711
3413 0.005939893
3414 0.2652288
3415 0.01204841
3416 0.2415398
3417 0.5417583
3418 0.1211887
3419 0.0133266
3420 0.1231162
3421 0.6931987
3422 0.2207221
3423 0.1106284
3424 0.04984252
3425 0.1707833
3426 0.1224862
3427 0.05019725
3428 0.049742
3429 0.4024845
3430 0.2479709
3431 0.3003514
3432 0.04426345
3433 0.04526728
3434 0.0667544
3435 0.2364004
3436 0.3243422
3437 0.005501931
3438 0.1917356
3439 0.3513994
3440 0.1452025
3441 0.259973
3442 0.06534522
3443 0.06735252
3444 0.2114748
3445 0.308977
3446 0.1490652
3447 0.02026502
3448 0.6854012
3449 0.001267658
3450 0.1860523
3451 0.2459227
3452 0.09320348
3453 0.1641679
3454 0.1284931
3455 0.2717339
3456 0.3253108
3457 0.09871263
3458 0.04562316
3459 0.3882131
3460 0.4318446
3461 0.2786753
3462 0.08891296
3463 0.2934728
3464 0.03638717
3465 0.127501
3466 0.457476
3467 0.07787798
3468 0.1547173
3469 0.1424107
3470 0.151238
3471 0.02509273
3472 0.3386947
3473 0.2078775
3474 0.1438446
3475 0.09740512
3476 0.1367633
3477 0.1154085
3478 0.03205884
3479 0.04180286
3480 0.005793956
3481 0.174933
3482 0.09595659
3483 0.1378619
3484 0.2701472
3485 0.4028976
3486 0.1000436
3487 0.1953425
3488 0.0585309
3489 0.03146267
3490 0.1212353
3491 0.1863183
3492 0.05237557
3493 0.1503674
3494 0.09971351
3495 0.5084569
3496 0.1056886
3497 0.02071952
3498 0.4365509
3499 0.09853678
3500 0.004316195
3501 0.1183456
3502 0.1939585
3503 0.633468
3504 0.04041857
3505 0.173857
3506 0.1333555
3507 0.07464071
3508 0.3919578
3509 0.1055829
3510 0.03052537
3511 0.4447269
3512 0.1213334
3513 0.002170418
3514 0.07602951
3515 0.1027076
3516 0.1339205
3517 0.1948578
3518 0.04681326
3519 0.03017281
3520 0.4835894
3521 0.3790182
3522 0.2021158
3523 0.1469946
3524 0.04325465
3525 0.3314874
3526 0.5017516
3527 0.05087169
3528 0.1224956
3529 0.344065
3530 0.6928404
3531 0.01162043
3532 0.2373787
3533 0.01383393
3534 0.107138
3535 0.1132585
3536 0.07110975
3537 0.05642029
3538 0.4612894
3539 0.2622895
3540 0.2193352
3541 0.02798108
3542 0.6618778
3543 0.1254786
3544 0.02718278
3545 0.2487064
3546 0.001637891
3547 0.3271659
3548 0.001660954
3549 0.01537461
3550 0.07530483
3551 0.08604879
3552 0.1348306
3553 0.2979182
3554 0.1414826
3555 0.3925921
3556 0.02069288
3557 0.07404319
3558 0.02278463
3559 0.09251697
3560 0.1290331
3561 0.0542905
3562 0.2192087
3563 0.1269842
3564 0.3017192
3565 0.3973695
3566 0.1768219
3567 0.1817894
3568 0.4200063
3569 0.2455066
3570 0.1046189
3571 0.0283675
3572 0.1923412
3573 0.2086964
3574 0.04782946
3575 0.3717279
3576 0.1566122
3577 0.010828
3578 0.5077088
3579 0.02705324
3580 0.422999
3581 0.3498165
3582 0.233629
3583 0.3785981
3584 0.007919461
3585 0.0003222211
3586 0.01782656
3587 0.07574148
3588 0.1055753
3589 0.09098283
3590 0.4713911
3591 0.04411961
3592 0.1819378
3593 0.6396592
3594 0.2903063
3595 0.02659145
3596 0.003313613
3597 0.02466637
3598 0.1104197
3599 0.01323928
3600 0.090031
3601 0.0211634
3602 0.07449806
3603 0.3133288
3604 0.1301068
3605 0.1892296
3606 0.07835959
3607 0.203368
3608 0.4790706
3609 0.08993573
3610 0.1098819
3611 0.0787605
3612 0.1585713
3613 0.01894822
3614 0.1090907
3615 0.1993836
3616 0.0416792
3617 0.03095572
3618 0.03571483
3619 0.4063227
3620 0.05478352
3621 0.2696062
3622 0.06420884
3623 0.03181543
3624 0.1258669
3625 0.03950804
3626 0.02562545
3627 0.1191695
3628 0.4017456
3629 0.3972896
3630 0.0426861
3631 0.4429055
3632 0.365667
3633 0.05053838
3634 0.3631295
3635 0.2650741
3636 0.07878661
3637 0.01968951
3638 0.003641081
3639 0.1145346
3640 0.2730736
3641 0.03760447
3642 0.3294988
3643 0.1796013
3644 0.01145623
3645 0.1393969
3646 0.07372091
3647 0.07159216
3648 0.170637
3649 0.05340357
3650 0.02198652
3651 0.004242015
3652 0.01151946
3653 0.07345223
3654 0.3484915
3655 0.06809166
3656 0.07864206
3657 0.1622077
3658 0.01295876
3659 0.1910088
3660 0.01192326
3661 0.06122843
3662 0.3227171
3663 0.4695683
3664 0.5291498
3665 0.06756793
3666 0.4585165
3667 0.598722
3668 0.4235662
3669 0.1033343
3670 0.0336185
3671 0.3669021
3672 0.005527725
3673 0.3293337
3674 0.1173868
3675 0.2689169
3676 0.21212
3677 0.06332782
3678 0.1211111
3679 0.2409495
3680 0.1964183
3681 0.1468247
3682 0.1033253
3683 0.07373282
3684 0.01606769
3685 0.2413902
3686 0.2636905
3687 0.1238899
3688 0.248474
3689 0.4322289
3690 0.03161803
3691 0.1099346
3692 0.04228742
3693 0.02263413
3694 0.1676258
3695 0.002663599
3696 0.1042007
3697 0.5782932
3698 0.01661734
3699 0.04693219
3700 0.2565513
3701 0.181395
3702 0.0703599
3703 0.188737
3704 0.08677611
3705 0.2667562
3706 0.0474416
3707 0.1883585
3708 0.5208306
3709 0.1224649
3710 0.1345362
3711 0.04825872
3712 0.0339077
3713 0.1926346
3714 0.4115049
3715 0.07910263
3716 0.01360226
3717 0.04052449
3718 0.3537838
3719 0.4530706
3720 0.3404163
3721 0.1359239
3722 0.2657932
3723 0.19151
3724 0.07626171
3725 0.545426
3726 0.3906311
3727 0.3239959
3728 0.05113726
3729 0.6007955
3730 0.1393843
3731 0.1409187
3732 0.002862923
3733 0.06379863
3734 0.1479335
3735 0.2474815
3736 0.2470586
3737 0.3187404
3738 0.1024499
3739 0.4864948
3740 0.07565374
3741 0.1991405
3742 0.0311009
3743 0.08136634
3744 0.04897838
3745 0.1663076
3746 0.03190921
3747 0.0982259
3748 0.00350641
3749 0.1980929
3750 0.217205
3751 0.02265666
3752 0.293864
3753 0.3513869
3754 0.0637499
3755 0.04159965
3756 0.2471544
3757 0.1774067
3758 0.1408954
3759 0.03492077
3760 0.07111441
3761 0.1058777
3762 0.1552832
3763 0.2752448
3764 0.01567162
3765 0.3156854
3766 0.1719697
3767 0.04526873
3768 0.01188305
3769 0.0126551
3770 0.3282287
3771 0.131268
3772 0.1355549
3773 0.2960373
3774 0.5175812
3775 0.01091558
3776 0.2310951
3777 0.1344005
3778 0.2010259
3779 0.323551
3780 0.3304998
3781 0.138493
3782 0.1121265
3783 0.0692558
3784 0.01946936
3785 0.1030344
3786 0.2900536
3787 0.05485431
3788 0.09000135
3789 0.5717223
3790 0.3014719
3791 0.2446745
3792 0.1906723
3793 0.004002013
3794 0.06733698
3795 0.08301958
3796 0.3471437
3797 0.2601919
3798 0.04371195
3799 0.1965919
3800 0.1814474
3801 0.3119155
3802 0.1804632
3803 0.3368818
3804 0.2855221
3805 0.1131492
3806 0.1044223
3807 0.07049226
3808 0.2949603
3809 0.06263232
3810 0.3041786
3811 0.3736945
3812 0.2102611
3813 0.1812176
3814 0.07993204
3815 0.08070376
3816 0.01018497
3817 0.08579132
3818 0.1784496
3819 0.3792193
3820 0.1866626
3821 0.108405
3822 0.325595
3823 0.04881234
3824 0.1338028
3825 0.1248092
3826 0.3617876
3827 0.248664
3828 0.0001676475
3829 0.1002442
3830 0.07384054
3831 0.0486282
3832 0.003871032
3833 0.05161536
3834 0.2512893
3835 0.1475179
3836 0.3902311
3837 0.09625064
3838 0.5342618
3839 0.08530274
3840 0.3940262
3841 0.4423052
3842 0.3526005
3843 0.01313351
3844 0.1081006
3845 0.4096279
3846 0.1610953
3847 0.1233325
3848 0.3110059
3849 0.2625097
3850 0.1887809
3851 0.08607441
3852 0.3372685
3853 0.2415579
3854 0.09492574
3855 0.03008183
3856 0.005093526
3857 0.1220382
3858 0.06682288
3859 0.003506145
3860 0.002736891
3861 0.07993369
3862 0.06056054
3863 0.1281695
3864 0.6226655
3865 0.2466013
3866 0.1981489
3867 0.02019145
3868 0.2017606
3869 0.04287262
3870 0.3311247
3871 0.1811428
3872 0.07458119
3873 0.1863095
3874 0.1582029
3875 0.07305746
3876 0.3303757
3877 0.1602883
3878 0.009419845
3879 0.8240154
3880 0.3213424
3881 0.01774163
3882 0.2896243
3883 0.1620785
3884 0.1152154
3885 0.3918552
3886 0.0258791
3887 0.2162465
3888 0.04951679
3889 0.2629463
3890 0.4204975
3891 0.2516814
3892 0.04642587
3893 0.4389131
3894 0.0005887213
3895 0.03791472
3896 0.150369
3897 0.01569859
3898 0.1651216
3899 0.2089006
3900 0.2542285
3901 0.07970366
3902 0.2516828
3903 0.1428041
3904 0.05124263
3905 0.4905829
3906 0.4495733
3907 0.1935982
3908 0.2248641
3909 0.1802216
3910 0.197108
3911 0.09799785
3912 0.002392828
3913 0.08673331
3914 0.09272051
3915 0.08276412
3916 0.2489704
3917 0.00904663
3918 0.4019067
3919 0.0239547
3920 0.4354293
3921 0.004776063
3922 0.0679456
3923 0.315658
3924 0.1574745
3925 0.1638409
3926 0.0599109
3927 0.4432982
3928 0.4277078
3929 0.1059168
3930 0.2172343
3931 0.09025486
3932 0.1520971
3933 0.005647067
3934 0.1675312
3935 0.0832275
3936 0.0282972
3937 0.1967046
3938 0.04669266
3939 0.1130831
3940 0.1645808
3941 0.09117149
3942 0.02794824
3943 0.09118683
3944 0.05942142
3945 0.06509775
3946 0.01906898
3947 0.05062014
3948 0.01454797
3949 0.06097555
3950 0.1412504
3951 0.01589607
3952 0.4036978
3953 0.04064719
3954 0.2433757
3955 0.3859722
3956 0.403173
3957 0.03502023
3958 0.006438161
3959 0.01625988
3960 0.3284155
3961 0.06405369
3962 0.2247992
3963 0.03766411
3964 0.1525571
3965 0.02059873
3966 0.03374011
3967 0.121847
3968 0.1340875
3969 0.143649
3970 0.5287602
3971 0.006032552
3972 0.3195788
3973 0.04795648
3974 0.02033457
3975 0.02480841
3976 0.07232362
3977 0.01669383
3978 0.06966549
3979 0.004099656
3980 0.2555254
3981 0.6900729
3982 0.1171103
3983 0.2454339
3984 0.1780895
3985 0.4637579
3986 0.3881607
3987 0.715554
3988 0.03500173
3989 0.3251375
3990 0.008554491
3991 0.07777859
3992 0.1508664
3993 0.1272521
3994 0.07467181
3995 0.06673893
3996 0.1984736
3997 0.1109468
3998 0.1687229
3999 0.3075326
4000 0.09730578
4001 0.4851276
4002 0.5427062
4003 0.03588408
4004 0.2484616
4005 0.2542775
4006 0.03742954
4007 0.07611312
4008 0.1989152
4009 0.3543171
4010 0.02933707
4011 0.4961213
4012 0.1346219
4013 0.6446122
4014 0.07852311
4015 0.1587469
4016 0.2830854
4017 0.07023706
4018 0.07600561
4019 0.09713377
4020 0.34348
4021 0.04958227
4022 0.3268643
4023 0.1623603
4024 0.07152755
4025 0.3032802
4026 0.09048355
4027 0.1233686
4028 0.2047957
4029 0.0747498
4030 0.03276291
4031 0.3056542
4032 0.1678427
4033 0.1092013
4034 0.161287
4035 0.1366533
4036 0.1027059
4037 0.07683806
4038 0.3619195
4039 0.6158537
4040 0.02869145
4041 0.01999133
4042 0.100456
4043 0.5535524
4044 0.4225164
4045 0.1317747
4046 0.3178705
4047 0.0902495
4048 0.06191658
4049 0.01266447
4050 0.05236683
4051 0.2869925
4052 0.2947872
4053 0.2992147
4054 0.6342416
4055 0.1053726
4056 0.5676242
4057 0.1603446
4058 0.03758851
4059 0.07108288
4060 0.3437258
4061 0.3851875
4062 0.01977548
4063 0.06586399
4064 0.004759563
4065 0.00834366
4066 0.00896728
4067 0.08936248
4068 0.1941978
4069 0.0321636
4070 0.07713789
4071 0.0472372
4072 0.1319112
4073 0.08578198
4074 0.1195555
4075 0.1264533
4076 0.004241312
4077 0.2062234
4078 0.2086267
4079 0.08307995
4080 0.04887015
4081 0.2973578
4082 0.2877806
4083 0.1405051
4084 0.1088034
4085 0.5720702
4086 0.2263291
4087 0.3457588
4088 0.02451169
4089 0.09084776
4090 0.126109
4091 0.2128282
4092 0.5383325
4093 0.3099574
4094 0.003579789
4095 0.3334853
4096 0.2019273
4097 0.252043
4098 0.2850331
4099 0.002706253
4100 0.03790534
4101 0.0161226
4102 0.02784664
4103 0.02465347
4104 0.08667958
4105 0.465172
4106 0.07866628
4107 0.00277521
4108 0.1214523
4109 0.120204
4110 0.01431764
4111 0.3362333
4112 0.2709269
4113 0.1271212
4114 0.3129988
4115 0.1783478
4116 0.2249352
4117 0.6155385
4118 0.003453843
4119 0.02742915
4120 0.1430864
4121 0.05219515
4122 0.3283333
4123 0.1269878
4124 0.4895349
4125 0.05079995
4126 0.155641
4127 0.2537551
4128 0.3225516
4129 0.1025261
4130 0.3310017
4131 0.05039524
4132 0.2577651
4133 0.2460039
4134 0.2176065
4135 0.3212872
4136 0.1158301
4137 0.162214
4138 0.06436014
4139 0.3458437
4140 0.01152856
4141 0.5053009
4142 0.1227711
4143 0.1449069
4144 0.4397851
4145 0.4301468
4146 0.08571882
4147 0.1289588
4148 0.09215133
4149 0.2446597
4150 0.05752605
4151 0.1848795
4152 0.3046109
4153 0.02359615
4154 0.03594214
4155 0.1197211
4156 0.5188945
4157 0.004139508
4158 0.6177249
4159 0.1492063
4160 0.05049983
4161 0.01469506
4162 0.07837827
4163 0.1056027
4164 0.104724
4165 0.04623879
4166 0.1662776
4167 0.2983429
4168 0.2277451
4169 0.7881709
4170 0.1026114
4171 0.1507221
4172 0.05360793
4173 0.06903284
4174 0.06525957
4175 0.4299805
4176 0.32485
4177 0.0512527
4178 0.104314
4179 0.2876657
4180 0.01050377
4181 0.1597624
4182 0.05447185
4183 0.05774481
4184 0.1166043
4185 0.2043505
4186 0.1012634
4187 0.3884581
4188 0.4088354
4189 0.1532961
4190 0.1709388
4191 0.01806938
4192 0.5533556
4193 0.157976
4194 0.001225203
4195 0.007089946
4196 0.004612964
4197 0.1380348
4198 0.06111615
4199 0.04897723
4200 0.01864564
4201 0.1606606
4202 0.03857747
4203 0.2970332
4204 0.05773149
4205 0.01008263
4206 0.2334218
4207 0.01754163
4208 0.2639829
4209 0.4507337
4210 0.05217529
4211 0.2208521
4212 0.1314613
4213 0.6568183
4214 0.08640494
4215 0.3108995
4216 0.06699209
4217 0.0991877
4218 0.09976689
4219 0.021186
4220 0.1074102
4221 0.2305292
4222 0.3264772
4223 0.2824528
4224 0.1715902
4225 0.4460089
4226 0.6197352
4227 0.324191
4228 0.253174
4229 0.09402132
4230 0.4477981
4231 0.1719791
4232 0.06558435
4233 0.40305
4234 0.01161224
4235 0.06973934
4236 0.3374838
4237 0.0316645
4238 0.02042437
4239 0.02201461
4240 0.1241756
4241 0.1226541
4242 0.2158639
4243 0.406026
4244 0.4641535
4245 0.4013745
4246 0.1225312
4247 0.2137815
4248 0.01949679
4249 0.1577076
4250 0.1522969
4251 0.04866975
4252 0.06829866
4253 0.1719078
4254 0.0286613
4255 0.008436396
4256 0.1316846
4257 0.02932864
4258 0.1041059
4259 0.03372215
4260 0.5248416
4261 0.1592404
4262 0.02619884
4263 0.0100534
4264 0.002115569
4265 0.4147678
4266 0.004463775
4267 0.1754554
4268 0.1624518
4269 0.02553295
4270 0.06628476
4271 0.296019
4272 0.0701004
4273 0.2263593
4274 0.09838246
4275 0.01927104
4276 0.06600486
4277 0.03736912
4278 0.2301032
4279 0.03016821
4280 0.04008563
4281 0.127338
4282 0.6430933
4283 0.345486
4284 0.01062429
4285 0.294887
4286 0.523559
4287 0.3452953
4288 0.2486989
4289 0.08658786
4290 0.1587186
4291 0.0735057
4292 0.07418724
4293 0.1781389
4294 0.1276307
4295 0.4395565
4296 0.1071204
4297 0.4158766
4298 0.05915737
4299 0.006091221
4300 0.07471834
4301 0.1074414
4302 0.3879933
4303 0.01510453
4304 0.3739518
4305 0.1056345
4306 0.01450248
4307 0.06669574
4308 0.04808892
4309 0.2492311
4310 0.3480146
4311 0.3238726
4312 0.3161057
4313 0.03619815
4314 0.01517879
4315 0.002422907
4316 0.00206972
4317 0.2233013
4318 0.1852092
4319 0.03012793
4320 0.5298849
4321 0.2280979
4322 0.09183465
4323 0.586658
4324 0.06075225
4325 0.06736883
4326 0.04793125
4327 0.08406149
4328 0.1731821
4329 0.3256193
4330 0.211118
4331 0.01711992
4332 0.02958412
4333 0.2791343
4334 0.3230136
4335 0.2156136
4336 0.06651665
4337 0.1441994
4338 0.188429
4339 0.6291132
4340 0.09524737
4341 0.09072113
4342 0.05434934
4343 0.06294251
4344 0.3752802
4345 0.1380955
4346 0.3243626
4347 0.04784336
4348 0.2941772
4349 0.418954
4350 0.4534018
4351 0.08610004
4352 0.1085369
4353 0.4827236
4354 0.2847227
4355 0.0747035
4356 0.1010715
4357 0.6158201
4358 0.01472268
4359 0.5021038
4360 0.1377063
4361 0.2893261
4362 0.1199794
4363 0.0194136
4364 0.422358
4365 0.1262447
4366 0.2766337
4367 0.5113832
4368 0.1633495
4369 0.01960248
4370 0.01449342
4371 0.5763759
4372 0.09114843
4373 0.1246751
4374 0.2619382
4375 0.4624176
4376 0.1832857
4377 0.006802437
4378 0.5846683
4379 0.23168
4380 0.2478196
4381 0.05769271
4382 0.04912693
4383 0.2008918
4384 0.4268874
4385 0.1986156
4386 0.0246544
4387 0.1116617
4388 0.2273171
4389 0.309874
4390 0.2083359
4391 0.3978469
4392 0.1119488
4393 0.2824485
4394 0.0008769621
4395 0.1409798
4396 0.035794
4397 0.3616515
4398 0.4388063
4399 0.2791117
4400 0.2753448
4401 0.00511154
4402 0.01660603
4403 0.09214805
4404 0.2617
4405 0.0339853
4406 0.04931138
4407 0.3457814
4408 0.168494
4409 0.0657787
4410 0.2080358
4411 0.1384425
4412 0.3394911
4413 0.1757444
4414 0.22644
4415 0.05932097
4416 0.239938
4417 0.1943385
4418 0.4438157
4419 0.6609282
4420 0.1899732
4421 0.002690131
4422 0.04531901
4423 0.3321126
4424 0.1421836
4425 0.1070458
4426 0.09423231
4427 0.3503215
4428 0.275493
4429 0.01548814
4430 0.07483013
4431 0.1942834
4432 0.09587405
4433 0.02992259
4434 0.2174054
4435 0.2199683
4436 0.3776206
4437 0.4142631
4438 0.07960235
4439 0.0744027
4440 0.2895756
4441 0.01219734
4442 0.001103934
4443 0.01163843
4444 0.05980809
4445 0.06312046
4446 0.3513457
4447 0.08086508
4448 0.3105463
4449 0.6648821
4450 0.1019249
4451 0.04769854
4452 0.2318533
4453 0.1150729
4454 0.4216594
4455 0.2014515
4456 0.1906148
4457 0.05254621
4458 0.1447709
4459 0.07060634
4460 0.1453243
4461 0.1944581
4462 0.2466449
4463 0.03204511
4464 0.3937931
4465 0.1210283
4466 0.08676596
4467 0.1194937
4468 0.2036334
4469 0.2003047
4470 0.1789165
4471 0.2825162
4472 0.02683373
4473 0.0652912
4474 0.03488877
4475 0.09405197
4476 0.005104558
4477 0.2515581
4478 0.09994392
4479 0.04184984
4480 0.1282457
4481 0.2150406
4482 0.2762479
4483 0.2766183
4484 0.1636829
4485 0.07289233
4486 0.0480829
4487 0.01580468
4488 0.1083402
4489 0.3412245
4490 0.1210297
4491 0.09953495
4492 0.6210518
4493 0.002235325
4494 0.04528071
4495 0.0898628
4496 0.1137494
4497 0.1734287
4498 0.06158641
4499 0.1678181
4500 0.192219
4501 0.159349
4502 0.1260784
4503 0.103708
4504 0.4891109
4505 0.07130369
4506 0.4425544
4507 0.003534455
4508 0.0335889
4509 0.01482462
4510 0.2358067
4511 0.5086239
4512 0.2060549
4513 0.002097179
4514 0.2493763
4515 0.2084936
4516 0.4483232
4517 0.2820374
4518 0.1594287
4519 0.005533
4520 0.230986
4521 0.232912
4522 0.2948716
4523 0.5775902
4524 0.03973622
4525 0.3570762
4526 0.005166628
4527 0.2713363
4528 0.4525482
4529 0.04924854
4530 0.2150018
4531 0.04811148
4532 0.2672607
4533 0.1582623
4534 0.05770672
4535 0.174468
4536 0.02195406
4537 0.01237945
4538 0.01246854
4539 0.003568332
4540 0.1128397
4541 0.07966266
4542 0.2023622
4543 0.03418434
4544 0.2174393
4545 0.002723225
4546 0.6825845
4547 0.02647165
4548 0.3572725
4549 0.1988919
4550 0.03729205
4551 0.2183516
4552 0.03672311
4553 0.0190704
4554 0.2543639
4555 0.6660541
4556 0.1114782
4557 0.1001654
4558 0.07537097
4559 0.04812154
4560 0.2484839
4561 0.6321108
4562 0.2797775
4563 0.1066499
4564 0.02124678
4565 0.03463996
4566 0.01145518
4567 0.3824918
4568 0.1096155
4569 0.07453338
4570 0.002352881
4571 0.09555331
4572 0.106169
4573 0.0671411
4574 0.2137529
4575 0.4737797
4576 0.07090863
4577 0.03325355
4578 0.04386129
4579 0.02875673
4580 0.0275988
4581 0.2369391
4582 0.003554041
4583 0.004418645
4584 0.4423755
4585 0.01627929
4586 0.01024448
4587 0.035343
4588 0.4372646
4589 0.4023964
4590 0.009151497
4591 0.3486456
4592 0.03992791
4593 0.1615317
4594 0.05159212
4595 0.2814451
4596 0.1513221
4597 0.157946
4598 0.2288014
4599 0.1665645
4600 0.2199245
4601 0.1186352
4602 0.06016162
4603 0.1355962
4604 0.1814441
4605 0.03035062
4606 0.2865776
4607 0.1595371
4608 0.1785324
4609 0.352865
4610 0.2091928
4611 0.04080582
4612 0.1449754
4613 0.09406307
4614 0.1109569
4615 0.3299079
4616 0.1225569
4617 0.61392
4618 0.4959413
4619 0.2171932
4620 0.009665628
4621 0.1713747
4622 0.02196128
4623 0.03767534
4624 0.2596256
4625 0.1149208
4626 0.06108534
4627 0.4014495
4628 0.3292055
4629 0.1735642
4630 0.191941
4631 0.02590474
4632 0.3009394
4633 0.2395701
4634 0.3097135
4635 0.1489138
4636 0.125589
4637 0.2193505
4638 0.02764948
4639 0.157975
4640 0.6246245
4641 0.1738499
4642 0.203651
4643 0.1167255
4644 0.3324422
4645 0.3027087
4646 0.2323063
4647 0.08170146
4648 0.006079315
4649 0.1292115
4650 0.1951525
4651 0.2175913
4652 0.2753181
4653 0.2102781
4654 0.145536
4655 0.3136738
4656 0.2845537
4657 0.1730283
4658 0.1149277
4659 0.08510501
4660 0.2822711
4661 0.4094801
4662 0.2141822
4663 0.115219
4664 0.3759265
4665 0.07133084
4666 0.06957052
4667 0.102366
4668 0.002565864
4669 0.4223734
4670 0.195641
4671 0.2742639
4672 0.05950673
4673 0.1848694
4674 0.01686858
4675 0.06920606
4676 0.2952369
4677 0.05559282
4678 0.1155716
4679 0.5028353
4680 0.3418279
4681 0.1210199
4682 0.08274442
4683 0.06146872
4684 0.8167531
4685 0.0501418
4686 0.1359568
4687 0.1284497
4688 0.1846583
4689 0.1321371
4690 0.03703147
4691 0.06993129
4692 0.03125579
4693 0.05978278
4694 0.03897631
4695 0.04278098
4696 0.1141019
4697 0.007204859
4698 0.1167596
4699 0.1802333
4700 0.02906864
4701 0.348757
4702 0.04407925
4703 0.4150961
4704 0.2588845
4705 0.04307798
4706 0.07612566
4707 0.1624831
4708 0.1810956
4709 0.05196179
4710 0.02335932
4711 0.4736567
4712 0.06947395
4713 0.4324101
4714 0.4234635
4715 0.1345015
4716 0.04679567
4717 0.0629951
4718 0.07112307
4719 0.02135297
4720 0.008706453
4721 0.0685023
4722 0.2097481
4723 0.3108957
4724 0.03084683
4725 0.0603624
4726 0.6668027
4727 0.04720949
4728 0.3974069
4729 0.06035211
4730 0.005373246
4731 0.03857698
4732 0.176033
4733 0.08637055
4734 0.3170011
4735 0.5207809
4736 0.2042414
4737 0.2484667
4738 0.01165569
4739 0.07231019
4740 0.4740986
4741 0.09555435
4742 0.2539333
4743 0.4623571
4744 0.1591364
4745 0.5007154
4746 0.1313051
4747 0.1276245
4748 0.2258025
4749 0.1639428
4750 0.3365172
4751 0.08430314
4752 0.03724291
4753 0.5098913
4754 0.02314507
4755 0.1329492
4756 0.3754529
4757 0.08086599
4758 0.4100953
4759 0.4856954
4760 0.3745407
4761 0.1277615
4762 0.02221602
4763 0.09905069
4764 0.5106875
4765 0.1203203
4766 0.1419548
4767 0.4004626
4768 0.08388846
4769 0.2120262
4770 0.01724286
4771 0.002944007
4772 0.02240948
4773 0.04080374
4774 0.01933631
4775 0.05026686
4776 0.4818206
4777 0.188701
4778 0.001411827
4779 0.1245856
4780 0.01335887
4781 0.109065
4782 0.02075718
4783 0.3612689
4784 0.1276056
4785 0.00375409
4786 0.05853542
4787 0.03100615
4788 0.4406704
4789 0.0301287
4790 0.1142344
4791 0.1833546
4792 0.6385154
4793 0.02345002
4794 0.0488193
4795 0.03180074
4796 0.282768
4797 0.01323592
4798 0.386138
4799 0.09906243
4800 0.5414558
4801 0.08085958
4802 0.0807635
4803 0.09835109
4804 0.02706009
4805 0.04141739
4806 0.1098296
4807 0.004498426
4808 0.06302993
4809 0.08639364
4810 0.1827796
4811 0.2962872
4812 0.3303756
4813 0.01329911
4814 0.1469672
4815 0.04425536
4816 0.2490907
4817 0.08536482
4818 0.1438274
4819 0.1835799
4820 0.04533493
4821 0.1149557
4822 0.2251514
4823 0.03147051
4824 0.0003570424
4825 0.04253732
4826 0.04683588
4827 0.0311194
4828 0.1402966
4829 0.01708498
4830 0.1997563
4831 0.2815185
4832 0.1924581
4833 0.05466469
4834 0.210882
4835 0.1060711
4836 0.05524488
4837 0.0221682
4838 0.1291591
4839 0.01474487
4840 0.24621
4841 0.09021796
4842 0.03848355
4843 0.1690939
4844 0.1468718
4845 0.1978285
4846 0.3288466
4847 0.151312
4848 0.186203
4849 0.07886002
4850 0.1014294
4851 0.4864702
4852 0.1172852
4853 0.8388458
4854 0.4318802
4855 0.02010092
4856 0.06377493
4857 0.3858019
4858 0.003401777
4859 0.09053077
4860 0.0778082
4861 0.313297
4862 0.02171824
4863 0.01891411
4864 0.031019
4865 0.07475589
4866 0.1914013
4867 0.252799
4868 0.08660185
4869 0.06039878
4870 0.2940644
4871 0.3846141
4872 0.08832517
4873 0.1122463
4874 0.407391
4875 0.1309276
4876 0.1054523
4877 0.2199402
4878 0.3156202
4879 0.3799866
4880 0.1472526
4881 0.04523835
4882 0.2032783
4883 0.3267615
4884 0.2215709
4885 0.03872474
4886 0.005837223
4887 0.008522225
4888 0.06644388
4889 0.01478569
4890 0.01196106
4891 0.09252178
4892 0.06307385
4893 0.2440124
4894 0.06532672
4895 0.06134735
4896 0.5497116
4897 0.03993425
4898 0.3940211
4899 0.02445229
4900 0.001650616
4901 0.004158741
4902 0.08793563
4903 0.1845362
4904 0.4906065
4905 0.2528529
4906 0.1165932
4907 0.105603
4908 0.01358484
4909 0.2702775
4910 0.3010257
4911 0.05006303
4912 0.0366267
4913 0.5081841
4914 0.1178936
4915 0.04692451
4916 0.275859
4917 0.1985397
4918 0.3013704
4919 0.01577471
4920 0.1138788
4921 0.02129116
4922 0.2083582
4923 0.03876266
4924 0.1816488
4925 0.2827581
4926 0.08115951
4927 0.04534195
4928 0.07360753
4929 0.1365727
4930 0.4754939
4931 0.05619495
4932 0.05341431
4933 0.2673166
4934 0.1924384
4935 0.002497096
4936 0.2170318
4937 0.1495814
4938 0.153202
4939 0.30978
4940 0.1849764
4941 0.2904481
4942 0.07987077
4943 0.1276351
4944 0.166258
4945 0.2044747
4946 0.2960458
4947 0.1150975
4948 0.2204558
4949 0.3032067
4950 0.09686554
4951 0.2583373
4952 0.07400947
4953 0.1912761
4954 0.05001271
4955 0.07186031
4956 0.2053218
4957 0.02905114
4958 0.07966317
4959 0.3156739
4960 0.1158615
4961 0.04992369
4962 0.00791452
4963 0.09090228
4964 0.02784277
4965 0.09627825
4966 0.2467636
4967 0.1654715
4968 0.1356501
4969 0.06465457
4970 0.07789418
4971 0.3919099
4972 0.2579646
4973 0.1639609
4974 0.1750176
4975 0.692658
4976 0.008484287
4977 0.1013112
4978 0.4896591
4979 0.3849643
4980 0.08784964
4981 0.06286801
4982 0.2755433
4983 0.3902038
4984 0.02258666
4985 0.1955634
4986 0.2488111
4987 0.5091293
4988 0.04793132
4989 0.1154225
4990 0.3056266
4991 0.1204693
4992 0.005566241
4993 0.1303255
4994 0.2096883
4995 0.4614494
4996 0.3373213
4997 0.3325348
4998 0.5812391
4999 0.384647
5000 0.3218062
