1 0.6377797
2 0.8041543
3 0.4899374
4 0.8075812
5 0.794606
6 0.2390292
7 0.077281
8 0.0608954
9 0.6798238
10 0.5577885
11 0.987791
12 0.4894852
13 0.5882594
14 0.857285
15 0.5320394
16 0.5669594
17 0.6503908
18 0.149208
19 0.8575383
20 0.8040404
21 0.1549959
22 0.2773928
23 0.3094762
24 0.09094144
25 0.878298
26 0.6468161
27 0.5418793
28 0.5721349
29 0.882961
30 0.6327145
31 0.3111989
32 0.4882378
33 0.8194586
34 0.6140491
35 0.3358005
36 0.9054214
37 0.3479141
38 0.8170505
39 0.1782776
40 0.9166481
41 0.6508871
42 0.8446652
43 0.2256908
44 0.5107772
45 0.9903775
46 0.9242627
47 0.4429325
48 0.5746811
49 0.6874197
50 0.9540633
51 0.9584912
52 0.7960787
53 0.6625882
54 0.9676556
55 0.1608366
56 0.950983
57 0.4363893
58 0.6790413
59 0.2430778
60 0.151154
61 0.3676846
62 0.5287228
63 0.6378058
64 0.3509141
65 0.2813597
66 0.2822599
67 0.2428167
68 0.4372704
69 0.5195272
70 0.4765925
71 0.6414214
72 0.4906936
73 0.2913981
74 0.1558457
75 0.313234
76 0.8481286
77 0.8542502
78 0.8713724
79 0.4626891
80 0.9109151
81 0.8871519
82 0.16453
83 0.2816206
84 0.9855237
85 0.716681
86 0.4157119
87 0.5621093
88 0.3495308
89 0.6446599
90 0.8034951
91 0.6119075
92 0.09132467
93 0.8473856
94 0.3940866
95 0.7663924
96 0.8315759
97 0.2850722
98 0.556107
99 0.7096474
100 0.4233497
101 0.5958376
102 0.9696109
103 0.9126607
104 0.925127
105 0.3714146
106 0.2332861
107 0.5232012
108 0.8711923
109 0.9280612
110 0.3020764
111 0.5278111
112 0.64625
113 0.2459774
114 0.8012746
115 0.7170098
116 0.51408
117 0.5169004
118 0.7371896
119 0.2509986
120 0.631494
121 0.0580912
122 0.318105
123 0.475982
124 0.4274528
125 0.6845322
126 0.2967897
127 0.4125161
128 0.6284464
129 0.3679644
130 0.8957825
131 0.5367926
132 0.9258671
133 0.792506
134 0.5011286
135 0.4096962
136 0.8067027
137 0.767501
138 0.6620076
139 0.06300375
140 0.4130957
141 0.2100718
142 0.9894512
143 0.6271136
144 0.03831764
145 0.2750146
146 0.6444446
147 0.3954521
148 0.5677724
149 0.9726369
150 0.7143365
151 0.3812719
152 0.6551027
153 0.4549599
154 0.6455564
155 0.2539901
156 0.008817145
157 0.7964281
158 0.5337998
159 0.03246129
160 0.8831965
161 0.3796744
162 0.3402652
163 0.14791
164 0.6920901
165 0.5546813
166 0.7636175
167 0.4184075
168 0.1422539
169 0.3420226
170 0.9092029
171 0.5204399
172 0.4430993
173 0.7031354
174 0.3111139
175 0.6786125
176 0.2711518
177 0.1994201
178 0.6675216
179 0.5510249
180 0.6944174
181 0.9255222
182 0.8374036
183 0.6865759
184 0.3005017
185 0.07039527
186 0.7889538
187 0.2463347
188 0.8484598
189 0.699057
190 0.8445685
191 0.1985948
192 0.05790002
193 0.8689424
194 0.672114
195 0.7624847
196 0.8439431
197 0.626097
198 0.268804
199 0.6751142
200 0.8152848
201 0.7804122
202 0.2736807
203 0.8149846
204 0.8906874
205 0.09198594
206 0.7862392
207 0.6038721
208 0.326257
209 0.7696821
210 0.5514272
211 0.2942864
212 0.6840706
213 0.1847105
214 0.7009239
215 0.3609942
216 0.8543884
217 0.5622383
218 0.1662167
219 0.8094784
220 0.7086746
221 0.8424763
222 0.03866056
223 0.640084
224 0.1932052
225 0.8307517
226 0.8345917
227 0.4354281
228 0.6202317
229 0.4987702
230 0.9839114
231 0.7707989
232 0.784455
233 0.6382056
234 0.8286708
235 0.5001126
236 0.8188112
237 0.8514064
238 0.0925064
239 0.5224161
240 0.6641436
241 0.7568167
242 0.9686365
243 0.617418
244 0.1299218
245 0.8595981
246 0.8215209
247 0.8993887
248 0.6762492
249 0.0969566
250 0.8311836
251 0.4675175
252 0.5082346
253 0.471181
254 0.4585421
255 0.7078699
256 0.1819736
257 0.5574555
258 0.1333964
259 0.1138524
260 0.8367893
261 0.7107339
262 0.7672761
263 0.8346082
264 0.9597035
265 0.4597692
266 0.5445721
267 0.9796667
268 0.8296662
269 0.7574797
270 0.9611492
271 0.8855901
272 0.9440859
273 0.380851
274 0.7186294
275 0.6485562
276 0.6596958
277 0.659012
278 0.3252034
279 0.01284412
280 0.909385
281 0.7849389
282 0.9489324
283 0.2677369
284 0.2141878
285 0.8607195
286 0.6927877
287 0.02670179
288 0.2299931
289 0.8124752
290 0.1113816
291 0.5386165
292 0.9938291
293 0.8868938
294 0.9751867
295 0.8513306
296 0.03475761
297 0.4218749
298 0.1981788
299 0.9635616
300 0.8263104
301 0.9150434
302 0.2769201
303 0.2034134
304 0.1946046
305 0.3703771
306 0.8411773
307 0.5502796
308 0.5359658
309 0.2602623
310 0.61697
311 0.2394059
312 0.46644
313 0.3991406
314 0.2095743
315 0.6957181
316 0.5541333
317 0.1763501
318 0.6845131
319 0.6490206
320 0.2127258
321 0.5399419
322 0.6495516
323 0.2811507
324 0.6806822
325 0.0892868
326 0.611032
327 0.8278008
328 0.7754323
329 0.1347616
330 0.6907721
331 0.7112856
332 0.9557429
333 0.4716647
334 0.367826
335 0.8501618
336 0.8419177
337 0.7637726
338 0.7101066
339 0.01312137
340 0.5881487
341 0.4471383
342 0.3824377
343 0.4792506
344 0.8205863
345 0.4755095
346 0.8116724
347 0.2123862
348 0.4153532
349 0.3355167
350 0.2402979
351 0.7949736
352 0.2049553
353 0.05731904
354 0.7823253
355 0.9205352
356 0.1872429
357 0.09996839
358 0.420176
359 0.711889
360 0.6293391
361 0.6654514
362 0.06349066
363 0.3267985
364 0.811792
365 0.687033
366 0.8937744
367 0.4035159
368 0.8179601
369 0.7456201
370 0.1559485
371 0.7917314
372 0.5387013
373 0.7810068
374 0.7236595
375 0.8976124
376 0.1781876
377 0.8295877
378 0.2676863
379 0.9412888
380 0.652067
381 0.6020235
382 0.4702225
383 0.7087311
384 0.3517086
385 0.6939026
386 0.5239177
387 0.3805581
388 0.8276591
389 0.4935981
390 0.01554817
391 0.5919303
392 0.9412584
393 0.8190741
394 0.05660593
395 0.1362066
396 0.9298937
397 0.3052585
398 0.4845027
399 0.2999862
400 0.7881659
401 0.7334753
402 0.4143242
403 0.4613888
404 0.309501
405 0.7822214
406 0.412834
407 0.8511792
408 0.209886
409 0.5398546
410 0.4158443
411 0.2353383
412 0.2086359
413 0.2351343
414 0.9737466
415 0.1096234
416 0.14952
417 0.723107
418 0.3821639
419 0.8072081
420 0.732839
421 0.7647232
422 0.6480835
423 0.7499096
424 0.726858
425 0.6718075
426 0.7481184
427 0.4545164
428 0.3470136
429 0.4813486
430 0.2187762
431 0.3072258
432 0.9335415
433 0.7480156
434 0.2536194
435 0.7204821
436 0.3581634
437 0.1351585
438 0.2386395
439 0.2622945
440 0.3770127
441 0.5429555
442 0.2108046
443 0.8451107
444 0.7514032
445 0.4760241
446 0.05011618
447 0.4415427
448 0.7884318
449 0.9874044
450 0.6759579
451 0.04936453
452 0.4555362
453 0.3646924
454 0.6233153
455 0.7662345
456 0.5521222
457 0.08641694
458 0.5508962
459 0.5401922
460 0.8680444
461 0.5540357
462 0.541638
463 0.2098106
464 0.5175432
465 0.09914487
466 0.7411741
467 0.1491402
468 0.06378585
469 0.9895442
470 0.0198737
471 0.4203781
472 0.3860906
473 0.9302546
474 0.7752315
475 0.8620183
476 0.5853307
477 0.4192228
478 0.8249174
479 0.4092585
480 0.5866985
481 0.5814883
482 0.1463542
483 0.4707055
484 0.3553947
485 0.2928535
486 0.2974055
487 0.221506
488 0.2236438
489 0.9415862
490 0.6202045
491 0.3544961
492 0.1195282
493 0.6594443
494 0.424599
495 0.06216715
496 0.8233086
497 0.8400314
498 0.3981441
499 0.1887004
500 0.4069724
501 0.732247
502 0.647237
503 0.6339721
504 0.8612291
505 0.1543869
506 0.7265544
507 0.3892386
508 0.3520125
509 0.06564349
510 0.2076269
511 0.07746061
512 0.9132428
513 0.5178573
514 0.006743649
515 0.1356515
516 0.9966334
517 0.6791454
518 0.5885394
519 0.09830181
520 0.2656885
521 0.01650927
522 0.05259785
523 0.124836
524 0.08284746
525 0.3787123
526 0.1561187
527 0.1382809
528 0.4066811
529 0.1072233
530 0.6708442
531 0.7233584
532 0.3556077
533 0.5990688
534 0.04448449
535 0.9906407
536 0.1285277
537 0.7712945
538 0.5409054
539 0.149406
540 0.7101557
541 0.07981953
542 0.3431911
543 0.5151638
544 0.2548371
545 0.5571507
546 0.3950245
547 0.6086951
548 0.8483494
549 0.99296
550 0.2691355
551 0.1997095
552 0.4521857
553 0.03394481
554 0.1641745
555 0.02227893
556 0.8292124
557 0.06892588
558 0.5605337
559 0.3382119
560 0.8455241
561 0.6759459
562 0.9428291
563 0.03415836
564 0.6188406
565 0.598979
566 0.5235249
567 0.331497
568 0.8724963
569 0.2187325
570 0.7149623
571 0.833319
572 0.03377148
573 0.5231899
574 0.1148914
575 0.5445041
576 0.9746974
577 0.9972236
578 0.322285
579 0.4479962
580 0.7609905
581 0.01950952
582 0.8651364
583 0.6610657
584 0.3956224
585 0.6905896
586 0.612391
587 0.5971119
588 0.6779738
589 0.9996133
590 0.7951857
591 0.1433222
592 0.6637866
593 0.3287993
594 0.9656081
595 0.2151611
596 0.7905427
597 0.9600993
598 0.8001866
599 0.645558
600 0.6772417
601 0.8890166
602 0.8516142
603 0.5663938
604 0.5336586
605 0.9932857
606 0.05935455
607 0.4937694
608 0.9906881
609 0.3244581
610 0.9569831
611 0.7518334
612 0.1071251
613 0.04751037
614 0.959256
615 0.5501758
616 0.4735323
617 0.1926059
618 0.2437737
619 0.3671658
620 0.5484755
621 0.4124898
622 0.574879
623 0.2314741
624 0.8267786
625 0.4645982
626 0.4719939
627 0.1438378
628 0.4573151
629 0.4255846
630 0.03933326
631 0.5873575
632 0.838316
633 0.4507639
634 0.5336553
635 0.6740005
636 0.2995919
637 0.9618869
638 0.9428236
639 0.3934993
640 0.8898271
641 0.6242211
642 0.6601251
643 0.7815969
644 0.4067406
645 0.6574616
646 0.9864313
647 0.1061379
648 0.1491361
649 0.6199164
650 0.6872433
651 0.6241313
652 0.5421827
653 0.7283835
654 0.6263959
655 0.3900878
656 0.3635463
657 0.7791756
658 0.3951433
659 0.7832086
660 0.323842
661 0.9383261
662 0.711012
663 0.6062388
664 0.9768479
665 0.52435
666 0.4516204
667 0.3441279
668 0.5118819
669 0.8733737
670 0.3655279
671 0.02361207
672 0.5651191
673 0.9896334
674 0.3811478
675 0.3184671
676 0.4004204
677 0.9178212
678 0.7480716
679 0.3881711
680 0.5121203
681 0.6449559
682 0.901312
683 0.7292148
684 0.9084137
685 0.4351
686 0.5676002
687 0.1320867
688 0.4144411
689 0.2891052
690 0.9544737
691 0.6825244
692 0.1364949
693 0.8624831
694 0.8870131
695 0.3014558
696 0.157942
697 0.8563527
698 0.1785657
699 0.1151175
700 0.7303786
701 0.6554721
702 0.8508838
703 0.3388322
704 0.5577966
705 0.7560322
706 0.7526254
707 0.82696
708 0.1578052
709 0.04389672
710 0.1274048
711 0.147763
712 0.07153704
713 0.6062924
714 0.3435684
715 0.3868191
716 0.829008
717 0.6279549
718 0.2642715
719 0.6740629
720 0.8135205
721 0.5047319
722 0.1629514
723 0.6203398
724 0.8605266
725 0.2263298
726 0.290365
727 0.6069359
728 0.4052536
729 0.7572852
730 0.6613778
731 0.8473939
732 0.7899081
733 0.3116207
734 0.6769695
735 0.4393554
736 0.2196846
737 0.5635392
738 0.5851914
739 0.2428367
740 0.3320709
741 0.2768511
742 0.1071441
743 0.5376791
744 0.5072253
745 0.9268705
746 0.8703881
747 0.4251601
748 0.8580569
749 0.5523109
750 0.5238265
751 0.5816703
752 0.893073
753 0.7035464
754 0.9127493
755 0.9855074
756 0.5242289
757 0.2221189
758 0.1487397
759 0.7197255
760 0.9507898
761 0.8736919
762 0.447507
763 0.9847855
764 0.7481288
765 0.01096373
766 0.6355249
767 0.6244439
768 0.9998494
769 0.8334744
770 0.9117216
771 0.8873696
772 0.4507611
773 0.6421957
774 0.08351295
775 0.04573194
776 0.620296
777 0.614189
778 0.4774992
779 0.4849752
780 0.9467091
781 0.59905
782 0.9774786
783 0.1853173
784 0.1666474
785 0.8363034
786 0.5115898
787 0.6111112
788 0.3962306
789 0.8984929
790 0.6992525
791 0.9764417
792 0.1300851
793 0.8278803
794 0.06414247
795 0.6856271
796 0.02330911
797 0.2727312
798 0.3755838
799 0.4062949
800 0.1811027
801 0.8141033
802 0.1175802
803 0.7973626
804 0.4983843
805 0.9686678
806 0.831818
807 0.8337279
808 0.4128581
809 0.7888485
810 0.7362241
811 0.4003633
812 0.7216514
813 0.9289283
814 0.4026117
815 0.28542
816 0.8430265
817 0.08636153
818 0.1773325
819 0.5522195
820 0.848485
821 0.8472255
822 0.1991237
823 0.6912852
824 0.9286857
825 0.1496207
826 0.8602279
827 0.6452905
828 0.4889612
829 0.2708452
830 0.3566074
831 0.3676044
832 0.8966215
833 0.9936933
834 0.9977979
835 0.2491763
836 0.4720435
837 0.8351279
838 0.8005371
839 0.7677356
840 0.3313814
841 0.1220706
842 0.7204668
843 0.799046
844 0.5486733
845 0.7759586
846 0.2287021
847 0.4589262
848 0.3073342
849 0.9380045
850 0.752725
851 0.7014085
852 0.5746501
853 0.2745531
854 0.2849943
855 0.8547697
856 0.3462679
857 0.9658072
858 0.3575937
859 0.3123148
860 0.155562
861 0.8973048
862 0.506655
863 0.7355217
864 0.4831191
865 0.5149149
866 0.9152893
867 0.7420059
868 0.5606115
869 0.8304706
870 0.8723439
871 0.1823884
872 0.3475401
873 0.7556623
874 0.8858754
875 0.04687354
876 0.7607112
877 0.6110437
878 0.1369924
879 0.5496019
880 0.3502807
881 0.1394012
882 0.5705785
883 0.6492855
884 0.3883627
885 0.9734536
886 0.8331038
887 0.5829831
888 0.6998924
889 0.4516369
890 0.4830422
891 0.7841064
892 0.6170042
893 0.7001054
894 0.917861
895 0.252647
896 0.3613408
897 0.4795969
898 0.365032
899 0.7057062
900 0.2907674
901 0.3106332
902 0.2787726
903 0.5498461
904 0.924823
905 0.5510062
906 0.228974
907 0.08457204
908 0.8737744
909 0.5113909
910 0.8700516
911 0.6491458
912 0.9266917
913 0.4865814
914 0.140797
915 0.9317797
916 0.7232864
917 0.2488112
918 0.8118227
919 0.9732875
920 0.7816653
921 0.1255888
922 0.67054
923 0.9833362
924 0.34529
925 0.581563
926 0.3515045
927 0.5739887
928 0.7450587
929 0.7896685
930 0.1084819
931 0.8959968
932 0.7752402
933 0.6237205
934 0.4781948
935 0.008485903
936 0.7714104
937 0.5695981
938 0.7527412
939 0.7895597
940 0.7034258
941 0.2324602
942 0.2197164
943 0.1283658
944 0.987706
945 0.5624611
946 0.4115689
947 0.6673676
948 0.4575368
949 0.8446554
950 0.8507939
951 0.5349676
952 0.2081722
953 0.3988405
954 0.579366
955 0.495859
956 0.4976792
957 0.5648284
958 0.6105748
959 0.2645433
960 0.822629
961 0.3557108
962 0.3875837
963 0.8233921
964 0.5259243
965 0.1172773
966 0.3894634
967 0.544386
968 0.2567528
969 0.8130123
970 0.2816625
971 0.2596217
972 0.5844462
973 0.5747846
974 0.8171127
975 0.5929522
976 0.7668262
977 0.5758586
978 0.4586094
979 0.7908042
980 0.2319303
981 0.9489965
982 0.5053136
983 0.1212684
984 0.7786897
985 0.330374
986 0.8410933
987 0.5253203
988 0.6513551
989 0.9074319
990 0.9036499
991 0.2142231
992 0.189401
993 0.4415622
994 0.1690178
995 0.4570639
996 0.1597422
997 0.2847933
998 0.4639296
999 0.75726
1000 0.9633729
1001 0.009711695
1002 0.6073481
1003 0.8150225
1004 0.6353615
1005 0.7076946
1006 0.4646805
1007 0.8222659
1008 0.5826212
1009 0.8952751
1010 0.6688775
1011 0.571951
1012 0.8632684
1013 0.4123288
1014 0.762619
1015 0.2130086
1016 0.7299492
1017 0.6232115
1018 0.7041984
1019 0.2129917
1020 0.639059
1021 0.9218267
1022 0.5909443
1023 0.99601
1024 0.6179642
1025 0.143443
1026 0.4813963
1027 0.09660705
1028 0.5144276
1029 0.195752
1030 0.9225056
1031 0.2190457
1032 0.2285282
1033 0.1470422
1034 0.1566062
1035 0.8637784
1036 0.6695006
1037 0.6694078
1038 0.3702192
1039 0.7006563
1040 0.9961953
1041 0.7612743
1042 0.79992
1043 0.8416616
1044 0.3759326
1045 0.8148227
1046 0.07334424
1047 0.575395
1048 0.629987
1049 0.4597459
1050 0.6594041
1051 0.7970043
1052 0.865573
1053 0.3006743
1054 0.1311487
1055 0.6826402
1056 0.5351821
1057 0.143843
1058 0.05445802
1059 0.9498005
1060 0.2340811
1061 0.9497864
1062 0.7036888
1063 0.8351266
1064 0.9963969
1065 0.7513293
1066 0.4945852
1067 0.5039442
1068 0.5211349
1069 0.9010709
1070 0.8548867
1071 0.4162112
1072 0.1478231
1073 0.1811473
1074 0.7722015
1075 0.5670093
1076 0.7220608
1077 0.6501767
1078 0.8779679
1079 0.7610452
1080 0.8467414
1081 0.149706
1082 0.2720189
1083 0.4537477
1084 0.4183269
1085 0.2485997
1086 0.5787602
1087 0.7169454
1088 0.5174853
1089 0.3967687
1090 0.977652
1091 0.01427771
1092 0.06090073
1093 0.3839771
1094 0.2744004
1095 0.6002624
1096 0.06576103
1097 0.3615562
1098 0.9138016
1099 0.1737248
1100 0.03554791
1101 0.6621806
1102 0.009972582
1103 0.7486762
1104 0.3800469
1105 0.5025053
1106 0.5707622
1107 0.7141945
1108 0.6742558
1109 0.2677119
1110 0.5544516
1111 0.700689
1112 0.6966703
1113 0.09566117
1114 0.4150509
1115 0.1181763
1116 0.3087869
1117 0.04866105
1118 0.6295424
1119 0.4086503
1120 0.2461096
1121 0.504527
1122 0.9488144
1123 0.331694
1124 0.6716304
1125 0.6529034
1126 0.7509833
1127 0.465567
1128 0.1491722
1129 0.02482732
1130 0.06232087
1131 0.9042423
1132 0.1166597
1133 0.5550394
1134 0.4062585
1135 0.858243
1136 0.5160034
1137 0.97217
1138 0.5849937
1139 0.1036237
1140 0.9272394
1141 0.7805339
1142 0.4419453
1143 0.4531879
1144 0.3600903
1145 0.3142422
1146 0.1624834
1147 0.4073041
1148 0.8809944
1149 0.6298552
1150 0.7584814
1151 0.2780167
1152 0.5006048
1153 0.8666674
1154 0.3129025
1155 0.7875351
1156 0.8756961
1157 0.9248891
1158 0.1800912
1159 0.8483459
1160 0.5891863
1161 0.1772075
1162 0.5000161
1163 0.7007827
1164 0.8211213
1165 0.006331654
1166 0.8235137
1167 0.1592541
1168 0.5673298
1169 0.1513626
1170 0.8121575
1171 0.8002402
1172 0.2661108
1173 0.1941706
1174 0.7489779
1175 0.9024947
1176 0.6632743
1177 0.697843
1178 0.857353
1179 0.4023629
1180 0.7976936
1181 0.4724854
1182 0.465939
1183 0.1411874
1184 0.08149402
1185 0.9091352
1186 0.321801
1187 0.3650609
1188 0.522942
1189 0.6349628
1190 0.5446067
1191 0.2994184
1192 0.5836911
1193 0.9107624
1194 0.2566935
1195 0.1732844
1196 0.7460844
1197 0.6433638
1198 0.2751034
1199 0.6629944
1200 0.4193555
1201 0.8644692
1202 0.1905981
1203 0.3488302
1204 0.9422441
1205 0.3752397
1206 0.3447493
1207 0.03490325
1208 0.6350026
1209 0.9991906
1210 0.8552574
1211 0.9375827
1212 0.09462374
1213 0.1648431
1214 0.1786596
1215 0.2984923
1216 0.741918
1217 0.01880028
1218 0.2569285
1219 0.5417721
1220 0.7569255
1221 0.6491087
1222 0.8329711
1223 0.5440941
1224 0.1524437
1225 0.380767
1226 0.9640875
1227 0.756701
1228 0.9248675
1229 0.8817166
1230 0.5617038
1231 0.3303217
1232 0.3873915
1233 0.09103356
1234 0.3169914
1235 0.7858369
1236 0.8857376
1237 0.5014014
1238 0.5517556
1239 0.663264
1240 0.8238279
1241 0.472314
1242 0.9858782
1243 0.5953088
1244 0.4128448
1245 0.7510275
1246 0.8432805
1247 0.2901443
1248 0.4355636
1249 0.8029853
1250 0.3294553
1251 0.3515309
1252 0.8244664
1253 0.3287829
1254 0.07902891
1255 0.5153184
1256 0.4020053
1257 0.9276022
1258 0.9194822
1259 0.2583435
1260 0.5218611
1261 0.8119387
1262 0.7059132
1263 0.815651
1264 0.4519503
1265 0.936095
1266 0.3535734
1267 0.8700593
1268 0.7194119
1269 0.2708166
1270 0.6067077
1271 0.3502205
1272 0.7778967
1273 0.5699592
1274 0.3976963
1275 0.1009303
1276 0.2965563
1277 0.823231
1278 0.2219459
1279 0.9401619
1280 0.3122068
1281 0.2127669
1282 0.8035696
1283 0.7382272
1284 0.6246659
1285 0.3873212
1286 0.9289783
1287 0.4757685
1288 0.9736629
1289 0.9918782
1290 0.2810925
1291 0.7756675
1292 0.6361502
1293 0.9508515
1294 0.1997507
1295 0.3086874
1296 0.1592503
1297 0.7507111
1298 0.1710985
1299 0.7372257
1300 0.4904498
1301 0.8276791
1302 0.197868
1303 0.1978885
1304 0.8007819
1305 0.7247957
1306 0.0921617
1307 0.6644781
1308 0.489333
1309 0.3473689
1310 0.2634888
1311 0.786897
1312 0.1991983
1313 0.8288515
1314 0.9675073
1315 0.9389024
1316 0.6165718
1317 0.9073448
1318 0.7857083
1319 0.3029189
1320 0.7097325
1321 0.6989825
1322 0.6764751
1323 0.5079896
1324 0.8030927
1325 0.2791894
1326 0.6899331
1327 0.3683289
1328 0.2188277
1329 0.8291347
1330 0.455775
1331 0.8771424
1332 0.1438803
1333 0.2603823
1334 0.7583595
1335 0.8872034
1336 0.9660818
1337 0.7286966
1338 0.6439254
1339 0.3188724
1340 0.7837536
1341 0.8624744
1342 0.05929612
1343 0.2045424
1344 0.6576705
1345 0.01724969
1346 0.1815863
1347 0.4508022
1348 0.5075661
1349 0.7485836
1350 0.2713061
1351 0.9136361
1352 0.167088
1353 0.3418363
1354 0.5271599
1355 0.953707
1356 0.127899
1357 0.1170193
1358 0.5585408
1359 0.2481474
1360 0.5713315
1361 0.9165522
1362 0.5231223
1363 0.980423
1364 0.4424362
1365 0.2422998
1366 0.5788353
1367 0.6240189
1368 0.9989809
1369 0.0952163
1370 0.8382903
1371 0.8482411
1372 0.3332541
1373 0.3195388
1374 0.5070067
1375 0.9250323
1376 0.8848539
1377 0.6047846
1378 0.7393512
1379 0.9766816
1380 0.5437298
1381 0.4622765
1382 0.9468156
1383 0.6679911
1384 0.1887102
1385 0.1513289
1386 0.2139266
1387 0.766573
1388 0.8848108
1389 0.08733017
1390 0.824259
1391 0.9134236
1392 0.5524303
1393 0.8666118
1394 0.08282576
1395 0.6805198
1396 0.7198268
1397 0.3167905
1398 0.4186271
1399 0.828589
1400 0.8184954
1401 0.5770383
1402 0.7211729
1403 0.7396202
1404 0.4287266
1405 0.08108641
1406 0.8483551
1407 0.1769273
1408 0.5919673
1409 0.5183557
1410 0.8354399
1411 0.17181
1412 0.5509792
1413 0.5125398
1414 0.7518432
1415 0.5861051
1416 0.5215253
1417 0.2030031
1418 0.5129623
1419 0.7400479
1420 0.9524198
1421 0.4473464
1422 0.8914278
1423 0.7088699
1424 0.8586923
1425 0.6904
1426 0.7646982
1427 0.8934972
1428 0.05382952
1429 0.7646081
1430 0.7562971
1431 0.006504051
1432 0.5900716
1433 0.534936
1434 0.9845063
1435 0.3519387
1436 0.08633848
1437 0.0644543
1438 0.08647891
1439 0.8934042
1440 0.6224998
1441 0.3160798
1442 0.8480116
1443 0.9212158
1444 0.8959754
1445 0.821263
1446 0.428357
1447 0.8405009
1448 0.7670335
1449 0.2931653
1450 0.2286646
1451 0.1183035
1452 0.5534951
1453 0.1833194
1454 0.197885
1455 0.2506547
1456 0.8721279
1457 0.8999278
1458 0.3308021
1459 0.9389808
1460 0.002873768
1461 0.7742067
1462 0.4305805
1463 0.6370832
1464 0.4545751
1465 0.2730481
1466 0.9142158
1467 0.7299817
1468 0.9379334
1469 0.7087819
1470 0.2433401
1471 0.3265928
1472 0.3933035
1473 0.3729101
1474 0.1539018
1475 0.7146509
1476 0.4317447
1477 0.627063
1478 0.4199705
1479 0.2111048
1480 0.809884
1481 0.5849532
1482 0.8336838
1483 0.5447673
1484 0.07517812
1485 0.5574
1486 0.3115677
1487 0.7224414
1488 0.7779241
1489 0.5101766
1490 0.3075955
1491 0.4181456
1492 0.7847222
1493 0.7122585
1494 0.722176
1495 0.6469953
1496 0.9530865
1497 0.2756201
1498 0.1480674
1499 0.3925329
1500 0.3519301
1501 0.7108152
1502 0.8709857
1503 0.460473
1504 0.6094718
1505 0.9666612
1506 0.2128417
1507 0.9506226
1508 0.05173483
1509 0.7500286
1510 0.01750229
1511 0.00114115
1512 0.2020813
1513 0.8735798
1514 0.9940337
1515 0.678227
1516 0.2912759
1517 0.04161833
1518 0.9124874
1519 0.1419032
1520 0.06650532
1521 0.08522182
1522 0.9437372
1523 0.2570376
1524 0.925762
1525 0.9763325
1526 0.1214202
1527 0.1574655
1528 0.8309507
1529 0.4319642
1530 0.353235
1531 0.5778699
1532 0.4279144
1533 0.5308047
1534 0.5570231
1535 0.3254331
1536 0.1689533
1537 0.8231709
1538 0.6690561
1539 0.4717716
1540 0.06817339
1541 0.8302177
1542 0.7592147
1543 0.8905277
1544 0.9255028
1545 0.3315979
1546 0.6357153
1547 0.3416251
1548 0.8423255
1549 0.9081917
1550 0.5197445
1551 0.8410236
1552 0.5113799
1553 0.4087892
1554 0.4088722
1555 0.6236415
1556 0.2889983
1557 0.1389943
1558 0.9331006
1559 0.6214965
1560 0.8824581
1561 0.3859468
1562 0.6001148
1563 0.8715922
1564 0.4100101
1565 0.8204342
1566 0.2719214
1567 0.4546382
1568 0.4043192
1569 0.7631607
1570 0.3816218
1571 0.8629043
1572 0.1322911
1573 0.5953321
1574 0.3521064
1575 0.2377061
1576 0.4298492
1577 0.2668864
1578 0.6880336
1579 0.8626927
1580 0.6115099
1581 0.6218761
1582 0.9413241
1583 0.419895
1584 0.1481981
1585 0.3344271
1586 0.1729968
1587 0.09272155
1588 0.1991495
1589 0.4704487
1590 0.07010116
1591 0.7578611
1592 0.8452803
1593 0.1062409
1594 0.7363553
1595 0.6405147
1596 0.3025847
1597 0.5151093
1598 0.9632258
1599 0.6507897
1600 0.7274435
1601 0.3163779
1602 0.5361369
1603 0.3798426
1604 0.6730461
1605 0.648607
1606 0.2763637
1607 0.5955962
1608 0.1742408
1609 0.8570221
1610 0.2960964
1611 0.9344646
1612 0.5054195
1613 0.4649224
1614 0.3690128
1615 0.4800791
1616 0.03735351
1617 0.5316032
1618 0.8398326
1619 0.9603072
1620 0.3761714
1621 0.2535672
1622 0.5248262
1623 0.5797728
1624 0.6366748
1625 0.2223588
1626 0.7161022
1627 0.9714867
1628 0.9107582
1629 0.4787405
1630 0.9593196
1631 0.6093217
1632 0.6803076
1633 0.3720187
1634 0.7759195
1635 0.3982049
1636 0.6425659
1637 0.6422266
1638 0.5236957
1639 0.5121512
1640 0.4610026
1641 0.8346908
1642 0.9892717
1643 0.3202941
1644 0.08939437
1645 0.8071157
1646 0.3832038
1647 0.9928346
1648 0.8225851
1649 0.7209737
1650 0.4489147
1651 0.1736978
1652 0.5919499
1653 0.4513787
1654 0.2952549
1655 0.7576896
1656 0.155744
1657 0.5241422
1658 0.1583513
1659 0.2748254
1660 0.04699344
1661 0.1704079
1662 0.4108053
1663 0.9224379
1664 0.8493359
1665 0.4287374
1666 0.2422676
1667 0.9560841
1668 0.2044932
1669 0.05627639
1670 0.9991873
1671 0.7642516
1672 0.7235671
1673 0.3719221
1674 0.05994028
1675 0.7520547
1676 0.3110326
1677 0.3188644
1678 0.09711402
1679 0.1108579
1680 0.7487904
1681 0.2699589
1682 0.1973629
1683 0.535061
1684 0.6792545
1685 0.5516345
1686 0.0733018
1687 0.7654878
1688 0.6480916
1689 0.8050378
1690 0.5389641
1691 0.25771
1692 0.7010636
1693 0.3929918
1694 0.2776267
1695 0.8211294
1696 0.9559895
1697 0.1116599
1698 0.9363611
1699 0.09920154
1700 0.8658869
1701 0.08851701
1702 0.6564681
1703 0.2791599
1704 0.1643724
1705 0.7363171
1706 0.466126
1707 0.2411456
1708 0.2485879
1709 0.8518051
1710 0.7412965
1711 0.6685706
1712 0.5465547
1713 0.4353979
1714 0.1145499
1715 0.3843238
1716 0.7211542
1717 0.08621142
1718 0.8485638
1719 0.7529935
1720 0.7864316
1721 0.946328
1722 0.1005743
1723 0.7112447
1724 0.8364782
1725 0.1396789
1726 0.9091879
1727 0.3779319
1728 0.4900211
1729 0.6674326
1730 0.5866748
1731 0.6571587
1732 0.1842745
1733 0.06196887
1734 0.863356
1735 0.4203256
1736 0.3786411
1737 0.05363187
1738 0.9398336
1739 0.8557577
1740 0.3821981
1741 0.1290354
1742 0.4350679
1743 0.1350904
1744 0.8567808
1745 0.4170187
1746 0.5842492
1747 0.7303075
1748 0.6815415
1749 0.7942661
1750 0.6779603
1751 0.8345847
1752 0.2161806
1753 0.4649939
1754 0.03645806
1755 0.6410987
1756 0.6811544
1757 0.01500418
1758 0.9773787
1759 0.7687292
1760 0.6346492
1761 0.7426208
1762 0.8110342
1763 0.3565102
1764 0.9240328
1765 0.5760948
1766 0.9830246
1767 0.391204
1768 0.8431263
1769 0.920949
1770 0.4281846
1771 0.2854964
1772 0.1900584
1773 0.8976348
1774 0.4807045
1775 0.3121886
1776 0.7254406
1777 0.1822664
1778 0.3516491
1779 0.3648993
1780 0.2519356
1781 0.3191851
1782 0.8000363
1783 0.4249396
1784 0.3362497
1785 0.5242109
1786 0.08977712
1787 0.1162071
1788 0.5547834
1789 0.4577713
1790 0.7167622
1791 0.4336844
1792 0.0546664
1793 0.06532412
1794 0.5216914
1795 0.04974959
1796 0.3666048
1797 0.5652709
1798 0.8338289
1799 0.7079302
1800 0.3164806
1801 0.7322534
1802 0.4869938
1803 0.1217526
1804 0.1483821
1805 0.8691468
1806 0.2135636
1807 0.3007427
1808 0.6848884
1809 0.5221408
1810 0.720822
1811 0.3200863
1812 0.4602339
1813 0.5299654
1814 0.4488211
1815 0.0242697
1816 0.6478773
1817 0.1328479
1818 0.8232218
1819 0.08746325
1820 0.8303892
1821 0.92106
1822 0.3858086
1823 0.2709657
1824 0.4091921
1825 0.5422416
1826 0.5127599
1827 0.4284241
1828 0.1819701
1829 0.2230869
1830 0.2470048
1831 0.001219803
1832 0.27055
1833 0.8478841
1834 0.9880975
1835 0.3566253
1836 0.8034263
1837 0.496213
1838 0.7240659
1839 0.7498798
1840 0.3187895
1841 0.7740087
1842 0.9709468
1843 0.9961375
1844 0.6015629
1845 0.484826
1846 0.4797118
1847 0.8948515
1848 0.509401
1849 0.6720302
1850 0.5662276
1851 0.6888867
1852 0.8199366
1853 0.695309
1854 0.3407662
1855 0.4049482
1856 0.8104485
1857 0.8987189
1858 0.3274416
1859 0.7999071
1860 0.3357154
1861 0.9328749
1862 0.9278295
1863 0.1524281
1864 0.595587
1865 0.3738846
1866 0.1772588
1867 0.3177361
1868 0.9007485
1869 0.4850322
1870 0.9779599
1871 0.9093852
1872 0.7748311
1873 0.9576917
1874 0.1631879
1875 0.04957199
1876 0.9401489
1877 0.6174209
1878 0.2384818
1879 0.4524914
1880 0.2116698
1881 0.7908458
1882 0.6044277
1883 0.5737282
1884 0.9365475
1885 0.6588296
1886 0.4420458
1887 0.9755249
1888 0.961521
1889 0.9066892
1890 0.2501392
1891 0.3389237
1892 0.04605893
1893 0.6365619
1894 0.7812651
1895 0.3063368
1896 0.007436915
1897 0.6983825
1898 0.1889772
1899 0.5477455
1900 0.265331
1901 0.0244903
1902 0.005452117
1903 0.5259581
1904 0.8349943
1905 0.9896377
1906 0.706632
1907 0.8653154
1908 0.5105897
1909 0.02891883
1910 0.7584141
1911 0.3116829
1912 0.8825391
1913 0.8780444
1914 0.2842661
1915 0.8897874
1916 0.6611913
1917 0.5078653
1918 0.6498438
1919 0.5313289
1920 0.8055727
1921 0.3698364
1922 0.1776264
1923 0.2020352
1924 0.4875029
1925 0.9098127
1926 0.3160527
1927 0.3914589
1928 0.1353502
1929 0.8132808
1930 0.7232924
1931 0.6576458
1932 0.06208477
1933 0.3711443
1934 0.3263239
1935 0.3460134
1936 0.6047526
1937 0.07099895
1938 0.5680345
1939 0.4318147
1940 0.0324185
1941 0.354574
1942 0.4759544
1943 0.4636034
1944 0.712557
1945 0.8208931
1946 0.9652817
1947 0.2569573
1948 0.2645505
1949 0.6512774
1950 0.5303648
1951 0.05484981
1952 0.8932158
1953 0.3691025
1954 0.4000308
1955 0.4645582
1956 0.8597723
1957 0.5482738
1958 0.5032854
1959 0.721286
1960 0.8739954
1961 0.6732285
1962 0.5111363
1963 0.5341314
1964 0.5648613
1965 0.04961258
1966 0.07286858
1967 0.2629356
1968 0.9307563
1969 0.6178558
1970 0.1966869
1971 0.942935
1972 0.9076034
1973 0.8498563
1974 0.7030715
1975 0.3875087
1976 0.05130338
1977 0.6526609
1978 0.2166003
1979 0.1425847
1980 0.4783081
1981 0.5799003
1982 0.1413623
1983 0.4533022
1984 0.9453106
1985 0.9324042
1986 0.3138234
1987 0.9822112
1988 0.3651535
1989 0.5032879
1990 0.8905465
1991 0.8068283
1992 0.105526
1993 0.3404912
1994 0.8227585
1995 0.5730505
1996 0.3448651
1997 0.2031963
1998 0.5144854
1999 0.58949
2000 0.4798455
2001 0.3968065
2002 0.8950622
2003 0.2439936
2004 0.55854
2005 0.457813
2006 0.2344506
2007 0.09419878
2008 0.6140415
2009 0.5384554
2010 0.9028378
2011 0.6197625
2012 0.2827135
2013 0.2797559
2014 0.7693111
2015 0.8674986
2016 0.8470423
2017 0.3393913
2018 0.5735057
2019 0.4130186
2020 0.6960514
2021 0.2467181
2022 0.6508553
2023 0.3001253
2024 0.3044635
2025 0.7918992
2026 0.4455751
2027 0.4892774
2028 0.7540546
2029 0.2484518
2030 0.6002928
2031 0.7857774
2032 0.5922676
2033 0.8922886
2034 0.1104951
2035 0.2997092
2036 0.2871017
2037 0.8196052
2038 0.7056432
2039 0.2538858
2040 0.816445
2041 0.3124342
2042 0.7245692
2043 0.2557643
2044 0.4893495
2045 0.8703998
2046 0.3033634
2047 0.3929634
2048 0.08858568
2049 0.4610379
2050 0.04843846
2051 0.4277544
2052 0.4985035
2053 0.6096764
2054 0.1350076
2055 0.2437806
2056 0.1123937
2057 0.6268566
2058 0.7454033
2059 0.005613982
2060 0.5495839
2061 0.2955502
2062 0.7429634
2063 0.5491507
2064 0.7377979
2065 0.2163882
2066 0.886371
2067 0.7210954
2068 0.4244173
2069 0.9805458
2070 0.1450983
2071 0.8747221
2072 0.0561344
2073 0.7742847
2074 0.1528387
2075 0.4896474
2076 0.9389205
2077 0.4802711
2078 0.7697611
2079 0.9646424
2080 0.6361235
2081 0.4129074
2082 0.5303654
2083 0.3220857
2084 0.8044424
2085 0.2840784
2086 0.5552344
2087 0.503548
2088 0.1475777
2089 0.8798777
2090 0.721972
2091 0.3250961
2092 0.1922154
2093 0.1155559
2094 0.09156916
2095 0.3618107
2096 0.6283701
2097 0.693389
2098 0.9313225
2099 0.209189
2100 0.6138465
2101 0.8061938
2102 0.8158963
2103 0.5236941
2104 0.7249628
2105 0.06134253
2106 0.4307937
2107 0.5405119
2108 0.7056916
2109 0.1632162
2110 0.8429022
2111 0.7351079
2112 0.7149499
2113 0.3370035
2114 0.4455663
2115 0.9977032
2116 0.3923665
2117 0.8978718
2118 0.6041753
2119 0.238327
2120 0.3025163
2121 0.8319718
2122 0.9941846
2123 0.5597696
2124 0.6900009
2125 0.1215719
2126 0.6263282
2127 0.2750195
2128 0.8333086
2129 0.2345602
2130 0.9419318
2131 0.05162904
2132 0.1745471
2133 0.8900404
2134 0.8326355
2135 0.09781186
2136 0.09630496
2137 0.6916689
2138 0.9190472
2139 0.2355626
2140 0.8350317
2141 0.06765435
2142 0.8403195
2143 0.8011007
2144 0.7701119
2145 0.2318098
2146 0.01535498
2147 0.541782
2148 0.8472389
2149 0.9455345
2150 0.5240711
2151 0.800616
2152 0.6890201
2153 0.9387029
2154 0.5573616
2155 0.1980873
2156 0.1473447
2157 0.417539
2158 0.975139
2159 0.9859935
2160 0.6201781
2161 0.409845
2162 0.4103084
2163 0.7257205
2164 0.4953566
2165 0.3075417
2166 0.569531
2167 0.6126702
2168 0.3737353
2169 0.9134925
2170 0.8331359
2171 0.9296773
2172 0.2309019
2173 0.6246885
2174 0.2210717
2175 0.5921253
2176 0.4972406
2177 0.2755389
2178 0.2970216
2179 0.2346739
2180 0.2407915
2181 0.793567
2182 0.1980133
2183 0.9550266
2184 0.8575332
2185 0.5351058
2186 0.9314559
2187 0.3691898
2188 0.3377346
2189 0.8926326
2190 0.185538
2191 0.4164753
2192 0.3057098
2193 0.2091079
2194 0.5878
2195 0.8902557
2196 0.584122
2197 0.4312022
2198 0.6545805
2199 0.7273004
2200 0.4515568
2201 0.8818809
2202 0.08155705
2203 0.1288781
2204 0.03178013
2205 0.9674823
2206 0.197049
2207 0.6542458
2208 0.8692009
2209 0.7476199
2210 0.9109714
2211 0.5376742
2212 0.6517325
2213 0.6610247
2214 0.9856396
2215 0.119528
2216 0.2077285
2217 0.6935162
2218 0.7104264
2219 0.4295224
2220 0.06990101
2221 0.3718915
2222 0.8311357
2223 0.3735038
2224 0.6902709
2225 0.3068993
2226 0.3013107
2227 0.6702204
2228 0.8168027
2229 0.4892203
2230 0.2607926
2231 0.5069784
2232 0.1844126
2233 0.6291819
2234 0.1288062
2235 0.3025562
2236 0.01646396
2237 0.9812428
2238 0.2160842
2239 0.7619154
2240 0.64522
2241 0.6849684
2242 0.1397859
2243 0.5866048
2244 0.8430864
2245 0.749715
2246 0.5894857
2247 0.164507
2248 0.7592653
2249 0.2337383
2250 0.1076424
2251 0.1585665
2252 0.3784717
2253 0.5749798
2254 0.4228525
2255 0.7538653
2256 0.8655989
2257 0.9726512
2258 0.04566298
2259 0.6822297
2260 0.1078691
2261 0.7725695
2262 0.9357779
2263 0.8724779
2264 0.4217084
2265 0.2704606
2266 0.7997621
2267 0.8075885
2268 0.08952243
2269 0.2780673
2270 0.4897003
2271 0.8664311
2272 0.1215579
2273 0.1197333
2274 0.9252037
2275 0.9067588
2276 0.708771
2277 0.7472391
2278 0.9179548
2279 0.4152481
2280 0.6580443
2281 0.3098704
2282 0.9534636
2283 0.190424
2284 0.1967177
2285 0.8017979
2286 0.8530781
2287 0.1543287
2288 0.5355264
2289 0.6398107
2290 0.396493
2291 0.5563878
2292 0.9093308
2293 0.5767957
2294 0.9638106
2295 0.2765315
2296 0.3002861
2297 0.5998816
2298 0.9163045
2299 0.760724
2300 0.1914983
2301 0.4726018
2302 0.7217251
2303 0.9035058
2304 0.1454566
2305 0.2341647
2306 0.7135503
2307 0.2917808
2308 0.8809244
2309 0.1839147
2310 0.6319658
2311 0.9104967
2312 0.5486981
2313 0.5960527
2314 0.06595083
2315 0.2646766
2316 0.5677938
2317 0.6828319
2318 0.333717
2319 0.9763336
2320 0.02070208
2321 0.8888056
2322 0.2074719
2323 0.7382709
2324 0.661644
2325 0.2430041
2326 0.4596351
2327 0.2080879
2328 0.9133479
2329 0.3698329
2330 0.03969527
2331 0.3802792
2332 0.3830359
2333 0.9168587
2334 0.7469483
2335 0.08107346
2336 0.2787712
2337 0.4842172
2338 0.5279995
2339 0.5649428
2340 0.2313351
2341 0.2024676
2342 0.836321
2343 0.5125132
2344 0.503416
2345 0.1856813
2346 0.06129585
2347 0.473674
2348 0.453054
2349 0.5969062
2350 0.09086986
2351 0.4657199
2352 0.7807632
2353 0.2924071
2354 0.9537988
2355 0.7645203
2356 0.1447299
2357 0.9702728
2358 0.5337448
2359 0.4973284
2360 0.5917024
2361 0.7896665
2362 0.4593023
2363 0.1452457
2364 0.8382933
2365 0.9521582
2366 0.7263315
2367 0.9564863
2368 0.3860312
2369 0.02057623
2370 0.9334081
2371 0.9762602
2372 0.212118
2373 0.6802342
2374 0.7554697
2375 0.801675
2376 0.09502467
2377 0.7530025
2378 0.05323272
2379 0.5959664
2380 0.7883493
2381 0.468259
2382 0.8680766
2383 0.3101152
2384 0.02562398
2385 0.3696748
2386 0.2322186
2387 0.5143306
2388 0.6137103
2389 0.749413
2390 0.9774178
2391 0.4494645
2392 0.1192162
2393 0.8274791
2394 0.5243194
2395 0.07148929
2396 0.9443429
2397 0.1880525
2398 0.8383055
2399 0.3268979
2400 0.5438416
2401 0.6239677
2402 0.4099275
2403 0.3345239
2404 0.3269077
2405 0.8473618
2406 0.6403444
2407 0.2831953
2408 0.6504495
2409 0.7245611
2410 0.1546104
2411 0.6003409
2412 0.580814
2413 0.9049938
2414 0.288551
2415 0.09336006
2416 0.4639879
2417 0.7506224
2418 0.6738761
2419 0.08330637
2420 0.3035578
2421 0.8380911
2422 0.4398192
2423 0.9364266
2424 0.3897477
2425 0.4894406
2426 0.287652
2427 0.5832972
2428 0.9140269
2429 0.4537063
2430 0.1274193
2431 0.8773134
2432 0.2820623
2433 0.6855594
2434 0.5421159
2435 0.06624657
2436 0.3708898
2437 0.5147476
2438 0.7165042
2439 0.4997077
2440 0.5477273
2441 0.1031039
2442 0.5205066
2443 0.8873453
2444 0.8319264
2445 0.04546742
2446 0.4402879
2447 0.4193281
2448 0.8775367
2449 0.04884237
2450 0.5100434
2451 0.4001377
2452 0.9562657
2453 0.8363943
2454 0.8432506
2455 0.4503856
2456 0.3680356
2457 0.7935206
2458 0.9803197
2459 0.6145446
2460 0.7966553
2461 0.4905078
2462 0.5007803
2463 0.4695776
2464 0.9443167
2465 0.672609
2466 0.9691298
2467 0.0789019
2468 0.5722848
2469 0.4253564
2470 0.5054244
2471 0.2621283
2472 0.6763118
2473 0.8326513
2474 0.4459094
2475 0.8380833
2476 0.999597
2477 0.4036618
2478 0.2608271
2479 0.541832
2480 0.7870755
2481 0.8506839
2482 0.4660573
2483 0.8812127
2484 0.02508094
2485 0.6281784
2486 0.4446985
2487 0.8691908
2488 0.8674623
2489 0.6915821
2490 0.8177608
2491 0.6444592
2492 0.4335601
2493 0.9754973
2494 0.877959
2495 0.5361166
2496 0.637729
2497 0.5917275
2498 0.7468345
2499 0.4297565
2500 0.0698911
2501 0.6354672
2502 0.6706413
2503 0.4063444
2504 0.9776247
2505 0.3974741
2506 0.4501307
2507 0.6241846
2508 0.8299465
2509 0.7702779
2510 0.2061122
2511 0.997566
2512 0.1471267
2513 0.4460668
2514 0.7422662
2515 0.3870067
2516 0.9032479
2517 0.2563368
2518 0.8636516
2519 0.9963857
2520 0.4340704
2521 0.5820003
2522 0.8465177
2523 0.07626367
2524 0.3155478
2525 0.3080654
2526 0.2403056
2527 0.9282868
2528 0.007325281
2529 0.4818696
2530 0.6244138
2531 0.8731985
2532 0.5364322
2533 0.9995957
2534 0.03925796
2535 0.7509881
2536 0.4935955
2537 0.6736673
2538 0.6712919
2539 0.7493444
2540 0.5128217
2541 0.8659604
2542 0.4522129
2543 0.7015777
2544 0.7924506
2545 0.4312047
2546 0.9938832
2547 0.9318164
2548 0.6566459
2549 0.6266733
2550 0.3573949
2551 0.5151873
2552 0.5940923
2553 0.8535782
2554 0.2935613
2555 0.3672507
2556 0.7865358
2557 0.7658424
2558 0.9697046
2559 0.981323
2560 0.7253547
2561 0.7914996
2562 0.159335
2563 0.9990512
2564 0.909748
2565 0.2809642
2566 0.2144726
2567 0.7598149
2568 0.4822144
2569 0.636655
2570 0.8534552
2571 0.8527997
2572 0.9377115
2573 0.6150489
2574 0.6887928
2575 0.1275758
2576 0.9522851
2577 0.9688702
2578 0.224201
2579 0.5532082
2580 0.2471037
2581 0.6297566
2582 0.6933297
2583 0.7370725
2584 0.3896226
2585 0.7240348
2586 0.1564675
2587 0.5827913
2588 0.3799201
2589 0.2596173
2590 0.9720271
2591 0.8165123
2592 0.2299937
2593 0.2562302
2594 0.1742689
2595 0.7925328
2596 0.3930623
2597 0.8248851
2598 0.03854931
2599 0.289081
2600 0.7513243
2601 0.926795
2602 0.9995117
2603 0.7816674
2604 0.7558864
2605 0.740339
2606 0.52062
2607 0.9107869
2608 0.2413874
2609 0.4985266
2610 0.6751515
2611 0.1035879
2612 0.9992476
2613 0.5216915
2614 0.579224
2615 0.8267399
2616 0.9863007
2617 0.5072689
2618 0.7646139
2619 0.7202355
2620 0.333032
2621 0.8896548
2622 0.5690321
2623 0.2990972
2624 0.9113322
2625 0.1058533
2626 0.0130114
2627 0.9241069
2628 0.8108992
2629 0.2172755
2630 0.951005
2631 0.9764772
2632 0.4842898
2633 0.8974578
2634 0.5644035
2635 0.9503624
2636 0.3231292
2637 0.6453017
2638 0.2835015
2639 0.9878256
2640 0.918456
2641 0.9375665
2642 0.8848105
2643 0.6457191
2644 0.9549435
2645 0.9711037
2646 0.6654456
2647 0.4947685
2648 0.4241402
2649 0.5149209
2650 0.4924176
2651 0.9445976
2652 0.2961201
2653 0.7668206
2654 0.5377728
2655 0.218565
2656 0.3613401
2657 0.4483939
2658 0.9240387
2659 0.125356
2660 0.5495205
2661 0.08138829
2662 0.4179089
2663 0.5181362
2664 0.3270774
2665 0.7794193
2666 0.5442646
2667 0.5735601
2668 0.6770778
2669 0.9086766
2670 0.9968715
2671 0.993888
2672 0.6339849
2673 0.2268401
2674 0.7615834
2675 0.08766051
2676 0.8171974
2677 0.9218263
2678 0.5418006
2679 0.9457401
2680 0.4029903
2681 0.7721436
2682 0.8391001
2683 0.5932484
2684 0.1604873
2685 0.5042161
2686 0.4351279
2687 0.806327
2688 0.8546219
2689 0.2496922
2690 0.3893036
2691 0.075996
2692 0.3314625
2693 0.5662456
2694 0.1564133
2695 0.806983
2696 0.6648037
2697 0.2605349
2698 0.8788649
2699 0.7639805
2700 0.3631807
2701 0.7332823
2702 0.590405
2703 0.784744
2704 0.3704006
2705 0.9005699
2706 0.9261194
2707 0.6535153
2708 0.4745191
2709 0.6119731
2710 0.4789094
2711 0.21473
2712 0.532679
2713 0.2612969
2714 0.0794781
2715 0.1568611
2716 0.6127335
2717 0.9946274
2718 0.4023776
2719 0.9509367
2720 0.4420789
2721 0.2860138
2722 0.4894667
2723 0.9250455
2724 0.2143282
2725 0.8105394
2726 0.7737094
2727 0.6964593
2728 0.4057565
2729 0.890501
2730 0.9718597
2731 0.1177668
2732 0.7554233
2733 0.2508618
2734 0.3435054
2735 0.4398699
2736 0.1930928
2737 0.8089696
2738 0.3664744
2739 0.5840979
2740 0.719731
2741 0.7534235
2742 0.1804901
2743 0.4613355
2744 0.773913
2745 0.2198655
2746 0.535214
2747 0.08639923
2748 0.9141644
2749 0.4180878
2750 0.6755494
2751 0.3428564
2752 0.04844812
2753 0.377346
2754 0.840308
2755 0.7233573
2756 0.1701224
2757 0.5089555
2758 0.9937498
2759 0.7334559
2760 0.9149166
2761 0.02588569
2762 0.8890018
2763 0.8198215
2764 0.3022654
2765 0.2033395
2766 0.1417219
2767 0.4604806
2768 0.8738044
2769 0.3877881
2770 0.7780032
2771 0.1409344
2772 0.9368899
2773 0.7512132
2774 0.211684
2775 0.6600302
2776 0.1248425
2777 0.2400118
2778 0.9020091
2779 0.07841474
2780 0.6645591
2781 0.469148
2782 0.5751624
2783 0.806535
2784 0.3295555
2785 0.7694698
2786 0.1061495
2787 0.6325776
2788 0.584318
2789 0.7570408
2790 0.2377929
2791 0.4857614
2792 0.5017027
2793 0.06852989
2794 0.1983316
2795 0.7599973
2796 0.4553032
2797 0.7855354
2798 0.5382151
2799 0.8890825
2800 0.6848269
2801 0.5097354
2802 0.6859805
2803 0.8325408
2804 0.3421151
2805 0.2146161
2806 0.5917429
2807 0.1532636
2808 0.6594803
2809 0.3952766
2810 0.9992027
2811 0.6407309
2812 0.05602298
2813 0.2917516
2814 0.9067714
2815 0.5775502
2816 0.1804103
2817 0.5162714
2818 0.8276839
2819 0.1125386
2820 0.7054934
2821 0.2076216
2822 0.3192584
2823 0.1635298
2824 0.1351166
2825 0.2965133
2826 0.9965546
2827 0.2487841
2828 0.04645262
2829 0.9248865
2830 0.2825593
2831 0.07292477
2832 0.1718303
2833 0.977429
2834 0.7832724
2835 0.6069421
2836 0.7157624
2837 0.1270067
2838 0.3249139
2839 0.2038068
2840 0.7045106
2841 0.202603
2842 0.9416907
2843 0.8795836
2844 0.9180655
2845 0.9995634
2846 0.8974957
2847 0.08804354
2848 0.05167136
2849 0.2341145
2850 0.4363576
2851 0.1361482
2852 0.9761269
2853 0.9900021
2854 0.7852357
2855 0.2323422
2856 0.1117611
2857 0.2814134
2858 0.2844247
2859 0.8933819
2860 0.1532643
2861 0.1880397
2862 0.7266609
2863 0.1421913
2864 0.5130571
2865 0.1213749
2866 0.005558275
2867 0.02647687
2868 0.3081155
2869 0.6250567
2870 0.05155027
2871 0.4206521
2872 0.3012802
2873 0.8141079
2874 0.7947984
2875 0.195294
2876 0.9973419
2877 0.4589758
2878 0.9202631
2879 0.3482524
2880 0.3679144
2881 0.7804861
2882 0.4827436
2883 0.9843911
2884 0.7483135
2885 0.5368583
2886 0.302682
2887 0.04457545
2888 0.4668668
2889 0.7828056
2890 0.4804008
2891 0.6383316
2892 0.2430108
2893 0.6519145
2894 0.3333141
2895 0.6001743
2896 0.3161137
2897 0.935439
2898 0.08007473
2899 0.7666891
2900 0.8037682
2901 0.3339663
2902 0.3642473
2903 0.2226842
2904 0.8396653
2905 0.128809
2906 0.8810527
2907 0.2838191
2908 0.8611127
2909 0.5610464
2910 0.4303406
2911 0.5515237
2912 0.3113428
2913 0.5592981
2914 0.4550086
2915 0.6569522
2916 0.6582172
2917 0.3315472
2918 0.648643
2919 0.5909484
2920 0.3509712
2921 0.5959376
2922 0.250435
2923 0.4722842
2924 0.05640277
2925 0.9427475
2926 0.4235602
2927 0.09948038
2928 0.9972775
2929 0.6943426
2930 0.5216099
2931 0.8518055
2932 0.5319813
2933 0.3182998
2934 0.2974918
2935 0.9372122
2936 0.5547351
2937 0.374922
2938 0.137939
2939 0.5464617
2940 0.8283595
2941 0.53995
2942 0.6108003
2943 0.6552699
2944 0.9032256
2945 0.8685108
2946 0.5236269
2947 0.8087065
2948 0.9561943
2949 0.9992455
2950 0.8340222
2951 0.3145626
2952 0.9820149
2953 0.3487144
2954 0.3709661
2955 0.135346
2956 0.3749856
2957 0.5398579
2958 0.03763157
2959 0.6101741
2960 0.2762324
2961 0.2084363
2962 0.379613
2963 0.8435813
2964 0.9812968
2965 0.0163405
2966 0.3276587
2967 0.4687088
2968 0.03525388
2969 0.1628046
2970 0.6790228
2971 0.8184689
2972 0.865255
2973 0.7094393
2974 0.4478851
2975 0.3142922
2976 0.9709338
2977 0.7761906
2978 0.6330286
2979 0.9142216
2980 0.2826304
2981 0.3676878
2982 0.787812
2983 0.9488571
2984 0.4158797
2985 0.8824902
2986 0.02836673
2987 0.6020534
2988 0.9466788
2989 0.07116648
2990 0.4259362
2991 0.7096461
2992 0.6085922
2993 0.3247159
2994 0.3480652
2995 0.3400159
2996 0.2949361
2997 0.398158
2998 0.3717987
2999 0.627608
3000 0.04721613
3001 0.1187868
3002 0.0350791
3003 0.1287757
3004 0.8755586
3005 0.6657888
3006 0.2197521
3007 0.9411738
3008 0.533489
3009 0.08406229
3010 0.848443
3011 0.5754405
3012 0.4074987
3013 0.6834037
3014 0.1079976
3015 0.9143913
3016 0.7933023
3017 0.1577996
3018 0.7801255
3019 0.9800986
3020 0.516317
3021 0.161192
3022 0.03476012
3023 0.7422921
3024 0.2690939
3025 0.1574882
3026 0.2686153
3027 0.9822281
3028 0.2614478
3029 0.9635069
3030 0.1381197
3031 0.1259611
3032 0.6748846
3033 0.888145
3034 0.6721693
3035 0.2371079
3036 0.2270952
3037 0.2281027
3038 0.0009522924
3039 0.335758
3040 0.88615
3041 0.6157862
3042 0.5100694
3043 0.1237274
3044 0.8327117
3045 0.8652596
3046 0.5811094
3047 0.8991435
3048 0.5160295
3049 0.2373769
3050 0.3967195
3051 0.01479968
3052 0.2441646
3053 0.2234625
3054 0.07149466
3055 0.9752942
3056 0.6749893
3057 0.516205
3058 0.6222554
3059 0.02225686
3060 0.8597529
3061 0.1129972
3062 0.4096325
3063 0.9489023
3064 0.8485232
3065 0.5529762
3066 0.8778439
3067 0.514044
3068 0.7257276
3069 0.1504815
3070 0.1272391
3071 0.5731448
3072 0.9890508
3073 0.483778
3074 0.4807057
3075 0.8403746
3076 0.8922755
3077 0.4769474
3078 0.2125139
3079 0.6462159
3080 0.4212041
3081 0.1971233
3082 0.4510572
3083 0.8649663
3084 0.7105322
3085 0.8357936
3086 0.855357
3087 0.6330077
3088 0.2674032
3089 0.2005076
3090 0.6218589
3091 0.9948371
3092 0.9642393
3093 0.4852545
3094 0.8012077
3095 0.2177007
3096 0.907807
3097 0.1002911
3098 0.5547316
3099 0.5664392
3100 0.7321657
3101 0.001294315
3102 0.829541
3103 0.8207877
3104 0.7859283
3105 0.04376244
3106 0.9368846
3107 0.5323611
3108 0.9723068
3109 0.9976943
3110 0.4516567
3111 0.8740075
3112 0.9574002
3113 0.4462484
3114 0.8391528
3115 0.4534633
3116 0.534287
3117 0.8333505
3118 0.5640954
3119 0.00914294
3120 0.8771184
3121 0.3849555
3122 0.5853554
3123 0.717461
3124 0.630298
3125 0.3595924
3126 0.6473921
3127 0.7564641
3128 0.8391964
3129 0.482748
3130 0.2957225
3131 0.9718188
3132 0.9469215
3133 0.2534119
3134 0.0793176
3135 0.3226439
3136 0.4407932
3137 0.6948343
3138 0.5595153
3139 0.9138908
3140 0.5859762
3141 0.04735822
3142 0.4209181
3143 0.480868
3144 0.5724134
3145 0.8081729
3146 0.4887945
3147 0.3282514
3148 0.6606329
3149 0.07498414
3150 0.3191692
3151 0.6821996
3152 0.3573686
3153 0.7157672
3154 0.7682198
3155 0.9058061
3156 0.6870857
3157 0.7457807
3158 0.1468157
3159 0.001876788
3160 0.3334612
3161 0.46872
3162 0.7689924
3163 0.3272761
3164 0.3658933
3165 0.4878764
3166 0.5639483
3167 0.5703982
3168 0.5489386
3169 0.6145194
3170 0.9705777
3171 0.4979653
3172 0.8916585
3173 0.1673883
3174 0.03730991
3175 0.22865
3176 0.8451033
3177 0.9689344
3178 0.6785664
3179 0.2015334
3180 0.2405556
3181 0.6191983
3182 0.9281127
3183 0.2362987
3184 0.5062704
3185 0.2237248
3186 0.9008406
3187 0.292496
3188 0.6764143
3189 0.7254046
3190 0.5880942
3191 0.7534742
3192 0.4750767
3193 0.9564105
3194 0.0629439
3195 0.3556441
3196 0.4987011
3197 0.1186773
3198 0.08697838
3199 0.7570405
3200 0.3969268
3201 0.5200091
3202 0.4107507
3203 0.5083971
3204 0.1606029
3205 0.1928778
3206 0.8583398
3207 0.8352155
3208 0.8317775
3209 0.5815927
3210 0.2497203
3211 0.506637
3212 0.8452266
3213 0.442874
3214 0.4954796
3215 0.7647974
3216 0.219439
3217 0.3162828
3218 0.07581532
3219 0.1936248
3220 0.3447744
3221 0.097749
3222 0.4594922
3223 0.3146265
3224 0.4506541
3225 0.9704692
3226 0.8806143
3227 0.4295284
3228 0.7238678
3229 0.8381409
3230 0.3698604
3231 0.8620559
3232 0.2773408
3233 0.8041759
3234 0.9651706
3235 0.4876945
3236 0.5411578
3237 0.259629
3238 0.69925
3239 0.6310519
3240 0.9598129
3241 0.4778105
3242 0.647395
3243 0.1694432
3244 0.4371459
3245 0.9245243
3246 0.9184839
3247 0.4664438
3248 0.206252
3249 0.8089503
3250 0.8597725
3251 0.8033544
3252 0.334577
3253 0.9293589
3254 0.01347478
3255 0.841435
3256 0.9567047
3257 0.7941922
3258 0.9006952
3259 0.1739922
3260 0.5383696
3261 0.5621178
3262 0.824201
3263 0.7456432
3264 0.3990616
3265 0.219663
3266 0.8251551
3267 0.8176124
3268 0.6035684
3269 0.7109615
3270 0.09756033
3271 0.6437257
3272 0.4530035
3273 0.5717921
3274 0.5771318
3275 0.8932612
3276 0.2938523
3277 0.02365382
3278 0.6589112
3279 0.8924144
3280 0.6993889
3281 0.1593446
3282 0.975361
3283 0.5160851
3284 0.707565
3285 0.7894074
3286 0.7982403
3287 0.9678856
3288 0.7085051
3289 0.9678852
3290 0.4433007
3291 0.4348136
3292 0.6893107
3293 0.6477254
3294 0.6488905
3295 0.9021548
3296 0.5779726
3297 0.9963275
3298 0.6915461
3299 0.9149607
3300 0.06375448
3301 0.7205327
3302 0.5651011
3303 0.9632246
3304 0.8332554
3305 0.1388997
3306 0.8257025
3307 0.3959197
3308 0.5879616
3309 0.1051507
3310 0.5258985
3311 0.8818077
3312 0.7503112
3313 0.5035325
3314 0.1261266
3315 0.9438848
3316 0.6850644
3317 0.8443756
3318 0.6531732
3319 0.2781446
3320 0.8402737
3321 0.3068841
3322 0.1131628
3323 0.7531931
3324 0.9545897
3325 0.1805832
3326 0.5483431
3327 0.7088938
3328 0.7347047
3329 0.1122935
3330 0.04949516
3331 0.7228791
3332 0.5666949
3333 0.6377824
3334 0.8139951
3335 0.3779443
3336 0.211384
3337 0.7463325
3338 0.763341
3339 0.08535726
3340 0.8882825
3341 0.5804579
3342 0.4722683
3343 0.3990791
3344 0.4923997
3345 0.4171402
3346 0.5548339
3347 0.2277729
3348 0.4787275
3349 0.7331517
3350 0.1431306
3351 0.4969442
3352 0.5540008
3353 0.5381621
3354 0.5178882
3355 0.2070302
3356 0.1807208
3357 0.675774
3358 0.1169943
3359 0.7864418
3360 0.7143979
3361 0.5776477
3362 0.6020714
3363 0.4831553
3364 0.3359361
3365 0.2009471
3366 0.1525561
3367 0.03014126
3368 0.9269195
3369 0.9351022
3370 0.4640416
3371 0.6241543
3372 0.4904008
3373 0.7745887
3374 0.6965891
3375 0.3602556
3376 0.7885924
3377 0.6039026
3378 0.2570985
3379 0.5585334
3380 0.41665
3381 0.8294506
3382 0.4247928
3383 0.9868457
3384 0.3156345
3385 0.1069497
3386 0.2015219
3387 0.3665179
3388 0.7503178
3389 0.8980199
3390 0.4944087
3391 0.6094607
3392 0.4716661
3393 0.4108258
3394 0.4004287
3395 0.6652396
3396 0.02169042
3397 0.5933011
3398 0.424878
3399 0.3020938
3400 0.76091
3401 0.2853242
3402 0.883322
3403 0.7140277
3404 0.8970716
3405 0.7498339
3406 0.2644027
3407 0.239998
3408 0.2382334
3409 0.3959951
3410 0.1882258
3411 0.4800781
3412 0.8149788
3413 0.9248673
3414 0.5507005
3415 0.6739781
3416 0.2533048
3417 0.9421472
3418 0.3954147
3419 0.2400036
3420 0.05882193
3421 0.1179359
3422 0.7572021
3423 0.7424012
3424 0.550942
3425 0.06898198
3426 0.2973839
3427 0.08179532
3428 0.5272129
3429 0.905486
3430 0.7794383
3431 0.7670011
3432 0.2526144
3433 0.2015939
3434 0.9130287
3435 0.6778792
3436 0.4412526
3437 0.2305949
3438 0.7330983
3439 0.5765058
3440 0.3230078
3441 0.2797644
3442 0.8492998
3443 0.2301629
3444 0.8334698
3445 0.2890142
3446 0.5419549
3447 0.552792
3448 0.3843121
3449 0.7152701
3450 0.9847257
3451 0.8879901
3452 0.3149878
3453 0.5664189
3454 0.2880498
3455 0.6695947
3456 0.3808593
3457 0.8654562
3458 0.6638758
3459 0.3646491
3460 0.3971784
3461 0.7990996
3462 0.0239392
3463 0.9908066
3464 0.1759073
3465 0.4814733
3466 0.8326049
3467 0.6005937
3468 0.1735884
3469 0.6367709
3470 0.484035
3471 0.6722577
3472 0.6172103
3473 0.8367032
3474 0.6954068
3475 0.7619487
3476 0.4854627
3477 0.1812186
3478 0.7638707
3479 0.989329
3480 0.8901239
3481 0.9405699
3482 0.3120888
3483 0.2949121
3484 0.7468466
3485 0.5765584
3486 0.6968955
3487 0.02864033
3488 0.9740828
3489 0.202261
3490 0.8027824
3491 0.7680213
3492 0.5312113
3493 0.1426567
3494 0.2191796
3495 0.2995554
3496 0.6595519
3497 0.6374781
3498 0.399317
3499 0.2118098
3500 0.6765928
3501 0.8344642
3502 0.9893005
3503 0.5764543
3504 0.1651002
3505 0.5854202
3506 0.3927573
3507 0.3828777
3508 0.9293609
3509 0.2728851
3510 0.5851814
3511 0.7125789
3512 0.2690172
3513 0.7895277
3514 0.8623302
3515 0.05553741
3516 0.7098062
3517 0.5977931
3518 0.4503353
3519 0.8052259
3520 0.2362968
3521 0.4770877
3522 0.06370311
3523 0.7890843
3524 0.03971183
3525 0.6802081
3526 0.7994877
3527 0.3323536
3528 0.1725789
3529 0.1980522
3530 0.3290952
3531 0.5194726
3532 0.2835553
3533 0.4799498
3534 0.3145292
3535 0.2110993
3536 0.6333317
3537 0.9342626
3538 0.2968741
3539 0.3807211
3540 0.7820096
3541 0.2754505
3542 0.2116677
3543 0.8992378
3544 0.08462453
3545 0.8088181
3546 0.2228932
3547 0.6802965
3548 0.7745899
3549 0.3556151
3550 0.3492262
3551 0.1942375
3552 0.1900929
3553 0.37054
3554 0.855775
3555 0.2202463
3556 0.3037843
3557 0.6875776
3558 0.259295
3559 0.3900989
3560 0.5998517
3561 0.9168978
3562 0.03919859
3563 0.3668468
3564 0.628408
3565 0.5877786
3566 0.6912636
3567 0.2351615
3568 0.713137
3569 0.694045
3570 0.3197157
3571 0.3635726
3572 0.127757
3573 0.60433
3574 0.4008157
3575 0.5607953
3576 0.7636901
3577 0.1730403
3578 0.08604701
3579 0.2837493
3580 0.9811981
3581 0.5283558
3582 0.3293504
3583 0.8883035
3584 0.5331185
3585 0.9494678
3586 0.8310438
3587 0.3517723
3588 0.1722891
3589 0.4170123
3590 0.6634046
3591 0.8615958
3592 0.3047338
3593 0.3961915
3594 0.2173782
3595 0.3859225
3596 0.5369478
3597 0.7670325
3598 0.1708895
3599 0.360062
3600 0.4044991
3601 0.07227831
3602 0.5882372
3603 0.8495892
3604 0.8984723
3605 0.7815325
3606 0.8642174
3607 0.9717134
3608 0.8037936
3609 0.7443277
3610 0.572821
3611 0.4633336
3612 0.8539006
3613 0.6267893
3614 0.6691092
3615 0.7982042
3616 0.4396401
3617 0.9018269
3618 0.2815399
3619 0.8998087
3620 0.9260013
3621 0.1820088
3622 0.9514324
3623 0.212239
3624 0.7176996
3625 0.8630796
3626 0.02428089
3627 0.3143383
3628 0.2455828
3629 0.3056429
3630 0.7444463
3631 0.9532941
3632 0.06929761
3633 0.3694997
3634 0.2843907
3635 0.1823026
3636 0.9989356
3637 0.4875184
3638 0.1660343
3639 0.4025701
3640 0.8364168
3641 0.3999706
3642 0.7212453
3643 0.2277803
3644 0.2355191
3645 0.8337235
3646 0.8722725
3647 0.5166165
3648 0.1031348
3649 0.4892707
3650 0.07926118
3651 0.8598869
3652 0.8572792
3653 0.1070063
3654 0.3544301
3655 0.2068553
3656 0.9281642
3657 0.3002563
3658 0.05224021
3659 0.2363727
3660 0.7116223
3661 0.5152585
3662 0.2989298
3663 0.4116605
3664 0.06648439
3665 0.8835076
3666 0.3179215
3667 0.2512621
3668 0.9205068
3669 0.2764005
3670 0.7574898
3671 0.321229
3672 0.8630704
3673 0.6038837
3674 0.9106941
3675 0.4658534
3676 0.4253953
3677 0.1371996
3678 0.8843614
3679 0.6455421
3680 0.7338739
3681 0.1032146
3682 0.1936303
3683 0.6964399
3684 0.6535386
3685 0.1888968
3686 0.1239232
3687 0.6402676
3688 0.5439726
3689 0.9451443
3690 0.6792747
3691 0.9845504
3692 0.1405548
3693 0.4797802
3694 0.2440567
3695 0.5305896
3696 0.7159964
3697 0.9153458
3698 0.2834206
3699 0.6245779
3700 0.7469681
3701 0.8734133
3702 0.5601261
3703 0.7927822
3704 0.5076815
3705 0.002052437
3706 0.8362835
3707 0.6698893
3708 0.8466893
3709 0.8968602
3710 0.9077521
3711 0.1559471
3712 0.3907152
3713 0.5574198
3714 0.7381706
3715 0.4014752
3716 0.6262914
3717 0.5957574
3718 0.7743074
3719 0.9875746
3720 0.5777604
3721 0.7874933
3722 0.520183
3723 0.808702
3724 0.3851462
3725 0.9358762
3726 0.8665167
3727 0.3239174
3728 0.5609328
3729 0.7736286
3730 0.1254156
3731 0.9367501
3732 0.9893157
3733 0.352903
3734 0.9741526
3735 0.8582931
3736 0.6390439
3737 0.8304499
3738 0.8479619
3739 0.7583988
3740 0.6596423
3741 0.1024218
3742 0.06514098
3743 0.1045034
3744 0.1073491
3745 0.7436783
3746 0.7562132
3747 0.6973492
3748 0.3182351
3749 0.3425939
3750 0.1016568
3751 0.6903402
3752 0.1979847
3753 0.5880779
3754 0.9754977
3755 0.9203031
3756 0.909135
3757 0.5171589
3758 0.3390077
3759 0.6244348
3760 0.9571387
3761 0.4311641
3762 0.4910051
3763 0.3968026
3764 0.7625692
3765 0.3367234
3766 0.2782913
3767 0.5401007
3768 0.6950516
3769 0.304157
3770 0.7936114
3771 0.2495367
3772 0.6664612
3773 0.5379041
3774 0.940226
3775 0.3357549
3776 0.5700695
3777 0.466208
3778 0.6305235
3779 0.1709783
3780 0.3266006
3781 0.7281331
3782 0.338302
3783 0.2382806
3784 0.8474377
3785 0.8461107
3786 0.3965658
3787 0.7430686
3788 0.5417082
3789 0.3229886
3790 0.6173577
3791 0.1032919
3792 0.7256045
3793 0.767956
3794 0.9266028
3795 0.3777212
3796 0.04833732
3797 0.8783033
3798 0.3456115
3799 0.1216802
3800 0.6301294
3801 0.9698586
3802 0.5009681
3803 0.7170913
3804 0.2483604
3805 0.4212116
3806 0.1676623
3807 0.641246
3808 0.6204852
3809 0.6940052
3810 0.3463116
3811 0.8631821
3812 0.8578068
3813 0.5412036
3814 0.9097011
3815 0.5277813
3816 0.5412285
3817 0.7774572
3818 0.5728486
3819 0.4515348
3820 0.7709422
3821 0.3891138
3822 0.8873093
3823 0.6512291
3824 0.612559
3825 0.4347158
3826 0.3097325
3827 0.3303217
3828 0.9929381
3829 0.1394037
3830 0.1347161
3831 0.5550981
3832 0.05573236
3833 0.5503778
3834 0.2410388
3835 0.826455
3836 0.6366423
3837 0.7573241
3838 0.06642456
3839 0.1612665
3840 0.4481328
3841 0.0263212
3842 0.7861595
3843 0.5069396
3844 0.9796784
3845 0.4678527
3846 0.7988119
3847 0.5186561
3848 0.8334534
3849 0.5920543
3850 0.7216698
3851 0.1640616
3852 0.9485541
3853 0.2983395
3854 0.3760162
3855 0.8156321
3856 0.9697097
3857 0.9891747
3858 0.3983299
3859 0.8878857
3860 0.2106782
3861 0.4359427
3862 0.957781
3863 0.3632411
3864 0.9250824
3865 0.6301104
3866 0.2835991
3867 0.6213092
3868 0.4322243
3869 0.3659704
3870 0.854244
3871 0.7069309
3872 0.6694302
3873 0.6586471
3874 0.3302857
3875 0.2886171
3876 0.770164
3877 0.1158484
3878 0.3977676
3879 0.9940197
3880 0.4951516
3881 0.7941014
3882 0.1682921
3883 0.9031641
3884 0.459695
3885 0.3657336
3886 0.6081797
3887 0.2560465
3888 0.8683663
3889 0.7318613
3890 0.03524517
3891 0.6338609
3892 0.01513239
3893 0.8463476
3894 0.9424799
3895 0.4065535
3896 0.6254111
3897 0.5566964
3898 0.2033477
3899 0.7202921
3900 0.8369736
3901 0.341179
3902 0.4518249
3903 0.4364314
3904 0.7895535
3905 0.1191296
3906 0.4071067
3907 0.1845838
3908 0.6458927
3909 0.5389286
3910 0.6715834
3911 0.9947932
3912 0.08966457
3913 0.5017935
3914 0.7051566
3915 0.9312031
3916 0.2297872
3917 0.7679566
3918 0.7584808
3919 0.8892184
3920 0.02740636
3921 0.8019109
3922 0.3137336
3923 0.2636207
3924 0.5028309
3925 0.942975
3926 0.9321625
3927 0.2393264
3928 0.1190243
3929 0.5524956
3930 0.2302604
3931 0.3394301
3932 0.4070965
3933 0.1675763
3934 0.8184398
3935 0.8634545
3936 0.9188237
3937 0.8348157
3938 0.456122
3939 0.4075719
3940 0.102482
3941 0.1988036
3942 0.1455956
3943 0.7374361
3944 0.9959239
3945 0.335649
3946 0.8014124
3947 0.7734558
3948 0.2715684
3949 0.4091741
3950 0.6435352
3951 0.9145659
3952 0.5381085
3953 0.6676308
3954 0.9237211
3955 0.4884865
3956 0.5555225
3957 0.4620968
3958 0.4843929
3959 0.08018938
3960 0.2897743
3961 0.6777619
3962 0.1111633
3963 0.4315877
3964 0.9256138
3965 0.2996068
3966 0.3028841
3967 0.5014965
3968 0.3450433
3969 0.1970602
3970 0.5559426
3971 0.7015636
3972 0.3068584
3973 0.9555306
3974 0.6604299
3975 0.7524053
3976 0.1713997
3977 0.4243688
3978 0.5586134
3979 0.4710804
3980 0.8337151
3981 0.6296862
3982 0.5113086
3983 0.1346421
3984 0.9300787
3985 0.4803826
3986 0.6878078
3987 0.6326387
3988 0.7801206
3989 0.5095569
3990 0.7757334
3991 0.75017
3992 0.412708
3993 0.9126347
3994 0.3995537
3995 0.9763235
3996 0.5996111
3997 0.3718775
3998 0.6051826
3999 0.7920127
4000 0.6610476
4001 0.5416358
4002 0.2260532
4003 0.7616709
4004 0.8888494
4005 0.4328017
4006 0.7494263
4007 0.9822153
4008 0.4606741
4009 0.4015842
4010 0.3054133
4011 0.7714136
4012 0.3248412
4013 0.8031188
4014 0.3989195
4015 0.4055778
4016 0.9585034
4017 0.7817191
4018 0.02042898
4019 0.7843199
4020 0.0999264
4021 0.8366678
4022 0.9050668
4023 0.1757364
4024 0.2551232
4025 0.5184248
4026 0.5766797
4027 0.56011
4028 0.5179709
4029 0.3017769
4030 0.9167991
4031 0.4906005
4032 0.6717968
4033 0.757176
4034 0.8142533
4035 0.2762904
4036 0.9381986
4037 0.3504555
4038 0.8873082
4039 0.3704684
4040 0.6363526
4041 0.07392627
4042 0.8278146
4043 0.1020855
4044 0.2464503
4045 0.958517
4046 0.7973337
4047 0.5042901
4048 0.1747841
4049 0.7980464
4050 0.1709108
4051 0.517822
4052 0.5211867
4053 0.483704
4054 0.6240461
4055 0.7510315
4056 0.9728055
4057 0.5476279
4058 0.6269442
4059 0.6708084
4060 0.344338
4061 0.4706532
4062 0.09440115
4063 0.9183085
4064 0.9930609
4065 0.6401118
4066 0.3826598
4067 0.1142461
4068 0.8394666
4069 0.3273616
4070 0.5105152
4071 0.367873
4072 0.1507443
4073 0.7412137
4074 0.4533392
4075 0.4559196
4076 0.9407881
4077 0.7404073
4078 0.9720826
4079 0.8030864
4080 0.4731178
4081 0.7439689
4082 0.3112536
4083 0.6709042
4084 0.03051565
4085 0.4048943
4086 0.8275046
4087 0.6078991
4088 0.5214423
4089 0.9557328
4090 0.08974983
4091 0.8891641
4092 0.6282247
4093 0.9111977
4094 0.5557796
4095 0.2430288
4096 0.3824161
4097 0.6358797
4098 0.527959
4099 0.5357163
4100 0.9023501
4101 0.570195
4102 0.1740796
4103 0.9377868
4104 0.2030263
4105 0.2115675
4106 0.04381095
4107 0.6772737
4108 0.05235352
4109 0.4133579
4110 0.2394281
4111 0.7027724
4112 0.2920522
4113 0.5648916
4114 0.675618
4115 0.2983769
4116 0.5667215
4117 0.8253831
4118 0.605893
4119 0.3453569
4120 0.2866592
4121 0.8793218
4122 0.4617766
4123 0.7281429
4124 0.09665298
4125 0.2193639
4126 0.1472271
4127 0.3803218
4128 0.6818449
4129 0.952833
4130 0.196101
4131 0.8414527
4132 0.6084373
4133 0.8597037
4134 0.8448876
4135 0.7648954
4136 0.4880872
4137 0.9300298
4138 0.1964645
4139 0.4360145
4140 0.8586949
4141 0.8547763
4142 0.8317276
4143 0.8016345
4144 0.7931036
4145 0.5412568
4146 0.1243976
4147 0.04779991
4148 0.6967185
4149 0.4373159
4150 0.3192637
4151 0.6525033
4152 0.4194098
4153 0.2813147
4154 0.9541202
4155 0.3869561
4156 0.763702
4157 0.2875075
4158 0.711557
4159 0.645583
4160 0.5998085
4161 0.6617105
4162 0.2860315
4163 0.8224867
4164 0.4331096
4165 0.2561132
4166 0.7169295
4167 0.878804
4168 0.1448223
4169 0.1882002
4170 0.1073282
4171 0.5518011
4172 0.9996477
4173 0.2933873
4174 0.7453949
4175 0.607119
4176 0.4342951
4177 0.2970419
4178 0.2953248
4179 0.8498672
4180 0.1569021
4181 0.4055138
4182 0.412751
4183 0.9660128
4184 0.7530995
4185 0.5155307
4186 0.9707351
4187 0.8966169
4188 0.7657434
4189 0.9920872
4190 0.8639445
4191 0.6826984
4192 0.8742959
4193 0.8115245
4194 0.8062347
4195 0.2913648
4196 0.9135055
4197 0.8197864
4198 0.8370728
4199 0.1248445
4200 0.7001017
4201 0.4683628
4202 0.8265502
4203 0.4432264
4204 0.08897966
4205 0.3366075
4206 0.9668597
4207 0.6702821
4208 0.452926
4209 0.8551558
4210 0.5557755
4211 0.7231435
4212 0.2722232
4213 0.902728
4214 0.5241468
4215 0.3479802
4216 0.1717298
4217 0.0225439
4218 0.9694162
4219 0.6859832
4220 0.7502272
4221 0.7307214
4222 0.8082557
4223 0.7818749
4224 0.4417776
4225 0.1793317
4226 0.1554682
4227 0.07141977
4228 0.1199988
4229 0.894819
4230 0.1155784
4231 0.7590983
4232 0.8366172
4233 0.5489004
4234 0.6654762
4235 0.2625044
4236 0.4782002
4237 0.2415957
4238 0.7054501
4239 0.04618728
4240 0.074794
4241 0.05660875
4242 0.6472516
4243 0.09221096
4244 0.5988991
4245 0.9602784
4246 0.08415011
4247 0.4033971
4248 0.8471106
4249 0.8418345
4250 0.1608296
4251 0.5758302
4252 0.6030923
4253 0.09850821
4254 0.8002748
4255 0.1952964
4256 0.8432253
4257 0.4794015
4258 0.4829867
4259 0.9347732
4260 0.2674058
4261 0.7436958
4262 0.9228565
4263 0.9872822
4264 0.4190482
4265 0.7214532
4266 0.6072876
4267 0.6644267
4268 0.7461302
4269 0.5684325
4270 0.7370212
4271 0.897873
4272 0.6486624
4273 0.803958
4274 0.5710593
4275 0.4350472
4276 0.1489014
4277 0.4140266
4278 0.02022569
4279 0.7711249
4280 0.4180026
4281 0.4805234
4282 0.626463
4283 0.6001351
4284 0.5553887
4285 0.7818881
4286 0.5932866
4287 0.6642845
4288 0.4474856
4289 0.3210436
4290 0.3722886
4291 0.09607866
4292 0.4396263
4293 0.3602766
4294 0.4639047
4295 0.5673505
4296 0.9458136
4297 0.8390772
4298 0.4580803
4299 0.9938104
4300 0.1136711
4301 0.7667368
4302 0.04654111
4303 0.421888
4304 0.8053731
4305 0.3413498
4306 0.8646257
4307 0.553127
4308 0.497706
4309 0.9827785
4310 0.1656426
4311 0.6181122
4312 0.3336812
4313 0.2767325
4314 0.3378935
4315 0.9841133
4316 0.5826425
4317 0.9388186
4318 0.5886713
4319 0.1320848
4320 0.4026104
4321 0.1911286
4322 0.805424
4323 0.2108658
4324 0.4569808
4325 0.1709181
4326 0.4255317
4327 0.6318403
4328 0.3081328
4329 0.2783099
4330 0.2930964
4331 0.7133076
4332 0.4361686
4333 0.9255055
4334 0.1858558
4335 0.8055175
4336 0.3969089
4337 0.1916925
4338 0.8725853
4339 0.3534584
4340 0.3745637
4341 0.2375866
4342 0.8867847
4343 0.2812298
4344 0.6840606
4345 0.6787938
4346 0.8576461
4347 0.8047943
4348 0.7044499
4349 0.704343
4350 0.8890865
4351 0.07240401
4352 0.6684378
4353 0.6236483
4354 0.029391
4355 0.9910797
4356 0.9202218
4357 0.4409684
4358 0.01207278
4359 0.01276268
4360 0.7318213
4361 0.2865002
4362 0.2319858
4363 0.8817556
4364 0.5336737
4365 0.4679819
4366 0.2366242
4367 0.6294851
4368 0.3079108
4369 0.5826134
4370 0.286865
4371 0.7574148
4372 0.3831374
4373 0.1673922
4374 0.814529
4375 0.6812485
4376 0.5431334
4377 0.7242313
4378 0.7413365
4379 0.3915697
4380 0.7644576
4381 0.4427417
4382 0.4082082
4383 0.8257427
4384 0.2123946
4385 0.9231788
4386 0.9819116
4387 0.9335911
4388 0.8014292
4389 0.1861739
4390 0.231017
4391 0.6510641
4392 0.4748306
4393 0.7000745
4394 0.1330671
4395 0.7918944
4396 0.4405111
4397 0.5643938
4398 0.1675892
4399 0.4706656
4400 0.9938224
4401 0.9776637
4402 0.650616
4403 0.6080652
4404 0.4655459
4405 0.9602278
4406 0.3350986
4407 0.8445791
4408 0.2100866
4409 0.6244899
4410 0.4612457
4411 0.1234414
4412 0.2530156
4413 0.8832023
4414 0.2206497
4415 0.6641908
4416 0.08681654
4417 0.9454444
4418 0.9600485
4419 0.4539795
4420 0.6581002
4421 0.1195735
4422 0.06549714
4423 0.7452612
4424 0.2938161
4425 0.1284036
4426 0.5867821
4427 0.4174969
4428 0.4997939
4429 0.8475068
4430 0.3474564
4431 0.04330235
4432 0.8470349
4433 0.259106
4434 0.7837644
4435 0.3680289
4436 0.1767718
4437 0.6373723
4438 0.1183267
4439 0.7438166
4440 0.4596415
4441 0.3374625
4442 0.8315896
4443 0.07718262
4444 0.104379
4445 0.2549419
4446 0.4964029
4447 0.3833277
4448 0.7629528
4449 0.9598305
4450 0.6158241
4451 0.8932334
4452 0.6903803
4453 0.895344
4454 0.1612941
4455 0.3377721
4456 0.6229434
4457 0.5218293
4458 0.5591637
4459 0.3564642
4460 0.4866093
4461 0.9308961
4462 0.8026964
4463 0.768149
4464 0.9800147
4465 0.6688837
4466 0.3801369
4467 0.939418
4468 0.4574586
4469 0.5443029
4470 0.3346525
4471 0.7363041
4472 0.3415438
4473 0.651553
4474 0.9807083
4475 0.3354293
4476 0.2331023
4477 0.3881766
4478 0.7029396
4479 0.8786252
4480 0.6362988
4481 0.8967847
4482 0.09921454
4483 0.7896045
4484 0.8312265
4485 0.5507539
4486 0.0865714
4487 0.3453022
4488 0.8554497
4489 0.1532065
4490 0.6438183
4491 0.8780267
4492 0.4328418
4493 0.1631734
4494 0.09998221
4495 0.8659683
4496 0.742038
4497 0.1864272
4498 0.6694942
4499 0.8280435
4500 0.686087
4501 0.8982921
4502 0.4152523
4503 0.9080973
4504 0.4496466
4505 0.700806
4506 0.1423762
4507 0.4495792
4508 0.6841862
4509 0.6646088
4510 0.4247297
4511 0.2102115
4512 0.1634104
4513 0.6163594
4514 0.06353274
4515 0.5768441
4516 0.532625
4517 0.1595069
4518 0.4987933
4519 0.2382368
4520 0.5795718
4521 0.6172755
4522 0.4886072
4523 0.3331663
4524 0.3678933
4525 0.7148366
4526 0.6951238
4527 0.5795503
4528 0.4594665
4529 0.5970606
4530 0.8455826
4531 0.947342
4532 0.5560708
4533 0.7609538
4534 0.6960266
4535 0.7572697
4536 0.6866234
4537 0.9548942
4538 0.8567888
4539 0.3196847
4540 0.7732847
4541 0.4776705
4542 0.6131025
4543 0.6442795
4544 0.7020334
4545 0.4123507
4546 0.1575662
4547 0.8804667
4548 0.589242
4549 0.8386901
4550 0.1819729
4551 0.602663
4552 0.3976896
4553 0.5573339
4554 0.3343645
4555 0.9534102
4556 0.1443489
4557 0.9796135
4558 0.145787
4559 0.3645667
4560 0.5127285
4561 0.4748262
4562 0.419233
4563 0.8335535
4564 0.3605475
4565 0.07191717
4566 0.5220544
4567 0.02265515
4568 0.845884
4569 0.7784955
4570 0.6712637
4571 0.8956468
4572 0.4291568
4573 0.7852045
4574 0.01565575
4575 0.8189967
4576 0.01316664
4577 0.3640261
4578 0.7622844
4579 0.2329558
4580 0.2329707
4581 0.5515316
4582 0.9332066
4583 0.9481029
4584 0.911223
4585 0.6947543
4586 0.1053373
4587 0.3527424
4588 0.9146643
4589 0.8911403
4590 0.0147851
4591 0.1690791
4592 0.5565191
4593 0.758931
4594 0.7483586
4595 0.9111391
4596 0.9934031
4597 0.602868
4598 0.4511304
4599 0.179855
4600 0.004060784
4601 0.914849
4602 0.8741799
4603 0.6235265
4604 0.1749951
4605 0.6185361
4606 0.5909873
4607 0.3153399
4608 0.9963869
4609 0.0695781
4610 0.869925
4611 0.8525971
4612 0.3669258
4613 0.5157065
4614 0.3685555
4615 0.8822856
4616 0.1967114
4617 0.5308964
4618 0.7000155
4619 0.3188174
4620 0.5384026
4621 0.6736004
4622 0.5126368
4623 0.8609914
4624 0.1878224
4625 0.8068064
4626 0.503759
4627 0.7874527
4628 0.5491102
4629 0.4345099
4630 0.6471665
4631 0.8798631
4632 0.5685839
4633 0.8866877
4634 0.115778
4635 0.7957617
4636 0.01222566
4637 0.9606296
4638 0.5655191
4639 0.9278904
4640 0.06247943
4641 0.9466446
4642 0.4625919
4643 0.8040519
4644 0.6741157
4645 0.3748476
4646 0.07660846
4647 0.2574866
4648 0.04860171
4649 0.1322202
4650 0.5102701
4651 0.9769703
4652 0.7785866
4653 0.7675809
4654 0.2655825
4655 0.05130422
4656 0.9391987
4657 0.6346601
4658 0.9855676
4659 0.5530082
4660 0.1641387
4661 0.3909511
4662 0.8202608
4663 0.6866168
4664 0.6162926
4665 0.5658489
4666 0.4352678
4667 0.3097259
4668 0.5884814
4669 0.4619125
4670 0.4710657
4671 0.7089617
4672 0.3051309
4673 0.7080219
4674 0.8695108
4675 0.7178002
4676 0.7907217
4677 0.6332669
4678 0.7462912
4679 0.5541705
4680 0.5383784
4681 0.8910158
4682 0.1349176
4683 0.5739642
4684 0.1467511
4685 0.9013166
4686 0.99837
4687 0.4153821
4688 0.7650588
4689 0.4101735
4690 0.6291686
4691 0.8357554
4692 0.4576215
4693 0.1802663
4694 0.348776
4695 0.2988897
4696 0.4103964
4697 0.4929168
4698 0.4408672
4699 0.3713445
4700 0.5367045
4701 0.9404698
4702 0.5261622
4703 0.6143344
4704 0.5835192
4705 0.07381709
4706 0.6824748
4707 0.6704699
4708 0.6427553
4709 0.8695894
4710 0.9132774
4711 0.7044518
4712 0.6368155
4713 0.8450376
4714 0.5607192
4715 0.3425276
4716 0.8123421
4717 0.9960817
4718 0.6208472
4719 0.3543055
4720 0.2020945
4721 0.3561066
4722 0.6143606
4723 0.5369935
4724 0.8632287
4725 0.6065634
4726 0.03806982
4727 0.7592208
4728 0.2631089
4729 0.9153868
4730 0.6125181
4731 0.9649117
4732 0.5848309
4733 0.026182
4734 0.72652
4735 0.9210671
4736 0.3405808
4737 0.002930538
4738 0.04694877
4739 0.9897697
4740 0.03268439
4741 0.4659912
4742 0.5230813
4743 0.3593572
4744 0.9743541
4745 0.5735852
4746 0.5310683
4747 0.1880288
4748 0.6694153
4749 0.8745744
4750 0.04782427
4751 0.7060404
4752 0.2829586
4753 0.7654364
4754 0.7548812
4755 0.8747418
4756 0.8426999
4757 0.7703561
4758 0.5749359
4759 0.5851648
4760 0.3588291
4761 0.9967167
4762 0.1422555
4763 0.7540735
4764 0.3894503
4765 0.07165861
4766 0.1918281
4767 0.9962967
4768 0.1167156
4769 0.5408122
4770 0.2525372
4771 0.5964358
4772 0.1192082
4773 0.2550774
4774 0.6483849
4775 0.572389
4776 0.8521709
4777 0.8975547
4778 0.1663923
4779 0.5975264
4780 0.4262848
4781 0.1606965
4782 0.5465196
4783 0.906553
4784 0.6136571
4785 0.8415533
4786 0.7050562
4787 0.07785184
4788 0.8329223
4789 0.8414253
4790 0.6123223
4791 0.8980174
4792 0.5298291
4793 0.373994
4794 0.6011478
4795 0.8197523
4796 0.8306431
4797 0.1497196
4798 0.8751271
4799 0.6007733
4800 0.8622984
4801 0.3967383
4802 0.9806775
4803 0.7743798
4804 0.5376836
4805 0.6210697
4806 0.7853688
4807 0.4656706
4808 0.4444323
4809 0.6414242
4810 0.5619248
4811 0.3237581
4812 0.02378808
4813 0.3067944
4814 0.04802953
4815 0.948792
4816 0.1520687
4817 0.3996541
4818 0.2622625
4819 0.823701
4820 0.9789695
4821 0.9191326
4822 0.7370047
4823 0.2789246
4824 0.1899188
4825 0.6310818
4826 0.0603094
4827 0.164439
4828 0.3071686
4829 0.3105917
4830 0.2206223
4831 0.9753217
4832 0.784912
4833 0.6351
4834 0.4675926
4835 0.5650212
4836 0.85342
4837 0.7436745
4838 0.1684031
4839 0.9115173
4840 0.8241016
4841 0.5876275
4842 0.7959023
4843 0.05688645
4844 0.8645969
4845 0.8358586
4846 0.8662073
4847 0.8378198
4848 0.8180029
4849 0.8466487
4850 0.2688434
4851 0.5018935
4852 0.2391867
4853 0.4682187
4854 0.8846473
4855 0.7722047
4856 0.5327001
4857 0.2009294
4858 0.5093541
4859 0.6280488
4860 0.3322317
4861 0.8987318
4862 0.4070514
4863 0.2624614
4864 0.6204323
4865 0.7863521
4866 0.3336339
4867 0.9021937
4868 0.4478492
4869 0.972709
4870 0.1558312
4871 0.2878404
4872 0.8890027
4873 0.2671566
4874 0.5388171
4875 0.7966044
4876 0.6070691
4877 0.04578915
4878 0.9960873
4879 0.4030536
4880 0.7035327
4881 0.4138187
4882 0.3939394
4883 0.1653941
4884 0.6327851
4885 0.167393
4886 0.420429
4887 0.4567957
4888 0.9677219
4889 0.518817
4890 0.8724602
4891 0.3358188
4892 0.6628078
4893 0.354915
4894 0.5000455
4895 0.2833097
4896 0.7732026
4897 0.70294
4898 0.3164813
4899 0.6478924
4900 0.4842261
4901 0.6105274
4902 0.6654078
4903 0.6548606
4904 0.9128233
4905 0.3479146
4906 0.8424595
4907 0.4883003
4908 0.6520448
4909 0.3993659
4910 0.04798199
4911 0.47237
4912 0.241427
4913 0.1689396
4914 0.02515482
4915 0.9056766
4916 0.3615291
4917 0.28796
4918 0.0203326
4919 0.3995654
4920 0.7868057
4921 0.9851419
4922 0.5435594
4923 0.03528948
4924 0.9022324
4925 0.2132187
4926 0.4189152
4927 0.4916505
4928 0.7761985
4929 0.2808502
4930 0.9991225
4931 0.3499059
4932 0.8825796
4933 0.2983842
4934 0.4411938
4935 0.6941044
4936 0.7670318
4937 0.7261764
4938 0.4437612
4939 0.9849594
4940 0.3380528
4941 0.3922365
4942 0.1241965
4943 0.7913977
4944 0.9245566
4945 0.5793343
4946 0.1240819
4947 0.7890199
4948 0.4798152
4949 0.2139931
4950 0.9695086
4951 0.4648912
4952 0.03372548
4953 0.7982192
4954 0.4616224
4955 0.1223091
4956 0.4017405
4957 0.3121567
4958 0.8160584
4959 0.4686459
4960 0.9959304
4961 0.4855869
4962 0.5928476
4963 0.1843429
4964 0.1584174
4965 0.8946493
4966 0.3609398
4967 0.8783097
4968 0.3969527
4969 0.1422301
4970 0.1023368
4971 0.3030853
4972 0.07670555
4973 0.7045607
4974 0.6736047
4975 0.8242761
4976 0.743339
4977 0.5711125
4978 0.6630702
4979 0.5186361
4980 0.6639892
4981 0.6906931
4982 0.5122023
4983 0.3838234
4984 0.8912082
4985 0.7002975
4986 0.6180246
4987 0.9232615
4988 0.8440946
4989 0.2066045
4990 0.7473944
4991 0.9542633
4992 0.5743668
4993 0.8694947
4994 0.6699595
4995 0.6125489
4996 0.6139856
4997 0.9462747
4998 0.4622752
4999 0.83799
5000 0.118783
