1 0.9732399
2 0.0001988137
3 0.0001390538
4 0.007198491
5 4.283979e-06
6 0.0001717025
7 0.4606359
8 0.000328111
9 0.2425159
10 1.933096e-05
11 3.203895e-05
12 0.0005173251
13 3.240993e-06
14 5.625987e-06
15 0.003532607
16 0.2488238
17 0.0004087738
18 4.608581e-05
19 3.421711e-05
20 2.100536e-05
21 3.700932e-05
22 0.0001121657
23 0.02676048
24 4.45955e-06
25 0.0003862662
26 0.0002358167
27 2.367761e-05
28 1.060814e-05
29 0.0005588216
30 5.939285e-05
31 2.750882e-05
32 5.912441e-06
33 0.0100524
34 0.0007036349
35 0.9507994
36 0.08761603
37 0.0002488151
38 0.4510322
39 0.0001268386
40 0.07526527
41 0.04000999
42 0.0008580653
43 0.08095154
44 0.0006829452
45 0.0004746369
46 0.0002425427
47 0.03419407
48 4.420238e-06
49 1.204219e-05
50 0.002077042
51 0.006163573
52 0.001560426
53 0.0003458545
54 0.8081317
55 0.001026969
56 0.0002722988
57 0.002357871
58 0.0592996
59 0.812482
60 0.0003144121
61 0.001511701
62 1.139272e-05
63 0.00351928
64 0.1720806
65 5.308756e-06
66 0.04258472
67 4.053403e-05
68 0.000182024
69 1.396322e-06
70 0.142701
71 1.602971e-05
72 0.0002705632
73 0.3128491
74 7.687898e-06
75 1.769585e-05
76 0.8475001
77 2.700592e-05
78 8.873726e-06
79 0.0003420064
80 0.001712231
81 2.072518e-06
82 4.120833e-05
83 0.01845387
84 9.112696e-06
85 0.000956413
86 7.46984e-06
87 3.878461e-06
88 0.01042666
89 3.428275e-05
90 0.001174471
91 6.277565e-05
92 0.0001260189
93 0.002276718
94 7.327448e-07
95 1.245492e-06
96 0.7717167
97 0.06579492
98 0.06677898
99 0.00028591
100 0.0004445982
101 2.315344e-05
102 1.607257e-05
103 0.401467
104 0.02503605
105 4.190157e-05
106 7.761923e-05
107 5.01306e-06
108 0.001134298
109 0.0001523168
110 0.03026775
111 3.113582e-05
112 0.00166371
113 9.401487e-06
114 0.07078447
115 0.02828129
116 0.0001839711
117 0.0002294071
118 0.0004624215
119 0.000476441
120 0.001543667
121 0.2081698
122 1.267876e-05
123 0.0001959026
124 0.3046791
125 0.0004746698
126 0.001466516
127 0.03647585
128 3.81152e-06
129 0.6546166
130 1.412878e-05
131 0.0526042
132 3.43021e-05
133 0.002768189
134 4.393692e-05
135 0.1178567
136 0.0001472989
137 0.00111022
138 0.1586674
139 0.03561674
140 2.129106e-05
141 0.0001469829
142 2.534799e-05
143 1.02421e-05
144 0.01210716
145 0.0001529919
146 0.0002457792
147 0.0001250646
148 0.0001960738
149 0.01153213
150 2.15177e-05
151 0.0001537804
152 3.119461e-05
153 0.000647352
154 8.429545e-06
155 2.589131e-06
156 1.394177e-05
157 1.000146e-05
158 2.750314e-06
159 2.138405e-05
160 0.09258793
161 0.0004150874
162 0.0004063475
163 0.05876362
164 0.004056562
165 0.0007194704
166 0.008628411
167 0.007354669
168 9.822236e-07
169 1.52921e-06
170 2.387511e-05
171 0.0003401266
172 0.0002923052
173 0.0002545903
174 0.0001420063
175 1.091825e-05
176 0.0002838051
177 0.001371675
178 2.53162e-06
179 0.9337662
180 0.1457271
181 1.125247e-05
182 0.001485507
183 1.695443e-05
184 5.971577e-06
185 0.0001225623
186 0.0005539522
187 0.00232928
188 2.911721e-05
189 0.07099074
190 0.000854064
191 3.511295e-05
192 1.540555e-05
193 0.02511047
194 0.0001912338
195 4.351846e-06
196 0.001366404
197 1.268236e-05
198 7.5817e-06
199 1.016823e-05
200 0.0004340667
201 0.01489658
202 1.661057e-05
203 2.546187e-05
204 0.0009054845
205 7.851965e-05
206 0.6492537
207 1.991441e-05
208 0.0002302197
209 0.006853036
210 0.0006297643
211 0.5984897
212 0.0004481549
213 0.0001772137
214 2.940818e-05
215 0.0004383951
216 0.01039257
217 2.833947e-05
218 6.231328e-06
219 0.03519971
220 0.0002032596
221 0.00044506
222 0.004947663
223 5.853339e-05
224 0.04926996
225 0.000353073
226 0.01118747
227 5.449109e-05
228 1.169903e-05
229 0.0003390552
230 1.136954e-05
231 0.01080005
232 0.8692007
233 1.536635e-05
234 8.609043e-06
235 1.273131e-05
236 1.111679e-05
237 0.001040914
238 9.930851e-05
239 0.000134588
240 4.630267e-06
241 0.0001043577
242 0.0001522397
243 0.02540254
244 0.0006146957
245 0.0002584439
246 2.311902e-05
247 3.829251e-06
248 0.0001397855
249 1.828212e-05
250 0.8921566
251 0.0004949743
252 1.663326e-05
253 0.0002224091
254 0.0005531196
255 5.892591e-05
256 0.0001643464
257 2.503383e-06
258 0.01206882
259 0.0005289766
260 0.00145504
261 8.576574e-06
262 0.0001196614
263 0.006323223
264 0.0001486588
265 1.833052e-05
266 8.079861e-05
267 0.02062514
268 3.922049e-06
269 1.836576e-05
270 4.316806e-05
271 0.0001464546
272 7.521641e-06
273 2.375652e-05
274 0.01682837
275 0.003613648
276 0.826016
277 0.03467005
278 0.1508656
279 1.322822e-05
280 9.568738e-06
281 1.521256e-05
282 0.008922648
283 0.0001082132
284 0.0002698486
285 0.000178527
286 0.0001725407
287 0.4979625
288 0.0001929022
289 0.0006790412
290 0.002965975
291 0.0002370252
292 0.0001969329
293 2.344426e-05
294 0.01249987
295 0.01154698
296 6.73681e-05
297 0.04249702
298 1.182498e-06
299 1.276516e-05
300 0.05517438
301 0.03112567
302 0.0001296631
303 5.101496e-06
304 0.0001689008
305 0.001121549
306 3.056876e-05
307 0.0123213
308 4.083512e-05
309 0.003772117
310 0.0007223673
311 7.75483e-05
312 0.1697993
313 0.0001309782
314 0.05026349
315 0.3076446
316 0.02274216
317 0.01471406
318 0.004768425
319 4.185446e-06
320 0.001411483
321 0.0001244684
322 0.0004854936
323 0.0006072446
324 3.818558e-05
325 0.0002102122
326 6.37371e-05
327 0.07214281
328 0.4539821
329 7.951382e-05
330 9.139231e-06
331 1.537622e-05
332 0.001259684
333 0.002959686
334 5.984926e-05
335 0.09133046
336 0.0004883104
337 0.0002360377
338 0.003213311
339 6.070989e-05
340 0.148525
341 0.002537145
342 0.02998952
343 0.114298
344 2.362779e-05
345 3.682931e-05
346 0.0002491498
347 0.00282256
348 5.605903e-05
349 1.382316e-05
350 0.002533115
351 1.339477e-05
352 2.003866e-05
353 6.579621e-07
354 0.0006758292
355 9.254637e-06
356 0.9466848
357 0.0002235979
358 7.935438e-06
359 0.00023746
360 1.923991e-05
361 0.03090228
362 0.0001143605
363 0.03449048
364 0.0004782456
365 1.689194e-05
366 1.989346e-06
367 0.0001636422
368 0.07536829
369 0.003459085
370 0.006874786
371 0.005116453
372 6.944733e-06
373 0.00149865
374 0.01957387
375 2.154016e-05
376 0.0003325764
377 2.852479e-05
378 2.045848e-06
379 0.0001916527
380 0.00587187
381 0.02196284
382 7.415568e-06
383 1.475609e-05
384 2.328307e-05
385 0.009922982
386 0.002541849
387 5.37787e-06
388 0.0003017469
389 0.0008992143
390 0.0001307509
391 0.0001747281
392 0.3896705
393 2.350047e-05
394 7.26604e-06
395 0.004248985
396 0.002391565
397 0.0001281719
398 6.972576e-06
399 0.000285738
400 0.002658668
401 7.063495e-06
402 0.286837
403 7.389932e-06
404 6.93847e-06
405 7.849644e-06
406 0.3999073
407 0.0003823929
408 1.861334e-05
409 0.06510395
410 0.0002649623
411 5.089791e-05
412 0.01202582
413 0.0006415101
414 0.3936591
415 0.01906494
416 0.0001102586
417 1.811836e-05
418 0.00103612
419 1.409115e-05
420 3.452496e-06
421 0.002662467
422 2.703459e-05
423 2.732675e-05
424 0.0001811028
425 0.8532746
426 2.696323e-05
427 1.863971e-05
428 0.002940994
429 1.315944e-05
430 5.404429e-05
431 1.109272e-05
432 0.0009743957
433 1.174239e-05
434 0.001275472
435 0.04730018
436 0.001922556
437 0.0004049906
438 2.945273e-07
439 0.0006810794
440 0.0007095384
441 0.9575053
442 0.02191297
443 0.000190109
444 2.993922e-05
445 0.003812626
446 1.284122e-05
447 3.800531e-05
448 1.125639e-05
449 0.1171595
450 0.1900136
451 0.0001039146
452 0.0004045866
453 0.4738442
454 1.34703e-05
455 0.238183
456 1.347863e-05
457 5.213466e-05
458 3.512286e-06
459 7.56474e-06
460 0.000168628
461 2.864058e-05
462 7.563497e-07
463 0.006969869
464 0.000123924
465 0.005512612
466 0.000395167
467 1.094593e-05
468 0.5884414
469 0.0514166
470 2.232397e-05
471 0.004844475
472 0.003385934
473 6.407729e-06
474 0.000576175
475 0.01466541
476 0.5703869
477 2.187686e-05
478 3.31499e-06
479 6.758739e-06
480 0.03608917
481 1.644799e-06
482 1.796583e-05
483 0.0002176817
484 0.1457094
485 9.509463e-06
486 2.437877e-06
487 0.0004179428
488 0.0001705953
489 0.0002453326
490 0.4550136
491 0.957826
492 8.249809e-05
493 6.582792e-05
494 2.913611e-05
495 0.0003236122
496 7.92862e-06
497 3.27507e-06
498 1.046324e-06
499 0.0007468195
500 0.3052362
501 0.0007521284
502 0.04034818
503 0.07892522
504 0.0002526363
505 0.12636
506 0.01888915
507 0.1017647
508 0.0002358645
509 7.675116e-05
510 0.04219566
511 1.413844e-05
512 0.0003586534
513 0.0005022398
514 6.993386e-05
515 0.0005926504
516 0.001080023
517 0.009695448
518 2.640615e-05
519 2.041257e-06
520 1.159689e-05
521 0.018307
522 1.517162e-05
523 7.548769e-05
524 2.375354e-06
525 1.391254e-05
526 0.004168031
527 1.108175e-05
528 0.0001496142
529 0.9288618
530 7.154841e-05
531 1.12998e-05
532 0.002131093
533 0.1219925
534 0.0005872318
535 0.003518791
536 0.000226151
537 0.0007981289
538 1.951485e-05
539 9.047526e-07
540 0.0003236572
541 0.0001051453
542 1.748367e-06
543 0.2917926
544 0.0001487014
545 0.06972983
546 1.558568e-05
547 0.1383682
548 0.004265346
549 0.1423674
550 0.0002440845
551 0.07064298
552 1.058457e-05
553 0.5861478
554 0.0001829499
555 0.6649474
556 1.012174e-05
557 0.2514835
558 0.0001778152
559 0.6409931
560 8.69016e-05
561 2.125919e-05
562 0.86343
563 1.683279e-05
564 0.0001510079
565 1.554299e-05
566 0.3208127
567 0.000454065
568 0.0001470746
569 2.06019e-06
570 0.0001450882
571 0.1970076
572 1.879337e-05
573 5.56754e-05
574 0.0001402276
575 7.059674e-06
576 0.0006842509
577 0.0005677941
578 0.004816172
579 0.5636409
580 0.002642866
581 9.639754e-05
582 0.0001282445
583 0.0005186022
584 0.0004026726
585 2.04075e-05
586 0.006898238
587 0.3920972
588 0.002699861
589 0.1085103
590 2.12486e-05
591 0.08283543
592 0.2644164
593 2.869475e-06
594 0.1918183
595 0.0001307618
596 0.000351109
597 0.05160464
598 0.0001404336
599 0.5464743
600 0.02480155
601 2.169409e-05
602 0.0002745457
603 1.832013e-05
604 5.326898e-06
605 4.232126e-06
606 1.601527e-07
607 0.8205997
608 0.001840968
609 0.05911837
610 0.004470083
611 0.01268552
612 0.0002188483
613 0.03181963
614 0.0479363
615 0.0001389352
616 0.6015269
617 1.357388e-05
618 1.597207e-06
619 5.423746e-05
620 0.0002295439
621 0.4719964
622 2.365718e-05
623 0.0679648
624 1.526219e-05
625 0.02635006
626 2.08123e-05
627 0.0002260011
628 0.001730576
629 0.0001474277
630 0.001258399
631 0.01660543
632 0.0001034071
633 0.05678411
634 0.00440324
635 0.0003934734
636 0.2476583
637 0.04174847
638 0.2823458
639 0.02476953
640 0.0002933036
641 0.09536472
642 0.02173241
643 1.550882e-05
644 0.01661066
645 3.471041e-06
646 0.001809128
647 9.107122e-06
648 0.002481043
649 7.633655e-06
650 1.65633e-05
651 0.0006865402
652 2.500178e-05
653 0.0004820397
654 0.0001845033
655 1.363781e-05
656 0.0001430399
657 0.2425842
658 0.1088491
659 0.001589206
660 1.997489e-05
661 0.0008579365
662 2.065591e-05
663 0.5830029
664 0.001991651
665 0.0005684736
666 0.007612842
667 0.0003720106
668 0.0008816704
669 6.065328e-05
670 2.37349e-05
671 0.006057822
672 0.0001759665
673 0.001833095
674 1.678069e-06
675 0.0001946532
676 1.824602e-05
677 0.2141322
678 0.05728862
679 0.0002990332
680 0.0005146177
681 0.02301712
682 0.0002170228
683 6.685935e-05
684 4.639463e-05
685 4.13645e-06
686 0.0002199621
687 0.09952489
688 0.0003748742
689 0.002143973
690 0.001370841
691 0.0005639535
692 1.202307e-05
693 0.003112721
694 0.0009122304
695 0.0004792267
696 1.218374e-05
697 4.53493e-05
698 3.498383e-05
699 0.0001096364
700 0.0002566779
701 1.32803e-05
702 8.919731e-06
703 0.08639612
704 0.06825639
705 3.589149e-05
706 3.891702e-05
707 0.05372232
708 0.0001985313
709 0.0004117441
710 0.4210232
711 4.146172e-07
712 0.0002211618
713 4.018368e-05
714 7.012415e-06
715 0.0004100944
716 0.006975682
717 0.001133896
718 0.004848572
719 0.5927608
720 0.01077209
721 0.01452128
722 0.05088322
723 0.003030768
724 0.02177688
725 0.0007387552
726 2.83794e-05
727 9.5308e-06
728 3.91313e-05
729 0.007488847
730 0.0003793099
731 0.0004496107
732 0.6543169
733 0.0002093042
734 0.04075512
735 1.150519e-05
736 0.01291896
737 0.0001692546
738 1.715259e-05
739 0.001003091
740 0.07420902
741 0.0002215126
742 1.45458e-05
743 0.07690298
744 0.02035083
745 0.01280779
746 0.001907977
747 0.02442763
748 1.813257e-05
749 0.0001081566
750 0.0003778451
751 3.795555e-06
752 6.029993e-06
753 0.001318911
754 0.009837051
755 0.01675863
756 0.002394205
757 0.0001294137
758 4.977246e-07
759 0.002271295
760 0.009812871
761 0.001442985
762 0.0007885421
763 4.84638e-05
764 0.0006989955
765 1.294453e-05
766 1.933818e-05
767 0.0004037555
768 0.0003439656
769 8.267703e-05
770 0.0004122985
771 0.0002204698
772 1.260537e-05
773 0.4315439
774 9.228041e-05
775 0.0001121766
776 1.418413e-05
777 0.05334491
778 0.006145469
779 0.0002175259
780 0.002444372
781 1.470762e-06
782 0.001422079
783 0.0007121726
784 0.5857501
785 5.444553e-05
786 0.01068351
787 3.397939e-05
788 0.01397986
789 8.686148e-06
790 8.452785e-05
791 0.008163702
792 6.035921e-05
793 2.051107e-05
794 9.30818e-05
795 0.07396486
796 4.650231e-06
797 3.000167e-05
798 0.0009065095
799 0.02480827
800 0.006021469
801 0.01249667
802 0.01208822
803 0.0004346876
804 0.0003826818
805 0.003560235
806 7.065132e-05
807 7.339823e-06
808 0.1961246
809 0.0002721823
810 0.001067466
811 0.2348469
812 7.624301e-06
813 0.001204511
814 0.00055645
815 6.654246e-06
816 0.5530084
817 0.0001772728
818 6.800454e-07
819 0.002232984
820 0.0002213409
821 0.007502764
822 0.0002950751
823 0.001136926
824 0.1367862
825 4.053425e-07
826 1.110348e-05
827 0.4930584
828 4.94386e-06
829 2.952629e-05
830 6.31878e-06
831 8.574288e-05
832 2.728329e-05
833 0.000810339
834 0.01897192
835 2.302378e-05
836 0.0003492914
837 0.004043597
838 1.275746e-05
839 4.077333e-06
840 2.533573e-06
841 2.193278e-05
842 0.001057769
843 0.9399296
844 1.2931e-05
845 0.007199952
846 0.0001228917
847 0.007750272
848 1.987623e-05
849 3.227785e-05
850 0.000380228
851 4.66635e-06
852 3.258546e-05
853 3.741455e-06
854 2.779485e-05
855 4.133223e-06
856 0.0003601058
857 3.053567e-05
858 1.809478e-05
859 0.004640984
860 0.0002311821
861 0.7733238
862 0.03201566
863 0.002753398
864 1.718094e-05
865 6.641551e-06
866 0.03343144
867 6.539777e-06
868 1.317686e-05
869 0.2095994
870 0.000626957
871 0.000187395
872 0.001567043
873 0.0002880335
874 0.05831792
875 1.268213e-05
876 0.3981453
877 0.0001936471
878 0.1347397
879 0.9533421
880 2.555684e-05
881 0.0002855127
882 0.006174105
883 4.629775e-06
884 2.951684e-06
885 0.000425901
886 0.05670746
887 9.06664e-06
888 5.141742e-06
889 0.0002311152
890 0.0001630212
891 0.000247526
892 0.1495552
893 0.0002172059
894 0.0005077412
895 0.05781515
896 0.01391021
897 0.0002545199
898 0.004944837
899 2.0838e-05
900 0.8394732
901 0.8603346
902 5.36187e-06
903 1.485059e-05
904 0.006461263
905 0.005829639
906 1.10696e-05
907 4.926393e-05
908 1.233341e-05
909 0.002620537
910 0.07424535
911 0.0005124491
912 0.01642295
913 0.1558284
914 3.419029e-07
915 0.07429689
916 4.184445e-06
917 0.0005421816
918 8.282911e-06
919 1.189463e-05
920 0.01157206
921 0.8725063
922 0.1900579
923 0.003395578
924 0.7659169
925 2.187838e-05
926 0.0004431879
927 0.01294486
928 0.01411153
929 0.001985642
930 0.08985349
931 0.008628072
932 0.002318016
933 0.0006727279
934 0.02046643
935 6.335303e-05
936 0.0004352017
937 3.211176e-05
938 0.0006811301
939 0.02675186
940 0.0003758352
941 4.558871e-06
942 1.977347e-06
943 0.1104953
944 1.796681e-05
945 0.01346118
946 0.1480537
947 0.0003037133
948 0.1985661
949 0.0007915285
950 0.001379417
951 0.0005652636
952 0.0002523658
953 7.190004e-05
954 0.0001924642
955 1.476569e-05
956 3.721617e-05
957 5.747703e-06
958 7.513534e-06
959 0.001028976
960 5.933578e-06
961 1.957044e-06
962 0.0001212618
963 2.555916e-06
964 0.8887752
965 8.080344e-05
966 0.009795874
967 0.001144911
968 0.0001331234
969 2.867758e-05
970 9.904746e-05
971 2.193053e-05
972 9.205794e-06
973 0.09236055
974 1.175841e-05
975 0.03609866
976 0.010123
977 0.001277659
978 0.0026786
979 0.2552117
980 0.005348606
981 0.00103316
982 0.0003834747
983 8.725952e-05
984 0.0001250603
985 0.0005265715
986 0.0002353478
987 0.003591638
988 1.545606e-06
989 0.6836449
990 1.957543e-06
991 0.003025046
992 0.01163698
993 0.000301885
994 0.0001188295
995 7.341694e-06
996 0.0003998073
997 0.000209417
998 2.502935e-05
999 0.06716069
1000 0.0006427837
1001 8.017094e-07
1002 0.0001629711
1003 0.3070963
1004 0.4585367
1005 0.0119142
1006 0.0003664369
1007 6.428854e-05
1008 0.001453729
1009 0.0002705538
1010 0.00702317
1011 0.6031274
1012 0.0003152163
1013 0.003219144
1014 0.0006665437
1015 0.0002221775
1016 0.5269993
1017 0.01416489
1018 0.003444148
1019 0.002937945
1020 0.01325414
1021 0.0001609426
1022 0.8126602
1023 0.002155927
1024 0.0002472038
1025 0.02139341
1026 0.9464138
1027 2.819567e-05
1028 0.0006059351
1029 0.003487853
1030 7.446441e-06
1031 0.07101761
1032 1.966483e-05
1033 3.279881e-06
1034 0.008611391
1035 0.0001934151
1036 0.0002825453
1037 4.011173e-05
1038 2.226562e-05
1039 0.000172034
1040 2.578412e-05
1041 2.400761e-05
1042 0.06164726
1043 0.002929042
1044 2.15404e-05
1045 0.0001235178
1046 0.0003592225
1047 3.817967e-05
1048 0.000287606
1049 3.846651e-06
1050 4.182175e-06
1051 0.0001732391
1052 0.003735545
1053 2.642909e-05
1054 0.003443407
1055 3.625479e-06
1056 0.001717664
1057 0.000233127
1058 7.75792e-05
1059 8.393152e-06
1060 0.001485053
1061 0.2397143
1062 0.003969501
1063 0.001643589
1064 0.0005633638
1065 0.001701765
1066 5.285597e-06
1067 2.575747e-05
1068 0.0001403826
1069 0.0001643341
1070 0.001079557
1071 0.0006419311
1072 0.0001009159
1073 0.0001287866
1074 0.0009816561
1075 0.001156934
1076 0.001740933
1077 0.01455462
1078 1.439772e-05
1079 0.000178386
1080 0.001868515
1081 1.348745e-06
1082 0.02956444
1083 0.000141574
1084 1.640965e-05
1085 0.0001582609
1086 0.0004823292
1087 0.03324523
1088 0.003537842
1089 0.04109184
1090 0.007282263
1091 3.487441e-06
1092 3.315003e-06
1093 3.640775e-05
1094 0.00241345
1095 0.8088818
1096 9.567755e-05
1097 5.561411e-06
1098 3.698684e-05
1099 0.0002492274
1100 0.4272842
1101 0.0004161798
1102 1.178004e-05
1103 0.002393872
1104 0.4440211
1105 0.3520255
1106 0.05185667
1107 7.084627e-05
1108 1.494599e-05
1109 1.379143e-05
1110 0.000757442
1111 0.0003861179
1112 0.0002396348
1113 5.741383e-06
1114 2.727678e-06
1115 0.0001536257
1116 1.193462e-05
1117 1.39738e-07
1118 0.000688287
1119 0.0001619643
1120 0.0009403948
1121 0.01290209
1122 0.0002491407
1123 0.001687918
1124 0.0002463817
1125 0.006568517
1126 0.225876
1127 8.153546e-06
1128 4.118901e-06
1129 0.02046955
1130 3.843244e-06
1131 0.5154367
1132 0.0002333087
1133 0.01093123
1134 1.536243e-05
1135 0.1259685
1136 0.0001027104
1137 0.0004438289
1138 0.2341031
1139 1.003686e-06
1140 2.8493e-05
1141 0.0004500253
1142 0.0006154363
1143 0.0001336431
1144 2.246414e-05
1145 0.0003877198
1146 0.9525408
1147 0.02717781
1148 0.0006261925
1149 0.0007845614
1150 0.0003986817
1151 5.49427e-06
1152 0.0005198805
1153 0.2646641
1154 0.003556696
1155 1.97972e-05
1156 0.0004020881
1157 0.0006889944
1158 1.523141e-05
1159 5.099062e-06
1160 7.693996e-06
1161 0.003917943
1162 0.002552115
1163 0.0068625
1164 0.008153632
1165 2.246137e-05
1166 0.0004361875
1167 3.942421e-07
1168 0.001404089
1169 0.0003187262
1170 0.0001637165
1171 0.1102978
1172 0.7710782
1173 0.0007569666
1174 0.0001422344
1175 0.0002085518
1176 2.260971e-06
1177 0.000171449
1178 0.0002978357
1179 0.0007435774
1180 0.801957
1181 0.001139715
1182 8.675785e-06
1183 6.169659e-06
1184 0.0001846133
1185 0.003576667
1186 4.020663e-05
1187 0.674945
1188 2.299978e-05
1189 0.1856878
1190 0.1133944
1191 0.0001400505
1192 1.770141e-05
1193 1.663394e-05
1194 0.9453712
1195 0.005726744
1196 0.0002667555
1197 0.004042213
1198 0.005760647
1199 0.005147151
1200 1.857712e-05
1201 0.00199067
1202 0.01767029
1203 0.2038106
1204 0.006076338
1205 9.329846e-05
1206 0.000299631
1207 4.781872e-08
1208 0.006175491
1209 2.196341e-05
1210 0.06019603
1211 0.9841106
1212 0.0007856867
1213 0.0005449365
1214 0.001112872
1215 0.09475072
1216 0.001566439
1217 5.979463e-07
1218 3.302593e-06
1219 0.00144559
1220 0.0514986
1221 0.01810125
1222 0.4130539
1223 4.602321e-06
1224 1.814113e-06
1225 0.01312333
1226 3.973143e-05
1227 0.8505656
1228 4.523258e-06
1229 0.0003121785
1230 2.150707e-05
1231 0.0006491944
1232 0.1748614
1233 0.001924684
1234 3.433656e-05
1235 6.232336e-05
1236 0.03323048
1237 0.00120991
1238 0.001839475
1239 1.907368e-05
1240 3.766965e-05
1241 0.03544427
1242 0.03806946
1243 0.001220598
1244 0.3102048
1245 0.0002803634
1246 0.6815606
1247 1.261265e-05
1248 1.097269e-05
1249 0.0004685866
1250 0.5395568
1251 0.0005848018
1252 0.4905141
1253 2.208459e-05
1254 0.0001039041
1255 6.625563e-05
1256 0.03478956
1257 0.4826567
1258 0.001435809
1259 0.0008745095
1260 5.410152e-06
1261 0.0001394488
1262 2.012191e-05
1263 0.8440803
1264 0.03108194
1265 0.03928556
1266 0.1565895
1267 0.005229877
1268 0.05392302
1269 0.0001497143
1270 0.0008430208
1271 0.1294522
1272 4.219848e-05
1273 0.0005449788
1274 0.0001583422
1275 1.310751e-05
1276 5.675019e-06
1277 3.589108e-05
1278 0.03293454
1279 0.0005422279
1280 1.657466e-05
1281 0.5126346
1282 0.03391606
1283 4.086066e-06
1284 0.0007992573
1285 6.838534e-06
1286 0.0001525003
1287 1.475924e-05
1288 0.0006616809
1289 0.0003499811
1290 1.820167e-06
1291 0.09952981
1292 0.0006983722
1293 5.74976e-06
1294 4.760522e-05
1295 0.0002996373
1296 0.0007257673
1297 1.499543e-05
1298 6.817269e-07
1299 1.325496e-05
1300 0.68649
1301 0.003646402
1302 0.2275278
1303 0.0003088603
1304 0.0002790682
1305 0.004479519
1306 0.0003438338
1307 0.002288382
1308 1.576214e-05
1309 0.9231176
1310 0.0001318193
1311 0.0009778407
1312 0.0006992772
1313 0.009027349
1314 0.436392
1315 0.321897
1316 2.126103e-05
1317 0.01690387
1318 0.003272462
1319 0.00109077
1320 0.003822022
1321 1.285065e-05
1322 8.566555e-06
1323 1.301274e-05
1324 0.001570452
1325 6.148738e-06
1326 0.02716391
1327 0.4397876
1328 2.551488e-05
1329 2.822757e-05
1330 0.000315497
1331 0.001921137
1332 0.000852125
1333 0.0005844613
1334 0.0003626263
1335 0.0001938019
1336 0.0007598405
1337 0.06891493
1338 0.1314018
1339 0.006065356
1340 0.0003717428
1341 1.484541e-05
1342 0.001005511
1343 0.005307471
1344 3.728874e-05
1345 0.0001097088
1346 0.0001465025
1347 4.880111e-05
1348 7.98088e-06
1349 0.0001929564
1350 2.057873e-05
1351 0.1621493
1352 0.0001862726
1353 0.001415319
1354 0.05861955
1355 9.451793e-05
1356 8.041541e-06
1357 0.2136223
1358 0.001145975
1359 0.1222827
1360 1.441778e-05
1361 0.05878669
1362 1.896855e-05
1363 0.9272902
1364 0.0001870372
1365 2.631852e-05
1366 2.622859e-05
1367 0.009851215
1368 0.8791206
1369 0.0003501301
1370 2.86454e-05
1371 0.0006748284
1372 0.7099538
1373 0.1074067
1374 0.0125581
1375 0.0001469974
1376 0.02083996
1377 0.0005980768
1378 0.2231656
1379 2.976607e-05
1380 0.002528876
1381 1.701914e-05
1382 0.001536509
1383 0.0005184664
1384 0.001468626
1385 9.874999e-05
1386 9.381771e-06
1387 0.103777
1388 1.461462e-05
1389 8.962034e-05
1390 0.000321287
1391 0.0001489105
1392 4.882858e-06
1393 0.0001462937
1394 0.0001368889
1395 0.03305872
1396 0.04181872
1397 3.758426e-05
1398 6.426863e-07
1399 0.0007901785
1400 0.1013859
1401 0.4519786
1402 0.003261592
1403 0.002940877
1404 0.0003469638
1405 0.001870819
1406 2.546526e-05
1407 5.017439e-06
1408 2.606516e-05
1409 0.0004384962
1410 1.621947e-05
1411 0.009001789
1412 0.002720797
1413 3.930002e-06
1414 0.9950492
1415 0.0003742419
1416 0.0004826735
1417 0.6193138
1418 0.5074333
1419 0.008384192
1420 0.1612196
1421 0.0002055588
1422 1.419838e-05
1423 0.004780203
1424 0.3805104
1425 0.02003165
1426 4.079055e-06
1427 0.01111279
1428 2.955385e-05
1429 0.001045867
1430 1.124129e-05
1431 0.1641524
1432 1.311897e-05
1433 0.0003680545
1434 0.0002048721
1435 0.0008864243
1436 1.873174e-05
1437 4.039885e-06
1438 7.77544e-06
1439 0.02965898
1440 0.0003682338
1441 2.889911e-05
1442 0.1219488
1443 0.9487131
1444 0.001003969
1445 0.04963591
1446 1.351901e-05
1447 0.0002263465
1448 0.003136323
1449 6.914445e-05
1450 0.0001844729
1451 0.0004658755
1452 1.260346e-06
1453 0.7842322
1454 4.941827e-06
1455 0.0004164627
1456 0.005400034
1457 1.771254e-05
1458 9.010017e-06
1459 0.0005815041
1460 5.850432e-05
1461 0.0001359015
1462 0.03542699
1463 0.00676713
1464 4.620202e-06
1465 0.2354055
1466 0.2598609
1467 0.000604449
1468 1.46509e-05
1469 3.152998e-05
1470 2.843278e-06
1471 0.2097147
1472 0.000147549
1473 0.1091686
1474 1.120781e-05
1475 0.001385909
1476 0.0008553513
1477 4.436442e-05
1478 2.229242e-05
1479 0.000164063
1480 0.004351216
1481 0.0001366736
1482 9.131786e-06
1483 4.66252e-06
1484 1.718483e-05
1485 0.1102073
1486 0.9250861
1487 0.001486845
1488 0.0001751046
1489 1.49182e-05
1490 0.0002884121
1491 0.0008865281
1492 0.536706
1493 7.430792e-06
1494 0.005161821
1495 0.001264765
1496 7.704523e-06
1497 0.01416444
1498 8.86582e-05
1499 0.0001598616
1500 1.439191e-06
1501 1.822928e-05
1502 5.027876e-06
1503 3.487076e-05
1504 0.03500139
1505 0.0009149055
1506 0.0004336103
1507 0.002537064
1508 7.538961e-05
1509 3.28429e-05
1510 0.0001203031
1511 8.393396e-06
1512 0.009446117
1513 0.001437679
1514 0.0003003576
1515 2.786299e-05
1516 0.09793067
1517 0.0001311908
1518 0.0056218
1519 0.0007128039
1520 1.330086e-06
1521 0.00010086
1522 1.271333e-05
1523 1.10945e-05
1524 0.1193917
1525 0.1532469
1526 0.0002136192
1527 0.0001344932
1528 9.979396e-06
1529 5.039955e-06
1530 0.01435903
1531 0.000616764
1532 0.1065633
1533 5.362349e-06
1534 0.9716285
1535 0.00379514
1536 2.027473e-06
1537 0.0006859027
1538 4.896655e-06
1539 0.001913065
1540 3.614943e-05
1541 0.0003971337
1542 0.0005342429
1543 2.925241e-06
1544 0.01900128
1545 0.0002205507
1546 0.0005815456
1547 8.694518e-07
1548 0.001134821
1549 0.001000817
1550 0.0001073504
1551 3.10587e-05
1552 4.577192e-06
1553 0.0002409168
1554 0.8192576
1555 0.02951652
1556 3.675355e-05
1557 7.655534e-05
1558 0.001343325
1559 0.0006772207
1560 0.07969009
1561 0.0005313588
1562 0.000184201
1563 1.292903e-05
1564 0.3125552
1565 0.0003024655
1566 0.0001348989
1567 0.882312
1568 6.663912e-06
1569 7.29472e-06
1570 0.0006829033
1571 7.230886e-06
1572 3.250555e-06
1573 0.2169694
1574 7.353827e-06
1575 0.0001016354
1576 3.979478e-05
1577 1.747185e-06
1578 0.01822392
1579 0.006303569
1580 0.0001923179
1581 0.01273304
1582 6.405094e-06
1583 0.3798089
1584 1.17253e-05
1585 2.22239e-05
1586 0.0005673896
1587 0.3787426
1588 0.0001007119
1589 2.136186e-05
1590 0.0001094637
1591 0.9809982
1592 0.002055218
1593 5.585579e-05
1594 5.822268e-05
1595 1.534837e-05
1596 0.0007907516
1597 1.291316e-05
1598 0.009030773
1599 0.001265024
1600 0.002169642
1601 0.04464524
1602 0.01037563
1603 0.001332608
1604 0.07442059
1605 0.01392028
1606 0.9976891
1607 1.312247e-05
1608 0.0001331705
1609 0.09460544
1610 0.0003117152
1611 0.01200957
1612 0.9912546
1613 0.0009687324
1614 0.0009493277
1615 0.0003530657
1616 0.0001446146
1617 0.003964593
1618 0.001266627
1619 1.859955e-05
1620 0.006795835
1621 0.001110511
1622 4.005697e-06
1623 2.411262e-05
1624 0.001699833
1625 0.0002292056
1626 0.0001325444
1627 0.0001646012
1628 0.9113503
1629 0.002417087
1630 4.208779e-05
1631 0.001316812
1632 5.591592e-05
1633 0.000358793
1634 0.0136057
1635 0.004484189
1636 0.0002692936
1637 0.9857204
1638 0.0002170021
1639 2.164396e-06
1640 0.6942634
1641 0.00050075
1642 0.001438637
1643 0.9854123
1644 0.01886102
1645 1.582976e-05
1646 5.07903e-05
1647 3.952583e-05
1648 0.0001895703
1649 0.001570234
1650 1.141745e-05
1651 0.0004577069
1652 0.0001497719
1653 0.0007796318
1654 0.0002288372
1655 0.01141258
1656 8.48261e-07
1657 0.00035491
1658 0.0007759356
1659 2.055186e-05
1660 0.004361065
1661 1.148521e-06
1662 3.828913e-06
1663 0.01863943
1664 0.05399518
1665 0.0004601135
1666 0.01137407
1667 2.128803e-05
1668 0.0006417271
1669 9.546499e-05
1670 0.3387265
1671 0.03308522
1672 0.0002182626
1673 0.5362574
1674 4.630222e-06
1675 0.0003879651
1676 0.0001277989
1677 0.018559
1678 0.0005803064
1679 3.480778e-05
1680 9.062716e-06
1681 2.78366e-06
1682 8.666069e-06
1683 0.0005785312
1684 3.036428e-06
1685 0.06336576
1686 1.278409e-05
1687 1.874539e-05
1688 0.0001526649
1689 0.0007915139
1690 3.690471e-05
1691 0.7967053
1692 0.0001297568
1693 0.000345575
1694 0.0001242312
1695 0.01526508
1696 5.042273e-06
1697 0.0001392126
1698 0.0004492494
1699 0.0003228552
1700 0.1482447
1701 4.12866e-06
1702 1.164576e-05
1703 0.0005852746
1704 0.05141284
1705 0.2748232
1706 1.433535e-05
1707 5.613125e-06
1708 5.079135e-06
1709 6.001676e-05
1710 0.0001743964
1711 0.0008496144
1712 0.0569874
1713 5.870529e-07
1714 1.492926e-05
1715 0.0002632856
1716 0.1105241
1717 1.224609e-06
1718 1.173417e-05
1719 6.578224e-06
1720 0.003039512
1721 0.08108721
1722 0.0001349148
1723 0.003824447
1724 0.006682806
1725 0.000265389
1726 0.001877281
1727 8.200225e-06
1728 9.99849e-06
1729 0.7847322
1730 3.623135e-06
1731 0.06837316
1732 0.06265812
1733 0.0002741232
1734 0.0003357397
1735 8.030769e-06
1736 0.3068021
1737 0.0005844598
1738 0.0001418956
1739 0.0006794745
1740 0.0522148
1741 3.974459e-05
1742 0.001725795
1743 0.002480523
1744 1.236352e-05
1745 7.96938e-06
1746 2.568447e-05
1747 0.0001666728
1748 0.0002860828
1749 0.09042388
1750 1.369181e-05
1751 0.02287666
1752 0.0002463988
1753 0.0001227444
1754 7.602957e-05
1755 0.1067795
1756 0.003194795
1757 8.818123e-05
1758 0.2861124
1759 0.00183397
1760 0.1527904
1761 8.963809e-06
1762 0.02575261
1763 0.0001247099
1764 0.1048245
1765 1.880499e-05
1766 0.1366362
1767 0.0005131077
1768 0.06268532
1769 0.0130247
1770 5.20078e-06
1771 1.383602e-05
1772 2.280279e-05
1773 0.00174101
1774 6.45459e-05
1775 0.0003381007
1776 5.312767e-06
1777 3.188181e-05
1778 7.121086e-05
1779 1.620797e-05
1780 0.1318304
1781 0.0022834
1782 0.03327807
1783 0.03471959
1784 0.000162845
1785 0.09753082
1786 0.0001609965
1787 0.01714916
1788 9.585929e-06
1789 0.3062979
1790 1.118668e-05
1791 0.1605287
1792 0.0002635893
1793 1.685422e-05
1794 2.750757e-06
1795 0.000109392
1796 0.1906121
1797 0.02988823
1798 0.01753314
1799 0.03900946
1800 1.82976e-05
1801 6.636607e-05
1802 0.0005847461
1803 9.338378e-05
1804 0.000136532
1805 1.534578e-05
1806 0.0002033
1807 1.017203e-05
1808 0.09448033
1809 0.001349955
1810 0.03124778
1811 1.117981e-05
1812 0.0005614271
1813 0.0007696191
1814 0.0002240411
1815 0.01101115
1816 0.03725674
1817 0.0003316797
1818 0.001951627
1819 0.0004336078
1820 0.006181823
1821 0.0009397323
1822 2.676878e-05
1823 1.151742e-06
1824 6.57438e-07
1825 0.003351362
1826 0.8978443
1827 0.0002964652
1828 0.0002339309
1829 0.0001515781
1830 0.0006952065
1831 9.865091e-06
1832 0.0001061548
1833 0.001010558
1834 0.01673394
1835 5.553197e-06
1836 1.72272e-05
1837 7.170746e-07
1838 1.71177e-05
1839 0.000383517
1840 1.103659e-06
1841 0.003651729
1842 2.50009e-05
1843 0.01801716
1844 3.818388e-06
1845 1.044031e-05
1846 0.0002545858
1847 0.0003002116
1848 0.0003561921
1849 0.01702768
1850 0.0008595025
1851 0.0007744391
1852 0.3277312
1853 0.09965879
1854 3.75251e-05
1855 1.777564e-05
1856 1.484573e-05
1857 1.953157e-05
1858 2.1749e-05
1859 0.0181571
1860 0.8236492
1861 0.3406059
1862 3.093136e-05
1863 0.2004731
1864 0.0001026947
1865 0.0108131
1866 1.521158e-05
1867 0.0005360416
1868 0.01091856
1869 2.406424e-05
1870 0.002316196
1871 0.003177467
1872 4.314274e-06
1873 0.1565153
1874 4.858389e-05
1875 4.804847e-05
1876 4.372587e-06
1877 0.0003148029
1878 1.868453e-05
1879 2.021123e-05
1880 0.0709445
1881 1.423438e-05
1882 0.001975421
1883 0.0003691747
1884 0.001359105
1885 3.48742e-06
1886 0.001309514
1887 0.0007571653
1888 4.422528e-05
1889 0.0001803959
1890 0.2057762
1891 0.003376924
1892 0.0002118365
1893 1.325447e-05
1894 0.001073723
1895 0.0006856798
1896 0.0001567344
1897 0.004034183
1898 0.2910173
1899 1.182807e-05
1900 0.0001900316
1901 0.03112849
1902 7.510572e-05
1903 0.08145474
1904 6.394707e-06
1905 0.001236396
1906 0.0002233086
1907 6.765814e-06
1908 0.0004140045
1909 3.879601e-06
1910 0.2938242
1911 0.0003152665
1912 0.09609245
1913 9.84155e-06
1914 0.0005568798
1915 0.02175434
1916 0.145775
1917 2.463805e-05
1918 0.0002088944
1919 0.007248928
1920 0.1083062
1921 0.001273014
1922 0.0008686867
1923 0.03205132
1924 0.0007577916
1925 0.0005753621
1926 0.0001113329
1927 0.08894644
1928 0.0008360736
1929 4.476749e-05
1930 0.008532428
1931 0.0001876223
1932 0.0001061157
1933 0.0001843967
1934 0.0005926689
1935 0.03341815
1936 0.03772323
1937 0.4891478
1938 0.7997812
1939 2.559514e-05
1940 8.591631e-06
1941 2.983128e-05
1942 0.0008810442
1943 0.07876241
1944 0.003200724
1945 0.000636873
1946 9.816205e-06
1947 0.000114943
1948 0.00538293
1949 0.6760033
1950 0.0002176151
1951 8.529208e-06
1952 4.059812e-06
1953 0.8626284
1954 0.001190079
1955 2.189297e-06
1956 0.07164558
1957 0.0003547799
1958 2.675796e-05
1959 9.389038e-05
1960 7.241669e-06
1961 0.00299792
1962 0.0003651616
1963 0.0004498419
1964 0.007306961
1965 0.0001643479
1966 8.278407e-05
1967 3.728074e-06
1968 1.276773e-05
1969 2.777746e-05
1970 0.000400466
1971 1.917895e-05
1972 2.403088e-05
1973 0.7022553
1974 0.8710015
1975 0.000175531
1976 9.795673e-05
1977 0.123517
1978 0.0001916644
1979 0.0001339284
1980 0.0002798814
1981 0.0003806253
1982 1.516521e-05
1983 0.00158272
1984 0.1226836
1985 0.04039794
1986 6.805957e-05
1987 2.479998e-06
1988 0.0002811217
1989 0.0003232149
1990 0.01190174
1991 0.008414763
1992 0.0004218407
1993 0.1608442
1994 0.02325554
1995 0.02329452
1996 2.245168e-05
1997 0.005385138
1998 0.2633398
1999 0.0006312696
2000 0.0001564983
2001 0.0002258647
2002 1.111595e-05
2003 8.764334e-05
2004 2.534694e-05
2005 0.01065081
2006 0.001447276
2007 0.0562062
2008 2.488555e-05
2009 0.4160238
2010 2.825693e-05
2011 0.0001571695
2012 4.297927e-06
2013 9.881517e-05
2014 0.00144509
2015 0.0161467
2016 0.2658994
2017 0.006184934
2018 0.04674906
2019 0.005329357
2020 7.590711e-06
2021 6.803475e-05
2022 0.9269383
2023 0.002078765
2024 0.0002687798
2025 0.007519015
2026 2.185726e-05
2027 4.070552e-06
2028 0.0003928566
2029 0.005925399
2030 3.430525e-05
2031 0.001074389
2032 3.081231e-06
2033 0.7633436
2034 0.0002665048
2035 4.634401e-06
2036 0.00166345
2037 0.0005604815
2038 0.05216216
2039 6.354977e-05
2040 0.0001193275
2041 5.742209e-05
2042 2.284091e-05
2043 0.0001376241
2044 0.0001154323
2045 2.038564e-05
2046 1.471253e-05
2047 0.05503753
2048 0.0001130829
2049 0.0001944458
2050 0.0003127419
2051 0.6459556
2052 2.833249e-05
2053 0.01252856
2054 0.001306342
2055 0.002520742
2056 9.385602e-06
2057 8.139064e-05
2058 0.0008382219
2059 0.0001045839
2060 0.0121451
2061 0.0004757997
2062 4.978651e-05
2063 0.0005691181
2064 2.361853e-05
2065 7.261431e-07
2066 0.002792014
2067 0.43122
2068 0.1430336
2069 0.004694937
2070 0.02022891
2071 0.001747405
2072 1.390974e-05
2073 0.003722896
2074 0.01639548
2075 0.001003013
2076 1.996664e-05
2077 0.5500124
2078 0.0004466738
2079 3.61475e-06
2080 1.270946e-05
2081 0.0003147527
2082 2.154037e-05
2083 3.481195e-05
2084 0.0001081052
2085 0.009328326
2086 0.006843372
2087 2.943203e-05
2088 7.934742e-05
2089 4.413722e-06
2090 0.0002344473
2091 0.005702609
2092 1.218468e-05
2093 0.007968254
2094 0.09809196
2095 0.002834828
2096 0.0004413435
2097 1.336075e-05
2098 1.353132e-05
2099 9.608465e-06
2100 0.0002781659
2101 0.0005194716
2102 6.203471e-05
2103 0.01528861
2104 0.2250159
2105 8.760122e-05
2106 0.7147311
2107 3.360816e-05
2108 1.498606e-05
2109 2.150022e-06
2110 2.659502e-05
2111 0.003147521
2112 4.789872e-06
2113 0.0005175051
2114 0.06739959
2115 0.0008528201
2116 1.517245e-05
2117 0.09402548
2118 9.167028e-05
2119 0.08066769
2120 6.827392e-06
2121 0.0004660884
2122 1.094428e-05
2123 0.00700853
2124 0.001152397
2125 8.677375e-06
2126 0.178309
2127 3.404929e-06
2128 0.0003327416
2129 0.04977261
2130 3.160189e-06
2131 0.0001674838
2132 1.150619e-06
2133 0.0007069431
2134 0.002626176
2135 0.0002830107
2136 0.0001407112
2137 0.0005179094
2138 0.004608171
2139 7.783258e-06
2140 0.0535481
2141 0.0002466546
2142 0.0005006097
2143 3.261421e-05
2144 0.000665825
2145 8.289146e-05
2146 4.471598e-06
2147 0.001040466
2148 0.001227179
2149 9.877196e-06
2150 0.003587861
2151 3.142115e-05
2152 4.137518e-05
2153 0.0007478968
2154 1.853873e-05
2155 3.205059e-05
2156 0.001502864
2157 0.0003279094
2158 6.609208e-06
2159 0.002193723
2160 3.404385e-05
2161 0.6937225
2162 6.889822e-05
2163 5.44811e-06
2164 1.276341e-05
2165 0.02731256
2166 0.0005858566
2167 0.07537308
2168 0.01486251
2169 0.000371294
2170 0.006045584
2171 0.0002233062
2172 1.999608e-05
2173 2.989165e-05
2174 1.079506e-06
2175 0.1362149
2176 5.663589e-06
2177 0.008210944
2178 0.001592386
2179 0.9095268
2180 0.0002418844
2181 0.001788922
2182 5.896512e-06
2183 0.0003469778
2184 0.0005170083
2185 1.370212e-05
2186 0.2509569
2187 0.001382471
2188 0.0001284994
2189 0.1633809
2190 1.437595e-06
2191 0.000225987
2192 0.8536882
2193 1.829989e-06
2194 0.02494486
2195 0.0005923743
2196 2.211771e-05
2197 0.0207963
2198 0.0002433416
2199 0.5332197
2200 0.7900919
2201 0.001118488
2202 0.02479745
2203 9.303174e-05
2204 1.865112e-05
2205 2.188811e-05
2206 6.430261e-06
2207 3.022069e-05
2208 0.001449985
2209 0.001305074
2210 1.622999e-05
2211 0.001742531
2212 0.0050468
2213 0.02731255
2214 0.0009100485
2215 1.168349e-05
2216 0.3254342
2217 0.1778307
2218 0.0650226
2219 4.269388e-05
2220 0.0001718514
2221 0.000522976
2222 2.890712e-05
2223 0.2273625
2224 0.00359888
2225 0.002643361
2226 7.648081e-05
2227 3.882822e-06
2228 2.582851e-06
2229 0.04746906
2230 4.295565e-06
2231 1.791043e-05
2232 2.662306e-05
2233 0.04316225
2234 0.0001507585
2235 0.0001977342
2236 6.050582e-07
2237 0.006306107
2238 0.001123705
2239 2.425194e-05
2240 1.581176e-05
2241 1.495269e-05
2242 4.78542e-05
2243 6.163027e-06
2244 0.6780389
2245 2.822237e-05
2246 3.313512e-06
2247 0.0001405584
2248 1.137131e-05
2249 0.0008639614
2250 0.0008190433
2251 6.741728e-06
2252 0.004996613
2253 0.0001344266
2254 0.0001097657
2255 0.0329441
2256 0.000119224
2257 3.008715e-05
2258 1.488696e-06
2259 0.00115872
2260 0.0004333941
2261 0.0003161065
2262 0.0003715972
2263 5.420174e-05
2264 0.0003640505
2265 1.01916e-05
2266 5.650409e-06
2267 0.0151171
2268 8.58596e-05
2269 8.545016e-06
2270 0.008116215
2271 0.003103973
2272 0.1660204
2273 6.526784e-06
2274 0.0005943122
2275 0.0003414464
2276 0.01841519
2277 5.326536e-06
2278 0.0003591136
2279 0.0005008672
2280 0.0001583927
2281 0.4298585
2282 0.002287657
2283 0.0006749684
2284 0.2005587
2285 0.001119871
2286 1.419938e-05
2287 0.1710241
2288 1.972271e-06
2289 1.575524e-05
2290 4.403706e-06
2291 0.1687956
2292 0.00228731
2293 0.009365122
2294 1.830114e-05
2295 0.9263608
2296 3.097687e-05
2297 0.0003923795
2298 2.023507e-05
2299 0.0001244418
2300 0.0130421
2301 0.2430693
2302 0.001100698
2303 8.646654e-05
2304 0.05707299
2305 3.791372e-05
2306 0.0001191836
2307 9.524577e-05
2308 0.6636082
2309 9.35685e-06
2310 0.7313861
2311 0.001114597
2312 6.84329e-06
2313 0.001289577
2314 0.110055
2315 0.0009447997
2316 0.6015423
2317 7.512144e-06
2318 0.0002709902
2319 0.2397907
2320 0.008303003
2321 0.1606328
2322 0.0003396487
2323 0.004872141
2324 0.0001751924
2325 1.691975e-06
2326 0.2547651
2327 0.000531725
2328 2.20677e-06
2329 1.469262e-05
2330 4.406005e-06
2331 7.278466e-06
2332 8.936206e-06
2333 0.003225295
2334 0.0004553675
2335 0.01259417
2336 0.6807206
2337 0.3704727
2338 0.0198869
2339 0.0002311744
2340 0.0002065105
2341 0.05959608
2342 2.152813e-05
2343 0.000270986
2344 0.0011824
2345 0.0196155
2346 4.211337e-05
2347 3.162506e-05
2348 0.00499213
2349 2.185328e-05
2350 3.598161e-06
2351 7.523762e-05
2352 2.316862e-05
2353 0.0002678584
2354 9.560731e-06
2355 1.082588e-05
2356 0.0001842856
2357 0.02378228
2358 9.667772e-06
2359 8.971063e-06
2360 0.8192535
2361 0.9582218
2362 6.281043e-06
2363 0.001386974
2364 0.0005756585
2365 0.6975533
2366 0.0009651503
2367 1.2088e-05
2368 0.0002545843
2369 1.207987e-05
2370 5.228754e-06
2371 1.662222e-05
2372 0.0002392449
2373 5.802041e-07
2374 0.002845728
2375 7.749119e-05
2376 6.692097e-06
2377 0.001351678
2378 0.0001095108
2379 6.044795e-06
2380 0.005066475
2381 0.005469627
2382 0.04922148
2383 0.0007969523
2384 0.1427621
2385 0.004316292
2386 0.00260462
2387 0.01140783
2388 7.473663e-06
2389 0.001743226
2390 1.464658e-05
2391 0.0001185439
2392 1.371474e-05
2393 0.0003548764
2394 0.002551567
2395 7.819111e-05
2396 0.008883537
2397 9.523028e-07
2398 0.001362557
2399 0.0004425523
2400 0.000653599
2401 0.0001341183
2402 0.8121253
2403 1.163453e-06
2404 0.0003833031
2405 0.001488302
2406 0.001094329
2407 5.390528e-07
2408 0.7880514
2409 0.03650119
2410 0.000408293
2411 2.293112e-05
2412 0.0002901338
2413 0.0003683083
2414 0.0006153469
2415 4.838752e-06
2416 0.0005663353
2417 0.001156615
2418 0.0003837536
2419 0.0001254005
2420 0.0001551732
2421 0.1051091
2422 0.6660938
2423 1.984506e-05
2424 0.04165228
2425 0.5616261
2426 0.109204
2427 1.305525e-06
2428 0.5947575
2429 0.0002514605
2430 0.009962958
2431 1.069028e-05
2432 0.05737224
2433 0.001256171
2434 0.0655095
2435 0.000126717
2436 1.769682e-05
2437 0.0001878337
2438 2.142291e-05
2439 2.586153e-05
2440 0.5946694
2441 7.976726e-06
2442 0.03899381
2443 0.0001121862
2444 0.001075354
2445 9.529683e-05
2446 3.817166e-06
2447 2.188068e-05
2448 0.0002537207
2449 8.068098e-05
2450 0.001173558
2451 0.0003177579
2452 1.931663e-05
2453 1.305557e-05
2454 0.02427174
2455 0.000411029
2456 0.03553722
2457 0.0001929116
2458 0.4845274
2459 8.089072e-06
2460 0.01739512
2461 0.01227878
2462 0.02041358
2463 0.1252718
2464 0.0002544426
2465 0.002914807
2466 0.000740664
2467 0.0002207562
2468 0.0130397
2469 1.825457e-05
2470 0.5544308
2471 0.003119177
2472 0.0002264727
2473 8.185047e-06
2474 0.1795345
2475 0.0002565421
2476 0.000309914
2477 0.0005569272
2478 0.0001296957
2479 0.0005303976
2480 0.001155548
2481 0.0008506789
2482 0.0001578933
2483 2.425071e-06
2484 0.02108984
2485 2.254037e-05
2486 0.000130914
2487 0.0001742207
2488 0.7093949
2489 0.004128857
2490 6.319654e-06
2491 2.880654e-05
2492 2.829102e-05
2493 0.003471367
2494 0.001028096
2495 0.8951054
2496 0.0001641065
2497 1.502693e-05
2498 6.273198e-06
2499 4.204184e-06
2500 8.424759e-05
2501 0.06961733
2502 0.006903439
2503 0.0005183603
2504 8.543188e-06
2505 0.0001555775
2506 8.420243e-06
2507 0.01421745
2508 0.008923003
2509 0.7156877
2510 4.466042e-06
2511 0.1219509
2512 6.900299e-06
2513 7.591206e-05
2514 0.000233903
2515 0.362591
2516 0.000282176
2517 0.0002724091
2518 0.0008626565
2519 0.005798175
2520 2.185002e-05
2521 0.6618219
2522 0.7772648
2523 0.0002320728
2524 1.180296e-05
2525 1.29516e-05
2526 2.235327e-05
2527 5.989574e-06
2528 2.650672e-07
2529 0.937027
2530 0.0007992996
2531 8.268193e-06
2532 2.177793e-05
2533 3.324647e-06
2534 9.564407e-05
2535 0.008148209
2536 2.353079e-05
2537 0.0001207802
2538 0.5915038
2539 5.226034e-06
2540 1.303423e-05
2541 4.673127e-05
2542 6.445273e-05
2543 0.0005072092
2544 2.902041e-05
2545 0.0002828161
2546 5.731131e-06
2547 3.216318e-05
2548 0.0001535968
2549 0.7948666
2550 0.001176229
2551 0.0001518379
2552 0.003591066
2553 0.0001671351
2554 7.185866e-06
2555 0.0005209037
2556 4.085153e-05
2557 0.001767733
2558 0.0002273675
2559 0.009486744
2560 0.0001556885
2561 1.459526e-05
2562 0.3526666
2563 0.000966768
2564 2.747533e-05
2565 0.0002293313
2566 0.05194961
2567 2.124398e-05
2568 0.0002965871
2569 7.78898e-06
2570 0.0002355091
2571 0.8972284
2572 0.6289716
2573 7.434634e-06
2574 0.119154
2575 0.1271581
2576 0.0002432151
2577 0.2100708
2578 1.027582e-05
2579 0.004138461
2580 3.595841e-05
2581 0.0002021689
2582 6.238219e-06
2583 0.01637862
2584 0.8692003
2585 0.032637
2586 0.0002377219
2587 0.000297895
2588 0.0007746283
2589 5.790118e-05
2590 0.7749567
2591 2.718907e-05
2592 0.001504576
2593 0.008394654
2594 0.0004541573
2595 0.001117886
2596 2.426017e-05
2597 0.1569571
2598 0.0001077774
2599 1.93666e-05
2600 0.04371796
2601 6.669356e-06
2602 0.0007409597
2603 1.155007e-05
2604 0.001731683
2605 0.0008863105
2606 0.0004350949
2607 0.0006663494
2608 0.0005708523
2609 2.459008e-05
2610 4.214479e-05
2611 0.0003739797
2612 0.0004769405
2613 0.003226458
2614 0.1519072
2615 0.0003087611
2616 0.0002808024
2617 0.003595236
2618 0.0002527997
2619 3.087523e-05
2620 0.0002829301
2621 0.1968824
2622 0.004191868
2623 0.0001705139
2624 0.002161344
2625 0.0003931435
2626 3.28292e-06
2627 1.853437e-05
2628 0.0002243492
2629 0.8733916
2630 1.595273e-05
2631 1.3054e-05
2632 0.6204984
2633 0.001394851
2634 0.0003886109
2635 0.01142677
2636 1.329309e-05
2637 0.0001341181
2638 0.0008088706
2639 0.001200554
2640 1.714692e-05
2641 2.974695e-05
2642 0.01086675
2643 1.871437e-05
2644 0.001391597
2645 0.6393573
2646 8.856836e-06
2647 0.004817238
2648 8.368905e-05
2649 0.005702838
2650 0.8274729
2651 3.689612e-05
2652 0.003390095
2653 0.0003532172
2654 0.0002409771
2655 5.756219e-05
2656 0.0008690761
2657 0.06474896
2658 0.0007242344
2659 2.593048e-06
2660 1.772207e-05
2661 0.003842789
2662 0.09155903
2663 1.561033e-05
2664 1.751214e-05
2665 1.080842e-05
2666 2.894818e-06
2667 0.01336421
2668 3.17688e-05
2669 0.0001820254
2670 0.0007282046
2671 1.698805e-05
2672 3.18518e-05
2673 0.0042357
2674 5.716136e-06
2675 2.211729e-05
2676 2.026271e-05
2677 4.259817e-05
2678 0.00032276
2679 2.853589e-05
2680 6.52195e-06
2681 0.0002431169
2682 0.00145417
2683 1.049359e-05
2684 0.0006815046
2685 4.614553e-06
2686 2.332497e-06
2687 0.0001811096
2688 0.001697589
2689 0.0005686134
2690 0.00638724
2691 0.0003745717
2692 0.0005876554
2693 4.308565e-06
2694 7.067498e-07
2695 0.02242269
2696 0.0006157443
2697 5.635273e-05
2698 6.966852e-06
2699 0.870488
2700 0.0009546409
2701 0.0003815182
2702 0.04124482
2703 0.0003163532
2704 0.06247725
2705 0.05371028
2706 0.0001902858
2707 0.0002607797
2708 0.0002794105
2709 0.8502792
2710 0.0005568844
2711 0.0001543745
2712 0.0001723206
2713 3.317629e-05
2714 0.8753987
2715 0.005045732
2716 0.001722614
2717 2.431394e-05
2718 0.0001098413
2719 8.00979e-06
2720 0.0175685
2721 0.2755823
2722 0.001019477
2723 2.599951e-05
2724 8.302146e-05
2725 0.01748933
2726 4.540843e-05
2727 6.917925e-06
2728 0.0007382551
2729 0.004904638
2730 0.4941676
2731 0.0001679437
2732 5.225966e-05
2733 0.08906575
2734 0.0001910362
2735 2.415129e-06
2736 0.7962631
2737 0.5704859
2738 0.003438782
2739 0.00122731
2740 9.632816e-05
2741 0.0001205886
2742 0.0008231445
2743 1.619331e-05
2744 0.0001533989
2745 0.0009903008
2746 0.0001151244
2747 0.000177302
2748 0.08372007
2749 0.0001247755
2750 0.0003587183
2751 5.87924e-06
2752 0.8990205
2753 0.5331584
2754 0.07246004
2755 0.008921414
2756 7.184994e-07
2757 6.094625e-06
2758 0.0003392232
2759 0.0002615158
2760 1.280156e-05
2761 9.369799e-05
2762 0.5047889
2763 0.0620413
2764 3.977224e-05
2765 0.0002140319
2766 0.07112116
2767 0.3307512
2768 8.21677e-06
2769 0.001074384
2770 3.244332e-05
2771 7.490377e-07
2772 0.0001264873
2773 8.73466e-06
2774 8.406982e-05
2775 0.002602315
2776 0.8012901
2777 0.02050756
2778 0.1641618
2779 0.6812342
2780 0.0002699511
2781 1.327009e-05
2782 3.782179e-05
2783 0.008580085
2784 2.763528e-05
2785 0.0002956001
2786 5.529202e-06
2787 0.0005987289
2788 0.01611141
2789 2.616919e-05
2790 1.678453e-06
2791 0.04196185
2792 0.0003421725
2793 7.537556e-06
2794 0.0002568693
2795 0.0001606897
2796 0.00035477
2797 0.007995223
2798 0.0001291816
2799 2.171356e-05
2800 4.710537e-06
2801 0.003313843
2802 1.435158e-05
2803 0.002865764
2804 1.599096e-05
2805 0.04429633
2806 6.472854e-06
2807 7.709101e-06
2808 9.87109e-05
2809 7.518464e-06
2810 0.0001261385
2811 2.515808e-06
2812 0.0001742555
2813 5.874441e-06
2814 0.1068219
2815 0.7451089
2816 0.0001710639
2817 0.009507391
2818 3.598659e-06
2819 0.02479991
2820 0.01533822
2821 6.076497e-05
2822 0.0003101
2823 0.0005483498
2824 0.2729137
2825 0.008021457
2826 0.0002009456
2827 0.0007124964
2828 0.0001051717
2829 3.958255e-05
2830 1.047555e-05
2831 0.006779762
2832 0.003254611
2833 0.0002148571
2834 2.056028e-05
2835 0.2894256
2836 9.770948e-06
2837 0.0001192853
2838 2.041649e-05
2839 0.0001396805
2840 6.01738e-05
2841 1.091552e-05
2842 3.182435e-05
2843 5.006892e-05
2844 0.08352275
2845 1.069832e-05
2846 0.002010353
2847 5.443614e-05
2848 9.726282e-06
2849 0.000566888
2850 0.03303459
2851 0.08961829
2852 0.001679911
2853 0.0005178229
2854 2.479593e-05
2855 1.367592e-05
2856 8.890318e-08
2857 1.403065e-05
2858 0.4656857
2859 0.8976343
2860 1.637786e-05
2861 6.59793e-07
2862 0.0004680962
2863 0.009503643
2864 0.0003793706
2865 0.0005109061
2866 0.3923306
2867 0.0001001368
2868 6.766802e-06
2869 0.003985268
2870 0.0001422827
2871 9.035577e-06
2872 0.1680256
2873 0.009268425
2874 1.734044e-05
2875 0.0001119963
2876 3.492058e-06
2877 1.000419e-05
2878 3.599923e-05
2879 0.2354728
2880 0.0655797
2881 0.0003236495
2882 0.0002396221
2883 0.0009117427
2884 0.0003894746
2885 0.2466603
2886 2.78353e-05
2887 6.535332e-05
2888 1.657656e-05
2889 2.022032e-05
2890 0.01115243
2891 0.0006458869
2892 0.0002005568
2893 0.02190887
2894 0.01560678
2895 1.055539e-05
2896 3.493846e-05
2897 0.4584735
2898 6.996447e-06
2899 0.0003575487
2900 0.0005126174
2901 0.9044893
2902 0.0003355143
2903 0.000551843
2904 0.000439368
2905 0.0004774807
2906 0.0001797211
2907 0.0001297152
2908 7.109905e-05
2909 0.3096245
2910 0.04011145
2911 0.000299462
2912 7.589182e-06
2913 1.817826e-05
2914 3.397608e-06
2915 1.245862e-05
2916 0.01066193
2917 1.597287e-06
2918 0.003028327
2919 0.002046785
2920 0.0001788759
2921 2.992872e-05
2922 0.1744103
2923 0.0002635728
2924 0.0001688532
2925 0.0001560412
2926 1.684295e-05
2927 0.0001035324
2928 0.0001625411
2929 0.0003371618
2930 0.0003749298
2931 9.794903e-05
2932 0.001454635
2933 0.006020955
2934 0.0001131406
2935 0.0008322414
2936 0.05891584
2937 5.248468e-05
2938 0.02558129
2939 0.5633538
2940 0.7204124
2941 3.799167e-05
2942 0.2096992
2943 3.418925e-05
2944 0.01972436
2945 0.7165241
2946 3.262173e-06
2947 0.0001143855
2948 0.0006429574
2949 9.197215e-05
2950 1.509641e-05
2951 0.01572304
2952 1.431908e-05
2953 1.579795e-06
2954 0.0002435447
2955 6.60867e-06
2956 4.21966e-05
2957 0.00461156
2958 1.865918e-06
2959 0.01418568
2960 1.73427e-05
2961 0.0001104787
2962 0.8794007
2963 1.512144e-05
2964 0.2606889
2965 8.286452e-05
2966 0.0001469608
2967 0.4541554
2968 0.003129749
2969 1.231503e-05
2970 0.001235284
2971 0.1598875
2972 0.001215837
2973 0.9153861
2974 6.240904e-05
2975 0.09571879
2976 1.128034e-05
2977 9.199922e-06
2978 0.6908092
2979 0.00170174
2980 2.299076e-06
2981 0.3722487
2982 4.12803e-06
2983 0.2390211
2984 0.002037292
2985 0.0001493046
2986 0.0002255811
2987 0.003564799
2988 2.030509e-05
2989 2.025485e-05
2990 0.5594964
2991 0.0002117257
2992 0.0001484319
2993 0.0003893029
2994 5.05345e-06
2995 0.2413956
2996 0.1795675
2997 0.000119679
2998 0.006792876
2999 0.000128355
3000 0.001085593
3001 1.667001e-05
3002 0.0006185109
3003 8.973993e-05
3004 0.0003078709
3005 0.8920584
3006 0.0001306394
3007 0.000309157
3008 1.163904e-05
3009 0.0125763
3010 0.3190369
3011 3.147853e-05
3012 0.0001937298
3013 3.417714e-05
3014 0.0001884095
3015 0.02679929
3016 4.085764e-06
3017 0.0002556407
3018 0.1487675
3019 3.537369e-05
3020 0.001260174
3021 0.02172679
3022 0.0001108243
3023 0.0001456711
3024 0.0001537351
3025 0.0003814138
3026 0.0002032502
3027 9.918039e-06
3028 0.6858505
3029 0.0006845967
3030 0.002035557
3031 0.0001480839
3032 0.1729684
3033 0.002333364
3034 0.001057648
3035 1.255971e-05
3036 0.05477602
3037 0.0001288673
3038 4.4653e-05
3039 0.007106252
3040 0.004394522
3041 0.02773996
3042 0.6101706
3043 0.003706512
3044 0.0003396379
3045 0.0003994299
3046 0.0005045575
3047 0.00021519
3048 1.540732e-06
3049 2.048207e-05
3050 9.681763e-06
3051 0.0001446993
3052 0.009934372
3053 0.01399792
3054 8.743804e-06
3055 6.239328e-05
3056 0.005385484
3057 0.002070901
3058 1.015398e-05
3059 3.356566e-05
3060 0.0004952536
3061 8.447159e-05
3062 2.91772e-05
3063 8.776794e-06
3064 1.094476e-05
3065 0.01635203
3066 0.142356
3067 0.02232604
3068 0.1792534
3069 0.0002752323
3070 0.504641
3071 1.80866e-06
3072 0.005502921
3073 0.0004063454
3074 0.2366688
3075 1.363511e-05
3076 1.217457e-05
3077 9.184821e-06
3078 0.005694141
3079 0.000220243
3080 0.7681955
3081 0.468305
3082 0.8418584
3083 3.2328e-05
3084 0.0006270909
3085 0.07672372
3086 5.603085e-05
3087 0.4703992
3088 1.901066e-05
3089 0.002052016
3090 0.8476124
3091 0.005354089
3092 2.570088e-05
3093 0.004368952
3094 0.0002066709
3095 2.162735e-05
3096 3.276497e-05
3097 0.05807752
3098 2.12583e-05
3099 0.004056332
3100 0.0005613256
3101 5.840119e-07
3102 0.1656396
3103 0.2555167
3104 0.0002620286
3105 0.0001240631
3106 3.599837e-05
3107 0.000868888
3108 0.03470496
3109 0.8496367
3110 7.178307e-05
3111 0.00585014
3112 0.0256544
3113 0.4380146
3114 2.341677e-05
3115 3.962976e-06
3116 0.006499118
3117 0.002416926
3118 0.3531921
3119 0.002708615
3120 0.0004282408
3121 0.04241056
3122 1.145093e-05
3123 9.113359e-06
3124 0.7878196
3125 0.458364
3126 0.0001325837
3127 4.973786e-06
3128 2.408806e-05
3129 0.2128621
3130 0.007221759
3131 0.0003000127
3132 2.804033e-05
3133 0.0003904886
3134 3.042872e-05
3135 0.001337932
3136 0.06726858
3137 8.250761e-06
3138 0.003042358
3139 9.867648e-06
3140 1.517489e-05
3141 0.0001018252
3142 0.0001519796
3143 0.144581
3144 4.056897e-05
3145 0.0003159861
3146 0.0005302861
3147 0.00821766
3148 0.02172642
3149 7.501064e-06
3150 0.0004238577
3151 0.0003125142
3152 2.154511e-05
3153 0.6166248
3154 0.0001932928
3155 8.004902e-05
3156 9.430999e-06
3157 0.0001850842
3158 0.01900405
3159 9.069743e-05
3160 0.001685816
3161 8.08565e-07
3162 0.01841412
3163 7.097767e-07
3164 0.001177718
3165 0.008211829
3166 1.813418e-05
3167 0.0004005134
3168 0.002001915
3169 4.547312e-05
3170 0.8759402
3171 1.680399e-05
3172 1.210055e-05
3173 2.845558e-05
3174 0.009686466
3175 0.0002846504
3176 1.669145e-05
3177 1.228643e-05
3178 0.001361388
3179 2.25876e-06
3180 0.005624463
3181 1.031079e-05
3182 0.0007980644
3183 4.78378e-05
3184 5.942708e-06
3185 6.460349e-06
3186 2.641842e-05
3187 5.792372e-05
3188 5.432849e-05
3189 0.7169473
3190 3.00328e-05
3191 1.701889e-05
3192 0.0009038777
3193 1.512046e-05
3194 0.001386234
3195 1.565678e-05
3196 5.779863e-05
3197 3.172195e-05
3198 1.149293e-05
3199 5.071748e-05
3200 0.0002303781
3201 0.037122
3202 0.0002801505
3203 0.05175448
3204 4.078277e-06
3205 0.1037731
3206 0.0004467207
3207 0.2455579
3208 0.001664287
3209 0.0001932935
3210 0.003017982
3211 0.003592823
3212 0.0420741
3213 0.08142536
3214 0.0006576735
3215 0.5885004
3216 0.0002844143
3217 2.122835e-05
3218 1.809707e-06
3219 0.001753169
3220 7.470179e-06
3221 0.0001744476
3222 0.366176
3223 3.820743e-05
3224 0.2321111
3225 0.02897597
3226 1.007527e-05
3227 2.200279e-05
3228 6.301924e-06
3229 3.926753e-05
3230 3.485693e-06
3231 0.09108115
3232 0.0001385036
3233 0.0001403057
3234 7.420383e-06
3235 0.9627141
3236 0.03320307
3237 0.1574268
3238 0.0006148981
3239 0.0002103458
3240 2.648035e-05
3241 0.0003877015
3242 0.05557224
3243 9.38855e-05
3244 2.357137e-06
3245 0.0004548129
3246 1.673881e-05
3247 0.9879461
3248 0.0003571639
3249 4.546521e-05
3250 0.01394625
3251 2.320748e-05
3252 0.0002834363
3253 0.0003342824
3254 1.753426e-06
3255 1.612652e-05
3256 4.281458e-05
3257 0.02700596
3258 1.456379e-05
3259 0.0001529339
3260 0.001619864
3261 2.171679e-05
3262 0.0003335479
3263 0.01185136
3264 0.0001957922
3265 1.259481e-05
3266 3.904752e-05
3267 0.003994895
3268 0.000987451
3269 0.3112662
3270 0.001303768
3271 6.868468e-05
3272 0.1001295
3273 0.0003792893
3274 0.0006139823
3275 6.96255e-06
3276 0.0004932643
3277 0.0001283041
3278 1.493799e-05
3279 7.865852e-05
3280 0.3955455
3281 9.437376e-05
3282 0.2674812
3283 0.0003191561
3284 1.027177e-05
3285 0.0002083143
3286 0.001408878
3287 0.01022298
3288 0.006249729
3289 4.716097e-05
3290 9.475058e-06
3291 0.1490863
3292 0.418442
3293 1.429622e-05
3294 7.846723e-06
3295 0.8100869
3296 2.94283e-06
3297 0.002457549
3298 0.0005345507
3299 1.853867e-05
3300 0.0001785708
3301 0.001221396
3302 0.0001571588
3303 1.078616e-05
3304 0.0002671275
3305 1.873442e-05
3306 1.003184e-05
3307 0.471018
3308 0.04499172
3309 0.06716784
3310 2.473597e-05
3311 0.08373331
3312 0.001083315
3313 0.3591824
3314 0.1232688
3315 3.286357e-05
3316 4.222223e-05
3317 0.0001685309
3318 9.23952e-06
3319 0.0001351943
3320 0.239626
3321 0.007781232
3322 0.7162902
3323 0.0004410887
3324 0.001616674
3325 9.612182e-05
3326 1.946792e-05
3327 0.006997581
3328 0.0001760352
3329 0.001010589
3330 0.002980356
3331 0.004792631
3332 0.6785203
3333 0.0002066774
3334 2.913423e-05
3335 0.005104383
3336 0.004863654
3337 0.01395923
3338 0.001621991
3339 3.132964e-06
3340 1.486226e-05
3341 0.0001232416
3342 0.4818781
3343 0.0304887
3344 0.001070392
3345 0.0004512615
3346 6.835359e-06
3347 0.001022302
3348 1.535476e-05
3349 2.467565e-05
3350 1.999578e-05
3351 0.08529592
3352 0.0003988438
3353 0.002921058
3354 3.000462e-06
3355 1.354446e-05
3356 0.0007636818
3357 0.01731826
3358 0.04303218
3359 1.440464e-05
3360 1.106296e-05
3361 0.0009993932
3362 1.620097e-05
3363 1.540584e-05
3364 0.09555332
3365 9.220538e-05
3366 0.003360614
3367 0.0001362311
3368 0.005086913
3369 2.383096e-05
3370 0.1864102
3371 0.1856174
3372 2.685849e-05
3373 7.472716e-06
3374 0.05737027
3375 0.02733592
3376 0.520773
3377 2.121551e-06
3378 0.0001681067
3379 1.902365e-05
3380 0.00157374
3381 8.002524e-06
3382 0.000120556
3383 6.204666e-06
3384 0.04586879
3385 0.0001623333
3386 0.0001381652
3387 2.200005e-05
3388 0.002231895
3389 0.009797751
3390 0.00302406
3391 0.0006102585
3392 2.222484e-05
3393 0.1448858
3394 2.879667e-05
3395 0.001112826
3396 3.217385e-06
3397 5.69922e-06
3398 0.7598061
3399 0.9941289
3400 0.0001216703
3401 0.000220619
3402 1.301859e-05
3403 0.7194943
3404 0.001082074
3405 2.690284e-05
3406 0.0004815671
3407 0.0001328593
3408 2.453877e-05
3409 0.02960681
3410 9.226727e-06
3411 0.001439015
3412 2.605979e-05
3413 0.2101981
3414 0.028593
3415 1.88588e-05
3416 0.3051389
3417 0.2056491
3418 4.180733e-06
3419 0.001043422
3420 0.0004169868
3421 0.02323438
3422 0.01133826
3423 1.212443e-05
3424 0.002403935
3425 1.088512e-05
3426 0.06280133
3427 0.0002242812
3428 0.001036101
3429 9.044781e-06
3430 0.006412059
3431 3.369062e-06
3432 1.343218e-06
3433 0.0001581586
3434 0.2963331
3435 0.02006215
3436 0.0001911512
3437 0.0002369327
3438 3.499098e-05
3439 0.01322578
3440 0.01023332
3441 0.03115163
3442 0.003943591
3443 0.002051392
3444 0.0003687283
3445 0.002210159
3446 0.03825586
3447 0.0003771072
3448 0.008143057
3449 0.000265695
3450 8.247116e-06
3451 1.277504e-05
3452 3.58045e-06
3453 1.043011e-05
3454 4.804395e-06
3455 0.2345809
3456 1.997001e-05
3457 0.06657341
3458 0.0004425396
3459 0.293147
3460 2.765319e-05
3461 0.004550305
3462 8.183873e-05
3463 0.0219198
3464 0.0007385459
3465 0.1989241
3466 2.647783e-05
3467 2.786075e-05
3468 1.418737e-05
3469 1.826331e-05
3470 8.903166e-06
3471 6.317293e-06
3472 0.08811246
3473 0.00468055
3474 0.0002498766
3475 0.0004786085
3476 2.52282e-05
3477 0.0001782018
3478 0.005277368
3479 1.33984e-05
3480 9.474583e-06
3481 0.031944
3482 0.0009788803
3483 0.02471383
3484 0.2179175
3485 0.3433711
3486 0.002998976
3487 2.476872e-06
3488 2.449813e-05
3489 3.329212e-05
3490 0.6800413
3491 0.9021555
3492 8.634961e-06
3493 2.729797e-05
3494 2.81699e-05
3495 0.0002391278
3496 0.1924159
3497 2.592248e-05
3498 0.0006106904
3499 0.2619294
3500 0.001261882
3501 6.492159e-06
3502 0.0006406055
3503 0.001625254
3504 0.008986611
3505 1.394975e-05
3506 6.23209e-06
3507 0.05010138
3508 0.1938402
3509 1.65498e-05
3510 0.0002153057
3511 3.31526e-06
3512 0.3630808
3513 0.001470181
3514 0.4623348
3515 0.7348979
3516 0.0002025982
3517 0.0003360773
3518 0.0004186554
3519 0.0002537864
3520 0.46996
3521 0.0001788271
3522 0.0005431021
3523 0.0003964106
3524 0.0001263468
3525 1.543589e-05
3526 0.05343688
3527 0.000362462
3528 1.543028e-05
3529 0.0002286024
3530 1.708036e-05
3531 0.0008032222
3532 0.0002219028
3533 0.0001298859
3534 1.201405e-05
3535 0.00145628
3536 0.0009222508
3537 0.3336048
3538 0.5854292
3539 2.639833e-05
3540 0.0001970388
3541 0.04855373
3542 5.630461e-06
3543 0.2042129
3544 0.0001048408
3545 0.00486099
3546 1.69533e-05
3547 0.7537018
3548 0.6142865
3549 0.0001067907
3550 0.00357202
3551 0.0002629321
3552 0.162671
3553 0.03047246
3554 0.01411901
3555 0.01079923
3556 0.001149053
3557 5.265443e-06
3558 0.05477631
3559 3.87814e-05
3560 0.01554669
3561 0.7996226
3562 8.908349e-05
3563 0.001442595
3564 0.0002719961
3565 0.06552517
3566 0.004685546
3567 0.9947651
3568 2.640852e-05
3569 0.4730751
3570 0.7993242
3571 0.001697589
3572 0.0482523
3573 0.02431694
3574 0.001716914
3575 0.003119074
3576 0.01725348
3577 1.747755e-05
3578 4.131011e-07
3579 2.148057e-05
3580 0.1446859
3581 0.00101342
3582 7.748632e-05
3583 1.302424e-05
3584 0.002894182
3585 0.3176695
3586 0.001485436
3587 0.0004394606
3588 0.0002531822
3589 0.0003450463
3590 0.0001865721
3591 8.298441e-05
3592 0.0005067285
3593 0.09786898
3594 0.0006116757
3595 0.0002662501
3596 8.141816e-05
3597 0.003996381
3598 7.399706e-06
3599 1.459104e-05
3600 0.000132822
3601 3.904798e-07
3602 1.597224e-05
3603 0.03906543
3604 0.1149314
3605 0.0006831199
3606 7.111774e-06
3607 0.5504839
3608 3.617415e-05
3609 2.369219e-05
3610 8.390551e-05
3611 2.181055e-05
3612 2.130258e-05
3613 0.05356378
3614 0.001694559
3615 0.9785899
3616 0.07235528
3617 0.0002433442
3618 2.451687e-05
3619 0.0006357563
3620 0.0007357979
3621 0.9081901
3622 0.0008245358
3623 8.985334e-06
3624 0.9904967
3625 0.0003813529
3626 1.408926e-06
3627 0.001171769
3628 0.0003053095
3629 1.736728e-05
3630 0.03118028
3631 7.186072e-06
3632 1.555382e-05
3633 0.1037278
3634 8.372106e-07
3635 0.001133872
3636 0.01007375
3637 0.5595286
3638 0.1214949
3639 1.669128e-05
3640 9.714357e-05
3641 0.00417477
3642 4.629529e-06
3643 2.543645e-06
3644 0.0001256855
3645 6.584612e-06
3646 0.2027132
3647 2.27475e-05
3648 9.900001e-06
3649 3.354817e-06
3650 7.42097e-05
3651 7.722748e-06
3652 0.003220156
3653 7.536891e-06
3654 0.002640398
3655 0.002744626
3656 2.562454e-05
3657 0.0002315409
3658 7.292213e-06
3659 2.35376e-05
3660 0.004865966
3661 3.87605e-05
3662 0.8515867
3663 0.0002179241
3664 0.0007238729
3665 0.001370271
3666 0.000203714
3667 0.006197674
3668 0.5175011
3669 0.04633369
3670 9.638873e-06
3671 0.01407077
3672 0.01123289
3673 0.0001552045
3674 0.0004425968
3675 0.0006971459
3676 0.0006158904
3677 0.0001657794
3678 7.890382e-06
3679 1.901031e-05
3680 0.007337024
3681 1.083393e-06
3682 9.845033e-06
3683 0.008728593
3684 0.03548546
3685 0.0001311865
3686 2.254789e-05
3687 0.01997132
3688 1.324341e-06
3689 1.769094e-05
3690 0.1394983
3691 0.000283351
3692 0.0005764627
3693 0.004587351
3694 0.01393542
3695 0.008308816
3696 1.357795e-05
3697 0.0009513301
3698 1.715685e-05
3699 1.837244e-05
3700 0.5684664
3701 0.0001942295
3702 0.1888347
3703 0.001334958
3704 1.563895e-05
3705 2.104003e-05
3706 8.242954e-06
3707 0.2175046
3708 0.6517246
3709 7.463731e-06
3710 3.09483e-05
3711 0.023966
3712 3.556314e-05
3713 0.0001613813
3714 1.697945e-05
3715 0.002259575
3716 0.002083092
3717 0.04865333
3718 0.0007087783
3719 0.0006433043
3720 3.364892e-06
3721 0.0006254593
3722 0.3438846
3723 0.1139436
3724 0.007824791
3725 0.001540216
3726 4.881697e-05
3727 2.184669e-05
3728 0.001728823
3729 0.003380824
3730 9.718598e-05
3731 0.0002164942
3732 8.75093e-06
3733 0.0004681685
3734 0.001787651
3735 6.451501e-06
3736 0.000483127
3737 0.001064648
3738 3.777735e-05
3739 0.0002284253
3740 8.450977e-05
3741 0.0001808751
3742 0.0001534582
3743 0.000100052
3744 0.3165657
3745 0.1681563
3746 0.001592087
3747 3.560801e-05
3748 4.812621e-05
3749 3.185846e-06
3750 1.375875e-06
3751 0.0004252931
3752 0.0001722726
3753 0.001335233
3754 0.006744142
3755 1.907437e-05
3756 0.1522363
3757 0.004867233
3758 5.609146e-06
3759 0.000962869
3760 1.585053e-05
3761 0.00101177
3762 9.091758e-06
3763 8.575943e-05
3764 0.02630308
3765 0.0002507616
3766 0.0001538476
3767 0.1244781
3768 6.190191e-06
3769 0.8325207
3770 0.006131003
3771 0.0002118866
3772 1.020806e-06
3773 2.508306e-05
3774 0.1210285
3775 0.04058145
3776 0.003435665
3777 3.605847e-05
3778 0.002157544
3779 8.629071e-06
3780 2.676225e-06
3781 3.268083e-05
3782 0.00280345
3783 0.02461898
3784 1.574174e-05
3785 0.004540323
3786 2.497694e-05
3787 0.1428072
3788 1.231235e-05
3789 3.891054e-05
3790 3.088774e-05
3791 0.0007505195
3792 0.1578432
3793 0.0001587903
3794 0.00083216
3795 0.006922329
3796 2.030032e-05
3797 0.1568223
3798 0.0001428026
3799 1.383682e-05
3800 8.019844e-06
3801 0.0007868353
3802 3.0566e-05
3803 1.32373e-05
3804 4.682223e-05
3805 9.635565e-06
3806 0.0001018628
3807 0.0036108
3808 0.0005743153
3809 0.009266647
3810 0.0005435608
3811 0.008238712
3812 0.08715536
3813 0.0009254932
3814 0.02025815
3815 0.0002284777
3816 3.605621e-06
3817 1.748715e-05
3818 0.002950419
3819 0.3786513
3820 5.789166e-05
3821 9.041492e-06
3822 0.4365654
3823 0.004595752
3824 0.0004590269
3825 0.0002073811
3826 0.01961159
3827 0.0002578721
3828 0.4887418
3829 0.03421577
3830 1.319561e-06
3831 0.0001933168
3832 7.260248e-05
3833 0.6752608
3834 0.0001423283
3835 0.0006505963
3836 0.01221808
3837 0.004172036
3838 0.07727
3839 0.0005732643
3840 0.1188391
3841 8.702391e-06
3842 0.0006210126
3843 1.87158e-05
3844 1.17986e-05
3845 2.066256e-05
3846 0.009995431
3847 0.01602452
3848 0.0004835549
3849 0.0007855466
3850 7.672622e-06
3851 0.000448189
3852 0.245482
3853 0.0008525262
3854 0.01546283
3855 2.111159e-05
3856 0.6895183
3857 0.0001640739
3858 7.203325e-06
3859 2.080143e-05
3860 0.0007363507
3861 0.009507524
3862 1.267741e-05
3863 0.000152032
3864 0.001784831
3865 0.000114258
3866 0.118767
3867 0.01103003
3868 0.0001226949
3869 9.289328e-06
3870 1.367404e-05
3871 0.445478
3872 0.007617627
3873 0.571596
3874 0.0009428912
3875 0.0001730212
3876 0.0006651204
3877 7.685327e-05
3878 0.01860434
3879 0.0002602154
3880 0.02417065
3881 2.175086e-05
3882 0.0001460003
3883 0.0002403149
3884 0.0004232552
3885 0.0006997256
3886 1.929232e-05
3887 0.003781805
3888 1.105759e-05
3889 0.0001727898
3890 0.0001145779
3891 0.0002939856
3892 5.231635e-07
3893 2.075288e-05
3894 0.0005280372
3895 0.0002505671
3896 0.00190579
3897 0.002026975
3898 1.307704e-05
3899 1.983251e-05
3900 0.0002476918
3901 4.025959e-06
3902 5.291143e-05
3903 0.93779
3904 1.084241e-05
3905 0.0001469926
3906 0.9740049
3907 3.81944e-06
3908 0.1178491
3909 0.0001985648
3910 2.027567e-06
3911 0.05153156
3912 2.989665e-06
3913 2.378993e-05
3914 0.0003353731
3915 2.104131e-05
3916 0.007845763
3917 2.666729e-05
3918 0.0005505437
3919 0.001193242
3920 1.609305e-05
3921 2.763354e-05
3922 0.0003412727
3923 0.1141953
3924 2.80633e-05
3925 7.922775e-06
3926 0.006050374
3927 0.4349962
3928 0.001848314
3929 0.02358468
3930 0.002905609
3931 0.1925858
3932 0.0003143457
3933 3.769049e-05
3934 0.000519103
3935 0.002964721
3936 0.000228189
3937 0.0008122945
3938 0.003297584
3939 0.002555906
3940 0.5176594
3941 0.7004293
3942 9.080504e-05
3943 0.000330354
3944 9.596715e-05
3945 1.301113e-05
3946 0.1628968
3947 0.000493636
3948 2.988508e-05
3949 0.0005246545
3950 1.460899e-05
3951 2.780345e-06
3952 1.437866e-05
3953 8.460342e-05
3954 0.001613889
3955 1.272216e-05
3956 7.900223e-06
3957 0.0001277317
3958 3.119503e-05
3959 1.479539e-05
3960 1.404158e-06
3961 2.122823e-05
3962 9.037931e-05
3963 0.7070405
3964 0.002351836
3965 3.55734e-06
3966 0.00200315
3967 0.0001934416
3968 4.680082e-06
3969 3.320898e-05
3970 0.001244184
3971 4.402537e-06
3972 0.008199804
3973 0.005422954
3974 1.854949e-05
3975 1.720401e-05
3976 7.407013e-07
3977 1.974552e-05
3978 0.003886038
3979 0.00900724
3980 4.671954e-06
3981 0.000615536
3982 0.2347812
3983 0.4072132
3984 3.870892e-05
3985 0.001517712
3986 3.071909e-05
3987 0.2008897
3988 1.354119e-05
3989 0.9583977
3990 6.602823e-06
3991 0.0281962
3992 0.09115278
3993 0.9800301
3994 1.705812e-05
3995 8.932239e-06
3996 0.0002803834
3997 0.05786885
3998 0.0001772827
3999 0.0002346941
4000 0.0008246382
4001 0.008073003
4002 0.0131754
4003 0.00233698
4004 0.6343434
4005 0.0003428578
4006 0.0399745
4007 0.0002068501
4008 0.3994732
4009 3.209986e-05
4010 0.0002016324
4011 0.02763783
4012 0.0001557805
4013 2.052627e-06
4014 0.0001720449
4015 0.1192468
4016 0.00270424
4017 0.004091097
4018 6.208691e-06
4019 0.842884
4020 0.004498177
4021 1.702584e-05
4022 0.8824473
4023 8.905716e-06
4024 0.2825544
4025 0.005172447
4026 0.00151503
4027 0.001062848
4028 1.288623e-05
4029 0.0003524851
4030 0.1624912
4031 0.0002089899
4032 0.9702647
4033 2.28184e-05
4034 0.06662904
4035 0.003196928
4036 1.765581e-05
4037 6.838415e-05
4038 0.06819526
4039 0.0001355325
4040 4.372761e-05
4041 7.503169e-05
4042 0.001049573
4043 0.0001490078
4044 0.005475512
4045 0.002255459
4046 0.008514063
4047 0.0004716517
4048 0.0002288901
4049 0.0007069098
4050 0.00412143
4051 9.507957e-05
4052 5.736692e-06
4053 0.0003600947
4054 0.007060813
4055 0.08887749
4056 0.6072144
4057 0.1253129
4058 0.2038654
4059 0.0003838647
4060 0.01042965
4061 0.001646977
4062 4.359818e-07
4063 3.194483e-05
4064 1.256577e-06
4065 0.02114921
4066 0.0002460716
4067 0.0005071388
4068 0.7313234
4069 0.0001879536
4070 0.1695253
4071 1.410331e-05
4072 0.1671681
4073 0.001750767
4074 2.865224e-05
4075 0.0006519552
4076 0.001845336
4077 0.1806149
4078 0.0006996555
4079 0.2965674
4080 0.006382406
4081 1.012817e-05
4082 0.0002184238
4083 1.754543e-05
4084 0.00013482
4085 0.0003936159
4086 0.006368442
4087 0.0002862551
4088 0.001076778
4089 0.001045824
4090 2.830699e-06
4091 0.0008477099
4092 1.18998e-05
4093 9.930774e-06
4094 0.0002980949
4095 0.6478862
4096 0.5955641
4097 0.001768718
4098 5.994895e-06
4099 1.468916e-05
4100 8.324906e-06
4101 0.1520475
4102 0.5372594
4103 0.0009946453
4104 2.540531e-05
4105 0.1506737
4106 0.1367937
4107 0.006892444
4108 0.9725081
4109 0.0003452891
4110 3.156643e-05
4111 0.2714353
4112 0.0004160098
4113 2.098552e-05
4114 0.7933469
4115 7.414408e-06
4116 1.601832e-05
4117 1.103492e-05
4118 1.159369e-05
4119 0.0003807107
4120 0.0001183597
4121 1.075785e-05
4122 4.842937e-05
4123 4.355028e-05
4124 0.0001327458
4125 0.0001309617
4126 0.002637466
4127 0.002284401
4128 1.319316e-06
4129 3.472867e-05
4130 0.002850878
4131 0.147425
4132 0.001346486
4133 2.264851e-05
4134 0.01843386
4135 0.02653085
4136 3.92958e-05
4137 1.183043e-05
4138 3.165769e-06
4139 3.770959e-05
4140 0.0003075043
4141 0.2600074
4142 8.36691e-05
4143 3.237303e-05
4144 0.004398228
4145 0.002969681
4146 0.00334815
4147 0.0002855205
4148 0.08795366
4149 1.398793e-05
4150 0.0002538948
4151 0.02815945
4152 0.01330299
4153 0.0001208016
4154 5.109678e-06
4155 0.005574934
4156 0.0002172812
4157 0.0002633288
4158 2.624463e-05
4159 0.000171291
4160 0.001689313
4161 0.01449587
4162 2.348953e-05
4163 0.05537547
4164 6.636488e-05
4165 0.3195105
4166 0.3224103
4167 0.0002254342
4168 2.13163e-05
4169 1.621489e-05
4170 0.0002274739
4171 5.3873e-05
4172 0.0001696218
4173 0.1861039
4174 0.001411883
4175 0.002117627
4176 7.56868e-06
4177 2.679619e-05
4178 0.0001092447
4179 0.006414958
4180 2.660186e-05
4181 0.01550296
4182 0.2349561
4183 0.008075667
4184 0.0172718
4185 0.01345534
4186 0.03630127
4187 3.401897e-06
4188 8.881341e-06
4189 0.0005151712
4190 0.0003882696
4191 0.001163301
4192 1.616739e-05
4193 0.0003592153
4194 7.985952e-05
4195 0.000145342
4196 0.004006025
4197 0.8650007
4198 0.187443
4199 0.009472757
4200 0.001382078
4201 0.0002510468
4202 0.0003356576
4203 2.710492e-05
4204 1.621938e-06
4205 6.590688e-06
4206 0.0001633047
4207 0.005001519
4208 0.0003984287
4209 9.024911e-06
4210 0.00401526
4211 1.274765e-05
4212 0.03490217
4213 1.835973e-05
4214 1.061457e-05
4215 0.02783737
4216 2.221163e-05
4217 1.3021e-05
4218 0.03028384
4219 2.138527e-05
4220 5.939068e-05
4221 0.0004726114
4222 4.276546e-06
4223 0.74203
4224 0.2637478
4225 0.004147353
4226 0.0001022928
4227 1.014892e-05
4228 0.0001428218
4229 0.005970775
4230 0.000554168
4231 1.738256e-05
4232 1.784545e-05
4233 9.941484e-06
4234 4.277798e-05
4235 0.0003883228
4236 0.0002306306
4237 1.285028e-05
4238 0.1986011
4239 1.546475e-06
4240 0.0002471606
4241 8.123593e-05
4242 1.969447e-05
4243 0.0001249461
4244 0.00437608
4245 0.0004861078
4246 1.099824e-05
4247 0.891712
4248 0.001092744
4249 0.0005232836
4250 1.588192e-05
4251 0.1125744
4252 0.005878944
4253 0.0002447455
4254 1.255577e-05
4255 0.0001434635
4256 2.67547e-05
4257 0.7033374
4258 6.490867e-05
4259 0.00713182
4260 0.2678605
4261 0.00068678
4262 0.3669647
4263 0.0002084713
4264 7.980116e-07
4265 5.699695e-06
4266 3.396751e-05
4267 0.006518088
4268 0.001203803
4269 0.8598026
4270 0.004293778
4271 8.5427e-06
4272 0.01778381
4273 0.1352363
4274 1.26291e-05
4275 0.002594159
4276 0.0001419141
4277 0.001910775
4278 6.777491e-05
4279 8.258047e-06
4280 1.012239e-05
4281 0.174108
4282 0.08719558
4283 0.00160889
4284 3.623919e-05
4285 1.888858e-05
4286 1.033079e-05
4287 3.07876e-05
4288 0.002571163
4289 0.0001833336
4290 1.896266e-05
4291 0.00664156
4292 0.1926406
4293 0.000945461
4294 1.04159e-05
4295 0.0005827228
4296 0.02499945
4297 8.017709e-06
4298 0.002843846
4299 0.001645538
4300 0.0003622445
4301 1.145292e-05
4302 0.0002721408
4303 0.0003074358
4304 0.0001976106
4305 1.810743e-05
4306 0.0006504274
4307 2.091557e-05
4308 2.981855e-05
4309 1.141782e-05
4310 0.05035628
4311 0.002836772
4312 0.00608611
4313 0.04914667
4314 0.005773125
4315 0.001693639
4316 0.0005576258
4317 1.291154e-05
4318 5.087532e-06
4319 0.002159306
4320 1.341304e-05
4321 1.832722e-05
4322 7.6752e-06
4323 0.000160562
4324 0.4900203
4325 5.141665e-06
4326 1.765308e-05
4327 0.000123122
4328 0.0001728137
4329 0.00672291
4330 0.0009697743
4331 2.014739e-06
4332 0.001929207
4333 2.460959e-05
4334 0.0001481547
4335 0.24994
4336 0.04902891
4337 0.0005056394
4338 0.000466324
4339 0.006647224
4340 0.0003180978
4341 0.02882678
4342 0.2372791
4343 0.0004842104
4344 0.0001922522
4345 6.540382e-05
4346 7.43395e-06
4347 0.21702
4348 9.789627e-06
4349 0.0001815086
4350 1.312596e-05
4351 4.73225e-05
4352 0.0004096341
4353 0.0001925597
4354 0.06749819
4355 0.1116376
4356 0.0002018176
4357 0.0003056661
4358 0.002504794
4359 2.694053e-05
4360 0.0003395668
4361 0.0003634244
4362 0.0002481395
4363 0.001674628
4364 6.034774e-05
4365 0.0003400676
4366 0.0001740738
4367 4.018782e-05
4368 0.007583943
4369 0.0001027788
4370 0.01194852
4371 0.003357974
4372 2.359459e-05
4373 0.0005654502
4374 1.257986e-05
4375 0.001915254
4376 0.02114576
4377 0.004813751
4378 0.0002632132
4379 0.0006420581
4380 9.486995e-06
4381 3.343465e-05
4382 1.418586e-05
4383 0.0005416386
4384 0.7040353
4385 0.170282
4386 1.532276e-05
4387 1.168604e-05
4388 0.0004488471
4389 0.0001138604
4390 0.0002226142
4391 0.0003862675
4392 0.001036666
4393 0.004938986
4394 0.01962268
4395 1.382392e-05
4396 4.365483e-06
4397 0.05317315
4398 8.79563e-05
4399 0.0002542281
4400 0.527422
4401 2.511811e-05
4402 3.252686e-05
4403 3.520728e-06
4404 7.295132e-06
4405 0.01812888
4406 4.68584e-06
4407 0.0001784403
4408 4.607467e-05
4409 0.00229245
4410 2.134066e-05
4411 6.689467e-06
4412 0.1982328
4413 2.009403e-05
4414 1.295207e-06
4415 0.0001266062
4416 0.0001552803
4417 0.0002416635
4418 0.0004591144
4419 6.410323e-06
4420 0.0004146756
4421 0.0642459
4422 5.004786e-06
4423 5.346303e-05
4424 1.403547e-05
4425 3.46596e-05
4426 0.004388109
4427 0.0008732904
4428 0.2352175
4429 0.000878671
4430 0.0003627976
4431 3.839461e-05
4432 0.0006859575
4433 6.549816e-06
4434 0.5679181
4435 4.550129e-05
4436 2.149317e-06
4437 1.137275e-05
4438 2.35969e-06
4439 0.03235224
4440 2.451679e-05
4441 0.001335276
4442 0.004499173
4443 0.00111278
4444 0.3342081
4445 1.856743e-05
4446 0.0001634584
4447 0.002307368
4448 0.5237988
4449 1.822689e-05
4450 0.007214532
4451 0.0003589179
4452 0.6332813
4453 3.004268e-06
4454 0.0005865086
4455 1.614149e-05
4456 0.04528365
4457 0.3247802
4458 0.0002841923
4459 0.0004744311
4460 1.957682e-05
4461 2.382304e-05
4462 0.0006252013
4463 3.92726e-06
4464 0.2747857
4465 0.8342886
4466 0.0001411842
4467 0.0003011862
4468 0.5443525
4469 0.00603845
4470 0.06685628
4471 0.001272568
4472 0.000105356
4473 0.00118912
4474 0.0005408702
4475 0.2149758
4476 0.0001013339
4477 0.0004605902
4478 0.0009263772
4479 0.4785949
4480 0.000385251
4481 4.280217e-06
4482 0.000482987
4483 0.01337589
4484 2.141688e-05
4485 1.979441e-06
4486 0.0001426442
4487 0.0008640632
4488 0.01110286
4489 2.005577e-06
4490 1.983604e-05
4491 0.001532533
4492 0.006487292
4493 0.8737579
4494 3.110208e-05
4495 1.973898e-05
4496 0.002316662
4497 5.803479e-06
4498 0.00010489
4499 0.0001690944
4500 1.073735e-05
4501 0.3923609
4502 2.420858e-05
4503 0.0002490626
4504 0.1891152
4505 0.001436697
4506 0.01786186
4507 0.0001026721
4508 0.00156479
4509 0.02943806
4510 0.0003668945
4511 0.000103172
4512 1.619545e-05
4513 1.191015e-05
4514 0.4226406
4515 0.008143248
4516 0.0002654776
4517 0.004788782
4518 0.0007181431
4519 0.0001040257
4520 0.0008598801
4521 6.362386e-06
4522 0.5416832
4523 0.02358308
4524 0.0003294198
4525 0.07449318
4526 8.675304e-05
4527 0.0001667774
4528 0.003511561
4529 5.206205e-06
4530 0.1864382
4531 0.03672917
4532 0.05936066
4533 0.0002113815
4534 5.067582e-06
4535 1.541113e-05
4536 0.0002259725
4537 1.539397e-05
4538 9.458108e-06
4539 0.000239323
4540 0.001090419
4541 0.0002767696
4542 0.0003340251
4543 0.001100303
4544 2.467609e-05
4545 0.006907159
4546 0.02714763
4547 0.0003883023
4548 3.730477e-05
4549 0.0003264477
4550 0.001019692
4551 0.0001953172
4552 0.003238838
4553 0.001507021
4554 0.0006647883
4555 0.0002063208
4556 3.759321e-05
4557 1.33605e-05
4558 0.0006312132
4559 0.6270947
4560 0.01534287
4561 0.0001763994
4562 0.0003059593
4563 0.0004015251
4564 0.0001587977
4565 0.2186266
4566 4.349581e-06
4567 8.431359e-05
4568 0.0002482332
4569 2.280912e-05
4570 0.01170761
4571 9.136862e-05
4572 2.452076e-05
4573 0.0264381
4574 0.0001425074
4575 3.37463e-05
4576 0.0001053914
4577 0.0001288356
4578 0.0007047553
4579 0.02913091
4580 1.029955e-06
4581 7.859351e-06
4582 0.00483213
4583 2.029875e-05
4584 1.006845e-05
4585 0.007413769
4586 0.08734632
4587 0.001318861
4588 0.9255202
4589 0.0001543977
4590 3.282897e-05
4591 0.6157526
4592 0.0001685587
4593 1.186561e-05
4594 0.003237832
4595 0.9708473
4596 0.0004570433
4597 1.802418e-05
4598 0.001638988
4599 0.5857709
4600 2.782361e-07
4601 2.137854e-05
4602 0.3101174
4603 0.01168933
4604 0.0007266786
4605 0.0002029534
4606 1.766562e-05
4607 0.004233695
4608 0.0001733906
4609 0.008961705
4610 3.08702e-05
4611 3.990808e-05
4612 4.046936e-05
4613 4.753556e-05
4614 2.339587e-06
4615 0.001092717
4616 4.401508e-05
4617 0.01999575
4618 0.00103303
4619 0.08149352
4620 0.0002429361
4621 3.362273e-05
4622 0.0239172
4623 5.45473e-06
4624 0.0004550688
4625 0.0002289028
4626 2.031099e-05
4627 0.0001678408
4628 0.0002185387
4629 0.002109421
4630 2.538022e-05
4631 3.812782e-05
4632 5.759262e-06
4633 0.0004935755
4634 0.01248523
4635 0.0001573864
4636 0.06970699
4637 0.1429693
4638 0.0004849319
4639 7.289386e-06
4640 1.137882e-06
4641 0.1198891
4642 0.002201613
4643 0.01425475
4644 3.920719e-05
4645 1.148354e-05
4646 0.0003015553
4647 1.238498e-05
4648 0.0001546018
4649 1.842797e-06
4650 5.283524e-06
4651 2.778958e-05
4652 2.467245e-05
4653 0.0008507213
4654 0.3013027
4655 0.1602899
4656 0.03169342
4657 0.04874417
4658 0.0008992124
4659 0.02055577
4660 1.967573e-05
4661 0.03308437
4662 4.789169e-06
4663 3.185857e-06
4664 0.02259135
4665 1.403392e-05
4666 0.002386588
4667 0.02571921
4668 0.004642909
4669 0.04978009
4670 0.09151153
4671 0.8927879
4672 2.665817e-05
4673 9.478299e-07
4674 0.01224768
4675 0.002912237
4676 0.0004899533
4677 0.8297553
4678 0.0005790574
4679 1.792168e-05
4680 0.009264851
4681 0.000638282
4682 1.485731e-05
4683 3.290391e-05
4684 1.164666e-06
4685 0.09823787
4686 1.10289e-05
4687 0.0001513034
4688 0.0002983355
4689 1.278948e-05
4690 0.003769271
4691 0.005778604
4692 1.229718e-05
4693 0.01707404
4694 1.078483e-05
4695 0.000308825
4696 8.43765e-06
4697 1.203787e-05
4698 9.966966e-05
4699 3.31895e-06
4700 0.002208413
4701 0.0001474063
4702 0.0003300097
4703 0.0002762714
4704 0.1155154
4705 0.5631401
4706 0.1164779
4707 0.007554256
4708 0.0002840564
4709 8.516375e-06
4710 0.002697616
4711 0.00371181
4712 0.009990231
4713 0.04425196
4714 0.0004693581
4715 0.02119974
4716 8.733082e-06
4717 0.1097757
4718 0.004692629
4719 0.0001186526
4720 0.1386628
4721 0.008549468
4722 2.09716e-06
4723 6.213707e-06
4724 0.001051826
4725 0.0001092746
4726 6.850657e-06
4727 0.002237835
4728 0.0002848255
4729 1.1683e-05
4730 0.01363206
4731 0.0001103837
4732 1.939609e-05
4733 0.08889496
4734 0.0005478482
4735 0.0005492826
4736 0.08208759
4737 1.111527e-05
4738 6.732878e-05
4739 0.003849875
4740 0.0001391358
4741 1.599677e-05
4742 2.606918e-06
4743 4.234497e-05
4744 7.847393e-06
4745 0.001820831
4746 0.04688492
4747 0.0004178172
4748 0.0001488132
4749 0.0001837622
4750 0.0005016516
4751 0.03426516
4752 0.00047459
4753 0.004270064
4754 0.002330822
4755 0.02258282
4756 1.031045e-05
4757 5.288699e-06
4758 1.27688e-05
4759 0.0002568368
4760 1.744817e-05
4761 0.0005282348
4762 0.0007245908
4763 0.0001699513
4764 0.0001364758
4765 0.05649483
4766 6.561361e-06
4767 0.001056939
4768 5.354987e-07
4769 8.835962e-06
4770 0.0002202442
4771 8.996853e-05
4772 0.6882113
4773 1.889319e-05
4774 0.01840271
4775 0.3836402
4776 8.177608e-06
4777 0.005990849
4778 2.334829e-05
4779 0.0007681412
4780 0.2907842
4781 0.3969673
4782 0.001588097
4783 0.001123396
4784 0.0006942063
4785 0.004867949
4786 1.152563e-05
4787 1.510546e-05
4788 0.0001469068
4789 2.946102e-05
4790 0.000451923
4791 0.0001898353
4792 0.004069867
4793 0.0005887799
4794 0.1020147
4795 0.0208955
4796 0.001503822
4797 0.0001461017
4798 0.3391129
4799 0.0002175282
4800 0.7036956
4801 0.4369231
4802 0.001392987
4803 1.905644e-05
4804 0.4156534
4805 0.000104752
4806 1.320692e-06
4807 4.705487e-06
4808 1.143412e-06
4809 2.468715e-05
4810 1.088856e-05
4811 0.001340325
4812 4.421039e-06
4813 0.0002997132
4814 1.55257e-05
4815 0.01397438
4816 0.6975155
4817 0.0005738971
4818 0.0002198836
4819 0.002216042
4820 2.875752e-06
4821 0.01316408
4822 1.925762e-05
4823 0.06760986
4824 0.0002565974
4825 4.108369e-06
4826 0.0003819128
4827 0.0009452657
4828 0.000937708
4829 0.0003481712
4830 0.0002107921
4831 0.1102143
4832 5.076438e-06
4833 0.001734534
4834 0.0001741536
4835 3.809591e-06
4836 0.004521055
4837 0.0003628312
4838 0.00609929
4839 1.294422e-05
4840 0.0002910136
4841 0.002320819
4842 1.152871e-05
4843 7.813809e-05
4844 0.0005578207
4845 0.0001267274
4846 0.0002005027
4847 4.614791e-06
4848 0.00117405
4849 0.0004555812
4850 0.0002594258
4851 4.665837e-05
4852 0.6075453
4853 6.018629e-06
4854 1.388179e-05
4855 0.5388331
4856 0.01330634
4857 8.540074e-07
4858 0.006128095
4859 2.238373e-05
4860 0.01805624
4861 0.04995146
4862 0.08488356
4863 0.0002154819
4864 1.794286e-05
4865 0.2964652
4866 0.0007603919
4867 0.0009882168
4868 0.005415915
4869 0.00142553
4870 0.3741648
4871 0.4305838
4872 0.01520386
4873 0.2323424
4874 6.908052e-06
4875 2.193214e-06
4876 0.2357781
4877 0.0006256462
4878 0.1725565
4879 0.003815827
4880 8.22435e-05
4881 7.083281e-06
4882 0.4412235
4883 3.619598e-05
4884 0.0001323915
4885 0.0001037837
4886 1.581325e-05
4887 6.179045e-06
4888 3.112947e-05
4889 3.155313e-06
4890 5.394613e-05
4891 0.6781395
4892 0.8338997
4893 0.4793838
4894 0.0007568628
4895 0.0003407978
4896 0.08910716
4897 1.717939e-05
4898 0.0001886418
4899 0.08783491
4900 0.9513071
4901 0.007631148
4902 0.0002988833
4903 0.0002168527
4904 0.0001140272
4905 0.0005599299
4906 0.0002391554
4907 0.0001115281
4908 0.0002109949
4909 0.3553915
4910 0.0002111185
4911 2.634681e-05
4912 0.08150215
4913 6.929263e-06
4914 0.0001053342
4915 0.003780693
4916 5.182693e-05
4917 0.01101478
4918 0.002025958
4919 0.001466786
4920 0.002899573
4921 0.05163511
4922 0.006649031
4923 1.107801e-06
4924 6.666555e-05
4925 0.0003019564
4926 0.06967475
4927 0.002836789
4928 1.212194e-05
4929 5.9579e-06
4930 0.2133094
4931 0.0001201646
4932 0.01498452
4933 0.920405
4934 0.0003545763
4935 0.0009859203
4936 0.4748608
4937 0.00190624
4938 0.0002100451
4939 0.002034768
4940 1.159594e-05
4941 1.399827e-05
4942 2.003412e-06
4943 0.001215353
4944 0.001672336
4945 3.443116e-05
4946 3.515926e-06
4947 0.003249286
4948 0.0001423568
4949 0.1862936
4950 1.049157e-05
4951 0.05271769
4952 4.244109e-06
4953 0.0004211842
4954 0.1380984
4955 7.182769e-06
4956 7.411647e-06
4957 2.527404e-05
4958 0.0003340903
4959 0.0001449116
4960 4.100888e-05
4961 0.3402051
4962 2.136845e-05
4963 0.001257131
4964 0.001148658
4965 0.001187792
4966 2.009483e-05
4967 0.0006155702
4968 8.202855e-06
4969 0.002450732
4970 0.00117903
4971 0.3252618
4972 2.24944e-05
4973 1.1233e-05
4974 0.007283538
4975 0.0002185943
4976 0.0637279
4977 4.905367e-06
4978 0.0002286126
4979 8.392175e-06
4980 5.197029e-06
4981 0.0003860802
4982 0.7020603
4983 0.005056204
4984 8.586255e-06
4985 0.03675034
4986 0.006633768
4987 2.157957e-05
4988 0.001617901
4989 9.254727e-06
4990 0.001787161
4991 0.0002134142
4992 0.0006159753
4993 0.00287508
4994 0.0004901794
4995 0.04870938
4996 1.816356e-05
4997 0.04386603
4998 0.000609516
4999 0.0001970009
5000 1.582437e-05
