1 0.6770571
2 0.388979
3 0.1576566
4 0.668672
5 0.5563162
6 0.1042368
7 0.09176531
8 0.03819198
9 0.6437304
10 0.8727991
11 0.2539867
12 0.3134689
13 0.3153493
14 0.8860001
15 0.4266021
16 0.5514977
17 0.4073523
18 0.6444693
19 0.5743256
20 0.972418
21 0.3100448
22 0.06641729
23 0.2869376
24 0.02663033
25 0.5690997
26 0.7107072
27 0.3228715
28 0.9957624
29 0.7524703
30 0.7978497
31 0.01343042
32 0.2104071
33 0.9966804
34 0.4202004
35 0.3537782
36 0.9612131
37 0.2048235
38 0.8011071
39 0.06063754
40 0.9828852
41 0.7544121
42 0.5929623
43 0.2213617
44 0.8842159
45 0.6382784
46 0.6171577
47 0.4015289
48 0.4026224
49 0.5110163
50 0.7546102
51 0.8585198
52 0.6541095
53 0.3561933
54 0.9564289
55 0.4100443
56 0.5822796
57 0.3367116
58 0.7723712
59 0.253853
60 0.08548731
61 0.6371382
62 0.2827578
63 0.8628525
64 0.3403982
65 0.148729
66 0.3862101
67 0.4839503
68 0.1520629
69 0.3275262
70 0.5370526
71 0.3757828
72 0.3016406
73 0.2924582
74 0.04705787
75 0.07985038
76 0.8479493
77 0.3280444
78 0.7521407
79 0.2399608
80 0.7534378
81 0.6058857
82 0.4185326
83 0.2507002
84 0.8283959
85 0.9419145
86 0.1637908
87 0.3961642
88 0.3056694
89 0.8263886
90 0.5742466
91 0.4827622
92 0.03068637
93 0.6722895
94 0.2453562
95 0.5402632
96 0.8479971
97 0.2776987
98 0.5153877
99 0.4084895
100 0.8607612
101 0.2696199
102 0.5106574
103 0.8845916
104 0.8580567
105 0.901072
106 0.4778174
107 0.2762714
108 0.9906197
109 0.397284
110 0.2768555
111 0.394082
112 0.4804237
113 0.174387
114 0.8582423
115 0.826319
116 0.2138714
117 0.245501
118 0.8040208
119 0.1515932
120 0.9525088
121 0.07596369
122 0.07716208
123 0.2025423
124 0.4215389
125 0.4041441
126 0.2182667
127 0.514729
128 0.4080111
129 0.4062735
130 0.4666772
131 0.6201647
132 0.3892488
133 0.8755141
134 0.6790263
135 0.4750462
136 0.3443099
137 0.5620678
138 0.6343189
139 0.1190401
140 0.3049007
141 0.07347661
142 0.6466184
143 0.2278016
144 0.0365373
145 0.1165047
146 0.3172731
147 0.1375657
148 0.201271
149 0.8634244
150 0.3925063
151 0.1804047
152 0.7233778
153 0.8440126
154 0.4013065
155 0.1273602
156 0.0001302358
157 0.5978427
158 0.3181221
159 0.001151316
160 0.9555885
161 0.2050056
162 0.1889389
163 0.210491
164 0.7963907
165 0.9385998
166 0.6474091
167 0.5715457
168 0.08664893
169 0.186337
170 0.9027163
171 0.9904086
172 0.2153878
173 0.7400482
174 0.4897658
175 0.2938646
176 0.2337646
177 0.1493231
178 0.453347
179 0.5632405
180 0.7544625
181 0.8906454
182 0.6421869
183 0.2040709
184 0.2080988
185 0.02822409
186 0.879031
187 0.4102447
188 0.3440141
189 0.7871697
190 0.6340119
191 0.03215373
192 0.006906341
193 0.9348789
194 0.8630847
195 0.9634856
196 0.9246304
197 0.9830126
198 0.09992659
199 0.9526156
200 0.5111932
201 0.7279458
202 0.02486309
203 0.2229855
204 0.8094298
205 0.01658445
206 0.7815575
207 0.8978592
208 0.4345404
209 0.6506702
210 0.3915443
211 0.3214987
212 0.98742
213 0.07137268
214 0.249262
215 0.2068069
216 0.9280051
217 0.8549603
218 0.09753258
219 0.9195413
220 0.262673
221 0.9654835
222 0.1002765
223 0.4880247
224 0.2622458
225 0.5222293
226 0.9880803
227 0.6452531
228 0.2796076
229 0.2408751
230 0.8173706
231 0.6609918
232 0.7962332
233 0.32233
234 0.8573788
235 0.7987322
236 0.5308831
237 0.6060027
238 0.04215341
239 0.2373776
240 0.4117137
241 0.6699482
242 0.423401
243 0.578252
244 0.08897606
245 0.9914553
246 0.3332175
247 0.5656484
248 0.3030212
249 0.01082741
250 0.8350776
251 0.2990339
252 0.1983385
253 0.2564441
254 0.2888052
255 0.5676911
256 0.06516753
257 0.4214444
258 0.2401962
259 0.07395739
260 0.624356
261 0.9155089
262 0.3549153
263 0.9398471
264 0.4351683
265 0.653116
266 0.7547572
267 0.9463232
268 0.8856209
269 0.1968453
270 0.8187902
271 0.3092691
272 0.6712945
273 0.7471413
274 0.8726237
275 0.8679175
276 0.6571623
277 0.6025133
278 0.3164277
279 0.0006265195
280 0.6842089
281 0.8769147
282 0.8824402
283 0.0686118
284 0.1252272
285 0.4295762
286 0.8555532
287 0.03256966
288 0.1337067
289 0.5553884
290 0.2279776
291 0.27142
292 0.594271
293 0.5300898
294 0.8750429
295 0.9899923
296 0.009002901
297 0.390561
298 0.1067044
299 0.5772983
300 0.9157533
301 0.8559178
302 0.2164331
303 0.07940488
304 0.08565259
305 0.4794771
306 0.6767587
307 0.4815392
308 0.7200633
309 0.4526644
310 0.4291523
311 0.09247926
312 0.5400552
313 0.1577478
314 0.2826298
315 0.6802049
316 0.5072783
317 0.1585846
318 0.8885288
319 0.5062693
320 0.1693979
321 0.1979938
322 0.561648
323 0.1902382
324 0.6413979
325 0.0537547
326 0.8004786
327 0.7675917
328 0.75904
329 0.0706245
330 0.2846052
331 0.8100778
332 0.8201484
333 0.6909794
334 0.5608306
335 0.915439
336 0.5690958
337 0.3699364
338 0.5502729
339 0.004018584
340 0.6339356
341 0.3537249
342 0.4927808
343 0.4506314
344 0.3767968
345 0.6190729
346 0.444235
347 0.3911844
348 0.7459027
349 0.1490031
350 0.3292638
351 0.6096464
352 0.04077472
353 0.02635202
354 0.5486768
355 0.7433102
356 0.207767
357 0.07148892
358 0.2356358
359 0.5811228
360 0.8233168
361 0.6051191
362 0.02147732
363 0.438485
364 0.935863
365 0.9196197
366 0.8380208
367 0.1577003
368 0.8741633
369 0.6175575
370 0.2649693
371 0.6565952
372 0.2674191
373 0.5551359
374 0.6349145
375 0.4676523
376 0.1089268
377 0.6315597
378 0.1660796
379 0.5511967
380 0.8325565
381 0.5378079
382 0.3211239
383 0.559973
384 0.1568963
385 0.8499758
386 0.4043385
387 0.1779096
388 0.5009879
389 0.3357971
390 0.007522218
391 0.2657175
392 0.9644952
393 0.264764
394 0.009076244
395 0.1171612
396 0.875658
397 0.1087202
398 0.3130185
399 0.1808897
400 0.626018
401 0.6045691
402 0.4474996
403 0.1965636
404 0.1231082
405 0.5133068
406 0.3999944
407 0.973396
408 0.05104363
409 0.5109179
410 0.9223637
411 0.3911236
412 0.3274122
413 0.1627661
414 0.9449764
415 0.1873313
416 0.04254683
417 0.218241
418 0.2862665
419 0.8328029
420 0.9825886
421 0.8798458
422 0.1833921
423 0.3911561
424 0.3710396
425 0.6915268
426 0.9966889
427 0.2376858
428 0.5102087
429 0.1316857
430 0.3573136
431 0.06886184
432 0.7487694
433 0.3520263
434 0.3351935
435 0.677865
436 0.6289404
437 0.08119155
438 0.1475313
439 0.1640438
440 0.2524808
441 0.5590575
442 0.3077887
443 0.3969448
444 0.08058372
445 0.3908058
446 0.003918157
447 0.8763731
448 0.9431174
449 0.9641962
450 0.729144
451 0.01377693
452 0.9964204
453 0.3954874
454 0.834417
455 0.8044919
456 0.9194366
457 0.2513806
458 0.2924591
459 0.2138425
460 0.5022484
461 0.8595317
462 0.4052207
463 0.1925009
464 0.2032907
465 0.1443018
466 0.4264722
467 0.01571184
468 0.07271255
469 0.9587604
470 0.001053681
471 0.3399613
472 0.4771851
473 0.6465403
474 0.5409593
475 0.7561277
476 0.6138899
477 0.973513
478 0.8433138
479 0.211435
480 0.539456
481 0.3680839
482 0.02433295
483 0.2087781
484 0.3366856
485 0.2238629
486 0.1498806
487 0.1415451
488 0.8738845
489 0.5166464
490 0.6161891
491 0.3740625
492 0.09496296
493 0.5256428
494 0.6672875
495 0.03951636
496 0.9239041
497 0.6028056
498 0.2413592
499 0.1276652
500 0.4613209
501 0.5295492
502 0.5838917
503 0.7162959
504 0.4290107
505 0.2071063
506 0.6461024
507 0.3716883
508 0.1552673
509 0.01135759
510 0.1933515
511 0.01194438
512 0.6626896
513 0.3532108
514 0.003139964
515 0.3957848
516 0.731577
517 0.5733244
518 0.7976566
519 0.04152088
520 0.06001546
521 0.01653691
522 0.01483053
523 0.6131041
524 0.03462547
525 0.08284349
526 0.1326182
527 0.02205645
528 0.3375729
529 0.1200344
530 0.511714
531 0.5699672
532 0.2861629
533 0.684012
534 0.03282875
535 0.8279038
536 0.05920361
537 0.8518822
538 0.1104812
539 0.08624403
540 0.7542855
541 0.01886567
542 0.2009722
543 0.5027908
544 0.1172029
545 0.6189759
546 0.08861139
547 0.5788463
548 0.9452402
549 0.9418208
550 0.1262519
551 0.26234
552 0.1137363
553 0.05368496
554 0.0657372
555 0.02625323
556 0.3603789
557 0.08398336
558 0.7166196
559 0.3766491
560 0.8692786
561 0.5552111
562 0.9356799
563 0.001844522
564 0.2357212
565 0.1186574
566 0.5588601
567 0.2051323
568 0.2582167
569 0.09069916
570 0.2432716
571 0.8775934
572 0.001414478
573 0.4434616
574 0.04361225
575 0.3611664
576 0.7272692
577 0.8652037
578 0.2888158
579 0.4540111
580 0.609836
581 0.007301438
582 0.9969077
583 0.9763235
584 0.227659
585 0.367783
586 0.7077929
587 0.6290049
588 0.5338731
589 0.9426168
590 0.7453003
591 0.1403408
592 0.6394445
593 0.1617228
594 0.9246567
595 0.1036627
596 0.4522662
597 0.8700721
598 0.3306331
599 0.6351288
600 0.6009193
601 0.2525412
602 0.4603005
603 0.2699706
604 0.7671901
605 0.6688908
606 0.03288243
607 0.5013865
608 0.8868171
609 0.3060024
610 0.8740525
611 0.8452074
612 0.05408058
613 0.08534397
614 0.9030406
615 0.2053406
616 0.4727537
617 0.03124007
618 0.1118326
619 0.5135731
620 0.8661895
621 0.4130969
622 0.8409981
623 0.3020162
624 0.5810262
625 0.5837048
626 0.1183705
627 0.07530231
628 0.3498763
629 0.1392199
630 0.03282697
631 0.6670231
632 0.6955571
633 0.5060173
634 0.6998631
635 0.563458
636 0.2974844
637 0.874747
638 0.9739631
639 0.5099097
640 0.4994485
641 0.5901516
642 0.7374929
643 0.5938638
644 0.3643907
645 0.4392092
646 0.8504724
647 0.01963152
648 0.122082
649 0.4889744
650 0.8512339
651 0.4137986
652 0.981423
653 0.8801861
654 0.2193561
655 0.09342206
656 0.1303365
657 0.8389394
658 0.4460367
659 0.6037675
660 0.1042322
661 0.9561027
662 0.5762421
663 0.6307673
664 0.8171839
665 0.950619
666 0.3857707
667 0.2239803
668 0.6566563
669 0.9049963
670 0.8694313
671 0.06684358
672 0.2165681
673 0.785224
674 0.2471915
675 0.1444811
676 0.1035013
677 0.8735995
678 0.7047655
679 0.2766685
680 0.3328443
681 0.5940775
682 0.7898858
683 0.9289098
684 0.9165815
685 0.1825873
686 0.236777
687 0.1299127
688 0.8352763
689 0.4949048
690 0.7861438
691 0.47041
692 0.01559634
693 0.9347496
694 0.674772
695 0.1917069
696 0.04931551
697 0.6221512
698 0.5179311
699 0.03859966
700 0.3732026
701 0.2632776
702 0.8613315
703 0.4056847
704 0.5212409
705 0.5913292
706 0.7238937
707 0.9253873
708 0.06954569
709 0.03094475
710 0.1504775
711 0.09436085
712 0.03531551
713 0.7754949
714 0.1296098
715 0.2375312
716 0.7579995
717 0.4385205
718 0.4046781
719 0.7194963
720 0.9334115
721 0.4341552
722 0.1989738
723 0.503013
724 0.9833063
725 0.1915764
726 0.4838848
727 0.2935117
728 0.8164796
729 0.6495379
730 0.886026
731 0.5604076
732 0.804287
733 0.9936282
734 0.7478315
735 0.727724
736 0.2800979
737 0.2463306
738 0.1428543
739 0.1759761
740 0.3198467
741 0.1422023
742 0.01936713
743 0.4998363
744 0.5746666
745 0.922353
746 0.8791536
747 0.5566867
748 0.9151285
749 0.1479589
750 0.6667299
751 0.3199994
752 0.5988524
753 0.9894805
754 0.7645803
755 0.9135802
756 0.7656815
757 0.0672977
758 0.08965867
759 0.5714251
760 0.8248215
761 0.6541127
762 0.3051459
763 0.6689781
764 0.5048085
765 0.001403207
766 0.271527
767 0.3642208
768 0.6053634
769 0.7118456
770 0.6907545
771 0.5243903
772 0.2064876
773 0.6334123
774 0.02562677
775 0.103038
776 0.9251202
777 0.6799366
778 0.4032912
779 0.6629741
780 0.9563482
781 0.4236396
782 0.7927543
783 0.1203837
784 0.1482455
785 0.5712624
786 0.4790329
787 0.8264469
788 0.3535537
789 0.7363295
790 0.2046664
791 0.8724724
792 0.6527801
793 0.3806506
794 0.01778132
795 0.6437383
796 0.00904845
797 0.744416
798 0.2654031
799 0.364332
800 0.2509312
801 0.9496014
802 0.2501068
803 0.5166376
804 0.309175
805 0.8692203
806 0.4973393
807 0.5052126
808 0.4042545
809 0.7341682
810 0.9776842
811 0.4127422
812 0.998112
813 0.9686219
814 0.2407335
815 0.1646823
816 0.8676726
817 0.03470556
818 0.1116017
819 0.7980058
820 0.5268396
821 0.727509
822 0.1126724
823 0.9481464
824 0.9814857
825 0.08297886
826 0.6641102
827 0.646927
828 0.2670676
829 0.6668624
830 0.1424255
831 0.08628253
832 0.5877605
833 0.8831722
834 0.881357
835 0.5277237
836 0.6092145
837 0.7429687
838 0.7469816
839 0.4524259
840 0.1749516
841 0.004023662
842 0.5113116
843 0.8198203
844 0.9971612
845 0.9327153
846 0.06749414
847 0.4220899
848 0.06376458
849 0.7516516
850 0.4671471
851 0.5168037
852 0.7688072
853 0.1077758
854 0.5833771
855 0.611766
856 0.1941218
857 0.2483547
858 0.6139527
859 0.2567651
860 0.07309663
861 0.8935373
862 0.6197247
863 0.9303922
864 0.1719911
865 0.3784484
866 0.9836244
867 0.4238176
868 0.9551946
869 0.8019002
870 0.5695591
871 0.2837957
872 0.4508707
873 0.9003384
874 0.8347224
875 0.0046762
876 0.7523428
877 0.2674854
878 0.1354482
879 0.5544257
880 0.09937285
881 0.07347032
882 0.7721869
883 0.8807482
884 0.2050591
885 0.5517119
886 0.7679441
887 0.2533129
888 0.9544059
889 0.2744955
890 0.2448995
891 0.6634201
892 0.6695945
893 0.8524215
894 0.9552137
895 0.3272586
896 0.3241992
897 0.9725155
898 0.4405557
899 0.9038883
900 0.3190035
901 0.3276773
902 0.1462659
903 0.842442
904 0.7668474
905 0.5013417
906 0.04380865
907 0.2196929
908 0.5301188
909 0.3964152
910 0.9482265
911 0.4072122
912 0.8618502
913 0.4728568
914 0.09357233
915 0.9976914
916 0.4947952
917 0.1694772
918 0.9556316
919 0.5074362
920 0.9373188
921 0.1382765
922 0.743362
923 0.829138
924 0.3708024
925 0.8217061
926 0.2164582
927 0.7435404
928 0.8799931
929 0.6158971
930 0.1336586
931 0.9463578
932 0.6966472
933 0.9626084
934 0.5456852
935 0.002739832
936 0.4412674
937 0.8102416
938 0.9528822
939 0.9038199
940 0.4020189
941 0.09986054
942 0.1040581
943 0.156257
944 0.8145145
945 0.51569
946 0.3966304
947 0.5567439
948 0.5210476
949 0.9653596
950 0.9587133
951 0.9959423
952 0.1257853
953 0.6240485
954 0.665032
955 0.706161
956 0.9294162
957 0.8571384
958 0.2787163
959 0.2017288
960 0.6480599
961 0.2345608
962 0.1126264
963 0.5115866
964 0.541056
965 0.03526218
966 0.3369071
967 0.3988599
968 0.09124162
969 0.8646228
970 0.0574819
971 0.02684663
972 0.2384133
973 0.627543
974 0.6480406
975 0.7055771
976 0.9222554
977 0.8169978
978 0.5521367
979 0.8433286
980 0.2003434
981 0.827972
982 0.2728418
983 0.04346367
984 0.227629
985 0.1943911
986 0.5022475
987 0.4147514
988 0.4464043
989 0.9172566
990 0.635369
991 0.177116
992 0.2911142
993 0.2374794
994 0.05461047
995 0.3431262
996 0.09562983
997 0.1328672
998 0.6492476
999 0.7107403
1000 0.7314071
1001 0.005385316
1002 0.3046708
1003 0.7983268
1004 0.6817697
1005 0.875235
1006 0.2419227
1007 0.9889824
1008 0.5328305
1009 0.5384481
1010 0.8307509
1011 0.6038771
1012 0.4706499
1013 0.3315797
1014 0.5000124
1015 0.8088217
1016 0.7185965
1017 0.7580998
1018 0.582482
1019 0.1783121
1020 0.7672485
1021 0.4166657
1022 0.6001223
1023 0.8983741
1024 0.9303004
1025 0.2238363
1026 0.5075732
1027 0.2685315
1028 0.8974011
1029 0.1659386
1030 0.7424732
1031 0.2621829
1032 0.02872567
1033 0.08519829
1034 0.2071612
1035 0.4480383
1036 0.3497199
1037 0.6014039
1038 0.04042935
1039 0.5935257
1040 0.8211531
1041 0.9717413
1042 0.8524437
1043 0.9417304
1044 0.08039583
1045 0.2798866
1046 0.04947984
1047 0.48133
1048 0.3733219
1049 0.2408303
1050 0.4917267
1051 0.3064272
1052 0.9244323
1053 0.07429049
1054 0.1874095
1055 0.376117
1056 0.8174979
1057 0.08067505
1058 0.01146664
1059 0.6262258
1060 0.3221615
1061 0.9876236
1062 0.9238777
1063 0.631549
1064 0.6563106
1065 0.6536399
1066 0.3630211
1067 0.03833048
1068 0.167887
1069 0.4290538
1070 0.763557
1071 0.555636
1072 0.03449474
1073 0.06653845
1074 0.5262676
1075 0.42387
1076 0.9795159
1077 0.7382995
1078 0.8509287
1079 0.3629683
1080 0.9251236
1081 0.07633448
1082 0.3622587
1083 0.1665704
1084 0.7963831
1085 0.1077194
1086 0.3508862
1087 0.7822804
1088 0.423284
1089 0.4668718
1090 0.8124093
1091 0.001905287
1092 0.02018583
1093 0.966856
1094 0.3592634
1095 0.620085
1096 0.2816212
1097 0.2526764
1098 0.8761173
1099 0.09398122
1100 0.04408888
1101 0.9215232
1102 0.0009335282
1103 0.9894084
1104 0.4108883
1105 0.4971173
1106 0.6714124
1107 0.3515403
1108 0.4297447
1109 0.04610371
1110 0.3714732
1111 0.8291035
1112 0.7445649
1113 0.03069999
1114 0.3038617
1115 0.05009311
1116 0.08850523
1117 0.02635754
1118 0.4055986
1119 0.1606412
1120 0.357792
1121 0.4392677
1122 0.5770141
1123 0.4288578
1124 0.3376178
1125 0.8296811
1126 0.7239621
1127 0.156976
1128 0.05467971
1129 0.03595705
1130 0.01352599
1131 0.8750751
1132 0.06356329
1133 0.4791266
1134 0.2613187
1135 0.9222297
1136 0.6943486
1137 0.6597003
1138 0.56463
1139 0.05166049
1140 0.8888571
1141 0.9150504
1142 0.268319
1143 0.1625438
1144 0.04864735
1145 0.1769559
1146 0.1783854
1147 0.3703655
1148 0.7732101
1149 0.9730594
1150 0.4855428
1151 0.0969563
1152 0.3058212
1153 0.9115841
1154 0.2549536
1155 0.2639816
1156 0.5207589
1157 0.7907415
1158 0.02912763
1159 0.5478427
1160 0.4383034
1161 0.1479185
1162 0.6001994
1163 0.5910679
1164 0.9938895
1165 4.982883e-05
1166 0.5220799
1167 0.1067058
1168 0.4459677
1169 0.08210283
1170 0.3576274
1171 0.8921005
1172 0.3096809
1173 0.2661877
1174 0.6350503
1175 0.360468
1176 0.447321
1177 0.3428074
1178 0.4901241
1179 0.27343
1180 0.8106999
1181 0.7901113
1182 0.221295
1183 0.06539327
1184 0.0447515
1185 0.7418055
1186 0.5801194
1187 0.411258
1188 0.8113751
1189 0.7064674
1190 0.610263
1191 0.09302882
1192 0.7435084
1193 0.8813929
1194 0.2751393
1195 0.148424
1196 0.4008715
1197 0.7572706
1198 0.3431062
1199 0.5515104
1200 0.09956172
1201 0.6738561
1202 0.1780423
1203 0.3882589
1204 0.8839737
1205 0.1176236
1206 0.2067004
1207 0.01457841
1208 0.5324378
1209 0.5742088
1210 0.9505798
1211 0.9343793
1212 0.06882665
1213 0.1347584
1214 0.1332792
1215 0.2831421
1216 0.5583078
1217 0.003776167
1218 0.112215
1219 0.4075076
1220 0.7188603
1221 0.5768438
1222 0.80614
1223 0.4048813
1224 0.05415613
1225 0.3351648
1226 0.2332626
1227 0.7646751
1228 0.7317506
1229 0.9740742
1230 0.1972125
1231 0.2249305
1232 0.4363607
1233 0.2277869
1234 0.5452443
1235 0.9496734
1236 0.9429331
1237 0.8153392
1238 0.8195406
1239 0.8975622
1240 0.8500896
1241 0.4307452
1242 0.9119048
1243 0.7331882
1244 0.4063646
1245 0.3685229
1246 0.8370853
1247 0.1173004
1248 0.1393414
1249 0.9591954
1250 0.3798532
1251 0.2185727
1252 0.8609582
1253 0.5281572
1254 0.0205313
1255 0.4431574
1256 0.4710492
1257 0.9134849
1258 0.8173623
1259 0.1866468
1260 0.3860592
1261 0.7065761
1262 0.1778659
1263 0.8333206
1264 0.5291472
1265 0.9984603
1266 0.4013796
1267 0.9456085
1268 0.8269344
1269 0.1025603
1270 0.4228496
1271 0.3306447
1272 0.6000275
1273 0.356286
1274 0.1302927
1275 0.007197938
1276 0.1133509
1277 0.3722292
1278 0.2057292
1279 0.6046225
1280 0.033968
1281 0.2148882
1282 0.877863
1283 0.4088136
1284 0.4774381
1285 0.2053751
1286 0.3989071
1287 0.3557825
1288 0.9095118
1289 0.6108368
1290 0.1935689
1291 0.738668
1292 0.9911563
1293 0.8180802
1294 0.6147799
1295 0.1723929
1296 0.2571456
1297 0.3712987
1298 0.09226237
1299 0.3416138
1300 0.4916398
1301 0.9956822
1302 0.2478116
1303 0.106854
1304 0.3823768
1305 0.9134712
1306 0.05468124
1307 0.7682205
1308 0.1033559
1309 0.3656388
1310 0.07672652
1311 0.9039718
1312 0.1395421
1313 0.7265661
1314 0.9902312
1315 0.9080842
1316 0.4919379
1317 0.792496
1318 0.6223274
1319 0.3939565
1320 0.934672
1321 0.8755547
1322 0.5017992
1323 0.8713719
1324 0.6300391
1325 0.1269341
1326 0.8035944
1327 0.3704202
1328 0.3630364
1329 0.962623
1330 0.6440665
1331 0.6621902
1332 0.1089785
1333 0.6385681
1334 0.4495873
1335 0.7542065
1336 0.9316871
1337 0.6806956
1338 0.6204125
1339 0.2824277
1340 0.4451416
1341 0.5608357
1342 0.04611252
1343 0.1751699
1344 0.9582145
1345 0.008283272
1346 0.08090436
1347 0.871047
1348 0.1885919
1349 0.7728057
1350 0.05476603
1351 0.8715509
1352 0.07653937
1353 0.251807
1354 0.4822213
1355 0.8053199
1356 0.03901668
1357 0.1199043
1358 0.8242235
1359 0.3120749
1360 0.2997705
1361 0.8582353
1362 0.118055
1363 0.9797746
1364 0.1715715
1365 0.03491632
1366 0.8654193
1367 0.7501494
1368 0.9986293
1369 0.1608378
1370 0.8671341
1371 0.5785045
1372 0.3407947
1373 0.3608519
1374 0.4378563
1375 0.320072
1376 0.9851646
1377 0.3821906
1378 0.8071227
1379 0.4071522
1380 0.6350636
1381 0.9466625
1382 0.7070617
1383 0.8133656
1384 0.1407441
1385 0.04756707
1386 0.06318207
1387 0.8258093
1388 0.6862453
1389 0.04178859
1390 0.5043257
1391 0.3410058
1392 0.3516497
1393 0.9808865
1394 0.04345789
1395 0.6289178
1396 0.6513945
1397 0.5557861
1398 0.2957514
1399 0.5573068
1400 0.8999427
1401 0.5790595
1402 0.6349182
1403 0.6113326
1404 0.2762627
1405 0.2537738
1406 0.2415499
1407 0.04048798
1408 0.09534303
1409 0.2878376
1410 0.73429
1411 0.1544839
1412 0.4260707
1413 0.3287097
1414 0.7652098
1415 0.3343788
1416 0.3334147
1417 0.2237076
1418 0.5555478
1419 0.62923
1420 0.9957872
1421 0.1666117
1422 0.7319071
1423 0.9118632
1424 0.8363829
1425 0.6180353
1426 0.9818734
1427 0.8339809
1428 0.001027312
1429 0.5126345
1430 0.4009275
1431 0.0118021
1432 0.1755836
1433 0.3199887
1434 0.488021
1435 0.6240847
1436 0.04796746
1437 0.02050472
1438 0.02902346
1439 0.9796456
1440 0.3429476
1441 0.6768553
1442 0.7963128
1443 0.9255509
1444 0.9991946
1445 0.7468233
1446 0.2435506
1447 0.7172558
1448 0.9891819
1449 0.06129827
1450 0.1096574
1451 0.07473151
1452 0.3478828
1453 0.1949926
1454 0.1319468
1455 0.1644472
1456 0.9635647
1457 0.4410218
1458 0.1108024
1459 0.7312615
1460 0.0009380699
1461 0.3332916
1462 0.5519864
1463 0.8157795
1464 0.2328739
1465 0.2963124
1466 0.8815596
1467 0.4716745
1468 0.4732586
1469 0.8275754
1470 0.1207836
1471 0.3839984
1472 0.1438401
1473 0.3578934
1474 0.02109979
1475 0.5328871
1476 0.7738162
1477 0.8335494
1478 0.2648108
1479 0.08634877
1480 0.6544527
1481 0.2095508
1482 0.386258
1483 0.4150006
1484 0.05873293
1485 0.6086458
1486 0.3302912
1487 0.9972706
1488 0.5646307
1489 0.1670443
1490 0.4594228
1491 0.2916169
1492 0.8202991
1493 0.5991173
1494 0.9016731
1495 0.9205616
1496 0.6184792
1497 0.2513104
1498 0.06392883
1499 0.1501738
1500 0.17732
1501 0.7801035
1502 0.6099286
1503 0.0490855
1504 0.7258853
1505 0.9261601
1506 0.1309785
1507 0.8237007
1508 0.01329779
1509 0.9288316
1510 0.008320887
1511 6.046832e-05
1512 0.3123447
1513 0.9163733
1514 0.5456916
1515 0.716214
1516 0.2796907
1517 0.01408083
1518 0.9085214
1519 0.1047767
1520 0.01783825
1521 0.02920104
1522 0.8082686
1523 0.05990492
1524 0.9845222
1525 0.933012
1526 0.05996208
1527 0.06925119
1528 0.5078889
1529 0.1604377
1530 0.3495023
1531 0.894309
1532 0.3958723
1533 0.3496214
1534 0.5818776
1535 0.2620002
1536 0.08659499
1537 0.5942947
1538 0.5359565
1539 0.6728447
1540 0.01628199
1541 0.5211154
1542 0.8606457
1543 0.6902787
1544 0.8617022
1545 0.9476536
1546 0.3936913
1547 0.1894696
1548 0.6091098
1549 0.6731086
1550 0.1766581
1551 0.9677913
1552 0.3546801
1553 0.1841399
1554 0.4230782
1555 0.5558434
1556 0.5813581
1557 0.01789391
1558 0.9595109
1559 0.7552683
1560 0.8439281
1561 0.2554075
1562 0.3986841
1563 0.5925359
1564 0.460245
1565 0.4442753
1566 0.07915445
1567 0.4691086
1568 0.2814407
1569 0.9040908
1570 0.337215
1571 0.6501648
1572 0.03046796
1573 0.5841495
1574 0.5861028
1575 0.08428224
1576 0.6778007
1577 0.1445169
1578 0.6339247
1579 0.7264229
1580 0.2492547
1581 0.7691557
1582 0.7287039
1583 0.4182737
1584 0.02382885
1585 0.5269477
1586 0.1112465
1587 0.1037301
1588 0.04913325
1589 0.1222326
1590 0.02649428
1591 0.7679492
1592 0.9083059
1593 0.2274269
1594 0.5652479
1595 0.1984633
1596 0.5912334
1597 0.1958141
1598 0.9006067
1599 0.5865382
1600 0.9804668
1601 0.3003901
1602 0.4601379
1603 0.6883823
1604 0.7464292
1605 0.5631023
1606 0.2843642
1607 0.1580443
1608 0.07671743
1609 0.8298557
1610 0.16409
1611 0.8156421
1612 0.5199925
1613 0.3980843
1614 0.2526774
1615 0.9121467
1616 0.01720106
1617 0.431474
1618 0.8564863
1619 0.735514
1620 0.4626035
1621 0.559255
1622 0.4107675
1623 0.4319678
1624 0.5007742
1625 0.1170009
1626 0.6801072
1627 0.4019488
1628 0.9226821
1629 0.3663527
1630 0.460595
1631 0.5150051
1632 0.8641942
1633 0.7521364
1634 0.935223
1635 0.6054471
1636 0.3178573
1637 0.649918
1638 0.2484314
1639 0.3037738
1640 0.4697807
1641 0.8348928
1642 0.8696611
1643 0.3463336
1644 0.117843
1645 0.4106164
1646 0.8425356
1647 0.4678928
1648 0.4176031
1649 0.9451585
1650 0.1594944
1651 0.1078504
1652 0.1839781
1653 0.3393493
1654 0.1344755
1655 0.8365549
1656 0.1184986
1657 0.2933496
1658 0.1145675
1659 0.05436244
1660 0.03956967
1661 0.07045343
1662 0.3106168
1663 0.9360891
1664 0.9421015
1665 0.261677
1666 0.2134319
1667 0.6547826
1668 0.4525036
1669 0.01284098
1670 0.9555512
1671 0.6885087
1672 0.7524543
1673 0.3754766
1674 0.02191304
1675 0.458194
1676 0.1400076
1677 0.3835902
1678 0.06384189
1679 0.3066382
1680 0.5395412
1681 0.102894
1682 0.0661574
1683 0.3741195
1684 0.4614635
1685 0.6504673
1686 0.02287746
1687 0.2066917
1688 0.5471347
1689 0.5248662
1690 0.1583176
1691 0.2612155
1692 0.1954601
1693 0.2413385
1694 0.142217
1695 0.7575735
1696 0.6626592
1697 0.03966395
1698 0.6687018
1699 0.4307409
1700 0.9285547
1701 0.03957005
1702 0.9919072
1703 0.1783448
1704 0.2082456
1705 0.7824005
1706 0.2561549
1707 0.08090053
1708 0.1048419
1709 0.978606
1710 0.2678452
1711 0.9841071
1712 0.6454257
1713 0.2880899
1714 0.01689796
1715 0.233263
1716 0.681416
1717 0.03933021
1718 0.6099676
1719 0.873947
1720 0.9045027
1721 0.9680364
1722 0.03563569
1723 0.8227509
1724 0.9959205
1725 0.09321998
1726 0.8048399
1727 0.1534433
1728 0.228899
1729 0.6684191
1730 0.3380425
1731 0.7204577
1732 0.178441
1733 0.03966043
1734 0.717477
1735 0.1894611
1736 0.4201757
1737 0.05406269
1738 0.3455754
1739 0.9977485
1740 0.5011955
1741 0.4698023
1742 0.3587552
1743 0.2832715
1744 0.7989496
1745 0.2876258
1746 0.7798949
1747 0.3019735
1748 0.8412344
1749 0.8757817
1750 0.8337095
1751 0.7601514
1752 0.74328
1753 0.1272157
1754 0.006447907
1755 0.6257324
1756 0.5489158
1757 0.007635749
1758 0.9495213
1759 0.592909
1760 0.6018441
1761 0.3245544
1762 0.7311698
1763 0.1556752
1764 0.8563323
1765 0.1616116
1766 0.9300576
1767 0.3480513
1768 0.7857072
1769 0.8569995
1770 0.6664987
1771 0.07593808
1772 0.08926161
1773 0.6946237
1774 0.7168699
1775 0.1938051
1776 0.4277675
1777 0.01494776
1778 0.5160747
1779 0.08730157
1780 0.2894776
1781 0.4189433
1782 0.7196045
1783 0.3853662
1784 0.1439561
1785 0.5798147
1786 0.04182005
1787 0.1986281
1788 0.3066427
1789 0.4537095
1790 0.3972876
1791 0.4193428
1792 0.03536994
1793 0.005452322
1794 0.3867436
1795 0.02176925
1796 0.4215723
1797 0.5110523
1798 0.9607865
1799 0.7589624
1800 0.02820516
1801 0.6295429
1802 0.3280403
1803 0.04397584
1804 0.05988911
1805 0.6954115
1806 0.1127205
1807 0.09444806
1808 0.7521081
1809 0.6670377
1810 0.666976
1811 0.2652105
1812 0.3206405
1813 0.3458167
1814 0.2103138
1815 0.02382901
1816 0.7660227
1817 0.07849602
1818 0.6282118
1819 0.3728084
1820 0.99843
1821 0.768974
1822 0.09072483
1823 0.1759698
1824 0.2768247
1825 0.6406791
1826 0.5209139
1827 0.5823667
1828 0.1146896
1829 0.1053899
1830 0.1652352
1831 7.848687e-05
1832 0.1025339
1833 0.6246954
1834 0.8595426
1835 0.1145524
1836 0.9931668
1837 0.3535895
1838 0.5397912
1839 0.779951
1840 0.2097916
1841 0.6877851
1842 0.4388524
1843 0.9187131
1844 0.4306413
1845 0.3265085
1846 0.2171197
1847 0.5908639
1848 0.8935138
1849 0.7519851
1850 0.3719109
1851 0.4613194
1852 0.8516279
1853 0.7438959
1854 0.5084118
1855 0.7694318
1856 0.915885
1857 0.6027513
1858 0.2383383
1859 0.937164
1860 0.3553551
1861 0.9700706
1862 0.3716049
1863 0.1786618
1864 0.1601612
1865 0.3245112
1866 0.0271651
1867 0.203983
1868 0.960849
1869 0.9647735
1870 0.8402633
1871 0.8654135
1872 0.8940812
1873 0.8978016
1874 0.1298369
1875 0.1429005
1876 0.8411005
1877 0.3540666
1878 0.03979956
1879 0.09745964
1880 0.2012851
1881 0.4273543
1882 0.5391198
1883 0.7200674
1884 0.8019451
1885 0.4913304
1886 0.7645348
1887 0.7136851
1888 0.7816625
1889 0.3323835
1890 0.2460421
1891 0.2845506
1892 0.03120985
1893 0.9476219
1894 0.559049
1895 0.2219957
1896 0.0236248
1897 0.9094617
1898 0.2341574
1899 0.7611161
1900 0.1118596
1901 0.02533416
1902 0.001724975
1903 0.6027089
1904 0.5719183
1905 0.7601991
1906 0.8927193
1907 0.6922057
1908 0.3409749
1909 0.009928682
1910 0.791077
1911 0.4305787
1912 0.8419029
1913 0.3643074
1914 0.1698227
1915 0.9753789
1916 0.7353522
1917 0.1742837
1918 0.2634404
1919 0.4378953
1920 0.8855661
1921 0.4669121
1922 0.2481998
1923 0.1842608
1924 0.5901315
1925 0.6095787
1926 0.1040716
1927 0.3879908
1928 0.09797468
1929 0.7404255
1930 0.858918
1931 0.2738834
1932 0.0221523
1933 0.5182143
1934 0.2120796
1935 0.4620626
1936 0.5466707
1937 0.07710967
1938 0.5791517
1939 0.2724897
1940 0.005346107
1941 0.7228918
1942 0.4139693
1943 0.4248329
1944 0.5672221
1945 0.5409656
1946 0.6570689
1947 0.07542113
1948 0.4179211
1949 0.6476568
1950 0.4402351
1951 0.007555117
1952 0.5808554
1953 0.3856683
1954 0.500832
1955 0.247277
1956 0.8104324
1957 0.3146444
1958 0.6756493
1959 0.6155142
1960 0.5666416
1961 0.8860982
1962 0.2948527
1963 0.3109103
1964 0.4910915
1965 0.02167449
1966 0.020716
1967 0.09835884
1968 0.4702733
1969 0.1938335
1970 0.1360357
1971 0.8309862
1972 0.4259891
1973 0.8275509
1974 0.7146035
1975 0.156889
1976 0.0186558
1977 0.6232385
1978 0.08044803
1979 0.0578062
1980 0.2458037
1981 0.3291157
1982 0.01804404
1983 0.337303
1984 0.998071
1985 0.9990215
1986 0.1144812
1987 0.7132967
1988 0.1950722
1989 0.2476122
1990 0.7668986
1991 0.7035413
1992 0.175565
1993 0.4035317
1994 0.7448851
1995 0.5125662
1996 0.03926322
1997 0.3325325
1998 0.5498212
1999 0.9495115
2000 0.2221728
2001 0.1923693
2002 0.8160515
2003 0.5253239
2004 0.7694773
2005 0.3948867
2006 0.4786534
2007 0.1216656
2008 0.8437756
2009 0.5819845
2010 0.5076876
2011 0.6184509
2012 0.1044703
2013 0.05873677
2014 0.9020232
2015 0.9483448
2016 0.8073153
2017 0.4165762
2018 0.681114
2019 0.5920014
2020 0.9985912
2021 0.4532981
2022 0.6568005
2023 0.2347432
2024 0.145613
2025 0.6538215
2026 0.8797186
2027 0.3236662
2028 0.3977512
2029 0.4267866
2030 0.8046676
2031 0.6696663
2032 0.3935626
2033 0.9098858
2034 0.06336334
2035 0.1128639
2036 0.4918499
2037 0.565174
2038 0.7753257
2039 0.6479396
2040 0.6911165
2041 0.4331611
2042 0.1160795
2043 0.09462851
2044 0.3943123
2045 0.5379901
2046 0.05864243
2047 0.5050938
2048 0.02739933
2049 0.1945124
2050 0.0350441
2051 0.4359664
2052 0.1654763
2053 0.7589292
2054 0.1873768
2055 0.1939769
2056 0.05108388
2057 0.5216839
2058 0.8521281
2059 0.003689738
2060 0.4886052
2061 0.1806847
2062 0.8508901
2063 0.3962739
2064 0.6582634
2065 0.1326141
2066 0.734173
2067 0.7551174
2068 0.4705592
2069 0.8098059
2070 0.1333624
2071 0.7177163
2072 0.002547833
2073 0.8903359
2074 0.1948021
2075 0.3441419
2076 0.6652957
2077 0.5067687
2078 0.5066325
2079 0.7177641
2080 0.9392836
2081 0.2088469
2082 0.1361791
2083 0.2412935
2084 0.6873641
2085 0.4068134
2086 0.4682405
2087 0.03162241
2088 0.06644791
2089 0.5353941
2090 0.4036249
2091 0.4743877
2092 0.041702
2093 0.2023155
2094 0.1187788
2095 0.2816488
2096 0.9636936
2097 0.9263889
2098 0.6518097
2099 0.04070148
2100 0.2956864
2101 0.5271827
2102 0.989732
2103 0.5968698
2104 0.7067165
2105 0.01549976
2106 0.4647259
2107 0.639022
2108 0.2141943
2109 0.1084555
2110 0.2088143
2111 0.5824589
2112 0.5351636
2113 0.2213852
2114 0.4110995
2115 0.6659301
2116 0.28601
2117 0.8588754
2118 0.7519676
2119 0.2856749
2120 0.1689368
2121 0.52822
2122 0.6077373
2123 0.4829899
2124 0.4987447
2125 0.03943565
2126 0.6159745
2127 0.08328248
2128 0.5943551
2129 0.2791353
2130 0.7649178
2131 0.02700591
2132 0.1066446
2133 0.5888457
2134 0.6576954
2135 0.05652995
2136 0.03180475
2137 0.475047
2138 0.9109684
2139 0.08150013
2140 0.8931507
2141 0.04199402
2142 0.7250394
2143 0.5895718
2144 0.5032943
2145 0.04180412
2146 0.002762059
2147 0.8628159
2148 0.8798014
2149 0.7176128
2150 0.420641
2151 0.4896999
2152 0.8722158
2153 0.7338721
2154 0.2529575
2155 0.390493
2156 0.1248386
2157 0.1935516
2158 0.7786529
2159 0.7991915
2160 0.2934222
2161 0.4480484
2162 0.5693019
2163 0.4595328
2164 0.2629872
2165 0.3985197
2166 0.3473272
2167 0.5765186
2168 0.520854
2169 0.5884764
2170 0.9968354
2171 0.5812381
2172 0.01616105
2173 0.3777295
2174 0.1564968
2175 0.6395555
2176 0.2435751
2177 0.3464146
2178 0.5544554
2179 0.252261
2180 0.1235034
2181 0.6274751
2182 0.06414145
2183 0.9171126
2184 0.766716
2185 0.8722519
2186 0.9662903
2187 0.2726359
2188 0.1116833
2189 0.958262
2190 0.1143827
2191 0.1971634
2192 0.3158998
2193 0.0763408
2194 0.5427204
2195 0.7253515
2196 0.2460438
2197 0.3824381
2198 0.3228323
2199 0.7558129
2200 0.4834223
2201 0.8112786
2202 0.08160088
2203 0.03197402
2204 0.0007178946
2205 0.3365669
2206 0.154103
2207 0.8633163
2208 0.6519609
2209 0.5304286
2210 0.8669085
2211 0.4292935
2212 0.8487213
2213 0.6203674
2214 0.6811136
2215 0.01592156
2216 0.2159558
2217 0.6600735
2218 0.7704704
2219 0.6250661
2220 0.03219898
2221 0.2433796
2222 0.9106391
2223 0.4194148
2224 0.5595053
2225 0.2486796
2226 0.07793732
2227 0.3756639
2228 0.6319996
2229 0.5556912
2230 0.09674598
2231 0.3925586
2232 0.3467056
2233 0.5819617
2234 0.0466733
2235 0.1324741
2236 0.007704312
2237 0.8053584
2238 0.1750359
2239 0.5896278
2240 0.1827437
2241 0.2264501
2242 0.53227
2243 0.4367366
2244 0.850173
2245 0.7480614
2246 0.3221361
2247 0.05331791
2248 0.5513431
2249 0.5258728
2250 0.082575
2251 0.06970651
2252 0.3136665
2253 0.2044835
2254 0.5881552
2255 0.6918434
2256 0.4769875
2257 0.3947023
2258 0.01319157
2259 0.4879334
2260 0.08035538
2261 0.4285302
2262 0.5625719
2263 0.6708914
2264 0.2215762
2265 0.06131382
2266 0.6589377
2267 0.9477247
2268 0.02173464
2269 0.09030631
2270 0.4133382
2271 0.7162184
2272 0.1513012
2273 0.02915372
2274 0.5863516
2275 0.6826289
2276 0.8009663
2277 0.9316697
2278 0.6807185
2279 0.8561195
2280 0.5583828
2281 0.3130797
2282 0.9338313
2283 0.1234691
2284 0.2322236
2285 0.6075712
2286 0.3486757
2287 0.1552404
2288 0.31918
2289 0.326781
2290 0.1932625
2291 0.5370788
2292 0.7179546
2293 0.4912248
2294 0.6956962
2295 0.2906512
2296 0.525476
2297 0.948957
2298 0.7989916
2299 0.4226322
2300 0.1797847
2301 0.5222461
2302 0.6357292
2303 0.9205624
2304 0.1888803
2305 0.7183992
2306 0.8956202
2307 0.4926369
2308 0.8729527
2309 0.057734
2310 0.6329432
2311 0.8130378
2312 0.8001671
2313 0.8771651
2314 0.06593262
2315 0.3605144
2316 0.6005915
2317 0.4992477
2318 0.1718267
2319 0.9865951
2320 0.05531189
2321 0.8508547
2322 0.1114899
2323 0.9437926
2324 0.276328
2325 0.1600525
2326 0.4481372
2327 0.1305339
2328 0.6546472
2329 0.09119025
2330 0.01088304
2331 0.5719622
2332 0.7044161
2333 0.7422336
2334 0.4873969
2335 0.07528508
2336 0.2981402
2337 0.5213884
2338 0.6511615
2339 0.3310416
2340 0.129552
2341 0.1957558
2342 0.511279
2343 0.2512595
2344 0.3482986
2345 0.2660953
2346 0.2245716
2347 0.8061635
2348 0.3998263
2349 0.9005345
2350 0.0265933
2351 0.6864949
2352 0.9917158
2353 0.1674514
2354 0.6129869
2355 0.9696228
2356 0.05769662
2357 0.8747616
2358 0.2144374
2359 0.1808959
2360 0.6141116
2361 0.8052147
2362 0.3413816
2363 0.112118
2364 0.7809279
2365 0.9349018
2366 0.5705493
2367 0.515081
2368 0.1855867
2369 0.0008967442
2370 0.7051009
2371 0.5739326
2372 0.3657622
2373 0.4551714
2374 0.9330438
2375 0.9824266
2376 0.02521418
2377 0.645444
2378 0.1460301
2379 0.476307
2380 0.6421251
2381 0.642038
2382 0.815521
2383 0.2241122
2384 0.03394965
2385 0.5773706
2386 0.4330404
2387 0.6579092
2388 0.2602398
2389 0.5833637
2390 0.8219028
2391 0.1004164
2392 0.03595962
2393 0.6940491
2394 0.6485771
2395 0.01354155
2396 0.8014408
2397 0.08269001
2398 0.6590733
2399 0.1942211
2400 0.4829734
2401 0.2584415
2402 0.4252334
2403 0.1857162
2404 0.4400962
2405 0.8739441
2406 0.488998
2407 0.1336781
2408 0.6630603
2409 0.6592946
2410 0.1110369
2411 0.253838
2412 0.3765371
2413 0.5273175
2414 0.6786659
2415 0.03076852
2416 0.298251
2417 0.5796186
2418 0.8270169
2419 0.02828889
2420 0.12206
2421 0.8892184
2422 0.4477115
2423 0.8375937
2424 0.4788198
2425 0.5166859
2426 0.283914
2427 0.3867653
2428 0.8931056
2429 0.5939797
2430 0.1130813
2431 0.599274
2432 0.3705682
2433 0.9385169
2434 0.6096817
2435 0.03150098
2436 0.6896331
2437 0.2272963
2438 0.3804875
2439 0.2825641
2440 0.5521577
2441 0.01465899
2442 0.6273528
2443 0.9768264
2444 0.8408505
2445 0.01274255
2446 0.3364642
2447 0.0834108
2448 0.5951666
2449 0.01217757
2450 0.3947221
2451 0.2274324
2452 0.7002272
2453 0.3862945
2454 0.7483266
2455 0.2873414
2456 0.3361028
2457 0.3989657
2458 0.9593886
2459 0.2856125
2460 0.7277211
2461 0.433499
2462 0.6498234
2463 0.5291096
2464 0.9244076
2465 0.9231442
2466 0.748068
2467 0.04148574
2468 0.7001301
2469 0.08784398
2470 0.532999
2471 0.4323521
2472 0.815217
2473 0.5928291
2474 0.5120987
2475 0.9627627
2476 0.5706667
2477 0.256727
2478 0.09243806
2479 0.9055338
2480 0.941792
2481 0.9803747
2482 0.2077842
2483 0.6462414
2484 0.06069611
2485 0.2343859
2486 0.172142
2487 0.6455664
2488 0.8783653
2489 0.8782265
2490 0.7679143
2491 0.8704385
2492 0.6700438
2493 0.7963613
2494 0.6084247
2495 0.5603936
2496 0.2871806
2497 0.1843238
2498 0.498511
2499 0.3141276
2500 0.0304838
2501 0.7246037
2502 0.8303408
2503 0.2609961
2504 0.7584938
2505 0.1522165
2506 0.1762211
2507 0.7082339
2508 0.6982558
2509 0.7585331
2510 0.08455297
2511 0.9418657
2512 0.1091103
2513 0.7428701
2514 0.4693538
2515 0.4244342
2516 0.4727824
2517 0.1298971
2518 0.6370236
2519 0.8360593
2520 0.9097278
2521 0.5811537
2522 0.8436393
2523 0.04499147
2524 0.0452406
2525 0.5274394
2526 0.02883218
2527 0.8223368
2528 0.004170193
2529 0.524064
2530 0.5475202
2531 0.5380164
2532 0.08417749
2533 0.7586992
2534 0.01115769
2535 0.6428689
2536 0.9847675
2537 0.5627609
2538 0.667391
2539 0.4243734
2540 0.1612336
2541 0.4735769
2542 0.7561083
2543 0.9001776
2544 0.3219553
2545 0.3620318
2546 0.5710991
2547 0.7353447
2548 0.6748744
2549 0.6190031
2550 0.2475916
2551 0.6905852
2552 0.7083704
2553 0.3909179
2554 0.2005633
2555 0.4995124
2556 0.9752912
2557 0.5667229
2558 0.8442467
2559 0.9414328
2560 0.7849274
2561 0.9980656
2562 0.1620528
2563 0.7134194
2564 0.567328
2565 0.1199164
2566 0.2632282
2567 0.589796
2568 0.2457914
2569 0.3097487
2570 0.3866174
2571 0.8691678
2572 0.9326619
2573 0.4350871
2574 0.6524354
2575 0.1268978
2576 0.5637645
2577 0.9850756
2578 0.05355343
2579 0.4421627
2580 0.1946115
2581 0.6564187
2582 0.3808354
2583 0.6243602
2584 0.4019728
2585 0.7978673
2586 0.07963085
2587 0.3464076
2588 0.618853
2589 0.4816896
2590 0.9784573
2591 0.3933964
2592 0.1719119
2593 0.2250806
2594 0.1262116
2595 0.5796461
2596 0.2998049
2597 0.8835558
2598 0.01844222
2599 0.05598106
2600 0.8659431
2601 0.8545786
2602 0.6483758
2603 0.9449461
2604 0.5888185
2605 0.9375555
2606 0.3588412
2607 0.5744462
2608 0.6228752
2609 0.9746928
2610 0.2988851
2611 0.1619843
2612 0.8599454
2613 0.4139799
2614 0.6210952
2615 0.5577879
2616 0.5675799
2617 0.7163644
2618 0.6208758
2619 0.1240094
2620 0.4619121
2621 0.9409908
2622 0.5235113
2623 0.1432312
2624 0.6983107
2625 0.06710942
2626 0.003443028
2627 0.3323849
2628 0.5421536
2629 0.2390381
2630 0.4571318
2631 0.8011314
2632 0.4909451
2633 0.7166953
2634 0.3301229
2635 0.9053401
2636 0.1470042
2637 0.2343604
2638 0.4112354
2639 0.7601347
2640 0.6551204
2641 0.5124252
2642 0.7789551
2643 0.3074388
2644 0.7399739
2645 0.9621818
2646 0.4954228
2647 0.4104981
2648 0.6045762
2649 0.6129742
2650 0.5151325
2651 0.8861995
2652 0.229706
2653 0.4243824
2654 0.6885671
2655 0.483535
2656 0.2503048
2657 0.5551963
2658 0.7321842
2659 0.05626532
2660 0.9531057
2661 0.1890445
2662 0.3952758
2663 0.4006952
2664 0.08490778
2665 0.3573357
2666 0.3049521
2667 0.6928957
2668 0.8502907
2669 0.7425247
2670 0.6703335
2671 0.4340168
2672 0.8314909
2673 0.3670455
2674 0.4886454
2675 0.007122729
2676 0.9723284
2677 0.5771333
2678 0.8582008
2679 0.776753
2680 0.1659847
2681 0.9189217
2682 0.8802364
2683 0.8410869
2684 0.4543175
2685 0.2859664
2686 0.2670381
2687 0.5469951
2688 0.6621818
2689 0.1725778
2690 0.3379646
2691 0.04693855
2692 0.4560205
2693 0.3430887
2694 0.08318203
2695 0.9418252
2696 0.4140234
2697 0.8258959
2698 0.696694
2699 0.77353
2700 0.6598958
2701 0.9225038
2702 0.6585201
2703 0.6500003
2704 0.3480554
2705 0.8513648
2706 0.4535906
2707 0.3420539
2708 0.2578033
2709 0.6097963
2710 0.3001217
2711 0.08876514
2712 0.2000226
2713 0.6189444
2714 0.09158696
2715 0.2754627
2716 0.7451196
2717 0.4208491
2718 0.3299775
2719 0.8051028
2720 0.3880949
2721 0.2862828
2722 0.4431059
2723 0.4561843
2724 0.0493055
2725 0.9513222
2726 0.181867
2727 0.4209553
2728 0.7924064
2729 0.7371736
2730 0.9961902
2731 0.04896487
2732 0.5658252
2733 0.2403319
2734 0.1370356
2735 0.2365283
2736 0.2136381
2737 0.8249856
2738 0.5693642
2739 0.7149802
2740 0.5968235
2741 0.3430513
2742 0.1294682
2743 0.2029662
2744 0.3502031
2745 0.1512799
2746 0.4461528
2747 0.04659964
2748 0.9876785
2749 0.1640318
2750 0.3621684
2751 0.1565459
2752 0.05547664
2753 0.3892792
2754 0.9099839
2755 0.875669
2756 0.1022426
2757 0.2081353
2758 0.5881708
2759 0.6342368
2760 0.5652216
2761 0.008995436
2762 0.8810021
2763 0.8739906
2764 0.8074625
2765 0.09799251
2766 0.1756745
2767 0.4986007
2768 0.8406575
2769 0.2946921
2770 0.8469253
2771 0.06605582
2772 0.3689218
2773 0.564785
2774 0.3420961
2775 0.5478029
2776 0.1446939
2777 0.2236185
2778 0.8622648
2779 0.09416733
2780 0.3533585
2781 0.9634189
2782 0.9272799
2783 0.9512558
2784 0.103954
2785 0.7693158
2786 0.03347351
2787 0.443625
2788 0.7366322
2789 0.7679361
2790 0.1397901
2791 0.4503432
2792 0.2670632
2793 0.0134623
2794 0.1009583
2795 0.9237052
2796 0.8961037
2797 0.7042641
2798 0.1959339
2799 0.8218713
2800 0.4312632
2801 0.4164577
2802 0.2641485
2803 0.7666763
2804 0.0635048
2805 0.2911845
2806 0.4116849
2807 0.06023102
2808 0.3813912
2809 0.1096155
2810 0.4148479
2811 0.4554572
2812 0.02855937
2813 0.1629718
2814 0.856631
2815 0.6036879
2816 0.0686817
2817 0.688841
2818 0.5031156
2819 0.1543564
2820 0.6302858
2821 0.3766555
2822 0.163992
2823 0.113539
2824 0.139484
2825 0.2483245
2826 0.8363439
2827 0.5616918
2828 0.01947225
2829 0.319715
2830 0.1136631
2831 0.06603877
2832 0.1418252
2833 0.8468965
2834 0.2926891
2835 0.5808788
2836 0.5078809
2837 0.04746459
2838 0.1226479
2839 0.06632856
2840 0.8829644
2841 0.05388631
2842 0.9148173
2843 0.9258787
2844 0.9765152
2845 0.6939427
2846 0.8601275
2847 0.05979447
2848 0.009515346
2849 0.5905107
2850 0.5016768
2851 0.1864914
2852 0.7580845
2853 0.5692987
2854 0.739386
2855 0.1648559
2856 0.06779206
2857 0.03817103
2858 0.3109257
2859 0.9093937
2860 0.02175179
2861 0.1187014
2862 0.4084369
2863 0.2631779
2864 0.309264
2865 0.09718983
2866 0.009453179
2867 0.009503121
2868 0.1315164
2869 0.5172758
2870 0.02373838
2871 0.3035295
2872 0.3415209
2873 0.9746133
2874 0.6201394
2875 0.04004751
2876 0.7153907
2877 0.2909409
2878 0.3028675
2879 0.3858916
2880 0.345747
2881 0.4125323
2882 0.2298615
2883 0.7549804
2884 0.7633935
2885 0.5910468
2886 0.045437
2887 0.1852676
2888 0.8464223
2889 0.7877432
2890 0.4161577
2891 0.4417225
2892 0.1132648
2893 0.5915423
2894 0.4950051
2895 0.1724845
2896 0.5996544
2897 0.962611
2898 0.02762368
2899 0.4408716
2900 0.8404605
2901 0.3467718
2902 0.2089695
2903 0.1452819
2904 0.5002599
2905 0.08662555
2906 0.5389749
2907 0.1344609
2908 0.8938164
2909 0.5500359
2910 0.5351752
2911 0.280879
2912 0.09651389
2913 0.8993062
2914 0.2511531
2915 0.8795545
2916 0.8356504
2917 0.1377955
2918 0.8504762
2919 0.7973658
2920 0.1405847
2921 0.9985329
2922 0.3037189
2923 0.2674991
2924 0.03136792
2925 0.3983102
2926 0.96632
2927 0.02574264
2928 0.4513382
2929 0.7856285
2930 0.3176665
2931 0.9937767
2932 0.3934771
2933 0.2673233
2934 0.2431665
2935 0.6895697
2936 0.51476
2937 0.8207874
2938 0.2027193
2939 0.5770203
2940 0.8396235
2941 0.2310424
2942 0.6752278
2943 0.9937127
2944 0.9682405
2945 0.874442
2946 0.3593659
2947 0.9670123
2948 0.6371525
2949 0.848193
2950 0.3215565
2951 0.2858453
2952 0.4404611
2953 0.1928016
2954 0.1837379
2955 0.0385382
2956 0.6798288
2957 0.4409385
2958 0.02824164
2959 0.6734632
2960 0.05215398
2961 0.3930113
2962 0.4117018
2963 0.4603022
2964 0.9492008
2965 0.005045177
2966 0.109476
2967 0.477762
2968 0.09508941
2969 0.04912972
2970 0.9732573
2971 0.9005765
2972 0.6714531
2973 0.7146362
2974 0.6276898
2975 0.301564
2976 0.7809638
2977 0.5406049
2978 0.6247149
2979 0.8218891
2980 0.2101321
2981 0.3654084
2982 0.9047267
2983 0.9922826
2984 0.6366991
2985 0.3394885
2986 0.01899474
2987 0.7012716
2988 0.8507688
2989 0.003252463
2990 0.4292936
2991 0.6050066
2992 0.2021081
2993 0.1910844
2994 0.253274
2995 0.3524552
2996 0.2918608
2997 0.5343501
2998 0.317889
2999 0.1842769
3000 0.03805533
3001 0.01811103
3002 0.03138549
3003 0.03888093
3004 0.4800899
3005 0.6730755
3006 0.06338136
3007 0.4912741
3008 0.2201242
3009 0.1126152
3010 0.8964796
3011 0.8943617
3012 0.1814158
3013 0.9106872
3014 0.05916869
3015 0.9894304
3016 0.6013396
3017 0.08445165
3018 0.7562504
3019 0.8409942
3020 0.4453233
3021 0.2024657
3022 0.01825249
3023 0.9295051
3024 0.10835
3025 0.2245073
3026 0.1492907
3027 0.5608846
3028 0.2908788
3029 0.6931719
3030 0.2684847
3031 0.04982772
3032 0.7252931
3033 0.8913228
3034 0.9288922
3035 0.04605989
3036 0.2718585
3037 0.06028107
3038 0.0003411794
3039 0.4786427
3040 0.7941934
3041 0.7441868
3042 0.5319854
3043 0.1867431
3044 0.7157121
3045 0.5246136
3046 0.3454428
3047 0.4475812
3048 0.2892142
3049 0.4594867
3050 0.1628439
3051 0.008114898
3052 0.2147634
3053 0.2934479
3054 0.01384765
3055 0.8133531
3056 0.554568
3057 0.6234786
3058 0.8677813
3059 0.01591365
3060 0.9916573
3061 0.0260289
3062 0.04078851
3063 0.7298892
3064 0.9292481
3065 0.4904703
3066 0.8396079
3067 0.6355147
3068 0.6898181
3069 0.08400452
3070 0.1538009
3071 0.3877364
3072 0.9222921
3073 0.2846334
3074 0.5112379
3075 0.7916153
3076 0.813924
3077 0.2419213
3078 0.3579539
3079 0.868879
3080 0.4435139
3081 0.2329828
3082 0.4614994
3083 0.2679559
3084 0.847806
3085 0.8018619
3086 0.7223455
3087 0.6346764
3088 0.6622526
3089 0.1563081
3090 0.6364399
3091 0.9348939
3092 0.5329177
3093 0.6953292
3094 0.5949001
3095 0.1616057
3096 0.8924106
3097 0.1285696
3098 0.8654612
3099 0.5092926
3100 0.8669614
3101 0.0004010865
3102 0.7934174
3103 0.8674146
3104 0.4280544
3105 0.01644658
3106 0.4756619
3107 0.3854134
3108 0.9600631
3109 0.9981574
3110 0.7263296
3111 0.7895921
3112 0.939086
3113 0.4840442
3114 0.43937
3115 0.7074962
3116 0.4563718
3117 0.9518359
3118 0.6101974
3119 0.04038731
3120 0.6189406
3121 0.3557582
3122 0.4248671
3123 0.9445267
3124 0.6387283
3125 0.3905419
3126 0.2231216
3127 0.4368757
3128 0.3327846
3129 0.4721452
3130 0.4274008
3131 0.510126
3132 0.5209741
3133 0.1731311
3134 0.02847829
3135 0.2404574
3136 0.5412611
3137 0.3939767
3138 0.5063229
3139 0.6791094
3140 0.9591952
3141 0.01323559
3142 0.1425117
3143 0.542315
3144 0.7348103
3145 0.8067633
3146 0.3388748
3147 0.5184301
3148 0.7734139
3149 0.009266597
3150 0.1803698
3151 0.7695936
3152 0.6192882
3153 0.7436153
3154 0.2944326
3155 0.7513976
3156 0.9805623
3157 0.3372651
3158 0.1417276
3159 0.00144473
3160 0.2624223
3161 0.3334936
3162 0.883966
3163 0.2533956
3164 0.2645811
3165 0.6699217
3166 0.9201565
3167 0.3869996
3168 0.4197943
3169 0.8824039
3170 0.9868235
3171 0.9622274
3172 0.5574558
3173 0.2990413
3174 0.06482978
3175 0.1239359
3176 0.8843835
3177 0.8375163
3178 0.9640281
3179 0.1120803
3180 0.2036562
3181 0.4013987
3182 0.6389121
3183 0.5278648
3184 0.2281975
3185 0.1059085
3186 0.3969053
3187 0.7777219
3188 0.3895014
3189 0.7065788
3190 0.9656602
3191 0.6176571
3192 0.321606
3193 0.7157636
3194 0.05339763
3195 0.7241714
3196 0.7266642
3197 0.004175465
3198 0.00689995
3199 0.6167265
3200 0.1687608
3201 0.6309395
3202 0.901445
3203 0.4733983
3204 0.04462699
3205 0.2444935
3206 0.7642945
3207 0.7945009
3208 0.7387043
3209 0.2278704
3210 0.4454782
3211 0.4079362
3212 0.9468712
3213 0.4959691
3214 0.4124564
3215 0.7611486
3216 0.1158942
3217 0.02934017
3218 0.03501813
3219 0.1455729
3220 0.06106717
3221 0.03787703
3222 0.4917794
3223 0.6694548
3224 0.4960276
3225 0.9084811
3226 0.6845786
3227 0.9431557
3228 0.6015332
3229 0.7012697
3230 0.1760036
3231 0.9426821
3232 0.113447
3233 0.2277396
3234 0.6814865
3235 0.5074635
3236 0.4805935
3237 0.3038303
3238 0.9125063
3239 0.3014754
3240 0.5199577
3241 0.267382
3242 0.5896187
3243 0.07966679
3244 0.2908928
3245 0.71065
3246 0.8788092
3247 0.4809288
3248 0.1294013
3249 0.9454329
3250 0.9472805
3251 0.5561968
3252 0.1872817
3253 0.9315029
3254 0.002428613
3255 0.4088806
3256 0.8706181
3257 0.8658369
3258 0.9107942
3259 0.2650946
3260 0.4133767
3261 0.1304575
3262 0.4854339
3263 0.8667509
3264 0.1512976
3265 0.0790592
3266 0.678782
3267 0.9999407
3268 0.9545731
3269 0.7533884
3270 0.1557799
3271 0.7734452
3272 0.4310709
3273 0.3389393
3274 0.3560209
3275 0.5077589
3276 0.1875733
3277 0.01059066
3278 0.8467268
3279 0.8931295
3280 0.7364691
3281 0.04456181
3282 0.9371782
3283 0.9905307
3284 0.2949996
3285 0.5784903
3286 0.9320602
3287 0.840842
3288 0.5854389
3289 0.2302002
3290 0.2544175
3291 0.4823892
3292 0.6946939
3293 0.2534186
3294 0.3282193
3295 0.935878
3296 0.3072851
3297 0.7719599
3298 0.8947243
3299 0.3137922
3300 0.03238127
3301 0.4949304
3302 0.2249665
3303 0.7771351
3304 0.6181395
3305 0.02413993
3306 0.3941119
3307 0.3944344
3308 0.5326969
3309 0.1039609
3310 0.8258327
3311 0.8190549
3312 0.5323027
3313 0.494367
3314 0.1718248
3315 0.8143251
3316 0.8615524
3317 0.3400148
3318 0.4667762
3319 0.4677313
3320 0.8071009
3321 0.4652718
3322 0.1250907
3323 0.4737874
3324 0.8517873
3325 0.04824754
3326 0.9727184
3327 0.5948501
3328 0.2777972
3329 0.08306945
3330 0.04344211
3331 0.9427627
3332 0.581509
3333 0.2864001
3334 0.2332972
3335 0.5561883
3336 0.3796964
3337 0.6386595
3338 0.6067329
3339 0.03235026
3340 0.4285478
3341 0.2003018
3342 0.502669
3343 0.3625134
3344 0.3591205
3345 0.738717
3346 0.3732263
3347 0.1865721
3348 0.9445503
3349 0.3772542
3350 0.01539832
3351 0.5989401
3352 0.3227121
3353 0.4200619
3354 0.3808299
3355 0.0650115
3356 0.1280985
3357 0.5929155
3358 0.1118258
3359 0.6322286
3360 0.9921318
3361 0.9307038
3362 0.9060582
3363 0.9029116
3364 0.4069969
3365 0.07212645
3366 0.3014228
3367 0.01530398
3368 0.94301
3369 0.4242534
3370 0.452491
3371 0.6029059
3372 0.9748753
3373 0.4982974
3374 0.638611
3375 0.3288079
3376 0.8283335
3377 0.4084109
3378 0.104742
3379 0.09476513
3380 0.3268605
3381 0.4578114
3382 0.1599412
3383 0.7858946
3384 0.2930696
3385 0.05558161
3386 0.06191563
3387 0.05323374
3388 0.5783923
3389 0.7694361
3390 0.3837189
3391 0.5187088
3392 0.928772
3393 0.3995612
3394 0.02705022
3395 0.4589945
3396 0.004413556
3397 0.3581452
3398 0.4411757
3399 0.3184248
3400 0.8968383
3401 0.1308243
3402 0.5678558
3403 0.7143395
3404 0.7120448
3405 0.4203289
3406 0.1602563
3407 0.112122
3408 0.5610842
3409 0.4591515
3410 0.1177343
3411 0.7986331
3412 0.6815347
3413 0.9738891
3414 0.5159283
3415 0.2384289
3416 0.2328559
3417 0.9834119
3418 0.1791721
3419 0.4796122
3420 0.09672705
3421 0.1110554
3422 0.9296257
3423 0.4025658
3424 0.664888
3425 0.01133862
3426 0.3563239
3427 0.04240632
3428 0.3875367
3429 0.6834585
3430 0.6539772
3431 0.4535327
3432 0.1674091
3433 0.07548067
3434 0.9511503
3435 0.5988957
3436 0.2018923
3437 0.1449334
3438 0.229227
3439 0.7197222
3440 0.4642391
3441 0.2548827
3442 0.9480167
3443 0.177447
3444 0.512608
3445 0.219694
3446 0.522707
3447 0.9667967
3448 0.5405889
3449 0.3926445
3450 0.6381467
3451 0.5112283
3452 0.1619169
3453 0.9074943
3454 0.2346643
3455 0.7163649
3456 0.05804411
3457 0.8251093
3458 0.9231822
3459 0.3590289
3460 0.05630346
3461 0.645869
3462 0.006103186
3463 0.9179077
3464 0.2687853
3465 0.5322649
3466 0.2528155
3467 0.7656505
3468 0.3622309
3469 0.2220414
3470 0.1247146
3471 0.4003853
3472 0.6700571
3473 0.7410554
3474 0.8264082
3475 0.417723
3476 0.05522825
3477 0.1034386
3478 0.6086107
3479 0.5968921
3480 0.7080268
3481 0.8837212
3482 0.2609678
3483 0.4251279
3484 0.7818753
3485 0.6071681
3486 0.9024267
3487 0.00733345
3488 0.539322
3489 0.02717961
3490 0.8010684
3491 0.7628798
3492 0.2130072
3493 0.01055719
3494 0.008967299
3495 0.1563019
3496 0.7141255
3497 0.8820655
3498 0.8251254
3499 0.2165802
3500 0.951018
3501 0.5786273
3502 0.6716077
3503 0.8151107
3504 0.2620105
3505 0.3182329
3506 0.1609046
3507 0.4438025
3508 0.8948521
3509 0.1200233
3510 0.4734416
3511 0.4794391
3512 0.3025764
3513 0.5838796
3514 0.8901787
3515 0.06320784
3516 0.3181383
3517 0.5133164
3518 0.8592196
3519 0.9394849
3520 0.2669712
3521 0.2186699
3522 0.04534584
3523 0.7605862
3524 0.01604385
3525 0.9314621
3526 0.8876685
3527 0.1752015
3528 0.03543853
3529 0.1066378
3530 0.5023966
3531 0.3388149
3532 0.7777653
3533 0.2301992
3534 0.09856232
3535 0.1641752
3536 0.4212268
3537 0.9071702
3538 0.3049321
3539 0.09254067
3540 0.3452112
3541 0.2613554
3542 0.05893478
3543 0.9458108
3544 0.02654024
3545 0.6793818
3546 0.06701232
3547 0.6815915
3548 0.7707725
3549 0.08560382
3550 0.4653112
3551 0.1075449
3552 0.1706332
3553 0.4637676
3554 0.762155
3555 0.3484693
3556 0.2253225
3557 0.4086924
3558 0.2437832
3559 0.3052016
3560 0.7363282
3561 0.9106742
3562 0.01002956
3563 0.5109093
3564 0.8071665
3565 0.5461409
3566 0.5656073
3567 0.2637128
3568 0.9399048
3569 0.730169
3570 0.3440208
3571 0.6105131
3572 0.2082948
3573 0.6741474
3574 0.6404766
3575 0.4431907
3576 0.6753716
3577 0.03961445
3578 0.05215655
3579 0.03334912
3580 0.9602401
3581 0.396307
3582 0.213203
3583 0.6725654
3584 0.6322165
3585 0.9945932
3586 0.6072398
3587 0.817001
3588 0.1378323
3589 0.882829
3590 0.2908173
3591 0.9564103
3592 0.7502629
3593 0.4780268
3594 0.143545
3595 0.1975881
3596 0.1319227
3597 0.8607932
3598 0.04620998
3599 0.07382874
3600 0.157081
3601 0.0368468
3602 0.266929
3603 0.9529121
3604 0.8586664
3605 0.4968394
3606 0.636407
3607 0.9927478
3608 0.9882005
3609 0.6492414
3610 0.7342763
3611 0.7412449
3612 0.70784
3613 0.5788218
3614 0.5079922
3615 0.7978769
3616 0.412
3617 0.4137047
3618 0.03570963
3619 0.8517264
3620 0.6267574
3621 0.1974261
3622 0.6585254
3623 0.1505479
3624 0.7315903
3625 0.5244805
3626 0.0096078
3627 0.2307983
3628 0.1241444
3629 0.02651788
3630 0.6722209
3631 0.6147568
3632 0.004478117
3633 0.3522441
3634 0.1647325
3635 0.1394856
3636 0.8778283
3637 0.5128841
3638 0.1646264
3639 0.1595663
3640 0.9742931
3641 0.3248368
3642 0.5404549
3643 0.1380617
3644 0.1178243
3645 0.6838814
3646 0.8412133
3647 0.8226105
3648 0.01048936
3649 0.3381353
3650 0.01881514
3651 0.584723
3652 0.6930899
3653 0.01644909
3654 0.5647502
3655 0.3407013
3656 0.3362184
3657 0.1241134
3658 0.009257365
3659 0.02701773
3660 0.5789795
3661 0.1900474
3662 0.320834
3663 0.1678381
3664 0.23103
3665 0.8476667
3666 0.2660268
3667 0.4374697
3668 0.9434645
3669 0.3511835
3670 0.5888531
3671 0.4510578
3672 0.971507
3673 0.2922236
3674 0.6127492
3675 0.7921096
3676 0.7935828
3677 0.05145482
3678 0.8542436
3679 0.9592382
3680 0.6135309
3681 0.05437704
3682 0.06196263
3683 0.825874
3684 0.7589427
3685 0.06222373
3686 0.2912829
3687 0.710718
3688 0.3405545
3689 0.831964
3690 0.6486402
3691 0.5238411
3692 0.1112507
3693 0.6870624
3694 0.3141929
3695 0.6968994
3696 0.4325459
3697 0.6537916
3698 0.05864543
3699 0.2776322
3700 0.766728
3701 0.7614695
3702 0.6186654
3703 0.5952503
3704 0.4149537
3705 1.978765e-05
3706 0.8299356
3707 0.7139152
3708 0.8460413
3709 0.4818891
3710 0.5463997
3711 0.244237
3712 0.5935096
3713 0.245713
3714 0.9619131
3715 0.3095949
3716 0.8950951
3717 0.5536211
3718 0.5324944
3719 0.6609577
3720 0.4340126
3721 0.9087351
3722 0.5139863
3723 0.8599519
3724 0.3346746
3725 0.7959401
3726 0.928795
3727 0.5044918
3728 0.8200789
3729 0.6233132
3730 0.03624689
3731 0.5701397
3732 0.6652401
3733 0.2089424
3734 0.7927975
3735 0.4405486
3736 0.3993785
3737 0.6257433
3738 0.4863971
3739 0.4368581
3740 0.8255373
3741 0.04485539
3742 0.02636066
3743 0.03186859
3744 0.1348887
3745 0.705933
3746 0.5548614
3747 0.8168051
3748 0.5829684
3749 0.2420545
3750 0.0552566
3751 0.3823397
3752 0.09393204
3753 0.452907
3754 0.863278
3755 0.5510779
3756 0.9613324
3757 0.6791518
3758 0.1266442
3759 0.4448796
3760 0.539152
3761 0.2904429
3762 0.3703252
3763 0.110218
3764 0.8808826
3765 0.1757269
3766 0.1097292
3767 0.5113411
3768 0.427723
3769 0.3406098
3770 0.6656669
3771 0.108884
3772 0.4939107
3773 0.9441334
3774 0.9890602
3775 0.3115799
3776 0.4559796
3777 0.9382963
3778 0.4776103
3779 0.06176043
3780 0.1864264
3781 0.9563719
3782 0.5850987
3783 0.3417196
3784 0.7768244
3785 0.9514961
3786 0.07448277
3787 0.7050757
3788 0.8004757
3789 0.6753451
3790 0.505307
3791 0.3470726
3792 0.6991718
3793 0.3635648
3794 0.9680192
3795 0.3182951
3796 0.02990439
3797 0.8187706
3798 0.1352709
3799 0.01550123
3800 0.339962
3801 0.6849658
3802 0.4057527
3803 0.8018273
3804 0.4340101
3805 0.1979542
3806 0.07412148
3807 0.5139878
3808 0.533421
3809 0.8285376
3810 0.2656569
3811 0.9356274
3812 0.8094038
3813 0.6343301
3814 0.9889764
3815 0.2542078
3816 0.3019954
3817 0.6143792
3818 0.7944589
3819 0.4537724
3820 0.8080408
3821 0.1466752
3822 0.8695151
3823 0.8183561
3824 0.426137
3825 0.2217893
3826 0.4256065
3827 0.165377
3828 0.9645129
3829 0.1870171
3830 0.1079473
3831 0.2390639
3832 0.0447572
3833 0.5841386
3834 0.07353222
3835 0.5546075
3836 0.544001
3837 0.9685295
3838 0.06611279
3839 0.105274
3840 0.4278024
3841 0.002670749
3842 0.8727371
3843 0.7215043
3844 0.7873465
3845 0.07761938
3846 0.6863188
3847 0.446125
3848 0.719182
3849 0.5151145
3850 0.5393621
3851 0.1042544
3852 0.9757017
3853 0.5721929
3854 0.5067975
3855 0.8292655
3856 0.9804803
3857 0.8786788
3858 0.251941
3859 0.9151139
3860 0.1469586
3861 0.5828228
3862 0.5248177
3863 0.1498215
3864 0.7142245
3865 0.5175301
3866 0.2694604
3867 0.5381115
3868 0.6305798
3869 0.1422914
3870 0.4558363
3871 0.6820603
3872 0.6240736
3873 0.6591757
3874 0.448068
3875 0.1257522
3876 0.843504
3877 0.01735257
3878 0.5090984
3879 0.8604748
3880 0.4494569
3881 0.2056005
3882 0.07445691
3883 0.7919719
3884 0.2768438
3885 0.2474794
3886 0.9830756
3887 0.4068342
3888 0.7871349
3889 0.6827578
3890 0.01421296
3891 0.3788848
3892 0.006961718
3893 0.3920063
3894 0.7271525
3895 0.2284741
3896 0.4463514
3897 0.4975315
3898 0.03365691
3899 0.2084133
3900 0.6487256
3901 0.1659283
3902 0.633148
3903 0.4780979
3904 0.4093231
3905 0.04361579
3906 0.4027725
3907 0.05678003
3908 0.620601
3909 0.2377746
3910 0.4718608
3911 0.9124276
3912 0.06142602
3913 0.1251545
3914 0.4013604
3915 0.3763665
3916 0.1993755
3917 0.296645
3918 0.5162704
3919 0.8337678
3920 0.005166615
3921 0.3032237
3922 0.1764953
3923 0.3056433
3924 0.6977631
3925 0.717843
3926 0.9170452
3927 0.2567082
3928 0.2970092
3929 0.4942187
3930 0.3013461
3931 0.3315656
3932 0.9403566
3933 0.4217363
3934 0.767226
3935 0.9567893
3936 0.5156386
3937 0.6194024
3938 0.5568466
3939 0.3237903
3940 0.1335247
3941 0.210628
3942 0.03916376
3943 0.4224763
3944 0.8239334
3945 0.08129605
3946 0.7634942
3947 0.7773098
3948 0.03646293
3949 0.2740488
3950 0.8756782
3951 0.6830206
3952 0.9956255
3953 0.5621714
3954 0.8473567
3955 0.7413256
3956 0.3196655
3957 0.1376223
3958 0.09967995
3959 0.00390834
3960 0.1629301
3961 0.3782448
3962 0.0535323
3963 0.4652435
3964 0.7359019
3965 0.1508793
3966 0.2443775
3967 0.1874799
3968 0.1866324
3969 0.1476159
3970 0.805262
3971 0.4906725
3972 0.3875464
3973 0.7987198
3974 0.6627975
3975 0.2526258
3976 0.1110706
3977 0.1064284
3978 0.7373464
3979 0.4429397
3980 0.5188658
3981 0.9565954
3982 0.4978101
3983 0.1546018
3984 0.7847216
3985 0.3625045
3986 0.7065548
3987 0.6797311
3988 0.3685769
3989 0.5177594
3990 0.958738
3991 0.8605304
3992 0.3943543
3993 0.9147211
3994 0.07696239
3995 0.710213
3996 0.8440437
3997 0.4294025
3998 0.2770601
3999 0.3381993
4000 0.4553743
4001 0.6382774
4002 0.3496178
4003 0.5972273
4004 0.9071148
4005 0.2499744
4006 0.8557926
4007 0.4514495
4008 0.5290368
4009 0.01848476
4010 0.1302024
4011 0.8757026
4012 0.138191
4013 0.544222
4014 0.1509979
4015 0.3856866
4016 0.9176283
4017 0.99547
4018 0.005266046
4019 0.7833237
4020 0.2366801
4021 0.6281143
4022 0.9077068
4023 0.04312847
4024 0.3032593
4025 0.4252122
4026 0.4234192
4027 0.4066249
4028 0.09895261
4029 0.17749
4030 0.9855761
4031 0.9483574
4032 0.6996144
4033 0.7942127
4034 0.8781974
4035 0.4800803
4036 0.8186486
4037 0.4754399
4038 0.9683028
4039 0.1086101
4040 0.4766158
4041 0.02406726
4042 0.6179112
4043 0.03677804
4044 0.2088864
4045 0.8285579
4046 0.9673584
4047 0.9933836
4048 0.09976096
4049 0.8797033
4050 0.14351
4051 0.7798573
4052 0.4382943
4053 0.971983
4054 0.7190727
4055 0.818577
4056 0.9592319
4057 0.5210908
4058 0.6889832
4059 0.5624702
4060 0.4635627
4061 0.4137176
4062 0.04603486
4063 0.4602265
4064 0.7466107
4065 0.5659783
4066 0.2283624
4067 0.389709
4068 0.8361187
4069 0.1309078
4070 0.5804798
4071 0.6586178
4072 0.1976743
4073 0.9593614
4074 0.110669
4075 0.8325427
4076 0.8039335
4077 0.8105312
4078 0.634389
4079 0.7735368
4080 0.6433937
4081 0.9997361
4082 0.1598916
4083 0.9541548
4084 0.01759747
4085 0.2371022
4086 0.7496966
4087 0.341917
4088 0.3963041
4089 0.714264
4090 0.03265505
4091 0.9992167
4092 0.2834839
4093 0.4633856
4094 0.284981
4095 0.250471
4096 0.4093104
4097 0.5118633
4098 0.2562594
4099 0.2874672
4100 0.4727669
4101 0.6402315
4102 0.1859338
4103 0.7470554
4104 0.01903582
4105 0.2087375
4106 0.04352873
4107 0.5837891
4108 0.06281378
4109 0.2384648
4110 0.5804207
4111 0.6784803
4112 0.6881201
4113 0.1718452
4114 0.7066494
4115 0.1311501
4116 0.304525
4117 0.9931223
4118 0.2684096
4119 0.2053146
4120 0.09136423
4121 0.7682502
4122 0.6461228
4123 0.622421
4124 0.03595456
4125 0.1027711
4126 0.1217357
4127 0.2968569
4128 0.498359
4129 0.7712769
4130 0.1622319
4131 0.8899425
4132 0.446594
4133 0.7412107
4134 0.7493676
4135 0.6853996
4136 0.3663168
4137 0.5570212
4138 0.08781385
4139 0.7404843
4140 0.5302863
4141 0.8926722
4142 0.7182413
4143 0.5108632
4144 0.8977371
4145 0.4773234
4146 0.1051498
4147 0.02955504
4148 0.6527629
4149 0.09646937
4150 0.1886611
4151 0.7887698
4152 0.5780256
4153 0.0916562
4154 0.7848983
4155 0.3636182
4156 0.6368915
4157 0.1590479
4158 0.8730026
4159 0.2158689
4160 0.4721744
4161 0.5850918
4162 0.0596984
4163 0.7750398
4164 0.341277
4165 0.2858107
4166 0.6980169
4167 0.6021942
4168 0.129687
4169 0.1388397
4170 0.05558963
4171 0.4242647
4172 0.4692717
4173 0.2848975
4174 0.5853785
4175 0.8350411
4176 0.3278264
4177 0.6755878
4178 0.06786257
4179 0.9949127
4180 0.303633
4181 0.3646236
4182 0.4475716
4183 0.8878022
4184 0.6654636
4185 0.5992423
4186 0.9633095
4187 0.6015046
4188 0.5148133
4189 0.6564832
4190 0.7765822
4191 0.9648464
4192 0.7017818
4193 0.693728
4194 0.685745
4195 0.102431
4196 0.7605307
4197 0.8230345
4198 0.7913156
4199 0.1128023
4200 0.5121895
4201 0.2242439
4202 0.4597292
4203 0.7204187
4204 0.036567
4205 0.1669149
4206 0.4541607
4207 0.7743017
4208 0.278525
4209 0.7399277
4210 0.4560143
4211 0.3049373
4212 0.3232962
4213 0.7464474
4214 0.3958563
4215 0.412093
4216 0.00902261
4217 0.0007564067
4218 0.8797391
4219 0.181258
4220 0.7718045
4221 0.8011756
4222 0.7941934
4223 0.7887795
4224 0.4312535
4225 0.2396215
4226 0.03649308
4227 0.01559859
4228 0.04677291
4229 0.9869508
4230 0.3317944
4231 0.4551707
4232 0.953801
4233 0.1911118
4234 0.9905813
4235 0.154901
4236 0.263507
4237 0.03951743
4238 0.7638506
4239 0.01861598
4240 0.04510063
4241 0.01560749
4242 0.8998923
4243 0.03948705
4244 0.7891049
4245 0.6925867
4246 0.06492672
4247 0.4134785
4248 0.7291247
4249 0.7244165
4250 0.02173969
4251 0.5585972
4252 0.6881151
4253 0.05849175
4254 0.9241984
4255 0.07244657
4256 0.2590277
4257 0.5215096
4258 0.3832415
4259 0.7888929
4260 0.2690009
4261 0.4877861
4262 0.8887219
4263 0.4350428
4264 0.2656412
4265 0.4612497
4266 0.9083225
4267 0.8521795
4268 0.562203
4269 0.5983806
4270 0.6095568
4271 0.8670001
4272 0.8177804
4273 0.880807
4274 0.1848893
4275 0.6402444
4276 0.04719976
4277 0.3167699
4278 0.007653789
4279 0.3744355
4280 0.1819762
4281 0.4729527
4282 0.7286017
4283 0.4536665
4284 0.8849727
4285 0.804773
4286 0.2638944
4287 0.7718313
4288 0.6626203
4289 0.1146804
4290 0.7007525
4291 0.1346082
4292 0.4833198
4293 0.3220826
4294 0.2175879
4295 0.3588441
4296 0.8952845
4297 0.9031763
4298 0.6628457
4299 0.7475079
4300 0.08021398
4301 0.3446663
4302 0.0333778
4303 0.9523992
4304 0.6985378
4305 0.04589674
4306 0.9959537
4307 0.200802
4308 0.9111603
4309 0.5108753
4310 0.2261416
4311 0.8516523
4312 0.2786064
4313 0.3433748
4314 0.4842986
4315 0.79126
4316 0.3807588
4317 0.6812648
4318 0.428993
4319 0.1095237
4320 0.1436119
4321 0.1568373
4322 0.590381
4323 0.07171989
4324 0.4345883
4325 0.06326623
4326 0.5561937
4327 0.8095596
4328 0.1171103
4329 0.2318316
4330 0.6288615
4331 0.9247313
4332 0.5189907
4333 0.533764
4334 0.07211252
4335 0.8416287
4336 0.3661178
4337 0.1316459
4338 0.5496483
4339 0.4330769
4340 0.2051169
4341 0.2853251
4342 0.8492504
4343 0.1953596
4344 0.3470878
4345 0.5631468
4346 0.5839873
4347 0.7739663
4348 0.9396441
4349 0.3198742
4350 0.6691487
4351 0.377309
4352 0.905163
4353 0.3685812
4354 0.03943473
4355 0.9227585
4356 0.5050049
4357 0.2458678
4358 0.04908796
4359 0.0003086755
4360 0.3920386
4361 0.1637441
4362 0.1209034
4363 0.989683
4364 0.6633069
4365 0.2773292
4366 0.09481241
4367 0.4413598
4368 0.2679776
4369 0.7429239
4370 0.423279
4371 0.6050809
4372 0.9105982
4373 0.1072519
4374 0.5192625
4375 0.5991346
4376 0.6170075
4377 0.8236618
4378 0.6170482
4379 0.7308673
4380 0.5001941
4381 0.9102214
4382 0.2150136
4383 0.8109723
4384 0.2299213
4385 0.883199
4386 0.7282539
4387 0.7123196
4388 0.7379321
4389 0.08970625
4390 0.116609
4391 0.7909261
4392 0.3158346
4393 0.5736227
4394 0.2108915
4395 0.6305331
4396 0.1984117
4397 0.5220588
4398 0.02708626
4399 0.2257762
4400 0.9722779
4401 0.3697798
4402 0.9580395
4403 0.3500596
4404 0.223277
4405 0.9334999
4406 0.2114407
4407 0.972246
4408 0.394888
4409 0.5596797
4410 0.1208874
4411 0.08997528
4412 0.3090459
4413 0.2611301
4414 0.139264
4415 0.5435051
4416 0.04132084
4417 0.5570897
4418 0.6186661
4419 0.3287331
4420 0.4025319
4421 0.1159441
4422 0.02015305
4423 0.4983842
4424 0.520932
4425 0.2909218
4426 0.4672363
4427 0.3537795
4428 0.5464029
4429 0.9786265
4430 0.2107527
4431 0.002479695
4432 0.7934833
4433 0.09053087
4434 0.806791
4435 0.2930389
4436 0.1021029
4437 0.4919184
4438 0.05619192
4439 0.8552415
4440 0.06427284
4441 0.2502946
4442 0.9554335
4443 0.1392894
4444 0.1278481
4445 0.5205689
4446 0.1952599
4447 0.483457
4448 0.7503687
4449 0.62321
4450 0.7912142
4451 0.8104568
4452 0.690582
4453 0.8529093
4454 0.1031432
4455 0.5961347
4456 0.6856119
4457 0.5133287
4458 0.382972
4459 0.2138722
4460 0.8192219
4461 0.3895308
4462 0.9522362
4463 0.4702229
4464 0.9546395
4465 0.6725365
4466 0.139658
4467 0.575673
4468 0.483422
4469 0.6390489
4470 0.3834634
4471 0.9840116
4472 0.2843889
4473 0.4728404
4474 0.6687852
4475 0.3319631
4476 0.04735451
4477 0.5183478
4478 0.479485
4479 0.869332
4480 0.9585744
4481 0.7150847
4482 0.08515724
4483 0.67184
4484 0.2409349
4485 0.3415221
4486 0.03377882
4487 0.4729719
4488 0.7847239
4489 0.08507093
4490 0.1189412
4491 0.6784751
4492 0.5891216
4493 0.1775566
4494 0.2894266
4495 0.4311738
4496 0.6464483
4497 0.03547117
4498 0.2180813
4499 0.3668714
4500 0.5248776
4501 0.8903311
4502 0.07211584
4503 0.5120164
4504 0.5082617
4505 0.9863932
4506 0.1842929
4507 0.160226
4508 0.9402058
4509 0.5929655
4510 0.2500768
4511 0.05626989
4512 0.03032476
4513 0.8496154
4514 0.06867521
4515 0.4933452
4516 0.2624442
4517 0.1365965
4518 0.9006219
4519 0.3351986
4520 0.4085062
4521 0.3380141
4522 0.496028
4523 0.3928605
4524 0.2251683
4525 0.6785864
4526 0.5408709
4527 0.2326787
4528 0.5612723
4529 0.8611879
4530 0.9108328
4531 0.9468805
4532 0.643098
4533 0.3976539
4534 0.3850219
4535 0.6387854
4536 0.3111908
4537 0.4311812
4538 0.6605337
4539 0.1644909
4540 0.5565863
4541 0.2407535
4542 0.3822037
4543 0.4794041
4544 0.1218257
4545 0.3426866
4546 0.1484234
4547 0.6849359
4548 0.9685007
4549 0.7339172
4550 0.1346031
4551 0.2855503
4552 0.3229628
4553 0.434019
4554 0.2135038
4555 0.3850664
4556 0.3051236
4557 0.674352
4558 0.1223686
4559 0.386433
4560 0.4696353
4561 0.1685066
4562 0.2622339
4563 0.7622295
4564 0.1441307
4565 0.07319479
4566 0.313505
4567 0.006491287
4568 0.6627762
4569 0.3247489
4570 0.8365349
4571 0.952283
4572 0.7593622
4573 0.9155072
4574 0.007487249
4575 0.3452274
4576 0.006351665
4577 0.4907816
4578 0.8514954
4579 0.2850229
4580 0.09991519
4581 0.2461963
4582 0.7772668
4583 0.5185683
4584 0.6522751
4585 0.5726886
4586 0.1048325
4587 0.4625177
4588 0.9137529
4589 0.3639959
4590 0.0008113329
4591 0.1889324
4592 0.6395863
4593 0.8463451
4594 0.6093555
4595 0.9293672
4596 0.6776214
4597 0.8367106
4598 0.5572437
4599 0.1864516
4600 0.002139167
4601 0.5804019
4602 0.9272966
4603 0.5350991
4604 0.1166752
4605 0.7788268
4606 0.1852288
4607 0.5041918
4608 0.5436546
4609 0.06378686
4610 0.6944544
4611 0.3778815
4612 0.5721229
4613 0.9906836
4614 0.2666445
4615 0.6244758
4616 0.3915432
4617 0.6586538
4618 0.616758
4619 0.3042749
4620 0.2659014
4621 0.168058
4622 0.46226
4623 0.7986402
4624 0.1180698
4625 0.3356692
4626 0.9168082
4627 0.5966556
4628 0.4761026
4629 0.343673
4630 0.484661
4631 0.6227439
4632 0.8325451
4633 0.7193014
4634 0.2067475
4635 0.2893201
4636 0.01756694
4637 0.8976649
4638 0.9466535
4639 0.8465633
4640 0.03770551
4641 0.9974426
4642 0.722703
4643 0.7032546
4644 0.05624847
4645 0.09577377
4646 0.05221219
4647 0.02705815
4648 0.0221553
4649 0.08679146
4650 0.7396418
4651 0.8655004
4652 0.7833595
4653 0.9184941
4654 0.267936
4655 0.05474231
4656 0.894713
4657 0.593106
4658 0.7338978
4659 0.6730307
4660 0.02549044
4661 0.5153455
4662 0.8520776
4663 0.4403209
4664 0.5440158
4665 0.3749402
4666 0.7015028
4667 0.2836575
4668 0.4944326
4669 0.5237471
4670 0.4468789
4671 0.7264948
4672 0.5299275
4673 0.5113048
4674 0.7536925
4675 0.5760277
4676 0.8372957
4677 0.628987
4678 0.5374468
4679 0.1463245
4680 0.4586085
4681 0.7587037
4682 0.03316616
4683 0.48686
4684 0.05836084
4685 0.8506711
4686 0.604362
4687 0.3346947
4688 0.4061927
4689 0.08677968
4690 0.5632127
4691 0.9644421
4692 0.361172
4693 0.2300127
4694 0.09530589
4695 0.1815718
4696 0.1871158
4697 0.1408492
4698 0.1644636
4699 0.1773054
4700 0.6381989
4701 0.373005
4702 0.2924748
4703 0.3668331
4704 0.5593519
4705 0.09476732
4706 0.6502583
4707 0.7583672
4708 0.3403169
4709 0.6508345
4710 0.747427
4711 0.8725062
4712 0.5439535
4713 0.9466678
4714 0.372217
4715 0.4074573
4716 0.455111
4717 0.9263333
4718 0.7991824
4719 0.4735207
4720 0.2097609
4721 0.5196039
4722 0.4199147
4723 0.2953804
4724 0.8119297
4725 0.1968845
4726 0.006601979
4727 0.8780359
4728 0.1470527
4729 0.599189
4730 0.5472439
4731 0.380383
4732 0.445241
4733 0.03785114
4734 0.4916979
4735 0.7305729
4736 0.3247075
4737 0.0001291211
4738 0.1218114
4739 0.8237723
4740 0.01812168
4741 0.7645997
4742 0.2525763
4743 0.6348006
4744 0.6277073
4745 0.4464201
4746 0.4945764
4747 0.541371
4748 0.8353767
4749 0.582377
4750 0.2679033
4751 0.8113751
4752 0.15994
4753 0.6317757
4754 0.5943946
4755 0.7763747
4756 0.7488547
4757 0.6158222
4758 0.2229964
4759 0.273131
4760 0.08403748
4761 0.6599859
4762 0.1022701
4763 0.3251235
4764 0.1184846
4765 0.07218477
4766 0.09003634
4767 0.7046079
4768 0.06650056
4769 0.3205342
4770 0.138938
4771 0.7881571
4772 0.1428948
4773 0.04018053
4774 0.7922186
4775 0.5590044
4776 0.5443178
4777 0.9545054
4778 0.01514325
4779 0.9823777
4780 0.4208607
4781 0.1670414
4782 0.4056478
4783 0.84144
4784 0.4175399
4785 0.6904227
4786 0.908431
4787 0.006887851
4788 0.9791026
4789 0.5684483
4790 0.4284187
4791 0.4095736
4792 0.7212983
4793 0.2410808
4794 0.5702821
4795 0.768319
4796 0.7314846
4797 0.06436637
4798 0.9231468
4799 0.4962015
4800 0.8656875
4801 0.397388
4802 0.7664598
4803 0.7723775
4804 0.5720215
4805 0.2353112
4806 0.9576545
4807 0.3079377
4808 0.2851782
4809 0.4863629
4810 0.4324771
4811 0.5873573
4812 0.005875124
4813 0.7192419
4814 0.006424185
4815 0.8389665
4816 0.1608106
4817 0.7422779
4818 0.1374331
4819 0.7381483
4820 0.6948963
4821 0.949908
4822 0.4666697
4823 0.2663657
4824 0.1021477
4825 0.8891201
4826 0.04561927
4827 0.1232414
4828 0.2088069
4829 0.1640259
4830 0.1137461
4831 0.9473245
4832 0.3946915
4833 0.4642271
4834 0.1897018
4835 0.2984702
4836 0.9578683
4837 0.4321885
4838 0.3052489
4839 0.6777841
4840 0.4366073
4841 0.8400853
4842 0.4842233
4843 0.1219302
4844 0.5436269
4845 0.2995294
4846 0.9926637
4847 0.5897733
4848 0.7349143
4849 0.5064629
4850 0.1394034
4851 0.6631384
4852 0.2486865
4853 0.2488282
4854 0.3738873
4855 0.7931193
4856 0.4646829
4857 0.1125616
4858 0.4409715
4859 0.2431177
4860 0.3981695
4861 0.8531321
4862 0.3837078
4863 0.1208398
4864 0.2026886
4865 0.7652877
4866 0.2098069
4867 0.8976874
4868 0.3734517
4869 0.7213988
4870 0.1844672
4871 0.3059525
4872 0.7724652
4873 0.3430697
4874 0.3165395
4875 0.5455997
4876 0.5949517
4877 0.08175607
4878 0.9469419
4879 0.6329836
4880 0.5624306
4881 0.2041052
4882 0.3910772
4883 0.3227441
4884 0.7949268
4885 0.09083673
4886 0.724314
4887 0.3549425
4888 0.4429231
4889 0.3946531
4890 0.6989776
4891 0.3644258
4892 0.6812749
4893 0.3849165
4894 0.8738248
4895 0.2405128
4896 0.728634
4897 0.2723904
4898 0.1421521
4899 0.6010253
4900 0.5078707
4901 0.5146863
4902 0.8419654
4903 0.374639
4904 0.5090694
4905 0.2302686
4906 0.7340812
4907 0.1364173
4908 0.2717689
4909 0.3991289
4910 0.0323086
4911 0.7114129
4912 0.2250926
4913 0.1248737
4914 0.009881272
4915 0.7318035
4916 0.5576497
4917 0.2508447
4918 0.03624102
4919 0.2968322
4920 0.6397273
4921 0.9309392
4922 0.4682256
4923 0.01637524
4924 0.6752837
4925 0.1264415
4926 0.3973848
4927 0.7481614
4928 0.4371658
4929 0.08953185
4930 0.9627384
4931 0.1243748
4932 0.9924277
4933 0.3175724
4934 0.9156547
4935 0.4667938
4936 0.7992079
4937 0.8435789
4938 0.2029001
4939 0.7683925
4940 0.1178943
4941 0.1430683
4942 0.08544505
4943 0.6130843
4944 0.8501253
4945 0.6927324
4946 0.0803917
4947 0.6482056
4948 0.6664738
4949 0.2563872
4950 0.6829407
4951 0.5664352
4952 0.02643485
4953 0.7575551
4954 0.5346077
4955 0.04184299
4956 0.1796483
4957 0.4695551
4958 0.4995694
4959 0.1612221
4960 0.8409242
4961 0.5225992
4962 0.05572238
4963 0.1385701
4964 0.1148383
4965 0.7847772
4966 0.0383592
4967 0.5922201
4968 0.1656978
4969 0.1138243
4970 0.08106076
4971 0.3464421
4972 0.01113479
4973 0.7539605
4974 0.8379911
4975 0.3773452
4976 0.6977589
4977 0.2709997
4978 0.3459557
4979 0.2476079
4980 0.4333173
4981 0.3978457
4982 0.524672
4983 0.4687773
4984 0.770259
4985 0.6287542
4986 0.7968714
4987 0.6103078
4988 0.9434882
4989 0.05500326
4990 0.6601767
4991 0.5148313
4992 0.3871205
4993 0.9588819
4994 0.4340226
4995 0.6864726
4996 0.4766973
4997 0.9724165
4998 0.3577601
4999 0.7328931
5000 0.01232904
