1 0.7356114
2 0.00892171
3 0.002300464
4 0.2299598
5 0.03108695
6 0.003775802
7 0.2082872
8 0.005760353
9 0.5583178
10 0.07091281
11 5.093452e-05
12 0.02852618
13 0.0008675705
14 0.08571378
15 0.1276011
16 0.4722073
17 0.0313637
18 0.00159713
19 0.001497837
20 0.1491451
21 0.2181163
22 0.001027344
23 0.1803805
24 1.758239e-05
25 0.03799352
26 0.01338423
27 0.008283301
28 0.01128455
29 0.2464838
30 0.3208961
31 5.272013e-06
32 0.0004298999
33 0.3617376
34 0.04953897
35 0.4525427
36 0.7690359
37 0.0146627
38 0.7171141
39 0.001653559
40 0.6564396
41 0.7194024
42 0.071837
43 0.1913713
44 0.1025524
45 0.04277413
46 0.01937691
47 0.2446117
48 0.0240162
49 0.06605003
50 0.1965158
51 0.2640343
52 0.1727708
53 0.01771278
54 0.9273911
55 0.2292213
56 0.01822457
57 0.08760721
58 0.8018211
59 0.3955029
60 0.008026411
61 0.2387539
62 0.002378258
63 0.3264338
64 0.2993276
65 0.002061394
66 0.9861066
67 0.1332646
68 0.003565207
69 0.01430761
70 0.9412251
71 0.007167175
72 0.01973227
73 0.2983877
74 3.705014e-05
75 3.002733e-05
76 0.8493511
77 0.0003895946
78 0.008485072
79 0.01297893
80 0.2099625
81 0.02290599
82 0.05188903
83 0.1505871
84 0.1339082
85 0.09848836
86 0.0001915936
87 0.03202258
88 0.1473055
89 0.2522633
90 0.08667379
91 0.1154266
92 0.001150887
93 0.1572499
94 0.005042212
95 0.02446524
96 0.9243496
97 0.2076066
98 0.3453735
99 0.02008015
100 0.06792857
101 0.0006024367
102 0.0004500221
103 0.7688639
104 0.5381783
105 0.004435119
106 0.1313443
107 0.002521227
108 0.4581779
109 0.004665866
110 0.1768435
111 0.0583135
112 0.09603129
113 0.02213991
114 0.8277515
115 0.6391954
116 0.005000941
117 0.008791711
118 0.04575516
119 0.01574298
120 0.1672804
121 0.2608754
122 1.860209e-05
123 0.00552155
124 0.397866
125 0.02669082
126 0.04816709
127 0.8956902
128 0.0149823
129 0.5784661
130 0.001229922
131 0.8767476
132 0.0005608524
133 0.6273674
134 0.3233649
135 0.8637993
136 0.005081975
137 0.09536773
138 0.5030601
139 0.7172737
140 0.04850589
141 0.002136103
142 0.01619194
143 2.474866e-05
144 0.0292714
145 0.003397332
146 0.01051877
147 0.002163043
148 0.004469079
149 0.379242
150 0.002679574
151 0.004775136
152 0.000986977
153 0.09939703
154 0.01045566
155 0.001599045
156 3.646727e-07
157 0.05753826
158 0.002301727
159 2.372055e-06
160 0.6926387
161 0.0147284
162 0.01404548
163 0.7178582
164 0.6522424
165 0.09162131
166 0.2488197
167 0.5705446
168 0.003838806
169 0.003027061
170 0.1781957
171 0.04415969
172 0.009544101
173 0.0188642
174 0.3430011
175 0.0005600755
176 0.08331591
177 0.03603149
178 0.02595443
179 0.6347182
180 0.9700653
181 0.1492914
182 0.1267913
183 3.665025e-05
184 0.01685899
185 0.001335253
186 0.09155369
187 0.5314457
188 3.654606e-05
189 0.7848647
190 0.09705768
191 4.752702e-05
192 2.113298e-06
193 0.7351176
194 0.2809446
195 0.07155821
196 0.2097235
197 0.01767446
198 7.685195e-05
199 0.00939135
200 0.03493212
201 0.4448234
202 8.069816e-07
203 5.129488e-05
204 0.1044214
205 0.0003210153
206 0.7446112
207 0.004136908
208 0.7175184
209 0.2345834
210 0.05821498
211 0.4686156
212 0.09546969
213 0.002732743
214 0.0001421239
215 0.01672518
216 0.6272394
217 0.06340558
218 0.003151786
219 0.6114824
220 0.005361991
221 0.4172225
222 0.8882142
223 0.08606621
224 0.8253869
225 0.0352128
226 0.4112085
227 0.2374371
228 0.000308341
229 0.01197652
230 0.115576
231 0.2663111
232 0.8089261
233 0.001785359
234 0.03222784
235 0.0440938
236 0.01048244
237 0.08006936
238 0.001699658
239 0.00481946
240 0.01042302
241 0.2318187
242 0.005032513
243 0.3594811
244 0.01599238
245 0.3482192
246 0.0003650771
247 0.004493094
248 0.004989109
249 1.809616e-06
250 0.9039448
251 0.02805473
252 0.0003223711
253 0.01207456
254 0.02874027
255 0.1297579
256 0.002345171
257 0.04774833
258 0.9208832
259 0.01178246
260 0.1010309
261 0.02039923
262 0.00451195
263 0.5523853
264 0.004683186
265 0.2169045
266 0.2666614
267 0.6103812
268 0.04135673
269 3.189977e-05
270 0.2324114
271 0.003466102
272 0.004972857
273 0.02542243
274 0.5000605
275 0.3371251
276 0.6905735
277 0.3741606
278 0.2744078
279 3.93472e-07
280 0.05572949
281 0.03673407
282 0.5338424
283 0.001029061
284 0.01026274
285 0.005180812
286 0.3468641
287 0.09391823
288 0.00969008
289 0.06231519
290 0.6421476
291 0.01064442
292 0.01929032
293 0.0009176238
294 0.3792852
295 0.4394068
296 0.0002731315
297 0.2520351
298 0.0044392
299 0.002706462
300 0.6774282
301 0.5637282
302 0.06639675
303 0.0002587136
304 0.003521982
305 0.7384741
306 0.130816
307 0.213604
308 0.2848179
309 0.4666487
310 0.05419874
311 0.001278578
312 0.9181498
313 0.00294142
314 0.8761331
315 0.5851991
316 0.2834522
317 0.09363367
318 0.350512
319 0.06907922
320 0.05139871
321 0.002594197
322 0.2311878
323 0.02574907
324 0.0007434619
325 0.005254612
326 0.2618735
327 0.5108615
328 0.6916989
329 0.002680124
330 0.0001300486
331 0.005364249
332 0.1570523
333 0.3721158
334 0.2834311
335 0.7486336
336 0.04993608
337 0.009698793
338 0.1369304
339 0.0002077863
340 0.9988978
341 0.1046675
342 0.8917815
343 0.3455622
344 0.001160835
345 0.475639
346 0.01504118
347 0.4178752
348 0.05392824
349 0.0005937488
350 0.9597783
351 0.09194454
352 2.343413e-05
353 0.0002393427
354 0.06541168
355 0.02615491
356 0.3146653
357 0.012754
358 0.00494603
359 0.009762934
360 0.2095817
361 0.3514627
362 0.0009472066
363 0.8940315
364 0.4045898
365 0.01319252
366 0.05041402
367 0.003647088
368 0.8174745
369 0.1854366
370 0.7774534
371 0.2077311
372 0.0009822408
373 0.09186623
374 0.3174098
375 0.001785513
376 0.01146732
377 0.002059789
378 0.007170674
379 0.01739238
380 0.4372927
381 0.2834529
382 0.02582401
383 0.1012228
384 0.0007997062
385 0.5049503
386 0.09863293
387 0.001119501
388 0.02647002
389 0.046371
390 0.0008602726
391 0.006339373
392 0.8994087
393 8.531614e-05
394 7.639468e-07
395 0.05525358
396 0.2195125
397 0.002148086
398 0.01344674
399 0.01504059
400 0.173602
401 0.1032205
402 0.67497
403 0.0003672818
404 0.0001787689
405 0.01723579
406 0.3887407
407 0.3992958
408 2.570865e-05
409 0.3618495
410 0.01915328
411 0.3627734
412 0.8144718
413 0.02589554
414 0.8153146
415 0.9491663
416 0.0009587944
417 6.517039e-05
418 0.06161098
419 0.01566198
420 0.0808786
421 0.5358705
422 4.731684e-05
423 0.002945826
424 0.009207586
425 0.7834336
426 0.0876256
427 0.002025917
428 0.5247917
429 2.183361e-05
430 0.4443695
431 1.251572e-05
432 0.08804068
433 0.000448756
434 0.9697329
435 0.4758689
436 0.2625499
437 0.009366137
438 0.003918093
439 0.02174744
440 0.03631409
441 0.6317528
442 0.9670028
443 0.007623933
444 7.942955e-06
445 0.1352465
446 3.674541e-07
447 0.01587158
448 0.08598379
449 0.6770636
450 0.9933859
451 0.0006069641
452 0.03957537
453 0.5835199
454 0.1980755
455 0.9169348
456 0.02089569
457 0.1030049
458 0.001930913
459 9.289172e-05
460 0.006453755
461 0.07619208
462 0.0549235
463 0.1074212
464 0.003075552
465 0.7079133
466 0.02228528
467 8.002016e-07
468 0.140454
469 0.6552231
470 4.521595e-06
471 0.1170597
472 0.9189666
473 0.003216539
474 0.05638337
475 0.3537138
476 0.7522622
477 0.00271511
478 0.01507075
479 0.001248645
480 0.3182115
481 0.007470907
482 7.798679e-06
483 0.006864067
484 0.3144281
485 0.03640355
486 0.002270392
487 0.01747606
488 0.01201152
489 0.01520378
490 0.5771548
491 0.4893599
492 0.02690386
493 0.1159647
494 0.1500801
495 0.005838737
496 0.09659512
497 0.04231084
498 0.01026865
499 0.02189853
500 0.7465361
501 0.07520664
502 0.3563862
503 0.8387639
504 0.01197979
505 0.6209035
506 0.3221389
507 0.2873279
508 0.006184593
509 0.0002749537
510 0.1437835
511 2.007427e-06
512 0.02997464
513 0.04147427
514 0.0003078848
515 0.1683583
516 0.1086541
517 0.2301115
518 0.2364964
519 0.0001798283
520 1.315528e-05
521 0.01709757
522 3.148966e-05
523 0.005405047
524 0.0001446123
525 1.2115e-05
526 0.05877585
527 3.302335e-06
528 0.107314
529 0.1927725
530 0.08084968
531 0.09093538
532 0.09099542
533 0.9476588
534 0.008696357
535 0.2531077
536 0.00379837
537 0.08009464
538 2.842367e-05
539 0.003049631
540 0.02528936
541 0.0006404695
542 0.0030236
543 0.4527618
544 0.003824003
545 0.9809139
546 7.477618e-06
547 0.4471484
548 0.5436097
549 0.6921145
550 0.006138014
551 0.7246976
552 1.420798e-05
553 0.1935311
554 0.002743373
555 0.05535222
556 0.000420967
557 0.221316
558 0.008610612
559 0.5526371
560 0.06504162
561 0.1201093
562 0.9186751
563 1.342322e-06
564 0.003282088
565 1.244885e-05
566 0.7876666
567 0.02017851
568 0.002732005
569 0.0003927315
570 0.002813593
571 0.8513903
572 1.260656e-06
573 0.11759
574 0.001697651
575 0.01924476
576 0.08114697
577 0.3723622
578 0.1513014
579 0.467538
580 0.1609665
581 0.0005133045
582 0.3334174
583 0.09684977
584 0.01718546
585 0.003821836
586 0.7656214
587 0.8203064
588 0.1421908
589 0.6490509
590 0.002738511
591 0.1339908
592 0.5444505
593 0.0009397566
594 0.7595368
595 0.003886524
596 0.02272023
597 0.5451153
598 0.004321304
599 0.6164219
600 0.3160407
601 2.321747e-05
602 0.01576036
603 0.001144255
604 0.1427851
605 0.01793527
606 0.0008220778
607 0.6256255
608 0.3776382
609 0.2225052
610 0.2841455
611 0.6846308
612 0.00409664
613 0.6318075
614 0.6211284
615 0.003076139
616 0.5018632
617 3.251923e-06
618 0.0005570808
619 0.4234977
620 0.02062177
621 0.4280148
622 0.1242473
623 0.8264362
624 0.0357328
625 0.7900136
626 2.097294e-05
627 0.005243134
628 0.08039246
629 0.002519375
630 0.01325984
631 0.8628696
632 0.1912458
633 0.8790254
634 0.4908276
635 0.2026277
636 0.2961279
637 0.5066767
638 0.8557439
639 0.7820819
640 0.01867446
641 0.4406044
642 0.8082463
643 0.08678345
644 0.1948602
645 0.01247494
646 0.2438919
647 5.648124e-06
648 0.04650988
649 0.06928943
650 0.006825021
651 0.04182663
652 0.01031996
653 0.06191733
654 0.004059645
655 1.011227e-05
656 0.00261144
657 0.9000439
658 0.7819946
659 0.1251112
660 9.075345e-05
661 0.4179662
662 0.1269519
663 0.7868007
664 0.1936714
665 0.06990207
666 0.160368
667 0.02499527
668 0.5731512
669 0.1612858
670 0.003388839
671 0.945885
672 0.003978975
673 0.1730111
674 0.01704609
675 0.005215483
676 2.714482e-05
677 0.6818166
678 0.4987964
679 0.03622078
680 0.03386381
681 0.3674336
682 0.2706204
683 0.223658
684 0.2265932
685 0.0001883095
686 0.006539696
687 0.1235704
688 0.07085538
689 0.4026646
690 0.1317868
691 0.05336274
692 1.416981e-06
693 0.2496466
694 0.1165502
695 0.02196875
696 5.326058e-05
697 0.05127411
698 0.0134012
699 0.001105013
700 0.0125684
701 0.0002979258
702 0.06159657
703 0.9053688
704 0.3499913
705 0.0005106033
706 0.003457174
707 0.6245744
708 0.003515992
709 0.006751901
710 0.3026703
711 0.00588582
712 0.003018529
713 0.002092311
714 0.0002191599
715 0.02156349
716 0.4018964
717 0.06567657
718 0.6157333
719 0.8622136
720 0.516089
721 0.2158271
722 0.498023
723 0.1490442
724 0.5032832
725 0.07855117
726 0.2246845
727 0.0005843482
728 0.01866219
729 0.2447472
730 0.04129662
731 0.04658784
732 0.912393
733 0.01525602
734 0.8849778
735 0.0420911
736 0.7753438
737 0.005706186
738 1.497174e-05
739 0.0383799
740 0.2459041
741 0.00739123
742 3.51226e-06
743 0.3601586
744 0.9917553
745 0.3940181
746 0.1647297
747 0.7664232
748 0.125207
749 0.001272869
750 0.5140489
751 0.001578241
752 0.02274816
753 0.1531383
754 0.291346
755 0.4425626
756 0.2923982
757 0.001525709
758 0.002615161
759 0.1416267
760 0.3167205
761 0.1158331
762 0.04125601
763 0.02789506
764 0.05655935
765 1.488656e-06
766 0.0005071223
767 0.02244782
768 0.03040453
769 0.2228017
770 0.04022188
771 0.009906151
772 0.0005741314
773 0.5869893
774 0.0006404703
775 0.6094791
776 0.00573574
777 0.9715332
778 0.1551304
779 0.365225
780 0.5240104
781 0.02396137
782 0.1409307
783 0.01907282
784 0.2197947
785 0.002121386
786 0.2796188
787 0.218062
788 0.2101026
789 0.00810054
790 0.0008465419
791 0.3455828
792 0.002216328
793 0.0006696402
794 0.000560789
795 0.4732496
796 8.263782e-05
797 0.004119346
798 0.04317898
799 0.2136517
800 0.8692054
801 0.45995
802 0.8419569
803 0.03700603
804 0.02412251
805 0.422058
806 0.001470531
807 0.005329778
808 0.3523252
809 0.02793401
810 0.1274334
811 0.347247
812 0.04359593
813 0.4519536
814 0.02401187
815 0.003541445
816 0.98191
817 0.002080311
818 0.006119012
819 0.2867028
820 0.02644694
821 0.2833086
822 0.009688925
823 0.2067652
824 0.7759422
825 0.003291922
826 0.07635256
827 0.6173782
828 0.00434334
829 0.01419818
830 0.0003596331
831 0.0006675117
832 0.002165693
833 0.3497854
834 0.4215149
835 0.04701429
836 0.5486401
837 0.3931174
838 0.002848269
839 0.003778498
840 0.001417171
841 2.022009e-06
842 0.07128982
843 0.8682011
844 0.01114254
845 0.39191
846 0.001388919
847 0.2376433
848 2.133782e-05
849 0.1390951
850 0.03177049
851 0.05426486
852 0.270814
853 3.401333e-05
854 0.03617159
855 0.04605437
856 0.0148103
857 4.200657e-05
858 0.08245418
859 0.1320221
860 0.00457925
861 0.8707805
862 0.7794128
863 0.3207586
864 0.0001337248
865 0.03998566
866 0.5468132
867 0.004851688
868 0.02048992
869 0.6617637
870 0.04906412
871 0.7381527
872 0.7991602
873 0.3734274
874 0.5891057
875 1.663599e-06
876 0.6819892
877 0.006556151
878 0.134859
879 0.642458
880 9.239123e-05
881 0.005971521
882 0.427269
883 0.1260442
884 0.002835845
885 0.02671604
886 0.4825253
887 0.0008132684
888 0.0868753
889 0.01855501
890 0.007753748
891 0.01617949
892 0.933397
893 0.3877559
894 0.3476327
895 0.8621889
896 0.1720474
897 0.02890931
898 0.9907607
899 0.01636735
900 0.460672
901 0.4458864
902 0.002799872
903 0.07947941
904 0.2590611
905 0.277988
906 5.803886e-06
907 0.1543808
908 0.003829411
909 0.1052109
910 0.6832507
911 0.03388009
912 0.551817
913 0.3914756
914 0.004377721
915 0.737122
916 0.03209953
917 0.02484727
918 0.1183058
919 0.0009566054
920 0.4391485
921 0.2428252
922 0.9536917
923 0.2736971
924 0.496319
925 0.1535594
926 0.02156905
927 0.5661496
928 0.4987642
929 0.148157
930 0.3647947
931 0.3709819
932 0.3422665
933 0.1021379
934 0.9909969
935 0.0001916203
936 0.02411382
937 0.001032728
938 0.1221491
939 0.599838
940 0.02255873
941 0.0002840125
942 0.001588497
943 0.4146952
944 0.1503644
945 0.3035787
946 0.3259681
947 0.1796913
948 0.8429706
949 0.4239604
950 0.4790809
951 0.0633879
952 0.0107411
953 0.2085299
954 0.008016954
955 0.2096655
956 0.01536632
957 0.049575
958 0.0003232777
959 0.0476683
960 0.07623515
961 0.009965322
962 0.001533524
963 0.003927685
964 0.6689546
965 0.0006253995
966 0.1665189
967 0.0668285
968 0.002013661
969 0.03844266
970 0.0007172962
971 4.002101e-06
972 0.000476905
973 0.9405611
974 0.1161534
975 0.7329969
976 0.4339684
977 0.2362664
978 0.8379638
979 0.9509501
980 0.09129768
981 0.3655704
982 0.01594115
983 0.000972373
984 0.001847985
985 0.01772505
986 0.0225617
987 0.1188271
988 0.01664502
989 0.9858609
990 0.02311043
991 0.06438611
992 0.8169073
993 0.01318389
994 0.001355188
995 0.04946682
996 0.01072291
997 0.00558839
998 0.2976037
999 0.5038365
1000 0.07908242
1001 0.000133241
1002 0.008146539
1003 0.674301
1004 0.8808991
1005 0.4686987
1006 0.01369959
1007 0.2725405
1008 0.2278695
1009 0.01328438
1010 0.4299471
1011 0.771455
1012 0.01732208
1013 0.1008972
1014 0.04642119
1015 0.02182269
1016 0.6903072
1017 0.5771665
1018 0.1837131
1019 0.07490248
1020 0.5334742
1021 0.006697061
1022 0.707827
1023 0.4262806
1024 0.03683521
1025 0.9640283
1026 0.6012264
1027 0.1038612
1028 0.1027412
1029 0.07303628
1030 0.01188291
1031 0.5901069
1032 3.120518e-06
1033 0.00306819
1034 0.7134402
1035 0.01145889
1036 0.0149165
1037 0.0004963135
1038 2.377978e-06
1039 0.1905869
1040 0.1483624
1041 0.1860595
1042 0.8125233
1043 0.2431891
1044 2.165762e-05
1045 0.002452
1046 0.008405028
1047 0.1507471
1048 0.02248829
1049 0.002660552
1050 0.04846519
1051 0.004883277
1052 0.2574872
1053 3.196967e-05
1054 0.8259222
1055 0.0009110387
1056 0.2002501
1057 0.00644248
1058 0.0003036645
1059 0.01273349
1060 0.9096022
1061 0.8226267
1062 0.2781477
1063 0.1219126
1064 0.04989645
1065 0.2752263
1066 0.04604385
1067 3.355194e-06
1068 0.002398382
1069 0.004990883
1070 0.3246153
1071 0.572065
1072 0.0007079305
1073 0.001890159
1074 0.06636533
1075 0.08646485
1076 0.199895
1077 0.7788215
1078 0.06932435
1079 0.008202698
1080 0.2078081
1081 0.0008510545
1082 0.9723764
1083 0.002818472
1084 0.01380524
1085 0.00329708
1086 0.0267295
1087 0.8558252
1088 0.1362783
1089 0.8797213
1090 0.2762883
1091 9.186247e-08
1092 3.514883e-05
1093 0.001755074
1094 0.944398
1095 0.7246472
1096 0.0466271
1097 0.03197656
1098 0.1495771
1099 0.007062743
1100 0.1210192
1101 0.05604047
1102 6.425145e-07
1103 0.2205034
1104 0.5954172
1105 0.4608085
1106 0.798177
1107 0.004588076
1108 0.01441387
1109 1.004971e-05
1110 0.04581801
1111 0.4968073
1112 0.01896024
1113 6.6896e-05
1114 0.02307587
1115 0.002215008
1116 2.312965e-05
1117 0.0003148124
1118 0.04214322
1119 0.003798766
1120 0.729116
1121 0.2032462
1122 0.01683108
1123 0.854381
1124 0.01132067
1125 0.4279157
1126 0.5845433
1127 4.875938e-05
1128 5.783438e-05
1129 0.2341649
1130 1.062741e-06
1131 0.8012382
1132 0.005146743
1133 0.2100775
1134 0.01223208
1135 0.7673469
1136 0.3548066
1137 0.03778551
1138 0.4771634
1139 0.0004552632
1140 0.2072339
1141 0.4013932
1142 0.02644293
1143 0.002345562
1144 4.678471e-06
1145 0.01369261
1146 0.2622322
1147 0.221392
1148 0.07310177
1149 0.08311885
1150 0.03470364
1151 5.536675e-05
1152 0.02552069
1153 0.881468
1154 0.09001865
1155 3.221032e-05
1156 0.02872833
1157 0.2865413
1158 4.000853e-06
1159 0.01203699
1160 0.04823199
1161 0.06243701
1162 0.75591
1163 0.2361664
1164 0.374627
1165 2.566071e-06
1166 0.0369289
1167 0.003968928
1168 0.1097218
1169 0.007433256
1170 0.005687489
1171 0.7746603
1172 0.4411685
1173 0.9960248
1174 0.2097155
1175 0.006528605
1176 0.01573844
1177 0.008641074
1178 0.02148622
1179 0.03648895
1180 0.892917
1181 0.1668458
1182 0.00124328
1183 0.0005529252
1184 0.003704307
1185 0.2084843
1186 0.1207847
1187 0.5725693
1188 0.09856432
1189 0.9981329
1190 0.9863757
1191 0.00191609
1192 0.3232314
1193 0.1271137
1194 0.3791512
1195 0.0702496
1196 0.01518745
1197 0.6449634
1198 0.8767456
1199 0.1933679
1200 3.266904e-05
1201 0.1450569
1202 0.1188699
1203 0.6449338
1204 0.2899132
1205 0.001229605
1206 0.01576089
1207 0.0005606555
1208 0.1969302
1209 0.003719082
1210 0.6593784
1211 0.9438707
1212 0.01587353
1213 0.05099011
1214 0.03342732
1215 0.2331438
1216 0.1124938
1217 3.772151e-06
1218 0.0005298835
1219 0.08137826
1220 0.507291
1221 0.3066132
1222 0.7322874
1223 0.05145001
1224 0.0001390997
1225 0.1712484
1226 6.232108e-05
1227 0.8402779
1228 0.01354767
1229 0.3253158
1230 0.0001998437
1231 0.03301951
1232 0.7183636
1233 0.3847225
1234 0.1684077
1235 0.2651475
1236 0.7301256
1237 0.1506179
1238 0.2160925
1239 0.1622238
1240 0.03274418
1241 0.292908
1242 0.6045546
1243 0.5615509
1244 0.3883698
1245 0.01247528
1246 0.8006383
1247 0.0003432932
1248 3.99288e-05
1249 0.3647127
1250 0.5583817
1251 0.02223148
1252 0.9994341
1253 0.2294337
1254 0.0006921683
1255 0.1124457
1256 0.88888
1257 0.8248693
1258 0.1408156
1259 0.03591811
1260 0.05060684
1261 0.2336377
1262 1.892024e-05
1263 0.9123742
1264 0.9629096
1265 0.6815682
1266 0.789716
1267 0.3003466
1268 0.7108056
1269 0.00266292
1270 0.06180318
1271 0.2766973
1272 0.08180207
1273 0.03305053
1274 0.002741999
1275 1.931543e-06
1276 0.0002040797
1277 8.97935e-05
1278 0.1406879
1279 0.04513393
1280 4.668194e-06
1281 0.2683848
1282 0.7650194
1283 0.001863589
1284 0.09165419
1285 0.002132006
1286 0.004871355
1287 0.04423824
1288 0.3876849
1289 0.03114066
1290 0.0179214
1291 0.5544729
1292 0.0905896
1293 0.07345931
1294 0.008039684
1295 0.01109425
1296 0.789152
1297 0.00101413
1298 0.003282674
1299 0.0003456347
1300 0.5344432
1301 0.3190534
1302 0.5740676
1303 0.008418121
1304 0.01193038
1305 0.3575636
1306 0.006746963
1307 0.6195202
1308 1.335104e-05
1309 0.4740565
1310 0.001531644
1311 0.4894891
1312 0.02563372
1313 0.3033178
1314 0.8725109
1315 0.7654891
1316 0.09603915
1317 0.379245
1318 0.1745998
1319 0.9112578
1320 0.2932148
1321 0.01293923
1322 0.05526952
1323 0.03079592
1324 0.1399252
1325 0.0005951562
1326 0.6283031
1327 0.3854909
1328 0.3629778
1329 0.1608656
1330 0.3848294
1331 0.1368995
1332 0.02596574
1333 0.1049672
1334 0.02561563
1335 0.03754644
1336 0.4413428
1337 0.4444602
1338 0.4711081
1339 0.1741009
1340 0.02604816
1341 0.0002966913
1342 0.01486811
1343 0.07401923
1344 0.07360879
1345 0.0008175909
1346 0.002925921
1347 0.002430452
1348 5.236732e-05
1349 0.0208258
1350 1.949648e-05
1351 0.6564886
1352 0.003675851
1353 0.05536309
1354 0.3504758
1355 0.2246652
1356 4.898159e-05
1357 0.1342682
1358 0.2074386
1359 0.7707063
1360 0.002978155
1361 0.5993114
1362 1.551303e-05
1363 0.9725747
1364 0.004392
1365 1.04129e-05
1366 0.08736305
1367 0.5966694
1368 0.9721659
1369 0.9175773
1370 0.06260161
1371 0.05803555
1372 0.4008461
1373 0.6591245
1374 0.2032178
1375 0.003188931
1376 0.5203366
1377 0.03332388
1378 0.9130065
1379 0.0004063454
1380 0.7414093
1381 0.003671973
1382 0.117402
1383 0.4382842
1384 0.0354131
1385 0.0009845824
1386 4.831577e-05
1387 0.9000173
1388 0.004588598
1389 0.001777152
1390 0.02720216
1391 0.003612992
1392 0.009034649
1393 0.3132067
1394 0.002897967
1395 0.4197861
1396 0.3964648
1397 0.1555275
1398 0.0173866
1399 0.06190328
1400 0.7434436
1401 0.5508163
1402 0.3101056
1403 0.1900915
1404 0.02603773
1405 0.3736798
1406 5.471237e-05
1407 1.361519e-05
1408 5.770419e-06
1409 0.01893233
1410 0.005586911
1411 0.08303158
1412 0.105655
1413 0.01612886
1414 0.8168627
1415 0.02104629
1416 0.03059664
1417 0.4006893
1418 0.7603165
1419 0.2489824
1420 0.7871555
1421 0.004498624
1422 0.01140226
1423 0.3448313
1424 0.7391353
1425 0.3261266
1426 0.1370066
1427 0.470983
1428 7.295858e-06
1429 0.06173872
1430 0.002493682
1431 0.1910853
1432 2.457609e-05
1433 0.02193591
1434 0.01007522
1435 0.2195744
1436 0.001916701
1437 5.801099e-05
1438 4.712904e-05
1439 0.6072039
1440 0.01882843
1441 0.03080995
1442 0.5742628
1443 0.9561985
1444 0.4963311
1445 0.4676436
1446 0.003478372
1447 0.0235337
1448 0.2472198
1449 0.0003195584
1450 0.004903631
1451 0.01094438
1452 0.01217746
1453 0.2665925
1454 0.01089568
1455 0.02105766
1456 0.3452571
1457 0.0008832827
1458 5.909526e-05
1459 0.06610564
1460 0.0001181967
1461 0.004479572
1462 0.8132909
1463 0.4376883
1464 0.00139267
1465 0.2573036
1466 0.716946
1467 0.04305947
1468 0.001335683
1469 0.007467915
1470 0.00160799
1471 0.7187351
1472 0.00263959
1473 0.2916571
1474 1.140584e-06
1475 0.09918773
1476 0.1334743
1477 0.2284541
1478 0.01480306
1479 0.002904993
1480 0.1887136
1481 0.003058333
1482 0.0005708309
1483 0.03665961
1484 0.01427268
1485 0.9591292
1486 0.4159323
1487 0.1553386
1488 0.006493368
1489 4.311855e-05
1490 0.4867572
1491 0.04799316
1492 0.9546896
1493 0.1282204
1494 0.3519724
1495 0.1763055
1496 0.0100051
1497 0.1488098
1498 0.001474733
1499 0.003327752
1500 0.0006685821
1501 0.003161773
1502 0.02662559
1503 1.921445e-05
1504 0.7362533
1505 0.413426
1506 0.01494433
1507 0.1906027
1508 0.000363777
1509 0.05116021
1510 0.0008667737
1511 2.056274e-07
1512 0.8092891
1513 0.2231114
1514 0.020344
1515 0.001205925
1516 0.2268955
1517 0.0008889142
1518 0.2966397
1519 0.02384881
1520 2.102415e-05
1521 0.0008793533
1522 0.05776593
1523 1.680427e-05
1524 0.7241957
1525 0.6745088
1526 0.003931626
1527 0.00260267
1528 0.007309303
1529 0.000119149
1530 0.2126727
1531 0.1443059
1532 0.3185513
1533 0.01434351
1534 0.6646037
1535 0.08539159
1536 0.001150508
1537 0.08453805
1538 0.09141945
1539 0.3680967
1540 9.080562e-05
1541 0.03443453
1542 0.07013852
1543 0.09211815
1544 0.505603
1545 0.01310754
1546 0.03335316
1547 0.00367335
1548 0.08874107
1549 0.1005797
1550 0.002021576
1551 0.1929756
1552 0.02349331
1553 0.007014773
1554 0.4901877
1555 0.3093768
1556 0.06262801
1557 0.0002761481
1558 0.4332778
1559 0.5214926
1560 0.6129176
1561 0.0323935
1562 0.02988763
1563 0.02857451
1564 0.7420114
1565 0.01741343
1566 0.001666037
1567 0.5774778
1568 0.02451679
1569 0.02489166
1570 0.1279257
1571 0.04502644
1572 6.070678e-06
1573 0.5020883
1574 0.1237516
1575 0.001389382
1576 0.154315
1577 0.001388114
1578 0.3813449
1579 0.2481452
1580 0.005788677
1581 0.5631135
1582 0.06901356
1583 0.409874
1584 3.018026e-06
1585 0.2480932
1586 0.01639797
1587 0.3429324
1588 0.000779233
1589 5.779977e-05
1590 0.001063354
1591 0.7964229
1592 0.1991302
1593 0.3697794
1594 0.08849635
1595 3.757908e-05
1596 0.1826262
1597 0.0002420744
1598 0.364226
1599 0.2603961
1600 0.2104383
1601 0.2032851
1602 0.1997616
1603 0.2088796
1604 0.9496864
1605 0.2722749
1606 0.4087138
1607 2.616882e-05
1608 0.0027609
1609 0.6257103
1610 0.01162011
1611 0.3770518
1612 0.5991049
1613 0.1544785
1614 0.03898857
1615 0.06045573
1616 0.00137986
1617 0.1373608
1618 0.1239374
1619 0.03562985
1620 0.9818479
1621 0.1998807
1622 0.05393784
1623 0.05982871
1624 0.1175162
1625 0.006967267
1626 0.008020517
1627 0.005429813
1628 0.9551636
1629 0.08957219
1630 0.0005987107
1631 0.2270075
1632 0.2484919
1633 0.08737285
1634 0.4701749
1635 0.4352469
1636 0.01109878
1637 0.7095264
1638 0.008020003
1639 0.002975495
1640 0.5070914
1641 0.07766264
1642 0.3759606
1643 0.4711668
1644 0.4564707
1645 0.001196156
1646 0.01571654
1647 0.001433845
1648 0.01021741
1649 0.2312662
1650 0.0001033466
1651 0.01334233
1652 0.002650095
1653 0.07242444
1654 0.005802331
1655 0.697324
1656 0.008369256
1657 0.0162727
1658 0.02335254
1659 1.478379e-05
1660 0.0270258
1661 0.0005739697
1662 0.03396965
1663 0.4292593
1664 0.6607799
1665 0.02389507
1666 0.1125131
1667 0.00838812
1668 0.2288049
1669 0.0004959722
1670 0.8058421
1671 0.3812339
1672 0.01833549
1673 0.4086585
1674 6.835425e-05
1675 0.02868804
1676 0.003637041
1677 0.8660291
1678 0.01112526
1679 0.07329083
1680 0.03446525
1681 0.000271101
1682 0.0001077559
1683 0.05382763
1684 0.02001984
1685 0.8650776
1686 7.094638e-05
1687 3.341026e-05
1688 0.1614165
1689 0.05296342
1690 0.0001422075
1691 0.3576226
1692 0.001783244
1693 0.02127222
1694 0.005563249
1695 0.4374197
1696 0.02847191
1697 0.001554023
1698 0.04046943
1699 0.06428724
1700 0.7723689
1701 0.0004474685
1702 0.0355171
1703 0.02205591
1704 0.6017576
1705 0.98268
1706 0.003407751
1707 4.613643e-05
1708 0.0001506676
1709 0.2538022
1710 0.004509901
1711 0.13029
1712 0.8449079
1713 0.01669033
1714 4.361217e-06
1715 0.01704344
1716 0.4862587
1717 0.0007696574
1718 0.00099113
1719 0.0121226
1720 0.5650095
1721 0.6400574
1722 0.001462511
1723 0.6233804
1724 0.3665855
1725 0.01218971
1726 0.3656464
1727 0.0003821439
1728 0.001115033
1729 0.6879172
1730 0.004472434
1731 0.9306769
1732 0.14336
1733 0.005916778
1734 0.1998364
1735 0.0007679768
1736 0.7122375
1737 0.02056797
1738 0.002784652
1739 0.3736521
1740 0.943512
1741 0.00787819
1742 0.1168434
1743 0.4700024
1744 0.01371439
1745 0.02286284
1746 0.2578688
1747 0.005432042
1748 0.03246669
1749 0.7535928
1750 0.001476121
1751 0.4709924
1752 0.02766755
1753 0.001580442
1754 0.000241745
1755 0.4669012
1756 0.1666136
1757 0.0007355449
1758 0.8127883
1759 0.1323064
1760 0.473822
1761 0.0004109051
1762 0.3898511
1763 0.003410439
1764 0.5994998
1765 2.016446e-05
1766 0.6848026
1767 0.1352024
1768 0.5234198
1769 0.4897998
1770 0.09296078
1771 3.908968e-05
1772 0.001145058
1773 0.1390742
1774 0.1796472
1775 0.01855845
1776 0.005505929
1777 1.277545e-05
1778 0.4327197
1779 1.28399e-05
1780 0.5761047
1781 0.8712615
1782 0.3999918
1783 0.2721392
1784 0.003807331
1785 0.9113026
1786 0.002572608
1787 0.9319544
1788 0.002940225
1789 0.4207917
1790 0.002481283
1791 0.3566201
1792 0.005308637
1793 1.011659e-06
1794 0.04678429
1795 0.001173497
1796 0.7931686
1797 0.2920302
1798 0.5206976
1799 0.8714496
1800 8.837356e-07
1801 0.18192
1802 0.03826268
1803 0.001040565
1804 0.002131183
1805 0.1075215
1806 0.006188909
1807 2.191373e-05
1808 0.8436385
1809 0.5391288
1810 0.4519828
1811 0.05057118
1812 0.04593933
1813 0.03998063
1814 0.007083927
1815 0.02044
1816 0.7020573
1817 0.008219066
1818 0.1412847
1819 0.0974914
1820 0.3412263
1821 0.08816371
1822 5.120391e-05
1823 0.01005786
1824 0.02297142
1825 0.7573868
1826 0.5888957
1827 0.5086606
1828 0.0117863
1829 0.004393303
1830 0.02563478
1831 5.325322e-07
1832 0.002063742
1833 0.09062609
1834 0.3878065
1835 9.208247e-05
1836 0.2067393
1837 0.0186707
1838 0.06128444
1839 0.03622317
1840 0.01205875
1841 0.3456512
1842 0.0009197011
1843 0.5362035
1844 0.02696248
1845 0.01630455
1846 0.007899308
1847 0.01873351
1848 0.08133634
1849 0.7854761
1850 0.04674332
1851 0.0529719
1852 0.9451928
1853 0.9432672
1854 0.3394658
1855 0.03437759
1856 0.0800872
1857 0.01921878
1858 0.0396125
1859 0.4970333
1860 0.4779391
1861 0.8757451
1862 0.0001270138
1863 0.3809646
1864 0.001194552
1865 0.1577316
1866 1.907334e-06
1867 0.0243366
1868 0.4107879
1869 0.00867545
1870 0.1973256
1871 0.224286
1872 0.016525
1873 0.6661346
1874 0.03462097
1875 0.2428491
1876 0.09439311
1877 0.0198944
1878 5.531871e-06
1879 1.733055e-05
1880 0.1629798
1881 0.002766706
1882 0.2627404
1883 0.4570001
1884 0.1318643
1885 0.04927491
1886 0.1830942
1887 0.083063
1888 0.1435577
1889 0.004616626
1890 0.2408185
1891 0.1078904
1892 0.004999248
1893 0.04108627
1894 0.08494378
1895 0.04018976
1896 0.8735024
1897 0.3048619
1898 0.5293193
1899 0.1832538
1900 0.003999751
1901 0.02651476
1902 0.0001931951
1903 0.922413
1904 0.0131139
1905 0.1196583
1906 0.2832787
1907 0.1013325
1908 0.03519897
1909 1.648771e-05
1910 0.9968898
1911 0.6603542
1912 0.6358821
1913 0.0001789203
1914 0.01789701
1915 0.6259086
1916 0.9375776
1917 0.0002201788
1918 0.006064718
1919 0.1590967
1920 0.779396
1921 0.8175521
1922 0.9511088
1923 0.1347052
1924 0.7156105
1925 0.05437091
1926 0.001602972
1927 0.3018905
1928 0.02141868
1929 0.01053615
1930 0.4753169
1931 0.00579852
1932 0.000900875
1933 0.5269402
1934 0.02625158
1935 0.9354985
1936 0.3176398
1937 0.1227245
1938 0.6140311
1939 0.01307793
1940 5.276171e-07
1941 0.02751382
1942 0.1730041
1943 0.3284864
1944 0.1440308
1945 0.04669425
1946 0.02526378
1947 0.001250232
1948 0.6219669
1949 0.6559916
1950 0.1296658
1951 1.481822e-06
1952 0.01100257
1953 0.460644
1954 0.7894694
1955 0.001721765
1956 0.5246968
1957 0.01917826
1958 0.3704619
1959 0.1796769
1960 0.008686211
1961 0.2870769
1962 0.0197254
1963 0.02167428
1964 0.2966317
1965 0.00166514
1966 0.0005023945
1967 0.0001742431
1968 0.001533473
1969 6.245649e-05
1970 0.02149224
1971 0.08626232
1972 0.0002375125
1973 0.8044504
1974 0.796208
1975 0.004170937
1976 0.0007864934
1977 0.4950504
1978 0.003121573
1979 0.002115433
1980 0.01082057
1981 0.02018822
1982 1.710423e-06
1983 0.07021986
1984 0.6979175
1985 0.6936746
1986 0.001075729
1987 0.03612804
1988 0.01137426
1989 0.01123582
1990 0.3201394
1991 0.2856692
1992 0.8741459
1993 0.7703768
1994 0.389815
1995 0.278568
1996 2.731247e-06
1997 0.6821501
1998 0.7863405
1999 0.09834258
2000 0.005716039
2001 0.007674579
2002 0.04192694
2003 0.0971878
2004 0.1976491
2005 0.1790087
2006 0.2595104
2007 0.4094618
2008 0.001834396
2009 0.8218886
2010 0.0008800761
2011 0.005690628
2012 7.707966e-05
2013 0.0007200643
2014 0.4732652
2015 0.633312
2016 0.6908762
2017 0.9330637
2018 0.8281258
2019 0.4932735
2020 0.03803731
2021 0.2163981
2022 0.7153358
2023 0.06455003
2024 0.007259488
2025 0.2452168
2026 0.01024094
2027 0.01985484
2028 0.01939985
2029 0.5694694
2030 0.2324288
2031 0.2703455
2032 0.01899628
2033 0.9701621
2034 0.006297122
2035 0.0002302444
2036 0.3568708
2037 0.05786131
2038 0.8624767
2039 0.03300989
2040 0.2192095
2041 0.5388631
2042 1.076809e-05
2043 0.002533596
2044 0.1334899
2045 0.0003194851
2046 7.181835e-06
2047 0.9787181
2048 0.000944566
2049 0.00537519
2050 0.007932967
2051 0.479263
2052 0.0001579225
2053 0.5925589
2054 0.8035445
2055 0.06536391
2056 0.0004951775
2057 0.1475002
2058 0.5371962
2059 0.0007548819
2060 0.2392887
2061 0.01884256
2062 0.02046614
2063 0.05733907
2064 0.001186248
2065 0.01028185
2066 0.222143
2067 0.9397887
2068 0.7536134
2069 0.2365274
2070 0.09095327
2071 0.1877418
2072 3.37777e-07
2073 0.5825175
2074 0.6149251
2075 0.05306922
2076 0.01020402
2077 0.6713439
2078 0.04250033
2079 0.03678488
2080 0.01223606
2081 0.01091844
2082 5.971517e-05
2083 0.0573707
2084 0.2092438
2085 0.7322199
2086 0.1982926
2087 5.949382e-06
2088 0.001782883
2089 0.008774343
2090 0.01711023
2091 0.5821836
2092 7.318393e-06
2093 0.8198132
2094 0.3741329
2095 0.08546582
2096 0.0625452
2097 0.1230736
2098 0.03150369
2099 2.575469e-06
2100 0.01102022
2101 0.04614986
2102 0.2427374
2103 0.9584307
2104 0.5853743
2105 0.0004589954
2106 0.5900275
2107 0.0002585987
2108 4.685663e-05
2109 0.01242223
2110 2.876538e-05
2111 0.1570216
2112 0.05052349
2113 0.02703622
2114 0.290152
2115 0.06364946
2116 0.03774545
2117 0.6225258
2118 0.4509104
2119 0.6250618
2120 0.004354185
2121 0.0366626
2122 0.004817896
2123 0.2065314
2124 0.07187063
2125 7.409849e-05
2126 0.5195631
2127 2.408106e-05
2128 0.06156248
2129 0.6400478
2130 0.02866541
2131 0.002378948
2132 0.005717571
2133 0.05532638
2134 0.1541841
2135 0.005886342
2136 0.001334981
2137 0.05047956
2138 0.2708892
2139 0.0001003822
2140 0.79744
2141 0.00524953
2142 0.04387755
2143 0.001020403
2144 0.04737159
2145 0.0004171426
2146 5.023559e-07
2147 0.1282724
2148 0.1488871
2149 0.05344843
2150 0.1184442
2151 0.01124943
2152 0.250028
2153 0.06910067
2154 0.0007726459
2155 0.1718858
2156 0.05189176
2157 0.009660173
2158 0.06598996
2159 0.1739721
2160 0.002166347
2161 0.6023742
2162 0.4044835
2163 0.01053832
2164 0.002872659
2165 0.9207697
2166 0.03140662
2167 0.3953516
2168 0.7115719
2169 0.0354227
2170 0.3547657
2171 0.0142095
2172 1.369967e-06
2173 0.01061851
2174 0.01974847
2175 0.933031
2176 0.001167094
2177 0.9246447
2178 0.2396084
2179 0.3598491
2180 0.007118733
2181 0.1569578
2182 4.828749e-05
2183 0.3224457
2184 0.0542089
2185 0.04119951
2186 0.8596343
2187 0.05419668
2188 0.001936184
2189 0.7678364
2190 0.003119394
2191 0.007676305
2192 0.4719444
2193 0.000367069
2194 0.3538572
2195 0.05111732
2196 0.0005578064
2197 0.2094682
2198 0.01067234
2199 0.91607
2200 0.5949486
2201 0.1112379
2202 0.06475958
2203 0.0006319248
2204 1.44826e-06
2205 3.697258e-05
2206 0.03243354
2207 0.006608864
2208 0.1089202
2209 0.08178608
2210 0.1290116
2211 0.1241823
2212 0.391352
2213 0.4017462
2214 0.0709152
2215 1.631457e-06
2216 0.2309586
2217 0.5258375
2218 0.8818363
2219 0.2837634
2220 0.002225372
2221 0.02796477
2222 0.08590205
2223 0.6855646
2224 0.1578535
2225 0.07705086
2226 0.0005743752
2227 0.002636247
2228 0.08682046
2229 0.9163579
2230 0.0002496172
2231 0.07002544
2232 0.2463047
2233 0.3670373
2234 0.001836357
2235 0.004994403
2236 0.00010359
2237 0.2566671
2238 0.0820296
2239 0.09002423
2240 5.379339e-05
2241 5.044855e-05
2242 0.01092658
2243 0.04516238
2244 0.8153432
2245 0.003918397
2246 0.001593507
2247 0.001587813
2248 0.04833539
2249 0.1773285
2250 0.02195778
2251 0.0003535669
2252 0.1113213
2253 0.002645273
2254 0.3994881
2255 0.3976835
2256 0.003299292
2257 0.0005027183
2258 1.025814e-05
2259 0.07783029
2260 0.01871966
2261 0.01793571
2262 0.03117865
2263 0.0887334
2264 0.01345963
2265 6.232754e-06
2266 0.120967
2267 0.4869041
2268 0.0004799836
2269 6.127866e-05
2270 0.16128
2271 0.2182879
2272 0.3983803
2273 6.336297e-06
2274 0.04453258
2275 0.03415737
2276 0.727873
2277 0.03697617
2278 0.03412666
2279 0.06428485
2280 0.004569477
2281 0.337391
2282 0.4218687
2283 0.01788183
2284 0.4737999
2285 0.1097295
2286 0.0001381633
2287 0.1574532
2288 0.005086154
2289 0.00181647
2290 0.001244857
2291 0.4278318
2292 0.1755567
2293 0.2014577
2294 0.0444172
2295 0.3986918
2296 0.1459957
2297 0.0513754
2298 0.03555647
2299 0.002465821
2300 0.1121807
2301 0.8288437
2302 0.2822763
2303 0.2387455
2304 0.5784134
2305 0.002700935
2306 0.2849635
2307 0.2562348
2308 0.8311968
2309 4.966581e-05
2310 0.6540436
2311 0.1190641
2312 0.1270995
2313 0.1958454
2314 0.07325391
2315 0.8376991
2316 0.7703787
2317 0.04756151
2318 0.009130576
2319 0.7993343
2320 0.9006943
2321 0.6314856
2322 0.008739732
2323 0.3181708
2324 0.005544722
2325 0.009360077
2326 0.3995016
2327 0.01652438
2328 0.02267669
2329 2.644524e-05
2330 5.562906e-06
2331 0.215833
2332 0.03137791
2333 0.2057865
2334 0.04178876
2335 0.05091459
2336 0.4526322
2337 0.7269976
2338 0.6780942
2339 0.01820486
2340 0.009094223
2341 0.1543772
2342 0.007775271
2343 0.01077875
2344 0.05842878
2345 0.9903453
2346 0.06246539
2347 0.06591084
2348 0.2004645
2349 0.0677866
2350 6.896227e-06
2351 0.2214929
2352 0.1559771
2353 0.01224461
2354 0.00994348
2355 0.06343587
2356 0.002730216
2357 0.4538736
2358 0.0001861247
2359 5.211966e-05
2360 0.7178218
2361 0.8272056
2362 0.03767355
2363 0.03000074
2364 0.0582436
2365 0.884879
2366 0.1172418
2367 0.0006387722
2368 0.008116752
2369 3.957487e-07
2370 0.06646026
2371 0.007082691
2372 0.424856
2373 0.01544509
2374 0.3422595
2375 0.1850551
2376 4.802247e-06
2377 0.2385019
2378 0.2932344
2379 0.08058425
2380 0.2063201
2381 0.522609
2382 0.5474921
2383 0.04026755
2384 0.1423888
2385 0.398135
2386 0.4102409
2387 0.6060924
2388 0.0002077241
2389 0.1323919
2390 0.1762002
2391 0.00126397
2392 4.50083e-05
2393 0.2164999
2394 0.6655274
2395 0.0003150719
2396 0.2959382
2397 0.0006258876
2398 0.1440843
2399 0.01702341
2400 0.1913096
2401 0.004175581
2402 0.4883504
2403 0.004615399
2404 0.6814584
2405 0.1458802
2406 0.1004324
2407 0.001050429
2408 0.7855574
2409 0.3855196
2410 0.02128622
2411 0.000638114
2412 0.02839159
2413 0.02731783
2414 0.08816249
2415 6.936452e-05
2416 0.0319477
2417 0.1218237
2418 0.4474056
2419 0.001185177
2420 0.003572797
2421 0.8284663
2422 0.483964
2423 0.1149635
2424 0.9241527
2425 0.6735581
2426 0.2606282
2427 0.01058778
2428 0.8324575
2429 0.5263884
2430 0.07148056
2431 0.02199461
2432 0.9321811
2433 0.214911
2434 0.9876882
2435 0.001982268
2436 0.03963958
2437 0.006040366
2438 0.002356939
2439 0.005484074
2440 0.5577327
2441 6.47658e-07
2442 0.8169778
2443 0.3026074
2444 0.09711569
2445 0.000522663
2446 0.03813403
2447 2.64269e-05
2448 0.01468361
2449 0.0003518941
2450 0.08717727
2451 0.0151094
2452 0.02049692
2453 0.0004612659
2454 0.3687866
2455 0.02754534
2456 0.2143881
2457 0.01143786
2458 0.8432983
2459 0.0004705736
2460 0.4670421
2461 0.2642504
2462 0.6549695
2463 0.9298513
2464 0.2999633
2465 0.2690063
2466 0.08464468
2467 0.003640643
2468 0.6318372
2469 1.185148e-05
2470 0.7290268
2471 0.465865
2472 0.4493808
2473 0.04111873
2474 0.8962475
2475 0.4031372
2476 0.02095639
2477 0.02763263
2478 0.002094728
2479 0.09527469
2480 0.1627197
2481 0.4335928
2482 0.004519228
2483 0.0394512
2484 0.7104639
2485 0.0001914175
2486 0.003057633
2487 0.01471107
2488 0.9667382
2489 0.3818147
2490 0.009361154
2491 0.006222971
2492 0.1832627
2493 0.2195212
2494 0.07530619
2495 0.6605098
2496 0.005773753
2497 3.569499e-05
2498 0.01897809
2499 0.03886888
2500 0.0009761992
2501 0.8041582
2502 0.46874
2503 0.02698879
2504 0.07892619
2505 0.003486653
2506 0.0003032063
2507 0.8394868
2508 0.2645409
2509 0.7464837
2510 0.0001844635
2511 0.6642717
2512 0.02325625
2513 0.1033546
2514 0.02572488
2515 0.6960808
2516 0.01552788
2517 0.007382247
2518 0.09600344
2519 0.2923752
2520 0.01314556
2521 0.6127621
2522 0.8424267
2523 0.004762717
2524 8.626726e-07
2525 0.1479218
2526 6.260769e-06
2527 0.06152577
2528 0.0001569033
2529 0.5986594
2530 0.238068
2531 0.009965456
2532 3.390667e-06
2533 0.07087482
2534 0.0005013221
2535 0.2594806
2536 0.005421828
2537 0.1751435
2538 0.6478534
2539 0.003478525
2540 2.689191e-05
2541 0.000739537
2542 0.080203
2543 0.05755338
2544 0.0002024205
2545 0.1264647
2546 0.001400118
2547 0.1278236
2548 0.007227073
2549 0.6551138
2550 0.0442828
2551 0.004899662
2552 0.6587113
2553 0.006554081
2554 0.01908659
2555 0.6235814
2556 0.2328634
2557 0.1054082
2558 0.2992294
2559 0.5277175
2560 0.01745584
2561 0.1719607
2562 0.1899153
2563 0.08662058
2564 0.00160415
2565 0.005154614
2566 0.6347182
2567 0.0001432726
2568 0.01183444
2569 0.00111611
2570 0.009421902
2571 0.8772804
2572 0.8624123
2573 0.03175574
2574 0.476715
2575 0.1251633
2576 0.02312763
2577 0.7749781
2578 1.193796e-05
2579 0.1387632
2580 0.04162358
2581 0.009003209
2582 0.003659044
2583 0.2777688
2584 0.4727257
2585 0.8260764
2586 0.005538871
2587 0.02034777
2588 0.2768812
2589 0.1789066
2590 0.9325036
2591 0.001488221
2592 0.04351914
2593 0.1156865
2594 0.02496667
2595 0.0953915
2596 0.05687481
2597 0.8153741
2598 0.001149069
2599 1.117122e-05
2600 0.6595016
2601 0.09220964
2602 0.05445312
2603 0.07909699
2604 0.131362
2605 0.1102989
2606 0.04349617
2607 0.04410333
2608 0.1035085
2609 0.002882018
2610 0.001702165
2611 0.9841187
2612 0.2785577
2613 0.1180624
2614 0.8974226
2615 0.04745515
2616 0.01856153
2617 0.3927628
2618 0.0135298
2619 1.481588e-05
2620 0.5950772
2621 0.8067899
2622 0.2630843
2623 0.005491793
2624 0.1456002
2625 0.009101667
2626 5.514545e-06
2627 5.758527e-05
2628 0.03705187
2629 0.3823379
2630 0.000260916
2631 0.07973383
2632 0.5159366
2633 0.178073
2634 0.02158074
2635 0.3731124
2636 0.000748701
2637 0.002932992
2638 0.6756148
2639 0.1445939
2640 0.04121019
2641 0.003788938
2642 0.3404608
2643 0.001357066
2644 0.1565961
2645 0.9011354
2646 0.056886
2647 0.1407276
2648 0.3513305
2649 0.7709152
2650 0.6497608
2651 0.1874981
2652 0.07113205
2653 0.01919868
2654 0.4681496
2655 0.07088198
2656 0.03992923
2657 0.9286868
2658 0.06532349
2659 0.0002835748
2660 0.01691763
2661 0.7057115
2662 0.2983458
2663 0.06434905
2664 3.872149e-05
2665 0.0006183597
2666 0.004701609
2667 0.673426
2668 0.2815087
2669 0.1756378
2670 0.06352111
2671 0.0003527109
2672 0.2454653
2673 0.5900216
2674 0.007615384
2675 2.631647e-06
2676 0.2911067
2677 0.003406509
2678 0.02418889
2679 0.1853291
2680 0.000272422
2681 0.3691594
2682 0.1350221
2683 0.1260967
2684 0.1627981
2685 0.004660071
2686 0.003574219
2687 0.03599446
2688 0.1351847
2689 0.02855672
2690 0.1449073
2691 0.006756265
2692 0.6509983
2693 0.009355565
2694 0.001487957
2695 0.5210126
2696 0.03639113
2697 0.003399023
2698 0.09556409
2699 0.8427434
2700 0.1980967
2701 0.07453671
2702 0.9619002
2703 0.2108426
2704 0.2483014
2705 0.6047414
2706 0.008849691
2707 0.01390051
2708 0.01293751
2709 0.6753932
2710 0.02766643
2711 0.002974584
2712 0.00398317
2713 0.008745553
2714 0.1770379
2715 0.7328414
2716 0.5584885
2717 0.0004334533
2718 0.09521209
2719 0.07706803
2720 0.2042949
2721 0.2921016
2722 0.1860256
2723 0.000331581
2724 0.0005493791
2725 0.4776475
2726 9.798608e-05
2727 0.004852144
2728 0.1005513
2729 0.233485
2730 0.8853021
2731 0.002432118
2732 0.07234632
2733 0.1980432
2734 0.004181634
2735 0.001222891
2736 0.3401382
2737 0.9583456
2738 0.4535585
2739 0.5593131
2740 0.1909247
2741 0.004097922
2742 0.0267143
2743 0.0007632033
2744 0.006150282
2745 0.02809655
2746 0.1210778
2747 0.003547624
2748 0.7576135
2749 0.002498516
2750 0.01790535
2751 0.0005392887
2752 0.1186004
2753 0.4155138
2754 0.7149876
2755 0.4450404
2756 0.004557274
2757 0.0001830383
2758 0.02654105
2759 0.2198048
2760 0.001031613
2761 0.0005498728
2762 0.8045969
2763 0.7888782
2764 0.004983116
2765 0.005039055
2766 0.4678962
2767 0.7830636
2768 0.0420713
2769 0.06432471
2770 0.02431414
2771 0.0007011505
2772 0.00276027
2773 0.06388464
2774 0.4837754
2775 0.1804231
2776 0.2593662
2777 0.1493304
2778 0.6824041
2779 0.2289237
2780 0.01372754
2781 0.001733406
2782 0.009606551
2783 0.421706
2784 0.0001769751
2785 0.03000345
2786 1.779303e-05
2787 0.05416662
2788 0.5508638
2789 0.004026233
2790 0.00385455
2791 0.2901845
2792 0.0152004
2793 3.026323e-06
2794 0.006608851
2795 0.3352921
2796 0.05421066
2797 0.3791813
2798 0.002748638
2799 0.05503385
2800 0.01009101
2801 0.1462114
2802 0.0001280313
2803 0.3659536
2804 6.966988e-06
2805 0.894634
2806 0.02764618
2807 0.0001417224
2808 0.001188719
2809 2.690112e-05
2810 0.003838218
2811 0.04000542
2812 0.002411936
2813 0.002796569
2814 0.652096
2815 0.7193623
2816 0.002665294
2817 0.5509007
2818 0.003745911
2819 0.5862406
2820 0.3933674
2821 0.2879594
2822 0.009700644
2823 0.02010049
2824 0.1603487
2825 0.1104466
2826 0.2243014
2827 0.151807
2828 0.001068228
2829 6.06453e-05
2830 0.0002274159
2831 0.04043501
2832 0.05320059
2833 0.2797468
2834 0.0002182116
2835 0.5114285
2836 0.02851212
2837 0.001461521
2838 0.0003397246
2839 0.00172721
2840 0.2722964
2841 1.245809e-05
2842 0.2345898
2843 0.2095493
2844 0.7438809
2845 0.02414041
2846 0.1692085
2847 0.01872637
2848 1.702361e-06
2849 0.111713
2850 0.9064799
2851 0.6649373
2852 0.1428542
2853 0.03184553
2854 0.004508631
2855 0.01871173
2856 0.005223271
2857 3.61682e-06
2858 0.5025948
2859 0.9379428
2860 6.544018e-06
2861 0.005107554
2862 0.02465047
2863 0.7689752
2864 0.02262956
2865 0.03843977
2866 0.1318515
2867 0.0005870993
2868 0.0005850135
2869 0.1660277
2870 0.001646589
2871 0.04040727
2872 0.6180179
2873 0.3934936
2874 0.0004185313
2875 0.0008030115
2876 0.02461836
2877 0.009381086
2878 6.704914e-05
2879 0.6394189
2880 0.2525686
2881 0.01715916
2882 0.008618634
2883 0.1290837
2884 0.03340937
2885 0.8824093
2886 1.506315e-05
2887 0.07894394
2888 0.0162357
2889 0.009736708
2890 0.2017232
2891 0.05369968
2892 0.004934568
2893 0.3672841
2894 0.7309753
2895 1.742671e-05
2896 0.08598303
2897 0.9098953
2898 5.206923e-05
2899 0.02359201
2900 0.06612473
2901 0.4332468
2902 0.01508837
2903 0.01872704
2904 0.02943131
2905 0.01345803
2906 0.02097415
2907 0.003749873
2908 0.1211686
2909 0.4955685
2910 0.8593886
2911 0.0123309
2912 8.676976e-05
2913 0.03927374
2914 0.001380338
2915 0.007812184
2916 0.4950804
2917 0.00113361
2918 0.3050627
2919 0.3451535
2920 0.004267948
2921 0.01528836
2922 0.6678066
2923 0.01398917
2924 0.00292869
2925 0.00501244
2926 0.002866038
2927 0.0007130641
2928 0.005770216
2929 0.02939629
2930 0.02400936
2931 0.2942208
2932 0.07488538
2933 0.1112131
2934 0.09698356
2935 0.09742498
2936 0.3409003
2937 0.01353603
2938 0.7783915
2939 0.7315983
2940 0.9167744
2941 0.001213795
2942 0.9926975
2943 0.04248923
2944 0.6795707
2945 0.9659683
2946 0.02197187
2947 0.3072377
2948 0.0541332
2949 0.2444549
2950 5.858705e-05
2951 0.1673405
2952 0.0001840128
2953 0.0007225029
2954 0.008586757
2955 1.248864e-05
2956 0.07646475
2957 0.1472893
2958 0.004069235
2959 0.8753426
2960 8.991448e-06
2961 0.2865158
2962 0.5069799
2963 0.001929857
2964 0.753922
2965 0.0003220218
2966 0.002338504
2967 0.4614723
2968 0.8183603
2969 4.347384e-05
2970 0.1651881
2971 0.8161761
2972 0.1270924
2973 0.7467108
2974 0.3141234
2975 0.2484841
2976 0.04564915
2977 0.02633136
2978 0.6410599
2979 0.1379196
2980 0.0168439
2981 0.3643797
2982 0.03579192
2983 0.82007
2984 0.2886997
2985 0.004158662
2986 0.003380064
2987 0.7002485
2988 0.1415882
2989 1.970602e-06
2990 0.4539066
2991 0.1846043
2992 0.002673076
2993 0.01621202
2994 0.03102416
2995 0.3192988
2996 0.2653051
2997 0.5587105
2998 0.1389987
2999 0.001997645
3000 0.01383751
3001 4.050549e-06
3002 0.01526208
3003 0.0007856707
3004 0.0185424
3005 0.7128048
3006 0.00142451
3007 0.01729199
3008 0.0005651177
3009 0.4601097
3010 0.9011378
3011 0.06380206
3012 0.005363183
3013 0.190744
3014 0.004630443
3015 0.5152313
3016 0.05980428
3017 0.00633571
3018 0.6100244
3019 0.1816057
3020 0.1852705
3021 0.5876355
3022 0.001488927
3023 0.2877446
3024 0.00321147
3025 0.9734926
3026 0.009035329
3027 0.0009526477
3028 0.457648
3029 0.06313771
3030 0.5722744
3031 0.001991836
3032 0.9637984
3033 0.2075404
3034 0.2120677
3035 5.539674e-06
3036 0.6348056
3037 0.001338909
3038 6.019448e-05
3039 0.6144557
3040 0.4002582
3041 0.6458067
3042 0.6853292
3043 0.8537887
3044 0.248962
3045 0.03295891
3046 0.02595219
3047 0.01013351
3048 0.004233162
3049 0.1063411
3050 0.0003919541
3051 0.001079843
3052 0.1086409
3053 0.8536205
3054 2.77997e-06
3055 0.2051288
3056 0.1714467
3057 0.7140116
3058 0.1143223
3059 0.005648458
3060 0.4013558
3061 0.0004688347
3062 1.00392e-05
3063 0.03136492
3064 0.1235517
3065 0.2455353
3066 0.6108192
3067 0.7400501
3068 0.5416696
3069 0.007336346
3070 0.3690027
3071 0.01060316
3072 0.5080459
3073 0.02141707
3074 0.8522127
3075 0.01716603
3076 0.03594513
3077 0.001321516
3078 0.6902869
3079 0.02713507
3080 0.5992229
3081 0.4778716
3082 0.5260354
3083 0.0001238077
3084 0.4401857
3085 0.5670721
3086 0.2098344
3087 0.5978501
3088 0.007726309
3089 0.04551181
3090 0.728988
3091 0.5230289
3092 0.001380123
3093 0.4057996
3094 0.01069075
3095 0.02491719
3096 0.1460339
3097 0.4078199
3098 0.002141845
3099 0.2331984
3100 0.05890585
3101 2.008286e-06
3102 0.6095846
3103 0.9034909
3104 0.01660869
3105 0.0009514116
3106 0.002335077
3107 0.06486983
3108 0.660237
3109 0.9645535
3110 0.1323692
3111 0.4469377
3112 0.5130928
3113 0.7150393
3114 6.404318e-05
3115 0.09717794
3116 0.1848274
3117 0.234185
3118 0.8489569
3119 0.840287
3120 0.06192049
3121 0.2305741
3122 0.03990662
3123 0.1270314
3124 0.6668563
3125 0.5664898
3126 0.002676589
3127 0.00141334
3128 0.0003235398
3129 0.3903619
3130 0.6593848
3131 0.01721394
3132 0.001205774
3133 0.02362023
3134 0.000214355
3135 0.0541602
3136 0.9443091
3137 0.004499079
3138 0.2275773
3139 0.05512446
3140 0.02640695
3141 0.0005862644
3142 0.002650175
3143 0.9023596
3144 0.0006455048
3145 0.04872932
3146 0.041894
3147 0.6010648
3148 0.6232067
3149 1.077103e-06
3150 0.01490104
3151 0.02529301
3152 0.09794209
3153 0.8790141
3154 0.005280744
3155 0.1983123
3156 0.0257736
3157 0.006731023
3158 0.09812101
3159 0.0004850888
3160 0.06939946
3161 0.02388515
3162 0.5340178
3163 0.0236836
3164 0.05030442
3165 0.4594773
3166 0.03347424
3167 0.0416449
3168 0.09698371
3169 0.009124817
3170 0.9967194
3171 0.00704882
3172 0.0004176001
3173 0.3622468
3174 0.5759058
3175 0.008434256
3176 0.06716416
3177 0.1483307
3178 0.1702424
3179 0.002053371
3180 0.09582609
3181 0.01618526
3182 0.0674397
3183 0.05690736
3184 0.0001642941
3185 0.0007043749
3186 0.0004823865
3187 0.009795507
3188 0.007595518
3189 0.7254718
3190 0.02923198
3191 0.1037174
3192 0.04373096
3193 0.05580787
3194 0.02260672
3195 0.02159579
3196 0.2239385
3197 1.054244e-05
3198 1.719642e-07
3199 0.122409
3200 0.005770874
3201 0.8163025
3202 0.03828762
3203 0.307891
3204 2.357785e-05
3205 0.7043691
3206 0.05349856
3207 0.6469103
3208 0.3534043
3209 0.005216442
3210 0.4450232
3211 0.1211943
3212 0.609261
3213 0.839886
3214 0.1410997
3215 0.7154722
3216 0.008591971
3217 1.989688e-06
3218 0.0003027874
3219 0.03863504
3220 1.015035e-06
3221 0.002156682
3222 0.7077534
3223 0.04440745
3224 0.8289757
3225 0.5777583
3226 0.06621298
3227 0.001800668
3228 0.1424013
3229 0.1605636
3230 0.0004871794
3231 0.7018792
3232 0.003006748
3233 0.002285127
3234 0.02893691
3235 0.5815649
3236 0.2793912
3237 0.5955861
3238 0.07062812
3239 0.008898212
3240 0.001243913
3241 0.01730102
3242 0.3792115
3243 0.002327027
3244 0.01648535
3245 0.05447292
3246 0.1438157
3247 0.5859805
3248 0.01459445
3249 0.130156
3250 0.6487946
3251 0.03375298
3252 0.01263669
3253 0.334049
3254 1.774708e-07
3255 0.0006430428
3256 0.2189728
3257 0.7286583
3258 0.1415655
3259 0.7461833
3260 0.09969564
3261 1.376921e-05
3262 0.0261251
3263 0.5423028
3264 0.004366254
3265 0.0001560314
3266 0.1717005
3267 0.332831
3268 0.119087
3269 0.9981991
3270 0.911191
3271 0.005233057
3272 0.3292192
3273 0.0249127
3274 0.03360438
3275 0.003363988
3276 0.02171215
3277 0.000933486
3278 0.002815865
3279 0.1523313
3280 0.9156497
3281 0.0008131557
3282 0.779959
3283 0.03541859
3284 0.0003266333
3285 0.008757156
3286 0.1578249
3287 0.3652945
3288 0.2118818
3289 0.0001055375
3290 0.004075635
3291 0.7712461
3292 0.6313605
3293 0.0001969167
3294 0.001867895
3295 0.9811633
3296 0.00171338
3297 0.167703
3298 0.06382509
3299 5.466529e-05
3300 0.002470954
3301 0.07061394
3302 0.003818924
3303 0.05455719
3304 0.01444558
3305 6.443191e-06
3306 0.001081945
3307 0.4125688
3308 0.3299174
3309 0.09568631
3310 0.0008199645
3311 0.5984645
3312 0.07497526
3313 0.4715288
3314 0.5664498
3315 0.07970767
3316 0.3132178
3317 0.005041314
3318 0.03465098
3319 0.2779989
3320 0.6511531
3321 0.5809487
3322 0.2745002
3323 0.03476
3324 0.3884978
3325 0.0008331276
3326 0.0117498
3327 0.2221238
3328 0.004725199
3329 0.02106679
3330 0.02398695
3331 0.3223544
3332 0.7193817
3333 0.006860331
3334 6.243409e-05
3335 0.4619853
3336 0.6100271
3337 0.2834142
3338 0.1365392
3339 5.881837e-05
3340 0.0008167832
3341 0.002220727
3342 0.6875632
3343 0.2245913
3344 0.0674469
3345 0.1398096
3346 0.02811011
3347 0.0785339
3348 0.00586715
3349 0.002172094
3350 2.248155e-06
3351 0.9220207
3352 0.02252669
3353 0.1129533
3354 0.04424732
3355 8.850755e-05
3356 0.02427435
3357 0.2838017
3358 0.09240113
3359 0.1063734
3360 0.07487217
3361 0.1197438
3362 0.05200121
3363 0.0009657892
3364 0.8449898
3365 0.001372102
3366 0.6089253
3367 0.001365427
3368 0.3872937
3369 0.0001219839
3370 0.3847436
3371 0.4806175
3372 0.004475609
3373 0.009652797
3374 0.4006308
3375 0.1954158
3376 0.9662438
3377 0.0176577
3378 0.00330827
3379 6.425252e-06
3380 0.08570217
3381 0.002610657
3382 0.002000819
3383 0.05978283
3384 0.2017524
3385 0.003661086
3386 0.001593079
3387 1.248347e-05
3388 0.126595
3389 0.3008282
3390 0.1078952
3391 0.1990637
3392 0.002371882
3393 0.325223
3394 7.031606e-06
3395 0.06234602
3396 3.975745e-07
3397 0.01162538
3398 0.5934689
3399 0.4131626
3400 0.3939723
3401 0.005880501
3402 0.0004543845
3403 0.713169
3404 0.1493772
3405 0.004920323
3406 0.01654874
3407 0.003468769
3408 0.02951132
3409 0.8941593
3410 0.006974807
3411 0.1901397
3412 0.1624415
3413 0.8030543
3414 0.3376475
3415 0.0001393314
3416 0.2488378
3417 0.8283661
3418 0.001066413
3419 0.2666231
3420 0.8347558
3421 0.08127889
3422 0.4596582
3423 0.001708381
3424 0.7082807
3425 4.414275e-06
3426 0.7193874
3427 0.003643371
3428 0.06737779
3429 0.006779048
3430 0.2211854
3431 0.002116391
3432 0.009767133
3433 0.002468962
3434 0.8559494
3435 0.2919015
3436 0.006053769
3437 0.0143827
3438 0.0001289237
3439 0.586822
3440 0.6935085
3441 0.1689388
3442 0.2576379
3443 0.04888453
3444 0.03199446
3445 0.06061954
3446 0.3437314
3447 0.05603886
3448 0.5494617
3449 0.0164612
3450 0.005483823
3451 0.003377358
3452 0.00167344
3453 0.01744064
3454 0.04752576
3455 0.9324996
3456 9.800835e-06
3457 0.6056078
3458 0.06696016
3459 0.3501949
3460 1.118264e-05
3461 0.185569
3462 0.0003197434
3463 0.5850742
3464 0.8169731
3465 0.8263235
3466 0.0001234959
3467 0.002004487
3468 0.1040725
3469 0.0002146807
3470 3.735977e-06
3471 0.005646071
3472 0.9782005
3473 0.3842007
3474 0.5041242
3475 0.02387243
3476 4.070055e-06
3477 0.007811074
3478 0.1821873
3479 0.00439185
3480 0.005343068
3481 0.5578728
3482 0.1120399
3483 0.8467913
3484 0.9965549
3485 0.8066347
3486 0.3202762
3487 7.653797e-06
3488 0.001111411
3489 2.760808e-05
3490 0.767693
3491 0.8417742
3492 0.0001992142
3493 7.540173e-06
3494 5.779302e-06
3495 0.008415162
3496 0.9600222
3497 0.005553536
3498 0.07941536
3499 0.2221197
3500 0.1946296
3501 0.02887466
3502 0.05775318
3503 0.2542956
3504 0.7931217
3505 0.003040496
3506 0.0002259083
3507 0.8412277
3508 0.6883987
3509 0.0008839342
3510 0.1440005
3511 0.02245777
3512 0.5097347
3513 0.1033677
3514 0.9643794
3515 0.1103315
3516 0.007766229
3517 0.2036892
3518 0.07634135
3519 0.3818247
3520 0.2744391
3521 0.006515094
3522 0.009738238
3523 0.03727604
3524 0.001047602
3525 0.01024379
3526 0.6890358
3527 0.01187805
3528 8.261046e-06
3529 0.006741137
3530 0.2632363
3531 0.04106373
3532 0.03589352
3533 0.005583885
3534 4.065529e-05
3535 0.09199818
3536 0.05013652
3537 0.7714601
3538 0.3490287
3539 5.019498e-05
3540 0.007082199
3541 0.1966889
3542 2.892564e-05
3543 0.795351
3544 0.0008070942
3545 0.2265132
3546 8.873355e-05
3547 0.6976945
3548 0.7405876
3549 0.0009982094
3550 0.7626904
3551 0.008184271
3552 0.1744335
3553 0.876915
3554 0.3588811
3555 0.7673769
3556 0.04860338
3557 0.00534137
3558 0.1849045
3559 0.05688394
3560 0.6120606
3561 0.8990699
3562 0.0004241178
3563 0.583151
3564 0.3703725
3565 0.3679235
3566 0.1790479
3567 0.3816134
3568 0.1692816
3569 0.9124748
3570 0.4795846
3571 0.2884579
3572 0.783203
3573 0.890504
3574 0.2626375
3575 0.126023
3576 0.3156821
3577 2.142719e-05
3578 0.002256804
3579 1.139436e-05
3580 0.7020066
3581 0.07975083
3582 0.01769671
3583 0.06594976
3584 0.7613441
3585 0.8244771
3586 0.09834572
3587 0.05733493
3588 0.04793988
3589 0.049671
3590 0.00634092
3591 0.2270681
3592 0.06651285
3593 0.9433428
3594 0.02024218
3595 0.009769823
3596 0.0006696867
3597 0.6201177
3598 1.760598e-05
3599 1.188256e-05
3600 0.00278213
3601 0.0006124727
3602 0.0007502396
3603 0.5928697
3604 0.6021082
3605 0.04359574
3606 0.0471304
3607 0.9122728
3608 0.1745016
3609 0.0009852668
3610 0.3876182
3611 0.09800079
3612 0.005006178
3613 0.3721454
3614 0.1050506
3615 0.8426548
3616 0.2993999
3617 0.01009863
3618 7.680021e-06
3619 0.1313059
3620 0.05949335
3621 0.2969963
3622 0.07140419
3623 0.02006135
3624 0.7715963
3625 0.03237832
3626 4.502095e-05
3627 0.04758526
3628 0.008019503
3629 4.016122e-06
3630 0.3725402
3631 0.006994651
3632 7.112217e-07
3633 0.2771925
3634 0.004691255
3635 0.03793385
3636 0.3694594
3637 0.702262
3638 0.1567596
3639 0.000303114
3640 0.3590447
3641 0.1184121
3642 0.06242437
3643 0.006809314
3644 0.00435599
3645 0.1006326
3646 0.6526678
3647 0.0008886226
3648 6.247941e-07
3649 0.03855275
3650 0.0003814866
3651 0.0202979
3652 0.1959167
3653 6.505047e-07
3654 0.3816377
3655 0.6452543
3656 0.0002218675
3657 0.005205869
3658 3.478116e-07
3659 4.364338e-06
3660 0.1941733
3661 0.000634223
3662 0.3994479
3663 0.005404344
3664 0.2462265
3665 0.1394753
3666 0.08284356
3667 0.5788294
3668 0.9293546
3669 0.9173948
3670 0.08750077
3671 0.7361
3672 0.3918679
3673 0.007417205
3674 0.02768485
3675 0.1323022
3676 0.09377659
3677 0.002227692
3678 0.06465259
3679 0.05819413
3680 0.2298969
3681 0.0005089015
3682 4.495326e-05
3683 0.5174787
3684 0.6840253
3685 0.001699256
3686 0.1328644
3687 0.8805528
3688 0.01107642
3689 0.1106028
3690 0.4900537
3691 0.01667853
3692 0.04861621
3693 0.4229279
3694 0.8329817
3695 0.5669631
3696 0.007414878
3697 0.08823722
3698 8.655261e-06
3699 0.0006889453
3700 0.9153784
3701 0.2524216
3702 0.9532419
3703 0.1090256
3704 0.07380617
3705 3.086772e-06
3706 0.02075138
3707 0.954866
3708 0.7949652
3709 0.001983488
3710 0.0009761608
3711 0.9785633
3712 0.2493688
3713 0.005732403
3714 0.1559301
3715 0.07923008
3716 0.2177541
3717 0.3457946
3718 0.05827899
3719 0.0552498
3720 0.04964078
3721 0.1120646
3722 0.4727332
3723 0.8818592
3724 0.1511265
3725 0.1212233
3726 0.1780149
3727 0.2769674
3728 0.2547094
3729 0.165796
3730 0.0007616574
3731 0.01340016
3732 0.01259505
3733 0.01995819
3734 0.1522389
3735 0.0009104843
3736 0.03375047
3737 0.100972
3738 0.006549022
3739 0.01776738
3740 0.3543015
3741 0.002617337
3742 0.001593426
3743 0.0008523429
3744 0.4138067
3745 0.5497725
3746 0.09480162
3747 0.007337697
3748 0.1077227
3749 0.02788357
3750 0.001432129
3751 0.021594
3752 0.004258306
3753 0.09518333
3754 0.3297446
3755 0.003123543
3756 0.7667599
3757 0.4660263
3758 5.786422e-05
3759 0.07171077
3760 0.0008680709
3761 0.04153925
3762 0.05162303
3763 0.0009097361
3764 0.5869329
3765 0.009273629
3766 0.003050616
3767 0.3915252
3768 0.01001178
3769 0.458931
3770 0.2416521
3771 0.004574921
3772 0.03700042
3773 0.004971213
3774 0.7528859
3775 0.2078157
3776 0.1435422
3777 0.007535055
3778 0.1057893
3779 0.0002231212
3780 0.003242531
3781 0.06887236
3782 0.3700255
3783 0.9558024
3784 0.01322827
3785 0.5818046
3786 1.334354e-05
3787 0.5353664
3788 0.1121284
3789 0.02848969
3790 0.1037887
3791 0.201182
3792 0.5512273
3793 0.006210367
3794 0.4192597
3795 0.1327557
3796 0.002289846
3797 0.6271205
3798 0.00315587
3799 3.49697e-06
3800 0.002377628
3801 0.05823903
3802 0.10109
3803 0.002003538
3804 0.2115147
3805 0.001487451
3806 0.002263325
3807 0.1571445
3808 0.2023931
3809 0.4957118
3810 0.05648136
3811 0.6443219
3812 0.5456201
3813 0.7267001
3814 0.6279715
3815 0.009136027
3816 0.00446376
3817 0.1173027
3818 0.2998994
3819 0.4385538
3820 0.01650984
3821 0.0002278521
3822 0.7646975
3823 0.4216772
3824 0.05284325
3825 0.008644828
3826 0.8216328
3827 0.008115349
3828 0.865452
3829 0.6092329
3830 0.01057709
3831 0.005988237
3832 0.01508127
3833 0.7393544
3834 0.001734878
3835 0.05723007
3836 0.2387255
3837 0.2875105
3838 0.0682138
3839 0.01592622
3840 0.3505332
3841 2.168462e-07
3842 0.08372922
3843 0.1969307
3844 0.07333846
3845 2.496327e-06
3846 0.295833
3847 0.2136445
3848 0.2795796
3849 0.2090256
3850 0.04149709
3851 0.01334719
3852 0.8364659
3853 0.2102352
3854 0.7196453
3855 0.02707343
3856 0.9525078
3857 0.2763387
3858 0.01149868
3859 0.1611562
3860 0.02578139
3861 0.6661317
3862 0.0007736205
3863 0.003341588
3864 0.1526196
3865 0.1651057
3866 0.2294566
3867 0.2408852
3868 0.2790659
3869 0.0002615471
3870 0.002539672
3871 0.633381
3872 0.3346342
3873 0.6412194
3874 0.6951036
3875 0.004251782
3876 0.06591683
3877 0.0002839948
3878 0.8259968
3879 0.2732135
3880 0.270846
3881 5.196382e-05
3882 0.002543943
3883 0.3086557
3884 0.02303625
3885 0.03304275
3886 0.02392131
3887 0.5550942
3888 0.01944446
3889 0.01049699
3890 0.0009076358
3891 0.02313475
3892 0.0001065988
3893 0.001082732
3894 0.06051306
3895 0.01166641
3896 0.08427573
3897 0.2416007
3898 4.302619e-06
3899 5.340567e-05
3900 0.01615833
3901 0.001342402
3902 0.3368802
3903 0.5937989
3904 0.002442235
3905 0.00174316
3906 0.5185245
3907 4.446106e-05
3908 0.4758544
3909 0.006179729
3910 0.02238362
3911 0.5461355
3912 0.005778648
3913 2.243975e-05
3914 0.02030695
3915 0.0001795455
3916 0.1163918
3917 0.0003563313
3918 0.05429709
3919 0.1173374
3920 9.174395e-06
3921 0.0002740896
3922 0.01204326
3923 0.5907129
3924 0.2501449
3925 0.07305567
3926 0.3311699
3927 0.283623
3928 0.4034529
3929 0.2656929
3930 0.9420252
3931 0.3015182
3932 0.03067206
3933 0.0525775
3934 0.04868057
3935 0.5052334
3936 0.01486
3937 0.09519794
3938 0.8010187
3939 0.09207665
3940 0.332766
3941 0.2747675
3942 0.000697452
3943 0.02244004
3944 0.1994716
3945 2.300906e-05
3946 0.5860785
3947 0.04745898
3948 1.846573e-05
3949 0.03210652
3950 0.001869568
3951 0.04277207
3952 0.007442331
3953 0.1698186
3954 0.1559057
3955 0.1564705
3956 0.002986075
3957 0.001802526
3958 4.414928e-05
3959 4.080099e-07
3960 0.002017561
3961 0.003725384
3962 0.002070494
3963 0.6469221
3964 0.1809186
3965 0.001642186
3966 0.07509887
3967 0.004531901
3968 0.003934001
3969 0.02721254
3970 0.2326693
3971 0.02935335
3972 0.983482
3973 0.2583888
3974 0.0002445624
3975 8.541116e-05
3976 0.004081696
3977 2.408686e-05
3978 0.4377229
3979 0.2640321
3980 0.01027898
3981 0.1108204
3982 0.4300127
3983 0.3129046
3984 0.1889205
3985 0.07423413
3986 0.002352433
3987 0.9464245
3988 0.0006411188
3989 0.6054501
3990 0.1970427
3991 0.6096414
3992 0.3141695
3993 0.9170506
3994 6.471638e-06
3995 0.04424509
3996 0.02547972
3997 0.8026589
3998 0.006597783
3999 0.008319739
4000 0.05431309
4001 0.7778158
4002 0.7738458
4003 0.144368
4004 0.9936416
4005 0.01752401
4006 0.6601015
4007 0.008261535
4008 0.7469287
4009 9.291834e-06
4010 0.004557756
4011 0.6280716
4012 0.003867382
4013 0.01836873
4014 0.003630818
4015 0.3102013
4016 0.4155586
4017 0.274678
4018 7.510723e-06
4019 0.7977487
4020 0.649885
4021 0.06998955
4022 0.8916572
4023 1.031459e-05
4024 0.6050268
4025 0.1496332
4026 0.08058999
4027 0.07324376
4028 5.811867e-06
4029 0.0145691
4030 0.7584586
4031 0.03741457
4032 0.7456165
4033 0.006415138
4034 0.845679
4035 0.4679686
4036 0.09071738
4037 0.6161067
4038 0.6517977
4039 0.001837699
4040 0.07214495
4041 0.0005494918
4042 0.1100466
4043 0.001667481
4044 0.09082167
4045 0.1971441
4046 0.3655114
4047 0.05042379
4048 0.007738605
4049 0.0940136
4050 0.06323413
4051 0.175608
4052 0.08761762
4053 0.04800072
4054 0.7529667
4055 0.7654738
4056 0.8825581
4057 0.4003072
4058 0.9999579
4059 0.2067914
4060 0.6886644
4061 0.1824902
4062 0.001200082
4063 0.0003626214
4064 0.03536305
4065 0.2870678
4066 0.01484982
4067 0.1540081
4068 0.8118779
4069 0.003867398
4070 0.9533898
4071 0.05234391
4072 0.5660922
4073 0.2608275
4074 4.145752e-05
4075 0.1040504
4076 0.1374521
4077 0.9034175
4078 0.05278678
4079 0.6569216
4080 0.5385475
4081 0.09003572
4082 0.007385306
4083 0.07870715
4084 0.001867377
4085 0.01836456
4086 0.4018899
4087 0.01762478
4088 0.08659312
4089 0.1051509
4090 5.491249e-05
4091 0.4213655
4092 0.0007804203
4093 0.001540481
4094 0.01221697
4095 0.3079851
4096 0.5663265
4097 0.1416079
4098 0.001358532
4099 0.00288998
4100 0.0007089896
4101 0.9908548
4102 0.2447518
4103 0.08442967
4104 5.992288e-06
4105 0.1955764
4106 0.05692958
4107 0.2403305
4108 0.1419844
4109 0.01625075
4110 0.02745207
4111 0.5832682
4112 0.08188373
4113 7.32936e-05
4114 0.8125208
4115 0.0006452409
4116 0.003683099
4117 0.2144915
4118 0.0003157611
4119 0.01695593
4120 0.001552366
4121 0.01576051
4122 0.3281647
4123 0.1721999
4124 0.001384216
4125 0.003673442
4126 0.04546667
4127 0.08165811
4128 0.04532647
4129 0.1223883
4130 0.06511015
4131 0.8162673
4132 0.08636431
4133 0.01165008
4134 0.3857568
4135 0.3707118
4136 0.07986395
4137 0.006418357
4138 0.0002337447
4139 0.07652777
4140 0.02854887
4141 0.908216
4142 0.21856
4143 0.0005059036
4144 0.5879357
4145 0.2163273
4146 0.04793419
4147 0.004426733
4148 0.4498666
4149 1.100844e-05
4150 0.01421915
4151 0.6426806
4152 0.626736
4153 0.00158686
4154 0.05274134
4155 0.2004321
4156 0.2006377
4157 0.01048376
4158 0.274727
4159 0.003732091
4160 0.1135392
4161 0.2815463
4162 1.861611e-05
4163 0.5417515
4164 0.09470298
4165 0.4848504
4166 0.6124854
4167 0.01556896
4168 0.04112563
4169 0.02613483
4170 0.00422708
4171 0.07616653
4172 0.007787767
4173 0.2648843
4174 0.1366787
4175 0.2447937
4176 0.07137417
4177 0.0190422
4178 0.0009517335
4179 0.3623962
4180 0.3038464
4181 0.2298276
4182 0.6889167
4183 0.3338613
4184 0.3420547
4185 0.9415352
4186 0.656007
4187 0.01188284
4188 0.01935871
4189 0.05011544
4190 0.3172599
4191 0.1755426
4192 0.1089795
4193 0.02709848
4194 0.2032085
4195 0.002582974
4196 0.2533096
4197 0.8446099
4198 0.6152248
4199 0.06746766
4200 0.09037995
4201 0.008640107
4202 0.01959822
4203 0.1082424
4204 0.000160137
4205 0.001600249
4206 0.006393235
4207 0.6643414
4208 0.02385173
4209 0.004026271
4210 0.1487925
4211 0.0003644271
4212 0.6826211
4213 0.1663144
4214 0.06447562
4215 0.8610706
4216 2.2252e-06
4217 3.645379e-07
4218 0.4651639
4219 2.585497e-05
4220 0.009461526
4221 0.04372872
4222 0.004390598
4223 0.7859226
4224 0.3977485
4225 0.8283084
4226 0.0007186695
4227 1.154751e-05
4228 0.001892026
4229 0.566209
4230 0.2292024
4231 0.007144166
4232 0.1512655
4233 0.0001471395
4234 0.03446176
4235 0.01454861
4236 0.01315226
4237 2.823287e-06
4238 0.9472871
4239 0.000106834
4240 0.005111262
4241 0.0004591524
4242 0.1176391
4243 0.001765761
4244 0.3979403
4245 0.05239874
4246 0.01614053
4247 0.5513568
4248 0.2812199
4249 0.2589137
4250 1.932808e-06
4251 0.445916
4252 0.8216875
4253 0.006160776
4254 0.07007714
4255 0.002199086
4256 0.0001435061
4257 0.6797922
4258 0.08880336
4259 0.2891537
4260 0.2681479
4261 0.0497655
4262 0.7577539
4263 0.007882192
4264 0.008052847
4265 0.01212266
4266 0.08989216
4267 0.4332921
4268 0.1052113
4269 0.7017576
4270 0.1904968
4271 0.07816972
4272 0.5334043
4273 0.8255717
4274 7.236522e-05
4275 0.4021264
4276 0.001571337
4277 0.07695685
4278 0.0003492802
4279 0.000771347
4280 0.0003903853
4281 0.3948872
4282 0.852551
4283 0.1018659
4284 0.05312221
4285 0.00773362
4286 0.0005951265
4287 0.001843917
4288 0.310681
4289 0.003329924
4290 0.03176192
4291 0.591533
4292 0.7385066
4293 0.1336118
4294 0.001090616
4295 0.03451634
4296 0.595355
4297 0.06948285
4298 0.384888
4299 0.1202055
4300 0.01367985
4301 8.274397e-05
4302 0.006712533
4303 0.03973074
4304 0.01605948
4305 2.08937e-06
4306 0.3850085
4307 0.0002932703
4308 0.002664951
4309 0.000670169
4310 0.7647294
4311 0.26689
4312 0.1125738
4313 0.7834838
4314 0.6660777
4315 0.1632086
4316 0.03643054
4317 0.01024661
4318 0.04639493
4319 0.03962428
4320 0.0001290485
4321 0.04157167
4322 0.05288461
4323 0.002237273
4324 0.4472681
4325 0.0001121901
4326 0.4829241
4327 0.3274373
4328 0.003351726
4329 0.09369461
4330 0.1562738
4331 0.1492748
4332 0.878795
4333 0.001069463
4334 0.002326378
4335 0.9645258
4336 0.2468015
4337 0.02076513
4338 0.03846994
4339 0.9864279
4340 0.01218452
4341 0.6703688
4342 0.6751474
4343 0.02624226
4344 0.01057251
4345 0.1463211
4346 0.01929287
4347 0.6234883
4348 0.02626289
4349 0.006582364
4350 0.005734835
4351 0.007503334
4352 0.0540153
4353 0.01844612
4354 0.1710976
4355 0.6540094
4356 0.00838909
4357 0.01374123
4358 0.7327595
4359 6.231012e-06
4360 0.01719973
4361 0.01307582
4362 0.007525176
4363 0.4701799
4364 0.5088092
4365 0.01996488
4366 0.003390072
4367 7.119242e-05
4368 0.1241964
4369 0.005428262
4370 0.7084254
4371 0.1695651
4372 0.001969707
4373 0.01539252
4374 0.01146397
4375 0.2758579
4376 0.9536166
4377 0.6557093
4378 0.1698519
4379 0.1151159
4380 0.01684494
4381 0.009682424
4382 0.002407596
4383 0.06344943
4384 0.360644
4385 0.6569251
4386 0.04807822
4387 0.01737592
4388 0.03429116
4389 0.003060308
4390 0.006487396
4391 0.02833205
4392 0.04421357
4393 0.1820059
4394 0.9063012
4395 0.1196635
4396 0.0009849008
4397 0.3414329
4398 0.0004245135
4399 0.00857368
4400 0.8702564
4401 0.000214388
4402 0.05505238
4403 0.004524529
4404 0.001225325
4405 0.450647
4406 0.01101971
4407 0.3509884
4408 0.2365876
4409 0.2826585
4410 4.225122e-05
4411 0.01372395
4412 0.6657085
4413 5.502297e-05
4414 0.007446563
4415 0.1427437
4416 0.002376499
4417 0.02316031
4418 0.04127999
4419 0.03351154
4420 0.02678129
4421 0.1012492
4422 1.503032e-05
4423 0.02951994
4424 0.1329488
4425 0.1556454
4426 0.1446465
4427 0.1395028
4428 0.8656974
4429 0.4211321
4430 0.01812211
4431 2.889928e-05
4432 0.06855255
4433 9.578635e-05
4434 0.9253741
4435 0.0642492
4436 0.002963038
4437 0.06957816
4438 0.0005428761
4439 0.6417923
4440 1.370134e-05
4441 0.05680916
4442 0.2809917
4443 0.9750917
4444 0.3762141
4445 0.04863427
4446 0.004359736
4447 0.8442751
4448 0.7224568
4449 0.002835732
4450 0.4341478
4451 0.08006652
4452 0.678606
4453 0.05812785
4454 0.01579399
4455 0.1070321
4456 0.9469365
4457 0.4662952
4458 0.03829913
4459 0.01902989
4460 0.03241335
4461 0.0001476472
4462 0.3670392
4463 0.005972065
4464 0.8088477
4465 0.776671
4466 0.002799587
4467 0.028299
4468 0.6598279
4469 0.7833494
4470 0.7299107
4471 0.1653049
4472 0.08343445
4473 0.07554219
4474 0.04958048
4475 0.3080443
4476 0.0007256846
4477 0.6064517
4478 0.06141176
4479 0.773835
4480 0.06251298
4481 0.09133282
4482 0.03339582
4483 0.2940393
4484 8.978731e-05
4485 0.005159529
4486 0.001630689
4487 0.6447701
4488 0.4719836
4489 0.002420946
4490 8.090749e-06
4491 0.1333457
4492 0.5606228
4493 0.2743133
4494 0.05073435
4495 0.001399432
4496 0.2963818
4497 3.21046e-07
4498 0.001604496
4499 0.006143522
4500 0.08368654
4501 0.7780688
4502 8.334822e-06
4503 0.01808364
4504 0.840805
4505 0.1760057
4506 0.6194489
4507 0.001925449
4508 0.1896988
4509 0.3271458
4510 0.01915786
4511 0.0009005476
4512 9.880587e-06
4513 0.1364618
4514 0.1011018
4515 0.1925918
4516 0.01049715
4517 0.06297006
4518 0.1064405
4519 0.7631402
4520 0.06098892
4521 0.002534403
4522 0.5035345
4523 0.8389686
4524 0.01766287
4525 0.4899627
4526 0.1027468
4527 0.004444987
4528 0.7837125
4529 0.08774498
4530 0.8372469
4531 0.5378494
4532 0.8291065
4533 0.01183715
4534 0.003184155
4535 0.0007224413
4536 0.008595929
4537 0.0005866868
4538 0.05837108
4539 0.008588908
4540 0.0777627
4541 0.01088686
4542 0.0282279
4543 0.09350481
4544 5.592435e-06
4545 0.1335614
4546 0.1036735
4547 0.03410273
4548 0.0155862
4549 0.03305256
4550 0.02926958
4551 0.007708692
4552 0.1096255
4553 0.1056975
4554 0.02473899
4555 0.006692007
4556 0.1760303
4557 0.0151387
4558 0.05208535
4559 0.5306068
4560 0.2755653
4561 0.003535929
4562 0.02098121
4563 0.04149344
4564 0.003667501
4565 0.09416291
4566 0.006869026
4567 0.0003482951
4568 0.01886544
4569 0.0003681821
4570 0.4732813
4571 0.3110423
4572 0.04555218
4573 0.5579682
4574 0.0009347892
4575 0.000507111
4576 0.0006698048
4577 0.5611232
4578 0.07301394
4579 0.6978443
4580 0.000491934
4581 0.001067965
4582 0.2522689
4583 0.00161576
4584 0.003478335
4585 0.2044126
4586 0.1008056
4587 0.7336837
4588 0.9428674
4589 0.004757387
4590 1.684238e-05
4591 0.3823174
4592 0.00586845
4593 0.007704464
4594 0.1794001
4595 0.9408628
4596 0.05813511
4597 0.1550121
4598 0.7686132
4599 0.2389323
4600 7.336437e-05
4601 0.001270951
4602 0.8820146
4603 0.229096
4604 0.02018945
4605 0.3613988
4606 7.240106e-05
4607 0.4518024
4608 0.01133035
4609 0.04135474
4610 0.00811801
4611 0.0001100478
4612 0.2056724
4613 0.01008944
4614 0.02519327
4615 0.08295175
4616 0.1867701
4617 0.6847373
4618 0.2704186
4619 0.2358496
4620 0.009752034
4621 5.783097e-05
4622 0.2582441
4623 0.01599344
4624 0.01446029
4625 0.007643509
4626 0.01670001
4627 0.007179555
4628 0.1608166
4629 0.09465766
4630 0.07407722
4631 0.004366406
4632 0.09686106
4633 0.04640167
4634 0.9516863
4635 0.003708984
4636 0.1255583
4637 0.6589061
4638 0.0483984
4639 0.1062953
4640 0.001519821
4641 0.7196055
4642 0.2649683
4643 0.3255035
4644 1.681989e-05
4645 1.181239e-05
4646 0.008710173
4647 1.033767e-06
4648 0.001627077
4649 0.008253369
4650 0.1400441
4651 0.1959081
4652 0.007329199
4653 0.1118433
4654 0.2757186
4655 0.06780625
4656 0.5776122
4657 0.3768867
4658 0.09036934
4659 0.7032437
4660 3.965599e-06
4661 0.8263221
4662 0.02114246
4663 0.01239165
4664 0.2892626
4665 0.01932826
4666 0.2721203
4667 0.1681913
4668 0.1813762
4669 0.9275955
4670 0.3301315
4671 0.7559316
4672 0.1735873
4673 0.03696662
4674 0.3311539
4675 0.1499559
4676 0.06210392
4677 0.6648544
4678 0.0723949
4679 2.023799e-05
4680 0.1861041
4681 0.06703691
4682 6.231606e-06
4683 0.1226848
4684 0.0002379246
4685 0.6008394
4686 0.004522115
4687 0.09758658
4688 0.01559611
4689 1.324279e-05
4690 0.2686305
4691 0.2974088
4692 0.06940764
4693 0.6549418
4694 2.48561e-05
4695 0.01427217
4696 0.0006093111
4697 5.08998e-05
4698 0.001896898
4699 0.0004811542
4700 0.7721225
4701 0.003492765
4702 0.01673854
4703 0.02111965
4704 0.4285244
4705 0.2491597
4706 0.5054466
4707 0.7844896
4708 0.01411144
4709 0.05691549
4710 0.2038053
4711 0.4101761
4712 0.2330734
4713 0.6115345
4714 0.03831195
4715 0.8739533
4716 0.002511705
4717 0.6476562
4718 0.40007
4719 0.6319717
4720 0.2006981
4721 0.5880533
4722 0.01437705
4723 0.003780793
4724 0.09700487
4725 0.001869
4726 1.525181e-06
4727 0.5480837
4728 0.01032599
4729 0.01352765
4730 0.2666804
4731 0.002428312
4732 0.07581462
4733 0.2064615
4734 0.05078409
4735 0.05780244
4736 0.2575555
4737 5.466201e-07
4738 0.3925746
4739 0.2393679
4740 0.001811635
4741 0.07432855
4742 0.0007696158
4743 0.1128082
4744 0.006036925
4745 0.1128471
4746 0.3474645
4747 0.08234742
4748 0.3645802
4749 0.01111561
4750 0.1314045
4751 0.6782872
4752 0.01527515
4753 0.2051875
4754 0.1422951
4755 0.3919091
4756 0.005912198
4757 0.1305416
4758 9.264419e-05
4759 0.009159683
4760 2.505647e-05
4761 0.0511655
4762 0.02091722
4763 0.005911184
4764 0.001921632
4765 0.06779667
4766 0.0005869561
4767 0.09293235
4768 0.001712442
4769 0.005694147
4770 0.008420229
4771 0.2949831
4772 0.3216688
4773 8.730387e-06
4774 0.5759872
4775 0.519807
4776 0.01157514
4777 0.3697548
4778 4.366687e-06
4779 0.07838494
4780 0.3939412
4781 0.1994898
4782 0.08298536
4783 0.1491847
4784 0.04800554
4785 0.2195151
4786 0.1673267
4787 5.364045e-07
4788 0.3219161
4789 0.0006992685
4790 0.0488235
4791 0.007199313
4792 0.4151775
4793 0.02697843
4794 0.40659
4795 0.4574676
4796 0.3216951
4797 0.002710157
4798 0.891437
4799 0.1441829
4800 0.8229667
4801 0.4030782
4802 0.1275737
4803 0.003340544
4804 0.7549405
4805 0.002209772
4806 0.06210447
4807 0.01437569
4808 0.01629921
4809 0.08070902
4810 0.07063698
4811 0.2707842
4812 6.111145e-06
4813 0.0495636
4814 3.028886e-06
4815 0.3737567
4816 0.2266055
4817 0.1185971
4818 0.007159738
4819 0.3384703
4820 0.01994269
4821 0.3932601
4822 0.01189552
4823 0.2055531
4824 0.007165621
4825 0.06939056
4826 0.01148911
4827 0.03034153
4828 0.03371386
4829 0.01110683
4830 0.006092054
4831 0.7078864
4832 0.0005806822
4833 0.08661867
4834 0.00422503
4835 0.002909568
4836 0.3006934
4837 0.02388108
4838 0.6932505
4839 0.006263257
4840 0.01605833
4841 0.2899507
4842 0.008900208
4843 0.6115477
4844 0.0380336
4845 0.002815818
4846 0.3156084
4847 0.03276919
4848 0.3249096
4849 0.03046594
4850 0.008238261
4851 0.3764798
4852 0.3015503
4853 0.002164541
4854 0.0001449274
4855 0.9176474
4856 0.2121881
4857 0.0005140561
4858 0.1858019
4859 0.0003910022
4860 0.8352868
4861 0.582135
4862 0.2846523
4863 0.005240643
4864 9.884723e-05
4865 0.6478156
4866 0.02601233
4867 0.2210023
4868 0.1421277
4869 0.1110167
4870 0.3743415
4871 0.3117737
4872 0.3499959
4873 0.661815
4874 0.005551254
4875 0.02066225
4876 0.4997031
4877 0.8111796
4878 0.7029722
4879 0.3638896
4880 0.1213738
4881 0.001183371
4882 0.4015957
4883 0.2532936
4884 0.3866019
4885 0.004580878
4886 0.03475134
4887 0.07303661
4888 0.0005495467
4889 0.05924387
4890 0.1339403
4891 0.5090027
4892 0.7637235
4893 0.5810936
4894 0.110526
4895 0.09051587
4896 0.5386631
4897 0.0002162912
4898 0.005205866
4899 0.4200426
4900 0.5871964
4901 0.2038069
4902 0.02767832
4903 0.01712313
4904 0.01056287
4905 0.0278092
4906 0.2751086
4907 0.001410191
4908 0.006471227
4909 0.391914
4910 0.005338979
4911 0.1663583
4912 0.1814581
4913 0.02060505
4914 0.000691495
4915 0.1946203
4916 0.2700495
4917 0.1219859
4918 0.5186349
4919 0.06241505
4920 0.1719297
4921 0.66371
4922 0.1957688
4923 0.0001393088
4924 0.01251221
4925 0.01068182
4926 0.2971023
4927 0.301697
4928 0.003585751
4929 4.819566e-05
4930 0.7830718
4931 0.002038444
4932 0.4760058
4933 0.4367308
4934 0.049137
4935 0.0572355
4936 0.9612713
4937 0.5385663
4938 0.006616885
4939 0.1726071
4940 5.283116e-05
4941 0.0001861473
4942 0.007497928
4943 0.1303913
4944 0.1932414
4945 0.000457014
4946 0.006342783
4947 0.1910405
4948 0.3531967
4949 0.5563347
4950 0.03345493
4951 0.8850252
4952 0.00552127
4953 0.04024563
4954 0.9419282
4955 0.0001142027
4956 0.0008005776
4957 0.3815131
4958 0.03043079
4959 0.002742361
4960 0.1882864
4961 0.7555086
4962 1.47256e-06
4963 0.03394803
4964 0.02629798
4965 0.3210492
4966 1.748282e-06
4967 0.05074852
4968 0.0005069283
4969 0.04009743
4970 0.02635865
4971 0.641908
4972 8.531927e-06
4973 0.0007091544
4974 0.4520787
4975 0.008774983
4976 0.4923343
4977 0.001119109
4978 0.01166682
4979 0.001828831
4980 0.01863712
4981 0.02272466
4982 0.6680344
4983 0.9741645
4984 0.01617319
4985 0.3735831
4986 0.424885
4987 0.001713618
4988 0.2198604
4989 1.888828e-05
4990 0.2969115
4991 0.009468068
4992 0.04245997
4993 0.299914
4994 0.0393746
4995 0.9140957
4996 0.06722507
4997 0.5846036
4998 0.07565447
4999 0.02713352
5000 7.904259e-07
