1 0.8361528
2 0.0008149794
3 0.0003654826
4 0.05613342
5 0.0002473845
6 0.000558837
7 0.5410631
8 0.001262868
9 0.4291914
10 0.0006434186
11 1.975665e-05
12 0.003348025
13 2.217014e-06
14 0.001435313
15 0.02847701
16 0.385331
17 0.003009961
18 4.718583e-05
19 3.11768e-05
20 0.004170966
21 0.002772442
22 0.000239281
23 0.09374919
24 5.675456e-07
25 0.002733519
26 0.001076837
27 0.0001005977
28 5.760737e-05
29 0.0322379
30 0.01421066
31 1.485594e-05
32 4.172845e-06
33 0.08481726
34 0.005592341
35 0.6015118
36 0.4463595
37 0.001439739
38 0.6298524
39 0.0003154563
40 0.3314608
41 0.2788381
42 0.007665368
43 0.1469822
44 0.007458569
45 0.003554725
46 0.001329365
47 0.1246835
48 0.0001670294
49 0.002036164
50 0.02868536
51 0.0549808
52 0.024338
53 0.001869341
54 0.8849602
55 0.01474696
56 0.001421113
57 0.01772557
58 0.3613207
59 0.6378175
60 0.001347942
61 0.02105306
62 2.065036e-05
63 0.04914771
64 0.2483928
65 9.801155e-06
66 0.3820354
67 0.001477366
68 0.0005557168
69 0.0001442683
70 0.5762034
71 6.695396e-05
72 0.001649918
73 0.3028625
74 1.793763e-06
75 8.446183e-06
76 0.8498213
77 1.839357e-05
78 3.35289e-05
79 0.001653754
80 0.02982576
81 0.0001685144
82 0.0002529796
83 0.07414957
84 0.00309438
85 0.009171408
86 1.780275e-06
87 0.0005608593
88 0.05583663
89 0.00739811
90 0.01069736
91 0.009133517
92 0.0002811703
93 0.02463242
94 7.845879e-06
95 5.868734e-05
96 0.9711808
97 0.1507833
98 0.2019634
99 0.00169551
100 0.00388725
101 1.849782e-05
102 6.181895e-06
103 0.6245302
104 0.2385248
105 6.312829e-05
106 0.001820181
107 8.371126e-06
108 0.08210437
109 0.000483573
110 0.09667942
111 0.00295735
112 0.01454444
113 0.0009319825
114 0.4642823
115 0.2204338
116 0.0006388819
117 0.000982926
118 0.003433609
119 0.002485293
120 0.01752645
121 0.811905
122 3.681544e-06
123 0.0006983713
124 0.3584403
125 0.002880915
126 0.009795623
127 0.3191947
128 6.624191e-05
129 0.8458763
130 6.53915e-06
131 0.3719463
132 2.848407e-05
133 0.1690624
134 0.01129937
135 0.6227526
136 0.0004849162
137 0.0115166
138 0.3730233
139 0.4372882
140 0.002493103
141 0.000394838
142 0.0001406835
143 2.082668e-06
144 0.0215443
145 0.0004738653
146 0.001091598
147 0.0003292246
148 0.000651846
149 0.1080768
150 2.63959e-05
151 0.0005204486
152 2.367382e-05
153 0.006458439
154 5.854946e-05
155 9.101674e-06
156 3.82729e-06
157 0.0009069927
158 4.958676e-06
159 1.008122e-05
160 0.3685635
161 0.002076511
162 0.001980765
163 0.5361792
164 0.1653058
165 0.007077181
166 0.06753204
167 0.1082337
168 2.545771e-05
169 7.967489e-06
170 0.006225353
171 0.002527826
172 0.001252791
173 0.00131645
174 0.009412728
175 3.009096e-06
176 0.0141636
177 0.00803205
178 0.0003402732
179 0.733263
180 0.6048834
181 0.003999339
182 0.01652819
183 5.184129e-06
184 0.0005217235
185 0.0002940867
186 0.006243198
187 0.05866345
188 1.66744e-05
189 0.3667069
190 0.009729829
191 2.930623e-05
192 5.176838e-06
193 0.3234955
194 0.0159662
195 0.0004885065
196 0.02425894
197 5.315155e-05
198 1.688301e-06
199 1.701827e-05
200 0.003124214
201 0.1695962
202 5.388704e-06
203 1.4407e-05
204 0.009635399
205 0.0001163847
206 0.7102625
207 1.746175e-05
208 0.06422996
209 0.05727979
210 0.006590611
211 0.7510255
212 0.005288492
213 0.0005236538
214 2.163038e-05
215 0.00231798
216 0.2170768
217 0.0004460289
218 3.699139e-05
219 0.2335019
220 0.0007062523
221 0.05080952
222 0.1214178
223 0.005225257
224 0.4595843
225 0.002713744
226 0.1037432
227 0.005677238
228 3.773811e-06
229 0.001577287
230 0.002959084
231 0.07634856
232 0.8325246
233 1.143858e-05
234 0.0001726698
235 0.0001950404
236 4.674009e-05
237 0.009341223
238 0.0002610809
239 0.0004251477
240 4.380048e-05
241 0.02175373
242 0.0004964661
243 0.1702152
244 0.003231504
245 0.03582457
246 1.392585e-05
247 9.981392e-06
248 0.0004642731
249 7.321048e-06
250 0.9690478
251 0.003291297
252 6.978103e-06
253 0.001121314
254 0.00358685
255 0.008673916
256 0.0004570285
257 0.0008799841
258 0.2022717
259 0.002442248
260 0.01287869
261 9.406206e-05
262 0.0003602474
263 0.1490616
264 0.0004679554
265 0.002947297
266 0.01036274
267 0.2704779
268 0.0002176565
269 7.091059e-06
270 0.01478382
271 0.0004366042
272 1.465708e-05
273 9.249344e-05
274 0.1403926
275 0.05179816
276 0.7327958
277 0.175033
278 0.2242626
279 3.993743e-06
280 0.0007610604
281 0.0003109344
282 0.1817406
283 0.0002324984
284 0.001332304
285 0.0006035556
286 0.02424379
287 0.3651784
288 0.0009946588
289 0.006211088
290 0.06896001
291 0.001064806
292 0.001095864
293 1.515023e-05
294 0.105576
295 0.1151758
296 0.0001012102
297 0.1400171
298 7.975065e-05
299 8.752612e-06
300 0.3044942
301 0.2622089
302 0.007255619
303 4.170915e-06
304 0.0005358594
305 0.1087394
306 0.005949096
307 0.07251685
308 0.01003242
309 0.05980711
310 0.005947317
311 0.000160401
312 0.6349054
313 0.0003688005
314 0.4364004
315 0.4724117
316 0.1195824
317 0.04802866
318 0.05888847
319 0.001866794
320 0.01136617
321 0.0003230438
322 0.03813468
323 0.003814322
324 3.909507e-05
325 0.0008660915
326 0.01004542
327 0.2727232
328 0.6083658
329 0.0002423849
330 1.856792e-06
331 2.926916e-05
332 0.01793893
333 0.04774484
334 0.007636258
335 0.3990981
336 0.004126487
337 0.0009894224
338 0.02611594
339 8.515192e-05
340 0.5861506
341 0.02162351
342 0.3076013
343 0.2383475
344 1.700317e-05
345 0.01928205
346 0.001246172
347 0.04511898
348 0.0005346132
349 8.451823e-06
350 0.1841664
351 0.002590402
352 9.877743e-06
353 1.013111e-06
354 0.006301809
355 0.0002090172
356 0.5039159
357 0.001793327
358 5.544597e-05
359 0.0009721934
360 0.004403281
361 0.155427
362 0.0002500174
363 0.3027447
364 0.04899682
365 5.507987e-05
366 0.0003339677
367 0.0005173523
368 0.4632764
369 0.03653648
370 0.133497
371 0.04525119
372 6.362342e-06
373 0.01274004
374 0.1162649
375 1.751862e-05
376 0.001702157
377 3.096464e-05
378 5.458302e-05
379 0.001010028
380 0.08120057
381 0.1168116
382 0.0005751935
383 0.004588696
384 2.659926e-05
385 0.1244043
386 0.01936035
387 5.953304e-06
388 0.001944812
389 0.006587295
390 0.0002808298
391 0.0006545847
392 0.7113043
393 1.140215e-05
394 1.667376e-06
395 0.02126221
396 0.03214191
397 0.0003374518
398 0.0001276361
399 0.001659455
400 0.03054272
401 0.003587516
402 0.9570278
403 1.263786e-06
404 1.294017e-06
405 0.0001471112
406 0.4023575
407 0.04623329
408 9.578495e-06
409 0.2251542
410 0.001351838
411 0.009067826
412 0.1762773
413 0.004138149
414 0.6465526
415 0.2566497
416 0.0002315576
417 7.002858e-06
418 0.009879319
419 5.643605e-05
420 0.0007603863
421 0.1098161
422 1.720205e-05
423 3.847969e-05
424 0.0007542094
425 0.8946696
426 0.00142981
427 2.376557e-05
428 0.0663848
429 3.889462e-06
430 0.01194421
431 2.885543e-06
432 0.008905537
433 3.720047e-06
434 0.1655477
435 0.2551741
436 0.02608937
437 0.001766947
438 1.792784e-05
439 0.003747623
440 0.005179726
441 0.7348777
442 0.2688193
443 0.0007250199
444 1.71981e-05
445 0.0326902
446 3.533244e-06
447 0.0001255238
448 0.001345631
449 0.3945276
450 0.6554323
451 0.0001947789
452 0.002757544
453 0.8861735
454 0.00413305
455 0.6092933
456 9.46807e-05
457 0.0006536386
458 7.073404e-06
459 1.371293e-06
460 0.0005951452
461 0.0008967677
462 0.001328925
463 0.05139113
464 0.0003536491
465 0.314868
466 0.002227439
467 2.353641e-06
468 0.2530143
469 0.3342229
470 1.083673e-05
471 0.03116443
472 0.2213562
473 1.383379e-05
474 0.005157049
475 0.112083
476 0.9771722
477 2.952569e-05
478 4.354813e-05
479 3.485003e-06
480 0.1518961
481 2.736615e-05
482 6.544563e-06
483 0.000822367
484 0.2582532
485 0.001800074
486 8.787644e-06
487 0.002529989
488 0.0006784259
489 0.001202895
490 0.5379332
491 0.6376074
492 0.00379083
493 0.008261037
494 0.00203255
495 0.001268258
496 0.001563598
497 0.0003764316
498 0.0001190947
499 0.004114648
500 0.8610761
501 0.007800139
502 0.1701428
503 0.4047798
504 0.001148476
505 0.7041202
506 0.1163707
507 0.2040638
508 0.0008824246
509 0.0001180394
510 0.09531551
511 4.711729e-06
512 0.002343349
513 0.004212002
514 0.0001136235
515 0.007755794
516 0.01143519
517 0.0673205
518 0.005993284
519 1.201168e-06
520 2.969287e-06
521 0.01747793
522 7.723809e-06
523 0.0001621903
524 5.088966e-07
525 4.026217e-06
526 0.02125088
527 2.992044e-06
528 0.01454885
529 0.3557107
530 0.004731193
531 0.002972761
532 0.02070562
533 0.5198596
534 0.002386586
535 0.04485864
536 0.0007451261
537 0.007200998
538 7.715425e-06
539 1.540081e-05
540 0.00188181
541 0.0002014559
542 9.175489e-06
543 0.393506
544 0.0004860013
545 0.5334053
546 5.341908e-06
547 0.3053003
548 0.1383943
549 0.4211298
550 0.0009257533
551 0.5813786
552 2.484449e-06
553 0.5587123
554 0.0005264611
555 0.147358
556 2.200714e-06
557 0.66483
558 0.0006808665
559 0.8433032
560 0.0013035
561 0.006407904
562 0.8884502
563 5.88937e-06
564 0.000444148
565 4.744544e-06
566 0.8849166
567 0.002630217
568 0.0004047832
569 5.171155e-07
570 0.0004003515
571 0.5440241
572 6.164502e-06
573 0.01061699
574 0.0003597366
575 0.0001872369
576 0.007118437
577 0.05316549
578 0.05482471
579 0.4973645
580 0.02728717
581 0.0001758261
582 0.02906952
583 0.006024477
584 0.002215607
585 4.471709e-05
586 0.2248367
587 0.8835394
588 0.02603964
589 0.3639026
590 1.696842e-05
591 0.1167091
592 0.4297188
593 3.068257e-06
594 0.5262906
595 0.0004478128
596 0.002075607
597 0.2513053
598 0.0004484212
599 0.5975838
600 0.1268917
601 8.57174e-06
602 0.001387597
603 1.562329e-05
604 0.001391002
605 9.086569e-05
606 1.301682e-05
607 0.8252811
608 0.07368882
609 0.1433547
610 0.05445765
611 0.2339509
612 0.0007525384
613 0.4485959
614 0.305995
615 0.0004018085
616 0.5261729
617 4.007781e-06
618 9.232188e-07
619 0.01435608
620 0.001213595
621 0.4373144
622 0.002275231
623 0.5172063
624 0.0005273111
625 0.2644111
626 9.230295e-06
627 0.0008680408
628 0.0145642
629 0.0004020941
630 0.004990279
631 0.3222067
632 0.01566269
633 0.5856395
634 0.08383666
635 0.02954545
636 0.2779742
637 0.2164286
638 0.636574
639 0.2287407
640 0.001610119
641 0.2812353
642 0.3155889
643 0.002689141
644 0.08072981
645 5.020849e-05
646 0.03469725
647 1.86741e-06
648 0.01433176
649 0.002079506
650 3.47069e-05
651 0.004872548
652 6.040949e-05
653 0.004237229
654 0.0005885142
655 3.700653e-06
656 0.0004064673
657 0.6059561
658 0.6908903
659 0.01731347
660 1.251796e-05
661 0.06804389
662 0.006888846
663 0.9978859
664 0.02606496
665 0.004833262
666 0.04973955
667 0.002704029
668 0.07379186
669 0.006505604
670 1.563277e-05
671 0.1614547
672 0.0005519492
673 0.02296241
674 0.0002139772
675 0.0006930403
676 7.312838e-06
677 0.4725757
678 0.2738192
679 0.003263558
680 0.003748395
681 0.1664434
682 0.03007454
683 0.01007414
684 0.01138872
685 1.719916e-06
686 0.0008422012
687 0.1156607
688 0.003535677
689 0.04238394
690 0.01545333
691 0.005198599
692 2.930042e-06
693 0.03862357
694 0.01190333
695 0.003038946
696 3.855801e-06
697 0.001214476
698 6.288137e-05
699 0.0002403158
700 0.001229304
701 4.308531e-06
702 0.00081635
703 0.5060607
704 0.2050278
705 3.258737e-05
706 5.502526e-05
707 0.2702592
708 0.0006345793
709 0.001707028
710 0.6779055
711 8.181693e-05
712 0.0006752231
713 4.948726e-05
714 1.058842e-06
715 0.002450505
716 0.1318525
717 0.009170274
718 0.08794798
719 0.9319754
720 0.1402831
721 0.08063957
722 0.7919096
723 0.02990294
724 0.1634848
725 0.0188611
726 0.003485379
727 3.214898e-06
728 0.0001254596
729 0.06468252
730 0.002734361
731 0.003609291
732 0.9515648
733 0.0009586534
734 0.4005322
735 9.872579e-05
736 0.4254668
737 0.0006267947
738 5.446818e-06
739 0.007282503
740 0.1722651
741 0.0009287591
742 5.085907e-06
743 0.223607
744 0.4099285
745 0.1061054
746 0.02138863
747 0.2345031
748 0.002751734
749 0.0002326973
750 0.04963433
751 3.60301e-06
752 0.0001617744
753 0.01550416
754 0.07737203
755 0.1397301
756 0.03506313
757 0.0003117431
758 7.805048e-06
759 0.02302939
760 0.08167316
761 0.01530867
762 0.005725923
763 0.0004614908
764 0.00588307
765 4.269966e-06
766 1.047846e-05
767 0.002339163
768 0.002305863
769 0.02087868
770 0.003037077
771 0.0009341179
772 5.362677e-06
773 0.5322255
774 0.0001724213
775 0.01306745
776 2.152466e-05
777 0.5088192
778 0.04409309
779 0.02220966
780 0.1341411
781 0.000256384
782 0.01575562
783 0.003717525
784 0.3030438
785 8.213861e-05
786 0.1104581
787 0.006096291
788 0.0922555
789 3.093369e-05
790 0.0001518706
791 0.08328664
792 9.198133e-05
793 1.201162e-05
794 0.0001689354
795 0.2811276
796 1.886909e-06
797 2.845669e-05
798 0.006557439
799 0.09954947
800 0.279543
801 0.1221882
802 0.1778268
803 0.003144764
804 0.002425721
805 0.1022754
806 0.0001210386
807 2.500307e-05
808 0.2880075
809 0.001735741
810 0.01146791
811 0.3089024
812 0.0001499313
813 0.07896437
814 0.003301364
815 2.200035e-05
816 0.8487452
817 0.0004866542
818 8.643032e-05
819 0.0347905
820 0.001491763
821 0.07252867
822 0.001367632
823 0.01946713
824 0.4943566
825 3.615668e-05
826 0.001449624
827 0.5640873
828 2.685466e-05
829 6.022695e-05
830 1.607635e-06
831 0.0001568085
832 2.913614e-05
833 0.05419671
834 0.1350573
835 0.0002046365
836 0.05142017
837 0.1082058
838 1.623684e-05
839 7.801539e-06
840 2.348533e-06
841 9.156712e-06
842 0.008715381
843 0.9328366
844 6.845138e-05
845 0.08257419
846 0.0002892697
847 0.08453893
848 9.192238e-06
849 0.005594254
850 0.002687658
851 0.0009735039
852 0.008288852
853 2.303634e-07
854 0.0001519369
855 0.0007099359
856 0.001899248
857 1.914313e-05
858 0.0003864719
859 0.04800606
860 0.0008058828
861 0.8362255
862 0.270169
863 0.04615956
864 7.44501e-06
865 0.0009042761
866 0.2129101
867 3.13291e-05
868 0.000118052
869 0.4876687
870 0.004822641
871 0.0485154
872 0.1255367
873 0.03478843
874 0.3084528
875 3.122293e-06
876 0.5737266
877 0.0007303832
878 0.1363433
879 0.7618814
880 1.527576e-05
881 0.001069149
882 0.07613684
883 0.001248893
884 9.646836e-06
885 0.002509867
886 0.2360778
887 1.109152e-05
888 0.0006441213
889 0.00150058
890 0.0006730996
891 0.00122768
892 0.6658329
893 0.03378835
894 0.04573008
895 0.4918651
896 0.07092213
897 0.001595828
898 0.2691336
899 8.925501e-05
900 0.696276
901 0.6512927
902 2.534953e-05
903 0.0007811875
904 0.05899369
905 0.1223909
906 2.892342e-06
907 0.0009940951
908 1.314162e-05
909 0.02103095
910 0.3393847
911 0.003589937
912 0.21155
913 0.2984953
914 4.869663e-05
915 0.4110633
916 0.0004815277
917 0.003626705
918 0.001950388
919 4.283842e-06
920 0.1114926
921 0.4555542
922 0.5860643
923 0.04984416
924 0.713157
925 0.003171386
926 0.002700026
927 0.1444081
928 0.135763
929 0.02286987
930 0.983599
931 0.08750883
932 0.0794578
933 0.00710898
934 0.4011936
935 8.839082e-05
936 0.002503293
937 2.686528e-05
938 0.008666895
939 0.2141829
940 0.002244243
941 1.283204e-06
942 7.688044e-06
943 0.9543117
944 0.004950631
945 0.1191238
946 0.2505918
947 0.02289457
948 0.7052751
949 0.0635727
950 0.09244585
951 0.004712188
952 0.001245136
953 0.00441384
954 0.0007437576
955 0.003802225
956 0.0001116346
957 0.000106171
958 1.311367e-06
959 0.008420269
960 0.001888104
961 7.242425e-05
962 0.0002848212
963 4.544186e-06
964 0.8204603
965 0.0001490399
966 0.06042861
967 0.009519111
968 0.0003417451
969 0.0004070602
970 0.0001870014
971 9.69976e-06
972 2.285722e-06
973 0.5947756
974 0.004387373
975 0.2685351
976 0.1022669
977 0.02140443
978 0.1858096
979 0.6864697
980 0.03224208
981 0.0685013
982 0.001953402
983 0.0001828681
984 0.0003019276
985 0.002764038
986 0.001453563
987 0.02688083
988 0.0001246434
989 0.8883066
990 0.0001268433
991 0.01857428
992 0.1701154
993 0.001515017
994 0.0002730575
995 0.001989176
996 0.001858135
997 0.0007775664
998 0.006595927
999 0.2904969
1000 0.006677914
1001 1.9524e-06
1002 0.0006562558
1003 0.5520165
1004 0.8778301
1005 0.1183765
1006 0.001788937
1007 0.01643296
1008 0.05266738
1009 0.001264563
1010 0.08673159
1011 0.988905
1012 0.001662147
1013 0.02373228
1014 0.004993497
1015 0.001131446
1016 0.6315426
1017 0.1544864
1018 0.03740739
1019 0.02270093
1020 0.1365581
1021 0.000599739
1022 0.8650891
1023 0.09623368
1024 0.001731791
1025 0.2812447
1026 0.7536014
1027 0.000625965
1028 0.006785543
1029 0.02372317
1030 4.339177e-05
1031 0.7680578
1032 9.306817e-06
1033 3.654546e-05
1034 0.4006647
1035 0.0008677535
1036 0.001446034
1037 3.833984e-05
1038 9.679577e-06
1039 0.0192176
1040 0.004863761
1041 0.004928759
1042 0.4232299
1043 0.03588044
1044 1.033157e-05
1045 0.0003207878
1046 0.001631953
1047 0.01551948
1048 0.0018254
1049 1.528626e-05
1050 0.00060966
1051 0.0005671026
1052 0.04320385
1053 1.654577e-05
1054 0.2475171
1055 1.469901e-06
1056 0.02083828
1057 0.0009737909
1058 0.0001185717
1059 6.829352e-05
1060 0.1392545
1061 0.5867959
1062 0.04490185
1063 0.01667931
1064 0.004313134
1065 0.05655865
1066 0.001202241
1067 1.240232e-05
1068 0.0003809938
1069 0.0005347081
1070 0.06138921
1071 0.05989688
1072 0.00019399
1073 0.0003362912
1074 0.008025819
1075 0.01224764
1076 0.02233012
1077 0.2773149
1078 0.0008104346
1079 0.0007057743
1080 0.02559994
1081 2.700223e-06
1082 0.3548925
1083 0.0003992723
1084 3.276011e-05
1085 0.00048702
1086 0.003023431
1087 0.3963296
1088 0.03051123
1089 0.518252
1090 0.06363092
1091 3.314278e-07
1092 3.117486e-07
1093 3.36768e-05
1094 0.1820883
1095 0.8671798
1096 0.0004984977
1097 0.001507942
1098 0.005624623
1099 0.001053979
1100 0.4293613
1101 0.00348686
1102 3.626889e-06
1103 0.0285667
1104 0.9137566
1105 0.4296142
1106 0.3318596
1107 0.0002120576
1108 0.0001595039
1109 4.268948e-06
1110 0.005890253
1111 0.05746159
1112 0.001259378
1113 1.133283e-06
1114 0.0003874288
1115 0.0004210312
1116 3.574899e-06
1117 2.514955e-07
1118 0.00500976
1119 0.0005201733
1120 0.08248311
1121 0.07299656
1122 0.001265883
1123 0.142782
1124 0.001129101
1125 0.08263232
1126 0.4342237
1127 1.732848e-06
1128 4.453843e-07
1129 0.7905313
1130 4.886938e-07
1131 0.6933514
1132 0.0008860371
1133 0.06775958
1134 0.0002125864
1135 0.4401346
1136 0.01739426
1137 0.003102987
1138 0.3813256
1139 1.327773e-06
1140 0.008315365
1141 0.04637398
1142 0.0037003
1143 0.0003388761
1144 1.038497e-05
1145 0.001919165
1146 0.423403
1147 0.1063814
1148 0.005946877
1149 0.007096661
1150 0.002929715
1151 7.465983e-07
1152 0.003121379
1153 0.6097202
1154 0.02407878
1155 7.191839e-06
1156 0.002617366
1157 0.04019643
1158 4.938382e-06
1159 2.563116e-05
1160 0.001165697
1161 0.02093606
1162 0.1567592
1163 0.06263524
1164 0.08537217
1165 1.022955e-05
1166 0.003152675
1167 2.842836e-05
1168 0.01676685
1169 0.001312373
1170 0.0005632853
1171 0.4268519
1172 0.6979062
1173 0.1365658
1174 0.02356778
1175 0.0007726241
1176 0.0001008019
1177 0.0007107771
1178 0.001696255
1179 0.005089479
1180 0.993175
1181 0.0138909
1182 4.154675e-06
1183 3.91187e-06
1184 0.0006555465
1185 0.03767007
1186 0.001405588
1187 0.8398318
1188 0.001082374
1189 0.6204483
1190 0.5268414
1191 0.0003583693
1192 0.008971354
1193 0.002993597
1194 0.569626
1195 0.02640833
1196 0.001363218
1197 0.1492943
1198 0.3248563
1199 0.04640872
1200 8.624622e-06
1201 0.02120808
1202 0.06766518
1203 0.8961798
1204 0.06055283
1205 0.0001986328
1206 0.001761334
1207 8.605266e-06
1208 0.0503417
1209 2.60378e-05
1210 0.3041352
1211 0.9602576
1212 0.003795811
1213 0.01192917
1214 0.00715507
1215 0.1766252
1216 0.01615105
1217 3.372402e-08
1218 2.416726e-06
1219 0.01267088
1220 0.2636011
1221 0.1156452
1222 0.6031456
1223 0.001587922
1224 4.926525e-07
1225 0.0691251
1226 3.045663e-05
1227 0.9421945
1228 3.38797e-05
1229 0.03466102
1230 1.163901e-05
1231 0.004775934
1232 0.825459
1233 0.03184508
1234 0.002607198
1235 0.01307478
1236 0.340179
1237 0.01329387
1238 0.02307144
1239 0.003429902
1240 0.0002943648
1241 0.1591266
1242 0.2882036
1243 0.08752068
1244 0.3692552
1245 0.001303659
1246 0.7544628
1247 7.107974e-06
1248 2.908276e-06
1249 0.03917885
1250 0.8926949
1251 0.003253694
1252 0.8046289
1253 0.003040289
1254 0.0002029656
1255 0.01056666
1256 0.4958378
1257 0.6943338
1258 0.0158522
1259 0.006293362
1260 0.001660763
1261 0.02195108
1262 7.655524e-06
1263 0.9999727
1264 0.4422548
1265 0.3375547
1266 0.6873868
1267 0.05748023
1268 0.3003264
1269 0.0004074983
1270 0.007476249
1271 0.2323031
1272 0.002772125
1273 0.003709471
1274 0.0004497114
1275 3.51304e-06
1276 1.07361e-06
1277 2.48169e-05
1278 0.08565459
1279 0.004190999
1280 5.641745e-06
1281 0.3265791
1282 0.3600055
1283 6.761194e-06
1284 0.01068767
1285 1.329383e-05
1286 0.0004845637
1287 0.001680259
1288 0.06024245
1289 0.002341452
1290 0.0003623753
1291 0.3457215
1292 0.006929619
1293 0.001036711
1294 8.306445e-05
1295 0.001435664
1296 0.07362738
1297 8.720089e-06
1298 2.195457e-05
1299 4.946873e-06
1300 0.5731695
1301 0.05348049
1302 0.8979388
1303 0.00135396
1304 0.001270232
1305 0.06276844
1306 0.001356018
1307 0.1304263
1308 5.21838e-06
1309 0.6371168
1310 0.0003139583
1311 0.07446086
1312 0.004510102
1313 0.07972055
1314 0.7024409
1315 0.5823019
1316 0.005491642
1317 0.1246514
1318 0.03304785
1319 0.14549
1320 0.04625761
1321 8.072702e-05
1322 0.001309627
1323 0.0002034694
1324 0.01958248
1325 6.266771e-06
1326 0.2127405
1327 0.404216
1328 0.006537112
1329 0.004607668
1330 0.02731585
1331 0.01973886
1332 0.005447223
1333 0.006075596
1334 0.002278827
1335 0.001497238
1336 0.07669092
1337 0.2378436
1338 0.316844
1339 0.0656785
1340 0.002392922
1341 4.12029e-06
1342 0.004445109
1343 0.02605456
1344 0.0009915841
1345 0.0002337619
1346 0.0004412935
1347 6.392658e-05
1348 1.359009e-06
1349 0.001048632
1350 9.711429e-06
1351 0.4338693
1352 0.0006166765
1353 0.01034753
1354 0.2071
1355 0.01524199
1356 2.407445e-06
1357 0.1566304
1358 0.01752698
1359 0.6325841
1360 2.400651e-05
1361 0.3141508
1362 7.231414e-06
1363 0.950124
1364 0.000630467
1365 1.590982e-05
1366 0.0009444847
1367 0.1484867
1368 0.9402811
1369 0.07029227
1370 0.0009213009
1371 0.005629344
1372 0.4918277
1373 0.8113911
1374 0.07186956
1375 0.0004138159
1376 0.1741332
1377 0.00394692
1378 0.6010976
1379 2.010663e-05
1380 0.1539062
1381 2.20793e-05
1382 0.01454509
1383 0.04837593
1384 0.008385793
1385 0.0002016302
1386 2.62063e-06
1387 0.5220492
1388 2.326296e-05
1389 0.0002398761
1390 0.002081864
1391 0.0004423446
1392 4.92714e-05
1393 0.02487056
1394 0.0004584707
1395 0.2112839
1396 0.1883472
1397 0.001966924
1398 0.0001165592
1399 0.006688642
1400 0.3975643
1401 0.5277837
1402 0.08147014
1403 0.03724288
1404 0.00253689
1405 0.03061462
1406 1.44225e-05
1407 6.394611e-07
1408 1.265434e-05
1409 0.002369535
1410 1.971762e-05
1411 0.03684136
1412 0.02105725
1413 0.0002405776
1414 0.8749655
1415 0.002250152
1416 0.003277006
1417 0.7400764
1418 0.9729262
1419 0.06749291
1420 0.5466295
1421 0.0006867703
1422 3.974551e-05
1423 0.06051818
1424 0.6034381
1425 0.1259833
1426 0.001576041
1427 0.16812
1428 1.724018e-05
1429 0.007848279
1430 1.653671e-05
1431 0.9276225
1432 3.982162e-06
1433 0.002243116
1434 0.0008590109
1435 0.01541137
1436 7.559825e-05
1437 5.924612e-07
1438 2.11409e-06
1439 0.2412055
1440 0.002004354
1441 0.0001931806
1442 0.3508995
1443 0.9892755
1444 0.08559371
1445 0.2291103
1446 1.982771e-05
1447 0.001383049
1448 0.03626251
1449 9.910786e-05
1450 0.0006671257
1451 0.002123613
1452 0.000107191
1453 0.4029642
1454 0.0002450454
1455 0.002726281
1456 0.06929486
1457 1.08206e-05
1458 2.332366e-06
1459 0.005360311
1460 7.044805e-05
1461 0.000426842
1462 0.2835065
1463 0.08781252
1464 9.166541e-06
1465 0.2470165
1466 0.529436
1467 0.004441386
1468 6.382939e-06
1469 5.535892e-05
1470 6.881713e-06
1471 0.7902739
1472 0.0004081998
1473 0.2249696
1474 2.345353e-06
1475 0.01346382
1476 0.009671148
1477 0.007426721
1478 0.0003851341
1479 0.0004674161
1480 0.03831464
1481 0.000391749
1482 8.80403e-06
1483 0.000649686
1484 0.001786208
1485 0.5029711
1486 0.5595291
1487 0.01632266
1488 0.0006134707
1489 5.093538e-06
1490 0.02918909
1491 0.00706859
1492 0.8588228
1493 0.006424624
1494 0.06210518
1495 0.01652113
1496 4.945681e-05
1497 0.06891344
1498 0.0001961675
1499 0.0004824713
1500 4.273947e-07
1501 1.235536e-05
1502 0.0001947191
1503 2.418421e-05
1504 0.2799332
1505 0.0698345
1506 0.002294638
1507 0.02799393
1508 0.0001216274
1509 0.0005437783
1510 0.0002643968
1511 1.828786e-06
1512 0.1624103
1513 0.02547853
1514 0.00171672
1515 1.983639e-05
1516 0.171836
1517 0.0002744226
1518 0.05889629
1519 0.004668019
1520 4.498578e-08
1521 0.0002091083
1522 0.0007791999
1523 2.311018e-06
1524 0.4154997
1525 0.4227859
1526 0.0007187242
1527 0.0003936804
1528 4.224467e-05
1529 5.71635e-07
1530 0.09815578
1531 0.0090045
1532 0.2326831
1533 0.0001258542
1534 0.7821376
1535 0.02342889
1536 3.947822e-06
1537 0.007663701
1538 0.002604539
1539 0.04003187
1540 3.519838e-05
1541 0.002797927
1542 0.005077519
1543 0.001755456
1544 0.2013607
1545 0.0009871733
1546 0.003844192
1547 1.717563e-05
1548 0.01075091
1549 0.01075629
1550 0.0002647108
1551 0.007344207
1552 0.0003137099
1553 0.0009307373
1554 0.5891188
1555 0.1341455
1556 0.0004485303
1557 0.000115291
1558 0.08075837
1559 0.06745457
1560 0.3616027
1561 0.003982581
1562 0.001609295
1563 0.0002957871
1564 0.8463645
1565 0.001598065
1566 0.0003303536
1567 0.7313339
1568 0.0005889376
1569 8.651298e-05
1570 0.02655661
1571 0.0004563155
1572 3.392478e-07
1573 0.3849334
1574 0.0008124305
1575 0.0002322266
1576 0.002118678
1577 4.299667e-06
1578 0.1659802
1579 0.0567573
1580 0.0006872367
1581 0.1486445
1582 0.0009583806
1583 0.3999377
1584 3.235034e-06
1585 0.004115101
1586 0.002985053
1587 0.8051325
1588 0.0001933236
1589 9.18466e-06
1590 0.0002419178
1591 0.865339
1592 0.02547096
1593 0.007620669
1594 0.004271616
1595 5.470124e-06
1596 0.01153838
1597 3.576595e-06
1598 0.09116491
1599 0.06067776
1600 0.02543661
1601 0.1227496
1602 0.06558967
1603 0.01815545
1604 0.5130067
1605 0.09295329
1606 0.5968792
1607 3.285637e-06
1608 0.0003910949
1609 0.3908939
1610 0.001519439
1611 0.1136287
1612 0.7353084
1613 0.03088569
1614 0.006243331
1615 0.003069428
1616 0.0003533039
1617 0.03203184
1618 0.01347009
1619 0.0004200722
1620 0.2823483
1621 0.01508217
1622 0.001626849
1623 0.002264565
1624 0.0179845
1625 0.0009292988
1626 0.0004731626
1627 0.0005462014
1628 0.998326
1629 0.01786464
1630 4.443811e-05
1631 0.04903881
1632 0.01029886
1633 0.003825604
1634 0.1272201
1635 0.06437455
1636 0.001218392
1637 0.8149831
1638 0.0008739447
1639 3.756944e-06
1640 0.5795213
1641 0.005239028
1642 0.07146904
1643 0.6441374
1644 0.6358978
1645 7.525799e-06
1646 0.0001661181
1647 4.692027e-05
1648 0.0008184942
1649 0.02382883
1650 3.460837e-06
1651 0.002255891
1652 0.0004130449
1653 0.01000932
1654 0.0008550688
1655 0.242634
1656 0.0001783039
1657 0.001805801
1658 0.004580745
1659 8.990333e-06
1660 0.01539363
1661 7.151587e-07
1662 0.0007610833
1663 0.1317062
1664 0.2973055
1665 0.00285168
1666 0.04864475
1667 3.744296e-05
1668 0.01174167
1669 0.0001731823
1670 0.6200869
1671 0.1616656
1672 0.001102508
1673 0.4488436
1674 1.351282e-06
1675 0.002524729
1676 0.0003961361
1677 0.4246026
1678 0.002513983
1679 0.0003689141
1680 0.0002821186
1681 1.568403e-06
1682 2.61733e-06
1683 0.00566414
1684 0.0001566659
1685 0.3876899
1686 5.711235e-06
1687 6.721124e-06
1688 0.01777904
1689 0.006093146
1690 3.303423e-05
1691 0.4824113
1692 0.0003107686
1693 0.002253664
1694 0.000474299
1695 0.1702486
1696 0.0002591849
1697 0.0003374709
1698 0.003313198
1699 0.002580815
1700 0.4567247
1701 3.828375e-06
1702 0.0001938819
1703 0.003374775
1704 0.6686563
1705 0.7153463
1706 2.608843e-05
1707 8.096615e-07
1708 9.690578e-07
1709 0.01393955
1710 0.00055569
1711 0.01046857
1712 0.3557331
1713 8.770113e-05
1714 4.678929e-06
1715 0.001603795
1716 0.302318
1717 2.059594e-06
1718 1.319136e-05
1719 3.778543e-05
1720 0.1319797
1721 0.3255986
1722 0.0003254105
1723 0.1531532
1724 0.07639628
1725 0.00163341
1726 0.080785
1727 2.061731e-06
1728 4.689519e-06
1729 0.7213535
1730 1.940071e-05
1731 0.4775596
1732 0.1091616
1733 0.001168308
1734 0.02075963
1735 9.108286e-06
1736 0.8869477
1737 0.006875179
1738 0.0003900864
1739 0.05117086
1740 0.3816347
1741 5.916193e-05
1742 0.02343693
1743 0.04414291
1744 4.179323e-05
1745 0.000468783
1746 0.007570436
1747 0.0005727731
1748 0.001891055
1749 0.3921038
1750 5.670579e-06
1751 0.2053588
1752 0.001386182
1753 0.0002953604
1754 0.0001106966
1755 0.3045363
1756 0.03309437
1757 0.0001948154
1758 0.6054743
1759 0.01994155
1760 0.3287689
1761 8.690262e-06
1762 0.1484705
1763 0.0003798693
1764 0.3429605
1765 7.006501e-06
1766 0.4200632
1767 0.02788913
1768 0.2705921
1769 0.1771676
1770 0.0004334164
1771 4.790745e-06
1772 3.087939e-05
1773 0.01896865
1774 0.003490016
1775 0.00211048
1776 2.334886e-05
1777 2.184521e-05
1778 0.01788155
1779 5.830632e-06
1780 0.8764209
1781 0.1683152
1782 0.1693102
1783 0.1474971
1784 0.0005037214
1785 0.6272554
1786 0.0004800311
1787 0.2703217
1788 1.653994e-05
1789 0.3873285
1790 6.666728e-06
1791 0.2784416
1792 0.001088453
1793 5.731311e-06
1794 0.001019569
1795 0.0002603858
1796 0.7183416
1797 0.1317966
1798 0.1627903
1799 0.4433706
1800 6.065391e-06
1801 0.01598348
1802 0.004403875
1803 0.000206694
1804 0.0003744634
1805 0.003505482
1806 0.0007968146
1807 2.642168e-06
1808 0.4290189
1809 0.07635046
1810 0.2312439
1811 0.003452413
1812 0.005286673
1813 0.00528868
1814 0.0008792336
1815 0.0162224
1816 0.2597322
1817 0.00142428
1818 0.02065352
1819 0.004146062
1820 0.06672832
1821 0.00895169
1822 1.733639e-05
1823 7.711851e-05
1824 0.0002888941
1825 0.1751613
1826 0.6893293
1827 0.04085784
1828 0.001369326
1829 0.000533855
1830 0.00429436
1831 2.84779e-06
1832 0.0002765704
1833 0.01011231
1834 0.1209101
1835 9.106171e-07
1836 0.005607176
1837 0.0001235404
1838 0.001735409
1839 0.002594809
1840 0.0001769548
1841 0.09729492
1842 1.762315e-05
1843 0.2038489
1844 0.0002558464
1845 0.0001573697
1846 0.001011352
1847 0.001620076
1848 0.00391616
1849 0.289539
1850 0.006179141
1851 0.00626573
1852 0.6890977
1853 0.5489471
1854 0.008465679
1855 0.000259231
1856 0.001104126
1857 0.0001305896
1858 0.00233725
1859 0.148929
1860 0.6790788
1861 0.6826157
1862 2.011576e-05
1863 0.8598934
1864 0.0002246222
1865 0.05836034
1866 4.79492e-06
1867 0.003403309
1868 0.1059927
1869 4.745812e-05
1870 0.02700882
1871 0.03470201
1872 2.640512e-05
1873 0.4157971
1874 0.004489414
1875 0.002201533
1876 0.001256289
1877 0.001809978
1878 8.022194e-06
1879 8.644115e-06
1880 0.1256442
1881 2.464367e-05
1882 0.06329089
1883 0.04198509
1884 0.01488845
1885 0.0007716692
1886 0.01642136
1887 0.007407423
1888 0.006457665
1889 0.0005828377
1890 0.2268882
1891 0.0283958
1892 0.000928611
1893 0.0001809255
1894 0.01043021
1895 0.006153531
1896 0.02621754
1897 0.04946469
1898 0.9682135
1899 0.002437429
1900 0.0006199071
1901 0.02739027
1902 0.0001028477
1903 0.4390742
1904 3.023749e-05
1905 0.01306238
1906 0.01980564
1907 0.002568323
1908 0.003377685
1909 7.297374e-07
1910 0.7227603
1911 0.05439518
1912 0.3780106
1913 2.115877e-06
1914 0.002892809
1915 0.2472509
1916 0.5469238
1917 1.605368e-05
1918 0.0007613954
1919 0.04596963
1920 0.4191754
1921 0.1347005
1922 0.1518672
1923 0.08394843
1924 0.1085424
1925 0.004900247
1926 0.0002694476
1927 0.2150526
1928 0.00469954
1929 0.0001470245
1930 0.1060269
1931 0.0006662257
1932 0.0002233627
1933 0.03367617
1934 0.003711219
1935 0.3295913
1936 0.1513519
1937 0.2209622
1938 0.6875547
1939 0.0002715287
1940 2.108175e-06
1941 0.0001338636
1942 0.0375926
1943 0.2118018
1944 0.02820591
1945 0.00482297
1946 0.0002029728
1947 0.0002558714
1948 0.09892377
1949 0.660459
1950 0.01582663
1951 1.334446e-06
1952 2.777453e-05
1953 0.5842248
1954 0.1297152
1955 2.894848e-06
1956 0.2688844
1957 0.002015892
1958 0.01275444
1959 0.01638258
1960 4.025376e-05
1961 0.04009864
1962 0.00212696
1963 0.002566381
1964 0.09737974
1965 0.0004214604
1966 0.0001476786
1967 2.214013e-06
1968 1.769992e-05
1969 1.726993e-05
1970 0.003010296
1971 0.001574331
1972 1.150551e-05
1973 0.7654388
1974 0.9062284
1975 0.0005802641
1976 0.000200206
1977 0.3410315
1978 0.0005755101
1979 0.0003583449
1980 0.001277898
1981 0.002195375
1982 5.309883e-06
1983 0.01228874
1984 0.4155904
1985 0.3283514
1986 0.0001296567
1987 0.0001576671
1988 0.001355503
1989 0.001459622
1990 0.09182711
1991 0.07781739
1992 0.06966086
1993 0.7104608
1994 0.1474818
1995 0.1173598
1996 9.940832e-06
1997 0.1057813
1998 0.8514758
1999 0.006902843
2000 0.0005618543
2001 0.0009294217
2002 0.0002221191
2003 0.001261233
2004 0.004322368
2005 0.06295593
2006 0.02057877
2007 0.8227325
2008 2.113818e-05
2009 0.8764499
2010 2.320833e-05
2011 0.0005209724
2012 3.60718e-07
2013 0.0001829356
2014 0.07977592
2015 0.2360028
2016 0.5206038
2017 0.3163306
2018 0.346224
2019 0.07995445
2020 0.0001672834
2021 0.004264655
2022 0.7888146
2023 0.01440037
2024 0.001076137
2025 0.06269113
2026 4.169224e-05
2027 0.0003170507
2028 0.002137118
2029 0.08695899
2030 0.006888165
2031 0.05040961
2032 0.000125491
2033 0.9306098
2034 0.001086404
2035 6.429634e-07
2036 0.03207824
2037 0.0052747
2038 0.4238071
2039 0.0003210036
2040 0.01921215
2041 0.01827818
2042 9.463233e-06
2043 0.0003922347
2044 0.01727435
2045 9.53784e-06
2046 4.594175e-06
2047 0.4043902
2048 0.0002376331
2049 0.0006779777
2050 0.001646402
2051 0.5365162
2052 1.990676e-05
2053 0.1529539
2054 0.1957887
2055 0.01718284
2056 9.059813e-06
2057 0.01284852
2058 0.08697441
2059 0.0002495424
2060 0.08542889
2061 0.002719967
2062 0.0002498234
2063 0.005975355
2064 1.608904e-05
2065 0.0001920458
2066 0.03833745
2067 0.8063104
2068 0.7787521
2069 0.04554151
2070 0.05360558
2071 0.02690264
2072 3.776684e-06
2073 0.1428256
2074 0.5208179
2075 0.007648796
2076 7.203981e-05
2077 0.9203116
2078 0.003553355
2079 0.0002904908
2080 6.806542e-05
2081 0.001429643
2082 9.724327e-06
2083 0.004872218
2084 0.01969649
2085 0.1481883
2086 0.05670816
2087 1.63105e-05
2088 0.0002054945
2089 3.935133e-05
2090 0.001274664
2091 0.09456226
2092 3.398735e-06
2093 0.1421969
2094 0.9572292
2095 0.01983937
2096 0.003909891
2097 0.001387948
2098 0.0003526345
2099 2.476237e-06
2100 0.001248719
2101 0.004289677
2102 0.01190146
2103 0.3766946
2104 0.4609823
2105 0.0001487247
2106 0.8065566
2107 2.132167e-05
2108 4.506717e-06
2109 0.0004129772
2110 1.416418e-05
2111 0.0297219
2112 0.0005218389
2113 0.003483106
2114 0.1800661
2115 0.00652225
2116 0.001262939
2117 0.3710744
2118 0.03087201
2119 0.7450919
2120 5.420555e-05
2121 0.003339118
2122 1.925397e-05
2123 0.05980244
2124 0.009491591
2125 3.184644e-06
2126 0.378519
2127 1.878485e-07
2128 0.004079811
2129 0.6836497
2130 0.0001159524
2131 0.0004986164
2132 9.790581e-05
2133 0.005645396
2134 0.02525468
2135 0.001120592
2136 0.0003287718
2137 0.004603606
2138 0.04954983
2139 1.493549e-06
2140 0.4071551
2141 0.0009987754
2142 0.003645095
2143 2.659906e-05
2144 0.005040812
2145 0.0001342972
2146 6.239252e-07
2147 0.0106925
2148 0.01576363
2149 0.0004328697
2150 0.02669659
2151 0.0001355252
2152 0.008964257
2153 0.006431138
2154 1.49446e-05
2155 0.001713729
2156 0.01481619
2157 0.001385114
2158 0.0006975525
2159 0.02483117
2160 5.477776e-05
2161 0.8472414
2162 0.0151001
2163 4.627791e-05
2164 1.688386e-05
2165 0.2909784
2166 0.003866054
2167 0.2286851
2168 0.1796999
2169 0.002646609
2170 0.07248939
2171 0.001067549
2172 7.513397e-06
2173 0.0001457868
2174 0.0007464004
2175 0.6408548
2176 6.904277e-06
2177 0.3136238
2178 0.02102661
2179 0.5600823
2180 0.0009951473
2181 0.02337796
2182 1.156784e-06
2183 0.03687769
2184 0.00404444
2185 0.0002349649
2186 0.6230329
2187 0.009763911
2188 0.0003227872
2189 0.4860019
2190 9.566992e-06
2191 0.000935505
2192 0.6761757
2193 1.002609e-06
2194 0.1791395
2195 0.00461458
2196 1.611102e-05
2197 0.0914269
2198 0.001087376
2199 0.8763042
2200 0.7781085
2201 0.01132737
2202 0.04613099
2203 0.0001723038
2204 7.264567e-06
2205 9.870754e-06
2206 0.002564059
2207 5.759993e-05
2208 0.01372491
2209 0.01095319
2210 0.00328331
2211 0.02243152
2212 0.06821731
2213 0.1901198
2214 0.007708814
2215 2.599945e-06
2216 0.2565357
2217 0.3745028
2218 0.462983
2219 0.00840115
2220 0.0004812945
2221 0.003536524
2222 0.001334254
2223 0.8760216
2224 0.0315151
2225 0.01866868
2226 0.0001246214
2227 1.032155e-05
2228 0.001309763
2229 0.554431
2230 2.959039e-06
2231 0.003555284
2232 0.002748663
2233 0.1809841
2234 0.0003900856
2235 0.0006978856
2236 5.556452e-07
2237 0.05602147
2238 0.02474329
2239 0.003407539
2240 5.322163e-06
2241 4.599402e-06
2242 8.620504e-05
2243 0.001015963
2244 0.7622111
2245 3.319059e-05
2246 2.460558e-06
2247 0.0003478701
2248 0.0009599365
2249 0.0111398
2250 0.005003466
2251 2.348265e-06
2252 0.0317882
2253 0.0003691832
2254 0.0177227
2255 0.1706882
2256 0.0003193169
2257 2.197242e-05
2258 6.262616e-08
2259 0.01049051
2260 0.00346618
2261 0.001709599
2262 0.002474293
2263 0.002926267
2264 0.001743211
2265 2.044294e-06
2266 0.004753325
2267 0.1378095
2268 0.0001523043
2269 1.899932e-06
2270 0.04938557
2271 0.03773833
2272 0.9761815
2273 1.222801e-06
2274 0.004331533
2275 0.002305483
2276 0.2645508
2277 0.000215119
2278 0.002469313
2279 0.004107465
2280 0.0004998316
2281 0.3641403
2282 0.08927078
2283 0.00337329
2284 0.9825635
2285 0.01331259
2286 3.790701e-06
2287 0.1611601
2288 2.701055e-05
2289 9.752148e-06
2290 4.376772e-06
2291 0.3202447
2292 0.02607853
2293 0.06041023
2294 0.0006106848
2295 0.5892099
2296 0.001215162
2297 0.003181472
2298 0.0002633886
2299 0.0003076848
2300 0.05850306
2301 0.7580029
2302 0.06043678
2303 0.01465057
2304 0.6794214
2305 3.669546e-05
2306 0.01708201
2307 0.006124249
2308 0.7744976
2309 2.81668e-06
2310 0.6860246
2311 0.01203785
2312 0.001348472
2313 0.01779096
2314 0.08399875
2315 0.101069
2316 0.9973549
2317 0.0008127513
2318 0.001175844
2319 0.5699528
2320 0.1812034
2321 0.4058591
2322 0.001444349
2323 0.05454613
2324 0.0006273034
2325 0.0001197465
2326 0.3497653
2327 0.002776653
2328 6.758927e-05
2329 4.562784e-06
2330 8.12094e-07
2331 0.002151501
2332 9.280612e-05
2333 0.03580317
2334 0.003680106
2335 0.03055494
2336 0.7067947
2337 0.9572662
2338 0.1963784
2339 0.001381488
2340 0.001006266
2341 0.1116945
2342 4.877052e-05
2343 0.001234528
2344 0.009179387
2345 0.2814911
2346 0.0003368822
2347 0.0007100414
2348 0.06339117
2349 0.0006336556
2350 4.883072e-07
2351 0.005882598
2352 0.003808448
2353 0.001413384
2354 5.441319e-05
2355 0.0004535762
2356 0.000536349
2357 0.167127
2358 2.389974e-06
2359 1.615114e-06
2360 0.8605702
2361 0.8809254
2362 0.000934723
2363 0.007667324
2364 0.004792537
2365 0.8124712
2366 0.01329756
2367 3.3088e-06
2368 0.001056227
2369 3.147294e-06
2370 0.001102613
2371 4.733292e-05
2372 0.01709947
2373 8.035787e-05
2374 0.05325708
2375 0.009121527
2376 1.411669e-06
2377 0.04225857
2378 0.003813846
2379 0.003514596
2380 0.04594857
2381 0.09467274
2382 0.2792597
2383 0.006057093
2384 0.6786855
2385 0.05794341
2386 0.04463084
2387 0.1468492
2388 1.208474e-06
2389 0.01950402
2390 0.006095194
2391 0.0002657419
2392 5.506231e-06
2393 0.02528781
2394 0.1260327
2395 0.000120212
2396 0.0750378
2397 1.304746e-06
2398 0.01832607
2399 0.002321365
2400 0.03634703
2401 0.0004157543
2402 0.5907592
2403 1.373324e-05
2404 0.06298041
2405 0.01663889
2406 0.01331693
2407 5.7416e-07
2408 0.9352838
2409 0.1758622
2410 0.003358749
2411 1.807541e-05
2412 0.00206935
2413 0.002318444
2414 0.005541649
2415 9.688269e-07
2416 0.003857293
2417 0.01534632
2418 0.04663282
2419 0.000291127
2420 0.000489538
2421 0.4899811
2422 0.5450867
2423 0.002948432
2424 0.3520853
2425 0.9203241
2426 0.1848124
2427 1.586564e-05
2428 0.7605152
2429 0.04139983
2430 0.03862437
2431 0.0001183443
2432 0.4364817
2433 0.02043683
2434 0.5130496
2435 0.0003534166
2436 0.0001664511
2437 0.0006831509
2438 2.035335e-05
2439 8.900935e-05
2440 0.5700988
2441 1.512152e-06
2442 0.3015201
2443 0.02311964
2444 0.01003553
2445 0.0001717938
2446 0.0007978162
2447 9.93091e-06
2448 0.001229772
2449 0.0001257444
2450 0.01308522
2451 0.00170051
2452 0.0001588964
2453 4.083358e-06
2454 0.1381534
2455 0.002887659
2456 0.1161342
2457 0.0008794136
2458 0.7110309
2459 1.964512e-06
2460 0.1851939
2461 0.1112164
2462 0.1918074
2463 0.5855031
2464 0.03028488
2465 0.03689553
2466 0.00729017
2467 0.0007342934
2468 0.1680488
2469 6.910285e-06
2470 0.9974689
2471 0.05441267
2472 0.04202171
2473 0.0004765599
2474 0.6649986
2475 0.04524574
2476 0.001751641
2477 0.003631702
2478 0.0003358623
2479 0.005849961
2480 0.01577463
2481 0.06802256
2482 0.0005125681
2483 0.0003309966
2484 0.3320176
2485 1.284371e-05
2486 0.000383905
2487 0.0008215239
2488 0.9291073
2489 0.06325241
2490 4.36233e-05
2491 4.164654e-05
2492 0.003704058
2493 0.03711209
2494 0.008743479
2495 0.8131776
2496 0.0005655048
2497 5.145083e-06
2498 0.0001638379
2499 0.001092663
2500 0.0001791855
2501 0.3646019
2502 0.09812838
2503 0.003298767
2504 0.000767526
2505 0.0004791053
2506 1.854071e-06
2507 0.3115444
2508 0.06992911
2509 0.7426284
2510 7.088369e-07
2511 0.3886303
2512 0.001800397
2513 0.001777499
2514 0.001612046
2515 0.9202079
2516 0.001419804
2517 0.00107993
2518 0.01001549
2519 0.06256986
2520 0.0001016136
2521 0.6378472
2522 0.8088916
2523 0.0008599225
2524 2.647767e-06
2525 0.001142519
2526 1.053704e-05
2527 0.0005611381
2528 2.189597e-06
2529 0.7008249
2530 0.0451867
2531 7.557665e-05
2532 9.231739e-06
2533 0.0007488809
2534 0.0001724465
2535 0.06833214
2536 2.490483e-05
2537 0.01867
2538 0.6224563
2539 1.188437e-05
2540 3.060228e-06
2541 5.489924e-05
2542 0.0009660065
2543 0.00405001
2544 2.0323e-05
2545 0.02040758
2546 5.356678e-06
2547 0.004614335
2548 0.0005449226
2549 0.7151596
2550 0.007756899
2551 0.0004646816
2552 0.1465355
2553 0.0005883966
2554 0.0004840414
2555 0.0619885
2556 0.00849405
2557 0.01574974
2558 0.03277547
2559 0.1749249
2560 0.00073985
2561 0.003024392
2562 0.2345889
2563 0.008989669
2564 2.053618e-05
2565 0.0008088974
2566 0.6654812
2567 9.369043e-06
2568 0.001382708
2569 8.491019e-06
2570 0.001002048
2571 0.8802473
2572 0.7729422
2573 0.0003315349
2574 0.3032726
2575 0.1280997
2576 0.001519681
2577 0.5226966
2578 2.634893e-06
2579 0.03250765
2580 0.00339033
2581 0.0007939434
2582 2.704768e-05
2583 0.09416256
2584 0.5907742
2585 0.3831181
2586 0.0009080753
2587 0.001819967
2588 0.01891223
2589 0.002727273
2590 0.8679856
2591 2.652223e-05
2592 0.009659335
2593 0.045779
2594 0.003895409
2595 0.01129304
2596 0.003605083
2597 0.4930545
2598 0.000255193
2599 7.736867e-06
2600 0.2663557
2601 0.001354663
2602 0.005629723
2603 0.001141639
2604 0.01961879
2605 0.009410457
2606 0.004249551
2607 0.004795018
2608 0.005984053
2609 1.738309e-05
2610 6.008948e-05
2611 0.08288319
2612 0.03266591
2613 0.02541005
2614 0.6762184
2615 0.003093461
2616 0.001475329
2617 0.05322337
2618 0.001180775
2619 1.824247e-05
2620 0.0460841
2621 0.5258625
2622 0.07685088
2623 0.0006483576
2624 0.02113803
2625 0.001729067
2626 7.811982e-07
2627 6.054098e-06
2628 0.002012854
2629 0.620274
2630 5.898321e-06
2631 0.001437589
2632 0.5526538
2633 0.02327215
2634 0.00231901
2635 0.09955033
2636 9.150966e-06
2637 0.0003712056
2638 0.07275184
2639 0.01577895
2640 0.0005469661
2641 4.643353e-05
2642 0.09996075
2643 1.672233e-05
2644 0.01881206
2645 0.8107003
2646 0.001543606
2647 0.03623033
2648 0.01375341
2649 0.1933385
2650 0.8211727
2651 0.007823269
2652 0.01953534
2653 0.001935853
2654 0.03743947
2655 0.0005272687
2656 0.005984811
2657 0.3962108
2658 0.00621214
2659 5.050229e-07
2660 8.546987e-05
2661 0.086627
2662 0.2009561
2663 0.003154445
2664 7.099247e-06
2665 2.982406e-06
2666 1.272938e-05
2667 0.1923394
2668 0.009872339
2669 0.01318379
2670 0.006005298
2671 5.408559e-06
2672 0.008376462
2673 0.08421525
2674 2.778578e-05
2675 9.796865e-06
2676 0.01313545
2677 6.913733e-05
2678 0.001887889
2679 0.00926732
2680 1.15313e-06
2681 0.03543067
2682 0.01495758
2683 0.001303915
2684 0.008910242
2685 2.39192e-05
2686 8.89645e-06
2687 0.001662188
2688 0.01842397
2689 0.004140487
2690 0.0453544
2691 0.001471073
2692 0.06524052
2693 4.858158e-05
2694 3.38713e-06
2695 0.1704355
2696 0.004146884
2697 8.190233e-05
2698 0.001899829
2699 0.9418935
2700 0.01359711
2701 0.004132388
2702 0.4606565
2703 0.02571927
2704 0.1554041
2705 0.3223794
2706 0.0007553407
2707 0.001309995
2708 0.001362656
2709 0.7409334
2710 0.003412051
2711 0.0004621636
2712 0.0005552415
2713 4.2188e-05
2714 0.389876
2715 0.1092467
2716 0.0912097
2717 1.483084e-05
2718 0.01074374
2719 0.00137911
2720 0.0832484
2721 0.3010203
2722 0.04788715
2723 1.541205e-05
2724 0.0001421629
2725 0.1411905
2726 4.192556e-05
2727 2.324032e-05
2728 0.007230977
2729 0.04862945
2730 0.7395581
2731 0.0004806134
2732 0.002605915
2733 0.1509773
2734 0.0006377161
2735 1.5645e-06
2736 0.5830224
2737 0.8746984
2738 0.06171723
2739 0.0855993
2740 0.01767039
2741 0.000344081
2742 0.00511962
2743 1.111334e-05
2744 0.0005437479
2745 0.005629369
2746 0.01197177
2747 0.0006003461
2748 0.4275934
2749 0.0003320549
2750 0.001920917
2751 1.678722e-06
2752 0.3042511
2753 0.4556569
2754 0.3534089
2755 0.1019499
2756 4.741209e-05
2757 8.442636e-07
2758 0.002107789
2759 0.02721647
2760 4.456167e-06
2761 0.0001769017
2762 0.6925167
2763 0.4026873
2764 5.754025e-05
2765 0.0007867984
2766 0.8640649
2767 0.8513333
2768 0.0002144521
2769 0.01026372
2770 0.0002395304
2771 1.403457e-06
2772 0.0003322702
2773 0.001493317
2774 0.0179893
2775 0.03587838
2776 0.5130983
2777 0.0842676
2778 0.4786163
2779 0.5349429
2780 0.001348715
2781 3.318334e-06
2782 8.601313e-05
2783 0.09979493
2784 2.19383e-05
2785 0.001900455
2786 1.154648e-06
2787 0.005551402
2788 0.1440878
2789 3.191159e-05
2790 2.998937e-05
2791 0.1552694
2792 0.001797238
2793 1.531627e-06
2794 0.001004111
2795 0.02683496
2796 0.002901782
2797 0.1254039
2798 0.0003567441
2799 0.0006641245
2800 3.313645e-05
2801 0.03406547
2802 5.073353e-06
2803 0.09524118
2804 5.573919e-06
2805 0.4181169
2806 0.0004250209
2807 2.784682e-06
2808 0.0002007864
2809 1.136712e-06
2810 0.000352534
2811 0.000503485
2812 0.0005136737
2813 2.099044e-05
2814 0.4065172
2815 0.9011494
2816 0.0004927255
2817 0.1193439
2818 1.176778e-05
2819 0.5579502
2820 0.1569343
2821 0.004689797
2822 0.001376581
2823 0.003479401
2824 0.1915984
2825 0.04013288
2826 0.019133
2827 0.008725344
2828 0.0002469508
2829 3.357725e-05
2830 5.058505e-06
2831 0.02156139
2832 0.01697087
2833 0.02774908
2834 9.748163e-06
2835 0.4300198
2836 0.0002475626
2837 0.0002880741
2838 1.45835e-05
2839 0.0003456642
2840 0.01209462
2841 2.883078e-06
2842 0.01127582
2843 0.01000013
2844 0.4264235
2845 0.000156693
2846 0.022104
2847 0.002405841
2848 2.582722e-06
2849 0.006201447
2850 0.4792923
2851 0.608264
2852 0.01799491
2853 0.003284162
2854 2.903114e-05
2855 0.0007268907
2856 7.588558e-05
2857 4.570011e-06
2858 0.8331746
2859 0.99951
2860 6.15735e-06
2861 3.76768e-05
2862 0.002768601
2863 0.1400706
2864 0.002311721
2865 0.009415517
2866 0.5810326
2867 0.000189413
2868 7.511469e-06
2869 0.03549385
2870 0.0003744435
2871 0.001487437
2872 0.8945412
2873 0.0909223
2874 6.553948e-06
2875 0.0002212686
2876 0.000125036
2877 8.303585e-05
2878 2.520045e-05
2879 0.9315908
2880 0.1632848
2881 0.001711277
2882 0.001010936
2883 0.01280041
2884 0.00251488
2885 0.7345602
2886 1.736998e-05
2887 0.0004780649
2888 5.095376e-05
2889 5.267763e-05
2890 0.07073749
2891 0.005691461
2892 0.0007096422
2893 0.1652366
2894 0.1797209
2895 2.001542e-06
2896 0.0008775846
2897 0.73377
2898 2.276004e-06
2899 0.00215676
2900 0.004629342
2901 0.5761354
2902 0.001825839
2903 0.003006526
2904 0.002858652
2905 0.002418572
2906 0.001063001
2907 0.0004011346
2908 0.004017348
2909 0.4288956
2910 0.3169187
2911 0.001384565
2912 1.354862e-06
2913 0.0002250785
2914 3.228038e-06
2915 3.444034e-05
2916 0.1155004
2917 3.003731e-06
2918 0.04203637
2919 0.03998296
2920 0.0005997217
2921 7.832002e-05
2922 0.7797065
2923 0.0013303
2924 0.0005575812
2925 0.0005167875
2926 2.201835e-05
2927 0.0002025367
2928 0.0005509155
2929 0.002100467
2930 0.002349974
2931 0.01878757
2932 0.01151473
2933 0.0353834
2934 0.01336899
2935 0.009102547
2936 0.1887184
2937 0.0001458199
2938 0.398847
2939 0.9616708
2940 0.9646805
2941 4.741235e-05
2942 0.6396444
2943 0.0003535407
2944 0.2848126
2945 0.9276994
2946 0.0003103684
2947 0.02094817
2948 0.005125823
2949 0.01908264
2950 4.454035e-06
2951 0.07703684
2952 4.120205e-06
2953 9.981317e-07
2954 0.001065149
2955 1.390826e-06
2956 0.0007560891
2957 0.03624081
2958 0.0002544786
2959 0.3313818
2960 6.668976e-06
2961 0.007718273
2962 0.6156537
2963 1.117728e-05
2964 0.5438253
2965 0.0001304088
2966 0.0003960606
2967 0.4663419
2968 0.08746922
2969 5.202966e-06
2970 0.01548814
2971 0.489124
2972 0.01516624
2973 0.8108463
2974 0.00943019
2975 0.1885774
2976 0.0003059795
2977 0.0002199961
2978 0.653155
2979 0.01686759
2980 0.0003273411
2981 0.3665153
2982 0.0001584468
2983 0.5878934
2984 0.02995573
2985 0.0004646208
2986 0.0008077606
2987 0.1633925
2988 0.004033858
2989 9.303792e-06
2990 0.4836391
2991 0.02088853
2992 0.000408108
2993 0.002105327
2994 0.0009677257
2995 0.2906729
2996 0.2345452
2997 0.0355464
2998 0.04340812
2999 0.0003222382
3000 0.004691726
3001 7.311135e-06
3002 0.005539656
3003 0.0001747678
3004 0.001679212
3005 0.7831571
3006 0.0003054229
3007 0.00160791
3008 3.844617e-06
3009 0.6059367
3010 0.6593306
3011 0.0007182751
3012 0.0006865351
3013 0.005481446
3014 0.0007261875
3015 0.1886316
3016 0.0009310149
3017 0.001029395
3018 0.4150758
3019 0.008057472
3020 0.03998689
3021 0.6075658
3022 0.0003026411
3023 0.0191446
3024 0.0004652971
3025 0.1121164
3026 0.0009698157
3027 2.569256e-06
3028 0.7484245
3029 0.005831093
3030 0.05342867
3031 0.0003973081
3032 0.6769825
3033 0.02823411
3034 0.020077
3035 3.50487e-06
3036 0.6948652
3037 0.0003004101
3038 4.526801e-05
3039 0.1096194
3040 0.1106162
3041 0.2119352
3042 0.9085145
3043 0.2270292
3044 0.0323227
3045 0.002818119
3046 0.003065011
3047 0.0009037535
3048 1.218944e-05
3049 0.0004655073
3050 3.751617e-06
3051 0.0003347264
3052 0.04462344
3053 0.369098
3054 1.889216e-06
3055 0.01222838
3056 0.04046816
3057 0.1398977
3058 0.001517956
3059 0.000969109
3060 0.05313229
3061 0.0001432028
3062 1.723287e-05
3063 0.0002424121
3064 0.002278979
3065 0.09430036
3066 0.3866958
3067 0.2267908
3068 0.3857269
3069 0.001170313
3070 0.7564559
3071 2.161019e-05
3072 0.1482052
3073 0.002411432
3074 0.7521385
3075 0.0001222065
3076 0.0001861795
3077 6.013894e-06
3078 0.1133465
3079 0.001344833
3080 0.8105678
3081 0.8641545
3082 0.6248648
3083 2.149675e-05
3084 0.05509784
3085 0.3355409
3086 0.01273752
3087 0.553572
3088 2.873579e-05
3089 0.01178591
3090 0.8557378
3091 0.1575071
3092 2.301518e-05
3093 0.06168833
3094 0.0008582608
3095 0.001526239
3096 0.005077936
3097 0.8486869
3098 1.268701e-05
3099 0.06761556
3100 0.004613591
3101 9.187736e-08
3102 0.4031612
3103 0.6086
3104 0.001384098
3105 0.000265396
3106 5.311306e-05
3107 0.00833404
3108 0.3095618
3109 0.9275582
3110 0.002498288
3111 0.1455522
3112 0.186358
3113 0.9575965
3114 1.130074e-05
3115 0.0005315878
3116 0.05248182
3117 0.03106351
3118 0.8211373
3119 0.07412693
3120 0.004489368
3121 0.1286746
3122 0.0008876556
3123 0.001324509
3124 0.7105461
3125 0.8774017
3126 0.000370213
3127 3.378502e-06
3128 1.626324e-05
3129 0.3240043
3130 0.1151497
3131 0.00153605
3132 2.245609e-05
3133 0.002911448
3134 3.089098e-05
3135 0.01006777
3136 0.4226839
3137 2.929979e-05
3138 0.06007376
3139 0.0007188651
3140 0.0001630498
3141 0.0001898098
3142 0.0004279435
3143 0.6281609
3144 3.862017e-05
3145 0.002745085
3146 0.004659027
3147 0.1143618
3148 0.194042
3149 1.086172e-06
3150 0.002165693
3151 0.001825609
3152 0.0007685647
3153 0.9369812
3154 0.0006625058
3155 0.01362714
3156 8.75612e-05
3157 0.0006834026
3158 0.05942153
3159 0.0001990991
3160 0.01371939
3161 0.0004067229
3162 0.1585652
3163 0.0004450882
3164 0.008426339
3165 0.08963206
3166 0.0002070435
3167 0.003675867
3168 0.01729572
3169 0.0001188222
3170 0.9430939
3171 2.915453e-05
3172 3.202934e-06
3173 0.005392256
3174 0.3622417
3175 0.001217846
3176 0.000946728
3177 0.004163663
3178 0.01701734
3179 6.997033e-06
3180 0.03337554
3181 0.0001395081
3182 0.006765615
3183 0.0003624189
3184 8.558034e-07
3185 4.501313e-06
3186 1.806347e-05
3187 0.0001180874
3188 0.0001742989
3189 0.7123489
3190 0.000179622
3191 0.004084438
3192 0.006347404
3193 0.0006244
3194 0.007634809
3195 0.0001265782
3196 0.007457712
3197 2.048196e-05
3198 2.767808e-06
3199 0.006976207
3200 0.0008391355
3201 0.3066407
3202 0.001883175
3203 0.169653
3204 5.671692e-07
3205 0.6415971
3206 0.003754292
3207 0.4806527
3208 0.07978202
3209 0.000673107
3210 0.05267035
3211 0.02772531
3212 0.2538212
3213 0.6311166
3214 0.02469896
3215 0.682306
3216 0.001260652
3217 8.357836e-06
3218 1.726605e-06
3219 0.009548253
3220 1.120443e-06
3221 0.0004816166
3222 0.9716991
3223 0.0003157034
3224 0.7623309
3225 0.2542509
3226 0.001155886
3227 1.185691e-05
3228 0.006268906
3229 0.008576703
3230 1.483937e-06
3231 0.3715351
3232 0.0004130859
3233 0.0003699456
3234 0.000158612
3235 0.7019811
3236 0.1322387
3237 0.8741672
3238 0.005431005
3239 0.0008874931
3240 2.367568e-05
3241 0.002080708
3242 0.2029768
3243 0.0002649342
3244 0.0002148691
3245 0.003970476
3246 0.003655515
3247 0.7376498
3248 0.00208111
3249 0.004271289
3250 0.2296529
3251 0.0005503435
3252 0.001445021
3253 0.03875739
3254 1.379539e-07
3255 6.321441e-06
3256 0.01111321
3257 0.3063942
3258 0.003288998
3259 0.04276973
3260 0.01663528
3261 1.099477e-05
3262 0.002139147
3263 0.1496891
3264 0.0006418789
3265 6.094504e-06
3266 0.01083972
3267 0.05819767
3268 0.01034858
3269 0.7089546
3270 0.1454264
3271 0.0001600253
3272 0.244793
3273 0.002443435
3274 0.004123491
3275 2.123808e-05
3276 0.003040299
3277 0.0002795419
3278 8.294238e-06
3279 0.006558497
3280 0.8444789
3281 0.0001840536
3282 0.5693047
3283 0.002112983
3284 2.032151e-06
3285 0.0008310289
3286 0.01669716
3287 0.09870542
3288 0.0535887
3289 4.756051e-05
3290 1.989708e-05
3291 0.7494232
3292 0.548265
3293 5.568156e-06
3294 1.05142e-05
3295 0.9477039
3296 4.101578e-06
3297 0.02493115
3298 0.004676629
3299 6.788983e-06
3300 0.0005168612
3301 0.009825143
3302 0.0004852985
3303 0.0007147466
3304 0.001232001
3305 8.692643e-06
3306 1.210466e-05
3307 0.4268565
3308 0.1647364
3309 0.08587846
3310 1.506757e-05
3311 0.3518401
3312 0.009280285
3313 0.4317804
3314 0.7538319
3315 0.001697622
3316 0.01423859
3317 0.000566388
3318 0.0006520197
3319 0.006530002
3320 0.4847947
3321 0.1043872
3322 0.5918483
3323 0.003191506
3324 0.08054356
3325 0.0001954486
3326 4.410727e-05
3327 0.05773384
3328 0.0005836968
3329 0.005188913
3330 0.01093879
3331 0.05623446
3332 0.9217859
3333 0.0007851231
3334 1.808129e-05
3335 0.07227574
3336 0.08826954
3337 0.08847126
3338 0.01930444
3339 3.827884e-07
3340 6.241592e-06
3341 0.0003084573
3342 0.9692819
3343 0.1129056
3344 0.009773319
3345 0.006951525
3346 0.0004561168
3347 0.02186558
3348 2.244834e-05
3349 3.497671e-05
3350 8.503718e-06
3351 0.4316742
3352 0.002380085
3353 0.02318115
3354 0.001035358
3355 6.495151e-06
3356 0.004543718
3357 0.1017698
3358 0.0720523
3359 0.003001497
3360 0.000735318
3361 0.01033883
3362 0.0002849494
3363 5.127395e-06
3364 0.5860807
3365 0.0002122984
3366 0.07363809
3367 0.0003438582
3368 0.08477981
3369 1.20004e-05
3370 0.3065813
3371 0.3521832
3372 2.749611e-05
3373 6.229374e-05
3374 0.204455
3375 0.09986167
3376 0.8492869
3377 0.0001824108
3378 0.0005151775
3379 6.268211e-06
3380 0.01574407
3381 1.100854e-05
3382 0.000298169
3383 0.0005718456
3384 0.1204796
3385 0.0005686576
3386 0.0003359693
3387 1.000599e-05
3388 0.02048755
3389 0.07962995
3390 0.02305513
3391 0.03269366
3392 1.490791e-05
3393 0.2484147
3394 1.647914e-05
3395 0.00845764
3396 3.387125e-07
3397 0.0001285447
3398 0.8080608
3399 0.5780852
3400 0.03387242
3401 0.0008235601
3402 3.697907e-06
3403 0.7197997
3404 0.01628474
3405 6.146704e-05
3406 0.002534207
3407 0.000414373
3408 0.0001375053
3409 0.4692081
3410 0.0001451321
3411 0.01756757
3412 0.008805078
3413 0.5241072
3414 0.1632692
3415 8.999567e-06
3416 0.2774297
3417 0.5784725
3418 4.972116e-06
3419 0.01880698
3420 0.1039407
3421 0.05309763
3422 0.1140929
3423 7.53936e-06
3424 0.1437621
3425 3.094877e-06
3426 0.6547275
3427 0.0007403797
3428 0.009502885
3429 4.571036e-05
3430 0.05285547
3431 6.950065e-06
3432 0.000131472
3433 0.000454642
3434 0.6145155
3435 0.1103194
3436 0.0007102016
3437 0.001564086
3438 2.746684e-05
3439 0.1488912
3440 0.1474076
3441 0.09424929
3442 0.04317355
3443 0.01233223
3444 0.002572273
3445 0.01429397
3446 0.183107
3447 0.003068671
3448 0.1029804
3449 0.001439091
3450 1.56286e-05
3451 1.307073e-05
3452 6.936446e-06
3453 3.195698e-05
3454 0.003396034
3455 0.74068
3456 7.765138e-06
3457 0.3337188
3458 0.004282027
3459 0.3328419
3460 1.64055e-05
3461 0.03876374
3462 0.0001316868
3463 0.2415
3464 0.08011207
3465 0.7543783
3466 1.487992e-05
3467 2.351348e-05
3468 0.0004874626
3469 7.304166e-06
3470 1.816375e-06
3471 1.724506e-05
3472 0.5839895
3473 0.1040252
3474 0.05757767
3475 0.002717291
3476 1.241635e-05
3477 0.0008961088
3478 0.04072908
3479 1.451608e-05
3480 2.238814e-05
3481 0.2528584
3482 0.02523692
3483 0.2461226
3484 0.6942508
3485 0.9023776
3486 0.04643322
3487 2.644183e-07
3488 1.658166e-05
3489 2.464788e-05
3490 0.7475422
3491 0.9195196
3492 1.924489e-06
3493 1.559794e-05
3494 1.5232e-05
3495 0.001042502
3496 0.7050306
3497 3.7195e-05
3498 0.005375295
3499 0.249713
3500 0.01878844
3501 0.0002189872
3502 0.005318997
3503 0.02637058
3504 0.1432369
3505 1.417549e-05
3506 1.18345e-06
3507 0.5650547
3508 0.4575564
3509 1.498989e-05
3510 0.01872273
3511 0.0002194294
3512 0.8967455
3513 0.01415854
3514 0.768018
3515 0.2313982
3516 0.0008107737
3517 0.0302743
3518 0.004068706
3519 0.03959041
3520 0.3380424
3521 0.0006871899
3522 0.00237742
3523 0.002763574
3524 0.0002892031
3525 3.312311e-05
3526 0.3043985
3527 0.001705568
3528 5.673626e-06
3529 0.0009303563
3530 0.0033694
3531 0.00541177
3532 0.001453546
3533 0.0004686442
3534 4.290838e-06
3535 0.02690862
3536 0.006589653
3537 0.5948308
3538 0.4126449
3539 1.489895e-05
3540 0.0007393793
3541 0.1294495
3542 7.843291e-07
3543 0.5266494
3544 0.0002088388
3545 0.04891301
3546 7.227205e-06
3547 0.7020981
3548 0.6960123
3549 0.0002165199
3550 0.1413599
3551 0.001149906
3552 0.1716596
3553 0.2904913
3554 0.1143501
3555 0.1612193
3556 0.008626597
3557 3.388382e-05
3558 0.1221258
3559 0.003776363
3560 0.1721151
3561 0.8616258
3562 0.0001569846
3563 0.07017144
3564 0.02932395
3565 0.2095436
3566 0.04069778
3567 0.5564137
3568 0.004130636
3569 0.8653042
3570 0.7029525
3571 0.02725037
3572 0.4499708
3573 0.3695768
3574 0.02405542
3575 0.02640274
3576 0.1072821
3577 7.540806e-06
3578 3.316362e-05
3579 9.469069e-06
3580 0.4242434
3581 0.01104373
3582 0.0009399949
3583 0.001639287
3584 0.1777071
3585 0.6158988
3586 0.01312098
3587 0.003472283
3588 0.008911663
3589 0.002670514
3590 0.0006891994
3591 0.0125559
3592 0.004219328
3593 0.5282731
3594 0.003430942
3595 0.001179609
3596 0.000145154
3597 0.1611107
3598 1.434306e-06
3599 4.239844e-06
3600 0.000368018
3601 1.832656e-06
3602 9.923421e-06
3603 0.231695
3604 0.3607903
3605 0.004838878
3606 0.0006690752
3607 0.7877841
3608 0.005260905
3609 1.437876e-05
3610 0.02071344
3611 0.0008773091
3612 2.865606e-05
3613 0.1992251
3614 0.01592006
3615 0.8996576
3616 0.1879439
3617 0.001044823
3618 1.315684e-05
3619 0.0103363
3620 0.006035397
3621 0.5014463
3622 0.007248369
3623 0.0008868113
3624 0.8487471
3625 0.002691155
3626 5.488165e-07
3627 0.008574718
3628 0.001259549
3629 5.412786e-06
3630 0.1589067
3631 2.005953e-05
3632 4.778151e-06
3633 0.2011412
3634 1.600373e-05
3635 0.008301439
3636 0.095424
3637 0.9852405
3638 0.1433141
3639 1.182852e-05
3640 0.02739524
3641 0.03089809
3642 0.001294571
3643 0.0001164271
3644 0.0004476831
3645 0.002287261
3646 0.45091
3647 1.145724e-05
3648 2.053267e-06
3649 0.0007438991
3650 0.0001185164
3651 0.0001242558
3652 0.03445728
3653 1.409733e-06
3654 0.04357714
3655 0.0775145
3656 1.408542e-05
3657 0.0008256795
3658 1.043481e-06
3659 1.101796e-05
3660 0.04277645
3661 4.259106e-05
3662 0.5364901
3663 0.0007831992
3664 0.01120516
3665 0.01525413
3666 0.01144397
3667 0.09504737
3668 0.7763918
3669 0.4223187
3670 0.002224939
3671 0.1783796
3672 0.09999647
3673 0.000615715
3674 0.002698379
3675 0.008398223
3676 0.005991244
3677 0.0004527545
3678 0.0007495878
3679 0.0004783893
3680 0.0588882
3681 1.184624e-06
3682 3.142652e-06
3683 0.1219796
3684 0.2501476
3685 0.0003319902
3686 0.000794628
3687 0.3774724
3688 8.062644e-05
3689 0.002180461
3690 0.3272624
3691 0.001456741
3692 0.0118108
3693 0.06481307
3694 0.3867481
3695 0.1169482
3696 4.905086e-05
3697 0.009368591
3698 6.071253e-06
3699 1.194734e-05
3700 0.8957205
3701 0.02606261
3702 0.6467375
3703 0.01419864
3704 0.003915832
3705 1.011718e-05
3706 7.185318e-05
3707 0.7095569
3708 0.7533305
3709 1.295077e-05
3710 2.72156e-05
3711 0.2932292
3712 0.004945345
3713 0.0005842057
3714 0.003466414
3715 0.01667988
3716 0.0252509
3717 0.180758
3718 0.006145491
3719 0.005192825
3720 0.0009180012
3721 0.007980011
3722 0.4304538
3723 0.5524092
3724 0.05125404
3725 0.01489829
3726 0.007217051
3727 0.004502285
3728 0.02644557
3729 0.03039337
3730 0.0001919892
3731 0.001018007
3732 6.862021e-05
3733 0.002723131
3734 0.01966987
3735 5.186828e-06
3736 0.003465179
3737 0.01152795
3738 0.0001090539
3739 0.001301055
3740 0.02126301
3741 0.0005328361
3742 0.0003866595
3743 0.000204814
3744 0.932506
3745 0.3805165
3746 0.01370762
3747 6.158374e-05
3748 0.00112998
3749 0.001022631
3750 9.190882e-06
3751 0.002400094
3752 0.0006031731
3753 0.0140151
3754 0.07428591
3755 1.874671e-05
3756 0.4647424
3757 0.07783575
3758 7.781875e-07
3759 0.008963666
3760 6.372611e-06
3761 0.006645906
3762 0.001769398
3763 0.0001615964
3764 0.1956219
3765 0.0011205
3766 0.0004480521
3767 0.2721804
3768 5.105119e-05
3769 0.7090302
3770 0.0568799
3771 0.0007225235
3772 0.0004490208
3773 2.421008e-05
3774 0.4572733
3775 0.1175872
3776 0.03177221
3777 6.904504e-05
3778 0.01874648
3779 2.567888e-06
3780 9.220463e-06
3781 0.001220009
3782 0.04345656
3783 0.2843554
3784 4.443951e-05
3785 0.1580895
3786 1.391776e-05
3787 0.3540451
3788 0.001042846
3789 0.0001402428
3790 0.006286314
3791 0.01060356
3792 0.3854552
3793 0.0005647958
3794 0.06975331
3795 0.04259464
3796 0.0001290028
3797 0.4057421
3798 0.0004251929
3799 4.182062e-06
3800 1.006607e-05
3801 0.006000207
3802 0.007827298
3803 5.076383e-06
3804 0.00211981
3805 1.629032e-05
3806 0.00028435
3807 0.03320664
3808 0.03399235
3809 0.1155734
3810 0.007161971
3811 0.2153814
3812 0.2975075
3813 0.1312602
3814 0.2521726
3815 0.0009829611
3816 1.579328e-05
3817 0.004272249
3818 0.03823835
3819 0.4174877
3820 0.0002620307
3821 2.240549e-06
3822 0.6510935
3823 0.07440527
3824 0.004752699
3825 0.0009082002
3826 0.2219461
3827 0.001080007
3828 0.7291284
3829 0.5865342
3830 0.0003322262
3831 0.0007101086
3832 0.002721439
3833 0.9467338
3834 0.0003502761
3835 0.005591556
3836 0.07836231
3837 0.04766434
3838 0.07080716
3839 0.002959779
3840 0.2492335
3841 1.803736e-06
3842 0.006310508
3843 0.002561177
3844 0.0005734825
3845 8.813179e-06
3846 0.085537
3847 0.0802793
3848 0.04080479
3849 0.04042669
3850 0.0005782465
3851 0.002265162
3852 0.6133345
3853 0.01331672
3854 0.1845525
3855 0.0002270287
3856 0.8532668
3857 0.02505271
3858 0.0001540227
3859 0.004919452
3860 0.004525553
3861 0.151203
3862 3.434549e-06
3863 0.0004589296
3864 0.02091933
3865 0.01593515
3866 0.1847515
3867 0.07633694
3868 0.009887903
3869 2.454555e-06
3870 2.163089e-05
3871 0.5692675
3872 0.1160364
3873 0.6191003
3874 0.0836277
3875 0.0005919754
3876 0.005634013
3877 0.0001166133
3878 0.2405604
3879 0.02868457
3880 0.1225619
3881 9.800239e-06
3882 0.0004175632
3883 0.03032327
3884 0.002597628
3885 0.00469052
3886 0.0001479576
3887 0.07219334
3888 0.000116192
3889 0.0007115482
3890 0.0002446244
3891 0.001921579
3892 4.416787e-07
3893 1.383764e-05
3894 0.004669813
3895 0.001209214
3896 0.01414658
3897 0.05944976
3898 3.608632e-06
3899 8.36235e-06
3900 0.001230053
3901 1.130668e-05
3902 0.01155628
3903 0.7429719
3904 1.721311e-05
3905 0.0003737428
3906 0.6530378
3907 4.389955e-07
3908 0.3168983
3909 0.0007262061
3910 0.0002718183
3911 0.2473078
3912 0.0001853099
3913 1.342702e-05
3914 0.001914817
3915 9.877628e-06
3916 0.05077496
3917 1.800749e-05
3918 0.005131939
3919 0.01225582
3920 7.834942e-06
3921 1.77751e-05
3922 0.001623042
3923 0.8657692
3924 0.006292262
3925 0.001638374
3926 0.06784996
3927 0.3243056
3928 0.03336256
3929 0.1097006
3930 0.2256572
3931 0.259342
3932 0.001914133
3933 0.0001893519
3934 0.004010416
3935 0.1150417
3936 0.001132917
3937 0.009118529
3938 0.1798396
3939 0.02031691
3940 0.7345936
3941 0.3881052
3942 0.0001735899
3943 0.001981929
3944 0.01285563
3945 3.804767e-06
3946 0.3905403
3947 0.003805343
3948 1.946352e-05
3949 0.003798894
3950 6.032667e-06
3951 0.0002875816
3952 2.889676e-05
3953 0.01518038
3954 0.01909808
3955 0.002662441
3956 7.349869e-06
3957 0.0003078776
3958 2.254029e-05
3959 4.479188e-06
3960 4.6863e-06
3961 3.939812e-05
3962 0.0002608172
3963 0.850209
3964 0.02747814
3965 6.33543e-06
3966 0.01687362
3967 0.00064725
3968 3.445388e-05
3969 0.002212714
3970 0.01990335
3971 0.0003149742
3972 0.2891763
3973 0.05433019
3974 6.261571e-06
3975 6.686555e-06
3976 6.13882e-05
3977 8.387502e-06
3978 0.06749137
3979 0.1030703
3980 3.475524e-05
3981 0.006956742
3982 0.3547499
3983 0.6795124
3984 0.009924186
3985 0.01265491
3986 2.92491e-05
3987 0.6947889
3988 7.202733e-06
3989 0.7269123
3990 0.003505418
3991 0.2186439
3992 0.2088919
3993 0.9415178
3994 5.597635e-06
3995 0.0005024364
3996 0.001649213
3997 0.5998477
3998 0.0006829057
3999 0.0009472768
4000 0.006471501
4001 0.2104249
4002 0.1709213
4003 0.02346726
4004 0.8817583
4005 0.0019293
4006 0.2629031
4007 0.0008179402
4008 0.9068736
4009 2.016465e-05
4010 0.0006889634
4011 0.2293118
4012 0.0005049255
4013 2.877133e-05
4014 0.0005410564
4015 0.2285388
4016 0.09010091
4017 0.04516924
4018 1.650013e-06
4019 0.8142742
4020 0.08298557
4021 0.00175024
4022 0.8952384
4023 1.947286e-06
4024 0.910001
4025 0.03838588
4026 0.01289336
4027 0.01015499
4028 3.031124e-06
4029 0.001842118
4030 0.4678901
4031 0.001434804
4032 0.8102173
4033 2.722226e-05
4034 0.45092
4035 0.05787572
4036 0.001933372
4037 0.03176758
4038 0.3123788
4039 0.0003345229
4040 0.003369914
4041 0.0001324084
4042 0.01274628
4043 0.0003817836
4044 0.03125303
4045 0.02765933
4046 0.0807245
4047 0.003617424
4048 0.001035579
4049 0.007427124
4050 0.02199668
4051 0.005609402
4052 0.003867297
4053 0.002752355
4054 0.2185031
4055 0.379351
4056 0.7910098
4057 0.275614
4058 0.6167881
4059 0.02953449
4060 0.1448267
4061 0.04668674
4062 5.17016e-06
4063 2.462739e-05
4064 0.0001200071
4065 0.1124423
4066 0.001374771
4067 0.006707707
4068 0.7832619
4069 0.0006009385
4070 0.6181841
4071 0.0001943246
4072 0.8172562
4073 0.03048068
4074 1.762903e-05
4075 0.00678295
4076 0.01835102
4077 0.5468603
4078 0.005261526
4079 0.5081676
4080 0.1005235
4081 0.001115006
4082 0.0009044687
4083 0.0009874268
4084 0.0003964304
4085 0.002197352
4086 0.1320362
4087 0.001599648
4088 0.01224474
4089 0.01120459
4090 3.903748e-07
4091 0.06846111
4092 4.597696e-06
4093 1.306848e-05
4094 0.001384991
4095 0.4063913
4096 0.8374933
4097 0.02358675
4098 7.248076e-06
4099 2.139859e-05
4100 7.456615e-06
4101 0.592883
4102 0.3271564
4103 0.008924436
4104 1.358539e-05
4105 0.1774454
4106 0.0719779
4107 0.06383412
4108 0.3798984
4109 0.001853168
4110 0.0001413504
4111 0.457298
4112 0.004009364
4113 9.681894e-06
4114 0.9504495
4115 2.625395e-06
4116 3.188191e-05
4117 0.005724305
4118 3.710625e-06
4119 0.002117554
4120 0.0002766052
4121 6.750112e-05
4122 0.01164154
4123 0.01282476
4124 0.000314088
4125 0.0004466623
4126 0.01428334
4127 0.01737954
4128 0.0005666956
4129 0.004240142
4130 0.01983373
4131 0.4974969
4132 0.01260105
4133 8.916154e-05
4134 0.1402248
4135 0.1481146
4136 0.00628842
4137 2.813026e-05
4138 1.843328e-06
4139 0.0007937592
4140 0.002051243
4141 0.6496213
4142 0.01909357
4143 2.540636e-05
4144 0.1483311
4145 0.05721418
4146 0.01760023
4147 0.001025839
4148 0.2635674
4149 4.402939e-06
4150 0.001458537
4151 0.2201207
4152 0.1533386
4153 0.0002908623
4154 0.0005518991
4155 0.08571411
4156 0.02266308
4157 0.001287773
4158 0.009856876
4159 0.0005279968
4160 0.0187646
4161 0.09926159
4162 1.291396e-05
4163 0.2886984
4164 0.01005693
4165 0.8748652
4166 0.4943356
4167 0.00113374
4168 0.002400316
4169 0.001852779
4170 0.0007860297
4171 0.004697226
4172 0.000618412
4173 0.234618
4174 0.018852
4175 0.02772922
4176 0.003485358
4177 7.871404e-05
4178 0.0002281173
4179 0.07614991
4180 0.004746081
4181 0.1221982
4182 0.9256487
4183 0.0775211
4184 0.1249572
4185 0.3500953
4186 0.3088268
4187 4.375938e-05
4188 0.0001207478
4189 0.004152812
4190 0.04590763
4191 0.01623659
4192 0.0038022
4193 0.002147203
4194 0.01790346
4195 0.0004101002
4196 0.05091145
4197 0.8462515
4198 0.4265476
4199 0.03396352
4200 0.0125984
4201 0.001061497
4202 0.00185884
4203 0.001216867
4204 9.085093e-07
4205 1.130138e-05
4206 0.0005869503
4207 0.1706368
4208 0.002558949
4209 1.268526e-05
4210 0.03473833
4211 4.243929e-06
4212 0.6236055
4213 0.007737331
4214 0.00266019
4215 0.4759109
4216 9.143115e-06
4217 3.471661e-06
4218 0.1774652
4219 9.542881e-06
4220 0.0001721308
4221 0.003364674
4222 8.908645e-06
4223 0.7771268
4224 0.3503356
4225 0.2760476
4226 0.0001941462
4227 2.913988e-06
4228 0.0003813136
4229 0.1608914
4230 0.01023997
4231 4.590859e-05
4232 0.00348621
4233 2.55382e-06
4234 0.0003109081
4235 0.002032126
4236 0.001199656
4237 3.73624e-06
4238 0.5998031
4239 6.116472e-07
4240 0.0009545255
4241 0.0001391037
4242 0.001516096
4243 0.0003264399
4244 0.0634293
4245 0.003995018
4246 0.001696575
4247 0.7333242
4248 0.04910713
4249 0.03591581
4250 5.618162e-06
4251 0.2968261
4252 0.2492158
4253 0.001004709
4254 0.0007279935
4255 0.0003855503
4256 1.502043e-05
4257 0.8935082
4258 0.007655701
4259 0.06851841
4260 0.2688087
4261 0.005350636
4262 0.5987669
4263 0.0008138926
4264 3.222755e-05
4265 7.326938e-05
4266 0.001412356
4267 0.08533235
4268 0.01365941
4269 0.8554159
4270 0.03982756
4271 0.0009551669
4272 0.1523803
4273 0.4875099
4274 3.41807e-06
4275 0.04986161
4276 0.0003484805
4277 0.0150079
4278 0.0001108712
4279 7.903708e-06
4280 3.732793e-06
4281 0.3015693
4282 0.4169796
4283 0.01588098
4284 0.0004545378
4285 3.971788e-05
4286 3.684836e-06
4287 2.733993e-05
4288 0.03500008
4289 0.0005580794
4290 0.0001217541
4291 0.4054493
4292 0.8277772
4293 0.03048411
4294 5.195921e-06
4295 0.004143475
4296 0.2790587
4297 0.0007350233
4298 0.04852546
4299 0.01523103
4300 0.002192199
4301 3.228104e-06
4302 0.001365389
4303 0.002122264
4304 0.0009652241
4305 7.397533e-06
4306 0.05217677
4307 1.286366e-05
4308 2.766263e-05
4309 2.867947e-06
4310 0.4869529
4311 0.03601083
4312 0.03620647
4313 0.5532824
4314 0.1205209
4315 0.02110699
4316 0.00396226
4317 6.156435e-05
4318 0.001130914
4319 0.011897
4320 5.267527e-06
4321 0.003903129
4322 0.001042642
4323 0.0004414596
4324 0.4582848
4325 1.011934e-06
4326 0.01450767
4327 0.01816739
4328 0.0005411442
4329 0.03254867
4330 0.01125095
4331 0.001466574
4332 0.1957985
4333 1.719424e-05
4334 0.0004038056
4335 0.6774053
4336 0.1415286
4337 0.003320806
4338 0.003395763
4339 0.2729077
4340 0.001521441
4341 0.6056915
4342 0.4903953
4343 0.003382557
4344 0.0008699897
4345 0.01243736
4346 9.899041e-05
4347 0.4457798
4348 0.0001555133
4349 0.0006573735
4350 2.59085e-05
4351 7.348989e-05
4352 0.003433868
4353 0.001202459
4354 0.842815
4355 0.3800984
4356 0.0007899588
4357 0.001539153
4358 0.06275199
4359 1.596848e-05
4360 0.001778973
4361 0.00182518
4362 0.001038568
4363 0.09251992
4364 0.03214207
4365 0.002116749
4366 0.0005544704
4367 3.381766e-05
4368 0.04471623
4369 0.0003073136
4370 0.1561082
4371 0.03242181
4372 1.406355e-05
4373 0.002809868
4374 7.555765e-05
4375 0.06563653
4376 0.3807382
4377 0.169403
4378 0.0185465
4379 0.006975397
4380 0.0001307793
4381 6.847516e-05
4382 2.265315e-05
4383 0.004778486
4384 0.6161205
4385 0.4316403
4386 0.0007263569
4387 0.0001105628
4388 0.002953935
4389 0.0003516356
4390 0.0008850611
4391 0.002344271
4392 0.007062019
4393 0.04163408
4394 0.313539
4395 0.004212895
4396 4.43164e-06
4397 0.1846109
4398 0.0001453419
4399 0.001051783
4400 0.7498859
4401 1.34112e-05
4402 0.0004811302
4403 1.292472e-05
4404 9.001462e-06
4405 0.1456948
4406 0.000147157
4407 0.03173358
4408 0.003656456
4409 0.06282043
4410 1.177718e-05
4411 0.0007903441
4412 0.808018
4413 7.981277e-06
4414 9.511348e-05
4415 0.01287044
4416 0.0004488079
4417 0.001507727
4418 0.003466397
4419 0.0008473249
4420 0.002657289
4421 0.09085379
4422 9.726688e-07
4423 0.0007707829
4424 0.001114302
4425 0.001055555
4426 0.03256716
4427 0.03024402
4428 0.7316671
4429 0.06025031
4430 0.002080217
4431 3.152176e-05
4432 0.005958238
4433 1.732988e-06
4434 0.8958387
4435 0.005267629
4436 2.36433e-05
4437 0.002206552
4438 2.459074e-06
4439 0.2379277
4440 1.060647e-05
4441 0.01039538
4442 0.04980212
4443 0.1059312
4444 0.8641716
4445 0.0002132406
4446 0.0005442414
4447 0.1640853
4448 0.6353026
4449 1.445296e-05
4450 0.08615889
4451 0.00473293
4452 0.6648429
4453 0.0003724261
4454 0.003016732
4455 0.001154535
4456 0.4686101
4457 0.4204147
4458 0.002780001
4459 0.002666128
4460 0.0001311776
4461 1.155768e-05
4462 0.04468788
4463 2.062265e-05
4464 0.6025182
4465 0.9031104
4466 0.0004021791
4467 0.002012843
4468 0.9194083
4469 0.2133655
4470 0.6885203
4471 0.01624414
4472 0.0103816
4473 0.01017432
4474 0.004223706
4475 0.270839
4476 0.0001934372
4477 0.06216488
4478 0.007564534
4479 0.6646387
4480 0.00356247
4481 0.001314103
4482 0.00830073
4483 0.09176947
4484 8.756897e-06
4485 1.300597e-05
4486 0.0003623325
4487 0.07144126
4488 0.1739595
4489 1.809e-05
4490 8.003805e-06
4491 0.01696799
4492 0.1010668
4493 0.4396271
4494 0.0001506277
4495 1.328501e-05
4496 0.07226269
4497 8.668058e-07
4498 0.0002312941
4499 0.000587078
4500 0.00245288
4501 0.6450137
4502 1.257078e-05
4503 0.001354165
4504 0.7136066
4505 0.01815709
4506 0.5243826
4507 0.0002571297
4508 0.02023928
4509 0.1417985
4510 0.002188807
4511 0.0002072417
4512 5.998556e-06
4513 0.001431904
4514 0.1681393
4515 0.05562568
4516 0.001172638
4517 0.02348228
4518 0.007935066
4519 0.04268744
4520 0.007680236
4521 1.34002e-05
4522 0.5092239
4523 0.4781541
4524 0.001907705
4525 0.2932362
4526 0.006955853
4527 0.0005485902
4528 0.1728893
4529 0.0004993939
4530 0.5303572
4531 0.2211653
4532 0.3476541
4533 0.0009777455
4534 1.399012e-05
4535 5.26046e-06
4536 0.0009226606
4537 5.350364e-06
4538 0.001049111
4539 0.001026169
4540 0.009560328
4541 0.001265961
4542 0.002410133
4543 0.01218704
4544 1.180552e-05
4545 0.04104184
4546 0.06553051
4547 0.002616804
4548 0.0001151343
4549 0.002243303
4550 0.006107822
4551 0.0007732918
4552 0.02617222
4553 0.01701984
4554 0.003790769
4555 0.0007654488
4556 0.0009825613
4557 9.533956e-05
4558 0.01339834
4559 0.7858513
4560 0.1170858
4561 0.0005360773
4562 0.00197006
4563 0.002936193
4564 0.0004874111
4565 0.1282115
4566 4.59696e-05
4567 0.0001386012
4568 0.001329804
4569 1.207132e-05
4570 0.1147852
4571 0.02460043
4572 0.0002393571
4573 0.1907106
4574 0.0003080496
4575 3.414681e-05
4576 0.0002113384
4577 0.03361302
4578 0.006099787
4579 0.5672888
4580 3.171112e-07
4581 1.013863e-05
4582 0.05162581
4583 1.422372e-05
4584 1.38131e-05
4585 0.05282502
4586 0.09610168
4587 0.1081704
4588 0.9949106
4589 0.0004978346
4590 2.33247e-05
4591 0.6986243
4592 0.0005845462
4593 1.781561e-05
4594 0.03398234
4595 0.9652872
4596 0.004200759
4597 0.002849438
4598 0.1382154
4599 0.3267983
4600 1.1032e-06
4601 1.510316e-05
4602 0.6574345
4603 0.07456346
4604 0.003984721
4605 0.02632859
4606 7.242155e-06
4607 0.06173292
4608 0.0007338952
4609 0.02366882
4610 7.778591e-05
4611 3.611246e-05
4612 0.002948866
4613 0.0001157959
4614 0.0002971665
4615 0.009644861
4616 0.002448529
4617 0.2035766
4618 0.05600568
4619 0.1659777
4620 0.001075805
4621 2.433618e-05
4622 0.1133724
4623 5.465039e-05
4624 0.002371413
4625 0.000893994
4626 6.800744e-05
4627 0.0006094217
4628 0.02201497
4629 0.01903575
4630 0.002859148
4631 7.14912e-05
4632 0.0007693014
4633 0.003819059
4634 0.2006781
4635 0.0004758546
4636 0.8346389
4637 0.3998551
4638 0.003624644
4639 0.001867807
4640 1.776016e-05
4641 0.4229655
4642 0.02911817
4643 0.1054008
4644 2.733378e-05
4645 2.762092e-06
4646 0.001599123
4647 2.940858e-06
4648 0.0003921704
4649 0.0002351753
4650 0.00115646
4651 0.007795435
4652 4.243039e-05
4653 0.009753417
4654 0.2832051
4655 0.09388448
4656 0.2700943
4657 0.1956348
4658 0.008933229
4659 0.2138256
4660 8.91392e-06
4661 0.2758981
4662 6.488792e-05
4663 5.951711e-05
4664 0.1158112
4665 0.0003319801
4666 0.03161941
4667 0.08611837
4668 0.04401699
4669 0.5202652
4670 0.219557
4671 0.8091279
4672 0.00233747
4673 0.0001663478
4674 0.09792062
4675 0.02773081
4676 0.004451568
4677 0.7243014
4678 0.006365364
4679 7.60102e-06
4680 0.05769193
4681 0.005643918
4682 5.984745e-06
4683 0.008963787
4684 6.765137e-07
4685 0.3384459
4686 1.969293e-05
4687 0.01218713
4688 0.001485976
4689 3.207903e-06
4690 0.07796206
4691 0.05793108
4692 0.003845302
4693 0.5286914
4694 2.582396e-06
4695 0.001678223
4696 3.465319e-06
4697 3.075204e-06
4698 0.0002399008
4699 1.409139e-06
4700 0.1782783
4701 0.0004329083
4702 0.001773508
4703 0.001719384
4704 0.2976256
4705 0.625836
4706 0.3566773
4707 0.2409812
4708 0.001406797
4709 0.0008752408
4710 0.03407402
4711 0.07059831
4712 0.06988122
4713 0.2593851
4714 0.003821615
4715 0.4484689
4716 1.164083e-05
4717 0.3763267
4718 0.0659257
4719 0.03798773
4720 0.1768914
4721 0.1107462
4722 9.220717e-05
4723 2.384912e-05
4724 0.01003599
4725 0.000266585
4726 1.136893e-06
4727 0.1083313
4728 0.001341667
4729 0.0001018733
4730 0.09321195
4731 0.0002756314
4732 0.003678724
4733 0.9155463
4734 0.004866529
4735 0.004692865
4736 0.1784213
4737 2.988889e-06
4738 0.005167418
4739 0.04256951
4740 0.0003942635
4741 0.0005606136
4742 2.505131e-06
4743 0.001337029
4744 1.979802e-05
4745 0.0194223
4746 0.1920825
4747 0.003841582
4748 0.02631377
4749 0.0007787118
4750 0.005542601
4751 0.2591466
4752 0.002334124
4753 0.04354139
4754 0.02299317
4755 0.1433382
4756 2.182915e-05
4757 0.004414041
4758 3.401735e-06
4759 0.001091163
4760 6.291306e-06
4761 0.004360529
4762 0.004170253
4763 0.0005974135
4764 0.0003471897
4765 0.06454761
4766 7.600734e-06
4767 0.01017582
4768 1.220045e-05
4769 2.738782e-05
4770 0.0009909384
4771 0.01428468
4772 0.6260397
4773 7.67165e-06
4774 0.1695427
4775 0.4743405
4776 6.751108e-05
4777 0.08167003
4778 1.093708e-05
4779 0.006576286
4780 0.3614636
4781 0.2508015
4782 0.01332841
4783 0.01561327
4784 0.005521233
4785 0.04594044
4786 0.002631597
4787 4.498191e-06
4788 0.02555547
4789 2.356824e-05
4790 0.004336384
4791 0.0006915786
4792 0.06410643
4793 0.003736989
4794 0.2558351
4795 0.1956041
4796 0.06635026
4797 0.0004344137
4798 0.663231
4799 0.01719446
4800 0.7965746
4801 0.4130611
4802 0.01485048
4803 1.848506e-05
4804 0.9613721
4805 0.0002553315
4806 0.0003352882
4807 0.0001221974
4808 0.0001577947
4809 0.003486581
4810 0.002392237
4811 0.02213317
4812 8.802428e-07
4813 0.002220024
4814 6.058476e-06
4815 0.1115549
4816 0.3446478
4817 0.006753731
4818 0.0009250635
4819 0.07798422
4820 5.03284e-05
4821 0.1097517
4822 0.0001216413
4823 0.1412728
4824 0.001057517
4825 0.0002331069
4826 0.002444757
4827 0.006370912
4828 0.005861632
4829 0.001578036
4830 0.0008243371
4831 0.4305199
4832 3.381057e-06
4833 0.01415443
4834 0.0005672462
4835 1.41999e-05
4836 0.05380615
4837 0.002176047
4838 0.1099423
4839 1.508412e-05
4840 0.001461094
4841 0.03515909
4842 6.614614e-05
4843 0.01564553
4844 0.00383109
4845 0.0003389444
4846 0.02797364
4847 0.0002855074
4848 0.06303446
4849 0.002929288
4850 0.001128108
4851 0.01404438
4852 0.3833358
4853 1.081402e-05
4854 4.501324e-06
4855 0.8971177
4856 0.07489306
4857 2.572005e-07
4858 0.05356027
4859 1.273493e-05
4860 0.4640247
4861 0.317709
4862 0.1903289
4863 0.0007818684
4864 7.135999e-06
4865 0.5070526
4866 0.004315906
4867 0.02325398
4868 0.03942186
4869 0.0135263
4870 0.7872702
4871 0.3620939
4872 0.1087891
4873 0.8499639
4874 3.265546e-05
4875 0.0001570799
4876 0.3865863
4877 0.1212286
4878 0.4592909
4879 0.04973254
4880 0.007807306
4881 9.212488e-06
4882 0.4095681
4883 0.002665533
4884 0.02707841
4885 0.0004045002
4886 8.875168e-05
4887 0.003464519
4888 2.577929e-05
4889 0.001536095
4890 0.006858564
4891 0.7552625
4892 0.8984118
4893 0.8973756
4894 0.008160593
4895 0.01628864
4896 0.3430097
4897 6.225088e-06
4898 0.0006797971
4899 0.2544071
4900 0.7318432
4901 0.05689155
4902 0.001790267
4903 0.001236524
4904 0.0004878746
4905 0.003751181
4906 0.03282643
4907 0.000253655
4908 0.0007863463
4909 0.3808875
4910 0.0009865583
4911 0.002702462
4912 0.1510527
4913 0.001056801
4914 0.0002131894
4915 0.03531134
4916 0.006095876
4917 0.04806706
4918 0.2476463
4919 0.01116374
4920 0.02967204
4921 0.3521952
4922 0.05767505
4923 7.3205e-07
4924 0.0002443558
4925 0.001451618
4926 0.1940715
4927 0.0377708
4928 1.507717e-05
4929 8.045062e-07
4930 0.5491214
4931 0.0003107179
4932 0.1414143
4933 0.6263436
4934 0.00277365
4935 0.007541639
4936 0.8326537
4937 0.1020348
4938 0.000800665
4939 0.02403176
4940 4.36121e-06
4941 5.351311e-06
4942 0.0001271281
4943 0.01679438
4944 0.02394237
4945 2.50086e-05
4946 0.0001512073
4947 0.03565176
4948 0.01781088
4949 0.9025942
4950 0.0004718131
4951 0.3570633
4952 0.0005200219
4953 0.003059618
4954 0.5735826
4955 1.866166e-06
4956 9.332098e-06
4957 0.008582374
4958 0.002357484
4959 0.0004000366
4960 0.009734803
4961 0.9024463
4962 8.06009e-06
4963 0.00774078
4964 0.006088349
4965 0.05678303
4966 8.045508e-06
4967 0.004820313
4968 2.860809e-06
4969 0.01228301
4970 0.007038833
4971 0.9287719
4972 1.228307e-05
4973 2.522396e-06
4974 0.09334539
4975 0.0008964631
4976 0.2737547
4977 5.274661e-06
4978 0.001055424
4979 1.476969e-05
4980 0.0001491235
4981 0.002283692
4982 0.8592372
4983 0.2649768
4984 6.428897e-05
4985 0.1694857
4986 0.07989797
4987 1.883011e-05
4988 0.02572509
4989 2.319054e-06
4990 0.06802334
4991 0.0008708979
4992 0.004788634
4993 0.04842725
4994 0.003779258
4995 0.4383719
4996 0.002401317
4997 0.2548736
4998 0.009143008
4999 0.001294257
5000 5.055122e-06
