1 0.6505824
2 0.4988844
3 0.2355023
4 0.7091102
5 0.6338866
6 0.1362444
7 0.08694519
8 0.0444678
9 0.6723152
10 0.7572577
11 0.4370188
12 0.3618437
13 0.3997761
14 0.96166
15 0.463486
16 0.5606725
17 0.4812684
18 0.426171
19 0.7535262
20 0.9680058
21 0.2471274
22 0.1070229
23 0.2945715
24 0.04083824
25 0.6581286
26 0.9111746
27 0.388302
28 0.8375551
29 0.7953936
30 0.7459186
31 0.04315226
32 0.2859391
33 0.9455322
34 0.4763846
35 0.3477078
36 0.947349
37 0.2454544
38 0.8113446
39 0.08602826
40 0.9655259
41 0.717431
42 0.6691839
43 0.2454686
44 0.7459728
45 0.7471185
46 0.7568219
47 0.4125835
48 0.4614928
49 0.5689926
50 0.8299616
51 0.9046212
52 0.6964555
53 0.4376047
54 0.9547163
55 0.291428
56 0.7153099
57 0.3721027
58 0.7359191
59 0.2447837
60 0.1039747
61 0.5411564
62 0.3525555
63 0.7795519
64 0.3462399
65 0.1894637
66 0.3578523
67 0.3872221
68 0.2183767
69 0.3815551
70 0.5066952
71 0.4586366
72 0.3575359
73 0.2933304
74 0.07177188
75 0.1298345
76 0.8599857
77 0.4743429
78 0.8728858
79 0.2962251
80 0.7975441
81 0.6959082
82 0.3124912
83 0.2611829
84 0.8776039
85 0.9533924
86 0.2294599
87 0.4536477
88 0.3146358
89 0.7558574
90 0.6453714
91 0.5191878
92 0.04351365
93 0.7179699
94 0.2807364
95 0.6051423
96 0.8438787
97 0.2716949
98 0.5282456
99 0.5005124
100 0.7180053
101 0.3639193
102 0.6614288
103 0.8972066
104 0.8825127
105 0.7031269
106 0.3808643
107 0.3599267
108 0.9516795
109 0.5371577
110 0.2850799
111 0.4375178
112 0.5338506
113 0.1973126
114 0.8347748
115 0.7848543
116 0.2881162
117 0.3186743
118 0.9435368
119 0.1774635
120 0.8462872
121 0.068851
122 0.130156
123 0.2699999
124 0.4196378
125 0.4885082
126 0.2396512
127 0.4793843
128 0.4848923
129 0.3781361
130 0.601536
131 0.5960798
132 0.5423521
133 0.8525234
134 0.6123505
135 0.4524331
136 0.4607932
137 0.6258434
138 0.6324157
139 0.1118989
140 0.3327458
141 0.1037927
142 0.7567839
143 0.339197
144 0.03722335
145 0.1553289
146 0.4081956
147 0.1981544
148 0.2865954
149 0.8895127
150 0.4896568
151 0.2318516
152 0.9293231
153 0.7125859
154 0.4781009
155 0.1801413
156 0.0004083629
157 0.6642287
158 0.3806111
159 0.003594913
160 0.9312513
161 0.2508566
162 0.2296946
163 0.1879492
164 0.7624634
165 0.8073211
166 0.6805805
167 0.5237445
168 0.1030448
169 0.2311665
170 0.9689499
171 0.854707
172 0.2763697
173 0.9202477
174 0.4210349
175 0.4022861
176 0.2547963
177 0.1647224
178 0.5099793
179 0.5609957
180 0.7262818
181 0.9407206
182 0.7037719
183 0.3184504
184 0.2407907
185 0.03821387
186 0.9826361
187 0.3497963
188 0.5695541
189 0.7570051
190 0.702173
191 0.06114511
192 0.01403672
193 0.9100935
194 0.7896127
195 0.9469976
196 0.9969234
197 0.8610788
198 0.1431592
199 0.9224683
200 0.605492
201 0.7445255
202 0.0600886
203 0.3760789
204 0.9074006
205 0.02869505
206 0.7823021
207 0.9254723
208 0.3974178
209 0.684517
210 0.4348365
211 0.311592
212 0.9041168
213 0.09736147
214 0.3721942
215 0.247359
216 0.9140074
217 0.7550762
218 0.1160817
219 0.8791793
220 0.3749484
221 0.9141263
222 0.07141251
223 0.5269134
224 0.2359101
225 0.6164839
226 0.9334718
227 0.57617
228 0.3771992
229 0.311523
230 0.8888769
231 0.6932968
232 0.7992957
233 0.4133182
234 0.9608638
235 0.6913078
236 0.621084
237 0.6879152
238 0.05511086
239 0.317132
240 0.4809632
241 0.691447
242 0.5651903
243 0.5881561
244 0.1009182
245 0.9544928
246 0.4696043
247 0.6511088
248 0.4068506
249 0.02258785
250 0.8387572
251 0.3514272
252 0.2783095
253 0.3141186
254 0.3382609
255 0.6335249
256 0.09066897
257 0.4733701
258 0.1907064
259 0.08510217
260 0.694581
261 0.9502562
262 0.4677313
263 0.9064224
264 0.5964103
265 0.5885322
266 0.6825006
267 0.9610696
268 0.9858338
269 0.3404589
270 0.8801661
271 0.4485068
272 0.8114641
273 0.6051171
274 0.8117502
275 0.7948438
276 0.6596133
277 0.6178226
278 0.3214329
279 0.00164961
280 0.7626998
281 0.9886695
282 0.9159508
283 0.106363
284 0.1507186
285 0.6231583
286 0.7974134
287 0.03017766
288 0.161603
289 0.6387426
290 0.176695
291 0.3428847
292 0.7162859
293 0.7064871
294 0.9286402
295 0.938215
296 0.01366709
297 0.4020518
298 0.1310151
299 0.7194558
300 0.8804758
301 0.8813958
302 0.2224821
303 0.1112248
304 0.1136936
305 0.4466932
306 0.7410798
307 0.4997664
308 0.6642405
309 0.371547
310 0.4910043
311 0.1265525
312 0.5163425
313 0.2197195
314 0.2641991
315 0.681903
316 0.5259628
317 0.1632635
318 0.8191522
319 0.546663
320 0.1833936
321 0.2786471
322 0.5934635
323 0.2153591
324 0.8650312
325 0.06296767
326 0.7351175
327 0.7783651
328 0.7588032
329 0.08754614
330 0.3986905
331 0.9764273
332 0.8911692
333 0.6090571
334 0.4871491
335 0.8963813
336 0.6466624
337 0.4772627
338 0.6047139
339 0.005825205
340 0.6044006
341 0.3806739
342 0.4518003
343 0.4541902
344 0.5026134
345 0.5683285
346 0.551651
347 0.3361471
348 0.6185203
349 0.2017766
350 0.2949807
351 0.6734766
352 0.07184598
353 0.03060031
354 0.6155955
355 0.8644249
356 0.2108809
357 0.07972034
358 0.2878398
359 0.7866699
360 0.7654331
361 0.6298049
362 0.03044489
363 0.401377
364 0.906872
365 0.9499868
366 0.9272171
367 0.2166589
368 0.8658981
369 0.658395
370 0.2376122
371 0.697785
372 0.3545903
373 0.6270863
374 0.6642716
375 0.6019885
376 0.1290564
377 0.8030424
378 0.1955101
379 0.6718936
380 0.7831042
381 0.5582334
382 0.3612797
383 0.6115603
384 0.2078381
385 0.7988293
386 0.4479598
387 0.2375992
388 0.5986157
389 0.3793761
390 0.009407573
391 0.3491515
392 0.9480218
393 0.404971
394 0.01834483
395 0.1244839
396 0.9293522
397 0.154618
398 0.3649038
399 0.2147599
400 0.6760775
401 0.6365254
402 0.4350014
403 0.2761228
404 0.1722545
405 0.5864761
406 0.399309
407 0.9320284
408 0.08591789
409 0.528915
410 0.8574347
411 0.3303863
412 0.284609
413 0.184327
414 0.9519881
415 0.1469553
416 0.06460003
417 0.3418322
418 0.3157067
419 0.9592841
420 0.913949
421 0.8457637
422 0.2972551
423 0.4942376
424 0.4734053
425 0.6718402
426 0.924443
427 0.3003053
428 0.4534569
429 0.2011193
430 0.3039128
431 0.1184263
432 0.8440295
433 0.4667547
434 0.3072052
435 0.6859299
436 0.537409
437 0.09604268
438 0.1839327
439 0.1908975
440 0.2888726
441 0.5549137
442 0.2945339
443 0.5185455
444 0.1995411
445 0.4149984
446 0.009888643
447 0.7182044
448 0.9705531
449 0.9837298
450 0.7135654
451 0.02089216
452 0.8184468
453 0.3877037
454 0.7565646
455 0.7912189
456 0.7909702
457 0.1806035
458 0.3649085
459 0.3068797
460 0.6889074
461 0.752107
462 0.450148
463 0.2073811
464 0.2811599
465 0.1294405
466 0.5198804
467 0.03389725
468 0.07829306
469 0.9786878
470 0.002918118
471 0.3632505
472 0.4475835
473 0.7836987
474 0.6058524
475 0.7871971
476 0.6044945
477 0.7638981
478 0.9606312
479 0.2645831
480 0.5591467
481 0.4244392
482 0.04480499
483 0.274224
484 0.3586245
485 0.2454092
486 0.1912843
487 0.1657732
488 0.6341321
489 0.642431
490 0.6202354
491 0.3537533
492 0.1021867
493 0.5691152
494 0.5768113
495 0.04575218
496 0.9925978
497 0.6890343
498 0.3014094
499 0.1463224
500 0.4408629
501 0.5918765
502 0.6016244
503 0.6913015
504 0.5487384
505 0.159418
506 0.6729236
507 0.3738469
508 0.2063796
509 0.01987654
510 0.1994558
511 0.02299837
512 0.7973929
513 0.3999702
514 0.00401752
515 0.2829932
516 0.8182954
517 0.6056663
518 0.7257484
519 0.05654257
520 0.1045382
521 0.0164543
522 0.02271144
523 0.3961297
524 0.04642676
525 0.1449631
526 0.1402436
527 0.04062307
528 0.356105
529 0.1153009
530 0.559927
531 0.6114066
532 0.305884
533 0.6578033
534 0.03615273
535 0.8797943
536 0.07606737
537 0.9840015
538 0.1972955
539 0.1100787
540 0.9313646
541 0.02957885
542 0.2427281
543 0.5060349
544 0.1527759
545 0.5974977
546 0.1548824
547 0.5936379
548 0.9170436
549 0.9831425
550 0.163062
551 0.244849
552 0.1889139
553 0.0499266
554 0.0870329
555 0.02463794
556 0.5035782
557 0.07829058
558 0.9338461
559 0.3630086
560 0.9622105
561 0.5860981
562 0.930707
563 0.004760476
564 0.3334956
565 0.2192256
566 0.550625
567 0.243381
568 0.4000642
569 0.1188209
570 0.3503951
571 0.8617162
572 0.004266225
573 0.472543
574 0.05964133
575 0.4183287
576 0.8166732
577 0.9136563
578 0.2949463
579 0.4522114
580 0.665402
581 0.01007378
582 0.9696956
583 0.9092081
584 0.2748952
585 0.4635204
586 0.6770071
587 0.6228552
588 0.5881514
589 0.9576886
590 0.9085718
591 0.1406058
592 0.6491015
593 0.2036499
594 0.9472641
595 0.1336841
596 0.5532465
597 0.907358
598 0.4549696
599 0.6401888
600 0.6285135
601 0.4307927
602 0.5670734
603 0.3535239
604 0.6776214
605 0.7775468
606 0.04238997
607 0.5087786
608 0.927547
609 0.3109663
610 0.9246835
611 0.8057235
612 0.06784233
613 0.07120843
614 0.9155056
615 0.292275
616 0.474758
617 0.05820636
618 0.1560209
619 0.4597939
620 0.9536891
621 0.4131259
622 0.7487255
623 0.2864807
624 0.6603362
625 0.5513308
626 0.1954263
627 0.09221161
628 0.3817767
629 0.2017195
630 0.03466465
631 0.6383542
632 0.7479661
633 0.4932869
634 0.6419639
635 0.606361
636 0.3122613
637 0.8977253
638 0.9608178
639 0.4740426
640 0.61782
641 0.5992062
642 0.7102723
643 0.6684427
644 0.3799905
645 0.4869056
646 0.9071997
647 0.03601777
648 0.1306525
649 0.5362989
650 0.9933045
651 0.4791058
652 0.8180365
653 0.999844
654 0.3136004
655 0.1546795
656 0.1830016
657 0.8310184
658 0.4302332
659 0.6612765
660 0.157053
661 0.9929714
662 0.6195483
663 0.6272608
664 0.8915639
665 0.8016618
666 0.405573
667 0.2600897
668 0.6052216
669 0.9781428
670 0.6752576
671 0.04610656
672 0.3008399
673 0.8519591
674 0.2893147
675 0.1902828
676 0.1709213
677 0.8879449
678 0.7287951
679 0.3091292
680 0.3892307
681 0.611685
682 0.8135354
683 0.8569469
684 0.9803666
685 0.2601947
686 0.3174836
687 0.1285877
688 0.6782372
689 0.4334084
690 0.8716868
691 0.5364088
692 0.031357
693 0.9973969
694 0.738194
695 0.2247649
696 0.07579201
697 0.6960064
698 0.3698096
699 0.05503705
700 0.472317
701 0.3713069
702 0.9642726
703 0.3876504
704 0.5297853
705 0.7999501
706 0.8974017
707 0.9075623
708 0.09049983
709 0.03471774
710 0.1425663
711 0.1047538
712 0.04372702
713 0.9834559
714 0.18548
715 0.2791513
716 0.7858196
717 0.4948323
718 0.3458725
719 0.7106978
720 0.890903
721 0.4606484
722 0.1837535
723 0.52945
724 0.9413238
725 0.2018802
726 0.4146341
727 0.3691364
728 0.6638717
729 0.6832564
730 0.972604
731 0.6476284
732 0.812672
733 0.7511731
734 0.7211372
735 0.6302696
736 0.25735
737 0.3282239
738 0.2421566
739 0.197579
740 0.3202799
741 0.1796987
742 0.0358478
743 0.5114294
744 0.547259
745 0.9761894
746 0.9519875
747 0.4965746
748 0.9979304
749 0.2327128
750 0.6167856
751 0.411478
752 0.6882237
753 0.9007807
754 0.8066278
755 0.9508621
756 0.6865326
757 0.10011
758 0.1044709
759 0.6206371
760 0.8649036
761 0.7180501
762 0.3460415
763 0.7724794
764 0.5793772
765 0.002928393
766 0.3713435
767 0.4365343
768 0.7271074
769 0.7445139
770 0.8132876
771 0.6830567
772 0.2726154
773 0.6414917
774 0.03754341
775 0.07914722
776 0.9098389
777 0.6569653
778 0.4275078
779 0.5991504
780 0.9992948
781 0.4828246
782 0.8721962
783 0.1402971
784 0.1657343
785 0.7499267
786 0.4842124
787 0.7539703
788 0.3901256
789 0.8560154
790 0.3169927
791 0.9313078
792 0.4129288
793 0.5140951
794 0.02682339
795 0.6586571
796 0.0130652
797 0.5559762
798 0.2950378
799 0.3784867
800 0.2248057
801 0.9084079
802 0.1895719
803 0.5953686
804 0.3608737
805 0.9112441
806 0.6955014
807 0.6185708
808 0.4029917
809 0.8848811
810 0.9429364
811 0.4101918
812 0.8960169
813 0.998282
814 0.2908993
815 0.1986746
816 0.8590226
817 0.04622348
818 0.1288342
819 0.706572
820 0.6227453
821 0.7577677
822 0.1364134
823 0.8572003
824 0.959256
825 0.1094592
826 0.7285598
827 0.6466523
828 0.3204707
829 0.5007178
830 0.1964159
831 0.1411608
832 0.7452005
833 0.9205499
834 0.9212049
835 0.4195697
836 0.5625771
837 0.7640054
838 0.8979679
839 0.5718823
840 0.2236336
841 0.01238233
842 0.5826256
843 0.8066884
844 0.8412089
845 0.8868313
846 0.1014415
847 0.4250864
848 0.1138093
849 0.8227065
850 0.5541429
851 0.5882331
852 0.695796
853 0.1508618
854 0.4663562
855 0.6808444
856 0.2349675
857 0.4309061
858 0.5156829
859 0.283428
860 0.09324301
861 0.9001225
862 0.5887631
863 0.8570727
864 0.2521048
865 0.4171994
866 0.9651916
867 0.5215521
868 0.8155174
869 0.8178595
870 0.6565492
871 0.2463565
872 0.4147723
873 0.8480667
874 0.8484984
875 0.009936435
876 0.7575112
877 0.3514434
878 0.137332
879 0.5497202
880 0.1561002
881 0.09079097
882 0.6983182
883 0.8033678
884 0.2662291
885 0.6838579
886 0.7811498
887 0.3396255
888 0.8680472
889 0.3275107
890 0.3086435
891 0.836694
892 0.6559653
893 0.805915
894 0.9952349
895 0.3053501
896 0.3385579
897 0.8495385
898 0.4151357
899 0.9722898
900 0.2965173
901 0.321354
902 0.183466
903 0.7394449
904 0.8077511
905 0.5020056
906 0.08055947
907 0.1619316
908 0.6282457
909 0.4338515
910 0.9326072
911 0.4779357
912 0.8741598
913 0.4777351
914 0.1053129
915 0.9658604
916 0.5642761
917 0.1914688
918 0.9671945
919 0.6595786
920 0.9058658
921 0.1358251
922 0.7100092
923 0.8789914
924 0.3575674
925 0.726352
926 0.2562007
927 0.6933944
928 0.8436623
929 0.6800115
930 0.1257879
931 0.9952007
932 0.7172785
933 0.8539213
934 0.5233775
935 0.003950099
936 0.5397627
937 0.9705447
938 0.940782
939 0.8833922
940 0.4835187
941 0.1351668
942 0.1314516
943 0.1479617
944 0.8855733
945 0.5355551
946 0.4007966
947 0.5965223
948 0.5020217
949 0.9199122
950 0.9258877
951 0.8418846
952 0.1487707
953 0.5445109
954 0.8898027
955 0.6292114
956 0.7701167
957 0.7436572
958 0.3744353
959 0.2237116
960 0.683667
961 0.2707971
962 0.1707157
963 0.6074239
964 0.5441033
965 0.05207316
966 0.3544918
967 0.4435509
968 0.1280624
969 0.9702648
970 0.09741321
971 0.06521723
972 0.3340805
973 0.6071148
974 0.7033378
975 0.6735543
976 0.8743084
977 0.7477617
978 0.5140042
979 0.8233963
980 0.2114595
981 0.8757775
982 0.3399808
983 0.06142501
984 0.3541785
985 0.2340949
986 0.6090401
987 0.4486798
988 0.5303379
989 0.9087726
990 0.7123663
991 0.1858889
992 0.2323317
993 0.2953734
994 0.07819027
995 0.3678615
996 0.1136106
997 0.1728948
998 0.5822229
999 0.7211138
1000 0.8250666
1001 0.006234206
1002 0.3842879
1003 0.8030068
1004 0.6574241
1005 0.8177176
1006 0.3064419
1007 0.9364735
1008 0.5435966
1009 0.6981435
1010 0.7757064
1011 0.6003697
1012 0.5819564
1013 0.3558845
1014 0.5840319
1015 0.5839847
1016 0.7247833
1017 0.7242102
1018 0.6221438
1019 0.1882105
1020 0.7372245
1021 0.5465738
1022 0.5999864
1023 0.9350275
1024 0.9191562
1025 0.1900343
1026 0.4920174
1027 0.195252
1028 0.7702813
1029 0.1748933
1030 0.8514848
1031 0.249364
1032 0.0611442
1033 0.1058703
1034 0.1893252
1035 0.5656479
1036 0.4391755
1037 0.8346743
1038 0.09208639
1039 0.6446315
1040 0.8832765
1041 0.8986599
1042 0.8310579
1043 0.9872291
1044 0.1422562
1045 0.4102845
1046 0.05688726
1047 0.5064295
1048 0.4457308
1049 0.3172005
1050 0.5584771
1051 0.4292843
1052 0.9997473
1053 0.126024
1054 0.1685216
1055 0.4716693
1056 0.7158088
1057 0.0988982
1058 0.01876018
1059 0.7293043
1060 0.2902439
1061 0.9890548
1062 0.8476922
1063 0.6891869
1064 0.7696768
1065 0.6898496
1066 0.4004472
1067 0.1036818
1068 0.2468582
1069 0.6077442
1070 0.7990263
1071 0.5127692
1072 0.05434749
1073 0.09251496
1074 0.6009627
1075 0.4716832
1076 0.8856868
1077 0.7139264
1078 0.9416603
1079 0.4730666
1080 0.9945507
1081 0.09406625
1082 0.3261922
1083 0.2354277
1084 0.6490176
1085 0.1420544
1086 0.4134036
1087 0.7534821
1088 0.453659
1089 0.4428798
1090 0.8755134
1091 0.003246192
1092 0.03147817
1093 0.7876757
1094 0.3310021
1095 0.6159293
1096 0.1802359
1097 0.2802331
1098 0.9470797
1099 0.1150296
1100 0.04096253
1101 0.9331325
1102 0.00189942
1103 0.9365093
1104 0.4008512
1105 0.4991191
1106 0.648165
1107 0.4570945
1108 0.5047125
1109 0.09058203
1110 0.4271081
1111 0.7839134
1112 0.9145268
1113 0.04901815
1114 0.3294857
1115 0.06702572
1116 0.1363277
1117 0.03529749
1118 0.4723765
1119 0.2237673
1120 0.3188267
1121 0.4553888
1122 0.717602
1123 0.391981
1124 0.4291653
1125 0.764967
1126 0.7285852
1127 0.2210278
1128 0.07965816
1129 0.03151996
1130 0.02510892
1131 0.8993909
1132 0.07825827
1133 0.5007702
1134 0.3057335
1135 0.8974362
1136 0.6288537
1137 0.7684671
1138 0.5708348
1139 0.06523118
1140 0.9587907
1141 0.8736991
1142 0.3143176
1143 0.2338132
1144 0.1014888
1145 0.2122541
1146 0.1717523
1147 0.3801129
1148 0.8834774
1149 0.8947226
1150 0.5635352
1151 0.1356709
1152 0.364315
1153 0.8869152
1154 0.2733643
1155 0.4014789
1156 0.6284027
1157 0.840027
1158 0.05684719
1159 0.6391648
1160 0.4979372
1161 0.1564177
1162 0.5683699
1163 0.6238538
1164 0.9427496
1165 0.0002399468
1166 0.6089445
1167 0.1227524
1168 0.4852903
1169 0.100665
1170 0.4840888
1171 0.8455493
1172 0.2779475
1173 0.2406044
1174 0.6658859
1175 0.5027279
1176 0.516567
1177 0.4428235
1178 0.5939273
1179 0.3145418
1180 0.8083037
1181 0.6781233
1182 0.2881813
1183 0.08730128
1184 0.05454023
1185 0.7945806
1186 0.4807725
1187 0.3916659
1188 0.7096794
1189 0.6778423
1190 0.589867
1191 0.1371643
1192 0.6910011
1193 0.953108
1194 0.2717345
1195 0.1559222
1196 0.4989659
1197 0.7147171
1198 0.3181582
1199 0.5848329
1200 0.1669023
1201 0.7338023
1202 0.1765224
1203 0.3749498
1204 0.9391773
1205 0.1753348
1206 0.2475242
1207 0.01986509
1208 0.5654733
1209 0.7098605
1210 0.9203427
1211 0.9347357
1212 0.07641831
1213 0.1469485
1214 0.1474499
1215 0.2899434
1216 0.6122997
1217 0.006392124
1218 0.1526167
1219 0.4477389
1220 0.7188501
1221 0.6052362
1222 0.8270509
1223 0.4463554
1224 0.08649624
1225 0.3468744
1226 0.4082164
1227 0.7718162
1228 0.8445287
1229 0.9900614
1230 0.2911687
1231 0.2554453
1232 0.4194195
1233 0.1729404
1234 0.4638978
1235 0.8969176
1236 0.9280341
1237 0.6983936
1238 0.7256748
1239 0.8159259
1240 0.958635
1241 0.441116
1242 0.940851
1243 0.6821684
1244 0.3978727
1245 0.482412
1246 0.8378883
1247 0.1607623
1248 0.223349
1249 0.9047303
1250 0.3527844
1251 0.2544278
1252 0.8491778
1253 0.4521592
1254 0.03122387
1255 0.4810137
1256 0.4466487
1257 0.9104441
1258 0.904042
1259 0.2105141
1260 0.4342345
1261 0.7368242
1262 0.3046005
1263 0.8390362
1264 0.5064386
1265 0.9768536
1266 0.3858426
1267 0.9980617
1268 0.7983333
1269 0.1417159
1270 0.4815455
1271 0.3504677
1272 0.6546305
1273 0.4195804
1274 0.1890058
1275 0.01862264
1276 0.1605587
1277 0.5938102
1278 0.2126313
1279 0.7020922
1280 0.07712785
1281 0.2119163
1282 0.8459181
1283 0.5271208
1284 0.523849
1285 0.2729708
1286 0.5383431
1287 0.391603
1288 0.9551855
1289 0.7219533
1290 0.2242771
1291 0.7434534
1292 0.8903465
1293 0.8931603
1294 0.4372264
1295 0.2139545
1296 0.2219304
1297 0.4835156
1298 0.1240549
1299 0.4667669
1300 0.5021811
1301 0.9410929
1302 0.2295965
1303 0.1313395
1304 0.4966446
1305 0.8515937
1306 0.06568419
1307 0.7249581
1308 0.1876867
1309 0.3597036
1310 0.117957
1311 0.864474
1312 0.1578754
1313 0.7571939
1314 0.9801754
1315 0.9198836
1316 0.5437842
1317 0.8370583
1318 0.6702461
1319 0.3596129
1320 0.8622389
1321 0.9834948
1322 0.5543531
1323 0.7422904
1324 0.6870274
1325 0.1665012
1326 0.7645864
1327 0.3688
1328 0.3102108
1329 0.9687617
1330 0.5758462
1331 0.7409625
1332 0.1191779
1333 0.5122657
1334 0.5386868
1335 0.8736982
1336 0.9727577
1337 0.6931115
1338 0.6276796
1339 0.3072497
1340 0.5410013
1341 0.744712
1342 0.05047827
1343 0.1837666
1344 0.8608853
1345 0.01072488
1346 0.1063428
1347 0.893604
1348 0.2853406
1349 0.9252629
1350 0.09792566
1351 0.8900961
1352 0.09974566
1353 0.2767239
1354 0.4938111
1355 0.8578264
1356 0.05964187
1357 0.1197586
1358 0.7234933
1359 0.3080897
1360 0.3778543
1361 0.8875265
1362 0.2105373
1363 0.9821591
1364 0.2360201
1365 0.07090509
1366 0.7666335
1367 0.7105658
1368 0.9957979
1369 0.136321
1370 0.9659354
1371 0.656454
1372 0.3363156
1373 0.3487971
1374 0.4621299
1375 0.4723356
1376 0.9564057
1377 0.4473362
1378 0.7750638
1379 0.5828523
1380 0.6032354
1381 0.7641691
1382 0.7849762
1383 0.7659321
1384 0.1559259
1385 0.06938052
1386 0.09719129
1387 0.7989104
1388 0.8230236
1389 0.05366194
1390 0.6039674
1391 0.49203
1392 0.414146
1393 0.9542075
1394 0.0543702
1395 0.648335
1396 0.6766063
1397 0.46352
1398 0.3407248
1399 0.6338393
1400 0.8558827
1401 0.5817558
1402 0.6459154
1403 0.649553
1404 0.3192521
1405 0.181069
1406 0.3930602
1407 0.06421068
1408 0.1872359
1409 0.3519318
1410 0.8796364
1411 0.1590153
1412 0.4593823
1413 0.3946146
1414 0.7660267
1415 0.403443
1416 0.3865653
1417 0.2161511
1418 0.5520743
1419 0.6613878
1420 0.9821984
1421 0.2307353
1422 0.8676787
1423 0.8266934
1424 0.8484867
1425 0.6364289
1426 0.9093158
1427 0.8445388
1428 0.004257039
1429 0.5853656
1430 0.5146584
1431 0.01004702
1432 0.2788786
1433 0.3815843
1434 0.6306157
1435 0.5302247
1436 0.05817699
1437 0.03012447
1438 0.04409396
1439 0.9525433
1440 0.419085
1441 0.5328148
1442 0.8120529
1443 0.9379902
1444 0.9633613
1445 0.7668118
1446 0.2992346
1447 0.8539924
1448 0.9223352
1449 0.1048353
1450 0.1394071
1451 0.08723287
1452 0.4255315
1453 0.1905373
1454 0.1523337
1455 0.1906428
1456 0.9854246
1457 0.5788081
1458 0.1585978
1459 0.8470558
1460 0.001305087
1461 0.4541982
1462 0.4939039
1463 0.7393313
1464 0.286698
1465 0.2859162
1466 0.8989593
1467 0.5541911
1468 0.6209923
1469 0.9916053
1470 0.1551453
1471 0.3699511
1472 0.2013801
1473 0.38744
1474 0.04124582
1475 0.5923235
1476 0.6572755
1477 0.7541391
1478 0.3104321
1479 0.116975
1480 0.6913025
1481 0.3031472
1482 0.5294119
1483 0.4587202
1484 0.06680305
1485 0.5923078
1486 0.3202857
1487 0.917699
1488 0.7663179
1489 0.2552476
1490 0.4033028
1491 0.3272113
1492 0.8034085
1493 0.6440215
1494 0.8332471
1495 0.8273166
1496 0.7279458
1497 0.2594752
1498 0.08392259
1499 0.2105382
1500 0.2411004
1501 0.9529564
1502 0.695239
1503 0.1145365
1504 0.6810032
1505 0.9672384
1506 0.1567521
1507 0.8982431
1508 0.02072122
1509 0.9673985
1510 0.01050517
1511 0.000215367
1512 0.2712631
1513 0.9790369
1514 0.667064
1515 0.9318
1516 0.2829213
1517 0.01960623
1518 0.962683
1519 0.1155114
1520 0.02627767
1521 0.04134557
1522 0.8959985
1523 0.1025905
1524 0.9718761
1525 0.9302963
1526 0.0745168
1527 0.09150726
1528 0.6091435
1529 0.2309218
1530 0.3497552
1531 0.778365
1532 0.4143018
1533 0.4206836
1534 0.5597874
1535 0.2804486
1536 0.1102447
1537 0.6745644
1538 0.5637655
1539 0.6040252
1540 0.02660571
1541 0.6120656
1542 0.9776216
1543 0.7629275
1544 0.8887663
1545 0.7934108
1546 0.4650676
1547 0.23134
1548 0.6901839
1549 0.7394455
1550 0.2553118
1551 0.9729412
1552 0.416166
1553 0.2401078
1554 0.4201262
1555 0.58337
1556 0.4628545
1557 0.0343591
1558 0.985423
1559 0.7132084
1560 0.859462
1561 0.2951898
1562 0.4578003
1563 0.6784811
1564 0.4372956
1565 0.5509461
1566 0.1202809
1567 0.4633426
1568 0.3161346
1569 0.9834995
1570 0.35412
1571 0.704224
1572 0.05130776
1573 0.6048272
1574 0.4973166
1575 0.1181572
1576 0.5820083
1577 0.1712618
1578 0.6558356
1579 0.7666616
1580 0.3398003
1581 0.7086036
1582 0.7983291
1583 0.4149903
1584 0.04820516
1585 0.452085
1586 0.1285159
1587 0.1050521
1588 0.07723915
1589 0.2007914
1590 0.03624332
1591 0.7646518
1592 0.9875782
1593 0.1789334
1594 0.6207761
1595 0.3287627
1596 0.4933144
1597 0.2868638
1598 0.947318
1599 0.60538
1600 0.8980634
1601 0.3018289
1602 0.4819974
1603 0.5963864
1604 0.7198509
1605 0.5982695
1606 0.2781002
1607 0.2574852
1608 0.1005057
1609 0.8373221
1610 0.2008387
1611 0.8534358
1612 0.5101016
1613 0.4205434
1614 0.2844511
1615 0.7586921
1616 0.0223571
1617 0.4589767
1618 0.951087
1619 0.8315798
1620 0.4290175
1621 0.4545399
1622 0.4298152
1623 0.4788575
1624 0.5337648
1625 0.1460571
1626 0.8655498
1627 0.5516537
1628 0.9164275
1629 0.4017706
1630 0.6343219
1631 0.5406783
1632 0.7986238
1633 0.6152823
1634 0.8781554
1635 0.5366693
1636 0.402952
1637 0.6470872
1638 0.3199647
1639 0.3632752
1640 0.4674787
1641 0.9507007
1642 0.9051968
1643 0.3236346
1644 0.1075952
1645 0.5259113
1646 0.6682278
1647 0.6283183
1648 0.5317361
1649 0.8732442
1650 0.2283539
1651 0.1269013
1652 0.2743074
1653 0.3753478
1654 0.1748622
1655 0.816555
1656 0.108726
1657 0.3551178
1658 0.1282144
1659 0.09711665
1660 0.04018438
1661 0.1101122
1662 0.330943
1663 0.9772423
1664 0.9073181
1665 0.3083934
1666 0.2231589
1667 0.7794497
1668 0.3558217
1669 0.02030205
1670 0.9843196
1671 0.7050552
1672 0.931774
1673 0.3784938
1674 0.03324676
1675 0.5389773
1676 0.1847043
1677 0.3618297
1678 0.07380933
1679 0.2220453
1680 0.6120058
1681 0.1527121
1682 0.09646545
1683 0.4269797
1684 0.5532425
1685 0.6162064
1686 0.03369812
1687 0.3465991
1688 0.5848302
1689 0.6078373
1690 0.2516639
1691 0.2561828
1692 0.3070821
1693 0.2843907
1694 0.1799506
1695 0.7880382
1696 0.7674158
1697 0.05590915
1698 0.7958697
1699 0.2951193
1700 0.9104164
1701 0.05348972
1702 0.8707314
1703 0.2068601
1704 0.1940372
1705 0.761392
1706 0.3139088
1707 0.1203779
1708 0.1447881
1709 0.9680442
1710 0.3834142
1711 0.8785801
1712 0.6230987
1713 0.3587305
1714 0.03401728
1715 0.2805574
1716 0.6964729
1717 0.05349804
1718 0.7729277
1719 0.9907956
1720 0.8642097
1721 0.9947566
1722 0.04968377
1723 0.7807662
1724 0.9558229
1725 0.1059833
1726 0.8377646
1727 0.2161111
1728 0.2996636
1729 0.6635466
1730 0.4222539
1731 0.6961027
1732 0.1801507
1733 0.04628528
1734 0.7613153
1735 0.2511393
1736 0.3893686
1737 0.05145334
1738 0.523534
1739 0.9549126
1740 0.4573335
1741 0.3154332
1742 0.3865333
1743 0.219474
1744 0.9082552
1745 0.3315943
1746 0.707535
1747 0.4123217
1748 0.98512
1749 0.8418977
1750 0.9961026
1751 0.7759204
1752 0.5377436
1753 0.201122
1754 0.01086237
1755 0.6423588
1756 0.5931617
1757 0.009477062
1758 0.974182
1759 0.6454719
1760 0.6201158
1761 0.4443524
1762 0.7525894
1763 0.2067152
1764 0.8959889
1765 0.2588789
1766 0.9392931
1767 0.3635381
1768 0.8091326
1769 0.8801226
1770 0.5802684
1771 0.1204453
1772 0.1173497
1773 0.7623938
1774 0.6284955
1775 0.2259522
1776 0.5196544
1777 0.03770756
1778 0.4579658
1779 0.1497358
1780 0.2790151
1781 0.3879805
1782 0.7404542
1783 0.3976368
1784 0.1953633
1785 0.5618221
1786 0.05333605
1787 0.1575862
1788 0.3804887
1789 0.4561686
1790 0.4850246
1791 0.4213492
1792 0.04139085
1793 0.0124731
1794 0.4417515
1795 0.02849358
1796 0.3954392
1797 0.5358528
1798 0.9076652
1799 0.7484725
1800 0.06879093
1801 0.6467608
1802 0.3760959
1803 0.06182898
1804 0.08097425
1805 0.7424368
1806 0.1386405
1807 0.1449082
1808 0.7263645
1809 0.6189078
1810 0.6715382
1811 0.2772772
1812 0.3645337
1813 0.4027544
1814 0.2734306
1815 0.02377601
1816 0.713384
1817 0.09410129
1818 0.6933535
1819 0.2554857
1820 0.9479546
1821 0.8607801
1822 0.1539981
1823 0.2039357
1824 0.3149102
1825 0.6147429
1826 0.51696
1827 0.5207345
1828 0.1328441
1829 0.1373853
1830 0.1889117
1831 0.0001963903
1832 0.1427423
1833 0.6966991
1834 0.9036176
1835 0.1652132
1836 0.9388433
1837 0.3866499
1838 0.5999971
1839 0.9390264
1840 0.2399961
1841 0.7237265
1842 0.5953234
1843 0.9472741
1844 0.4781076
1845 0.3756967
1846 0.2828449
1847 0.7550818
1848 0.7729574
1849 0.7215007
1850 0.4318022
1851 0.523827
1852 0.842211
1853 0.7263489
1854 0.4499237
1855 0.6347359
1856 0.9844631
1857 0.6972812
1858 0.2687578
1859 0.8917018
1860 0.3489163
1861 0.9604498
1862 0.5706895
1863 0.1692506
1864 0.2562706
1865 0.3399913
1866 0.05406346
1867 0.2374329
1868 0.9878805
1869 0.7960315
1870 0.8996704
1871 0.9349394
1872 0.9875544
1873 0.9160236
1874 0.1437949
1875 0.1004441
1876 0.9091732
1877 0.4389101
1878 0.07436054
1879 0.1804995
1880 0.2059822
1881 0.5342745
1882 0.5575004
1883 0.6732658
1884 0.8806742
1885 0.5448173
1886 0.6453246
1887 0.7937342
1888 0.8364647
1889 0.4722738
1890 0.2475611
1891 0.3023199
1892 0.03555243
1893 0.8435298
1894 0.6287776
1895 0.2436958
1896 0.01602985
1897 0.8438233
1898 0.20949
1899 0.6851603
1900 0.1488439
1901 0.02469287
1902 0.002438884
1903 0.5731265
1904 0.6553282
1905 0.8443984
1906 0.8222231
1907 0.7574529
1908 0.3853624
1909 0.01369803
1910 0.7759795
1911 0.3928074
1912 0.854402
1913 0.5228737
1914 0.2029593
1915 0.9472825
1916 0.7077613
1917 0.2568454
1918 0.3597483
1919 0.473063
1920 0.8522241
1921 0.4312552
1922 0.2211168
1923 0.1899764
1924 0.5557495
1925 0.6983433
1926 0.1514056
1927 0.3938484
1928 0.1096007
1929 0.8862932
1930 0.8171327
1931 0.3759825
1932 0.03071802
1933 0.4665414
1934 0.2463221
1935 0.4223465
1936 0.5638245
1937 0.0760255
1938 0.5776847
1939 0.3218337
1940 0.01005181
1941 0.590087
1942 0.4521521
1943 0.4339506
1944 0.6076258
1945 0.6201041
1946 0.7512032
1947 0.113504
1948 0.3520444
1949 0.6543571
1950 0.4787975
1951 0.01422211
1952 0.6750413
1953 0.3762983
1954 0.4671213
1955 0.2977262
1956 0.8283505
1957 0.3801253
1958 0.6120425
1959 0.6447656
1960 0.6736641
1961 0.8120029
1962 0.3491806
1963 0.3752785
1964 0.5057785
1965 0.02791823
1966 0.0307114
1967 0.1338334
1968 0.6144847
1969 0.3050085
1970 0.1550412
1971 0.8991441
1972 0.6138523
1973 0.8306303
1974 0.7105097
1975 0.214072
1976 0.0256831
1977 0.6284012
1978 0.1115109
1979 0.07920587
1980 0.3088685
1981 0.4000313
1982 0.0394386
1983 0.3693535
1984 0.9868218
1985 0.9740293
1986 0.1635334
1987 0.7936993
1988 0.2425481
1989 0.3165957
1990 0.8118888
1991 0.7351156
1992 0.1481135
1993 0.3819684
1994 0.7678158
1995 0.5363037
1996 0.08888396
1997 0.2736003
1998 0.5428236
1999 0.8321106
2000 0.2913921
2001 0.2434596
2002 0.916038
2003 0.4153031
2004 0.6896582
2005 0.4196878
2006 0.3610849
2007 0.1120094
2008 0.9671341
2009 0.5656583
2010 0.6859851
2011 0.8464069
2012 0.1504824
2013 0.09854229
2014 0.8656773
2015 0.9327282
2016 0.8136251
2017 0.3901051
2018 0.6393832
2019 0.5317732
2020 0.8927148
2021 0.3734125
2022 0.656398
2023 0.2560432
2024 0.186899
2025 0.7051323
2026 0.7256726
2027 0.3885403
2028 0.4942703
2029 0.348729
2030 0.7423491
2031 0.7095069
2032 0.4562619
2033 0.9069992
2034 0.07577515
2035 0.1713778
2036 0.4108307
2037 0.6335487
2038 0.751311
2039 0.4940039
2040 0.7299802
2041 0.3889363
2042 0.235473
2043 0.1309036
2044 0.4459637
2045 0.7261062
2046 0.1118042
2047 0.4730026
2048 0.0400197
2049 0.2637958
2050 0.03887718
2051 0.4325735
2052 0.24905
2053 0.700543
2054 0.1683493
2055 0.2082475
2056 0.06803718
2057 0.565043
2058 0.8077678
2059 0.004251295
2060 0.5033103
2061 0.2130693
2062 0.9868498
2063 0.4465723
2064 0.8463825
2065 0.1511753
2066 0.7799404
2067 0.7433729
2068 0.4567762
2069 0.8640308
2070 0.1364431
2071 0.7682433
2072 0.007985636
2073 0.8419371
2074 0.1793501
2075 0.3905177
2076 0.7844897
2077 0.496487
2078 0.5904036
2079 0.7952911
2080 0.9150754
2081 0.2644655
2082 0.2261567
2083 0.2667539
2084 0.7233237
2085 0.3696504
2086 0.4988584
2087 0.09349585
2088 0.08708797
2089 0.659889
2090 0.4934174
2091 0.4312251
2092 0.07379156
2093 0.1784579
2094 0.1089699
2095 0.3115137
2096 0.8967308
2097 0.8394085
2098 0.7350056
2099 0.07574358
2100 0.3749412
2101 0.6185987
2102 0.9328248
2103 0.5761468
2104 0.7202393
2105 0.02405376
2106 0.4469522
2107 0.9080034
2108 0.331976
2109 0.1213078
2110 0.3661695
2111 0.6298031
2112 0.5804684
2113 0.25398
2114 0.4265701
2115 0.7614128
2116 0.3174399
2117 0.8659338
2118 0.7087002
2119 0.2706259
2120 0.2089545
2121 0.6194575
2122 0.734438
2123 0.5081575
2124 0.5583486
2125 0.05876995
2126 0.6200488
2127 0.1361099
2128 0.6669376
2129 0.2677508
2130 0.8605797
2131 0.03308177
2132 0.1294871
2133 0.6758055
2134 0.7187028
2135 0.06722646
2136 0.04505846
2137 0.5436842
2138 0.9705908
2139 0.121233
2140 0.8720648
2141 0.04950972
2142 0.8602626
2143 0.7741687
2144 0.5775873
2145 0.0733445
2146 0.005039677
2147 0.7474939
2148 0.9605496
2149 0.7803785
2150 0.4497239
2151 0.5844378
2152 0.8153223
2153 0.8399008
2154 0.3416216
2155 0.315695
2156 0.1320311
2157 0.2509333
2158 0.8582942
2159 0.8727397
2160 0.3847152
2161 0.4283889
2162 0.5149704
2163 0.5521737
2164 0.3297205
2165 0.3565259
2166 0.4103676
2167 0.5846257
2168 0.4734777
2169 0.6900172
2170 0.9423189
2171 0.7340549
2172 0.04264155
2173 0.4546225
2174 0.1868474
2175 0.6203955
2176 0.3266811
2177 0.3252049
2178 0.4705345
2179 0.2458138
2180 0.1545532
2181 0.6861151
2182 0.09265779
2183 0.9620893
2184 0.8858219
2185 0.7468384
2186 0.9606719
2187 0.3023198
2188 0.1629676
2189 0.9412236
2190 0.1321974
2191 0.2521161
2192 0.3073235
2193 0.1257819
2194 0.5733686
2195 0.8462239
2196 0.3374977
2197 0.3950709
2198 0.4137202
2199 0.7373187
2200 0.471118
2201 0.9123215
2202 0.07775824
2203 0.05049474
2204 0.002275726
2205 0.5337741
2206 0.1635661
2207 0.9706832
2208 0.723852
2209 0.5897244
2210 0.9413332
2211 0.4659755
2212 0.7775311
2213 0.6524091
2214 0.7728433
2215 0.03373021
2216 0.2075443
2217 0.6742582
2218 0.7563812
2219 0.5565452
2220 0.04085212
2221 0.2821594
2222 0.9938862
2223 0.4031172
2224 0.6091798
2225 0.2667245
2226 0.123824
2227 0.4832753
2228 0.7012538
2229 0.5282112
2230 0.143822
2231 0.4367816
2232 0.2809957
2233 0.5951642
2234 0.06387915
2235 0.1757512
2236 0.01014965
2237 0.8692057
2238 0.1785642
2239 0.6635973
2240 0.295279
2241 0.3506018
2242 0.3566593
2243 0.4843348
2244 0.8445239
2245 0.9153614
2246 0.4052848
2247 0.0764955
2248 0.6184536
2249 0.4129404
2250 0.09053922
2251 0.09149597
2252 0.3372623
2253 0.2934564
2254 0.5248261
2255 0.7015193
2256 0.6620171
2257 0.5567806
2258 0.0221196
2259 0.5462303
2260 0.0887541
2261 0.5297471
2262 0.6792598
2263 0.7352983
2264 0.2730115
2265 0.1013429
2266 0.7057457
2267 0.9048284
2268 0.0344409
2269 0.1361919
2270 0.434932
2271 0.7549494
2272 0.1389495
2273 0.05030698
2274 0.6957753
2275 0.801755
2276 0.7699037
2277 0.9506688
2278 0.8062528
2279 0.7014704
2280 0.7823572
2281 0.3121294
2282 0.9838085
2283 0.1404013
2284 0.2176298
2285 0.6668078
2286 0.4918123
2287 0.1548021
2288 0.3735808
2289 0.4094499
2290 0.2493582
2291 0.537534
2292 0.7850089
2293 0.5160822
2294 0.781594
2295 0.2874476
2296 0.4323672
2297 0.9113271
2298 0.8852806
2299 0.6461465
2300 0.1858618
2301 0.4904515
2302 0.6647118
2303 0.9932126
2304 0.1739008
2305 0.5167094
2306 0.8382448
2307 0.4135035
2308 0.8757733
2309 0.08685086
2310 0.636805
2311 0.9091924
2312 0.7018317
2313 0.7690648
2314 0.06521796
2315 0.3277144
2316 0.5808228
2317 0.5666683
2318 0.2157124
2319 0.9994104
2320 0.03846702
2321 0.8614463
2322 0.1367601
2323 0.8792508
2324 0.3765686
2325 0.1807691
2326 0.4518652
2327 0.1523726
2328 0.7402703
2329 0.1541915
2330 0.01787588
2331 0.4970349
2332 0.5838576
2333 0.8036057
2334 0.5589338
2335 0.07597877
2336 0.2952322
2337 0.5101137
2338 0.6202067
2339 0.4030859
2340 0.1572222
2341 0.1970001
2342 0.6109135
2343 0.3178258
2344 0.3965153
2345 0.2343603
2346 0.1495546
2347 0.6756788
2348 0.4183583
2349 0.7820955
2350 0.0422023
2351 0.6028166
2352 0.9343479
2353 0.2017398
2354 0.7165183
2355 0.940779
2356 0.07818397
2357 0.9017248
2358 0.2999558
2359 0.2497509
2360 0.6021504
2361 0.8009876
2362 0.3813718
2363 0.1208961
2364 0.8943525
2365 0.9386166
2366 0.6283228
2367 0.640975
2368 0.2377978
2369 0.002966056
2370 0.7816399
2371 0.6969173
2372 0.3072539
2373 0.528806
2374 0.8815204
2375 0.9394997
2376 0.04029671
2377 0.6780199
2378 0.1038829
2379 0.5073914
2380 0.6887777
2381 0.5759116
2382 0.8285895
2383 0.2488931
2384 0.0306407
2385 0.5207836
2386 0.3752285
2387 0.6110171
2388 0.3570311
2389 0.6311251
2390 0.8754788
2391 0.167684
2392 0.05543548
2393 0.7477823
2394 0.6019153
2395 0.02277273
2396 0.8476993
2397 0.1001997
2398 0.7160012
2399 0.2306224
2400 0.5150466
2401 0.3520599
2402 0.4194683
2403 0.2380619
2404 0.3958039
2405 0.9526506
2406 0.5416773
2407 0.1926523
2408 0.6530148
2409 0.6893
2410 0.1243732
2411 0.3478707
2412 0.4330681
2413 0.6424186
2414 0.5189868
2415 0.0464964
2416 0.3461291
2417 0.6333392
2418 0.7704873
2419 0.04050232
2420 0.1645458
2421 0.8708172
2422 0.4588087
2423 0.9131853
2424 0.4651298
2425 0.5090618
2426 0.2927462
2427 0.4591643
2428 0.9036885
2429 0.5393316
2430 0.1244126
2431 0.6901668
2432 0.3505763
2433 0.8583146
2434 0.5839201
2435 0.0406632
2436 0.5601956
2437 0.3048832
2438 0.4769032
2439 0.3475209
2440 0.5543637
2441 0.03009282
2442 0.5762378
2443 0.9853329
2444 0.9418345
2445 0.01909339
2446 0.3852209
2447 0.149742
2448 0.7403837
2449 0.01918001
2450 0.4248679
2451 0.2799557
2452 0.8157508
2453 0.5172249
2454 0.7775465
2455 0.3404974
2456 0.3451636
2457 0.5134395
2458 0.9657396
2459 0.3917226
2460 0.7397803
2461 0.4453812
2462 0.6044098
2463 0.50843
2464 0.971373
2465 0.8276089
2466 0.8406501
2467 0.05061012
2468 0.6512602
2469 0.1613786
2470 0.5386274
2471 0.3665453
2472 0.7702911
2473 0.6808509
2474 0.4879056
2475 0.9241743
2476 0.7087475
2477 0.3007481
2478 0.1310739
2479 0.784758
2480 0.9696065
2481 0.9283566
2482 0.2708176
2483 0.7087892
2484 0.04766261
2485 0.3393147
2486 0.2370829
2487 0.7968378
2488 0.8735678
2489 0.8082444
2490 0.9051953
2491 0.9588101
2492 0.5905613
2493 0.8615426
2494 0.6913039
2495 0.5477173
2496 0.382656
2497 0.2861788
2498 0.577474
2499 0.3554603
2500 0.04012051
2501 0.6873204
2502 0.7741231
2503 0.3037961
2504 0.8333445
2505 0.2126018
2506 0.2567984
2507 0.6860999
2508 0.7484882
2509 0.7637223
2510 0.1164828
2511 0.9590167
2512 0.1283446
2513 0.634579
2514 0.547837
2515 0.4164179
2516 0.5940014
2517 0.1637971
2518 0.717928
2519 0.8853619
2520 0.7364711
2521 0.5806966
2522 0.8345317
2523 0.0530837
2524 0.1072089
2525 0.4451242
2526 0.06326503
2527 0.9083527
2528 0.0050244
2529 0.5127384
2530 0.5759488
2531 0.6554412
2532 0.1720171
2533 0.8421914
2534 0.01658273
2535 0.6833283
2536 0.8015038
2537 0.6126473
2538 0.6693926
2539 0.5384904
2540 0.2503922
2541 0.6702817
2542 0.6454026
2543 0.9767352
2544 0.4585782
2545 0.3886909
2546 0.6987445
2547 0.7931899
2548 0.8798921
2549 0.6179594
2550 0.279903
2551 0.9264961
2552 0.6693777
2553 0.5157933
2554 0.2250811
2555 0.4483774
2556 0.9138759
2557 0.6357263
2558 0.8752793
2559 0.9708314
2560 0.9477143
2561 0.9146525
2562 0.1615022
2563 0.80675
2564 0.7313514
2565 0.1582887
2566 0.2445269
2567 0.8012992
2568 0.3112192
2569 0.4302385
2570 0.5114685
2571 0.8518106
2572 0.9316919
2573 0.4979395
2574 0.6595635
2575 0.1256388
2576 0.6762425
2577 0.9939778
2578 0.09519304
2579 0.4784027
2580 0.2100906
2581 0.8653779
2582 0.4698613
2583 0.6677513
2584 0.3988393
2585 0.7760383
2586 0.1012501
2587 0.4136127
2588 0.5330634
2589 0.399176
2590 0.9762576
2591 0.5159838
2592 0.18969
2593 0.2373687
2594 0.1417988
2595 0.6381877
2596 0.3315936
2597 0.8633026
2598 0.02354318
2599 0.1031376
2600 0.8292034
2601 0.9158285
2602 0.7565353
2603 0.9468588
2604 0.6445149
2605 0.9411982
2606 0.4027665
2607 0.6821288
2608 0.4724207
2609 0.8383776
2610 0.4055839
2611 0.1387465
2612 0.9029162
2613 0.4458631
2614 0.6019204
2615 0.6458482
2616 0.7118158
2617 0.6483197
2618 0.7977416
2619 0.2447124
2620 0.4143698
2621 0.9367876
2622 0.5363485
2623 0.1848683
2624 0.7696911
2625 0.07722987
2626 0.005477675
2627 0.5030979
2628 0.623554
2629 0.244947
2630 0.6517626
2631 0.874505
2632 0.4800878
2633 0.7746327
2634 0.3996364
2635 0.9509021
2636 0.1926778
2637 0.3330706
2638 0.3642163
2639 0.8378664
2640 0.7321175
2641 0.6415375
2642 0.8137375
2643 0.4043517
2644 0.8140215
2645 0.9690128
2646 0.5498434
2647 0.4354137
2648 0.5375936
2649 0.5812515
2650 0.5154159
2651 0.9524292
2652 0.2509366
2653 0.5329634
2654 0.6230825
2655 0.3790682
2656 0.2848463
2657 0.5212428
2658 0.8348957
2659 0.07760964
2660 0.8018388
2661 0.1457178
2662 0.401853
2663 0.4625116
2664 0.1381246
2665 0.4871506
2666 0.3802503
2667 0.6538628
2668 0.7876091
2669 0.7978392
2670 0.7695483
2671 0.6159812
2672 0.7597685
2673 0.3222698
2674 0.5671327
2675 0.01721828
2676 0.9292233
2677 0.7334512
2678 0.953665
2679 0.8387779
2680 0.2353493
2681 0.8758975
2682 0.973458
2683 0.7492305
2684 0.3229456
2685 0.3616627
2686 0.315455
2687 0.6277753
2688 0.726969
2689 0.1976686
2690 0.350527
2691 0.05481412
2692 0.4093626
2693 0.406368
2694 0.1091284
2695 0.8960981
2696 0.4825128
2697 0.6004091
2698 0.7543235
2699 0.771389
2700 0.5488278
2701 0.9685466
2702 0.6280443
2703 0.6962148
2704 0.3526347
2705 0.8732613
2706 0.5896487
2707 0.4315759
2708 0.3126309
2709 0.6133169
2710 0.3542605
2711 0.1191522
2712 0.2833897
2713 0.4756113
2714 0.08553191
2715 0.2293266
2716 0.6925219
2717 0.5917239
2718 0.3529608
2719 0.8699513
2720 0.4084972
2721 0.3175378
2722 0.4530442
2723 0.6424171
2724 0.08029871
2725 0.8962575
2726 0.3171598
2727 0.4980916
2728 0.6628542
2729 0.7868223
2730 0.9792646
2731 0.06496193
2732 0.6256001
2733 0.2443552
2734 0.1838407
2735 0.3103781
2736 0.2068256
2737 0.8188685
2738 0.4787535
2739 0.6719699
2740 0.6402955
2741 0.4616817
2742 0.1450829
2743 0.2741448
2744 0.461208
2745 0.1732307
2746 0.4770925
2747 0.05710038
2748 0.9628059
2749 0.2289857
2750 0.4478464
2751 0.2081911
2752 0.05293708
2753 0.3817699
2754 0.899052
2755 0.8278917
2756 0.1200965
2757 0.2738702
2758 0.7088384
2759 0.6694663
2760 0.7350236
2761 0.01264651
2762 0.8822128
2763 0.8623804
2764 0.6082323
2765 0.1248285
2766 0.1655485
2767 0.4892826
2768 0.9414671
2769 0.3238282
2770 0.9741173
2771 0.0878651
2772 0.5481688
2773 0.6332643
2774 0.2936191
2775 0.5827499
2776 0.137915
2777 0.2306618
2778 0.8742682
2779 0.08719212
2780 0.440892
2781 0.7694007
2782 0.9026416
2783 0.8925934
2784 0.1555572
2785 0.9240452
2786 0.04923196
2787 0.4974785
2788 0.6714738
2789 0.9335762
2790 0.1825468
2791 0.4646383
2792 0.3289833
2793 0.02347166
2794 0.1274662
2795 0.871346
2796 0.7504101
2797 0.7390054
2798 0.2787022
2799 0.9202013
2800 0.5239109
2801 0.4485434
2802 0.3803281
2803 0.7857746
2804 0.1207608
2805 0.2806533
2806 0.4904655
2807 0.08157984
2808 0.6253718
2809 0.2017007
2810 0.5746158
2811 0.5111127
2812 0.03545309
2813 0.1993736
2814 0.8785676
2815 0.5975618
2816 0.0942853
2817 0.6276269
2818 0.599204
2819 0.1400162
2820 0.6645289
2821 0.3130831
2822 0.205327
2823 0.1299613
2824 0.1375102
2825 0.264646
2826 0.8936607
2827 0.4350564
2828 0.02601213
2829 0.5271115
2830 0.1580395
2831 0.06826092
2832 0.1522315
2833 0.8879483
2834 0.4266633
2835 0.5846329
2836 0.5751327
2837 0.06621078
2838 0.1748124
2839 0.09595173
2840 0.8146282
2841 0.08674334
2842 0.9674088
2843 0.9856659
2844 0.9527361
2845 0.7917933
2846 0.9283843
2847 0.06384602
2848 0.01687788
2849 0.4654698
2850 0.4848918
2851 0.1653389
2852 0.8331911
2853 0.6981054
2854 0.900322
2855 0.1870618
2856 0.07880396
2857 0.08320306
2858 0.307888
2859 0.8955114
2860 0.04311699
2861 0.1330229
2862 0.4933143
2863 0.2091134
2864 0.3694161
2865 0.1041062
2866 0.009102803
2867 0.0130219
2868 0.1800655
2869 0.5502805
2870 0.03069006
2871 0.3335358
2872 0.3308474
2873 0.9310243
2874 0.8030177
2875 0.06664975
2876 0.8041977
2877 0.3406569
2878 0.5037618
2879 0.3739647
2880 0.3472872
2881 0.5207027
2882 0.2951907
2883 0.8259364
2884 0.9130165
2885 0.5833852
2886 0.0921601
2887 0.1180604
2888 0.6999547
2889 0.9408087
2890 0.4345222
2891 0.5001143
2892 0.1473719
2893 0.6142242
2894 0.436948
2895 0.2956066
2896 0.4943126
2897 0.9557555
2898 0.03917248
2899 0.5318912
2900 0.9485588
2901 0.3418919
2902 0.252727
2903 0.1644417
2904 0.6052414
2905 0.1000278
2906 0.6474337
2907 0.1754146
2908 0.969001
2909 0.5597085
2910 0.5147194
2911 0.3554559
2912 0.1609742
2913 0.772946
2914 0.3002108
2915 0.9602865
2916 0.7727121
2917 0.1882727
2918 0.7851842
2919 0.7180357
2920 0.1897321
2921 0.8594592
2922 0.2845672
2923 0.3288552
2924 0.03775741
2925 0.5391863
2926 0.767631
2927 0.03949326
2928 0.6105759
2929 0.9522451
2930 0.3737333
2931 0.9505101
2932 0.43802
2933 0.2850895
2934 0.2753828
2935 0.7849089
2936 0.5284836
2937 0.656082
2938 0.1771793
2939 0.5730476
2940 0.8383582
2941 0.3167251
2942 0.6464601
2943 0.8782349
2944 0.9470007
2945 0.8712879
2946 0.4224315
2947 0.9102885
2948 0.7298965
2949 0.8970368
2950 0.4726914
2951 0.2960369
2952 0.6338424
2953 0.2211157
2954 0.233019
2955 0.05967736
2956 0.5650254
2957 0.4732811
2958 0.03085506
2959 0.6555705
2960 0.09724777
2961 0.3262263
2962 0.4034003
2963 0.5774659
2964 0.9532704
2965 0.007265995
2966 0.1586247
2967 0.4692332
2968 0.07022356
2969 0.07628208
2970 0.8794076
2971 0.8805154
2972 0.722991
2973 0.7117946
2974 0.5683513
2975 0.3069025
2976 0.8656534
2977 0.6163354
2978 0.6269685
2979 0.9079282
2980 0.2212788
2981 0.3646729
2982 0.9889923
2983 0.985783
2984 0.5545114
2985 0.4770197
2986 0.02169171
2987 0.6668892
2988 0.9198618
2989 0.009861235
2990 0.4258782
2991 0.6430794
2992 0.3007532
2993 0.2289937
2994 0.2791959
2995 0.3400013
2996 0.2934847
2997 0.4810657
2998 0.3347196
2999 0.2824047
3000 0.04080112
3001 0.03580217
3002 0.03216383
3003 0.05850837
3004 0.5998453
3005 0.6791571
3006 0.09535439
3007 0.6240437
3008 0.303662
3009 0.1027663
3010 0.8747267
3011 0.7802095
3012 0.2368857
3013 0.8291028
3014 0.07221897
3015 0.9852817
3016 0.6605101
3017 0.1023421
3018 0.7525532
3019 0.9167096
3020 0.4675426
3021 0.1908674
3022 0.02267416
3023 0.8588133
3024 0.1466784
3025 0.200066
3026 0.1817684
3027 0.7103545
3028 0.2822079
3029 0.8059924
3030 0.2207112
3031 0.06714763
3032 0.705525
3033 0.9641071
3034 0.8420618
3035 0.08349383
3036 0.2569809
3037 0.09251025
3038 0.0004645129
3039 0.4197368
3040 0.8276688
3041 0.7072311
3042 0.5254735
3043 0.1619469
3044 0.7455031
3045 0.6264431
3046 0.4096758
3047 0.577925
3048 0.3678358
3049 0.3713642
3050 0.2218849
3051 0.009792522
3052 0.2223426
3053 0.2696978
3054 0.02494808
3055 0.8675331
3056 0.5884376
3057 0.5966993
3058 0.7840132
3059 0.01673173
3060 0.9357847
3061 0.04193639
3062 0.09739839
3063 0.8441197
3064 0.9997929
3065 0.5078358
3066 0.8547226
3067 0.5971324
3068 0.6975463
3069 0.1022651
3070 0.1475322
3071 0.4520921
3072 0.9381226
3073 0.3390763
3074 0.505829
3075 0.9232459
3076 0.9251366
3077 0.3118093
3078 0.308379
3079 0.9607605
3080 0.4387257
3081 0.2143491
3082 0.4591215
3083 0.4248402
3084 0.8058454
3085 0.8061091
3086 0.7792253
3087 0.6216783
3088 0.4974681
3089 0.1699997
3090 0.6289372
3091 0.9557179
3092 0.6940224
3093 0.6375521
3094 0.7815756
3095 0.1797793
3096 0.9652793
3097 0.1184711
3098 0.9167608
3099 0.5316843
3100 0.9975258
3101 0.0006185245
3102 0.8049175
3103 0.853092
3104 0.5342427
3105 0.02249094
3106 0.6112743
3107 0.4328851
3108 0.9736015
3109 0.9978651
3110 0.626602
3111 0.8350982
3112 0.9747723
3113 0.4692284
3114 0.6515687
3115 0.6094498
3116 0.4851019
3117 0.9781564
3118 0.5845531
3119 0.0248351
3120 0.6994142
3121 0.363049
3122 0.4719495
3123 0.8661552
3124 0.6317325
3125 0.3797535
3126 0.3245545
3127 0.5344192
3128 0.4742391
3129 0.4770643
3130 0.3937632
3131 0.6423781
3132 0.6827535
3133 0.1960477
3134 0.04002259
3135 0.2675642
3136 0.5153828
3137 0.4796736
3138 0.5185026
3139 0.7558257
3140 0.8204433
3141 0.01970845
3142 0.2054367
3143 0.5226927
3144 0.9741212
3145 0.9276815
3146 0.3836154
3147 0.4583927
3148 0.7328783
3149 0.01760379
3150 0.218168
3151 0.9432085
3152 0.5194811
3153 0.7355663
3154 0.4153148
3155 0.8086945
3156 0.9009414
3157 0.4504501
3158 0.1470066
3159 0.001554816
3160 0.2873105
3161 0.3638288
3162 0.8543362
3163 0.2678838
3164 0.2933802
3165 0.6135302
3166 0.7884715
3167 0.4471629
3168 0.4506615
3169 0.9456026
3170 0.9834512
3171 0.7862144
3172 0.7279045
3173 0.2479329
3174 0.05421694
3175 0.1525477
3176 0.9802165
3177 0.8979304
3178 0.8612179
3179 0.1361344
3180 0.2166643
3181 0.4668009
3182 0.728149
3183 0.4106349
3184 0.3071165
3185 0.1388348
3186 0.5437497
3187 0.5883712
3188 0.4721289
3189 0.7257732
3190 0.8341958
3191 0.6445929
3192 0.3684316
3193 0.7899596
3194 0.05602701
3195 0.5791177
3196 0.6349011
3197 0.01364051
3198 0.01631419
3199 0.6586373
3200 0.2257653
3201 0.5991623
3202 0.7289768
3203 0.4855627
3204 0.07079143
3205 0.2133249
3206 0.8771625
3207 0.8000512
3208 0.7738833
3209 0.3150617
3210 0.3662472
3211 0.4367035
3212 0.9171862
3213 0.4757133
3214 0.4393528
3215 0.7579874
3216 0.1434906
3217 0.06854901
3218 0.04619035
3219 0.1588879
3220 0.1212249
3221 0.05215218
3222 0.4867059
3223 0.5375923
3224 0.4779898
3225 0.9370604
3226 0.7347217
3227 0.7507772
3228 0.6430701
3229 0.752343
3230 0.2485646
3231 0.921978
3232 0.1523108
3233 0.3569768
3234 0.7824249
3235 0.50326
3236 0.4973587
3237 0.2918882
3238 0.9534765
3239 0.3960735
3240 0.6901602
3241 0.3295652
3242 0.6151807
3243 0.1033009
3244 0.350158
3245 0.8181533
3246 0.951608
3247 0.4948076
3248 0.151462
3249 0.9636122
3250 0.9150521
3251 0.6335537
3252 0.2302832
3253 0.9716715
3254 0.004516319
3255 0.5306998
3256 0.9300726
3257 0.853281
3258 0.9683419
3259 0.2316441
3260 0.4512569
3261 0.2292926
3262 0.5879918
3263 0.8255642
3264 0.2080063
3265 0.1153569
3266 0.7285668
3267 0.9339552
3268 0.8377991
3269 0.751331
3270 0.1338142
3271 0.9663745
3272 0.4392471
3273 0.4074297
3274 0.4233679
3275 0.627577
3276 0.2188546
3277 0.01371265
3278 0.9747176
3279 0.9606172
3280 0.7274194
3281 0.06808076
3282 0.9535199
3283 0.8313603
3284 0.4081181
3285 0.7488644
3286 0.9816764
3287 0.8866077
3288 0.6233078
3289 0.4201733
3290 0.3093721
3291 0.4588069
3292 0.6770991
3293 0.3602735
3294 0.4249815
3295 0.9206362
3296 0.4018937
3297 0.8529138
3298 0.9701982
3299 0.4759746
3300 0.04036981
3301 0.5638966
3302 0.3057497
3303 0.8746947
3304 0.7815733
3305 0.04559673
3306 0.5297232
3307 0.3956071
3308 0.5498966
3309 0.1052569
3310 0.9462164
3311 0.8370547
3312 0.5999832
3313 0.4956787
3314 0.1522866
3315 0.8898907
3316 0.8043095
3317 0.4771406
3318 0.5274844
3319 0.3974548
3320 0.8175047
3321 0.4227136
3322 0.1225089
3323 0.5536167
3324 0.8946567
3325 0.07537454
3326 0.8206534
3327 0.6242535
3328 0.3962449
3329 0.09123464
3330 0.04514501
3331 0.8666507
3332 0.5829522
3333 0.3840949
3334 0.3763332
3335 0.4999122
3336 0.3126395
3337 0.6699501
3338 0.6554854
3339 0.04478824
3340 0.565646
3341 0.2910923
3342 0.4922076
3343 0.374467
3344 0.3976414
3345 0.6264474
3346 0.429648
3347 0.20515
3348 0.7808077
3349 0.4839459
3350 0.03550056
3351 0.5701779
3352 0.3904305
3353 0.4588573
3354 0.4344828
3355 0.09758565
3356 0.1421084
3357 0.6226073
3358 0.1122842
3359 0.6870158
3360 0.8913547
3361 0.8083043
3362 0.8034377
3363 0.8675633
3364 0.3835454
3365 0.1024375
3366 0.2423035
3367 0.01892764
3368 0.98604
3369 0.6136634
3370 0.4585062
3371 0.6113788
3372 0.8319019
3373 0.5817539
3374 0.6555409
3375 0.3386857
3376 0.8191422
3377 0.4739713
3378 0.1402418
3379 0.1887107
3380 0.3553431
3381 0.5766528
3382 0.2236688
3383 0.864142
3384 0.3010512
3385 0.06891051
3386 0.08977062
3387 0.1052132
3388 0.6285645
3389 0.8061102
3390 0.4197391
3391 0.5592228
3392 0.855658
3393 0.4051115
3394 0.07348087
3395 0.5224093
3396 0.008128918
3397 0.4386056
3398 0.4292867
3399 0.3106273
3400 0.8465208
3401 0.1698677
3402 0.7412476
3403 0.7105718
3404 0.7740724
3405 0.5185006
3406 0.1929071
3407 0.1463418
3408 0.4322076
3409 0.4350017
3410 0.1397554
3411 0.6942126
3412 0.7396962
3413 0.958056
3414 0.5326585
3415 0.3472121
3416 0.2321617
3417 0.9653183
3418 0.2363378
3419 0.3957957
3420 0.08192701
3421 0.115631
3422 0.873119
3423 0.5051514
3424 0.6200648
3425 0.0213779
3426 0.3353377
3427 0.05242591
3428 0.4281068
3429 0.8033367
3430 0.6868084
3431 0.5434846
3432 0.1901312
3433 0.1047257
3434 0.9573624
3435 0.6249156
3436 0.2672801
3437 0.1691448
3438 0.3589808
3439 0.6713693
3440 0.4246592
3441 0.2644394
3442 0.9878187
3443 0.1909095
3444 0.6178432
3445 0.2403205
3446 0.5206249
3447 0.8172813
3448 0.5085024
3449 0.4845725
3450 0.7626919
3451 0.6246048
3452 0.1953659
3453 0.7912171
3454 0.237492
3455 0.7028024
3456 0.1151965
3457 0.8310064
3458 0.9459803
3459 0.3634469
3460 0.1180627
3461 0.691271
3462 0.00930966
3463 0.9432031
3464 0.2321371
3465 0.5145108
3466 0.4005153
3467 0.9836175
3468 0.2846251
3469 0.3262743
3470 0.222452
3471 0.49169
3472 0.656073
3473 0.7797247
3474 0.7753186
3475 0.5145319
3476 0.1226298
3477 0.1250007
3478 0.6559835
3479 0.7340005
3480 0.8400732
3481 0.8926824
3482 0.2837581
3483 0.3784812
3484 0.7618862
3485 0.5913005
3486 0.8405659
3487 0.01234824
3488 0.696254
3489 0.05608757
3490 0.7938896
3491 0.7690149
3492 0.3009682
3493 0.02769887
3494 0.02768201
3495 0.1946626
3496 0.6939069
3497 0.9582353
3498 0.6614177
3499 0.2218341
3500 0.8698351
3501 0.666834
3502 0.7749306
3503 0.7319708
3504 0.2214213
3505 0.4029731
3506 0.2356686
3507 0.422087
3508 0.9026948
3509 0.1594418
3510 0.5025627
3511 0.5581606
3512 0.2908091
3513 0.6410182
3514 0.8940074
3515 0.06091044
3516 0.4208316
3517 0.5491317
3518 0.7257094
3519 0.9024244
3520 0.2525538
3521 0.2899059
3522 0.05099077
3523 0.9087779
3524 0.02107815
3525 0.9299144
3526 0.8597966
3527 0.2183766
3528 0.06409121
3529 0.1303087
3530 0.434972
3531 0.3920613
3532 0.597864
3533 0.2976898
3534 0.1481241
3535 0.171869
3536 0.4841853
3537 0.9174626
3538 0.2992856
3539 0.1565177
3540 0.4579568
3541 0.2674669
3542 0.08640361
3543 0.930399
3544 0.03815735
3545 0.724154
3546 0.101606
3547 0.6743622
3548 0.7820668
3549 0.1381741
3550 0.4261222
3551 0.1318299
3552 0.1679802
3553 0.4313134
3554 0.7854733
3555 0.3015097
3556 0.2484856
3557 0.4895251
3558 0.250176
3559 0.32216
3560 0.698009
3561 0.9335727
3562 0.01538515
3563 0.4593022
3564 0.7504616
3565 0.5606944
3566 0.6044353
3567 0.2468387
3568 0.8613199
3569 0.7189451
3570 0.3371467
3571 0.5248853
3572 0.1662562
3573 0.6476644
3574 0.5610069
3575 0.4756141
3576 0.7008737
3577 0.06758738
3578 0.06343974
3579 0.07393455
3580 0.9885274
3581 0.4374534
3582 0.2478967
3583 0.7330633
3584 0.5980231
3585 0.983532
3586 0.6781948
3587 0.649132
3588 0.148765
3589 0.7044243
3590 0.3841283
3591 0.9858533
3592 0.5795922
3593 0.4541431
3594 0.1646753
3595 0.2491679
3596 0.2202395
3597 0.8405696
3598 0.07368137
3599 0.1297577
3600 0.2179508
3601 0.04859925
3602 0.3559823
3603 0.9156619
3604 0.8702602
3605 0.5831141
3606 0.7247188
3607 0.990619
3608 0.9358522
3609 0.8413621
3610 0.6766223
3611 0.6356406
3612 0.8503397
3613 0.5909953
3614 0.5558627
3615 0.7996995
3616 0.4257396
3617 0.5402571
3618 0.07620343
3619 0.9418079
3620 0.7119526
3621 0.1925546
3622 0.752278
3623 0.1700423
3624 0.7310036
3625 0.6299617
3626 0.01227613
3627 0.2585367
3628 0.1548939
3629 0.06817353
3630 0.7011815
3631 0.7401449
3632 0.01223267
3633 0.3550664
3634 0.2035716
3635 0.1522031
3636 0.928415
3637 0.495255
3638 0.1652042
3639 0.2237786
3640 0.9211635
3641 0.3466415
3642 0.5960941
3643 0.1614352
3644 0.1468528
3645 0.7390346
3646 0.8425818
3647 0.9432357
3648 0.02186953
3649 0.3904909
3650 0.03006218
3651 0.657257
3652 0.7550028
3653 0.03064174
3654 0.4947812
3655 0.2920152
3656 0.4916526
3657 0.1692152
3658 0.01464777
3659 0.06092639
3660 0.6279378
3661 0.270672
3662 0.3099907
3663 0.2280509
3664 0.1511731
3665 0.9320701
3666 0.2838062
3667 0.3756801
3668 0.9266226
3669 0.317454
3670 0.6387873
3671 0.4050272
3672 0.9802128
3673 0.3789899
3674 0.7588977
3675 0.6736521
3676 0.6532851
3677 0.07032785
3678 0.9468033
3679 0.8515252
3680 0.6482332
3681 0.06289852
3682 0.0930115
3683 0.7858576
3684 0.7303757
3685 0.08944358
3686 0.2233988
3687 0.6786193
3688 0.4155462
3689 0.9155574
3690 0.6652227
3691 0.6604696
3692 0.1182836
3693 0.6185122
3694 0.2886299
3695 0.6341804
3696 0.518762
3697 0.7396761
3698 0.1055038
3699 0.3722826
3700 0.7583951
3701 0.8048259
3702 0.6053376
3703 0.6555697
3704 0.4301435
3705 7.505134e-05
3706 0.9526904
3707 0.7009102
3708 0.8348651
3709 0.6164372
3710 0.7128299
3711 0.211308
3712 0.5190715
3713 0.3272396
3714 0.8904795
3715 0.3374618
3716 0.8110369
3717 0.5630511
3718 0.6031707
3719 0.7672291
3720 0.4715894
3721 0.9955399
3722 0.5173873
3723 0.8456276
3724 0.3469777
3725 0.8800913
3726 0.9920874
3727 0.4341633
3728 0.7464839
3729 0.680215
3730 0.05418598
3731 0.7093593
3732 0.7693465
3733 0.2481435
3734 0.867543
3735 0.5671027
3736 0.4650421
3737 0.6850816
3738 0.5960414
3739 0.5332259
3740 0.7730959
3741 0.05992172
3742 0.03487708
3743 0.04669248
3744 0.1241084
3745 0.7147054
3746 0.6136738
3747 0.981361
3748 0.4805005
3749 0.2640949
3750 0.06921515
3751 0.4706624
3752 0.1211551
3753 0.5000009
3754 0.917459
3755 0.6687318
3756 0.9361014
3757 0.6364993
3758 0.1781217
3759 0.4996611
3760 0.6915778
3761 0.3297953
3762 0.4081932
3763 0.1742101
3764 0.8385804
3765 0.2231106
3766 0.1519214
3767 0.5233819
3768 0.5016788
3769 0.30589
3770 0.7085494
3771 0.1427194
3772 0.5318523
3773 0.8726553
3774 0.9724966
3775 0.321567
3776 0.4873903
3777 0.7591425
3778 0.5300251
3779 0.08958055
3780 0.2215994
3781 0.9388641
3782 0.4840878
3783 0.3163249
3784 0.9051704
3785 0.9168245
3786 0.1377642
3787 0.7176757
3788 0.7133814
3789 0.5365003
3790 0.5283387
3791 0.2347686
3792 0.7186416
3793 0.4720305
3794 0.9990768
3795 0.337995
3796 0.03574076
3797 0.8403883
3798 0.1869403
3799 0.03219417
3800 0.442461
3801 0.7872216
3802 0.4478579
3803 0.963434
3804 0.3654265
3805 0.2561753
3806 0.09822359
3807 0.5589599
3808 0.559069
3809 0.7854005
3810 0.2916076
3811 0.9180127
3812 0.8266026
3813 0.5972872
3814 0.9660173
3815 0.3272784
3816 0.3862198
3817 0.6676317
3818 0.726838
3819 0.4541408
3820 0.9482239
3821 0.2109686
3822 0.8637402
3823 0.7586848
3824 0.4859363
3825 0.2832794
3826 0.3641869
3827 0.2087402
3828 0.9733583
3829 0.167619
3830 0.1076747
3831 0.3202859
3832 0.05074908
3833 0.571502
3834 0.1084731
3835 0.6380144
3836 0.5736985
3837 0.8942179
3838 0.06735594
3839 0.1221424
3840 0.4243245
3841 0.006320256
3842 0.9862695
3843 0.6414425
3844 0.844002
3845 0.1525674
3846 0.7221164
3847 0.4685306
3848 0.7685207
3849 0.5375451
3850 0.6086866
3851 0.1214264
3852 0.9624803
3853 0.4699581
3854 0.4569385
3855 0.9523569
3856 0.9730136
3857 0.9257463
3858 0.2992123
3859 0.9815258
3860 0.1684392
3861 0.5261563
3862 0.6985639
3863 0.2017754
3864 0.7848492
3865 0.5540697
3866 0.2748877
3867 0.564589
3868 0.5616259
3869 0.1956297
3870 0.5779671
3871 0.697312
3872 0.6447493
3873 0.6594476
3874 0.4078345
3875 0.1666157
3876 0.9675088
3877 0.03141439
3878 0.4668514
3879 0.9254524
3880 0.4676125
3881 0.34973
3882 0.09702371
3883 0.8368698
3884 0.3304066
3885 0.2820046
3886 0.8552158
3887 0.354662
3888 0.8989877
3889 0.8605655
3890 0.0187471
3891 0.4526216
3892 0.009159376
3893 0.5268381
3894 0.8284683
3895 0.2769415
3896 0.5007597
3897 0.5139063
3898 0.06635555
3899 0.3343533
3900 0.800547
3901 0.211827
3902 0.5742988
3903 0.4717445
3904 0.5174436
3905 0.06041128
3906 0.4217034
3907 0.089031
3908 0.6355799
3909 0.3151842
3910 0.5294265
3911 0.9342411
3912 0.06934672
3913 0.210665
3914 0.4916563
3915 0.5374178
3916 0.2102354
3917 0.4251295
3918 0.5917645
3919 0.9258831
3920 0.009090723
3921 0.4363768
3922 0.21247
3923 0.2929302
3924 0.6347177
3925 0.8042289
3926 0.9703854
3927 0.2493888
3928 0.2217269
3929 0.5172595
3930 0.2747924
3931 0.3345532
3932 0.7500766
3933 0.3114618
3934 0.9050024
3935 0.932785
3936 0.6352038
3937 0.6961469
3938 0.5194396
3939 0.3522984
3940 0.1167004
3941 0.207094
3942 0.06018084
3943 0.5132157
3944 0.881206
3945 0.13519
3946 0.7805251
3947 0.9256015
3948 0.07522962
3949 0.3144847
3950 0.961353
3951 0.7593259
3952 0.8310622
3953 0.6027043
3954 0.918556
3955 0.6484044
3956 0.397851
3957 0.2079524
3958 0.1827039
3959 0.01213992
3960 0.2147462
3961 0.4694665
3962 0.06860567
3963 0.4624168
3964 0.7934135
3965 0.1928855
3966 0.2623334
3967 0.2622252
3968 0.2271676
3969 0.1590125
3970 0.7188048
3971 0.5681982
3972 0.3602589
3973 0.8594848
3974 0.8928027
3975 0.3951842
3976 0.1292139
3977 0.1747012
3978 0.6777414
3979 0.4661754
3980 0.6190238
3981 0.8527178
3982 0.4984156
3983 0.1485633
3984 0.8291221
3985 0.3985837
3986 0.9049034
3987 0.6700786
3988 0.4976483
3989 0.5198067
3990 0.9035738
3991 0.8189322
3992 0.3855012
3993 0.9062308
3994 0.1424414
3995 0.8039324
3996 0.9732453
3997 0.406233
3998 0.3602657
3999 0.4590449
4000 0.5195977
4001 0.6047824
4002 0.2883221
4003 0.6480289
4004 0.9130262
4005 0.3012431
4006 0.8136264
4007 0.6010634
4008 0.5076782
4009 0.05870483
4010 0.1744754
4011 0.8361588
4012 0.1863519
4013 0.6295106
4014 0.2094935
4015 0.3935074
4016 0.9527712
4017 0.9243725
4018 0.008245891
4019 0.7874814
4020 0.1921335
4021 0.6960857
4022 0.90255
4023 0.07031839
4024 0.2909568
4025 0.4591299
4026 0.4667124
4027 0.4546817
4028 0.186719
4029 0.2113657
4030 0.9602587
4031 0.7988792
4032 0.6774776
4033 0.945035
4034 0.8567502
4035 0.3970316
4036 0.894777
4037 0.4317073
4038 0.9517545
4039 0.1632264
4040 0.5393844
4041 0.03481384
4042 0.6883532
4043 0.0512657
4044 0.2209248
4045 0.8831082
4046 0.9038028
4047 0.8354133
4048 0.1203359
4049 0.9849129
4050 0.1530833
4051 0.6881656
4052 0.4657216
4053 0.8005584
4054 0.6853156
4055 0.8093039
4056 0.9568242
4057 0.5257772
4058 0.6477314
4059 0.6086972
4060 0.4183776
4061 0.4385235
4062 0.05614283
4063 0.6493996
4064 0.8218419
4065 0.5913664
4066 0.2721689
4067 0.2658098
4068 0.8375932
4069 0.180069
4070 0.5623893
4071 0.5448915
4072 0.182283
4073 0.8955355
4074 0.1860954
4075 0.7120567
4076 0.8871145
4077 0.7706389
4078 0.7379988
4079 0.7863618
4080 0.5751746
4081 0.9125179
4082 0.1998138
4083 0.859903
4084 0.02127023
4085 0.2855024
4086 0.7855584
4087 0.4164414
4088 0.437096
4089 0.7939172
4090 0.04840761
4091 0.9605908
4092 0.3934629
4093 0.5973807
4094 0.3650644
4095 0.2511852
4096 0.4037601
4097 0.5471696
4098 0.3330719
4099 0.3612786
4100 0.6158521
4101 0.5966738
4102 0.17734
4103 0.8395734
4104 0.04493985
4105 0.2099502
4106 0.04350499
4107 0.6158727
4108 0.0517166
4109 0.2908201
4110 0.4490991
4111 0.6725674
4112 0.5403479
4113 0.2693565
4114 0.6908505
4115 0.1738581
4116 0.3797733
4117 0.9423318
4118 0.3702278
4119 0.2424028
4120 0.1348515
4121 0.8914692
4122 0.575209
4123 0.6567834
4124 0.04981909
4125 0.1305963
4126 0.1307111
4127 0.3203025
4128 0.5561564
4129 0.8242592
4130 0.1750797
4131 0.8689579
4132 0.5001933
4133 0.8734383
4134 0.7782648
4135 0.7209295
4136 0.423736
4137 0.6834241
4138 0.1213205
4139 0.6274221
4140 0.6286694
4141 0.87734
4142 0.7569519
4143 0.7204795
4144 0.8549952
4145 0.4959223
4146 0.1118189
4147 0.03434316
4148 0.6576422
4149 0.1730801
4150 0.2252393
4151 0.7302721
4152 0.5435766
4153 0.132539
4154 0.8687896
4155 0.3751539
4156 0.6822717
4157 0.1956002
4158 0.8241449
4159 0.3135714
4160 0.5070625
4161 0.6110626
4162 0.1062047
4163 0.7813307
4164 0.3689529
4165 0.2786313
4166 0.7035035
4167 0.7587209
4168 0.1240338
4169 0.1529554
4170 0.06868444
4171 0.464149
4172 0.6207973
4173 0.2869219
4174 0.6399358
4175 0.757613
4176 0.3831452
4177 0.5212195
4178 0.1106256
4179 0.9598293
4180 0.2478864
4181 0.3926835
4182 0.4372412
4183 0.9270784
4184 0.6996551
4185 0.565335
4186 0.9938235
4187 0.6847614
4188 0.5992461
4189 0.7648457
4190 0.8087023
4191 0.8809186
4192 0.7555076
4193 0.8598127
4194 0.7255732
4195 0.1463781
4196 0.7966438
4197 0.8341374
4198 0.8021959
4199 0.116889
4200 0.5792012
4201 0.2864772
4202 0.5664712
4203 0.6232376
4204 0.05425266
4205 0.2061423
4206 0.6174851
4207 0.7400415
4208 0.3303706
4209 0.8730989
4210 0.4898653
4211 0.4152117
4212 0.3042741
4213 0.806132
4214 0.4522629
4215 0.3912541
4216 0.02758309
4217 0.002935162
4218 0.9042614
4219 0.3081864
4220 0.9293421
4221 0.9565683
4222 0.9157756
4223 0.7928877
4224 0.440381
4225 0.2147844
4226 0.05837318
4227 0.02694812
4228 0.06376707
4229 0.9502425
4230 0.2388825
4231 0.5488132
4232 0.9784475
4233 0.3071377
4234 0.8933558
4235 0.186487
4236 0.3209025
4237 0.08058213
4238 0.7246983
4239 0.02563901
4240 0.05342659
4241 0.02396778
4242 0.8056956
4243 0.0519664
4244 0.7214976
4245 0.800641
4246 0.07491763
4247 0.4320334
4248 0.767514
4249 0.765589
4250 0.04430657
4251 0.5736649
4252 0.663839
4253 0.0702942
4254 0.9816303
4255 0.1005208
4256 0.4078068
4257 0.5012646
4258 0.4253891
4259 0.827859
4260 0.267721
4261 0.5585061
4262 0.8874528
4263 0.5874349
4264 0.3102786
4265 0.5392004
4266 0.8012905
4267 0.7788859
4268 0.6231827
4269 0.5914589
4270 0.6500785
4271 0.9417304
4272 0.7635402
4273 0.8459742
4274 0.2933897
4275 0.5663566
4276 0.06898561
4277 0.349804
4278 0.01054919
4279 0.4810227
4280 0.2439506
4281 0.4512881
4282 0.6811258
4283 0.496989
4284 0.7696056
4285 0.9375649
4286 0.3557381
4287 0.9684992
4288 0.5880019
4289 0.1617136
4290 0.5825929
4291 0.1203013
4292 0.4669353
4293 0.3390863
4294 0.2889003
4295 0.4227435
4296 0.9185555
4297 0.9904458
4298 0.5945577
4299 0.8274411
4300 0.08902838
4301 0.4569175
4302 0.03768078
4303 0.767849
4304 0.8487127
4305 0.09883496
4306 0.9485276
4307 0.2934156
4308 0.8759472
4309 0.6905059
4310 0.1952514
4311 0.7622971
4312 0.2941636
4313 0.3205375
4314 0.4283738
4315 0.8576866
4316 0.4383376
4317 0.8169766
4318 0.4799154
4319 0.116557
4320 0.2075894
4321 0.1652474
4322 0.6442776
4323 0.1023724
4324 0.4369487
4325 0.08985965
4326 0.5123593
4327 0.7431662
4328 0.1603827
4329 0.246678
4330 0.5027518
4331 0.8564229
4332 0.4898518
4333 0.6983386
4334 0.09872647
4335 0.8286171
4336 0.3776344
4337 0.1510929
4338 0.6556099
4339 0.4043997
4340 0.2520033
4341 0.2697066
4342 0.8527667
4343 0.2204788
4344 0.445779
4345 0.6013406
4346 0.6637722
4347 0.7935802
4348 0.932938
4349 0.4205373
4350 0.8232065
4351 0.2285215
4352 0.9555291
4353 0.4393975
4354 0.0359233
4355 0.9378676
4356 0.6729231
4357 0.3006519
4358 0.03449076
4359 0.001019358
4360 0.4937993
4361 0.1949368
4362 0.1493617
4363 0.9432989
4364 0.6117806
4365 0.3321187
4366 0.1293211
4367 0.7147874
4368 0.2788192
4369 0.9670657
4370 0.3635509
4371 0.6525846
4372 0.7153347
4373 0.1235064
4374 0.6103758
4375 0.6325259
4376 0.5917794
4377 0.7905924
4378 0.6582213
4379 0.5932233
4380 0.5870641
4381 0.7340117
4382 0.270125
4383 0.9371557
4384 0.2263732
4385 0.8875224
4386 0.7919813
4387 0.8389921
4388 0.8763574
4389 0.1166059
4390 0.1473117
4391 0.9689418
4392 0.3623871
4393 0.611304
4394 0.1797953
4395 0.681516
4396 0.2630723
4397 0.5362951
4398 0.04922361
4399 0.2883579
4400 0.9902852
4401 0.5389731
4402 0.8575207
4403 0.4397689
4404 0.2956874
4405 0.9574321
4406 0.2536668
4407 0.9289568
4408 0.3198723
4409 0.556685
4410 0.196513
4411 0.09884317
4412 0.2918804
4413 0.4362819
4414 0.1601476
4415 0.5817231
4416 0.05254485
4417 0.6759612
4418 0.7299751
4419 0.3668299
4420 0.4820731
4421 0.115089
4422 0.02924506
4423 0.5731454
4424 0.4361725
4425 0.2246867
4426 0.5074733
4427 0.3656326
4428 0.5290806
4429 0.9279255
4430 0.2496889
4431 0.006126258
4432 0.9038639
4433 0.1274804
4434 0.8086275
4435 0.3176948
4436 0.1227593
4437 0.5497083
4438 0.07388948
4439 0.8049648
4440 0.1344914
4441 0.2756633
4442 0.9823854
4443 0.1158967
4444 0.1184151
4445 0.4159913
4446 0.2688579
4447 0.4425981
4448 0.7747142
4449 0.7621357
4450 0.74287
4451 0.9067695
4452 0.6870537
4453 0.9412614
4454 0.1219999
4455 0.5032848
4456 0.6614335
4457 0.5117784
4458 0.4350994
4459 0.253929
4460 0.7012402
4461 0.5889236
4462 0.9075319
4463 0.5601064
4464 0.9670032
4465 0.672547
4466 0.1961482
4467 0.6797328
4468 0.4769141
4469 0.6077342
4470 0.371477
4471 0.926265
4472 0.3023839
4473 0.5259465
4474 0.7803215
4475 0.3315739
4476 0.07917143
4477 0.4753672
4478 0.5434836
4479 0.8681976
4480 0.8996884
4481 0.7634677
4482 0.09014064
4483 0.7180329
4484 0.3904025
4485 0.4136177
4486 0.0457227
4487 0.4337303
4488 0.7968454
4489 0.1071704
4490 0.2317084
4491 0.7376746
4492 0.5178272
4493 0.1709505
4494 0.2088393
4495 0.5564822
4496 0.6644605
4497 0.07537771
4498 0.3249848
4499 0.4949684
4500 0.5857705
4501 0.892316
4502 0.1418115
4503 0.6308914
4504 0.4831998
4505 0.8832216
4506 0.1686972
4507 0.2304368
4508 0.8584259
4509 0.6135961
4510 0.2994238
4511 0.08646861
4512 0.052827
4513 0.7599721
4514 0.06801928
4515 0.5193866
4516 0.3377917
4517 0.1443119
4518 0.7638883
4519 0.3019198
4520 0.4676353
4521 0.4199615
4522 0.4920327
4523 0.3744719
4524 0.2694952
4525 0.6807444
4526 0.5911055
4527 0.3214684
4528 0.5307374
4529 0.7560507
4530 0.8800877
4531 0.9749773
4532 0.6173902
4533 0.5012499
4534 0.4784819
4535 0.8329265
4536 0.4059076
4537 0.5974013
4538 0.7096667
4539 0.2075667
4540 0.6229606
4541 0.3079372
4542 0.4512013
4543 0.5339133
4544 0.2424196
4545 0.3659203
4546 0.1517971
4547 0.8202062
4548 0.8814401
4549 0.868557
4550 0.150274
4551 0.3710807
4552 0.3468242
4553 0.4708128
4554 0.2483096
4555 0.5386405
4556 0.2405927
4557 0.7807704
4558 0.1278937
4559 0.3785377
4560 0.479869
4561 0.242203
4562 0.3080496
4563 0.8944738
4564 0.1975395
4565 0.07246364
4566 0.3882064
4567 0.009610956
4568 0.8033263
4569 0.4570856
4570 0.7908201
4571 0.99119
4572 0.6342352
4573 0.8713899
4574 0.009520096
4575 0.4777395
4576 0.007987742
4577 0.449014
4578 0.9840165
4579 0.2664948
4580 0.1281773
4581 0.3318257
4582 0.8402661
4583 0.684531
4584 0.8004088
4585 0.6046927
4586 0.1046919
4587 0.4248163
4588 0.9112229
4589 0.5039242
4590 0.002045469
4591 0.1866368
4592 0.8729215
4593 0.9682301
4594 0.6575996
4595 0.9223837
4596 0.7761794
4597 0.7546629
4598 0.5218713
4599 0.1859729
4600 0.002720097
4601 0.7379825
4602 0.8939842
4603 0.5610162
4604 0.1339418
4605 0.7281497
4606 0.2901255
4607 0.4499907
4608 0.6675194
4609 0.06486957
4610 0.8475647
4611 0.5987503
4612 0.4964032
4613 0.8328117
4614 0.2957057
4615 0.7121391
4616 0.313334
4617 0.6152847
4618 0.6524725
4619 0.3110774
4620 0.3434457
4621 0.2861003
4622 0.4795955
4623 0.9141389
4624 0.1376828
4625 0.4552807
4626 0.7684036
4627 0.7752025
4628 0.4843208
4629 0.3672686
4630 0.5402816
4631 0.7766946
4632 0.7374606
4633 0.8354647
4634 0.1977866
4635 0.4204726
4636 0.01559296
4637 0.9175089
4638 0.8865789
4639 0.9330712
4640 0.04367924
4641 0.9817122
4642 0.6389757
4643 0.7342584
4644 0.1454919
4645 0.1612872
4646 0.05921283
4647 0.06991944
4648 0.02839177
4649 0.1126959
4650 0.6657965
4651 0.9218934
4652 0.9394663
4653 0.9826334
4654 0.2679358
4655 0.05277119
4656 0.906317
4657 0.6054501
4658 0.8181302
4659 0.6314167
4660 0.05014104
4661 0.4616581
4662 0.962403
4663 0.5088161
4664 0.5740093
4665 0.4317811
4666 0.5967955
4667 0.2873895
4668 0.5199232
4669 0.4969084
4670 0.4531388
4671 0.7135275
4672 0.4511872
4673 0.5728156
4674 0.7966648
4675 0.6154066
4676 0.9706623
4677 0.6261655
4678 0.6127213
4679 0.2442667
4680 0.4829288
4681 0.877822
4682 0.05412624
4683 0.5165507
4684 0.07741853
4685 0.8702702
4686 0.7349468
4687 0.3576962
4688 0.5064482
4689 0.1716929
4690 0.5876103
4691 0.9729394
4692 0.3905688
4693 0.212604
4694 0.1596948
4695 0.2172567
4696 0.2423962
4697 0.2199701
4698 0.2343264
4699 0.23332
4700 0.5977938
4701 0.5524389
4702 0.3569168
4703 0.4388123
4704 0.5765697
4705 0.08796552
4706 0.6509793
4707 0.7327451
4708 0.4225066
4709 0.7041093
4710 0.7951922
4711 0.8151739
4712 0.5723748
4713 0.9201752
4714 0.4294546
4715 0.3882505
4716 0.5579367
4717 0.9406209
4718 0.7447951
4719 0.4313576
4720 0.206477
4721 0.4719407
4722 0.4744908
4723 0.3779402
4724 0.9198199
4725 0.2928
4726 0.01213924
4727 0.8342261
4728 0.1801062
4729 0.6847587
4730 0.5734081
4731 0.5549763
4732 0.4862043
4733 0.03368406
4734 0.5586174
4735 0.8410268
4736 0.3188221
4737 0.0005087185
4738 0.08771545
4739 0.8837684
4740 0.02203732
4741 0.6530452
4742 0.3466551
4743 0.5312725
4744 0.7375039
4745 0.484817
4746 0.5188497
4747 0.4241417
4748 0.783123
4749 0.7463129
4750 0.164478
4751 0.7767592
4752 0.1925295
4753 0.6779126
4754 0.6499035
4755 0.7999461
4756 0.8888416
4757 0.6729806
4758 0.3265719
4759 0.3496227
4760 0.1417528
4761 0.767526
4762 0.1138603
4763 0.4438437
4764 0.1759249
4765 0.07167106
4766 0.1163531
4767 0.7890185
4768 0.07855255
4769 0.3914561
4770 0.1697195
4771 0.7181522
4772 0.1342193
4773 0.07995524
4774 0.7409139
4775 0.5673014
4776 0.6458709
4777 0.9941312
4778 0.03527122
4779 0.8876
4780 0.4273248
4781 0.1653993
4782 0.4448861
4783 0.9194516
4784 0.4774072
4785 0.7405329
4786 0.8428609
4787 0.01646849
4788 0.9327866
4789 0.7526463
4790 0.4803995
4791 0.5503592
4792 0.6698083
4793 0.2823925
4794 0.5846089
4795 0.7857332
4796 0.7777513
4797 0.08547757
4798 0.9085898
4799 0.5337187
4800 0.866832
4801 0.3967303
4802 0.8455483
4803 0.9201875
4804 0.558834
4805 0.3329025
4806 0.962199
4807 0.3691867
4808 0.3549917
4809 0.5351441
4810 0.4733586
4811 0.4955454
4812 0.01007594
4813 0.5559107
4814 0.01248258
4815 0.8761804
4816 0.1595575
4817 0.6251026
4818 0.1696801
4819 0.7705493
4820 0.796496
4821 0.9829966
4822 0.5477323
4823 0.2730985
4824 0.1279507
4825 0.7938355
4826 0.0500334
4827 0.1373718
4828 0.2364615
4829 0.2060094
4830 0.1419456
4831 0.9481902
4832 0.5276116
4833 0.5209322
4834 0.2599848
4835 0.3843865
4836 0.9928018
4837 0.5261889
4838 0.2599565
4839 0.8061017
4840 0.5487337
4841 0.7384925
4842 0.5750897
4843 0.09523876
4844 0.6444376
4845 0.4300453
4846 0.9552089
4847 0.666496
4848 0.75584
4849 0.6033749
4850 0.1732921
4851 0.6095498
4852 0.2445443
4853 0.3117601
4854 0.5304037
4855 0.7821273
4856 0.4815139
4857 0.1297601
4858 0.4581411
4859 0.3445535
4860 0.3703378
4861 0.8627931
4862 0.3934208
4863 0.1555139
4864 0.3090301
4865 0.7641466
4866 0.2459474
4867 0.9658792
4868 0.3968798
4869 0.8007282
4870 0.1728587
4871 0.2975942
4872 0.8097324
4873 0.3068824
4874 0.3792469
4875 0.6227202
4876 0.5952257
4877 0.06734287
4878 0.9554501
4879 0.5384318
4880 0.6109131
4881 0.2642173
4882 0.3879505
4883 0.2572169
4884 0.7445614
4885 0.1106787
4886 0.6076992
4887 0.4104204
4888 0.6146346
4889 0.4639356
4890 0.7510421
4891 0.3528939
4892 0.6677201
4893 0.3738331
4894 0.7392112
4895 0.2670735
4896 0.7501641
4897 0.3883363
4898 0.1869006
4899 0.6191268
4900 0.502196
4901 0.5464291
4902 0.9958271
4903 0.4561001
4904 0.628223
4905 0.263346
4906 0.7517484
4907 0.2132558
4908 0.3620272
4909 0.3998901
4910 0.03722411
4911 0.6258412
4912 0.2127934
4913 0.1465609
4914 0.01339271
4915 0.7818658
4916 0.488521
4917 0.2626552
4918 0.02998979
4919 0.3273364
4920 0.6932007
4921 0.9470237
4922 0.4874751
4923 0.02144808
4924 0.8111562
4925 0.1521222
4926 0.4052206
4927 0.6444715
4928 0.5402642
4929 0.1416705
4930 0.9801
4931 0.1771645
4932 0.9572588
4933 0.3159257
4934 0.7424175
4935 0.5339247
4936 0.7805691
4937 0.79994
4938 0.268728
4939 0.8342294
4940 0.1728487
4941 0.2107987
4942 0.09644923
4943 0.6766068
4944 0.9237389
4945 0.9355206
4946 0.09377294
4947 0.6925495
4948 0.6008832
4949 0.2417788
4950 0.7794747
4951 0.5288837
4952 0.02747773
4953 0.8928999
4954 0.5153443
4955 0.05887405
4956 0.2456096
4957 0.4138074
4958 0.6066052
4959 0.233114
4960 0.8819872
4961 0.5064109
4962 0.1505471
4963 0.1517467
4964 0.1279527
4965 0.8212018
4966 0.08979535
4967 0.6773725
4968 0.2198775
4969 0.12147
4970 0.08772526
4971 0.3288784
4972 0.02156946
4973 0.944616
4974 0.7859266
4975 0.5009251
4976 0.7074426
4977 0.3738333
4978 0.4328158
4979 0.3220498
4980 0.501271
4981 0.4825587
4982 0.5249336
4983 0.4417007
4984 0.877719
4985 0.6559541
4986 0.7324803
4987 0.758587
4988 0.9950043
4989 0.08824097
4990 0.6724171
4991 0.6689285
4992 0.4424342
4993 0.9868243
4994 0.5119991
4995 0.6576263
4996 0.5156512
4997 0.9955098
4998 0.3898904
4999 0.8708932
5000 0.02727298
