1 0.6715339
2 0.1688686
3 0.05092209
4 0.5433201
5 0.36106
6 0.04583088
7 0.1083683
8 0.02460906
9 0.6335566
10 0.7944669
11 0.03552409
12 0.1920278
13 0.1158297
14 0.638437
15 0.3405829
16 0.535771
17 0.2445583
18 0.5935313
19 0.2076226
20 0.7465203
21 0.5834831
22 0.01813438
23 0.260809
24 0.005732909
25 0.340084
26 0.3061738
27 0.1719433
28 0.5639751
29 0.6250581
30 0.9924804
31 0.0004439537
32 0.07112271
33 0.8416071
34 0.2761061
35 0.373731
36 0.9852029
37 0.1198981
38 0.7902877
39 0.02270496
40 0.9329417
41 0.853989
42 0.3964792
43 0.2329664
44 0.7498188
45 0.3788256
46 0.3107348
47 0.3661747
48 0.2593906
49 0.3749704
50 0.6028213
51 0.6881341
52 0.5146646
53 0.1813721
54 0.9436531
55 0.7593955
56 0.2846601
57 0.259313
58 0.8529112
59 0.2929083
60 0.04900439
61 0.9619158
62 0.1255698
63 0.9307645
64 0.3342216
65 0.07113026
66 0.4806382
67 0.8258628
68 0.05542205
69 0.1960531
70 0.6195535
71 0.196946
72 0.1767056
73 0.2934835
74 0.01233012
75 0.01442033
76 0.857243
77 0.08728575
78 0.4001462
79 0.1203942
80 0.6068686
81 0.3729912
82 0.855778
83 0.2265971
84 0.6324996
85 0.6271059
86 0.05139637
87 0.2746089
88 0.2617535
89 0.9669741
90 0.3989487
91 0.3839006
92 0.01186528
93 0.5108978
94 0.1488705
95 0.3710928
96 0.8616164
97 0.2587001
98 0.4787511
99 0.2211871
100 0.7080045
101 0.09416202
102 0.1648364
103 0.8597172
104 0.7954381
105 0.5162636
106 0.8283613
107 0.1355344
108 0.9043786
109 0.1413344
110 0.2519694
111 0.2872971
112 0.3529775
113 0.1195326
114 0.9253008
115 0.9330448
116 0.08335143
117 0.1139029
118 0.4675201
119 0.09177111
120 0.7683357
121 0.099223
122 0.01319188
123 0.08401888
124 0.4153906
125 0.2307307
126 0.1590461
127 0.6366323
128 0.2567867
129 0.4300974
130 0.1828723
131 0.7261162
132 0.1159993
133 0.9704346
134 0.8864592
135 0.5500859
136 0.1303508
137 0.4060631
138 0.5964445
139 0.1901088
140 0.223682
141 0.02764068
142 0.3705548
143 0.05325003
144 0.0350323
145 0.04913019
146 0.1453444
147 0.04615043
148 0.07205711
149 0.742148
150 0.1779747
151 0.07940519
152 0.259444
153 0.7863298
154 0.2310521
155 0.05823589
156 1.771282e-06
157 0.4218098
158 0.1380971
159 3.453679e-05
160 0.9644053
161 0.1129786
162 0.103314
163 0.2839341
164 0.9010497
165 0.695519
166 0.5468395
167 0.7558364
168 0.05162356
169 0.09428186
170 0.7231116
171 0.5641277
172 0.1036813
173 0.3603061
174 0.7150244
175 0.09813967
176 0.2040413
177 0.1107325
178 0.2814133
179 0.572255
180 0.8103071
181 0.6826065
182 0.4773418
183 0.03804938
184 0.1348398
185 0.01244162
186 0.6115281
187 0.6153973
188 0.04934632
189 0.8658292
190 0.4489171
191 0.004444622
192 0.0006281992
193 0.9953629
194 0.9367642
195 0.7039409
196 0.7257961
197 0.6234576
198 0.02838914
199 0.5560479
200 0.3032396
201 0.6495685
202 0.001204519
203 0.03582423
204 0.5603089
205 0.004227108
206 0.7704129
207 0.4306555
208 0.5720066
209 0.541243
210 0.2694331
211 0.3472063
212 0.6836312
213 0.02978458
214 0.06057279
215 0.1168462
216 0.9792406
217 0.8157537
218 0.05293712
219 0.9840737
220 0.09519976
221 0.9097064
222 0.2165839
223 0.3610402
224 0.3514425
225 0.3052682
226 0.8721561
227 0.8992729
228 0.09558823
229 0.1193135
230 0.6252607
231 0.561337
232 0.7954149
233 0.1366942
234 0.5425989
235 0.8299713
236 0.2977772
237 0.4096962
238 0.0196308
239 0.1025161
240 0.2302474
241 0.5590774
242 0.1514835
243 0.5301829
244 0.06131775
245 0.8665017
246 0.09538523
247 0.2785655
248 0.1216424
249 0.0009262529
250 0.8471486
251 0.1812103
252 0.06061075
253 0.1330224
254 0.1781727
255 0.4455765
256 0.02590775
257 0.2952885
258 0.3814577
259 0.04892069
260 0.4413862
261 0.5593008
262 0.1395638
263 0.9547536
264 0.1465878
265 0.9031353
266 0.9793488
267 0.8671981
268 0.5895864
269 0.03021618
270 0.6860671
271 0.09620876
272 0.3453103
273 0.8035435
274 0.9818496
275 0.9349156
276 0.6602213
277 0.5509467
278 0.3081447
279 1.799853e-05
280 0.4635279
281 0.5593895
282 0.8188656
283 0.0195006
284 0.073045
285 0.1392412
286 0.9731249
287 0.04072694
288 0.07776854
289 0.3715572
290 0.426005
291 0.1354926
292 0.3136261
293 0.1762384
294 0.754662
295 0.8790298
296 0.002805744
297 0.3590692
298 0.06222597
299 0.2602141
300 0.9898316
301 0.7892801
302 0.1573054
303 0.0268118
304 0.03887105
305 0.6222273
306 0.5280479
307 0.4106456
308 0.9515068
309 0.6723354
310 0.2846252
311 0.03418531
312 0.6089114
313 0.06046366
314 0.3989141
315 0.6556432
316 0.45252
317 0.1429704
318 0.9253843
319 0.3773612
320 0.1354346
321 0.06690674
322 0.4773965
323 0.1246651
324 0.1901109
325 0.03152779
326 0.9824521
327 0.7095711
328 0.7477894
329 0.03512044
330 0.07558354
331 0.3848075
332 0.614573
333 0.9282159
334 0.8103344
335 0.9939987
336 0.3585769
337 0.1621298
338 0.4229138
339 0.001545396
340 0.7086076
341 0.2800151
342 0.6009216
343 0.4281823
344 0.1321531
345 0.7791762
346 0.2216592
347 0.651547
348 0.8592217
349 0.05576643
350 0.4338084
351 0.4687313
352 0.006653987
353 0.009589227
354 0.3707444
355 0.4591454
356 0.2304968
357 0.0505854
358 0.1212377
359 0.2199729
360 0.9360998
361 0.5525043
362 0.008754357
363 0.5648212
364 0.9175906
365 0.5109805
366 0.5729826
367 0.0606045
368 0.9323273
369 0.493361
370 0.4164692
371 0.528448
372 0.107805
373 0.3937843
374 0.5567611
375 0.1924771
376 0.06661699
377 0.251328
378 0.09667891
379 0.2880776
380 0.9973513
381 0.4706319
382 0.2180128
383 0.4316625
384 0.05993807
385 0.984531
386 0.307689
387 0.0754813
388 0.2827242
389 0.2262863
390 0.004073119
391 0.1123016
392 0.9837614
393 0.05183408
394 0.001278851
395 0.1009743
396 0.6869576
397 0.03877731
398 0.188214
399 0.1065671
400 0.4884331
401 0.4612664
402 0.4866136
403 0.06800914
404 0.03970215
405 0.2914384
406 0.3995177
407 0.8765672
408 0.01015489
409 0.4833896
410 0.4205796
411 0.6150426
412 0.485867
413 0.1107263
414 0.9157688
415 0.2896453
416 0.01366008
417 0.04334444
418 0.2124623
419 0.4927054
420 0.7251627
421 0.9935535
422 0.03212896
423 0.1682846
424 0.1700357
425 0.7097281
426 0.7035797
427 0.1083421
428 0.7184145
429 0.02288547
430 0.5511143
431 0.01185923
432 0.4999749
433 0.1225428
434 0.43657
435 0.6223082
436 0.9324137
437 0.04880662
438 0.07749215
439 0.1034973
440 0.1712468
441 0.5740635
442 0.4457013
443 0.161542
444 0.004024668
445 0.322371
446 0.0002889676
447 0.6398076
448 0.6714623
449 0.8907374
450 0.7793214
451 0.005098149
452 0.5482237
453 0.4254369
454 0.9363219
455 0.8764573
456 0.6605243
457 0.5971909
458 0.1267344
459 0.06364295
460 0.1850713
461 0.8059207
462 0.3087069
463 0.1793665
464 0.0769356
465 0.2105145
466 0.2327123
467 0.001362475
468 0.09558127
469 0.8980775
470 6.751749e-05
471 0.2766442
472 0.5733872
473 0.2924792
474 0.3566894
475 0.6505216
476 0.6358128
477 0.4473278
478 0.5058119
479 0.09179209
480 0.4854387
481 0.1950572
482 0.003017612
483 0.09305148
484 0.3514262
485 0.1634801
486 0.07112267
487 0.09090681
488 0.486471
489 0.2470581
490 0.6043109
491 0.3841287
492 0.07444462
493 0.4122157
494 0.9559516
495 0.0251736
496 0.6870867
497 0.41482
498 0.1484208
499 0.08825482
500 0.5089777
501 0.3703569
502 0.5338026
503 0.8100513
504 0.1934633
505 0.2578973
506 0.5633533
507 0.354871
508 0.07034503
509 0.002922039
510 0.1818812
511 0.001528253
512 0.3580755
513 0.2300083
514 0.001616115
515 0.7839434
516 0.5201008
517 0.4856755
518 0.984468
519 0.01458694
520 0.01016764
521 0.01635749
522 0.003766884
523 0.6406353
524 0.01251457
525 0.01284889
526 0.1122191
527 0.00288939
528 0.27395
529 0.1316868
530 0.3708737
531 0.4185546
532 0.2305541
533 0.7483193
534 0.02451929
535 0.6711643
536 0.02935336
537 0.5540989
538 0.01436923
539 0.04706228
540 0.3819794
541 0.006220785
542 0.09527239
543 0.4955773
544 0.0524504
545 0.6821362
546 0.01244545
547 0.549432
548 0.9513878
549 0.8887236
550 0.06041294
551 0.3365074
552 0.01940033
553 0.07807836
554 0.02759826
555 0.03008684
556 0.1054101
557 0.1025498
558 0.2819339
559 0.4048544
560 0.5969136
561 0.4309052
562 0.9423134
563 8.098165e-05
564 0.08102578
565 0.01420179
566 0.6045318
567 0.124514
568 0.0716146
569 0.03364707
570 0.0757927
571 0.9301723
572 2.887149e-05
573 0.3592285
574 0.01785826
575 0.2280633
576 0.4926555
577 0.7492585
578 0.2693811
579 0.4560697
580 0.4804679
581 0.003316883
582 0.8451083
583 0.6708271
584 0.1289061
585 0.1653494
586 0.7974743
587 0.6657661
588 0.4160426
589 0.8706265
590 0.3538505
591 0.1353123
592 0.6223438
593 0.06591255
594 0.8878785
595 0.04995667
596 0.2402355
597 0.8015667
598 0.1195591
599 0.6378274
600 0.5306851
601 0.03677828
602 0.2238311
603 0.1039676
604 0.9533075
605 0.4032179
606 0.01704636
607 0.54853
608 0.7722256
609 0.2881632
610 0.7147284
611 0.9258035
612 0.02912861
613 0.141716
614 0.8412088
615 0.07250917
616 0.4856305
617 0.003345253
618 0.04904195
619 0.7059521
620 0.4253768
621 0.4132376
622 0.8605168
623 0.391383
624 0.3765728
625 0.697244
626 0.01919526
627 0.03955554
628 0.26366
629 0.04714905
630 0.02706527
631 0.7505478
632 0.5690452
633 0.5767388
634 0.8797327
635 0.4997631
636 0.3079985
637 0.7915775
638 0.9882638
639 0.6470978
640 0.2510576
641 0.5579497
642 0.8230783
643 0.4705418
644 0.3217024
645 0.2480984
646 0.6834065
647 0.003345681
648 0.1010707
649 0.3683552
650 0.4368472
651 0.261636
652 0.5602023
653 0.5502104
654 0.07490098
655 0.0132642
656 0.0456537
657 0.8904943
658 0.50773
659 0.444703
660 0.02546856
661 0.8352578
662 0.4413789
663 0.6594279
664 0.6430673
665 0.6664829
666 0.3237789
667 0.1447948
668 0.7941235
669 0.7074343
670 0.5399486
671 0.1608805
672 0.07710805
673 0.5905879
674 0.1599095
675 0.06524504
676 0.01850478
677 0.8399508
678 0.6722751
679 0.1899285
680 0.208617
681 0.5527013
682 0.6643101
683 0.8550405
684 0.752606
685 0.05363353
686 0.09832876
687 0.1305344
688 0.7544292
689 0.7485095
690 0.5695435
691 0.3102035
692 0.001361535
693 0.7414373
694 0.493755
695 0.122493
696 0.01427978
697 0.4189206
698 0.9001618
699 0.01418277
700 0.1739504
701 0.08036472
702 0.5944149
703 0.4922839
704 0.4797753
705 0.1737522
706 0.3173907
707 0.9648865
708 0.03219798
709 0.02203298
710 0.1711127
711 0.05715391
712 0.01864648
713 0.2917814
714 0.03875797
715 0.1456031
716 0.6757249
717 0.2966825
718 0.5902539
719 0.7424658
720 0.943572
721 0.3780815
722 0.2441205
723 0.3962485
724 0.8999181
725 0.1644415
726 0.7616869
727 0.1001419
728 0.7071658
729 0.5441807
730 0.5013978
731 0.3488962
732 0.8303175
733 0.4450834
734 0.8098279
735 0.8960741
736 0.3515783
737 0.101318
738 0.01806101
739 0.1304541
740 0.3079632
741 0.07319848
742 0.002473236
743 0.472251
744 0.6479057
745 0.790313
746 0.6491818
747 0.6873356
748 0.6928179
749 0.03976709
750 0.8295683
751 0.1444134
752 0.3596487
753 0.7258157
754 0.644785
755 0.8034289
756 0.9899497
757 0.0225527
758 0.04934486
759 0.4391605
760 0.6863611
761 0.4712434
762 0.2022236
763 0.4096701
764 0.3317836
765 0.0001740798
766 0.08989472
767 0.203574
768 0.3357982
769 0.5986422
770 0.3992593
771 0.2118989
772 0.07564931
773 0.6213967
774 0.008796533
775 0.2232866
776 0.4887511
777 0.7405341
778 0.3363664
779 0.867281
780 0.8603046
781 0.2708709
782 0.5832987
783 0.08063798
784 0.1710264
785 0.2041141
786 0.4265406
787 0.9402243
788 0.3284876
789 0.3849994
790 0.04880902
791 0.7417585
792 0.5614771
793 0.1270212
794 0.00599778
795 0.6101915
796 0.003830436
797 0.6219257
798 0.1828989
799 0.3266078
800 0.3364381
801 0.9188584
802 0.3882251
803 0.3084205
804 0.1835755
805 0.7797362
806 0.1520548
807 0.2489189
808 0.3914718
809 0.3966493
810 0.6921743
811 0.393443
812 0.6869877
813 0.8615264
814 0.1452602
815 0.08568296
816 0.8910814
817 0.01596763
818 0.06260294
819 0.9527397
820 0.2991668
821 0.6149476
822 0.06487032
823 0.8018213
824 0.9727465
825 0.04493969
826 0.4746475
827 0.6396397
828 0.1321921
829 0.7929906
830 0.05136435
831 0.02011986
832 0.2326578
833 0.7512158
834 0.7662247
835 0.9536448
836 0.7721121
837 0.6748752
838 0.3355462
839 0.2331785
840 0.07997703
841 0.0001267866
842 0.3501385
843 0.8177225
844 0.5527121
845 0.9024921
846 0.02180926
847 0.3707723
848 0.009766136
849 0.5925784
850 0.2762173
851 0.3695541
852 0.9754135
853 0.01950833
854 0.9734664
855 0.4151263
856 0.1105326
857 0.03346066
858 0.9652417
859 0.2332583
860 0.03663093
861 0.8805035
862 0.752255
863 0.8822323
864 0.04539522
865 0.2615887
866 0.8968745
867 0.203067
868 0.6283342
869 0.7730903
870 0.35317
871 0.4192786
872 0.5727743
873 0.9373757
874 0.7826039
875 0.0004267521
876 0.7337554
877 0.109991
878 0.137296
879 0.5738322
880 0.02272651
881 0.04026291
882 0.9591071
883 0.851144
884 0.09714451
885 0.288694
886 0.6974229
887 0.09132866
888 0.7665526
889 0.1635614
890 0.116261
891 0.30892
892 0.7257463
893 0.9937253
894 0.8164631
895 0.4141701
896 0.286684
897 0.5098231
898 0.5348183
899 0.5132645
900 0.3569828
901 0.3506651
902 0.07068461
903 0.8280335
904 0.6376495
905 0.438569
906 0.005822294
907 0.501785
908 0.2484783
909 0.3091924
910 0.9783744
911 0.2431051
912 0.7965177
913 0.4553883
914 0.05406735
915 0.9563487
916 0.3260914
917 0.1127418
918 0.7253061
919 0.1803138
920 0.9018644
921 0.1549242
922 0.7940693
923 0.6793963
924 0.3919516
925 0.9072309
926 0.1326869
927 0.8848578
928 0.9685056
929 0.4765192
930 0.1639376
931 0.7987698
932 0.6156944
933 0.710798
934 0.6236113
935 0.001133872
936 0.238678
937 0.2917517
938 0.6915254
939 0.9884973
940 0.2177415
941 0.03527529
942 0.04846936
943 0.1915796
944 0.6314747
945 0.4701526
946 0.3792069
947 0.4640491
948 0.5913092
949 0.8930698
950 0.9300346
951 0.608888
952 0.07558553
953 0.8976401
954 0.2442292
955 0.965345
956 0.6148837
957 0.8091965
958 0.09525554
959 0.1531329
960 0.4521194
961 0.1377414
962 0.03363318
963 0.2487106
964 0.5799412
965 0.01120099
966 0.2966203
967 0.2790758
968 0.0327982
969 0.5569679
970 0.01376276
971 0.001824831
972 0.08164946
973 0.6844863
974 0.5020582
975 0.8244495
976 0.9165229
977 0.9069438
978 0.6579732
979 0.8778979
980 0.1699957
981 0.7309365
982 0.1425511
983 0.01632237
984 0.05959203
985 0.1115602
986 0.2794227
987 0.3243842
988 0.2771245
989 0.9310721
990 0.4144103
991 0.1428611
992 0.4315957
993 0.1269351
994 0.01917833
995 0.2548163
996 0.05779824
997 0.06209443
998 0.8676231
999 0.6739866
1000 0.4907284
1001 0.002554483
1002 0.1395336
1003 0.7618854
1004 0.7073029
1005 0.9702115
1006 0.1244543
1007 0.8470861
1008 0.4668886
1009 0.2357694
1010 0.9896072
1011 0.6329603
1012 0.2324156
1013 0.2613771
1014 0.3117842
1015 0.5916411
1016 0.7128531
1017 0.9043662
1018 0.4629756
1019 0.151456
1020 0.9302616
1021 0.1659401
1022 0.6310094
1023 0.78891
1024 0.5448232
1025 0.3434171
1026 0.5250057
1027 0.6217535
1028 0.7453304
1029 0.1439168
1030 0.4162598
1031 0.3113733
1032 0.002297156
1033 0.04794096
1034 0.274712
1035 0.2077738
1036 0.1767186
1037 0.1613446
1038 0.003363802
1039 0.5062953
1040 0.629737
1041 0.8196274
1042 0.9196721
1043 0.7488014
1044 0.01163714
1045 0.08427707
1046 0.03388431
1047 0.4128787
1048 0.2132245
1049 0.1175254
1050 0.3453054
1051 0.109219
1052 0.7360413
1053 0.01383945
1054 0.2713174
1055 0.1761119
1056 0.8828522
1057 0.04633572
1058 0.003246393
1059 0.3496275
1060 0.4404513
1061 0.9726347
1062 0.8444031
1063 0.4590468
1064 0.3980948
1065 0.5666445
1066 0.2520904
1067 0.001626937
1068 0.05241613
1069 0.1448258
1070 0.6686562
1071 0.7246711
1072 0.009933691
1073 0.02587756
1074 0.3538194
1075 0.3142842
1076 0.7831104
1077 0.8259665
1078 0.6012152
1079 0.1581443
1080 0.7253537
1081 0.03501217
1082 0.4608673
1083 0.05945874
1084 0.7427398
1085 0.04635456
1086 0.2006777
1087 0.8418479
1088 0.3409694
1089 0.5290153
1090 0.6678297
1091 0.0003317126
1092 0.005389251
1093 0.3614791
1094 0.4651253
1095 0.6388104
1096 0.7628871
1097 0.1828007
1098 0.6738602
1099 0.05142662
1100 0.05408436
1101 0.5747867
1102 5.321304e-05
1103 0.7708155
1104 0.4472591
1105 0.4909737
1106 0.7829342
1107 0.1533574
1108 0.2488032
1109 0.005498561
1110 0.2433847
1111 0.9508612
1112 0.3631078
1113 0.008836542
1114 0.2123203
1115 0.02229533
1116 0.01711936
1117 0.01208272
1118 0.256515
1119 0.06381391
1120 0.5055217
1121 0.3748918
1122 0.2762543
1123 0.5409017
1124 0.1606869
1125 0.9853901
1126 0.6926957
1127 0.03172765
1128 0.01565461
1129 0.0515859
1130 0.002397658
1131 0.858589
1132 0.03487435
1133 0.4044929
1134 0.1551299
1135 0.9843992
1136 0.8966305
1137 0.3778988
1138 0.5431916
1139 0.02343261
1140 0.7272488
1141 0.9298118
1142 0.1608632
1143 0.05533185
1144 0.004330683
1145 0.09779234
1146 0.1906609
1147 0.3353404
1148 0.5073058
1149 0.6210772
1150 0.2881126
1151 0.02654031
1152 0.1787696
1153 0.9433513
1154 0.2059793
1155 0.04823422
1156 0.2868225
1157 0.6728386
1158 0.003119884
1159 0.3391398
1160 0.305378
1161 0.123921
1162 0.7099416
1163 0.5005224
1164 0.8388415
1165 9.6695e-07
1166 0.3119341
1167 0.05596832
1168 0.3451213
1169 0.04668554
1170 0.1383749
1171 0.9622323
1172 0.3237571
1173 0.3693022
1174 0.5203926
1175 0.1327534
1176 0.2477763
1177 0.1569421
1178 0.2622558
1179 0.1832431
1180 0.8278438
1181 0.8692603
1182 0.09230436
1183 0.02869271
1184 0.02501403
1185 0.5914931
1186 0.9118249
1187 0.4226775
1188 0.8698622
1189 0.7508752
1190 0.7006293
1191 0.03101552
1192 0.9307227
1193 0.6669891
1194 0.2965456
1195 0.1277981
1196 0.2004396
1197 0.8763291
1198 0.4208914
1199 0.4505386
1200 0.01685678
1201 0.5070165
1202 0.1623554
1203 0.4310245
1204 0.7173078
1205 0.03611424
1206 0.1211922
1207 0.008364461
1208 0.4469109
1209 0.2641202
1210 0.9776664
1211 0.9359488
1212 0.04989074
1213 0.1106168
1214 0.1008563
1215 0.274074
1216 0.413131
1217 0.0006506658
1218 0.04397528
1219 0.2960412
1220 0.65507
1221 0.5089223
1222 0.798164
1223 0.2963092
1224 0.0175226
1225 0.2940368
1226 0.03311866
1227 0.7826676
1228 0.4250267
1229 0.8149869
1230 0.05056349
1231 0.1525639
1232 0.4874044
1233 0.5213635
1234 0.8468608
1235 0.8652015
1236 0.9800619
1237 0.8422068
1238 0.8943789
1239 0.8722569
1240 0.5479958
1241 0.3952527
1242 0.8487764
1243 0.8627998
1244 0.402558
1245 0.1738675
1246 0.8280541
1247 0.03994817
1248 0.02887379
1249 0.8935394
1250 0.4142857
1251 0.1318907
1252 0.8845055
1253 0.7805204
1254 0.007017563
1255 0.3429355
1256 0.5406738
1257 0.8933319
1258 0.6057078
1259 0.1333858
1260 0.287683
1261 0.5914732
1262 0.02423019
1263 0.8507364
1264 0.6081317
1265 0.9369444
1266 0.4862341
1267 0.7630668
1268 0.9271297
1269 0.03968456
1270 0.2940569
1271 0.3262312
1272 0.4368702
1273 0.2182346
1274 0.04541958
1275 0.0006377115
1276 0.03701362
1277 0.06548171
1278 0.1909661
1279 0.364477
1280 0.002935838
1281 0.2178809
1282 0.9533737
1283 0.1768821
1284 0.3519256
1285 0.0974395
1286 0.14397
1287 0.2491876
1288 0.7975255
1289 0.3386981
1290 0.1337191
1291 0.6993778
1292 0.6615888
1293 0.5806872
1294 0.7610077
1295 0.09476476
1296 0.3936017
1297 0.1411701
1298 0.05545728
1299 0.1175406
1300 0.5129572
1301 0.8266459
1302 0.2953145
1303 0.05907135
1304 0.1696127
1305 0.9104958
1306 0.03374832
1307 0.8932983
1308 0.01209595
1309 0.3816229
1310 0.02465143
1311 0.9606298
1312 0.09983679
1313 0.6084298
1314 0.9803335
1315 0.8821343
1316 0.3784638
1317 0.7015193
1318 0.4956746
1319 0.50316
1320 0.8591537
1321 0.4858004
1322 0.3580956
1323 0.7134162
1324 0.4790592
1325 0.04936001
1326 0.9376193
1327 0.3762437
1328 0.5740643
1329 0.7473199
1330 0.8511061
1331 0.4954325
1332 0.08040141
1333 0.9104942
1334 0.2473106
1335 0.4633795
1336 0.8177454
1337 0.6193517
1338 0.5866475
1339 0.2557039
1340 0.2470105
1341 0.1737349
1342 0.03576031
1343 0.1455186
1344 0.7299517
1345 0.004499721
1346 0.03587102
1347 0.3236684
1348 0.04853623
1349 0.3987975
1350 0.008389963
1351 0.8232589
1352 0.03524261
1353 0.1842233
1354 0.4575934
1355 0.6659164
1356 0.01017151
1357 0.1232403
1358 0.8914895
1359 0.4137824
1360 0.1373272
1361 0.8130653
1362 0.01610517
1363 0.9872838
1364 0.06770451
1365 0.003494915
1366 0.8200322
1367 0.8862218
1368 0.9912006
1369 0.2647096
1370 0.5958269
1371 0.3753576
1372 0.3526823
1373 0.4162721
1374 0.3785621
1375 0.09502377
1376 0.8985002
1377 0.2281633
1378 0.864922
1379 0.10837
1380 0.753189
1381 0.527312
1382 0.5059592
1383 0.9765289
1384 0.1061499
1385 0.01600237
1386 0.0153375
1387 0.8808464
1388 0.3362
1389 0.02012023
1390 0.281986
1391 0.1098684
1392 0.1999802
1393 0.8423088
1394 0.02345891
1395 0.5850768
1396 0.5996503
1397 0.8614644
1398 0.1851202
1399 0.3640791
1400 0.9700182
1401 0.5787612
1402 0.5650446
1403 0.490605
1404 0.1717485
1405 0.5416102
1406 0.04094922
1407 0.008476646
1408 0.008550633
1409 0.1566137
1410 0.3761896
1411 0.1353108
1412 0.3268799
1413 0.1956535
1414 0.783734
1415 0.1865526
1416 0.2054035
1417 0.251685
1418 0.6044861
1419 0.5255751
1420 0.9754911
1421 0.06516411
1422 0.4104194
1423 0.9048847
1424 0.8240097
1425 0.5555595
1426 0.7818262
1427 0.7460039
1428 3.166976e-05
1429 0.3323734
1430 0.1756191
1431 0.02528865
1432 0.03448251
1433 0.183132
1434 0.2096939
1435 0.9435571
1436 0.02515269
1437 0.006494193
1438 0.009091478
1439 0.9275646
1440 0.183165
1441 0.8517535
1442 0.7581727
1443 0.9369763
1444 0.9034501
1445 0.6882848
1446 0.1242399
1447 0.3847767
1448 0.7978327
1449 0.01253163
1450 0.05333433
1451 0.04855118
1452 0.2017116
1453 0.2089947
1454 0.08582291
1455 0.1099062
1456 0.8112216
1457 0.1565594
1458 0.02773435
1459 0.4795835
1460 0.0004313183
1461 0.127311
1462 0.66258
1463 0.9745218
1464 0.08935416
1465 0.2746436
1466 0.8454273
1467 0.2934464
1468 0.181901
1469 0.4210404
1470 0.05955468
1471 0.4452818
1472 0.05113851
1473 0.3452347
1474 0.002033254
1475 0.3877725
1476 0.8639473
1477 0.9422286
1478 0.1581001
1479 0.03631866
1480 0.5104255
1481 0.07094224
1482 0.136537
1483 0.2743555
1484 0.04540204
1485 0.6990499
1486 0.3433661
1487 0.7292538
1488 0.2060798
1489 0.03672767
1490 0.6581477
1491 0.2035818
1492 0.8482613
1493 0.4738703
1494 0.892154
1495 0.7963425
1496 0.3252582
1497 0.2267579
1498 0.02658984
1499 0.05673129
1500 0.06743105
1501 0.35492
1502 0.3824573
1503 0.003165167
1504 0.8337923
1505 0.8074788
1506 0.0814678
1507 0.6343182
1508 0.004231086
1509 0.6197451
1510 0.004473155
1511 1.29438e-06
1512 0.4607711
1513 0.733361
1514 0.2749703
1515 0.2640614
1516 0.2669899
1517 0.00597068
1518 0.7483011
1519 0.0772184
1520 0.00499777
1521 0.01082134
1522 0.5443781
1523 0.01035033
1524 0.9523833
1525 0.8731049
1526 0.02999495
1527 0.03149776
1528 0.2643542
1529 0.04666057
1530 0.307622
1531 0.8144019
1532 0.3935308
1533 0.2087443
1534 0.5831965
1535 0.2115863
1536 0.04341545
1537 0.4216552
1538 0.3899142
1539 0.8998688
1540 0.003811383
1541 0.3077696
1542 0.554275
1543 0.5356021
1544 0.7815575
1545 0.3869867
1546 0.2357879
1547 0.1099094
1548 0.4208955
1549 0.4768515
1550 0.05709664
1551 0.7580136
1552 0.2354518
1553 0.08196678
1554 0.4344733
1555 0.4987466
1556 0.9847406
1557 0.003676459
1558 0.8272354
1559 0.9083911
1560 0.7982485
1561 0.1694099
1562 0.2550594
1563 0.3709207
1564 0.5193064
1565 0.2243532
1566 0.02605452
1567 0.4963446
1568 0.1855007
1569 0.5796861
1570 0.2889955
1571 0.4324141
1572 0.005368846
1573 0.5626936
1574 0.8912852
1575 0.02912916
1576 0.9716018
1577 0.06456098
1578 0.5935843
1579 0.5967971
1580 0.09834184
1581 0.9014984
1582 0.5276044
1583 0.4087879
1584 0.003109042
1585 0.7821626
1586 0.07317017
1587 0.1309928
1588 0.01393387
1589 0.02243106
1590 0.01085577
1591 0.7698975
1592 0.6963137
1593 0.4366836
1594 0.4168349
1595 0.03748175
1596 0.9604903
1597 0.05913999
1598 0.757834
1599 0.5158468
1600 0.781335
1601 0.2770303
1602 0.3907261
1603 0.9923034
1604 0.7959976
1605 0.4995796
1606 0.2898403
1607 0.02867834
1608 0.03409883
1609 0.7817336
1610 0.0924334
1611 0.7127139
1612 0.5221786
1613 0.3337734
1614 0.1727025
1615 0.6805148
1616 0.008611791
1617 0.3425862
1618 0.6012444
1619 0.4641253
1620 0.5540009
1621 0.9318282
1622 0.2824443
1623 0.3110306
1624 0.3776744
1625 0.062474
1626 0.2879911
1627 0.1451287
1628 0.9225256
1629 0.2775749
1630 0.1370203
1631 0.4443993
1632 0.9240291
1633 0.832082
1634 0.9307545
1635 0.8321397
1636 0.1461219
1637 0.6612703
1638 0.1109715
1639 0.1429547
1640 0.4883257
1641 0.5544899
1642 0.7590007
1643 0.3688811
1644 0.1556279
1645 0.1593873
1646 0.6477253
1647 0.1595822
1648 0.1888873
1649 0.8289604
1650 0.04345999
1651 0.06837277
1652 0.05875604
1653 0.2581405
1654 0.06205022
1655 0.9310316
1656 0.06155456
1657 0.1553487
1658 0.08285007
1659 0.007342697
1660 0.04089966
1661 0.02837871
1662 0.2102435
1663 0.8205553
1664 0.9686287
1665 0.1574286
1666 0.1888205
1667 0.3489124
1668 0.7976991
1669 0.004293068
1670 0.9353125
1671 0.6080022
1672 0.3705165
1673 0.381907
1674 0.007084393
1675 0.2671609
1676 0.06111552
1677 0.4564769
1678 0.04309496
1679 0.6948002
1680 0.3636274
1681 0.03283909
1682 0.01850006
1683 0.2590205
1684 0.2901318
1685 0.743496
1686 0.006625994
1687 0.03110162
1688 0.4447215
1689 0.3321057
1690 0.03375203
1691 0.3048833
1692 0.05052548
1693 0.1450709
1694 0.07245849
1695 0.6857408
1696 0.4104375
1697 0.01594787
1698 0.3851661
1699 0.9785125
1700 0.988133
1701 0.01725195
1702 0.6535182
1703 0.1125861
1704 0.2654148
1705 0.8138326
1706 0.1219257
1707 0.02032418
1708 0.0365607
1709 0.8125668
1710 0.09562945
1711 0.7144714
1712 0.7527176
1713 0.1907534
1714 0.001828916
1715 0.1352305
1716 0.6355312
1717 0.01815887
1718 0.2133217
1719 0.4983324
1720 0.9989033
1721 0.8980524
1722 0.01468612
1723 0.9386289
1724 0.8474054
1725 0.06053227
1726 0.7105594
1727 0.05289918
1728 0.09328348
1729 0.6768613
1730 0.1605313
1731 0.7901042
1732 0.1704494
1733 0.02639052
1734 0.5827157
1735 0.07325636
1736 0.4691108
1737 0.05010308
1738 0.0958055
1739 0.8569919
1740 0.587498
1741 0.8798564
1742 0.2903819
1743 0.5259636
1744 0.4676832
1745 0.1895155
1746 0.9936036
1747 0.1154969
1748 0.4702468
1749 0.9491627
1750 0.3777203
1751 0.7118147
1752 0.6798737
1753 0.03585141
1754 0.001939559
1755 0.5762293
1756 0.4397378
1757 0.004171776
1758 0.9268039
1759 0.4490963
1760 0.58073
1761 0.1016015
1762 0.6481664
1763 0.06480812
1764 0.803156
1765 0.02819513
1766 0.8778079
1767 0.2840907
1768 0.731113
1769 0.7739613
1770 0.992803
1771 0.01508582
1772 0.03972417
1773 0.5202745
1774 0.9924394
1775 0.1206322
1776 0.223632
1777 0.0009544673
1778 0.7096341
1779 0.01379856
1780 0.3358998
1781 0.5341949
1782 0.6464237
1783 0.3532185
1784 0.06027659
1785 0.640526
1786 0.02081147
1787 0.3050204
1788 0.1441717
1789 0.4522575
1790 0.1858998
1791 0.4087437
1792 0.02348584
1793 0.0003635991
1794 0.2831141
1795 0.01022311
1796 0.4944565
1797 0.4604736
1798 0.9228392
1799 0.8408028
1800 0.001485835
1801 0.5248937
1802 0.2124069
1803 0.0162621
1804 0.02541601
1805 0.5256853
1806 0.05918461
1807 0.02105082
1808 0.8472842
1809 0.8333813
1810 0.6151046
1811 0.189323
1812 0.2188694
1813 0.2209223
1814 0.09307555
1815 0.02291157
1816 0.8843581
1817 0.04575025
1818 0.484811
1819 0.8388321
1820 0.8390108
1821 0.5124659
1822 0.01578448
1823 0.1080592
1824 0.1838647
1825 0.7589356
1826 0.5373758
1827 0.7500096
1828 0.07057074
1829 0.05071208
1830 0.1107899
1831 2.817257e-06
1832 0.03885595
1833 0.4329962
1834 0.7462915
1835 0.03416599
1836 0.8083584
1837 0.2235602
1838 0.3821259
1839 0.4363106
1840 0.1293658
1841 0.6128966
1842 0.1439081
1843 0.8417664
1844 0.2739142
1845 0.2053591
1846 0.09668107
1847 0.2892371
1848 0.7208887
1849 0.8357829
1850 0.2474325
1851 0.2963742
1852 0.8998278
1853 0.8131453
1854 0.7277358
1855 0.7854408
1856 0.6544413
1857 0.3644233
1858 0.1750359
1859 0.936263
1860 0.3797299
1861 0.9964079
1862 0.07481074
1863 0.2092498
1864 0.03983019
1865 0.2821808
1866 0.00319607
1867 0.1318033
1868 0.8324792
1869 0.5481248
1870 0.6413374
1871 0.6822669
1872 0.5579708
1873 0.8442292
1874 0.1033346
1875 0.360575
1876 0.6252187
1877 0.1965567
1878 0.004601943
1879 0.01378603
1880 0.1923442
1881 0.1890942
1882 0.4771799
1883 0.8990357
1884 0.5881187
1885 0.3443301
1886 0.9033748
1887 0.4839961
1888 0.5977992
1889 0.1077725
1890 0.2432531
1891 0.2369733
1892 0.02090732
1893 0.699939
1894 0.3909409
1895 0.1561222
1896 0.07319804
1897 0.8713093
1898 0.2763703
1899 0.989928
1900 0.04774546
1901 0.02520026
1902 0.0007749294
1903 0.7050698
1904 0.3283222
1905 0.5434617
1906 0.9061524
1907 0.5280404
1908 0.2177351
1909 0.003034277
1910 0.8380399
1911 0.582945
1912 0.8020241
1913 0.1026426
1914 0.1021953
1915 0.9472827
1916 0.7917172
1917 0.04590739
1918 0.1034811
1919 0.3587155
1920 0.9421338
1921 0.583577
1922 0.3380433
1923 0.1765743
1924 0.7105564
1925 0.3801252
1926 0.03418399
1927 0.3774456
1928 0.0709125
1929 0.3737927
1930 0.9953496
1931 0.1088376
1932 0.008908424
1933 0.6850885
1934 0.1375544
1935 0.5561187
1936 0.4938094
1937 0.1020446
1938 0.5860308
1939 0.1593887
1940 0.0006974838
1941 0.8065155
1942 0.3545562
1943 0.4153787
1944 0.4369232
1945 0.335311
1946 0.4013254
1947 0.02330569
1948 0.597869
1949 0.6529856
1950 0.3511383
1951 0.001038235
1952 0.338689
1953 0.3966011
1954 0.628544
1955 0.1199848
1956 0.7312316
1957 0.1733364
1958 0.8508137
1959 0.5093004
1960 0.3109267
1961 0.8925426
1962 0.166026
1963 0.1759516
1964 0.4522262
1965 0.01063894
1966 0.006684418
1967 0.0286466
1968 0.1774514
1969 0.04032415
1970 0.09356686
1971 0.58852
1972 0.1009739
1973 0.826908
1974 0.7331091
1975 0.06427435
1976 0.007572696
1977 0.6048241
1978 0.03316079
1979 0.02528481
1980 0.1189117
1981 0.1819947
1982 0.001612162
1983 0.2477049
1984 0.9243133
1985 0.9307521
1986 0.03754189
1987 0.4685647
1988 0.1031885
1989 0.1174973
1990 0.6586696
1991 0.590819
1992 0.2916394
1993 0.4772542
1994 0.6618509
1995 0.4625199
1996 0.002639196
1997 0.4996019
1998 0.604163
1999 0.7015774
2000 0.09706109
2001 0.09067318
2002 0.5505468
2003 0.911728
2004 0.9892245
2005 0.3399395
2006 0.7918244
2007 0.1589505
2008 0.3490647
2009 0.6152366
2010 0.1651988
2011 0.2130127
2012 0.02751157
2013 0.01444283
2014 0.9623313
2015 0.9667121
2016 0.8020682
2017 0.4961632
2018 0.7813131
2019 0.7878059
2020 0.6561874
2021 0.7432452
2022 0.6731525
2023 0.1818281
2024 0.06975424
2025 0.5432794
2026 0.6306925
2027 0.2019411
2028 0.1999855
2029 0.6356423
2030 0.968147
2031 0.5819165
2032 0.2475499
2033 0.9162149
2034 0.0368135
2035 0.03593213
2036 0.7694086
2037 0.3621439
2038 0.8460997
2039 0.8456924
2040 0.5754412
2041 0.5991166
2042 0.00947602
2043 0.03763349
2044 0.3539043
2045 0.1621874
2046 0.007508353
2047 0.5793458
2048 0.01016462
2049 0.08225742
2050 0.02569633
2051 0.4445414
2052 0.04183386
2053 0.8962219
2054 0.2576966
2055 0.1586836
2056 0.02205366
2057 0.4342579
2058 0.9770296
2059 0.002512301
2060 0.4279097
2061 0.1111327
2062 0.4865015
2063 0.2767447
2064 0.2298309
2065 0.0885027
2066 0.598174
2067 0.7915497
2068 0.5234112
2069 0.6511438
2070 0.123328
2071 0.5597888
2072 7.949146e-05
2073 0.9816738
2074 0.2492329
2075 0.2411642
2076 0.352687
2077 0.5406972
2078 0.3156485
2079 0.4561609
2080 0.5238202
2081 0.1038441
2082 0.02565556
2083 0.1905615
2084 0.5764209
2085 0.5774829
2086 0.3988879
2087 0.001207516
2088 0.02884024
2089 0.2959692
2090 0.216154
2091 0.6692545
2092 0.006848857
2093 0.3723842
2094 0.1518404
2095 0.2226931
2096 0.6072886
2097 0.811317
2098 0.4060606
2099 0.005039315
2100 0.1361385
2101 0.3338068
2102 0.8249201
2103 0.6708877
2104 0.6889022
2105 0.00492887
2106 0.4814139
2107 0.1457132
2108 0.03936387
2109 0.07273362
2110 0.02706097
2111 0.4583481
2112 0.3743041
2113 0.1443685
2114 0.3829453
2115 0.4184615
2116 0.2044563
2117 0.806153
2118 0.9155099
2119 0.3407057
2120 0.08966963
2121 0.3063024
2122 0.2949171
2123 0.4136146
2124 0.3404787
2125 0.01125839
2126 0.6072811
2127 0.01968002
2128 0.3936763
2129 0.33362
2130 0.5021077
2131 0.01478204
2132 0.06203985
2133 0.3720906
2134 0.503329
2135 0.03303204
2136 0.01256392
2137 0.3084892
2138 0.7290382
2139 0.02428217
2140 0.9551812
2141 0.02656797
2142 0.4223493
2143 0.1965004
2144 0.3122593
2145 0.008996929
2146 0.00046743
2147 0.789159
2148 0.6491997
2149 0.4934158
2150 0.3278655
2151 0.2610278
2152 0.9247636
2153 0.4649021
2154 0.09319423
2155 0.6974964
2156 0.1056198
2157 0.09205871
2158 0.5689704
2159 0.6091815
2160 0.1183517
2161 0.4862725
2162 0.7577246
2163 0.2625863
2164 0.124172
2165 0.5302403
2166 0.2063753
2167 0.5314407
2168 0.6736297
2169 0.3427896
2170 0.8341406
2171 0.2708194
2172 0.0008941713
2173 0.2072708
2174 0.1075164
2175 0.6879552
2176 0.09638933
2177 0.4407905
2178 0.8970461
2179 0.2686881
2180 0.06321837
2181 0.492344
2182 0.01473229
2183 0.7715957
2184 0.4769658
2185 0.7590652
2186 0.9928147
2187 0.1941084
2188 0.03763739
2189 0.978759
2190 0.05907228
2191 0.09309381
2192 0.3511947
2193 0.02834007
2194 0.5139105
2195 0.42995
2196 0.08029103
2197 0.3428582
2198 0.1521888
2199 0.7906624
2200 0.5058954
2201 0.5688329
2202 0.07384693
2203 0.009441766
2204 1.290186e-05
2205 0.05425942
2206 0.1145588
2207 0.4241887
2208 0.4680193
2209 0.3646944
2210 0.659899
2211 0.3384362
2212 0.9760675
2213 0.5803033
2214 0.4402484
2215 0.00167735
2216 0.2126342
2217 0.627538
2218 0.8410583
2219 0.857945
2220 0.01585517
2221 0.1543252
2222 0.6533562
2223 0.4688147
2224 0.4407323
2225 0.1970214
2226 0.02011313
2227 0.1646753
2228 0.4739113
2229 0.6182488
2230 0.03268957
2231 0.283495
2232 0.6064508
2233 0.5278674
2234 0.01878398
2235 0.05918577
2236 0.003251401
2237 0.6621299
2238 0.1471496
2239 0.4389974
2240 0.03511326
2241 0.04780142
2242 0.8268257
2243 0.2932982
2244 0.8303007
2245 0.3418671
2246 0.1352176
2247 0.01939516
2248 0.3739911
2249 0.9070726
2250 0.0627827
2251 0.0260299
2252 0.2524284
2253 0.06762309
2254 0.7886342
2255 0.6256704
2256 0.1568324
2257 0.1106385
2258 0.003456954
2259 0.341657
2260 0.06026593
2261 0.2178183
2262 0.3203417
2263 0.4904229
2264 0.1153069
2265 0.009201578
2266 0.5042113
2267 0.9152085
2268 0.006543216
2269 0.02239869
2270 0.3457657
2271 0.5822575
2272 0.1861893
2273 0.006261171
2274 0.3501985
2275 0.3894064
2276 0.8958341
2277 0.6309394
2278 0.3885882
2279 0.7072394
2280 0.1714515
2281 0.3176866
2282 0.8182477
2283 0.07873416
2284 0.2739348
2285 0.4374472
2286 0.09382151
2287 0.1561226
2288 0.1686671
2289 0.1351581
2290 0.08383333
2291 0.5129305
2292 0.5611003
2293 0.4112303
2294 0.4583121
2295 0.3132133
2296 0.8326032
2297 0.5692818
2298 0.5105882
2299 0.1132207
2300 0.1642271
2301 0.572148
2302 0.5530213
2303 0.7700641
2304 0.2452025
2305 0.6083889
2306 0.9022624
2307 0.7584357
2308 0.8746574
2309 0.0153821
2310 0.636006
2311 0.5744198
2312 0.9161139
2313 0.8504951
2314 0.0671164
2315 0.4761729
2316 0.6388859
2317 0.3415791
2318 0.08753569
2319 0.9476094
2320 0.1416771
2321 0.8027868
2322 0.06079215
2323 0.8704989
2324 0.1085257
2325 0.09702227
2326 0.4444825
2327 0.08293969
2328 0.4333538
2329 0.01588227
2330 0.002510229
2331 0.8253465
2332 0.882216
2333 0.5885099
2334 0.3003352
2335 0.06920757
2336 0.3320745
2337 0.5560689
2338 0.7932612
2339 0.1847031
2340 0.07359964
2341 0.1861533
2342 0.2682775
2343 0.1232893
2344 0.2413696
2345 0.3766191
2346 0.6279195
2347 0.8239769
2348 0.3455262
2349 0.7755061
2350 0.006889847
2351 0.9371577
2352 0.7727278
2353 0.09552744
2354 0.3335257
2355 0.6752834
2356 0.02533446
2357 0.7780951
2358 0.05384699
2359 0.03980935
2360 0.6348617
2361 0.8000868
2362 0.2340665
2363 0.0851533
2364 0.4759054
2365 0.9167907
2366 0.4318617
2367 0.1859241
2368 0.08731661
2369 2.281111e-05
2370 0.4995495
2371 0.283228
2372 0.5810854
2373 0.2741368
2374 0.8802825
2375 0.7657526
2376 0.005211363
2377 0.5453991
2378 0.3526693
2379 0.3612551
2380 0.5251205
2381 0.8210106
2382 0.7572783
2383 0.1582182
2384 0.04477583
2385 0.8285365
2386 0.6914334
2387 0.8144454
2388 0.06988001
2389 0.4391122
2390 0.6729633
2391 0.02601042
2392 0.009238801
2393 0.5740716
2394 0.7724894
2395 0.003613118
2396 0.66703
2397 0.03761564
2398 0.5071491
2399 0.1131706
2400 0.4172881
2401 0.09914601
2402 0.433044
2403 0.1033427
2404 0.58475
2405 0.6309229
2406 0.3640204
2407 0.06602171
2408 0.6811802
2409 0.5953722
2410 0.0802878
2411 0.0830349
2412 0.2295149
2413 0.290419
2414 0.8606911
2415 0.007836859
2416 0.1878527
2417 0.4341374
2418 0.9607773
2419 0.0114732
2420 0.05058881
2421 0.940666
2422 0.4649441
2423 0.6248784
2424 0.5961759
2425 0.5452877
2426 0.2779937
2427 0.2295784
2428 0.8794979
2429 0.7613003
2430 0.1007518
2431 0.3764714
2432 0.4898077
2433 0.8326133
2434 0.670106
2435 0.01611221
2436 0.9065287
2437 0.09713543
2438 0.1641054
2439 0.1430475
2440 0.5535864
2441 0.001509692
2442 0.7334003
2443 0.8089808
2444 0.5644955
2445 0.00465265
2446 0.2273376
2447 0.01285069
2448 0.2701929
2449 0.003893508
2450 0.2943856
2451 0.1291481
2452 0.4226471
2453 0.1265696
2454 0.6497966
2455 0.1796582
2456 0.310722
2457 0.1905044
2458 0.9312824
2459 0.1000625
2460 0.6653633
2461 0.3988826
2462 0.8024533
2463 0.6056805
2464 0.7798272
2465 0.8591599
2466 0.5080258
2467 0.02272614
2468 0.8371207
2469 0.01152847
2470 0.5804533
2471 0.6752021
2472 0.9678346
2473 0.4006589
2474 0.5885497
2475 0.895776
2476 0.295426
2477 0.1599178
2478 0.03413085
2479 0.7399034
2480 0.7101121
2481 0.9026244
2482 0.08555781
2483 0.4394183
2484 0.1475637
2485 0.06076992
2486 0.06457819
2487 0.3190711
2488 0.9045898
2489 0.9538433
2490 0.4171113
2491 0.4234583
2492 0.9565584
2493 0.6392686
2494 0.3986946
2495 0.5783469
2496 0.1198198
2497 0.03713212
2498 0.2932567
2499 0.2243575
2500 0.01318581
2501 0.8166274
2502 0.9922775
2503 0.1644148
2504 0.5502269
2505 0.05870498
2506 0.05514946
2507 0.797664
2508 0.5879499
2509 0.7574382
2510 0.02715354
2511 0.8844659
2512 0.08038256
2513 0.9156335
2514 0.270578
2515 0.4818707
2516 0.2280008
2517 0.0659818
2518 0.4548954
2519 0.6963067
2520 0.5997566
2521 0.5818756
2522 0.8347107
2523 0.02682198
2524 0.004255937
2525 0.8372088
2526 0.002788194
2527 0.5825172
2528 0.002124367
2529 0.5371308
2530 0.463831
2531 0.2825791
2532 0.006114776
2533 0.5440863
2534 0.004166267
2535 0.5399213
2536 0.5102723
2537 0.4917925
2538 0.6677732
2539 0.2035516
2540 0.03417991
2541 0.1315235
2542 0.8911008
2543 0.5610362
2544 0.08874373
2545 0.3008541
2546 0.2239016
2547 0.562279
2548 0.2650614
2549 0.6301067
2550 0.1767248
2551 0.2282922
2552 0.8296732
2553 0.1577203
2554 0.1325946
2555 0.6524316
2556 0.8338573
2557 0.4124574
2558 0.7019673
2559 0.8479786
2560 0.4051282
2561 0.7955767
2562 0.1695585
2563 0.4810461
2564 0.2200249
2565 0.05402295
2566 0.3200398
2567 0.1557224
2568 0.1242847
2569 0.1269398
2570 0.1622164
2571 0.8562044
2572 0.9127287
2573 0.2896342
2574 0.6148636
2575 0.1256203
2576 0.3068684
2577 0.9374987
2578 0.009120462
2579 0.3587706
2580 0.1486713
2581 0.2546962
2582 0.1744209
2583 0.5408134
2584 0.415113
2585 0.8744014
2586 0.04187921
2587 0.1958737
2588 0.8828594
2589 0.7910609
2590 0.9538741
2591 0.1476666
2592 0.1304191
2593 0.1976748
2594 0.09239168
2595 0.4126432
2596 0.2233879
2597 0.9500725
2598 0.009268253
2599 0.007594257
2600 0.9683979
2601 0.628898
2602 0.4017593
2603 0.6693485
2604 0.4488006
2605 0.6606297
2606 0.2357156
2607 0.3385855
2608 0.9349205
2609 0.4503472
2610 0.1109952
2611 0.2483359
2612 0.7178477
2613 0.325598
2614 0.6756331
2615 0.3555062
2616 0.2859499
2617 0.9262028
2618 0.2668476
2619 0.01255343
2620 0.6180996
2621 0.9998341
2622 0.4626217
2623 0.06793651
2624 0.5294019
2625 0.04287583
2626 0.0009910454
2627 0.06635253
2628 0.3293274
2629 0.262117
2630 0.1257272
2631 0.5609524
2632 0.4961192
2633 0.5622569
2634 0.1856085
2635 0.7676484
2636 0.05524777
2637 0.07958348
2638 0.5693861
2639 0.5759413
2640 0.4310093
2641 0.2281365
2642 0.6681045
2643 0.1191793
2644 0.5710936
2645 0.9493507
2646 0.3504028
2647 0.3351392
2648 0.8192642
2649 0.7276295
2650 0.5605633
2651 0.7096481
2652 0.1822324
2653 0.2217703
2654 0.8559461
2655 0.8830472
2656 0.1714765
2657 0.6560108
2658 0.4636819
2659 0.02210373
2660 0.6183824
2661 0.3606767
2662 0.3711395
2663 0.2955302
2664 0.01637512
2665 0.1221446
2666 0.1569827
2667 0.8232343
2668 0.9501406
2669 0.5907852
2670 0.4286236
2671 0.1285294
2672 0.9577003
2673 0.5752705
2674 0.2728662
2675 0.0005045318
2676 0.8578051
2677 0.240495
2678 0.4240128
2679 0.6444586
2680 0.0552666
2681 0.9197596
2682 0.6294361
2683 0.8848455
2684 0.8603929
2685 0.1469296
2686 0.128005
2687 0.3387969
2688 0.495428
2689 0.1220202
2690 0.2829897
2691 0.02986472
2692 0.6072453
2693 0.1945821
2694 0.04192142
2695 0.934711
2696 0.2483402
2697 0.5130304
2698 0.5182709
2699 0.7828034
2700 0.9769021
2701 0.6034976
2702 0.7200899
2703 0.5388589
2704 0.3230098
2705 0.8120341
2706 0.1964019
2707 0.1721501
2708 0.1327424
2709 0.6313369
2710 0.1826928
2711 0.03793377
2712 0.07336213
2713 0.8452581
2714 0.1025307
2715 0.4436684
2716 0.8857496
2717 0.1209946
2718 0.2645569
2719 0.563914
2720 0.3436486
2721 0.2974221
2722 0.3610986
2723 0.1224057
2724 0.01258138
2725 0.923149
2726 0.02838325
2727 0.2004317
2728 0.8056992
2729 0.5917059
2730 0.9811948
2731 0.02224093
2732 0.4061748
2733 0.2329236
2734 0.0552529
2735 0.1047927
2736 0.2366164
2737 0.858466
2738 0.7736681
2739 0.867792
2740 0.5040666
2741 0.1324159
2742 0.09425486
2743 0.07412698
2744 0.1440696
2745 0.1038045
2746 0.3547322
2747 0.02516227
2748 0.9552676
2749 0.05948712
2750 0.184683
2751 0.05919702
2752 0.06551263
2753 0.3957559
2754 0.9985002
2755 0.9652342
2756 0.05940423
2757 0.05530459
2758 0.3178363
2759 0.5295815
2760 0.2093223
2761 0.003866169
2762 0.8591178
2763 0.9425172
2764 0.5819821
2765 0.0470665
2766 0.2175072
2767 0.5561786
2768 0.5724158
2769 0.219329
2770 0.5097108
2771 0.02941157
2772 0.1089893
2773 0.4015334
2774 0.5288828
2775 0.4480096
2776 0.1607154
2777 0.2062479
2778 0.8417544
2779 0.1147884
2780 0.1717611
2781 0.485416
2782 0.4751264
2783 0.8999538
2784 0.02715822
2785 0.4181025
2786 0.008544552
2787 0.2945504
2788 0.8895037
2789 0.3652644
2790 0.07546609
2791 0.4178645
2792 0.138434
2793 0.002291903
2794 0.05294947
2795 0.9046358
2796 0.6650205
2797 0.6390423
2798 0.06685126
2799 0.5569604
2800 0.249669
2801 0.3438308
2802 0.07117083
2803 0.6744955
2804 0.007847585
2805 0.404144
2806 0.2726771
2807 0.02044716
2808 0.07687831
2809 0.01965452
2810 0.1460095
2811 0.3158023
2812 0.01519716
2813 0.08231571
2814 0.8158823
2815 0.6147471
2816 0.02860208
2817 0.8533466
2818 0.2468661
2819 0.2107946
2820 0.5823361
2821 0.6207545
2822 0.08503515
2823 0.07919812
2824 0.1435801
2825 0.2136757
2826 0.6843188
2827 0.9463067
2828 0.008904035
2829 0.04602671
2830 0.0363725
2831 0.06035092
2832 0.1156562
2833 0.7165621
2834 0.07693907
2835 0.5752171
2836 0.3298359
2837 0.01858601
2838 0.03893633
2839 0.02355721
2840 0.9163773
2841 0.009863227
2842 0.7506475
2843 0.7469669
2844 0.9693026
2845 0.4250649
2846 0.6439118
2847 0.04863859
2848 0.001164354
2849 0.9544803
2850 0.5754905
2851 0.2594712
2852 0.5661705
2853 0.3079775
2854 0.3484705
2855 0.1111618
2856 0.04269424
2857 0.003542539
2858 0.3440198
2859 0.9048152
2860 0.002516003
2861 0.07072275
2862 0.2204685
2863 0.4089435
2864 0.1821266
2865 0.08209049
2866 0.01665779
2867 0.004136534
2868 0.05084576
2869 0.4200472
2870 0.0118842
2871 0.2108997
2872 0.3844819
2873 0.8664312
2874 0.1988499
2875 0.01100252
2876 0.4347552
2877 0.1686695
2878 0.04693245
2879 0.4333203
2880 0.3236601
2881 0.2057134
2882 0.1075175
2883 0.5575255
2884 0.4164868
2885 0.6546084
2886 0.004585099
2887 0.5505607
2888 0.7046656
2889 0.4227514
2890 0.3644605
2891 0.2901946
2892 0.0532734
2893 0.5386814
2894 0.6380198
2895 0.03030391
2896 0.9794294
2897 0.9839647
2898 0.008714953
2899 0.2404415
2900 0.535741
2901 0.3658165
2902 0.118278
2903 0.09310017
2904 0.276558
2905 0.05880178
2906 0.2985773
2907 0.06025584
2908 0.6629636
2909 0.5374338
2910 0.6528599
2911 0.1393465
2912 0.02439238
2913 0.7354174
2914 0.10548
2915 0.4641903
2916 0.9760909
2917 0.05547367
2918 0.9408997
2919 0.994969
2920 0.0580832
2921 0.5784372
2922 0.3611395
2923 0.1433611
2924 0.01780463
2925 0.1458676
2926 0.4652647
2927 0.008327297
2928 0.1686214
2929 0.415847
2930 0.1847649
2931 0.8375913
2932 0.285392
2933 0.2227843
2934 0.2076825
2935 0.4849185
2936 0.4752877
2937 0.6564907
2938 0.2809012
2939 0.6068385
2940 0.8614202
2941 0.08484024
2942 0.7291705
2943 0.6606341
2944 0.9708693
2945 0.8880926
2946 0.2387146
2947 0.8607326
2948 0.3921799
2949 0.6912529
2950 0.07440724
2951 0.2570745
2952 0.115352
2953 0.06510088
2954 0.09080137
2955 0.008755456
2956 0.9413078
2957 0.3549571
2958 0.01803518
2959 0.7599117
2960 0.00698343
2961 0.665698
2962 0.4080988
2963 0.1992667
2964 0.8995175
2965 0.002049125
2966 0.03848265
2967 0.4746089
2968 0.2138738
2969 0.01280319
2970 0.7645379
2971 0.9576733
2972 0.48943
2973 0.7315353
2974 0.8545807
2975 0.2920303
2976 0.5252269
2977 0.3444807
2978 0.6348348
2979 0.5904334
2980 0.124951
2981 0.3655991
2982 0.6206675
2983 0.9620946
2984 0.9216815
2985 0.1162246
2986 0.0127572
2987 0.8230713
2988 0.654356
2989 0.0001237134
2990 0.4294805
2991 0.5034951
2992 0.06408976
2993 0.1121227
2994 0.1783607
2995 0.33416
2996 0.2857904
2997 0.6881709
2998 0.2673704
2999 0.05223502
3000 0.03057086
3001 0.001910572
3002 0.02631903
3003 0.01285574
3004 0.2415608
3005 0.6776974
3006 0.02091456
3007 0.235965
3008 0.07575606
3009 0.1511461
3010 0.9367764
3011 0.7549456
3012 0.0780875
3013 0.8622687
3014 0.0326701
3015 0.8677936
3016 0.4291076
3017 0.04576282
3018 0.7104383
3019 0.6801196
3020 0.3804452
3021 0.2571659
3022 0.009898399
3023 0.8857276
3024 0.04528915
3025 0.3199124
3026 0.08192501
3027 0.2123679
3028 0.3376834
3029 0.4395393
3030 0.4767492
3031 0.02069364
3032 0.7755306
3033 0.6894392
3034 0.8316083
3035 0.005784919
3036 0.3304576
3037 0.01928202
3038 0.0001693374
3039 0.6433669
3040 0.705552
3041 0.8768695
3042 0.5597074
3043 0.2662894
3044 0.5986479
3045 0.2971656
3046 0.1995545
3047 0.1946041
3048 0.1513027
3049 0.7883284
3050 0.05641775
3051 0.004816247
3052 0.1885518
3053 0.3755758
3054 0.002108683
3055 0.6562775
3056 0.4338794
3057 0.7561041
3058 0.8328735
3059 0.012391
3060 0.8950571
3061 0.007245491
3062 0.002747902
3063 0.4693058
3064 0.7101844
3065 0.431105
3066 0.7898144
3067 0.764725
3068 0.6543547
3069 0.04853906
3070 0.1744621
3071 0.2208793
3072 0.8225637
3073 0.1615917
3074 0.5703261
3075 0.4544981
3076 0.5418945
3077 0.1006339
3078 0.5174216
3079 0.4765139
3080 0.470842
3081 0.2719308
3082 0.4681449
3083 0.05429747
3084 0.9952712
3085 0.748877
3086 0.5888066
3087 0.6190759
3088 0.7565192
3089 0.120426
3090 0.6485881
3091 0.8430786
3092 0.2046235
3093 0.9195537
3094 0.2527323
3095 0.1161233
3096 0.6907166
3097 0.1639456
3098 0.3543792
3099 0.44027
3100 0.5224775
3101 0.0001542024
3102 0.7569439
3103 0.9024823
3104 0.2182178
3105 0.007235831
3106 0.1867124
3107 0.2723836
3108 0.910796
3109 0.9873752
3110 0.9566364
3111 0.7270214
3112 0.8416387
3113 0.5253312
3114 0.08177763
3115 0.9768578
3116 0.3821335
3117 0.7556617
3118 0.66462
3119 0.1249958
3120 0.4094169
3121 0.3229294
3122 0.2915524
3123 0.8075543
3124 0.646771
3125 0.4284793
3126 0.07027513
3127 0.1878505
3128 0.09057747
3129 0.4442396
3130 0.6007512
3131 0.2410376
3132 0.1885039
3133 0.1157527
3134 0.009704851
3135 0.1798902
3136 0.6547641
3137 0.1950214
3138 0.4314682
3139 0.4718888
3140 0.6569253
3141 0.004946376
3142 0.04886824
3143 0.607721
3144 0.2266603
3145 0.4976368
3146 0.2231378
3147 0.6885696
3148 0.9109963
3149 0.001201423
3150 0.1010643
3151 0.3914521
3152 0.9687958
3153 0.7571265
3154 0.1072653
3155 0.6133702
3156 0.6307906
3157 0.1395737
3158 0.1319579
3159 0.001107729
3160 0.2001451
3161 0.2093401
3162 0.9897828
3163 0.1729595
3164 0.1888547
3165 0.8726661
3166 0.6888786
3167 0.2528804
3168 0.3138899
3169 0.439794
3170 0.9986558
3171 0.5456816
3172 0.1808373
3173 0.5080276
3174 0.1096829
3175 0.06562134
3176 0.6239683
3177 0.6629729
3178 0.7646974
3179 0.05670642
3180 0.1758195
3181 0.242307
3182 0.4120517
3183 0.9507478
3184 0.06907567
3185 0.04538936
3186 0.1203915
3187 0.6434232
3188 0.1960556
3189 0.7171755
3190 0.648233
3191 0.4478835
3192 0.2119563
3193 0.4948071
3194 0.04452096
3195 0.7937243
3196 0.9822228
3197 0.0001520116
3198 0.0003591123
3199 0.4794555
3200 0.07238938
3201 0.7320617
3202 0.6241573
3203 0.4366374
3204 0.009936163
3205 0.3338113
3206 0.4682384
3207 0.7753334
3208 0.6660114
3209 0.08838813
3210 0.6945986
3211 0.3238765
3212 0.9675056
3213 0.5579345
3214 0.3381814
3215 0.7424601
3216 0.06351931
3217 0.001641693
3218 0.01549789
3219 0.11008
3220 0.006769845
3221 0.01701018
3222 0.5355752
3223 0.8819368
3224 0.5567921
3225 0.8459027
3226 0.4676742
3227 0.4860756
3228 0.4845631
3229 0.5482904
3230 0.05793602
3231 0.9882857
3232 0.04624119
3233 0.06147317
3234 0.4386342
3235 0.5213654
3236 0.4370187
3237 0.3505513
3238 0.5839804
3239 0.1365653
3240 0.188261
3241 0.1448541
3242 0.5433252
3243 0.03636589
3244 0.1789439
3245 0.4442458
3246 0.6952348
3247 0.5067254
3248 0.08088365
3249 0.7075166
3250 0.9861396
3251 0.3601991
3252 0.1051758
3253 0.788336
3254 0.0005225538
3255 0.1433599
3256 0.7282547
3257 0.9484399
3258 0.7046223
3259 0.3926356
3260 0.3164937
3261 0.01623528
3262 0.2704855
3263 0.9979493
3264 0.06136248
3265 0.02510846
3266 0.5569929
3267 0.8354715
3268 0.7184148
3269 0.8015986
3270 0.2443051
3271 0.3292643
3272 0.4311628
3273 0.2001478
3274 0.2159322
3275 0.2243409
3276 0.1177076
3277 0.005367994
3278 0.3908092
3279 0.6862966
3280 0.7673605
3281 0.01395593
3282 0.9213404
3283 0.5446685
3284 0.08358289
3285 0.2238217
3286 0.6843246
3287 0.7220715
3288 0.4870271
3289 0.02801495
3290 0.1310671
3291 0.5296369
3292 0.6819504
3293 0.07289371
3294 0.1439214
3295 0.9341179
3296 0.144828
3297 0.5894169
3298 0.5560234
3299 0.06135434
3300 0.01700061
3301 0.3359112
3302 0.08272844
3303 0.5584841
3304 0.2788623
3305 0.003145565
3306 0.1489837
3307 0.3942188
3308 0.4958033
3309 0.1028816
3310 0.2809136
3311 0.7777523
3312 0.3627577
3313 0.4924991
3314 0.235022
3315 0.5702991
3316 0.9710133
3317 0.1216074
3318 0.3072605
3319 0.7191303
3320 0.7746914
3321 0.675348
3322 0.1636655
3323 0.281432
3324 0.7475797
3325 0.0144675
3326 0.5838959
3327 0.4972041
3328 0.1006562
3329 0.0626497
3330 0.03912134
3331 0.8655223
3332 0.6115893
3333 0.1216813
3334 0.04195785
3335 0.7821225
3336 0.5606872
3337 0.5514047
3338 0.4612273
3339 0.009655749
3340 0.1539626
3341 0.06302175
3342 0.5374282
3343 0.3268763
3344 0.2612883
3345 0.9165329
3346 0.2465628
3347 0.1472993
3348 0.5305544
3349 0.157575
3350 0.001235186
3351 0.7067924
3352 0.1823933
3353 0.3227622
3354 0.2676364
3355 0.01645435
3356 0.09041841
3357 0.5129023
3358 0.1076766
3359 0.4928981
3360 0.7183904
3361 0.7316035
3362 0.7431998
3363 0.3143737
3364 0.4869005
3365 0.02671802
3366 0.5037527
3367 0.008136643
3368 0.8130374
3369 0.09642264
3370 0.4364902
3371 0.5769395
3372 0.4567649
3373 0.2643026
3374 0.5804291
3375 0.29413
3376 0.8454367
3377 0.2483443
3378 0.04297003
3379 0.00790074
3380 0.2516373
3381 0.2093914
3382 0.05474692
3383 0.5396732
3384 0.2731868
3385 0.02913168
3386 0.02121398
3387 0.005569716
3388 0.4378236
3389 0.6451775
3390 0.3011041
3391 0.4533614
3392 0.3776102
3393 0.3816334
3394 0.001191092
3395 0.3087099
3396 0.0006848601
3397 0.2011951
3398 0.4637509
3399 0.3293933
3400 0.9448334
3401 0.06212671
3402 0.1801093
3403 0.710614
3404 0.5460792
3405 0.2009649
3406 0.09694408
3407 0.05086551
3408 0.9644229
3409 0.5381842
3410 0.07248611
3411 0.8949744
3412 0.5494944
3413 0.9781503
3414 0.4688746
3415 0.0566289
3416 0.2511928
3417 0.9912908
3418 0.0749385
3419 0.8064656
3420 0.1586443
3421 0.1055387
3422 0.9239446
3423 0.1769074
3424 0.7737858
3425 0.001660821
3426 0.4093933
3427 0.02283545
3428 0.2745005
3429 0.340704
3430 0.5304744
3431 0.2078243
3432 0.104082
3433 0.03015044
3434 0.9991167
3435 0.5197058
3436 0.08896679
3437 0.09018367
3438 0.04820042
3439 0.8781088
3440 0.622069
3441 0.2349184
3442 0.7614309
3443 0.1362499
3444 0.299138
3445 0.170119
3446 0.4815134
3447 0.6442871
3448 0.7531198
3449 0.2023788
3450 0.3341631
3451 0.2375979
3452 0.06879431
3453 0.6931185
3454 0.1698383
3455 0.7524387
3456 0.006223966
3457 0.7778658
3458 0.5854701
3459 0.3600926
3460 0.004987973
3461 0.5086631
3462 0.002209085
3463 0.8539859
3464 0.3946209
3465 0.5855544
3466 0.04819128
3467 0.2887268
3468 0.688029
3469 0.05511868
3470 0.01619715
3471 0.2065302
3472 0.734537
3473 0.6712705
3474 0.9528687
3475 0.2196407
3476 0.003835089
3477 0.05989582
3478 0.4825501
3479 0.290669
3480 0.3422966
3481 0.8091805
3482 0.2254483
3483 0.569688
3484 0.8169534
3485 0.6418663
3486 0.9070945
3487 0.00158301
3488 0.2057086
3489 0.003106159
3490 0.7985947
3491 0.7978435
3492 0.06277622
3493 0.0006855077
3494 0.0003196895
3495 0.08079727
3496 0.7505224
3497 0.4257855
3498 0.7611524
3499 0.225372
3500 0.7995992
3501 0.3753054
3502 0.4183357
3503 0.9308391
3504 0.4101583
3505 0.1523069
3506 0.04975996
3507 0.5137968
3508 0.84562
3509 0.0455356
3510 0.3818276
3511 0.2936285
3512 0.337545
3513 0.4175245
3514 0.9241937
3515 0.0703698
3516 0.1334132
3517 0.4328234
3518 0.7331458
3519 0.9126744
3520 0.2484833
3521 0.10008
3522 0.03213191
3523 0.4346026
3524 0.007400657
3525 0.523552
3526 0.9692533
3527 0.0929981
3528 0.005692642
3529 0.05665036
3530 0.7301067
3531 0.2204051
3532 0.6985966
3533 0.1043803
3534 0.02183925
3535 0.1687923
3536 0.2716911
3537 0.8743358
3538 0.3095081
3539 0.01751079
3540 0.1388878
3541 0.2468895
3542 0.01185142
3543 0.9929993
3544 0.009348386
3545 0.551867
3546 0.01688865
3547 0.6806535
3548 0.7632954
3549 0.02286775
3550 0.6017993
3551 0.06114337
3552 0.160094
3553 0.589967
3554 0.6611712
3555 0.4949363
3556 0.1656888
3557 0.1978989
3558 0.2333099
3559 0.2230357
3560 0.8741281
3561 0.9260079
3562 0.003507784
3563 0.6807378
3564 0.9892634
3565 0.5105983
3566 0.4589904
3567 0.2623125
3568 0.8273853
3569 0.7702077
3570 0.3689303
3571 0.8921172
3572 0.2750152
3573 0.7638634
3574 0.9444947
3575 0.3467407
3576 0.5899963
3577 0.007409632
3578 0.02981518
3579 0.003268136
3580 0.9048303
3581 0.2921191
3582 0.132279
3583 0.4722314
3584 0.7456535
3585 0.9732658
3586 0.4296406
3587 0.7160564
3588 0.1146221
3589 0.6632223
3590 0.1188571
3591 0.7728994
3592 0.7613518
3593 0.5693762
3594 0.09333941
3595 0.1002063
3596 0.02941713
3597 0.9714281
3598 0.01072966
3599 0.009408735
3600 0.05904163
3601 0.0179631
3602 0.09608137
3603 0.9492126
3604 0.7971259
3605 0.3042125
3606 0.4355446
3607 0.9870008
3608 0.7722063
3609 0.2229604
3610 0.9038818
3611 0.930983
3612 0.3519327
3613 0.5297775
3614 0.3776171
3615 0.8076825
3616 0.3908156
3617 0.1723851
3618 0.00311608
3619 0.6351302
3620 0.394366
3621 0.2150548
3622 0.4292971
3623 0.1057606
3624 0.7304062
3625 0.3033773
3626 0.00327586
3627 0.1665184
3628 0.06333056
3629 0.001926382
3630 0.6115889
3631 0.3321866
3632 0.0002711443
3633 0.3359376
3634 0.0977591
3635 0.1072208
3636 0.7469089
3637 0.5513667
3638 0.1659983
3639 0.04893418
3640 0.8822364
3641 0.2680545
3642 0.3884986
3643 0.08344208
3644 0.05617949
3645 0.4979124
3646 0.7950226
3647 0.285687
3648 0.0009118634
3649 0.234183
3650 0.00551696
3651 0.3492445
3652 0.5579477
3653 0.001839211
3654 0.8155492
3655 0.5140463
3656 0.07587079
3657 0.05502248
3658 0.001015197
3659 0.001969246
3660 0.4780091
3661 0.05802689
3662 0.3378295
3663 0.07126139
3664 0.5427606
3665 0.6145001
3666 0.2215195
3667 0.6300418
3668 0.9594807
3669 0.4419702
3670 0.4365032
3671 0.6121682
3672 0.8344556
3673 0.13316
3674 0.3172093
3675 0.868366
3676 0.8044774
3677 0.02155398
3678 0.5961337
3679 0.7174003
3680 0.5106371
3681 0.0222437
3682 0.01588499
3683 0.9773053
3684 0.8867399
3685 0.02272457
3686 0.611896
3687 0.7810003
3688 0.2140242
3689 0.6228466
3690 0.6130387
3691 0.2535402
3692 0.09614351
3693 0.8736941
3694 0.3899069
3695 0.8615597
3696 0.2255426
3697 0.4518153
3698 0.008011802
3699 0.09674076
3700 0.7980762
3701 0.6366245
3702 0.6877612
3703 0.4322506
3704 0.2996458
3705 1.508516e-06
3706 0.5274872
3707 0.7668908
3708 0.8241212
3709 0.203161
3710 0.1891724
3711 0.3744627
3712 0.8419952
3713 0.10308
3714 0.8013439
3715 0.236997
3716 0.8393069
3717 0.4993665
3718 0.342538
3719 0.4075889
3720 0.3084487
3721 0.6484384
3722 0.5040565
3723 0.9150825
3724 0.2901638
3725 0.5568959
3726 0.7390465
3727 0.7340196
3728 0.9273616
3729 0.4823767
3730 0.01134851
3731 0.2660943
3732 0.3656795
3733 0.1257962
3734 0.5865275
3735 0.162546
3736 0.2437426
3737 0.4490434
3738 0.2334839
3739 0.2349317
3740 0.9938629
3741 0.02147057
3742 0.01195185
3743 0.01114644
3744 0.1757593
3745 0.6698306
3746 0.3940168
3747 0.4042581
3748 0.9417415
3749 0.1695551
3750 0.02676719
3751 0.2055605
3752 0.04449617
3753 0.3334699
3754 0.7296542
3755 0.2694058
3756 0.9942044
3757 0.8698036
3758 0.03438044
3759 0.3164035
3760 0.1979112
3761 0.1943418
3762 0.2790033
3763 0.03013708
3764 0.9900465
3765 0.09034648
3766 0.04531844
3767 0.4818067
3768 0.2422364
3769 0.3566021
3770 0.5551821
3771 0.04862701
3772 0.338887
3773 0.4531735
3774 0.9584561
3775 0.2849574
3776 0.3633514
3777 0.5499176
3778 0.3558115
3779 0.02082512
3780 0.09314304
3781 0.647096
3782 0.8264526
3783 0.4626582
3784 0.4451814
3785 0.9544426
3786 0.009549849
3787 0.6759281
3788 0.9018526
3789 0.8575244
3790 0.3995493
3791 0.6998156
3792 0.6700961
3793 0.1484678
3794 0.8345639
3795 0.2684
3796 0.01806185
3797 0.7886927
3798 0.05327341
3799 0.001671577
3800 0.1571778
3801 0.4280753
3802 0.3255877
3803 0.3582699
3804 0.6962131
3805 0.08462926
3806 0.03260686
3807 0.4114705
3808 0.4504185
3809 0.9853089
3810 0.2000785
3811 0.9638943
3812 0.7414532
3813 0.750962
3814 0.937432
3815 0.1206011
3816 0.1568334
3817 0.4784905
3818 0.9664887
3819 0.4502732
3820 0.4413035
3821 0.04568555
3822 0.8394681
3823 0.9925801
3824 0.2909371
3825 0.1079729
3826 0.5632203
3827 0.08090824
3828 0.9459606
3829 0.2437073
3830 0.06642732
3831 0.09866836
3832 0.03798701
3833 0.6098138
3834 0.02488304
3835 0.3591566
3836 0.47395
3837 0.8266691
3838 0.06687325
3839 0.06988524
3840 0.4053768
3841 0.0002227449
3842 0.581182
3843 0.9596044
3844 0.556642
3845 0.006274078
3846 0.5925085
3847 0.3928514
3848 0.6214905
3849 0.4396206
3850 0.3720536
3851 0.06650749
3852 0.9940751
3853 0.8964548
3854 0.6715095
3855 0.50588
3856 0.9948474
3857 0.7481196
3858 0.1500277
3859 0.7250747
3860 0.1017612
3861 0.7355909
3862 0.1863383
3863 0.05894001
3864 0.5432294
3865 0.4276163
3866 0.2653471
3867 0.4622413
3868 0.8738392
3869 0.04548588
3870 0.1956024
3871 0.6835631
3872 0.5524062
3873 0.6471527
3874 0.6008061
3875 0.05507354
3876 0.5247666
3877 0.003905836
3878 0.6341906
3879 0.7312416
3880 0.4146236
3881 0.03075877
3882 0.03228825
3883 0.675774
3884 0.163905
3885 0.1613843
3886 0.6213606
3887 0.6224667
3888 0.4655305
3889 0.2958475
3890 0.006667048
3891 0.217367
3892 0.003125419
3893 0.1362271
3894 0.4646952
3895 0.1226027
3896 0.3207818
3897 0.4367474
3898 0.003692313
3899 0.03730852
3900 0.3019434
3901 0.07244259
3902 0.846422
3903 0.4782232
3904 0.1729796
3905 0.01792304
3906 0.4314011
3907 0.01561708
3908 0.5849527
3909 0.09967129
3910 0.2909158
3911 0.8191653
3912 0.03732816
3913 0.0198249
3914 0.2147789
3915 0.09831083
3916 0.1843716
3917 0.08101148
3918 0.3339198
3919 0.5845317
3920 0.0009283924
3921 0.07927497
3922 0.09559612
3923 0.3504597
3924 0.9435587
3925 0.5023628
3926 0.764714
3927 0.2575535
3928 0.5403808
3929 0.4411066
3930 0.3942566
3931 0.3266038
3932 0.5595601
3933 0.8373465
3934 0.4496035
3935 0.9287536
3936 0.250564
3937 0.445728
3938 0.6643105
3939 0.253281
3940 0.1573962
3941 0.2227951
3942 0.01168787
3943 0.2327607
3944 0.6635478
3945 0.01466319
3946 0.7182533
3947 0.4608198
3948 0.003704924
3949 0.1814435
3950 0.3869452
3951 0.4568776
3952 0.5363809
3953 0.4606281
3954 0.617594
3955 0.9873783
3956 0.1606843
3957 0.04101563
3958 0.01395098
3959 0.0001714192
3960 0.0714051
3961 0.1811049
3962 0.02575693
3963 0.4973877
3964 0.5746454
3965 0.07294942
3966 0.1934031
3967 0.07097858
3968 0.09703867
3969 0.1091134
3970 0.9310395
3971 0.3165428
3972 0.4886983
3973 0.6498403
3974 0.1781558
3975 0.0564917
3976 0.05591956
3977 0.01766912
3978 0.9373182
3979 0.3855415
3980 0.290892
3981 0.7364847
3982 0.4839735
3983 0.1777319
3984 0.6300199
3985 0.2636332
3986 0.2711362
3987 0.7324759
3988 0.1274164
3989 0.5648701
3990 0.8388383
3991 0.984464
3992 0.3830161
3993 0.9150477
3994 0.008462611
3995 0.4711111
3996 0.4352781
3997 0.4947363
3998 0.1180295
3999 0.1371282
4000 0.3028234
4001 0.7435297
4002 0.4948831
4003 0.4651814
4004 0.9359999
4005 0.1430698
4006 0.9608817
4007 0.1827807
4008 0.546094
4009 0.0005290829
4010 0.05583097
4011 0.9874188
4012 0.05839288
4013 0.3416944
4014 0.05789665
4015 0.3754453
4016 0.8017705
4017 0.8100292
4018 0.001202248
4019 0.790764
4020 0.4291842
4021 0.4494019
4022 0.9105495
4023 0.007791086
4024 0.3528268
4025 0.3478342
4026 0.3090387
4027 0.2933074
4028 0.01107789
4029 0.1025873
4030 0.9710184
4031 0.6122122
4032 0.7020555
4033 0.4064345
4034 0.9297611
4035 0.6929339
4036 0.5911391
4037 0.6211703
4038 0.9436803
4039 0.03385762
4040 0.3533722
4041 0.008575641
4042 0.4518737
4043 0.01536677
4044 0.1757575
4045 0.6384397
4046 0.8712493
4047 0.5724258
4048 0.05608455
4049 0.5964387
4050 0.1241946
4051 0.9379844
4052 0.3188515
4053 0.5968365
4054 0.8220642
4055 0.9179115
4056 0.9482337
4057 0.4950076
4058 0.743157
4059 0.4897971
4060 0.6361974
4061 0.3583958
4062 0.02296504
4063 0.1256175
4064 0.4835371
4065 0.5026357
4066 0.1318253
4067 0.7816945
4068 0.827805
4069 0.05280017
4070 0.6443425
4071 0.9722699
4072 0.259355
4073 0.8219462
4074 0.0186628
4075 0.783378
4076 0.5787973
4077 0.8735775
4078 0.3900534
4079 0.7396443
4080 0.819816
4081 0.7253635
4082 0.08089298
4083 0.7349052
4084 0.01044183
4085 0.1363597
4086 0.677944
4087 0.1866456
4088 0.3026497
4089 0.5046238
4090 0.01066255
4091 0.8673059
4092 0.1033228
4093 0.1872893
4094 0.1397257
4095 0.2637383
4096 0.4341299
4097 0.4018547
4098 0.1090071
4099 0.1344474
4100 0.1719651
4101 0.6914136
4102 0.1804573
4103 0.4907097
4104 0.001399492
4105 0.2036664
4106 0.04590335
4107 0.4954221
4108 0.06460852
4109 0.1346424
4110 0.9062571
4111 0.6470207
4112 0.8676918
4113 0.03550443
4114 0.7403162
4115 0.05163838
4116 0.1447251
4117 0.8016998
4118 0.09240949
4119 0.1201477
4120 0.02994207
4121 0.4557249
4122 0.8615977
4123 0.4987557
4124 0.0144517
4125 0.04749392
4126 0.09881688
4127 0.2306756
4128 0.3535233
4129 0.5883304
4130 0.1355084
4131 0.9556081
4132 0.3254849
4133 0.4000049
4134 0.6657473
4135 0.6174885
4136 0.2837675
4137 0.2833754
4138 0.02825155
4139 0.8898243
4140 0.297346
4141 0.9279323
4142 0.5841151
4143 0.1401451
4144 0.9948568
4145 0.4133163
4146 0.09011888
4147 0.0190107
4148 0.6046213
4149 0.01223941
4150 0.1101949
4151 0.9043573
4152 0.7487522
4153 0.03017201
4154 0.5429377
4155 0.3163028
4156 0.5307659
4157 0.08824259
4158 0.9399568
4159 0.07420458
4160 0.3617002
4161 0.5088153
4162 0.009441993
4163 0.7245407
4164 0.2745663
4165 0.3171316
4166 0.6842655
4167 0.2872647
4168 0.09119469
4169 0.1034486
4170 0.02947688
4171 0.3153415
4172 0.1904815
4173 0.2828373
4174 0.4550663
4175 0.9014991
4176 0.2673286
4177 0.8228336
4178 0.01796912
4179 0.8458407
4180 0.543088
4181 0.3423193
4182 0.4901852
4183 0.7469927
4184 0.598804
4185 0.6723452
4186 0.8919139
4187 0.3418605
4188 0.3137748
4189 0.3972186
4190 0.6723533
4191 0.7762236
4192 0.5387692
4193 0.3609136
4194 0.5777704
4195 0.03883211
4196 0.6235454
4197 0.8299657
4198 0.7572241
4199 0.1020774
4200 0.3745376
4201 0.1047703
4202 0.2348299
4203 0.9552391
4204 0.01412202
4205 0.07288611
4206 0.1699568
4207 0.886431
4208 0.1710896
4209 0.3580519
4210 0.364609
4211 0.09362688
4212 0.3786271
4213 0.6170886
4214 0.2915054
4215 0.487066
4216 0.0003753247
4217 2.542955e-05
4218 0.7758804
4219 0.02748982
4220 0.3822524
4221 0.4597445
4222 0.4131719
4223 0.7869395
4224 0.4290845
4225 0.3183046
4226 0.01038431
4227 0.003233591
4228 0.01999704
4229 0.9204577
4230 0.6802879
4231 0.2388946
4232 0.7424933
4233 0.05025304
4234 0.6380796
4235 0.09216039
4236 0.1408584
4237 0.004322902
4238 0.8063405
4239 0.006978276
4240 0.02709572
4241 0.0051308
4242 0.8231652
4243 0.01768406
4244 0.9762988
4245 0.4274584
4246 0.05176534
4247 0.4416716
4248 0.623212
4249 0.6093977
4250 0.002026122
4251 0.5248619
4252 0.7824999
4253 0.03571031
4254 0.6463197
4255 0.0289418
4256 0.05105051
4257 0.542703
4258 0.2940128
4259 0.6586071
4260 0.2703348
4261 0.3171499
4262 0.8557644
4263 0.1665319
4264 0.1631434
4265 0.2656367
4266 0.7706862
4267 0.9860183
4268 0.4105754
4269 0.6188503
4270 0.48671
4271 0.6223544
4272 0.9586226
4273 0.929421
4274 0.04142233
4275 0.8557135
4276 0.01738294
4277 0.240369
4278 0.003233446
4279 0.1298257
4280 0.06209414
4281 0.4383742
4282 0.8029919
4283 0.346859
4284 0.7542284
4285 0.4219676
4286 0.0948125
4287 0.3116172
4288 0.9316622
4289 0.04427403
4290 0.8692979
4291 0.1856578
4292 0.5306982
4293 0.2714719
4294 0.08524736
4295 0.2204393
4296 0.841438
4297 0.656817
4298 0.8852903
4299 0.5299077
4300 0.05440346
4301 0.09749347
4302 0.02384038
4303 0.5944811
4304 0.3439505
4305 0.003698944
4306 0.8802714
4307 0.05535
4308 0.3802092
4309 0.174905
4310 0.3077489
4311 0.8959498
4312 0.231699
4313 0.414395
4314 0.6506865
4315 0.5939714
4316 0.2359866
4317 0.3727714
4318 0.3035199
4319 0.08956732
4320 0.03892353
4321 0.1231908
4322 0.4051967
4323 0.02728907
4324 0.4521868
4325 0.02019046
4326 0.7313683
4327 0.9917923
4328 0.04658989
4329 0.1918886
4330 0.9962521
4331 0.853998
4332 0.6189234
4333 0.1921049
4334 0.02892938
4335 0.8820533
4336 0.3417748
4337 0.08979153
4338 0.3226618
4339 0.5254766
4340 0.1091453
4341 0.3466965
4342 0.8117905
4343 0.1303176
4344 0.1654636
4345 0.4562304
4346 0.3607444
4347 0.7445133
4348 0.5725485
4349 0.1284605
4350 0.3260928
4351 0.9301049
4352 0.5481913
4353 0.2018131
4354 0.05183315
4355 0.8735954
4356 0.2017461
4357 0.1311771
4358 0.1750041
4359 1.638487e-05
4360 0.1978446
4361 0.09134648
4362 0.06379915
4363 0.9001966
4364 0.8217749
4365 0.160798
4366 0.04086916
4367 0.0647462
4368 0.2309514
4369 0.283439
4370 0.5998737
4371 0.4769725
4372 0.4739268
4373 0.06918434
4374 0.285608
4375 0.5436932
4376 0.6895381
4377 0.9291986
4378 0.4982949
4379 0.8871936
4380 0.2998173
4381 0.5831273
4382 0.09946753
4383 0.5117487
4384 0.2515692
4385 0.8290826
4386 0.4898683
4387 0.4247537
4388 0.3983248
4389 0.04244613
4390 0.05949701
4391 0.3955175
4392 0.2079995
4393 0.4687079
4394 0.3110668
4395 0.5023887
4396 0.07870744
4397 0.4826383
4398 0.006247395
4399 0.1042974
4400 0.9489611
4401 0.09130871
4402 0.7081945
4403 0.1696394
4404 0.09430197
4405 0.8230423
4406 0.1287688
4407 0.8715168
4408 0.6660725
4409 0.4922796
4410 0.02176259
4411 0.06364478
4412 0.3643055
4413 0.04399181
4414 0.08692028
4415 0.4390173
4416 0.02055512
4417 0.3025052
4418 0.3671959
4419 0.2255802
4420 0.2311952
4421 0.115872
4422 0.005633821
4423 0.3071561
4424 0.8290543
4425 0.5954228
4426 0.3727935
4427 0.2909106
4428 0.6155362
4429 0.8984459
4430 0.125339
4431 0.0002636214
4432 0.5059856
4433 0.02538501
4434 0.8389526
4435 0.2284578
4436 0.05573599
4437 0.3638716
4438 0.02503235
4439 0.9714031
4440 0.006263507
4441 0.1873469
4442 0.7693389
4443 0.2397079
4444 0.1667894
4445 0.9355869
4446 0.07647568
4447 0.5899436
4448 0.750206
4449 0.3041648
4450 0.9772709
4451 0.5431737
4452 0.6796677
4453 0.5980835
4454 0.06819959
4455 0.9566926
4456 0.7429316
4457 0.5072099
4458 0.2481248
4459 0.1257906
4460 0.7762293
4461 0.08306717
4462 0.8862158
4463 0.2344001
4464 0.9254323
4465 0.6916706
4466 0.05088556
4467 0.3231591
4468 0.5217093
4469 0.7501529
4470 0.4424829
4471 0.7203381
4472 0.2262478
4473 0.3340556
4474 0.4060528
4475 0.3240128
4476 0.01218482
4477 0.6829472
4478 0.3207423
4479 0.8428556
4480 0.5970769
4481 0.5253919
4482 0.06934996
4483 0.5759586
4484 0.04479758
4485 0.1850655
4486 0.01448892
4487 0.6344074
4488 0.7163647
4489 0.04443171
4490 0.01071521
4491 0.5030066
4492 0.7662138
4493 0.1928577
4494 0.6915002
4495 0.1699195
4496 0.5549707
4497 0.004162172
4498 0.06215584
4499 0.145297
4500 0.3931419
4501 0.8693152
4502 0.008069655
4503 0.2579214
4504 0.5673131
4505 0.7554718
4506 0.2399349
4507 0.05284213
4508 0.7927634
4509 0.5298213
4510 0.144791
4511 0.01657025
4512 0.004618584
4513 0.8931732
4514 0.07456772
4515 0.4102485
4516 0.1258826
4517 0.1162618
4518 0.7467585
4519 0.4654474
4520 0.2848676
4521 0.1570186
4522 0.4982198
4523 0.4683364
4524 0.1338434
4525 0.6283836
4526 0.4091795
4527 0.08845457
4528 0.6737026
4529 0.8450326
4530 0.968531
4531 0.8626893
4532 0.7582032
4533 0.1889114
4534 0.1840867
4535 0.2137395
4536 0.1353166
4537 0.1328618
4538 0.4676781
4539 0.08554839
4540 0.3809305
4541 0.118971
4542 0.2272037
4543 0.3554707
4544 0.01163246
4545 0.2852086
4546 0.136948
4547 0.3817085
4548 0.5429051
4549 0.4075269
4550 0.09784149
4551 0.1275802
4552 0.2604473
4553 0.3343575
4554 0.1323429
4555 0.1441086
4556 0.5833482
4557 0.3874313
4558 0.1044199
4559 0.4132875
4560 0.4257252
4561 0.05976189
4562 0.1570317
4563 0.4421599
4564 0.05834454
4565 0.07620543
4566 0.1711724
4567 0.002426713
4568 0.322078
4569 0.09687555
4570 0.9951235
4571 0.8042825
4572 0.8585074
4573 0.972618
4574 0.004125498
4575 0.1015173
4576 0.003423301
4577 0.6561642
4578 0.5414192
4579 0.354036
4580 0.04397762
4581 0.09800455
4582 0.6329824
4583 0.1923709
4584 0.3019761
4585 0.4712292
4586 0.1059831
4587 0.599432
4588 0.9169693
4589 0.1295122
4590 8.768423e-05
4591 0.2301025
4592 0.2090161
4593 0.4529732
4594 0.4812017
4595 0.9198597
4596 0.4324159
4597 0.9057734
4598 0.6817116
4599 0.1957178
4600 0.001374991
4601 0.2240185
4602 0.9645852
4603 0.4515348
4604 0.08054357
4605 0.9695943
4606 0.03796295
4607 0.7358744
4608 0.2506044
4609 0.05808176
4610 0.3489949
4611 0.06469932
4612 0.848088
4613 0.5116703
4614 0.1871614
4615 0.4233658
4616 0.6825936
4617 0.8061087
4618 0.5323767
4619 0.2904916
4620 0.1259808
4621 0.02670699
4622 0.4097104
4623 0.4674776
4624 0.0747526
4625 0.1325528
4626 0.6420091
4627 0.2273142
4628 0.4043976
4629 0.2648712
4630 0.36021
4631 0.2712205
4632 0.8783945
4633 0.4264152
4634 0.3271123
4635 0.09578266
4636 0.02573056
4637 0.8489417
4638 0.5474688
4639 0.6366771
4640 0.02042235
4641 0.9419133
4642 0.996307
4643 0.6023841
4644 0.003081965
4645 0.01616128
4646 0.03531631
4647 0.001793246
4648 0.01107096
4649 0.05623621
4650 0.9766559
4651 0.6950847
4652 0.4067692
4653 0.6306843
4654 0.2696979
4655 0.05579608
4656 0.8289958
4657 0.538358
4658 0.49392
4659 0.8167
4660 0.002719828
4661 0.6391307
4662 0.5356414
4663 0.2607256
4664 0.4785355
4665 0.2259233
4666 0.9913731
4667 0.2536784
4668 0.4084021
4669 0.5984864
4670 0.4234476
4671 0.72933
4672 0.8279157
4673 0.3657131
4674 0.6562016
4675 0.445597
4676 0.5302687
4677 0.6353657
4678 0.3775615
4679 0.02295361
4680 0.3879131
4681 0.4825705
4682 0.005872266
4683 0.3781352
4684 0.02114598
4685 0.7976472
4686 0.2914579
4687 0.2711019
4688 0.2001285
4689 0.01290231
4690 0.4781657
4691 0.7800858
4692 0.2696695
4693 0.2883171
4694 0.01825694
4695 0.1068701
4696 0.06996257
4697 0.02910589
4698 0.05681663
4699 0.06249793
4700 0.7472061
4701 0.1123834
4702 0.1581078
4703 0.2059303
4704 0.5205052
4705 0.1215491
4706 0.6215009
4707 0.8432977
4708 0.168012
4709 0.4553115
4710 0.5865006
4711 0.9538417
4712 0.4627282
4713 0.9464983
4714 0.2393586
4715 0.4850123
4716 0.1982313
4717 0.8761206
4718 0.9917508
4719 0.631195
4720 0.2091756
4721 0.6887941
4722 0.23606
4723 0.1438231
4724 0.5528483
4725 0.05929834
4726 0.001122475
4727 0.988779
4728 0.08144319
4729 0.3263231
4730 0.4781955
4731 0.1142685
4732 0.3245592
4733 0.05400564
4734 0.3160749
4735 0.4604828
4736 0.3030546
4737 4.762146e-06
4738 0.2859504
4739 0.6632856
4740 0.01041851
4741 0.9018664
4742 0.09439162
4743 0.9848835
4744 0.31612
4745 0.3454638
4746 0.4806665
4747 0.9730314
4748 0.998827
4749 0.2596145
4750 0.7116898
4751 0.9137408
4752 0.0932338
4753 0.5122482
4754 0.4581882
4755 0.681549
4756 0.3808637
4757 0.4967381
4758 0.05623285
4759 0.1201907
4760 0.01344769
4761 0.4056472
4762 0.07262128
4763 0.1281569
4764 0.03744571
4765 0.07099637
4766 0.03662422
4767 0.481796
4768 0.03463462
4769 0.1687533
4770 0.07482686
4771 0.9994716
4772 0.1824234
4773 0.00420189
4774 0.9196932
4775 0.5546719
4776 0.3072816
4777 0.8126965
4778 0.001109072
4779 0.6203172
4780 0.4138385
4781 0.1715774
4782 0.2970578
4783 0.628394
4784 0.2707348
4785 0.5653326
4786 0.861849
4787 0.000875897
4788 0.864469
4789 0.1852268
4790 0.2865614
4791 0.165423
4792 0.9408692
4793 0.1505806
4794 0.5320951
4795 0.6911029
4796 0.6416018
4797 0.02903962
4798 0.9673932
4799 0.4009584
4800 0.8664238
4801 0.3959987
4802 0.5491887
4803 0.3610322
4804 0.6108142
4805 0.07796678
4806 0.6779651
4807 0.190641
4808 0.1815496
4809 0.3660926
4810 0.321613
4811 0.8853544
4812 0.001444042
4813 0.7702817
4814 0.0006969965
4815 0.7204324
4816 0.173922
4817 0.8863369
4818 0.07001088
4819 0.6537545
4820 0.4424802
4821 0.801352
4822 0.2610269
4823 0.2527207
4824 0.05656296
4825 0.8140647
4826 0.03414445
4827 0.0933429
4828 0.1413251
4829 0.08782255
4830 0.05809015
4831 0.894191
4832 0.1419146
4833 0.3334333
4834 0.07487253
4835 0.1490752
4836 0.7897374
4837 0.2398989
4838 0.4852527
4839 0.3466461
4840 0.2116164
4841 0.9408034
4842 0.2574659
4843 0.2538848
4844 0.3151265
4845 0.09632361
4846 0.8267378
4847 0.3867095
4848 0.6515301
4849 0.2840542
4850 0.07223883
4851 0.8544436
4852 0.2577322
4853 0.1117705
4854 0.1027552
4855 0.8160018
4856 0.3973218
4857 0.04473525
4858 0.3700932
4859 0.07111087
4860 0.4641827
4861 0.7958287
4862 0.3603743
4863 0.05610218
4864 0.04722512
4865 0.7390256
4866 0.1325818
4867 0.7133743
4868 0.3092128
4869 0.5102947
4870 0.2129722
4871 0.2922626
4872 0.6582225
4873 0.3853935
4874 0.1643959
4875 0.3320112
4876 0.5696814
4877 0.1423449
4878 0.8986325
4879 0.862815
4880 0.4385887
4881 0.08653866
4882 0.3951765
4883 0.5670525
4884 0.9644749
4885 0.04839252
4886 0.8692589
4887 0.2785428
4888 0.1225859
4889 0.287739
4890 0.5618011
4891 0.3896764
4892 0.6996838
4893 0.4176294
4894 0.7710118
4895 0.1934284
4896 0.6973129
4897 0.07781958
4898 0.06437992
4899 0.5680432
4900 0.5210531
4901 0.4338137
4902 0.4512198
4903 0.2062421
4904 0.245656
4905 0.148235
4906 0.6214859
4907 0.03845007
4908 0.109238
4909 0.3999671
4910 0.02219011
4911 0.9873794
4912 0.2011139
4913 0.09155194
4914 0.004571488
4915 0.5703317
4916 0.8084029
4917 0.2174909
4918 0.06633077
4919 0.2153362
4920 0.4998369
4921 0.8895284
4922 0.3938162
4923 0.006330549
4924 0.3493404
4925 0.07350976
4926 0.3756018
4927 0.985282
4928 0.2079419
4929 0.01963767
4930 0.9184812
4931 0.04378286
4932 0.8792591
4933 0.3417358
4934 0.638247
4935 0.3011391
4936 0.8228744
4937 0.9734115
4938 0.0900899
4939 0.5943948
4940 0.02897901
4941 0.04061723
4942 0.05541438
4943 0.4698936
4944 0.66361
4945 0.192711
4946 0.05123841
4947 0.517654
4948 0.8773314
4949 0.304566
4950 0.4259879
4951 0.6648269
4952 0.01912512
4953 0.4284091
4954 0.6172775
4955 0.01272103
4956 0.06841122
4957 0.6749473
4958 0.2888878
4959 0.05532801
4960 0.6755026
4961 0.5638495
4962 0.002246558
4963 0.1036382
4964 0.08349697
4965 0.676331
4966 0.002510931
4967 0.3661996
4968 0.05993883
4969 0.09190594
4970 0.0643873
4971 0.4028304
4972 0.001293585
4973 0.2796711
4974 0.9991199
4975 0.1588662
4976 0.6611312
4977 0.1106242
4978 0.1674993
4979 0.1034555
4980 0.2611924
4981 0.2190888
4982 0.5493599
4983 0.558184
4984 0.471402
4985 0.5775371
4986 0.9870689
4987 0.260505
4988 0.7310301
4989 0.01156943
4990 0.5619977
4991 0.2152331
4992 0.2487257
4993 0.7822789
4994 0.269073
4995 0.7581579
4996 0.3426407
4997 0.8852585
4998 0.2661654
4999 0.4130222
5000 0.0009414306
