1 0.6740951
2 0.2935703
3 0.1074651
4 0.6303146
5 0.4859642
6 0.07940868
7 0.09726225
8 0.03345436
9 0.6376177
10 0.9824938
11 0.136066
12 0.2632529
13 0.2243412
14 0.8057219
15 0.4019768
16 0.5403916
17 0.3451771
18 0.903401
19 0.4216107
20 0.8885732
21 0.3867604
22 0.04174182
23 0.2758163
24 0.01719428
25 0.4791779
26 0.5451472
27 0.2612917
28 0.8621269
29 0.7096708
30 0.8579056
31 0.00404851
32 0.1516645
33 0.9374471
34 0.3653094
35 0.3623155
36 0.9795056
37 0.1712245
38 0.7905292
39 0.04277882
40 0.9935682
41 0.7820703
42 0.5185055
43 0.2288768
44 0.9864398
45 0.5434427
46 0.4944606
47 0.3890505
48 0.3499344
49 0.4769479
50 0.7096993
51 0.7922708
52 0.5974051
53 0.2867966
54 0.9605693
55 0.5179677
56 0.4568194
57 0.3123255
58 0.8125706
59 0.2623102
60 0.07184163
61 0.7523699
62 0.2168229
63 0.9217076
64 0.3400532
65 0.118876
66 0.4061984
67 0.5818651
68 0.1076377
69 0.2887802
70 0.565722
71 0.3093158
72 0.2498647
73 0.2907714
74 0.03150702
75 0.04589102
76 0.8575971
77 0.2182448
78 0.6229797
79 0.1890024
80 0.7033071
81 0.5139648
82 0.5473233
83 0.2419193
84 0.7559837
85 0.8231108
86 0.1184298
87 0.3510456
88 0.2914974
89 0.8981913
90 0.5142158
91 0.4706379
92 0.021817
93 0.6148815
94 0.204264
95 0.4774476
96 0.8530897
97 0.2673814
98 0.504433
99 0.3326704
100 0.9946689
101 0.1948943
102 0.3598213
103 0.875401
104 0.8349271
105 0.888324
106 0.586061
107 0.2188917
108 0.978581
109 0.2849032
110 0.2656205
111 0.3560668
112 0.4319574
113 0.1534574
114 0.8799608
115 0.8659195
116 0.1550819
117 0.189311
118 0.6778416
119 0.1274198
120 0.958127
121 0.08251391
122 0.04529299
123 0.1527068
124 0.417569
125 0.3363105
126 0.1970485
127 0.5508706
128 0.3543721
129 0.4102716
130 0.3507579
131 0.6491489
132 0.26868
133 0.9090265
134 0.7444641
135 0.4989226
136 0.2484201
137 0.5109875
138 0.6306822
139 0.1426915
140 0.27842
141 0.05289139
142 0.5453174
143 0.1428726
144 0.03630151
145 0.08628215
146 0.2475021
147 0.09415221
148 0.1417055
149 0.8210612
150 0.3067401
151 0.1368131
152 0.5356328
153 0.9571135
154 0.3411272
155 0.09983041
156 1.48691e-05
157 0.5326748
158 0.2346512
159 0.0003891315
160 0.9751243
161 0.1689043
162 0.1527063
163 0.2309966
164 0.8219988
165 0.9332236
166 0.6108943
167 0.6422126
168 0.07359944
169 0.1638831
170 0.8355742
171 0.8299105
172 0.1677374
173 0.5870964
174 0.5584644
175 0.2091598
176 0.228573
177 0.136817
178 0.3984361
179 0.5653403
180 0.7713288
181 0.8190434
182 0.5846784
183 0.1194814
184 0.180242
185 0.02118303
186 0.7832782
187 0.4745918
188 0.1928859
189 0.8221381
190 0.5632235
191 0.01661072
192 0.00293313
193 0.9537807
194 0.9278636
195 0.8816222
196 0.8589475
197 0.869343
198 0.06663702
199 0.8079216
200 0.4294951
201 0.7007196
202 0.01020031
203 0.1273002
204 0.7269085
205 0.009991266
206 0.7832412
207 0.7279921
208 0.4807205
209 0.6103418
210 0.3473929
211 0.3292629
212 0.8811014
213 0.05287338
214 0.1611006
215 0.1711844
216 0.9642349
217 0.9616896
218 0.08054158
219 0.9576728
220 0.1865758
221 0.997715
222 0.1331011
223 0.4414412
224 0.2893226
225 0.4402946
226 0.9674229
227 0.7318934
228 0.1996411
229 0.1908196
230 0.7397789
231 0.6214636
232 0.80164
233 0.2475249
234 0.7423798
235 0.9234682
236 0.4448348
237 0.5324627
238 0.03300154
239 0.1805968
240 0.3445719
241 0.6122704
242 0.3004521
243 0.5566894
244 0.07844938
245 0.9627992
246 0.2289172
247 0.4563696
248 0.2271562
249 0.004788039
250 0.8388273
251 0.2520154
252 0.1378962
253 0.2066379
254 0.246427
255 0.5215456
256 0.04688458
257 0.3848917
258 0.2633412
259 0.06472021
260 0.5568747
261 0.7887736
262 0.2615315
263 0.9774131
264 0.3021388
265 0.7363652
266 0.8282651
267 0.9094245
268 0.777871
269 0.1137932
270 0.778861
271 0.2097342
272 0.5552308
273 0.89233
274 0.9004611
275 0.9291199
276 0.6632493
277 0.5862164
278 0.3142304
279 0.0002102575
280 0.6060506
281 0.7707866
282 0.8577779
283 0.04360251
284 0.1064862
285 0.2969222
286 0.9130578
287 0.03507611
288 0.1121711
289 0.4864657
290 0.2772945
291 0.2153152
292 0.479606
293 0.3825796
294 0.8451177
295 0.9692555
296 0.005904144
297 0.3797073
298 0.09020941
299 0.4629501
300 0.9414354
301 0.8415094
302 0.1994003
303 0.05639761
304 0.06618966
305 0.5224566
306 0.6271541
307 0.4518517
308 0.7957009
309 0.5325125
310 0.3751418
311 0.06623449
312 0.5634796
313 0.1146459
314 0.3271064
315 0.6681417
316 0.4822631
317 0.1531991
318 0.9469628
319 0.4494392
320 0.156029
321 0.1378792
322 0.5508612
323 0.163462
324 0.4490867
325 0.04439485
326 0.8789398
327 0.7471847
328 0.763734
329 0.0560063
330 0.1963941
331 0.6454487
332 0.7403662
333 0.7543641
334 0.6430458
335 0.9424031
336 0.4906956
337 0.2794062
338 0.5017365
339 0.002818874
340 0.6612507
341 0.3261963
342 0.5353042
343 0.4393615
344 0.2719988
345 0.6730936
346 0.3555029
347 0.4868432
348 0.8745689
349 0.1115273
350 0.3588969
351 0.5743846
352 0.02305875
353 0.01927628
354 0.4823767
355 0.6423553
356 0.2127455
357 0.06430692
358 0.1898979
359 0.4293379
360 0.9087456
361 0.5895108
362 0.01562503
363 0.4584025
364 0.9913465
365 0.76544
366 0.7650192
367 0.114098
368 0.9059217
369 0.5709393
370 0.3078794
371 0.610478
372 0.2033879
373 0.4977453
374 0.6087839
375 0.3573779
376 0.09187936
377 0.4824036
378 0.1390112
379 0.4507829
380 0.8866023
381 0.5095821
382 0.2780245
383 0.507082
384 0.1149432
385 0.8875969
386 0.3700632
387 0.1366267
388 0.4206191
389 0.2975595
390 0.006093563
391 0.2017515
392 0.9796723
393 0.1594718
394 0.004660515
395 0.1108504
396 0.8056985
397 0.07750475
398 0.2719176
399 0.1524684
400 0.5804913
401 0.5325106
402 0.4691864
403 0.1411317
404 0.08398362
405 0.4217709
406 0.3995347
407 0.9743252
408 0.03021338
409 0.5020284
410 0.7199738
411 0.4618133
412 0.3871264
413 0.1415307
414 0.9335592
415 0.2352419
416 0.02884564
417 0.129993
418 0.259211
419 0.7197935
420 0.9035929
421 0.9124567
422 0.1073677
423 0.3009212
424 0.2882802
425 0.6874972
426 0.8933024
427 0.1854399
428 0.5708139
429 0.07645388
430 0.4134179
431 0.03996716
432 0.6588366
433 0.2567241
434 0.3686963
435 0.6695245
436 0.7223667
437 0.06873365
438 0.1268422
439 0.1405321
440 0.2224362
441 0.5607689
442 0.3397903
443 0.2958842
444 0.03065319
445 0.3673561
446 0.0018994
447 0.9578553
448 0.8436798
449 0.9452145
450 0.7456397
451 0.009690934
452 0.8319697
453 0.4057985
454 0.9114922
455 0.8278469
456 0.9398916
457 0.3426854
458 0.2251532
459 0.1505918
460 0.3649032
461 0.9722453
462 0.386893
463 0.2050358
464 0.1468785
465 0.165563
466 0.352468
467 0.006828619
468 0.08819354
469 0.9268168
470 0.000408302
471 0.318862
472 0.5080574
473 0.5209964
474 0.4689709
475 0.7155631
476 0.6152151
477 0.8186138
478 0.7345993
479 0.1610929
480 0.5133478
481 0.3020593
482 0.01236115
483 0.1584939
484 0.3609067
485 0.1988145
486 0.121806
487 0.1223291
488 0.8817886
489 0.4057364
490 0.6098246
491 0.3850854
492 0.08759213
493 0.4822031
494 0.7649586
495 0.03387342
496 0.8435956
497 0.5354328
498 0.2276834
499 0.1135845
500 0.4721851
501 0.4710962
502 0.5706606
503 0.7411999
504 0.3288365
505 0.2170764
506 0.6203936
507 0.3592328
508 0.1194342
509 0.006763575
510 0.1915343
511 0.006356274
512 0.5356724
513 0.3041546
514 0.002512374
515 0.5288601
516 0.6540836
517 0.544669
518 0.8723707
519 0.02780156
520 0.03348579
521 0.01621855
522 0.009509981
523 0.8669606
524 0.02594051
525 0.04530342
526 0.1251073
527 0.01149717
528 0.3141541
529 0.1238361
530 0.4606798
531 0.5286604
532 0.2659694
533 0.6947334
534 0.02963744
535 0.7654697
536 0.04647537
537 0.7479799
538 0.05600215
539 0.06923318
540 0.6087562
541 0.01259263
542 0.1483491
543 0.5006032
544 0.09017559
545 0.6442527
546 0.04848007
547 0.5682764
548 0.9727785
549 0.9404395
550 0.09801664
551 0.2855964
552 0.06730104
553 0.06565006
554 0.04838902
555 0.02708402
556 0.2454729
557 0.0901909
558 0.5286962
559 0.3834999
560 0.7726586
561 0.5049256
562 0.9436938
563 0.0008074705
564 0.1673821
565 0.05941496
566 0.5799386
567 0.1749543
568 0.1652245
569 0.07039782
570 0.1615873
571 0.8925891
572 0.000349868
573 0.4289506
574 0.03196714
575 0.3151605
576 0.6450929
577 0.844905
578 0.2743968
579 0.4503649
580 0.5630621
581 0.005482978
582 0.940626
583 0.8756802
584 0.1864613
585 0.2864923
586 0.7247392
587 0.637387
588 0.4977141
589 0.9132473
590 0.6023941
591 0.1348276
592 0.635123
593 0.117946
594 0.9222623
595 0.08048742
596 0.3664793
597 0.8473393
598 0.237838
599 0.6431175
600 0.5705352
601 0.1457134
602 0.3637158
603 0.2021583
604 0.8463127
605 0.5883353
606 0.02652226
607 0.5037156
608 0.8508051
609 0.3002652
610 0.8216612
611 0.8595734
612 0.04394301
613 0.1026832
614 0.8834029
615 0.1467732
616 0.4778569
617 0.01396753
618 0.1045811
619 0.5838596
620 0.6913016
621 0.4097445
622 0.9307528
623 0.3304306
624 0.5088097
625 0.6176559
626 0.06530192
627 0.05952893
628 0.3146615
629 0.09535379
630 0.03070914
631 0.6946293
632 0.6586941
633 0.5327252
634 0.7577786
635 0.533521
636 0.3244611
637 0.8435417
638 0.9828319
639 0.5399576
640 0.3999606
641 0.5816854
642 0.7668185
643 0.5563185
644 0.3528638
645 0.3532609
646 0.7930013
647 0.01044476
648 0.1147927
649 0.4477415
650 0.6953212
651 0.3537098
652 0.869695
653 0.7536692
654 0.1506813
655 0.05004224
656 0.08967873
657 0.8529326
658 0.4644147
659 0.550731
660 0.0658783
661 0.9214683
662 0.5249198
663 0.6473421
664 0.7545135
665 0.9017759
666 0.3611898
667 0.1931316
668 0.6984156
669 0.8360288
670 0.9253533
671 0.08476204
672 0.1510229
673 0.7206269
674 0.216644
675 0.1093101
676 0.06002573
677 0.8584102
678 0.7016834
679 0.2413888
680 0.282024
681 0.5778924
682 0.7509458
683 0.9947124
684 0.8728751
685 0.1212169
686 0.1746544
687 0.1285336
688 0.9850296
689 0.5811836
690 0.7036859
691 0.4075902
692 0.006490289
693 0.8662375
694 0.6085582
695 0.1672828
696 0.03358329
697 0.5492303
698 0.6931375
699 0.02744621
700 0.2913565
701 0.1858247
702 0.7771926
703 0.4408803
704 0.5075285
705 0.4131127
706 0.5675684
707 0.9706292
708 0.0531324
709 0.02723149
710 0.1556824
711 0.08242313
712 0.0279461
713 0.5862589
714 0.09053839
715 0.2020615
716 0.7235725
717 0.3836071
718 0.4729976
719 0.7257243
720 0.9776097
721 0.417962
722 0.2098798
723 0.4642069
724 0.9683128
725 0.1858013
726 0.5642725
727 0.2025928
728 0.9732441
729 0.6059495
730 0.731062
731 0.4883284
732 0.8217541
733 0.7818656
734 0.7600629
735 0.8528417
736 0.3021662
737 0.1815149
738 0.0761378
739 0.1604084
740 0.3158222
741 0.1147124
742 0.009731925
743 0.4876974
744 0.5984114
745 0.8896745
746 0.7905332
747 0.5953989
748 0.8462221
749 0.09493401
750 0.7175376
751 0.2605488
752 0.5219756
753 0.9071097
754 0.7343591
755 0.8740562
756 0.8606635
757 0.04597102
758 0.07311227
759 0.5191294
760 0.7754019
761 0.585269
762 0.2675831
763 0.5761231
764 0.4430621
765 0.0007522432
766 0.193303
767 0.3025104
768 0.5037891
769 0.6522968
770 0.581354
771 0.386682
772 0.1488796
773 0.6304654
774 0.01751103
775 0.1339462
776 0.7798274
777 0.6975807
778 0.3775285
779 0.7289686
780 0.9392966
781 0.3765993
782 0.715538
783 0.1045613
784 0.1678673
785 0.4138897
786 0.4498755
787 0.8965599
788 0.3546505
789 0.6156419
790 0.1291703
791 0.8434327
792 0.9256714
793 0.2726393
794 0.01201074
795 0.6339814
796 0.006742921
797 0.9644804
798 0.2302736
799 0.3535759
800 0.2796232
801 0.9935686
802 0.2845909
803 0.4311759
804 0.2579763
805 0.8361637
806 0.3453233
807 0.3982233
808 0.4020116
809 0.6131099
810 0.8659947
811 0.3887444
812 0.890619
813 0.913378
814 0.2040092
815 0.1336566
816 0.8681061
817 0.0267815
818 0.093495
819 0.8776782
820 0.4415824
821 0.6862195
822 0.09449663
823 0.9725933
824 0.998524
825 0.07000218
826 0.5916192
827 0.6393523
828 0.2149329
829 0.8365471
830 0.1061711
831 0.05175055
832 0.4439156
833 0.8419264
834 0.8405646
835 0.6590948
836 0.6643464
837 0.7247058
838 0.5802115
839 0.3858426
840 0.1363737
841 0.001104056
842 0.4532697
843 0.8070434
844 0.8463054
845 0.9890941
846 0.04558733
847 0.4021018
848 0.03369793
849 0.6935462
850 0.3935613
851 0.4738974
852 0.8292148
853 0.06403777
854 0.7199252
855 0.5530915
856 0.1621138
857 0.1331816
858 0.7224225
859 0.2596646
860 0.05772554
861 0.8846202
862 0.6782454
863 0.9863582
864 0.1144672
865 0.3446116
866 0.9579969
867 0.3322069
868 0.9058077
869 0.7953845
870 0.4822573
871 0.3260724
872 0.4889543
873 0.9430916
874 0.8196427
875 0.002185544
876 0.7595911
877 0.1975418
878 0.1370763
879 0.5602187
880 0.06139935
881 0.06044274
882 0.8249926
883 0.9674609
884 0.1604556
885 0.4471707
886 0.7459755
887 0.1810383
888 0.9493649
889 0.2309295
890 0.1906043
891 0.5275978
892 0.6875476
893 0.9055182
894 0.8969511
895 0.3543238
896 0.3091093
897 0.7996336
898 0.4758936
899 0.7607659
900 0.3184345
901 0.3367302
902 0.1148126
903 0.9522226
904 0.7213091
905 0.4715425
906 0.02363648
907 0.3007426
908 0.4190811
909 0.366144
910 0.9745689
911 0.3431436
912 0.8323184
913 0.4643582
914 0.07848799
915 0.9848681
916 0.4333796
917 0.1471802
918 0.8666664
919 0.3686259
920 0.997775
921 0.1451756
922 0.7583186
923 0.7670084
924 0.3799071
925 0.9031697
926 0.1839192
927 0.7951512
928 0.9233674
929 0.5694908
930 0.1424026
931 0.8944835
932 0.6674396
933 0.9348022
934 0.5729255
935 0.002015837
936 0.3588293
937 0.6069637
938 0.8533438
939 0.9367466
940 0.329006
941 0.07136623
942 0.08382712
943 0.1685542
944 0.7566083
945 0.503064
946 0.3953761
947 0.5325381
948 0.5359398
949 0.9804859
950 0.9910268
951 0.859524
952 0.1061899
953 0.7134521
954 0.4796892
955 0.7886934
956 0.9143943
957 0.9614095
958 0.1981007
959 0.1830457
960 0.5721988
961 0.1928039
962 0.074547
963 0.4294919
964 0.5540916
965 0.02376137
966 0.3209011
967 0.3500231
968 0.06374476
969 0.7556839
970 0.03467389
971 0.01117747
972 0.1726062
973 0.650275
974 0.5909451
975 0.7519098
976 0.9785845
977 0.9042554
978 0.5862001
979 0.8442847
980 0.1895214
981 0.7981149
982 0.2161764
983 0.03101553
984 0.1447337
985 0.1617085
986 0.4184792
987 0.3837023
988 0.4022689
989 0.9182732
990 0.5622053
991 0.164232
992 0.3319241
993 0.1923721
994 0.03803906
995 0.3178664
996 0.08097948
997 0.102277
998 0.7220256
999 0.7024487
1000 0.6426141
1001 0.004001086
1002 0.2353512
1003 0.779945
1004 0.6917077
1005 0.9134906
1006 0.1934272
1007 0.9676318
1008 0.4817091
1009 0.4093123
1010 0.8992706
1011 0.6117621
1012 0.3773205
1013 0.3067199
1014 0.4290552
1015 0.9699426
1016 0.7308764
1017 0.8198194
1018 0.5334593
1019 0.1680024
1020 0.8155367
1021 0.3043043
1022 0.6178107
1023 0.876368
1024 0.7841257
1025 0.2708308
1026 0.5033516
1027 0.3654749
1028 0.9662395
1029 0.1575921
1030 0.6189178
1031 0.2777217
1032 0.01279547
1033 0.07012303
1034 0.2322995
1035 0.3492325
1036 0.2789226
1037 0.4102401
1038 0.01671053
1039 0.5606171
1040 0.7613362
1041 0.9526599
1042 0.8809289
1043 0.8714701
1044 0.04347033
1045 0.1876541
1046 0.04349813
1047 0.4774459
1048 0.3157055
1049 0.1925135
1050 0.454597
1051 0.2169561
1052 0.8566999
1053 0.04379657
1054 0.2137043
1055 0.2822187
1056 0.9196844
1057 0.06771009
1058 0.007176628
1059 0.5234635
1060 0.3581216
1061 0.9897293
1062 0.9960656
1063 0.5671882
1064 0.5575663
1065 0.6238891
1066 0.3245665
1067 0.01324592
1068 0.1127789
1069 0.2974654
1070 0.7346431
1071 0.6140314
1072 0.0218202
1073 0.04815307
1074 0.4681471
1075 0.3906468
1076 0.926408
1077 0.7711496
1078 0.7639618
1079 0.2805324
1080 0.8584541
1081 0.05747442
1082 0.387193
1083 0.1171744
1084 0.9560779
1085 0.08050308
1086 0.2928885
1087 0.7929986
1088 0.3900179
1089 0.4847416
1090 0.7621528
1091 0.0007877782
1092 0.01180102
1093 0.7389375
1094 0.3965148
1095 0.6310357
1096 0.4133909
1097 0.2246252
1098 0.8024068
1099 0.07691543
1100 0.0469401
1101 0.7960397
1102 0.0003219315
1103 0.9151216
1104 0.4255272
1105 0.4906316
1106 0.7184607
1107 0.2723099
1108 0.3642256
1109 0.0220613
1110 0.3272641
1111 0.8707301
1112 0.5946417
1113 0.01983095
1114 0.2646193
1115 0.03749929
1116 0.05480572
1117 0.01974815
1118 0.3504226
1119 0.1172137
1120 0.4045218
1121 0.4151555
1122 0.4564121
1123 0.4658677
1124 0.2644329
1125 0.8891179
1126 0.7115829
1127 0.0883049
1128 0.03976404
1129 0.03999779
1130 0.008225753
1131 0.8709809
1132 0.0523017
1133 0.4517452
1134 0.2218591
1135 0.9466693
1136 0.7511458
1137 0.5546732
1138 0.556526
1139 0.03988018
1140 0.8412934
1141 0.967819
1142 0.2262008
1143 0.1129585
1144 0.02166991
1145 0.1445436
1146 0.1840294
1147 0.3554856
1148 0.6759229
1149 0.846303
1150 0.406007
1151 0.06194108
1152 0.2574811
1153 0.9118212
1154 0.2380704
1155 0.1592339
1156 0.4250579
1157 0.752413
1158 0.01481329
1159 0.4841951
1160 0.3853677
1161 0.1396143
1162 0.642679
1163 0.5595426
1164 0.9478503
1165 6.868699e-06
1166 0.4448353
1167 0.0805974
1168 0.4133262
1169 0.06785635
1170 0.2619203
1171 0.9047335
1172 0.317977
1173 0.298208
1174 0.5900083
1175 0.2593863
1176 0.3618413
1177 0.2642564
1178 0.4041733
1179 0.2373626
1180 0.8175648
1181 0.8968889
1182 0.1726222
1183 0.05104035
1184 0.0368285
1185 0.6886775
1186 0.6843499
1187 0.4140842
1188 0.9071514
1189 0.7251417
1190 0.6382558
1191 0.0638857
1192 0.8054186
1193 0.8129741
1194 0.2835695
1195 0.1417805
1196 0.3224844
1197 0.791528
1198 0.3683236
1199 0.5204804
1200 0.05642711
1201 0.618848
1202 0.1729104
1203 0.4040895
1204 0.8245973
1205 0.07917486
1206 0.173565
1207 0.0113931
1208 0.5078765
1209 0.4555199
1210 0.9780815
1211 0.9400526
1212 0.06261959
1213 0.1307492
1214 0.1210734
1215 0.279772
1216 0.5047996
1217 0.003514836
1218 0.08343392
1219 0.3651536
1220 0.7029585
1221 0.5570736
1222 0.7958127
1223 0.3866271
1224 0.03598734
1225 0.3226001
1226 0.124734
1227 0.7693513
1228 0.6227483
1229 0.9254398
1230 0.1284478
1231 0.1969687
1232 0.4518039
1233 0.3149668
1234 0.645424
1235 0.9867928
1236 0.9627828
1237 0.9384525
1238 0.9219338
1239 0.9733561
1240 0.745818
1241 0.4314735
1242 0.8886573
1243 0.7785272
1244 0.41316
1245 0.2873159
1246 0.8309432
1247 0.08237435
1248 0.08553393
1249 0.994061
1250 0.3702365
1251 0.183595
1252 0.8630742
1253 0.6056869
1254 0.01395823
1255 0.420145
1256 0.489055
1257 0.8904571
1258 0.7385769
1259 0.1670897
1260 0.3390848
1261 0.6672693
1262 0.09674685
1263 0.8508467
1264 0.5464442
1265 0.9810575
1266 0.4301106
1267 0.882611
1268 0.8494107
1269 0.07382531
1270 0.3805285
1271 0.3257754
1272 0.5430249
1273 0.303902
1274 0.09047948
1275 0.002982984
1276 0.0850419
1277 0.216945
1278 0.1983875
1279 0.5099081
1280 0.01577872
1281 0.2267424
1282 0.8959306
1283 0.3263823
1284 0.4306649
1285 0.1614762
1286 0.2823063
1287 0.3112982
1288 0.8754551
1289 0.5091099
1290 0.1756024
1291 0.736519
1292 0.8668066
1293 0.7418815
1294 0.8149803
1295 0.1420153
1296 0.2988664
1297 0.2750462
1298 0.07974741
1299 0.243828
1300 0.5073413
1301 0.9419782
1302 0.274177
1303 0.08707946
1304 0.2953456
1305 0.9714159
1306 0.04671989
1307 0.8029437
1308 0.05362557
1309 0.3717285
1310 0.05114317
1311 0.9544222
1312 0.125563
1313 0.691925
1314 0.9908319
1315 0.9132188
1316 0.4632356
1317 0.7650614
1318 0.5775056
1319 0.4239958
1320 0.9994712
1321 0.7384436
1322 0.4610043
1323 0.9883296
1324 0.5688813
1325 0.09301453
1326 0.8515829
1327 0.3729801
1328 0.428499
1329 0.8913065
1330 0.7110417
1331 0.6123637
1332 0.0978386
1333 0.7916601
1334 0.3703622
1335 0.6536845
1336 0.8924772
1337 0.6638992
1338 0.6089964
1339 0.2926455
1340 0.3666475
1341 0.3946851
1342 0.0426801
1343 0.1667813
1344 0.9326914
1345 0.006757861
1346 0.06146641
1347 0.6539388
1348 0.1241889
1349 0.621596
1350 0.02958775
1351 0.85568
1352 0.05857624
1353 0.2275405
1354 0.4715247
1355 0.7670411
1356 0.02492836
1357 0.1216334
1358 0.9288287
1359 0.3640611
1360 0.2340857
1361 0.8505549
1362 0.06341577
1363 0.9863376
1364 0.1244551
1365 0.01660708
1366 0.9551402
1367 0.8072663
1368 0.994346
1369 0.1894435
1370 0.7747268
1371 0.4978227
1372 0.3455314
1373 0.3808137
1374 0.4135144
1375 0.2127249
1376 0.9833753
1377 0.3223951
1378 0.8166825
1379 0.2696842
1380 0.6784131
1381 0.8885024
1382 0.6311401
1383 0.8670049
1384 0.127951
1385 0.03266237
1386 0.04001616
1387 0.8381247
1388 0.5565618
1389 0.03255434
1390 0.4215337
1391 0.2344816
1392 0.2910829
1393 0.9392104
1394 0.03512821
1395 0.6141791
1396 0.636603
1397 0.6483699
1398 0.2485257
1399 0.4833399
1400 0.9208859
1401 0.5834481
1402 0.6001396
1403 0.5601355
1404 0.235432
1405 0.3288135
1406 0.1405606
1407 0.02462748
1408 0.04261266
1409 0.2326462
1410 0.5963841
1411 0.1476789
1412 0.3907463
1413 0.2853449
1414 0.7766504
1415 0.2765983
1416 0.2850748
1417 0.2369039
1418 0.5848765
1419 0.5902995
1420 0.9912105
1421 0.1204816
1422 0.6154368
1423 0.9594946
1424 0.8463675
1425 0.5965162
1426 0.940201
1427 0.8116373
1428 0.0002810747
1429 0.4482129
1430 0.3113194
1431 0.01647911
1432 0.1079379
1433 0.2658413
1434 0.368902
1435 0.7436052
1436 0.03850066
1437 0.01431776
1438 0.01947515
1439 0.9917309
1440 0.2779589
1441 0.8289093
1442 0.7823039
1443 0.9289786
1444 0.9789225
1445 0.726704
1446 0.198251
1447 0.5867116
1448 0.9438968
1449 0.0353927
1450 0.08569001
1451 0.06515093
1452 0.303119
1453 0.2000661
1454 0.1153655
1455 0.1441649
1456 0.9212397
1457 0.3195223
1458 0.06851742
1459 0.6399439
1460 0.0006931166
1461 0.2445472
1462 0.5860182
1463 0.8798145
1464 0.1817761
1465 0.2802575
1466 0.8674276
1467 0.4109858
1468 0.3531286
1469 0.6739223
1470 0.09359463
1471 0.4019401
1472 0.1005727
1473 0.3791823
1474 0.009961953
1475 0.4808721
1476 0.9021861
1477 0.9132381
1478 0.2233962
1479 0.06453744
1480 0.6045923
1481 0.1445757
1482 0.2949403
1483 0.3503317
1484 0.05425106
1485 0.6542274
1486 0.3301355
1487 0.8927412
1488 0.4088184
1489 0.1033534
1490 0.5235196
1491 0.2575373
1492 0.8358793
1493 0.5507092
1494 0.9685486
1495 0.9702834
1496 0.5038136
1497 0.2451809
1498 0.04806553
1499 0.1071714
1500 0.1277107
1501 0.6189835
1502 0.5361604
1503 0.02005752
1504 0.7546977
1505 0.8877785
1506 0.1132475
1507 0.7647057
1508 0.008937346
1509 0.8192835
1510 0.00673292
1511 3.034784e-05
1512 0.3626837
1513 0.848738
1514 0.4353703
1515 0.5371488
1516 0.2800326
1517 0.01031484
1518 0.8494258
1519 0.09514611
1520 0.01108363
1521 0.02075255
1522 0.7199596
1523 0.03431258
1524 0.9781214
1525 0.9006909
1526 0.047641
1527 0.05304836
1528 0.4320372
1529 0.1140037
1530 0.3342599
1531 0.9946839
1532 0.3855859
1533 0.3034229
1534 0.575259
1535 0.2396428
1536 0.07053853
1537 0.534958
1538 0.4790958
1539 0.7595412
1540 0.01000017
1541 0.4444452
1542 0.7556677
1543 0.6406043
1544 0.8213662
1545 0.7243876
1546 0.3311061
1547 0.1760471
1548 0.5411224
1549 0.5962723
1550 0.1200847
1551 0.8937355
1552 0.3094937
1553 0.1398581
1554 0.4267597
1555 0.5448255
1556 0.701979
1557 0.009836064
1558 0.9082068
1559 0.7986579
1560 0.8182258
1561 0.2263435
1562 0.3451202
1563 0.5106881
1564 0.4950503
1565 0.3565859
1566 0.05390498
1567 0.4844944
1568 0.2500434
1569 0.7811896
1570 0.3196618
1571 0.5563621
1572 0.01942389
1573 0.5852378
1574 0.682168
1575 0.05916259
1576 0.7658642
1577 0.1085644
1578 0.6150917
1579 0.6729588
1580 0.1864642
1581 0.8069768
1582 0.6578507
1583 0.4180704
1584 0.01330721
1585 0.6093932
1586 0.09658561
1587 0.1092163
1588 0.03168484
1589 0.07173803
1590 0.01933707
1591 0.7652948
1592 0.8359766
1593 0.2881657
1594 0.5132099
1595 0.1206838
1596 0.724926
1597 0.1343422
1598 0.8511352
1599 0.549015
1600 0.9326356
1601 0.2893446
1602 0.4306105
1603 0.8120408
1604 0.7609158
1605 0.539166
1606 0.2791527
1607 0.08983839
1608 0.05867935
1609 0.8176426
1610 0.1366412
1611 0.7779024
1612 0.5117724
1613 0.3729253
1614 0.2224072
1615 0.9355615
1616 0.01352981
1617 0.4044881
1618 0.7662688
1619 0.6350686
1620 0.483801
1621 0.6879654
1622 0.3660306
1623 0.3907993
1624 0.4582487
1625 0.09415913
1626 0.5182367
1627 0.2914605
1628 0.92791
1629 0.3391129
1630 0.3178999
1631 0.4907618
1632 0.9380605
1633 0.8928901
1634 0.9729988
1635 0.6772058
1636 0.245067
1637 0.6547611
1638 0.1900664
1639 0.2308522
1640 0.4667097
1641 0.7322703
1642 0.832324
1643 0.3524376
1644 0.1306957
1645 0.3069551
1646 0.9840054
1647 0.3356607
1648 0.322211
1649 0.984033
1650 0.1035196
1651 0.09198933
1652 0.1249558
1653 0.3114994
1654 0.1034073
1655 0.8701351
1656 0.08167903
1657 0.2337971
1658 0.1025442
1659 0.02846023
1660 0.03955411
1661 0.05707362
1662 0.2872324
1663 0.8959031
1664 0.9618822
1665 0.2227245
1666 0.2068526
1667 0.5411054
1668 0.5613743
1669 0.008578791
1670 0.943415
1671 0.6570401
1672 0.6009897
1673 0.3808231
1674 0.01596096
1675 0.3820771
1676 0.1058774
1677 0.4071874
1678 0.05652216
1679 0.4174916
1680 0.477037
1681 0.07291156
1682 0.04475007
1683 0.3373714
1684 0.393889
1685 0.6808191
1686 0.01558913
1687 0.1150108
1688 0.5107121
1689 0.4577646
1690 0.09791854
1691 0.2707964
1692 0.1223089
1693 0.2049805
1694 0.1140424
1695 0.7276464
1696 0.5831606
1697 0.02865511
1698 0.5565728
1699 0.6179697
1700 0.9434353
1701 0.03066071
1702 0.8841531
1703 0.153838
1704 0.2265679
1705 0.7827133
1706 0.2023363
1707 0.05479589
1708 0.07392308
1709 0.9191465
1710 0.1925975
1711 0.9138216
1712 0.6785704
1713 0.2526754
1714 0.008163943
1715 0.1947671
1716 0.6676225
1717 0.03112737
1718 0.4672315
1719 0.7564749
1720 0.9379442
1721 0.9634957
1722 0.02652667
1723 0.8559052
1724 0.9557439
1725 0.08051882
1726 0.7835851
1727 0.1103562
1728 0.1737329
1729 0.6696474
1730 0.2807362
1731 0.7412449
1732 0.1758369
1733 0.03503291
1734 0.6708258
1735 0.1376092
1736 0.4244647
1737 0.04487929
1738 0.2246281
1739 0.9537425
1740 0.5090773
1741 0.6716737
1742 0.3321114
1743 0.3497008
1744 0.6891596
1745 0.2507245
1746 0.8479919
1747 0.2190032
1748 0.7007689
1749 0.896119
1750 0.6589526
1751 0.7485481
1752 0.9578887
1753 0.08207245
1754 0.004092355
1755 0.6129697
1756 0.5181346
1757 0.006262968
1758 0.9373449
1759 0.5409266
1760 0.5933214
1761 0.2274706
1762 0.7077593
1763 0.1161662
1764 0.8410296
1765 0.0957051
1766 0.9097325
1767 0.3235993
1768 0.7682757
1769 0.8192765
1770 0.7710818
1771 0.04402495
1772 0.06871766
1773 0.635948
1774 0.8054562
1775 0.1668838
1776 0.3492329
1777 0.006082091
1778 0.5689364
1779 0.04955928
1780 0.3059842
1781 0.4561692
1782 0.7000258
1783 0.3857792
1784 0.1086336
1785 0.6055996
1786 0.03262868
1787 0.221086
1788 0.2394174
1789 0.4524918
1790 0.3118455
1791 0.4220275
1792 0.03125704
1793 0.002086919
1794 0.3461903
1795 0.01668001
1796 0.4365674
1797 0.4971657
1798 0.9842087
1799 0.784046
1800 0.011235
1801 0.5856167
1802 0.2850494
1803 0.03122869
1804 0.04514423
1805 0.6370834
1806 0.0909183
1807 0.05748598
1808 0.7696699
1809 0.7226433
1810 0.6627228
1811 0.223122
1812 0.2853765
1813 0.2983157
1814 0.1585006
1815 0.02356264
1816 0.7864983
1817 0.06426884
1818 0.5837861
1819 0.5188849
1820 0.9380398
1821 0.6687967
1822 0.05233698
1823 0.1505332
1824 0.2478172
1825 0.6746763
1826 0.5215988
1827 0.629496
1828 0.09592938
1829 0.08329769
1830 0.1442525
1831 2.95374e-05
1832 0.07439872
1833 0.5516616
1834 0.8189217
1835 0.07468809
1836 0.9416118
1837 0.3104904
1838 0.4877041
1839 0.6555256
1840 0.1845628
1841 0.6649108
1842 0.311689
1843 0.8928711
1844 0.3732942
1845 0.281124
1846 0.1653262
1847 0.4689364
1848 0.9654376
1849 0.7843127
1850 0.3259593
1851 0.3984323
1852 0.884487
1853 0.7778469
1854 0.5739799
1855 0.9163395
1856 0.8451773
1857 0.5176534
1858 0.218526
1859 0.9731367
1860 0.3599909
1861 0.9793907
1862 0.2288183
1863 0.1868335
1864 0.09952828
1865 0.3094413
1866 0.01322438
1867 0.1763053
1868 0.9128937
1869 0.8650614
1870 0.7672455
1871 0.8049656
1872 0.7603263
1873 0.8794631
1874 0.1271966
1875 0.1974275
1876 0.7617196
1877 0.294323
1878 0.02020361
1879 0.05315688
1880 0.20196
1881 0.3314709
1882 0.5199015
1883 0.7873716
1884 0.7231567
1885 0.4528387
1886 0.8754927
1887 0.629067
1888 0.7190746
1889 0.2253342
1890 0.2439546
1891 0.2695369
1892 0.02701699
1893 0.9368717
1894 0.5013245
1895 0.1960071
1896 0.03519488
1897 0.979391
1898 0.251592
1899 0.8458867
1900 0.08395132
1901 0.02538764
1902 0.001282916
1903 0.6249244
1904 0.4853355
1905 0.6848603
1906 0.9580435
1907 0.6323611
1908 0.292918
1909 0.006553937
1910 0.8049625
1911 0.483757
1912 0.8231993
1913 0.2571509
1914 0.1421462
1915 0.9990407
1916 0.7491836
1917 0.1127176
1918 0.1915984
1919 0.4108813
1920 0.9121267
1921 0.5124435
1922 0.2763828
1923 0.1898178
1924 0.6273835
1925 0.5254625
1926 0.07091845
1927 0.3856372
1928 0.08685865
1929 0.5992791
1930 0.9273568
1931 0.2015385
1932 0.01608862
1933 0.5633219
1934 0.1838137
1935 0.4782979
1936 0.5289651
1937 0.08568939
1938 0.6009663
1939 0.229411
1940 0.002862779
1941 0.874648
1942 0.3917064
1943 0.4254208
1944 0.5157686
1945 0.4603441
1946 0.5754696
1947 0.04958785
1948 0.4907492
1949 0.6516191
1950 0.406179
1951 0.003998401
1952 0.4955152
1953 0.3855878
1954 0.5429171
1955 0.1977952
1956 0.7855283
1957 0.2564193
1958 0.7227233
1959 0.579785
1960 0.4665815
1961 0.9586576
1962 0.2415729
1963 0.2568586
1964 0.4759231
1965 0.01690942
1966 0.01371075
1967 0.06126773
1968 0.3515428
1969 0.1203333
1970 0.120228
1971 0.7320317
1972 0.2732594
1973 0.828154
1974 0.7308614
1975 0.1166891
1976 0.01370266
1977 0.6031257
1978 0.05946425
1979 0.04353838
1980 0.1937629
1981 0.273318
1982 0.00850103
1983 0.3009048
1984 0.9600727
1985 0.9739195
1986 0.07929473
1987 0.6352286
1988 0.157855
1989 0.1929643
1990 0.7402684
1991 0.6621866
1992 0.2114049
1993 0.4170681
1994 0.7164544
1995 0.4948674
1996 0.01636458
1997 0.3826443
1998 0.5662207
1999 0.9164621
2000 0.1696921
2001 0.1488829
2002 0.7282625
2003 0.6433664
2004 0.8535607
2005 0.3768717
2006 0.5842034
2007 0.132957
2008 0.6498254
2009 0.5974374
2010 0.3612368
2011 0.4428269
2012 0.06843467
2013 0.0356806
2014 0.9407367
2015 0.9854268
2016 0.7974397
2017 0.4411608
2018 0.7211324
2019 0.661914
2020 0.895206
2021 0.5431418
2022 0.6611177
2023 0.215061
2024 0.1136416
2025 0.6149691
2026 0.9540748
2027 0.2819863
2028 0.3146588
2029 0.4991851
2030 0.8774989
2031 0.6520625
2032 0.3399646
2033 0.9057518
2034 0.05262053
2035 0.08010118
2036 0.5878667
2037 0.4844478
2038 0.7926381
2039 0.817296
2040 0.6529323
2041 0.4849989
2042 0.05152773
2043 0.06904844
2044 0.3743162
2045 0.3791786
2046 0.03045581
2047 0.5260712
2048 0.01918892
2049 0.1468731
2050 0.03133032
2051 0.4397574
2052 0.1074292
2053 0.7945276
2054 0.2097476
2055 0.1835382
2056 0.03918215
2057 0.4963021
2058 0.9005472
2059 0.003289831
2060 0.4649989
2061 0.1522041
2062 0.7194705
2063 0.3501915
2064 0.4778435
2065 0.1179731
2066 0.6800027
2067 0.7679928
2068 0.4909636
2069 0.7513031
2070 0.131694
2071 0.6610113
2072 0.0009219557
2073 0.9182818
2074 0.2113217
2075 0.3029115
2076 0.5483689
2077 0.514376
2078 0.4290329
2079 0.6223658
2080 0.7913696
2081 0.1639357
2082 0.08066789
2083 0.2209636
2084 0.6431961
2085 0.4618738
2086 0.4484013
2087 0.01062404
2088 0.05014034
2089 0.4593387
2090 0.3319567
2091 0.5391511
2092 0.02305103
2093 0.260412
2094 0.1282946
2095 0.2636304
2096 0.8323094
2097 0.982284
2098 0.5608696
2099 0.02327739
2100 0.226507
2101 0.4610861
2102 0.9481342
2103 0.6234843
2104 0.6939636
2105 0.01044553
2106 0.4686853
2107 0.4166767
2108 0.1237954
2109 0.09449719
2110 0.1139645
2111 0.536345
2112 0.4735267
2113 0.1907885
2114 0.405487
2115 0.573844
2116 0.2561095
2117 0.8366942
2118 0.8017253
2119 0.307032
2120 0.1379224
2121 0.4394802
2122 0.4824594
2123 0.4544131
2124 0.4367583
2125 0.02627921
2126 0.6048397
2127 0.0617398
2128 0.5207085
2129 0.2968066
2130 0.6630449
2131 0.02166585
2132 0.09042448
2133 0.5061789
2134 0.6094054
2135 0.04654832
2136 0.02294076
2137 0.4081018
2138 0.8538284
2139 0.05649952
2140 0.9139141
2141 0.0358117
2142 0.6130057
2143 0.4215449
2144 0.426704
2145 0.02398966
2146 0.001750325
2147 0.9874749
2148 0.7946137
2149 0.6424374
2150 0.3840583
2151 0.4027447
2152 0.9475756
2153 0.6330001
2154 0.1856853
2155 0.4805245
2156 0.1173359
2157 0.1509589
2158 0.7122673
2159 0.7366184
2160 0.216687
2161 0.465942
2162 0.6341962
2163 0.3904884
2164 0.2087667
2165 0.4367951
2166 0.2899759
2167 0.5581993
2168 0.5617862
2169 0.4976938
2170 0.944722
2171 0.4588355
2172 0.005928174
2173 0.3128291
2174 0.1329763
2175 0.6564482
2176 0.1805254
2177 0.3741396
2178 0.6662248
2179 0.2565383
2180 0.09773449
2181 0.5871298
2182 0.03881054
2183 0.8737737
2184 0.6572162
2185 0.9892513
2186 0.9832243
2187 0.2420672
2188 0.07616983
2189 0.9771982
2190 0.09092496
2191 0.1514247
2192 0.3207889
2193 0.05813764
2194 0.5282764
2195 0.610252
2196 0.1748052
2197 0.3662654
2198 0.2543423
2199 0.7610887
2200 0.485373
2201 0.7301848
2202 0.07668414
2203 0.02084918
2204 0.0001617266
2205 0.1980121
2206 0.139581
2207 0.7038927
2208 0.58616
2209 0.4670452
2210 0.7950315
2211 0.3946107
2212 0.8983035
2213 0.6099754
2214 0.5870966
2215 0.008165832
2216 0.2128853
2217 0.6445267
2218 0.7957735
2219 0.7019847
2220 0.02509525
2221 0.2083378
2222 0.8219255
2223 0.4349303
2224 0.5179941
2225 0.2292118
2226 0.04853968
2227 0.2947937
2228 0.5822523
2229 0.5708096
2230 0.06781623
2231 0.340415
2232 0.4246543
2233 0.5627723
2234 0.03414675
2235 0.1007672
2236 0.00547634
2237 0.7572725
2238 0.181282
2239 0.5330387
2240 0.1072378
2241 0.1432259
2242 0.7372321
2243 0.3900581
2244 0.8384182
2245 0.5914025
2246 0.2524779
2247 0.03730458
2248 0.4979718
2249 0.6407824
2250 0.07526626
2251 0.05006731
2252 0.2930533
2253 0.1408623
2254 0.6525146
2255 0.6620676
2256 0.3376457
2257 0.2665672
2258 0.008638354
2259 0.435785
2260 0.07352596
2261 0.341455
2262 0.4733889
2263 0.6064235
2264 0.1783955
2265 0.03054239
2266 0.6081656
2267 0.9826928
2268 0.01432235
2269 0.06079665
2270 0.3891051
2271 0.6608287
2272 0.1617582
2273 0.01876736
2274 0.4970582
2275 0.5689109
2276 0.8313347
2277 0.8177427
2278 0.5694674
2279 0.9854999
2280 0.3855585
2281 0.3116188
2282 0.9135589
2283 0.1045132
2284 0.2439289
2285 0.5485935
2286 0.2376361
2287 0.157289
2288 0.2683051
2289 0.2451428
2290 0.1476427
2291 0.5250211
2292 0.6587841
2293 0.4660239
2294 0.6133879
2295 0.2982603
2296 0.6131662
2297 0.8011537
2298 0.6893978
2299 0.2745984
2300 0.1720158
2301 0.5470887
2302 0.6086924
2303 0.8664284
2304 0.2071315
2305 0.9460196
2306 0.9676827
2307 0.5749605
2308 0.8682672
2309 0.03596486
2310 0.633888
2311 0.7368713
2312 0.8924955
2313 0.9625232
2314 0.06685039
2315 0.3966968
2316 0.6087302
2317 0.4531975
2318 0.1370698
2319 0.9732051
2320 0.08758572
2321 0.8337945
2322 0.09059345
2323 0.9973293
2324 0.2009411
2325 0.1306662
2326 0.4429293
2327 0.113107
2328 0.5588253
2329 0.05133836
2330 0.007101809
2331 0.6575581
2332 0.8330734
2333 0.6878006
2334 0.4185244
2335 0.07232151
2336 0.3111551
2337 0.5307026
2338 0.6886672
2339 0.2782938
2340 0.1089662
2341 0.19334
2342 0.4155978
2343 0.1964909
2344 0.310774
2345 0.2989866
2346 0.3321876
2347 0.9302123
2348 0.3811268
2349 0.9936089
2350 0.01711647
2351 0.7660448
2352 0.9268084
2353 0.139329
2354 0.5099364
2355 0.8793367
2356 0.04314009
2357 0.8377621
2358 0.1363069
2359 0.1072212
2360 0.6222865
2361 0.7957303
2362 0.3050672
2363 0.1011962
2364 0.6686616
2365 0.9372465
2366 0.5253694
2367 0.3814867
2368 0.1456502
2369 0.00026062
2370 0.6453233
2371 0.4687505
2372 0.4311919
2373 0.3980729
2374 0.9938173
2375 0.9061535
2376 0.01526066
2377 0.6078587
2378 0.1957179
2379 0.4300482
2380 0.6037565
2381 0.6916024
2382 0.7906287
2383 0.2009768
2384 0.03714853
2385 0.6771884
2386 0.5171692
2387 0.7185766
2388 0.1688807
2389 0.532758
2390 0.7675137
2391 0.06244283
2392 0.02268925
2393 0.6526785
2394 0.6908529
2395 0.008364119
2396 0.750435
2397 0.0609477
2398 0.6102429
2399 0.1615775
2400 0.449592
2401 0.1909293
2402 0.4323155
2403 0.1504984
2404 0.49078
2405 0.781489
2406 0.4408825
2407 0.1264203
2408 0.6627689
2409 0.6438088
2410 0.1003021
2411 0.1797523
2412 0.3216585
2413 0.4340239
2414 0.8329649
2415 0.02140543
2416 0.2568573
2417 0.5300769
2418 0.8770897
2419 0.02065018
2420 0.09109474
2421 0.9042147
2422 0.4613105
2423 0.7639578
2424 0.5110061
2425 0.5256243
2426 0.2690416
2427 0.3417786
2428 0.9021276
2429 0.6444418
2430 0.1126407
2431 0.5209165
2432 0.4037369
2433 0.9738987
2434 0.6353493
2435 0.02550292
2436 0.8159516
2437 0.1709513
2438 0.2921802
2439 0.2301799
2440 0.5543725
2441 0.00694815
2442 0.6444445
2443 0.9252542
2444 0.735204
2445 0.00898799
2446 0.2873319
2447 0.04392467
2448 0.4607645
2449 0.008030769
2450 0.3570322
2451 0.1890029
2452 0.5994907
2453 0.2809761
2454 0.7153287
2455 0.2488898
2456 0.324601
2457 0.3125796
2458 0.9494809
2459 0.2085388
2460 0.7148937
2461 0.432867
2462 0.7097214
2463 0.5622769
2464 0.865628
2465 0.9954943
2466 0.6685205
2467 0.03354393
2468 0.7537574
2469 0.04448057
2470 0.5673263
2471 0.5167837
2472 0.8668674
2473 0.5253592
2474 0.5382385
2475 0.9975304
2476 0.4610028
2477 0.2186531
2478 0.06624909
2479 0.9595737
2480 0.858743
2481 0.9950661
2482 0.1551785
2483 0.562683
2484 0.08852183
2485 0.1551671
2486 0.1236827
2487 0.5232686
2488 0.8848639
2489 0.9370086
2490 0.6366186
2491 0.7026956
2492 0.760912
2493 0.7404021
2494 0.5328369
2495 0.5539686
2496 0.2151518
2497 0.1130857
2498 0.418929
2499 0.275014
2500 0.0227315
2501 0.7590658
2502 0.8870092
2503 0.2250663
2504 0.6895833
2505 0.1114539
2506 0.1238503
2507 0.7280279
2508 0.6702161
2509 0.7605776
2510 0.0616317
2511 0.920631
2512 0.1083674
2513 0.8535223
2514 0.3911153
2515 0.4444314
2516 0.3755012
2517 0.1025299
2518 0.5688239
2519 0.8007886
2520 0.9276803
2521 0.5864059
2522 0.8353788
2523 0.03788396
2524 0.02148012
2525 0.628105
2526 0.01372072
2527 0.7314182
2528 0.003626191
2529 0.5179282
2530 0.5240603
2531 0.4383022
2532 0.03598825
2533 0.7038899
2534 0.007808746
2535 0.6149234
2536 0.8437918
2537 0.5556494
2538 0.6876027
2539 0.3507362
2540 0.09750184
2541 0.3201058
2542 0.8740862
2543 0.7726039
2544 0.217019
2545 0.3462133
2546 0.4223506
2547 0.677754
2548 0.4977733
2549 0.6114552
2550 0.2260987
2551 0.485848
2552 0.754145
2553 0.2907172
2554 0.176184
2555 0.552521
2556 0.9714315
2557 0.5116437
2558 0.8054283
2559 0.9035561
2560 0.6413105
2561 0.9468169
2562 0.1659906
2563 0.6324452
2564 0.425648
2565 0.09173811
2566 0.2848612
2567 0.3962905
2568 0.1938034
2569 0.2355938
2570 0.2900566
2571 0.8503968
2572 0.9285243
2573 0.381656
2574 0.6363519
2575 0.1256164
2576 0.4608581
2577 0.9707578
2578 0.03159845
2579 0.4131508
2580 0.1767891
2581 0.4878782
2582 0.3070317
2583 0.5966264
2584 0.4006551
2585 0.8155865
2586 0.06436256
2587 0.2892864
2588 0.7048487
2589 0.5786729
2590 0.9637066
2591 0.291859
2592 0.1573158
2593 0.2148695
2594 0.1133511
2595 0.5219176
2596 0.2731889
2597 0.9076417
2598 0.01455744
2599 0.02899346
2600 0.8837269
2601 0.764042
2602 0.5547973
2603 0.8503296
2604 0.5356388
2605 0.8457005
2606 0.3105032
2607 0.4863132
2608 0.7741624
2609 0.7950293
2610 0.2202605
2611 0.1852196
2612 0.807519
2613 0.3820534
2614 0.6474798
2615 0.4854561
2616 0.4550475
2617 0.7890528
2618 0.4720493
2619 0.05987776
2620 0.5176392
2621 0.9668038
2622 0.489072
2623 0.1129886
2624 0.647699
2625 0.05679328
2626 0.002269896
2627 0.1993262
2628 0.4556314
2629 0.2578346
2630 0.3165496
2631 0.7287584
2632 0.486421
2633 0.6562516
2634 0.2748293
2635 0.8593545
2636 0.107298
2637 0.1635323
2638 0.458001
2639 0.691179
2640 0.5724807
2641 0.3989004
2642 0.7333721
2643 0.2284221
2644 0.6877837
2645 0.9498982
2646 0.4456206
2647 0.379688
2648 0.6743356
2649 0.6519917
2650 0.5252647
2651 0.8379758
2652 0.2134401
2653 0.3439057
2654 0.7292866
2655 0.6021715
2656 0.218277
2657 0.5834523
2658 0.6397182
2659 0.04177444
2660 0.9106057
2661 0.2302933
2662 0.3894146
2663 0.3631701
2664 0.05165976
2665 0.264218
2666 0.2642467
2667 0.7342033
2668 0.9048339
2669 0.6922358
2670 0.5796693
2671 0.3047314
2672 0.9107155
2673 0.4464505
2674 0.3945318
2675 0.003101262
2676 0.9725327
2677 0.445718
2678 0.6846442
2679 0.7263944
2680 0.1228013
2681 0.9811623
2682 0.7964586
2683 0.9279451
2684 0.5850337
2685 0.2312369
2686 0.2001074
2687 0.468185
2688 0.6003762
2689 0.1529649
2690 0.3156892
2691 0.04025671
2692 0.5045914
2693 0.2889102
2694 0.06684686
2695 0.9727695
2696 0.3506711
2697 0.9361871
2698 0.6311254
2699 0.76856
2700 0.7616509
2701 0.8047071
2702 0.673771
2703 0.6147405
2704 0.3354754
2705 0.8414432
2706 0.3474321
2707 0.2741936
2708 0.2063205
2709 0.6213257
2710 0.2567994
2711 0.06645266
2712 0.143042
2713 0.7848478
2714 0.0950846
2715 0.3373707
2716 0.7918047
2717 0.2865067
2718 0.3052282
2719 0.7311109
2720 0.3746027
2721 0.2985484
2722 0.4309863
2723 0.3075846
2724 0.03043517
2725 0.9993835
2726 0.100169
2727 0.330098
2728 0.9300175
2729 0.6864197
2730 0.9939219
2731 0.03761665
2732 0.5092682
2733 0.2373832
2734 0.09860653
2735 0.1762981
2736 0.2189966
2737 0.8382835
2738 0.6404674
2739 0.7630614
2740 0.5661379
2741 0.2540688
2742 0.1179529
2743 0.1495354
2744 0.2631796
2745 0.1339826
2746 0.4104511
2747 0.03811502
2748 0.9914188
2749 0.1187306
2750 0.2889128
2751 0.1134046
2752 0.05879764
2753 0.3885639
2754 0.9334187
2755 0.9309227
2756 0.09147471
2757 0.1494421
2758 0.4800057
2759 0.6057639
2760 0.4236847
2761 0.006746809
2762 0.8703786
2763 0.9113984
2764 0.982479
2765 0.07566577
2766 0.1888546
2767 0.5163616
2768 0.7483544
2769 0.2664136
2770 0.7243757
2771 0.05242694
2772 0.2452013
2773 0.5083847
2774 0.4008821
2775 0.5095468
2776 0.1497515
2777 0.2192181
2778 0.8651879
2779 0.100588
2780 0.2769344
2781 0.8607594
2782 0.7630288
2783 0.9919825
2784 0.06701677
2785 0.6438838
2786 0.02087528
2787 0.3854551
2788 0.7747242
2789 0.6205972
2790 0.1118384
2791 0.4381843
2792 0.2140554
2793 0.007332789
2794 0.08171473
2795 0.9872521
2796 0.9398231
2797 0.6849586
2798 0.1356018
2799 0.7306965
2800 0.3610062
2801 0.3965453
2802 0.1752527
2803 0.7318579
2804 0.03227741
2805 0.3354261
2806 0.3783017
2807 0.04116455
2808 0.2223782
2809 0.06391604
2810 0.2994003
2811 0.4075159
2812 0.02285299
2813 0.1288447
2814 0.8473631
2815 0.6041263
2816 0.05067748
2817 0.7454802
2818 0.4016291
2819 0.1708969
2820 0.6149178
2821 0.4509289
2822 0.1320041
2823 0.1011362
2824 0.1403621
2825 0.2381903
2826 0.7864831
2827 0.6847887
2828 0.0147813
2829 0.1784024
2830 0.07878428
2831 0.06352561
2832 0.13329
2833 0.7863663
2834 0.1936739
2835 0.58149
2836 0.4460412
2837 0.03397835
2838 0.08438652
2839 0.04640939
2840 0.9571358
2841 0.03129158
2842 0.8610549
2843 0.8627422
2844 0.9976629
2845 0.5939103
2846 0.7862433
2847 0.06602566
2848 0.004992171
2849 0.7541112
2850 0.5245897
2851 0.2195254
2852 0.6894551
2853 0.4684796
2854 0.5913275
2855 0.1446865
2856 0.06687105
2857 0.01758447
2858 0.3254089
2859 0.9003062
2860 0.01070731
2861 0.09861014
2862 0.3340897
2863 0.3106995
2864 0.2626742
2865 0.09700535
2866 0.01244696
2867 0.007059688
2868 0.09559308
2869 0.4832825
2870 0.01864171
2871 0.2660852
2872 0.3565
2873 0.96608
2874 0.4541044
2875 0.02499424
2876 0.6200716
2877 0.2445315
2878 0.1698649
2879 0.4062988
2880 0.3362632
2881 0.328425
2882 0.17633
2883 0.6871131
2884 0.6298017
2885 0.6102213
2886 0.02166017
2887 0.277914
2888 0.9991979
2889 0.6544159
2890 0.4006751
2891 0.3849139
2892 0.08773316
2893 0.568527
2894 0.5334087
2895 0.102105
2896 0.7229382
2897 0.9658933
2898 0.01867845
2899 0.3610224
2900 0.7254629
2901 0.3537481
2902 0.1743943
2903 0.1241023
2904 0.4129266
2905 0.07611862
2906 0.448468
2907 0.1019284
2908 0.8152804
2909 0.5473029
2910 0.5639467
2911 0.222351
2912 0.06291517
2913 0.9893348
2914 0.1854074
2915 0.7448112
2916 0.8772116
2917 0.1177287
2918 0.9205964
2919 0.8628243
2920 0.1048516
2921 0.8512079
2922 0.3345567
2923 0.218081
2924 0.02577692
2925 0.284659
2926 0.8267945
2927 0.0170966
2928 0.3287307
2929 0.6513942
2930 0.2625535
2931 0.9335871
2932 0.3555651
2933 0.2521384
2934 0.236034
2935 0.6238868
2936 0.5022238
2937 0.9958017
2938 0.2285417
2939 0.5894943
2940 0.8515202
2941 0.1694505
2942 0.7028592
2943 0.8879489
2944 0.9869505
2945 0.8816819
2946 0.3190353
2947 0.9730169
2948 0.546991
2949 0.7936491
2950 0.2073304
2951 0.2793226
2952 0.296706
2953 0.1362077
2954 0.1463245
2955 0.0244546
2956 0.8041998
2957 0.4120147
2958 0.02287973
2959 0.7052098
2960 0.0277748
2961 0.4798716
2962 0.4189732
2963 0.3617168
2964 0.9334988
2965 0.003620702
2966 0.07565958
2967 0.4582147
2968 0.1311627
2969 0.03114136
2970 0.9364279
2971 0.9067403
2972 0.6074574
2973 0.7116289
2974 0.7057174
2975 0.3031448
2976 0.6906445
2977 0.4646922
2978 0.6271074
2979 0.7432712
2980 0.1711145
2981 0.3653287
2982 0.7932825
2983 0.9912773
2984 0.731992
2985 0.2346056
2986 0.01646522
2987 0.7437955
2988 0.7789048
2989 0.001135695
2990 0.4300848
2991 0.5615068
2992 0.1364093
2993 0.1585969
2994 0.2241853
2995 0.3401584
2996 0.2912675
2997 0.582248
2998 0.2987723
2999 0.1196
3000 0.03511632
3001 0.008875791
3002 0.02942147
3003 0.02660694
3004 0.3825265
3005 0.6678763
3006 0.04338069
3007 0.3872471
3008 0.1573911
3009 0.1246135
3010 0.9101803
3011 0.9810924
3012 0.1380237
3013 0.9865602
3014 0.0481518
3015 0.9534221
3016 0.5311012
3017 0.06851401
3018 0.7489164
3019 0.7992929
3020 0.4275998
3021 0.2206988
3022 0.01476777
3023 0.9827695
3024 0.08070375
3025 0.2546421
3026 0.1210731
3027 0.4161719
3028 0.3071711
3029 0.6044524
3030 0.3317264
3031 0.03673043
3032 0.7402106
3033 0.8255981
3034 0.9917515
3035 0.02381093
3036 0.2943344
3037 0.04059742
3038 0.0002588003
3039 0.532883
3040 0.7662519
3041 0.7888677
3042 0.5395891
3043 0.2104128
3044 0.6715031
3045 0.4339342
3046 0.2853811
3047 0.3389935
3048 0.247526
3049 0.55637
3050 0.1153105
3051 0.006756603
3052 0.2061133
3053 0.3207487
3054 0.007260512
3055 0.7770711
3056 0.5124795
3057 0.6687477
3058 0.975752
3059 0.01488906
3060 0.9729016
3061 0.01668746
3062 0.01717908
3063 0.6378954
3064 0.8547228
3065 0.4718629
3066 0.8223469
3067 0.6827885
3068 0.6831599
3069 0.06992545
3070 0.1483794
3071 0.3241662
3072 0.8707367
3073 0.2359915
3074 0.5276621
3075 0.662938
3076 0.731275
3077 0.1824789
3078 0.3965499
3079 0.7244515
3080 0.4593026
3081 0.2565413
3082 0.4679094
3083 0.1642856
3084 0.8956457
3085 0.7784289
3086 0.6867666
3087 0.6301524
3088 0.8423052
3089 0.1433856
3090 0.6458648
3091 0.8984743
3092 0.3983822
3093 0.7648913
3094 0.4554665
3095 0.1463592
3096 0.8217415
3097 0.1394758
3098 0.6819575
3099 0.4798032
3100 0.7390105
3101 0.0002760579
3102 0.775954
3103 0.8850798
3104 0.3476269
3105 0.01221161
3106 0.3564568
3107 0.344043
3108 0.9395097
3109 0.9943354
3110 0.8296586
3111 0.7693149
3112 0.907631
3113 0.5018254
3114 0.2643501
3115 0.7977259
3116 0.4281999
3117 0.8896683
3118 0.6272841
3119 0.06202767
3120 0.5437431
3121 0.3430818
3122 0.3738927
3123 0.9639315
3124 0.6421386
3125 0.401235
3126 0.1523642
3127 0.3427703
3128 0.2225185
3129 0.4510015
3130 0.5001959
3131 0.4033476
3132 0.3851258
3133 0.1501332
3134 0.01981049
3135 0.2174432
3136 0.576024
3137 0.3131871
3138 0.4755586
3139 0.6158192
3140 0.9145362
3141 0.009208936
3142 0.0977743
3143 0.5682462
3144 0.5247204
3145 0.6973503
3146 0.2898031
3147 0.5788609
3148 0.8278514
3149 0.004550675
3150 0.1500541
3151 0.6248581
3152 0.7303039
3153 0.7597188
3154 0.211759
3155 0.7164219
3156 0.8726499
3157 0.2518982
3158 0.1342691
3159 0.001309191
3160 0.241255
3161 0.2951883
3162 0.9346089
3163 0.2151176
3164 0.2379575
3165 0.7519378
3166 0.9529685
3167 0.3340919
3168 0.3785273
3169 0.7215742
3170 0.9781101
3171 0.8635122
3172 0.4062706
3173 0.3632961
3174 0.07753461
3175 0.1006359
3176 0.7882229
3177 0.7815827
3178 0.9339647
3179 0.0877925
3180 0.194561
3181 0.3415668
3182 0.555938
3183 0.6531556
3184 0.165917
3185 0.08092019
3186 0.2744721
3187 0.9782998
3188 0.3127801
3189 0.7039758
3190 0.9062459
3191 0.5450966
3192 0.2842128
3193 0.6375381
3194 0.05055873
3195 0.8850565
3196 0.8074694
3197 0.001258072
3198 0.001786138
3199 0.5614792
3200 0.1271062
3201 0.6694909
3202 0.9257574
3203 0.4590573
3204 0.02839559
3205 0.2658461
3206 0.654977
3207 0.7867658
3208 0.7019501
3209 0.1640668
3210 0.5253045
3211 0.3761878
3212 0.9641215
3213 0.5129005
3214 0.3872913
3215 0.746923
3216 0.09569164
3217 0.01090012
3218 0.02723942
3219 0.1321354
3220 0.03371199
3221 0.02861879
3222 0.5140353
3223 0.8144359
3224 0.51226
3225 0.8837236
3226 0.6051954
3227 0.8563802
3228 0.5537018
3229 0.6402734
3230 0.1152874
3231 0.9750871
3232 0.08383202
3233 0.1440568
3234 0.597855
3235 0.5110278
3236 0.4675777
3237 0.3209502
3238 0.8015582
3239 0.2338287
3240 0.3807682
3241 0.2198706
3242 0.5776138
3243 0.06174918
3244 0.2471676
3245 0.617693
3246 0.8133377
3247 0.4940765
3248 0.1098891
3249 0.8649152
3250 0.9745363
3251 0.4858984
3252 0.1556052
3253 0.8988804
3254 0.001379438
3255 0.2916744
3256 0.8357783
3257 0.8959964
3258 0.8456244
3259 0.3084553
3260 0.3757559
3261 0.06891471
3262 0.404057
3263 0.9160743
3264 0.1110099
3265 0.0550906
3266 0.6389141
3267 0.9593732
3268 0.930648
3269 0.7724403
3270 0.180012
3271 0.5968956
3272 0.4263081
3273 0.2854294
3274 0.3046925
3275 0.4177319
3276 0.1625488
3277 0.008325552
3278 0.6914899
3279 0.8216981
3280 0.746404
3281 0.03007857
3282 0.9412978
3283 0.8231577
3284 0.1946275
3285 0.4256105
3286 0.8491887
3287 0.8065142
3288 0.5498371
3289 0.1170757
3290 0.2043031
3291 0.5020524
3292 0.6790834
3293 0.1732409
3294 0.2576151
3295 0.9343496
3296 0.2411701
3297 0.7046772
3298 0.7641183
3299 0.1925491
3300 0.02599715
3301 0.4408223
3302 0.161039
3303 0.6975223
3304 0.473303
3305 0.01281362
3306 0.2925873
3307 0.3977029
3308 0.5212044
3309 0.1038764
3310 0.6062662
3311 0.809014
3312 0.469856
3313 0.4993353
3314 0.1846064
3315 0.7217554
3316 0.9116635
3317 0.2460781
3318 0.4093609
3319 0.5404232
3320 0.7974767
3321 0.5288947
3322 0.1443157
3323 0.396358
3324 0.8186727
3325 0.03229
3326 0.8656379
3327 0.5574519
3328 0.1989524
3329 0.07493979
3330 0.04169453
3331 0.998447
3332 0.5964346
3333 0.2167644
3334 0.1361069
3335 0.630809
3336 0.4284012
3337 0.6086391
3338 0.5519245
3339 0.02286453
3340 0.3103249
3341 0.1355088
3342 0.5159952
3343 0.3474584
3344 0.3275911
3345 0.855239
3346 0.3263983
3347 0.1817542
3348 0.862862
3349 0.2862641
3350 0.006976704
3351 0.6306743
3352 0.2651834
3353 0.3812633
3354 0.3460497
3355 0.04205368
3356 0.1134212
3357 0.5642389
3358 0.1095633
3359 0.5671088
3360 0.9139967
3361 0.9507437
3362 0.9668017
3363 0.6809985
3364 0.4267571
3365 0.05151461
3366 0.3515512
3367 0.0122134
3368 0.8994839
3369 0.2737936
3370 0.4454407
3371 0.5930763
3372 0.7836252
3373 0.4032992
3374 0.6181929
3375 0.3145499
3376 0.8250062
3377 0.3415908
3378 0.07660278
3379 0.04201556
3380 0.2983509
3381 0.3696689
3382 0.1104452
3383 0.683234
3384 0.2864994
3385 0.04440521
3386 0.04273304
3387 0.02480141
3388 0.5254887
3389 0.7267492
3390 0.355962
3391 0.5067564
3392 0.7197307
3393 0.3922537
3394 0.009171484
3395 0.4012636
3396 0.002604827
3397 0.3134384
3398 0.4383069
3399 0.3231804
3400 0.9465568
3401 0.1017513
3402 0.4022453
3403 0.7149558
3404 0.6555896
3405 0.3338584
3406 0.1356528
3407 0.0863493
3408 0.7097908
3409 0.4849069
3410 0.1009843
3411 0.9012314
3412 0.6391256
3413 0.9879883
3414 0.5012456
3415 0.1510801
3416 0.2360861
3417 0.9990614
3418 0.1410646
3419 0.5776469
3420 0.1156409
3421 0.1099662
3422 0.9579248
3423 0.3148208
3424 0.6933297
3425 0.006347254
3426 0.3700262
3427 0.03419042
3428 0.3417194
3429 0.5750289
3430 0.6013896
3431 0.3590551
3432 0.144028
3433 0.05522898
3434 0.9758341
3435 0.5669285
3436 0.1546927
3437 0.1241932
3438 0.139805
3439 0.7689393
3440 0.5105155
3441 0.2494762
3442 0.8927533
3443 0.1635131
3444 0.4342492
3445 0.201154
3446 0.493604
3447 0.9058504
3448 0.6225436
3449 0.318379
3450 0.5211434
3451 0.4031678
3452 0.1191105
3453 0.9589306
3454 0.2050608
3455 0.7216691
3456 0.02777607
3457 0.8066166
3458 0.8040579
3459 0.360926
3460 0.02561395
3461 0.6026283
3462 0.004161801
3463 0.9004184
3464 0.3059626
3465 0.5478248
3466 0.1500439
3467 0.5766281
3468 0.4624429
3469 0.1428969
3470 0.06555301
3471 0.3289188
3472 0.6862436
3473 0.7155084
3474 0.8655752
3475 0.3351412
3476 0.02255404
3477 0.08697146
3478 0.5621881
3479 0.481211
3480 0.559845
3481 0.8531481
3482 0.2497061
3483 0.465244
3484 0.7943732
3485 0.6228065
3486 0.9665858
3487 0.004504771
3488 0.4006686
3489 0.01306198
3490 0.7867799
3491 0.7761144
3492 0.1506707
3493 0.004220354
3494 0.002727188
3495 0.1254707
3496 0.7268041
3497 0.7109206
3498 0.9755178
3499 0.2112342
3500 0.9720591
3501 0.5112897
3502 0.5742602
3503 0.9102755
3504 0.308831
3505 0.2544349
3506 0.1121976
3507 0.4684623
3508 0.8727797
3509 0.08685192
3510 0.4365655
3511 0.417385
3512 0.3144748
3513 0.5209923
3514 0.9002128
3515 0.06572169
3516 0.2362544
3517 0.4961999
3518 0.9973334
3519 0.9778733
3520 0.2433461
3521 0.1688424
3522 0.04060396
3523 0.6369177
3524 0.01215743
3525 0.7916691
3526 0.9059549
3527 0.1403247
3528 0.01958138
3529 0.08464125
3530 0.5740678
3531 0.293126
3532 0.9624709
3533 0.1783243
3534 0.06024556
3535 0.1567822
3536 0.3686183
3537 0.9020909
3538 0.3046266
3539 0.054189
3540 0.2538083
3541 0.2595242
3542 0.03342658
3543 0.9644002
3544 0.01847788
3545 0.6285289
3546 0.04262068
3547 0.6815047
3548 0.7573603
3549 0.05379227
3550 0.5091468
3551 0.09044008
3552 0.1619244
3553 0.5084196
3554 0.7287862
3555 0.4102478
3556 0.2019256
3557 0.319768
3558 0.2390575
3559 0.2701272
3560 0.7854891
3561 0.9169516
3562 0.006920604
3563 0.5635124
3564 0.8579562
3565 0.5335246
3566 0.5328013
3567 0.2462266
3568 0.9804489
3569 0.7420919
3570 0.353455
3571 0.7219898
3572 0.2257143
3573 0.6982117
3574 0.7511929
3575 0.4150585
3576 0.6366604
3577 0.02305006
3578 0.04744363
3579 0.01546438
3580 0.9439252
3581 0.3561862
3582 0.1836038
3583 0.593251
3584 0.6668993
3585 0.9892335
3586 0.5444667
3587 0.994846
3588 0.1310709
3589 0.9690687
3590 0.2149115
3591 0.8988023
3592 0.9190821
3593 0.5034629
3594 0.1227681
3595 0.1585282
3596 0.07918051
3597 0.9034588
3598 0.02886551
3599 0.03742655
3600 0.1137885
3601 0.02816033
3602 0.197157
3603 0.9803869
3604 0.8345854
3605 0.4238237
3606 0.5538098
3607 0.9978081
3608 0.9108723
3609 0.4719682
3610 0.7899668
3611 0.8422285
3612 0.5901164
3613 0.5644711
3614 0.4566674
3615 0.8073051
3616 0.4103475
3617 0.309013
3618 0.01624376
3619 0.7820623
3620 0.5344854
3621 0.2028071
3622 0.5781747
3623 0.1345173
3624 0.7311459
3625 0.4366417
3626 0.006836648
3627 0.2073069
3628 0.09818612
3629 0.01092333
3630 0.6442098
3631 0.515371
3632 0.001855382
3633 0.3485411
3634 0.1376721
3635 0.1273632
3636 0.8333035
3637 0.5236096
3638 0.1679189
3639 0.1116735
3640 0.9734767
3641 0.3060584
3642 0.4867371
3643 0.113665
3644 0.09295053
3645 0.6313522
3646 0.8277791
3647 0.6172013
3648 0.004339064
3649 0.3142558
3650 0.0122068
3651 0.505291
3652 0.6481891
3653 0.007847897
3654 0.6376382
3655 0.3977695
3656 0.2109987
3657 0.09427258
3658 0.003997471
3659 0.01179341
3660 0.5517182
3661 0.1286133
3662 0.3166014
3663 0.1253659
3664 0.3238919
3665 0.7712645
3666 0.2331441
3667 0.5076451
3668 0.9437221
3669 0.3740613
3670 0.5568406
3671 0.5109218
3672 0.9355234
3673 0.229051
3674 0.5019598
3675 0.9030097
3676 0.9486204
3677 0.03763132
3678 0.7608682
3679 0.9312905
3680 0.5809308
3681 0.04029353
3682 0.04100885
3683 0.8803916
3684 0.7858838
3685 0.04425157
3686 0.382625
3687 0.7361137
3688 0.2904867
3689 0.7667692
3690 0.641113
3691 0.4149561
3692 0.1055383
3693 0.7530347
3694 0.3356887
3695 0.7428781
3696 0.3575673
3697 0.5832796
3698 0.0308923
3699 0.1977876
3700 0.7868706
3701 0.7237547
3702 0.6539351
3703 0.5388582
3704 0.3701157
3705 6.195038e-06
3706 0.7329525
3707 0.7313336
3708 0.8356295
3709 0.3653628
3710 0.3995169
3711 0.2875044
3712 0.6696428
3713 0.1848962
3714 0.9683071
3715 0.281758
3716 0.9931035
3717 0.5294516
3718 0.4651431
3719 0.5672615
3720 0.3864114
3721 0.8089367
3722 0.5100179
3723 0.8752366
3724 0.3156547
3725 0.7055049
3726 0.868927
3727 0.5713459
3728 0.9052376
3729 0.5799465
3730 0.02402259
3731 0.4478957
3732 0.5468159
3733 0.1779498
3734 0.722887
3735 0.3489701
3736 0.3382621
3737 0.5564793
3738 0.3843313
3739 0.3547591
3740 0.8879629
3741 0.03475715
3742 0.01965492
3743 0.02176843
3744 0.1601971
3745 0.6928167
3746 0.4916038
3747 0.6609469
3748 0.6996926
3749 0.2249861
3750 0.04239082
3751 0.3110997
3752 0.07274794
3753 0.4107168
3754 0.8352111
3755 0.444548
3756 0.9778335
3757 0.7457961
3758 0.08330601
3759 0.3972545
3760 0.3980508
3761 0.2555431
3762 0.3330956
3763 0.07092328
3764 0.9188332
3765 0.1408029
3766 0.0827324
3767 0.4988048
3768 0.3561274
3769 0.3511671
3770 0.6244467
3771 0.08104788
3772 0.4435573
3773 0.765454
3774 0.9954316
3775 0.301135
3776 0.4253963
3777 0.8757757
3778 0.4346655
3779 0.04335303
3780 0.14378
3781 0.8481495
3782 0.6621091
3783 0.376214
3784 0.6585517
3785 0.9763866
3786 0.03841742
3787 0.6918238
3788 0.8930679
3789 0.832276
3790 0.4468226
3791 0.4708687
3792 0.6987045
3793 0.2712042
3794 0.9304017
3795 0.3021913
3796 0.02500602
3797 0.8118097
3798 0.09802482
3799 0.007308083
3800 0.2659163
3801 0.5868532
3802 0.3890078
3803 0.638544
3804 0.5137659
3805 0.1504469
3806 0.05615469
3807 0.4805081
3808 0.5053599
3809 0.8746117
3810 0.2442812
3811 0.9788864
3812 0.7773618
3813 0.6655192
3814 0.9785573
3815 0.1982303
3816 0.2507977
3817 0.5716473
3818 0.8730383
3819 0.4519822
3820 0.6737212
3821 0.09929451
3822 0.8647936
3823 0.8908168
3824 0.3759314
3825 0.1755916
3826 0.4486204
3827 0.1304601
3828 0.9516809
3829 0.2020036
3830 0.08437851
3831 0.1798353
3832 0.0439395
3833 0.59101
3834 0.0505723
3835 0.4830441
3836 0.5167436
3837 0.9554173
3838 0.06673054
3839 0.09141904
3840 0.4263085
3841 0.001330378
3842 0.7703293
3843 0.8012738
3844 0.7057525
3845 0.03401084
3846 0.6575509
3847 0.4293537
3848 0.684255
3849 0.4977714
3850 0.4672407
3851 0.08928021
3852 0.9975673
3853 0.6779729
3854 0.5540274
3855 0.717796
3856 0.9864917
3857 0.8332142
3858 0.2146969
3859 0.8613384
3860 0.1315683
3861 0.6250525
3862 0.3836589
3863 0.1097027
3864 0.6489826
3865 0.4724352
3866 0.2658231
3867 0.5128287
3868 0.7077375
3869 0.09568135
3870 0.3532513
3871 0.7011532
3872 0.5790677
3873 0.6568694
3874 0.4984916
3875 0.09360221
3876 0.7257333
3877 0.009798803
3878 0.5507693
3879 0.8204845
3880 0.4360981
3881 0.1141181
3882 0.05576216
3883 0.7633331
3884 0.233517
3885 0.2141563
3886 0.8814131
3887 0.4834919
3888 0.6649683
3889 0.532095
3890 0.01083289
3891 0.3167759
3892 0.005356756
3893 0.2805541
3894 0.6231894
3895 0.1842703
3896 0.3976419
3897 0.4758221
3898 0.01574279
3899 0.1242977
3900 0.5143709
3901 0.1279894
3902 0.6997699
3903 0.4656514
3904 0.3116235
3905 0.03206473
3906 0.4103748
3907 0.04132435
3908 0.6044699
3909 0.1775167
3910 0.3907418
3911 0.8878347
3912 0.05246044
3913 0.06868194
3914 0.3274515
3915 0.2547234
3916 0.2019738
3917 0.197393
3918 0.4497142
3919 0.7434146
3920 0.0029675
3921 0.1989556
3922 0.1432576
3923 0.3178131
3924 0.7843488
3925 0.643034
3926 0.8680978
3927 0.2510458
3928 0.3660204
3929 0.4743201
3930 0.3291458
3931 0.3301276
3932 0.8746786
3933 0.5393457
3934 0.6459876
3935 0.991607
3936 0.4051029
3937 0.5649929
3938 0.5904356
3939 0.2951336
3940 0.1377838
3941 0.2137504
3942 0.02573718
3943 0.3499157
3944 0.7641145
3945 0.04603357
3946 0.7505332
3947 0.6696624
3948 0.01721561
3949 0.2387591
3950 0.687108
3951 0.6056702
3952 0.8520954
3953 0.5121482
3954 0.7617039
3955 0.8273367
3956 0.2578984
3957 0.09133106
3958 0.05413357
3959 0.00140588
3960 0.1366811
3961 0.3015293
3962 0.04218049
3963 0.4814204
3964 0.671169
3965 0.1208897
3966 0.2271534
3967 0.1359775
3968 0.1549713
3969 0.1328348
3970 0.8971137
3971 0.4308809
3972 0.4184379
3973 0.7499283
3974 0.4594134
3975 0.1613268
3976 0.09310387
3977 0.05977319
3978 0.8090628
3979 0.4262851
3980 0.4355741
3981 0.9371621
3982 0.489537
3983 0.161419
3984 0.7186992
3985 0.3285054
3986 0.5329006
3987 0.7048151
3988 0.2696856
3989 0.5460777
3990 0.9735005
3991 0.9076509
3992 0.4033859
3993 0.9262108
3994 0.03676492
3995 0.6258385
3996 0.6834428
3997 0.4502273
3998 0.2083774
3999 0.250164
4000 0.3914776
4001 0.6782309
4002 0.4054859
4003 0.5596432
4004 0.925438
4005 0.2064566
4006 0.8845136
4007 0.3359011
4008 0.5378979
4009 0.005359676
4010 0.09758484
4011 0.9200509
4012 0.1044395
4013 0.5014653
4014 0.1088364
4015 0.3837972
4016 0.8820105
4017 0.9351333
4018 0.003308986
4019 0.7885221
4020 0.2880758
4021 0.561704
4022 0.9054983
4023 0.02504082
4024 0.3210237
4025 0.4033333
4026 0.3794926
4027 0.363164
4028 0.05334571
4029 0.1463142
4030 0.9995798
4031 0.8936513
4032 0.690011
4033 0.6511807
4034 0.881418
4035 0.5591351
4036 0.7362659
4037 0.5227006
4038 0.9958339
4039 0.07297422
4040 0.4344575
4041 0.01707512
4042 0.5634221
4043 0.02711653
4044 0.1965423
4045 0.7576206
4046 0.9696237
4047 0.8370855
4048 0.082517
4049 0.7795325
4050 0.136429
4051 0.8723671
4052 0.3923112
4053 0.862057
4054 0.7517627
4055 0.8487092
4056 0.9581082
4057 0.5137256
4058 0.6980411
4059 0.5279221
4060 0.5376742
4061 0.3906766
4062 0.03394689
4063 0.3122036
4064 0.6631487
4065 0.542993
4066 0.1909813
4067 0.5020887
4068 0.8343704
4069 0.09657937
4070 0.6072601
4071 0.7794029
4072 0.2157556
4073 0.9736771
4074 0.06271883
4075 0.9599727
4076 0.7148866
4077 0.8200732
4078 0.5432013
4079 0.7694927
4080 0.7013591
4081 0.9205361
4082 0.1260881
4083 0.947767
4084 0.01465887
4085 0.1949342
4086 0.7236914
4087 0.2820319
4088 0.3609388
4089 0.6388797
4090 0.02242543
4091 0.9510127
4092 0.208444
4093 0.358291
4094 0.2248091
4095 0.25648
4096 0.4151836
4097 0.4699667
4098 0.1953536
4099 0.2283172
4100 0.3564921
4101 0.6610204
4102 0.1869935
4103 0.6488427
4104 0.00815089
4105 0.2062515
4106 0.045274
4107 0.5593139
4108 0.06500877
4109 0.1975784
4110 0.7511641
4111 0.6618514
4112 0.8468956
4113 0.1048329
4114 0.7167448
4115 0.09934007
4116 0.2410102
4117 0.9373341
4118 0.1947295
4119 0.1701372
4120 0.06240531
4121 0.6567825
4122 0.711199
4123 0.5936684
4124 0.02634637
4125 0.08016729
4126 0.1126073
4127 0.2717893
4128 0.4525609
4129 0.7091373
4130 0.1545947
4131 0.9103311
4132 0.4019673
4133 0.6172482
4134 0.7214978
4135 0.6641517
4136 0.3533078
4137 0.4559694
4138 0.06322747
4139 0.8693997
4140 0.4368706
4141 0.9063567
4142 0.6573629
4143 0.3470039
4144 0.9161353
4145 0.453772
4146 0.09989115
4147 0.02518972
4148 0.6238261
4149 0.04921418
4150 0.1587632
4151 0.8221855
4152 0.6487839
4153 0.06251413
4154 0.6987802
4155 0.3440361
4156 0.6018784
4157 0.1295856
4158 0.9391828
4159 0.1522393
4160 0.4291153
4161 0.5627818
4162 0.03200147
4163 0.766512
4164 0.3210719
4165 0.2954707
4166 0.6951426
4167 0.4804585
4168 0.1207756
4169 0.1261703
4170 0.0443899
4171 0.3857235
4172 0.3474136
4173 0.2849337
4174 0.5349038
4175 0.9319125
4176 0.3174291
4177 0.8332803
4178 0.04225135
4179 0.9452354
4180 0.3741366
4181 0.3662804
4182 0.4594383
4183 0.8316907
4184 0.650836
4185 0.6148955
4186 0.9521266
4187 0.492491
4188 0.4416697
4189 0.5611681
4190 0.716513
4191 0.9522987
4192 0.6433261
4193 0.565153
4194 0.6441423
4195 0.07441114
4196 0.7038115
4197 0.8227796
4198 0.7772385
4199 0.1090239
4200 0.4631179
4201 0.1736793
4202 0.3645904
4203 0.8197166
4204 0.02683478
4205 0.1262012
4206 0.3303346
4207 0.8141365
4208 0.2359226
4209 0.6028495
4210 0.4207242
4211 0.2107339
4212 0.3379887
4213 0.7005566
4214 0.3516591
4215 0.435624
4216 0.00303739
4217 0.0003606325
4218 0.8446737
4219 0.102994
4220 0.6251622
4221 0.6789102
4222 0.6437786
4223 0.8005334
4224 0.4347225
4225 0.2610258
4226 0.0235868
4227 0.00907475
4228 0.03483266
4229 0.9887318
4230 0.4343611
4231 0.3727775
4232 0.8724823
4233 0.1310321
4234 0.8680872
4235 0.1320392
4236 0.2108915
4237 0.01887946
4238 0.7725307
4239 0.0142849
4240 0.03791737
4241 0.01049327
4242 0.9958602
4243 0.02956322
4244 0.8605409
4245 0.5878004
4246 0.06238205
4247 0.4343411
4248 0.690401
4249 0.6854905
4250 0.009594334
4251 0.5379658
4252 0.7279303
4253 0.04982179
4254 0.8265674
4255 0.05400274
4256 0.1540517
4257 0.5199978
4258 0.3655423
4259 0.7440431
4260 0.269366
4261 0.4262762
4262 0.8795413
4263 0.3132709
4264 0.2269324
4265 0.3911269
4266 0.9793939
4267 0.9059938
4268 0.5128946
4269 0.595438
4270 0.5632233
4271 0.7737287
4272 0.8679174
4273 0.8978811
4274 0.1228657
4275 0.7085577
4276 0.03330441
4277 0.2880298
4278 0.005690949
4279 0.2610732
4280 0.1301144
4281 0.4579259
4282 0.7453039
4283 0.4168644
4284 0.9927276
4285 0.6596902
4286 0.1934462
4287 0.5944097
4288 0.7396709
4289 0.0831641
4290 0.8450425
4291 0.1501806
4292 0.4956201
4293 0.3087126
4294 0.1647183
4295 0.3057089
4296 0.8728595
4297 0.8247628
4298 0.7448674
4299 0.6675666
4300 0.07031847
4301 0.2319441
4302 0.03003404
4303 0.8871026
4304 0.5654346
4305 0.01967622
4306 0.9684224
4307 0.1328605
4308 0.7072358
4309 0.3788728
4310 0.2631272
4311 0.94721
4312 0.2595949
4313 0.3662595
4314 0.5318547
4315 0.7289317
4316 0.3276136
4317 0.5694318
4318 0.3825055
4319 0.1019957
4320 0.0971197
4321 0.1415028
4322 0.5328871
4323 0.05171144
4324 0.4391384
4325 0.04301875
4326 0.6027023
4327 0.8658087
4328 0.08483628
4329 0.2170754
4330 0.75783
4331 0.9985435
4332 0.5493237
4333 0.395816
4334 0.05211198
4335 0.8465578
4336 0.3595053
4337 0.1152443
4338 0.4601213
4339 0.4602944
4340 0.1658148
4341 0.3029033
4342 0.8297711
4343 0.1689633
4344 0.2744754
4345 0.5164443
4346 0.5041986
4347 0.7669601
4348 0.8068372
4349 0.2362677
4350 0.5408433
4351 0.576811
4352 0.7657124
4353 0.3004899
4354 0.04352916
4355 0.9075024
4356 0.3772964
4357 0.1984943
4358 0.08181614
4359 0.000100392
4360 0.3153101
4361 0.1345308
4362 0.09895394
4363 0.9677104
4364 0.7058755
4365 0.228254
4366 0.07091718
4367 0.247296
4368 0.2553576
4369 0.5582779
4370 0.478721
4371 0.5696639
4372 0.8684274
4373 0.09194613
4374 0.4293311
4375 0.5677331
4376 0.6422589
4377 0.8482428
4378 0.5752392
4379 0.8728903
4380 0.4305685
4381 0.909384
4382 0.1682662
4383 0.7112126
4384 0.236778
4385 0.8586307
4386 0.6247333
4387 0.6181076
4388 0.6037746
4389 0.07152717
4390 0.09228803
4391 0.6235944
4392 0.2741299
4393 0.5338516
4394 0.2368725
4395 0.5824873
4396 0.1558131
4397 0.51209
4398 0.01568433
4399 0.1732995
4400 0.9690461
4401 0.2450806
4402 0.9230638
4403 0.2722049
4404 0.1738778
4405 0.8847249
4406 0.1826404
4407 0.9752784
4408 0.4671818
4409 0.5229773
4410 0.06996411
4411 0.08024965
4412 0.324588
4413 0.1493802
4414 0.1165895
4415 0.5055291
4416 0.0328324
4417 0.4596192
4418 0.5236162
4419 0.3013789
4420 0.3351897
4421 0.1161152
4422 0.01341901
4423 0.4278326
4424 0.6201204
4425 0.3766895
4426 0.4336171
4427 0.3430362
4428 0.5676262
4429 0.9714545
4430 0.1763127
4431 0.001025426
4432 0.688492
4433 0.06044289
4434 0.8150275
4435 0.2693199
4436 0.08395399
4437 0.470133
4438 0.04432969
4439 0.889921
4440 0.0298581
4441 0.2301432
4442 0.9062338
4443 0.1696425
4444 0.1401093
4445 0.6470265
4446 0.1417873
4447 0.5132137
4448 0.7707039
4449 0.5020772
4450 0.8653254
4451 0.7187371
4452 0.6833821
4453 0.7794742
4454 0.09001347
4455 0.7118982
4456 0.6980303
4457 0.5134207
4458 0.3352723
4459 0.1776908
4460 0.9526897
4461 0.2440688
4462 0.9989835
4463 0.3689649
4464 0.9388029
4465 0.6842537
4466 0.09949461
4467 0.4718988
4468 0.4982166
4469 0.6766934
4470 0.4023277
4471 0.897411
4472 0.2618505
4473 0.4194575
4474 0.5780305
4475 0.3282662
4476 0.02887619
4477 0.5781068
4478 0.4212236
4479 0.87044
4480 0.8322747
4481 0.6547528
4482 0.08020064
4483 0.6387209
4484 0.1420054
4485 0.2687203
4486 0.02477846
4487 0.5265346
4488 0.7643985
4489 0.07103249
4490 0.05780849
4491 0.6114802
4492 0.6546932
4493 0.1817641
4494 0.4006189
4495 0.3245192
4496 0.6228105
4497 0.01717695
4498 0.1440401
4499 0.2698711
4500 0.4988059
4501 0.8741774
4502 0.03547015
4503 0.4070432
4504 0.5247823
4505 0.9243193
4506 0.2046517
4507 0.1106599
4508 0.9531831
4509 0.5784621
4510 0.208834
4511 0.03605746
4512 0.01539698
4513 0.9315717
4514 0.07137942
4515 0.4613499
4516 0.2088902
4517 0.1290558
4518 0.9722256
4519 0.3732076
4520 0.3630674
4521 0.2664853
4522 0.4937148
4523 0.4205736
4524 0.1874702
4525 0.6675178
4526 0.4928416
4527 0.1680067
4528 0.5940489
4529 0.9419044
4530 0.9273076
4531 0.9251735
4532 0.6908724
4533 0.3151651
4534 0.2999307
4535 0.4640376
4536 0.2370044
4537 0.2963809
4538 0.5786498
4539 0.132315
4540 0.4942441
4541 0.1900993
4542 0.3232587
4543 0.4419894
4544 0.05725262
4545 0.3224612
4546 0.1465069
4547 0.5746346
4548 0.8136377
4549 0.6144944
4550 0.12016
4551 0.2213092
4552 0.3009434
4553 0.3989
4554 0.1811191
4555 0.2768264
4556 0.3836995
4557 0.5690299
4558 0.1171348
4559 0.3961119
4560 0.4549684
4561 0.1166084
4562 0.2255814
4563 0.6421166
4564 0.1076036
4565 0.07422765
4566 0.2572616
4567 0.004548846
4568 0.5207651
4569 0.2265034
4570 0.8916121
4571 0.9184522
4572 0.8813362
4573 0.9461245
4574 0.006116894
4575 0.2374944
4576 0.005138138
4577 0.5498712
4578 0.7470123
4579 0.3075544
4580 0.07779249
4581 0.1807803
4582 0.7343017
4583 0.3832506
4584 0.5409835
4585 0.535135
4586 0.1057754
4587 0.51009
4588 0.9194929
4589 0.2577615
4590 0.0003431894
4591 0.207884
4592 0.4395691
4593 0.691948
4594 0.5621737
4595 0.9208781
4596 0.5844488
4597 0.9237901
4598 0.6020523
4599 0.1909963
4600 0.001761748
4601 0.4342797
4602 0.9250576
4603 0.5077049
4604 0.1028667
4605 0.8531636
4606 0.1156993
4607 0.5879441
4608 0.4199348
4609 0.06172254
4610 0.5661982
4611 0.2220449
4612 0.6577889
4613 0.8220334
4614 0.2380096
4615 0.5485555
4616 0.4795573
4617 0.7071595
4618 0.5851493
4619 0.2996931
4620 0.2091979
4621 0.09431757
4622 0.4469499
4623 0.7012942
4624 0.1009766
4625 0.2463223
4626 0.9288819
4627 0.4374117
4628 0.4231102
4629 0.3156109
4630 0.4445879
4631 0.485241
4632 0.9368552
4633 0.6161175
4634 0.2390595
4635 0.2008341
4636 0.02003334
4637 0.8852568
4638 0.8038637
4639 0.7848778
4640 0.03157257
4641 0.9785759
4642 0.816969
4643 0.6757877
4644 0.02108658
4645 0.05422575
4646 0.04631783
4647 0.01136715
4648 0.01738666
4649 0.07573321
4650 0.8211612
4651 0.8092551
4652 0.647766
4653 0.8142965
4654 0.2685
4655 0.05359586
4656 0.8674719
4657 0.5685391
4658 0.6427955
4659 0.7074701
4660 0.0124252
4661 0.5375884
4662 0.743833
4663 0.372674
4664 0.5261342
4665 0.3167417
4666 0.8072598
4667 0.269719
4668 0.4677419
4669 0.5421185
4670 0.4360534
4671 0.717905
4672 0.6196312
4673 0.455085
4674 0.722931
4675 0.5230028
4676 0.7289958
4677 0.6452839
4678 0.4869708
4679 0.08385444
4680 0.4355734
4681 0.6617397
4682 0.01919019
4683 0.4387241
4684 0.04356628
4685 0.8377343
4686 0.4953648
4687 0.3248426
4688 0.3227676
4689 0.04667268
4690 0.528359
4691 0.9002013
4692 0.3107826
4693 0.2509448
4694 0.05795498
4695 0.151416
4696 0.134
4697 0.08999794
4698 0.1170626
4699 0.1174792
4700 0.6672813
4701 0.2523656
4702 0.2433415
4703 0.3031191
4704 0.5497929
4705 0.1041685
4706 0.640579
4707 0.7811881
4708 0.2698542
4709 0.5703429
4710 0.6888836
4711 0.9338294
4712 0.5143454
4713 0.9871005
4714 0.321548
4715 0.4341276
4716 0.3439689
4717 0.9105101
4718 0.8604923
4719 0.5255192
4720 0.2021946
4721 0.5773412
4722 0.3497518
4723 0.2393298
4724 0.7162335
4725 0.1337382
4726 0.003817694
4727 0.9187489
4728 0.1203876
4729 0.4922488
4730 0.5206386
4731 0.2605233
4732 0.4225414
4733 0.04269026
4734 0.4268672
4735 0.6307324
4736 0.3269629
4737 4.057838e-05
4738 0.1636585
4739 0.7669819
4740 0.0150212
4741 0.8744708
4742 0.1952953
4743 0.7469251
4744 0.516392
4745 0.4073703
4746 0.4909479
4747 0.7038957
4748 0.896657
4749 0.4525465
4750 0.3852299
4751 0.8577029
4752 0.1344372
4753 0.5888783
4754 0.5479297
4755 0.7422366
4756 0.626936
4757 0.580591
4758 0.146196
4759 0.2077907
4760 0.04547061
4761 0.5619842
4762 0.09174533
4763 0.241723
4764 0.079643
4765 0.07108427
4766 0.06559354
4767 0.6277943
4768 0.05418834
4769 0.2631175
4770 0.1133783
4771 0.8527676
4772 0.1533361
4773 0.01934857
4774 0.8453597
4775 0.560062
4776 0.4609763
4777 0.9014313
4778 0.00620871
4779 0.8501628
4780 0.4167572
4781 0.1698426
4782 0.3702106
4783 0.7731042
4784 0.3614657
4785 0.6541096
4786 0.9906297
4787 0.003378622
4788 0.9598245
4789 0.4091285
4790 0.3725893
4791 0.3047613
4792 0.7975705
4793 0.2049923
4794 0.5601071
4795 0.7401275
4796 0.701568
4797 0.0493171
4798 0.9441199
4799 0.4679249
4800 0.851578
4801 0.3984768
4802 0.6903346
4803 0.6101627
4804 0.5861515
4805 0.1652951
4806 0.8553151
4807 0.2658853
4808 0.2679302
4809 0.4432018
4810 0.3834378
4811 0.6706202
4812 0.003915306
4813 0.9107674
4814 0.003231533
4815 0.7897151
4816 0.1675548
4817 0.86158
4818 0.1086533
4819 0.7072679
4820 0.6046307
4821 0.8930976
4822 0.3863349
4823 0.2627524
4824 0.08489011
4825 0.985502
4826 0.04139724
4827 0.1123622
4828 0.1830939
4829 0.1334291
4830 0.09139942
4831 0.9254383
4832 0.2838274
4833 0.4196859
4834 0.1394482
4835 0.236283
4836 0.9053171
4837 0.3600483
4838 0.3564782
4839 0.5544662
4840 0.346546
4841 0.9067572
4842 0.4001516
4843 0.1585331
4844 0.4546252
4845 0.2037392
4846 0.9518519
4847 0.5153823
4848 0.6990433
4849 0.4172534
4850 0.111648
4851 0.7230011
4852 0.2504829
4853 0.1949074
4854 0.2601705
4855 0.7977876
4856 0.4418367
4857 0.07762747
4858 0.4108472
4859 0.1656026
4860 0.4222474
4861 0.8266234
4862 0.3765554
4863 0.09260866
4864 0.1291171
4865 0.757005
4866 0.1809482
4867 0.8369748
4868 0.3499976
4869 0.6400465
4870 0.1917513
4871 0.2998964
4872 0.7390374
4873 0.3320918
4874 0.2568417
4875 0.4670995
4876 0.5876519
4877 0.09910995
4878 0.9328882
4879 0.694168
4880 0.5179119
4881 0.1587083
4882 0.3904176
4883 0.3915292
4884 0.8509192
4885 0.07328477
4886 0.8566851
4887 0.3276241
4888 0.2948497
4889 0.3723468
4890 0.6617516
4891 0.3697111
4892 0.7055494
4893 0.3972673
4894 0.9882566
4895 0.2154715
4896 0.7272797
4897 0.1856968
4898 0.1102901
4899 0.5917489
4900 0.509202
4901 0.4857115
4902 0.6935818
4903 0.3086164
4904 0.4002978
4905 0.1985219
4906 0.6892709
4907 0.08803759
4908 0.2004444
4909 0.3986804
4910 0.02855454
4911 0.7911971
4912 0.2303089
4913 0.1135353
4914 0.007640869
4915 0.6705599
4916 0.6320868
4917 0.2382805
4918 0.04506646
4919 0.2664382
4920 0.5857276
4921 0.9033619
4922 0.4441537
4923 0.01214941
4924 0.5532143
4925 0.1053993
4926 0.3891818
4927 0.8377651
4928 0.3524043
4929 0.05266193
4930 0.9404997
4931 0.08761426
4932 0.9540076
4933 0.3280103
4934 0.9210373
4935 0.4058353
4936 0.8010436
4937 0.8947849
4938 0.1560385
4939 0.7116885
4940 0.07535278
4941 0.09661641
4942 0.07403167
4943 0.5639591
4944 0.7807255
4945 0.4756066
4946 0.0699288
4947 0.606067
4948 0.7317797
4949 0.2720726
4950 0.5810174
4951 0.5970929
4952 0.0224894
4953 0.6299858
4954 0.5631668
4955 0.02891831
4956 0.13118
4957 0.5342374
4958 0.4214142
4959 0.1129788
4960 0.7847319
4961 0.5423437
4962 0.01970384
4963 0.1241442
4964 0.103155
4965 0.7496946
4966 0.01613594
4967 0.5033816
4968 0.1186391
4969 0.1071736
4970 0.07540315
4971 0.3548464
4972 0.005297877
4973 0.5770621
4974 0.8959701
4975 0.2886775
4976 0.6859726
4977 0.211648
4978 0.2729315
4979 0.192404
4980 0.3718848
4981 0.3299581
4982 0.5387937
4983 0.4952774
4984 0.6531886
4985 0.615714
4986 0.8698189
4987 0.4717543
4988 0.8702877
4989 0.03527848
4990 0.6346204
4991 0.3867559
4992 0.3344599
4993 0.8950973
4994 0.3720003
4995 0.7118084
4996 0.4219544
4997 0.9461446
4998 0.3248105
4999 0.6115842
5000 0.005023775
