1 0.9393395
2 0.0003194853
3 0.0001891187
4 0.01754117
5 1.087908e-05
6 0.0002543314
7 0.9288329
8 0.0005446201
9 0.3307214
10 2.880685e-05
11 2.725774e-05
12 0.00103023
13 1.644175e-06
14 6.061922e-05
15 0.008625614
16 0.3133836
17 0.0008317672
18 4.706103e-05
19 3.029452e-05
20 0.0001628225
21 0.0001212641
22 0.0001454365
23 0.04950193
24 1.936964e-06
25 0.0007522746
26 0.0003974955
27 2.560739e-05
28 6.634035e-06
29 0.00366169
30 0.0006258097
31 2.273568e-05
32 2.896111e-06
33 0.02526186
34 0.001530211
35 0.7755538
36 0.2142932
37 0.0004651061
38 0.5089885
39 0.0001718636
40 0.1581514
41 0.102239
42 0.001963889
43 0.1144258
44 0.001640334
45 0.0009742692
46 0.0004300166
47 0.063154
48 4.604466e-06
49 6.577019e-05
50 0.006147419
51 0.01581524
52 0.004901768
53 0.0006301395
54 0.8461894
55 0.002748733
56 0.0004806952
57 0.005404114
58 0.146738
59 0.9212191
60 0.0005362134
61 0.004180205
62 8.232794e-06
63 0.01066726
64 0.2106699
65 3.215752e-06
66 0.1256739
67 8.12181e-05
68 0.0002677673
69 5.888694e-06
70 0.2903476
71 1.637662e-05
72 0.0005003505
73 0.3082665
74 4.499868e-06
75 1.368499e-05
76 0.8490199
77 2.344373e-05
78 5.353088e-06
79 0.0005979673
80 0.005583172
81 1.125971e-05
82 4.68608e-05
83 0.0368204
84 8.278825e-05
85 0.0022204
86 4.610851e-06
87 2.160277e-05
88 0.02291773
89 0.0002609274
90 0.002805043
91 0.0006720727
92 0.0001616923
93 0.006058257
94 3.281575e-07
95 1.52629e-06
96 0.8564729
97 0.10228
98 0.115009
99 0.000524839
100 0.0009291828
101 1.988732e-05
102 1.124505e-05
103 0.508955
104 0.08291236
105 4.122155e-05
106 0.0001713669
107 2.565513e-06
108 0.009640226
109 0.0002203193
110 0.05307154
111 0.0001970556
112 0.00400845
113 6.900092e-05
114 0.1941216
115 0.07465139
116 0.0002791162
117 0.0003745984
118 0.00094488
119 0.0008835583
120 0.00399557
121 0.5656896
122 7.853058e-06
123 0.0002995725
124 0.3292066
125 0.0009086779
126 0.003160205
127 0.1044592
128 2.471503e-06
129 0.8795879
130 9.492936e-06
131 0.1392266
132 3.017889e-05
133 0.0247498
134 0.0004441854
135 0.2785202
136 0.0002161351
137 0.002723367
138 0.2432644
139 0.1187714
140 0.0001502053
141 0.0002038044
142 2.71614e-05
143 6.003617e-06
144 0.01607872
145 0.0002197973
146 0.0004164235
147 0.000170516
148 0.0003001902
149 0.03221824
150 1.874054e-05
151 0.0002297718
152 2.712783e-05
153 0.00146544
154 7.317488e-06
155 1.145492e-06
156 9.846617e-06
157 3.686709e-05
158 1.130928e-06
159 1.651449e-05
160 0.1817255
161 0.000752844
162 0.000731911
163 0.1772635
164 0.02755311
165 0.001675623
166 0.02176552
167 0.0235351
168 1.676448e-06
169 2.822697e-06
170 0.000226929
171 0.0006639122
172 0.0004870543
173 0.000439924
174 0.0005345006
175 6.331257e-06
176 0.002162596
177 0.00280742
178 1.724051e-05
179 0.8349664
180 0.3128778
181 0.000101025
182 0.003892582
183 1.105718e-05
184 2.337797e-05
185 0.0001653419
186 0.001318928
187 0.008825442
188 2.423186e-05
189 0.1589772
190 0.00216776
191 3.27133e-05
192 9.853212e-06
193 0.1042028
194 0.001121712
195 1.843481e-05
196 0.004346048
197 9.961279e-06
198 4.494141e-06
199 7.054898e-06
200 0.0008775066
201 0.05360799
202 1.122191e-05
203 2.065072e-05
204 0.002270045
205 8.780471e-05
206 0.6866367
207 1.573338e-05
208 0.003052122
209 0.01734859
210 0.001547342
211 0.9200889
212 0.0010295
213 0.0002612334
214 2.559193e-05
215 0.0008053907
216 0.05121129
217 4.076991e-05
218 5.722875e-06
219 0.08646262
220 0.0003100921
221 0.004638686
222 0.01929073
223 0.0003818381
224 0.1488296
225 0.0007054498
226 0.03030522
227 0.0002430651
228 7.342459e-06
229 0.0005935821
230 9.308946e-05
231 0.0259248
232 0.8478811
233 1.144921e-05
234 7.890888e-06
235 1.13134e-05
236 8.846554e-06
237 0.002417385
238 0.0001339751
239 0.000185722
240 2.993503e-06
241 0.001468011
242 0.000222001
243 0.06967893
244 0.001177793
245 0.002829667
246 1.904418e-05
247 1.467996e-06
248 0.000200855
249 1.375663e-05
250 0.9619355
251 0.0009869227
252 1.206481e-05
253 0.0003830855
254 0.001123411
255 0.0005262921
256 0.0002370197
257 2.663693e-05
258 0.04291211
259 0.0009629205
260 0.003443662
261 6.29787e-06
262 0.0001677666
263 0.03084159
264 0.0002129852
265 7.994171e-05
266 0.0005792972
267 0.08481184
268 1.077374e-05
269 1.32994e-05
270 0.0006598079
271 0.0002092947
272 4.82184e-06
273 2.281048e-05
274 0.04383709
275 0.01109064
276 0.7779936
277 0.07878169
278 0.1873721
279 8.474323e-06
280 2.781163e-05
281 1.773919e-05
282 0.04530485
283 0.0001412995
284 0.0004664302
285 0.0002649241
286 0.001572381
287 0.9245684
288 0.0003315756
289 0.001542971
290 0.0106952
291 0.0003922438
292 0.0003342894
293 1.837375e-05
294 0.03304411
295 0.03251783
296 7.56114e-05
297 0.07536116
298 5.169949e-06
299 8.529219e-06
300 0.1285748
301 0.09689268
302 0.001125165
303 2.345284e-06
304 0.0002493233
305 0.01032743
306 0.000293143
307 0.02784355
308 0.0004126067
309 0.01178393
310 0.001584296
311 9.454017e-05
312 0.3343915
313 0.0001777002
314 0.1439448
315 0.3843009
316 0.05113005
317 0.02574528
318 0.01384458
319 4.585103e-05
320 0.003398957
321 0.0001688776
322 0.004362275
323 0.001235802
324 3.546817e-05
325 0.0003475345
326 0.0004970844
327 0.1398617
328 0.5334107
329 0.0001066668
330 5.332027e-06
331 1.085955e-05
332 0.003559826
333 0.009346641
334 0.0003794315
335 0.1945525
336 0.001022913
337 0.0003846965
338 0.007789163
339 6.633852e-05
340 0.300864
341 0.006252714
342 0.09320634
343 0.1666446
344 1.894854e-05
345 0.000650313
346 0.0004292516
347 0.00858853
348 8.281788e-05
349 1.06806e-05
350 0.02089239
351 9.717591e-05
352 1.526532e-05
353 2.618234e-07
354 0.001569443
355 2.266163e-05
356 0.721515
357 0.0004837287
358 5.880509e-06
359 0.0003816348
360 0.0001506363
361 0.06807752
362 0.0001502705
363 0.09774835
364 0.004300254
365 1.39424e-05
366 1.22587e-05
367 0.0002364163
368 0.199208
369 0.009509872
370 0.0247332
371 0.01329977
372 3.725712e-06
373 0.003475708
374 0.04523867
375 1.676664e-05
376 0.0005990895
377 2.526055e-05
378 4.796661e-06
379 0.0003211688
380 0.01822091
381 0.04889964
382 2.614193e-05
383 0.0002527149
384 2.198912e-05
385 0.03189345
386 0.005905705
387 2.753801e-06
388 0.0005794875
389 0.00197856
390 0.0001734896
391 0.0002712724
392 0.5284635
393 1.719949e-05
394 4.024599e-06
395 0.00903003
396 0.007102041
397 0.0001747575
398 7.437891e-06
399 0.0005281986
400 0.007514678
401 0.0001364023
402 0.567355
403 4.155493e-06
404 3.562859e-06
405 1.884389e-05
406 0.4183442
407 0.003968654
408 1.382966e-05
409 0.1270597
410 0.000461043
411 0.0004486259
412 0.03995823
413 0.001318628
414 0.5129682
415 0.06212457
416 0.0001431948
417 1.307508e-05
418 0.002521452
419 1.128636e-05
420 3.476592e-05
421 0.01689289
422 2.227611e-05
423 2.482415e-05
424 0.000286168
425 0.971417
426 8.056925e-05
427 1.664565e-05
428 0.01084983
429 8.68638e-06
430 0.0004808576
431 6.664748e-06
432 0.002271118
433 7.081196e-06
434 0.01382237
435 0.115965
436 0.005351268
437 0.0006991528
438 6.626453e-07
439 0.001331228
440 0.001546378
441 0.8452807
442 0.07014515
443 0.000296277
444 2.487312e-05
445 0.009714765
446 8.378741e-06
447 4.085099e-05
448 7.525228e-05
449 0.2182705
450 0.3761112
451 0.0001269037
452 0.000791636
453 0.7691101
454 0.0001555648
455 0.386402
456 1.151567e-05
457 8.205364e-05
458 1.428052e-06
459 3.84962e-06
460 0.0002508331
461 5.416192e-05
462 4.362137e-05
463 0.01834082
464 0.0001719183
465 0.04103463
466 0.0007309159
467 6.00218e-06
468 0.4115669
469 0.1415283
470 1.744922e-05
471 0.01086171
472 0.02831561
473 3.140602e-06
474 0.001271611
475 0.03774049
476 0.7999285
477 1.627282e-05
478 6.761636e-06
479 4.060593e-06
480 0.07255105
481 3.030211e-06
482 1.252699e-05
483 0.0003417306
484 0.198326
485 8.044695e-05
486 1.142954e-06
487 0.0008179636
488 0.0002617559
489 0.0004166831
490 0.4963537
491 0.7899385
492 0.0004824816
493 0.0005682657
494 9.498839e-05
495 0.0005420072
496 7.240234e-05
497 1.296247e-05
498 5.700508e-06
499 0.001472566
500 0.52788
501 0.00180327
502 0.08268204
503 0.1772697
504 0.000429478
505 0.3021344
506 0.04476711
507 0.1454645
508 0.0003765519
509 8.727611e-05
510 0.06385453
511 9.235457e-06
512 0.0006910512
513 0.001112187
514 7.974341e-05
515 0.001428786
516 0.002711265
517 0.02324343
518 0.0002057117
519 7.570793e-07
520 7.053829e-06
521 0.01787267
522 1.054576e-05
523 9.145515e-05
524 1.146184e-06
525 8.589729e-06
526 0.008756634
527 6.947004e-06
528 0.001515674
529 0.6102962
530 0.0004371787
531 8.77584e-05
532 0.005725348
533 0.2545903
534 0.001027346
535 0.01033483
536 0.0003431873
537 0.001817987
538 1.400194e-05
539 5.698528e-07
540 0.0005905307
541 0.0001311012
542 3.347959e-06
543 0.3407996
544 0.0002198191
545 0.2138138
546 1.039022e-05
547 0.2053844
548 0.02388428
549 0.2468154
550 0.0003901143
551 0.2061532
552 6.043372e-06
553 0.9738313
554 0.0002598933
555 0.3446193
556 5.762974e-06
557 0.6897777
558 0.0002753481
559 0.8816474
560 0.000170199
561 0.0002519179
562 0.8834232
563 1.192742e-05
564 0.0002179109
565 9.881106e-06
566 0.5690579
567 0.00086646
568 0.0002105124
569 6.499531e-07
570 0.0002052221
571 0.3305808
572 1.206431e-05
573 0.0007591984
574 0.0001950269
575 8.141085e-06
576 0.001612788
577 0.005042389
578 0.01691119
579 0.5308568
580 0.007055915
581 0.0001185228
582 0.00181085
583 0.0012067
584 0.0007433292
585 1.636183e-05
586 0.04065837
587 0.6224892
588 0.007006127
589 0.2006696
590 1.640307e-05
591 0.09490951
592 0.3387249
593 1.278499e-06
594 0.3517196
595 0.0001915445
596 0.0006576521
597 0.1101506
598 0.0002066746
599 0.5728807
600 0.05372738
601 1.535361e-05
602 0.0004709856
603 1.401876e-05
604 5.557927e-05
605 1.168465e-05
606 2.756494e-07
607 0.9985686
608 0.01107589
609 0.0914315
610 0.01321949
611 0.05839954
612 0.0003383137
613 0.1132466
614 0.1308586
615 0.000194488
616 0.5595453
617 9.02934e-06
618 4.948526e-07
619 0.0004555511
620 0.0003994872
621 0.4550426
622 0.000113584
623 0.1890723
624 3.126569e-05
625 0.08009944
626 1.557737e-05
627 0.0003617854
628 0.004112906
629 0.0002091345
630 0.002291929
631 0.07962318
632 0.001054384
633 0.2056605
634 0.01563119
635 0.003542001
636 0.2505726
637 0.09065629
638 0.440598
639 0.06802515
640 0.0005306707
641 0.1686366
642 0.08796697
643 0.0001310845
644 0.03493212
645 7.825004e-06
646 0.006361916
647 5.339219e-06
648 0.005402281
649 6.807818e-05
650 1.244255e-05
651 0.001423708
652 2.116193e-05
653 0.001060011
654 0.0002749682
655 8.270102e-06
656 0.0002001819
657 0.3858253
658 0.2996355
659 0.004148399
660 1.659836e-05
661 0.007687499
662 0.0002971437
663 0.7859015
664 0.005628567
665 0.001229447
666 0.01769897
667 0.0007585586
668 0.007077935
669 0.000375326
670 1.844048e-05
671 0.02530088
672 0.0002573364
673 0.005120708
674 5.767768e-06
675 0.0002989047
676 1.233654e-05
677 0.3189239
678 0.1330543
679 0.0006921343
680 0.00107263
681 0.06524005
682 0.002632497
683 0.0005467763
684 0.0004865247
685 1.91126e-06
686 0.000347585
687 0.1069367
688 0.0008045554
689 0.007078893
690 0.003505287
691 0.001284149
692 7.347719e-06
693 0.009042096
694 0.002445585
695 0.000951644
696 7.462333e-06
697 0.0001065601
698 3.362298e-05
699 0.0001420557
700 0.0004383265
701 8.745112e-06
702 3.392899e-05
703 0.2091817
704 0.117518
705 3.317039e-05
706 3.918465e-05
707 0.1165904
708 0.0002980583
709 0.0007260243
710 0.8353197
711 2.464936e-06
712 0.0003305163
713 4.044862e-05
714 3.292641e-06
715 0.0007817905
716 0.03108837
717 0.00255007
718 0.01612409
719 0.7508021
720 0.03665665
721 0.03244016
722 0.2414196
723 0.007959725
724 0.05569672
725 0.003434421
726 0.000132725
727 5.962921e-06
728 4.131275e-05
729 0.01957775
730 0.0007468461
731 0.0009453218
732 0.8066401
733 0.0003396663
734 0.1413171
735 7.785058e-06
736 0.08086384
737 0.0002625523
738 1.094647e-05
739 0.002210033
740 0.1155518
741 0.00036398
742 9.502896e-06
743 0.1310325
744 0.1026593
745 0.03346859
746 0.005050176
747 0.07084725
748 0.0001156164
749 0.0001397271
750 0.003489
751 1.797603e-06
752 1.6593e-05
753 0.003376057
754 0.02488641
755 0.04510815
756 0.007051517
757 0.0001750036
758 2.101466e-07
759 0.005953959
760 0.02526582
761 0.003662889
762 0.001701556
763 7.368987e-05
764 0.00153579
765 7.914375e-06
766 1.411854e-05
767 0.0007566266
768 0.0006622454
769 0.001284427
770 0.0008373624
771 0.0003597122
772 8.912922e-06
773 0.4828645
774 0.000113942
775 0.000510275
776 9.668578e-06
777 0.1887692
778 0.01505159
779 0.001549063
780 0.02048223
781 1.033906e-05
782 0.00362166
783 0.001369957
784 0.4394435
785 5.731001e-05
786 0.03618609
787 0.0002829433
788 0.03782255
789 5.604519e-06
790 9.958729e-05
791 0.02309857
792 6.537232e-05
793 1.605997e-05
794 0.0001123509
795 0.1500593
796 2.522968e-06
797 2.55447e-05
798 0.001962465
799 0.04817208
800 0.04024479
801 0.03556936
802 0.04002011
803 0.0008785287
804 0.0007297522
805 0.01996419
806 8.075713e-05
807 4.759563e-06
808 0.2368259
809 0.0004963204
810 0.002649927
811 0.2617821
812 6.428858e-06
813 0.009459357
814 0.001081659
815 4.746507e-06
816 0.6966645
817 0.0002517777
818 4.984943e-06
819 0.006927239
820 0.0004138057
821 0.02084202
822 0.0005033434
823 0.003449074
824 0.2755514
825 1.568948e-06
826 4.737974e-05
827 0.5320637
828 3.004344e-06
829 2.653308e-05
830 3.195404e-06
831 0.0001067611
832 2.339126e-05
833 0.006467843
834 0.04836375
835 2.221708e-05
836 0.003435787
837 0.02202192
838 8.633254e-06
839 1.843761e-06
840 1.03755e-06
841 1.590179e-05
842 0.002408819
843 0.997571
844 8.732232e-06
845 0.02109549
846 0.0001628955
847 0.0274196
848 1.481299e-05
849 0.0002681775
850 0.0007601024
851 1.954755e-05
852 0.0003081422
853 1.498639e-06
854 3.042126e-05
855 3.161664e-05
856 0.0006545296
857 2.526977e-05
858 2.103659e-05
859 0.0146423
860 0.0003616749
861 0.7959595
862 0.08873367
863 0.009161502
864 1.273206e-05
865 2.695385e-05
866 0.08078763
867 3.9633e-06
868 9.947383e-06
869 0.3283391
870 0.001307277
871 0.002307688
872 0.01268309
873 0.002485563
874 0.1409491
875 7.432113e-06
876 0.4790495
877 0.0003003043
878 0.135927
879 0.9103962
880 1.992213e-05
881 0.0004573532
882 0.01802101
883 4.573652e-05
884 1.505708e-06
885 0.0007958431
886 0.1152627
887 5.383186e-06
888 1.940886e-05
889 0.0004297197
890 0.0002559999
891 0.0004214202
892 0.3461198
893 0.002428373
894 0.004581001
895 0.1692252
896 0.03071639
897 0.0004608525
898 0.03895574
899 2.005844e-05
900 0.9399428
901 0.8893811
902 3.739144e-06
903 3.802191e-05
904 0.01706136
905 0.02873156
906 7.622742e-06
907 8.377393e-05
908 8.627402e-06
909 0.006333198
910 0.15596
911 0.00105197
912 0.06670321
913 0.2175727
914 1.404935e-06
915 0.1827722
916 3.08477e-05
917 0.00112695
918 7.395114e-05
919 7.938826e-06
920 0.03207898
921 0.7694868
922 0.3369238
923 0.01114718
924 0.9629203
925 0.0001671472
926 0.0008640738
927 0.03874791
928 0.03990631
929 0.005349766
930 0.3770497
931 0.02441365
932 0.01363352
933 0.001584613
934 0.1032743
935 7.134366e-05
936 0.0008163519
937 2.739343e-05
938 0.001728845
939 0.07365509
940 0.0006995829
941 2.38944e-06
942 9.482841e-07
943 0.3779029
944 0.0001838145
945 0.04222342
946 0.1896696
947 0.002386904
948 0.3884329
949 0.006736345
950 0.01131383
951 0.001223457
952 0.0004407556
953 0.0002409324
954 0.0003027399
955 0.0001474539
956 3.821377e-05
957 1.172945e-05
958 3.811933e-06
959 0.002386262
960 6.049002e-05
961 4.524435e-06
962 0.0001631414
963 1.184645e-06
964 0.960564
965 9.658419e-05
966 0.02295525
967 0.002647815
968 0.0001832215
969 4.486454e-05
970 0.0001227467
971 1.672416e-05
972 5.464352e-06
973 0.2642735
974 0.0001398507
975 0.09387683
976 0.02813213
977 0.003813206
978 0.02323482
979 0.4327868
980 0.0123043
981 0.008853111
982 0.0006781474
983 0.0001098444
984 0.0001674071
985 0.0009941079
986 0.000425231
987 0.008399384
988 4.5227e-06
989 0.7873142
990 5.48217e-06
991 0.0067005
992 0.03840026
993 0.0005318869
994 0.0001564793
995 9.600511e-05
996 0.0007124197
997 0.0003262345
998 0.0002096173
999 0.150119
1000 0.001523784
1001 5.615692e-07
1002 0.0002529947
1003 0.4123131
1004 0.6459172
1005 0.03410632
1006 0.0006585478
1007 0.0008963574
1008 0.009284923
1009 0.0004531487
1010 0.02125443
1011 0.7925591
1012 0.0005563537
1013 0.007603367
1014 0.001407922
1015 0.0003745051
1016 0.5804375
1017 0.04257446
1018 0.009710464
1019 0.007670589
1020 0.03770133
1021 0.000246153
1022 0.9855551
1023 0.0151799
1024 0.0004640325
1025 0.06937601
1026 0.9028211
1027 3.28927e-05
1028 0.001435033
1029 0.008506554
1030 5.120885e-06
1031 0.2719116
1032 1.539257e-05
1033 3.525189e-06
1034 0.06425445
1035 0.0003138671
1036 0.0004946248
1037 3.791577e-05
1038 1.663835e-05
1039 0.001693346
1040 0.0001905657
1041 0.0002146225
1042 0.1799067
1043 0.00828491
1044 1.705754e-05
1045 0.0001709362
1046 0.0006322357
1047 0.0009260114
1048 0.0005447639
1049 2.081102e-06
1050 1.207e-05
1051 0.0002566714
1052 0.01055121
1053 2.169506e-05
1054 0.02812338
1055 1.631301e-06
1056 0.004515482
1057 0.0003912302
1058 8.823591e-05
1059 6.402905e-06
1060 0.0132534
1061 0.3947232
1062 0.01094256
1063 0.004195327
1064 0.001194017
1065 0.009348342
1066 4.980043e-05
1067 2.117215e-05
1068 0.0001996068
1069 0.0002448081
1070 0.008036521
1071 0.004995195
1072 0.0001252016
1073 0.0001756819
1074 0.002207197
1075 0.002986551
1076 0.004747247
1077 0.06847266
1078 3.188893e-05
1079 0.0002741079
1080 0.00537675
1081 5.525009e-07
1082 0.09834617
1083 0.0001975663
1084 1.166931e-05
1085 0.0002275825
1086 0.0009439995
1087 0.1298706
1088 0.008956135
1089 0.1622412
1090 0.01875593
1091 1.600555e-06
1092 1.395255e-06
1093 3.315566e-05
1094 0.02018155
1095 0.9621684
1096 0.0001379258
1097 5.415344e-05
1098 0.0003237657
1099 0.0004160907
1100 0.9803385
1101 0.0008551642
1102 8.24133e-06
1103 0.006467679
1104 0.7526705
1105 0.3902731
1106 0.1273261
1107 9.32322e-05
1108 1.669021e-05
1109 9.211707e-06
1110 0.001666846
1111 0.004438591
1112 0.0004098579
1113 3.094667e-06
1114 7.219077e-06
1115 0.0002156212
1116 7.500511e-06
1117 5.279437e-08
1118 0.001428249
1119 0.0002417586
1120 0.007236358
1121 0.02822436
1122 0.000432952
1123 0.01463903
1124 0.0004101376
1125 0.01984278
1126 0.3163644
1127 4.243485e-06
1128 1.733418e-06
1129 0.1436694
1130 2.143048e-06
1131 0.6010164
1132 0.0003764251
1133 0.02514427
1134 2.312344e-05
1135 0.2394649
1136 0.000863381
1137 0.0008853189
1138 0.2976998
1139 4.964271e-07
1140 0.0003061312
1141 0.003935473
1142 0.001201535
1143 0.000175109
1144 1.704404e-05
1145 0.0006967752
1146 0.6564505
1147 0.05301335
1148 0.001418565
1149 0.001774728
1150 0.0008077663
1151 2.696486e-06
1152 0.001014214
1153 0.4070659
1154 0.008134101
1155 1.352228e-05
1156 0.0007862978
1157 0.004623087
1158 9.609043e-06
1159 2.585698e-06
1160 3.972719e-05
1161 0.008461939
1162 0.01992255
1163 0.01869556
1164 0.02353588
1165 1.768787e-05
1166 0.0008841509
1167 6.51312e-07
1168 0.003906942
1169 0.0005346036
1170 0.0002444542
1171 0.2203434
1172 0.9868568
1173 0.009144413
1174 0.00181199
1175 0.0003271766
1176 7.048177e-06
1177 0.0002695807
1178 0.00053586
1179 0.001544124
1180 0.8943684
1181 0.002908404
1182 5.279203e-06
1183 3.902478e-06
1184 0.0002884256
1185 0.009801645
1186 8.510322e-05
1187 0.9016419
1188 6.153939e-05
1189 0.3509295
1190 0.2477953
1191 0.0001875241
1192 0.0002349091
1193 0.000125408
1194 0.8048378
1195 0.01147898
1196 0.0004618432
1197 0.02467117
1198 0.04560491
1199 0.01368189
1200 1.404865e-05
1201 0.005210666
1202 0.03688254
1203 0.4765264
1204 0.01663975
1205 0.0001162251
1206 0.0005603159
1207 5.993864e-08
1208 0.0155902
1209 1.883426e-05
1210 0.1321979
1211 0.9732264
1212 0.001474716
1213 0.002817663
1214 0.002371824
1215 0.1291149
1216 0.003971533
1217 2.370937e-07
1218 1.210095e-06
1219 0.003512955
1220 0.1238272
1221 0.04461864
1222 0.5023165
1223 3.744159e-05
1224 6.967756e-07
1225 0.02885931
1226 3.585235e-05
1227 0.9442714
1228 2.401925e-06
1229 0.003016177
1230 1.700685e-05
1231 0.001413148
1232 0.4218072
1233 0.005605092
1234 0.0001205249
1235 0.0006137369
1236 0.1188293
1237 0.003032077
1238 0.005039499
1239 0.0001223655
1240 4.973367e-05
1241 0.0789186
1242 0.1111223
1243 0.009594211
1244 0.3583035
1245 0.0004743916
1246 0.7151582
1247 9.474971e-06
1248 6.859621e-06
1249 0.003497786
1250 0.8013293
1251 0.001100187
1252 0.6383193
1253 9.581093e-05
1254 0.0001330578
1255 0.0006762124
1256 0.1473484
1257 0.5819979
1258 0.003663556
1259 0.001944846
1260 6.788453e-05
1261 0.001648026
1262 1.412063e-05
1263 0.9253912
1264 0.1275476
1265 0.1232913
1266 0.3407638
1267 0.01467129
1268 0.1224159
1269 0.0002058514
1270 0.001927158
1271 0.1648152
1272 0.0001791329
1273 0.001108655
1274 0.0002245637
1275 8.523621e-06
1276 2.976537e-06
1277 3.152949e-05
1278 0.05303773
1279 0.001145245
1280 1.159768e-05
1281 0.4218029
1282 0.1245676
1283 1.752139e-06
1284 0.002211701
1285 4.953847e-06
1286 0.000219428
1287 8.197643e-05
1288 0.006329538
1289 0.0006831353
1290 1.571804e-05
1291 0.193451
1292 0.001630711
1293 4.512514e-05
1294 5.046216e-05
1295 0.0005163411
1296 0.005598008
1297 1.143448e-05
1298 1.143459e-06
1299 9.011821e-06
1300 0.6356468
1301 0.01181015
1302 0.4733446
1303 0.0005257337
1304 0.0004716834
1305 0.01410676
1306 0.0005759103
1307 0.01743932
1308 1.04647e-05
1309 0.8477145
1310 0.0001758362
1311 0.007919148
1312 0.001438386
1313 0.02391767
1314 0.5614534
1315 0.441318
1316 0.0003448867
1317 0.04289253
1318 0.008794649
1319 0.01189144
1320 0.01089701
1321 8.813788e-06
1322 6.914451e-05
1323 2.725188e-05
1324 0.004312612
1325 3.76769e-06
1326 0.07141174
1327 0.4220647
1328 0.0002279658
1329 0.0002047502
1330 0.002207461
1331 0.004859063
1332 0.001816627
1333 0.00134567
1334 0.0006940657
1335 0.0003631399
1336 0.008878452
1337 0.1261003
1338 0.2068738
1339 0.02162876
1340 0.0007179487
1341 9.323834e-06
1342 0.001867291
1343 0.01061904
1344 7.301781e-05
1345 0.000138059
1346 0.0002087047
1347 5.073076e-05
1348 4.256159e-06
1349 0.0003185909
1350 1.643743e-05
1351 0.2676215
1352 0.0002773785
1353 0.003148002
1354 0.1147713
1355 0.00105593
1356 4.940642e-06
1357 0.1841336
1358 0.003288303
1359 0.2837087
1360 1.1559e-05
1361 0.1453731
1362 1.360004e-05
1363 0.9516006
1364 0.0002820221
1365 2.201645e-05
1366 4.646281e-05
1367 0.0350421
1368 0.9018631
1369 0.003846867
1370 5.468313e-05
1371 0.001468099
1372 0.5929911
1373 0.3361325
1374 0.02787534
1375 0.0002096404
1376 0.05677704
1377 0.001217144
1378 0.371479
1379 2.574425e-05
1380 0.02022518
1381 1.209543e-05
1382 0.003692152
1383 0.004174624
1384 0.00301827
1385 0.0001224957
1386 5.994967e-06
1387 0.2551427
1388 1.020978e-05
1389 0.0001202845
1390 0.0006097894
1391 0.0002166766
1392 4.047192e-06
1393 0.001712408
1394 0.0002051552
1395 0.08918313
1396 0.08735083
1397 8.230789e-05
1398 2.173348e-06
1399 0.001764258
1400 0.2023333
1401 0.4950846
1402 0.01672356
1403 0.008914869
1404 0.0006989989
1405 0.005534845
1406 2.042674e-05
1407 2.345408e-06
1408 2.018644e-05
1409 0.0007997476
1410 1.214598e-05
1411 0.01737477
1412 0.006379524
1413 1.675502e-05
1414 0.9294119
1415 0.0006955863
1416 0.0009658689
1417 0.9208165
1418 0.7202062
1419 0.02160963
1420 0.3111715
1421 0.0003144823
1422 1.138615e-05
1423 0.01434124
1424 0.472472
1425 0.04864991
1426 4.444834e-05
1427 0.04550345
1428 2.563059e-05
1429 0.002314966
1430 7.623185e-06
1431 0.4380075
1432 8.180077e-06
1433 0.0006925566
1434 0.0003364623
1435 0.002600784
1436 2.287826e-05
1437 1.979415e-06
1438 4.32184e-06
1439 0.08380568
1440 0.000661698
1441 3.121629e-05
1442 0.2054392
1443 0.9841351
1444 0.008461851
1445 0.1046082
1446 1.126234e-05
1447 0.0004127176
1448 0.008517066
1449 7.722499e-05
1450 0.0002848525
1451 0.0008239226
1452 6.681378e-06
1453 0.5745279
1454 1.556636e-05
1455 0.0008303808
1456 0.01647688
1457 1.442031e-05
1458 5.676241e-06
1459 0.001312322
1460 6.393438e-05
1461 0.0001952211
1462 0.09416228
1463 0.0207289
1464 2.370248e-06
1465 0.2478741
1466 0.3746407
1467 0.001266404
1468 9.978303e-06
1469 3.000417e-05
1470 1.212452e-06
1471 0.4191093
1472 0.0002037962
1473 0.1545079
1474 6.534508e-06
1475 0.003462973
1476 0.002065274
1477 0.0003173714
1478 3.614403e-05
1479 0.0002259635
1480 0.01095805
1481 0.0001899884
1482 5.0238e-06
1483 2.385538e-05
1484 0.0001884036
1485 0.2327423
1486 0.7370848
1487 0.003815611
1488 0.0002613528
1489 1.073192e-05
1490 0.001975568
1491 0.002031608
1492 0.6817851
1493 0.0002310596
1494 0.01510686
1495 0.003409107
1496 4.31704e-06
1497 0.03077729
1498 0.0001111892
1499 0.0002278145
1500 4.569995e-07
1501 1.368162e-05
1502 1.320196e-05
1503 3.060044e-05
1504 0.09522659
1505 0.008271717
1506 0.0007962459
1507 0.006777183
1508 8.698955e-05
1509 4.959549e-05
1510 0.000160457
1511 4.942206e-06
1512 0.03330748
1513 0.004515375
1514 0.0005499508
1515 2.288651e-05
1516 0.1299837
1517 0.0001673302
1518 0.01559185
1519 0.001507514
1520 3.320352e-07
1521 0.0001284717
1522 3.442646e-05
1523 6.393513e-06
1524 0.2280683
1525 0.2559501
1526 0.0003250978
1527 0.0001901673
1528 7.377778e-06
1529 2.443275e-06
1530 0.0396136
1531 0.001626934
1532 0.1582084
1533 6.433071e-06
1534 0.9111423
1535 0.008442245
1536 1.015588e-06
1537 0.001670958
1538 8.394163e-05
1539 0.006603843
1540 3.364163e-05
1541 0.0007791201
1542 0.001179901
1543 1.884173e-05
1544 0.06470081
1545 0.0003620361
1546 0.001159435
1547 1.895313e-06
1548 0.002721043
1549 0.002480451
1550 0.0001431571
1551 0.0002861391
1552 1.42734e-05
1553 0.0003818727
1554 0.6992452
1555 0.06049166
1556 5.311472e-05
1557 8.834092e-05
1558 0.01059815
1559 0.005970455
1560 0.1783605
1561 0.001121469
1562 0.0003705523
1563 1.71633e-05
1564 0.522562
1565 0.0005360663
1566 0.0001797968
1567 0.9202265
1568 3.175052e-05
1569 4.897839e-06
1570 0.004475492
1571 2.013446e-05
1572 1.233985e-06
1573 0.2941041
1574 3.513835e-05
1575 0.0001330703
1576 9.820109e-05
1577 6.874507e-07
1578 0.056228
1579 0.01639554
1580 0.0002965083
1581 0.03924685
1582 3.870419e-05
1583 0.3894611
1584 7.318819e-06
1585 0.0001613584
1586 0.001071331
1587 0.7058146
1588 0.0001226047
1589 1.542062e-05
1590 0.0001424764
1591 0.9197927
1592 0.005588771
1593 0.000364947
1594 0.0002835021
1595 1.023676e-05
1596 0.00206849
1597 7.993556e-06
1598 0.02545695
1599 0.008845893
1600 0.005908289
1601 0.07215765
1602 0.02441253
1603 0.003647984
1604 0.2176396
1605 0.03346383
1606 0.7923723
1607 8.117821e-06
1608 0.0001880078
1609 0.202376
1610 0.0005526084
1611 0.03458703
1612 0.8688782
1613 0.005622182
1614 0.00196757
1615 0.0007271538
1616 0.0002020083
1617 0.009847005
1618 0.003176943
1619 2.525601e-05
1620 0.04628079
1621 0.002909282
1622 3.357745e-05
1623 0.0001367842
1624 0.004475359
1625 0.0003717128
1626 0.0001908366
1627 0.0002418973
1628 0.9552601
1629 0.005517105
1630 4.124514e-05
1631 0.008222155
1632 0.000476909
1633 0.0007870937
1634 0.03723672
1635 0.01351082
1636 0.0004522273
1637 0.9153928
1638 0.0003499875
1639 8.289272e-07
1640 0.629259
1641 0.001148662
1642 0.009907305
1643 0.8149
1644 0.122791
1645 1.089002e-05
1646 5.947205e-05
1647 3.871276e-05
1648 0.0003069278
1649 0.004608762
1650 7.419417e-06
1651 0.0008326625
1652 0.0002092456
1653 0.002189742
1654 0.0003646649
1655 0.05723805
1656 4.2004e-06
1657 0.0006372829
1658 0.001574437
1659 1.488954e-05
1660 0.00789325
1661 2.6139e-07
1662 1.935767e-05
1663 0.04569557
1664 0.1265084
1665 0.0009074592
1666 0.02221044
1667 1.727617e-05
1668 0.001811831
1669 0.0001174037
1670 0.4636482
1671 0.0705837
1672 0.0003633346
1673 0.4936041
1674 2.567386e-06
1675 0.000747948
1676 0.00018239
1677 0.09605425
1678 0.001033738
1679 4.458051e-05
1680 1.372078e-05
1681 9.633009e-07
1682 5.206477e-06
1683 0.001363301
1684 7.915149e-06
1685 0.1550191
1686 8.907532e-06
1687 1.377803e-05
1688 0.001559899
1689 0.001752848
1690 3.453947e-05
1691 0.6455331
1692 0.0001695214
1693 0.0006716592
1694 0.0001842859
1695 0.05306133
1696 1.47965e-05
1697 0.00018893
1698 0.0009079727
1699 0.0006291998
1700 0.2655412
1701 2.513663e-06
1702 9.999126e-06
1703 0.001139883
1704 0.2057194
1705 0.4635185
1706 1.154408e-05
1707 2.711297e-06
1708 2.458475e-06
1709 0.0006714528
1710 0.0002543375
1711 0.002171162
1712 0.1372595
1713 1.465031e-06
1714 9.518778e-06
1715 0.0004891956
1716 0.1824263
1717 4.024575e-07
1718 7.071573e-06
1719 3.482412e-06
1720 0.02054365
1721 0.1583743
1722 0.0001791997
1723 0.02441054
1724 0.01965734
1725 0.0005104889
1726 0.01268057
1727 4.598532e-06
1728 5.926501e-06
1729 0.7507157
1730 1.840616e-06
1731 0.1930587
1732 0.08299783
1733 0.0004678286
1734 0.002165508
1735 4.919591e-06
1736 0.537025
1737 0.002098878
1738 0.0001990177
1739 0.005254358
1740 0.138121
1741 3.803186e-05
1742 0.005445975
1743 0.007689613
1744 9.692204e-06
1745 2.261579e-05
1746 0.0002840522
1747 0.000247383
1748 0.0005363442
1749 0.1854718
1750 9.192678e-06
1751 0.07141858
1752 0.0004399394
1753 0.0001664838
1754 8.583268e-05
1755 0.1876314
1756 0.008745378
1757 0.0001136921
1758 0.4276685
1759 0.004871717
1760 0.2269701
1761 5.238825e-06
1762 0.05880063
1763 0.0001746052
1764 0.1918659
1765 1.332634e-05
1766 0.2409433
1767 0.003753851
1768 0.1297236
1769 0.05034025
1770 1.484721e-05
1771 9.387556e-06
1772 2.113803e-05
1773 0.004601955
1774 0.0001893741
1775 0.0006554079
1776 3.054594e-06
1777 2.785985e-05
1778 0.0007701146
1779 1.126543e-05
1780 0.393272
1781 0.01905571
1782 0.07202147
1783 0.07418572
1784 0.0002353049
1785 0.2744868
1786 0.0002342962
1787 0.06174569
1788 6.270453e-06
1789 0.3396824
1790 7.294997e-06
1791 0.2132751
1792 0.0004395219
1793 1.097674e-05
1794 3.151608e-05
1795 0.0001460145
1796 0.3776404
1797 0.06123408
1798 0.04987213
1799 0.143439
1800 1.233106e-05
1801 0.0008928851
1802 0.00124262
1803 0.0001212142
1804 0.0001907691
1805 0.00013475
1806 0.0003262003
1807 6.416378e-06
1808 0.2044092
1809 0.009011204
1810 0.0995354
1811 0.0001636352
1812 0.001286587
1813 0.00159176
1814 0.0003549231
1815 0.01329433
1816 0.09476118
1817 0.0005659642
1818 0.005145732
1819 0.0009215042
1820 0.01729004
1821 0.00221132
1822 2.243122e-05
1823 2.767541e-06
1824 6.012908e-06
1825 0.0238741
1826 0.7900928
1827 0.00278787
1828 0.0004317702
1829 0.0002291036
1830 0.001406683
1831 5.994158e-06
1832 0.0001464474
1833 0.002451079
1834 0.04112124
1835 2.838914e-06
1836 0.0001507684
1837 2.998653e-06
1838 9.96007e-05
1839 0.0007394458
1840 7.157999e-06
1841 0.01882166
1842 2.074124e-05
1843 0.06220779
1844 7.139076e-06
1845 1.316627e-05
1846 0.000414401
1847 0.0005440214
1848 0.0007937163
1849 0.07732818
1850 0.001868108
1851 0.001724248
1852 0.4832705
1853 0.2542949
1854 0.0002846823
1855 1.779897e-05
1856 4.640708e-05
1857 1.995081e-05
1858 0.0001610816
1859 0.04850017
1860 0.9197674
1861 0.4943837
1862 2.652858e-05
1863 0.5558647
1864 0.0001332094
1865 0.02374647
1866 9.701613e-06
1867 0.001077083
1868 0.03073035
1869 1.902053e-05
1870 0.006354328
1871 0.008487042
1872 1.810079e-06
1873 0.2603407
1874 0.0005123556
1875 0.0001126489
1876 4.095343e-05
1877 0.0005762839
1878 1.410422e-05
1879 1.520171e-05
1880 0.09316998
1881 1.049958e-05
1882 0.01219509
1883 0.00312714
1884 0.003420869
1885 2.668048e-05
1886 0.003461127
1887 0.001765251
1888 0.0003230669
1889 0.0002692143
1890 0.2187855
1891 0.008826263
1892 0.000365744
1893 1.233834e-05
1894 0.002577873
1895 0.001658859
1896 0.001143747
1897 0.01159785
1898 0.5509151
1899 6.922833e-05
1900 0.0002868282
1901 0.03037508
1902 8.220695e-05
1903 0.1902718
1904 3.886042e-06
1905 0.003073406
1906 0.001639107
1907 5.693334e-05
1908 0.0008739143
1909 2.482733e-06
1910 0.4779271
1911 0.003125516
1912 0.19571
1913 5.690794e-06
1914 0.001037838
1915 0.07735722
1916 0.2841312
1917 2.104352e-05
1918 0.0003213072
1919 0.01637006
1920 0.2108868
1921 0.01248708
1922 0.01047913
1923 0.0532318
1924 0.009030326
1925 0.001293876
1926 0.0001475101
1927 0.1374682
1928 0.001700429
1929 5.159366e-05
1930 0.02599584
1931 0.0002837005
1932 0.0001347467
1933 0.001855463
1934 0.001183111
1935 0.101179
1936 0.07402886
1937 0.3315348
1938 0.7389668
1939 4.005598e-05
1940 5.018951e-06
1941 2.86206e-05
1942 0.006218854
1943 0.1343207
1944 0.008076998
1945 0.001377149
1946 2.247395e-05
1947 0.000149844
1948 0.01893505
1949 0.6703496
1950 0.001662041
1951 4.056457e-06
1952 2.095261e-06
1953 0.7183573
1954 0.01232066
1955 6.797588e-07
1956 0.1380944
1957 0.0006427729
1958 0.0003690261
1959 0.001302552
1960 5.23138e-06
1961 0.008753465
1962 0.0006911353
1963 0.0008533142
1964 0.02771638
1965 0.0002317796
1966 9.956192e-05
1967 1.6002e-06
1968 8.262298e-06
1969 2.278795e-05
1970 0.0008641856
1971 7.245007e-05
1972 1.822444e-05
1973 0.7331277
1974 0.9888764
1975 0.0002683836
1976 0.0001219904
1977 0.215664
1978 0.0002824153
1979 0.0001845665
1980 0.0004817102
1981 0.0007181667
1982 1.047046e-05
1983 0.003630394
1984 0.2259719
1985 0.1301628
1986 8.286421e-05
1987 7.19868e-06
1988 0.0004848727
1989 0.0005649809
1990 0.0300203
1991 0.02340692
1992 0.003996129
1993 0.352081
1994 0.05600369
1995 0.0506698
1996 1.681084e-05
1997 0.01955243
1998 0.533441
1999 0.001486105
2000 0.0002337519
2001 0.0003647135
2002 1.220038e-05
2003 0.0001531414
2004 0.0001957168
2005 0.02413036
2006 0.004037316
2007 0.2447511
2008 2.041638e-05
2009 0.6145099
2010 2.406262e-05
2011 0.000232414
2012 2.059138e-06
2013 0.0001202278
2014 0.01000058
2015 0.06492545
2016 0.3785672
2017 0.04802899
2018 0.1251756
2019 0.01674359
2020 1.733706e-05
2021 0.0002345907
2022 0.8598374
2023 0.004700412
2024 0.0004462805
2025 0.01911219
2026 1.650743e-05
2027 1.682747e-05
2028 0.0007203876
2029 0.01848173
2030 0.0002565533
2031 0.007805374
2032 7.703609e-06
2033 0.8446269
2034 0.0004421554
2035 2.555091e-06
2036 0.005277575
2037 0.001265018
2038 0.1602966
2039 7.763961e-05
2040 0.001419369
2041 0.0005726885
2042 1.64662e-05
2043 0.0001964421
2044 0.001680039
2045 1.589922e-05
2046 9.892472e-06
2047 0.1460562
2048 0.0001428706
2049 0.0003039288
2050 0.0005880304
2051 0.5881913
2052 2.358946e-05
2053 0.03970231
2054 0.01451463
2055 0.005895253
2056 7.377205e-06
2057 0.0009484811
2058 0.008668265
2059 0.0001414906
2060 0.03086064
2061 0.00089812
2062 6.14434e-05
2063 0.001354833
2064 1.927177e-05
2065 6.435265e-06
2066 0.008580672
2067 0.6033382
2068 0.3844009
2069 0.01248527
2070 0.03273453
2071 0.005471365
2072 9.453188e-06
2073 0.02400576
2074 0.1025099
2075 0.002216376
2076 1.793725e-05
2077 0.7963923
2078 0.0009190722
2079 1.131817e-05
2080 9.435824e-06
2081 0.0005470191
2082 1.560387e-05
2083 0.0004065853
2084 0.001246626
2085 0.03203226
2086 0.0181122
2087 2.396714e-05
2088 0.0001047832
2089 1.107466e-05
2090 0.0004063598
2091 0.01886915
2092 7.572322e-06
2093 0.0280666
2094 0.3568127
2095 0.006509197
2096 0.0009415819
2097 4.498036e-05
2098 2.058546e-05
2099 5.593759e-06
2100 0.0004728349
2101 0.001100991
2102 0.000558248
2103 0.08547584
2104 0.3276928
2105 0.0001044109
2106 0.9522333
2107 2.919684e-05
2108 9.691041e-06
2109 1.284986e-05
2110 2.145626e-05
2111 0.008016709
2112 1.07922e-05
2113 0.001055314
2114 0.109429
2115 0.001840401
2116 6.555735e-05
2117 0.2068589
2118 0.001367745
2119 0.2763832
2120 5.40021e-06
2121 0.0009320849
2122 6.462715e-06
2123 0.01869964
2124 0.002602456
2125 5.421796e-06
2126 0.2885635
2127 1.112796e-06
2128 0.0007943555
2129 0.2141253
2130 8.309357e-06
2131 0.0002470367
2132 4.496364e-06
2133 0.001539056
2134 0.00670216
2135 0.0004669792
2136 0.0001861883
2137 0.00115848
2138 0.01232601
2139 4.31042e-06
2140 0.1605783
2141 0.0004112751
2142 0.001019837
2143 2.822263e-05
2144 0.001419048
2145 9.745014e-05
2146 2.379426e-06
2147 0.002503244
2148 0.003262577
2149 1.679946e-05
2150 0.008381829
2151 3.521416e-05
2152 0.0002949092
2153 0.001682259
2154 1.499393e-05
2155 6.539852e-05
2156 0.004415357
2157 0.0005477739
2158 1.625235e-05
2159 0.005876495
2160 3.465854e-05
2161 0.9003044
2162 0.0006085542
2163 3.091481e-06
2164 9.777414e-06
2165 0.08282944
2166 0.00118527
2167 0.1305038
2168 0.04573837
2169 0.0007233541
2170 0.01807214
2171 0.0003763168
2172 1.40512e-05
2173 3.521592e-05
2174 1.653969e-05
2175 0.3217119
2176 3.492057e-06
2177 0.05268759
2178 0.004359197
2179 0.8092675
2180 0.0003957251
2181 0.005114715
2182 3.093888e-06
2183 0.003287309
2184 0.001081055
2185 1.280088e-05
2186 0.4040806
2187 0.003064414
2188 0.0001749158
2189 0.2828421
2190 7.298755e-07
2191 0.0003684587
2192 0.9196493
2193 6.995777e-07
2194 0.06945095
2195 0.001235704
2196 1.87702e-05
2197 0.04244572
2198 0.0004057368
2199 0.6948773
2200 0.9940599
2201 0.002691827
2202 0.03324541
2203 0.0001151153
2204 1.43476e-05
2205 1.678608e-05
2206 0.0001043288
2207 2.924256e-05
2208 0.003488673
2209 0.003019188
2210 0.0001449477
2211 0.005283402
2212 0.01540494
2213 0.07686965
2214 0.002042083
2215 6.842731e-06
2216 0.2879309
2217 0.2568121
2218 0.1871416
2219 0.0003976731
2220 0.000247327
2221 0.001058928
2222 6.86519e-05
2223 0.4825908
2224 0.009082836
2225 0.006067159
2226 8.89458e-05
2227 1.573069e-06
2228 1.968585e-05
2229 0.1874161
2230 1.921746e-06
2231 0.000170664
2232 9.022533e-05
2233 0.08888381
2234 0.0002116862
2235 0.0003058786
2236 2.355953e-07
2237 0.01636403
2238 0.006229534
2239 0.0002014989
2240 1.054327e-05
2241 1.009402e-05
2242 4.69195e-05
2243 3.109509e-05
2244 0.7201853
2245 2.523154e-05
2246 1.438437e-06
2247 0.0001920584
2248 4.154102e-05
2249 0.00219217
2250 0.00172676
2251 4.049938e-06
2252 0.01132987
2253 0.00018648
2254 0.0008691358
2255 0.07347829
2256 0.0001630006
2257 2.624186e-05
2258 4.56848e-07
2259 0.002740789
2260 0.0009928244
2261 0.0005727072
2262 0.0007125925
2263 0.0002003746
2264 0.0006414932
2265 6.055902e-06
2266 0.0002104799
2267 0.04158784
2268 0.0001038899
2269 4.971677e-06
2270 0.01825845
2271 0.008951636
2272 0.466175
2273 3.543951e-06
2274 0.001248011
2275 0.0006532129
2276 0.07306796
2277 1.444307e-05
2278 0.0006956253
2279 0.001034247
2280 0.0002341654
2281 0.3999843
2282 0.01429953
2283 0.001256309
2284 0.5133861
2285 0.00299023
2286 8.894496e-06
2287 0.1665509
2288 3.810508e-06
2289 1.125455e-05
2290 2.234654e-06
2291 0.2312752
2292 0.00618891
2293 0.02213061
2294 3.470004e-05
2295 0.8202083
2296 5.851335e-05
2297 0.0007971058
2298 2.591935e-05
2299 0.0001624776
2300 0.02884023
2301 0.4493781
2302 0.008727562
2303 0.0008135736
2304 0.2151542
2305 3.465381e-05
2306 0.001036369
2307 0.0003471206
2308 0.7362702
2309 6.490002e-06
2310 0.7140348
2311 0.002815382
2312 5.19138e-05
2313 0.003561145
2314 0.09649321
2315 0.008492996
2316 0.783614
2317 2.320349e-05
2318 0.0004552178
2319 0.3786405
2320 0.0316046
2321 0.2576558
2322 0.0005802297
2323 0.01355389
2324 0.0002735844
2325 6.12744e-06
2326 0.2998173
2327 0.001006321
2328 4.210583e-06
2329 9.442327e-06
2330 2.269766e-06
2331 6.532086e-05
2332 6.153923e-06
2333 0.008819127
2334 0.0009781753
2335 0.019255
2336 0.9815897
2337 0.6292704
2338 0.05682441
2339 0.0004198123
2340 0.0003548004
2341 0.08070352
2342 1.897622e-05
2343 0.0004583636
2344 0.002658089
2345 0.06864816
2346 5.473363e-05
2347 4.745033e-05
2348 0.01850265
2349 3.344971e-05
2350 1.583177e-06
2351 0.0003287646
2352 0.0001394285
2353 0.0004880702
2354 6.978037e-06
2355 1.61518e-05
2356 0.0002631947
2357 0.05945379
2358 5.525772e-06
2359 5.54094e-06
2360 0.9708277
2361 0.92391
2362 4.503423e-05
2363 0.002813414
2364 0.001219454
2365 0.7533578
2366 0.002645669
2367 7.517422e-06
2368 0.000423923
2369 8.413657e-06
2370 4.966807e-05
2371 1.372515e-05
2372 0.001117542
2373 1.451515e-06
2374 0.01013655
2375 0.000645898
2376 3.52995e-06
2377 0.006982604
2378 0.0002830211
2379 0.0001160688
2380 0.0131559
2381 0.01925739
2382 0.1229384
2383 0.001756089
2384 0.5426352
2385 0.01269687
2386 0.008080583
2387 0.03591363
2388 4.071955e-06
2389 0.004675859
2390 0.0002406609
2391 0.0001558902
2392 9.419221e-06
2393 0.002595907
2394 0.01737603
2395 8.967749e-05
2396 0.02292417
2397 3.736523e-07
2398 0.003849103
2399 0.0008285285
2400 0.004966947
2401 0.0001948553
2402 0.6933162
2403 1.956447e-06
2404 0.004200684
2405 0.003823984
2406 0.002966221
2407 3.348283e-07
2408 0.9333557
2409 0.07780416
2410 0.0009106904
2411 1.912575e-05
2412 0.000562724
2413 0.0006993251
2414 0.001335516
2415 2.493352e-06
2416 0.001158996
2417 0.00324778
2418 0.003641846
2419 0.00016708
2420 0.0002269593
2421 0.2454141
2422 0.6112541
2423 0.0001449323
2424 0.1174998
2425 0.816563
2426 0.1408598
2427 4.015837e-07
2428 0.6711926
2429 0.00247997
2430 0.01913576
2431 1.004681e-05
2432 0.1523655
2433 0.003731598
2434 0.200572
2435 0.0001780405
2436 1.648474e-05
2437 0.0002914213
2438 1.693224e-05
2439 2.911168e-05
2440 0.5864898
2441 4.693273e-06
2442 0.1030364
2443 0.001409214
2444 0.002531597
2445 0.0001124013
2446 2.092822e-05
2447 1.722421e-05
2448 0.0004295332
2449 9.220031e-05
2450 0.003115186
2451 0.0005816328
2452 2.049987e-05
2453 8.469166e-06
2454 0.05386094
2455 0.0008232358
2456 0.06365823
2457 0.0003188917
2458 0.5958581
2459 4.510641e-06
2460 0.06018949
2461 0.04079991
2462 0.05717721
2463 0.278441
2464 0.002477173
2465 0.008356484
2466 0.001724609
2467 0.0003367239
2468 0.04308731
2469 1.272879e-05
2470 0.7596114
2471 0.009945502
2472 0.002748205
2473 2.321081e-05
2474 0.3498759
2475 0.002974848
2476 0.0005703102
2477 0.001133749
2478 0.0001765204
2479 0.00124012
2480 0.003162587
2481 0.007442487
2482 0.0002330093
2483 1.130956e-05
2484 0.07545743
2485 1.827628e-05
2486 0.0001866484
2487 0.0002809822
2488 0.8162762
2489 0.01342282
2490 3.512041e-06
2491 2.539616e-05
2492 0.0001833361
2493 0.009368774
2494 0.002316776
2495 0.9697727
2496 0.000239673
2497 1.037485e-05
2498 1.548634e-05
2499 2.912673e-05
2500 0.0001033627
2501 0.1564832
2502 0.02285201
2503 0.00103375
2504 1.862972e-05
2505 0.0002256824
2506 5.142113e-06
2507 0.07282583
2508 0.02237994
2509 0.7241464
2510 2.209447e-06
2511 0.2188834
2512 0.0001164809
2513 0.0001735852
2514 0.0004414181
2515 0.5923515
2516 0.000494161
2517 0.0004447258
2518 0.002193548
2519 0.01650505
2520 1.835217e-05
2521 0.6504914
2522 0.7877118
2523 0.0003741859
2524 6.563477e-06
2525 4.593342e-05
2526 1.786854e-05
2527 1.85314e-05
2528 1.926159e-07
2529 0.8166015
2530 0.006583462
2531 5.64377e-06
2532 1.58854e-05
2533 2.771161e-05
2534 0.0001134102
2535 0.02118084
2536 1.934878e-05
2537 0.001694354
2538 0.6005243
2539 2.448463e-06
2540 7.777214e-06
2541 4.563983e-05
2542 0.0001098748
2543 0.001064973
2544 2.436748e-05
2545 0.002518005
2546 2.850313e-06
2547 0.0002244555
2548 0.0002239666
2549 0.7459328
2550 0.002509941
2551 0.0002176788
2552 0.02277833
2553 0.000251705
2554 2.539305e-05
2555 0.004415521
2556 0.0003290155
2557 0.004286972
2558 0.002862936
2559 0.04366934
2560 0.0002503302
2561 7.57344e-05
2562 0.2899203
2563 0.002286536
2564 2.33503e-05
2565 0.0003596154
2566 0.2076462
2567 1.583982e-05
2568 0.0005050405
2569 4.369654e-06
2570 0.0003825298
2571 0.8866091
2572 0.6949805
2573 1.051197e-05
2574 0.1895825
2575 0.127238
2576 0.0004486838
2577 0.3370317
2578 6.26023e-06
2579 0.01009003
2580 0.0002596095
2581 0.0003213845
2582 3.363231e-06
2583 0.03622705
2584 0.7213749
2585 0.1242928
2586 0.0003792117
2587 0.0005474966
2588 0.002611986
2589 0.000152108
2590 0.8250666
2591 2.350368e-05
2592 0.003249131
2593 0.01893807
2594 0.001044933
2595 0.002814643
2596 0.0002428829
2597 0.2823503
2598 0.000141421
2599 1.413286e-05
2600 0.104914
2601 2.598268e-05
2602 0.001589418
2603 6.987658e-05
2604 0.004714224
2605 0.002138106
2606 0.0009630486
2607 0.00138479
2608 0.001316857
2609 2.01952e-05
2610 4.42388e-05
2611 0.004097826
2612 0.003324082
2613 0.007814367
2614 0.3532217
2615 0.0006724385
2616 0.0004851383
2617 0.01101773
2618 0.0004284477
2619 2.613852e-05
2620 0.002940458
2621 0.3260223
2622 0.02010845
2623 0.0002682492
2624 0.00539731
2625 0.0006798495
2626 1.71121e-06
2627 1.27511e-05
2628 0.0004440708
2629 0.8801517
2630 1.134135e-05
2631 4.650609e-05
2632 0.5923964
2633 0.004437742
2634 0.0007290049
2635 0.03067302
2636 9.672229e-06
2637 0.0001883929
2638 0.00649029
2639 0.003283112
2640 3.06095e-05
2641 2.692089e-05
2642 0.03060701
2643 1.575797e-05
2644 0.003906534
2645 0.7187181
2646 7.960335e-05
2647 0.01154958
2648 0.0006777574
2649 0.03308017
2650 0.9952857
2651 0.0003349783
2652 0.007217063
2653 0.0006430656
2654 0.002367044
2655 7.829845e-05
2656 0.001878097
2657 0.1579597
2658 0.001595696
2659 1.1121e-06
2660 1.498795e-05
2661 0.01376662
2662 0.1377752
2663 0.0001130032
2664 1.333884e-05
2665 6.478017e-06
2666 1.343073e-06
2667 0.04740002
2668 0.0003448469
2669 0.001149791
2670 0.001588601
2671 1.09314e-05
2672 0.0003178296
2673 0.01509476
2674 3.46116e-06
2675 1.656687e-05
2676 0.0004665725
2677 4.38507e-05
2678 0.0005845529
2679 0.0003355898
2680 3.294e-06
2681 0.002513168
2682 0.003656715
2683 3.88153e-05
2684 0.00169841
2685 2.575921e-06
2686 1.147202e-06
2687 0.0003564887
2688 0.004396598
2689 0.001220798
2690 0.0155722
2691 0.000625056
2692 0.005116043
2693 3.063098e-06
2694 9.431046e-07
2695 0.05808767
2696 0.00125085
2697 5.956523e-05
2698 6.325955e-05
2699 0.9555323
2700 0.002553036
2701 0.0008510811
2702 0.1570606
2703 0.002466127
2704 0.0971226
2705 0.1426966
2706 0.0002985109
2707 0.0004513731
2708 0.0004827945
2709 0.7838749
2710 0.001111359
2711 0.0002200577
2712 0.0002550436
2713 3.16814e-05
2714 0.7292453
2715 0.01860673
2716 0.0113304
2717 1.909254e-05
2718 0.000943729
2719 7.700902e-05
2720 0.03636444
2721 0.2724077
2722 0.006835569
2723 2.092752e-05
2724 9.771577e-05
2725 0.04598899
2726 4.268636e-05
2727 4.117343e-06
2728 0.001697852
2729 0.01341492
2730 0.6105608
2731 0.0002387556
2732 0.0001717516
2733 0.1156993
2734 0.0002862475
2735 8.568261e-07
2736 0.8887747
2737 0.7145775
2738 0.01152232
2739 0.009480499
2740 0.001021797
2741 0.0001645969
2742 0.001718191
2743 1.15272e-05
2744 0.0002283225
2745 0.001975986
2746 0.001017064
2747 0.0002715161
2748 0.2012698
2749 0.0001708719
2750 0.0006495599
2751 3.30625e-06
2752 0.6558877
2753 0.4924706
2754 0.1616239
2755 0.02608047
2756 2.435165e-06
2757 3.406912e-06
2758 0.0006426997
2759 0.002523246
2760 7.799937e-06
2761 0.0001170909
2762 0.5902592
2763 0.1681227
2764 3.838591e-05
2765 0.0003416068
2766 0.2955723
2767 0.5418045
2768 8.013291e-06
2769 0.002710624
2770 4.075051e-05
2771 2.242116e-07
2772 0.0001699981
2773 7.720889e-05
2774 0.000802589
2775 0.008286262
2776 0.8488798
2777 0.0418671
2778 0.2856438
2779 0.9382577
2780 0.0004681525
2781 7.966715e-06
2782 3.816572e-05
2783 0.02593107
2784 2.448594e-05
2785 0.000554637
2786 2.941445e-06
2787 0.001390789
2788 0.04302381
2789 2.256737e-05
2790 2.838657e-06
2791 0.08100814
2792 0.0006200928
2793 4.508994e-06
2794 0.0004164356
2795 0.001677835
2796 0.0007259594
2797 0.03263466
2798 0.0001801839
2799 3.727109e-05
2800 2.474978e-06
2801 0.009336985
2802 9.851459e-06
2803 0.01712919
2804 1.091612e-05
2805 0.1315796
2806 1.71863e-05
2807 4.627958e-06
2808 0.000125855
2809 3.560817e-06
2810 0.0001708244
2811 1.591986e-05
2812 0.0002517035
2813 3.654048e-06
2814 0.2148616
2815 0.9113839
2816 0.0002437213
2817 0.02934725
2818 1.48024e-06
2819 0.128017
2820 0.05432475
2821 0.0002012749
2822 0.0005336213
2823 0.001112183
2824 0.2294294
2825 0.0164957
2826 0.001574559
2827 0.001753831
2828 0.0001433413
2829 3.632956e-05
2830 7.471401e-06
2831 0.01172591
2832 0.006728586
2833 0.002133652
2834 1.540638e-05
2835 0.3571258
2836 1.503031e-05
2837 0.0001606979
2838 1.677356e-05
2839 0.0001921585
2840 0.0005668012
2841 6.821655e-06
2842 0.0004538986
2843 0.0004873476
2844 0.2024519
2845 1.030913e-05
2846 0.005222469
2847 0.0003637708
2848 6.112098e-06
2849 0.001308799
2850 0.1409186
2851 0.2294939
2852 0.004287065
2853 0.00101358
2854 2.190402e-05
2855 5.449845e-05
2856 2.576165e-06
2857 9.233415e-06
2858 0.7919266
2859 0.9495956
2860 1.213835e-05
2861 1.406051e-06
2862 0.000898014
2863 0.03060489
2864 0.0007240157
2865 0.002452428
2866 0.8068161
2867 0.0001234624
2868 3.706763e-06
2869 0.01028833
2870 0.0001990104
2871 5.569803e-05
2872 0.4308487
2873 0.02529052
2874 1.1403e-05
2875 0.0001396766
2876 9.207515e-06
2877 9.991772e-06
2878 3.072165e-05
2879 0.5184201
2880 0.1039819
2881 0.0005812307
2882 0.0003943773
2883 0.002510548
2884 0.0007438721
2885 0.4379721
2886 2.268536e-05
2887 8.694441e-05
2888 1.309981e-05
2889 1.672019e-05
2890 0.02644879
2891 0.001463505
2892 0.000311663
2893 0.06335643
2894 0.04695381
2895 6.046621e-06
2896 5.961093e-05
2897 0.584486
2898 4.700998e-06
2899 0.0006825943
2900 0.001116878
2901 0.737934
2902 0.0006045864
2903 0.001051752
2904 0.0008551157
2905 0.000894683
2906 0.0003146456
2907 0.0001835793
2908 0.0002630978
2909 0.3652218
2910 0.108711
2911 0.0005153491
2912 4.072991e-06
2913 1.817197e-05
2914 1.613814e-06
2915 8.985595e-06
2916 0.03043882
2917 5.976298e-07
2918 0.008965589
2919 0.00693773
2920 0.0002678821
2921 2.910404e-05
2922 0.3857865
2923 0.0004533249
2924 0.0002570479
2925 0.0002292511
2926 1.014873e-05
2927 0.0001267996
2928 0.0002383441
2929 0.0006320594
2930 0.0007127752
2931 0.0009640414
2932 0.003241902
2933 0.01334755
2934 0.001574902
2935 0.002048218
2936 0.1038435
2937 5.976234e-05
2938 0.09824435
2939 0.7977795
2940 0.8443132
2941 3.713281e-05
2942 0.3745841
2943 4.485129e-05
2944 0.08533064
2945 0.8227773
2946 7.417834e-06
2947 0.001166299
2948 0.001347365
2949 0.001266489
2950 9.86675e-06
2951 0.03464569
2952 9.489982e-06
2953 5.910627e-07
2954 0.0004073919
2955 4.101479e-06
2956 6.931812e-05
2957 0.01131557
2958 1.701978e-05
2959 0.07842862
2960 1.181911e-05
2961 0.000445666
2962 0.7537327
2963 1.159435e-05
2964 0.3838094
2965 9.52222e-05
2966 0.0002006078
2967 0.4559692
2968 0.01228036
2969 8.075705e-06
2970 0.003232836
2971 0.2858216
2972 0.003286089
2973 0.8554829
2974 0.0003750004
2975 0.1403523
2976 1.46641e-05
2977 1.160688e-05
2978 0.6684422
2979 0.004208745
2980 8.52364e-06
2981 0.3689508
2982 1.050002e-05
2983 0.38662
2984 0.005884355
2985 0.0002174879
2986 0.0003626506
2987 0.02396503
2988 0.0001441176
2989 1.52349e-05
2990 0.5177059
2991 0.001888559
2992 0.0002047861
2993 0.000722666
2994 4.197363e-05
2995 0.2599153
2996 0.2068045
2997 0.001513165
2998 0.01576599
2999 0.0001743975
3000 0.002020602
3001 1.257155e-05
3002 0.0020927
3003 0.0001112727
3004 0.0005580294
3005 0.8368763
3006 0.0001713146
3007 0.0005442605
3008 7.052247e-06
3009 0.1006952
3010 0.4624465
3011 5.153863e-05
3012 0.0002993109
3013 0.0002529933
3014 0.0003027702
3015 0.0683262
3016 3.717491e-05
3017 0.000425959
3018 0.2741065
3019 0.0003436433
3020 0.007136989
3021 0.1329089
3022 0.000152848
3023 0.00122258
3024 0.0002193719
3025 0.005805483
3026 0.0003440552
3027 5.863395e-06
3028 0.9477888
3029 0.001518038
3030 0.007525271
3031 0.0002091147
3032 0.374717
3033 0.006306422
3034 0.003410994
3035 8.469885e-06
3036 0.2228992
3037 0.0001708191
3038 4.190758e-05
3039 0.02302584
3040 0.02300404
3041 0.07227733
3042 0.8408141
3043 0.02710627
3044 0.003234878
3045 0.0008012902
3046 0.0009891785
3047 0.0003439075
3048 2.963723e-06
3049 2.348492e-05
3050 6.079232e-06
3051 0.0001928905
3052 0.02031804
3053 0.07487006
3054 5.106928e-06
3055 0.0006586679
3056 0.0130785
3057 0.016764
3058 7.188595e-05
3059 0.0001501779
3060 0.004707667
3061 9.918853e-05
3062 2.445734e-05
3063 2.163968e-05
3064 8.789996e-05
3065 0.03686831
3066 0.2368909
3067 0.0671865
3068 0.2598018
3069 0.0004549254
3070 0.8325346
3071 7.926439e-07
3072 0.0291007
3073 0.0007672718
3074 0.4317325
3075 1.140723e-05
3076 1.342782e-05
3077 6.062725e-06
3078 0.02132893
3079 0.0003909645
3080 0.9647165
3081 0.7663536
3082 0.7298137
3083 2.724976e-05
3084 0.00523341
3085 0.1682485
3086 0.0009783751
3087 0.5173417
3088 1.372872e-05
3089 0.004290528
3090 0.9967412
3091 0.03035846
3092 2.2318e-05
3093 0.01345807
3094 0.000333207
3095 0.0001251138
3096 0.0002434956
3097 0.2607825
3098 1.608798e-05
3099 0.01600313
3100 0.001206625
3101 2.434202e-07
3102 0.2592837
3103 0.4030108
3104 0.0004504744
3105 0.0001570115
3106 3.593159e-05
3107 0.002131391
3108 0.1143107
3109 0.8860143
3110 0.0001840864
3111 0.03389079
3112 0.06629264
3113 0.6628013
3114 1.819553e-05
3115 1.71972e-05
3116 0.01673218
3117 0.006914607
3118 0.5486544
3119 0.01008927
3120 0.0009895809
3121 0.07270991
3122 4.274036e-05
3123 3.594487e-05
3124 0.7410834
3125 0.7828138
3126 0.0001860988
3127 2.528399e-06
3128 2.019496e-05
3129 0.2695454
3130 0.02360874
3131 0.0005309525
3132 2.36805e-05
3133 0.0008134335
3134 2.719963e-05
3135 0.002976627
3136 0.167746
3137 5.04803e-06
3138 0.01372109
3139 3.051792e-05
3140 1.375468e-05
3141 0.0001258508
3142 0.0002118361
3143 0.312152
3144 3.755807e-05
3145 0.0006673061
3146 0.001190479
3147 0.02620381
3148 0.06121531
3149 4.048849e-06
3150 0.0007673361
3151 0.0005639127
3152 5.015009e-05
3153 0.7618122
3154 0.0002924428
3155 0.000810184
3156 6.926471e-06
3157 0.0002861612
3158 0.03390389
3159 0.0001212662
3160 0.004006787
3161 1.353201e-05
3162 0.05040378
3163 9.618992e-06
3164 0.002561626
3165 0.02302731
3166 1.913657e-05
3167 0.0008824978
3168 0.004896716
3169 4.897823e-05
3170 0.9159148
3171 1.175248e-05
3172 7.22076e-06
3173 0.0001833286
3174 0.05638812
3175 0.0004747998
3176 5.243683e-05
3177 0.0001241514
3178 0.003597958
3179 1.148597e-06
3180 0.01285138
3181 9.076485e-06
3182 0.001766826
3183 5.936619e-05
3184 2.837417e-06
3185 4.32932e-06
3186 2.210619e-05
3187 6.373761e-05
3188 6.705567e-05
3189 0.7050783
3190 3.416465e-05
3191 0.0001673954
3192 0.001935617
3193 2.753638e-05
3194 0.002981454
3195 1.288335e-05
3196 0.0004025242
3197 2.709677e-05
3198 7.516121e-06
3199 0.0003959946
3200 0.0003584643
3201 0.1042962
3202 0.0005287166
3203 0.09192912
3204 2.133304e-06
3205 0.2645483
3206 0.000949526
3207 0.3443222
3208 0.01257048
3209 0.0002919199
3210 0.009909056
3211 0.008753928
3212 0.09955467
3213 0.2531926
3214 0.003692399
3215 0.6330232
3216 0.0004891061
3217 1.558954e-05
3218 8.502325e-07
3219 0.003565848
3220 3.794711e-06
3221 0.0002514629
3222 0.6388494
3223 4.984409e-05
3224 0.4284262
3225 0.09117032
3226 3.252608e-05
3227 1.674899e-05
3228 0.0002186887
3229 0.0004138392
3230 1.554444e-06
3231 0.1878917
3232 0.0001971418
3233 0.0001954063
3234 6.658944e-06
3235 0.8283004
3236 0.06384434
3237 0.4126188
3238 0.001368115
3239 0.0003454321
3240 2.25065e-05
3241 0.0007140325
3242 0.1040476
3243 0.0001269665
3244 1.148886e-05
3245 0.0009989088
3246 0.0001225462
3247 0.8702217
3248 0.0006832167
3249 0.000270598
3250 0.060572
3251 4.162798e-05
3252 0.0004967963
3253 0.003694406
3254 7.50442e-07
3255 1.094808e-05
3256 0.0004253325
3257 0.09843019
3258 0.0001256373
3259 0.001899325
3260 0.004219261
3261 1.761537e-05
3262 0.0006370176
3263 0.03874672
3264 0.0002944065
3265 9.347182e-06
3266 0.0004939993
3267 0.01268701
3268 0.002387349
3269 0.4826112
3270 0.01149413
3271 8.242967e-05
3272 0.1551128
3273 0.0007394739
3274 0.001260398
3275 3.954336e-06
3276 0.0009735067
3277 0.0001654136
3278 9.757999e-06
3279 0.0004126684
3280 0.6015024
3281 0.0001157874
3282 0.3962548
3283 0.0006015428
3284 5.807013e-06
3285 0.0003314099
3286 0.003683501
3287 0.0290123
3288 0.01605091
3289 4.67019e-05
3290 6.618767e-06
3291 0.3649555
3292 0.5016531
3293 9.860459e-06
3294 4.446878e-06
3295 0.8817504
3296 1.11342e-06
3297 0.006348588
3298 0.001160556
3299 1.369474e-05
3300 0.00025302
3301 0.002755273
3302 0.0002296634
3303 2.775576e-05
3304 0.0004456959
3305 1.429235e-05
3306 5.807484e-06
3307 0.4483782
3308 0.08332066
3309 0.07562353
3310 1.990368e-05
3311 0.1805633
3312 0.002513291
3313 0.3865043
3314 0.3139121
3315 9.888886e-05
3316 0.0005229905
3317 0.0002478039
3318 3.302518e-05
3319 0.0004438346
3320 0.3414953
3321 0.02392598
3322 0.9564329
3323 0.0008991374
3324 0.01214699
3325 0.000123541
3326 1.511888e-05
3327 0.01781481
3328 0.0002594794
3329 0.001945062
3330 0.005472807
3331 0.01361333
3332 0.8702188
3333 0.0003240917
3334 2.378834e-05
3335 0.01586817
3336 0.01646718
3337 0.03251488
3338 0.004410501
3339 1.510404e-06
3340 1.030367e-05
3341 0.0001643486
3342 0.7381283
3343 0.0571267
3344 0.002533141
3345 0.001137032
3346 2.290327e-05
3347 0.004889431
3348 9.985735e-06
3349 2.294071e-05
3350 1.494552e-05
3351 0.188651
3352 0.0007533037
3353 0.006990423
3354 3.633003e-05
3355 9.38908e-06
3356 0.001555781
3357 0.03872574
3358 0.05636883
3359 9.529238e-05
3360 2.922648e-05
3361 0.002425039
3362 1.816383e-05
3363 1.01888e-05
3364 0.2403752
3365 0.0001187591
3366 0.01218515
3367 0.0001854542
3368 0.01853558
3369 1.850524e-05
3370 0.2397056
3371 0.2546839
3372 2.238175e-05
3373 5.607537e-06
3374 0.1059104
3375 0.05135811
3376 0.6657948
3377 1.216261e-05
3378 0.0002445414
3379 1.237752e-05
3380 0.004118553
3381 4.629982e-06
3382 0.000158109
3383 1.435346e-05
3384 0.07418004
3385 0.0002473834
3386 0.0001847193
3387 1.675191e-05
3388 0.005636557
3389 0.02497228
3390 0.007151336
3391 0.004255695
3392 1.729475e-05
3393 0.1918271
3394 2.390722e-05
3395 0.002497855
3396 1.336663e-06
3397 1.34995e-05
3398 0.9647085
3399 0.7839931
3400 0.001745349
3401 0.0003505974
3402 8.058265e-06
3403 0.7197292
3404 0.003192193
3405 2.574218e-05
3406 0.0008970459
3407 0.0001939542
3408 2.226768e-05
3409 0.1317007
3410 1.44819e-05
3411 0.003815402
3412 0.0003814321
3413 0.339111
3414 0.07468179
3415 1.501542e-05
3416 0.2957033
3417 0.3607784
3418 2.016835e-06
3419 0.003132506
3420 0.005096756
3421 0.03503731
3422 0.03266391
3423 8.306791e-06
3424 0.01836862
3425 7.252586e-06
3426 0.2291161
3427 0.0003431739
3428 0.00253625
3429 5.182804e-06
3430 0.0159907
3431 1.327856e-06
3432 7.727667e-06
3433 0.000226505
3434 0.4351452
3435 0.0446565
3436 0.0002970988
3437 0.0004603259
3438 3.022596e-05
3439 0.03961586
3440 0.03399737
3441 0.05315836
3442 0.01080451
3443 0.004333568
3444 0.0007218876
3445 0.004891244
3446 0.08599699
3447 0.0007664951
3448 0.02473101
3449 0.0004695732
3450 4.842023e-06
3451 9.28029e-06
3452 1.679731e-06
3453 6.562127e-06
3454 0.0001529344
3455 0.4458729
3456 1.470027e-05
3457 0.1566317
3458 0.000986114
3459 0.3195372
3460 2.282538e-05
3461 0.01129537
3462 9.83108e-05
3463 0.07862143
3464 0.006113694
3465 0.4137561
3466 2.160596e-05
3467 2.296618e-05
3468 3.175761e-05
3469 1.254487e-05
3470 5.082884e-06
3471 3.782897e-06
3472 0.2536416
3473 0.02174583
3474 0.003737844
3475 0.0009025251
3476 2.01662e-05
3477 0.0003114705
3478 0.01277875
3479 9.438968e-06
3480 5.92891e-06
3481 0.09489996
3482 0.005160537
3483 0.07074663
3484 0.4194073
3485 0.5984377
3486 0.009387637
3487 9.992574e-07
3488 2.0224e-05
3489 2.900861e-05
3490 0.7205736
3491 0.9901452
3492 5.264322e-06
3493 2.18088e-05
3494 2.274158e-05
3495 0.0003933914
3496 0.3915251
3497 2.460212e-05
3498 0.001344653
3499 0.2694103
3500 0.003628
3501 7.19893e-06
3502 0.001406685
3503 0.004948851
3504 0.03007433
3505 1.003952e-05
3506 3.29583e-06
3507 0.1888981
3508 0.3029498
3509 1.258843e-05
3510 0.001952005
3511 1.858427e-05
3512 0.6998331
3513 0.003634731
3514 0.6096178
3515 0.4383748
3516 0.0003248916
3517 0.002927192
3518 0.0009011019
3519 0.002920834
3520 0.3938698
3521 0.0002798258
3522 0.0009689138
3523 0.0007709027
3524 0.0001698242
3525 1.17584e-05
3526 0.1255047
3527 0.0006367393
3528 1.147162e-05
3529 0.0003663145
3530 9.057431e-05
3531 0.00171374
3532 0.0003977968
3533 0.0001963498
3534 8.643792e-06
3535 0.006162926
3536 0.001961981
3537 0.4548425
3538 0.4924448
3539 2.113949e-05
3540 0.0003080163
3541 0.08157448
3542 2.915695e-06
3543 0.3279514
3544 0.0001302396
3545 0.01338581
3546 1.242222e-05
3547 0.7316754
3548 0.6475313
3549 0.0001362669
3550 0.02034292
3551 0.0004482993
3552 0.1533254
3553 0.0884849
3554 0.03760049
3555 0.03546184
3556 0.002595428
3557 3.081853e-06
3558 0.08136319
3559 0.0002858169
3560 0.04789703
3561 0.8330158
3562 0.0001067615
3563 0.008047707
3564 0.002263795
3565 0.116745
3566 0.01184041
3567 0.7727883
3568 0.0001747122
3569 0.6473892
3570 0.952385
3571 0.005011138
3572 0.1407482
3573 0.1058731
3574 0.004796378
3575 0.007695966
3576 0.04006029
3577 1.220922e-05
3578 1.713982e-06
3579 1.615135e-05
3580 0.2487386
3581 0.002620617
3582 0.0001729085
3583 4.314631e-05
3584 0.0240871
3585 0.4456946
3586 0.003551335
3587 0.0009172205
3588 0.001445813
3589 0.0006894736
3590 0.0002914123
3591 0.0007231199
3592 0.001072944
3593 0.2288328
3594 0.00117694
3595 0.0004385884
3596 9.960719e-05
3597 0.02578058
3598 3.952048e-06
3599 9.557161e-06
3600 0.0001842852
3601 1.466691e-07
3602 1.174944e-05
3603 0.08961541
3604 0.2054166
3605 0.001397047
3606 1.793841e-05
3607 0.6585956
3608 0.0002064624
3609 1.82995e-05
3610 0.0008864002
3611 4.018368e-05
3612 1.750015e-05
3613 0.1025871
3614 0.004210706
3615 0.9583794
3616 0.1167183
3617 0.0003952748
3618 1.996611e-05
3619 0.00177519
3620 0.00160785
3621 0.7742619
3622 0.001878185
3623 4.50854e-05
3624 0.9169177
3625 0.0007578156
3626 7.124492e-07
3627 0.002609292
3628 0.0005103298
3629 1.224437e-05
3630 0.06754152
3631 3.97308e-06
3632 1.039688e-05
3633 0.1439016
3634 1.410891e-06
3635 0.002595082
3636 0.02789846
3637 0.7689888
3638 0.1326802
3639 1.314122e-05
3640 0.001633933
3641 0.01010425
3642 5.148303e-05
3643 3.860256e-06
3644 0.0001883627
3645 5.307356e-05
3646 0.3057255
3647 1.687554e-05
3648 5.11533e-06
3649 2.225996e-05
3650 8.557163e-05
3651 6.586648e-06
3652 0.008760819
3653 4.072623e-06
3654 0.008255988
3655 0.01144886
3656 2.018409e-05
3657 0.0003631382
3658 3.391653e-06
3659 1.794762e-05
3660 0.01246425
3661 3.79195e-05
3662 0.6826043
3663 0.0003382124
3664 0.001882923
3665 0.003493647
3666 0.001532696
3667 0.01963249
3668 0.6361019
3669 0.1372201
3670 5.653685e-05
3671 0.04412473
3672 0.02946928
3673 0.0002388553
3674 0.00085474
3675 0.001710789
3676 0.001399719
3677 0.0002329154
3678 3.082625e-05
3679 2.59597e-05
3680 0.01841939
3681 3.475502e-07
3682 6.23542e-06
3683 0.0293029
3684 0.08883439
3685 0.0001805395
3686 3.582314e-05
3687 0.09674921
3688 3.817629e-06
3689 8.157923e-05
3690 0.2134844
3691 0.0004979552
3692 0.002469887
3693 0.01372541
3694 0.07700741
3695 0.02658034
3696 1.102138e-05
3697 0.002263844
3698 1.16708e-05
3699 1.405189e-05
3700 0.7201397
3701 0.001926845
3702 0.3616646
3703 0.003454734
3704 0.000244125
3705 1.659335e-05
3706 6.143144e-06
3707 0.4143633
3708 0.6945409
3709 4.195115e-06
3710 2.771192e-05
3711 0.07708077
3712 0.0002003505
3713 0.0002487411
3714 0.0001476827
3715 0.005181916
3716 0.005744647
3717 0.09238624
3718 0.001616646
3719 0.001398714
3720 3.280465e-05
3721 0.00159012
3722 0.3871635
3723 0.2663851
3724 0.0188495
3725 0.003752478
3726 0.0003130661
3727 0.0001318778
3728 0.005082438
3729 0.008532702
3730 0.0001215339
3731 0.0003533734
3732 5.743092e-06
3733 0.0009055135
3734 0.004632738
3735 3.105327e-06
3736 0.0009809887
3737 0.00268066
3738 4.161825e-05
3739 0.0004089416
3740 0.0009688272
3741 0.0002663713
3742 0.0002108826
3743 0.0001258058
3744 0.5994115
3745 0.2556566
3746 0.003786783
3747 3.293961e-05
3748 9.065517e-05
3749 2.060487e-05
3750 7.136023e-07
3751 0.0007991719
3752 0.000266531
3753 0.003418067
3754 0.01940667
3755 1.570237e-05
3756 0.2693184
3757 0.01601851
3758 2.949781e-06
3759 0.002280211
3760 1.114061e-05
3761 0.002102796
3762 6.77362e-05
3763 0.0001033393
3764 0.06709926
3765 0.0004231653
3766 0.0002146094
3767 0.184791
3768 4.109498e-06
3769 0.9366521
3770 0.01614243
3771 0.0003278732
3772 2.070132e-06
3773 1.916473e-05
3774 0.2460337
3775 0.0673262
3776 0.009199221
3777 3.628616e-05
3778 0.00526136
3779 4.833491e-06
3780 1.228921e-06
3781 9.038057e-05
3782 0.008533868
3783 0.07686313
3784 1.190193e-05
3785 0.02702088
3786 2.095393e-05
3787 0.2277156
3788 3.625858e-05
3789 3.981329e-05
3790 0.0003561445
3791 0.001919746
3792 0.2495882
3793 0.0002396514
3794 0.007841109
3795 0.01540261
3796 3.02895e-05
3797 0.2523533
3798 0.0002053376
3799 9.015977e-06
3800 4.615728e-06
3801 0.001683152
3802 0.0004439175
3803 8.376458e-06
3804 0.0001164952
3805 6.500986e-06
3806 0.0001384172
3807 0.009291121
3808 0.004298421
3809 0.02842747
3810 0.001521097
3811 0.04693461
3812 0.1609006
3813 0.01164353
3814 0.07722633
3815 0.0003772291
3816 1.544494e-06
3817 0.0001719306
3818 0.008321105
3819 0.4020806
3820 7.744593e-05
3821 5.69259e-06
3822 0.5301949
3823 0.01561087
3824 0.001063852
3825 0.0003338727
3826 0.05984407
3827 0.0004273936
3828 0.5867245
3829 0.1540628
3830 9.886823e-06
3831 0.0002959413
3832 0.0004961032
3833 0.8611814
3834 0.0001879617
3835 0.001445633
3836 0.028449
3837 0.01158951
3838 0.07504814
3839 0.001060171
3840 0.1700035
3841 4.820416e-06
3842 0.0014521
3843 7.120536e-05
3844 2.339313e-05
3845 1.524633e-05
3846 0.02648207
3847 0.03416084
3848 0.004170874
3849 0.006424174
3850 2.166902e-05
3851 0.000817477
3852 0.3961444
3853 0.002323402
3854 0.04807412
3855 2.517562e-05
3856 0.7635713
3857 0.001952576
3858 1.118e-05
3859 0.0001773878
3860 0.001496093
3861 0.03359202
3862 7.767881e-06
3863 0.0002187023
3864 0.004852721
3865 0.0008241453
3866 0.1479017
3867 0.02656328
3868 0.0006166995
3869 5.654025e-06
3870 9.79917e-06
3871 0.5127682
3872 0.03035797
3873 0.6034791
3874 0.007535007
3875 0.0002615716
3876 0.001460331
3877 8.856793e-05
3878 0.06152367
3879 0.002511419
3880 0.05395628
3881 1.678745e-05
3882 0.0002051371
3883 0.002514128
3884 0.0008148845
3885 0.00144068
3886 2.006615e-05
3887 0.01274385
3888 9.794796e-06
3889 0.0002738353
3890 0.0001456225
3891 0.0005525553
3892 1.62083e-07
3893 1.668329e-05
3894 0.001119519
3895 0.0004236649
3896 0.004288015
3897 0.01119129
3898 8.470154e-06
3899 1.571417e-05
3900 0.0004294713
3901 2.174752e-06
3902 0.0005084099
3903 0.9096239
3904 6.539294e-06
3905 0.00020231
3906 0.8199632
3907 1.734676e-06
3908 0.2000561
3909 0.0003088488
3910 1.269244e-05
3911 0.1104835
3912 1.162114e-05
3913 1.911158e-05
3914 0.0006134853
3915 1.64928e-05
3916 0.01931594
3917 2.302675e-05
3918 0.001234661
3919 0.002904151
3920 1.221382e-05
3921 2.326795e-05
3922 0.0006020163
3923 0.3660483
3924 0.0002499799
3925 8.388455e-05
3926 0.01733422
3927 0.3973506
3928 0.005685645
3929 0.04817148
3930 0.02514524
3931 0.2251333
3932 0.0005729305
3933 3.761841e-05
3934 0.001079617
3935 0.01844092
3936 0.0003848944
3937 0.002047573
3938 0.02389791
3939 0.006187802
3940 0.8515616
3941 0.5339373
3942 0.0001133213
3943 0.0006146319
3944 0.0008390338
3945 8.667418e-06
3946 0.2519338
3947 0.001016491
3948 2.571203e-05
3949 0.001095526
3950 9.936892e-06
3951 9.297612e-06
3952 1.023964e-05
3953 0.001138278
3954 0.004322808
3955 0.0001244766
3956 5.2359e-06
3957 0.0001747543
3958 2.770124e-05
3959 9.671332e-06
3960 5.751821e-07
3961 2.077932e-05
3962 0.0001251652
3963 0.9104984
3964 0.006542306
3965 1.856723e-06
3966 0.005021891
3967 0.0002939937
3968 3.057985e-06
3969 0.0001946646
3970 0.003619307
3971 7.23219e-06
3972 0.05072828
3973 0.01501551
3974 1.23203e-05
3975 1.207438e-05
3976 9.237884e-07
3977 1.381799e-05
3978 0.01322478
3979 0.03034204
3980 2.571559e-06
3981 0.001460392
3982 0.2897592
3983 0.8235621
3984 0.0004737035
3985 0.003594949
3986 2.631113e-05
3987 0.3997541
3988 1.053045e-05
3989 0.8551543
3990 0.0001081326
3991 0.07537301
3992 0.1524194
3993 0.9645352
3994 1.155207e-05
3995 2.371867e-05
3996 0.000509613
3997 0.2086151
3998 0.0002789084
3999 0.0003830286
4000 0.001822171
4001 0.04205441
4002 0.04104985
4003 0.00609697
4004 0.7529611
4005 0.0006352483
4006 0.0995971
4007 0.0003262797
4008 0.6143803
4009 2.718769e-05
4010 0.0003075619
4011 0.07791744
4012 0.000229137
4013 8.869571e-07
4014 0.0002497185
4015 0.1642687
4016 0.01527825
4017 0.0111679
4018 3.925364e-06
4019 0.8277927
4020 0.01477312
4021 9.403594e-05
4022 0.8943161
4023 5.787645e-06
4024 0.5242378
4025 0.01235613
4026 0.003639689
4027 0.002610778
4028 8.478434e-06
4029 0.0006367678
4030 0.2770092
4031 0.0003796371
4032 0.8841996
4033 1.930832e-05
4034 0.1927522
4035 0.01061697
4036 9.255831e-05
4037 0.0009825908
4038 0.1427651
4039 0.0001835059
4040 0.0002271502
4041 8.933085e-05
4042 0.002818419
4043 0.0002076608
4044 0.01226571
4045 0.006276393
4046 0.02285618
4047 0.0009570287
4048 0.0003842259
4049 0.001678331
4050 0.008764373
4051 0.0003545185
4052 0.0001453009
4053 0.0007186991
4054 0.04180669
4055 0.1813148
4056 0.6946331
4057 0.1854272
4058 0.3567074
4059 0.003411076
4060 0.03353204
4061 0.00922184
4062 6.438298e-07
4063 2.743405e-05
4064 4.491097e-06
4065 0.0461447
4066 0.0004420999
4067 0.001209187
4068 0.7538639
4069 0.0002798438
4070 0.3308103
4071 1.180391e-05
4072 0.3837318
4073 0.005569264
4074 2.259349e-05
4075 0.001517604
4076 0.004667008
4077 0.3162248
4078 0.001442376
4079 0.3948853
4080 0.02132129
4081 4.083586e-05
4082 0.000355021
4083 4.886985e-05
4084 0.0001951373
4085 0.0007320703
4086 0.02920298
4087 0.0005161916
4088 0.002825044
4089 0.002593476
4090 1.318149e-06
4091 0.007317962
4092 7.636218e-06
4093 6.532583e-06
4094 0.0005093447
4095 0.5185254
4096 0.8728324
4097 0.005300773
4098 3.78481e-06
4099 1.236777e-05
4100 4.590078e-06
4101 0.3006314
4102 0.4381984
4103 0.002290025
4104 2.073319e-05
4105 0.1634613
4106 0.09602784
4107 0.01923119
4108 0.6831913
4109 0.0006277235
4110 3.353864e-05
4111 0.3547796
4112 0.0009014279
4113 1.49831e-05
4114 0.916574
4115 4.298898e-06
4116 1.40597e-05
4117 0.0001022941
4118 6.951431e-06
4119 0.0007112803
4120 0.0001552001
4121 8.252546e-06
4122 0.0004778835
4123 0.0006740395
4124 0.0001747532
4125 0.0001939867
4126 0.005509363
4127 0.005343298
4128 1.405145e-05
4129 0.0001982066
4130 0.006825643
4131 0.2742396
4132 0.003283152
4133 2.2354e-05
4134 0.04912278
4135 0.06030938
4136 0.0004206447
4137 8.472725e-06
4138 1.452321e-06
4139 6.34775e-05
4140 0.0005936806
4141 0.4236225
4142 0.001014854
4143 2.958834e-05
4144 0.02596082
4145 0.0128213
4146 0.007236637
4147 0.0004628662
4148 0.1526591
4149 9.614713e-06
4150 0.0004661546
4151 0.0738663
4152 0.03948754
4153 0.0001632462
4154 2.020862e-05
4155 0.02370875
4156 0.002075867
4157 0.0004586561
4158 0.0003354164
4159 0.0002490545
4160 0.004604105
4161 0.03534999
4162 1.897779e-05
4163 0.1376846
4164 0.0007955553
4165 0.6821462
4166 0.4046476
4167 0.0003803907
4168 0.0002671032
4169 0.0001190235
4170 0.0003538024
4171 0.0003671535
4172 0.0002571656
4173 0.2075906
4174 0.004091989
4175 0.005890009
4176 0.0001556522
4177 2.417697e-05
4178 0.0001369329
4179 0.01869816
4180 0.0002114323
4181 0.05300295
4182 0.5055197
4183 0.02214767
4184 0.04457508
4185 0.079276
4186 0.1151963
4187 1.756202e-06
4188 8.175221e-06
4189 0.001097298
4190 0.004733371
4191 0.003195483
4192 0.0001493354
4193 0.000665879
4194 0.001013264
4195 0.0002063619
4196 0.01221271
4197 0.862686
4198 0.2871126
4199 0.01757216
4200 0.003317808
4201 0.0004148846
4202 0.0006119031
4203 5.476548e-05
4204 6.835733e-07
4205 4.237758e-06
4206 0.0002457438
4207 0.02977637
4208 0.0007762986
4209 5.41449e-06
4210 0.01017626
4211 8.320996e-06
4212 0.1698884
4213 0.0003404651
4214 0.0001062539
4215 0.1272135
4216 1.68087e-05
4217 8.05051e-06
4218 0.07003218
4219 1.578627e-05
4220 7.299038e-05
4221 0.0009472366
4222 1.721337e-06
4223 0.7619879
4224 0.3032943
4225 0.03427244
4226 0.0001254008
4227 6.463559e-06
4228 0.000199072
4229 0.03302518
4230 0.001547341
4231 1.389202e-05
4232 0.0001240822
4233 5.971051e-06
4234 5.549066e-05
4235 0.0007049158
4236 0.0004030248
4237 8.330605e-06
4238 0.3560074
4239 4.95006e-07
4240 0.0004015203
4241 9.900977e-05
4242 6.222445e-05
4243 0.0001689528
4244 0.01348957
4245 0.001021502
4246 0.0001383633
4247 0.9316779
4248 0.007001125
4249 0.003932175
4250 1.111224e-05
4251 0.1899899
4252 0.04316768
4253 0.0004057379
4254 3.392115e-05
4255 0.0001950552
4256 2.146222e-05
4257 0.8918324
4258 0.000624302
4259 0.01937142
4260 0.2708893
4261 0.001463161
4262 0.4682042
4263 0.0003313704
4264 1.505496e-06
4265 4.636711e-06
4266 8.892261e-05
4267 0.01994298
4268 0.003171597
4269 0.9859437
4270 0.01113309
4271 3.099097e-05
4272 0.04747201
4273 0.2639205
4274 7.660125e-06
4275 0.00882691
4276 0.0001927674
4277 0.004501517
4278 7.849723e-05
4279 4.102828e-06
4280 6.484131e-06
4281 0.2450711
4282 0.1912153
4283 0.004044498
4284 4.973257e-05
4285 1.565045e-05
4286 6.664914e-06
4287 2.742271e-05
4288 0.007263978
4289 0.0002653263
4290 1.745502e-05
4291 0.05437199
4292 0.4565254
4293 0.005188101
4294 6.372478e-06
4295 0.00123376
4296 0.09198064
4297 2.900694e-05
4298 0.009238067
4299 0.003979157
4300 0.0007140769
4301 7.719434e-06
4302 0.0004977972
4303 0.0005856231
4304 0.0003230214
4305 1.298047e-05
4306 0.005346057
4307 1.645157e-05
4308 2.549817e-05
4309 6.965956e-06
4310 0.150692
4311 0.007951245
4312 0.01370102
4313 0.1765481
4314 0.02216723
4315 0.004706245
4316 0.001125615
4317 1.020924e-05
4318 6.03334e-05
4319 0.004511682
4320 9.218405e-06
4321 0.0002865281
4322 5.456482e-05
4323 0.0002256283
4324 0.4656737
4325 2.761508e-06
4326 0.0002706232
4327 0.001002585
4328 0.0002541524
4329 0.01357589
4330 0.002430625
4331 2.335166e-05
4332 0.0206766
4333 2.103851e-05
4334 0.0002029639
4335 0.4327684
4336 0.0823425
4337 0.001039136
4338 0.0009685722
4339 0.04416205
4340 0.0005605288
4341 0.156327
4342 0.3412986
4343 0.001003102
4344 0.0003201416
4345 0.0008259791
4346 6.227051e-06
4347 0.3148776
4348 8.766164e-06
4349 0.0002804939
4350 9.269574e-06
4351 4.755764e-05
4352 0.0008510101
4353 0.0003349825
4354 0.3509247
4355 0.2073181
4356 0.0003164343
4357 0.0005356949
4358 0.008916005
4359 2.254105e-05
4360 0.0006194914
4361 0.0006677903
4362 0.0004147291
4363 0.01230329
4364 0.00115332
4365 0.0006496639
4366 0.0002567086
4367 3.800185e-05
4368 0.01730475
4369 0.0001415581
4370 0.03765616
4371 0.008781783
4372 1.743846e-05
4373 0.001042621
4374 1.119684e-05
4375 0.01213561
4376 0.0992602
4377 0.02984321
4378 0.00194411
4379 0.001523646
4380 8.284122e-06
4381 3.428368e-05
4382 1.204296e-05
4383 0.001158749
4384 0.9390931
4385 0.2733792
4386 4.299569e-05
4387 1.109928e-05
4388 0.0008717724
4389 0.0001638458
4390 0.0003591276
4391 0.0007177471
4392 0.00220522
4393 0.01232965
4394 0.07292084
4395 0.0001407179
4396 2.298201e-06
4397 0.09855966
4398 0.0001018527
4399 0.0004137098
4400 0.6339162
4401 1.947709e-05
4402 4.790076e-05
4403 1.592309e-06
4404 4.469909e-06
4405 0.04874853
4406 5.814088e-06
4407 0.002007788
4408 0.0001574389
4409 0.01186661
4410 1.730485e-05
4411 6.001168e-05
4412 0.4121725
4413 1.542261e-05
4414 5.414069e-06
4415 0.001023126
4416 0.0002292169
4417 0.0004371902
4418 0.0009478137
4419 2.471534e-05
4420 0.0007993308
4421 0.07330822
4422 2.78398e-06
4423 0.0001011756
4424 4.269286e-05
4425 5.563517e-05
4426 0.01039091
4427 0.005259954
4428 0.4287529
4429 0.007009115
4430 0.000685635
4431 3.62252e-05
4432 0.001532243
4433 3.971924e-06
4434 0.7456032
4435 0.0003829312
4436 1.533656e-06
4437 8.674808e-05
4438 1.155826e-06
4439 0.08440153
4440 1.797496e-05
4441 0.003064978
4442 0.01240159
4443 0.008967531
4444 0.6505381
4445 1.819104e-05
4446 0.0002461464
4447 0.01919131
4448 0.5854941
4449 1.421578e-05
4450 0.02134104
4451 0.0008762208
4452 0.6447493
4453 1.678908e-05
4454 0.001106295
4455 4.820544e-05
4456 0.1664093
4457 0.3646317
4458 0.0006322478
4459 0.0009106911
4460 1.81401e-05
4461 1.845335e-05
4462 0.004605301
4463 1.884963e-06
4464 0.4222059
4465 0.9704992
4466 0.0001978129
4467 0.0005765005
4468 0.7970791
4469 0.03704883
4470 0.2499527
4471 0.003423369
4472 0.0009817758
4473 0.002724471
4474 0.001131947
4475 0.2402972
4476 0.0001235981
4477 0.004497253
4478 0.002075725
4479 0.5694075
4480 0.0008208458
4481 2.062213e-05
4482 0.001915333
4483 0.03205383
4484 1.469574e-05
4485 3.363057e-06
4486 0.0001956098
4487 0.006324589
4488 0.04696046
4489 1.520316e-06
4490 1.445553e-05
4491 0.003962351
4492 0.02163724
4493 0.6523446
4494 2.979994e-05
4495 1.532837e-05
4496 0.01299858
4497 2.860619e-06
4498 0.0001332202
4499 0.0002507671
4500 8.059227e-05
4501 0.5201495
4502 1.927849e-05
4503 0.0004379309
4504 0.3776987
4505 0.003871712
4506 0.1065913
4507 0.0001343485
4508 0.004378419
4509 0.06216386
4510 0.0006965611
4511 0.0001280728
4512 1.152769e-05
4513 4.278533e-05
4514 0.2709666
4515 0.01915561
4516 0.0004494898
4517 0.01001625
4518 0.001729849
4519 0.001458349
4520 0.002014984
4521 3.558407e-06
4522 0.5246342
4523 0.120061
4524 0.0006151332
4525 0.1554587
4526 0.0005956112
4527 0.0002450458
4528 0.02415915
4529 1.513576e-05
4530 0.3208382
4531 0.08770245
4532 0.1395496
4533 0.0003450521
4534 2.621539e-06
4535 1.045985e-05
4536 0.0003644205
4537 1.088356e-05
4538 3.61498e-05
4539 0.00039371
4540 0.002565383
4541 0.0004758813
4542 0.0006567052
4543 0.00284728
4544 1.905827e-05
4545 0.01538811
4546 0.04133456
4547 0.0007567083
4548 3.814271e-05
4549 0.0006337093
4550 0.00209898
4551 0.0003106117
4552 0.008072887
4553 0.004128479
4554 0.001294104
4555 0.0003259427
4556 6.099808e-05
4557 1.234101e-05
4558 0.002852205
4559 0.9182209
4560 0.04343235
4561 0.0002543721
4562 0.0005867342
4563 0.0007968734
4564 0.0002284903
4565 0.1689053
4566 3.289408e-06
4567 9.984734e-05
4568 0.0004369177
4569 1.721675e-05
4570 0.03238704
4571 0.001311874
4572 2.984017e-05
4573 0.06662573
4574 0.0001911159
4575 3.190515e-05
4576 0.0001300481
4577 0.001447366
4578 0.001552789
4579 0.1469863
4580 3.765084e-07
4581 4.611921e-06
4582 0.01344013
4583 1.542892e-05
4584 6.046091e-06
4585 0.01784857
4586 0.09152944
4587 0.01090688
4588 0.9637445
4589 0.0002231371
4590 2.94702e-05
4591 0.9197057
4592 0.0002592829
4593 7.421155e-06
4594 0.008951439
4595 0.9940349
4596 0.0009890985
4597 0.0001201342
4598 0.0144409
4599 0.4442907
4600 1.01454e-07
4601 1.685924e-05
4602 0.4578762
4603 0.02686954
4604 0.001435744
4605 0.001708453
4606 1.308833e-05
4607 0.01308001
4608 0.000272556
4609 0.01437834
4610 3.115215e-05
4611 3.748773e-05
4612 0.0001215346
4613 5.111685e-05
4614 7.908011e-06
4615 0.002532436
4616 0.0001398298
4617 0.05985964
4618 0.007984413
4619 0.1161507
4620 0.0004003033
4621 2.917325e-05
4622 0.05007163
4623 2.922738e-06
4624 0.0008487095
4625 0.0003734856
4626 1.916754e-05
4627 0.0002550282
4628 0.00214333
4629 0.005409226
4630 0.0001581037
4631 3.76019e-05
4632 3.438245e-05
4633 0.001033144
4634 0.04244344
4635 0.0002225853
4636 0.3452873
4637 0.238902
4638 0.001010114
4639 6.944506e-05
4640 1.110113e-06
4641 0.2310767
4642 0.006059893
4643 0.03585484
4644 3.398694e-05
4645 7.758746e-06
4646 0.000562397
4647 7.391019e-06
4648 0.0002105142
4649 5.183135e-06
4650 4.316367e-05
4651 0.0002675931
4652 2.239792e-05
4653 0.002125458
4654 0.2915702
4655 0.1223122
4656 0.1002872
4657 0.09615446
4658 0.00214507
4659 0.06164095
4660 1.514591e-05
4661 0.08985309
4662 3.25987e-06
4663 7.433577e-06
4664 0.0491293
4665 2.274392e-05
4666 0.00665502
4667 0.04557672
4668 0.01240281
4669 0.1791386
4670 0.1399721
4671 0.8468402
4672 8.967535e-05
4673 2.525202e-06
4674 0.03156452
4675 0.007492766
4676 0.001081658
4677 0.7875074
4678 0.001390773
4679 1.305409e-05
4680 0.02094175
4681 0.001386804
4682 1.047966e-05
4683 0.0004773254
4684 3.575806e-07
4685 0.1837976
4686 7.435032e-06
4687 0.001329333
4688 0.000516104
4689 8.189854e-06
4690 0.01857968
4691 0.01543012
4692 0.000161911
4693 0.105764
4694 6.345495e-06
4695 0.0005629182
4696 5.046072e-06
4697 7.485995e-06
4698 0.0001308868
4699 1.463655e-06
4700 0.02026682
4701 0.0002157318
4702 0.0006021189
4703 0.0005199392
4704 0.1917237
4705 0.9247077
4706 0.2008638
4707 0.04702292
4708 0.0004943076
4709 2.611536e-05
4710 0.007875524
4711 0.01347991
4712 0.02450065
4713 0.1051284
4714 0.001001169
4715 0.1071168
4716 5.045361e-06
4717 0.2043395
4718 0.01450369
4719 0.001476272
4720 0.1670743
4721 0.02598071
4722 5.428882e-06
4723 3.793088e-06
4724 0.002488562
4725 0.0001435376
4726 3.615042e-06
4727 0.0150038
4728 0.0004880844
4729 1.011113e-05
4730 0.03368791
4731 0.0001494517
4732 0.0001698935
4733 0.3684845
4734 0.00121506
4735 0.001208794
4736 0.1191014
4737 6.651173e-06
4738 0.0002106172
4739 0.01070935
4740 0.0001957863
4741 4.067024e-05
4742 9.945297e-07
4743 8.113779e-05
4744 4.752777e-06
4745 0.004927032
4746 0.09808318
4747 0.0008847097
4748 0.001624518
4749 0.00029063
4750 0.001130574
4751 0.09008161
4752 0.0008673532
4753 0.01154509
4754 0.005944402
4755 0.05411563
4756 6.7661e-06
4757 0.0001757612
4758 7.269198e-06
4759 0.0004271019
4760 1.232859e-05
4761 0.001113325
4762 0.001451319
4763 0.0002505992
4764 0.0001853662
4765 0.06039139
4766 4.043991e-06
4767 0.002519142
4768 1.42726e-07
4769 5.747116e-06
4770 0.0003676841
4771 0.0007335425
4772 0.9865545
4773 1.358736e-05
4774 0.05071861
4775 0.4277121
4776 6.157021e-06
4777 0.01961991
4778 1.825747e-05
4779 0.001690651
4780 0.3252036
4781 0.3191541
4782 0.003736303
4783 0.003154041
4784 0.001547445
4785 0.01287898
4786 5.511321e-05
4787 9.700527e-06
4788 0.001624269
4789 2.546399e-05
4790 0.001017764
4791 0.0002893419
4792 0.01332388
4793 0.001193373
4794 0.1607669
4795 0.06836389
4796 0.009877156
4797 0.0002093553
4798 0.485457
4799 0.001733581
4800 0.7582572
4801 0.4200332
4802 0.003538315
4803 1.532028e-05
4804 0.6657749
4805 0.0001383858
4806 1.099956e-05
4807 5.541575e-06
4808 5.958794e-06
4809 0.0002045084
4810 7.850446e-05
4811 0.004022884
4812 2.252119e-06
4813 0.0005873797
4814 1.080517e-05
4815 0.03641834
4816 0.5014863
4817 0.001369586
4818 0.0003578247
4819 0.01351181
4820 6.455901e-06
4821 0.03460258
4822 2.21111e-05
4823 0.09978141
4824 0.0004215311
4825 1.009752e-05
4826 0.0008159992
4827 0.002067212
4828 0.001888236
4829 0.0006007096
4830 0.0003401255
4831 0.2278879
4832 2.261996e-06
4833 0.004069474
4834 0.0002663866
4835 2.038341e-06
4836 0.01309731
4837 0.0006785865
4838 0.02120191
4839 9.273754e-06
4840 0.0005082589
4841 0.006821213
4842 9.465372e-06
4843 0.0006376809
4844 0.001128706
4845 0.0001697363
4846 0.002024924
4847 1.26773e-05
4848 0.008188317
4849 0.0008881767
4850 0.0004412906
4851 0.0005170321
4852 0.4861887
4853 3.816191e-06
4854 9.841005e-06
4855 0.7024358
4856 0.02946307
4857 1.993003e-07
4858 0.01665349
4859 1.731086e-05
4860 0.1052952
4861 0.1302714
4862 0.1259709
4863 0.0003421131
4864 1.32207e-05
4865 0.3967256
4866 0.00149541
4867 0.003546623
4868 0.01306557
4869 0.003444019
4870 0.7414118
4871 0.405165
4872 0.0373407
4873 0.4610341
4874 4.925642e-06
4875 7.93923e-06
4876 0.3053853
4877 0.006910052
4878 0.2821883
4879 0.01089908
4880 0.0005860001
4881 4.403252e-06
4882 0.42752
4883 8.351024e-05
4884 0.001501385
4885 0.0001554576
4886 1.207441e-05
4887 0.0001005803
4888 2.917016e-05
4889 3.462835e-05
4890 0.0003687922
4891 0.9545814
4892 0.9636854
4893 0.7693797
4894 0.001835943
4895 0.002465415
4896 0.1775546
4897 1.21375e-05
4898 0.0002924718
4899 0.1494417
4900 0.8869946
4901 0.01875779
4902 0.0005467575
4903 0.0003801323
4904 0.0001685674
4905 0.001142431
4906 0.002865898
4907 0.0001462897
4908 0.0003327191
4909 0.3710549
4910 0.0003739661
4911 0.0001074664
4912 0.1085645
4913 5.57213e-05
4914 0.000134383
4915 0.009591612
4916 0.0002573006
4917 0.02159378
4918 0.0189867
4919 0.003316124
4920 0.007870507
4921 0.1385357
4922 0.0179978
4923 4.730545e-07
4924 8.488582e-05
4925 0.0005294994
4926 0.1173756
4927 0.008086821
4928 8.967473e-06
4929 2.982552e-06
4930 0.3502357
4931 0.0001629977
4932 0.0425876
4933 0.8469948
4934 0.0007093216
4935 0.002175327
4936 0.6289929
4937 0.01341198
4938 0.0003326198
4939 0.005514527
4940 7.695591e-06
4941 9.389714e-06
4942 6.452237e-06
4943 0.003538319
4944 0.004876778
4945 2.871175e-05
4946 1.10945e-05
4947 0.009043118
4948 0.001064051
4949 0.4406092
4950 2.980924e-05
4951 0.1329976
4952 4.690427e-05
4953 0.0008495756
4954 0.2837038
4955 3.963702e-06
4956 4.108342e-06
4957 0.0002646852
4958 0.0006539709
4959 0.0002027481
4960 0.0004956614
4961 0.5826142
4962 1.626147e-05
4963 0.002635628
4964 0.002230403
4965 0.007683731
4966 1.474161e-05
4967 0.001312026
4968 5.059997e-06
4969 0.004975129
4970 0.00252392
4971 0.5628818
4972 1.77277e-05
4973 6.370856e-06
4974 0.02242495
4975 0.0003543433
4976 0.1391072
4977 2.406262e-06
4978 0.0003802815
4979 5.145653e-06
4980 1.349583e-05
4981 0.0007218792
4982 0.9244665
4983 0.03900061
4984 6.770139e-06
4985 0.07760397
4986 0.01933979
4987 1.8005e-05
4988 0.004915489
4989 6.04284e-06
4990 0.01169362
4991 0.0003383815
4992 0.001316545
4993 0.009740917
4994 0.001033322
4995 0.1594931
4996 0.0001310556
4997 0.1036535
4998 0.001790964
4999 0.0003446811
5000 1.062698e-05
