1 0.7009847
2 0.9007004
3 0.8921105
4 0.4168945
5 0.8650925
6 0.4853849
7 0.9525599
8 0.3021682
9 0.9011463
10 0.6860628
11 0.04735528
12 0.4652351
13 0.8553057
14 0.255557
15 0.9154664
16 0.3514215
17 0.4959545
18 0.6968347
19 0.4966132
20 0.5761879
21 0.630754
22 0.5598155
23 0.4740268
24 0.9195527
25 0.4807618
26 0.1158097
27 0.5937256
28 0.595569
29 0.3485758
30 0.6801056
31 0.5540366
32 0.2322352
33 0.9756694
34 0.723587
35 0.3113596
36 0.4459505
37 0.4890917
38 0.2851309
39 0.8719058
40 0.3738232
41 0.8922996
42 0.7876097
43 0.3221052
44 0.7081255
45 0.6182324
46 0.974705
47 0.4427355
48 0.2375645
49 0.7311013
50 0.9070984
51 0.6430688
52 0.6957479
53 0.9095538
54 0.4975883
55 0.2962667
56 0.1087141
57 0.2405685
58 0.9247108
59 0.1418424
60 0.6273568
61 0.04602246
62 0.04118507
63 0.7821572
64 0.5618989
65 0.784835
66 0.2004765
67 0.08492869
68 0.5733684
69 0.2326428
70 0.6399747
71 0.350487
72 0.4989349
73 0.7888496
74 0.8501693
75 0.845345
76 0.04346012
77 0.7517513
78 0.9470866
79 0.8885089
80 0.9674668
81 0.8981547
82 0.3257527
83 0.4156914
84 0.6084894
85 0.4622015
86 0.9171041
87 0.1299147
88 0.6504562
89 0.507591
90 0.04906688
91 0.3602118
92 0.1754791
93 0.1296546
94 0.3940505
95 0.2483114
96 0.3597213
97 0.4638731
98 0.980972
99 0.6326928
100 0.9705203
101 0.814328
102 0.5333779
103 0.8840561
104 0.1667986
105 0.7964095
106 0.1387007
107 0.2376313
108 0.4702322
109 0.4759271
110 0.06395443
111 0.8919216
112 0.2118203
113 0.7880588
114 0.03970384
115 0.06932276
116 0.2566899
117 0.8655347
118 0.3150779
119 0.2105114
120 0.1356683
121 0.3972846
122 0.3196021
123 0.7948111
124 0.6644902
125 0.589451
126 0.8817438
127 0.678916
128 0.6457404
129 0.05887156
130 0.835198
131 0.1452868
132 0.739006
133 0.5629149
134 0.5091394
135 0.305772
136 0.6947121
137 0.4526881
138 0.1413703
139 0.9274125
140 0.7815837
141 0.9921686
142 0.5141947
143 0.2472043
144 0.6553843
145 0.7741445
146 0.5830124
147 0.9621185
148 0.2633391
149 0.4090561
150 0.4297968
151 0.3109854
152 0.8656057
153 0.4842788
154 0.8855736
155 0.437637
156 0.2425086
157 0.7143078
158 0.02547897
159 0.05573123
160 0.6612741
161 0.1705045
162 0.9619308
163 0.8025794
164 0.5552432
165 0.6069273
166 0.6985068
167 0.6913594
168 0.9033145
169 0.6122895
170 0.774227
171 0.9851805
172 0.6569286
173 0.4130185
174 0.09330939
175 0.8484182
176 0.6330914
177 0.1340069
178 0.5647048
179 0.1948353
180 0.8047624
181 0.9162782
182 0.3749106
183 0.3136339
184 0.9548542
185 0.4205801
186 0.8126814
187 0.3545089
188 0.6575162
189 0.8405458
190 0.9583029
191 0.7181251
192 0.371699
193 0.03938106
194 0.02392511
195 0.2422
196 0.4762113
197 0.6828096
198 0.250396
199 0.6824873
200 0.8018305
201 0.9382783
202 0.4569075
203 0.7189903
204 0.4721907
205 0.9541261
206 0.8463106
207 0.6168415
208 0.5133952
209 0.6963136
210 0.4726419
211 0.7888143
212 0.9903128
213 0.7883305
214 0.2240064
215 0.1712916
216 0.3693867
217 0.3463772
218 0.2502289
219 0.561578
220 0.7409423
221 0.468355
222 0.2940008
223 0.9921338
224 0.6339125
225 0.4691996
226 0.3304314
227 0.9337107
228 0.6302574
229 0.9486955
230 0.1441407
231 0.3517358
232 0.391666
233 0.5218656
234 0.6079493
235 0.9063732
236 0.1837683
237 0.3583007
238 0.3338442
239 0.8249682
240 0.4972685
241 0.6931994
242 0.8662083
243 0.2558418
244 0.5550974
245 0.1007627
246 0.3810628
247 0.7063151
248 0.5125346
249 0.240625
250 0.1078537
251 0.3997067
252 0.7728479
253 0.9431291
254 0.6106949
255 0.4595015
256 0.2098877
257 0.5645934
258 0.2127383
259 0.1394177
260 0.7109434
261 0.6590676
262 0.00969945
263 0.9885647
264 0.384318
265 0.6459772
266 0.5166433
267 0.6354592
268 0.5818108
269 0.7779539
270 0.9096666
271 0.6654722
272 0.6249838
273 0.1657955
274 0.7103383
275 0.7522506
276 0.6398227
277 0.2654589
278 0.8477286
279 0.193218
280 0.2509293
281 0.5181607
282 0.5291327
283 0.2987805
284 0.8954205
285 0.2204631
286 0.8511425
287 0.9402302
288 0.6256395
289 0.5501561
290 0.8617573
291 0.6630576
292 0.5091271
293 0.541003
294 0.6157019
295 0.5912077
296 0.4433536
297 0.6821543
298 0.365409
299 0.1850249
300 0.1612198
301 0.5037014
302 0.7721608
303 0.1803797
304 0.6155534
305 0.3424321
306 0.2302666
307 0.2808985
308 0.7438598
309 0.8644481
310 0.4321466
311 0.3225523
312 0.7031564
313 0.3572321
314 0.5978937
315 0.8738407
316 0.5273026
317 0.761094
318 0.5136572
319 0.6003142
320 0.5201381
321 0.43379
322 0.9153288
323 0.7241606
324 0.2694397
325 0.1298165
326 0.3429887
327 0.8797695
328 0.9293404
329 0.6222023
330 0.3398958
331 0.3728041
332 0.1844632
333 0.5594897
334 0.7085118
335 0.8280672
336 0.9700844
337 0.3845961
338 0.2308536
339 0.9243663
340 0.2363941
341 0.8741432
342 0.8583719
343 0.9695918
344 0.906523
345 0.8171527
346 0.03340531
347 0.9532984
348 0.4002819
349 0.6494854
350 0.06256471
351 0.3822144
352 0.7482243
353 0.7474512
354 0.9365973
355 0.9132683
356 0.7270992
357 0.617507
358 0.9360658
359 0.2371929
360 0.8625235
361 0.8976458
362 0.6509357
363 0.8818605
364 0.5764527
365 0.3654998
366 0.6637803
367 0.7861212
368 0.5260775
369 0.9744564
370 0.7603726
371 0.5230654
372 0.4027393
373 0.5769702
374 0.4035319
375 0.6456572
376 0.2068116
377 0.1123447
378 0.7254138
379 0.833928
380 0.643852
381 0.7615827
382 0.4331903
383 0.3159369
384 0.3742043
385 0.2855398
386 0.6273042
387 0.7931974
388 0.3582796
389 0.03849379
390 0.6623043
391 0.415876
392 0.6172414
393 0.4057049
394 0.004800203
395 0.8661007
396 0.01968084
397 0.1186887
398 0.4262645
399 0.3728603
400 0.8657829
401 0.3342502
402 0.8943439
403 0.1849594
404 0.6712193
405 0.2333335
406 0.1345364
407 0.3679798
408 0.982925
409 0.7691478
410 0.2704402
411 0.06608846
412 0.4220902
413 0.6157586
414 0.1753504
415 0.1096032
416 0.04856727
417 0.7860946
418 0.9982986
419 0.6426516
420 0.5813099
421 0.7396855
422 0.7918667
423 0.920773
424 0.9278597
425 0.3702908
426 0.862497
427 0.3444099
428 0.5617586
429 0.2307236
430 0.1332421
431 0.8339964
432 0.2777732
433 0.9607582
434 0.7910563
435 0.9043836
436 0.08822925
437 0.6291933
438 0.1643551
439 0.5861547
440 0.758005
441 0.7552198
442 0.5636968
443 0.9416195
444 0.1531264
445 0.4444213
446 0.7935787
447 0.2495465
448 0.7478495
449 0.01921091
450 0.6726426
451 0.7361347
452 0.5423155
453 0.6099454
454 0.2846573
455 0.3620698
456 0.4747479
457 0.9945587
458 0.2742633
459 0.53507
460 0.9165628
461 0.5125796
462 0.3914366
463 0.161388
464 0.3439608
465 0.6778447
466 0.3720756
467 0.9549936
468 0.3738239
469 0.8572472
470 0.4700461
471 0.3911354
472 0.7179918
473 0.6261498
474 0.1514076
475 0.1481755
476 0.1496206
477 0.5445089
478 0.4459676
479 0.8244121
480 0.4849472
481 0.9196544
482 0.5127748
483 0.9617237
484 0.8047706
485 0.120416
486 0.8434493
487 0.6470213
488 0.446864
489 0.8756197
490 0.916897
491 0.430578
492 0.4953648
493 0.1276433
494 0.283984
495 0.946819
496 0.4480961
497 0.7090083
498 0.7745829
499 0.3015385
500 0.5435267
501 0.34198
502 0.6197635
503 0.7653191
504 0.8655014
505 0.4931943
506 0.8815768
507 0.9476096
508 0.08755342
509 0.1334554
510 0.2356925
511 0.9812681
512 0.807402
513 0.8768614
514 0.4289606
515 0.3939933
516 0.4771552
517 0.9326666
518 0.8896102
519 0.1362107
520 0.2360759
521 0.2084064
522 0.4387214
523 0.323206
524 0.3896756
525 0.6889753
526 0.7228502
527 0.3535192
528 0.3060988
529 0.732011
530 0.3144444
531 0.5942981
532 0.5384322
533 0.9739279
534 0.2793068
535 0.9200386
536 0.9702614
537 0.01608097
538 0.4364539
539 0.4768935
540 0.896923
541 0.1648582
542 0.341431
543 0.595724
544 0.3767242
545 0.5573166
546 0.8553046
547 0.3913643
548 0.3299829
549 0.9531181
550 0.711671
551 0.541896
552 0.02026505
553 0.8342905
554 0.363174
555 0.07814017
556 0.8545868
557 0.5126703
558 0.0974545
559 0.4739653
560 0.1487842
561 0.6740188
562 0.9589352
563 0.04565405
564 0.008350584
565 0.883931
566 0.9322788
567 0.6974941
568 0.8092281
569 0.8364655
570 0.836689
571 0.1770931
572 0.3120276
573 0.5414757
574 0.7472529
575 0.02491996
576 0.7988901
577 0.6652238
578 0.5355018
579 0.9156537
580 0.4744716
581 0.3227632
582 0.8051735
583 0.1940712
584 0.3570944
585 0.8357813
586 0.8219329
587 0.788059
588 0.1800384
589 0.7023868
590 0.5903414
591 0.02802354
592 0.8953504
593 0.7830843
594 0.3636103
595 0.4546771
596 0.4872954
597 0.9978879
598 0.9487324
599 0.1345784
600 0.750728
601 0.3480559
602 0.8837939
603 0.7237823
604 0.1410658
605 0.5259324
606 0.4728797
607 0.8949135
608 0.325485
609 0.4757903
610 0.4844413
611 0.8357459
612 0.484346
613 0.6202602
614 0.8290095
615 0.5560731
616 0.7581358
617 0.4404262
618 0.870777
619 0.9533932
620 0.5490588
621 0.6488909
622 0.7411545
623 0.8659115
624 0.6192432
625 0.2547732
626 0.965096
627 0.06027178
628 0.6284245
629 0.762018
630 0.4575322
631 0.6930303
632 0.1255522
633 0.1340234
634 0.5145179
635 0.931882
636 0.4912763
637 0.3959958
638 0.4622692
639 0.8727011
640 0.2750487
641 0.8912283
642 0.04274784
643 0.451169
644 0.377797
645 0.6640796
646 0.0638294
647 0.3598586
648 0.5730409
649 0.9561053
650 0.2917935
651 0.6190668
652 0.9106143
653 0.2861185
654 0.3181324
655 0.1689876
656 0.6428092
657 0.6077227
658 0.6346813
659 0.8054255
660 0.6885511
661 0.7778527
662 0.1660615
663 0.7545302
664 0.4217643
665 0.6738417
666 0.6912514
667 0.2584211
668 0.7102308
669 0.8197681
670 0.5153697
671 0.8864458
672 0.4834224
673 0.6922309
674 0.9254803
675 0.5524814
676 0.3070954
677 0.6306653
678 0.9813993
679 0.7561423
680 0.8828
681 0.5901931
682 0.3104238
683 0.3266705
684 0.5317086
685 0.5625746
686 0.1026115
687 0.1993428
688 0.4040476
689 0.3127397
690 0.9339876
691 0.7450787
692 0.8426475
693 0.2705972
694 0.770128
695 0.2688079
696 0.3085233
697 0.6193256
698 0.95999
699 0.1224122
700 0.8068007
701 0.5519759
702 0.6604105
703 0.9981281
704 0.6008377
705 0.8037823
706 0.3998341
707 0.6833194
708 0.9264744
709 0.5334076
710 0.7855366
711 0.3200364
712 0.2844387
713 0.4754295
714 0.9542406
715 0.3966315
716 0.3616933
717 0.8919865
718 0.2862068
719 0.3000441
720 0.9293426
721 0.8036954
722 0.2528456
723 0.3609247
724 0.8659874
725 0.6192633
726 0.9074911
727 0.6219819
728 0.9036056
729 0.6113122
730 0.7969542
731 0.956714
732 0.01617221
733 0.2390354
734 0.3372344
735 0.8689425
736 0.8198332
737 0.2413105
738 0.2349661
739 0.8125452
740 0.1798859
741 0.823775
742 0.4004521
743 0.4801562
744 0.7036698
745 0.2228002
746 0.1520798
747 0.8091307
748 0.9114756
749 0.3972906
750 0.1963086
751 0.3646666
752 0.5937127
753 0.4273562
754 0.1617442
755 0.2823571
756 0.8723818
757 0.6875028
758 0.3149003
759 0.6448467
760 0.7046203
761 0.3958539
762 0.9259838
763 0.6107323
764 0.7246735
765 0.9032862
766 0.05308045
767 0.5926202
768 0.228168
769 0.07542995
770 0.5353778
771 0.2443967
772 0.805706
773 0.6381278
774 0.9216845
775 0.4920726
776 0.1949354
777 0.2183019
778 0.5531666
779 0.4114585
780 0.9378266
781 0.5100127
782 0.9518099
783 0.9710204
784 0.2827386
785 0.4208927
786 0.6830298
787 0.7560521
788 0.9044318
789 0.2337448
790 0.5382175
791 0.5819922
792 0.1396564
793 0.4257598
794 0.9822169
795 0.271988
796 0.160015
797 0.06380104
798 0.3868533
799 0.3820204
800 0.06559382
801 0.814399
802 0.2000533
803 0.4041679
804 0.1476806
805 0.5667643
806 0.7160494
807 0.01319983
808 0.2890979
809 0.4007104
810 0.7937252
811 0.6786662
812 0.8909721
813 0.5306536
814 0.4957609
815 0.949509
816 0.3482345
817 0.1572259
818 0.05021111
819 0.2964964
820 0.1615493
821 0.2075847
822 0.2885796
823 0.5215462
824 0.6640968
825 0.03375437
826 0.6981129
827 0.9331304
828 0.3867915
829 0.6138927
830 0.562073
831 0.5479402
832 0.5066538
833 0.6003021
834 0.5612953
835 0.7582825
836 0.6422254
837 0.6755972
838 0.4604512
839 0.9622184
840 0.9459783
841 0.2107201
842 0.5295141
843 0.1545511
844 0.2191228
845 0.9929879
846 0.3008348
847 0.3367561
848 0.9640119
849 0.9654073
850 0.6188324
851 0.9283181
852 0.7508799
853 0.5477314
854 0.8013388
855 0.5457121
856 0.5912047
857 0.7105396
858 0.236336
859 0.7128356
860 0.8129924
861 0.1464161
862 0.3602508
863 0.8743864
864 0.2023286
865 0.9239721
866 0.838927
867 0.9511624
868 0.8973736
869 0.1086771
870 0.7122875
871 0.01458921
872 0.2191095
873 0.05267523
874 0.2504195
875 0.06029174
876 0.652507
877 0.4336232
878 0.1905271
879 0.8073969
880 0.3783001
881 0.4182851
882 0.7015678
883 0.2453895
884 0.1889769
885 0.08860972
886 0.3846622
887 0.216988
888 0.3277492
889 0.9276573
890 0.7568948
891 0.6999886
892 0.6952975
893 0.4949653
894 0.996298
895 0.5843759
896 0.165367
897 0.8237664
898 0.2748516
899 0.3331971
900 0.2940933
901 0.5717485
902 0.4764447
903 0.442106
904 0.3432988
905 0.08541713
906 0.6939578
907 0.0005275714
908 0.8644414
909 0.04315968
910 0.04885894
911 0.373463
912 0.4381409
913 0.04747292
914 0.1683172
915 0.866039
916 0.8098043
917 0.6191489
918 0.8049867
919 0.75218
920 0.1470723
921 0.943377
922 0.9554522
923 0.2007371
924 0.447472
925 0.7629573
926 0.7420561
927 0.09103799
928 0.2443745
929 0.6101194
930 0.9738127
931 0.8536612
932 0.08880428
933 0.2652561
934 0.5430467
935 0.5703646
936 0.1129411
937 0.01145065
938 0.3257987
939 0.2818094
940 0.9492252
941 0.9558288
942 0.5359849
943 0.8096781
944 0.2501134
945 0.2631193
946 0.9771537
947 0.2114756
948 0.585853
949 0.6823223
950 0.9899272
951 0.8318735
952 0.4002349
953 0.9218732
954 0.7939548
955 0.5155033
956 0.8615263
957 0.7381478
958 0.76533
959 0.3166012
960 0.9687806
961 0.5702077
962 0.5353545
963 0.9237981
964 0.06859875
965 0.2145275
966 0.2474521
967 0.2728826
968 0.9567213
969 0.8446247
970 0.8269674
971 0.1386149
972 0.9292648
973 0.5030262
974 0.4576506
975 0.008475584
976 0.834181
977 0.3126808
978 0.4662453
979 0.6737588
980 0.08655911
981 0.8084952
982 0.9650876
983 0.01091135
984 0.9982411
985 0.6701275
986 0.8495368
987 0.646814
988 0.6444862
989 0.2815564
990 0.8422759
991 0.9950849
992 0.562237
993 0.9691933
994 0.8386507
995 0.2305574
996 0.5991698
997 0.6184777
998 0.7582602
999 0.4790336
1000 0.541601
1001 0.1055624
1002 0.3223599
1003 0.9220627
1004 0.6013824
1005 0.742437
1006 0.341654
1007 0.2678993
1008 0.8951101
1009 0.07325366
1010 0.05936219
1011 0.6360555
1012 0.9051566
1013 0.9835178
1014 0.5020627
1015 0.2240254
1016 0.7002461
1017 0.5997148
1018 0.5139499
1019 0.888233
1020 0.01984795
1021 0.03370417
1022 0.3945135
1023 0.9178173
1024 0.9105083
1025 0.8694929
1026 0.2231439
1027 0.282186
1028 0.3918484
1029 0.2143043
1030 0.4406816
1031 0.8723221
1032 0.7897498
1033 0.5878437
1034 0.925392
1035 0.9428749
1036 0.710444
1037 0.5684969
1038 0.5422744
1039 0.8005319
1040 0.04458943
1041 0.4720597
1042 0.9449538
1043 0.1594454
1044 0.9221884
1045 0.9219443
1046 0.7217903
1047 0.7670651
1048 0.789955
1049 0.691731
1050 0.3017738
1051 0.9250518
1052 0.8004751
1053 0.6359756
1054 0.6694318
1055 0.5993218
1056 0.6137172
1057 0.2113845
1058 0.3553853
1059 0.461575
1060 0.3040888
1061 0.8472267
1062 0.08542213
1063 0.2959572
1064 0.7165743
1065 0.296957
1066 0.2621248
1067 0.6996729
1068 0.2388367
1069 0.1602948
1070 0.5864038
1071 0.216762
1072 0.531375
1073 0.2147577
1074 0.9365781
1075 0.7511149
1076 0.5423226
1077 0.8864795
1078 0.04133603
1079 0.4439855
1080 0.3782355
1081 0.3924013
1082 0.6895751
1083 0.4034857
1084 0.2511239
1085 0.9053551
1086 0.2341008
1087 0.04398294
1088 0.8995951
1089 0.7289703
1090 0.2245937
1091 0.5840385
1092 0.9045094
1093 0.5575456
1094 0.4925167
1095 0.2572068
1096 0.8322815
1097 0.8055791
1098 0.3035103
1099 0.4265721
1100 0.1584361
1101 0.8010684
1102 0.746249
1103 0.573292
1104 0.4938434
1105 0.2266328
1106 0.8760971
1107 0.7390242
1108 0.4872236
1109 0.8235249
1110 0.977062
1111 0.5947182
1112 0.6218388
1113 0.1829222
1114 0.3060939
1115 0.6576332
1116 0.6175299
1117 0.5416612
1118 0.138755
1119 0.6876457
1120 0.1838654
1121 0.02542446
1122 0.5664863
1123 0.3659131
1124 0.5531451
1125 0.4616174
1126 0.1960939
1127 0.7860768
1128 0.7685221
1129 0.4538356
1130 0.3590368
1131 0.05583264
1132 0.1927363
1133 0.2188702
1134 0.2906638
1135 0.4684545
1136 0.7454638
1137 0.206228
1138 0.6989121
1139 0.7967081
1140 0.4191748
1141 0.4299101
1142 0.2797213
1143 0.2812719
1144 0.4545827
1145 0.4935766
1146 0.9868083
1147 0.3171079
1148 0.8806165
1149 0.4898124
1150 0.1577091
1151 0.2713637
1152 0.4843151
1153 0.8016458
1154 0.9853186
1155 0.7232509
1156 0.2510259
1157 0.308679
1158 0.02213173
1159 0.1396151
1160 0.4758843
1161 0.08759183
1162 0.7112068
1163 0.8015341
1164 0.178048
1165 0.5483288
1166 0.766233
1167 0.6976846
1168 0.7088535
1169 0.9611335
1170 0.9658885
1171 0.21041
1172 0.633028
1173 0.0161039
1174 0.3717321
1175 0.06287873
1176 0.9712639
1177 0.4658512
1178 0.5533309
1179 0.5002416
1180 0.3287486
1181 0.6301768
1182 0.983599
1183 0.02401472
1184 0.2264961
1185 0.4242267
1186 0.05760837
1187 0.03803124
1188 0.1848324
1189 0.7218206
1190 0.6970753
1191 0.8913494
1192 0.4331667
1193 0.2088139
1194 0.5820608
1195 0.5574016
1196 0.8931
1197 0.7012627
1198 0.6811646
1199 0.5976547
1200 0.7621
1201 0.4885798
1202 0.6524469
1203 0.2864322
1204 0.9655685
1205 0.284502
1206 0.777001
1207 0.5351841
1208 0.6219317
1209 0.1426099
1210 0.615762
1211 0.5649723
1212 0.271535
1213 0.7857302
1214 0.2542136
1215 0.8945651
1216 0.4362725
1217 0.1526522
1218 0.564295
1219 0.9876988
1220 0.4532821
1221 0.236623
1222 0.3792387
1223 0.9297311
1224 0.6023454
1225 0.6363037
1226 0.03510569
1227 0.7408712
1228 0.4892638
1229 0.4342564
1230 0.3236189
1231 0.5900827
1232 0.3128108
1233 0.4446171
1234 0.6826755
1235 0.2415341
1236 0.8728721
1237 0.9409164
1238 0.67695
1239 0.1181071
1240 0.63638
1241 0.6771742
1242 0.4777314
1243 0.9507151
1244 0.7497875
1245 0.6016413
1246 0.391979
1247 0.837237
1248 0.915868
1249 0.9313677
1250 0.8008069
1251 0.5738074
1252 0.7246561
1253 0.393749
1254 0.07134644
1255 0.7384668
1256 0.6752359
1257 0.8611122
1258 0.581474
1259 0.1615284
1260 0.8247424
1261 0.4234816
1262 0.9976721
1263 0.9984388
1264 0.2537863
1265 0.3551512
1266 0.9032121
1267 0.09751066
1268 0.4062498
1269 0.9021343
1270 0.5901255
1271 0.553752
1272 0.326871
1273 0.3638385
1274 0.3938849
1275 0.815081
1276 0.3305712
1277 0.1894566
1278 0.2570337
1279 0.6517159
1280 0.3740013
1281 0.8492946
1282 0.6382389
1283 0.8402523
1284 0.8980465
1285 0.2271788
1286 0.7528347
1287 0.2833514
1288 0.2205369
1289 0.827508
1290 0.1750678
1291 0.968813
1292 0.5978742
1293 0.5076938
1294 0.7378145
1295 0.6375889
1296 0.8080025
1297 0.7931565
1298 0.5694543
1299 0.09983323
1300 0.5962743
1301 0.0953502
1302 0.6901967
1303 0.510116
1304 0.08656532
1305 0.6798314
1306 0.6682406
1307 0.5063343
1308 0.130881
1309 0.8977228
1310 0.2503937
1311 0.3880577
1312 0.5505634
1313 0.9032902
1314 0.4378698
1315 0.7872783
1316 0.5961935
1317 0.8381348
1318 0.4963642
1319 0.09901845
1320 0.5287182
1321 0.04838408
1322 0.7661323
1323 0.2118202
1324 0.5454844
1325 0.6369393
1326 0.3100146
1327 0.7434454
1328 0.5035957
1329 0.2314656
1330 0.6974994
1331 0.8192064
1332 0.6886521
1333 0.4304549
1334 0.8566097
1335 0.6628616
1336 0.5477542
1337 0.9601286
1338 0.3501129
1339 0.4097642
1340 0.7527222
1341 0.7046282
1342 0.08353531
1343 0.6016574
1344 0.1337558
1345 0.4041315
1346 0.5681209
1347 0.2086405
1348 0.3534117
1349 0.7392845
1350 0.8248602
1351 0.7585363
1352 0.6464171
1353 0.2379272
1354 0.1534236
1355 0.02841752
1356 0.9398198
1357 0.7268074
1358 0.5058842
1359 0.6671829
1360 0.3580784
1361 0.9389674
1362 0.2122532
1363 0.7624067
1364 0.621428
1365 0.7741042
1366 0.07909787
1367 0.6919655
1368 0.582722
1369 0.6389787
1370 0.6045388
1371 0.5437026
1372 0.6748716
1373 0.06560752
1374 0.1182783
1375 0.5856409
1376 0.2252995
1377 0.7548865
1378 0.2446639
1379 0.2117188
1380 0.6295613
1381 0.6632281
1382 0.8520268
1383 0.795147
1384 0.4311834
1385 0.7245356
1386 0.5301656
1387 0.4267355
1388 0.4739579
1389 0.454133
1390 0.8219501
1391 0.7750838
1392 0.393333
1393 0.260759
1394 0.1280247
1395 0.4597444
1396 0.8047128
1397 0.2418525
1398 0.4959273
1399 0.897925
1400 0.9420479
1401 0.2310121
1402 0.2068799
1403 0.7968456
1404 0.3143002
1405 0.5508876
1406 0.1473189
1407 0.7504142
1408 0.09207851
1409 0.02965596
1410 0.7282555
1411 0.967103
1412 0.6058621
1413 0.5174193
1414 0.9250724
1415 0.9387207
1416 0.879002
1417 0.8795351
1418 0.8626115
1419 0.752883
1420 0.6729133
1421 0.04376455
1422 0.4969994
1423 0.2981056
1424 0.7764743
1425 0.5028142
1426 0.6190597
1427 0.7892401
1428 0.3556691
1429 0.821473
1430 0.5237535
1431 0.1512088
1432 0.8881962
1433 0.8584089
1434 0.5320899
1435 0.7865532
1436 0.6738779
1437 0.9448834
1438 0.5587813
1439 0.4824072
1440 0.5749831
1441 0.7634999
1442 0.11563
1443 0.1468438
1444 0.9196293
1445 0.6362808
1446 0.9522696
1447 0.9770477
1448 0.7144813
1449 0.8770488
1450 0.6203629
1451 0.9416771
1452 0.5565461
1453 0.005970702
1454 0.191213
1455 0.7983786
1456 0.9499179
1457 0.3294488
1458 0.2939134
1459 0.2927464
1460 0.3265214
1461 0.3738191
1462 0.262735
1463 0.3677713
1464 0.4485617
1465 0.5047021
1466 0.3996226
1467 0.9259397
1468 0.934094
1469 0.620369
1470 0.8493528
1471 0.659325
1472 0.8638191
1473 0.7955729
1474 0.1675333
1475 0.1890475
1476 0.697026
1477 0.6573333
1478 0.3093352
1479 0.7016855
1480 0.6702308
1481 0.2032824
1482 0.3169246
1483 0.5958032
1484 0.3691194
1485 0.4387702
1486 0.8060422
1487 0.8153267
1488 0.5674659
1489 0.2428838
1490 0.6238732
1491 0.2897194
1492 0.0781026
1493 0.71602
1494 0.9612228
1495 0.4014593
1496 0.7930509
1497 0.8430717
1498 0.874174
1499 0.1173989
1500 0.4032236
1501 0.07949195
1502 0.1755606
1503 0.9007501
1504 0.2213526
1505 0.9288439
1506 0.9053578
1507 0.4194985
1508 0.5954693
1509 0.3169795
1510 0.2398403
1511 0.6249615
1512 0.6072813
1513 0.9534904
1514 0.8102309
1515 0.6377831
1516 0.348821
1517 0.4702197
1518 0.2543123
1519 0.275443
1520 0.7705608
1521 0.002328312
1522 0.9595283
1523 0.2511821
1524 0.3744837
1525 0.6849044
1526 0.2565348
1527 0.4119195
1528 0.377274
1529 0.4089669
1530 0.8935438
1531 0.3247548
1532 0.33203
1533 0.6874581
1534 0.3141165
1535 0.9993399
1536 0.6995237
1537 0.7476646
1538 0.8210601
1539 0.6033116
1540 0.3461593
1541 0.8887904
1542 0.9898722
1543 0.5350544
1544 0.569003
1545 0.6022545
1546 0.4003537
1547 0.1565292
1548 0.7128059
1549 0.3596267
1550 0.2276155
1551 0.1402768
1552 0.859184
1553 0.645295
1554 0.4560558
1555 0.3237061
1556 0.4766943
1557 0.06811508
1558 0.1154131
1559 0.9707192
1560 0.7458115
1561 0.1068201
1562 0.9142594
1563 0.5884021
1564 0.1902973
1565 0.03212275
1566 0.2441386
1567 0.7432865
1568 0.9573062
1569 0.6597311
1570 0.547786
1571 0.773078
1572 0.9497979
1573 0.03295404
1574 0.4818042
1575 0.7557019
1576 0.1854596
1577 0.4211751
1578 0.9354706
1579 0.1352351
1580 0.9354928
1581 0.8522266
1582 0.4666459
1583 0.5825619
1584 0.9648125
1585 0.6081619
1586 0.09032286
1587 0.7788414
1588 0.1483358
1589 0.1460073
1590 0.8510016
1591 0.6489138
1592 0.7036783
1593 0.1531246
1594 0.2247401
1595 0.9234151
1596 0.130287
1597 0.4839948
1598 0.5003998
1599 0.8884843
1600 0.5340604
1601 0.6837587
1602 0.02276195
1603 0.9900848
1604 0.5669586
1605 0.2073198
1606 0.8322791
1607 0.6311659
1608 0.5708894
1609 0.6109806
1610 0.782215
1611 0.855372
1612 0.3478483
1613 0.9384721
1614 0.9809389
1615 0.4964048
1616 0.7153451
1617 0.8430235
1618 0.5711049
1619 0.8258078
1620 0.7517279
1621 0.531388
1622 0.7398672
1623 0.8909761
1624 0.5741221
1625 0.6147585
1626 0.1513215
1627 0.1736753
1628 0.8658901
1629 0.3094677
1630 0.5144077
1631 0.5169191
1632 0.2786594
1633 0.6054656
1634 0.4969182
1635 0.5719917
1636 0.3817229
1637 0.2097831
1638 0.8344701
1639 0.4466139
1640 0.6113376
1641 0.485487
1642 0.687956
1643 0.93178
1644 0.6371781
1645 0.5709442
1646 0.9335713
1647 0.847873
1648 0.8053156
1649 0.9722529
1650 0.5233263
1651 0.4660011
1652 0.8695934
1653 0.3731632
1654 0.9911824
1655 0.4668573
1656 0.5703013
1657 0.9502117
1658 0.4820218
1659 0.4324613
1660 0.4401157
1661 0.7887171
1662 0.5076277
1663 0.1160603
1664 0.5200911
1665 0.516145
1666 0.542653
1667 0.7027154
1668 0.7230998
1669 0.7710122
1670 0.8382714
1671 0.9916931
1672 0.215555
1673 0.3924967
1674 0.3983794
1675 0.8295568
1676 0.5367238
1677 0.5784172
1678 0.8892629
1679 0.3469948
1680 0.8272614
1681 0.3332972
1682 0.4926143
1683 0.1339993
1684 0.4836018
1685 0.1991938
1686 0.7160325
1687 0.8653094
1688 0.7958213
1689 0.4583872
1690 0.1714095
1691 0.8045364
1692 0.9439432
1693 0.933268
1694 0.5442379
1695 0.982922
1696 0.5839548
1697 0.5946637
1698 0.1282244
1699 0.5950735
1700 0.6807352
1701 0.8080891
1702 0.6921149
1703 0.1346349
1704 0.874784
1705 0.9448113
1706 0.524969
1707 0.6459032
1708 0.5425623
1709 0.3601202
1710 0.5871422
1711 0.2652399
1712 0.7577641
1713 0.1903248
1714 0.3231499
1715 0.998526
1716 0.8597826
1717 0.7002112
1718 0.5981
1719 0.4303344
1720 0.1927736
1721 0.5378873
1722 0.6979203
1723 0.5051776
1724 0.9957308
1725 0.5751483
1726 0.2712098
1727 0.4695813
1728 0.914833
1729 0.9100509
1730 0.7600681
1731 0.6971102
1732 0.6536131
1733 0.7449229
1734 0.5206983
1735 0.8014317
1736 0.5164101
1737 0.2210209
1738 0.4309284
1739 0.07581386
1740 0.4469887
1741 0.2384023
1742 0.6847688
1743 0.04604819
1744 0.3573129
1745 0.4032819
1746 0.5458906
1747 0.3036004
1748 0.5410635
1749 0.7753101
1750 0.6304017
1751 0.9392832
1752 0.8681768
1753 0.09981072
1754 0.4597387
1755 0.4091938
1756 0.223332
1757 0.9253578
1758 0.8407112
1759 0.3597637
1760 0.08069192
1761 0.7685974
1762 0.7988847
1763 0.7139914
1764 0.8401527
1765 0.3895655
1766 0.5138525
1767 0.2059001
1768 0.7734354
1769 0.3681648
1770 0.1254898
1771 0.7920687
1772 0.7553324
1773 0.5515885
1774 0.2709063
1775 0.1063036
1776 0.2108537
1777 0.8434611
1778 0.7520195
1779 0.2241661
1780 0.4029395
1781 0.05343555
1782 0.1831535
1783 0.2434646
1784 0.2656046
1785 0.5238973
1786 0.8680718
1787 0.09582279
1788 0.733533
1789 0.499162
1790 0.1824786
1791 0.7987641
1792 0.960679
1793 0.7860547
1794 0.6598813
1795 0.8723804
1796 0.8158562
1797 0.4221048
1798 0.8520054
1799 0.408317
1800 0.114354
1801 0.6996764
1802 0.9433756
1803 0.6615935
1804 0.6450422
1805 0.3603966
1806 0.3781561
1807 0.6990488
1808 0.5716172
1809 0.7642135
1810 0.8177068
1811 0.1440917
1812 0.3117497
1813 0.9266469
1814 0.7200485
1815 0.740058
1816 0.5069709
1817 0.2204409
1818 0.4766347
1819 0.5080376
1820 0.7893126
1821 0.6695525
1822 0.4714343
1823 0.883295
1824 0.7781875
1825 0.7830326
1826 0.8318849
1827 0.2479884
1828 0.8793467
1829 0.01297144
1830 0.1812072
1831 0.9595574
1832 0.4952567
1833 0.6777583
1834 0.05062767
1835 0.2626837
1836 0.3821095
1837 0.6654361
1838 0.2815784
1839 0.2692525
1840 0.6668207
1841 0.02453239
1842 0.05209883
1843 0.3859804
1844 0.6435254
1845 0.9553366
1846 0.3817791
1847 0.9591375
1848 0.2341146
1849 0.5816205
1850 0.647851
1851 0.03533272
1852 0.9330013
1853 0.6234778
1854 0.5787381
1855 0.9791965
1856 0.9569805
1857 0.09521793
1858 0.1536668
1859 0.05580077
1860 0.3850754
1861 0.7123149
1862 0.1530543
1863 0.7326768
1864 0.426095
1865 0.6955186
1866 0.08919378
1867 0.5232451
1868 0.7085017
1869 0.2880636
1870 0.6745484
1871 0.4002146
1872 0.9318498
1873 0.4390578
1874 0.5843183
1875 0.7234529
1876 0.760423
1877 0.4876464
1878 0.6655856
1879 0.617007
1880 0.2128551
1881 0.7266625
1882 0.7577669
1883 0.7992107
1884 0.7625037
1885 0.6771772
1886 0.2388845
1887 0.7837716
1888 0.6819689
1889 0.2159224
1890 0.9750069
1891 0.04340072
1892 0.916441
1893 0.4538063
1894 0.06898757
1895 0.1950194
1896 0.1285355
1897 0.8770482
1898 0.8118329
1899 0.1168085
1900 0.9992104
1901 0.8321869
1902 0.3269223
1903 0.5432909
1904 0.863639
1905 0.9481263
1906 0.892982
1907 0.6840681
1908 0.7780668
1909 0.8126623
1910 0.8217755
1911 0.05958492
1912 0.5092103
1913 0.8265462
1914 0.9028965
1915 0.5417661
1916 0.1428335
1917 0.5676379
1918 0.6415521
1919 0.4985867
1920 0.3206864
1921 0.5264026
1922 0.4424237
1923 0.47786
1924 0.5204951
1925 0.8594702
1926 0.5657916
1927 0.7111138
1928 0.4400608
1929 0.2895164
1930 0.7800742
1931 0.7873838
1932 0.384762
1933 0.1115874
1934 0.3039719
1935 0.5905994
1936 0.7762942
1937 0.6888991
1938 0.8520177
1939 0.3755025
1940 0.08361958
1941 0.7679908
1942 0.4189504
1943 0.598535
1944 0.2674522
1945 0.310659
1946 0.9914638
1947 0.08092986
1948 0.5113278
1949 0.2480097
1950 0.4826862
1951 0.6258725
1952 0.8344264
1953 0.530861
1954 0.442693
1955 0.1356321
1956 0.9601194
1957 0.2177977
1958 0.6654551
1959 0.5201264
1960 0.7731825
1961 0.880115
1962 0.5226565
1963 0.9633289
1964 0.3992177
1965 0.4623447
1966 0.4189568
1967 0.02421207
1968 0.1937277
1969 0.04124492
1970 0.1820109
1971 0.3989596
1972 0.338729
1973 0.5944694
1974 0.2509978
1975 0.7397813
1976 0.07197298
1977 0.7741508
1978 0.4589458
1979 0.2522425
1980 0.5766526
1981 0.01217409
1982 0.8670815
1983 0.611902
1984 0.8088111
1985 0.7166795
1986 0.8268085
1987 0.2043099
1988 0.374945
1989 0.9502665
1990 0.6499208
1991 0.1561537
1992 0.4342853
1993 0.5009616
1994 0.08017015
1995 0.5956729
1996 0.9511253
1997 0.8222589
1998 0.284616
1999 0.2461974
2000 0.1823462
2001 0.4140813
2002 0.6321295
2003 0.6858449
2004 0.8995829
2005 0.2554398
2006 0.6359528
2007 0.05442306
2008 0.5846098
2009 0.5642386
2010 0.7603549
2011 0.334669
2012 0.4426424
2013 0.6654731
2014 0.3984472
2015 0.6983868
2016 0.5084517
2017 0.5725499
2018 0.9995586
2019 0.5451066
2020 0.9562864
2021 0.1158705
2022 0.6557387
2023 0.350961
2024 0.4505399
2025 0.1659275
2026 0.07891089
2027 0.8788864
2028 0.6062273
2029 0.0326691
2030 0.2424323
2031 0.3103504
2032 0.8257222
2033 0.7340256
2034 0.954959
2035 0.7152867
2036 0.3018164
2037 0.3007804
2038 0.9607437
2039 0.9343453
2040 0.6428474
2041 0.6839128
2042 0.1261348
2043 0.7039925
2044 0.06807754
2045 0.4566902
2046 0.7561581
2047 0.783447
2048 0.5001423
2049 0.3462663
2050 0.1615739
2051 0.9558675
2052 0.261024
2053 0.9416511
2054 0.1468798
2055 0.9155034
2056 0.8146829
2057 0.4724413
2058 0.3093725
2059 0.06639899
2060 0.6673774
2061 0.2225253
2062 0.4663574
2063 0.7467255
2064 0.1152629
2065 0.8282144
2066 0.7560111
2067 0.6877319
2068 0.4350523
2069 0.2225095
2070 0.03104423
2071 0.5985155
2072 0.599462
2073 0.7841413
2074 0.8440143
2075 0.3574849
2076 0.136568
2077 0.3689338
2078 0.1181701
2079 0.4275565
2080 0.359442
2081 0.09897644
2082 0.6960495
2083 0.3865354
2084 0.4974682
2085 0.4398189
2086 0.6225081
2087 0.6309772
2088 0.2978978
2089 0.9910785
2090 0.3594432
2091 0.6282269
2092 0.5866917
2093 0.6693976
2094 0.2249342
2095 0.7440102
2096 0.3718251
2097 0.2194991
2098 0.4174038
2099 0.7028256
2100 0.3286331
2101 0.7226757
2102 0.8593658
2103 0.7004918
2104 0.7808649
2105 0.7611572
2106 0.4687923
2107 0.4031388
2108 0.5915378
2109 0.9301719
2110 0.4399659
2111 0.9489516
2112 0.5989948
2113 0.1874229
2114 0.3488031
2115 0.1620605
2116 0.406449
2117 0.3222397
2118 0.5902853
2119 0.3021862
2120 0.7909194
2121 0.929235
2122 0.6006215
2123 0.7799216
2124 0.2870205
2125 0.7358864
2126 0.9043779
2127 0.8446443
2128 0.4406626
2129 0.3685586
2130 0.1485791
2131 0.8643768
2132 0.7426049
2133 0.01160733
2134 0.6044949
2135 0.929127
2136 0.3140563
2137 0.8701831
2138 0.660856
2139 0.481817
2140 0.1200859
2141 0.1837438
2142 0.8497453
2143 0.09344059
2144 0.6494058
2145 0.0281761
2146 0.8071373
2147 0.04313936
2148 0.9986565
2149 0.5167967
2150 0.9269654
2151 0.4048147
2152 0.3361386
2153 0.7244336
2154 0.3633962
2155 0.4935878
2156 0.4612668
2157 0.2958258
2158 0.9236919
2159 0.9338851
2160 0.8270076
2161 0.926001
2162 0.4983289
2163 0.9746653
2164 0.5354388
2165 0.7971395
2166 0.2935776
2167 0.654051
2168 0.8348899
2169 0.4917236
2170 0.950797
2171 0.915611
2172 0.4434594
2173 0.4050567
2174 0.6144613
2175 0.9293036
2176 0.9081373
2177 0.5390649
2178 0.6549694
2179 0.8184373
2180 0.09853958
2181 0.3647942
2182 0.3162884
2183 0.84988
2184 0.8018841
2185 0.06504225
2186 0.6694945
2187 0.5211675
2188 0.1818772
2189 0.3084022
2190 0.5378789
2191 0.599492
2192 0.05180726
2193 0.05115348
2194 0.4354635
2195 0.5958492
2196 0.6999716
2197 0.7658373
2198 0.9010319
2199 0.2471303
2200 0.8474838
2201 0.8868572
2202 0.6834365
2203 0.8549289
2204 0.2169822
2205 0.3113925
2206 0.2624617
2207 0.4315175
2208 0.1459801
2209 0.8031407
2210 0.9707316
2211 0.4424871
2212 0.7677831
2213 0.7512321
2214 0.8381296
2215 0.4684017
2216 0.3485619
2217 0.5539442
2218 0.2876064
2219 0.8446981
2220 0.6307471
2221 0.2840363
2222 0.9545839
2223 0.4206334
2224 0.5924819
2225 0.503631
2226 0.02464508
2227 0.426288
2228 0.02336127
2229 0.9006033
2230 0.3748877
2231 0.6753606
2232 0.9806445
2233 0.615369
2234 0.8584763
2235 0.9458868
2236 0.6060766
2237 0.6372705
2238 0.8174161
2239 0.2985013
2240 0.9560785
2241 0.750142
2242 0.3078149
2243 0.9396479
2244 0.4784344
2245 0.6940268
2246 0.4318997
2247 0.5520107
2248 0.1418083
2249 0.2345742
2250 0.6153056
2251 0.6486882
2252 0.170432
2253 0.944578
2254 0.6149925
2255 0.7560409
2256 0.6997135
2257 0.5785547
2258 0.9264168
2259 0.5694899
2260 0.9202595
2261 0.3790217
2262 0.7593896
2263 0.459379
2264 0.9301835
2265 0.1291954
2266 0.7867998
2267 0.1993301
2268 0.4582751
2269 0.8444347
2270 0.2546833
2271 0.7357522
2272 0.1035387
2273 0.8452224
2274 0.5999905
2275 0.3143593
2276 0.6121978
2277 0.3387369
2278 0.4534906
2279 0.4865018
2280 0.8918717
2281 0.3274428
2282 0.4854997
2283 0.5689185
2284 0.9458817
2285 0.400186
2286 0.004201312
2287 0.9989395
2288 0.6266032
2289 0.8718793
2290 0.458868
2291 0.7175323
2292 0.3614768
2293 0.4206532
2294 0.6365523
2295 0.9518341
2296 0.5619856
2297 0.6052804
2298 0.01981161
2299 0.3548374
2300 0.7696702
2301 0.2072162
2302 0.9166476
2303 0.4965134
2304 0.4279329
2305 0.7397416
2306 0.7162042
2307 0.206356
2308 0.9113816
2309 0.9934857
2310 0.7571273
2311 0.8012022
2312 0.5199628
2313 0.9189986
2314 0.8919585
2315 0.663792
2316 0.8958103
2317 0.6184179
2318 0.9375403
2319 0.5797997
2320 0.4566289
2321 0.7232058
2322 0.5695151
2323 0.05321899
2324 0.3936559
2325 0.5027341
2326 0.3639412
2327 0.7367187
2328 0.9068585
2329 0.3293211
2330 0.789254
2331 0.9687484
2332 0.2067684
2333 0.1317576
2334 0.5071081
2335 0.7575517
2336 0.571985
2337 0.1637721
2338 0.6875257
2339 0.8577706
2340 0.8446326
2341 0.1084605
2342 0.5571148
2343 0.8052182
2344 0.2876017
2345 0.9484726
2346 0.7556673
2347 0.8614987
2348 0.05348225
2349 0.8461388
2350 0.7791309
2351 0.4599198
2352 0.7453244
2353 0.3200082
2354 0.09571738
2355 0.3087026
2356 0.007126633
2357 0.9143773
2358 0.7630564
2359 0.2474277
2360 0.8424506
2361 0.4126115
2362 0.9069917
2363 0.166541
2364 0.4053436
2365 0.01990691
2366 0.2943126
2367 0.5211411
2368 0.6555859
2369 0.8566843
2370 0.08049938
2371 0.5399762
2372 0.1033283
2373 0.8311013
2374 0.8885585
2375 0.8167569
2376 0.09349576
2377 0.3901189
2378 0.4771684
2379 0.9964366
2380 0.7323927
2381 0.7341746
2382 0.5751979
2383 0.3895691
2384 0.2929832
2385 0.8231883
2386 0.5377349
2387 0.1588763
2388 0.5272496
2389 0.829246
2390 0.5910639
2391 0.0882578
2392 0.8634779
2393 0.7690185
2394 0.8063824
2395 0.5952258
2396 0.1225793
2397 0.2690861
2398 0.7002592
2399 0.112204
2400 0.3791783
2401 0.7636986
2402 0.1292839
2403 0.8324602
2404 0.9527265
2405 0.4407871
2406 0.5087675
2407 0.45474
2408 0.3481676
2409 0.42696
2410 0.4746305
2411 0.9763249
2412 0.6056921
2413 0.2177289
2414 0.4720495
2415 0.2801616
2416 0.8063204
2417 0.701597
2418 0.4787425
2419 0.5774689
2420 0.9767013
2421 0.1921672
2422 0.09413122
2423 0.9117405
2424 0.9198396
2425 0.2533238
2426 0.6974566
2427 0.6814696
2428 0.8664884
2429 0.9682403
2430 0.5214028
2431 0.4645917
2432 0.6276761
2433 0.9169119
2434 0.5212852
2435 0.6978771
2436 0.6694838
2437 0.360883
2438 0.5499286
2439 0.4225382
2440 0.4706443
2441 0.123878
2442 0.02726544
2443 0.3918526
2444 0.5542661
2445 0.2929562
2446 0.3827058
2447 0.4836876
2448 0.1760227
2449 0.1560518
2450 0.9971884
2451 0.4837446
2452 0.4944373
2453 0.4528771
2454 0.6634819
2455 0.4944787
2456 0.9271087
2457 0.627057
2458 0.8118331
2459 0.4514983
2460 0.4468542
2461 0.1078065
2462 0.3062092
2463 0.4722711
2464 0.3952386
2465 0.6900223
2466 0.2924651
2467 0.8530454
2468 0.7172194
2469 0.5856957
2470 0.08456381
2471 0.5517344
2472 0.7290213
2473 0.8085995
2474 0.7519613
2475 0.4611657
2476 0.3718715
2477 0.4627983
2478 0.9442741
2479 0.5232101
2480 0.1858156
2481 0.9951821
2482 0.6802025
2483 0.2690288
2484 0.110035
2485 0.5134363
2486 0.2285169
2487 0.4872821
2488 0.69406
2489 0.822678
2490 0.5836172
2491 0.8679008
2492 0.5994367
2493 0.8021312
2494 0.9924121
2495 0.1326928
2496 0.8695407
2497 0.1737537
2498 0.7313879
2499 0.8143775
2500 0.3174402
2501 0.2174656
2502 0.6476841
2503 0.9275888
2504 0.004388707
2505 0.6533352
2506 0.8059132
2507 0.2155584
2508 0.9174112
2509 0.5761306
2510 0.4920729
2511 0.5965048
2512 0.1500986
2513 0.9256793
2514 0.1337713
2515 0.4822527
2516 0.8308909
2517 0.2409886
2518 0.9260372
2519 0.5081866
2520 0.6102138
2521 0.9058293
2522 0.66933
2523 0.8056445
2524 0.6385288
2525 0.5090527
2526 0.1913452
2527 0.8000777
2528 0.9494528
2529 0.4636974
2530 0.5131568
2531 0.2407031
2532 0.5476987
2533 0.7337204
2534 0.4898601
2535 0.4992301
2536 0.4820441
2537 0.5317373
2538 0.9998531
2539 0.3674329
2540 0.524428
2541 0.6531593
2542 0.08737333
2543 0.09320371
2544 0.0198397
2545 0.5438121
2546 0.4546777
2547 0.8124036
2548 0.7079297
2549 0.2415899
2550 0.8889955
2551 0.1233537
2552 0.6828869
2553 0.299775
2554 0.7838077
2555 0.3403656
2556 0.5871355
2557 0.4120087
2558 0.6428753
2559 0.6218417
2560 0.1871072
2561 0.5514432
2562 0.5131149
2563 0.4340468
2564 0.8753636
2565 0.9169658
2566 0.7705525
2567 0.7730155
2568 0.7227681
2569 0.9380091
2570 0.9152904
2571 0.5053827
2572 0.3696971
2573 0.355347
2574 0.5375229
2575 0.464447
2576 0.9073695
2577 0.9393557
2578 0.6480538
2579 0.920686
2580 0.6966038
2581 0.8778115
2582 0.2851373
2583 0.7947184
2584 0.2336353
2585 0.286777
2586 0.1276205
2587 0.9350501
2588 0.7792016
2589 0.09130106
2590 0.9137898
2591 0.2950433
2592 0.4779326
2593 0.2090522
2594 0.02127572
2595 0.08540181
2596 0.1907004
2597 0.8916426
2598 0.1475223
2599 0.475817
2600 0.9094057
2601 0.6094922
2602 0.5156747
2603 0.5861162
2604 0.5536553
2605 0.03938099
2606 0.7456764
2607 0.953186
2608 0.4712408
2609 0.8192261
2610 0.7188867
2611 0.3312149
2612 0.8929165
2613 0.6892571
2614 0.3696464
2615 0.7263648
2616 0.3882457
2617 0.09299749
2618 0.9206553
2619 0.5538153
2620 0.7854541
2621 0.8217503
2622 0.8867474
2623 0.1488964
2624 0.6550853
2625 0.6624132
2626 0.08449217
2627 0.6801503
2628 0.8925747
2629 0.3255683
2630 0.1259247
2631 0.214247
2632 0.2489715
2633 0.9339026
2634 0.5293331
2635 0.07194924
2636 0.4623076
2637 0.5599814
2638 0.8309457
2639 0.2054521
2640 0.6914963
2641 0.9615761
2642 0.7572889
2643 0.8377872
2644 0.6081576
2645 0.3651444
2646 0.7057994
2647 0.08003369
2648 0.3442216
2649 0.8674415
2650 0.0515888
2651 0.2890024
2652 0.6078379
2653 0.6436681
2654 0.8770776
2655 0.8189068
2656 0.7416682
2657 0.3354323
2658 0.5065213
2659 0.8977233
2660 0.05609907
2661 0.3006669
2662 0.7935291
2663 0.8353076
2664 0.8868572
2665 0.7516479
2666 0.914394
2667 0.8648137
2668 0.5300622
2669 0.6567683
2670 0.6845357
2671 0.5087964
2672 0.7301315
2673 0.5785702
2674 0.1357431
2675 0.3096753
2676 0.006818984
2677 0.347968
2678 0.9524372
2679 0.6498998
2680 0.5777486
2681 0.6458742
2682 0.9056389
2683 0.8006343
2684 0.8737443
2685 0.7160843
2686 0.2740381
2687 0.5134507
2688 0.5704139
2689 0.1579515
2690 0.7302479
2691 0.7439593
2692 0.5161849
2693 0.2969744
2694 0.8743884
2695 0.8776164
2696 0.9311455
2697 0.1071943
2698 0.5073396
2699 0.4434536
2700 0.371686
2701 0.2447902
2702 0.3476715
2703 0.4378563
2704 0.3199306
2705 0.3193381
2706 0.948354
2707 0.3404389
2708 0.09739893
2709 0.07901838
2710 0.7497108
2711 0.8094821
2712 0.9470472
2713 0.8908453
2714 0.814471
2715 0.8014331
2716 0.9482088
2717 0.5268517
2718 0.6349099
2719 0.3846276
2720 0.08190731
2721 0.2769422
2722 0.523222
2723 0.5129428
2724 0.2014447
2725 0.3211017
2726 0.4232324
2727 0.2479706
2728 0.3739638
2729 0.7698547
2730 0.1824575
2731 0.1016043
2732 0.4796065
2733 0.2673515
2734 0.3787476
2735 0.2350618
2736 0.2934711
2737 0.851856
2738 0.8956679
2739 0.5164592
2740 0.4402245
2741 0.4335838
2742 0.8763825
2743 0.7711573
2744 0.7221898
2745 0.9925075
2746 0.7923013
2747 0.589696
2748 0.138413
2749 0.7543524
2750 0.07823475
2751 0.2447677
2752 0.3347456
2753 0.910228
2754 0.4431323
2755 0.9473818
2756 0.5174494
2757 0.8039281
2758 0.7736317
2759 0.8655132
2760 0.9800643
2761 0.1296148
2762 0.2845971
2763 0.3543391
2764 0.6119146
2765 0.3789074
2766 0.7285314
2767 0.6146808
2768 0.8510397
2769 0.1448944
2770 0.2401535
2771 0.05760345
2772 0.8211873
2773 0.4814906
2774 0.9653815
2775 0.1887669
2776 0.1551735
2777 0.241173
2778 0.9310475
2779 0.387336
2780 0.9099176
2781 0.6262771
2782 0.2551363
2783 0.8472665
2784 0.7174528
2785 0.4581839
2786 0.03582827
2787 0.4667671
2788 0.7109932
2789 0.776592
2790 0.3115552
2791 0.0107495
2792 0.8019111
2793 0.7042142
2794 0.6212019
2795 0.8691237
2796 0.7857681
2797 0.1819465
2798 0.7815737
2799 0.6829638
2800 0.9467963
2801 0.7497583
2802 0.3545515
2803 0.2334146
2804 0.1157071
2805 0.4211493
2806 0.3251702
2807 0.7307541
2808 0.2658631
2809 0.09628943
2810 0.5767342
2811 0.5517772
2812 0.4894668
2813 0.2264825
2814 0.8647509
2815 0.3690412
2816 0.7861255
2817 0.02947039
2818 0.8387836
2819 0.3754578
2820 0.2953587
2821 0.7564285
2822 0.6861645
2823 0.2666591
2824 0.8093246
2825 0.5242448
2826 0.255005
2827 0.4670324
2828 0.6026674
2829 0.4958979
2830 0.3372123
2831 0.559345
2832 0.02575766
2833 0.6275467
2834 0.5154743
2835 0.09393121
2836 0.4468114
2837 0.4896243
2838 0.8089491
2839 0.6592681
2840 0.8921064
2841 0.3171828
2842 0.1909766
2843 0.6566365
2844 0.1717422
2845 0.4801808
2846 0.8409395
2847 0.5265298
2848 0.9873063
2849 0.4482775
2850 0.8951493
2851 0.8286035
2852 0.1221607
2853 0.01239395
2854 0.5923479
2855 0.4263188
2856 0.6063464
2857 0.2551524
2858 0.3086586
2859 0.7070432
2860 0.8899453
2861 0.2839504
2862 0.2967082
2863 0.6976063
2864 0.2657214
2865 0.9502344
2866 0.7258489
2867 0.422508
2868 0.471218
2869 0.7416829
2870 0.8475254
2871 0.4484613
2872 0.468986
2873 0.7888975
2874 0.6841435
2875 0.756043
2876 0.2316927
2877 0.2571333
2878 0.7262532
2879 0.5912666
2880 0.3673815
2881 0.9273089
2882 0.8744944
2883 0.6602471
2884 0.1856357
2885 0.9951538
2886 0.6630275
2887 0.9992593
2888 0.05454759
2889 0.3803734
2890 0.4841937
2891 0.2943522
2892 0.585003
2893 0.4722626
2894 0.8526058
2895 0.6895621
2896 0.7387629
2897 0.3665425
2898 0.6587314
2899 0.5631362
2900 0.4406585
2901 0.9815081
2902 0.04154073
2903 0.573716
2904 0.2973392
2905 0.9970379
2906 0.8485596
2907 0.7304573
2908 0.4016305
2909 0.5907278
2910 0.08461635
2911 0.3162955
2912 0.6511171
2913 0.9805603
2914 0.3685963
2915 0.4557619
2916 0.8558861
2917 0.998122
2918 0.974479
2919 0.5093604
2920 0.06357238
2921 0.6842118
2922 0.4217877
2923 0.4801704
2924 0.7723861
2925 0.4772635
2926 0.9526794
2927 0.7732499
2928 0.4241755
2929 0.5613564
2930 0.3983799
2931 0.04596254
2932 0.2389705
2933 0.5200475
2934 0.5129013
2935 0.009791855
2936 0.6261623
2937 0.4847073
2938 0.2032016
2939 0.410783
2940 0.2616968
2941 0.06075792
2942 0.4734504
2943 0.8369812
2944 0.08561904
2945 0.5852928
2946 0.1187183
2947 0.9603138
2948 0.2638627
2949 0.5239319
2950 0.2901049
2951 0.9713402
2952 0.7156226
2953 0.5599739
2954 0.92113
2955 0.9809809
2956 0.4972906
2957 0.8262289
2958 0.5877323
2959 0.1494015
2960 0.9847764
2961 0.03066114
2962 0.880609
2963 0.4654877
2964 0.04752757
2965 0.2229577
2966 0.8119265
2967 0.4118211
2968 0.6488831
2969 0.6675564
2970 0.5573533
2971 0.8098979
2972 0.9550538
2973 0.5601614
2974 0.3761079
2975 0.935087
2976 0.8624699
2977 0.7928625
2978 0.3877576
2979 0.6642945
2980 0.2740077
2981 0.2510099
2982 0.1301073
2983 0.9708378
2984 0.979132
2985 0.6371276
2986 0.7828335
2987 0.383687
2988 0.5158273
2989 0.7575284
2990 0.3128083
2991 0.3348716
2992 0.5132217
2993 0.2107464
2994 0.6009716
2995 0.5918666
2996 0.440928
2997 0.7230397
2998 0.7863611
2999 0.09118421
3000 0.4988297
3001 0.06301999
3002 0.8705558
3003 0.7614148
3004 0.6205055
3005 0.7557697
3006 0.4169503
3007 0.5484185
3008 0.9094455
3009 0.2832071
3010 0.4515731
3011 0.3157872
3012 0.9370458
3013 0.6218984
3014 0.8842156
3015 0.05410185
3016 0.6376448
3017 0.3462674
3018 0.1937445
3019 0.5595881
3020 0.4458152
3021 0.8410791
3022 0.8192313
3023 0.6721012
3024 0.4804225
3025 0.3155631
3026 0.4087066
3027 0.3719515
3028 0.8315426
3029 0.8520308
3030 0.01854296
3031 0.08414597
3032 0.803343
3033 0.5846644
3034 0.06740324
3035 0.479089
3036 0.5737122
3037 0.05017016
3038 0.9868596
3039 0.7699103
3040 0.3242393
3041 0.430432
3042 0.08286317
3043 0.9333855
3044 0.6460169
3045 0.2168167
3046 0.733358
3047 0.8026653
3048 0.613622
3049 0.6345232
3050 0.492954
3051 0.7943226
3052 0.6412085
3053 0.1662689
3054 0.4693555
3055 0.1872791
3056 0.8511024
3057 0.7934988
3058 0.7891824
3059 0.3306556
3060 0.8922128
3061 0.7554438
3062 0.5990235
3063 0.9253445
3064 0.1733463
3065 0.4918724
3066 0.5885039
3067 0.2791491
3068 0.822989
3069 0.7150693
3070 0.8028028
3071 0.8741993
3072 0.5877727
3073 0.07953881
3074 0.2241742
3075 0.9317856
3076 0.7404013
3077 0.280499
3078 0.981746
3079 0.03504613
3080 0.8346105
3081 0.8025168
3082 0.2344241
3083 0.227656
3084 0.8617218
3085 0.3888185
3086 0.5915915
3087 0.3550857
3088 0.6317616
3089 0.9960784
3090 0.7107716
3091 0.7836325
3092 0.09551018
3093 0.7236821
3094 0.2311149
3095 0.6563753
3096 0.8040775
3097 0.3412189
3098 0.8235034
3099 0.8292022
3100 0.7390272
3101 0.927027
3102 0.7365355
3103 0.2516919
3104 0.5679574
3105 0.8467768
3106 0.7605622
3107 0.6949093
3108 0.1953272
3109 0.7742515
3110 0.1790677
3111 0.7525918
3112 0.244884
3113 0.9190734
3114 0.4838382
3115 0.210013
3116 0.1177173
3117 0.4124946
3118 0.5021122
3119 0.7173526
3120 0.5281508
3121 0.4069768
3122 0.4144016
3123 0.4019607
3124 0.161705
3125 0.1423286
3126 0.3992426
3127 0.9974328
3128 0.3314893
3129 0.3343828
3130 0.7645813
3131 0.9904346
3132 0.5567951
3133 0.717374
3134 0.1649042
3135 0.7715127
3136 0.7368195
3137 0.08468319
3138 0.4460259
3139 0.2171098
3140 0.8954651
3141 0.9445692
3142 0.9360983
3143 0.5041572
3144 0.05573792
3145 0.01519591
3146 0.8974048
3147 0.8672951
3148 0.1010973
3149 0.1160063
3150 0.8168981
3151 0.6019591
3152 0.329745
3153 0.6006343
3154 0.7284902
3155 0.0184905
3156 0.5624756
3157 0.118357
3158 0.6619773
3159 0.6463831
3160 0.1335217
3161 0.1343016
3162 0.9540807
3163 0.6970568
3164 0.330083
3165 0.5462117
3166 0.5853865
3167 0.5871695
3168 0.6867201
3169 0.9675152
3170 0.3981537
3171 0.4792699
3172 0.7446812
3173 0.6072126
3174 0.8708039
3175 0.2353474
3176 0.2673229
3177 0.5487566
3178 0.7310928
3179 0.4492914
3180 0.231803
3181 0.9672351
3182 0.4287091
3183 0.600642
3184 0.7399152
3185 0.1464286
3186 0.6190077
3187 0.7499877
3188 0.9903757
3189 0.08999511
3190 0.5197336
3191 0.7919993
3192 0.6642868
3193 0.9087461
3194 0.2847773
3195 0.1971154
3196 0.1120037
3197 0.09651707
3198 0.6289748
3199 0.9011592
3200 0.9761861
3201 0.8608563
3202 0.7438204
3203 0.3619814
3204 0.696458
3205 0.9737149
3206 0.8236113
3207 0.6244275
3208 0.6357124
3209 0.2304931
3210 0.01877163
3211 0.8411157
3212 0.962954
3213 0.7154826
3214 0.5840019
3215 0.82376
3216 0.6653183
3217 0.4127914
3218 0.9612155
3219 0.6638284
3220 0.1398251
3221 0.83092
3222 0.6591109
3223 0.6586485
3224 0.4340346
3225 0.5906073
3226 0.7221617
3227 0.7967126
3228 0.2882356
3229 0.1994647
3230 0.476357
3231 0.5513429
3232 0.4494158
3233 0.3404057
3234 0.5254078
3235 0.9322707
3236 0.3898992
3237 0.6710485
3238 0.7902719
3239 0.4379756
3240 0.05223594
3241 0.9063835
3242 0.1785117
3243 0.6460118
3244 0.4519437
3245 0.22797
3246 0.6520809
3247 0.9397371
3248 0.4773699
3249 0.8897442
3250 0.8570024
3251 0.09224626
3252 0.3030736
3253 0.2828975
3254 0.5400293
3255 0.6583594
3256 0.6030628
3257 0.0435761
3258 0.4144088
3259 0.770152
3260 0.402445
3261 0.4860981
3262 0.07688801
3263 0.8528147
3264 0.3430722
3265 0.1092135
3266 0.6640933
3267 0.7136976
3268 0.4162998
3269 0.6475743
3270 0.3538196
3271 0.04124767
3272 0.05801162
3273 0.1004243
3274 0.7033483
3275 0.414424
3276 0.5477641
3277 0.01499616
3278 0.5180372
3279 0.611702
3280 0.9101585
3281 0.5735995
3282 0.6433805
3283 0.9786747
3284 0.6571509
3285 0.470549
3286 0.7204147
3287 0.4273754
3288 0.7124375
3289 0.6721773
3290 0.4790534
3291 0.6567411
3292 0.666193
3293 0.5010167
3294 0.7084692
3295 0.902918
3296 0.368981
3297 0.565082
3298 0.4393898
3299 0.03303761
3300 0.2153436
3301 0.1252216
3302 0.3202631
3303 0.4127858
3304 0.9903695
3305 0.8729995
3306 0.5414017
3307 0.1830493
3308 0.3171641
3309 0.2910841
3310 0.1730846
3311 0.3911968
3312 0.8759446
3313 0.5917688
3314 0.2614177
3315 0.5976265
3316 0.1827027
3317 0.853601
3318 0.9563503
3319 0.5814898
3320 0.893153
3321 0.7244937
3322 0.8754547
3323 0.5857594
3324 0.739587
3325 0.2804305
3326 0.3039115
3327 0.6585106
3328 0.8155453
3329 0.6433891
3330 0.2547719
3331 0.5198562
3332 0.5429704
3333 0.5794369
3334 0.7679687
3335 0.06207902
3336 0.6367596
3337 0.7834483
3338 0.6979397
3339 0.6393959
3340 0.8391907
3341 0.7469608
3342 0.5412353
3343 0.8448762
3344 0.7704406
3345 0.5899617
3346 0.9770727
3347 0.1228648
3348 0.1965329
3349 0.57878
3350 0.330476
3351 0.3187467
3352 0.01129071
3353 0.1283401
3354 0.9359406
3355 0.9890201
3356 0.43565
3357 0.1584817
3358 0.5042482
3359 0.1888691
3360 0.3045024
3361 0.2862399
3362 0.7731068
3363 0.2354584
3364 0.8159663
3365 0.9961017
3366 0.5831203
3367 0.5384149
3368 0.3744677
3369 0.3702696
3370 0.9457947
3371 0.8860437
3372 0.8678342
3373 0.3385201
3374 0.6652765
3375 0.5651978
3376 0.01754452
3377 0.4928681
3378 0.2845526
3379 0.3925634
3380 0.06619957
3381 0.3252449
3382 0.08344183
3383 0.87317
3384 0.5687485
3385 0.3867223
3386 0.1371091
3387 0.7457798
3388 0.1408806
3389 0.8052895
3390 0.7907555
3391 0.2188098
3392 0.9445691
3393 0.7097266
3394 0.9709243
3395 0.06681267
3396 0.5208696
3397 0.03301072
3398 0.02703835
3399 0.07126666
3400 0.9517564
3401 0.6661908
3402 0.7690584
3403 0.6029315
3404 0.5145504
3405 0.9801767
3406 0.6447328
3407 0.6462259
3408 0.3376949
3409 0.422476
3410 0.3573227
3411 0.9946474
3412 0.3134655
3413 0.9137844
3414 0.434913
3415 0.6245232
3416 0.8278133
3417 0.6759647
3418 0.853801
3419 0.8192637
3420 0.3239204
3421 0.6928849
3422 0.7546099
3423 0.6053226
3424 0.9716674
3425 0.5930581
3426 0.5548768
3427 0.3162958
3428 0.04527165
3429 0.135063
3430 0.1809423
3431 0.7375765
3432 0.3187544
3433 0.8853218
3434 0.6491446
3435 0.4914806
3436 0.1891389
3437 0.3751868
3438 0.7923836
3439 0.6407406
3440 0.2448266
3441 0.6604221
3442 0.4521213
3443 0.03552946
3444 0.350593
3445 0.6107133
3446 0.3634648
3447 0.4606651
3448 0.352022
3449 0.4357107
3450 0.6010525
3451 0.2985835
3452 0.9848301
3453 0.7244099
3454 0.398836
3455 0.1698431
3456 0.5051792
3457 0.6425367
3458 0.3889383
3459 0.7511317
3460 0.96873
3461 0.9105097
3462 0.2349058
3463 0.7364737
3464 0.09918965
3465 0.09834483
3466 0.7625983
3467 0.693053
3468 0.6966124
3469 0.4881796
3470 0.8108034
3471 0.2358401
3472 0.4846048
3473 0.240581
3474 0.9648174
3475 0.9427514
3476 0.4924014
3477 0.9481033
3478 0.3370821
3479 0.2881162
3480 0.6385891
3481 0.1338266
3482 0.1682281
3483 0.100188
3484 0.7122912
3485 0.8908133
3486 0.1582134
3487 0.9476257
3488 0.6301338
3489 0.02447017
3490 0.3668861
3491 0.8357707
3492 0.201963
3493 0.1568282
3494 0.554804
3495 0.9724826
3496 0.4317921
3497 0.5279337
3498 0.4971853
3499 0.122079
3500 0.247069
3501 0.240742
3502 0.8395167
3503 0.7876725
3504 0.8859728
3505 0.2773991
3506 0.750769
3507 0.6371473
3508 0.3670836
3509 0.4453316
3510 0.3443945
3511 0.9923352
3512 0.5498333
3513 0.5765074
3514 0.4584763
3515 0.1095393
3516 0.5912568
3517 0.1649462
3518 0.6378882
3519 0.0380072
3520 0.5931274
3521 0.1068112
3522 0.3550871
3523 0.6902981
3524 0.9792377
3525 0.3426084
3526 0.3901893
3527 0.1962023
3528 0.1080599
3529 0.948225
3530 0.2639039
3531 0.06398581
3532 0.1598604
3533 0.0688192
3534 0.1998765
3535 0.9759965
3536 0.5436482
3537 0.7977612
3538 0.6726021
3539 0.9196335
3540 0.4435562
3541 0.414006
3542 0.7566343
3543 0.09377533
3544 0.1363557
3545 0.4734673
3546 0.8023987
3547 0.833256
3548 0.2546941
3549 0.5553802
3550 0.9304671
3551 0.562079
3552 0.3055226
3553 0.9083619
3554 0.2733807
3555 0.6430567
3556 0.08023021
3557 0.7435458
3558 0.2766231
3559 0.1150075
3560 0.1533387
3561 0.8183635
3562 0.9787124
3563 0.7272011
3564 0.2992048
3565 0.8077685
3566 0.4628849
3567 0.4691845
3568 0.9390702
3569 0.6839126
3570 0.9249564
3571 0.8963439
3572 0.3895017
3573 0.4546023
3574 0.3459955
3575 0.8811351
3576 0.2775037
3577 0.4301795
3578 0.6658452
3579 0.7826762
3580 0.7691825
3581 0.6517766
3582 0.8387379
3583 0.1885712
3584 0.8952943
3585 0.478749
3586 0.448194
3587 0.3667013
3588 0.4804473
3589 0.8786141
3590 0.5231164
3591 0.4155195
3592 0.9557515
3593 0.5888426
3594 0.3310317
3595 0.6575525
3596 0.9686092
3597 0.5272845
3598 0.9580987
3599 0.6126804
3600 0.3725586
3601 0.7093045
3602 0.5631367
3603 0.54561
3604 0.8282349
3605 0.6221746
3606 0.8159365
3607 0.479002
3608 0.3483085
3609 0.6579724
3610 0.8765401
3611 0.7360931
3612 0.4315006
3613 0.3574011
3614 0.04166237
3615 0.4739244
3616 0.2360349
3617 0.2706968
3618 0.6857831
3619 0.1188962
3620 0.9143833
3621 0.1653549
3622 0.6995223
3623 0.4328231
3624 0.7724453
3625 0.3364459
3626 0.3645397
3627 0.8928104
3628 0.4351583
3629 0.9947673
3630 0.9476769
3631 0.3530152
3632 0.5798692
3633 0.5437631
3634 0.5385447
3635 0.7369178
3636 0.3467312
3637 0.5851657
3638 0.2011095
3639 0.2836765
3640 0.3132164
3641 0.2352119
3642 0.3518706
3643 0.9260685
3644 0.8079328
3645 0.955497
3646 0.8106402
3647 0.2742837
3648 0.586683
3649 0.3986515
3650 0.4738466
3651 0.4028511
3652 0.3336068
3653 0.9080979
3654 0.6260936
3655 0.7808589
3656 0.5371596
3657 0.2883853
3658 0.09210852
3659 0.9237836
3660 0.5346147
3661 0.9346896
3662 0.8036533
3663 0.8673589
3664 0.9490536
3665 0.2920181
3666 0.3783781
3667 0.7173202
3668 0.7767012
3669 0.526736
3670 0.6459039
3671 0.498824
3672 0.1556441
3673 0.7712438
3674 0.8129201
3675 0.5791571
3676 0.3490277
3677 0.345055
3678 0.1041461
3679 0.2059292
3680 0.09603633
3681 0.4595897
3682 0.8539061
3683 0.8116923
3684 0.2346833
3685 0.2004053
3686 0.9364947
3687 0.09831528
3688 0.4524828
3689 0.6837944
3690 0.1325568
3691 0.9706806
3692 0.6337761
3693 0.9057758
3694 0.7491163
3695 0.1269064
3696 0.457904
3697 0.3020757
3698 0.7841373
3699 0.1942869
3700 0.226094
3701 0.4534467
3702 0.6811609
3703 0.5780233
3704 0.5289208
3705 0.736831
3706 0.2893329
3707 0.3042874
3708 0.5864522
3709 0.9409222
3710 0.6442327
3711 0.5691778
3712 0.7470083
3713 0.8379909
3714 0.2042843
3715 0.1992775
3716 0.5849522
3717 0.6577547
3718 0.6317994
3719 0.9967097
3720 0.4101091
3721 0.7796387
3722 0.04970032
3723 0.8939129
3724 0.2517608
3725 0.5570499
3726 0.5535593
3727 0.4977804
3728 0.7436038
3729 0.2888629
3730 0.3653115
3731 0.769952
3732 0.5574614
3733 0.7435538
3734 0.3013224
3735 0.3673506
3736 0.6268615
3737 0.929369
3738 0.7046083
3739 0.09173089
3740 0.9874907
3741 0.4154878
3742 0.53885
3743 0.5508434
3744 0.542897
3745 0.9893113
3746 0.7890805
3747 0.7978171
3748 0.9421876
3749 0.5763615
3750 0.1311437
3751 0.8582577
3752 0.7114381
3753 0.9916633
3754 0.6375499
3755 0.5004958
3756 0.3854705
3757 0.9045301
3758 0.689786
3759 0.6639968
3760 0.6662808
3761 0.6023258
3762 0.733389
3763 0.3199832
3764 0.5912452
3765 0.6605864
3766 0.9175037
3767 0.368935
3768 0.3235597
3769 0.8580173
3770 0.2977923
3771 0.3436286
3772 0.7757641
3773 0.8460119
3774 0.7248918
3775 0.208867
3776 0.3337496
3777 0.9502136
3778 0.2554948
3779 0.4901748
3780 0.4602255
3781 0.4063592
3782 0.736863
3783 0.5681596
3784 0.6195872
3785 0.5542925
3786 0.7117714
3787 0.07351909
3788 0.430603
3789 0.5355885
3790 0.3335445
3791 0.4151648
3792 0.9623641
3793 0.6267412
3794 0.9423251
3795 0.933168
3796 0.7610543
3797 0.580809
3798 0.3098073
3799 0.2161354
3800 0.8443582
3801 0.3435259
3802 0.5458708
3803 0.7964947
3804 0.2012005
3805 0.7963902
3806 0.5024626
3807 0.1620271
3808 0.5971325
3809 0.2236902
3810 0.2041764
3811 0.7913533
3812 0.1228415
3813 0.4546009
3814 0.4861628
3815 0.3207577
3816 0.8622994
3817 0.7084998
3818 0.5034618
3819 0.8604104
3820 0.9807769
3821 0.1767844
3822 0.9708623
3823 0.6029125
3824 0.5933725
3825 0.5649615
3826 0.2108767
3827 0.2090701
3828 0.3653694
3829 0.7192182
3830 0.2434331
3831 0.04748006
3832 0.5257402
3833 0.3197766
3834 0.5671458
3835 0.6159757
3836 0.623357
3837 0.7307332
3838 0.6579849
3839 0.1062119
3840 0.6495125
3841 0.4797176
3842 0.6522799
3843 0.4622001
3844 0.8064602
3845 0.06116693
3846 0.3137138
3847 0.547452
3848 0.1152641
3849 0.809229
3850 0.6569994
3851 0.3668676
3852 0.5244926
3853 0.6744149
3854 0.09929892
3855 0.2882964
3856 0.1656674
3857 0.2473716
3858 0.0606703
3859 0.2657396
3860 0.809932
3861 0.3936773
3862 0.4828554
3863 0.8809065
3864 0.9772551
3865 0.2756647
3866 0.142967
3867 0.8952749
3868 0.8328051
3869 0.4751759
3870 0.4298316
3871 0.1724891
3872 0.6587189
3873 0.4648846
3874 0.6498235
3875 0.944645
3876 0.8492365
3877 0.4579195
3878 0.6116507
3879 0.9793214
3880 0.973738
3881 0.08384621
3882 0.8207128
3883 0.3342181
3884 0.706437
3885 0.2583579
3886 0.3764763
3887 0.3453637
3888 0.5478769
3889 0.1772374
3890 0.8600288
3891 0.975184
3892 0.7140129
3893 0.1961465
3894 0.640681
3895 0.9771702
3896 0.5326362
3897 0.8789267
3898 0.5992156
3899 0.9927909
3900 0.9799032
3901 0.9363885
3902 0.8553225
3903 0.4562693
3904 0.134625
3905 0.295873
3906 0.858663
3907 0.5995558
3908 0.3840101
3909 0.1179183
3910 0.5224705
3911 0.9376657
3912 0.8597854
3913 0.1911998
3914 0.1942028
3915 0.5552885
3916 0.6584972
3917 0.2251764
3918 0.3368862
3919 0.6855426
3920 0.8998267
3921 0.4012693
3922 0.7788999
3923 0.7454828
3924 0.735605
3925 0.2209463
3926 0.5424044
3927 0.1629242
3928 0.1690521
3929 0.8180418
3930 0.3173866
3931 0.5379554
3932 0.6193525
3933 0.935265
3934 0.8038819
3935 0.102608
3936 0.03057649
3937 0.1412728
3938 0.5087798
3939 0.6515864
3940 0.537286
3941 0.9404251
3942 0.6729014
3943 0.2621672
3944 0.9234532
3945 0.2177046
3946 0.3499892
3947 0.4096889
3948 0.2461099
3949 0.359276
3950 0.2211098
3951 0.4068667
3952 0.2867318
3953 0.8471571
3954 0.6344254
3955 0.8636394
3956 0.763867
3957 0.9796985
3958 0.9645861
3959 0.4439977
3960 0.5642409
3961 0.643527
3962 0.1754194
3963 0.7773051
3964 0.7511306
3965 0.3425258
3966 0.6627057
3967 0.1492437
3968 0.2331675
3969 0.977987
3970 0.9452653
3971 0.5140365
3972 0.5824292
3973 0.8667703
3974 0.4143875
3975 0.9116901
3976 0.4937375
3977 0.1340157
3978 0.6885299
3979 0.8990352
3980 0.2581185
3981 0.6583644
3982 0.7788847
3983 0.784611
3984 0.2470107
3985 0.1200267
3986 0.7175791
3987 0.2811466
3988 0.1152226
3989 0.8600081
3990 0.7161155
3991 0.6708957
3992 0.1645856
3993 0.2658976
3994 0.394022
3995 0.9579397
3996 0.9553431
3997 0.2234568
3998 0.8257581
3999 0.5978611
4000 0.6250035
4001 0.5633787
4002 0.08094098
4003 0.4130875
4004 0.4310062
4005 0.01350925
4006 0.9459164
4007 0.2149549
4008 0.04407421
4009 0.875536
4010 0.6107037
4011 0.7058855
4012 0.7120825
4013 0.6016373
4014 0.8089503
4015 0.9703605
4016 0.9957918
4017 0.6786963
4018 0.5925292
4019 0.5457641
4020 0.835811
4021 0.02704789
4022 0.7218315
4023 0.7658984
4024 0.9084295
4025 0.6746248
4026 0.8997126
4027 0.4786235
4028 0.6985379
4029 0.4107101
4030 0.5033241
4031 0.5684311
4032 0.6287065
4033 0.7591015
4034 0.2787023
4035 0.8824715
4036 0.1456468
4037 0.6888952
4038 0.8323785
4039 0.7483553
4040 0.719767
4041 0.9228846
4042 0.8607501
4043 0.157729
4044 0.2523851
4045 0.7756723
4046 0.2267742
4047 0.5762623
4048 0.722081
4049 0.4906063
4050 0.3555152
4051 0.6661442
4052 0.8153275
4053 0.6269306
4054 0.8790612
4055 0.1360352
4056 0.2105446
4057 0.5450222
4058 0.4184739
4059 0.5615799
4060 0.7469917
4061 0.1829405
4062 0.7447787
4063 0.6951356
4064 0.7272227
4065 0.7804005
4066 0.4512211
4067 0.6165841
4068 0.2253669
4069 0.3034498
4070 0.8509496
4071 0.2801033
4072 0.2698782
4073 0.1966813
4074 0.9605495
4075 0.1068423
4076 0.4431793
4077 0.8715966
4078 0.8548991
4079 0.2688702
4080 0.901778
4081 0.2936235
4082 0.9882791
4083 0.3698948
4084 0.947028
4085 0.9216214
4086 0.2762816
4087 0.5946066
4088 0.3757603
4089 0.02216362
4090 0.5324411
4091 0.6403773
4092 0.4761308
4093 0.6522464
4094 0.9161125
4095 0.9549316
4096 0.7778902
4097 0.3899437
4098 0.7978839
4099 0.538065
4100 0.9170376
4101 0.6649875
4102 0.7958125
4103 0.5934254
4104 0.5287324
4105 0.6835243
4106 0.7034098
4107 0.7889067
4108 0.5762888
4109 0.6313249
4110 0.7918615
4111 0.9197767
4112 0.4204959
4113 0.6127564
4114 0.56706
4115 0.2417268
4116 0.4907437
4117 0.4236718
4118 0.1939336
4119 0.7992414
4120 0.2621261
4121 0.8570709
4122 0.5093419
4123 0.9730119
4124 0.7161781
4125 0.6116778
4126 0.2338263
4127 0.4334459
4128 0.3545761
4129 0.2376263
4130 0.3305418
4131 0.1274239
4132 0.3316012
4133 0.3079474
4134 0.8227712
4135 0.3827368
4136 0.8991585
4137 0.3465718
4138 0.3373782
4139 0.23168
4140 0.9617696
4141 0.2437102
4142 0.4620449
4143 0.156833
4144 0.3331954
4145 0.6066677
4146 0.9407164
4147 0.4208399
4148 0.6980262
4149 0.7599622
4150 0.4772219
4151 0.7854663
4152 0.742483
4153 0.3269711
4154 0.1987638
4155 0.2665699
4156 0.8017532
4157 0.8669568
4158 0.8931974
4159 0.830681
4160 0.9236624
4161 0.9577257
4162 0.1237434
4163 0.4655532
4164 0.5081307
4165 0.9545699
4166 0.9821468
4167 0.9671629
4168 0.001716593
4169 0.3661631
4170 0.4592958
4171 0.1497655
4172 0.2120371
4173 0.6128625
4174 0.6448611
4175 0.9006165
4176 0.3080954
4177 0.6254117
4178 0.6463277
4179 0.6365891
4180 0.9992944
4181 0.4983567
4182 0.8067959
4183 0.0180679
4184 0.8218124
4185 0.8849486
4186 0.527826
4187 0.9759514
4188 0.8376946
4189 0.1453552
4190 0.4297403
4191 0.98041
4192 0.8359089
4193 0.458674
4194 0.3509996
4195 0.3362439
4196 0.1005151
4197 0.7261146
4198 0.585863
4199 0.5852244
4200 0.1213491
4201 0.7623262
4202 0.5285353
4203 0.5746364
4204 0.351101
4205 0.5432101
4206 0.522037
4207 0.2420807
4208 0.6548115
4209 0.09179972
4210 0.5421463
4211 0.4751268
4212 0.06357729
4213 0.2245917
4214 0.3885906
4215 0.3024647
4216 0.607884
4217 0.7973909
4218 0.7596765
4219 0.07692806
4220 0.6407083
4221 0.8379848
4222 0.2221933
4223 0.5109763
4224 0.9449804
4225 0.6491958
4226 0.3756587
4227 0.2006961
4228 0.9405208
4229 0.7774358
4230 0.3664965
4231 0.8319138
4232 0.2365254
4233 0.5796609
4234 0.9120644
4235 0.2208231
4236 0.9114636
4237 0.502503
4238 0.5183659
4239 0.3169341
4240 0.01087967
4241 0.9901753
4242 0.5992363
4243 0.3218
4244 0.6819792
4245 0.5775775
4246 0.1726082
4247 0.9866778
4248 0.1979341
4249 0.6377128
4250 0.341647
4251 0.8501143
4252 0.6525497
4253 0.9440542
4254 0.9436351
4255 0.9027497
4256 0.3200449
4257 0.9060678
4258 0.4633936
4259 0.9450593
4260 0.6703308
4261 0.5545262
4262 0.8097349
4263 0.9395054
4264 0.5777221
4265 0.7921038
4266 0.86479
4267 0.1407697
4268 0.7261255
4269 0.3513773
4270 0.9264522
4271 0.190359
4272 0.5418074
4273 0.5259759
4274 0.6379392
4275 0.4913481
4276 0.337909
4277 0.6115764
4278 0.5663937
4279 0.26757
4280 0.07117185
4281 0.7291368
4282 0.2056044
4283 0.8670811
4284 0.7081667
4285 0.6038385
4286 0.3168416
4287 0.1349515
4288 0.6117145
4289 0.6198007
4290 0.145393
4291 0.8825149
4292 0.6890185
4293 0.1976963
4294 0.09822424
4295 0.6591475
4296 0.164347
4297 0.2186963
4298 0.3422652
4299 0.9450621
4300 0.9339621
4301 0.9464821
4302 0.9505922
4303 0.2393763
4304 0.5928792
4305 0.4844099
4306 0.5660725
4307 0.7279258
4308 0.3531781
4309 0.2837783
4310 0.4346541
4311 0.5050571
4312 0.3952795
4313 0.8504361
4314 0.4526227
4315 0.9772673
4316 0.05400237
4317 0.3250927
4318 0.8850283
4319 0.80359
4320 0.4235923
4321 0.3289513
4322 0.6225881
4323 0.006768386
4324 0.1056211
4325 0.3814048
4326 0.5714722
4327 0.1558088
4328 0.7372101
4329 0.3303792
4330 0.5714441
4331 0.8846188
4332 0.8204264
4333 0.6345981
4334 0.6796688
4335 0.3553562
4336 0.2610526
4337 0.6115999
4338 0.1864777
4339 0.9205744
4340 0.1237183
4341 0.509303
4342 0.9161815
4343 0.2992192
4344 0.1885563
4345 0.8752379
4346 0.3314611
4347 0.4971616
4348 0.9764614
4349 0.8107039
4350 0.7023105
4351 0.4708113
4352 0.7923648
4353 0.8025651
4354 0.5277363
4355 0.7831944
4356 0.7192023
4357 0.7640672
4358 0.4453814
4359 0.5131657
4360 0.4093434
4361 0.849047
4362 0.9951742
4363 0.670329
4364 0.9487073
4365 0.4519603
4366 0.7345701
4367 0.7047886
4368 0.8431392
4369 0.6242896
4370 0.558114
4371 0.7358711
4372 0.9127141
4373 0.9712661
4374 0.8791124
4375 0.8324645
4376 0.9391237
4377 0.494273
4378 0.62058
4379 0.8516755
4380 0.1681762
4381 0.461585
4382 0.9330123
4383 0.7867659
4384 0.439483
4385 0.2899285
4386 0.1739711
4387 0.6604192
4388 0.3207184
4389 0.8848278
4390 0.2063944
4391 0.6074491
4392 0.2116382
4393 0.6186263
4394 0.7906094
4395 0.8777667
4396 0.2201238
4397 0.2746754
4398 0.3846792
4399 0.439975
4400 0.0813106
4401 0.5373331
4402 0.7683289
4403 0.4523666
4404 0.5605383
4405 0.1164405
4406 0.4180643
4407 0.185738
4408 0.9736763
4409 0.8101639
4410 0.09897981
4411 0.2747931
4412 0.5851759
4413 0.6748607
4414 0.5936937
4415 0.4601872
4416 0.5730936
4417 0.3761098
4418 0.14992
4419 0.6085706
4420 0.1335706
4421 0.6462208
4422 0.9987391
4423 0.6294059
4424 0.9286694
4425 0.2424315
4426 0.6494477
4427 0.8860636
4428 0.3384492
4429 0.6877134
4430 0.6252157
4431 0.7336216
4432 0.330007
4433 0.5258284
4434 0.5762793
4435 0.5946747
4436 0.490143
4437 0.6160802
4438 0.6107561
4439 0.9505713
4440 0.6076426
4441 0.9372999
4442 0.3994573
4443 0.7514056
4444 0.9529583
4445 0.3515801
4446 0.9633806
4447 0.3844003
4448 0.2658583
4449 0.5872222
4450 0.9446213
4451 0.2128934
4452 0.1131178
4453 0.08853331
4454 0.9615508
4455 0.9652654
4456 0.9627009
4457 0.6580761
4458 0.1306383
4459 0.888428
4460 0.4676875
4461 0.5578702
4462 0.3454844
4463 0.5810467
4464 0.5101911
4465 0.8736274
4466 0.2247511
4467 0.32805
4468 0.08636747
4469 0.8462603
4470 0.459261
4471 0.1986421
4472 0.1999534
4473 0.7660011
4474 0.3227343
4475 0.1310659
4476 0.9875111
4477 0.8309267
4478 0.676915
4479 0.1157645
4480 0.2879437
4481 0.5878387
4482 0.107504
4483 0.1717683
4484 0.6720009
4485 0.263009
4486 0.1295671
4487 0.8175098
4488 0.2714012
4489 0.3510989
4490 0.8345781
4491 0.8101751
4492 0.7583207
4493 0.7710211
4494 0.6691673
4495 0.6419809
4496 0.6702833
4497 0.9464237
4498 0.5564552
4499 0.3490153
4500 0.638103
4501 0.1796351
4502 0.8876577
4503 0.9992724
4504 0.7197712
4505 0.4934065
4506 0.8933986
4507 0.7452337
4508 0.9416467
4509 0.611995
4510 0.9019184
4511 0.8612264
4512 0.1088489
4513 0.2143203
4514 0.8459969
4515 0.5396767
4516 0.6859967
4517 0.8471639
4518 0.982494
4519 0.3015307
4520 0.3000006
4521 0.04772878
4522 0.2429168
4523 0.6879263
4524 0.6781695
4525 0.1049912
4526 0.6988622
4527 0.5459155
4528 0.3067263
4529 0.4860731
4530 0.07660796
4531 0.7818936
4532 0.2233438
4533 0.353773
4534 0.5014947
4535 0.7276976
4536 0.818729
4537 0.313399
4538 0.9844191
4539 0.2815385
4540 0.5315813
4541 0.775887
4542 0.7706507
4543 0.7826428
4544 0.1156063
4545 0.5298065
4546 0.3152732
4547 0.9074233
4548 0.1217613
4549 0.2351975
4550 0.6880992
4551 0.8040704
4552 0.03232428
4553 0.5928881
4554 0.7707228
4555 0.6381836
4556 0.5273171
4557 0.7955221
4558 0.3431782
4559 0.5887712
4560 0.3011068
4561 0.2026604
4562 0.6906326
4563 0.5773232
4564 0.4990602
4565 0.4103531
4566 0.5593956
4567 0.6470801
4568 0.4541677
4569 0.1150315
4570 0.1310064
4571 0.7751872
4572 0.4619128
4573 0.8498322
4574 0.9140998
4575 0.283612
4576 0.8380327
4577 0.1506839
4578 0.1462201
4579 0.3539811
4580 0.00336767
4581 0.3138636
4582 0.6474011
4583 0.03938633
4584 0.7301579
4585 0.07836495
4586 0.06507939
4587 0.6092629
4588 0.1371753
4589 0.5095258
4590 0.2480346
4591 0.8054757
4592 0.05514817
4593 0.8553078
4594 0.4447421
4595 0.5902846
4596 0.6778964
4597 0.4746409
4598 0.08944726
4599 0.3513968
4600 0.3030176
4601 0.9534775
4602 0.5076881
4603 0.9113938
4604 0.3448249
4605 0.8845932
4606 0.4338066
4607 0.1219869
4608 0.3978179
4609 0.6396098
4610 0.433498
4611 0.9121218
4612 0.352924
4613 0.4774085
4614 0.4216193
4615 0.1425302
4616 0.5665376
4617 0.500699
4618 0.5503403
4619 0.5171246
4620 0.3394861
4621 0.9130229
4622 0.5967794
4623 0.006621527
4624 0.2919724
4625 0.4291897
4626 0.8334665
4627 0.0448111
4628 0.5195544
4629 0.2517125
4630 0.527753
4631 0.3018693
4632 0.3846725
4633 0.822999
4634 0.3567335
4635 0.9845
4636 0.4405316
4637 0.9409992
4638 0.9526939
4639 0.1927704
4640 0.6580132
4641 0.02416247
4642 0.768266
4643 0.08453093
4644 0.8909791
4645 0.2562556
4646 0.6691272
4647 0.3779573
4648 0.256384
4649 0.9095109
4650 0.6182566
4651 0.1998642
4652 0.9690562
4653 0.8830082
4654 0.5553811
4655 0.9049903
4656 0.02911649
4657 0.555501
4658 0.9914375
4659 0.6794954
4660 0.3757511
4661 0.8948563
4662 0.9379292
4663 0.5680808
4664 0.2667732
4665 0.4265252
4666 0.1048841
4667 0.5487665
4668 0.7853268
4669 0.04261826
4670 0.3843174
4671 0.8126482
4672 0.08428993
4673 0.3483991
4674 0.7972419
4675 0.3968743
4676 0.4869131
4677 0.4472639
4678 0.6996859
4679 0.2094863
4680 0.6791797
4681 0.1790557
4682 0.1972648
4683 0.9355025
4684 0.862415
4685 0.2694133
4686 0.2644493
4687 0.4159547
4688 0.9668002
4689 0.4158808
4690 0.4990802
4691 0.6513285
4692 0.139943
4693 0.9545385
4694 0.5330067
4695 0.7587843
4696 0.3766357
4697 0.9135218
4698 0.1648378
4699 0.6861834
4700 0.9415663
4701 0.4875936
4702 0.6378082
4703 0.2247541
4704 0.08654858
4705 0.0005779348
4706 0.2152478
4707 0.3435392
4708 0.9940414
4709 0.9745636
4710 0.8537943
4711 0.8745381
4712 0.5824956
4713 0.7268779
4714 0.2389709
4715 0.004211854
4716 0.9194799
4717 0.6357419
4718 0.04010339
4719 0.706922
4720 0.8110809
4721 0.5983629
4722 0.4898272
4723 0.8812887
4724 0.256034
4725 0.6023873
4726 0.4157449
4727 0.3303311
4728 0.5056021
4729 0.5824649
4730 0.948352
4731 0.8343928
4732 0.2742995
4733 0.6068402
4734 0.340203
4735 0.7466098
4736 0.5520582
4737 0.648563
4738 0.3947161
4739 0.4260584
4740 0.8265781
4741 0.7279988
4742 0.8988482
4743 0.8610291
4744 0.57825
4745 0.8270844
4746 0.9475406
4747 0.8890541
4748 0.8465919
4749 0.8034563
4750 0.5182869
4751 0.9981859
4752 0.797523
4753 0.5462549
4754 0.5600065
4755 0.8316856
4756 0.9705906
4757 0.1804486
4758 0.8495026
4759 0.6351302
4760 0.1845764
4761 0.839069
4762 0.8951146
4763 0.6528071
4764 0.1811403
4765 0.5775533
4766 0.09041202
4767 0.7946222
4768 0.8852002
4769 0.8405155
4770 0.5426071
4771 0.4411306
4772 0.5304948
4773 0.1211018
4774 0.3119965
4775 0.6330714
4776 0.3092321
4777 0.9175201
4778 0.1342468
4779 0.8336178
4780 0.2578873
4781 0.5477611
4782 0.7553202
4783 0.1568018
4784 0.8470187
4785 0.9772856
4786 0.3444398
4787 0.9852208
4788 0.2370855
4789 0.8833493
4790 0.1106876
4791 0.9623833
4792 0.6364948
4793 0.3614529
4794 0.9269819
4795 0.02822662
4796 0.4256151
4797 0.9086114
4798 0.8289548
4799 0.6446849
4800 0.178494
4801 0.711071
4802 0.3983143
4803 0.2534424
4804 0.7600346
4805 0.2088381
4806 0.6050968
4807 0.4502702
4808 0.6115053
4809 0.7291655
4810 0.7458025
4811 0.7456308
4812 0.4305376
4813 0.9352647
4814 0.03242255
4815 0.5659649
4816 0.105789
4817 0.311581
4818 0.8725296
4819 0.4670515
4820 0.982595
4821 0.7156423
4822 0.3570207
4823 0.234429
4824 0.8724348
4825 0.5736977
4826 0.6495846
4827 0.6128195
4828 0.4228358
4829 0.6588887
4830 0.5207483
4831 0.8569766
4832 0.7018982
4833 0.08956811
4834 0.2411913
4835 0.8552787
4836 0.7793466
4837 0.745121
4838 0.9288264
4839 0.8513654
4840 0.5573051
4841 0.5694417
4842 0.5322289
4843 0.4846911
4844 0.1975927
4845 0.8453746
4846 0.5091907
4847 0.434364
4848 0.2964139
4849 0.7909484
4850 0.6978982
4851 0.4578741
4852 0.1841946
4853 0.2258927
4854 0.3651206
4855 0.8321186
4856 0.6637464
4857 0.5367302
4858 0.2969221
4859 0.7972124
4860 0.1229927
4861 0.04169535
4862 0.735423
4863 0.5478944
4864 0.273331
4865 0.8213668
4866 0.9399949
4867 0.9386977
4868 0.4474369
4869 0.9344835
4870 0.5734955
4871 0.7304945
4872 0.8652196
4873 0.3435753
4874 0.4400683
4875 0.4118091
4876 0.9156522
4877 0.279062
4878 0.4908265
4879 0.6387618
4880 0.4381436
4881 0.2958861
4882 0.3532258
4883 0.5402618
4884 0.7115682
4885 0.6017465
4886 0.4413636
4887 0.7800332
4888 0.7665019
4889 0.726972
4890 0.7634964
4891 0.7374619
4892 0.6457343
4893 0.7656441
4894 0.6862593
4895 0.1619015
4896 0.4648647
4897 0.9241929
4898 0.949023
4899 0.2394502
4900 0.2276768
4901 0.3422023
4902 0.8168377
4903 0.4815473
4904 0.5336419
4905 0.6311126
4906 0.9642861
4907 0.9548832
4908 0.1137499
4909 0.9696282
4910 0.9891229
4911 0.9900716
4912 0.9587399
4913 0.5051147
4914 0.2949083
4915 0.6315325
4916 0.2013523
4917 0.007044658
4918 0.2108931
4919 0.1211718
4920 0.3602235
4921 0.5479873
4922 0.4121292
4923 0.546265
4924 0.8007634
4925 0.4198276
4926 0.362159
4927 0.9703995
4928 0.3950714
4929 0.02887036
4930 0.0427645
4931 0.1462528
4932 0.7458042
4933 0.4964181
4934 0.3200632
4935 0.9588358
4936 0.7611663
4937 0.6301971
4938 0.7483664
4939 0.6539968
4940 0.8821308
4941 0.09099386
4942 0.1071251
4943 0.6150904
4944 0.7054206
4945 0.4979097
4946 0.2533031
4947 0.2930486
4948 0.8106108
4949 0.9344622
4950 0.6890646
4951 0.7502473
4952 0.1618441
4953 0.7772382
4954 0.9738076
4955 0.6759325
4956 0.2579926
4957 0.8538002
4958 0.5017003
4959 0.5169142
4960 0.05836287
4961 0.2579375
4962 0.234974
4963 0.8531201
4964 0.7986812
4965 0.178877
4966 0.3187396
4967 0.7384816
4968 0.4034311
4969 0.1523851
4970 0.306724
4971 0.5070902
4972 0.9479384
4973 0.2893096
4974 0.7624565
4975 0.3068386
4976 0.7915005
4977 0.2378126
4978 0.1775442
4979 0.3993037
4980 0.8620455
4981 0.3375743
4982 0.3048939
4983 0.8727514
4984 0.543266
4985 0.3099108
4986 0.6711666
4987 0.9688777
4988 0.9033238
4989 0.6002788
4990 0.8001221
4991 0.4216667
4992 0.9533729
4993 0.7528679
4994 0.7721061
4995 0.845987
4996 0.474823
4997 0.1838298
4998 0.101727
4999 0.7991096
5000 0.7452735
