1 0.6882219
2 0.09788578
3 0.02511864
4 0.4750315
5 0.2592111
6 0.02773079
7 0.1223667
8 0.01876336
9 0.6207698
10 0.5851076
11 0.008886022
12 0.1381536
13 0.05771241
14 0.5078802
15 0.2907111
16 0.5261021
17 0.1709755
18 0.2543844
19 0.09353175
20 0.6061233
21 0.8190392
22 0.008970175
23 0.241707
24 0.002394177
25 0.2371616
26 0.166597
27 0.1078148
28 0.3383787
29 0.5461155
30 0.8752694
31 5.334102e-05
32 0.03089164
33 0.7409222
34 0.2060804
35 0.3864269
36 0.9492076
37 0.08237026
38 0.7631537
39 0.01259434
40 0.8949852
41 0.9362817
42 0.2994687
43 0.2042259
44 0.5445718
45 0.2618134
46 0.1908259
47 0.3424726
48 0.1877759
49 0.2982781
50 0.5100736
51 0.5925102
52 0.4383619
53 0.1171189
54 0.9435354
55 0.9928103
56 0.1729055
57 0.2182673
58 0.9202522
59 0.2969137
60 0.03447983
61 0.8437409
62 0.06813909
63 0.8019669
64 0.327218
65 0.04040605
66 0.568436
67 0.9210427
68 0.03067265
69 0.1402459
70 0.679725
71 0.1209917
72 0.1209067
73 0.2955159
74 0.004722009
75 0.004328116
76 0.8505729
77 0.03297212
78 0.2380689
79 0.0782083
80 0.5192818
81 0.2501745
82 0.8224772
83 0.2138859
84 0.5136578
85 0.464261
86 0.02153018
87 0.1991486
88 0.2396469
89 0.8251356
90 0.3088297
91 0.3267164
92 0.006814636
93 0.4239185
94 0.08266539
95 0.2526108
96 0.8741817
97 0.2506681
98 0.45126
99 0.1456185
100 0.4917755
101 0.04270688
102 0.06522312
103 0.8435596
104 0.7586751
105 0.2589621
106 0.9133778
107 0.07605291
108 0.824867
109 0.07115463
110 0.2348317
111 0.2266501
112 0.2838994
113 0.09126879
114 0.9618999
115 0.9806952
116 0.04610957
117 0.06977438
118 0.3129252
119 0.06569668
120 0.6003487
121 0.1173047
122 0.004165583
123 0.04820236
124 0.4106664
125 0.158815
126 0.1306758
127 0.7110581
128 0.1716565
129 0.4539578
130 0.0854373
131 0.7956807
132 0.04561158
133 0.9700017
134 0.9668018
135 0.595275
136 0.06869371
137 0.3187582
138 0.5958764
139 0.2567043
140 0.1762294
141 0.01585916
142 0.2385492
143 0.01710665
144 0.0338656
145 0.02835376
146 0.08746108
147 0.02365774
148 0.03884693
149 0.672576
150 0.09658227
151 0.0465742
152 0.1072903
153 0.5704487
154 0.1491678
155 0.03302258
156 7.507245e-08
157 0.322864
158 0.07705922
159 7.348548e-06
160 0.9133016
161 0.07636928
162 0.07088578
163 0.3480312
164 0.9690382
165 0.4986014
166 0.4790587
167 0.877142
168 0.03398178
169 0.05931501
170 0.6001037
171 0.3760566
172 0.06415153
173 0.2095737
174 0.8864668
175 0.04238393
176 0.1614204
177 0.09122343
178 0.2013227
179 0.5816587
180 0.8449975
181 0.5841853
182 0.3825022
183 0.01079442
184 0.0989755
185 0.007567712
186 0.4558565
187 0.7772596
188 0.01175525
189 0.9360678
190 0.3513561
191 0.001326823
192 0.0001427873
193 0.9588391
194 0.8073989
195 0.5339958
196 0.597884
197 0.3987668
198 0.01106488
199 0.3362737
200 0.212024
201 0.6227331
202 0.0001656932
203 0.009624603
204 0.4288801
205 0.002053883
206 0.7685789
207 0.2266662
208 0.6760092
209 0.4689408
210 0.2119542
211 0.3668444
212 0.5076904
213 0.01752326
214 0.02053571
215 0.08222633
216 0.9128075
217 0.5949393
218 0.03407086
219 0.9141455
220 0.05146265
221 0.8066781
222 0.3274947
223 0.2942522
224 0.4149817
225 0.211326
226 0.7803444
227 0.918411
228 0.03894804
229 0.07557309
230 0.5111364
231 0.4993126
232 0.796639
233 0.07010883
234 0.3816803
235 0.5879851
236 0.1914901
237 0.3121598
238 0.0120886
239 0.05648044
240 0.1482101
241 0.4851929
242 0.07645214
243 0.4958428
244 0.04829026
245 0.7667019
246 0.03806395
247 0.1727817
248 0.06568632
249 0.0001845144
250 0.8679663
251 0.1313626
252 0.02559995
253 0.08717613
254 0.1295604
255 0.3794217
256 0.01532529
257 0.2242829
258 0.4714156
259 0.03790476
260 0.3501665
261 0.3687889
262 0.07235469
263 0.8844663
264 0.07116687
265 0.913343
266 0.8648381
267 0.8324027
268 0.4207704
269 0.007687351
270 0.5982785
271 0.04682703
272 0.1893472
273 0.5318943
274 0.8855968
275 0.8030215
276 0.6740675
277 0.513848
278 0.3038263
279 8.344101e-07
280 0.3682475
281 0.3893019
282 0.7623449
283 0.009448516
284 0.0515677
285 0.06864068
286 0.8464352
287 0.04623559
288 0.05443972
289 0.274778
290 0.5716207
291 0.08447143
292 0.1936362
293 0.07325876
294 0.6880043
295 0.7920991
296 0.001554363
297 0.3406974
298 0.04011538
299 0.1308921
300 0.9487801
301 0.7682143
302 0.1551258
303 0.01204629
304 0.02387269
305 0.7173351
306 0.4255732
307 0.369587
308 0.9143706
309 0.8448368
310 0.2173608
311 0.01762894
312 0.657512
313 0.03213353
314 0.4634385
315 0.6509651
316 0.4186169
317 0.1316183
318 0.7944596
319 0.294729
320 0.1148482
321 0.03389458
322 0.4325922
323 0.09472271
324 0.07197786
325 0.02269715
326 0.8386771
327 0.6804301
328 0.7435789
329 0.02224656
330 0.02652987
331 0.2085474
332 0.5035663
333 0.9295536
334 0.9881675
335 0.9629385
336 0.2607396
337 0.09242311
338 0.3514359
339 0.0009290276
340 0.7539523
341 0.2388009
342 0.6782525
343 0.4135353
344 0.0607253
345 0.9070008
346 0.1375642
347 0.8356826
348 0.6111903
349 0.02685248
350 0.5172296
351 0.3685795
352 0.001941018
353 0.005457472
354 0.2772025
355 0.3099387
356 0.2385789
357 0.03949624
358 0.07523627
359 0.1183706
360 0.7794841
361 0.5066459
362 0.005169937
363 0.6368373
364 0.8198969
365 0.3150526
366 0.4323712
367 0.0341276
368 0.9674595
369 0.4278009
370 0.5531671
371 0.4512371
372 0.05293451
373 0.3105218
374 0.5102016
375 0.09293873
376 0.04812518
377 0.117708
378 0.06803628
379 0.1775606
380 0.8934066
381 0.4328174
382 0.1521732
383 0.3707423
384 0.02943346
385 0.9103942
386 0.25485
387 0.03983572
388 0.1892342
389 0.1718349
390 0.002902971
391 0.06431598
392 0.9799679
393 0.01568428
394 0.000282661
395 0.09127556
396 0.5745456
397 0.02115911
398 0.1291548
399 0.0756042
400 0.4144315
401 0.368481
402 0.5182163
403 0.03010164
404 0.01676071
405 0.1919756
406 0.4034152
407 0.8008414
408 0.003222962
409 0.451026
410 0.2371481
411 0.7890028
412 0.6082942
413 0.08513746
414 0.8968285
415 0.3911146
416 0.007279332
417 0.01324924
418 0.1737564
419 0.3174576
420 0.5553352
421 0.9185218
422 0.008909708
423 0.08826054
424 0.1001055
425 0.7188123
426 0.5372206
427 0.05944855
428 0.8366167
429 0.007008953
430 0.7118376
431 0.00351872
432 0.3759292
433 0.05144437
434 0.5198085
435 0.5908011
436 0.8747474
437 0.03558186
438 0.04689777
439 0.07743288
440 0.1294611
441 0.5832043
442 0.5285751
443 0.08950395
444 0.0006204261
445 0.2789128
446 5.450605e-05
447 0.3881892
448 0.5130861
449 0.8575649
450 0.8119429
451 0.002962505
452 0.3503755
453 0.4540037
454 0.7816964
455 0.8931975
456 0.4293697
457 0.9109044
458 0.06915029
459 0.02500716
460 0.09581642
461 0.5975649
462 0.2501159
463 0.1643232
464 0.04013899
465 0.2676565
466 0.1511566
467 0.0002235023
468 0.09036443
469 0.8668677
470 1.329917e-05
471 0.2396473
472 0.6520348
473 0.153125
474 0.2629085
475 0.5938016
476 0.6674143
477 0.2098409
478 0.3299562
479 0.04837553
480 0.4548223
481 0.1212828
482 0.0007296459
483 0.05517671
484 0.3477676
485 0.1327343
486 0.04256615
487 0.06705608
488 0.2539707
489 0.1483188
490 0.6050712
491 0.4124636
492 0.06429816
493 0.3430685
494 0.827077
495 0.019463
496 0.5209793
497 0.3060278
498 0.1020398
499 0.06858011
500 0.5507888
501 0.2837332
502 0.5062956
503 0.8785844
504 0.1150019
505 0.3156008
506 0.5203444
507 0.3374458
508 0.0422365
509 0.001502021
510 0.1766806
511 0.0003956243
512 0.2326895
513 0.1729411
514 0.001116405
515 0.9531028
516 0.4016228
517 0.4318368
518 0.8193042
519 0.007299742
520 0.003037307
521 0.01640524
522 0.001515704
523 0.307801
524 0.006133617
525 0.003102312
526 0.1024559
527 0.0006478912
528 0.2374396
529 0.1403638
530 0.2966961
531 0.3491981
532 0.1969966
533 0.7976832
534 0.02016378
535 0.5787597
536 0.01910315
537 0.4032209
538 0.003538572
539 0.03247945
540 0.2368253
541 0.003423175
542 0.05399756
543 0.4947649
544 0.03118592
545 0.7250226
546 0.002973701
547 0.5369029
548 0.8766907
549 0.8577973
550 0.03784637
551 0.3910125
552 0.005782628
553 0.08647658
554 0.01650599
555 0.03330729
556 0.04091312
557 0.1151969
558 0.1422813
559 0.4392639
560 0.4423126
561 0.358045
562 0.9318364
563 1.16074e-05
564 0.04097178
565 0.003313804
566 0.6317328
567 0.09062252
568 0.03340858
569 0.0166565
570 0.03605
571 0.9669682
572 3.733455e-06
573 0.3055086
574 0.01069871
575 0.1588278
576 0.370923
577 0.6878583
578 0.262265
579 0.4529715
580 0.4035094
581 0.002120041
582 0.7502978
583 0.5021475
584 0.08820546
585 0.0912329
586 0.8611423
587 0.6848721
588 0.3520845
589 0.8449096
590 0.1834794
591 0.1500631
592 0.6107279
593 0.03334054
594 0.8685878
595 0.03081305
596 0.1565125
597 0.7571755
598 0.06080762
599 0.6362034
600 0.4869804
601 0.008652619
602 0.139188
603 0.05195479
604 0.7830543
605 0.2729566
606 0.01106161
607 0.5568475
608 0.696582
609 0.2773459
610 0.6214559
611 0.9925075
612 0.01922407
613 0.1997307
614 0.7915647
615 0.03732307
616 0.4819214
617 0.0006549054
618 0.02403523
619 0.8507745
620 0.2489182
621 0.4179913
622 0.6746818
623 0.4629599
624 0.2711571
625 0.7909142
626 0.005360996
627 0.026495
628 0.2132286
629 0.02422453
630 0.0240152
631 0.8130512
632 0.4971542
633 0.6222898
634 0.993131
635 0.419001
636 0.3044363
637 0.7383325
638 0.9737994
639 0.7571286
640 0.1547512
641 0.5363939
642 0.8838832
643 0.3708121
644 0.2937244
645 0.1606909
646 0.5879088
647 0.001005224
648 0.08792442
649 0.3005656
650 0.2395302
651 0.1896464
652 0.3297221
653 0.3870141
654 0.03932302
655 0.003408185
656 0.02472933
657 0.9161438
658 0.5502514
659 0.3694853
660 0.009236808
661 0.760387
662 0.3848011
663 0.685461
664 0.5324997
665 0.4697579
666 0.2871121
667 0.1070587
668 0.9016113
669 0.5787964
670 0.2689144
671 0.2340548
672 0.04043697
673 0.4919384
674 0.1201652
675 0.03928497
676 0.005364984
677 0.8165866
678 0.6340417
679 0.1433647
680 0.1512991
681 0.5113646
682 0.583569
683 0.7205096
684 0.6432662
685 0.02151568
686 0.05620673
687 0.126409
688 0.5250238
689 0.9139576
690 0.4520476
691 0.2316103
692 0.0002304614
693 0.6362684
694 0.3957897
695 0.09074221
696 0.005658822
697 0.3117542
698 0.5392927
699 0.007957419
700 0.1067643
701 0.03184707
702 0.450202
703 0.5761533
704 0.4601074
705 0.06421334
706 0.1607816
707 0.9033754
708 0.02016702
709 0.01772974
710 0.1897198
711 0.04416807
712 0.01255613
713 0.1329759
714 0.01704305
715 0.1046613
716 0.6400609
717 0.227643
718 0.730043
719 0.7625009
720 0.8607471
721 0.3500957
722 0.2765997
723 0.336644
724 0.8167988
725 0.1528192
726 0.961907
727 0.04445651
728 0.4431716
729 0.4718384
730 0.3351907
731 0.2524949
732 0.8432157
733 0.2372394
734 0.8698453
735 0.657417
736 0.4096756
737 0.05728917
738 0.004171044
739 0.1066815
740 0.3002016
741 0.04742766
742 0.0006307445
743 0.4493567
744 0.7067396
745 0.7110119
746 0.5248825
747 0.7847968
748 0.5570818
749 0.017714
750 0.9387721
751 0.07415344
752 0.247322
753 0.5772357
754 0.5675135
755 0.7307767
756 0.8330728
757 0.01207435
758 0.03352506
759 0.3650809
760 0.6084638
761 0.3787763
762 0.1550805
763 0.2786835
764 0.246607
765 4.372086e-05
766 0.03917511
767 0.1369828
768 0.2241892
769 0.5195437
770 0.2726377
771 0.1163417
772 0.03475038
773 0.6239286
774 0.004710297
775 0.352981
776 0.2698568
777 0.7842467
778 0.293201
779 0.9778484
780 0.8034657
781 0.1943763
782 0.4717622
783 0.06182022
784 0.1957365
785 0.09416949
786 0.4062398
787 0.7876646
788 0.3223099
789 0.2284487
790 0.01970636
791 0.6700199
792 0.2352957
793 0.05434469
794 0.003363983
795 0.5829455
796 0.002116722
797 0.3146515
798 0.1435416
799 0.3075234
800 0.4090126
801 0.8242319
802 0.5133946
803 0.2130424
804 0.128581
805 0.7033783
806 0.06359897
807 0.143172
808 0.3854881
809 0.2489895
810 0.5306972
811 0.3735578
812 0.5023553
813 0.7881567
814 0.1037099
815 0.05286596
816 0.8982842
817 0.01004623
818 0.0474834
819 0.8060392
820 0.2025443
821 0.5388432
822 0.04540632
823 0.6625666
824 0.9422411
825 0.02913609
826 0.3820841
827 0.6338307
828 0.07805791
829 0.4764291
830 0.02212005
831 0.008620835
832 0.1123823
833 0.6784717
834 0.7032113
835 0.7434505
836 0.882416
837 0.6333258
838 0.1756151
839 0.1312137
840 0.04217275
841 1.24948e-05
842 0.2723361
843 0.818585
844 0.3298014
845 0.7903199
846 0.01164539
847 0.331156
848 0.002660489
849 0.4797862
850 0.1909631
851 0.2851444
852 0.8702953
853 0.007381231
854 0.6724097
855 0.3088403
856 0.07594798
857 0.007688006
858 0.7951262
859 0.2088922
860 0.02388472
861 0.8790034
862 0.8344807
863 0.7618196
864 0.01730876
865 0.199041
866 0.8353481
867 0.1166618
868 0.3988353
869 0.7461333
870 0.2498403
871 0.5391327
872 0.6720006
873 0.8306043
874 0.749416
875 9.945982e-05
876 0.7299265
877 0.06335244
878 0.135171
879 0.5809492
880 0.007971838
881 0.02741308
882 0.9179971
883 0.688719
884 0.05753499
885 0.1876581
886 0.6578092
887 0.04111896
888 0.6032067
889 0.1110491
890 0.06994346
891 0.1814242
892 0.7550186
893 0.8780472
894 0.7216342
895 0.4750272
896 0.2615384
897 0.3129644
898 0.6030292
899 0.3237011
900 0.3755633
901 0.3655441
902 0.04333976
903 0.6203696
904 0.5507365
905 0.4280001
906 0.001545384
907 0.7778446
908 0.1397166
909 0.2588221
910 0.9238288
911 0.1712662
912 0.7502507
913 0.4477805
914 0.03826337
915 0.9042853
916 0.2318116
917 0.08775456
918 0.5717445
919 0.07812565
920 0.8093896
921 0.1678339
922 0.8384196
923 0.5892892
924 0.4093418
925 0.7355119
926 0.09589937
927 0.998556
928 0.8738036
929 0.3983449
930 0.1896133
931 0.71264
932 0.5655877
933 0.5379921
934 0.6745351
935 0.0007062185
936 0.1548267
937 0.1196011
938 0.528107
939 0.9219907
940 0.1446962
941 0.0167133
942 0.02840518
943 0.2237136
944 0.5362502
945 0.4416619
946 0.3721264
947 0.4074627
948 0.62156
949 0.8104055
950 0.8562756
951 0.4195385
952 0.05344849
953 0.9081458
954 0.1236655
955 0.861805
956 0.375886
957 0.5919964
958 0.04111195
959 0.1247073
960 0.3739257
961 0.09355229
962 0.01617647
963 0.1473063
964 0.5821144
965 0.005728067
966 0.2673591
967 0.2229783
968 0.01799071
969 0.3896008
970 0.00644622
971 0.000307558
972 0.03444515
973 0.7319266
974 0.403812
975 0.8982194
976 0.8287989
977 0.7600158
978 0.7261731
979 0.9035819
980 0.1549865
981 0.6560081
982 0.09544901
983 0.008898828
984 0.02657266
985 0.07983489
986 0.1818113
987 0.2750144
988 0.1827405
989 0.952331
990 0.2805479
991 0.1266961
992 0.5682144
993 0.08298717
994 0.01075274
995 0.209911
996 0.04209007
997 0.03855304
998 0.9662331
999 0.6405936
1000 0.3629678
1001 0.001649959
1002 0.0842784
1003 0.7672992
1004 0.7355081
1005 0.8660392
1006 0.08097835
1007 0.7214288
1008 0.4150725
1009 0.1357169
1010 0.8739587
1011 0.6642433
1012 0.1456093
1013 0.2235266
1014 0.2232937
1015 0.3369267
1016 0.7080299
1017 0.9945424
1018 0.403873
1019 0.1341147
1020 0.979612
1021 0.08803184
1022 0.6384212
1023 0.7277083
1024 0.3545585
1025 0.4291451
1026 0.5438681
1027 0.9279299
1028 0.5520555
1029 0.1276474
1030 0.2637926
1031 0.3519662
1032 0.0005058876
1033 0.02979114
1034 0.3285111
1035 0.1214556
1036 0.1103166
1037 0.05827071
1038 0.000588141
1039 0.4387451
1040 0.5315806
1041 0.6739922
1042 0.9639544
1043 0.6299351
1044 0.003094294
1045 0.03877795
1046 0.02604804
1047 0.3535667
1048 0.1450922
1049 0.06464429
1050 0.2803713
1051 0.05583971
1052 0.6315331
1053 0.004095753
1054 0.3352606
1055 0.0813721
1056 0.7020921
1057 0.03155976
1058 0.001701531
1059 0.2224602
1060 0.5299804
1061 0.9514565
1062 0.714973
1063 0.3729589
1064 0.2822894
1065 0.5096313
1066 0.2134131
1067 0.000228789
1068 0.02609145
1069 0.07169743
1070 0.5929621
1071 0.8452925
1072 0.005076414
1073 0.01440438
1074 0.265948
1075 0.2547306
1076 0.6367214
1077 0.8963849
1078 0.4535025
1079 0.09143213
1080 0.5975158
1081 0.01960071
1082 0.5320599
1083 0.03065087
1084 0.4586046
1085 0.0267389
1086 0.1404904
1087 0.8950203
1088 0.2912556
1089 0.5863786
1090 0.5844089
1091 8.61435e-05
1092 0.002394313
1093 0.1541934
1094 0.5488633
1095 0.6567315
1096 0.8518131
1097 0.1409065
1098 0.5519998
1099 0.03503828
1100 0.06131968
1101 0.3975313
1102 7.022988e-06
1103 0.6403117
1104 0.4668693
1105 0.4900106
1106 0.855578
1107 0.0830279
1108 0.1635494
1109 0.001529234
1110 0.1840505
1111 0.9484399
1112 0.2153524
1113 0.003691254
1114 0.1474612
1115 0.01347361
1116 0.005933145
1117 0.008259123
1118 0.1841627
1119 0.03512252
1120 0.6265488
1121 0.3404192
1122 0.1668541
1123 0.6347294
1124 0.09569884
1125 0.8737171
1126 0.6713783
1127 0.01114864
1128 0.006121893
1129 0.06745593
1130 0.0006733537
1131 0.8568157
1132 0.02406321
1133 0.3648299
1134 0.1065812
1135 0.9702623
1136 0.9734714
1137 0.2552476
1138 0.5317972
1139 0.01283214
1140 0.6215704
1141 0.8340259
1142 0.1153218
1143 0.02778341
1144 0.0009172995
1145 0.06729862
1146 0.2049201
1147 0.3130443
1148 0.3745943
1149 0.4478576
1150 0.1998836
1151 0.01020878
1152 0.1256905
1153 0.9739628
1154 0.1804138
1155 0.01361916
1156 0.1894569
1157 0.5951818
1158 0.0007246962
1159 0.2132766
1160 0.2327089
1161 0.1117114
1162 0.8005462
1163 0.4487575
1164 0.7471096
1165 3.033569e-07
1166 0.2173484
1167 0.04144624
1168 0.2862761
1169 0.03296752
1170 0.07472002
1171 0.9968464
1172 0.3504374
1173 0.4474448
1174 0.4600262
1175 0.07030345
1176 0.1681365
1177 0.09074165
1178 0.1661822
1179 0.136899
1180 0.8384584
1181 0.6932871
1182 0.04504943
1183 0.01503476
1184 0.01748167
1185 0.5033653
1186 0.8436438
1187 0.4538469
1188 0.6713328
1189 0.7940878
1190 0.7378365
1191 0.01635486
1192 0.9388774
1193 0.5342644
1194 0.3064318
1195 0.1167782
1196 0.125996
1197 0.956382
1198 0.4821796
1199 0.393894
1200 0.004834086
1201 0.4144419
1202 0.1570447
1203 0.4645447
1204 0.6269797
1205 0.01710476
1206 0.08417552
1207 0.005202526
1208 0.3932505
1209 0.1402949
1210 0.9085397
1211 0.9371283
1212 0.04115093
1213 0.1002026
1214 0.08429561
1215 0.2687361
1216 0.3305184
1217 0.0003952056
1218 0.02246166
1219 0.242686
1220 0.651624
1221 0.4682576
1222 0.778989
1223 0.2452494
1224 0.008413087
1225 0.2683651
1226 0.008713105
1227 0.800325
1228 0.2601071
1229 0.7212491
1230 0.01899034
1231 0.1164592
1232 0.5229198
1233 0.7232081
1234 0.9243604
1235 0.7464878
1236 0.9298523
1237 0.6483099
1238 0.7266495
1239 0.7135484
1240 0.3777546
1241 0.3815911
1242 0.8036472
1243 0.9719517
1244 0.4118104
1245 0.104353
1246 0.8161626
1247 0.0181631
1248 0.009710168
1249 0.789882
1250 0.4203683
1251 0.09542122
1252 0.9166384
1253 0.9856954
1254 0.003986542
1255 0.307496
1256 0.5950975
1257 0.8764721
1258 0.4785091
1259 0.1063443
1260 0.2181563
1261 0.5322444
1262 0.00569698
1263 0.860317
1264 0.6510628
1265 0.8981898
1266 0.5215135
1267 0.6621727
1268 0.9881488
1269 0.02256142
1270 0.2250701
1271 0.3086108
1272 0.3462497
1273 0.1571176
1274 0.02448193
1275 0.0001216116
1276 0.01694797
1277 0.01789653
1278 0.1819555
1279 0.2503116
1280 0.0005025695
1281 0.23246
1282 0.9820738
1283 0.08297639
1284 0.2837266
1285 0.05503415
1286 0.07411411
1287 0.1942396
1288 0.7285974
1289 0.2274949
1290 0.09780166
1291 0.6737607
1292 0.4823331
1293 0.4363601
1294 0.4126212
1295 0.06398366
1296 0.5074755
1297 0.06699875
1298 0.03564286
1299 0.04964794
1300 0.5135193
1301 0.7144738
1302 0.3478958
1303 0.04127027
1304 0.1009052
1305 0.7990615
1306 0.02478121
1307 0.9657077
1308 0.003392683
1309 0.3945413
1310 0.01292742
1311 0.885729
1312 0.07910495
1313 0.5515485
1314 0.9586542
1315 0.8622294
1316 0.3174899
1317 0.6296896
1318 0.4222568
1319 0.5888814
1320 0.7283166
1321 0.2989822
1322 0.2718313
1323 0.4710623
1324 0.3973573
1325 0.02379088
1326 0.9798918
1327 0.3737625
1328 0.7521751
1329 0.6178195
1330 0.99732
1331 0.4038767
1332 0.06612897
1333 0.665008
1334 0.1655235
1335 0.3119826
1336 0.7405297
1337 0.5913919
1338 0.5687833
1339 0.2470912
1340 0.1651491
1341 0.06484535
1342 0.03047158
1343 0.1298775
1344 0.5451687
1345 0.003047843
1346 0.02144515
1347 0.144835
1348 0.01625402
1349 0.2436795
1350 0.002427721
1351 0.7936802
1352 0.0222464
1353 0.1502274
1354 0.4329143
1355 0.5778246
1356 0.004343872
1357 0.1239232
1358 0.7305968
1359 0.4610742
1360 0.07508927
1361 0.7834979
1362 0.004607718
1363 0.986601
1364 0.03808292
1365 0.000763577
1366 0.6200048
1367 0.9762178
1368 0.9891582
1369 0.3554077
1370 0.4394513
1371 0.2767629
1372 0.3611095
1373 0.443394
1374 0.3393136
1375 0.04569015
1376 0.8250093
1377 0.1607899
1378 0.9077574
1379 0.04023905
1380 0.8391648
1381 0.2754034
1382 0.4073189
1383 0.9141306
1384 0.08704226
1385 0.008457364
1386 0.005998937
1387 0.9126035
1388 0.1873714
1389 0.0123907
1390 0.1884279
1391 0.05326241
1392 0.1348346
1393 0.7372867
1394 0.01535648
1395 0.5566409
1396 0.5605432
1397 0.9042086
1398 0.1263322
1399 0.2725004
1400 0.9809659
1401 0.581405
1402 0.5207627
1403 0.4233552
1404 0.1243257
1405 0.7520341
1406 0.01151763
1407 0.002239102
1408 0.001726975
1409 0.1068825
1410 0.2124832
1411 0.1258967
1412 0.2696038
1413 0.1346658
1414 0.7807793
1415 0.1250685
1416 0.1469332
1417 0.2825473
1418 0.6393438
1419 0.4669866
1420 0.9483929
1421 0.0366656
1422 0.25627
1423 0.7821311
1424 0.796564
1425 0.508017
1426 0.6434205
1427 0.6997929
1428 4.534515e-06
1429 0.2494606
1430 0.09305123
1431 0.03831181
1432 0.009418001
1433 0.1252345
1434 0.1179299
1435 0.843703
1436 0.01628939
1437 0.002652295
1438 0.003779915
1439 0.866556
1440 0.1209601
1441 0.5673544
1442 0.7272123
1443 0.940068
1444 0.8254235
1445 0.6496014
1446 0.07494977
1447 0.2387678
1448 0.6705143
1449 0.004919237
1450 0.03324675
1451 0.03634695
1452 0.1274908
1453 0.217666
1454 0.06347815
1455 0.08224871
1456 0.707847
1457 0.06905145
1458 0.01025953
1459 0.3475303
1460 0.000300112
1461 0.06672327
1462 0.7587916
1463 0.9104953
1464 0.0456381
1465 0.2776238
1466 0.8316392
1467 0.2091054
1468 0.08415743
1469 0.2377887
1470 0.03103845
1471 0.4829813
1472 0.0268364
1473 0.3450174
1474 0.0005384506
1475 0.3054673
1476 0.6517158
1477 0.800435
1478 0.1089861
1479 0.02181777
1480 0.4400696
1481 0.03638581
1482 0.05681621
1483 0.205454
1484 0.03824434
1485 0.7553784
1486 0.3520325
1487 0.5696747
1488 0.1025583
1489 0.0118576
1490 0.8035887
1491 0.1586945
1492 0.8681122
1493 0.3970259
1494 0.778299
1495 0.6304192
1496 0.2010833
1497 0.2144445
1498 0.0149934
1499 0.03109374
1500 0.03805874
1501 0.1788261
1502 0.2689721
1503 0.0006177241
1504 0.9030805
1505 0.7424147
1506 0.05999507
1507 0.5239721
1508 0.002292624
1509 0.4456833
1510 0.003082379
1511 2.583146e-07
1512 0.5897197
1513 0.6145048
1514 0.1706646
1515 0.1140539
1516 0.2623806
1517 0.003845375
1518 0.6456205
1519 0.06314677
1520 0.001683931
1521 0.006032999
1522 0.4234914
1523 0.003703138
1524 0.9069001
1525 0.8391554
1526 0.01981361
1527 0.01876968
1528 0.1606215
1529 0.01839426
1530 0.2971036
1531 0.6325152
1532 0.3933946
1533 0.1397188
1534 0.592508
1535 0.1788442
1536 0.02471473
1537 0.3284492
1538 0.3174056
1539 0.9436169
1540 0.001564641
1541 0.2119298
1542 0.3994942
1543 0.4266528
1544 0.7465227
1545 0.2039857
1546 0.1674089
1547 0.06020498
1548 0.3264947
1549 0.3666298
1550 0.02754091
1551 0.6500062
1552 0.1657976
1553 0.05037304
1554 0.4395428
1555 0.459354
1556 0.7378862
1557 0.001713613
1558 0.7585225
1559 0.9933756
1560 0.7643009
1561 0.1266056
1562 0.1823674
1563 0.2614295
1564 0.5423092
1565 0.1375313
1566 0.01375046
1567 0.5075362
1568 0.1364798
1569 0.3961015
1570 0.2618735
1571 0.3176211
1572 0.001891335
1573 0.5731834
1574 0.8691833
1575 0.01515832
1576 0.8251402
1577 0.03502677
1578 0.5518041
1579 0.5144784
1580 0.05612362
1581 0.9902642
1582 0.3977982
1583 0.4149274
1584 0.0007238774
1585 0.9769326
1586 0.05593055
1587 0.1575142
1588 0.006830654
1589 0.006746206
1590 0.006510624
1591 0.770265
1592 0.578195
1593 0.6293441
1594 0.3327795
1595 0.01096523
1596 0.8290637
1597 0.0237355
1598 0.6811057
1599 0.4491656
1600 0.636176
1601 0.2629543
1602 0.347345
1603 0.7852188
1604 0.848967
1605 0.4531004
1606 0.3261765
1607 0.007541464
1608 0.02045976
1609 0.7515501
1610 0.06201132
1611 0.6545951
1612 0.5483621
1613 0.3051351
1614 0.1313986
1615 0.469553
1616 0.005850148
1617 0.2977211
1618 0.4683529
1619 0.3246259
1620 0.6204596
1621 0.8514097
1622 0.2228238
1623 0.2456345
1624 0.3149433
1625 0.04080059
1626 0.1485661
1627 0.07419893
1628 0.9319597
1629 0.2290995
1630 0.05299635
1631 0.4002131
1632 0.7764519
1633 0.6004616
1634 0.8459852
1635 0.9773132
1636 0.0882933
1637 0.6722085
1638 0.06704775
1639 0.08506107
1640 0.4742376
1641 0.4009818
1642 0.6837929
1643 0.367398
1644 0.1908658
1645 0.07650335
1646 0.3867207
1647 0.07053981
1648 0.1112599
1649 0.697786
1650 0.01611798
1651 0.05049436
1652 0.0293136
1653 0.2080392
1654 0.03848377
1655 0.9832305
1656 0.04441485
1657 0.1028473
1658 0.06542817
1659 0.001920871
1660 0.03747285
1661 0.01578297
1662 0.1679955
1663 0.7336827
1664 0.908548
1665 0.1124898
1666 0.1723415
1667 0.2079848
1668 0.9865642
1669 0.002449284
1670 0.9139885
1671 0.5599596
1672 0.2205419
1673 0.3888766
1674 0.003361528
1675 0.1813561
1676 0.03562737
1677 0.51939
1678 0.03319298
1679 0.9731848
1680 0.264134
1681 0.01558649
1682 0.007638387
1683 0.2022281
1684 0.1995571
1685 0.818024
1686 0.00294153
1687 0.008666221
1688 0.3818347
1689 0.2413514
1690 0.01124622
1691 0.2888326
1692 0.02287602
1693 0.1045984
1694 0.04518151
1695 0.6425883
1696 0.2804765
1697 0.009445552
1698 0.2618538
1699 0.6743613
1700 0.960377
1701 0.009816139
1702 0.4520387
1703 0.08515812
1704 0.3119615
1705 0.8440818
1706 0.07139067
1707 0.007729984
1708 0.01521594
1709 0.6953119
1710 0.04975611
1711 0.5513368
1712 0.8137331
1713 0.1360337
1714 0.0004391679
1715 0.09423069
1716 0.6166947
1717 0.01065668
1718 0.09240252
1719 0.3232826
1720 0.9238765
1721 0.8651692
1722 0.008764574
1723 0.9942392
1724 0.7512185
1725 0.04628907
1726 0.6348079
1727 0.02225519
1728 0.04742607
1729 0.666422
1730 0.09790914
1731 0.8395147
1732 0.1639188
1733 0.01991634
1734 0.498828
1735 0.03600642
1736 0.5086228
1737 0.03982762
1738 0.04361048
1739 0.7644667
1740 0.6737307
1741 0.4840104
1742 0.2527828
1743 0.7069911
1744 0.3007003
1745 0.1397648
1746 0.8463288
1747 0.06257985
1748 0.3011071
1749 0.9952255
1750 0.1776732
1751 0.6559332
1752 0.3975276
1753 0.01702786
1754 0.001071815
1755 0.5594991
1756 0.3771491
1757 0.002882691
1758 0.903334
1759 0.3701893
1760 0.557229
1761 0.04332254
1762 0.5964604
1763 0.03645526
1764 0.7714171
1765 0.007595404
1766 0.8451977
1767 0.2598208
1768 0.7003786
1769 0.7274033
1770 0.777618
1771 0.005099049
1772 0.02209768
1773 0.4233541
1774 0.8230843
1775 0.08540056
1776 0.1314205
1777 0.0001920397
1778 0.8598525
1779 0.003898018
1780 0.3663151
1781 0.6263166
1782 0.6027271
1783 0.3392103
1784 0.03446195
1785 0.6795652
1786 0.01327524
1787 0.3909649
1788 0.07958291
1789 0.4515838
1790 0.1019114
1791 0.3950119
1792 0.01775238
1793 6.83636e-05
1794 0.2186048
1795 0.006345362
1796 0.5349742
1797 0.4256474
1798 0.8533639
1799 0.8823829
1800 0.0001764576
1801 0.4307558
1802 0.1602653
1803 0.008931535
1804 0.01513811
1805 0.4258838
1806 0.03828446
1807 0.006701313
1808 0.8888633
1809 0.9451573
1810 0.6024089
1811 0.1713399
1812 0.169616
1813 0.164328
1814 0.0562639
1815 0.02227978
1816 0.959099
1817 0.03332161
1818 0.3909932
1819 0.8306526
1820 0.7196419
1821 0.386778
1822 0.004892337
1823 0.0772365
1824 0.1389354
1825 0.8370901
1826 0.5404923
1827 0.8723821
1828 0.0518535
1829 0.03187865
1830 0.0858173
1831 9.769046e-07
1832 0.02133476
1833 0.3381979
1834 0.6767906
1835 0.01082372
1836 0.6948154
1837 0.1577266
1838 0.298393
1839 0.2870034
1840 0.08912441
1841 0.5652722
1842 0.06195657
1843 0.7860405
1844 0.2001556
1845 0.1410455
1846 0.05833027
1847 0.1724449
1848 0.5250519
1849 0.8991635
1850 0.1817734
1851 0.2223182
1852 0.9366004
1853 0.8393039
1854 0.8931213
1855 0.5243831
1856 0.4999098
1857 0.2448829
1858 0.142208
1859 0.8555076
1860 0.3980404
1861 0.9718988
1862 0.022429
1863 0.2334971
1864 0.01724906
1865 0.2560227
1866 0.0006166581
1867 0.09662852
1868 0.7446248
1869 0.3148047
1870 0.5363674
1871 0.5746829
1872 0.3698622
1873 0.8221347
1874 0.09376245
1875 0.5975343
1876 0.4962202
1877 0.131558
1878 0.001148313
1879 0.003584135
1880 0.1887076
1881 0.09996953
1882 0.4345549
1883 0.9826006
1884 0.463614
1885 0.2592844
1886 0.7137764
1887 0.3657112
1888 0.4976602
1889 0.05374979
1890 0.2454055
1891 0.2098584
1892 0.01611284
1893 0.5022673
1894 0.305304
1895 0.1234961
1896 0.1468679
1897 0.7453421
1898 0.306444
1899 0.8103866
1900 0.02845189
1901 0.02585528
1902 0.0005435174
1903 0.7659778
1904 0.2135828
1905 0.4286388
1906 0.782009
1907 0.4188626
1908 0.1600927
1909 0.001526906
1910 0.8588015
1911 0.7019282
1912 0.7694651
1913 0.03547166
1914 0.07358246
1915 0.8879201
1916 0.8540145
1917 0.01742512
1918 0.05657659
1919 0.3162851
1920 0.9902422
1921 0.6834703
1922 0.418195
1923 0.1865496
1924 0.8069715
1925 0.277012
1926 0.01748715
1927 0.3591338
1928 0.05698652
1929 0.2170551
1930 0.8906945
1931 0.05930703
1932 0.0053458
1933 0.8080319
1934 0.103468
1935 0.6337244
1936 0.462376
1937 0.09111273
1938 0.5905294
1939 0.1081903
1940 0.0001467138
1941 0.5317208
1942 0.3159653
1943 0.3895472
1944 0.3628094
1945 0.2400315
1946 0.2734383
1947 0.01164703
1948 0.7362332
1949 0.649354
1950 0.3069772
1951 0.0003417065
1952 0.2312747
1953 0.4087891
1954 0.713285
1955 0.06604803
1956 0.6954206
1957 0.1160953
1958 0.998496
1959 0.4478403
1960 0.1892306
1961 0.7559901
1962 0.1120398
1963 0.1206877
1964 0.4163538
1965 0.007187876
1966 0.003557034
1967 0.01223169
1968 0.08643117
1969 0.01213664
1970 0.07218773
1971 0.4537829
1972 0.03400449
1973 0.8252724
1974 0.7489897
1975 0.03625027
1976 0.00451034
1977 0.5780782
1978 0.01990596
1979 0.01500788
1980 0.07533049
1981 0.1232395
1982 0.0003689644
1983 0.2002903
1984 0.8984152
1985 0.8949172
1986 0.01837153
1987 0.3317013
1988 0.06845792
1989 0.07432499
1990 0.5846696
1991 0.5246988
1992 0.3942821
1993 0.5196746
1994 0.6039074
1995 0.4240044
1996 0.0005204431
1997 0.6522504
1998 0.6275811
1999 0.5162642
2000 0.05601439
2001 0.05648953
2002 0.396995
2003 0.8179109
2004 0.8036021
2005 0.30864
2006 0.9892401
2007 0.1891495
2008 0.161515
2009 0.6685908
2010 0.06820394
2011 0.1035491
2012 0.01015509
2013 0.006892504
2014 0.8768942
2015 0.9076895
2016 0.7734837
2017 0.5612054
2018 0.8355336
2019 0.9251941
2020 0.4670912
2021 0.9638503
2022 0.6680949
2023 0.1537603
2024 0.04495572
2025 0.4818095
2026 0.3686677
2027 0.1429358
2028 0.1284037
2029 0.7615631
2030 0.8061946
2031 0.5168282
2032 0.1705197
2033 0.9314929
2034 0.02617942
2035 0.015321
2036 0.9423556
2037 0.2653926
2038 0.889545
2039 0.5497663
2040 0.498795
2041 0.7399499
2042 0.001684047
2043 0.02145229
2044 0.2999989
2045 0.05885051
2046 0.002049253
2047 0.6575872
2048 0.005801256
2049 0.04661191
2050 0.02081705
2051 0.4532359
2052 0.01511618
2053 0.9876663
2054 0.3181179
2055 0.1354071
2056 0.0124058
2057 0.3624935
2058 0.9416613
2059 0.00198983
2060 0.3879311
2061 0.07950997
2062 0.3073224
2063 0.2126002
2064 0.09704632
2065 0.06506245
2066 0.5045565
2067 0.8138637
2068 0.5586226
2069 0.5567883
2070 0.1177233
2071 0.4774475
2072 1.549661e-05
2073 0.9380112
2074 0.2965265
2075 0.1850452
2076 0.2134807
2077 0.5580749
2078 0.2249577
2079 0.3252501
2080 0.3173461
2081 0.06677686
2082 0.007922581
2083 0.1520297
2084 0.4966141
2085 0.6853794
2086 0.3615426
2087 0.0001734421
2088 0.01699495
2089 0.172338
2090 0.1389731
2091 0.8092883
2092 0.001762055
2093 0.4851137
2094 0.1782701
2095 0.1878825
2096 0.4257719
2097 0.6503303
2098 0.2860976
2099 0.001359237
2100 0.0838352
2101 0.2411909
2102 0.6981345
2103 0.7376836
2104 0.6826705
2105 0.002742289
2106 0.5033223
2107 0.04561431
2108 0.01166863
2109 0.05629743
2110 0.006172427
2111 0.3846988
2112 0.2835435
2113 0.106444
2114 0.3670834
2115 0.3031452
2116 0.1571172
2117 0.7785502
2118 0.9794655
2119 0.3836197
2120 0.05659509
2121 0.2131684
2122 0.1644006
2123 0.3734253
2124 0.2621111
2125 0.004920239
2126 0.5819379
2127 0.005813894
2128 0.2950823
2129 0.3769646
2130 0.3440362
2131 0.01016178
2132 0.04453474
2133 0.2649816
2134 0.4151833
2135 0.02388276
2136 0.007429018
2137 0.2263608
2138 0.6287743
2139 0.01089169
2140 0.9883919
2141 0.01930389
2142 0.2856952
2143 0.08142545
2144 0.2236173
2145 0.003828699
2146 0.0001999901
2147 0.6081668
2148 0.5092171
2149 0.370563
2150 0.2790482
2151 0.1640683
2152 0.7883374
2153 0.3407387
2154 0.04309026
2155 0.9386463
2156 0.09405489
2157 0.05813967
2158 0.435796
2159 0.5032872
2160 0.06031959
2161 0.5002146
2162 0.9044869
2163 0.1675628
2164 0.07083794
2165 0.5995265
2166 0.1477175
2167 0.5045066
2168 0.7852984
2169 0.2377528
2170 0.7364778
2171 0.1569854
2172 0.0001063087
2173 0.1333142
2174 0.08932052
2175 0.7371328
2176 0.04798745
2177 0.5006723
2178 0.9062931
2179 0.2830319
2180 0.04104718
2181 0.4129258
2182 0.005441515
2183 0.6840462
2184 0.3357616
2185 0.5301888
2186 0.9770242
2187 0.1569788
2188 0.01899522
2189 0.9555587
2190 0.03878168
2191 0.05588817
2192 0.3630186
2193 0.01344461
2194 0.4862521
2195 0.3008736
2196 0.03489749
2197 0.3128006
2198 0.09094168
2199 0.8034056
2200 0.5124306
2201 0.4434317
2202 0.07494233
2203 0.004834098
2204 3.034719e-06
2205 0.01361701
2206 0.09680851
2207 0.2348719
2208 0.3668997
2209 0.2864972
2210 0.5422409
2211 0.290347
2212 0.8509409
2213 0.5343385
2214 0.3268364
2215 0.000514075
2216 0.2158228
2217 0.6136795
2218 0.8887253
2219 0.9684361
2220 0.01053088
2221 0.1152969
2222 0.502532
2223 0.4960146
2224 0.3712232
2225 0.1680539
2226 0.008908774
2227 0.08730291
2228 0.3960882
2229 0.6594154
2230 0.01414326
2231 0.2306736
2232 0.8205715
2233 0.4936262
2234 0.011257
2235 0.03613373
2236 0.002161798
2237 0.567281
2238 0.1561661
2239 0.3515016
2240 0.01027691
2241 0.01547464
2242 0.4646846
2243 0.2268214
2244 0.8423236
2245 0.1775947
2246 0.06976591
2247 0.01078165
2248 0.2933593
2249 0.846402
2250 0.05222144
2251 0.01336085
2252 0.2220519
2253 0.03353372
2254 0.9353985
2255 0.57737
2256 0.07295905
2257 0.04278592
2258 0.001201421
2259 0.2662166
2260 0.04935184
2261 0.1368998
2262 0.2122281
2263 0.3863036
2264 0.07610063
2265 0.002983145
2266 0.4123589
2267 0.8301182
2268 0.003402786
2269 0.007996065
2270 0.3038661
2271 0.4965698
2272 0.2134786
2273 0.002185388
2274 0.248534
2275 0.257763
2276 0.9572201
2277 0.4319264
2278 0.2560738
2279 0.4824034
2280 0.07873571
2281 0.3225673
2282 0.7468712
2283 0.06028356
2284 0.3017392
2285 0.3487113
2286 0.03358589
2287 0.1551177
2288 0.1042506
2289 0.06946573
2290 0.04393681
2291 0.4976306
2292 0.470368
2293 0.3727504
2294 0.333493
2295 0.3282529
2296 0.941582
2297 0.3824668
2298 0.3592734
2299 0.0493428
2300 0.1538853
2301 0.6210307
2302 0.5108571
2303 0.6576085
2304 0.286629
2305 0.2870153
2306 0.7799244
2307 0.9592109
2308 0.8578203
2309 0.005864924
2310 0.65086
2311 0.4537433
2312 0.728513
2313 0.6851458
2314 0.06873838
2315 0.5746739
2316 0.6609284
2317 0.2590849
2318 0.05628356
2319 0.9241117
2320 0.2373967
2321 0.7732335
2322 0.04182768
2323 0.7538052
2324 0.05894878
2325 0.06791628
2326 0.4325753
2327 0.0622107
2328 0.2884496
2329 0.005009924
2330 0.001030083
2331 0.9899399
2332 0.6013422
2333 0.4946712
2334 0.2158735
2335 0.06488911
2336 0.3466492
2337 0.5834387
2338 0.8826018
2339 0.1243112
2340 0.05028396
2341 0.1786313
2342 0.1605
2343 0.07645102
2344 0.1902886
2345 0.4769255
2346 0.9925708
2347 0.5969632
2348 0.3212178
2349 0.571225
2350 0.002490477
2351 0.8839175
2352 0.6512308
2353 0.06576463
2354 0.2060179
2355 0.506552
2356 0.01540125
2357 0.7165106
2358 0.02086691
2359 0.01289499
2360 0.6448662
2361 0.8109663
2362 0.1817543
2363 0.07113768
2364 0.3364023
2365 0.9180694
2366 0.3517267
2367 0.08347056
2368 0.05520686
2369 1.436891e-06
2370 0.3837914
2371 0.1649894
2372 0.7538531
2373 0.2125659
2374 0.7725529
2375 0.6356446
2376 0.001725866
2377 0.4816637
2378 0.5665507
2379 0.293961
2380 0.4481783
2381 0.9330614
2382 0.7206129
2383 0.1278099
2384 0.05403241
2385 0.9949503
2386 0.8762162
2387 0.9166384
2388 0.0281565
2389 0.3641799
2390 0.5705942
2391 0.01211825
2392 0.003514965
2393 0.4989317
2394 0.8633646
2395 0.001859658
2396 0.5858739
2397 0.02066264
2398 0.4176577
2399 0.07924241
2400 0.3667244
2401 0.05297785
2402 0.4490151
2403 0.06276713
2404 0.6970595
2405 0.5041589
2406 0.2971278
2407 0.04506954
2408 0.7075894
2409 0.5578781
2410 0.06366612
2411 0.03710962
2412 0.1626756
2413 0.1921675
2414 0.6138155
2415 0.004043403
2416 0.1383248
2417 0.358225
2418 0.9360411
2419 0.006818452
2420 0.02927622
2421 0.9827801
2422 0.4626423
2423 0.4988434
2424 0.6794482
2425 0.5695255
2426 0.2872165
2427 0.1526928
2428 0.8783134
2429 0.8654663
2430 0.0976539
2431 0.2581777
2432 0.54494
2433 0.6756092
2434 0.7272055
2435 0.01054229
2436 0.6297878
2437 0.05515297
2438 0.08508998
2439 0.08735774
2440 0.5588795
2441 0.0003596894
2442 0.8160713
2443 0.7251795
2444 0.4222332
2445 0.002687257
2446 0.1750104
2447 0.003439319
2448 0.155766
2449 0.002059292
2450 0.2441531
2451 0.08644959
2452 0.2760452
2453 0.05287788
2454 0.5959999
2455 0.1305375
2456 0.2942539
2457 0.1118793
2458 0.9108804
2459 0.04130079
2460 0.6419826
2461 0.371828
2462 0.9156063
2463 0.6622679
2464 0.6775492
2465 0.7298166
2466 0.3824232
2467 0.0157904
2468 0.9392457
2469 0.002671662
2470 0.591159
2471 0.8369722
2472 0.938371
2473 0.2904849
2474 0.6265942
2475 0.8045228
2476 0.1811732
2477 0.1174045
2478 0.01871135
2479 0.5437714
2480 0.5604957
2481 0.8084305
2482 0.0480634
2483 0.3106299
2484 0.2037546
2485 0.02229483
2486 0.03465351
2487 0.1886014
2488 0.9182109
2489 0.8358145
2490 0.2386067
2491 0.2284266
2492 0.8481034
2493 0.5400954
2494 0.3011663
2495 0.5792111
2496 0.06636444
2497 0.01078137
2498 0.2004529
2499 0.1728421
2500 0.007667276
2501 0.8815853
2502 0.904314
2503 0.1189259
2504 0.4305926
2505 0.03261004
2506 0.0228693
2507 0.848496
2508 0.5132606
2509 0.7675584
2510 0.01178836
2511 0.843135
2512 0.06727598
2513 0.6969577
2514 0.1844872
2515 0.5304767
2516 0.1368875
2517 0.04232583
2518 0.3527361
2519 0.6081719
2520 0.3548339
2521 0.5940599
2522 0.8362467
2523 0.01937675
2524 0.0008133199
2525 0.9527948
2526 0.0006186207
2527 0.4339342
2528 0.00140927
2529 0.5213937
2530 0.4314078
2531 0.1733432
2532 0.0009063049
2533 0.4291068
2534 0.002450006
2535 0.4886765
2536 0.2723456
2537 0.4053927
2538 0.6728026
2539 0.1097234
2540 0.009979249
2541 0.05055815
2542 0.6609832
2543 0.3892868
2544 0.03243232
2545 0.2648117
2546 0.1065264
2547 0.4577633
2548 0.1325338
2549 0.6370406
2550 0.1366402
2551 0.1030301
2552 0.9198836
2553 0.08473403
2554 0.1009044
2555 0.7705882
2556 0.7079166
2557 0.3267101
2558 0.6430651
2559 0.8121715
2560 0.2424091
2561 0.6696828
2562 0.1705835
2563 0.3664296
2564 0.1003578
2565 0.03285099
2566 0.3649468
2567 0.04869403
2568 0.07859719
2569 0.05838577
2570 0.0919831
2571 0.8638339
2572 0.8975932
2573 0.2129657
2574 0.5858777
2575 0.1263375
2576 0.1975636
2577 0.9200223
2578 0.002903948
2579 0.3059405
2580 0.1228232
2581 0.1294765
2582 0.09669038
2583 0.4870269
2584 0.4248636
2585 0.9116822
2586 0.02798382
2587 0.1330086
2588 0.9251566
2589 0.9821141
2590 0.9536715
2591 0.0706506
2592 0.1070207
2593 0.1822527
2594 0.07438268
2595 0.3264918
2596 0.1833235
2597 0.9924415
2598 0.005986209
2599 0.001901412
2600 0.9713327
2601 0.4830695
2602 0.2815984
2603 0.5115855
2604 0.3682071
2605 0.4941296
2606 0.1819893
2607 0.2327148
2608 0.66946
2609 0.2202782
2610 0.05418224
2611 0.3302127
2612 0.6285411
2613 0.2766227
2614 0.7131991
2615 0.2589932
2616 0.1758205
2617 0.9412135
2618 0.1471548
2619 0.002715454
2620 0.7415146
2621 0.9657669
2622 0.4349018
2623 0.04234916
2624 0.4270926
2625 0.03172969
2626 0.0003597416
2627 0.01847353
2628 0.2316929
2629 0.2845381
2630 0.04594706
2631 0.4341073
2632 0.4968563
2633 0.4760184
2634 0.1275459
2635 0.689749
2636 0.0277951
2637 0.03943785
2638 0.6863106
2639 0.4625245
2640 0.3104024
2641 0.1210935
2642 0.5945986
2643 0.05785214
2644 0.4725741
2645 0.9342549
2646 0.2717172
2647 0.2915374
2648 0.9756618
2649 0.8113885
2650 0.5694307
2651 0.6018948
2652 0.1557068
2653 0.1400417
2654 0.9566948
2655 0.8259422
2656 0.1323027
2657 0.714472
2658 0.3360129
2659 0.01058879
2660 0.3917428
2661 0.5029813
2662 0.359203
2663 0.2349898
2664 0.005138963
2665 0.05160496
2666 0.09919117
2667 0.8995766
2668 0.8159799
2669 0.4982152
2670 0.3127502
2671 0.04720646
2672 0.8114808
2673 0.7140351
2674 0.1622432
2675 8.337381e-05
2676 0.7612339
2677 0.1224039
2678 0.2496455
2679 0.5296566
2680 0.02423013
2681 0.8268803
2682 0.5005884
2683 0.7083559
2684 0.8895028
2685 0.08635765
2686 0.07990922
2687 0.239962
2688 0.4055352
2689 0.09500642
2690 0.2558443
2691 0.02246628
2692 0.7235282
2693 0.1316853
2694 0.02327904
2695 0.8530072
2696 0.1781575
2697 0.2376214
2698 0.4145254
2699 0.7954956
2700 0.8201141
2701 0.4361871
2702 0.7736104
2703 0.4749756
2704 0.3095973
2705 0.7691088
2706 0.1100665
2707 0.1078432
2708 0.08618365
2709 0.6257397
2710 0.1299325
2711 0.02203859
2712 0.03866939
2713 0.5048708
2714 0.11336
2715 0.5580313
2716 0.9838085
2717 0.04637649
2718 0.2255975
2719 0.4376911
2720 0.3142892
2721 0.3101113
2722 0.3526247
2723 0.04425323
2724 0.005785175
2725 0.8322014
2726 0.008247866
2727 0.1181668
2728 0.583887
2729 0.5159132
2730 0.9740183
2731 0.01363109
2732 0.31332
2733 0.2239118
2734 0.03211492
2735 0.05542915
2736 0.2482457
2737 0.8854634
2738 0.9379235
2739 0.949498
2740 0.4459677
2741 0.06960022
2742 0.07614302
2743 0.0356873
2744 0.07793334
2745 0.08246508
2746 0.3003954
2747 0.01709292
2748 0.941065
2749 0.03102626
2750 0.1210817
2751 0.02828708
2752 0.07258456
2753 0.3981623
2754 0.9560827
2755 0.8535338
2756 0.04039817
2757 0.02295116
2758 0.2041143
2759 0.4661674
2760 0.09256511
2761 0.002412585
2762 0.8560995
2763 0.9990334
2764 0.2975514
2765 0.02973004
2766 0.2454531
2767 0.5886078
2768 0.4137002
2769 0.1794329
2770 0.3317573
2771 0.01676877
2772 0.04962912
2773 0.3122122
2774 0.6868015
2775 0.3923319
2776 0.177891
2777 0.1974782
2778 0.8055862
2779 0.1291891
2780 0.1079119
2781 0.232335
2782 0.2679556
2783 0.8142977
2784 0.01050508
2785 0.2684696
2786 0.003187719
2787 0.2201188
2788 0.9899073
2789 0.1927066
2790 0.0485873
2791 0.3888116
2792 0.09107276
2793 0.0007013893
2794 0.03558483
2795 0.7991045
2796 0.446489
2797 0.5852253
2798 0.03389277
2799 0.4111054
2800 0.1580232
2801 0.3026725
2802 0.02454868
2803 0.6037596
2804 0.001766745
2805 0.4745481
2806 0.1923772
2807 0.009206922
2808 0.02856855
2809 0.005806639
2810 0.06996173
2811 0.2383731
2812 0.01034633
2813 0.04859291
2814 0.7934462
2815 0.6451712
2816 0.0169905
2817 0.9605419
2818 0.1392944
2819 0.255074
2820 0.5454665
2821 0.8263116
2822 0.05569414
2823 0.0623021
2824 0.1462314
2825 0.1911879
2826 0.5827735
2827 0.8025737
2828 0.005640838
2829 0.01065873
2830 0.01588741
2831 0.05634518
2832 0.1023234
2833 0.6204508
2834 0.02773324
2835 0.5657152
2836 0.2380446
2837 0.01042144
2838 0.01735157
2839 0.01290192
2840 0.7977532
2841 0.00321758
2842 0.6521331
2843 0.6296904
2844 0.9373831
2845 0.2917859
2846 0.5259697
2847 0.05276721
2848 0.0002972635
2849 0.7041381
2850 0.6198081
2851 0.3242924
2852 0.4521807
2853 0.2054902
2854 0.1880244
2855 0.08473996
2856 0.03174866
2857 0.000701519
2858 0.3691752
2859 0.9226119
2860 0.0005712864
2861 0.04775911
2862 0.1466413
2863 0.5490816
2864 0.1255887
2865 0.07750769
2866 0.0253815
2867 0.002614461
2868 0.02453259
2869 0.3582798
2870 0.007746554
2871 0.1669458
2872 0.4235633
2873 0.7559957
2874 0.07521255
2875 0.005710669
2876 0.2968663
2877 0.1105856
2878 0.01236378
2879 0.4610859
2880 0.3087267
2881 0.130189
2882 0.06533279
2883 0.4456443
2884 0.2708478
2885 0.6817464
2886 0.0009927384
2887 0.9019174
2888 0.4423768
2889 0.2502344
2890 0.3331882
2891 0.2177098
2892 0.03268652
2893 0.5114015
2894 0.7552533
2895 0.008010478
2896 0.7596539
2897 0.9956269
2898 0.003600492
2899 0.1583432
2900 0.3872374
2901 0.3785425
2902 0.0821663
2903 0.06956709
2904 0.1856086
2905 0.04562773
2906 0.1923382
2907 0.03536225
2908 0.5272957
2909 0.5318166
2910 0.7390866
2911 0.0875047
2912 0.007753431
2913 0.5171702
2914 0.05578054
2915 0.262929
2916 0.9083573
2917 0.03064248
2918 0.7892691
2919 0.8602671
2920 0.03396345
2921 0.3644098
2922 0.4313421
2923 0.09442348
2924 0.0125431
2925 0.07376409
2926 0.2191113
2927 0.004516003
2928 0.08612225
2929 0.263048
2930 0.1298245
2931 0.730533
2932 0.2285684
2933 0.1976596
2934 0.1887868
2935 0.3772584
2936 0.4556708
2937 0.3874318
2938 0.3478232
2939 0.6205318
2940 0.8738781
2941 0.04085423
2942 0.7702306
2943 0.4654021
2944 0.9050999
2945 0.9047181
2946 0.1716924
2947 0.7561149
2948 0.2818088
2949 0.5991142
2950 0.02324068
2951 0.2424942
2952 0.04017457
2953 0.03427201
2954 0.05786843
2955 0.003097066
2956 0.6954085
2957 0.312064
2958 0.01407893
2959 0.8229191
2960 0.00178498
2961 0.8729216
2962 0.43756
2963 0.102225
2964 0.8804334
2965 0.001272897
2966 0.02064464
2967 0.4603873
2968 0.3505102
2969 0.00463456
2970 0.608084
2971 0.9991998
2972 0.3992246
2973 0.7314429
2974 0.9872592
2975 0.286043
2976 0.3861883
2977 0.2409131
2978 0.6271164
2979 0.4696728
2980 0.09902797
2981 0.3647416
2982 0.4233329
2983 0.9453558
2984 0.9052918
2985 0.05638613
2986 0.01011638
2987 0.8818689
2988 0.5325036
2989 1.613491e-05
2990 0.4364631
2991 0.4346206
2992 0.03115242
2993 0.07839089
2994 0.139745
2995 0.3350444
2996 0.2822161
2997 0.8039509
2998 0.2426475
2999 0.02474462
3000 0.02664442
3001 0.0003870709
3002 0.02381761
3003 0.006682745
3004 0.150197
3005 0.6922851
3006 0.01098952
3007 0.1448247
3008 0.03379193
3009 0.1841352
3010 0.9569989
3011 0.5507265
3012 0.04523063
3013 0.7107057
3014 0.022476
3015 0.8077945
3016 0.3240923
3017 0.03079452
3018 0.7017391
3019 0.5622814
3020 0.341982
3021 0.300038
3022 0.006692986
3023 0.7669608
3024 0.02590889
3025 0.400562
3026 0.05452835
3027 0.09676127
3028 0.3421406
3029 0.3177695
3030 0.6412393
3031 0.01251191
3032 0.8003853
3033 0.5788571
3034 0.674012
3035 0.001289718
3036 0.3660047
3037 0.01013009
3038 0.0001231795
3039 0.7836178
3040 0.6434897
3041 0.9643108
3042 0.5800653
3043 0.340919
3044 0.539747
3045 0.2032829
3046 0.1363377
3047 0.1100924
3048 0.09535084
3049 0.9539775
3050 0.02531293
3051 0.003506277
3052 0.1712358
3053 0.4434736
3054 0.000571822
3055 0.5577277
3056 0.3741515
3057 0.8428526
3058 0.663707
3059 0.01095245
3060 0.8003275
3061 0.003550633
3062 0.0005125268
3063 0.3221034
3064 0.555775
3065 0.3917291
3066 0.7573243
3067 0.8550675
3068 0.6393195
3069 0.03407931
3070 0.2173609
3071 0.1493152
3072 0.7619765
3073 0.1121875
3074 0.6141447
3075 0.2864298
3076 0.3885111
3077 0.05315034
3078 0.6575131
3079 0.2944261
3080 0.4952302
3081 0.3009715
3082 0.4855823
3083 0.01692412
3084 0.8903131
3085 0.7232819
3086 0.5119594
3087 0.6224281
3088 0.4317949
3089 0.1030372
3090 0.6613963
3091 0.8002363
3092 0.09168751
3093 0.9552547
3094 0.1378928
3095 0.09121413
3096 0.5497403
3097 0.1926571
3098 0.1614108
3099 0.4034599
3100 0.3641955
3101 8.057207e-05
3102 0.7189278
3103 0.9333558
3104 0.1373266
3105 0.004513287
3106 0.09193911
3107 0.2142862
3108 0.848095
3109 0.9859228
3110 0.749444
3111 0.6869901
3112 0.7821843
3113 0.5693082
3114 0.02176908
3115 0.7693778
3116 0.341108
3117 0.6283381
3118 0.6903152
3119 0.2589329
3120 0.3047246
3121 0.3118044
3122 0.2196195
3123 0.6442177
3124 0.6447035
3125 0.4507983
3126 0.034291
3127 0.09273436
3128 0.03403563
3129 0.4475899
3130 0.7479782
3131 0.1477901
3132 0.08366026
3133 0.08874355
3134 0.00468919
3135 0.1462195
3136 0.7099878
3137 0.1125726
3138 0.3876384
3139 0.3558045
3140 0.4296483
3141 0.002913083
3142 0.02559875
3143 0.6601427
3144 0.08495035
3145 0.347598
3146 0.170336
3147 0.8236365
3148 0.9883802
3149 0.00037837
3150 0.07147466
3151 0.2397862
3152 0.7855631
3153 0.796616
3154 0.05724235
3155 0.5280362
3156 0.430401
3157 0.07573991
3158 0.1217726
3159 0.0009452252
3160 0.1697209
3161 0.1515231
3162 0.8898127
3163 0.1293321
3164 0.151723
3165 0.9881698
3166 0.4754111
3167 0.1870702
3168 0.2576778
3169 0.2465189
3170 0.9950023
3171 0.3055537
3172 0.06884064
3173 0.6921255
3174 0.154774
3175 0.04478199
3176 0.4622352
3177 0.5456733
3178 0.6070234
3179 0.03315268
3180 0.1616903
3181 0.1614444
3182 0.3039647
3183 0.7539184
3184 0.02727233
3185 0.02279194
3186 0.04858144
3187 0.3575179
3188 0.1190023
3189 0.7091659
3190 0.4374391
3191 0.3812572
3192 0.1634538
3193 0.3685938
3194 0.03956529
3195 0.5034268
3196 0.8582125
3197 2.63615e-05
3198 3.5442e-05
3199 0.391349
3200 0.04283977
3201 0.8041125
3202 0.4002823
3203 0.4139414
3204 0.003468042
3205 0.3635836
3206 0.3279066
3207 0.7439326
3208 0.6006089
3209 0.04844104
3210 0.8493109
3211 0.2725802
3212 0.8936711
3213 0.59921
3214 0.2941913
3215 0.740074
3216 0.04330648
3217 0.0002818917
3218 0.008100555
3219 0.09128916
3220 0.001340117
3221 0.01084368
3222 0.56455
3223 0.6095578
3224 0.615893
3225 0.8070582
3226 0.3602942
3227 0.2247247
3228 0.4105788
3229 0.4646845
3230 0.02551184
3231 0.9319686
3232 0.02639098
3233 0.02863222
3234 0.3028106
3235 0.5371851
3236 0.4016573
3237 0.3851287
3238 0.4181584
3239 0.08061885
3240 0.08347117
3241 0.0963898
3242 0.516572
3243 0.02193928
3244 0.1285895
3245 0.3155116
3246 0.5585957
3247 0.5208171
3248 0.06006095
3249 0.5648916
3250 0.9116693
3251 0.2584938
3252 0.07113578
3253 0.707288
3254 0.0002033542
3255 0.06172763
3256 0.6171168
3257 0.9912004
3258 0.577298
3259 0.5060441
3260 0.2633156
3261 0.003443578
3262 0.1784598
3263 0.9194284
3264 0.03512291
3265 0.01096452
3266 0.4622641
3267 0.7302932
3268 0.5479987
3269 0.8559063
3270 0.3179933
3271 0.1668628
3272 0.4035246
3273 0.1370567
3274 0.1542889
3275 0.1201999
3276 0.08758081
3277 0.003625274
3278 0.1962174
3279 0.5594825
3280 0.7876123
3281 0.007194527
3282 0.880018
3283 0.3474884
3284 0.03402224
3285 0.1162726
3286 0.5473134
3287 0.6550325
3288 0.4236067
3289 0.006973132
3290 0.07760035
3291 0.5702508
3292 0.6656967
3293 0.02808575
3294 0.07354896
3295 0.9458552
3296 0.07115166
3297 0.4806273
3298 0.3918502
3299 0.01799531
3300 0.01146161
3301 0.2604783
3302 0.04328812
3303 0.4054448
3304 0.1580513
3305 0.000821768
3306 0.06680114
3307 0.3950292
3308 0.4560591
3309 0.1016098
3310 0.1113429
3311 0.7479455
3312 0.2806096
3313 0.4854373
3314 0.2748
3315 0.4370048
3316 0.8366661
3317 0.06319376
3318 0.2235736
3319 0.9141988
3320 0.7609451
3321 0.8019729
3322 0.1684528
3323 0.1980489
3324 0.6866225
3325 0.007268949
3326 0.3453712
3327 0.4337522
3328 0.05297715
3329 0.05152603
3330 0.03577768
3331 0.7530566
3332 0.6316625
3333 0.06791241
3334 0.01199038
3335 0.9421186
3336 0.7157833
3337 0.4925932
3338 0.3850325
3339 0.00429414
3340 0.06833105
3341 0.03081826
3342 0.5653708
3343 0.3111552
3344 0.2081976
3345 0.7031552
3346 0.1802358
3347 0.1395945
3348 0.2917043
3349 0.07950072
3350 0.000252889
3351 0.7601152
3352 0.1236546
3353 0.2700544
3354 0.207419
3355 0.006326413
3356 0.07050775
3357 0.4706056
3358 0.105165
3359 0.3861436
3360 0.5387652
3361 0.5517158
3362 0.5368585
3363 0.1246114
3364 0.5425464
3365 0.01412177
3366 0.6486164
3367 0.005620392
3368 0.727976
3369 0.03028509
3370 0.4269265
3371 0.5551657
3372 0.2336408
3373 0.1643289
3374 0.5538411
3375 0.2759043
3376 0.8565211
3377 0.1726081
3378 0.02477421
3379 0.001515595
3380 0.2136308
3381 0.111737
3382 0.02735701
3383 0.4168253
3384 0.2600102
3385 0.01977087
3386 0.01161195
3387 0.001265243
3388 0.3545106
3389 0.5687248
3390 0.2546423
3391 0.3911363
3392 0.1700223
3393 0.3757806
3394 0.0001667592
3395 0.2358751
3396 0.0002292231
3397 0.1336868
3398 0.489736
3399 0.3423397
3400 0.864961
3401 0.03842668
3402 0.06997035
3403 0.7114841
3404 0.4414131
3405 0.1134925
3406 0.06903602
3407 0.03037602
3408 0.6357462
3409 0.5860594
3410 0.05056574
3411 0.7179444
3412 0.4684003
3413 0.951096
3414 0.4457006
3415 0.01966244
3416 0.2406211
3417 0.967941
3418 0.03907183
3419 0.9834353
3420 0.2192325
3421 0.1008817
3422 0.8330715
3423 0.09110692
3424 0.861892
3425 0.0004701711
3426 0.4541015
3427 0.01570356
3428 0.2157755
3429 0.1987943
3430 0.4577305
3431 0.1096732
3432 0.07184387
3433 0.01753319
3434 0.9769207
3435 0.4675573
3436 0.05263983
3437 0.06591862
3438 0.01552976
3439 0.9749794
3440 0.7535224
3441 0.222297
3442 0.6492393
3443 0.1139819
3444 0.2054251
3445 0.1415911
3446 0.4485813
3447 0.4383748
3448 0.882455
3449 0.128926
3450 0.1781054
3451 0.1295027
3452 0.03965054
3453 0.4529682
3454 0.1515476
3455 0.779549
3456 0.001324267
3457 0.7358666
3458 0.4188905
3459 0.3534013
3460 0.001012059
3461 0.4321901
3462 0.001318805
3463 0.8189507
3464 0.4994169
3465 0.6248022
3466 0.01427617
3467 0.1296661
3468 0.9683631
3469 0.02092039
3470 0.003459909
3471 0.1254386
3472 0.7753541
3473 0.6182453
3474 0.9572415
3475 0.1446321
3476 0.0007330194
3477 0.04143766
3478 0.4119315
3479 0.1599934
3480 0.1937438
3481 0.7698786
3482 0.2134397
3483 0.6619895
3484 0.8486763
3485 0.6718547
3486 0.7699316
3487 0.0006540168
3488 0.09332077
3489 0.0008309821
3490 0.7834148
3491 0.7868309
3492 0.02620787
3493 0.0001338859
3494 5.258942e-05
3495 0.0524228
3496 0.7828818
3497 0.2283834
3498 0.5251132
3499 0.2226533
3500 0.6450469
3501 0.262001
3502 0.3020938
3503 0.7738075
3504 0.5218742
3505 0.0842163
3506 0.02068294
3507 0.5582655
3508 0.818179
3509 0.02363287
3510 0.3317435
3511 0.2075349
3512 0.3588646
3513 0.3332738
3514 0.9386854
3515 0.07581429
3516 0.07602566
3517 0.406282
3518 0.5284429
3519 0.8112301
3520 0.2552729
3521 0.05814376
3522 0.02575779
3523 0.2846105
3524 0.00474818
3525 0.3247025
3526 0.9636307
3527 0.06313804
3528 0.001455847
3529 0.03811679
3530 0.9103719
3531 0.1640648
3532 0.440421
3533 0.06147408
3534 0.007333758
3535 0.1268199
3536 0.2047242
3537 0.863772
3538 0.3148202
3539 0.005561952
3540 0.07693562
3541 0.2375492
3542 0.00389891
3543 0.960564
3544 0.005274453
3545 0.4746718
3546 0.006261501
3547 0.6799816
3548 0.7554264
3549 0.0106377
3550 0.7012539
3551 0.04138484
3552 0.1634027
3553 0.6886748
3554 0.6046532
3555 0.6167797
3556 0.1338778
3557 0.1162605
3558 0.2246841
3559 0.1854174
3560 0.9707902
3561 0.9058368
3562 0.001992225
3563 0.8063933
3564 0.8886754
3565 0.4865385
3566 0.3909643
3567 0.2779046
3568 0.6760031
3569 0.7968956
3570 0.3848964
3571 0.9180197
3572 0.3483591
3573 0.8204138
3574 0.8762153
3575 0.2958319
3576 0.5326063
3577 0.002285135
3578 0.02012224
3579 0.0007083665
3580 0.8771088
3581 0.2347689
3582 0.09559904
3583 0.3745629
3584 0.8243109
3585 0.9577542
3586 0.3393085
3587 0.4698271
3588 0.1020834
3589 0.4398907
3590 0.06632001
3591 0.6595084
3592 0.5105606
3593 0.6133582
3594 0.07046516
3595 0.0643626
3596 0.01208284
3597 0.9592366
3598 0.003711729
3599 0.00280983
3600 0.03143816
3601 0.01068621
3602 0.04408517
3603 0.8776976
3604 0.7732264
3605 0.2176203
3606 0.3195091
3607 0.968778
3608 0.6473769
3609 0.09238316
3610 0.9617031
3611 0.7120835
3612 0.1955998
3613 0.5071652
3614 0.3077546
3615 0.8198982
3616 0.3711092
3617 0.09706872
3618 0.0006768695
3619 0.4985454
3620 0.2852206
3621 0.228579
3622 0.3228247
3623 0.08219277
3624 0.7432234
3625 0.2051499
3626 0.001520398
3627 0.1358119
3628 0.04211328
3629 0.000301091
3630 0.5569195
3631 0.1963949
3632 5.269847e-05
3633 0.3300336
3634 0.06055172
3635 0.0906385
3636 0.6731505
3637 0.5751744
3638 0.1622361
3639 0.02073969
3640 0.7870947
3641 0.2368672
3642 0.2976309
3643 0.05924498
3644 0.03587822
3645 0.4272565
3646 0.7738999
3647 0.1113193
3648 0.0002385792
3649 0.2047911
3650 0.002801914
3651 0.2336528
3652 0.4728421
3653 0.000457577
3654 0.9901957
3655 0.651667
3656 0.02671267
3657 0.03329812
3658 0.0001785509
3659 0.0003409949
3660 0.4112109
3661 0.02534162
3662 0.3459935
3663 0.04233611
3664 0.8004211
3665 0.4924272
3666 0.1748834
3667 0.7822185
3668 0.988181
3669 0.5335569
3670 0.349319
3671 0.735163
3672 0.7385051
3673 0.07784978
3674 0.2004209
3675 0.6541283
3676 0.5854717
3677 0.01283951
3678 0.4463619
3679 0.5231922
3680 0.4470761
3681 0.01245699
3682 0.005869405
3683 0.9257045
3684 0.9580551
3685 0.01282056
3686 0.8854784
3687 0.8318442
3688 0.1294751
3689 0.5028765
3690 0.5919798
3691 0.1544912
3692 0.08776241
3693 0.9693501
3694 0.4510004
3695 0.9691544
3696 0.1359147
3697 0.3451727
3698 0.001975659
3699 0.04378508
3700 0.8131637
3701 0.5574285
3702 0.719441
3703 0.3442226
3704 0.2647053
3705 1.111683e-06
3706 0.3435662
3707 0.7906331
3708 0.8239815
3709 0.09861476
3710 0.08142862
3711 0.4506469
3712 0.9692334
3713 0.05884342
3714 0.658123
3715 0.1974537
3716 0.6859113
3717 0.4728256
3718 0.2564244
3719 0.2903489
3720 0.2231438
3721 0.4909875
3722 0.4984477
3723 0.944886
3724 0.259792
3725 0.4342144
3726 0.6155827
3727 0.926832
3728 0.7694447
3729 0.4123208
3730 0.005916282
3731 0.1542739
3732 0.2340404
3733 0.08993841
3734 0.4754221
3735 0.07460579
3736 0.1717806
3737 0.3537874
3738 0.1346193
3739 0.1498172
3740 0.8785696
3741 0.01372586
3742 0.007562765
3743 0.006027906
3744 0.2088212
3745 0.6459864
3746 0.3080154
3747 0.2249685
3748 0.8111088
3749 0.1261019
3750 0.01741499
3751 0.1347336
3752 0.02778543
3753 0.2736013
3754 0.6553517
3755 0.1461396
3756 0.9358466
3757 0.9986081
3758 0.01202644
3759 0.2468302
3760 0.08709243
3761 0.1465066
3762 0.2152008
3763 0.01363549
3764 0.9144802
3765 0.05838373
3766 0.02575876
3767 0.4627974
3768 0.1510527
3769 0.3652748
3770 0.4815475
3771 0.02938921
3772 0.243568
3773 0.2369634
3774 0.9245448
3775 0.2714514
3776 0.3159355
3777 0.3034682
3778 0.2956934
3779 0.009749133
3780 0.05593372
3781 0.4815918
3782 0.9916268
3783 0.540147
3784 0.2820845
3785 0.8885098
3786 0.002397816
3787 0.6511388
3788 0.7120623
3789 0.5724408
3790 0.3182502
3791 0.9950631
3792 0.6518624
3793 0.08082659
3794 0.7671873
3795 0.2403051
3796 0.01281263
3797 0.7568732
3798 0.02995616
3799 0.0003371073
3800 0.08148077
3801 0.3034378
3802 0.2897054
3803 0.1802973
3804 0.909088
3805 0.04504063
3806 0.01953134
3807 0.3507466
3808 0.3974919
3809 0.9167746
3810 0.162881
3811 0.911331
3812 0.7118625
3813 0.8184836
3814 0.8811998
3815 0.07281095
3816 0.09219286
3817 0.3976706
3818 0.8199165
3819 0.4467004
3820 0.2712532
3821 0.01879974
3822 0.8261205
3823 0.8804447
3824 0.2182455
3825 0.06826767
3826 0.6449892
3827 0.05212462
3828 0.9419114
3829 0.2858491
3830 0.04948259
3831 0.05548045
3832 0.03231396
3833 0.6391558
3834 0.0134078
3835 0.262872
3836 0.4160693
3837 0.710048
3838 0.06722043
3839 0.05317672
3840 0.3872788
3841 4.207742e-05
3842 0.4301821
3843 0.8561675
3844 0.4358732
3845 0.0009393028
3846 0.5369383
3847 0.3541957
3848 0.5532327
3849 0.4022673
3850 0.2819178
3851 0.04967846
3852 0.9658725
3853 0.8871891
3854 0.77819
3855 0.3419418
3856 0.999922
3857 0.6495216
3858 0.1032996
3859 0.5907327
3860 0.07967262
3861 0.8349981
3862 0.07794653
3863 0.0324361
3864 0.4448866
3865 0.3736838
3866 0.2553004
3867 0.4146603
3868 0.9560891
3869 0.01858783
3870 0.1014985
3871 0.6882062
3872 0.5144477
3873 0.6555053
3874 0.7045291
3875 0.03235963
3876 0.3708438
3877 0.001807143
3878 0.7203807
3879 0.6343885
3880 0.3805542
3881 0.008621383
3882 0.01915975
3883 0.6069718
3884 0.1154449
3885 0.123731
3886 0.4067117
3887 0.7696685
3888 0.3035539
3889 0.1610562
3890 0.004211806
3891 0.1474176
3892 0.001920055
3893 0.06090841
3894 0.3336643
3895 0.08016678
3896 0.2538341
3897 0.4008295
3898 0.0007980136
3899 0.01076046
3900 0.1778605
3901 0.03910109
3902 0.9914104
3903 0.5057617
3904 0.09172552
3905 0.01063753
3906 0.4361522
3907 0.005187695
3908 0.5661561
3909 0.0566342
3910 0.1975396
3911 0.7740883
3912 0.02963077
3913 0.005130834
3914 0.1397312
3915 0.03424891
3916 0.1700426
3917 0.03108358
3918 0.24626
3919 0.4598949
3920 0.0003107957
3921 0.02962718
3922 0.06425647
3923 0.382908
3924 0.9082735
3925 0.3842744
3926 0.6756781
3927 0.2558594
3928 0.7654089
3929 0.4074782
3930 0.4695983
3931 0.3231465
3932 0.3373777
3933 0.8403963
3934 0.3114782
3935 0.8525611
3936 0.1510016
3937 0.3515579
3938 0.7521827
3939 0.213184
3940 0.1746435
3941 0.2301444
3942 0.005869042
3943 0.1518844
3944 0.5659229
3945 0.004198118
3946 0.6993365
3947 0.3118389
3948 0.0008829862
3949 0.1355116
3950 0.1874588
3951 0.3352638
3952 0.3024217
3953 0.4175379
3954 0.497403
3955 0.795156
3956 0.08975314
3957 0.02019792
3958 0.00369286
3959 4.4352e-05
3960 0.04275663
3961 0.1014163
3962 0.01585594
3963 0.526153
3964 0.4780905
3965 0.0408377
3966 0.1652152
3967 0.03916398
3968 0.06009949
3969 0.08803416
3970 0.7697822
3971 0.2292583
3972 0.5591307
3973 0.567736
3974 0.05888688
3975 0.01828677
3976 0.03898073
3977 0.004832039
3978 0.9377349
3979 0.3840139
3980 0.1845298
3981 0.553815
3982 0.4750995
3983 0.1973772
3984 0.52058
3985 0.2141049
3986 0.124568
3987 0.7702738
3988 0.05567794
3989 0.5678905
3990 0.7001397
3991 0.945217
3992 0.3780761
3993 0.9207335
3994 0.001715663
3995 0.3414269
3996 0.2617445
3997 0.5427372
3998 0.06820142
3999 0.07736801
4000 0.2242631
4001 0.823743
4002 0.6236622
4003 0.3830315
4004 0.9367186
4005 0.09739625
4006 0.9854568
4007 0.09902771
4008 0.5889932
4009 8.827803e-05
4010 0.03335548
4011 0.9449421
4012 0.03375709
4013 0.2340186
4014 0.03199646
4015 0.3615729
4016 0.7305246
4017 0.6839944
4018 0.0004530277
4019 0.7920974
4020 0.5789548
4021 0.3435356
4022 0.9028813
4023 0.002541451
4024 0.3899712
4025 0.3031739
4026 0.2448916
4027 0.2325158
4028 0.002505658
4029 0.07218358
4030 0.9287554
4031 0.4008254
4032 0.6928294
4033 0.229725
4034 0.9670129
4035 0.8746315
4036 0.4550626
4037 0.7390529
4038 0.8957469
4039 0.0171107
4040 0.2802219
4041 0.004602563
4042 0.3629865
4043 0.009391197
4044 0.1572843
4045 0.5351049
4046 0.7564884
4047 0.3773019
4048 0.03966003
4049 0.4423358
4050 0.1096602
4051 0.7575389
4052 0.2807351
4053 0.3959534
4054 0.8910671
4055 0.9681684
4056 0.9426774
4057 0.4799781
4058 0.787402
4059 0.4180905
4060 0.7365375
4061 0.3249366
4062 0.01343763
4063 0.04531507
4064 0.3685442
4065 0.4549491
4066 0.08923718
4067 0.9286518
4068 0.8195821
4069 0.03051406
4070 0.7119564
4071 0.6980256
4072 0.3016229
4073 0.6947668
4074 0.005483438
4075 0.5839106
4076 0.4627407
4077 0.9095257
4078 0.278209
4079 0.7236745
4080 0.9377382
4081 0.5559074
4082 0.05169847
4083 0.5542507
4084 0.007529584
4085 0.09508544
4086 0.6340388
4087 0.1218915
4088 0.2475875
4089 0.3914771
4090 0.004381944
4091 0.7908569
4092 0.04803678
4093 0.08766161
4094 0.08746825
4095 0.2695249
4096 0.4612073
4097 0.341238
4098 0.05299847
4099 0.07504354
4100 0.07633147
4101 0.7419475
4102 0.1853768
4103 0.3694603
4104 0.0002704894
4105 0.2054775
4106 0.046867
4107 0.4376834
4108 0.0741242
4109 0.09267505
4110 0.588304
4111 0.6345158
4112 0.6200959
4113 0.01120845
4114 0.7318929
4115 0.02625526
4116 0.08220884
4117 0.6976168
4118 0.03812288
4119 0.08359404
4120 0.01574198
4121 0.2895204
4122 0.9929898
4123 0.4442685
4124 0.008531096
4125 0.02902346
4126 0.0864364
4127 0.1942467
4128 0.2697773
4129 0.4584098
4130 0.1215624
4131 0.9961121
4132 0.2630705
4133 0.2426673
4134 0.61338
4135 0.5706665
4136 0.2351805
4137 0.1599656
4138 0.0138632
4139 0.6568387
4140 0.1982044
4141 0.9567975
4142 0.5161956
4143 0.05211489
4144 0.9273153
4145 0.3731033
4146 0.08204307
4147 0.01420999
4148 0.5684131
4149 0.003048605
4150 0.07571412
4151 0.9861733
4152 0.8633733
4153 0.01552883
4154 0.3904902
4155 0.2812214
4156 0.4564787
4157 0.05829974
4158 0.8050284
4159 0.03850947
4160 0.29913
4161 0.4607735
4162 0.002807318
4163 0.6942685
4164 0.2353737
4165 0.3416927
4166 0.6656269
4167 0.1691527
4168 0.09791821
4169 0.08386004
4170 0.02014684
4171 0.2572778
4172 0.1033183
4173 0.2815657
4174 0.371122
4175 0.7368428
4176 0.2140875
4177 0.519679
4178 0.008605386
4179 0.7398457
4180 0.7402738
4181 0.3446406
4182 0.5198128
4183 0.6517403
4184 0.5460281
4185 0.7261687
4186 0.8579036
4187 0.22112
4188 0.213735
4189 0.2804891
4190 0.5872705
4191 0.6245516
4192 0.4484332
4193 0.230671
4194 0.4915741
4195 0.02179872
4196 0.5422618
4197 0.8303637
4198 0.7354816
4199 0.09591149
4200 0.2930573
4201 0.06412559
4202 0.1472467
4203 0.73762
4204 0.006484341
4205 0.0415329
4206 0.08935456
4207 0.9603763
4208 0.1195714
4209 0.1997916
4210 0.3151401
4211 0.03815292
4212 0.4171731
4213 0.5108303
4214 0.2340052
4215 0.5375967
4216 4.417384e-05
4217 1.521362e-06
4218 0.7099554
4219 0.006891957
4220 0.2174806
4221 0.3065127
4222 0.2218645
4223 0.7809925
4224 0.4233472
4225 0.3783633
4226 0.005273427
4227 0.0009422799
4228 0.01201223
4229 0.8692873
4230 0.9351882
4231 0.143365
4232 0.604311
4233 0.01861633
4234 0.4388612
4235 0.06547292
4236 0.09200611
4237 0.001034385
4238 0.8466569
4239 0.003921453
4240 0.01994672
4241 0.002848213
4242 0.6502986
4243 0.01072537
4244 0.9003537
4245 0.3039853
4246 0.04548488
4247 0.4695038
4248 0.5534696
4249 0.5396666
4250 0.0003783181
4251 0.5111694
4252 0.8506011
4253 0.02585582
4254 0.4924751
4255 0.01673768
4256 0.01616196
4257 0.560987
4258 0.2517659
4259 0.5777258
4260 0.2690108
4261 0.2331447
4262 0.8421656
4263 0.08872282
4264 0.1053242
4265 0.1728739
4266 0.585
4267 0.8837112
4268 0.329113
4269 0.6230729
4270 0.4196136
4271 0.4645326
4272 0.9377826
4273 0.981727
4274 0.0141531
4275 0.9830022
4276 0.01000186
4277 0.1999342
4278 0.001903993
4279 0.056468
4280 0.02804316
4281 0.4426048
4282 0.8667824
4283 0.2801624
4284 0.5424188
4285 0.2486255
4286 0.04319136
4287 0.1449213
4288 0.918178
4289 0.02505831
4290 0.5901804
4291 0.2283434
4292 0.5617409
4293 0.2421963
4294 0.04349666
4295 0.1582895
4296 0.7917234
4297 0.4788002
4298 0.9514037
4299 0.4138659
4300 0.04313428
4301 0.03517751
4302 0.01900177
4303 0.379745
4304 0.2070017
4305 0.0006445731
4306 0.7730094
4307 0.02233508
4308 0.1779008
4309 0.07090826
4310 0.3545481
4311 0.7521529
4312 0.2040286
4313 0.4683952
4314 0.7764201
4315 0.4926209
4316 0.173344
4317 0.2250599
4318 0.2288709
4319 0.077617
4320 0.01496635
4321 0.1022518
4322 0.297126
4323 0.0155334
4324 0.4510563
4325 0.008067468
4326 0.8449312
4327 0.8843672
4328 0.02624714
4329 0.1699725
4330 0.7596984
4331 0.6973175
4332 0.6923131
4333 0.0852747
4334 0.01695616
4335 0.9103103
4336 0.3234641
4337 0.06926583
4338 0.2234038
4339 0.5947767
4340 0.07166327
4341 0.3875624
4342 0.7927711
4343 0.1003257
4344 0.09924165
4345 0.3787603
4346 0.239664
4347 0.7170178
4348 0.3849993
4349 0.07210007
4350 0.1835152
4351 0.4994017
4352 0.3730535
4353 0.1349571
4354 0.06426754
4355 0.8381939
4356 0.108471
4357 0.08717461
4358 0.3237192
4359 5.123837e-06
4360 0.1245549
4361 0.06421606
4362 0.04264092
4363 0.8222792
4364 0.9160395
4365 0.1101027
4366 0.02416058
4367 0.01580895
4368 0.2071713
4369 0.1369786
4370 0.7249007
4371 0.4043382
4372 0.2176842
4373 0.05263603
4374 0.1786136
4375 0.4706317
4376 0.7530805
4377 0.9974801
4378 0.4223911
4379 0.6566483
4380 0.1971048
4381 0.3325823
4382 0.05610498
4383 0.371903
4384 0.2696168
4385 0.799842
4386 0.3478089
4387 0.2738189
4388 0.2572914
4389 0.02612532
4390 0.03851182
4391 0.2445513
4392 0.1580724
4393 0.3991467
4394 0.3875808
4395 0.4187661
4396 0.03946695
4397 0.4577162
4398 0.002965584
4399 0.06401884
4400 0.9507064
4401 0.03190438
4402 0.5123652
4403 0.1033946
4404 0.04951987
4405 0.7490064
4406 0.08817885
4407 0.7643102
4408 0.8736701
4409 0.4466023
4410 0.006406934
4411 0.05107322
4412 0.4097519
4413 0.0120471
4414 0.05693554
4415 0.3720579
4416 0.01309553
4417 0.1941876
4418 0.2566553
4419 0.1671443
4420 0.1583313
4421 0.1101948
4422 0.002426476
4423 0.2145839
4424 0.9193004
4425 0.853323
4426 0.3174982
4427 0.2579203
4428 0.6567316
4429 0.7990208
4430 0.08894429
4431 9.807657e-05
4432 0.362491
4433 0.00978535
4434 0.8570258
4435 0.187684
4436 0.03552139
4437 0.2894357
4438 0.01305627
4439 0.9625948
4440 0.001170501
4441 0.1518807
4442 0.6656067
4443 0.3311448
4444 0.1917832
4445 0.7617155
4446 0.04213786
4447 0.6853881
4448 0.7493632
4449 0.1590151
4450 0.910822
4451 0.4102769
4452 0.6876173
4453 0.4376061
4454 0.05264109
4455 0.805343
4456 0.797953
4457 0.4967166
4458 0.1849702
4459 0.08865601
4460 0.5391372
4461 0.02600092
4462 0.7900403
4463 0.1327891
4464 0.9056897
4465 0.7143669
4466 0.02739642
4467 0.2119997
4468 0.5410691
4469 0.8241903
4470 0.4792713
4471 0.5812618
4472 0.1937838
4473 0.2583652
4474 0.2898427
4475 0.3196237
4476 0.005966985
4477 0.7914639
4478 0.240437
4479 0.8358577
4480 0.4180201
4481 0.426509
4482 0.06287303
4483 0.5186428
4484 0.01381419
4485 0.1087908
4486 0.009015302
4487 0.749865
4488 0.6804702
4489 0.02928692
4490 0.002012836
4491 0.4055181
4492 0.9000187
4493 0.2037335
4494 0.9504142
4495 0.07970573
4496 0.5221379
4497 0.0007973116
4498 0.02781931
4499 0.07881682
4500 0.3287252
4501 0.8438006
4502 0.001883966
4503 0.1600023
4504 0.6190656
4505 0.6006704
4506 0.2911621
4507 0.02646919
4508 0.6356414
4509 0.4938969
4510 0.1002848
4511 0.008248648
4512 0.001180316
4513 0.7114279
4514 0.07871344
4515 0.3640419
4516 0.07711566
4517 0.1069461
4518 0.5550796
4519 0.5692097
4520 0.2191849
4521 0.08410482
4522 0.4919728
4523 0.5290779
4524 0.09293126
4525 0.5986261
4526 0.3355355
4527 0.04823397
4528 0.76343
4529 0.6631466
4530 0.9928749
4531 0.8010943
4532 0.8367526
4533 0.1144468
4534 0.09720606
4535 0.08587561
4536 0.07807588
4537 0.05312621
4538 0.3490085
4539 0.05523654
4540 0.2924971
4541 0.07455882
4542 0.1585673
4543 0.2866407
4544 0.002287582
4545 0.2543626
4546 0.1320675
4547 0.2509264
4548 0.3319217
4549 0.2663402
4550 0.07916885
4551 0.07342133
4552 0.2253862
4553 0.2788876
4554 0.09808451
4555 0.07523528
4556 0.8270702
4557 0.2505239
4558 0.09459809
4559 0.4290572
4560 0.3997736
4561 0.03252708
4562 0.1137876
4563 0.2987461
4564 0.03328304
4565 0.07968659
4566 0.109049
4567 0.001469213
4568 0.1960526
4569 0.03847208
4570 0.8920254
4571 0.7103639
4572 0.6016945
4573 0.8869364
4574 0.002997222
4575 0.04008529
4576 0.002394764
4577 0.7781292
4578 0.3879775
4579 0.4012744
4580 0.02048066
4581 0.04484558
4582 0.5526461
4583 0.08708438
4584 0.1617675
4585 0.4072972
4586 0.1033898
4587 0.7035094
4588 0.9425622
4589 0.06578834
4590 3.671554e-05
4591 0.2459987
4592 0.09953806
4593 0.2645167
4594 0.4110278
4595 0.9274782
4596 0.3157348
4597 0.7271282
4598 0.7568457
4599 0.2044727
4600 0.0007039038
4601 0.1015057
4602 0.9877649
4603 0.4089551
4604 0.06266674
4605 0.9087797
4606 0.01237391
4607 0.9019722
4608 0.1445823
4609 0.05496646
4610 0.2002053
4611 0.01685265
4612 0.953438
4613 0.2914735
4614 0.1385884
4615 0.328587
4616 0.9300977
4617 0.8962932
4618 0.4829037
4619 0.2818837
4620 0.07707659
4621 0.007539844
4622 0.3845084
4623 0.3059886
4624 0.05436453
4625 0.07332663
4626 0.3995274
4627 0.1169011
4628 0.3285726
4629 0.2231757
4630 0.2887722
4631 0.1417199
4632 0.6815221
4633 0.2890688
4634 0.4620648
4635 0.04756844
4636 0.03373543
4637 0.8234155
4638 0.3667941
4639 0.5034657
4640 0.01363941
4641 0.9018238
4642 0.8212544
4643 0.5517736
4644 0.0005494476
4645 0.004838999
4646 0.02752626
4647 0.0003580514
4648 0.007355076
4649 0.04476559
4650 0.8038774
4651 0.5800196
4652 0.2367784
4653 0.4789476
4654 0.2692703
4655 0.05879337
4656 0.7873615
4657 0.5081334
4658 0.375338
4659 0.8810061
4660 0.0006221055
4661 0.7146035
4662 0.3637945
4663 0.1646088
4664 0.4426533
4665 0.1580301
4666 0.839501
4667 0.2356813
4668 0.3594456
4669 0.648446
4670 0.400145
4671 0.7266045
4672 0.9537652
4673 0.263541
4674 0.5853923
4675 0.3724633
4676 0.37808
4677 0.6416327
4678 0.2939552
4679 0.005844861
4680 0.3464835
4681 0.349555
4682 0.001702152
4683 0.3378279
4684 0.01183037
4685 0.7703665
4686 0.1648541
4687 0.2342261
4688 0.1232394
4689 0.003442438
4690 0.4524993
4691 0.6712401
4692 0.2246136
4693 0.3359975
4694 0.005965406
4695 0.07525279
4696 0.03435428
4697 0.009703989
4698 0.0281401
4699 0.027737
4700 0.8127061
4701 0.05179302
4702 0.1052213
4703 0.1384544
4704 0.5181046
4705 0.1355068
4706 0.589768
4707 0.8987304
4708 0.1055389
4709 0.3386705
4710 0.4964618
4711 0.8554549
4712 0.4183289
4713 0.8994516
4714 0.1762043
4715 0.5445682
4716 0.1056144
4717 0.8316326
4718 0.879785
4719 0.7401746
4720 0.2198747
4721 0.8354654
4722 0.1675592
4723 0.0848886
4724 0.4103915
4725 0.02749508
4726 0.0003824357
4727 0.9305308
4728 0.05537417
4729 0.2081217
4730 0.4321536
4731 0.05148322
4732 0.2804941
4733 0.06855552
4734 0.2343591
4735 0.3237302
4736 0.2965898
4737 9.81046e-07
4738 0.4626845
4739 0.5695477
4740 0.007376189
4741 0.669468
4742 0.0457873
4743 0.7850725
4744 0.1861507
4745 0.2893241
4746 0.4410993
4747 0.6847321
4748 0.8729857
4749 0.144805
4750 0.9743412
4751 0.9906956
4752 0.06577213
4753 0.4455138
4754 0.3802832
4755 0.6197442
4756 0.2136795
4757 0.4043796
4758 0.02066013
4759 0.07224861
4760 0.003533885
4761 0.2853274
4762 0.05820642
4763 0.06926816
4764 0.01876261
4765 0.06952097
4766 0.01834156
4767 0.3707551
4768 0.02218149
4769 0.1016566
4770 0.05007792
4771 0.8537379
4772 0.2063383
4773 0.000915688
4774 0.9659103
4775 0.550197
4776 0.1947589
4777 0.7179378
4778 0.0002080527
4779 0.4375433
4780 0.4160784
4781 0.1763436
4782 0.2415249
4783 0.5021723
4784 0.2024215
4785 0.4911776
4786 0.6990424
4787 0.0001364118
4788 0.7668528
4789 0.07518999
4790 0.2140419
4791 0.08851493
4792 0.9420514
4793 0.1134798
4794 0.5152472
4795 0.6504408
4796 0.5875448
4797 0.01794237
4798 0.9920251
4799 0.3452921
4800 0.8448358
4801 0.4050347
4802 0.441295
4803 0.1868146
4804 0.624961
4805 0.03733448
4806 0.5242618
4807 0.1294743
4808 0.1323773
4809 0.2975636
4810 0.257386
4811 0.9225839
4812 0.0006437112
4813 0.5128371
4814 0.0001520804
4815 0.6457079
4816 0.1805611
4817 0.6601033
4818 0.04592534
4819 0.5852992
4820 0.3036668
4821 0.7162327
4822 0.1670603
4823 0.2449302
4824 0.03761785
4825 0.6110218
4826 0.02878622
4827 0.07632287
4828 0.1102843
4829 0.05901499
4830 0.03814083
4831 0.8726407
4832 0.06010922
4833 0.2669586
4834 0.04117484
4835 0.07676712
4836 0.6899273
4837 0.1607604
4838 0.6093886
4839 0.1982224
4840 0.1312933
4841 0.7957261
4842 0.1594423
4843 0.390153
4844 0.2171497
4845 0.04496023
4846 0.7346619
4847 0.2739252
4848 0.5785659
4849 0.1890375
4850 0.04716942
4851 0.99837
4852 0.2673017
4853 0.06162169
4854 0.03453111
4855 0.8257784
4856 0.3576424
4857 0.02556622
4858 0.3344161
4859 0.02923921
4860 0.5169127
4861 0.7559259
4862 0.3496334
4863 0.03493855
4864 0.01586698
4865 0.7220106
4866 0.09777246
4867 0.6048021
4868 0.2729785
4869 0.3969966
4870 0.2346804
4871 0.2937208
4872 0.5969752
4873 0.4189599
4874 0.1003893
4875 0.2258493
4876 0.5611816
4877 0.2048844
4878 0.8654507
4879 0.9528209
4880 0.3639818
4881 0.04573919
4882 0.3910665
4883 0.7804488
4884 0.9085725
4885 0.03147522
4886 0.6289121
4887 0.2249337
4888 0.04707281
4889 0.2386644
4890 0.4448692
4891 0.4067623
4892 0.7187766
4893 0.4456162
4894 0.5805222
4895 0.1716071
4896 0.6758942
4897 0.02926718
4898 0.0387041
4899 0.5438798
4900 0.5268975
4901 0.3864032
4902 0.2823354
4903 0.1314624
4904 0.1444458
4905 0.1109649
4906 0.5651517
4907 0.01793035
4908 0.06162248
4909 0.3959194
4910 0.01694432
4911 0.8124904
4912 0.2110933
4913 0.07371944
4914 0.002986501
4915 0.48153
4916 0.9892968
4917 0.1970567
4918 0.09971998
4919 0.176577
4920 0.4262054
4921 0.8562236
4922 0.3538858
4923 0.003546982
4924 0.2100321
4925 0.05141158
4926 0.3624564
4927 0.8422714
4928 0.1155675
4929 0.007182445
4930 0.8995101
4931 0.0225692
4932 0.8048694
4933 0.3566141
4934 0.4243713
4935 0.2283812
4936 0.8505045
4937 0.9428588
4938 0.05359105
4939 0.4906006
4940 0.01014286
4941 0.01731408
4942 0.03853585
4943 0.3829829
4944 0.543222
4945 0.06674838
4946 0.03649856
4947 0.4368942
4948 0.9807336
4949 0.3404959
4950 0.2923789
4951 0.7537335
4952 0.01579706
4953 0.2867561
4954 0.6784245
4955 0.006059458
4956 0.03302994
4957 0.8341219
4958 0.1961953
4959 0.02897784
4960 0.561094
4961 0.5882959
4962 0.0002459206
4963 0.0845707
4964 0.06850563
4965 0.612752
4966 0.0003788086
4967 0.2608462
4968 0.02662734
4969 0.07953003
4970 0.05606352
4971 0.4404243
4972 0.0003211875
4973 0.1183021
4974 0.8861786
4975 0.09003753
4976 0.6174052
4977 0.05696556
4978 0.1033485
4979 0.05386308
4980 0.1793743
4981 0.1462132
4982 0.5689206
4983 0.6282408
4984 0.2968921
4985 0.5312629
4986 0.8959655
4987 0.1250857
4988 0.6211084
4989 0.003969624
4990 0.5179767
4991 0.1164854
4992 0.183786
4993 0.6800272
4994 0.196222
4995 0.8128809
4996 0.2713963
4997 0.8396935
4998 0.2204409
4999 0.2628283
5000 0.0001696523
