1 0.7146899
2 0.02662399
3 0.006152774
4 0.3282918
5 0.09674541
6 0.009112333
7 0.1618616
8 0.009933803
9 0.5820823
10 0.2241235
11 0.0004049248
12 0.06060249
13 0.007587428
14 0.2239228
15 0.1923303
16 0.4989081
17 0.07266956
18 0.0188002
19 0.01126487
20 0.3249506
21 0.5867227
22 0.002371186
23 0.2096204
24 0.0001575741
25 0.09187118
26 0.04168317
27 0.03083316
28 0.06768318
29 0.3797286
30 0.5800407
31 3.154619e-06
32 0.003679338
33 0.5211685
34 0.09939119
35 0.4198038
36 0.857169
37 0.03355206
38 0.7546527
39 0.003767574
40 0.7778291
41 0.8817455
42 0.1456253
43 0.2090226
44 0.240632
45 0.1033526
46 0.05632027
47 0.2916205
48 0.07277048
49 0.1442622
50 0.3220703
51 0.3994396
52 0.2814265
53 0.04245929
54 0.9363294
55 0.5087383
56 0.05248497
57 0.1356537
58 0.9354564
59 0.3444416
60 0.01587658
61 0.4647711
62 0.01314457
63 0.5231661
64 0.3132704
65 0.009453109
66 0.7798572
67 0.3986401
68 0.008960599
69 0.04739843
70 0.8005005
71 0.03085693
72 0.04694244
73 0.2957344
74 0.0004177811
75 0.0002452825
76 0.8633364
77 0.003058054
78 0.04980833
79 0.02943738
80 0.3371119
81 0.08161997
82 0.2398428
83 0.1795187
84 0.2777273
85 0.2159567
86 0.002049428
87 0.0830919
88 0.1875945
89 0.48977
90 0.1637883
91 0.2050049
92 0.002408436
93 0.263023
94 0.02259678
95 0.08598625
96 0.8973078
97 0.2286313
98 0.3991279
99 0.05177661
100 0.1815748
101 0.00486193
102 0.005263108
103 0.8071337
104 0.6382149
105 0.03337485
106 0.3868309
107 0.01477029
108 0.6481086
109 0.01513411
110 0.2025636
111 0.1199092
112 0.1636382
113 0.04613443
114 0.9391499
115 0.7924503
116 0.01328427
117 0.02239139
118 0.1139935
119 0.03089713
120 0.3197493
121 0.1766278
122 0.0001890031
123 0.01447242
124 0.4036459
125 0.0619202
126 0.07776256
127 0.9175737
128 0.05603177
129 0.5238694
130 0.01007018
131 0.9563551
132 0.004341359
133 0.7952599
134 0.6042224
135 0.7283907
136 0.0162492
137 0.1756579
138 0.5539165
139 0.4547568
140 0.09570299
141 0.004987965
142 0.06540314
143 0.0006833655
144 0.03136544
145 0.008528869
146 0.02718522
147 0.005979942
148 0.01138278
149 0.5137077
150 0.01670742
151 0.01338385
152 0.009665449
153 0.2412605
154 0.04219261
155 0.006777216
156 1.053347e-07
157 0.1465255
158 0.01246551
159 1.175497e-06
160 0.8058381
161 0.03140455
162 0.03001317
163 0.527211
164 0.8404797
165 0.2163102
166 0.3455566
167 0.8242123
168 0.01198818
169 0.01307713
170 0.3507007
171 0.1239302
172 0.02260877
173 0.05769539
174 0.6790015
175 0.004776836
176 0.1193978
177 0.0563633
178 0.07560048
179 0.6111547
180 0.9282582
181 0.307321
182 0.2237487
183 0.0004708839
184 0.04238761
185 0.002760273
186 0.2066218
187 0.8492812
188 0.0003826036
189 0.9178393
190 0.1867583
191 0.0001331233
192 7.254494e-06
193 0.8309957
194 0.504337
195 0.2196884
196 0.363419
197 0.09381898
198 0.000851642
199 0.06524447
200 0.08290725
201 0.5144104
202 3.736706e-06
203 0.0004809734
204 0.2128194
205 0.000624788
206 0.7610432
207 0.03180628
208 0.9779513
209 0.3352216
210 0.11138
211 0.4117963
212 0.2253459
213 0.006042839
214 0.001396387
215 0.0349099
216 0.7693733
217 0.2211248
218 0.01113581
219 0.7457071
220 0.01412334
221 0.6186849
222 0.7084637
223 0.1628051
224 0.6188434
225 0.0844137
226 0.5777733
227 0.5124334
228 0.003512838
229 0.02724366
230 0.2595161
231 0.3676893
232 0.7992391
233 0.01149404
234 0.1242407
235 0.1862822
236 0.04914126
237 0.157168
238 0.004100096
239 0.01501812
240 0.04112033
241 0.3469794
242 0.01656061
243 0.4291878
244 0.02730396
245 0.5429396
246 0.003392627
247 0.02827212
248 0.01579011
249 9.428031e-06
250 0.8761102
251 0.05905225
252 0.002606848
253 0.03021744
254 0.0597533
255 0.2262892
256 0.005173323
257 0.1095779
258 0.7742822
259 0.02067229
260 0.1903773
261 0.09586488
262 0.01577722
263 0.7102526
264 0.01520464
265 0.498111
266 0.5165485
267 0.7094694
268 0.1464554
269 0.0003302117
270 0.3995965
271 0.01048666
272 0.03369803
273 0.1308758
274 0.6742821
275 0.5283049
276 0.6764634
277 0.4379661
278 0.2885102
279 1.326715e-07
280 0.1517871
281 0.1282666
282 0.635879
283 0.002508757
284 0.02194475
285 0.01525455
286 0.5682715
287 0.06541782
288 0.02216531
289 0.1298069
290 0.9850159
291 0.02746323
292 0.05884416
293 0.007528193
294 0.5090126
295 0.594692
296 0.0005221561
297 0.2928677
298 0.01442375
299 0.01951102
300 0.8058137
301 0.6653231
302 0.1158717
303 0.001890498
304 0.008136926
305 0.9943603
306 0.2460116
307 0.2838688
308 0.5425197
309 0.7635389
310 0.1076731
311 0.004091855
312 0.7931505
313 0.008177356
314 0.6729594
315 0.6139379
316 0.3444893
317 0.110474
318 0.5462612
319 0.156446
320 0.07633196
321 0.007885036
322 0.3145335
323 0.04808029
324 0.006075236
325 0.01032169
326 0.4962929
327 0.590595
328 0.7176977
329 0.007276188
330 0.00173045
331 0.03459796
332 0.2818716
333 0.6063168
334 0.5842705
335 0.8497423
336 0.1128007
337 0.02701147
338 0.2168519
339 0.00036454
340 0.8622075
341 0.1563213
342 0.8981757
343 0.3735452
344 0.007838236
345 0.7600242
346 0.04187061
347 0.7254686
348 0.2030205
349 0.004068789
350 0.7676266
351 0.1935848
352 0.000135326
353 0.001202151
354 0.1330208
355 0.09852567
356 0.2727057
357 0.02231415
358 0.0198735
359 0.02883326
360 0.4402154
361 0.4226788
362 0.001909312
363 0.8712896
364 0.5951824
365 0.07043039
366 0.1607201
367 0.009629591
368 0.9294551
369 0.2837914
370 0.8953983
371 0.3120244
372 0.007489628
373 0.168187
374 0.4043625
375 0.01338579
376 0.02248183
377 0.01492704
378 0.02203577
379 0.05244499
380 0.6310585
381 0.3560628
382 0.06706083
383 0.1992509
384 0.004571561
385 0.6916902
386 0.1566926
387 0.006904241
388 0.06765538
389 0.0881321
390 0.001439089
391 0.01792345
392 0.9377936
393 0.0008081502
394 5.424377e-06
395 0.07129157
396 0.3667335
397 0.005618932
398 0.04303831
399 0.03264479
400 0.2706857
401 0.2152883
402 0.5911521
403 0.003568419
404 0.001709515
405 0.06002576
406 0.3912096
407 0.5858798
408 0.0001971032
409 0.415126
410 0.06077929
411 0.7307651
412 0.9033981
413 0.04629918
414 0.8497892
415 0.6667363
416 0.002153793
417 0.0007576706
418 0.1040414
419 0.07767233
420 0.2284814
421 0.7135157
422 0.0004497383
423 0.01581434
424 0.02736477
425 0.7476816
426 0.2361721
427 0.01135508
428 0.8170007
429 0.0003032035
430 0.8361773
431 0.0001857952
432 0.1819222
433 0.00467904
434 0.7636248
435 0.5251474
436 0.4905642
437 0.01764886
438 0.01295745
439 0.03950563
440 0.06774572
441 0.6059267
442 0.7765473
443 0.02268824
444 2.20511e-05
445 0.1981429
446 1.562932e-06
447 0.08361761
448 0.2286588
449 0.7621674
450 0.8992967
451 0.001150065
452 0.1111793
453 0.5171086
454 0.4274025
455 0.9938573
456 0.1069486
457 0.3980116
458 0.01157552
459 0.001523884
460 0.02071923
461 0.2333899
462 0.1367846
463 0.1349598
464 0.009509376
465 0.4478106
466 0.0550473
467 2.444233e-06
468 0.1214394
469 0.7492753
470 3.833375e-06
471 0.1682558
472 0.862244
473 0.02089796
474 0.1221315
475 0.4625766
476 0.7063324
477 0.0236343
478 0.07914867
479 0.008257071
480 0.3786595
481 0.03205087
482 3.108446e-05
483 0.01713831
484 0.3235243
485 0.07053905
486 0.009610549
487 0.03314296
488 0.04898313
489 0.04426079
490 0.593137
491 0.4406141
492 0.04231534
493 0.2072998
494 0.393682
495 0.01018825
496 0.2448901
497 0.1222402
498 0.03308849
499 0.03734686
500 0.6464846
501 0.1461702
502 0.4244333
503 0.9877511
504 0.03331902
505 0.4655041
506 0.4110084
507 0.3154891
508 0.01430651
509 0.0005019569
510 0.1593289
511 1.951394e-05
512 0.07967364
513 0.08419162
514 0.0005201128
515 0.4163137
516 0.2074232
517 0.3187898
518 0.4760093
519 0.001171045
520 0.000200679
521 0.01660585
522 0.0001738286
523 0.0380696
524 0.001052291
525 0.0001301315
526 0.07780892
527 2.29511e-05
528 0.1620686
529 0.1639963
530 0.1595632
531 0.1994176
532 0.1349922
533 0.9323366
534 0.01295049
535 0.3847624
536 0.007723005
537 0.1758978
538 0.0001819307
539 0.009925081
540 0.07138782
541 0.001227475
542 0.01417192
543 0.4681363
544 0.009616542
545 0.8566087
546 8.70419e-05
547 0.4889379
548 0.7240515
549 0.7720049
550 0.01378376
551 0.5431795
552 0.0002433035
553 0.1327325
554 0.006004511
555 0.04277558
556 0.003681432
557 0.1612772
558 0.03038376
559 0.49685
560 0.182501
561 0.211758
562 0.9254276
563 2.297539e-06
564 0.009505139
565 8.86179e-05
566 0.7030242
567 0.04135753
568 0.007505397
569 0.002632679
570 0.008153588
571 0.9438536
572 4.62143e-07
573 0.1953821
574 0.003668353
575 0.05748093
576 0.1734708
577 0.5002932
578 0.2043458
579 0.4593824
580 0.253724
581 0.0009360638
582 0.5267085
583 0.2211703
584 0.03706538
585 0.0188949
586 0.9632285
587 0.7574679
588 0.2234265
589 0.7479285
590 0.02481422
591 0.1330215
592 0.5764003
593 0.005290926
594 0.8051136
595 0.01010953
596 0.0561102
597 0.6432767
598 0.01363126
599 0.6273824
600 0.3930269
601 0.000242367
602 0.04320253
603 0.007643223
604 0.3800186
605 0.07362957
606 0.003682866
607 0.6005771
608 0.5217389
609 0.2472277
610 0.4244009
611 0.8410535
612 0.008150712
613 0.382528
614 0.7030477
615 0.008852623
616 0.4934099
617 1.673811e-05
618 0.003244683
619 0.7569141
620 0.06620552
621 0.4201299
622 0.313852
623 0.6214005
624 0.1044683
625 0.9861077
626 0.0002159713
627 0.01106385
628 0.1310748
629 0.006589791
630 0.01768653
631 0.9654824
632 0.3178095
633 0.7445153
634 0.727157
635 0.2999466
636 0.2900538
637 0.6161538
638 0.9044471
639 0.999425
640 0.04957262
641 0.4893684
642 0.9623949
643 0.1831894
644 0.2375149
645 0.04727382
646 0.3903278
647 5.332402e-05
648 0.06414944
649 0.1459599
650 0.04276186
651 0.08656273
652 0.06328997
653 0.153867
654 0.01060287
655 0.0001106947
656 0.006801521
657 0.9931892
658 0.6663012
659 0.2128541
660 0.0007262785
661 0.5969749
662 0.2211715
663 0.7274152
664 0.3224316
665 0.1778782
666 0.2137054
667 0.05116685
668 0.8185524
669 0.3227111
670 0.03200194
671 0.5720385
672 0.01069477
673 0.2948925
674 0.04738059
675 0.01261869
676 0.0002373583
677 0.7421145
678 0.5579013
679 0.07348563
680 0.06944945
681 0.4408862
682 0.4071945
683 0.4249371
684 0.401463
685 0.002016089
686 0.01678144
687 0.1296373
688 0.1920125
689 0.6910034
690 0.2426351
691 0.1109215
692 4.041469e-06
693 0.4086537
694 0.2191386
695 0.04364443
696 0.0004962256
697 0.1324153
698 0.09350365
699 0.002454659
700 0.03366887
701 0.003103119
702 0.1792903
703 0.7324391
704 0.4058276
705 0.004793699
706 0.02329227
707 0.7649747
708 0.007538374
709 0.0107037
710 0.2407628
711 0.01643916
712 0.005747323
713 0.01500697
714 0.001958665
715 0.04576621
716 0.5100618
717 0.1191567
718 0.9259408
719 0.7986922
720 0.672837
721 0.2750909
722 0.3757954
723 0.2288138
724 0.6416028
725 0.1078973
726 0.544056
727 0.004970147
728 0.09976931
729 0.3418845
730 0.1147962
731 0.1062735
732 0.8813258
733 0.05344145
734 0.9974614
735 0.2002108
736 0.5718841
737 0.01595602
738 0.0001435589
739 0.06386657
740 0.266998
741 0.0172728
742 3.222026e-05
743 0.3994548
744 0.8458532
745 0.5327013
746 0.2953485
747 0.9824831
748 0.2849118
749 0.003619091
750 0.767529
751 0.01178933
752 0.07851956
753 0.3016501
754 0.4054266
755 0.5814194
756 0.5054046
757 0.003549936
758 0.01079835
759 0.2295322
760 0.44356
761 0.2108416
762 0.07820363
763 0.09193426
764 0.1148635
765 4.412448e-06
766 0.004134848
767 0.05227127
768 0.07921337
769 0.3465205
770 0.100583
771 0.02986978
772 0.004740587
773 0.6015778
774 0.001396149
775 0.8500507
776 0.04284822
777 0.9033944
778 0.2150371
779 0.6297332
780 0.6503422
781 0.07445098
782 0.2590368
783 0.03326742
784 0.1944914
785 0.01272958
786 0.3276075
787 0.4461896
788 0.2797656
789 0.04539792
790 0.002941967
791 0.4880085
792 0.02012943
793 0.005722848
794 0.001130766
795 0.5268605
796 0.0003925324
797 0.03659863
798 0.07666593
799 0.2548314
800 0.6176261
801 0.6271102
802 0.8418963
803 0.08660222
804 0.05334922
805 0.5517645
806 0.007955841
807 0.02832695
808 0.3702419
809 0.0793349
810 0.2627545
811 0.3808367
812 0.1690317
813 0.5976628
814 0.04828519
815 0.01463536
816 0.9456734
817 0.004119708
818 0.01577318
819 0.5005945
820 0.07248565
821 0.3966873
822 0.01976275
823 0.3767402
824 0.859507
825 0.00973237
826 0.1773604
827 0.6169838
828 0.01880403
829 0.08921807
830 0.002972245
831 0.001749421
832 0.01501885
833 0.5112438
834 0.5474701
835 0.2177221
836 0.8206147
837 0.4895492
838 0.02397029
839 0.02276334
840 0.007962836
841 3.516737e-06
842 0.1366765
843 0.8433204
844 0.06572388
845 0.5644793
846 0.003298684
847 0.2968711
848 0.0001495302
849 0.2718545
850 0.07621689
851 0.1355135
852 0.5247282
853 0.0005523833
854 0.1816507
855 0.1283207
856 0.03174773
857 0.0003057574
858 0.3005521
859 0.1684959
860 0.009622445
861 0.8815843
862 0.9663269
863 0.5024118
864 0.001416848
865 0.09251875
866 0.6746555
867 0.02400596
868 0.09822641
869 0.7023181
870 0.108306
871 0.8878686
872 0.9264151
873 0.576777
874 0.6768844
875 2.346217e-06
876 0.6923587
877 0.01785042
878 0.1370717
879 0.6130367
880 0.0006846798
881 0.01176439
882 0.6282985
883 0.3251587
884 0.01359719
885 0.0662328
886 0.566669
887 0.005337281
888 0.2593485
889 0.0443794
890 0.02202296
891 0.04842508
892 0.8409254
893 0.6083535
894 0.5193171
895 0.6675467
896 0.2150871
897 0.09177866
898 0.796972
899 0.07843544
900 0.4071362
901 0.4078779
902 0.01053535
903 0.2485482
904 0.3797537
905 0.360265
906 4.625967e-05
907 0.5293692
908 0.02475419
909 0.1649567
910 0.7991567
911 0.07429644
912 0.6346503
913 0.4228513
914 0.01384245
915 0.8215661
916 0.09177302
917 0.04510832
918 0.2794484
919 0.008571675
920 0.5997271
921 0.2011647
922 0.9424001
923 0.4061214
924 0.4521931
925 0.370567
926 0.04390289
927 0.7669079
928 0.6694777
929 0.2435153
930 0.2622574
931 0.5200227
932 0.4379008
933 0.2388044
934 0.822373
935 0.0003145665
936 0.05783369
937 0.009959151
938 0.261658
939 0.7565507
940 0.05429418
941 0.00214785
942 0.006347477
943 0.3046361
944 0.2968603
945 0.3626641
946 0.3444131
947 0.2790278
948 0.7433112
949 0.6011677
950 0.6487306
951 0.1606153
952 0.02316787
953 0.4765312
954 0.02627917
955 0.4637902
956 0.08143286
957 0.2010191
958 0.003791078
959 0.07725931
960 0.1751323
961 0.03192143
962 0.003992713
963 0.02698265
964 0.6269762
965 0.001511157
966 0.210945
967 0.1213916
968 0.005156055
969 0.1312012
970 0.00162984
971 1.260209e-05
972 0.004045766
973 0.8257347
974 0.2322566
975 0.8972991
976 0.6117183
977 0.4356429
978 0.9441871
979 0.9728754
980 0.1198242
981 0.5016526
982 0.03604367
983 0.002461603
984 0.005392561
985 0.03573936
986 0.06169127
987 0.1792482
988 0.06043866
989 0.9853623
990 0.08879608
991 0.08930085
992 0.8896566
993 0.03090538
994 0.003144248
995 0.09906615
996 0.02031079
997 0.0134445
998 0.5863857
999 0.5714425
1000 0.1694552
1001 0.0004585982
1002 0.02393162
1003 0.7267251
1004 0.8030169
1005 0.6528002
1006 0.0310171
1007 0.4772665
1008 0.3157956
1009 0.03747896
1010 0.6253142
1011 0.7156058
1012 0.04642346
1013 0.1494861
1014 0.09914558
1015 0.07949371
1016 0.695886
1017 0.7736298
1018 0.271564
1019 0.09982684
1020 0.7389454
1021 0.02131731
1022 0.6693219
1023 0.5725026
1024 0.1116219
1025 0.6944875
1026 0.5742903
1027 0.3972113
1028 0.241337
1029 0.09656381
1030 0.06144869
1031 0.4623661
1032 2.025634e-05
1033 0.009305305
1034 0.4986861
1035 0.0340336
1036 0.03741376
1037 0.004472593
1038 2.325477e-05
1039 0.2865867
1040 0.2941286
1041 0.3832927
1042 0.9181048
1043 0.3951971
1044 0.0001477982
1045 0.007836935
1046 0.01435227
1047 0.2501844
1048 0.05514827
1049 0.01293171
1050 0.119559
1051 0.0139562
1052 0.4073712
1053 0.0002685475
1054 0.5544776
1055 0.00985967
1056 0.382289
1057 0.01337065
1058 0.0005630886
1059 0.05797334
1060 0.7864312
1061 0.8915713
1062 0.4496459
1063 0.2128722
1064 0.1148074
1065 0.3807015
1066 0.09917211
1067 9.482287e-06
1068 0.00644535
1069 0.01558083
1070 0.4522619
1071 0.8476275
1072 0.001522093
1073 0.004479575
1074 0.1313943
1075 0.1487694
1076 0.3615251
1077 0.9414008
1078 0.1943957
1079 0.02456059
1080 0.3602524
1081 0.004559798
1082 0.7412915
1083 0.007793229
1084 0.09105489
1085 0.008195951
1086 0.05854007
1087 0.9766274
1088 0.197723
1089 0.7280275
1090 0.4027613
1091 4.568387e-06
1092 0.0002080603
1093 0.01480744
1094 0.7858435
1095 0.6941881
1096 0.22292
1097 0.0693308
1098 0.3041022
1099 0.01496684
1100 0.08536642
1101 0.1482327
1102 3.800251e-07
1103 0.3838886
1104 0.5274212
1105 0.4764074
1106 0.9696061
1107 0.01812408
1108 0.05146553
1109 5.984713e-05
1110 0.08906929
1111 0.7292535
1112 0.05941193
1113 0.0004421783
1114 0.06420774
1115 0.004747469
1116 0.0003232612
1117 0.00183506
1118 0.08693964
1119 0.01008553
1120 0.9510679
1121 0.2614794
1122 0.04836857
1123 0.8794447
1124 0.02979353
1125 0.6206644
1126 0.6301318
1127 0.0006596847
1128 0.0006092482
1129 0.1262298
1130 2.437696e-05
1131 0.8196097
1132 0.01039955
1133 0.2762873
1134 0.03802689
1135 0.8564425
1136 0.6264917
1137 0.09479632
1138 0.504769
1139 0.002960646
1140 0.3783213
1141 0.6053077
1142 0.05252953
1143 0.006711654
1144 4.204544e-05
1145 0.02873697
1146 0.2296346
1147 0.2639976
1148 0.1644712
1149 0.1886663
1150 0.08150204
1151 0.0008853655
1152 0.05416785
1153 0.9511811
1154 0.1258057
1155 0.0004245821
1156 0.07015465
1157 0.4252497
1158 2.035096e-05
1159 0.05597673
1160 0.1100234
1161 0.08293867
1162 0.9772902
1163 0.3264631
1164 0.5379551
1165 1.194212e-06
1166 0.08711017
1167 0.012165
1168 0.1799318
1169 0.01466814
1170 0.01764512
1171 0.878789
1172 0.3966819
1173 0.6975118
1174 0.315025
1175 0.0181539
1176 0.05335822
1177 0.02572583
1178 0.05672027
1179 0.0693852
1180 0.8658019
1181 0.3477264
1182 0.007812583
1183 0.003167209
1184 0.007499708
1185 0.3286096
1186 0.3623541
1187 0.5062789
1188 0.2856848
1189 0.9166164
1190 0.8835304
1191 0.004691445
1192 0.5995687
1193 0.2794933
1194 0.3411438
1195 0.0885621
1196 0.04082496
1197 0.8359063
1198 0.665095
1199 0.2785674
1200 0.0002742062
1201 0.2461119
1202 0.1357728
1203 0.5478257
1204 0.4308558
1205 0.003683309
1206 0.03460709
1207 0.001897374
1208 0.2799912
1209 0.02366819
1210 0.7701491
1211 0.9326808
1212 0.02493028
1213 0.07266898
1214 0.05197107
1215 0.2476594
1216 0.1915718
1217 1.503776e-05
1218 0.003644938
1219 0.1387043
1220 0.5606362
1221 0.3845659
1222 0.7663194
1223 0.1134834
1224 0.0009810258
1225 0.2175596
1226 0.0004874166
1227 0.8188624
1228 0.06557389
1229 0.5190457
1230 0.001600842
1231 0.06119652
1232 0.6073002
1233 0.7437847
1234 0.4427916
1235 0.4713164
1236 0.8331877
1237 0.3210426
1238 0.401242
1239 0.3739427
1240 0.1226897
1241 0.3317514
1242 0.7003637
1243 0.7846339
1244 0.4081081
1245 0.03236958
1246 0.8174323
1247 0.002444381
1248 0.0005497378
1249 0.5576326
1250 0.4955817
1251 0.04411153
1252 0.9532842
1253 0.5480641
1254 0.001381129
1255 0.1853822
1256 0.7324977
1257 0.8441522
1258 0.2618492
1259 0.06189785
1260 0.1191427
1261 0.3523605
1262 0.0001792677
1263 0.8796311
1264 0.8050537
1265 0.7944295
1266 0.6534148
1267 0.4526049
1268 0.8478118
1269 0.006621029
1270 0.1176146
1271 0.3000216
1272 0.1763464
1273 0.07069684
1274 0.006725569
1275 2.274931e-06
1276 0.001759561
1277 0.000900284
1278 0.1620149
1279 0.1028178
1280 1.392895e-05
1281 0.2435642
1282 0.8906199
1283 0.01132897
1284 0.1649844
1285 0.01109687
1286 0.01591242
1287 0.09776097
1288 0.5423233
1289 0.08007393
1290 0.04445406
1291 0.6113335
1292 0.2090789
1293 0.1933263
1294 0.0593753
1295 0.02499089
1296 0.8514805
1297 0.008498357
1298 0.01162728
1299 0.004204577
1300 0.5211715
1301 0.4865405
1302 0.4341931
1303 0.01748028
1304 0.03111926
1305 0.550574
1306 0.01233672
1307 0.8198365
1308 0.0001033231
1309 0.4353011
1310 0.003651217
1311 0.6824642
1312 0.04384561
1313 0.4085558
1314 0.925779
1315 0.8121221
1316 0.1823479
1317 0.4926995
1318 0.2734531
1319 0.8391939
1320 0.4699356
1321 0.06620728
1322 0.1305199
1323 0.1325552
1324 0.2382786
1325 0.003942843
1326 0.7866006
1327 0.3803979
1328 0.7580651
1329 0.3373783
1330 0.6543353
1331 0.2385567
1332 0.04124144
1333 0.2686272
1334 0.06320839
1335 0.1103983
1336 0.6049114
1337 0.5148849
1338 0.5175809
1339 0.2019955
1340 0.06212744
1341 0.004058801
1342 0.02073951
1343 0.09784293
1344 0.2195128
1345 0.001432437
1346 0.007148595
1347 0.01670813
1348 0.001006027
1349 0.06842794
1350 0.0001278741
1351 0.7210781
1352 0.008195944
1353 0.09087831
1354 0.3880516
1355 0.3670631
1356 0.0004611142
1357 0.1310331
1358 0.4084283
1359 0.6050898
1360 0.01524759
1361 0.6907347
1362 0.000147396
1363 0.9661914
1364 0.01117064
1365 4.002936e-05
1366 0.2563962
1367 0.7952303
1368 0.9771612
1369 0.680475
1370 0.1768489
1371 0.1269401
1372 0.3798152
1373 0.5419455
1374 0.2654075
1375 0.009579504
1376 0.6698168
1377 0.07023652
1378 0.9853244
1379 0.003368985
1380 0.9476169
1381 0.03382714
1382 0.2164669
1383 0.6595976
1384 0.05475559
1385 0.002372262
1386 0.0005311818
1387 0.9893429
1388 0.03158469
1389 0.004387628
1390 0.06870652
1391 0.0113448
1392 0.03787384
1393 0.4976292
1394 0.006291092
1395 0.4847566
1396 0.4766578
1397 0.4241023
1398 0.04981074
1399 0.1277049
1400 0.8669631
1401 0.5558565
1402 0.3982891
1403 0.2894344
1404 0.05558877
1405 0.7255916
1406 0.0005409622
1407 0.0001372782
1408 6.576286e-05
1409 0.04186722
1410 0.03695023
1411 0.1007293
1412 0.1704581
1413 0.04814505
1414 0.7884734
1415 0.04842398
1416 0.0649961
1417 0.3448023
1418 0.6922839
1419 0.3400716
1420 0.8573346
1421 0.01101748
1422 0.05792398
1423 0.528154
1424 0.7853551
1425 0.4102618
1426 0.3259125
1427 0.5773205
1428 5.120235e-06
1429 0.1209389
1430 0.01570096
1431 0.0879813
1432 0.0003838311
1433 0.05031901
1434 0.03042659
1435 0.4505413
1436 0.005465222
1437 0.000307277
1438 0.0004357169
1439 0.7284037
1440 0.04393349
1441 0.1474106
1442 0.642633
1443 0.9291007
1444 0.6480109
1445 0.5495057
1446 0.01753444
1447 0.07241553
1448 0.4142789
1449 0.0008479975
1450 0.01169775
1451 0.0188745
1452 0.04163088
1453 0.2402998
1454 0.02639086
1455 0.04081465
1456 0.5029671
1457 0.007373948
1458 0.000725009
1459 0.1517986
1460 0.000165102
1461 0.01488469
1462 0.9813002
1463 0.6388498
1464 0.007331161
1465 0.2613033
1466 0.7774246
1467 0.09265671
1468 0.01024226
1469 0.04466448
1470 0.00661602
1471 0.5983655
1472 0.007030253
1473 0.3416771
1474 6.750119e-06
1475 0.1769642
1476 0.2999868
1477 0.4576099
1478 0.04104072
1479 0.007051291
1480 0.2872591
1481 0.008634169
1482 0.005519448
1483 0.09412363
1484 0.02306768
1485 0.8859934
1486 0.3802026
1487 0.3003049
1488 0.02144789
1489 0.0005637914
1490 0.8175512
1491 0.08546801
1492 0.9173769
1493 0.229056
1494 0.5305845
1495 0.3422233
1496 0.04758532
1497 0.1802064
1498 0.004177001
1499 0.008779031
1500 0.005319559
1501 0.02487629
1502 0.09212281
1503 3.815836e-05
1504 0.9150538
1505 0.572291
1506 0.02910003
1507 0.3230136
1508 0.0007459578
1509 0.1633658
1510 0.001478704
1511 6.130112e-08
1512 0.8927182
1513 0.3767839
1514 0.05504448
1515 0.01100786
1516 0.2444241
1517 0.001611153
1518 0.4414768
1519 0.03861105
1520 0.0002281386
1521 0.001915991
1522 0.1668277
1523 0.0002470246
1524 0.8180305
1525 0.7643745
1526 0.008079519
1527 0.006204373
1528 0.0360646
1529 0.001490012
1530 0.261828
1531 0.3094452
1532 0.3338535
1533 0.04659947
1534 0.6487356
1535 0.1240194
1536 0.005922328
1537 0.1660613
1538 0.1739741
1539 0.6134718
1540 0.0002543261
1541 0.08278999
1542 0.1666684
1543 0.205232
1544 0.6214145
1545 0.04393471
1546 0.07182591
1547 0.01650477
1548 0.1705625
1549 0.1931606
1550 0.006077811
1551 0.3738054
1552 0.0661514
1553 0.01683758
1554 0.4610822
1555 0.3787028
1556 0.245666
1557 0.0005200861
1558 0.5817299
1559 0.7541767
1560 0.7021053
1561 0.06258741
1562 0.07468968
1563 0.09388179
1564 0.6594305
1565 0.04569956
1566 0.00386338
1567 0.5452333
1568 0.06056605
1569 0.1116338
1570 0.1943228
1571 0.1317303
1572 0.0001246282
1573 0.5359584
1574 0.3831029
1575 0.003858358
1576 0.3994486
1577 0.007352811
1578 0.4612842
1579 0.3591271
1580 0.01552438
1581 0.7562406
1582 0.1789916
1583 0.4107845
1584 3.282104e-05
1585 0.5664017
1586 0.02944041
1587 0.2355476
1588 0.001834994
1589 0.0004167142
1590 0.002272746
1591 0.7876191
1592 0.346183
1593 0.8045592
1594 0.1764898
1595 0.0004472227
1596 0.3974927
1597 0.002209002
1598 0.5095063
1599 0.3552456
1600 0.3742464
1601 0.2294595
1602 0.2680851
1603 0.413692
1604 0.9566536
1605 0.3529479
1606 0.3561727
1607 0.0004411021
1608 0.006599246
1609 0.6795262
1610 0.02545304
1611 0.5068594
1612 0.580105
1613 0.2176114
1614 0.06985538
1615 0.1687192
1616 0.002578861
1617 0.2028724
1618 0.2432041
1619 0.1125622
1620 0.8079132
1621 0.4258967
1622 0.1146373
1623 0.1278556
1624 0.1937005
1625 0.01566425
1626 0.03102025
1627 0.01702884
1628 0.949267
1629 0.1423473
1630 0.004785018
1631 0.3034952
1632 0.4821642
1633 0.2367179
1634 0.6357144
1635 0.6900977
1636 0.02838492
1637 0.6959097
1638 0.02066234
1639 0.01820998
1640 0.4934926
1641 0.1769335
1642 0.5195208
1643 0.4124107
1644 0.2985271
1645 0.009462745
1646 0.08148711
1647 0.009025702
1648 0.03080817
1649 0.4072412
1650 0.001250498
1651 0.02485887
1652 0.007234448
1653 0.1246222
1654 0.01362617
1655 0.8584351
1656 0.01907616
1657 0.03826002
1658 0.03871091
1659 8.590487e-05
1660 0.03115241
1661 0.003330939
1662 0.07730299
1663 0.5675224
1664 0.7758824
1665 0.04941203
1666 0.142246
1667 0.04496071
1668 0.4984441
1669 0.000927173
1670 0.8505258
1671 0.4641435
1672 0.05961818
1673 0.3987808
1674 0.0004444074
1675 0.07001571
1676 0.01010321
1677 0.6782139
1678 0.0186045
1679 0.3134971
1680 0.102241
1681 0.001747588
1682 0.0008117518
1683 0.1033331
1684 0.0679287
1685 0.9735602
1686 0.0004003897
1687 0.0003447912
1688 0.2586987
1689 0.1106444
1690 0.0008884997
1691 0.3421634
1692 0.00494216
1693 0.04549218
1694 0.0147857
1695 0.5350549
1696 0.09699241
1697 0.003295371
1698 0.09897346
1699 0.20888
1700 0.8803765
1701 0.002256881
1702 0.1416915
1703 0.0414977
1704 0.4413145
1705 0.9032413
1706 0.01579723
1707 0.000626795
1708 0.002033251
1709 0.4394
1710 0.01262282
1711 0.2718629
1712 0.9985037
1713 0.04978471
1714 1.604674e-05
1715 0.03847662
1716 0.5418387
1717 0.0023782
1718 0.008734702
1719 0.0715608
1720 0.7390324
1721 0.7464363
1722 0.003080573
1723 0.8085798
1724 0.5340549
1725 0.02336777
1726 0.4933679
1727 0.002933819
1728 0.007400468
1729 0.6793086
1730 0.02300092
1731 0.956214
1732 0.1550631
1733 0.01059303
1734 0.3256244
1735 0.005631948
1736 0.5931387
1737 0.03375559
1738 0.008636276
1739 0.5520383
1740 0.8632541
1741 0.06478996
1742 0.1738706
1743 0.8308974
1744 0.07198028
1745 0.0588349
1746 0.504006
1747 0.01574079
1748 0.09593009
1749 0.8675455
1750 0.01837202
1751 0.5628675
1752 0.1008929
1753 0.004047985
1754 0.0004151995
1755 0.5160612
1756 0.2527396
1757 0.001332856
1758 0.863118
1759 0.2211376
1760 0.510276
1761 0.004053162
1762 0.4798524
1763 0.009905754
1764 0.6838776
1765 0.0002625114
1766 0.7630593
1767 0.1877053
1768 0.6064067
1769 0.6050949
1770 0.3175459
1771 0.0003167497
1772 0.004853806
1773 0.2413528
1774 0.4232328
1775 0.03915408
1776 0.02920635
1777 1.518735e-05
1778 0.7569279
1779 0.0001309761
1780 0.4676963
1781 0.8688897
1782 0.4893912
1783 0.293034
1784 0.01002714
1785 0.7937938
1786 0.005302502
1787 0.6559581
1788 0.01625434
1789 0.4328947
1790 0.01737331
1791 0.373387
1792 0.009459324
1793 3.468019e-06
1794 0.1063473
1795 0.00240723
1796 0.6518502
1797 0.3555548
1798 0.6698902
1799 0.998154
1800 3.8865e-06
1801 0.2907862
1802 0.07720326
1803 0.002544377
1804 0.004953014
1805 0.2175772
1806 0.01439528
1807 0.0003353797
1808 0.973897
1809 0.7820926
1810 0.514477
1811 0.09041065
1812 0.08805879
1813 0.07819262
1814 0.01774189
1815 0.02120715
1816 0.8589802
1817 0.0156171
1818 0.2347092
1819 0.2894796
1820 0.5014385
1821 0.1859989
1822 0.0003379379
1823 0.02868849
1824 0.06288052
1825 0.9619549
1826 0.5662651
1827 0.8025164
1828 0.02380907
1829 0.01083775
1830 0.04534916
1831 2.152238e-07
1832 0.005705015
1833 0.1739692
1834 0.5130974
1835 0.001073089
1836 0.4066034
1837 0.05940084
1838 0.1433765
1839 0.09893528
1840 0.03426286
1841 0.4447535
1842 0.006801052
1843 0.6559993
1844 0.07950881
1845 0.05075903
1846 0.01919288
1847 0.05150533
1848 0.2100759
1849 0.9513629
1850 0.09064613
1851 0.1052129
1852 0.9964641
1853 0.946843
1854 0.6885647
1855 0.144915
1856 0.2211526
1857 0.07497088
1858 0.07755925
1859 0.6589834
1860 0.4311408
1861 0.9311601
1862 0.001262906
1863 0.2953553
1864 0.003406158
1865 0.2041302
1866 1.980368e-05
1867 0.0477358
1868 0.5547338
1869 0.05581507
1870 0.334105
1871 0.3627378
1872 0.09078882
1873 0.732461
1874 0.04945982
1875 0.6997833
1876 0.2324495
1877 0.04906193
1878 5.224777e-05
1879 0.0001476462
1880 0.176723
1881 0.01717953
1882 0.3384183
1883 0.7021532
1884 0.2511015
1885 0.1217649
1886 0.3708811
1887 0.1765593
1888 0.280789
1889 0.01290141
1890 0.2402702
1891 0.1496391
1892 0.008650073
1893 0.1654646
1894 0.1602851
1895 0.07010578
1896 0.5458039
1897 0.4886744
1898 0.4191497
1899 0.430168
1900 0.009422689
1901 0.02753941
1902 0.0002870389
1903 0.915436
1904 0.05970727
1905 0.2276747
1906 0.4914767
1907 0.2335572
1908 0.07442948
1909 0.0001605189
1910 0.9232067
1911 0.9775823
1912 0.6961073
1913 0.002409896
1914 0.03436952
1915 0.75185
1916 0.9453917
1917 0.001590535
1918 0.01604568
1919 0.2239322
1920 0.8802657
1921 0.9248006
1922 0.6549032
1923 0.1529512
1924 0.9510678
1925 0.1199325
1926 0.004300781
1927 0.3282523
1928 0.03401011
1929 0.04830365
1930 0.656299
1931 0.01606969
1932 0.001869299
1933 0.8536
1934 0.05061607
1935 0.8603592
1936 0.3845494
1937 0.1214358
1938 0.6072411
1939 0.0390089
1940 5.63029e-06
1941 0.1341776
1942 0.2367263
1943 0.3654093
1944 0.2288893
1945 0.1026831
1946 0.08841496
1947 0.003107684
1948 0.9225784
1949 0.6577431
1950 0.2008824
1951 1.120952e-05
1952 0.05542521
1953 0.4340161
1954 0.9599782
1955 0.0122087
1956 0.6057177
1957 0.04537981
1958 0.6593692
1959 0.3009315
1960 0.04557871
1961 0.4781264
1962 0.0445582
1963 0.04856792
1964 0.3589841
1965 0.00312911
1966 0.001093299
1967 0.001421386
1968 0.0117247
1969 0.0005863831
1970 0.03957658
1971 0.2124597
1972 0.002262688
1973 0.8120303
1974 0.7786196
1975 0.01058257
1976 0.001617333
1977 0.5424736
1978 0.006826274
1979 0.004979466
1980 0.02576304
1981 0.04722595
1982 1.364459e-05
1983 0.1158515
1984 0.7933034
1985 0.7940499
1986 0.003731588
1987 0.1205689
1988 0.02611622
1989 0.02631204
1990 0.4391537
1991 0.3950184
1992 0.7278808
1993 0.6408762
1994 0.4868308
1995 0.3457122
1996 1.851978e-05
1997 0.9895561
1998 0.7045436
1999 0.2264921
2000 0.0161556
2001 0.01884613
2002 0.1431489
2003 0.3123778
2004 0.4357526
2005 0.2383076
2006 0.5291248
2007 0.2807848
2008 0.01668948
2009 0.7305672
2010 0.006904864
2011 0.01973796
2012 0.0008747262
2013 0.001694908
2014 0.6630203
2015 0.7638125
2016 0.7239779
2017 0.7394412
2018 0.9775859
2019 0.7478535
2020 0.1501825
2021 0.5298791
2022 0.6971165
2023 0.09863366
2024 0.01621627
2025 0.3425556
2026 0.06762325
2027 0.0562557
2028 0.04598782
2029 0.866559
2030 0.467928
2031 0.3793764
2032 0.06177605
2033 0.9545863
2034 0.0120853
2035 0.001928578
2036 0.6386174
2037 0.121922
2038 0.9865233
2039 0.1446942
2040 0.3413438
2041 0.8937481
2042 4.915536e-05
2043 0.006318927
2044 0.2026272
2045 0.003815555
2046 5.499654e-05
2047 0.8401286
2048 0.001942437
2049 0.01399624
2050 0.01268227
2051 0.4650059
2052 0.001279012
2053 0.7778558
2054 0.5282639
2055 0.09409501
2056 0.002477643
2057 0.2336331
2058 0.7465856
2059 0.001173706
2060 0.3075777
2061 0.03700565
2062 0.08306893
2063 0.1106151
2064 0.0099065
2065 0.02605732
2066 0.3415979
2067 0.8825124
2068 0.6509611
2069 0.3663649
2070 0.103033
2071 0.3036499
2072 3.748609e-07
2073 0.7480181
2074 0.4363571
2075 0.09771902
2076 0.04909381
2077 0.611426
2078 0.09760187
2079 0.1177103
2080 0.06705036
2081 0.02488873
2082 0.0004910344
2083 0.09886093
2084 0.3455041
2085 0.9959359
2086 0.2665464
2087 5.89579e-06
2088 0.00501902
2089 0.04265565
2090 0.04653144
2091 0.8649351
2092 6.588352e-05
2093 0.8426009
2094 0.2591369
2095 0.1246246
2096 0.162627
2097 0.315472
2098 0.1016523
2099 3.749103e-05
2100 0.02692849
2101 0.1039393
2102 0.4323428
2103 0.8812088
2104 0.6352854
2105 0.0009091147
2106 0.5468406
2107 0.002407981
2108 0.0006713147
2109 0.02632472
2110 0.0002376471
2111 0.2475574
2112 0.12882
2113 0.05253665
2114 0.3317944
2115 0.1338097
2116 0.07948013
2117 0.7057008
2118 0.7130742
2119 0.4992965
2120 0.01603409
2121 0.08485658
2122 0.0298318
2123 0.2773298
2124 0.136617
2125 0.0005659018
2126 0.528319
2127 0.0004159103
2128 0.1364462
2129 0.4934645
2130 0.1170033
2131 0.00458536
2132 0.01576312
2133 0.118647
2134 0.2526184
2135 0.01114518
2136 0.002695554
2137 0.1061669
2138 0.4203104
2139 0.0009656543
2140 0.9014893
2141 0.009644764
2142 0.1078901
2143 0.008266434
2144 0.1003252
2145 0.0009095824
2146 3.06938e-06
2147 0.2831679
2148 0.2784835
2149 0.1547751
2150 0.1829502
2151 0.0441733
2152 0.4802762
2153 0.1499585
2154 0.005505628
2155 0.49345
2156 0.07073647
2157 0.02147017
2158 0.1821039
2159 0.2960471
2160 0.01071291
2161 0.5611722
2162 0.7270212
2163 0.04505028
2164 0.01485145
2165 0.8473244
2166 0.06571166
2167 0.4511194
2168 0.9637962
2169 0.08933523
2170 0.51973
2171 0.04315394
2172 5.380415e-06
2173 0.03871849
2174 0.04236407
2175 0.8383605
2176 0.007563341
2177 0.7011543
2178 0.4813888
2179 0.3218184
2180 0.01574125
2181 0.257844
2182 0.0004199225
2183 0.4832537
2184 0.1329728
2185 0.164149
2186 0.9162086
2187 0.09061723
2188 0.004974982
2189 0.8675319
2190 0.01163009
2191 0.01885065
2192 0.4088147
2193 0.001699223
2194 0.4220679
2195 0.1215475
2196 0.004122002
2197 0.2555057
2198 0.02866666
2199 0.8628856
2200 0.5545947
2201 0.2213189
2202 0.06885941
2203 0.001407427
2204 6.667166e-07
2205 0.0003960107
2206 0.05690327
2207 0.04078763
2208 0.2011033
2209 0.1502852
2210 0.2837168
2211 0.1905972
2212 0.5865461
2213 0.480319
2214 0.1487069
2215 6.135344e-06
2216 0.2243031
2217 0.5603014
2218 0.994937
2219 0.5708019
2220 0.004357135
2221 0.05531964
2222 0.2254097
2223 0.5861044
2224 0.2488258
2225 0.113831
2226 0.001710337
2227 0.01583686
2228 0.1939162
2229 0.787771
2230 0.002126375
2231 0.1291766
2232 0.6218519
2233 0.4252188
2234 0.003939508
2235 0.01209175
2236 0.0006235436
2237 0.386923
2238 0.1087333
2239 0.1879931
2240 0.0005976143
2241 0.0008118496
2242 0.07366963
2243 0.103912
2244 0.8130284
2245 0.02736819
2246 0.01086409
2247 0.003503545
2248 0.1217
2249 0.399158
2250 0.03344289
2251 0.002147104
2252 0.1564377
2253 0.007789845
2254 0.702856
2255 0.4845962
2256 0.01242831
2257 0.003893529
2258 8.111046e-05
2259 0.1415085
2260 0.03048836
2261 0.04619123
2262 0.07858245
2263 0.1932203
2264 0.02954362
2265 0.0001354988
2266 0.252473
2267 0.6413199
2268 0.001021858
2269 0.0006336644
2270 0.2224341
2271 0.3337996
2272 0.2966465
2273 0.0001458697
2274 0.1014892
2275 0.09089887
2276 0.8826514
2277 0.1397338
2278 0.09043407
2279 0.1739358
2280 0.01526745
2281 0.330091
2282 0.5747846
2283 0.03203358
2284 0.3818214
2285 0.1936834
2286 0.002074883
2287 0.1577905
2288 0.02260507
2289 0.01168635
2290 0.007827639
2291 0.4584984
2292 0.2881558
2293 0.2745708
2294 0.1286927
2295 0.3586844
2296 0.4253651
2297 0.1376975
2298 0.1227577
2299 0.008339992
2300 0.130189
2301 0.718157
2302 0.3819858
2303 0.4104568
2304 0.4174925
2305 0.02764766
2306 0.4922285
2307 0.5728683
2308 0.8538076
2309 0.0005229099
2310 0.6560533
2311 0.2319948
2312 0.3426842
2313 0.3730315
2314 0.07104628
2315 0.850579
2316 0.7089382
2317 0.1173805
2318 0.02102709
2319 0.8611443
2320 0.5301389
2321 0.6920478
2322 0.01771508
2323 0.4953887
2324 0.01561442
2325 0.0257994
2326 0.4228323
2327 0.03061242
2328 0.09262291
2329 0.0002548133
2330 8.495496e-05
2331 0.5332482
2332 0.1643522
2333 0.3198298
2334 0.09229133
2335 0.05688721
2336 0.3948619
2337 0.6465221
2338 0.8778085
2339 0.0458005
2340 0.0205281
2341 0.1664841
2342 0.03853541
2343 0.02643091
2344 0.1044706
2345 0.7103505
2346 0.2936313
2347 0.21695
2348 0.25234
2349 0.2173412
2350 0.0001300604
2351 0.4829061
2352 0.3378428
2353 0.02694451
2354 0.04975628
2355 0.203644
2356 0.005702716
2357 0.5761152
2358 0.001778807
2359 0.000777067
2360 0.6741809
2361 0.8288957
2362 0.08670072
2363 0.04533792
2364 0.13684
2365 0.9015646
2366 0.2078932
2367 0.007332358
2368 0.01903347
2369 1.170644e-07
2370 0.1757909
2371 0.03521943
2372 0.7937719
2373 0.05968128
2374 0.5224603
2375 0.3617871
2376 9.299106e-05
2377 0.3435457
2378 0.7665573
2379 0.1550936
2380 0.3071617
2381 0.7739077
2382 0.6349284
2383 0.07082034
2384 0.08876469
2385 0.6522893
2386 0.7072326
2387 0.8318614
2388 0.002361572
2389 0.2185856
2390 0.3345024
2391 0.003042294
2392 0.0003062777
2393 0.3376589
2394 0.8907777
2395 0.0005966006
2396 0.4178068
2397 0.004369595
2398 0.2481222
2399 0.03478767
2400 0.2838021
2401 0.01280798
2402 0.4673296
2403 0.01804696
2404 0.9971255
2405 0.2703158
2406 0.1726711
2407 0.006096914
2408 0.7343734
2409 0.4673006
2410 0.03627078
2411 0.004467011
2412 0.06735118
2413 0.06842621
2414 0.2284806
2415 0.0004675911
2416 0.06526272
2417 0.2106137
2418 0.6649509
2419 0.002405671
2420 0.008962262
2421 0.9227989
2422 0.4735502
2423 0.2585432
2424 0.8803175
2425 0.6169312
2426 0.2606036
2427 0.04835901
2428 0.8604566
2429 0.811673
2430 0.08843201
2431 0.08245506
2432 0.7319698
2433 0.3922862
2434 0.8508959
2435 0.004138537
2436 0.183863
2437 0.01604409
2438 0.01439622
2439 0.02186571
2440 0.5628337
2441 4.380973e-06
2442 0.9981908
2443 0.4860475
2444 0.1998945
2445 0.0009850756
2446 0.09004418
2447 0.0001992215
2448 0.04348643
2449 0.0006888599
2450 0.147419
2451 0.0342437
2452 0.08105517
2453 0.005031303
2454 0.4752954
2455 0.05873189
2456 0.2507582
2457 0.03288666
2458 0.8878506
2459 0.004499788
2460 0.5271015
2461 0.3127016
2462 0.8593146
2463 0.7949057
2464 0.4701215
2465 0.4533182
2466 0.180888
2467 0.007034061
2468 0.8382285
2469 0.0001286601
2470 0.6661277
2471 0.7613838
2472 0.6739746
2473 0.1173131
2474 0.7486154
2475 0.587223
2476 0.05753164
2477 0.05478951
2478 0.005307775
2479 0.2302372
2480 0.3110932
2481 0.6098057
2482 0.01299957
2483 0.1202893
2484 0.4372408
2485 0.001704115
2486 0.008793916
2487 0.0489255
2488 0.9316705
2489 0.5710625
2490 0.04991893
2491 0.03868466
2492 0.4353569
2493 0.34887
2494 0.1470952
2495 0.6347612
2496 0.01706533
2497 0.000490781
2498 0.06505718
2499 0.08731076
2500 0.002382887
2501 0.9637395
2502 0.6757343
2503 0.05482937
2504 0.2014856
2505 0.009106496
2506 0.002308117
2507 0.9891345
2508 0.3710628
2509 0.7540541
2510 0.001461013
2511 0.7552121
2512 0.03968903
2513 0.2942794
2514 0.06705641
2515 0.6060652
2516 0.04226131
2517 0.01609548
2518 0.185635
2519 0.42663
2520 0.07228991
2521 0.5908462
2522 0.8356855
2523 0.009119523
2524 4.210186e-06
2525 0.4278951
2526 3.872823e-05
2527 0.1797564
2528 0.0004698986
2529 0.5628209
2530 0.3184632
2531 0.04238947
2532 2.322959e-05
2533 0.1839288
2534 0.0009308808
2535 0.3587137
2536 0.04038851
2537 0.295546
2538 0.6642509
2539 0.0205981
2540 0.0004399598
2541 0.004996941
2542 0.2528594
2543 0.1456323
2544 0.002248063
2545 0.187027
2546 0.01224165
2547 0.254671
2548 0.02687743
2549 0.6358371
2550 0.07702177
2551 0.01808754
2552 0.8688828
2553 0.02050281
2554 0.04415873
2555 0.9161792
2556 0.4315079
2557 0.1853838
2558 0.4406194
2559 0.6638047
2560 0.06253717
2561 0.3634197
2562 0.1820914
2563 0.1759606
2564 0.01247427
2565 0.0115678
2566 0.4868503
2567 0.002249257
2568 0.02803176
2569 0.008019086
2570 0.02592408
2571 0.8545425
2572 0.8916794
2573 0.09126517
2574 0.5328414
2575 0.1266069
2576 0.06505735
2577 0.8393464
2578 0.0001536107
2579 0.2061104
2580 0.07357024
2581 0.02927523
2582 0.01898538
2583 0.3656619
2584 0.4499382
2585 0.9586529
2586 0.0115597
2587 0.04973017
2588 0.5348642
2589 0.4721557
2590 0.9520128
2591 0.009665803
2592 0.06837685
2593 0.145452
2594 0.04268453
2595 0.1771654
2596 0.1035979
2597 0.9002827
2598 0.002351572
2599 7.486304e-05
2600 0.8021202
2601 0.2427231
2602 0.1195708
2603 0.2168338
2604 0.2206206
2605 0.235304
2606 0.0875457
2607 0.09818758
2608 0.2635645
2609 0.02590954
2610 0.008726142
2611 0.6120866
2612 0.4306609
2613 0.1817275
2614 0.8083149
2615 0.1096605
2616 0.05306922
2617 0.620105
2618 0.03946271
2619 0.0001356816
2620 0.9193568
2621 0.8917144
2622 0.3541888
2623 0.01385537
2624 0.2506678
2625 0.01642574
2626 3.828727e-05
2627 0.0008706364
2628 0.0928691
2629 0.3444255
2630 0.003167684
2631 0.2008851
2632 0.509256
2633 0.2929366
2634 0.04996131
2635 0.50891
2636 0.00439876
2637 0.008926547
2638 0.9893202
2639 0.2600195
2640 0.1190598
2641 0.02137834
2642 0.4588803
2643 0.008483329
2644 0.2707194
2645 0.920354
2646 0.1319783
2647 0.2021973
2648 0.6496928
2649 0.9773839
2650 0.5984023
2651 0.3496811
2652 0.1042031
2653 0.04854092
2654 0.7313502
2655 0.2791844
2656 0.07055516
2657 0.9015053
2658 0.1450518
2659 0.001696606
2660 0.08938061
2661 0.9083491
2662 0.3266063
2663 0.1325122
2664 0.0003353539
2665 0.004994063
2666 0.02267825
2667 0.8798127
2668 0.5262246
2669 0.3051108
2670 0.1384681
2671 0.003585275
2672 0.4868369
2673 0.8959566
2674 0.03820663
2675 7.44607e-06
2676 0.4989537
2677 0.01976206
2678 0.07258206
2679 0.3308291
2680 0.002514644
2681 0.5736072
2682 0.2596675
2683 0.3313671
2684 0.3949633
2685 0.02057495
2686 0.02004528
2687 0.09497559
2688 0.2344434
2689 0.05061042
2690 0.1927071
2691 0.01183347
2692 0.9582304
2693 0.03626452
2694 0.005106118
2695 0.6778889
2696 0.07844971
2697 0.0263848
2698 0.2131787
2699 0.8234143
2700 0.4159418
2701 0.1816385
2702 0.8999686
2703 0.3267474
2704 0.2744348
2705 0.692918
2706 0.02764412
2707 0.03579868
2708 0.03099352
2709 0.6574001
2710 0.05810488
2711 0.007196894
2712 0.01046159
2713 0.07940972
2714 0.1417669
2715 0.9280191
2716 0.7772487
2717 0.003974075
2718 0.1495421
2719 0.1939729
2720 0.2514241
2721 0.2982484
2722 0.2545753
2723 0.003157068
2724 0.001321023
2725 0.6424177
2726 0.0005391233
2727 0.02445901
2728 0.2402569
2729 0.3499664
2730 0.942813
2731 0.005133629
2732 0.1576148
2733 0.2127497
2734 0.01018325
2735 0.008485857
2736 0.2898992
2737 0.9176809
2738 0.7094508
2739 0.7884403
2740 0.2918789
2741 0.01452523
2742 0.04429308
2743 0.004984033
2744 0.01937357
2745 0.04788601
2746 0.1937487
2747 0.007184784
2748 0.8353076
2749 0.007293237
2750 0.04326801
2751 0.003941459
2752 0.09241431
2753 0.4037047
2754 0.8299489
2755 0.6375545
2756 0.01431779
2757 0.002014453
2758 0.06900515
2759 0.3302465
2760 0.009534291
2761 0.001005408
2762 0.8285542
2763 0.8986282
2764 0.03888631
2765 0.01109534
2766 0.3447749
2767 0.7009953
2768 0.1487432
2769 0.1089226
2770 0.09585873
2771 0.003510473
2772 0.009170842
2773 0.1478458
2774 0.8712143
2775 0.2673738
2776 0.2173177
2777 0.1715182
2778 0.7427975
2779 0.1730832
2780 0.03547732
2781 0.02138554
2782 0.05255764
2783 0.5904101
2784 0.001157283
2785 0.08656329
2786 0.0002488567
2787 0.10819
2788 0.7552812
2789 0.02909457
2790 0.01349322
2791 0.3390283
2792 0.03484931
2793 2.942751e-05
2794 0.01403386
2795 0.5412026
2796 0.1525311
2797 0.4788786
2798 0.007961922
2799 0.1621894
2800 0.04212077
2801 0.2085993
2802 0.001644171
2803 0.5012047
2804 5.486929e-05
2805 0.6773838
2806 0.07912029
2807 0.00116858
2808 0.004024814
2809 0.0003033962
2810 0.01384624
2811 0.1090127
2812 0.004578092
2813 0.01250058
2814 0.7079967
2815 0.6929742
2816 0.005849449
2817 0.7656538
2818 0.02403225
2819 0.3995831
2820 0.4693296
2821 0.6598774
2822 0.02160508
2823 0.03534533
2824 0.1528592
2825 0.1455291
2826 0.3764071
2827 0.3627288
2828 0.002162855
2829 0.0003940955
2830 0.001838729
2831 0.04728482
2832 0.07381195
2833 0.4349213
2834 0.002128867
2835 0.5395122
2836 0.08961462
2837 0.003379097
2838 0.002181535
2839 0.004017596
2840 0.4940822
2841 0.0001325933
2842 0.4124622
2843 0.3848422
2844 0.8376002
2845 0.09047478
2846 0.301066
2847 0.02536651
2848 7.853175e-06
2849 0.2832285
2850 0.7624832
2851 0.4836461
2852 0.2539506
2853 0.07588597
2854 0.02977959
2855 0.0405775
2856 0.01423231
2857 1.741729e-05
2858 0.4283517
2859 0.9244729
2860 2.613359e-05
2861 0.01612614
2862 0.05700145
2863 0.9029187
2864 0.0512748
2865 0.05274002
2866 0.06569742
2867 0.001092679
2868 0.00341054
2869 0.2488065
2870 0.00320571
2871 0.08555508
2872 0.5123479
2873 0.5505348
2874 0.0050516
2875 0.00168586
2876 0.09478562
2877 0.03459183
2878 0.0006010765
2879 0.5453162
2880 0.2812499
2881 0.0427356
2882 0.02149036
2883 0.2409581
2884 0.08946445
2885 0.7819722
2886 4.8358e-05
2887 0.3517635
2888 0.09613851
2889 0.05331011
2890 0.2591282
2891 0.1078166
2892 0.01138779
2893 0.4325167
2894 0.9839961
2895 0.0003149343
2896 0.2873513
2897 0.9527121
2898 0.0004095972
2899 0.05767325
2900 0.1597204
2901 0.4059888
2902 0.03362996
2903 0.03512488
2904 0.07072687
2905 0.02426404
2906 0.06210139
2907 0.01053099
2908 0.2649993
2909 0.5121779
2910 0.9385217
2911 0.03041802
2912 0.0008226789
2913 0.1610848
2914 0.009559576
2915 0.0483867
2916 0.6845748
2917 0.005749947
2918 0.5064938
2919 0.5613472
2920 0.01043036
2921 0.08189849
2922 0.5559879
2923 0.03459199
2924 0.005725351
2925 0.01618379
2926 0.02480882
2927 0.0014935
2928 0.01877515
2929 0.08325896
2930 0.05384392
2931 0.4868115
2932 0.1287512
2933 0.1487952
2934 0.141727
2935 0.1914429
2936 0.393689
2937 0.07627192
2938 0.5462119
2939 0.6714487
2940 0.8929051
2941 0.006552575
2942 0.8766214
2943 0.1542811
2944 0.8002804
2945 0.9347227
2946 0.0622437
2947 0.5030054
2948 0.1189755
2949 0.3988875
2950 0.001060893
2951 0.2011097
2952 0.002482961
2953 0.004982874
2954 0.02074345
2955 0.0001755326
2956 0.2582062
2957 0.2151164
2958 0.007738193
2959 0.9609522
2960 5.958442e-05
2961 0.6217545
2962 0.4793064
2963 0.01458498
2964 0.8213891
2965 0.0005449602
2966 0.005785522
2967 0.4644948
2968 0.7497835
2969 0.0003555578
2970 0.3241304
2971 0.9175467
2972 0.2285011
2973 0.7318751
2974 0.6063708
2975 0.2770359
2976 0.1476056
2977 0.08519232
2978 0.64132
2979 0.2560648
2980 0.04406585
2981 0.365647
2982 0.1416845
2983 0.8745567
2984 0.5320166
2985 0.01271659
2986 0.00563527
2987 0.9014323
2988 0.291854
2989 1.133846e-06
2990 0.4435484
2991 0.2872856
2992 0.007324512
2993 0.03403015
2994 0.06530913
2995 0.3289869
2996 0.2746436
2997 0.8771949
2998 0.1828222
2999 0.005505177
3000 0.01896891
3001 1.630634e-05
3002 0.01920921
3003 0.001872325
3004 0.04869519
3005 0.7085886
3006 0.003234763
3007 0.04557669
3008 0.004170407
3009 0.2978531
3010 0.9759652
3011 0.2046658
3012 0.01356244
3013 0.396878
3014 0.009504768
3015 0.6495914
3016 0.1505237
3017 0.01310858
3018 0.6518618
3019 0.3388049
3020 0.2531855
3021 0.4220287
3022 0.002917179
3023 0.4891009
3024 0.008011489
3025 0.6531113
3026 0.02097598
3027 0.009794981
3028 0.4000437
3029 0.1408205
3030 0.9422057
3031 0.004342324
3032 0.8866133
3033 0.354913
3034 0.3883203
3035 4.616779e-05
3036 0.4859905
3037 0.003063515
3038 7.582743e-05
3039 0.890083
3040 0.5131547
3041 0.8265002
3042 0.6298113
3043 0.5702699
3044 0.3831705
3045 0.07909737
3046 0.05687958
3047 0.03004815
3048 0.0216915
3049 0.3816017
3050 0.003365599
3051 0.001786312
3052 0.1363515
3053 0.6358148
3054 1.721339e-05
3055 0.357041
3056 0.2567415
3057 0.9330479
3058 0.2992966
3059 0.007714357
3060 0.5847299
3061 0.0009921232
3062 2.894056e-05
3063 0.1091038
3064 0.2830785
3065 0.3130594
3066 0.6766085
3067 0.9453674
3068 0.5894148
3069 0.01485109
3070 0.2775055
3071 0.04549906
3072 0.6246557
3073 0.04610334
3074 0.7234772
3075 0.07349646
3076 0.1329733
3077 0.008639828
3078 0.9961033
3079 0.08621809
3080 0.5549315
3081 0.3714931
3082 0.5035057
3083 0.001074066
3084 0.6490233
3085 0.6540122
3086 0.3234585
3087 0.6094885
3088 0.06092506
3089 0.0678912
3090 0.6954974
3091 0.641527
3092 0.01071699
3093 0.642098
3094 0.03379352
3095 0.04880316
3096 0.3000714
3097 0.2878361
3098 0.01778346
3099 0.3091321
3100 0.1432636
3101 8.255492e-06
3102 0.6670312
3103 0.9724687
3104 0.0449998
3105 0.001805494
3106 0.01371035
3107 0.117258
3108 0.7538496
3109 0.9717058
3110 0.344678
3111 0.5504514
3112 0.6380089
3113 0.6246724
3114 0.0007866506
3115 0.317632
3116 0.2521581
3117 0.3860837
3118 0.7827975
3119 0.6704608
3120 0.1384594
3121 0.2675247
3122 0.1001879
3123 0.3173015
3124 0.6526423
3125 0.5072431
3126 0.007752298
3127 0.01163309
3128 0.002708456
3129 0.4101632
3130 0.9455125
3131 0.04605116
3132 0.009474021
3133 0.04506287
3134 0.0008748029
3135 0.08796068
3136 0.8847426
3137 0.0234145
3138 0.2994395
3139 0.1514699
3140 0.117357
3141 0.001089046
3142 0.006893181
3143 0.7791768
3144 0.006161796
3145 0.1297038
3146 0.08421295
3147 0.8624182
3148 0.8054414
3149 1.432617e-05
3150 0.0308855
3151 0.07222646
3152 0.3167781
3153 0.8245378
3154 0.01453754
3155 0.3363988
3156 0.1230869
3157 0.01953605
3158 0.1132078
3159 0.0006554206
3160 0.1084394
3161 0.06449281
3162 0.7025587
3163 0.06726942
3164 0.08672851
3165 0.699577
3166 0.1393863
3167 0.08733075
3168 0.1574738
3169 0.04813165
3170 0.9966142
3171 0.04840998
3172 0.004990714
3173 0.7842118
3174 0.3224985
3175 0.01811419
3176 0.1904674
3177 0.3014156
3178 0.3252362
3179 0.008545805
3180 0.124103
3181 0.05337532
3182 0.142264
3183 0.2376248
3184 0.002312643
3185 0.004021936
3186 0.004263865
3187 0.06019873
3188 0.03024169
3189 0.7085234
3190 0.1240907
3191 0.1997719
3192 0.08335187
3193 0.1565334
3194 0.02987048
3195 0.1141247
3196 0.4663664
3197 9.725964e-06
3198 3.273078e-07
3199 0.2337746
3200 0.01395837
3201 0.9887119
3202 0.1203415
3203 0.3586726
3204 0.0002140182
3205 0.5160278
3206 0.1303242
3207 0.6988409
3208 0.4842752
3209 0.0136794
3210 0.745327
3211 0.1803276
3212 0.7426998
3213 0.7137192
3214 0.2106648
3215 0.7321316
3216 0.01803709
3217 1.146491e-05
3218 0.001839736
3219 0.05868426
3220 4.863271e-05
3221 0.004233071
3222 0.6288754
3223 0.1818584
3224 0.7207341
3225 0.6966495
3226 0.1655099
3227 0.02084553
3228 0.2728714
3229 0.2805437
3230 0.002959427
3231 0.8167237
3232 0.007884039
3233 0.006305341
3234 0.102287
3235 0.5561739
3236 0.3385211
3237 0.4852515
3238 0.1683188
3239 0.02403208
3240 0.009533269
3241 0.03796573
3242 0.4419316
3243 0.006436271
3244 0.04843844
3245 0.1286217
3246 0.3084053
3247 0.5594551
3248 0.02857693
3249 0.2872197
3250 0.7857789
3251 0.0983175
3252 0.02838381
3253 0.4947854
3254 1.585189e-05
3255 0.006309789
3256 0.3851753
3257 0.8595799
3258 0.3046717
3259 0.8594504
3260 0.1633427
3261 0.0001151253
3262 0.06474409
3263 0.7179719
3264 0.01069987
3265 0.001223917
3266 0.2948767
3267 0.5087075
3268 0.2537557
3269 0.9256523
3270 0.5737666
3271 0.02815071
3272 0.3583742
3273 0.05652491
3274 0.0692872
3275 0.02113513
3276 0.04211886
3277 0.001669368
3278 0.02504377
3279 0.3098026
3280 0.8566147
3281 0.001919004
3282 0.8336798
3283 0.1054809
3284 0.00318335
3285 0.02747246
3286 0.2982414
3287 0.492633
3288 0.3058549
3289 0.0004365614
3290 0.01940809
3291 0.6668541
3292 0.6446247
3293 0.002116839
3294 0.0118212
3295 0.961274
3296 0.01183286
3297 0.2894356
3298 0.1568241
3299 0.0007904453
3300 0.004926152
3301 0.1336014
3302 0.01081128
3303 0.1586176
3304 0.04235928
3305 4.235706e-05
3306 0.008380644
3307 0.4063413
3308 0.387604
3309 0.09927569
3310 0.008680173
3311 0.6723787
3312 0.1425589
3313 0.4743215
3314 0.3985288
3315 0.1966496
3316 0.5446852
3317 0.01510562
3318 0.0943744
3319 0.6104579
3320 0.7001596
3321 0.8541535
3322 0.2162817
3323 0.08073689
3324 0.5277647
3325 0.001960891
3326 0.06888534
3327 0.3115041
3328 0.01361879
3329 0.03255232
3330 0.02879264
3331 0.4990469
3332 0.6664724
3333 0.01884603
3334 0.0006278941
3335 0.7146969
3336 0.9317084
3337 0.3714291
3338 0.2292785
3339 0.0007568485
3340 0.007855
3341 0.006574764
3342 0.6242298
3343 0.2646397
3344 0.1180588
3345 0.3217377
3346 0.07464655
3347 0.1029757
3348 0.04303377
3349 0.0129186
3350 1.312205e-05
3351 0.9306387
3352 0.05099512
3353 0.1735754
3354 0.1028432
3355 0.0005889576
3356 0.04070142
3357 0.3605499
3358 0.09802926
3359 0.212656
3360 0.222579
3361 0.2550288
3362 0.1880053
3363 0.009737168
3364 0.68656
3365 0.003719242
3366 0.9414651
3367 0.002526246
3368 0.5353489
3369 0.001496942
3370 0.4074844
3371 0.5176387
3372 0.03243342
3373 0.04171695
3374 0.4650098
3375 0.2345251
3376 0.9184623
3377 0.05974684
3378 0.007999073
3379 3.255704e-05
3380 0.1355077
3381 0.01759867
3382 0.006121041
3383 0.169464
3384 0.2277055
3385 0.00779801
3386 0.00359598
3387 5.338695e-05
3388 0.2152594
3389 0.4209812
3390 0.1669814
3391 0.2840702
3392 0.01926929
3393 0.3495952
3394 7.22006e-06
3395 0.1194492
3396 1.294022e-05
3397 0.04011393
3398 0.5372811
3399 0.3812822
3400 0.6151078
3401 0.01337352
3402 0.00538192
3403 0.7173548
3404 0.2609241
3405 0.02375864
3406 0.03220443
3407 0.009248368
3408 0.1550465
3409 0.7426809
3410 0.01972852
3411 0.3773615
3412 0.2920471
3413 0.875382
3414 0.3889402
3415 0.001316414
3416 0.2617056
3417 0.8893165
3418 0.006515114
3419 0.5440074
3420 0.4594154
3421 0.09086293
3422 0.6211135
3423 0.01331404
3424 0.9298944
3425 2.566236e-05
3426 0.5781862
3427 0.006989268
3428 0.1198808
3429 0.0379096
3430 0.3187287
3431 0.01585671
3432 0.02756811
3433 0.005715923
3434 0.9193247
3435 0.3755635
3436 0.01589071
3437 0.0298125
3438 0.001008615
3439 0.7943794
3440 0.9477921
3441 0.1927689
3442 0.4117039
3443 0.07410013
3444 0.07805755
3445 0.09134832
3446 0.3928778
3447 0.1571416
3448 0.7937048
3449 0.04340528
3450 0.03481303
3451 0.02189107
3452 0.008262571
3453 0.1059735
3454 0.08472979
3455 0.8655108
3456 4.313068e-05
3457 0.6733177
3458 0.164837
3459 0.3539308
3460 4.016172e-05
3461 0.2823778
3462 0.0005463951
3463 0.6960872
3464 0.8290498
3465 0.7241356
3466 0.0008780985
3467 0.01489151
3468 0.3944773
3469 0.001864148
3470 0.0001156983
3471 0.0291012
3472 0.8814432
3473 0.4817662
3474 0.7329724
3475 0.05372274
3476 3.50065e-05
3477 0.01732467
3478 0.2721709
3479 0.02808297
3480 0.03212193
3481 0.6602227
3482 0.1525327
3483 0.9126829
3484 0.9143603
3485 0.7438304
3486 0.5147257
3487 5.544755e-05
3488 0.01001667
3489 7.303939e-05
3490 0.7934057
3491 0.8191655
3492 0.002506342
3493 9.440644e-06
3494 3.536583e-06
3495 0.01951573
3496 0.86923
3497 0.03671637
3498 0.1992019
3499 0.2399558
3500 0.3610237
3501 0.09609813
3502 0.1297848
3503 0.4605183
3504 0.8731746
3505 0.01732212
3506 0.002309586
3507 0.6947664
3508 0.7495202
3509 0.004374743
3510 0.2303419
3511 0.07227267
3512 0.4271997
3513 0.1842395
3514 0.9947397
3515 0.09245192
3516 0.02119934
3517 0.2905928
3518 0.2022076
3519 0.5803476
3520 0.2839796
3521 0.01751312
3522 0.01548945
3523 0.09828202
3524 0.001967986
3525 0.06470952
3526 0.8246074
3527 0.0255418
3528 5.539942e-05
3529 0.01489349
3530 0.602452
3531 0.07841943
3532 0.1215254
3533 0.01701058
3534 0.0004443966
3535 0.1085733
3536 0.09840238
3537 0.8163638
3538 0.3298971
3539 0.0003799268
3540 0.02024392
3541 0.2176025
3542 0.0003058867
3543 0.8780362
3544 0.001734565
3545 0.3358845
3546 0.0006185067
3547 0.6871465
3548 0.7499206
3549 0.00249465
3550 0.9743512
3551 0.01745449
3552 0.1671368
3553 0.9009766
3554 0.471651
3555 0.9409013
3556 0.07996115
3557 0.02739754
3558 0.2027936
3559 0.105813
3560 0.8178985
3561 0.903088
3562 0.0007639173
3563 0.8747117
3564 0.6013401
3565 0.4235322
3566 0.266928
3567 0.3335738
3568 0.3659818
3569 0.8515566
3570 0.4320378
3571 0.5331024
3572 0.5640567
3573 0.9504749
3574 0.4995264
3575 0.1949023
3576 0.4083753
3577 0.0001613915
3578 0.007420025
3579 3.835844e-05
3580 0.7887572
3581 0.1376124
3582 0.04110412
3583 0.161699
3584 0.9763369
3585 0.879693
3586 0.1809382
3587 0.1592108
3588 0.07016227
3589 0.1463333
3590 0.01796906
3591 0.4105153
3592 0.1771972
3593 0.7852594
3594 0.0365148
3595 0.02331073
3596 0.002018674
3597 0.7838196
3598 0.0002692378
3599 0.0001315794
3600 0.007889144
3601 0.002992002
3602 0.00552137
3603 0.7199278
3604 0.6848327
3605 0.09286171
3606 0.1361606
3607 0.9338586
3608 0.3690873
3609 0.008679043
3610 0.6497573
3611 0.2974053
3612 0.03334295
3613 0.4342402
3614 0.1804632
3615 0.8251634
3616 0.3389218
3617 0.02755031
3618 2.942979e-05
3619 0.2629653
3620 0.1280651
3621 0.2616904
3622 0.1506618
3623 0.04182677
3624 0.7663169
3625 0.07866716
3626 0.0002311908
3627 0.07939588
3628 0.01703152
3629 6.700489e-06
3630 0.4577344
3631 0.0400225
3632 2.423352e-06
3633 0.3000354
3634 0.01720263
3635 0.05828953
3636 0.5014932
3637 0.6399892
3638 0.162701
3639 0.0021727
3640 0.5604464
3641 0.1656657
3642 0.144416
3643 0.02089411
3644 0.01170579
3645 0.214392
3646 0.718264
3647 0.009043063
3648 3.632063e-06
3649 0.08504664
3650 0.0008208087
3651 0.07322581
3652 0.309859
3653 4.897852e-06
3654 0.647394
3655 0.9829554
3656 0.001856339
3657 0.0116875
3658 8.545724e-06
3659 1.320008e-05
3660 0.2867585
3661 0.003562609
3662 0.3730712
3663 0.01329549
3664 0.5908839
3665 0.2655561
3666 0.13344
3667 0.8768856
3668 0.9779866
3669 0.7161162
3670 0.1870393
3671 0.9901591
3672 0.5431638
3673 0.02216243
3674 0.0690843
3675 0.3022335
3676 0.2374369
3677 0.004629796
3678 0.1856249
3679 0.1947324
3680 0.3192154
3681 0.002819751
3682 0.0004799273
3683 0.70383
3684 0.8591956
3685 0.003955014
3686 0.4610154
3687 0.9794719
3688 0.04409708
3689 0.2524915
3690 0.5411024
3691 0.0457597
3692 0.06475694
3693 0.6579346
3694 0.6235912
3695 0.7818534
3696 0.03358604
3697 0.1719968
3698 6.545353e-05
3699 0.005153096
3700 0.865029
3701 0.3878613
3702 0.8333578
3703 0.1956925
3704 0.1323827
3705 1.86301e-06
3706 0.09647026
3707 0.8763512
3708 0.8169753
3709 0.01360599
3710 0.008228888
3711 0.7180845
3712 0.542129
3713 0.01650703
3714 0.3434093
3715 0.1239364
3716 0.3933426
3717 0.4051496
3718 0.1200847
3719 0.1218342
3720 0.1097415
3721 0.2402367
3722 0.4896183
3723 0.9802874
3724 0.1980247
3725 0.2313887
3726 0.3547679
3727 0.6076764
3728 0.4619696
3729 0.2609028
3730 0.001703869
3731 0.04169993
3732 0.05671067
3733 0.04070788
3734 0.2707227
3735 0.007757904
3736 0.07411886
3737 0.1880542
3738 0.0294948
3739 0.0487802
3740 0.5861089
3741 0.005487938
3742 0.003081068
3743 0.00189561
3744 0.290944
3745 0.5951054
3746 0.1714314
3747 0.04141906
3748 0.3320154
3749 0.06525605
3750 0.005035565
3751 0.0512395
3752 0.009905429
3753 0.162181
3754 0.4715672
3755 0.02356182
3756 0.8458684
3757 0.7043651
3758 0.0007867622
3759 0.1317611
3760 0.008545434
3761 0.07597921
3762 0.1102854
3763 0.002706663
3764 0.7507782
3765 0.02153178
3766 0.007672006
3767 0.4261393
3768 0.04159014
3769 0.425793
3770 0.3464961
3771 0.01029691
3772 0.112963
3773 0.03516952
3774 0.8351152
3775 0.2378781
3776 0.2162564
3777 0.04991077
3778 0.1746308
3779 0.001248097
3780 0.01445523
3781 0.1939468
3782 0.6237492
3783 0.7936371
3784 0.06626964
3785 0.7186554
3786 0.0001278107
3787 0.5874161
3788 0.3131075
3789 0.1429126
3790 0.2092859
3791 0.4754092
3792 0.6020598
3793 0.01959236
3794 0.5939266
3795 0.1794632
3796 0.005468761
3797 0.685146
3798 0.008325718
3799 1.30796e-05
3800 0.01419457
3801 0.1286518
3802 0.1727227
3803 0.02026677
3804 0.5571946
3805 0.008433229
3806 0.005911831
3807 0.2350187
3808 0.2895724
3809 0.6867308
3810 0.09722418
3811 0.7726104
3812 0.6174192
3813 0.9680555
3814 0.7462775
3815 0.02347742
3816 0.02119658
3817 0.2257012
3818 0.5042557
3819 0.4421808
3820 0.06856169
3821 0.001997768
3822 0.7943546
3823 0.6162458
3824 0.1075123
3825 0.02247398
3826 0.9237758
3827 0.0186352
3828 0.8991895
3829 0.4317471
3830 0.02332487
3831 0.01595022
3832 0.02148891
3833 0.6898093
3834 0.003979592
3835 0.121679
3836 0.3204896
3837 0.4622499
3838 0.06804402
3839 0.02836772
3840 0.3739011
3841 1.178272e-06
3842 0.1931079
3843 0.456837
3844 0.1995029
3845 2.12548e-05
3846 0.4031884
3847 0.2768328
3848 0.3999929
3849 0.2909444
3850 0.1140479
3851 0.02475572
3852 0.9019934
3853 0.445455
3854 0.9540884
3855 0.1020671
3856 0.9715567
3857 0.44196
3858 0.03611634
3859 0.3321239
3860 0.04452688
3861 0.9055414
3862 0.008067715
3863 0.009024381
3864 0.2660122
3865 0.2472113
3866 0.2461019
3867 0.3214689
3868 0.5591265
3869 0.002084832
3870 0.01667461
3871 0.6478292
3872 0.4154095
3873 0.639919
3874 0.987477
3875 0.01030597
3876 0.1519238
3877 0.0005379694
3878 0.9439522
3879 0.4325775
3880 0.3219815
3881 0.000404596
3882 0.006139394
3883 0.4320634
3884 0.04955567
3885 0.06201273
3886 0.1092727
3887 0.8692247
3888 0.08228659
3889 0.03683069
3890 0.001750243
3891 0.05638336
3892 0.0005963897
3893 0.007625896
3894 0.1423584
3895 0.02861984
3896 0.1441982
3897 0.3030317
3898 2.208118e-05
3899 0.0005218431
3900 0.04875447
3901 0.007828646
3902 0.6267743
3903 0.532454
3904 0.01502309
3905 0.003766941
3906 0.4808165
3907 0.0003931144
3908 0.5218064
3909 0.01663228
3910 0.072029
3911 0.6533005
3912 0.01316715
3913 0.0002316681
3914 0.05002663
3915 0.002109511
3916 0.1428075
3917 0.002759855
3918 0.1143145
3919 0.2341477
3920 3.386565e-05
3921 0.002297297
3922 0.0262013
3923 0.4785897
3924 0.5177366
3925 0.1780767
3926 0.4745703
3927 0.2582274
3928 0.7523416
3929 0.3259783
3930 0.6787036
3931 0.3086619
3932 0.09529829
3933 0.2503379
3934 0.1184166
3935 0.6674726
3936 0.04329914
3937 0.187513
3938 0.9704927
3939 0.1406152
3940 0.2572048
3941 0.2499303
3942 0.001613813
3943 0.05538977
3944 0.3510638
3945 0.0002254945
3946 0.639691
3947 0.1170384
3948 6.463552e-05
3949 0.06470055
3950 0.01993097
3951 0.1302278
3952 0.05098217
3953 0.2644865
3954 0.2838206
3955 0.3882662
3956 0.01792219
3957 0.004724633
3958 0.0002143243
3959 1.415592e-06
3960 0.009716078
3961 0.01996617
3962 0.005248662
3963 0.5806855
3964 0.2985672
3965 0.008083042
3966 0.1114664
3967 0.01140726
3968 0.01539948
3969 0.05073585
3970 0.4328794
3971 0.09151433
3972 0.7603198
3973 0.3912581
3974 0.003067008
3975 0.001069409
3976 0.01257481
3977 0.0002275351
3978 0.6605647
3979 0.3012366
3980 0.04698542
3981 0.2525755
3982 0.4510976
3983 0.2491928
3984 0.3302048
3985 0.1262604
3986 0.01606357
3987 0.8507682
3988 0.005805281
3989 0.5850307
3990 0.3932369
3991 0.7631597
3992 0.3289388
3993 0.9224292
3994 5.020911e-05
3995 0.1356677
3996 0.07783098
3997 0.6609084
3998 0.01873034
3999 0.0222562
4000 0.1089923
4001 0.973843
4002 0.9256039
4003 0.2384179
4004 0.9795915
4005 0.03903762
4006 0.8059029
4007 0.02493554
4008 0.6795854
4009 8.052869e-06
4010 0.01103999
4011 0.7725839
4012 0.009948745
4013 0.0719204
4014 0.009175537
4015 0.3338905
4016 0.566767
4017 0.4407103
4018 4.644462e-05
4019 0.7951143
4020 0.9740071
4021 0.1641123
4022 0.9064309
4023 0.0001633065
4024 0.4934232
4025 0.2131636
4026 0.1408986
4027 0.1308711
4028 9.842056e-05
4029 0.03057713
4030 0.837278
4031 0.1207559
4032 0.7251205
4033 0.04140216
4034 0.9291565
4035 0.753813
4036 0.2173182
4037 0.9429322
4038 0.7602263
4039 0.004516284
4040 0.1464195
4041 0.001291935
4042 0.2024076
4043 0.003450113
4044 0.1205252
4045 0.3263026
4046 0.5276727
4047 0.1333888
4048 0.01660897
4049 0.2044252
4050 0.08403753
4051 0.3898049
4052 0.1726383
4053 0.1341132
4054 0.9184384
4055 0.8894733
4056 0.9102149
4057 0.4362902
4058 0.9033006
4059 0.3016542
4060 0.9541029
4061 0.2458428
4062 0.003955457
4063 0.003265083
4064 0.1244885
4065 0.365757
4066 0.03531936
4067 0.3989899
4068 0.8273933
4069 0.009382399
4070 0.8346708
4071 0.2266761
4072 0.4192394
4073 0.4389294
4074 0.000334001
4075 0.2476516
4076 0.2530649
4077 0.9945042
4078 0.1177866
4079 0.6914647
4080 0.7748131
4081 0.2467664
4082 0.01792771
4083 0.2279796
4084 0.003434192
4085 0.04030629
4086 0.5046716
4087 0.043981
4088 0.1469642
4089 0.2040193
4090 0.0005041036
4091 0.5881713
4092 0.005730471
4093 0.01163601
4094 0.02984595
4095 0.290011
4096 0.5181638
4097 0.2219214
4098 0.008554054
4099 0.01516149
4100 0.007607646
4101 0.8549591
4102 0.2202315
4103 0.1746569
4104 1.623572e-05
4105 0.1984973
4106 0.05310039
4107 0.3265614
4108 0.1145653
4109 0.03689481
4110 0.1403441
4111 0.5985064
4112 0.2263925
4113 0.0006676181
4114 0.7750319
4115 0.004329271
4116 0.01793595
4117 0.4089905
4118 0.003571505
4119 0.03569975
4120 0.004044713
4121 0.07503135
4122 0.6163491
4123 0.2925163
4124 0.002961402
4125 0.009314679
4126 0.06314457
4127 0.1242952
4128 0.1166788
4129 0.2540601
4130 0.08831831
4131 0.914071
4132 0.1506595
4133 0.05648052
4134 0.4888708
4135 0.4595588
4136 0.1450085
4137 0.03292039
4138 0.001786388
4139 0.2456444
4140 0.07268687
4141 0.9743423
4142 0.3536728
4143 0.004228847
4144 0.7682569
4145 0.2884284
4146 0.0622823
4147 0.007556033
4148 0.5035422
4149 0.0001067265
4150 0.03164388
4151 0.8152088
4152 0.8708539
4153 0.003966181
4154 0.1576251
4155 0.2395714
4156 0.3086176
4157 0.0237247
4158 0.4978023
4159 0.01001955
4160 0.1836332
4161 0.3638285
4162 0.0001775938
4163 0.6193844
4164 0.1531721
4165 0.4095631
4166 0.6383057
4167 0.04740158
4168 0.05499581
4169 0.0485429
4170 0.008442497
4171 0.143582
4172 0.02480737
4173 0.2727946
4174 0.2267291
4175 0.4401338
4176 0.1236665
4177 0.1109895
4178 0.002270455
4179 0.521473
4180 0.7063014
4181 0.2882542
4182 0.5987
4183 0.4714954
4184 0.4370403
4185 0.8868648
4186 0.7659416
4187 0.05619874
4188 0.06860511
4189 0.116262
4190 0.4463041
4191 0.3344844
4192 0.2447411
4193 0.07375467
4194 0.3400586
4195 0.006350081
4196 0.3792273
4197 0.8291977
4198 0.6699787
4199 0.079967
4200 0.1632473
4201 0.02134053
4202 0.04990842
4203 0.3164252
4204 0.001084635
4205 0.008772374
4206 0.02016372
4207 0.8485544
4208 0.0527008
4209 0.03178598
4210 0.2170365
4211 0.00357485
4212 0.538103
4213 0.3135776
4214 0.1297646
4215 0.6945284
4216 1.47714e-06
4217 3.796241e-07
4218 0.5747635
4219 0.0002284241
4220 0.04547481
4221 0.1098328
4222 0.03548869
4223 0.7822657
4224 0.4078033
4225 0.5767165
4226 0.001551749
4227 6.000288e-05
4228 0.00416814
4229 0.6948308
4230 0.5275442
4231 0.03381924
4232 0.3346769
4233 0.00137178
4234 0.1362708
4235 0.02975189
4236 0.03272104
4237 1.639742e-05
4238 0.9636549
4239 0.0006493416
4240 0.009568608
4241 0.0009248588
4242 0.3055156
4243 0.003849561
4244 0.613548
4245 0.1263123
4246 0.02588295
4247 0.5185493
4248 0.4070147
4249 0.3827452
4250 1.559474e-05
4251 0.460021
4252 0.9839885
4253 0.01192123
4254 0.2075008
4255 0.005263694
4256 0.001099205
4257 0.6107484
4258 0.1531237
4259 0.4159622
4260 0.2688509
4261 0.1044113
4262 0.7930212
4263 0.02252846
4264 0.03194548
4265 0.04872268
4266 0.246804
4267 0.6227311
4268 0.1865449
4269 0.6660789
4270 0.2848818
4271 0.2092621
4272 0.7243116
4273 0.9222302
4274 0.0008845827
4275 0.6458565
4276 0.003321076
4277 0.1228526
4278 0.0007021744
4279 0.006291806
4280 0.003271458
4281 0.4220273
4282 0.9961828
4283 0.1692638
4284 0.1857524
4285 0.04726656
4286 0.004840973
4287 0.01576122
4288 0.5475171
4289 0.007802438
4290 0.1598223
4291 0.3783224
4292 0.6519251
4293 0.1838055
4294 0.00661809
4295 0.07229738
4296 0.7014406
4297 0.1994926
4298 0.6265615
4299 0.219542
4300 0.02384856
4301 0.001835119
4302 0.0111599
4303 0.1204588
4304 0.05417747
4305 2.069823e-05
4306 0.5667577
4307 0.002206002
4308 0.02069618
4309 0.006587342
4310 0.5573003
4311 0.4599049
4312 0.1520486
4313 0.6156595
4314 0.9341412
4315 0.2881208
4316 0.07696621
4317 0.0509105
4318 0.1099798
4319 0.05491401
4320 0.001244216
4321 0.06600548
4322 0.1328529
4323 0.005067788
4324 0.4526524
4325 0.0009880315
4326 0.8091501
4327 0.5828266
4328 0.00806747
4329 0.1257072
4330 0.3490629
4331 0.3702068
4332 0.8993919
4333 0.0090846
4334 0.005458753
4335 0.9771567
4336 0.2861813
4337 0.03696716
4338 0.08858393
4339 0.7960731
4340 0.02785325
4341 0.5213359
4342 0.7289409
4343 0.05052535
4344 0.02971707
4345 0.2456216
4346 0.07369641
4347 0.6626632
4348 0.1115496
4349 0.01886363
4350 0.03355438
4351 0.06237262
4352 0.1399126
4353 0.04846261
4354 0.1049501
4355 0.7354193
4356 0.02594687
4357 0.03250806
4358 0.7968731
4359 4.553055e-06
4360 0.04301565
4361 0.02734266
4362 0.01657714
4363 0.633096
4364 0.7903752
4365 0.04500766
4366 0.008058358
4367 0.0006736442
4368 0.1598864
4369 0.02343032
4370 0.9744288
4371 0.2625264
4372 0.02078612
4373 0.02751337
4374 0.0478645
4375 0.3654936
4376 0.9004272
4377 0.8349434
4378 0.27675
4379 0.2823731
4380 0.06084909
4381 0.05888006
4382 0.0117292
4383 0.1514693
4384 0.3118806
4385 0.7293375
4386 0.1421502
4387 0.07578771
4388 0.08837155
4389 0.008330918
4390 0.01461301
4391 0.07732807
4392 0.08194586
4393 0.2723512
4394 0.6365374
4395 0.2329448
4396 0.005691641
4397 0.3933921
4398 0.0008510453
4399 0.02144166
4400 0.9010901
4401 0.002229573
4402 0.1850679
4403 0.02165906
4404 0.008242836
4405 0.5890945
4406 0.03169673
4407 0.5405934
4408 0.5870417
4409 0.3470184
4410 0.0003649291
4411 0.02639977
4412 0.5408722
4413 0.0004824557
4414 0.02162739
4415 0.2398484
4416 0.004956195
4417 0.06398184
4418 0.09863155
4419 0.08003674
4420 0.06231322
4421 0.108053
4422 0.0002253818
4423 0.08252752
4424 0.4064556
4425 0.5007726
4426 0.2136362
4427 0.1972199
4428 0.7516435
4429 0.6081923
4430 0.03884194
4431 3.608801e-05
4432 0.1545864
4433 0.0009129944
4434 0.8922733
4435 0.1142233
4436 0.01115659
4437 0.1473835
4438 0.00292609
4439 0.7920321
4440 5.082371e-05
4441 0.09297242
4442 0.4349469
4443 0.6438757
4444 0.2673306
4445 0.2251192
4446 0.01185019
4447 0.9120266
4448 0.7285297
4449 0.02359082
4450 0.6423251
4451 0.1870476
4452 0.6828356
4453 0.1777657
4454 0.02781689
4455 0.3298281
4456 0.9154163
4457 0.4856976
4458 0.08354865
4459 0.03911304
4460 0.1520156
4461 0.001445011
4462 0.5565672
4463 0.0285847
4464 0.8430639
4465 0.7469665
4466 0.007385355
4467 0.07527082
4468 0.5935101
4469 0.9930857
4470 0.5975929
4471 0.313144
4472 0.1315567
4473 0.1408092
4474 0.1158905
4475 0.3137623
4476 0.00160475
4477 0.8963049
4478 0.119635
4479 0.8113984
4480 0.1605869
4481 0.2244143
4482 0.04490609
4483 0.3964741
4484 0.0008412195
4485 0.02588732
4486 0.003367454
4487 0.9388795
4488 0.5606316
4489 0.00864007
4490 4.298004e-05
4491 0.2329758
4492 0.8148091
4493 0.2367441
4494 0.2690679
4495 0.01080243
4496 0.3908838
4497 1.492961e-05
4498 0.005230283
4499 0.01900673
4500 0.1749502
4501 0.8205281
4502 8.148577e-05
4503 0.05087506
4504 0.7361085
4505 0.3304667
4506 0.4268252
4507 0.005879417
4508 0.3530975
4509 0.4024729
4510 0.04194207
4511 0.002166297
4512 6.19839e-05
4513 0.3538032
4514 0.088919
4515 0.2680002
4516 0.02591844
4517 0.08192009
4518 0.2456932
4519 0.8815707
4520 0.1166483
4521 0.0147074
4522 0.4966013
4523 0.6724638
4524 0.03892542
4525 0.5487346
4526 0.1901103
4527 0.01253868
4528 0.9827995
4529 0.2760529
4530 0.91034
4531 0.658823
4532 0.9961767
4533 0.0338369
4534 0.01826663
4535 0.007774283
4536 0.02295912
4537 0.004863911
4538 0.1469729
4539 0.01998856
4540 0.1514061
4541 0.02654073
4542 0.06645088
4543 0.1640117
4544 7.377995e-05
4545 0.1836673
4546 0.1164787
4547 0.08780876
4548 0.07566977
4549 0.09202918
4550 0.04746109
4551 0.02149682
4552 0.1585015
4553 0.1736907
4554 0.04716491
4555 0.01886124
4556 0.550475
4557 0.06619604
4558 0.07061288
4559 0.4858351
4560 0.3329944
4561 0.009079091
4562 0.04809101
4563 0.1077823
4564 0.009633824
4565 0.08333385
4566 0.02807641
4567 0.0006139068
4568 0.05565982
4569 0.003459706
4570 0.660507
4571 0.4871402
4572 0.1863191
4573 0.7095199
4574 0.001538379
4575 0.003808545
4576 0.001150817
4577 0.8808972
4578 0.1641007
4579 0.5410584
4580 0.003279923
4581 0.006839311
4582 0.3754901
4583 0.01116447
4584 0.0235512
4585 0.2927179
4586 0.1028067
4587 0.9807327
4588 0.9428666
4589 0.01492972
4590 1.754386e-05
4591 0.308197
4592 0.01956361
4593 0.04962965
4594 0.273235
4595 0.9320981
4596 0.1335836
4597 0.3709997
4598 0.9945631
4599 0.2185472
4600 0.0003061597
4601 0.01121854
4602 0.9445644
4603 0.3083864
4604 0.03446512
4605 0.6039453
4606 0.000716745
4607 0.7337507
4608 0.03733749
4609 0.04763075
4610 0.0410082
4611 0.0008055622
4612 0.4981247
4613 0.05546447
4614 0.06319373
4615 0.1617627
4616 0.5127952
4617 0.88225
4618 0.3634031
4619 0.2587922
4620 0.02507121
4621 0.0004276149
4622 0.3122157
4623 0.07729388
4624 0.02696366
4625 0.02084182
4626 0.08930021
4627 0.02441952
4628 0.2353595
4629 0.1464583
4630 0.1540069
4631 0.02400658
4632 0.2851419
4633 0.1128331
4634 0.7439761
4635 0.01107148
4636 0.06484431
4637 0.7347032
4638 0.1277891
4639 0.2540397
4640 0.004478228
4641 0.8057186
4642 0.4829564
4643 0.4239123
4644 4.329801e-05
4645 0.0002161736
4646 0.01523521
4647 2.64497e-06
4648 0.003081192
4649 0.0179821
4650 0.381477
4651 0.3573253
4652 0.04490219
4653 0.2329752
4654 0.2739852
4655 0.06298156
4656 0.6744525
4657 0.437555
4658 0.1825428
4659 0.8921547
4660 2.53528e-05
4661 0.955473
4662 0.09723022
4663 0.04787968
4664 0.3596006
4665 0.05593793
4666 0.4949147
4667 0.2012839
4668 0.2574125
4669 0.7829213
4670 0.3666272
4671 0.7422653
4672 0.4564759
4673 0.1096473
4674 0.4459433
4675 0.2380763
4676 0.1522485
4677 0.6593638
4678 0.1466941
4679 0.0002258467
4680 0.2520695
4681 0.1511551
4682 7.350451e-05
4683 0.2196236
4684 0.00182893
4685 0.6759735
4686 0.02867578
4687 0.1590936
4688 0.04082145
4689 0.0001544677
4690 0.3545105
4691 0.4543351
4692 0.1287284
4693 0.4768733
4694 0.0003697948
4695 0.03168441
4696 0.004749261
4697 0.0006792343
4698 0.00597734
4699 0.003337684
4700 0.9778662
4701 0.01063707
4702 0.03945533
4703 0.05188666
4704 0.488451
4705 0.1912759
4706 0.5573963
4707 0.9338369
4708 0.03577946
4709 0.1522219
4710 0.3237955
4711 0.6139416
4712 0.3099786
4713 0.7463341
4714 0.08084465
4715 0.6932084
4716 0.01651519
4717 0.7415928
4718 0.6121392
4719 0.9354447
4720 0.1895748
4721 0.849018
4722 0.05140362
4723 0.01837432
4724 0.1996853
4725 0.005656297
4726 1.492469e-05
4727 0.7253071
4728 0.02291159
4729 0.05553926
4730 0.3441815
4731 0.009092545
4732 0.1473352
4733 0.1215979
4734 0.106613
4735 0.136783
4736 0.2734218
4737 3.07235e-07
4738 0.9171493
4739 0.3775746
4740 0.003394816
4741 0.2479328
4742 0.006534236
4743 0.3319395
4744 0.03517791
4745 0.1828999
4746 0.4005755
4747 0.2389325
4748 0.5914103
4749 0.03656283
4750 0.3745894
4751 0.8372375
4752 0.02989282
4753 0.3052762
4754 0.2357535
4755 0.4973433
4756 0.03825665
4757 0.2421011
4758 0.00120595
4759 0.02318053
4760 0.0001679599
4761 0.1191066
4762 0.0343575
4763 0.01782397
4764 0.004917944
4765 0.06894541
4766 0.00351837
4767 0.1873475
4768 0.006510475
4769 0.02478587
4770 0.01917156
4771 0.5322883
4772 0.2504594
4773 3.836259e-05
4774 0.7533632
4775 0.5358158
4776 0.05155386
4777 0.5238697
4778 1.318932e-05
4779 0.1797987
4780 0.4033891
4781 0.1886515
4782 0.1407007
4783 0.2759368
4784 0.09715353
4785 0.3275513
4786 0.3772713
4787 4.126391e-06
4788 0.5112561
4789 0.006420092
4790 0.1014507
4791 0.02195122
4792 0.6385629
4793 0.05385622
4794 0.4537267
4795 0.5655564
4796 0.4532655
4797 0.006202764
4798 0.9548806
4799 0.2285755
4800 0.8436885
4801 0.4022646
4802 0.2367162
4803 0.02625561
4804 0.6986343
4805 0.007414298
4806 0.1975713
4807 0.04542673
4808 0.04875985
4809 0.1617284
4810 0.1399942
4811 0.5137949
4812 5.501617e-05
4813 0.1579715
4814 8.173584e-06
4815 0.4942035
4816 0.2051848
4817 0.2892475
4818 0.01669405
4819 0.4663153
4820 0.08544228
4821 0.5342561
4822 0.04746449
4823 0.2242596
4824 0.01551071
4825 0.2410687
4826 0.01812728
4827 0.0473955
4828 0.05982184
4829 0.02362858
4830 0.01417945
4831 0.7715159
4832 0.005809793
4833 0.1489942
4834 0.01144032
4835 0.01568466
4836 0.4594955
4837 0.05933768
4838 0.9700695
4839 0.03712477
4840 0.04206098
4841 0.4971799
4842 0.03901657
4843 0.8760391
4844 0.08695305
4845 0.009049443
4846 0.5029117
4847 0.1051312
4848 0.4454518
4849 0.07299718
4850 0.01821227
4851 0.6597579
4852 0.2815127
4853 0.01164779
4854 0.002107049
4855 0.8870143
4856 0.2763834
4857 0.003846744
4858 0.2490535
4859 0.003001731
4860 0.6610747
4861 0.6830547
4862 0.3148
4863 0.01221019
4864 0.001057286
4865 0.6854742
4866 0.04824416
4867 0.3740411
4868 0.1969169
4869 0.2102611
4870 0.2993709
4871 0.3011578
4872 0.4542518
4873 0.5370823
4874 0.02518574
4875 0.0794924
4876 0.5231963
4877 0.4461124
4878 0.7907429
4879 0.6142117
4880 0.2181382
4881 0.007685003
4882 0.3994218
4883 0.6444271
4884 0.626258
4885 0.0113579
4886 0.1730362
4887 0.1348123
4888 0.004158477
4889 0.1225418
4890 0.2582735
4891 0.4559061
4892 0.7390768
4893 0.5107147
4894 0.2539381
4895 0.1252354
4896 0.6103189
4897 0.002364336
4898 0.0127262
4899 0.4802016
4900 0.5621586
4901 0.2792347
4902 0.0835511
4903 0.04570383
4904 0.03678563
4905 0.05454982
4906 0.4042048
4907 0.00392906
4908 0.01787779
4909 0.391325
4910 0.009362755
4911 0.4089991
4912 0.1922201
4913 0.04024132
4914 0.001261002
4915 0.3058889
4916 0.5784171
4917 0.156595
4918 0.2440263
4919 0.1041276
4920 0.2714421
4921 0.7650279
4922 0.2616263
4923 0.0007939627
4924 0.05143199
4925 0.02219579
4926 0.3300703
4927 0.5166283
4928 0.02150331
4929 0.0005029708
4930 0.8521786
4931 0.005628259
4932 0.6257275
4933 0.3918772
4934 0.1412356
4935 0.1119661
4936 0.9177857
4937 0.7464215
4938 0.01687587
4939 0.2936874
4940 0.0005962326
4941 0.001675676
4942 0.01760249
4943 0.2237736
4944 0.3321828
4945 0.004259983
4946 0.01523854
4947 0.2929704
4948 0.6290817
4949 0.4395509
4950 0.1041809
4951 0.9400044
4952 0.009314425
4953 0.1038824
4954 0.8050913
4955 0.0007739739
4956 0.004856172
4957 0.7482474
4958 0.07613437
4959 0.007394796
4960 0.3463727
4961 0.6615543
4962 7.556561e-06
4963 0.05304351
4964 0.04149926
4965 0.4525186
4966 1.35887e-05
4967 0.1128107
4968 0.003831674
4969 0.05599535
4970 0.03839612
4971 0.5406264
4972 2.092266e-05
4973 0.008851842
4974 0.6397554
4975 0.02481358
4976 0.5648139
4977 0.007999388
4978 0.0319087
4979 0.01016284
4980 0.06316709
4981 0.05535395
4982 0.6202135
4983 0.8151356
4984 0.07863302
4985 0.4500617
4986 0.6306024
4987 0.01498747
4988 0.3793131
4989 0.0002242209
4990 0.4078422
4991 0.02889584
4992 0.08613729
4993 0.4636026
4994 0.08588024
4995 0.9475235
4996 0.1405277
4997 0.7111093
4998 0.1292337
4999 0.08314494
5000 6.090029e-06
